5 1 0.052299 0.052299 0.052299 0 2
1 1 1e-08 1e-08 1e-08 0 0
2 1 1e-08 1e-08 1e-08 0 2
3 1 1e-08 1e-08 1e-08 0 2
4 1 1e-08 1e-08 1e-08 0 2

14 1 1.22109 1.22109 1.22109 0 1.5
5 4 0.0033155 0.00235052 0.0521559 0.0514588 2
1 1 5e-09 5e-09 1e-08 5e-09 0
2 1 5e-09 5e-09 1e-08 5e-09 2
3 1 1e-08 1e-08 1e-08 0 2
4 1 1e-08 1e-08 1e-08 0 2
6 1 1e-08 1e-08 1e-08 0 1.5
7 1 1e-08 1e-08 1e-08 0 1.5
8 1 1e-08 1e-08 1e-08 0 1.5
9 1 1e-08 1e-08 1e-08 0 1.5
10 1 1e-08 1e-08 1e-08 0 1.5
11 1 1e-08 1e-08 1e-08 0 1.5
12 1 1e-08 1e-08 1e-08 0 1.5
13 1 1e-08 1e-08 1e-08 0 1.5
15 1 1e-08 1e-08 1e-08 0 1.5

14 75 24.8687 0.00708072 1.6787 1.65683 1.5
5 3 0.0442619 0.0313794 0.0601081 0.0470823 2
20 1 1e-08 1e-08 1e-08 0 1.33333
21 1 5e-09 5e-09 1e-08 5e-09 1.5
22 1 1e-08 1e-08 1e-08 0 1.33333
23 1 5e-09 5e-09 1e-08 5e-09 1.5
24 1 1e-08 1e-08 1e-08 0 1.33333
25 1 5e-09 5e-09 1e-08 5e-09 1.5
26 1 1e-08 1e-08 1e-08 0 1.33333
27 1 3.33333e-09 3.33333e-09 1e-08 6.66667e-09 1.5
28 1 1e-08 1e-08 1e-08 0 1.33333
29 1 1e-08 1e-08 1e-08 0 1.33333
30 1 1e-08 1e-08 1e-08 0 1.5
31 1 1e-08 1e-08 1e-08 0 1.33333
32 1 1e-08 1e-08 1e-08 0 1.33333
33 1 1e-08 1e-08 1e-08 0 1.33333
34 1 1e-08 1e-08 1e-08 0 1.33333
35 1 1e-08 1e-08 1e-08 0 1.5
1 1 1e-08 1e-08 1e-08 0 0
2 1 1e-08 1e-08 1e-08 0 2
3 1 1e-08 1e-08 1e-08 0 2
4 1 1e-08 1e-08 1e-08 0 2
6 1 1e-08 1e-08 1e-08 0 1.5
7 1 1e-08 1e-08 1e-08 0 1.5
8 1 1e-08 1e-08 1e-08 0 1.5

14 93 15.4186 0.757078 1.71263 1.69869 1.5
5 3 0.0442619 0.0419243 0.0636231 0.0493899 2
41 1 0.052326 0.052326 0.052326 0 1.33333
4 1 1e-08 1e-08 1e-08 0 2
6 1 1e-08 1e-08 1e-08 0 1.5
7 1 1e-08 1e-08 1e-08 0 1.5
8 1 1e-08 1e-08 1e-08 0 1.5

14 92 13.3018 0.653143 2.14626 2.12915 1.5
5 3 0.0737698 0.0698738 0.0711725 0.0474523 2
41 1 0.052326 0.052326 0.052326 0 1.33333
65 1 0.052324 0.052324 0.052324 0 1.33333
68 1 1e-08 1e-08 1e-08 0 1.33333
67 1 1e-08 1e-08 1e-08 0 1.33333
66 1 1e-08 1e-08 1e-08 0 1.33333
64 1 1e-08 1e-08 1e-08 0 1.33333

14 94 14.3414 0.704189 3.00603 2.97985 1.5
5 2 0.0491798 0.0465825 0.0711725 0.0472363 2
41 1 0.052326 0.052326 0.052326 0 1.33333
65 1 0.052324 0.052324 0.052324 0 1.33333
88 1 1e-08 1e-08 1e-08 0 1.33333
87 1 1e-08 1e-08 1e-08 0 1.33333
86 1 1e-08 1e-08 1e-08 0 1.33333

14 87 12.3633 0.607058 3.86746 3.83027 1.5
90 1 0.340133 0.340133 0.340133 0 1.33333
5 1 0.0368849 0.0368849 0.0718218 0.0349369 2
41 1 0.052326 0.052326 0.052326 0 1.33333
65 1 0.052324 0.052324 0.052324 0 1.33333
94 1 0.052324 0.052324 0.052324 0 1.33333
102 1 1e-08 1e-08 1e-08 0 1.33333
101 1 1e-08 1e-08 1e-08 0 1.5
100 1 1e-08 1e-08 1e-08 0 1.5
99 1 1e-08 1e-08 1e-08 0 1.5
98 1 1e-08 1e-08 1e-08 0 1.33333
97 1 5e-09 5e-09 1e-08 5e-09 1.5
96 1 1e-08 1e-08 1e-08 0 1.33333
95 1 1e-08 1e-08 1e-08 0 1.5
93 1 3.33333e-09 3.33333e-09 1e-08 6.66667e-09 1.5

14 91 13.312 0.675419 5.79128 5.734 1.5
90 1 0.340133 0.340133 0.340133 0 1.33333
5 1 0.0737698 0.0737698 0.0737698 0 2
41 1 0.052326 0.052326 0.052326 0 1.33333
65 1 0.052324 0.052324 0.052324 0 1.33333
94 1 0.052324 0.052324 0.052324 0 1.33333
112 1 1e-08 1e-08 1e-08 0 1.33333
111 1 1e-08 1e-08 1e-08 0 1.33333
110 1 1e-08 1e-08 1e-08 0 1.33333
109 1 1e-08 1e-08 1e-08 0 1.33333
108 1 1e-08 1e-08 1e-08 0 1.33333

14 94 69.7503 0.926816 11.2967 11.1839 1.5
90 1 0.340133 0.340133 0.340133 0 1.33333
5 1 0.0737698 0.0737698 0.0737698 0 2
121 1 0.0705256 0.0705256 0.0705256 0 1.33333
41 1 0.052326 0.052326 0.052326 0 1.33333
65 1 0.052324 0.052324 0.052324 0 1.33333
94 1 0.052324 0.052324 0.052324 0 1.33333
125 1 1e-08 1e-08 1e-08 0 1.5

14 95 77.0107 8.13795 18.9636 18.7994 1.5
141 1 0.340069 0.340069 0.340069 0 1.33333
90 1 0.170067 0.170067 0.170067 5e-09 1.33333
5 1 0.0737698 0.0737698 0.0737698 0 2
41 1 0.052326 0.052326 0.052326 0 1.33333
94 1 0.052324 0.052324 0.052324 0 1.33333
143 1 0.0517203 0.0517203 0.0517203 0 1.33333

14 96 75.5851 13.7206 27.6992 27.4914 1.5
90 1 0.340133 0.340133 0.340133 0 1.33333
141 1 0.340069 0.340069 0.340069 0 1.33333
5 1 0.0737698 0.0737698 0.0737698 0 2
41 1 0.052326 0.052326 0.052326 0 1.33333
94 1 0.052324 0.052324 0.052324 0 1.33333

14 97 73.4188 13.3274 35.0486 34.7989 1.5
90 1 0.340133 0.340133 0.340133 0 1.33333
141 1 0.340069 0.340069 0.340069 0 1.33333
5 1 0.0737698 0.0737698 0.0737698 0 2
41 1 0.052326 0.052326 0.052326 0 1.33333

14 98 74.5878 13.5396 43.6956 43.359 1.5
90 1 0.340133 0.340133 0.340133 0 1.33333
141 1 0.340069 0.340069 0.340069 0 1.33333
5 1 0.0737698 0.0737698 0.0737698 0 2

14 98 76.2829 18.5965 58.0372 57.5682 1.5
90 1 0.340133 0.340133 0.340133 0 1.33333
141 1 0.340069 0.340069 0.340069 0 1.33333
5 1 0.0737698 0.0737698 0.0737698 0 2

14 99 79.3146 24.1201 79.7813 79.1123 1.5
90 1 0.340133 0.340133 0.340133 0 1.33333
141 1 0.340069 0.340069 0.340069 0 1.33333

14 99 75.7698 71.4084 107.219 106.484 1.5
90 1 0.340133 0.340133 0.340133 0 1.33333
141 1 0.340069 0.340069 0.340069 0 1.33333

14 99 74.9326 70.6194 119.875 119.14 1.5
90 1 0.340133 0.340133 0.340133 0 1.33333
141 1 0.340069 0.340069 0.340069 0 1.33333

14 99 76.626 72.2153 125.493 124.729 1.5
90 1 0.340133 0.340133 0.340133 0 1.33333
141 1 0.340069 0.340069 0.340069 0 1.33333

266 38 136.998 41.6621 131.358 127.902 1.5
14 48 46.9707 46.9707 124.927 123.949 1.5
90 1 0.340133 0.340133 0.340133 0 1.33333
141 1 0.340069 0.340069 0.340069 0 1.33333
282 1 1e-08 1e-08 1e-08 0 1.33333
281 1 1e-08 1e-08 1e-08 0 1.5
280 1 5e-09 5e-09 1e-08 5e-09 1.5
279 1 1e-08 1e-08 1e-08 0 1.33333
278 1 1e-08 1e-08 1e-08 0 1.33333
277 1 1e-08 1e-08 1e-08 0 1.33333
276 1 1e-08 1e-08 1e-08 0 1.5
275 1 1e-08 1e-08 1e-08 0 1.5
274 1 1e-08 1e-08 1e-08 0 1.33333
273 1 1e-08 1e-08 1e-08 0 1.33333
272 1 5e-09 5e-09 1e-08 5e-09 1.5
271 1 2.5e-09 2.5e-09 1e-08 7.5e-09 1.5
270 1 1e-08 1e-08 1e-08 0 1.5

266 98 79.4426 79.4426 127.793 126.982 1.5
14 1 1.65845 1.65845 1.65845 0 1.5
90 1 0.340133 0.340133 0.340133 0 1.33333
141 1 0.340069 0.340069 0.340069 0 1.33333

266 56 45.1287 45.1287 132.357 131.551 1.5
14 4 136.998 1.65845 103.163 78.7472 1.5
90 1 0.340133 0.340133 0.340133 0 1.33333
141 1 0.340069 0.340069 0.340069 0 1.33333
309 1 1e-08 1e-08 1e-08 0 1.5
308 1 1e-08 1e-08 1e-08 0 1.5
307 1 1e-08 1e-08 1e-08 0 1.33333
306 1 1e-08 1e-08 1e-08 0 1.33333
305 1 5e-09 5e-09 1e-08 5e-09 1.5
304 1 1e-08 1e-08 1e-08 0 1.33333
303 1 1e-08 1e-08 1e-08 0 1.33333
302 1 5e-09 5e-09 1e-08 5e-09 1.5
301 1 2.5e-09 2.5e-09 1e-08 7.5e-09 1.5
300 1 1e-08 1e-08 1e-08 0 1.33333
299 1 1e-08 1e-08 1e-08 0 1.33333
298 1 1e-08 1e-08 1e-08 0 1.33333
297 1 1e-08 1e-08 1e-08 0 1.5
296 1 1e-08 1e-08 1e-08 0 1.33333
295 1 2.5e-09 2.5e-09 1e-08 7.5e-09 1.5
294 1 1e-08 1e-08 1e-08 0 1.33333
293 1 1e-08 1e-08 1e-08 0 1.33333

266 99 95.5126 95.5126 128.403 127.438 1.5
90 1 0.340133 0.340133 0.340133 0 1.33333
141 1 0.340069 0.340069 0.340069 0 1.33333

323 16 136.998 136.998 136.998 128.436 1.5
266 49 41.4376 41.4376 133.997 133.151 1.5
90 1 0.340133 0.340133 0.340133 0 1.33333
141 1 0.340069 0.340069 0.340069 0 1.33333
324 1 0.0266679 0.0266679 0.0266679 0 1.33333
340 1 5e-09 5e-09 1e-08 5e-09 1.5
339 1 1e-08 1e-08 1e-08 0 1.33333
338 1 1e-08 1e-08 1e-08 0 1.5
337 1 1e-08 1e-08 1e-08 0 1.33333
336 1 1e-08 1e-08 1e-08 0 1.5
335 1 1e-08 1e-08 1e-08 0 1.33333
334 1 5e-09 5e-09 1e-08 5e-09 1.5
333 1 1e-08 1e-08 1e-08 0 1.5
332 1 5e-09 5e-09 1e-08 5e-09 1.5
331 1 1e-08 1e-08 1e-08 0 1.33333
330 1 1e-08 1e-08 1e-08 0 1.33333
329 1 1e-08 1e-08 1e-08 0 1.33333
328 1 1e-08 1e-08 1e-08 0 1.33333
327 1 5e-09 5e-09 1e-08 5e-09 1.5
326 1 1e-08 1e-08 1e-08 0 1.5
325 1 1e-08 1e-08 1e-08 0 1.33333

266 40 136.998 136.998 136.998 133.573 1.5
323 49 74.5878 74.5878 135.477 133.954 1.5
90 1 0.340133 0.340133 0.340133 0 1.33333
141 1 0.340069 0.340069 0.340069 0 1.33333
345 1 0.158428 0.158428 0.158428 0 1.33333
324 1 0.0266679 0.0266679 0.0266679 0 1.33333
334 1 0.0027543 0.0027543 0.00275431 8.33333e-09 1.5
346 1 1e-08 1e-08 1e-08 0 1.5
347 1 1e-08 1e-08 1e-08 0 1.33333
348 1 1e-08 1e-08 1e-08 0 1.5
349 1 1e-08 1e-08 1e-08 0 1.33333
350 1 1e-08 1e-08 1e-08 0 1.33333
351 1 1e-08 1e-08 1e-08 0 1.33333
352 1 1e-08 1e-08 1e-08 0 1.5

363 8 136.998 136.998 136.998 119.873 1.5
266 33 49.6806 49.6806 134.046 132.541 1.5
323 32 69.5862 69.5862 133.202 131.028 1.5
90 1 0.340133 0.340133 0.340133 0 1.33333
141 1 0.340069 0.340069 0.340069 0 1.33333
345 1 0.158428 0.158428 0.158428 0 1.33333
324 1 0.0266679 0.0266679 0.0266679 0 1.33333
364 1 0.0165258 0.0165258 0.0165258 0 1.5
373 1 0.00777513 0.00777513 0.00777513 0 1.5
372 1 1e-08 1e-08 1e-08 0 1.5
374 1 1e-08 1e-08 1e-08 0 1.33333
375 1 1e-08 1e-08 1e-08 0 1.5
376 1 1e-08 1e-08 1e-08 0 1.33333
377 1 1e-08 1e-08 1e-08 0 1.5
378 1 1e-08 1e-08 1e-08 0 1.33333
379 1 1e-08 1e-08 1e-08 0 1.5
380 1 1e-08 1e-08 1e-08 0 1.33333
381 1 1e-08 1e-08 1e-08 0 1.33333
382 1 1e-08 1e-08 1e-08 0 1.33333
383 1 1e-08 1e-08 1e-08 0 1.5
384 1 1e-08 1e-08 1e-08 0 1.5
385 1 1e-08 1e-08 1e-08 0 1.33333
386 1 1e-08 1e-08 1e-08 0 1.33333
371 1 1e-08 1e-08 1e-08 0 1.5
370 1 5e-09 5e-09 1e-08 5e-09 1.5
369 1 1e-08 1e-08 1e-08 0 1.33333
368 1 1e-08 1e-08 1e-08 0 1.33333
367 1 1e-08 1e-08 1e-08 0 1.33333
366 1 1e-08 1e-08 1e-08 0 1.33333
365 1 5e-09 5e-09 1e-08 5e-09 1.5
352 1 5e-09 5e-09 1e-08 5e-09 1.5

323 31 136.998 136.998 136.998 132.579 1.5
363 49 52.8575 52.8575 133.354 132.275 1.5
90 1 0.340133 0.340133 0.340133 0 1.33333
141 1 0.340069 0.340069 0.340069 0 1.33333
345 1 0.158428 0.158428 0.158428 0 1.33333
324 1 0.0266679 0.0266679 0.0266679 0 1.33333
364 1 0.0082629 0.0082629 0.0082629 5e-09 1.5
373 1 0.00388757 0.00388757 0.00388757 5e-09 1.5
369 1 1e-08 1e-08 1e-08 0 1.33333
368 1 1e-08 1e-08 1e-08 0 1.33333
367 1 1e-08 1e-08 1e-08 0 1.33333
366 1 1e-08 1e-08 1e-08 0 1.33333
365 1 1e-08 1e-08 1e-08 0 1.5
352 1 1e-08 1e-08 1e-08 0 1.5
387 1 1e-08 1e-08 1e-08 0 1.33333
388 1 1e-08 1e-08 1e-08 0 1.33333
389 1 1e-08 1e-08 1e-08 0 1.33333
390 1 1e-08 1e-08 1e-08 0 1.33333
391 1 1e-08 1e-08 1e-08 0 1.33333
392 1 1e-08 1e-08 1e-08 0 1.33333
393 1 1e-08 1e-08 1e-08 0 1.33333
394 1 1e-08 1e-08 1e-08 0 1.33333
395 1 1e-08 1e-08 1e-08 0 1.33333

363 50 93.8342 93.8342 133.461 131.584 1.5
323 49 78.9753 78.9753 131.198 129.586 1.5
141 1 0.340069 0.340069 0.340069 0 1.33333
90 1 0.170067 0.170067 0.170067 5e-09 1.33333

408 1 136.998 136.998 136.998 0 1.5
323 33 64.5847 64.5847 135.1 133.143 1.5
363 32 40.592 40.592 131.005 129.737 1.5
90 1 0.340133 0.340133 0.340133 0 1.33333
141 1 0.340069 0.340069 0.340069 0 1.33333
420 1 0.00280898 0.00280898 0.00280898 0 1.5
424 1 1e-08 1e-08 1e-08 0 1.33333
423 1 1e-08 1e-08 1e-08 0 1.33333
422 1 1e-08 1e-08 1e-08 0 1.5
421 1 1e-08 1e-08 1e-08 0 1.5
419 1 1e-08 1e-08 1e-08 0 1.33333
418 1 1e-08 1e-08 1e-08 0 1.33333
417 1 1e-08 1e-08 1e-08 0 1.5
416 1 1e-08 1e-08 1e-08 0 1.5
415 1 5e-09 5e-09 1e-08 5e-09 1.5
414 1 1e-08 1e-08 1e-08 0 1.33333
413 1 1e-08 1e-08 1e-08 0 1.33333
412 1 5e-09 5e-09 1e-08 5e-09 1.33333
411 1 3.33333e-09 3.33333e-09 1e-08 6.66667e-09 1.5
410 1 1e-08 1e-08 1e-08 0 1.33333
409 1 1e-08 1e-08 1e-08 0 1.33333

363 1 136.998 136.998 136.998 0 1.5
408 33 60.2791 60.2791 133.85 132.023 1.5
323 32 63.5353 63.5353 129.309 127.323 1.5
90 1 0.340133 0.340133 0.340133 0 1.33333
141 1 0.340069 0.340069 0.340069 0 1.33333
430 1 0.0376858 0.0376858 0.0376858 0 1.5
432 1 0.014397 0.014397 0.014397 0 1.5
420 1 0.000936328 0.000936328 0.00280898 0.00187266 1.5
427 1 1e-08 1e-08 1e-08 0 1.33333
428 1 1e-08 1e-08 1e-08 0 1.5
429 1 1e-08 1e-08 1e-08 0 1.33333
431 1 1e-08 1e-08 1e-08 0 1.33333
433 1 1e-08 1e-08 1e-08 0 1.33333
434 1 1e-08 1e-08 1e-08 0 1.33333
435 1 1e-08 1e-08 1e-08 0 1.5
436 1 1e-08 1e-08 1e-08 0 1.5
437 1 1e-08 1e-08 1e-08 0 1.33333
438 1 1e-08 1e-08 1e-08 0 1.33333
439 1 1e-08 1e-08 1e-08 0 1.33333
440 1 1e-08 1e-08 1e-08 0 1.33333
441 1 1e-08 1e-08 1e-08 0 1.33333
442 1 1e-08 1e-08 1e-08 0 1.5
424 1 1e-08 1e-08 1e-08 0 1.33333
423 1 1e-08 1e-08 1e-08 0 1.33333
422 1 1e-08 1e-08 1e-08 0 1.5
421 1 1e-08 1e-08 1e-08 0 1.5
419 1 1e-08 1e-08 1e-08 0 1.33333
418 1 1e-08 1e-08 1e-08 0 1.33333
417 1 1e-08 1e-08 1e-08 0 1.5
416 1 1e-08 1e-08 1e-08 0 1.5
415 1 5e-09 5e-09 1e-08 5e-09 1.5
414 1 1e-08 1e-08 1e-08 0 1.33333
413 1 1e-08 1e-08 1e-08 0 1.33333
412 1 1e-08 1e-08 1e-08 0 1.33333
411 1 1e-08 1e-08 1e-08 0 1.5
410 1 1e-08 1e-08 1e-08 0 1.33333
409 1 1e-08 1e-08 1e-08 0 1.33333
425 1 1e-08 1e-08 1e-08 0 1.33333

323 25 110.482 110.482 136.998 132.579 1.5
408 25 57.0825 57.0825 134.735 132.451 1.5
363 25 77.8397 77.8397 133.884 130.771 1.5
443 11 136.998 3.68072 124.878 113.579 1.5
90 1 0.340133 0.340133 0.340133 0 1.33333
141 1 0.340069 0.340069 0.340069 0 1.33333
432 1 0.0122336 0.0122336 0.0403001 0.0280665 1.5
430 1 0.0376858 0.0376858 0.0376858 0 1.5
420 1 0.00280898 0.00280898 0.00280898 0 1.5
444 1 1e-08 1e-08 1e-08 0 1.33333
425 1 1e-08 1e-08 1e-08 0 1.33333
409 1 1e-08 1e-08 1e-08 0 1.33333
410 1 1e-08 1e-08 1e-08 0 1.33333
411 1 1e-08 1e-08 1e-08 0 1.5
412 1 1e-08 1e-08 1e-08 0 1.33333
413 1 1e-08 1e-08 1e-08 0 1.33333
414 1 1e-08 1e-08 1e-08 0 1.33333
415 1 1e-08 1e-08 1e-08 0 1.5
445 1 1e-08 1e-08 1e-08 0 1.5

323 33 76.626 76.626 134.703 132.381 1.5
363 33 115.921 115.921 133.702 130.189 1.5
408 32 60.888 60.888 129.568 127.666 1.5
90 1 0.340133 0.340133 0.340133 0 1.33333
141 1 0.340069 0.340069 0.340069 0 1.33333
432 1 0.0489345 0.0489345 0.0489345 0 1.5

408 28 136.998 136.998 136.998 132.105 1.5
323 30 52.0245 52.0245 135.368 133.634 1.5
363 29 54.4238 54.4238 131.495 129.618 1.5
471 1 46.3074 46.3074 46.3074 0 1.5
90 1 0.340133 0.340133 0.340133 0 1.33333
141 1 0.340069 0.340069 0.340069 0 1.33333
432 1 0.0489345 0.0489345 0.0489345 0 1.5
475 1 0.00355637 0.00355637 0.00355637 0 1.5
481 1 1e-08 1e-08 1e-08 0 1.33333
480 1 1e-08 1e-08 1e-08 0 1.33333
479 1 5e-09 5e-09 1e-08 5e-09 1.5
478 1 1e-08 1e-08 1e-08 0 1.33333
477 1 1e-08 1e-08 1e-08 0 1.33333
476 1 1e-08 1e-08 1e-08 0 1.33333
474 1 1e-08 1e-08 1e-08 0 1.5
473 1 1e-08 1e-08 1e-08 0 1.5
472 1 3.33333e-09 3.33333e-09 1e-08 6.66667e-09 1.5

363 32 136.998 136.998 136.998 132.717 1.5
323 31 66.3584 66.3584 132.743 130.603 1.5
408 30 57.0825 57.0825 129.512 127.609 1.5
471 2 46.3074 1e-08 23.1537 16.3721 1.5
90 1 0.340133 0.340133 0.340133 0 1.33333
141 1 0.340069 0.340069 0.340069 0 1.33333
432 1 0.0244672 0.0244672 0.0489345 0.0244672 1.5
475 1 0.00355637 0.00355637 0.00355637 0 1.5
484 1 1e-08 1e-08 1e-08 0 1.33333
485 1 5e-09 5e-09 1e-08 5e-09 1.5

495 1 136.998 136.998 136.998 0 1.5
408 24 99.6348 99.6348 136.998 132.846 1.5
363 24 46.9707 46.9707 136.998 135.041 1.5
323 23 49.2336 49.2336 135.12 132.979 1.5
471 2 46.3074 1e-08 23.1537 16.3721 1.5
90 1 0.340133 0.340133 0.340133 0 1.33333
141 1 0.340069 0.340069 0.340069 0 1.33333
432 1 0.0489345 0.0489345 0.0489345 0 1.5
475 1 0.00355637 0.00355637 0.00355637 0 1.5
505 1 0.000299127 0.000299127 0.000299127 0 1.5
515 1 1e-08 1e-08 1e-08 0 1.5
514 1 1e-08 1e-08 1e-08 0 1.33333
513 1 1e-08 1e-08 1e-08 0 1.33333
512 1 1e-08 1e-08 1e-08 0 1.33333
511 1 1e-08 1e-08 1e-08 0 1.33333
510 1 5e-09 5e-09 1e-08 5e-09 1.5
509 1 1e-08 1e-08 1e-08 0 1.5
508 1 1e-08 1e-08 1e-08 0 1.5
507 1 1e-08 1e-08 1e-08 0 1.33333
506 1 1e-08 1e-08 1e-08 0 1.33333
516 1 1e-08 1e-08 1e-08 0 1.33333
504 1 1e-08 1e-08 1e-08 0 1.33333
503 1 1e-08 1e-08 1e-08 0 1.33333
502 1 1e-08 1e-08 1e-08 0 1.5
501 1 1e-08 1e-08 1e-08 0 1.33333
500 1 5e-09 5e-09 1e-08 5e-09 1.5
499 1 5e-09 5e-09 1e-08 5e-09 1.5
498 1 1e-08 1e-08 1e-08 0 1.33333
497 1 1e-08 1e-08 1e-08 0 1.5
496 1 5e-09 5e-09 1e-08 5e-09 1.5
485 1 1e-08 1e-08 1e-08 0 1.5
484 1 1e-08 1e-08 1e-08 0 1.33333

363 24 80.1939 80.1939 136.998 133.656 1.5
495 24 73.0656 73.0656 136.998 133.954 1.5
323 8 136.998 136.998 136.998 119.873 1.5
408 23 57.29 57.29 134.509 132.018 1.5
471 2 46.3074 1e-08 23.1537 16.3721 1.5
90 1 0.340133 0.340133 0.340133 0 1.33333
141 1 0.340069 0.340069 0.340069 0 1.33333
432 1 0.0489345 0.0489345 0.0489345 0 1.5
475 1 0.00177819 0.00177819 0.00177819 5e-09 1.5
505 1 0.000299127 0.000299127 0.000299127 0 1.5
496 1 1e-08 1e-08 1e-08 0 1.5
485 1 1e-08 1e-08 1e-08 0 1.5
484 1 1e-08 1e-08 1e-08 0 1.33333
517 1 1e-08 1e-08 1e-08 0 1.33333
518 1 1e-08 1e-08 1e-08 0 1.5
519 1 5e-09 5e-09 1e-08 5e-09 1.5
520 1 1e-08 1e-08 1e-08 0 1.33333
521 1 1e-08 1e-08 1e-08 0 1.33333
522 1 5e-09 5e-09 1e-08 5e-09 1.5
523 1 1e-08 1e-08 1e-08 0 1.33333
524 1 1e-08 1e-08 1e-08 0 1.33333
525 1 1e-08 1e-08 1e-08 0 1.33333
526 1 1e-08 1e-08 1e-08 0 1.5
527 1 1e-08 1e-08 1e-08 0 1.33333
528 1 1e-08 1e-08 1e-08 0 1.33333

363 24 62.0368 62.0368 136.998 134.413 1.5
323 24 126.46 126.46 136.998 131.729 1.5
408 22 136.998 136.998 136.998 130.771 1.5
495 22 60.2791 60.2791 126.173 123.433 1.5
471 2 23.1537 5e-09 11.5768 8.18607 1.5
90 1 0.340133 0.340133 0.340133 0 1.33333
141 1 0.340069 0.340069 0.340069 0 1.33333
432 1 0.0489345 0.0489345 0.0489345 0 1.5
539 1 0.025537 0.025537 0.025537 5e-09 1.5
546 1 0.0242247 0.0242247 0.0242247 5e-09 1.33333
475 1 0.00118546 0.00118546 0.00237092 0.00118546 1.5
533 1 0.000848518 0.000848518 0.000848518 0 1.5

363 24 59.7809 59.7809 136.998 134.507 1.5
495 19 136.998 136.998 136.998 129.787 1.5
408 24 76.464 76.464 136.998 133.812 1.5
323 23 60.5952 60.5952 130.831 128.197 1.5
471 2 46.3074 1e-08 23.1537 16.3721 1.5
90 1 0.340133 0.340133 0.340133 0 1.33333
141 1 0.340069 0.340069 0.340069 0 1.33333
432 1 0.0423265 0.0423265 0.0667937 0.0244672 1.5
539 1 0.0510741 0.0510741 0.0510741 0 1.5
546 1 0.0484493 0.0484493 0.0484493 0 1.33333
475 1 0.00355637 0.00355637 0.00355637 0 1.5
563 1 0.00140449 0.00140449 0.00280898 0.00140449 1.5
533 1 0.000848518 0.000848518 0.000848518 0 1.5
573 1 1e-08 1e-08 1e-08 0 1.33333

323 20 136.998 136.998 136.998 130.148 1.5
408 24 93.9414 93.9414 136.998 133.084 1.5
495 23 50.8218 50.8218 134.013 131.803 1.5
363 23 57.29 57.29 132.074 129.583 1.5
471 2 46.3074 1e-08 23.1537 16.3721 1.5
90 1 0.340133 0.340133 0.340133 0 1.33333
141 1 0.340069 0.340069 0.340069 0 1.33333
588 1 0.103877 0.103877 0.103877 0 1.5
432 1 0.0846529 0.0846529 0.0846529 0 1.5
580 1 0.0754773 0.0754773 0.0754773 0 1.5
539 1 0.0510741 0.0510741 0.0510741 0 1.5
546 1 0.0484493 0.0484493 0.0484493 0 1.33333
475 1 0.00355637 0.00355637 0.00355637 0 1.5
563 1 0.00280898 0.00280898 0.00280898 0 1.5

408 19 42.6715 42.6715 136.998 134.752 1.5
589 9 136.998 136.998 136.998 121.776 1.5
495 19 66.7426 66.7426 136.998 133.485 1.5
323 19 57.8436 57.8436 136.998 133.954 1.5
363 19 136.998 136.998 136.998 129.787 1.5
471 1 11.5768 11.5768 11.5783 0.00147433 1.5
90 1 0.340133 0.340133 0.340133 0 1.33333
141 1 0.340069 0.340069 0.340069 0 1.33333
588 1 0.103877 0.103877 0.103877 0 1.5
432 1 0.0846529 0.0846529 0.0846529 0 1.5
580 1 0.0754773 0.0754773 0.0754773 0 1.5
546 1 0.0484493 0.0484493 0.0484493 0 1.33333
539 1 0.025537 0.025537 0.025537 5e-09 1.5
475 1 0.00355637 0.00355637 0.00355637 0 1.5
563 1 0.00280898 0.00280898 0.00280898 0 1.5
603 1 1e-08 1e-08 1e-08 0 1.33333
602 1 1e-08 1e-08 1e-08 0 1.33333
601 1 1e-08 1e-08 1e-08 0 1.5
600 1 1e-08 1e-08 1e-08 0 1.33333
599 1 1e-08 1e-08 1e-08 0 1.5
598 1 1e-08 1e-08 1e-08 0 1.33333

363 19 136.998 136.998 136.998 129.787 1.5
408 23 78.7738 78.7738 133.612 130.188 1.5
323 23 108.654 108.654 132.427 127.703 1.5
589 23 39.8855 39.8855 132.412 130.677 1.5
471 2 46.3074 1e-08 23.1537 16.3721 1.5
90 1 0.340133 0.340133 0.340133 0 1.33333
141 1 0.340069 0.340069 0.340069 0 1.33333
588 1 0.103877 0.103877 0.103877 0 1.5
432 1 0.0423265 0.0423265 0.0846529 0.0423265 1.5
580 1 0.0754773 0.0754773 0.0754773 0 1.5
539 1 0.0510741 0.0510741 0.0510741 0 1.5
546 1 0.0484493 0.0484493 0.0484493 0 1.33333
612 1 0.0332606 0.0332606 0.0332606 0 1.33333
614 1 0.0332606 0.0332606 0.0332606 0 1.33333
475 1 0.00355637 0.00355637 0.00355637 0 1.5
563 1 0.00140449 0.00140449 0.00280898 0.00140449 1.5

323 23 65.6448 65.6448 136.998 134.144 1.5
589 23 136.998 136.998 136.998 131.041 1.5
363 22 55.814 55.814 134.461 131.924 1.5
408 22 75.3489 75.3489 133.86 130.435 1.5
619 1 46.3074 46.3074 46.3074 0 1.5
141 1 0.340069 0.340069 0.340069 0 1.33333
90 1 0.170067 0.170067 0.170067 5e-09 1.33333
588 1 0.103877 0.103877 0.103877 0 1.5
432 1 0.0846529 0.0846529 0.0846529 0 1.5
580 1 0.0754773 0.0754773 0.0754773 0 1.5
539 1 0.0510741 0.0510741 0.0510741 0 1.5
546 1 0.0484493 0.0484493 0.0484493 0 1.33333
612 1 0.0332606 0.0332606 0.0332606 0 1.33333
614 1 0.0332606 0.0332606 0.0332606 0 1.33333
633 1 0.00782687 0.00782687 0.00782687 0 1.33333

589 23 61.7834 61.7834 136.998 134.312 1.5
363 23 71.6125 71.6125 136.998 133.884 1.5
323 22 53.8206 53.8206 132.187 129.74 1.5
638 22 131.041 131.041 131.087 125.131 1.5
619 1 46.3074 46.3074 46.3074 0 1.5
648 1 0.714451 0.714451 0.714451 0 1.5
90 1 0.340133 0.340133 0.340133 0 1.33333
141 1 0.340069 0.340069 0.340069 0 1.33333
588 1 0.103877 0.103877 0.103877 0 1.5
432 1 0.0846529 0.0846529 0.0846529 0 1.5
580 1 0.0754773 0.0754773 0.0754773 0 1.5
539 1 0.0510741 0.0510741 0.0510741 0 1.5
546 1 0.0484493 0.0484493 0.0484493 0 1.33333
614 1 0.0332606 0.0332606 0.0332606 0 1.33333
612 1 0.0166303 0.0166303 0.0166303 5e-09 1.33333

323 22 136.998 136.998 136.998 130.771 1.5
589 22 44.3229 44.3229 135.012 132.997 1.5
363 22 75.3489 75.3489 133.639 130.214 1.5
638 22 77.2809 77.2809 133.487 129.975 1.5
619 1 46.3074 46.3074 46.3074 0 1.5
648 1 0.714451 0.714451 0.714451 0 1.5
90 1 0.340133 0.340133 0.340133 0 1.33333
141 1 0.340069 0.340069 0.340069 0 1.33333
588 1 0.103877 0.103877 0.103877 0 1.5
580 1 0.0754773 0.0754773 0.0754773 0 1.5
432 1 0.0423265 0.0423265 0.0667937 0.0244672 1.5
539 1 0.0510741 0.0510741 0.0510741 0 1.5
546 1 0.0484493 0.0484493 0.0484493 0 1.33333
612 1 0.0332606 0.0332606 0.0332606 0 1.33333
614 1 0.0332606 0.0332606 0.0332606 0 1.33333
671 1 1e-08 1e-08 1e-08 0 1.5
670 1 1e-08 1e-08 1e-08 0 1.5

363 19 118.316 118.316 136.998 130.771 1.5
638 19 118.316 118.316 136.998 130.771 1.5
672 2 136.998 136.998 136.998 68.499 1.5
589 19 42.6715 42.6715 135.932 133.686 1.5
323 19 40.0455 40.0455 133.083 130.976 1.5
619 2 30.8716 0.00348287 15.4375 10.9148 1.5
648 1 0.714451 0.714451 0.714451 0 1.5
90 1 0.340133 0.340133 0.340133 0 1.33333
141 1 0.340069 0.340069 0.340069 0 1.33333
588 1 0.103877 0.103877 0.103877 0 1.5
432 1 0.0846529 0.0846529 0.0846529 0 1.5
580 1 0.0754773 0.0754773 0.0754773 0 1.5
539 1 0.0510741 0.0510741 0.0510741 0 1.5
546 1 0.0484493 0.0484493 0.0484493 0 1.33333
682 1 0.0332608 0.0332608 0.0332608 0 1.33333
612 1 0.0332606 0.0332606 0.0332606 0 1.33333
614 1 0.0332606 0.0332606 0.0332606 0 1.33333
674 1 0.0142233 0.0142233 0.0142233 5e-09 1.5
673 1 0.00942855 0.00942855 0.00942855 0 1.5
670 1 1e-08 1e-08 1e-08 0 1.5
671 1 1e-08 1e-08 1e-08 0 1.5
675 1 5e-09 5e-09 1e-08 5e-09 1.5
676 1 5e-09 5e-09 1e-08 5e-09 1.5
677 1 1e-08 1e-08 1e-08 0 1.33333
678 1 1e-08 1e-08 1e-08 0 1.33333
679 1 1e-08 1e-08 1e-08 0 1.33333
680 1 1e-08 1e-08 1e-08 0 1.33333

672 22 136.998 136.998 136.998 130.771 1.5
323 18 136.998 136.998 136.998 129.387 1.5
363 23 53.406 53.406 134.734 132.412 1.5
638 22 52.8764 52.8764 132.336 129.933 1.5
619 2 46.3074 0.0052243 23.1563 16.3721 1.5
432 2 36.8794 0.0846529 18.482 13.0389 1.5
648 1 0.714451 0.714451 0.714451 0 1.5
90 1 0.340133 0.340133 0.340133 0 1.33333
141 1 0.340069 0.340069 0.340069 0 1.33333
588 1 0.0519383 0.0519383 0.103877 0.0519383 1.5
539 1 0.0510741 0.0510741 0.0510741 0 1.5
580 1 0.0251591 0.0251591 0.0503182 0.0251591 1.5
699 1 0.0484523 0.0484523 0.0484523 0 1.33333
546 1 0.0484493 0.0484493 0.0484493 0 1.33333
682 1 0.0332608 0.0332608 0.0332608 0 1.33333
612 1 0.0332606 0.0332606 0.0332606 0 1.33333
614 1 0.0332606 0.0332606 0.0332606 0 1.33333
674 1 0.0284465 0.0284465 0.0284465 0 1.5

363 21 136.998 136.998 136.998 130.474 1.5
638 21 136.998 136.998 136.998 130.474 1.5
323 23 52.5159 52.5159 135.108 132.825 1.5
672 22 46.3685 46.3685 127.146 125.038 1.5
432 2 36.8794 0.0846529 18.482 13.0389 1.5
619 2 30.8716 0.00429756 15.4397 10.916 1.5
648 1 0.714451 0.714451 0.714451 0 1.5
90 1 0.340133 0.340133 0.340133 0 1.33333
141 1 0.340069 0.340069 0.340069 0 1.33333
588 1 0.103877 0.103877 0.103877 0 1.5
580 1 0.0754773 0.0754773 0.0754773 0 1.5
539 1 0.0510741 0.0510741 0.0510741 0 1.5
699 1 0.0484523 0.0484523 0.0484523 0 1.33333
706 1 0.0484514 0.0484514 0.0484514 0 1.33333
546 1 0.0484493 0.0484493 0.0484493 0 1.33333
682 1 0.0332608 0.0332608 0.0332608 0 1.33333

323 23 136.998 136.998 136.998 131.041 1.5
638 23 47.0291 47.0291 136.998 134.953 1.5
672 22 136.998 136.998 136.998 130.771 1.5
363 21 49.6027 49.6027 125.253 122.891 1.5
619 2 46.3074 0.00644634 23.1569 16.3721 1.5
432 2 36.8794 0.0846529 18.482 13.0389 1.5
730 1 1.19349 1.19349 1.19349 0 1.5
728 1 0.878215 0.878215 0.878215 0 1.5
648 1 0.714451 0.714451 0.714451 0 1.5
90 1 0.340133 0.340133 0.340133 0 1.33333
141 1 0.340069 0.340069 0.340069 0 1.33333
729 1 0.200477 0.200477 0.200477 0 1.5
588 1 0.103877 0.103877 0.103877 0 1.5
580 1 0.0754773 0.0754773 0.0754773 0 1.5

731 6 136.998 136.998 136.998 114.165 1.5
672 19 118.316 118.316 136.998 130.771 1.5
363 7 136.998 136.998 136.998 117.427 1.5
323 18 41.796 41.796 132.396 130.074 1.5
638 18 32.8795 32.8795 131.001 129.175 1.5
619 2 46.3074 0.00644634 23.1569 16.3721 1.5
432 1 12.2931 12.2931 12.3274 0.0342971 1.5
730 1 1.19349 1.19349 1.19349 0 1.5
648 1 0.714451 0.714451 0.714451 0 1.5
90 1 0.340133 0.340133 0.340133 0 1.33333
141 1 0.340069 0.340069 0.340069 0 1.33333
728 1 0.292738 0.292738 0.297563 0.00482472 1.5
729 1 0.200477 0.200477 0.200477 0 1.5
588 1 0.0519383 0.0519383 0.103877 0.0519383 1.5
580 1 0.0754773 0.0754773 0.0754773 0 1.5
744 1 0.00838633 0.00838633 0.00838633 0 1.33333
745 1 1e-08 1e-08 1e-08 0 1.33333
743 1 1e-08 1e-08 1e-08 0 1.5
742 1 1e-08 1e-08 1e-08 0 1.33333
741 1 1e-08 1e-08 1e-08 0 1.33333
740 1 1e-08 1e-08 1e-08 0 1.5
739 1 1e-08 1e-08 1e-08 0 1.5
738 1 1e-08 1e-08 1e-08 0 1.33333
737 1 5e-09 5e-09 1e-08 5e-09 1.5
736 1 1e-08 1e-08 1e-08 0 1.33333
735 1 1e-08 1e-08 1e-08 0 1.5
734 1 5e-09 5e-09 1e-08 5e-09 1.33333
733 1 1e-08 1e-08 1e-08 0 1.33333
732 1 1e-08 1e-08 1e-08 0 1.33333

323 16 109.598 109.598 136.998 130.148 1.5
638 15 136.998 136.998 136.998 127.865 1.5
363 1 136.998 136.998 136.998 0 1.5
761 1 136.998 136.998 136.998 0 1.5
672 15 36.0521 36.0521 132.357 129.953 1.5
731 15 38.773 38.773 129.337 126.753 1.5
619 2 46.3074 0.00644634 23.1569 16.3721 1.5
432 2 36.8794 0.878215 18.8788 13.0425 1.5
730 1 1.19349 1.19349 1.19349 0 1.5
648 1 0.714451 0.714451 0.714451 0 1.5
90 1 0.340133 0.340133 0.340133 0 1.33333
141 1 0.340069 0.340069 0.340069 0 1.33333
729 1 0.200477 0.200477 0.200477 0 1.5
588 1 0.103877 0.103877 0.103877 0 1.5
580 1 0.0754773 0.0754773 0.0754773 0 1.5
750 1 0.0332608 0.0332608 0.0332608 0 1.33333
744 1 0.00838633 0.00838633 0.00838633 0 1.33333
746 1 0.00364147 0.00364147 0.00364147 0 1.5
752 1 1.39861e-06 1.39861e-06 1.39861e-06 0 1.5
751 1 1e-08 1e-08 1e-08 0 1.5
753 1 1e-08 1e-08 1e-08 0 1.5
754 1 1e-08 1e-08 1e-08 0 1.33333
755 1 5e-09 5e-09 1e-08 5e-09 1.5
756 1 1e-08 1e-08 1e-08 0 1.33333
757 1 1e-08 1e-08 1e-08 0 1.5
758 1 1e-08 1e-08 1e-08 0 1.5
759 1 1e-08 1e-08 1e-08 0 1.33333
760 1 1e-08 1e-08 1e-08 0 1.33333
766 1 1e-08 1e-08 1e-08 0 1.5
762 1 1e-08 1e-08 1e-08 0 1.5
763 1 1e-08 1e-08 1e-08 0 1.33333
764 1 1e-08 1e-08 1e-08 0 1.33333
765 1 1e-08 1e-08 1e-08 0 1.5
749 1 1e-08 1e-08 1e-08 0 1.5
748 1 1e-08 1e-08 1e-08 0 1.5
747 1 1e-08 1e-08 1e-08 0 1.5
732 1 1e-08 1e-08 1e-08 0 1.33333
733 1 1e-08 1e-08 1e-08 0 1.33333
734 1 1e-08 1e-08 1e-08 0 1.33333
735 1 1e-08 1e-08 1e-08 0 1.5
736 1 1e-08 1e-08 1e-08 0 1.33333
737 1 1e-08 1e-08 1e-08 0 1.5

363 2 136.998 136.998 136.998 68.499 1.5
761 4 136.998 136.998 136.998 102.748 1.5
672 11 136.998 136.998 136.998 124.544 1.5
731 11 136.998 136.998 136.998 124.544 1.5
638 15 38.055 38.055 132.769 130.232 1.5
323 15 35.4305 35.4305 128.432 126.07 1.5
619 2 46.3074 0.00644634 23.1569 16.3721 1.5
432 1 9.21985 9.21985 10.82 1.60015 1.5
771 1 5.40733 5.40733 5.40733 0 1.5
774 1 1.41434 1.41434 1.41434 0 1.5
730 1 1.19349 1.19349 1.19349 0 1.5
648 1 0.714451 0.714451 0.714451 0 1.5
90 1 0.340133 0.340133 0.340133 0 1.33333
141 1 0.340069 0.340069 0.340069 0 1.33333
772 1 0.33665 0.33665 0.33665 0 1.33333
781 1 0.265044 0.265044 0.265044 0 1.5
729 1 0.200477 0.200477 0.200477 0 1.5
588 1 0.0259691 0.0259691 0.0779074 0.0519383 1.5
580 1 0.0377386 0.0377386 0.0754773 0.0377386 1.5
750 1 0.0332608 0.0332608 0.0332608 0 1.33333
744 1 0.00838633 0.00838633 0.00838633 0 1.33333
746 1 0.00364147 0.00364147 0.00364147 0 1.5
780 1 0.00280898 0.00280898 0.00280898 0 1.5
752 1 1.39861e-06 1.39861e-06 1.39861e-06 0 1.5
777 1 1e-08 1e-08 1e-08 0 1.33333
776 1 1e-08 1e-08 1e-08 0 1.33333
775 1 1e-08 1e-08 1e-08 0 1.33333
778 1 1e-08 1e-08 1e-08 0 1.33333
773 1 1e-08 1e-08 1e-08 0 1.33333
779 1 1e-08 1e-08 1e-08 0 1.5
751 1 1e-08 1e-08 1e-08 0 1.5
770 1 1e-08 1e-08 1e-08 0 1.33333
769 1 1e-08 1e-08 1e-08 0 1.33333
768 1 1e-08 1e-08 1e-08 0 1.33333
767 1 1e-08 1e-08 1e-08 0 1.5
737 1 1e-08 1e-08 1e-08 0 1.5
736 1 1e-08 1e-08 1e-08 0 1.33333
735 1 5e-09 5e-09 1e-08 5e-09 1.5
753 1 1e-08 1e-08 1e-08 0 1.5
754 1 1e-08 1e-08 1e-08 0 1.33333
755 1 5e-09 5e-09 1e-08 5e-09 1.5
756 1 5e-09 5e-09 1e-08 5e-09 1.33333
758 1 1e-08 1e-08 1e-08 0 1.5
759 1 1e-08 1e-08 1e-08 0 1.33333
760 1 1e-08 1e-08 1e-08 0 1.33333
766 1 1e-08 1e-08 1e-08 0 1.5
762 1 1e-08 1e-08 1e-08 0 1.5
763 1 1e-08 1e-08 1e-08 0 1.33333

731 18 79.5472 79.5472 136.998 132.579 1.5
761 1 136.998 136.998 136.998 0 1.5
638 13 136.998 136.998 136.998 126.46 1.5
323 11 136.998 136.998 136.998 124.544 1.5
363 17 30.2463 30.2463 133.789 132.01 1.5
432 1 36.8794 36.8794 36.8794 0 1.5
619 2 46.3074 0.00644634 23.1569 16.3721 1.5
771 1 5.40733 5.40733 5.40733 0 1.5
774 1 1.41434 1.41434 1.41434 0 1.5
730 1 1.19349 1.19349 1.19349 0 1.5
648 1 0.714451 0.714451 0.714451 0 1.5
90 1 0.340133 0.340133 0.340133 0 1.33333
141 1 0.340069 0.340069 0.340069 0 1.33333
772 1 0.33665 0.33665 0.33665 0 1.33333
781 1 0.265044 0.265044 0.265044 0 1.5
729 1 0.200477 0.200477 0.200477 0 1.5
588 1 0.103877 0.103877 0.103877 0 1.5
580 1 0.0754773 0.0754773 0.0754773 0 1.5
798 1 0.0484523 0.0484523 0.0484523 0 1.33333
788 1 0.0401817 0.0401817 0.0401817 0 1.5
750 1 0.0332608 0.0332608 0.0332608 0 1.33333
796 1 0.0245195 0.0245195 0.0245195 0 1.5
744 1 0.00838633 0.00838633 0.00838633 0 1.33333
746 1 0.00364147 0.00364147 0.00364147 0 1.5
780 1 0.00280898 0.00280898 0.00280898 0 1.5
793 1 0.000415755 0.000415755 0.000415755 0 1.5
752 1 4.66203e-07 4.66203e-07 4.72869e-07 6.66667e-09 1.5
763 1 1e-08 1e-08 1e-08 0 1.33333
782 1 1.66667e-09 1.66667e-09 1e-08 8.33333e-09 1.5
783 1 1e-08 1e-08 1e-08 0 1.33333
784 1 1e-08 1e-08 1e-08 0 1.33333
785 1 1e-08 1e-08 1e-08 0 1.33333
786 1 1e-08 1e-08 1e-08 0 1.33333
787 1 1e-08 1e-08 1e-08 0 1.33333
775 1 1e-08 1e-08 1e-08 0 1.33333
789 1 1e-08 1e-08 1e-08 0 1.33333
790 1 1e-08 1e-08 1e-08 0 1.33333
791 1 1e-08 1e-08 1e-08 0 1.33333
792 1 1e-08 1e-08 1e-08 0 1.5
776 1 1e-08 1e-08 1e-08 0 1.33333
794 1 1e-08 1e-08 1e-08 0 1.5
795 1 1e-08 1e-08 1e-08 0 1.33333
777 1 1e-08 1e-08 1e-08 0 1.33333
797 1 1e-08 1e-08 1e-08 0 1.33333
778 1 1e-08 1e-08 1e-08 0 1.33333

323 3 136.998 136.998 136.998 91.3319 1.5
363 6 136.998 136.998 136.998 114.165 1.5
638 14 136.998 136.998 136.998 127.212 1.5
731 17 44.7878 44.7878 136.998 134.363 1.5
761 17 37.5639 37.5639 132.632 130.422 1.5
432 1 36.8794 36.8794 36.8794 0 1.5
788 2 47.7506 0.0401817 23.8954 16.8824 1.5
619 2 30.8716 6.4364 18.6561 11.1513 1.5
771 1 5.40733 5.40733 5.40733 0 1.5
730 1 1.19349 1.19349 1.19349 0 1.5
648 1 0.714451 0.714451 0.714451 0 1.5
774 1 0.471448 0.471448 0.476119 0.00467133 1.5
90 1 0.340133 0.340133 0.340133 0 1.33333
141 1 0.340069 0.340069 0.340069 0 1.33333
772 1 0.33665 0.33665 0.33665 0 1.33333
781 1 0.265044 0.265044 0.265044 0 1.5
729 1 0.200477 0.200477 0.200477 0 1.5
780 1 0.119445 0.119445 0.120849 0.00140449 1.5
588 1 0.103877 0.103877 0.103877 0 1.5
802 1 0.100834 0.100834 0.100834 0 1.33333
580 1 0.0754773 0.0754773 0.0754773 0 1.5
798 1 0.0484523 0.0484523 0.0484523 0 1.33333
750 1 0.0332608 0.0332608 0.0332608 0 1.33333
796 1 0.0122598 0.0122598 0.0122598 5e-09 1.5
744 1 0.00838633 0.00838633 0.00838633 0 1.33333
746 1 0.00364147 0.00364147 0.00364147 0 1.5
793 1 0.000415755 0.000415755 0.000415755 0 1.5
752 1 1.39861e-06 1.39861e-06 1.39861e-06 0 1.5
778 1 1e-08 1e-08 1e-08 0 1.33333
799 1 1e-08 1e-08 1e-08 0 1.33333
800 1 1e-08 1e-08 1e-08 0 1.33333
801 1 1e-08 1e-08 1e-08 0 1.5
803 1 1e-08 1e-08 1e-08 0 1.5
804 1 5e-09 5e-09 1e-08 5e-09 1.5
805 1 1e-08 1e-08 1e-08 0 1.33333
806 1 5e-09 5e-09 1e-08 5e-09 1.5
807 1 1e-08 1e-08 1e-08 0 1.5
808 1 1e-08 1e-08 1e-08 0 1.5
809 1 1e-08 1e-08 1e-08 0 1.33333
810 1 1e-08 1e-08 1e-08 0 1.33333
811 1 1e-08 1e-08 1e-08 0 1.33333
812 1 1e-08 1e-08 1e-08 0 1.33333
813 1 1e-08 1e-08 1e-08 0 1.33333
763 1 1e-08 1e-08 1e-08 0 1.33333
782 1 1e-08 1e-08 1e-08 0 1.5
783 1 1e-08 1e-08 1e-08 0 1.33333
784 1 1e-08 1e-08 1e-08 0 1.33333

638 12 136.998 136.998 136.998 125.581 1.5
731 17 136.998 136.998 136.998 128.939 1.5
761 17 136.998 136.998 136.998 128.939 1.5
323 17 51.7548 51.7548 130.91 127.865 1.5
363 16 50.976 50.976 127.567 124.381 1.5
432 1 36.8794 36.8794 36.8794 0 1.5
619 2 46.3074 9.65459 27.981 16.7242 1.5
788 2 31.8337 0.0267878 15.9303 11.2549 1.5
771 1 5.40733 5.40733 5.40733 0 1.5
730 1 1.19349 1.19349 1.19349 0 1.5
648 1 0.714451 0.714451 0.714451 0 1.5
774 1 0.707172 0.707172 0.70738 0.000207877 1.5
827 1 0.534216 0.534216 0.534216 0 1.5
90 1 0.340133 0.340133 0.340133 0 1.33333
141 1 0.340069 0.340069 0.340069 0 1.33333
772 1 0.33665 0.33665 0.33665 0 1.33333
781 1 0.265044 0.265044 0.265044 0 1.5
729 1 0.200477 0.200477 0.200477 0 1.5
780 1 0.119445 0.119445 0.119445 5e-09 1.5
588 1 0.103877 0.103877 0.103877 0 1.5
802 1 0.100834 0.100834 0.100834 0 1.33333
580 1 0.0754773 0.0754773 0.0754773 0 1.5
798 1 0.0484523 0.0484523 0.0484523 0 1.33333
750 1 0.0332608 0.0332608 0.0332608 0 1.33333
814 1 0.0101195 0.0101195 0.020239 0.0101195 1.5

363 15 136.998 136.998 136.998 127.865 1.5
761 17 129.387 129.387 136.998 129.387 1.5
323 17 136.998 136.998 136.998 128.939 1.5
638 16 42.1532 42.1532 135.003 132.368 1.5
731 16 41.3579 41.3579 132.182 129.597 1.5
835 1 42.5095 42.5095 42.5095 0 1.5
619 2 46.3074 9.65459 27.981 16.7242 1.5
788 2 47.7506 0.0401817 23.8954 16.8824 1.5
432 2 36.8794 5.50415 21.1918 13.1833 1.5
771 1 5.40733 5.40733 5.40733 0 1.5
828 1 1.41434 1.41434 1.41434 0 1.5
730 1 1.19349 1.19349 1.19349 0 1.5
648 1 0.714451 0.714451 0.714451 0 1.5
827 1 0.534216 0.534216 0.534216 0 1.5
90 1 0.340133 0.340133 0.340133 0 1.33333
141 1 0.340069 0.340069 0.340069 0 1.33333
772 1 0.33665 0.33665 0.33665 0 1.33333
781 1 0.265044 0.265044 0.265044 0 1.5
780 1 0.238889 0.238889 0.238889 0 1.5
729 1 0.200477 0.200477 0.200477 0 1.5
802 1 0.100834 0.100834 0.100834 0 1.33333
580 1 0.0754773 0.0754773 0.0754773 0 1.5

638 15 136.998 136.998 136.998 127.865 1.5
323 17 136.998 136.998 136.998 128.939 1.5
731 16 136.998 136.998 136.998 128.436 1.5
761 16 40.592 40.592 132.306 129.769 1.5
363 16 40.592 40.592 131.926 129.389 1.5
835 1 42.5095 42.5095 42.5095 0 1.5
619 2 46.3074 9.65459 27.981 16.7242 1.5
788 2 47.7506 0.0401817 23.8954 16.8824 1.5
432 2 36.8794 5.50415 21.1918 13.1833 1.5
771 1 5.40733 5.40733 5.40733 0 1.5
730 1 1.19349 1.19349 1.19349 0 1.5
828 1 0.707172 0.707172 0.721395 0.0142233 1.5
648 1 0.714451 0.714451 0.714451 0 1.5
827 1 0.534216 0.534216 0.534216 0 1.5
90 1 0.340133 0.340133 0.340133 0 1.33333
772 1 0.33665 0.33665 0.33665 0 1.33333
781 1 0.265044 0.265044 0.265044 0 1.5
780 1 0.119445 0.119445 0.238889 0.119445 1.5
729 1 0.200477 0.200477 0.200477 0 1.5
141 1 0.170035 0.170035 0.170035 5e-09 1.33333
802 1 0.100834 0.100834 0.100834 0 1.33333
580 1 0.0754773 0.0754773 0.0754773 0 1.5
867 1 1e-08 1e-08 1e-08 0 1.5

761 16 104.379 104.379 136.998 130.474 1.5
363 11 136.998 136.998 136.998 124.544 1.5
731 16 136.998 136.998 136.998 128.436 1.5
323 16 35.3543 35.3543 134.818 132.608 1.5
638 16 43.8393 43.8393 134.289 131.549 1.5
835 1 42.5095 42.5095 42.5095 0 1.5
619 2 46.3074 9.65459 27.981 16.7242 1.5
788 2 47.7506 0.0401817 23.8954 16.8824 1.5
432 2 36.8794 5.50415 21.1918 13.1833 1.5
771 1 2.70366 2.70366 5.40733 2.70366 1.5
828 1 1.41434 1.41434 1.41434 0 1.5
730 1 0.596744 0.596744 1.19349 0.596744 1.5
648 1 0.714451 0.714451 0.714451 0 1.5
90 1 0.340133 0.340133 0.340133 0 1.33333
141 1 0.340069 0.340069 0.340069 0 1.33333
772 1 0.33665 0.33665 0.33665 0 1.33333
827 1 0.267108 0.267108 0.267108 5e-09 1.5
781 1 0.265044 0.265044 0.265044 0 1.5
780 1 0.238889 0.238889 0.238889 0 1.5
729 1 0.200477 0.200477 0.200477 0 1.5
879 1 0.103877 0.103877 0.103877 0 1.5
802 1 0.100834 0.100834 0.100834 0 1.33333
580 1 0.0754773 0.0754773 0.0754773 0 1.5
872 1 0.0332608 0.0332608 0.0332608 0 1.33333
871 1 0.00478028 0.00478028 0.00956056 0.00478028 1.5
867 1 1e-08 1e-08 1e-08 0 1.5
868 1 1e-08 1e-08 1e-08 0 1.33333
869 1 5e-09 5e-09 1e-08 5e-09 1.5

886 1 136.998 136.998 136.998 0 1.5
731 16 136.998 136.998 136.998 128.436 1.5
323 16 136.998 136.998 136.998 128.436 1.5
638 16 136.998 136.998 136.998 128.436 1.5
761 17 22.6113 22.6113 135.688 134.358 1.5
835 1 42.5095 42.5095 42.5095 0 1.5
788 2 47.7506 0.0401817 23.8954 16.8824 1.5
432 2 36.8794 5.50415 21.1918 13.1833 1.5
619 1 11.5768 11.5768 14.1478 2.57093 1.5
771 1 5.40733 5.40733 5.40733 0 1.5
730 1 1.19349 1.19349 1.19349 0 1.5
648 1 0.714451 0.714451 0.714451 0 1.5
827 1 0.534216 0.534216 0.534216 0 1.5
828 1 0.353586 0.353586 0.370199 0.0166134 1.5
90 1 0.340133 0.340133 0.340133 0 1.33333
141 1 0.340069 0.340069 0.340069 0 1.33333
772 1 0.33665 0.33665 0.33665 0 1.33333
781 1 0.265044 0.265044 0.265044 0 1.5
780 1 0.238889 0.238889 0.238889 0 1.5
729 1 0.200477 0.200477 0.200477 0 1.5
879 1 0.103877 0.103877 0.103877 0 1.5
802 1 0.100834 0.100834 0.100834 0 1.33333
888 1 0.0433379 0.0433379 0.0866757 0.0433379 1.5
580 1 0.0754773 0.0754773 0.0754773 0 1.5
872 1 0.0332608 0.0332608 0.0332608 0 1.33333
885 1 0.0284465 0.0284465 0.0284465 0 1.5
896 1 1e-08 1e-08 1e-08 0 1.33333
895 1 1e-08 1e-08 1e-08 0 1.33333
894 1 1e-08 1e-08 1e-08 0 1.5
893 1 1e-08 1e-08 1e-08 0 1.33333
892 1 1e-08 1e-08 1e-08 0 1.33333
891 1 1e-08 1e-08 1e-08 0 1.33333
890 1 1e-08 1e-08 1e-08 0 1.5
889 1 1e-08 1e-08 1e-08 0 1.33333
887 1 1e-08 1e-08 1e-08 0 1.5
884 1 1e-08 1e-08 1e-08 0 1.33333
883 1 5e-09 5e-09 1e-08 5e-09 1.5
882 1 1e-08 1e-08 1e-08 0 1.33333

323 15 136.998 136.998 136.998 127.865 1.5
638 16 136.998 136.998 136.998 128.436 1.5
886 17 43.9427 43.9427 129.411 126.826 1.5
731 16 39.1423 39.1423 124.97 122.524 1.5
761 11 136.998 1e-08 124.544 113.278 1.5
835 1 42.5095 42.5095 42.5095 0 1.5
432 2 36.8794 5.50415 21.1918 13.1833 1.5
788 2 31.8337 0.0267878 15.9371 11.2598 1.5
619 2 30.8716 6.66667e-09 15.4358 10.9148 1.5
771 1 5.40733 5.40733 5.40733 0 1.5
730 1 1.19349 1.19349 1.19349 0 1.5
828 1 0.707172 0.707172 0.721395 0.0142233 1.5
648 1 0.714451 0.714451 0.714451 0 1.5
827 1 0.534216 0.534216 0.534216 0 1.5
90 1 0.340133 0.340133 0.340133 0 1.33333
141 1 0.340069 0.340069 0.340069 0 1.33333
772 1 0.33665 0.33665 0.33665 0 1.33333
781 1 0.265044 0.265044 0.265044 0 1.5
780 1 0.238889 0.238889 0.238889 0 1.5
729 1 0.200477 0.200477 0.200477 0 1.5
879 1 0.103877 0.103877 0.103877 0 1.5
802 1 0.100834 0.100834 0.100834 0 1.33333
888 1 0.0866757 0.0866757 0.0866757 0 1.5
580 1 0.0754773 0.0754773 0.0754773 0 1.5
872 1 0.0332608 0.0332608 0.0332608 0 1.33333
905 1 1e-08 1e-08 1e-08 0 1.5
904 1 1e-08 1e-08 1e-08 0 1.5
903 1 1e-08 1e-08 1e-08 0 1.33333

761 10 136.998 136.998 136.998 123.298 1.5
886 17 136.998 136.998 136.998 128.939 1.5
731 16 136.998 136.998 136.998 128.436 1.5
323 17 45.666 45.666 136.998 134.312 1.5
638 16 37.7925 37.7925 134.679 132.317 1.5
835 1 42.5095 42.5095 42.5095 0 1.5
788 2 47.7506 0.0401817 23.8954 16.8824 1.5
619 2 46.3074 1e-08 23.1537 16.3721 1.5
432 2 18.4397 18.4397 21.1918 11.9719 1.5
771 1 2.70366 2.70366 5.40733 2.70366 1.5
730 1 0.596744 0.596744 1.19349 0.596744 1.5
781 1 0.842962 0.842962 0.975484 0.132522 1.5
648 1 0.714451 0.714451 0.714451 0 1.5
828 1 0.707172 0.707172 0.711952 0.00478028 1.5
90 1 0.340133 0.340133 0.340133 0 1.33333
141 1 0.340069 0.340069 0.340069 0 1.33333
772 1 0.33665 0.33665 0.33665 0 1.33333
827 1 0.267108 0.267108 0.267108 5e-09 1.5
780 1 0.238889 0.238889 0.238889 0 1.5
729 1 0.200477 0.200477 0.200477 0 1.5
879 1 0.103877 0.103877 0.103877 0 1.5
802 1 0.100834 0.100834 0.100834 0 1.33333
888 1 0.0433379 0.0433379 0.0433379 5e-09 1.5
580 1 0.0377386 0.0377386 0.0377387 5e-09 1.5
872 1 0.0332608 0.0332608 0.0332608 0 1.33333
916 1 0.0101195 0.0101195 0.020239 0.0101195 1.5
917 1 1e-08 1e-08 1e-08 0 1.33333

