5 1 0.052299 0.052299 0.052299 0 2
1 1 1e-08 1e-08 1e-08 0 0
2 1 1e-08 1e-08 1e-08 0 2
3 1 1e-08 1e-08 1e-08 0 2
4 1 1e-08 1e-08 1e-08 0 2

5 84 0.00122046 0.000622607 0.000634232 7.63334e-05 2
1 1 3.33333e-09 3.33333e-09 1e-08 6.66667e-09 0
2 1 2.5e-09 2.5e-09 1e-08 7.5e-09 2
3 1 1e-08 1e-08 1e-08 0 2
4 1 3.33333e-09 3.33333e-09 1e-08 6.66667e-09 2
6 1 1e-08 1e-08 1e-08 0 1.5
7 1 1e-08 1e-08 1e-08 0 1.5
8 1 1e-08 1e-08 1e-08 0 1.5
9 1 1e-08 1e-08 1e-08 0 1.5
10 1 1e-08 1e-08 1e-08 0 1.5
11 1 1e-08 1e-08 1e-08 0 1.5
12 1 1e-08 1e-08 1e-08 0 1.5
13 1 1e-08 1e-08 1e-08 0 1.5
14 1 1e-08 1e-08 1e-08 0 1.5
15 1 1e-08 1e-08 1e-08 0 1.5

5 33 0.000621327 0.000316963 0.00161741 0.00127032 2
27 1 0.052299 0.052299 0.052299 0 2.5
24 1 0.052299 0.052299 0.052299 0 2.5
32 1 1e-08 1e-08 1e-08 0 1.5
31 1 1e-08 1e-08 1e-08 0 1.5
30 1 1e-08 1e-08 1e-08 0 1.5
29 1 1e-08 1e-08 1e-08 0 1.5
28 1 1e-08 1e-08 1e-08 0 1.5
26 1 1e-08 1e-08 1e-08 0 1.5
25 1 1e-08 1e-08 1e-08 0 1.5
23 1 1e-08 1e-08 1e-08 0 1.5
22 1 1e-08 1e-08 1e-08 0 1.5
21 1 1e-08 1e-08 1e-08 0 1.5
20 1 1e-08 1e-08 1e-08 0 1.5
19 1 1e-08 1e-08 1e-08 0 1.5
18 1 1e-08 1e-08 1e-08 0 1.5
17 1 1e-08 1e-08 1e-08 0 1.5
16 1 1e-08 1e-08 1e-08 0 1.5
15 1 1e-08 1e-08 1e-08 0 1.5
14 1 1e-08 1e-08 1e-08 0 1.5
13 1 1e-08 1e-08 1e-08 0 1.5
12 1 1e-08 1e-08 1e-08 0 1.5
11 1 1e-08 1e-08 1e-08 0 1.5
10 1 1e-08 1e-08 1e-08 0 1.5
9 1 1e-08 1e-08 1e-08 0 1.5
8 1 1e-08 1e-08 1e-08 0 1.5
7 1 1e-08 1e-08 1e-08 0 1.5
6 1 1e-08 1e-08 1e-08 0 1.5
4 1 1e-08 1e-08 1e-08 0 2
3 1 5e-09 5e-09 1e-08 5e-09 2
2 1 5e-09 5e-09 1e-08 5e-09 2
1 1 1e-08 1e-08 1e-08 0 0

39 1 1.22124 1.22124 1.22124 0 1.5
3 4 0.311631 2.5e-09 0.0779077 0.13494 2
38 1 0.0921139 0.0921139 0.0921139 0 1.5
5 3 0.000915348 0.000750935 0.0186785 0.0178181 2
24 2 0.0261495 0.0261495 0.0261495 0 3.5
27 2 0.017433 0.017433 0.0261495 0.00871649 3
10 1 1e-08 1e-08 1e-08 0 1.5
9 1 1e-08 1e-08 1e-08 0 1.5
8 1 1e-08 1e-08 1e-08 0 1.5
7 1 1e-08 1e-08 1e-08 0 1.5
6 1 1e-08 1e-08 1e-08 0 1.5
4 1 3.33333e-09 3.33333e-09 1e-08 6.66667e-09 2
2 1 3.33333e-09 3.33333e-09 1e-08 6.66667e-09 2
1 1 5e-09 5e-09 1e-08 5e-09 0
33 1 1e-08 1e-08 1e-08 0 1.5
34 1 1e-08 1e-08 1e-08 0 1.5
35 1 1e-08 1e-08 1e-08 0 1.5
36 1 1e-08 1e-08 1e-08 0 1.5
37 1 1e-08 1e-08 1e-08 0 1.5
40 1 1e-08 1e-08 1e-08 0 1.5
41 1 1e-08 1e-08 1e-08 0 1.5
42 1 1e-08 1e-08 1e-08 0 1.5
32 1 1e-08 1e-08 1e-08 0 1.5
31 1 1e-08 1e-08 1e-08 0 1.5
30 1 1e-08 1e-08 1e-08 0 1.5
29 1 1e-08 1e-08 1e-08 0 1.5
28 1 1e-08 1e-08 1e-08 0 1.5
26 1 1e-08 1e-08 1e-08 0 1.5
25 1 1e-08 1e-08 1e-08 0 1.5
23 1 1e-08 1e-08 1e-08 0 1.5
22 1 1e-08 1e-08 1e-08 0 1.5
21 1 1e-08 1e-08 1e-08 0 1.5
20 1 1e-08 1e-08 1e-08 0 1.5
19 1 1e-08 1e-08 1e-08 0 1.5
18 1 1e-08 1e-08 1e-08 0 1.5
17 1 1e-08 1e-08 1e-08 0 1.5
16 1 1e-08 1e-08 1e-08 0 1.5
15 1 1e-08 1e-08 1e-08 0 1.5
14 1 1e-08 1e-08 1e-08 0 1.5
13 1 1e-08 1e-08 1e-08 0 1.5
12 1 1e-08 1e-08 1e-08 0 1.5
11 1 1e-08 1e-08 1e-08 0 1.5

39 66 1.60253 0.0110348 0.0423908 0.193513 1.5
3 9 0.0831015 6.66667e-10 0.036934 0.0412935 2
5 2 0.0205038 0.0205038 0.0475766 0.0270728 2
38 2 0.0234784 0.0234784 0.0465069 0.0230285 1.5
24 1 0.052299 0.052299 0.052299 0 3.5
27 1 0.0261495 0.0261495 0.052299 0.0261495 3
43 1 0.052299 0.052299 0.052299 0 3.5
44 1 5e-09 5e-09 1e-08 5e-09 1.5
11 1 1e-08 1e-08 1e-08 0 1.5
12 1 1e-08 1e-08 1e-08 0 1.5
13 1 1e-08 1e-08 1e-08 0 1.5
14 1 1e-08 1e-08 1e-08 0 1.5
15 1 1e-08 1e-08 1e-08 0 1.5
16 1 1e-08 1e-08 1e-08 0 1.5
17 1 1e-08 1e-08 1e-08 0 1.5
18 1 1e-08 1e-08 1e-08 0 1.5
19 1 1e-08 1e-08 1e-08 0 1.5
20 1 1e-08 1e-08 1e-08 0 1.5
45 1 1e-08 1e-08 1e-08 0 1.5
46 1 5e-09 5e-09 1e-08 5e-09 1.5
47 1 1e-08 1e-08 1e-08 0 1.5
48 1 1e-08 1e-08 1e-08 0 1.5
49 1 1e-08 1e-08 1e-08 0 1.33333
50 1 5e-09 5e-09 1e-08 5e-09 1.5
51 1 1e-08 1e-08 1e-08 0 1.33333
52 1 1e-08 1e-08 1e-08 0 1.33333

39 77 0.801265 0.00925178 0.0465159 0.15339 1.5
3 11 0.11332 9.09091e-10 0.0515092 0.0564255 2
5 2 0.0256298 0.0256298 0.0512595 0.0256298 2
38 2 0.0187827 0.0184228 0.0462369 0.0276348 1.5
59 1 0.0523226 0.0523226 0.0523226 0 1.33333
24 1 0.0261495 0.0261495 0.052299 0.0261495 3.5
27 1 0.052299 0.052299 0.052299 0 3
43 1 0.052299 0.052299 0.052299 0 3.5
73 1 0.0502324 0.0502324 0.0502324 0 1.33333
52 1 1e-08 1e-08 1e-08 0 1.33333
58 1 1e-08 1e-08 1e-08 0 1.33333
60 1 2.5e-09 2.5e-09 1e-08 7.5e-09 1.5
61 1 1e-08 1e-08 1e-08 0 1.33333

39 77 0.686798 0.0079301 0.0512083 0.150846 1.5
3 13 0.0623261 5e-10 0.0527375 0.0224873 2
5 2 0.0512595 0.0512595 0.0512595 0 2
38 1 0.0469569 0.0469569 0.0939137 0.0469569 1.5
59 1 0.0523226 0.0523226 0.0523226 0 1.33333
24 1 0.052299 0.052299 0.052299 0 3.5
27 1 0.052299 0.052299 0.052299 0 3
43 1 0.052299 0.052299 0.052299 0 3.5
73 1 0.0502324 0.0502324 0.0502324 0 1.33333
82 1 1e-08 1e-08 1e-08 0 1.5
81 1 1e-08 1e-08 1e-08 0 1.5
80 1 1e-08 1e-08 1e-08 0 1.33333

39 82 0.729427 0.00842231 0.094101 0.225424 1.5
3 11 0.0623261 0.0623261 0.0964424 0.0341162 2.5
90 1 0.112955 0.112955 0.112955 0 1.33333
5 1 0.0512595 0.0512595 0.102519 0.0512595 2
38 1 0.0921139 0.0921139 0.0921139 0 1.5
95 1 0.0523242 0.0523242 0.0523242 0 1.33333
59 1 0.0523226 0.0523226 0.0523226 0 1.33333
24 1 0.052299 0.052299 0.052299 0 3.5
27 1 0.052299 0.052299 0.052299 0 3
43 1 0.052299 0.052299 0.052299 0 3.5

39 83 0.700443 0.00808765 0.142153 0.266066 1.5
3 12 0.612207 0.0623261 0.145757 0.156563 2.5
90 1 0.112955 0.112955 0.112955 0 1.33333
5 1 0.102519 0.102519 0.102519 0 2
38 1 0.0939137 0.0939137 0.0939137 0 1.5
95 1 0.0523242 0.0523242 0.0523242 0 1.33333
59 1 0.0523226 0.0523226 0.0523226 0 1.33333
107 1 0.052322 0.052322 0.052322 0 1.33333

39 82 0.682367 0.00787894 0.219476 0.304166 1.5
3 8 0.765259 0.0779077 0.241734 0.2403 2.5
118 4 0.305309 0.305309 0.305309 0 1.5
134 1 0.11326 0.11326 0.11326 0 1.33333
90 1 0.112955 0.112955 0.112955 0 1.33333
5 1 0.102519 0.102519 0.102519 0 2
119 1 0.0939659 0.0939659 0.0939659 0 1.5
38 1 0.0939137 0.0939137 0.0939137 0 1.5
95 1 0.0523242 0.0523242 0.0523242 0 1.33333
59 1 0.0523226 0.0523226 0.0523226 0 1.33333

135 5 21.1534 0.244247 12.8064 10.223 1.5
39 32 0.641012 0.641012 1.01065 0.369637 1.5
3 3 0.941857 0.941857 1.27484 0.332981 2.5
134 1 0.11326 0.11326 0.11326 0 1.33333
90 1 0.112955 0.112955 0.112955 0 1.33333
5 1 0.102519 0.102519 0.102519 0 2
119 1 0.0939659 0.0939659 0.0939659 0 1.5
38 1 0.0921139 0.0921139 0.0921139 0 1.5
95 1 0.0523242 0.0523242 0.0523242 0 1.33333
59 1 0.0523226 0.0523226 0.0523226 0 1.33333
141 1 0.0253676 0.0253676 0.0253676 0 1.5
136 1 1e-08 1e-08 1e-08 0 1.5
137 1 1e-08 1e-08 1e-08 0 1.33333
138 1 3.33333e-09 3.33333e-09 1e-08 6.66667e-09 1.5
139 1 1e-08 1e-08 1e-08 0 1.33333
140 1 5e-09 5e-09 1e-08 5e-09 1.5
142 1 1e-08 1e-08 1e-08 0 1.33333
143 1 1e-08 1e-08 1e-08 0 1.33333

135 51 1.0073 1.0073 1.58643 0.579122 1.5
39 5 21.1534 2e-09 12.6958 10.3584 1.5
3 3 4.08138 4.08138 4.08138 0 2.5
134 1 0.11326 0.11326 0.11326 0 1.33333
5 1 0.102519 0.102519 0.102519 0 2
38 1 0.0921139 0.0921139 0.0921139 0 1.5
90 1 0.0564776 0.0564776 0.0826404 0.0261629 1.33333
138 1 0.0276292 0.0276292 0.0552585 0.0276293 1.5
95 1 0.0523242 0.0523242 0.0523242 0 1.33333
59 1 0.0523226 0.0523226 0.0523226 0 1.33333
141 1 0.0253676 0.0253676 0.0253676 0 1.5
136 1 0.000330756 0.000330756 0.000330761 5e-09 1.5
159 1 5e-09 5e-09 1e-08 5e-09 1.5
160 1 1e-08 1e-08 1e-08 0 1.33333
158 1 1e-08 1e-08 1e-08 0 1.33333
157 1 1e-08 1e-08 1e-08 0 1.33333
156 1 1e-08 1e-08 1e-08 0 1.33333
155 1 1e-08 1e-08 1e-08 0 1.33333
154 1 1e-08 1e-08 1e-08 0 1.33333
153 1 1e-08 1e-08 1e-08 0 1.33333
152 1 1e-08 1e-08 1e-08 0 1.33333
151 1 1e-08 1e-08 1e-08 0 1.33333
150 1 1e-08 1e-08 1e-08 0 1.5
149 1 1e-08 1e-08 1e-08 0 1.33333
148 1 1e-08 1e-08 1e-08 0 1.5
147 1 1e-08 1e-08 1e-08 0 1.33333
146 1 1e-08 1e-08 1e-08 0 1.33333
145 1 1e-08 1e-08 1e-08 0 1.33333
144 1 1e-08 1e-08 1e-08 0 1.33333
143 1 1e-08 1e-08 1e-08 0 1.33333
142 1 1e-08 1e-08 1e-08 0 1.33333
140 1 3.33333e-09 3.33333e-09 1e-08 6.66667e-09 1.5
139 1 1e-08 1e-08 1e-08 0 1.33333
137 1 5e-09 5e-09 1e-08 5e-09 1.33333
119 1 5e-09 5e-09 1e-08 5e-09 1.5

39 30 3.52556 0.0606712 3.41007 0.621967 1.5
135 46 1.13728 1.13728 2.20139 1.06411 1.5
3 3 4.08138 4.08138 4.08138 0 2.5
134 1 0.11326 0.11326 0.11326 0 1.33333
90 1 0.112955 0.112955 0.112955 0 1.33333
5 1 0.102519 0.102519 0.102519 0 2
38 1 0.0921139 0.0921139 0.0921139 0 1.5
138 1 0.0212503 0.0212503 0.089014 0.0677638 1.5
161 1 0.0784283 0.0784283 0.0784283 0 1.33333
95 1 0.0523242 0.0523242 0.0523242 0 1.33333
59 1 0.0523226 0.0523226 0.0523226 0 1.33333
165 1 0.0300354 0.0300354 0.0300354 0 1.33333
173 1 0.0300342 0.0300342 0.0300342 0 1.33333
119 1 0.0132408 0.0132408 0.0167539 0.00351306 1.5
141 1 0.0126838 0.0126838 0.0126971 1.32995e-05 1.5
136 1 0.000661513 0.000661513 0.000661513 0 1.5
170 1 1e-08 1e-08 1e-08 0 1.33333
169 1 1e-08 1e-08 1e-08 0 1.33333
168 1 1e-08 1e-08 1e-08 0 1.5
167 1 1e-08 1e-08 1e-08 0 1.33333
166 1 1e-08 1e-08 1e-08 0 1.5
171 1 1e-08 1e-08 1e-08 0 1.33333
164 1 1e-08 1e-08 1e-08 0 1.33333
163 1 1e-08 1e-08 1e-08 0 1.5
162 1 1e-08 1e-08 1e-08 0 1.33333

39 47 0.846135 0.846135 2.17921 1.33307 1.5
135 27 3.91729 0.0125927 3.77267 0.737413 1.5
3 3 4.08138 4.08138 4.08138 0 2.5
134 1 0.11326 0.11326 0.11326 0 1.33333
90 1 0.112955 0.112955 0.112955 0 1.33333
5 1 0.102519 0.102519 0.102519 0 2
38 1 0.0921139 0.0921139 0.0921139 0 1.5
161 1 0.0784283 0.0784283 0.0784283 0 1.33333
95 1 0.0523242 0.0523242 0.0523242 0 1.33333
59 1 0.0523226 0.0523226 0.0523226 0 1.33333
165 1 0.0300354 0.0300354 0.0300354 0 1.33333
173 1 0.0300342 0.0300342 0.0300342 0 1.33333
119 1 0.0132408 0.0132408 0.0132408 6.66667e-09 1.5
138 1 0.00845586 0.00845586 0.00845587 6.66667e-09 1.5
166 1 0.000755183 0.000755183 0.00075519 6.66667e-09 1.5
136 1 0.000661513 0.000661513 0.000661513 0 1.5
190 1 1e-08 1e-08 1e-08 0 1.33333
189 1 1e-08 1e-08 1e-08 0 1.5
188 1 1e-08 1e-08 1e-08 0 1.33333
187 1 1e-08 1e-08 1e-08 0 1.33333
186 1 1e-08 1e-08 1e-08 0 1.33333
185 1 1e-08 1e-08 1e-08 0 1.33333
184 1 1e-08 1e-08 1e-08 0 1.33333
183 1 1e-08 1e-08 1e-08 0 1.5
182 1 1e-08 1e-08 1e-08 0 1.5
181 1 5e-09 5e-09 1e-08 5e-09 1.5
180 1 1e-08 1e-08 1e-08 0 1.33333

135 47 1.9956 1.9956 2.20879 0.213183 1.5
39 46 1.06835 1.06835 2.1852 1.11685 1.5
3 3 4.08138 4.08138 4.08138 0 2.5
138 1 0.0566757 0.0566757 0.17391 0.117234 1.5
199 1 0.113376 0.113376 0.113376 0 1.33333
90 1 0.112955 0.112955 0.112955 0 1.33333
5 1 0.102519 0.102519 0.102519 0 2
38 1 0.0921139 0.0921139 0.0921139 0 1.5

39 46 1.67884 1.67884 2.26346 0.584621 1.5
135 46 0.970339 0.970339 2.25784 1.2875 1.5
3 3 4.08138 4.08138 4.08138 0 2.5
207 1 1.04735 1.04735 1.04735 0 1.33333
138 1 0.170027 0.170027 0.170027 5e-09 1.5
199 1 0.113376 0.113376 0.113376 0 1.33333
90 1 0.112955 0.112955 0.112955 0 1.33333
204 1 0.110517 0.110517 0.110517 0 1.5
5 1 0.102519 0.102519 0.102519 0 2

220 2 52.8835 52.8835 52.8835 0 1.5
39 31 0.964176 0.911784 3.35021 2.43676 1.5
135 31 1.9956 1.9956 3.34842 1.35281 1.5
3 3 4.08138 4.08138 4.08138 0 2.5
207 1 1.04735 1.04735 1.04735 0 1.33333
138 1 0.170027 0.170027 0.170027 5e-09 1.5
199 1 0.0566882 0.0566882 0.113376 0.0566881 1.33333
90 1 0.112955 0.112955 0.112955 0 1.33333
204 1 0.110517 0.110517 0.110517 0 1.5
5 1 0.102519 0.102519 0.102519 0 2
232 1 0.0425219 0.0425219 0.0425219 5e-09 1.5
235 1 1e-08 1e-08 1e-08 0 1.33333
234 1 1e-08 1e-08 1e-08 0 1.33333
233 1 1e-08 1e-08 1e-08 0 1.33333
231 1 1e-08 1e-08 1e-08 0 1.33333
230 1 1e-08 1e-08 1e-08 0 1.5
229 1 1e-08 1e-08 1e-08 0 1.5
228 1 5e-09 5e-09 1e-08 5e-09 1.33333
227 1 1e-08 1e-08 1e-08 0 1.33333
226 1 1e-08 1e-08 1e-08 0 1.33333
225 1 1e-08 1e-08 1e-08 0 1.33333
224 1 3.33333e-09 3.33333e-09 1e-08 6.66667e-09 1.5
223 1 1e-08 1e-08 1e-08 0 1.33333
222 1 1e-08 1e-08 1e-08 0 1.33333
221 1 1e-08 1e-08 1e-08 0 1.33333

135 24 3.41184 3.41184 4.40695 0.995119 1.5
236 4 26.4417 26.4417 26.4417 0 1.5
39 23 4.59856 4.59856 4.59856 0 1.5
220 23 1.2157 1.14964 4.32493 3.1696 1.5
3 2 4.08138 4.08138 6.12207 2.04069 2.5
207 1 1.04735 1.04735 1.04735 0 1.33333
138 1 0.340054 0.340054 0.340054 0 1.5
199 1 0.113376 0.113376 0.113376 0 1.33333
90 1 0.112955 0.112955 0.112955 0 1.33333
245 1 0.111253 0.111253 0.111253 0 1.33333
204 1 0.110517 0.110517 0.110517 0 1.5
5 1 0.102519 0.102519 0.102519 0 2
232 1 0.0850439 0.0850439 0.0850439 0 1.5
242 1 0.0306088 0.0306088 0.0306088 0 1.33333
237 1 0.0300349 0.0300349 0.0300349 0 1.33333
243 1 0.0297814 0.0297814 0.0297814 0 1.33333
221 1 1e-08 1e-08 1e-08 0 1.33333
238 1 1e-08 1e-08 1e-08 0 1.33333
239 1 1e-08 1e-08 1e-08 0 1.33333
240 1 1e-08 1e-08 1e-08 0 1.5
241 1 1e-08 1e-08 1e-08 0 1.33333
244 1 1e-08 1e-08 1e-08 0 1.33333
246 1 1e-08 1e-08 1e-08 0 1.33333
247 1 1e-08 1e-08 1e-08 0 1.33333
222 1 1e-08 1e-08 1e-08 0 1.33333
223 1 1e-08 1e-08 1e-08 0 1.33333
224 1 5e-09 5e-09 1e-08 5e-09 1.5
225 1 1e-08 1e-08 1e-08 0 1.33333
226 1 1e-08 1e-08 1e-08 0 1.33333
227 1 1e-08 1e-08 1e-08 0 1.33333

220 14 9.40833 7.55478 7.68718 0.477363 1.5
39 15 7.4563 7.05113 7.15917 0.179172 1.5
236 24 1.57861 1.57861 4.40615 2.82754 1.5
135 22 1.88869 1.88869 4.55267 2.66398 1.5
3 2 6.12207 6.12207 6.12207 0 2.5
207 1 1.04159 1.04159 1.04159 0 1.33333
254 1 0.227141 0.227141 0.227141 0 1.5
253 1 0.209403 0.209403 0.209403 0 1.33333
138 1 0.113351 0.113351 0.113971 0.000619239 1.5
199 1 0.0566882 0.0566882 0.113376 0.0566878 1.33333
90 1 0.112955 0.112955 0.112955 0 1.33333
245 1 0.111253 0.111253 0.111253 0 1.33333
204 1 0.0552585 0.0552585 0.110517 0.0552585 1.5
5 1 0.102519 0.102519 0.102519 0 2
242 1 0.0980907 0.0980907 0.0980907 0 1.33333
232 1 0.0425219 0.0425219 0.0425219 5e-09 1.5
237 1 0.0300349 0.0300349 0.0300349 0 1.33333
243 1 0.0297814 0.0297814 0.0297814 0 1.33333
261 1 1e-08 1e-08 1e-08 0 1.33333
260 1 1e-08 1e-08 1e-08 0 1.33333
259 1 1e-08 1e-08 1e-08 0 1.33333
258 1 1e-08 1e-08 1e-08 0 1.5
257 1 1e-08 1e-08 1e-08 0 1.33333
256 1 1e-08 1e-08 1e-08 0 1.33333
255 1 1e-08 1e-08 1e-08 0 1.33333
262 1 1e-08 1e-08 1e-08 0 1.33333
252 1 1e-08 1e-08 1e-08 0 1.33333
251 1 1e-08 1e-08 1e-08 0 1.33333
250 1 5e-09 5e-09 1e-08 5e-09 1.5

39 19 3.41184 3.41184 5.56668 2.15484 1.5
263 2 52.8835 52.8835 52.8835 0 1.5
236 14 7.55478 7.55478 7.55478 8.88178e-16 1.5
135 19 5.03652 5.03652 5.56668 0.53016 1.5
220 18 1.53159 1.22985 5.60078 4.31939 1.5
3 2 6.12207 6.12207 6.12207 0 2.5
207 1 1.04735 1.04735 1.04735 0 1.33333
276 1 0.33984 0.33984 0.33984 0 1.33333
270 1 0.324779 0.324779 0.324779 0 1.33333
254 1 0.11357 0.11357 0.227141 0.11357 1.5
253 1 0.209403 0.209403 0.209403 0 1.33333
138 1 0.113351 0.113351 0.117116 0.00376493 1.5
199 1 0.113376 0.113376 0.113376 0 1.33333
90 1 0.112955 0.112955 0.112955 0 1.33333
204 1 0.110517 0.110517 0.110517 0 1.5
5 1 0.102519 0.102519 0.102519 0 2
232 1 0.0850439 0.0850439 0.0850439 0 1.5
245 1 0.0556265 0.0556265 0.0706436 0.0150171 1.33333
242 1 0.0306088 0.0306088 0.0306088 0 1.33333
237 1 0.0300349 0.0300349 0.0300349 0 1.33333
243 1 0.0297814 0.0297814 0.0297814 0 1.33333
267 1 0.0280772 0.0280772 0.0280772 5e-09 1.33333
273 1 0.0272596 0.0272596 0.0272596 5e-09 1.5
275 1 1e-08 1e-08 1e-08 0 1.33333
274 1 1e-08 1e-08 1e-08 0 1.33333
272 1 1e-08 1e-08 1e-08 0 1.33333
271 1 1e-08 1e-08 1e-08 0 1.33333
261 1 1e-08 1e-08 1e-08 0 1.33333
269 1 1e-08 1e-08 1e-08 0 1.33333
268 1 1e-08 1e-08 1e-08 0 1.33333
266 1 1e-08 1e-08 1e-08 0 1.5
265 1 1e-08 1e-08 1e-08 0 1.5
264 1 1e-08 1e-08 1e-08 0 1.33333

220 7 18.8167 15.1096 15.6391 1.29722 1.5
135 24 3.41184 3.41184 4.40695 0.995119 1.5
39 24 1.22906 1.16227 4.38268 3.19829 1.5
263 21 5.32593 0.0745989 4.62156 1.33493 1.5
3 2 6.12207 6.12207 6.12207 0 2.5
207 1 1.04159 1.04159 1.04159 0 1.33333
291 1 0.782135 0.782135 0.782135 0 1.5
276 1 0.33984 0.33984 0.33984 0 1.33333
270 1 0.324779 0.324779 0.324779 0 1.33333
288 1 0.316012 0.316012 0.316012 0 1.33333
254 1 0.11357 0.11357 0.227141 0.11357 1.5
253 1 0.209403 0.209403 0.209403 0 1.33333
294 1 0.181008 0.181008 0.181008 0 1.33333
138 1 0.170027 0.170027 0.178361 0.00833358 1.5
199 1 0.113376 0.113376 0.113376 0 1.33333
90 1 0.112955 0.112955 0.112955 0 1.33333
245 1 0.111253 0.111253 0.111253 0 1.33333
204 1 0.110517 0.110517 0.110517 0 1.5
5 1 0.102519 0.102519 0.102519 0 2
232 1 0.0850439 0.0850439 0.0850439 0 1.5
267 1 0.0561544 0.0561544 0.0561544 0 1.33333
273 1 0.0545191 0.0545191 0.0545191 0 1.5
242 1 0.0306088 0.0306088 0.0306088 0 1.33333
237 1 0.0300349 0.0300349 0.0300349 0 1.33333
243 1 0.0297814 0.0297814 0.0297814 0 1.33333
285 1 0.00226555 0.00226555 0.00226555 0 1.5
290 1 0.000909647 0.000909647 0.000909647 0 1.5
293 1 1e-08 1e-08 1e-08 0 1.5

308 1 105.767 105.767 105.767 0 1.5
220 23 2.58268 2.07386 4.46511 2.26282 1.5
39 23 2.03398 2.03398 4.44047 2.40649 1.5
135 23 2.20348 2.20348 4.41349 2.21002 1.5
3 2 6.12207 6.12207 6.12207 0 2.5
297 1 1.46519 1.46519 2.93038 1.46519 1.5
207 1 1.04735 1.04735 1.04735 0 1.33333
291 1 0.782135 0.782135 0.782135 0 1.5
298 1 0.34013 0.34013 0.34013 0 1.33333
276 1 0.33984 0.33984 0.33984 0 1.33333
288 1 0.330235 0.330235 0.330235 0 1.33333
270 1 0.324779 0.324779 0.324779 0 1.33333
254 1 0.227141 0.227141 0.227141 0 1.5
253 1 0.209403 0.209403 0.209403 0 1.33333
294 1 0.181008 0.181008 0.181008 0 1.33333
138 1 0.113351 0.113351 0.120859 0.00750707 1.5
199 1 0.113376 0.113376 0.113376 0 1.33333
90 1 0.112955 0.112955 0.112955 0 1.33333
245 1 0.111253 0.111253 0.111253 0 1.33333
204 1 0.110517 0.110517 0.110517 0 1.5
5 1 0.102519 0.102519 0.102519 0 2
242 1 0.0980907 0.0980907 0.0980907 0 1.33333
232 1 0.0850439 0.0850439 0.0850439 0 1.5
267 1 0.0561544 0.0561544 0.0561544 0 1.33333
273 1 0.0545191 0.0545191 0.0545191 0 1.5
237 1 0.0300349 0.0300349 0.0300349 0 1.33333
301 1 0.0300342 0.0300342 0.0300342 0 1.33333
243 1 0.0297814 0.0297814 0.0297814 0 1.33333
285 1 0.00226555 0.00226555 0.00226555 0 1.5
290 1 0.000909647 0.000909647 0.000909647 0 1.5
316 1 1e-08 1e-08 1e-08 0 1.33333
315 1 1e-08 1e-08 1e-08 0 1.33333
314 1 1e-08 1e-08 1e-08 0 1.33333
313 1 1e-08 1e-08 1e-08 0 1.33333

220 20 2.41828 1.92835 5.55511 3.38357 1.5
39 19 3.20506 3.20506 5.56668 2.36162 1.5
135 11 9.61517 9.61517 9.61517 1.77636e-15 1.5
317 2 52.8835 52.8835 52.8835 0 1.5
308 18 2.20348 2.20348 5.63932 3.43585 1.5
3 2 6.12207 6.12207 6.12207 0 2.5
297 1 2.93038 2.93038 2.93038 0 1.5
207 1 1.04735 1.04735 1.04735 0 1.33333
291 1 0.391068 0.391068 0.391068 5e-09 1.5
298 1 0.34013 0.34013 0.34013 0 1.33333
276 1 0.33984 0.33984 0.33984 0 1.33333
288 1 0.330235 0.330235 0.330235 0 1.33333
270 1 0.324779 0.324779 0.324779 0 1.33333
253 1 0.209403 0.209403 0.209403 0 1.33333
294 1 0.181008 0.181008 0.181008 0 1.33333
242 1 0.167073 0.167073 0.167073 0 1.33333
323 1 0.140653 0.140653 0.140653 0 1.5
254 1 0.11357 0.11357 0.134929 0.0213583 1.5
138 1 0.113351 0.113351 0.120246 0.00689442 1.5
199 1 0.113376 0.113376 0.113376 0 1.33333
90 1 0.112955 0.112955 0.112955 0 1.33333
245 1 0.111253 0.111253 0.111253 0 1.33333
204 1 0.110517 0.110517 0.110517 0 1.5
5 1 0.102519 0.102519 0.102519 0 2
232 1 0.0850439 0.0850439 0.0850439 0 1.5
267 1 0.0561544 0.0561544 0.0561544 0 1.33333
273 1 0.0545191 0.0545191 0.0545191 0 1.5
301 1 0.0300342 0.0300342 0.0300342 0 1.33333
243 1 0.0297814 0.0297814 0.0297814 0 1.33333
237 1 0.0150174 0.0150174 0.0150174 5e-09 1.33333
285 1 0.00226555 0.00226555 0.00226555 0 1.5
290 1 0.000909647 0.000909647 0.000909647 0 1.5
328 1 1e-08 1e-08 1e-08 0 1.5
327 1 1e-08 1e-08 1e-08 0 1.5
326 1 1e-08 1e-08 1e-08 0 1.5

220 22 2.69732 2.53301 5.73059 3.16099 1.5
308 18 5.87594 5.87594 5.87594 8.88178e-16 1.5
39 18 3.64714 3.64714 5.87594 2.2288 1.5
317 18 5.28835 5.28835 5.87594 0.587594 1.5
135 18 3.02191 3.02191 5.75862 2.73671 1.5
3 2 6.12207 6.12207 6.12207 0 2.5
297 1 1.46519 1.46519 1.47887 0.0136866 1.5
207 1 1.04735 1.04735 1.04735 0 1.33333
291 1 0.782135 0.782135 0.782135 0 1.5
298 1 0.34013 0.34013 0.34013 0 1.33333
138 1 0.340054 0.340054 0.340054 0 1.5

220 23 2.98426 2.80248 5.67994 2.81557 1.5
308 18 1.92303 1.92303 5.87594 3.95291 1.5
135 18 5.87594 5.87594 5.87594 8.88178e-16 1.5
317 18 4.59856 4.59856 5.87594 1.27738 1.5
39 17 3.52556 3.52556 5.60394 2.07837 1.5
3 2 6.12207 6.12207 6.12207 0 2.5
297 1 1.46519 1.46519 1.47818 0.0129909 1.5
207 1 1.04735 1.04735 1.04735 0 1.33333
291 1 0.782135 0.782135 0.782135 0 1.5
352 1 0.11357 0.11357 0.227141 0.11357 1.5
298 1 0.170065 0.170065 0.170065 5e-09 1.33333

220 29 2.41828 2.27098 4.62323 2.27216 1.5
39 16 6.61043 6.61043 6.61043 2.66454e-15 1.5
317 22 3.02191 3.02191 4.67395 1.65204 1.5
308 22 1.57861 1.57861 4.67303 3.09442 1.5
3 2 6.12207 6.12207 6.12207 0 2.5
297 1 1.46519 1.46519 1.52187 0.0566871 1.5
207 1 1.04735 1.04735 1.04735 0 1.33333
291 1 0.391068 0.391068 0.391068 5e-09 1.5
298 1 0.34013 0.34013 0.34013 0 1.33333
359 1 0.308159 0.308159 0.308159 0 1.5
352 1 0.11357 0.11357 0.227141 0.11357 1.5
366 1 0.0831292 0.0831292 0.0831292 0 1.5
357 1 0.0788514 0.0788514 0.0788514 5e-09 1.33333
358 1 0.0427166 0.0427166 0.0427166 0 1.5
356 1 0.00303638 0.00303638 0.00303638 0 1.5

220 27 1.63094 1.63094 4.66058 3.02965 1.5
308 7 15.1096 15.1096 15.1096 1.77636e-15 1.5
370 15 7.05113 7.05113 7.05113 1.77636e-15 1.5
39 21 1.60253 1.60253 4.73822 3.13569 1.5
3 2 6.12207 6.12207 6.12207 0 2.5
297 1 2.93038 2.93038 2.93038 0 1.5
291 1 1.94681 1.94681 2.33788 0.391068 1.5
207 1 1.04735 1.04735 1.04735 0 1.33333
298 1 0.34013 0.34013 0.34013 0 1.33333
359 1 0.308159 0.308159 0.308159 0 1.5
372 1 0.304771 0.304771 0.304771 0 1.5
378 1 0.17405 0.17405 0.17405 0 1.5
352 1 0.0757136 0.0757136 0.165666 0.0899525 1.5
357 1 0.157703 0.157703 0.157703 0 1.33333
371 1 0.0978629 0.0978629 0.0978629 0 1.33333
366 1 0.0831292 0.0831292 0.0831292 0 1.5
381 1 0.0201549 0.0201549 0.0201549 0 1.5
356 1 0.00303638 0.00303638 0.00303638 0 1.5
373 1 1e-08 1e-08 1e-08 0 1.33333
374 1 1e-08 1e-08 1e-08 0 1.33333
375 1 1e-08 1e-08 1e-08 0 1.33333
376 1 1e-08 1e-08 1e-08 0 1.33333
377 1 5e-09 5e-09 1e-08 5e-09 1.5
379 1 1e-08 1e-08 1e-08 0 1.33333
380 1 1e-08 1e-08 1e-08 0 1.33333
382 1 1e-08 1e-08 1e-08 0 1.33333

220 27 1.92138 1.92138 4.79172 2.87034 1.5
370 22 3.20506 3.20506 4.80759 1.60253 1.5
39 6 17.6278 17.6278 17.6278 0 1.5
308 22 2.4597 2.4597 4.73281 2.27311 1.5
3 2 6.12207 6.12207 6.12207 0 2.5
291 1 3.89362 3.89362 3.89362 0 1.5
297 1 2.93038 2.93038 2.93038 0 1.5
207 1 1.04159 1.04159 1.04159 0 1.33333
298 1 0.34013 0.34013 0.34013 0 1.33333
359 1 0.308159 0.308159 0.308159 0 1.5
372 1 0.304771 0.304771 0.304771 0 1.5
352 1 0.227141 0.227141 0.227141 0 1.5
378 1 0.17405 0.17405 0.17405 0 1.5
385 1 0.167165 0.167165 0.167165 0 1.33333
357 1 0.157061 0.157061 0.157061 0 1.33333
366 1 0.0656031 0.0656031 0.107168 0.0415646 1.5
371 1 0.0978629 0.0978629 0.0978629 0 1.33333
381 1 0.0201549 0.0201549 0.0201549 0 1.5
356 1 0.00303638 0.00303638 0.00303638 0 1.5
388 1 0.000661513 0.000661513 0.000661513 0 1.5
393 1 1e-08 1e-08 1e-08 0 1.33333
392 1 1e-08 1e-08 1e-08 0 1.33333
391 1 1e-08 1e-08 1e-08 0 1.5
390 1 1e-08 1e-08 1e-08 0 1.33333
389 1 1e-08 1e-08 1e-08 0 1.5
387 1 5e-09 5e-09 1e-08 5e-09 1.5
386 1 5e-09 5e-09 1e-08 5e-09 1.5

220 22 2.22636 2.22636 5.93287 3.70651 1.5
394 4 26.4417 26.4417 26.4417 0 1.5
39 18 5.03652 5.03652 5.87594 0.83942 1.5
308 18 5.03652 5.03652 5.87594 0.83942 1.5
370 18 2.11534 2.11534 5.76653 3.65119 1.5
3 2 6.12207 6.12207 6.12207 0 2.5
297 1 2.93038 2.93038 2.93038 0 1.5
291 1 1.94681 1.94681 2.03384 0.0870248 1.5
207 1 1.04173 1.04173 1.04173 0 1.33333
298 1 0.34013 0.34013 0.34013 0 1.33333
359 1 0.308159 0.308159 0.308159 0 1.5
372 1 0.304771 0.304771 0.304771 0 1.5
352 1 0.227141 0.227141 0.227141 0 1.5
385 1 0.167165 0.167165 0.167165 0 1.33333
406 1 0.158105 0.158105 0.158105 0 1.5
357 1 0.157703 0.157703 0.157703 0 1.33333
366 1 0.131206 0.131206 0.131206 0 1.5
371 1 0.0978629 0.0978629 0.0978629 0 1.33333
381 1 0.0201549 0.0201549 0.0201549 0 1.5
401 1 0.0108606 0.0108606 0.0108606 0 1.5
405 1 0.00552334 0.00552334 0.00552334 0 1.5
356 1 0.00303638 0.00303638 0.00303638 0 1.5
388 1 0.000330756 0.000330756 0.000661513 0.000330756 1.5
408 1 1e-08 1e-08 1e-08 0 1.33333
407 1 1e-08 1e-08 1e-08 0 1.33333

220 23 2.64642 2.64642 5.84187 3.19545 1.5
370 18 5.87594 5.87594 5.87594 8.88178e-16 1.5
39 1 105.767 105.767 105.767 0 1.5
394 18 1.65261 1.65261 5.78905 4.13645 1.5
308 17 4.23068 4.23068 5.99619 1.76551 1.5
3 2 6.12207 6.12207 6.12207 0 2.5
291 1 1.94681 1.94681 3.68127 1.73446 1.5
297 1 1.46519 1.46519 1.46519 5e-09 1.5
207 1 1.04159 1.04159 1.04159 0 1.33333
298 1 0.34013 0.34013 0.34013 0 1.33333
359 1 0.308159 0.308159 0.308159 0 1.5
372 1 0.304771 0.304771 0.304771 0 1.5
352 1 0.227141 0.227141 0.227141 0 1.5
385 1 0.167165 0.167165 0.167165 0 1.33333
406 1 0.158105 0.158105 0.158105 0 1.5
357 1 0.157703 0.157703 0.157703 0 1.33333
366 1 0.131206 0.131206 0.131206 0 1.5
371 1 0.0978629 0.0978629 0.0978629 0 1.33333
381 1 0.0201549 0.0201549 0.0201549 0 1.5
405 1 0.0168874 0.0168874 0.0196491 0.00276167 1.5
401 1 0.0108606 0.0108606 0.0108606 0 1.5
356 1 0.00303638 0.00303638 0.00303638 0 1.5
388 1 0.000661513 0.000661513 0.000661513 0 1.5
423 1 1e-08 1e-08 1e-08 0 1.33333
422 1 1e-08 1e-08 1e-08 0 1.33333
421 1 1e-08 1e-08 1e-08 0 1.33333
420 1 1e-08 1e-08 1e-08 0 1.33333
419 1 1e-08 1e-08 1e-08 0 1.33333

431 1 140.26 140.26 140.26 0 1.5
220 18 3.1169 3.1169 7.42086 4.30396 1.5
308 14 6.22158 6.22158 7.55478 1.3332 1.5
394 14 5.56668 5.56668 7.55478 1.9881 1.5
370 14 2.03398 2.03398 7.27037 5.23639 1.5
39 14 3.52556 3.52556 7.09819 3.57263 1.5
3 1 6.12207 6.12207 12.2441 6.12207 2.5
291 1 3.89362 3.89362 3.89362 0 1.5
297 1 2.93038 2.93038 2.93038 0 1.5
207 1 1.04159 1.04159 1.04159 0 1.33333
298 1 0.34013 0.34013 0.34013 0 1.33333
359 1 0.308159 0.308159 0.308159 0 1.5
372 1 0.304771 0.304771 0.304771 0 1.5
352 1 0.227141 0.227141 0.227141 0 1.5
385 1 0.167165 0.167165 0.167165 0 1.33333
406 1 0.158105 0.158105 0.158105 0 1.5
357 1 0.157703 0.157703 0.157703 0 1.33333
366 1 0.131206 0.131206 0.131206 0 1.5
371 1 0.0978629 0.0978629 0.0978629 0 1.33333
405 1 0.0337749 0.0337749 0.0337749 0 1.5
381 1 0.0201549 0.0201549 0.0201549 0 1.5
401 1 0.0108606 0.0108606 0.0108606 0 1.5
356 1 0.00151819 0.00151819 0.00151819 5e-09 1.5
388 1 0.000661513 0.000661513 0.000661513 0 1.5
436 1 1e-08 1e-08 1e-08 0 1.5
435 1 1e-08 1e-08 1e-08 0 1.33333
434 1 1e-08 1e-08 1e-08 0 1.5
433 1 1e-08 1e-08 1e-08 0 1.33333
432 1 1e-08 1e-08 1e-08 0 1.5
430 1 1e-08 1e-08 1e-08 0 1.33333
429 1 1e-08 1e-08 1e-08 0 1.5
428 1 1e-08 1e-08 1e-08 0 1.5

220 13 10.7893 10.7893 10.7893 1.77636e-15 1.5
431 19 2.41828 2.41828 7.25852 4.84023 1.5
394 14 3.77739 3.77739 7.55478 3.77739 1.5
39 11 9.61517 9.61517 9.61517 1.77636e-15 1.5
308 14 3.41184 3.41184 7.55478 4.14294 1.5
370 13 8.13592 8.13592 8.13592 0 1.5
3 1 12.2441 12.2441 12.2441 0 2.5
291 1 3.89362 3.89362 3.89362 0 1.5
297 1 2.93038 2.93038 2.93038 0 1.5
207 1 1.04173 1.04173 1.04173 0 1.33333
298 1 0.34013 0.34013 0.34013 0 1.33333
372 1 0.304771 0.304771 0.304771 0 1.5
352 1 0.227141 0.227141 0.227141 0 1.5
385 1 0.167165 0.167165 0.167165 0 1.33333
406 1 0.158105 0.158105 0.158105 0 1.5
357 1 0.157703 0.157703 0.157703 0 1.33333
359 1 0.15408 0.15408 0.15408 5e-09 1.5
366 1 0.131206 0.131206 0.131206 0 1.5
371 1 0.0978629 0.0978629 0.0978629 0 1.33333
451 1 0.0644137 0.0644137 0.0644137 0 1.5
449 1 0.0522682 0.0522682 0.0522682 0 1.33333
442 1 0.0517868 0.0517868 0.0517868 0 1.5
381 1 0.0201549 0.0201549 0.0201549 0 1.5

431 19 4.38314 4.38314 7.21193 2.82879 1.5
220 18 3.1169 3.1169 7.45385 4.33696 1.5
39 14 3.30522 3.30522 7.55478 4.24956 1.5
370 13 8.13592 8.13592 8.13592 0 1.5
308 14 5.28835 5.28835 7.55478 2.26643 1.5
394 14 5.03652 5.03652 7.55478 2.51826 1.5
3 1 12.2441 12.2441 12.2441 0 2.5
291 1 3.89362 3.89362 3.89362 0 1.5
297 1 2.93038 2.93038 2.93038 0 1.5
207 1 1.04735 1.04735 1.04735 0 1.33333
298 1 0.34013 0.34013 0.34013 0 1.33333
359 1 0.308159 0.308159 0.308159 0 1.5
372 1 0.304771 0.304771 0.304771 0 1.5
385 1 0.167165 0.167165 0.167165 0 1.33333
406 1 0.158105 0.158105 0.158105 0 1.5

431 19 2.12516 2.12516 7.13463 5.00948 1.5
220 16 2.50465 2.50465 6.91801 4.41336 1.5
394 10 10.5767 10.5767 10.5767 1.77636e-15 1.5
39 1 105.767 105.767 105.767 0 1.5
370 15 4.06796 4.06796 7.05113 2.98317 1.5
308 12 8.81391 8.81391 8.81391 0 1.5
3 1 12.2441 12.2441 12.2441 0 2.5
291 1 3.89362 3.89362 3.89362 0 1.5
297 1 2.93038 2.93038 2.93038 0 1.5
207 1 1.04159 1.04159 1.04159 0 1.33333
298 1 0.34013 0.34013 0.34013 0 1.33333
372 1 0.304771 0.304771 0.304771 0 1.5
471 1 0.11357 0.11357 0.227141 0.11357 1.5
385 1 0.167165 0.167165 0.167165 0 1.33333
406 1 0.158105 0.158105 0.158105 0 1.5
359 1 0.15408 0.15408 0.15408 5e-09 1.5
470 1 0.052269 0.052269 0.052269 0 1.33333
486 1 0.015784 0.015784 0.015784 0 1.33333
484 1 0.00982061 0.00982061 0.00982061 0 1.5
485 1 0.00107967 0.00107967 0.00215934 0.00107967 1.5
472 1 1e-08 1e-08 1e-08 0 1.33333
473 1 1e-08 1e-08 1e-08 0 1.33333
474 1 1e-08 1e-08 1e-08 0 1.5
475 1 1e-08 1e-08 1e-08 0 1.5
476 1 1e-08 1e-08 1e-08 0 1.33333
477 1 1e-08 1e-08 1e-08 0 1.33333
478 1 1e-08 1e-08 1e-08 0 1.5
479 1 1e-08 1e-08 1e-08 0 1.33333
480 1 1e-08 1e-08 1e-08 0 1.33333
481 1 1e-08 1e-08 1e-08 0 1.33333
482 1 1e-08 1e-08 1e-08 0 1.33333
483 1 1e-08 1e-08 1e-08 0 1.33333
469 1 1e-08 1e-08 1e-08 0 1.5

431 24 2.00372 2.00372 5.76099 3.75727 1.5
308 12 8.81391 8.81391 8.81391 0 1.5
370 18 5.28835 5.28835 5.87594 0.587594 1.5
394 18 4.40695 4.40695 5.87594 1.46898 1.5
220 16 4.06796 4.06796 5.92687 1.85891 1.5
3 1 12.2441 12.2441 12.2441 0 2.5
291 1 3.89362 3.89362 3.89362 0 1.5
497 1 3.46892 3.46892 3.46892 0 1.5
297 1 2.93038 2.93038 2.93038 0 1.5
207 1 1.04735 1.04735 1.04735 0 1.33333
298 1 0.34013 0.34013 0.34013 0 1.33333
372 1 0.304771 0.304771 0.304771 0 1.5
471 1 0.227141 0.227141 0.227141 0 1.5
385 1 0.167165 0.167165 0.167165 0 1.33333
406 1 0.158105 0.158105 0.158105 0 1.5
359 1 0.15408 0.15408 0.15408 5e-09 1.5
489 1 0.0879131 0.0879131 0.0879131 0 1.5
491 1 0.0768991 0.0768991 0.0768991 0 1.33333

503 20 7.01302 7.01302 7.01302 0 1.5
431 22 3.79082 3.79082 6.23085 2.44003 1.5
308 17 4.06796 4.06796 6.22158 2.15363 1.5
394 17 2.40379 2.40379 6.22158 3.81779 1.5
370 16 2.93797 2.93797 6.43062 3.49265 1.5
3 1 12.2441 12.2441 12.2441 0 2.5
291 1 3.89362 3.89362 3.89362 0 1.5
497 1 3.46892 3.46892 3.46892 0 1.5
297 1 2.93038 2.93038 2.93038 0 1.5
207 1 1.04735 1.04735 1.04735 0 1.33333
514 1 0.661603 0.661603 0.661603 0 1.5
298 1 0.34013 0.34013 0.34013 0 1.33333
372 1 0.304771 0.304771 0.304771 0 1.5
471 1 0.227141 0.227141 0.227141 0 1.5

431 22 3.42099 3.42099 6.2279 2.80691 1.5
503 22 2.26226 2.26226 6.22374 3.96148 1.5
370 16 6.61043 6.61043 6.61043 2.66454e-15 1.5
394 17 5.56668 5.56668 6.22158 0.654904 1.5
308 16 3.52556 3.52556 6.39715 2.87159 1.5
3 1 12.2441 12.2441 12.2441 0 2.5
497 1 3.46892 3.46892 3.46892 0 1.5
297 1 2.93038 2.93038 2.93038 0 1.5
291 1 1.94681 1.94681 1.94762 0.000808584 1.5
207 1 1.04735 1.04735 1.04735 0 1.33333
514 1 0.661603 0.661603 0.661603 0 1.5
298 1 0.34013 0.34013 0.34013 0 1.33333
542 1 0.340066 0.340066 0.340066 0 1.33333

503 22 3.18774 3.18774 6.33984 3.1521 1.5
431 21 2.26226 2.26226 6.46761 4.20535 1.5
370 17 3.52556 3.52556 6.22158 2.69602 1.5
308 16 6.61043 6.61043 6.61043 2.66454e-15 1.5
394 17 4.59856 4.59856 6.22158 1.62302 1.5
3 1 12.2441 12.2441 12.2441 0 2.5
291 1 3.89362 3.89362 3.89362 0 1.5
497 1 3.46892 3.46892 3.46892 0 1.5
297 1 2.93038 2.93038 2.93038 0 1.5
207 1 1.04735 1.04735 1.04735 0 1.33333
514 1 0.661603 0.661603 0.661603 0 1.5
298 1 0.34013 0.34013 0.34013 0 1.33333
542 1 0.340066 0.340066 0.340066 0 1.33333

431 22 3.1169 3.1169 6.34063 3.22373 1.5
503 22 2.55019 2.55019 6.25965 3.70946 1.5
394 16 6.61043 6.61043 6.61043 2.66454e-15 1.5
308 4 26.4417 26.4417 26.4417 0 1.5
370 16 2.11534 2.11534 6.48109 4.36575 1.5
3 1 12.2441 12.2441 12.2441 0 2.5
291 1 3.89362 3.89362 3.89362 0 1.5
497 1 3.46892 3.46892 3.46892 0 1.5
207 1 1.04735 1.04735 1.04735 0 1.33333
297 1 0.976792 0.976792 0.989709 0.0129175 1.5
514 1 0.661603 0.661603 0.661603 0 1.5
298 1 0.34013 0.34013 0.34013 0 1.33333
542 1 0.340066 0.340066 0.340066 0 1.33333
575 1 0.00143842 0.00143842 0.00143842 0 1.5
572 1 2.6599e-05 2.6599e-05 2.6599e-05 0 1.5
581 1 1e-08 1e-08 1e-08 0 1.33333
580 1 1e-08 1e-08 1e-08 0 1.33333
579 1 1e-08 1e-08 1e-08 0 1.5
578 1 1e-08 1e-08 1e-08 0 1.5
577 1 1e-08 1e-08 1e-08 0 1.5
576 1 1e-08 1e-08 1e-08 0 1.33333
574 1 1e-08 1e-08 1e-08 0 1.5
573 1 1e-08 1e-08 1e-08 0 1.33333
571 1 1e-08 1e-08 1e-08 0 1.33333
570 1 1e-08 1e-08 1e-08 0 1.33333
569 1 1e-08 1e-08 1e-08 0 1.5

431 22 2.26226 2.26226 6.33147 4.06921 1.5
503 21 3.50651 3.50651 6.36144 2.85493 1.5
308 11 9.61517 9.61517 9.61517 1.77636e-15 1.5
370 11 9.61517 9.61517 9.61517 1.77636e-15 1.5
394 16 2.93797 2.93797 6.42693 3.48896 1.5
3 1 12.2441 12.2441 12.2441 0 2.5
291 1 3.89362 3.89362 3.89362 0 1.5
497 1 3.46892 3.46892 3.46892 0 1.5
207 1 1.04159 1.04159 1.04159 0 1.33333
297 1 0.976792 0.976792 0.976792 6.66667e-09 1.5
514 1 0.661603 0.661603 0.661603 0 1.5
298 1 0.34013 0.34013 0.34013 0 1.33333
542 1 0.340066 0.340066 0.340066 0 1.33333
594 1 0.165096 0.165096 0.165096 0 1.33333
589 1 0.00581757 0.00581757 0.00581757 0 1.33333
578 1 0.00331487 0.00331487 0.00331556 6.90864e-07 1.5
575 1 0.00143842 0.00143842 0.00143842 0 1.5
572 1 2.6599e-05 2.6599e-05 2.6599e-05 0 1.5
593 1 1e-08 1e-08 1e-08 0 1.33333
592 1 1e-08 1e-08 1e-08 0 1.33333
591 1 1e-08 1e-08 1e-08 0 1.33333
590 1 1e-08 1e-08 1e-08 0 1.33333
581 1 1e-08 1e-08 1e-08 0 1.33333
588 1 1e-08 1e-08 1e-08 0 1.33333
587 1 1e-08 1e-08 1e-08 0 1.5

503 22 3.89612 3.89612 6.02885 2.13272 1.5
431 21 2.46071 2.46071 6.25371 3.793 1.5
394 16 6.61043 6.61043 6.61043 2.66454e-15 1.5
370 13 8.13592 8.13592 8.13592 0 1.5
308 16 3.02191 3.02191 6.24412 3.22221 1.5
3 1 12.2441 12.2441 12.2441 0 2.5
497 1 3.46892 3.46892 3.46892 0 1.5
291 1 1.94681 1.94681 1.95421 0.00739737 1.5
297 1 1.46519 1.46519 1.62788 0.162696 1.5
514 1 0.661603 0.661603 0.661603 0 1.5
207 1 0.523674 0.523674 0.523674 5e-09 1.33333
298 1 0.34013 0.34013 0.34013 0 1.33333
542 1 0.340066 0.340066 0.340066 0 1.33333
603 1 0.258971 0.258971 0.258971 0 1.33333
594 1 0.165096 0.165096 0.165096 0 1.33333
610 1 0.111493 0.111493 0.111493 0 1.5
602 1 0.0831292 0.0831292 0.0831292 0 1.5
606 1 0.0377039 0.0377039 0.0377039 0 1.33333

503 21 2.55019 2.55019 6.46882 3.91863 1.5
431 20 3.69106 3.69106 6.28357 2.59251 1.5
394 17 3.02191 3.02191 6.22158 3.19967 1.5
308 13 8.13592 8.13592 8.13592 0 1.5
370 17 4.59856 4.59856 6.22158 1.62302 1.5
497 2 13.97 1.15631 7.56343 6.40685 1.5
3 1 12.2441 12.2441 12.2441 0 2.5
291 1 3.89362 3.89362 3.89362 0 1.5
633 1 2.96356 2.96356 2.96356 0 1.5
297 1 2.93038 2.93038 2.93038 0 1.5
622 1 2.44341 2.44341 2.44341 0 1.5
207 1 1.04735 1.04735 1.04735 0 1.33333
514 1 0.661603 0.661603 0.661603 0 1.5
298 1 0.34013 0.34013 0.34013 0 1.33333
542 1 0.340066 0.340066 0.340066 0 1.33333
603 1 0.266869 0.266869 0.266869 0 1.33333
594 1 0.165096 0.165096 0.165096 0 1.33333

503 22 2.64642 2.64642 6.37547 3.72905 1.5
431 21 4.12531 4.12531 6.29062 2.16531 1.5
370 17 7.38213 5.56668 6.54196 0.952828 1.5
394 16 2.71197 2.71197 6.45781 3.74584 1.5
308 16 6.09828 4.59856 6.42104 1.76645 1.5
497 2 13.97 1.29787 8.2121 6.36239 1.5
3 1 12.2441 12.2441 12.2441 0 2.5
633 1 2.96356 2.96356 2.96356 0 1.5
297 1 2.93038 2.93038 2.93038 0 1.5
622 1 1.2217 1.2217 1.2265 0.00479876 1.5
207 1 1.04735 1.04735 1.04735 0 1.33333
514 1 0.661603 0.661603 0.661603 0 1.5
298 1 0.34013 0.34013 0.34013 0 1.33333

431 21 2.12516 2.12516 6.58423 4.45907 1.5
503 21 3.79082 3.79082 6.50034 2.70952 1.5
308 14 7.55478 7.55478 7.55478 8.88178e-16 1.5
394 15 5.28835 5.28835 6.70364 1.41529 1.5
370 15 3.26187 2.4597 6.65702 4.11072 1.5
651 1 41.91 41.91 41.91 0 1.5
3 1 12.2441 12.2441 12.2441 0 2.5
497 1 3.89362 3.89362 3.89362 0 1.5
633 1 1.48178 1.48178 2.96356 1.48178 1.5
622 1 2.44341 2.44341 2.44341 0 1.5
297 1 1.46519 1.46519 1.4674 0.00221422 1.5
207 1 1.04735 1.04735 1.04735 0 1.33333
514 1 0.661603 0.661603 0.661603 0 1.5
298 1 0.34013 0.34013 0.34013 0 1.33333
655 1 0.114116 0.114116 0.114116 0 1.5
653 1 0.052267 0.052267 0.052267 0 1.33333
659 1 0.0300369 0.0300369 0.0300369 0 1.33333
657 1 0.00998386 0.00998386 0.00998386 0 1.5
658 1 0.00468069 0.00468069 0.00468069 0 1.5
652 1 1e-08 1e-08 1e-08 0 1.33333

503 21 3.18774 3.18774 6.5634 3.37566 1.5
431 20 3.18774 3.18774 6.73765 3.54991 1.5
370 14 9.40833 7.55478 7.68718 0.477363 1.5
394 16 5.03652 5.03652 6.61043 1.57391 1.5
308 15 3.30522 3.30522 6.8308 3.52558 1.5
651 1 41.91 41.91 41.91 0 1.5
3 1 12.2441 12.2441 12.2441 0 2.5
497 1 3.89362 3.89362 3.89362 0 1.5
633 1 2.96356 2.96356 2.96356 0 1.5
622 1 2.44341 2.44341 2.44341 0 1.5
207 1 1.04173 1.04173 1.04173 0 1.33333
297 1 0.976792 0.976792 0.978268 0.00147615 1.5
514 1 0.661603 0.661603 0.661603 0 1.5
298 1 0.170065 0.170065 0.340129 0.170064 1.33333
671 1 0.292041 0.292041 0.292041 0 1.5
655 1 0.114116 0.114116 0.114116 0 1.5
670 1 0.113344 0.113344 0.113344 0 1.33333
682 1 0.0936359 0.0936359 0.0936359 0 1.33333
653 1 0.052267 0.052267 0.052267 0 1.33333
659 1 0.0300369 0.0300369 0.0300369 0 1.33333

431 31 4.52453 4.52453 4.52453 0 1.5
503 28 1.33581 1.33581 4.39088 3.05507 1.5
394 23 3.77739 3.77739 4.44628 0.668895 1.5
651 1 41.91 41.91 41.91 0 1.5
3 1 12.2441 12.2441 12.2441 0 2.5
497 1 3.89362 3.89362 3.89362 0 1.5
622 1 2.44341 2.44341 2.44341 0 1.5
633 1 1.48178 1.48178 1.48179 1.32995e-05 1.5
687 1 1.46519 1.46519 1.46519 5e-09 1.5
207 1 1.04735 1.04735 1.04735 0 1.33333
514 1 0.661603 0.661603 0.661603 0 1.5
298 1 0.34013 0.34013 0.34013 0 1.33333
702 1 0.340081 0.340081 0.340081 0 1.33333
694 1 0.311814 0.311814 0.311814 0 1.33333
671 1 0.14602 0.14602 0.14602 5e-09 1.5
655 1 0.114116 0.114116 0.114116 0 1.5
670 1 0.113344 0.113344 0.113344 0 1.33333
682 1 0.0936359 0.0936359 0.0936359 0 1.33333
701 1 0.0918715 0.0918715 0.0918715 0 1.33333
653 1 0.052267 0.052267 0.052267 0 1.33333
659 1 0.0300369 0.0300369 0.0300369 0 1.33333
297 1 0.00442843 0.00442843 0.00442843 0 1.5

722 1 140.26 140.26 140.26 0 1.5
431 23 1.77545 1.77545 6.05275 4.2773 1.5
503 22 3.33953 3.33953 6.07611 2.73658 1.5
394 17 2.78334 2.78334 6.05996 3.27662 1.5
651 2 20.955 20.955 20.955 0 1.5
3 1 12.2441 12.2441 12.2441 0 2.5
497 1 3.89362 3.89362 3.89362 0 1.5
633 1 2.96356 2.96356 2.96356 0 1.5
687 1 1.46519 1.46519 1.4674 0.00221422 1.5
622 1 1.2217 1.2217 1.30076 0.0790524 1.5
514 1 0.661603 0.661603 0.661603 0 1.5
207 1 0.523674 0.523674 0.523674 5e-09 1.33333
298 1 0.34013 0.34013 0.34013 0 1.33333
702 1 0.340081 0.340081 0.340081 0 1.33333
715 1 0.323683 0.323683 0.323683 0 1.5
694 1 0.311814 0.311814 0.311814 0 1.33333
671 1 0.292041 0.292041 0.292041 0 1.5
720 1 0.116464 0.116464 0.116464 0 1.5
655 1 0.114116 0.114116 0.114116 0 1.5
670 1 0.113344 0.113344 0.113344 0 1.33333
682 1 0.0936359 0.0936359 0.0936359 0 1.33333
701 1 0.0918715 0.0918715 0.0918715 0 1.33333
653 1 0.052267 0.052267 0.052267 0 1.33333
659 1 0.0300369 0.0300369 0.0300369 0 1.33333
714 1 0.0172586 0.0172586 0.0172586 0 1.5
712 1 0.0125429 0.0125429 0.0148833 0.00234035 1.5
713 1 0.00027173 0.00027173 0.00027173 0 1.5
710 1 1.37173e-06 1.37173e-06 2.74346e-06 1.37173e-06 1.5
705 1 1e-08 1e-08 1e-08 0 1.5
716 1 1e-08 1e-08 1e-08 0 1.33333
706 1 1e-08 1e-08 1e-08 0 1.33333
717 1 1e-08 1e-08 1e-08 0 1.5
718 1 1e-08 1e-08 1e-08 0 1.33333
707 1 1e-08 1e-08 1e-08 0 1.33333
719 1 1e-08 1e-08 1e-08 0 1.5
708 1 1e-08 1e-08 1e-08 0 1.33333
721 1 1e-08 1e-08 1e-08 0 1.5
709 1 1e-08 1e-08 1e-08 0 1.33333
711 1 1e-08 1e-08 1e-08 0 1.33333

503 4 35.0651 35.0651 35.0651 0 1.5
728 1 140.26 140.26 140.26 0 1.5
431 18 2.92209 2.92209 7.63148 4.70939 1.5
722 18 2.00372 2.00372 7.47231 5.46859 1.5
394 14 6.22158 6.22158 7.55478 1.3332 1.5
651 2 20.955 20.955 20.955 0 1.5
3 1 12.2441 12.2441 12.2441 0 2.5
497 1 3.89362 3.89362 3.89362 0 1.5
633 1 2.96356 2.96356 2.96356 0 1.5
622 1 2.44341 2.44341 2.44341 0 1.5
687 1 1.46519 1.46519 1.4674 0.00221422 1.5
207 1 1.04735 1.04735 1.04735 0 1.33333
514 1 0.661603 0.661603 0.661603 0 1.5
298 1 0.34013 0.34013 0.34013 0 1.33333
702 1 0.340081 0.340081 0.340081 0 1.33333
715 1 0.323683 0.323683 0.323683 0 1.5
694 1 0.311814 0.311814 0.311814 0 1.33333
671 1 0.292041 0.292041 0.292041 0 1.5
655 1 0.114116 0.114116 0.114116 0 1.5
670 1 0.113344 0.113344 0.113344 0 1.33333
739 1 0.109699 0.109699 0.109699 0 1.5
682 1 0.0936359 0.0936359 0.0936359 0 1.33333
701 1 0.0918715 0.0918715 0.0918715 0 1.33333
720 1 0.058232 0.058232 0.0609455 0.00271348 1.5
653 1 0.052267 0.052267 0.052267 0 1.33333
659 1 0.0150184 0.0150184 0.0299463 0.0149278 1.33333
712 1 0.0250859 0.0250859 0.0250859 0 1.5
714 1 0.0172586 0.0172586 0.0172586 0 1.5
729 1 0.014928 0.014928 0.014928 5e-09 1.33333
713 1 0.00027173 0.00027173 0.00027173 0 1.5
710 1 2.74346e-06 2.74346e-06 2.74346e-06 0 1.5
727 1 1e-08 1e-08 1e-08 0 1.33333
730 1 1e-08 1e-08 1e-08 0 1.33333
731 1 1e-08 1e-08 1e-08 0 1.33333
732 1 1e-08 1e-08 1e-08 0 1.33333
733 1 1e-08 1e-08 1e-08 0 1.33333
734 1 1e-08 1e-08 1e-08 0 1.33333
735 1 1e-08 1e-08 1e-08 0 1.33333
736 1 1e-08 1e-08 1e-08 0 1.33333
737 1 1e-08 1e-08 1e-08 0 1.33333
738 1 1e-08 1e-08 1e-08 0 1.33333
740 1 1e-08 1e-08 1e-08 0 1.33333
726 1 1e-08 1e-08 1e-08 0 1.33333
725 1 5e-09 5e-09 1e-08 5e-09 1.5
724 1 1e-08 1e-08 1e-08 0 1.33333
723 1 1e-08 1e-08 1e-08 0 1.33333
711 1 1e-08 1e-08 1e-08 0 1.33333
709 1 1e-08 1e-08 1e-08 0 1.33333
721 1 1e-08 1e-08 1e-08 0 1.5
708 1 1e-08 1e-08 1e-08 0 1.33333

728 19 4.00744 4.00744 7.38213 3.37469 1.5
722 13 10.7893 10.7893 10.7893 1.77636e-15 1.5
503 18 5.39463 5.39463 7.49546 2.10083 1.5
431 18 3.26187 3.26187 7.44414 4.18227 1.5
394 14 7.55478 7.55478 7.55478 8.88178e-16 1.5
651 2 20.955 20.955 20.955 0 1.5
3 1 12.2441 12.2441 12.2441 0 2.5
497 1 3.89362 3.89362 3.89362 0 1.5
633 1 2.96356 2.96356 2.96356 0 1.5
622 1 2.44341 2.44341 2.44341 0 1.5
687 1 1.46519 1.46519 1.46519 5e-09 1.5
207 1 1.04735 1.04735 1.04735 0 1.33333
514 1 0.661603 0.661603 0.661603 0 1.5
298 1 0.34013 0.34013 0.34013 0 1.33333
702 1 0.340081 0.340081 0.340081 0 1.33333
715 1 0.323683 0.323683 0.323683 0 1.5
694 1 0.311814 0.311814 0.311814 0 1.33333
671 1 0.14602 0.14602 0.14602 5e-09 1.5
749 1 0.139477 0.139477 0.139597 0.000120591 1.5
670 1 0.113344 0.113344 0.113344 0 1.33333
739 1 0.109699 0.109699 0.109699 0 1.5
682 1 0.0936359 0.0936359 0.0936359 0 1.33333
701 1 0.0918715 0.0918715 0.0918715 0 1.33333

503 16 5.61042 5.61042 8.76628 3.15586 1.5
431 16 3.89612 3.89612 8.52755 4.63143 1.5
722 16 3.89612 3.89612 8.31554 4.41942 1.5
728 16 2.7502 2.7502 8.31021 5.56 1.5
758 5 28.0521 1.16839 22.6753 10.7535 1.5
394 12 7.55478 7.55478 8.81391 1.25913 1.5
651 2 20.955 20.955 20.955 0 1.5
3 1 12.2441 12.2441 12.2441 0 2.5
497 1 3.89362 3.89362 3.89362 0 1.5
633 1 2.96356 2.96356 2.96356 0 1.5
622 1 2.44341 2.44341 2.44341 0 1.5
687 1 1.46519 1.46519 1.51518 0.0499925 1.5
207 1 1.04173 1.04173 1.04173 0 1.33333
514 1 0.661603 0.661603 0.661603 0 1.5
298 1 0.34013 0.34013 0.34013 0 1.33333
702 1 0.340081 0.340081 0.340081 0 1.33333
771 1 0.340058 0.340058 0.340058 0 1.33333
715 1 0.323683 0.323683 0.323683 0 1.5
671 1 0.292041 0.292041 0.292041 0 1.5
749 1 0.278954 0.278954 0.278954 0 1.5
767 1 0.122396 0.122396 0.122396 0 1.5
739 1 0.109699 0.109699 0.109699 0 1.5
682 1 0.0936359 0.0936359 0.0936359 0 1.33333
701 1 0.0918715 0.0918715 0.0918715 0 1.33333
670 1 0.0566721 0.0566721 0.0566721 5e-09 1.33333

728 12 11.6884 11.6884 11.6884 0 1.5
431 19 3.18774 3.18774 7.38213 4.19439 1.5
503 18 2.3773 2.3773 7.66567 5.28838 1.5
722 18 3.26187 3.26187 7.61411 4.35224 1.5
394 12 8.81391 8.81391 8.81391 0 1.5
651 2 20.955 20.955 20.955 0 1.5
3 1 12.2441 12.2441 12.2441 0 2.5
497 1 3.89362 3.89362 3.89362 0 1.5
633 1 2.96356 2.96356 2.96356 0 1.5
622 1 2.44341 2.44341 2.44341 0 1.5
687 1 1.46519 1.46519 1.4674 0.00221422 1.5
207 1 1.04735 1.04735 1.04735 0 1.33333
514 1 0.661603 0.661603 0.661603 0 1.5
298 1 0.34013 0.34013 0.34013 0 1.33333
702 1 0.340081 0.340081 0.340081 0 1.33333
771 1 0.340058 0.340058 0.340058 0 1.33333
715 1 0.323683 0.323683 0.323683 0 1.5
671 1 0.292041 0.292041 0.292041 0 1.5
749 1 0.139477 0.139477 0.278954 0.139477 1.5
670 1 0.113344 0.113344 0.113344 0 1.33333
774 1 0.111493 0.111493 0.111493 0 1.5
739 1 0.109699 0.109699 0.109699 0 1.5
701 1 0.0918715 0.0918715 0.0918715 0 1.33333
767 1 0.0611979 0.0611979 0.0859774 0.0247795 1.5
682 1 0.0753662 0.0753662 0.0753662 0 1.33333
772 1 1e-08 1e-08 1e-08 0 1.5

431 23 2.26226 2.26226 6.00135 3.73908 1.5
503 23 4.52453 4.52453 5.9034 1.37887 1.5
728 23 2.3773 2.3773 5.84929 3.47199 1.5
394 12 8.81391 8.81391 8.81391 0 1.5
651 2 20.955 20.955 20.955 0 1.5
3 1 12.2441 12.2441 12.2441 0 2.5
497 1 3.89362 3.89362 3.89362 0 1.5
633 1 2.96356 2.96356 2.96356 0 1.5
622 1 2.44341 2.44341 2.44341 0 1.5
687 1 1.46519 1.46519 1.46519 5e-09 1.5
207 1 1.04159 1.04159 1.04159 0 1.33333
514 1 0.661603 0.661603 0.661603 0 1.5
298 1 0.34013 0.34013 0.34013 0 1.33333
702 1 0.340081 0.340081 0.340081 0 1.33333
771 1 0.340058 0.340058 0.340058 0 1.33333
715 1 0.323683 0.323683 0.323683 0 1.5
749 1 0.278954 0.278954 0.278954 0 1.5
785 1 0.274809 0.274809 0.274809 0 1.5
791 1 0.161248 0.161248 0.161248 0 1.33333
671 1 0.14602 0.14602 0.146164 0.000143414 1.5
767 1 0.122396 0.122396 0.122396 0 1.5
787 1 0.113369 0.113369 0.113369 0 1.33333
670 1 0.113344 0.113344 0.113344 0 1.33333

503 19 2.22636 2.22636 7.26712 5.04077 1.5
728 18 5.61042 5.61042 7.48057 1.87015 1.5
431 18 2.98426 2.98426 7.47417 4.48991 1.5
792 15 9.35069 0.471883 8.75877 2.21476 1.5
394 12 8.81391 8.81391 8.81391 0 1.5
651 2 20.955 20.955 20.955 0 1.5
3 1 12.2441 12.2441 12.2441 0 2.5
633 1 2.96356 2.96356 2.96356 0 1.5
622 1 2.44341 2.44341 2.44341 0 1.5
497 1 1.94681 1.94681 1.95755 0.010735 1.5
687 1 1.46519 1.46519 1.46519 0 1.5
207 1 1.04735 1.04735 1.04735 0 1.33333
514 1 0.661603 0.661603 0.661603 0 1.5
298 1 0.34013 0.34013 0.34013 0 1.33333
702 1 0.340081 0.340081 0.340081 0 1.33333
771 1 0.340058 0.340058 0.340058 0 1.33333
715 1 0.323683 0.323683 0.323683 0 1.5
794 1 0.316407 0.316407 0.316407 0 1.5
671 1 0.292041 0.292041 0.292041 0 1.5
749 1 0.278954 0.278954 0.278954 0 1.5
785 1 0.274809 0.274809 0.274809 0 1.5
791 1 0.161248 0.161248 0.161248 0 1.33333
767 1 0.0611979 0.0611979 0.122396 0.0611979 1.5

792 1 140.26 140.26 140.26 0 1.5
431 19 3.42099 3.42099 7.38213 3.96114 1.5
728 18 3.26187 3.26187 7.4673 4.20543 1.5
503 17 2.29935 2.29935 7.60052 5.30117 1.5
394 12 8.81391 8.81391 8.81391 0 1.5
651 2 20.955 20.955 20.955 0 1.5
3 1 12.2441 12.2441 12.2441 0 2.5
497 1 3.89362 3.89362 3.89362 0 1.5
633 1 2.96356 2.96356 2.96356 0 1.5
622 1 2.44341 2.44341 2.44341 0 1.5
207 1 1.04735 1.04735 1.04735 0 1.33333
687 1 0.732594 0.732594 0.734199 0.00160528 1.5
514 1 0.661603 0.661603 0.661603 0 1.5
298 1 0.34013 0.34013 0.34013 0 1.33333
702 1 0.340081 0.340081 0.340081 0 1.33333
771 1 0.340058 0.340058 0.340058 0 1.33333
715 1 0.323683 0.323683 0.323683 0 1.5
794 1 0.316407 0.316407 0.316407 0 1.5
749 1 0.278954 0.278954 0.278954 0 1.5
785 1 0.274809 0.274809 0.274809 0 1.5
791 1 0.161248 0.161248 0.161248 0 1.33333
671 1 0.14602 0.14602 0.14602 5e-09 1.5
817 1 0.143099 0.143099 0.143099 0 1.33333
810 1 0.137818 0.137818 0.137818 0 1.33333
767 1 0.0611979 0.0611979 0.122396 0.0611979 1.5
818 1 0.113376 0.113376 0.113376 0 1.33333
819 1 0.0919475 0.0919475 0.0919475 0 1.33333
821 1 0.0780942 0.0780942 0.0780942 0 1.5
820 1 0.00238298 0.00238298 0.00262664 0.000243658 1.5
823 1 1e-08 1e-08 1e-08 0 1.33333
822 1 1e-08 1e-08 1e-08 0 1.5
816 1 5e-09 5e-09 1e-08 5e-09 1.5
815 1 1e-08 1e-08 1e-08 0 1.33333
814 1 1e-08 1e-08 1e-08 0 1.33333
813 1 1e-08 1e-08 1e-08 0 1.5
812 1 1e-08 1e-08 1e-08 0 1.33333
811 1 1e-08 1e-08 1e-08 0 1.5
809 1 1e-08 1e-08 1e-08 0 1.5

431 3 46.7535 46.7535 46.7535 0 1.5
728 11 12.7509 12.7509 12.7509 0 1.5
503 13 10.7893 10.7893 10.7893 1.77636e-15 1.5
792 18 1.25233 1.25233 7.7227 6.47037 1.5
394 12 8.81391 8.81391 8.81391 0 1.5
651 2 20.955 20.955 20.955 0 1.5
3 1 12.2441 12.2441 12.2441 0 2.5
497 1 3.89362 3.89362 3.89362 0 1.5
633 1 2.96356 2.96356 2.96356 0 1.5
622 1 2.44341 2.44341 2.44341 0 1.5
687 1 1.46519 1.46519 1.46614 0.000956845 1.5
207 1 1.04735 1.04735 1.04735 0 1.33333
514 1 0.661603 0.661603 0.661603 0 1.5
298 1 0.34013 0.34013 0.34013 0 1.33333
702 1 0.340081 0.340081 0.340081 0 1.33333
771 1 0.340058 0.340058 0.340058 0 1.33333
715 1 0.323683 0.323683 0.323683 0 1.5
794 1 0.316407 0.316407 0.316407 0 1.5
671 1 0.292041 0.292041 0.292041 0 1.5
785 1 0.274809 0.274809 0.274809 0 1.5
749 1 0.149961 0.149961 0.206138 0.0561776 1.5
791 1 0.161248 0.161248 0.161248 0 1.33333
817 1 0.143099 0.143099 0.143099 0 1.33333
810 1 0.137818 0.137818 0.137818 0 1.33333
767 1 0.122396 0.122396 0.122396 0 1.5
818 1 0.113376 0.113376 0.113376 0 1.33333
819 1 0.0919475 0.0919475 0.0919475 0 1.33333
821 1 0.0780942 0.0780942 0.0780942 0 1.5
826 1 0.0758197 0.0758197 0.0758197 0 1.33333
833 1 0.0064211 0.0064211 0.0064211 0 1.5
820 1 0.00238298 0.00238298 0.00238299 5e-09 1.5
834 1 1e-08 1e-08 1e-08 0 1.33333
832 1 1e-08 1e-08 1e-08 0 1.33333
831 1 1e-08 1e-08 1e-08 0 1.33333
830 1 1e-08 1e-08 1e-08 0 1.33333
829 1 1e-08 1e-08 1e-08 0 1.33333
828 1 1e-08 1e-08 1e-08 0 1.33333
827 1 1e-08 1e-08 1e-08 0 1.33333
825 1 1e-08 1e-08 1e-08 0 1.33333
824 1 1e-08 1e-08 1e-08 0 1.33333
809 1 1e-08 1e-08 1e-08 0 1.5
811 1 1e-08 1e-08 1e-08 0 1.5
812 1 1e-08 1e-08 1e-08 0 1.33333
813 1 1e-08 1e-08 1e-08 0 1.5
814 1 1e-08 1e-08 1e-08 0 1.33333
815 1 1e-08 1e-08 1e-08 0 1.33333
816 1 1e-08 1e-08 1e-08 0 1.5
823 1 1e-08 1e-08 1e-08 0 1.33333

792 16 8.76628 8.76628 8.76628 0 1.5
503 13 10.7893 10.7893 10.7893 1.77636e-15 1.5
431 19 3.89612 3.89612 7.35916 3.46303 1.5
728 18 2.7502 2.7502 7.52541 4.77521 1.5
394 12 8.81391 8.81391 8.81391 0 1.5
651 2 20.955 20.955 20.955 0 1.5
3 1 12.2441 12.2441 12.2441 0 2.5
497 1 3.89362 3.89362 3.89362 0 1.5
633 1 2.96356 2.96356 2.96356 0 1.5
687 1 2.93038 2.93038 2.93038 0 1.5
622 1 2.44341 2.44341 2.44341 0 1.5
207 1 1.04735 1.04735 1.04735 0 1.33333
514 1 0.661603 0.661603 0.661603 0 1.5
671 1 0.374902 0.374902 0.520922 0.14602 1.5
298 1 0.34013 0.34013 0.34013 0 1.33333
702 1 0.340081 0.340081 0.340081 0 1.33333
771 1 0.340058 0.340058 0.340058 0 1.33333
715 1 0.323683 0.323683 0.323683 0 1.5
794 1 0.316407 0.316407 0.316407 0 1.5
785 1 0.274809 0.274809 0.274809 0 1.5
791 1 0.161248 0.161248 0.161248 0 1.33333
857 1 0.150004 0.150004 0.150004 0 1.33333
810 1 0.137818 0.137818 0.137818 0 1.33333
767 1 0.122396 0.122396 0.122396 0 1.5
818 1 0.113376 0.113376 0.113376 0 1.33333
819 1 0.0919475 0.0919475 0.0919475 0 1.33333
854 1 0.0830029 0.0830029 0.0830029 0 1.5

728 17 8.25061 8.25061 8.25061 0 1.5
431 19 7.38213 7.38213 7.38213 4.44089e-15 1.5
792 18 2.7502 2.7502 7.4888 4.7386 1.5
503 18 2.7502 2.7502 7.3697 4.6195 1.5
394 12 8.81391 8.81391 8.81391 0 1.5
651 2 20.955 20.955 20.955 0 1.5
3 1 12.2441 12.2441 12.2441 0 2.5
497 1 3.89362 3.89362 3.89362 0 1.5
687 1 2.93038 2.93038 2.93038 0 1.5
622 1 2.44341 2.44341 2.44341 0 1.5
633 1 1.48178 1.48178 1.48225 0.000471672 1.5
207 1 1.04159 1.04159 1.04159 0 1.33333
514 1 0.661603 0.661603 0.661603 0 1.5
671 1 0.374902 0.374902 0.374902 5e-09 1.5
298 1 0.34013 0.34013 0.34013 0 1.33333
702 1 0.340081 0.340081 0.340081 0 1.33333
771 1 0.340058 0.340058 0.340058 0 1.33333
715 1 0.323683 0.323683 0.323683 0 1.5
794 1 0.316407 0.316407 0.316407 0 1.5
785 1 0.274809 0.274809 0.274809 0 1.5
791 1 0.161248 0.161248 0.161248 0 1.33333

431 18 2.69732 2.69732 7.79225 5.09493 1.5
792 18 7.79225 7.79225 7.79225 0 1.5
503 18 7.79225 7.79225 7.79225 0 1.5
728 18 2.59742 2.59742 7.65457 5.05716 1.5
394 12 8.81391 8.81391 8.81391 0 1.5
651 2 20.955 20.955 20.955 0 1.5
3 1 12.2441 12.2441 12.2441 0 2.5
497 1 3.89362 3.89362 3.89362 0 1.5
885 1 1.60818 1.60818 3.23226 1.62408 1.5
633 1 2.96356 2.96356 2.96356 0 1.5
622 1 2.44341 2.44341 2.44341 0 1.5
687 1 1.46519 1.46519 1.46519 5e-09 1.5
891 1 1.11682 1.11682 1.11682 0 1.5
207 1 1.04173 1.04173 1.04173 0 1.33333
884 1 0.749803 0.749803 0.749803 0 1.5
514 1 0.661603 0.661603 0.661603 0 1.5
298 1 0.34013 0.34013 0.34013 0 1.33333
702 1 0.340081 0.340081 0.340081 0 1.33333
771 1 0.340058 0.340058 0.340058 0 1.33333
715 1 0.323683 0.323683 0.323683 0 1.5
794 1 0.316407 0.316407 0.316407 0 1.5

503 18 7.79225 7.79225 7.79225 0 1.5
728 17 8.25061 8.25061 8.25061 0 1.5
431 18 2.69732 2.69732 7.643 4.94569 1.5
792 18 2.41828 2.41828 7.39242 4.97414 1.5
394 12 8.81391 8.81391 8.81391 0 1.5
651 2 20.955 20.955 20.955 0 1.5
3 1 12.2441 12.2441 12.2441 0 2.5
885 1 4.82454 4.82454 4.82454 0 1.5
497 1 3.89362 3.89362 3.89362 0 1.5
633 1 2.96356 2.96356 2.96356 0 1.5
687 1 2.93038 2.93038 2.93038 0 1.5
622 1 2.44341 2.44341 2.44341 0 1.5
891 1 1.11682 1.11682 1.11682 0 1.5
207 1 1.04735 1.04735 1.04735 0 1.33333
884 1 0.749803 0.749803 0.749803 0 1.5
514 1 0.661603 0.661603 0.661603 0 1.5
298 1 0.34013 0.34013 0.34013 0 1.33333
702 1 0.340081 0.340081 0.340081 0 1.33333
771 1 0.340058 0.340058 0.340058 0 1.33333
715 1 0.323683 0.323683 0.323683 0 1.5
794 1 0.316407 0.316407 0.316407 0 1.5
916 1 0.116464 0.116464 0.116464 0 1.5

932 4 35.0651 35.0651 35.0651 0 1.5
431 16 7.79225 7.79225 8.76628 0.974031 1.5
792 16 8.25061 8.25061 8.76628 0.515663 1.5
728 15 2.22636 2.22636 9.09896 6.8726 1.5
503 15 2.86246 2.86246 8.79859 5.93614 1.5
394 12 8.81391 8.81391 8.81391 0 1.5
651 2 20.955 20.955 20.955 0 1.5
3 1 12.2441 12.2441 12.2441 0 2.5
885 1 4.82454 4.82454 4.82454 0 1.5
497 1 3.89362 3.89362 3.89362 0 1.5
633 1 2.96356 2.96356 2.96356 0 1.5
687 1 2.93038 2.93038 2.93038 0 1.5
622 1 2.44341 2.44341 2.44341 0 1.5
891 1 1.11682 1.11682 1.11682 0 1.5
207 1 1.04735 1.04735 1.04735 0 1.33333
884 1 0.749803 0.749803 0.749803 0 1.5
514 1 0.661603 0.661603 0.661603 0 1.5
298 1 0.34013 0.34013 0.34013 0 1.33333
702 1 0.340081 0.340081 0.340081 0 1.33333
771 1 0.340058 0.340058 0.340058 0 1.33333
946 1 0.33164 0.33164 0.33164 0 1.33333
715 1 0.323683 0.323683 0.323683 0 1.5
794 1 0.316407 0.316407 0.316407 0 1.5
940 1 0.307628 0.307628 0.307628 0 1.33333
937 1 0.272559 0.272559 0.272559 0 1.33333
950 1 0.122396 0.122396 0.122396 0 1.5
916 1 0.116464 0.116464 0.116464 0 1.5
948 1 0.111493 0.111493 0.111493 0 1.5

792 17 8.25061 8.25061 8.25061 0 1.5
728 15 9.35069 9.35069 9.35069 0 1.5
431 18 2.50465 2.50465 7.74051 5.23586 1.5
932 18 2.69732 2.69732 7.38197 4.68465 1.5
394 12 8.81391 8.81391 8.81391 0 1.5
651 2 20.955 20.955 20.955 0 1.5
3 1 12.2441 12.2441 12.2441 0 2.5
885 1 4.82454 4.82454 4.82454 0 1.5
497 1 3.89362 3.89362 3.89362 0 1.5
633 1 2.96356 2.96356 2.96356 0 1.5
687 1 2.93038 2.93038 2.93038 0 1.5
622 1 2.44341 2.44341 2.44341 0 1.5
952 1 1.38328 1.38328 1.38649 0.00321055 1.5
891 1 1.11682 1.11682 1.11682 0 1.5
207 1 1.04735 1.04735 1.04735 0 1.33333
884 1 0.749803 0.749803 0.749803 0 1.5
514 1 0.661603 0.661603 0.661603 0 1.5
298 1 0.34013 0.34013 0.34013 0 1.33333
702 1 0.340081 0.340081 0.340081 0 1.33333
771 1 0.340058 0.340058 0.340058 0 1.33333
715 1 0.323683 0.323683 0.323683 0 1.5
794 1 0.316407 0.316407 0.316407 0 1.5
940 1 0.307628 0.307628 0.307628 0 1.33333
937 1 0.272559 0.272559 0.272559 0 1.33333
950 1 0.122396 0.122396 0.122396 0 1.5

431 18 7.79225 7.79225 7.79225 0 1.5
932 18 7.79225 7.79225 7.79225 0 1.5
728 18 2.41828 2.41828 7.67189 5.25361 1.5
792 18 2.7502 2.7502 7.64004 4.88983 1.5
394 12 8.81391 8.81391 8.81391 0 1.5
651 2 20.955 20.955 20.955 0 1.5
3 1 12.2441 12.2441 12.2441 0 2.5
885 1 4.82454 4.82454 4.82454 0 1.5
497 1 3.89362 3.89362 3.89362 0 1.5
633 1 2.96356 2.96356 2.96356 0 1.5
952 1 2.76655 2.76655 2.76655 0 1.5
622 1 2.44341 2.44341 2.44341 0 1.5
891 1 1.11682 1.11682 1.11682 0 1.5
207 1 1.04735 1.04735 1.04735 0 1.33333
514 1 0.661603 0.661603 0.661603 0 1.5
687 1 0.586075 0.586075 0.587143 0.00106814 1.5
983 1 0.525883 0.525883 0.525883 0 1.33333
884 1 0.249934 0.249934 0.520031 0.270097 1.5
298 1 0.34013 0.34013 0.34013 0 1.33333
702 1 0.340081 0.340081 0.340081 0 1.33333
715 1 0.323683 0.323683 0.323683 0 1.5

792 12 11.6884 11.6884 11.6884 0 1.5
984 1 140.26 140.26 140.26 0 1.5
728 16 6.37547 6.37547 8.76628 2.3908 1.5
932 15 2.46071 2.46071 8.86597 6.40526 1.5
431 14 2.7502 2.7502 8.91134 6.16113 1.5
394 12 8.81391 8.81391 8.81391 0 1.5
651 2 20.955 20.955 20.955 0 1.5
3 1 12.2441 12.2441 12.2441 0 2.5
885 1 2.41227 2.41227 4.82454 2.41227 1.5
497 1 3.89362 3.89362 3.89362 0 1.5
633 1 2.96356 2.96356 2.96356 0 1.5
687 1 2.93038 2.93038 2.93038 0 1.5
952 1 2.76655 2.76655 2.76655 0 1.5
622 1 2.44341 2.44341 2.44341 0 1.5
891 1 1.11682 1.11682 1.11682 0 1.5
207 1 1.04159 1.04159 1.04159 0 1.33333
884 1 0.749803 0.749803 0.749803 0 1.5
514 1 0.661603 0.661603 0.661603 0 1.5
983 1 0.525883 0.525883 0.525883 0 1.33333
298 1 0.34013 0.34013 0.34013 0 1.33333
702 1 0.340081 0.340081 0.340081 0 1.33333
715 1 0.323683 0.323683 0.323683 0 1.5
1006 1 0.279708 0.279708 0.279708 0 1.33333
988 1 0.0611979 0.0611979 0.122396 0.0611979 1.5
997 1 0.113336 0.113336 0.113336 0 1.33333
986 1 0.0363611 0.0363611 0.0727223 0.0363611 1.5
998 1 0.0480379 0.0480379 0.0480379 0 1.5
996 1 0.02147 0.02147 0.02147 0 1.5
985 1 0.0143105 0.0143105 0.0143105 0 1.5
1003 1 0.0063422 0.0063422 0.0063422 0 1.5
991 1 1e-08 1e-08 1e-08 0 1.33333
992 1 1e-08 1e-08 1e-08 0 1.33333
993 1 5e-09 5e-09 1e-08 5e-09 1.5
994 1 1e-08 1e-08 1e-08 0 1.33333
995 1 1e-08 1e-08 1e-08 0 1.33333
990 1 1e-08 1e-08 1e-08 0 1.5

728 11 12.7509 12.7509 12.7509 0 1.5
932 15 9.35069 9.35069 9.35069 0 1.5
431 14 10.0186 10.0186 10.0186 1.77636e-15 1.5
792 18 1.46105 1.46105 7.63325 6.17221 1.5
394 12 8.81391 8.81391 8.81391 0 1.5
651 2 20.955 20.955 20.955 0 1.5
3 1 12.2441 12.2441 12.2441 0 2.5
885 1 4.82454 4.82454 4.82454 0 1.5
497 1 3.89362 3.89362 3.89362 0 1.5
633 1 2.96356 2.96356 2.96356 0 1.5
687 1 2.93038 2.93038 2.93038 0 1.5
952 1 2.76655 2.76655 2.76655 0 1.5
622 1 2.44341 2.44341 2.44341 0 1.5
891 1 1.11682 1.11682 1.11682 0 1.5
207 1 1.04735 1.04735 1.04735 0 1.33333
514 1 0.661603 0.661603 0.661603 0 1.5
983 1 0.525883 0.525883 0.525883 0 1.33333
884 1 0.374902 0.374902 0.405146 0.0302439 1.5
298 1 0.34013 0.34013 0.34013 0 1.33333
702 1 0.340081 0.340081 0.340081 0 1.33333
715 1 0.323683 0.323683 0.323683 0 1.5
1006 1 0.279708 0.279708 0.279708 0 1.33333
988 1 0.122396 0.122396 0.122396 0 1.5
1012 1 0.058232 0.058232 0.116464 0.058232 1.5
997 1 0.113336 0.113336 0.113336 0 1.33333
986 1 0.0727223 0.0727223 0.0727223 0 1.5
1019 1 0.0509816 0.0509816 0.0509816 0 1.33333
998 1 0.0480379 0.0480379 0.0480379 0 1.5
996 1 0.02147 0.02147 0.02147 0 1.5
985 1 0.0143105 0.0143105 0.0143105 0 1.5
1003 1 0.0063422 0.0063422 0.0063422 0 1.5
1018 1 0.00436838 0.00436838 0.00436838 0 1.5
1023 1 1e-08 1e-08 1e-08 0 1.33333
1022 1 1e-08 1e-08 1e-08 0 1.33333
1021 1 1e-08 1e-08 1e-08 0 1.33333

728 15 2.69732 2.69732 9.35069 6.65338 1.5
1024 3 46.7535 46.7535 46.7535 0 1.5
431 14 10.0186 10.0186 10.0186 1.77636e-15 1.5
792 14 10.0186 10.0186 10.0186 1.77636e-15 1.5
932 15 2.92209 2.92209 9.15794 6.23585 1.5
394 11 8.81391 8.81391 9.61517 0.801265 1.5
651 2 20.955 20.955 20.955 0 1.5
3 1 12.2441 12.2441 12.2441 0 2.5
885 1 4.82454 4.82454 4.82454 0 1.5
497 1 3.89362 3.89362 3.89362 0 1.5
633 1 2.96356 2.96356 2.96356 0 1.5
952 1 2.76655 2.76655 2.76655 0 1.5
622 1 2.44341 2.44341 2.44341 0 1.5
687 1 1.46519 1.46519 1.46519 5e-09 1.5
207 1 1.04159 1.04159 1.04159 0 1.33333
884 1 0.749803 0.749803 0.749803 0 1.5
514 1 0.661603 0.661603 0.661603 0 1.5
983 1 0.525883 0.525883 0.525883 0 1.33333
298 1 0.34013 0.34013 0.34013 0 1.33333
702 1 0.340081 0.340081 0.340081 0 1.33333
715 1 0.323683 0.323683 0.323683 0 1.5
1006 1 0.279708 0.279708 0.279708 0 1.33333
891 1 0.279205 0.279205 0.27942 0.000215121 1.5
988 1 0.0611979 0.0611979 0.122396 0.0611979 1.5
1012 1 0.116464 0.116464 0.116464 0 1.5
997 1 0.113336 0.113336 0.113336 0 1.33333
986 1 0.0363611 0.0363611 0.0727223 0.0363611 1.5
1019 1 0.0509816 0.0509816 0.0509816 0 1.33333
998 1 0.0480379 0.0480379 0.0480379 0 1.5
1032 1 0.0422984 0.0422984 0.0422984 0 1.5
1033 1 0.028504 0.028504 0.028504 0 1.33333
996 1 0.010735 0.010735 0.02147 0.010735 1.5
985 1 0.0143105 0.0143105 0.0143105 0 1.5
1003 1 0.0031711 0.0031711 0.0063422 0.0031711 1.5

792 8 17.5326 17.5326 17.5326 0 1.5
932 15 9.35069 9.35069 9.35069 0 1.5
431 14 10.0186 10.0186 10.0186 1.77636e-15 1.5
1024 15 3.1169 3.1169 8.94233 5.82543 1.5
728 15 2.41828 2.41828 8.89137 6.47309 1.5
394 11 9.61517 9.61517 9.61517 1.77636e-15 1.5
651 2 20.955 20.955 20.955 0 1.5
3 1 12.2441 12.2441 12.2441 0 2.5
885 1 4.82454 4.82454 4.82454 0 1.5
497 1 3.89362 3.89362 3.89362 0 1.5
952 1 2.76655 2.76655 2.76655 0 1.5
622 1 2.44341 2.44341 2.44341 0 1.5
633 1 1.48178 1.48178 1.48225 0.000471672 1.5
687 1 1.46519 1.46519 1.46519 5e-09 1.5
207 1 1.04173 1.04173 1.04173 0 1.33333
514 1 0.661603 0.661603 0.661603 0 1.5
891 1 0.55841 0.55841 0.558553 0.000143414 1.5
983 1 0.525883 0.525883 0.525883 0 1.33333
884 1 0.374902 0.374902 0.405146 0.0302439 1.5
298 1 0.34013 0.34013 0.34013 0 1.33333
702 1 0.340081 0.340081 0.340081 0 1.33333
715 1 0.323683 0.323683 0.323683 0 1.5
1006 1 0.279708 0.279708 0.279708 0 1.33333
988 1 0.122396 0.122396 0.122396 0 1.5
1012 1 0.116464 0.116464 0.116464 0 1.5
997 1 0.113336 0.113336 0.113336 0 1.33333
1050 1 0.0825925 0.0825925 0.0967658 0.0141733 1.5
986 1 0.0727223 0.0727223 0.0727223 0 1.5

1024 15 9.35069 9.35069 9.35069 0 1.5
431 14 10.0186 10.0186 10.0186 1.77636e-15 1.5
728 14 10.0186 10.0186 10.0186 1.77636e-15 1.5
932 15 2.50465 2.50465 9.02671 6.52206 1.5
792 15 2.92209 2.92209 8.77901 5.85692 1.5
394 11 9.61517 9.61517 9.61517 1.77636e-15 1.5
651 2 20.955 20.955 20.955 0 1.5
3 1 12.2441 12.2441 12.2441 0 2.5
885 1 4.82454 4.82454 4.82454 0 1.5
497 1 3.89362 3.89362 3.89362 0 1.5
633 1 2.96356 2.96356 2.96356 0 1.5
687 1 2.93038 2.93038 2.93038 0 1.5
952 1 2.76655 2.76655 2.76655 0 1.5
622 1 2.44341 2.44341 2.44341 0 1.5
891 1 1.11682 1.11682 1.11682 0 1.5
207 1 1.04735 1.04735 1.04735 0 1.33333
884 1 0.749803 0.749803 0.749803 0 1.5
514 1 0.661603 0.661603 0.661603 0 1.5
983 1 0.525883 0.525883 0.525883 0 1.33333
298 1 0.34013 0.34013 0.34013 0 1.33333
702 1 0.340081 0.340081 0.340081 0 1.33333
715 1 0.323683 0.323683 0.323683 0 1.5

932 15 9.35069 9.35069 9.35069 0 1.5
792 15 9.35069 9.35069 9.35069 0 1.5
728 14 10.0186 10.0186 10.0186 1.77636e-15 1.5
1024 15 2.59742 2.59742 9.00929 6.41188 1.5
431 15 2.69732 2.69732 8.81693 6.11962 1.5
394 11 9.61517 9.61517 9.61517 1.77636e-15 1.5
651 2 20.955 20.955 20.955 0 1.5
3 1 12.2441 12.2441 12.2441 0 2.5
885 1 4.82454 4.82454 4.82454 0 1.5
497 1 3.89362 3.89362 3.89362 0 1.5
633 1 2.96356 2.96356 2.96356 0 1.5
687 1 2.93038 2.93038 2.93038 0 1.5
622 1 2.44341 2.44341 2.44341 0 1.5
891 1 1.11682 1.11682 1.11682 0 1.5
207 1 1.04735 1.04735 1.04735 0 1.33333
952 1 0.922184 0.922184 0.923909 0.00172551 1.5
514 1 0.661603 0.661603 0.661603 0 1.5
1075 1 0.562991 0.562991 0.562991 0 1.33333
983 1 0.525883 0.525883 0.525883 0 1.33333
298 1 0.34013 0.34013 0.34013 0 1.33333
702 1 0.340081 0.340081 0.340081 0 1.33333

728 15 9.35069 9.35069 9.35069 0 1.5
431 11 12.7509 12.7509 12.7509 0 1.5
1024 14 10.0186 10.0186 10.0186 1.77636e-15 1.5
932 15 2.7502 2.7502 9.17142 6.42121 1.5
792 14 2.22636 2.22636 9.15615 6.92979 1.5
394 11 9.61517 9.61517 9.61517 1.77636e-15 1.5
651 2 20.955 20.955 20.955 0 1.5
3 1 12.2441 12.2441 12.2441 0 2.5
885 1 4.82454 4.82454 4.82454 0 1.5
497 1 3.89362 3.89362 3.89362 0 1.5
633 1 2.96356 2.96356 2.96356 0 1.5
687 1 2.93038 2.93038 2.93038 0 1.5
952 1 2.76655 2.76655 2.76655 0 1.5
622 1 2.44341 2.44341 2.44341 0 1.5
891 1 1.11682 1.11682 1.11682 0 1.5
207 1 1.04735 1.04735 1.04735 0 1.33333
1101 1 0.749803 0.749803 0.749803 0 1.5
514 1 0.661603 0.661603 0.661603 0 1.5
1075 1 0.562991 0.562991 0.562991 0 1.33333
983 1 0.525883 0.525883 0.525883 0 1.33333
298 1 0.34013 0.34013 0.34013 0 1.33333
702 1 0.340081 0.340081 0.340081 0 1.33333
1092 1 0.0521387 0.0521387 0.0521387 0 1.5
1090 1 0.0422984 0.0422984 0.0422984 0 1.5
1094 1 0.0364722 0.0364722 0.0364722 5e-09 1.5
1091 1 0.0171175 0.0171175 0.0171175 0 1.5

