5 1 0.0522987 0.0522987 0.0522987 0 2
1 1 1e-08 1e-08 1e-08 0 0
2 1 1e-08 1e-08 1e-08 0 2
3 1 1e-08 1e-08 1e-08 0 2
4 1 1e-08 1e-08 1e-08 0 2

9 1 1.2588 1.2588 1.2588 0 1.5
13 1 0.109556 0.109556 0.109556 0 1.5
7 1 0.100958 0.100958 0.100958 0 1.5
15 1 0.078152 0.078152 0.078152 0 1.5
5 3 0.000622604 0.000622604 0.0174329 0.0168103 2
11 1 0.00358503 0.00358503 0.00358503 0 1.5
1 1 5e-09 5e-09 1e-08 5e-09 0
2 1 2.5e-09 2.5e-09 1e-08 7.5e-09 2
3 1 3.33333e-09 3.33333e-09 1e-08 6.66667e-09 2
4 1 1e-08 1e-08 1e-08 0 2
6 1 1e-08 1e-08 1e-08 0 1.5
8 1 1e-08 1e-08 1e-08 0 1.5
10 1 1e-08 1e-08 1e-08 0 1.5
12 1 1e-08 1e-08 1e-08 0 1.5
14 1 1e-08 1e-08 1e-08 0 1.5
16 1 1e-08 1e-08 1e-08 0 1.5

9 60 0.02098 0.0113358 0.020802 0.00123946 1.5
20 1 0.287897 0.287897 0.287897 0 1.33333
13 6 0.0207844 0.00995964 0.0206018 0.00900417 1.5
7 5 0.0377461 0.0201916 0.0245587 0.00679896 1.5
26 1 0.110156 0.110156 0.110156 0 1.33333
15 3 0.0130253 0.0130253 0.0249662 0.0119408 1.5
5 2 0.0174329 0.0174329 0.0261493 0.00871645 2
11 1 0.00358503 0.00358503 0.00358503 0 1.5
33 1 1e-08 1e-08 1e-08 0 1.33333
32 1 1e-08 1e-08 1e-08 0 1.33333
31 1 1e-08 1e-08 1e-08 0 1.33333
30 1 1e-08 1e-08 1e-08 0 1.5
29 1 1e-08 1e-08 1e-08 0 1.5
28 1 5e-09 5e-09 1e-08 5e-09 1.5
27 1 5e-09 5e-09 1e-08 5e-09 1.5
25 1 1e-08 1e-08 1e-08 0 1.5
24 1 5e-09 5e-09 1e-08 5e-09 1.5
23 1 1e-08 1e-08 1e-08 0 1.5
22 1 1e-08 1e-08 1e-08 0 1.33333
21 1 5e-09 5e-09 1e-08 5e-09 1.5
19 1 1e-08 1e-08 1e-08 0 1.33333
18 1 1e-08 1e-08 1e-08 0 1.33333
17 1 5e-09 5e-09 1e-08 5e-09 1.5
16 1 1e-08 1e-08 1e-08 0 1.5
14 1 1e-08 1e-08 1e-08 0 1.5
12 1 1e-08 1e-08 1e-08 0 1.5
10 1 1e-08 1e-08 1e-08 0 1.5
8 1 1e-08 1e-08 1e-08 0 1.5
6 1 1e-08 1e-08 1e-08 0 1.5
4 1 1e-08 1e-08 1e-08 0 2

9 68 0.0222206 0.0116555 0.0186627 0.00690392 1.5
20 8 0.0169351 0.0169351 0.019545 0.00260985 1.33333
13 7 0.0175868 0.00842738 0.0188557 0.00826418 1.5
7 5 0.0209701 0.0112176 0.0203743 0.007718 1.5
15 4 0.019538 0.019538 0.019538 0 1.5
26 2 0.026596 0.018059 0.0263292 0.00585093 1.33333
5 2 0.0261493 0.0261493 0.0261493 0 2
11 1 0.00358503 0.00358503 0.00358503 0 1.5
10 1 1e-08 1e-08 1e-08 0 1.5
8 1 1e-08 1e-08 1e-08 0 1.5
6 1 1e-08 1e-08 1e-08 0 1.5
4 1 1e-08 1e-08 1e-08 0 2

9 63 0.0249709 0.00868136 0.0203304 0.0113727 1.5
20 9 0.0319885 0.0319885 0.0319885 0 1.33333
13 7 0.0326612 0.0156509 0.0216028 0.00745594 1.5
7 5 0.0377461 0.0201916 0.0245587 0.00679896 1.5
15 3 0.019538 0.019538 0.0260507 0.00651267 1.5
5 2 0.0261493 0.0261493 0.0261493 0 2
26 1 0.0271848 0.0271848 0.0271863 1.52255e-06 1.33333
11 1 0.00358503 0.00358503 0.00358503 0 1.5
53 1 1e-08 1e-08 1e-08 0 1.33333
54 1 1e-08 1e-08 1e-08 0 1.33333
55 1 1e-08 1e-08 1e-08 0 1.33333
56 1 5e-09 5e-09 1e-08 5e-09 1.5
57 1 1e-08 1e-08 1e-08 0 1.33333
58 1 1e-08 1e-08 1e-08 0 1.33333
59 1 5e-09 5e-09 1e-08 5e-09 1.5
60 1 1e-08 1e-08 1e-08 0 1.5
61 1 1e-08 1e-08 1e-08 0 1.33333
62 1 1e-08 1e-08 1e-08 0 1.33333

9 57 0.0264291 0.0091883 0.0237786 0.0133506 1.5
73 1 0.305677 0.305677 0.305677 0 1.33333
20 9 0.0319885 0.0319885 0.0319885 0 1.33333
13 6 0.0326612 0.0156509 0.0252032 0.00804812 1.5
7 5 0.0377461 0.0201916 0.0245587 0.00679896 1.5
15 3 0.0260507 0.0260507 0.0260507 0 1.5
5 2 0.0261493 0.0261493 0.0261493 0 2
11 1 0.00358503 0.00358503 0.00358503 0 1.5
26 1 0.00155325 0.00155325 0.00155325 0 1.33333
72 1 1e-08 1e-08 1e-08 0 1.33333
71 1 1e-08 1e-08 1e-08 0 1.33333
70 1 1e-08 1e-08 1e-08 0 1.33333
69 1 1e-08 1e-08 1e-08 0 1.5
68 1 1e-08 1e-08 1e-08 0 1.33333
67 1 3.33333e-09 3.33333e-09 1e-08 6.66667e-09 1.5
66 1 5e-09 5e-09 1e-08 5e-09 1.5
65 1 1e-08 1e-08 1e-08 0 1.33333
64 1 5e-09 5e-09 1e-08 5e-09 1.5
63 1 3.33333e-09 3.33333e-09 1e-08 6.66667e-09 1.5
62 1 1e-08 1e-08 1e-08 0 1.33333
61 1 5e-09 5e-09 1e-08 5e-09 1.33333
60 1 2e-09 2e-09 1e-08 8e-09 1.5
59 1 5e-09 5e-09 1e-08 5e-09 1.5
58 1 1e-08 1e-08 1e-08 0 1.33333
57 1 5e-09 5e-09 1e-08 5e-09 1.33333

9 58 0.324316 0.0109461 0.0324551 0.0432932 1.5
20 8 0.0319885 0.0319885 0.0359871 0.00399857 1.33333
73 7 0.0172587 0.0169821 0.0334691 0.0164478 1.33333
87 1 0.170977 0.170977 0.170977 0 1.25
13 4 0.0381047 0.0182593 0.0395408 0.0123483 1.5
7 3 0.0377461 0.0201916 0.0409312 0.0153965 1.5
15 2 0.0260507 0.0260507 0.039076 0.0130253 1.5
75 1 0.0748653 0.0748653 0.0748653 0 1.25
86 1 0.0603456 0.0603456 0.0603456 0 1.33333
26 1 0.0543695 0.0543695 0.0543695 0 1.33333
5 1 0.0261493 0.0261493 0.0522987 0.0261493 2
76 1 0.0508186 0.0508186 0.0508186 0 1.33333
11 1 0.00358503 0.00358503 0.00358503 0 1.5
89 1 1e-08 1e-08 1e-08 0 1.33333
88 1 1e-08 1e-08 1e-08 0 1.33333
85 1 1e-08 1e-08 1e-08 0 1.33333
84 1 1e-08 1e-08 1e-08 0 1.33333
83 1 1e-08 1e-08 1e-08 0 1.33333
82 1 1e-08 1e-08 1e-08 0 1.33333
81 1 1e-08 1e-08 1e-08 0 1.5
80 1 1e-08 1e-08 1e-08 0 1.25
79 1 1e-08 1e-08 1e-08 0 1.33333
78 1 1e-08 1e-08 1e-08 0 1.33333
77 1 1e-08 1e-08 1e-08 0 1.33333
74 1 1e-08 1e-08 1e-08 0 1.33333

9 66 0.298371 0.0100704 0.0400271 0.0519773 1.5
73 7 0.0238966 0.0235136 0.0416531 0.0180853 1.33333
20 6 0.017129 0.0169351 0.0451926 0.0282253 1.33333
13 4 0.0571571 0.027389 0.0456167 0.0124716 1.5
87 1 0.170977 0.170977 0.170977 0 1.25
7 3 0.0629102 0.0336527 0.0457835 0.0124558 1.5
15 1 0.039076 0.039076 0.078152 0.039076 1.5
75 1 0.0748653 0.0748653 0.0748653 0 1.25
5 1 0.0522987 0.0522987 0.0522987 0 2
76 1 0.0508186 0.0508186 0.0508186 0 1.33333
11 1 0.00358503 0.00358503 0.00358503 0 1.5
26 1 0.00155325 0.00155325 0.00155325 0 1.33333
81 1 0.000274636 0.000274636 0.000274642 6.66667e-09 1.5
92 1 1e-08 1e-08 1e-08 0 1.33333
93 1 1e-08 1e-08 1e-08 0 1.33333
94 1 1e-08 1e-08 1e-08 0 1.33333
95 1 1e-08 1e-08 1e-08 0 1.33333
96 1 1e-08 1e-08 1e-08 0 1.33333
97 1 1e-08 1e-08 1e-08 0 1.33333
98 1 1e-08 1e-08 1e-08 0 1.5

9 73 0.280423 0.0134468 0.0552776 0.0675032 1.5
73 5 0.0165216 0.0152839 0.0558021 0.0402738 1.33333
20 4 0.0291193 0.0287897 0.0648305 0.0359587 1.33333
13 3 0.0571571 0.0407637 0.0608223 0.0119613 1.5
87 1 0.170977 0.170977 0.170977 0 1.25
7 2 0.0629102 0.0407876 0.0686753 0.0201365 1.5
26 1 0.121264 0.121264 0.121264 0 1.33333
15 1 0.078152 0.078152 0.078152 0 1.5
75 1 0.0748653 0.0748653 0.0748653 0 1.25
5 1 0.0522987 0.0522987 0.0522987 0 2
76 1 0.0508186 0.0508186 0.0508186 0 1.33333
117 1 0.0231159 0.0231159 0.0231159 5e-09 1.33333
11 1 0.00358503 0.00358503 0.00358503 0 1.5
81 1 0.000823907 0.000823907 0.000823907 0 1.5
116 1 1e-08 1e-08 1e-08 0 1.33333
115 1 1e-08 1e-08 1e-08 0 1.5
114 1 1e-08 1e-08 1e-08 0 1.33333
113 1 1e-08 1e-08 1e-08 0 1.33333
112 1 1e-08 1e-08 1e-08 0 1.5

9 78 0.252002 0.016215 0.0686389 0.0656192 1.5
20 4 0.0582387 0.0575794 0.0723039 0.0143986 1.33333
73 3 0.0308379 0.0277888 0.0885556 0.0597677 1.33333
13 3 0.0762095 0.0543516 0.0689235 0.0103039 1.5
87 1 0.170977 0.170977 0.170977 0 1.25
7 2 0.0943653 0.0611814 0.0777733 0.016592 1.5
120 1 0.100323 0.100323 0.100323 0 1.25
15 1 0.078152 0.078152 0.078152 0 1.5
75 1 0.0748653 0.0748653 0.0748653 0 1.25
5 1 0.0522987 0.0522987 0.0522987 0 2
76 1 0.0508186 0.0508186 0.0508186 0 1.33333
117 1 0.0462318 0.0462318 0.0462318 0 1.33333
11 1 0.00358503 0.00358503 0.00358503 0 1.5
26 1 0.00155325 0.00155325 0.00155325 0 1.33333
81 1 0.000645801 0.000645801 0.00105775 0.000411954 1.5
128 1 1e-08 1e-08 1e-08 0 1.33333

9 84 0.638812 0.0241385 0.103271 0.0976136 1.5
73 3 0.113072 0.101892 0.105619 0.00527024 1.33333
20 2 0.0264721 0.0264721 0.105139 0.0786672 1.33333
13 2 0.0762095 0.0762095 0.103385 0.0271758 1.5
87 1 0.170977 0.170977 0.170977 0 1.25
7 1 0.0943653 0.0943653 0.155547 0.0611814 1.5
120 1 0.100449 0.100449 0.100449 0 1.25
15 1 0.078152 0.078152 0.078152 0 1.5
75 1 0.0748653 0.0748653 0.0748653 0 1.25
26 1 0.0543695 0.0543695 0.0543695 0 1.33333
5 1 0.0522987 0.0522987 0.0522987 0 2
76 1 0.0508186 0.0508186 0.0508186 0 1.33333
117 1 0.0462318 0.0462318 0.0462318 0 1.33333
135 1 0.0426584 0.0426584 0.0426584 0 1.33333

9 87 0.632126 0.0352266 0.132903 0.104666 1.5
73 2 0.113072 0.101892 0.158428 0.0512519 1.33333
20 2 0.145597 0.145597 0.145597 0 1.33333
13 1 0.114314 0.114314 0.228628 0.114314 1.5
7 1 0.188731 0.188731 0.188731 0 1.5
87 1 0.170977 0.170977 0.170977 0 1.25
15 1 0.078152 0.078152 0.078152 0 1.5
120 1 0.076081 0.076081 0.076081 0 1.25
75 1 0.0748653 0.0748653 0.0748653 0 1.25
26 1 0.0543695 0.0543695 0.0543695 0 1.33333
5 1 0.0522987 0.0522987 0.0522987 0 2
76 1 0.0508186 0.0508186 0.0508186 0 1.33333
117 1 0.0462318 0.0462318 0.0462318 0 1.33333

9 89 0.588024 0.0640458 0.184156 0.130045 1.5
73 1 0.155535 0.155535 0.308374 0.152839 1.33333
20 1 0.145597 0.145597 0.291193 0.145597 1.33333
13 1 0.228628 0.228628 0.228628 0 1.5
7 1 0.188731 0.188731 0.188731 0 1.5
76 1 0.160264 0.160264 0.185673 0.0254093 1.33333
87 1 0.170977 0.170977 0.170977 0 1.25
26 1 0.121264 0.121264 0.121264 0 1.33333
120 1 0.100323 0.100323 0.100323 0 1.25
15 1 0.078152 0.078152 0.078152 0 1.5
75 1 0.0748653 0.0748653 0.0748653 0 1.25
5 1 0.0522987 0.0522987 0.0522987 0 2
117 1 0.0462318 0.0462318 0.0462318 0 1.33333

9 92 0.584625 0.0636756 0.245971 0.160153 1.5
73 1 0.330432 0.330432 0.330432 0 1.25
76 1 0.320527 0.320527 0.320527 0 1.33333
20 1 0.291193 0.291193 0.291193 0 1.33333
13 1 0.228628 0.228628 0.228628 0 1.5
7 1 0.188731 0.188731 0.188731 0 1.5
87 1 0.170977 0.170977 0.170977 0 1.25
120 1 0.100323 0.100323 0.100323 0 1.25
15 1 0.078152 0.078152 0.078152 0 1.5
75 1 0.0748653 0.0748653 0.0748653 0 1.25

9 94 0.598463 0.0651827 0.314495 0.15881 1.5
73 1 0.339217 0.339217 0.339217 0 1.25
20 1 0.291193 0.291193 0.291193 0 1.33333
13 1 0.228628 0.228628 0.228628 0 1.5
7 1 0.188731 0.188731 0.188731 0 1.5
87 1 0.170977 0.170977 0.170977 0 1.25
76 1 0.160264 0.160264 0.160264 5e-09 1.33333
120 1 0.0937846 0.0937846 0.0937846 0 1.25

9 96 0.591463 0.218107 0.444251 0.197124 1.5
73 1 0.339217 0.339217 0.339217 0 1.25
76 1 0.320527 0.320527 0.320527 0 1.33333
20 1 0.291193 0.291193 0.291193 0 1.33333
13 1 0.228628 0.228628 0.228628 0 1.5
7 1 0.188731 0.188731 0.188731 0 1.5

9 96 0.581266 0.214347 0.526172 0.21142 1.5
73 1 0.339217 0.339217 0.339217 0 1.25
76 1 0.320527 0.320527 0.320527 0 1.33333
20 1 0.291193 0.291193 0.291193 0 1.33333
225 1 0.290265 0.290265 0.290265 0 1.33333
13 1 0.228628 0.228628 0.228628 0 1.5

9 97 0.826982 0.216839 0.650968 0.169832 1.5
73 1 0.339217 0.339217 0.339217 0 1.25
76 1 0.320527 0.320527 0.320527 0 1.33333
20 1 0.291193 0.291193 0.291193 0 1.33333
13 1 0.228628 0.228628 0.228628 0 1.5

9 98 0.790227 0.532343 0.826444 0.267354 1.5
76 1 0.320527 0.320527 0.320527 0 1.33333
73 1 0.311071 0.311071 0.311071 0 1.25
20 1 0.291193 0.291193 0.291193 0 1.33333

9 73 0.841662 0.598463 1.37259 0.765659 1.5
264 3 31.9406 0.698631 11.5252 14.4447 1.5
73 1 0.339217 0.339217 0.339217 0 1.25
20 1 0.291193 0.291193 0.291193 0 1.33333
76 1 0.160264 0.160264 0.184288 0.0240245 1.33333
266 1 0.0669654 0.0669654 0.133931 0.0669654 1.5
284 1 1e-08 1e-08 1e-08 0 1.33333
283 1 1e-08 1e-08 1e-08 0 1.5
282 1 5e-09 5e-09 1e-08 5e-09 1.5
281 1 1e-08 1e-08 1e-08 0 1.33333
280 1 1e-08 1e-08 1e-08 0 1.33333
279 1 1e-08 1e-08 1e-08 0 1.33333
278 1 1e-08 1e-08 1e-08 0 1.33333
277 1 5e-09 5e-09 1e-08 5e-09 1.5
276 1 1e-08 1e-08 1e-08 0 1.5
275 1 1e-08 1e-08 1e-08 0 1.33333
274 1 1e-08 1e-08 1e-08 0 1.5
273 1 1e-08 1e-08 1e-08 0 1.33333
272 1 1e-08 1e-08 1e-08 0 1.33333
271 1 1e-08 1e-08 1e-08 0 1.33333
270 1 1e-08 1e-08 1e-08 0 1.33333
269 1 1e-08 1e-08 1e-08 0 1.5
268 1 1e-08 1e-08 1e-08 0 1.33333
267 1 1e-08 1e-08 1e-08 0 1.33333
265 1 1e-08 1e-08 1e-08 0 1.33333

9 98 0.917683 0.652517 0.987545 0.328422 1.5
76 1 0.320527 0.320527 0.320527 0 1.33333
73 1 0.311071 0.311071 0.311071 0 1.25
20 1 0.291193 0.291193 0.291193 0 1.33333

9 99 0.841662 0.598463 0.990039 0.377784 1.5
73 1 0.339217 0.339217 0.339217 0 1.25
76 1 0.320527 0.320527 0.320527 0 1.33333

9 98 0.808187 0.57466 1.01648 0.423923 1.5
73 1 0.339217 0.339217 0.339217 0 1.25
76 1 0.320527 0.320527 0.320527 0 1.33333
316 1 0.262968 0.262968 0.262968 0 1.33333

9 98 0.841662 0.598463 1.04479 0.410594 1.5
73 1 0.339217 0.339217 0.339217 0 1.25
76 1 0.320527 0.320527 0.320527 0 1.33333
316 1 0.262968 0.262968 0.262968 0 1.33333

9 99 0.836711 0.594942 0.990979 0.339388 1.5
73 1 0.330432 0.330432 0.330432 0 1.25
76 1 0.320527 0.320527 0.320527 0 1.33333

9 99 0.808187 0.57466 1.04811 0.383079 1.5
73 1 0.339217 0.339217 0.339217 0 1.25
76 1 0.320527 0.320527 0.320527 0 1.33333

9 99 0.803621 0.571414 1.11192 0.364518 1.5
73 1 0.330432 0.330432 0.330432 0 1.25
76 1 0.320527 0.320527 0.320527 0 1.33333

9 99 0.764736 0.764736 1.26333 0.49859 1.5
73 1 0.339217 0.339217 0.339217 0 1.25
76 1 0.320527 0.320527 0.320527 0 1.33333

9 99 0.803621 0.803621 1.41278 0.609154 1.5
73 1 0.339217 0.339217 0.339217 0 1.25
76 1 0.320527 0.320527 0.320527 0 1.33333

9 99 0.799106 0.799106 1.37945 0.580339 1.5
76 1 0.320527 0.320527 0.320527 0 1.33333
73 1 0.155535 0.155535 0.155535 5e-09 1.25

9 99 0.817477 0.817477 1.42058 0.603104 1.5
73 1 0.339217 0.339217 0.339217 0 1.25
76 1 0.320527 0.320527 0.320527 0 1.33333

9 98 0.803621 0.803621 1.42072 0.6171 1.5
468 1 1.40339 1.40339 1.40339 0 1.5
73 1 0.339217 0.339217 0.339217 0 1.25
76 1 0.320527 0.320527 0.320527 0 1.33333

9 99 0.808187 0.808187 1.38111 0.572928 1.5
73 1 0.339217 0.339217 0.339217 0 1.25
76 1 0.320527 0.320527 0.320527 0 1.33333

9 99 0.822202 0.822202 1.39053 0.568324 1.5
73 1 0.339217 0.339217 0.339217 0 1.25
76 1 0.320527 0.320527 0.320527 0 1.33333

506 1 142.241 142.241 142.241 0 1.5
9 49 0.831818 0.831818 2.80737 1.97555 1.5
73 1 0.339217 0.339217 0.339217 0 1.25
76 1 0.320527 0.320527 0.320527 0 1.33333
512 1 1.38733e-07 1.38733e-07 1.454e-07 6.66667e-09 1.5
523 1 1e-08 1e-08 1e-08 0 1.33333
522 1 1e-08 1e-08 1e-08 0 1.33333
521 1 1e-08 1e-08 1e-08 0 1.5
520 1 1e-08 1e-08 1e-08 0 1.33333
519 1 1e-08 1e-08 1e-08 0 1.5
518 1 5e-09 5e-09 1e-08 5e-09 1.5
517 1 1e-08 1e-08 1e-08 0 1.5
516 1 1e-08 1e-08 1e-08 0 1.33333
515 1 1e-08 1e-08 1e-08 0 1.5
514 1 1e-08 1e-08 1e-08 0 1.33333
513 1 2e-09 2e-09 1e-08 8e-09 1.5
511 1 1e-08 1e-08 1e-08 0 1.33333
510 1 1e-08 1e-08 1e-08 0 1.33333
509 1 1e-08 1e-08 1e-08 0 1.33333
508 1 1e-08 1e-08 1e-08 0 1.33333
507 1 2.5e-09 2.5e-09 1e-08 7.5e-09 1.5

9 7 20.3201 20.3201 20.3201 0 1.5
506 49 1.17554 1.17554 2.8571 1.68156 1.5
73 1 0.339217 0.339217 0.339217 0 1.25
531 1 0.329181 0.329181 0.329181 0 1.33333
76 1 0.320527 0.320527 0.320527 0 1.33333
519 1 0.0439633 0.0439633 0.13189 0.0879267 1.5
528 1 0.119241 0.119241 0.119241 0 1.33333
513 1 0.00142498 0.00142498 0.00142499 5e-09 1.5
512 1 2.081e-07 2.081e-07 2.131e-07 5e-09 1.5
532 1 1e-08 1e-08 1e-08 0 1.33333
530 1 1e-08 1e-08 1e-08 0 1.33333
529 1 1e-08 1e-08 1e-08 0 1.33333
523 1 1e-08 1e-08 1e-08 0 1.33333
527 1 3.33333e-09 3.33333e-09 1e-08 6.66667e-09 1.5
526 1 1e-08 1e-08 1e-08 0 1.33333
525 1 1e-08 1e-08 1e-08 0 1.33333
524 1 1e-08 1e-08 1e-08 0 1.33333
507 1 3.33333e-09 3.33333e-09 1e-08 6.66667e-09 1.5
508 1 1e-08 1e-08 1e-08 0 1.33333
509 1 1e-08 1e-08 1e-08 0 1.33333
510 1 1e-08 1e-08 1e-08 0 1.33333
511 1 1e-08 1e-08 1e-08 0 1.33333
522 1 1e-08 1e-08 1e-08 0 1.33333
514 1 1e-08 1e-08 1e-08 0 1.33333
515 1 2.5e-09 2.5e-09 1e-08 7.5e-09 1.5
516 1 1e-08 1e-08 1e-08 0 1.33333
517 1 5e-09 5e-09 1e-08 5e-09 1.5
518 1 1e-08 1e-08 1e-08 0 1.5
521 1 1e-08 1e-08 1e-08 0 1.5
520 1 1e-08 1e-08 1e-08 0 1.33333

506 33 2.90288 2.90288 4.31033 1.40746 1.5
540 1 142.241 142.241 142.241 0 1.5
9 33 1.69334 1.69334 4.27645 2.5831 1.5
73 1 0.339217 0.339217 0.339217 0 1.25
531 1 0.329181 0.329181 0.329181 0 1.33333
76 1 0.320527 0.320527 0.320527 0 1.33333
528 1 0.119241 0.119241 0.119241 0 1.33333
519 1 0.0879267 0.0879267 0.0879267 5e-09 1.5
518 1 0.0463483 0.0463483 0.0463483 5e-09 1.5
513 1 0.00362292 0.00362292 0.0050479 0.00142498 1.5
512 1 1.0405e-07 1.0405e-07 1.1155e-07 7.5e-09 1.5
516 1 1e-08 1e-08 1e-08 0 1.33333
517 1 5e-09 5e-09 1e-08 5e-09 1.5
521 1 1e-08 1e-08 1e-08 0 1.5
520 1 1e-08 1e-08 1e-08 0 1.33333
533 1 1e-08 1e-08 1e-08 0 1.5
534 1 1e-08 1e-08 1e-08 0 1.33333
535 1 5e-09 5e-09 1e-08 5e-09 1.5
536 1 1e-08 1e-08 1e-08 0 1.33333
537 1 1e-08 1e-08 1e-08 0 1.33333
538 1 1e-08 1e-08 1e-08 0 1.33333
539 1 1e-08 1e-08 1e-08 0 1.33333
541 1 1e-08 1e-08 1e-08 0 1.33333
542 1 1e-08 1e-08 1e-08 0 1.33333
543 1 1e-08 1e-08 1e-08 0 1.5
515 1 5e-09 5e-09 1e-08 5e-09 1.5
514 1 1e-08 1e-08 1e-08 0 1.33333
522 1 1e-08 1e-08 1e-08 0 1.33333
511 1 1e-08 1e-08 1e-08 0 1.33333
510 1 1e-08 1e-08 1e-08 0 1.33333
509 1 1e-08 1e-08 1e-08 0 1.33333
508 1 5e-09 5e-09 1e-08 5e-09 1.33333
507 1 3.33333e-09 3.33333e-09 1e-08 6.66667e-09 1.5
524 1 1e-08 1e-08 1e-08 0 1.33333
525 1 1e-08 1e-08 1e-08 0 1.33333
526 1 1e-08 1e-08 1e-08 0 1.33333
527 1 1e-08 1e-08 1e-08 0 1.5

9 16 8.89006 8.89006 8.89006 1.77636e-15 1.5
540 33 3.16091 3.16091 4.21531 1.0544 2.66667
506 32 1.67342 1.67342 4.27318 2.59976 1.5
73 1 0.339217 0.339217 0.339217 0 1.25
76 1 0.320527 0.320527 0.320527 0 1.33333
531 1 0.164591 0.164591 0.164591 5e-09 1.33333
519 1 0.0351707 0.0351707 0.140683 0.105512 1.5
528 1 0.119241 0.119241 0.119241 0 1.33333
518 1 0.0926965 0.0926965 0.0926965 0 1.5
545 1 0.0812413 0.0812413 0.0812413 0 1.5
547 1 0.0185566 0.0185566 0.0185566 0 1.33333
513 1 0.00724584 0.00724584 0.00724584 0 1.5
553 1 0.00351978 0.00351978 0.00351978 0 1.33333
555 1 0.00184382 0.00184382 0.00184382 0 1.5
546 1 0.000331522 0.000331522 0.000331522 0 1.5
512 1 2.081e-07 2.081e-07 2.131e-07 5e-09 1.5
554 1 1e-08 1e-08 1e-08 0 1.33333
552 1 1e-08 1e-08 1e-08 0 1.33333
550 1 1e-08 1e-08 1e-08 0 1.5
549 1 1e-08 1e-08 1e-08 0 1.33333
548 1 1e-08 1e-08 1e-08 0 1.33333
556 1 1e-08 1e-08 1e-08 0 1.33333
544 1 3.33333e-09 3.33333e-09 1e-08 6.66667e-09 1.5

567 1 142.241 142.241 142.241 0 1.5
540 25 3.6472 3.6472 5.68964 2.04243 1.5
506 24 3.74318 3.74318 5.77327 2.03009 1.5
9 24 1.73465 1.73465 5.69013 3.95549 1.5
73 1 0.339217 0.339217 0.339217 0 1.25
531 1 0.329181 0.329181 0.329181 0 1.33333
76 1 0.320527 0.320527 0.320527 0 1.33333
565 1 0.309709 0.309709 0.309709 0 1.33333
519 1 0.0879267 0.0879267 0.175853 0.0879267 1.5
528 1 0.119241 0.119241 0.119241 0 1.33333
545 1 0.0812413 0.0812413 0.0812413 0 1.5
560 1 0.0470534 0.0470534 0.0470534 0 1.33333
518 1 0.0463483 0.0463483 0.0463483 5e-09 1.5
512 1 0.023897 0.023897 0.0238971 1.42067e-07 1.5
547 1 0.0185566 0.0185566 0.0185566 0 1.33333
513 1 0.00724584 0.00724584 0.00724584 0 1.5
553 1 0.00351978 0.00351978 0.00351978 0 1.33333
555 1 0.00184382 0.00184382 0.00184382 0 1.5
546 1 0.000165761 0.000165761 0.000331522 0.000165761 1.5
563 1 1.36302e-05 1.36302e-05 1.36302e-05 0 1.5
570 1 1e-08 1e-08 1e-08 0 1.33333
569 1 1e-08 1e-08 1e-08 0 1.5
568 1 1e-08 1e-08 1e-08 0 1.33333
566 1 1e-08 1e-08 1e-08 0 1.33333
564 1 1e-08 1e-08 1e-08 0 1.5
562 1 1e-08 1e-08 1e-08 0 1.33333
561 1 1e-08 1e-08 1e-08 0 1.5
559 1 1e-08 1e-08 1e-08 0 1.33333
558 1 1e-08 1e-08 1e-08 0 1.5
557 1 5e-09 5e-09 1e-08 5e-09 1.5
544 1 5e-09 5e-09 1e-08 5e-09 1.5

540 14 10.1601 10.1601 10.1601 0 1.5
9 8 17.7801 17.7801 17.7801 0 1.5
571 9 15.8045 15.8045 15.8045 3.55271e-15 1.5
567 19 1.59821 1.59821 7.26303 5.66481 1.5
506 18 3.38669 3.38669 7.38094 3.99425 1.5
555 1 0.334361 0.334361 0.335283 0.000921912 1.5
73 1 0.330432 0.330432 0.330432 0 1.25
531 1 0.329181 0.329181 0.329181 0 1.33333
76 1 0.320527 0.320527 0.320527 0 1.33333
565 1 0.309709 0.309709 0.309709 0 1.33333
519 1 0.175853 0.175853 0.175853 0 1.5
528 1 0.119241 0.119241 0.119241 0 1.33333
545 1 0.0812413 0.0812413 0.0812413 0 1.5
512 1 0.0179227 0.0179227 0.0716909 0.0537682 1.5
560 1 0.0470534 0.0470534 0.0470534 0 1.33333
574 1 0.0469771 0.0469771 0.0469771 0 1.33333
518 1 0.0463483 0.0463483 0.0463483 5e-09 1.5
547 1 0.0185566 0.0185566 0.0185566 0 1.33333
513 1 0.00724584 0.00724584 0.00724584 0 1.5
553 1 0.00351978 0.00351978 0.00351978 0 1.33333
557 1 0.00126721 0.00126721 0.00253442 0.00126721 1.5
546 1 0.000331522 0.000331522 0.000331522 0 1.5
563 1 1.36302e-05 1.36302e-05 1.36302e-05 0 1.5
569 1 1e-08 1e-08 1e-08 0 1.5
568 1 1e-08 1e-08 1e-08 0 1.33333
566 1 1e-08 1e-08 1e-08 0 1.33333
564 1 1e-08 1e-08 1e-08 0 1.5
562 1 1e-08 1e-08 1e-08 0 1.33333
561 1 1e-08 1e-08 1e-08 0 1.5
559 1 1e-08 1e-08 1e-08 0 1.33333
558 1 1e-08 1e-08 1e-08 0 1.5
570 1 1e-08 1e-08 1e-08 0 1.33333
544 1 1e-08 1e-08 1e-08 0 1.5
572 1 1e-08 1e-08 1e-08 0 1.5
573 1 1e-08 1e-08 1e-08 0 1.5
575 1 1e-08 1e-08 1e-08 0 1.33333
576 1 1e-08 1e-08 1e-08 0 1.33333

540 20 2.68379 2.68379 7.11205 4.42826 1.5
506 17 8.36711 8.36711 8.36711 1.77636e-15 1.5
580 1 142.241 142.241 142.241 0 1.5
567 19 7.48636 7.48636 7.48636 8.88178e-16 1.5
9 19 2.49545 2.49545 7.09916 4.60371 1.5
555 1 0.334361 0.334361 0.668722 0.334361 1.5
531 1 0.329181 0.329181 0.329181 0 1.33333
76 1 0.320527 0.320527 0.320527 0 1.33333
73 1 0.311071 0.311071 0.311071 0 1.25
565 1 0.309709 0.309709 0.309709 0 1.33333
528 1 0.119241 0.119241 0.119241 0 1.33333
518 1 0.0926965 0.0926965 0.0926965 0 1.5
519 1 0.0879267 0.0879267 0.0879267 5e-09 1.5
545 1 0.0812413 0.0812413 0.0812413 0 1.5
512 1 0.0358455 0.0358455 0.0716909 0.0358455 1.5
586 1 0.0514159 0.0514159 0.0514159 0 1.33333
560 1 0.0470534 0.0470534 0.0470534 0 1.33333
574 1 0.0470527 0.0470527 0.0470527 0 1.33333
585 1 0.029766 0.029766 0.029766 0 1.33333
547 1 0.0185566 0.0185566 0.0185566 0 1.33333
582 1 0.0162562 0.0162562 0.0162562 0 1.5
513 1 0.00362292 0.00362292 0.00724584 0.00362292 1.5
557 1 0.00380162 0.00380162 0.00380162 0 1.5
553 1 0.00351978 0.00351978 0.00351978 0 1.33333
546 1 0.000331522 0.000331522 0.000331522 0 1.5
563 1 1.36302e-05 1.36302e-05 1.36302e-05 0 1.5
589 1 1e-08 1e-08 1e-08 0 1.33333
588 1 1e-08 1e-08 1e-08 0 1.33333
587 1 1e-08 1e-08 1e-08 0 1.33333
584 1 1e-08 1e-08 1e-08 0 1.33333

9 3 47.4136 47.4136 47.4136 0 1.5
591 2 71.1205 71.1205 71.1205 0 1.5
540 17 2.96335 2.96335 8.36711 5.40376 1.5
580 16 4.58842 4.58842 8.61742 4.029 1.5
567 16 4.58842 4.58842 8.61418 4.02577 1.5
506 15 4.18356 4.18356 8.65819 4.47464 1.5
555 1 0.668722 0.668722 0.668722 0 1.5
73 1 0.339217 0.339217 0.339217 0 1.25
531 1 0.329181 0.329181 0.329181 0 1.33333
76 1 0.320527 0.320527 0.320527 0 1.33333
565 1 0.309709 0.309709 0.309709 0 1.33333
611 1 0.279784 0.279784 0.279784 0 1.33333
519 1 0.175853 0.175853 0.175853 0 1.5
528 1 0.119241 0.119241 0.119241 0 1.33333
518 1 0.0926965 0.0926965 0.0926965 0 1.5
512 1 0.0475966 0.0475966 0.083442 0.0358455 1.5
545 1 0.0812413 0.0812413 0.0812413 0 1.5
601 1 0.0748951 0.0748951 0.0748951 0 1.5
603 1 0.0515369 0.0515369 0.0515369 0 1.33333
586 1 0.0514159 0.0514159 0.0514159 0 1.33333
560 1 0.0470534 0.0470534 0.0470534 0 1.33333
574 1 0.0469771 0.0469771 0.0469771 0 1.33333
585 1 0.029766 0.029766 0.029766 0 1.33333
547 1 0.0185566 0.0185566 0.0185566 0 1.33333
582 1 0.00812811 0.00812811 0.0100289 0.00190081 1.5
513 1 0.00724584 0.00724584 0.00724584 0 1.5
557 1 0.00380162 0.00380162 0.00380162 0 1.5
553 1 0.00351978 0.00351978 0.00351978 0 1.33333
546 1 0.000110507 0.000110507 0.000331522 0.000221015 1.5
610 1 0.000199566 0.000199566 0.000199566 0 1.5
563 1 1.36302e-05 1.36302e-05 1.36302e-05 0 1.5
612 1 1e-08 1e-08 1e-08 0 1.33333
609 1 1e-08 1e-08 1e-08 0 1.33333
608 1 1e-08 1e-08 1e-08 0 1.5
607 1 1e-08 1e-08 1e-08 0 1.33333
606 1 1e-08 1e-08 1e-08 0 1.33333
605 1 1e-08 1e-08 1e-08 0 1.33333
604 1 1e-08 1e-08 1e-08 0 1.5

567 16 8.89006 8.89006 8.89006 1.77636e-15 1.5
580 3 47.4136 47.4136 47.4136 0 1.5
506 14 10.1601 10.1601 10.1601 0 1.5
540 16 5.26818 5.26818 8.89006 3.62188 1.5
591 16 3.38669 3.38669 8.47824 5.09155 1.5
9 15 3.30793 3.30793 8.82529 5.51736 1.5
73 1 0.339217 0.339217 0.339217 0 1.25
531 1 0.329181 0.329181 0.329181 0 1.33333
76 1 0.320527 0.320527 0.320527 0 1.33333
555 1 0.222907 0.222907 0.246206 0.0232987 1.5
519 1 0.175853 0.175853 0.175853 0 1.5
528 1 0.119241 0.119241 0.119241 0 1.33333
611 1 0.107579 0.107579 0.107579 0 1.33333
613 1 0.099412 0.099412 0.099412 0 1.5
512 1 0.0951931 0.0951931 0.0951931 0 1.5
545 1 0.0812413 0.0812413 0.0812413 0 1.5
518 1 0.0463483 0.0463483 0.0800539 0.0337056 1.5
601 1 0.0748951 0.0748951 0.0748951 0 1.5
603 1 0.0259246 0.0259246 0.0516931 0.0257684 1.33333
586 1 0.0514159 0.0514159 0.0514159 0 1.33333
560 1 0.0470534 0.0470534 0.0470534 0 1.33333
574 1 0.0469771 0.0469771 0.0469771 0 1.33333
565 1 0.0405063 0.0405063 0.0405063 0 1.33333
585 1 0.029766 0.029766 0.029766 0 1.33333
547 1 0.0185566 0.0185566 0.0185566 0 1.33333
606 1 0.0103872 0.0103872 0.0103872 5e-09 1.33333
582 1 0.00812811 0.00812811 0.0100289 0.00190081 1.5

580 16 2.84482 2.84482 8.89006 6.04524 1.5
540 2 71.1205 71.1205 71.1205 0 1.5
591 16 5.08003 5.08003 8.89006 3.81002 1.5
9 11 12.931 12.931 12.931 1.77636e-15 1.5
567 16 3.6472 3.6472 8.66418 5.01698 1.5
506 16 4.31033 4.31033 8.62206 4.31173 1.5
628 1 0.876676 0.876676 0.883011 0.00633554 1.5
555 1 0.668722 0.668722 0.668722 0 1.5
73 1 0.339217 0.339217 0.339217 0 1.25
531 1 0.329181 0.329181 0.329181 0 1.33333
76 1 0.320527 0.320527 0.320527 0 1.33333
611 1 0.279784 0.279784 0.279784 0 1.33333
519 1 0.175853 0.175853 0.175853 0 1.5
528 1 0.119241 0.119241 0.119241 0 1.33333
512 1 0.0951931 0.0951931 0.0951931 0 1.5
518 1 0.0926965 0.0926965 0.0926965 0 1.5
545 1 0.0812413 0.0812413 0.0812413 0 1.5
601 1 0.0748951 0.0748951 0.0748951 0 1.5
613 1 0.0250362 0.0250362 0.0747422 0.049706 1.5
603 1 0.0518493 0.0518493 0.0518493 0 1.33333
586 1 0.0514159 0.0514159 0.0514159 0 1.33333
630 1 0.0513847 0.0513847 0.0513847 0 1.33333
560 1 0.0470534 0.0470534 0.0470534 0 1.33333
574 1 0.0469771 0.0469771 0.0469771 0 1.33333
565 1 0.0405063 0.0405063 0.0405063 0 1.33333
636 1 0.0298053 0.0298053 0.0298053 0 1.33333
585 1 0.029766 0.029766 0.029766 0 1.33333
606 1 0.0207744 0.0207744 0.0207744 0 1.33333
547 1 0.0185566 0.0185566 0.0185566 0 1.33333
582 1 0.0162562 0.0162562 0.0162562 0 1.5

9 2 71.1205 71.1205 71.1205 0 1.5
567 15 9.48273 9.48273 9.48273 0 1.5
506 15 9.48273 9.48273 9.48273 0 1.5
580 16 2.50298 2.41086 8.74514 6.32855 1.5
540 16 3.95114 3.95114 8.64466 4.69352 1.5
591 14 4.74136 4.74136 8.60544 3.86407 1.5
628 1 1.75335 1.75335 1.75335 0 1.5
512 1 0.33428 0.33428 0.381876 0.0475966 1.5
73 1 0.330432 0.330432 0.330432 0 1.25
531 1 0.329181 0.329181 0.329181 0 1.33333
76 1 0.320527 0.320527 0.320527 0 1.33333
611 1 0.279784 0.279784 0.279784 0 1.33333
555 1 0.222907 0.222907 0.246206 0.0232987 1.5
519 1 0.175853 0.175853 0.175853 0 1.5
528 1 0.119241 0.119241 0.119241 0 1.33333
646 1 0.0894436 0.0894436 0.0894436 0 1.33333
545 1 0.0812413 0.0812413 0.0812413 0 1.5
582 1 0.0514105 0.0514105 0.0595386 0.00812811 1.5
603 1 0.0518493 0.0518493 0.0518493 0 1.33333
586 1 0.0514159 0.0514159 0.0514159 0 1.33333
630 1 0.0513847 0.0513847 0.0513847 0 1.33333
601 1 0.024965 0.024965 0.0509114 0.0259464 1.5
613 1 0.0500723 0.0500723 0.0500723 5e-09 1.5
560 1 0.0470534 0.0470534 0.0470534 0 1.33333
574 1 0.0469771 0.0469771 0.0469771 0 1.33333
518 1 0.0463483 0.0463483 0.0463483 5e-09 1.5
565 1 0.0405063 0.0405063 0.0405063 0 1.33333
636 1 0.0298053 0.0298053 0.0298053 0 1.33333
585 1 0.029766 0.029766 0.029766 0 1.33333

540 14 7.7724 7.48636 10.2009 2.67557 1.5
567 14 4.06403 4.06403 10.1601 6.09604 1.5
506 14 3.74318 3.74318 10.1601 6.41688 1.5
591 12 11.8534 11.8534 11.8534 0 1.5
652 3 47.4136 47.4136 47.4136 0 1.5
9 14 4.31033 4.31033 10.1601 5.84973 1.5
580 13 9.48273 9.48273 10.2317 0.748993 1.5
628 1 1.75335 1.75335 1.75335 0 1.5
555 1 0.668722 0.668722 0.668722 0 1.5
512 1 0.668559 0.668559 0.668559 0 1.5
73 1 0.330432 0.330432 0.330432 0 1.25
531 1 0.329181 0.329181 0.329181 0 1.33333
76 1 0.320527 0.320527 0.320527 0 1.33333
519 1 0.175853 0.175853 0.175853 0 1.5
611 1 0.139892 0.139892 0.139892 5e-09 1.33333
528 1 0.119241 0.119241 0.119241 0 1.33333
582 1 0.102821 0.102821 0.102821 0 1.5
613 1 0.100145 0.100145 0.100145 0 1.5
518 1 0.0926965 0.0926965 0.0926965 0 1.5
646 1 0.0894436 0.0894436 0.0894436 0 1.33333
545 1 0.0812413 0.0812413 0.0812413 0 1.5
601 1 0.0748951 0.0748951 0.0748951 0 1.5
603 1 0.0518493 0.0518493 0.0518493 0 1.33333
586 1 0.0514159 0.0514159 0.0514159 0 1.33333

9 5 28.4482 28.4482 28.4482 0 1.5
580 10 14.2241 14.2241 14.2241 0 1.5
673 6 23.7068 23.7068 23.7068 0 1.5
591 14 4.58842 4.58842 10.0064 5.41802 1.5
567 14 4.74136 4.74136 9.82204 5.08067 1.5
540 13 2.50298 2.41086 10.2412 7.80215 1.5
506 13 5.68964 5.68964 10.0885 4.39882 1.5
628 1 1.75335 1.75335 1.75335 0 1.5
555 1 0.668722 0.668722 0.668722 0 1.5
512 1 0.33428 0.33428 0.668559 0.33428 1.5
531 1 0.329181 0.329181 0.329181 0 1.33333
76 1 0.320527 0.320527 0.320527 0 1.33333
73 1 0.311071 0.311071 0.311071 0 1.25
519 1 0.175853 0.175853 0.175853 0 1.5
528 1 0.119241 0.119241 0.119241 0 1.33333
611 1 0.107579 0.107579 0.107579 0 1.33333
613 1 0.100145 0.100145 0.100145 0 1.5
646 1 0.0894436 0.0894436 0.0894436 0 1.33333
545 1 0.0812413 0.0812413 0.0812413 0 1.5
601 1 0.0748951 0.0748951 0.0748951 0 1.5
603 1 0.0518493 0.0518493 0.0518493 0 1.33333
586 1 0.0514159 0.0514159 0.0514159 0 1.33333
582 1 0.0514105 0.0514105 0.0514105 5e-09 1.5
518 1 0.0463483 0.0463483 0.0463483 5e-09 1.5
682 1 0.0296564 0.0296564 0.0296564 0 1.33333
676 1 0.0259463 0.0259463 0.0259463 5e-09 1.33333
681 1 0.00430318 0.00430318 0.00430318 0 1.5
686 1 1e-08 1e-08 1e-08 0 1.33333
685 1 1e-08 1e-08 1e-08 0 1.33333
684 1 1e-08 1e-08 1e-08 0 1.33333
683 1 1e-08 1e-08 1e-08 0 1.33333
680 1 1e-08 1e-08 1e-08 0 1.5
679 1 1e-08 1e-08 1e-08 0 1.33333

540 12 12.3063 11.8534 12.0044 0.213497 1.5
673 1 142.241 142.241 142.241 0 1.5
506 13 10.9416 10.9416 10.9416 0 1.5
567 14 6.4655 6.4655 10.1601 3.69457 1.5
591 14 3.23275 3.23275 9.93329 6.70054 1.5
9 13 3.23275 3.23275 10.489 7.25624 1.5
580 13 6.18439 6.18439 10.4847 4.30035 1.5
628 1 1.75335 1.75335 1.75335 0 1.5
555 1 0.668722 0.668722 0.668722 0 1.5
512 1 0.668559 0.668559 0.668559 0 1.5
693 1 0.456171 0.456171 0.456171 0 1.5
73 1 0.339217 0.339217 0.339217 0 1.25
531 1 0.329181 0.329181 0.329181 0 1.33333
76 1 0.320527 0.320527 0.320527 0 1.33333
519 1 0.175853 0.175853 0.175853 0 1.5
528 1 0.119241 0.119241 0.119241 0 1.33333
582 1 0.102821 0.102821 0.102821 0 1.5
613 1 0.0333816 0.0333816 0.100145 0.0667631 1.5
518 1 0.0926965 0.0926965 0.0926965 0 1.5
646 1 0.0894436 0.0894436 0.0894436 0 1.33333
611 1 0.0855816 0.0855816 0.0855816 0 1.33333
545 1 0.0812413 0.0812413 0.0812413 0 1.5
601 1 0.0748951 0.0748951 0.0748951 0 1.5
695 1 0.0717223 0.0717223 0.0717223 0 1.33333
676 1 0.0518926 0.0518926 0.0518926 0 1.33333
603 1 0.0518493 0.0518493 0.0518493 0 1.33333
586 1 0.0514159 0.0514159 0.0514159 0 1.33333
682 1 0.0296564 0.0296564 0.0296564 0 1.33333

540 14 2.73473 2.63409 10.2104 7.52614 1.5
699 4 35.5602 35.5602 35.5602 0 1.5
580 12 11.8534 11.8534 11.8534 0 1.5
9 5 28.4482 28.4482 28.4482 0 1.5
673 14 5.26818 5.26818 10.1601 4.89188 1.5
567 13 4.06403 4.06403 10.6366 6.5726 1.5
591 13 6.4655 6.4655 10.4557 3.99016 1.5
628 1 1.75335 1.75335 1.75335 0 1.5
555 1 0.668722 0.668722 0.668722 0 1.5
512 1 0.668559 0.668559 0.668559 0 1.5
693 1 0.456171 0.456171 0.456171 0 1.5
73 1 0.339217 0.339217 0.339217 0 1.25
531 1 0.329181 0.329181 0.329181 0 1.33333
76 1 0.320527 0.320527 0.320527 0 1.33333
611 1 0.279784 0.279784 0.279784 0 1.33333
519 1 0.175853 0.175853 0.175853 0 1.5
528 1 0.119241 0.119241 0.119241 0 1.33333
582 1 0.102821 0.102821 0.102821 0 1.5
613 1 0.100145 0.100145 0.100145 0 1.5
518 1 0.0926965 0.0926965 0.0926965 0 1.5
646 1 0.0894436 0.0894436 0.0894436 0 1.33333
714 1 0.0828999 0.0828999 0.0828999 0 1.33333
545 1 0.0812413 0.0812413 0.0812413 0 1.5
601 1 0.0748951 0.0748951 0.0748951 0 1.5
695 1 0.0717223 0.0717223 0.0717223 0 1.33333
676 1 0.0518926 0.0518926 0.0518926 0 1.33333
603 1 0.0518493 0.0518493 0.0518493 0 1.33333
712 1 0.0508775 0.0508775 0.0508775 0 1.33333
682 1 0.0296564 0.0296564 0.0296564 0 1.33333
586 1 0.0257079 0.0257079 0.0257079 5e-09 1.33333
709 1 0.0100397 0.0100397 0.0100397 0 1.5
715 1 0.00724584 0.00724584 0.00724584 0 1.5
705 1 0.0053453 0.0053453 0.0053453 0 1.33333

580 12 4.58842 4.58842 11.8534 7.26499 1.5
9 12 8.36711 8.36711 11.8534 3.4863 1.5
736 1 142.241 142.241 142.241 0 1.5
567 8 17.7801 17.7801 17.7801 0 1.5
591 10 14.2241 14.2241 14.2241 0 1.5
673 12 6.4655 6.4655 11.8534 5.38791 1.5
699 12 3.28168 3.28168 11.7558 8.47408 1.5
540 11 7.7724 7.48636 12.3147 4.77764 1.5
628 1 1.75335 1.75335 1.75335 0 1.5
555 1 0.668722 0.668722 0.668722 0 1.5
512 1 0.668559 0.668559 0.668559 0 1.5
693 1 0.456171 0.456171 0.456171 0 1.5
73 1 0.330432 0.330432 0.330432 0 1.25
531 1 0.329181 0.329181 0.329181 0 1.33333
76 1 0.320527 0.320527 0.320527 0 1.33333
695 1 0.311933 0.311933 0.311933 0 1.33333
611 1 0.279784 0.279784 0.279784 0 1.33333
519 1 0.175853 0.175853 0.175853 0 1.5
528 1 0.119241 0.119241 0.119241 0 1.33333
582 1 0.102821 0.102821 0.102821 0 1.5
518 1 0.0926965 0.0926965 0.0926965 0 1.5
646 1 0.0894436 0.0894436 0.0894436 0 1.33333
714 1 0.0828999 0.0828999 0.0828999 0 1.33333
545 1 0.0812413 0.0812413 0.0812413 0 1.5
613 1 0.0500723 0.0500723 0.0781667 0.0280944 1.5
601 1 0.0748951 0.0748951 0.0748951 0 1.5
676 1 0.0259463 0.0259463 0.0518926 0.0259463 1.33333
603 1 0.0518493 0.0518493 0.0518493 0 1.33333
586 1 0.0514159 0.0514159 0.0514159 0 1.33333
712 1 0.0508775 0.0508775 0.0508775 0 1.33333
682 1 0.0296564 0.0296564 0.0296564 0 1.33333

736 11 4.76373 4.76373 13.1382 8.37445 1.5
739 5 28.4482 28.4482 28.4482 0 1.5
567 11 9.48273 9.48273 12.931 3.44826 1.5
591 11 4.44503 4.44503 12.931 8.48596 1.5
699 2 71.1205 71.1205 71.1205 0 1.5
540 1 142.241 142.241 142.241 0 1.5
673 11 7.90227 7.90227 12.931 5.02872 1.5
9 10 4.76373 4.58842 13.4127 8.80695 1.5
580 10 5.26818 5.26818 13.0307 7.76247 1.5
628 1 1.75335 1.75335 1.75335 0 1.5
512 1 0.668559 0.668559 0.668559 0 1.5
693 1 0.456171 0.456171 0.456171 0 1.5
73 1 0.330432 0.330432 0.330432 0 1.25
531 1 0.329181 0.329181 0.329181 0 1.33333
76 1 0.320527 0.320527 0.320527 0 1.33333
752 1 0.276109 0.276109 0.276109 0 1.33333
555 1 0.222907 0.222907 0.246206 0.0232987 1.5
519 1 0.175853 0.175853 0.175853 0 1.5
747 1 0.156325 0.156325 0.156325 0 1.5
528 1 0.119241 0.119241 0.119241 0 1.33333
582 1 0.102821 0.102821 0.102821 0 1.5
613 1 0.100145 0.100145 0.100145 0 1.5
518 1 0.0926965 0.0926965 0.0926965 0 1.5
646 1 0.0894436 0.0894436 0.0894436 0 1.33333
611 1 0.0855816 0.0855816 0.0855816 0 1.33333
714 1 0.0828999 0.0828999 0.0828999 0 1.33333
545 1 0.0812413 0.0812413 0.0812413 0 1.5
601 1 0.0748951 0.0748951 0.0748951 0 1.5
695 1 0.0717223 0.0717223 0.0717223 0 1.33333
676 1 0.0518926 0.0518926 0.0518926 0 1.33333
603 1 0.0518493 0.0518493 0.0518493 0 1.33333
586 1 0.0514159 0.0514159 0.0514159 0 1.33333
712 1 0.0508775 0.0508775 0.0508775 0 1.33333
682 1 0.0296564 0.0296564 0.0296564 0 1.33333
746 1 0.00936622 0.00936622 0.00936622 0 1.5
750 1 0.00144055 0.00144055 0.00144055 0 1.5
753 1 1e-08 1e-08 1e-08 0 1.33333
751 1 1e-08 1e-08 1e-08 0 1.5

580 10 14.2241 14.2241 14.2241 0 1.5
567 11 12.931 12.931 12.931 1.77636e-15 1.5
591 11 12.931 12.931 12.931 1.77636e-15 1.5
673 11 12.931 12.931 12.931 1.77636e-15 1.5
9 9 15.8045 15.8045 15.8045 3.55271e-15 1.5
736 14 2.42091 2.42091 9.88223 7.46131 1.5
739 13 3.46929 3.46929 9.92247 6.45318 1.5
628 1 1.75335 1.75335 1.75335 0 1.5
555 1 0.668722 0.668722 0.668722 0 1.5
512 1 0.668559 0.668559 0.668559 0 1.5
693 1 0.456171 0.456171 0.456171 0 1.5
73 1 0.339217 0.339217 0.339217 0 1.25
531 1 0.329181 0.329181 0.329181 0 1.33333
76 1 0.320527 0.320527 0.320527 0 1.33333
695 1 0.311933 0.311933 0.311933 0 1.33333
611 1 0.279784 0.279784 0.279784 0 1.33333
752 1 0.276109 0.276109 0.276109 0 1.33333
519 1 0.0586178 0.0586178 0.175853 0.117236 1.5
747 1 0.156325 0.156325 0.156325 0 1.5
528 1 0.119241 0.119241 0.119241 0 1.33333
582 1 0.102821 0.102821 0.102821 0 1.5
613 1 0.100145 0.100145 0.100145 0 1.5
518 1 0.0926965 0.0926965 0.0926965 0 1.5
646 1 0.0894436 0.0894436 0.0894436 0 1.33333
714 1 0.0828999 0.0828999 0.0828999 0 1.33333
545 1 0.0812413 0.0812413 0.0812413 0 1.5
601 1 0.0748951 0.0748951 0.0748951 0 1.5
676 1 0.0518926 0.0518926 0.0518926 0 1.33333
760 1 0.0518861 0.0518861 0.0518861 0 1.33333

736 10 14.7676 14.7676 14.7676 0 1.5
591 14 10.1601 10.1601 10.1601 0 1.5
739 13 10.9416 10.9416 10.9416 0 1.5
673 11 12.931 12.931 12.931 1.77636e-15 1.5
9 9 15.8045 15.8045 15.8045 3.55271e-15 1.5
567 13 6.15315 5.92671 10.5438 4.58294 1.5
580 13 1.82316 1.75606 10.3023 8.53599 1.5
628 1 0.438338 0.438338 0.744453 0.306115 1.5
555 1 0.668722 0.668722 0.668722 0 1.5
512 1 0.668559 0.668559 0.668559 0 1.5
693 1 0.456171 0.456171 0.456171 0 1.5
73 1 0.339217 0.339217 0.339217 0 1.25
531 1 0.329181 0.329181 0.329181 0 1.33333
76 1 0.320527 0.320527 0.320527 0 1.33333
769 1 0.309161 0.309161 0.309161 0 1.33333
752 1 0.276109 0.276109 0.276109 0 1.33333
772 1 0.266889 0.266889 0.266889 0 1.33333
519 1 0.175853 0.175853 0.175853 0 1.5
747 1 0.156325 0.156325 0.156325 0 1.5
528 1 0.119241 0.119241 0.119241 0 1.33333
582 1 0.102821 0.102821 0.102821 0 1.5
613 1 0.0500723 0.0500723 0.100145 0.0500723 1.5
646 1 0.0894436 0.0894436 0.0894436 0 1.33333
611 1 0.0855816 0.0855816 0.0855816 0 1.33333
714 1 0.0828999 0.0828999 0.0828999 0 1.33333

736 12 2.73473 2.73473 12.0564 9.32171 1.5
780 5 28.4482 28.4482 28.4482 0 1.5
580 3 47.4136 47.4136 47.4136 0 1.5
567 10 14.2241 14.2241 14.2241 0 1.5
739 12 10.9416 10.9416 11.8534 0.911801 1.5
9 9 15.8045 15.8045 15.8045 3.55271e-15 1.5
673 11 12.931 12.931 12.931 1.77636e-15 1.5
591 12 3.30793 3.30793 11.5883 8.28034 1.5
628 1 1.75335 1.75335 1.75335 0 1.5
785 1 1.18897 1.18897 1.18897 0 1.5
512 1 0.668559 0.668559 0.668559 0 1.5
693 1 0.456171 0.456171 0.456171 0 1.5
555 1 0.334361 0.334361 0.351835 0.0174741 1.5
73 1 0.339217 0.339217 0.339217 0 1.25
531 1 0.329181 0.329181 0.329181 0 1.33333
76 1 0.320527 0.320527 0.320527 0 1.33333
769 1 0.309161 0.309161 0.309161 0 1.33333
611 1 0.279784 0.279784 0.279784 0 1.33333
752 1 0.276109 0.276109 0.276109 0 1.33333
772 1 0.266889 0.266889 0.266889 0 1.33333
519 1 0.175853 0.175853 0.175853 0 1.5
528 1 0.119241 0.119241 0.119241 0 1.33333
613 1 0.100145 0.100145 0.100145 0 1.5
646 1 0.0894436 0.0894436 0.0894436 0 1.33333
714 1 0.0828999 0.0828999 0.0828999 0 1.33333
747 1 0.0781625 0.0781625 0.0781625 5e-09 1.5
582 1 0.0342736 0.0342736 0.0342736 6.66667e-09 1.5
795 1 0.00936622 0.00936622 0.00936622 0 1.5
782 1 0.00724584 0.00724584 0.00724584 0 1.5
787 1 0.00215159 0.00215159 0.00430318 0.00215159 1.5
790 1 0.000549588 0.000549588 0.00109918 0.000549588 1.5
805 1 1e-08 1e-08 1e-08 0 1.33333
804 1 1e-08 1e-08 1e-08 0 1.33333
803 1 1e-08 1e-08 1e-08 0 1.33333
802 1 1e-08 1e-08 1e-08 0 1.33333

736 14 2.5908 2.5908 10.3589 7.76811 1.5
567 12 11.8534 11.8534 11.8534 0 1.5
739 12 11.8534 11.8534 11.8534 0 1.5
591 10 14.2241 14.2241 14.2241 0 1.5
9 9 15.8045 15.8045 15.8045 3.55271e-15 1.5
673 11 12.931 12.931 12.931 1.77636e-15 1.5
780 13 3.16091 3.16091 10.2259 7.06501 1.5
628 1 1.75335 1.75335 1.75335 0 1.5
785 1 1.18897 1.18897 1.18897 0 1.5
555 1 0.668722 0.668722 0.668722 0 1.5
512 1 0.668559 0.668559 0.668559 0 1.5
693 1 0.456171 0.456171 0.456171 0 1.5
73 1 0.339217 0.339217 0.339217 0 1.25
531 1 0.329181 0.329181 0.329181 0 1.33333
769 1 0.309161 0.309161 0.309161 0 1.33333
816 1 0.281049 0.281049 0.281049 0 1.33333
752 1 0.276109 0.276109 0.276109 0 1.33333
519 1 0.175853 0.175853 0.175853 0 1.5
76 1 0.160264 0.160264 0.160264 5e-09 1.33333
772 1 0.133444 0.133444 0.133444 5e-09 1.33333
528 1 0.119241 0.119241 0.119241 0 1.33333
582 1 0.102821 0.102821 0.102821 0 1.5
613 1 0.0500723 0.0500723 0.100145 0.0500723 1.5
646 1 0.0894436 0.0894436 0.0894436 0 1.33333
611 1 0.0855816 0.0855816 0.0855816 0 1.33333
714 1 0.0828999 0.0828999 0.0828999 0 1.33333
747 1 0.0521084 0.0521084 0.0521084 6.66667e-09 1.5

736 14 1.57102 1.57102 10.1741 8.60311 1.5
739 12 11.8534 11.8534 11.8534 0 1.5
591 2 71.1205 71.1205 71.1205 0 1.5
780 13 10.9416 10.9416 10.9416 0 1.5
567 14 7.90227 7.90227 10.1601 2.25779 1.5
9 9 15.8045 15.8045 15.8045 3.55271e-15 1.5
673 11 12.931 12.931 12.931 1.77636e-15 1.5
628 1 1.75335 1.75335 1.75335 0 1.5
831 1 1.42119 1.42119 1.42119 0 1.33333
785 1 1.18897 1.18897 1.18897 0 1.5
555 1 0.668722 0.668722 0.668722 0 1.5
512 1 0.668559 0.668559 0.668559 0 1.5
693 1 0.456171 0.456171 0.456171 0 1.5
73 1 0.339217 0.339217 0.339217 0 1.25
531 1 0.329181 0.329181 0.329181 0 1.33333
76 1 0.320527 0.320527 0.320527 0 1.33333
769 1 0.309161 0.309161 0.309161 0 1.33333
611 1 0.279784 0.279784 0.279784 0 1.33333
752 1 0.276109 0.276109 0.276109 0 1.33333
772 1 0.266889 0.266889 0.266889 0 1.33333
519 1 0.175853 0.175853 0.175853 0 1.5
747 1 0.156325 0.156325 0.156325 0 1.5
528 1 0.119241 0.119241 0.119241 0 1.33333
613 1 0.100145 0.100145 0.100145 0 1.5
714 1 0.0828999 0.0828999 0.0828999 0 1.33333
816 1 0.0506038 0.0506038 0.0506038 0 1.33333
646 1 0.0447218 0.0447218 0.0447218 5e-09 1.33333
582 1 0.0257052 0.0257052 0.0257052 7.5e-09 1.5
823 1 0.0148156 0.0148156 0.0148156 0 1.5
821 1 1e-08 1e-08 1e-08 0 1.33333
822 1 1e-08 1e-08 1e-08 0 1.33333
820 1 5e-09 5e-09 1e-08 5e-09 1.5
824 1 3.33333e-09 3.33333e-09 1e-08 6.66667e-09 1.5

833 14 3.8862 3.8862 10.5483 6.66206 1.5
9 11 13.4251 12.931 13.0208 0.190559 1.5
780 14 9.84504 9.48273 10.2118 0.689101 1.5
736 14 9.84504 9.48273 10.1859 0.683735 1.5
591 2 71.1205 71.1205 71.1205 0 1.5
673 11 12.931 12.931 12.931 1.77636e-15 1.5
739 13 2.5908 2.49545 10.6664 8.13443 1.5
850 1 4.35708 4.35708 4.35708 0 1.5
628 1 1.75335 1.75335 1.75335 0 1.5
831 1 1.42119 1.42119 1.42119 0 1.33333
785 1 1.18897 1.18897 1.18897 0 1.5
555 1 0.668722 0.668722 0.668722 0 1.5
512 1 0.668559 0.668559 0.668559 0 1.5
693 1 0.456171 0.456171 0.456171 0 1.5
73 1 0.339217 0.339217 0.339217 0 1.25
531 1 0.329181 0.329181 0.329181 0 1.33333
76 1 0.320527 0.320527 0.320527 0 1.33333
769 1 0.309161 0.309161 0.309161 0 1.33333
816 1 0.281049 0.281049 0.281049 0 1.33333
611 1 0.279784 0.279784 0.279784 0 1.33333
752 1 0.276109 0.276109 0.276109 0 1.33333
772 1 0.266889 0.266889 0.266889 0 1.33333
519 1 0.0879267 0.0879267 0.175853 0.0879267 1.5
528 1 0.119241 0.119241 0.119241 0 1.33333
613 1 0.100145 0.100145 0.100145 0 1.5
646 1 0.0894436 0.0894436 0.0894436 0 1.33333
714 1 0.0828999 0.0828999 0.0828999 0 1.33333
747 1 0.0781625 0.0781625 0.0782093 4.67221e-05 1.5
582 1 0.0514105 0.0514105 0.0514105 5e-09 1.5

833 12 2.07994 2.07994 12.2999 10.22 1.5
780 12 11.8534 11.8534 11.8534 0 1.5
736 12 10.9416 10.9416 11.8534 0.911801 1.5
591 2 71.1205 71.1205 71.1205 0 1.5
673 12 11.8534 11.8534 11.8534 0 1.5
739 8 17.7801 17.7801 17.7801 0 1.5
851 5 28.4482 28.4482 28.4482 0 1.5
9 12 3.46929 3.46929 11.5678 8.09855 1.5
850 1 4.35708 4.35708 4.35708 0 1.5
628 1 1.75335 1.75335 1.75335 0 1.5
831 1 1.42119 1.42119 1.42119 0 1.33333
785 1 1.18897 1.18897 1.18897 0 1.5
555 1 0.668722 0.668722 0.668722 0 1.5
512 1 0.668559 0.668559 0.668559 0 1.5
693 1 0.152057 0.152057 0.456171 0.304114 1.5
73 1 0.330432 0.330432 0.330432 0 1.25
531 1 0.329181 0.329181 0.329181 0 1.33333
76 1 0.320527 0.320527 0.320527 0 1.33333
769 1 0.309161 0.309161 0.309161 0 1.33333
611 1 0.279784 0.279784 0.279784 0 1.33333
752 1 0.276109 0.276109 0.276109 0 1.33333
772 1 0.266889 0.266889 0.266889 0 1.33333
519 1 0.175853 0.175853 0.175853 0 1.5
747 1 0.156325 0.156325 0.156325 0 1.5
528 1 0.119241 0.119241 0.119241 0 1.33333
852 1 0.102821 0.102821 0.102821 0 1.5
613 1 0.100145 0.100145 0.100145 0 1.5
646 1 0.0894436 0.0894436 0.0894436 0 1.33333
714 1 0.0828999 0.0828999 0.0828999 0 1.33333
816 1 0.0506038 0.0506038 0.0506038 0 1.33333
853 1 0.00468311 0.00468311 0.00936622 0.00468311 1.5
854 1 5e-09 5e-09 1e-08 5e-09 1.5
855 1 1e-08 1e-08 1e-08 0 1.5
856 1 1e-08 1e-08 1e-08 0 1.33333

851 14 8.36711 8.36711 10.1601 1.79295 1.5
736 12 11.8534 11.8534 11.8534 0 1.5
591 2 71.1205 71.1205 71.1205 0 1.5
673 12 11.8534 11.8534 11.8534 0 1.5
739 8 17.7801 17.7801 17.7801 0 1.5
780 13 2.68379 2.68379 10.7379 8.05415 1.5
833 13 3.14204 3.14204 10.6088 7.46677 1.5
850 1 4.35708 4.35708 4.35708 0 1.5
831 1 1.42119 1.42119 1.42119 0 1.33333
785 1 1.18897 1.18897 1.18897 0 1.5
628 1 0.876676 0.876676 0.876676 5e-09 1.5
555 1 0.668722 0.668722 0.668722 0 1.5
512 1 0.668559 0.668559 0.668559 0 1.5
693 1 0.456171 0.456171 0.456171 0 1.5
73 1 0.339217 0.339217 0.339217 0 1.25
531 1 0.329181 0.329181 0.329181 0 1.33333
76 1 0.320527 0.320527 0.320527 0 1.33333
769 1 0.309161 0.309161 0.309161 0 1.33333
867 1 0.298426 0.298426 0.298426 0 1.33333
816 1 0.281049 0.281049 0.281049 0 1.33333
752 1 0.276109 0.276109 0.276109 0 1.33333
772 1 0.266889 0.266889 0.266889 0 1.33333
519 1 0.175853 0.175853 0.175853 0 1.5
747 1 0.156325 0.156325 0.156325 0 1.5
528 1 0.119241 0.119241 0.119241 0 1.33333
852 1 0.102821 0.102821 0.102821 0 1.5
646 1 0.0894436 0.0894436 0.0894436 0 1.33333
611 1 0.0855816 0.0855816 0.0855816 0 1.33333
714 1 0.0828999 0.0828999 0.0828999 0 1.33333
613 1 0.0500723 0.0500723 0.0500723 5e-09 1.5
875 1 0.0494771 0.0494771 0.0494771 0 1.33333
853 1 0.00936622 0.00936622 0.00936622 0 1.5
882 1 0.00579069 0.00579069 0.0057907 5e-09 1.5
884 1 1e-08 1e-08 1e-08 0 1.5

591 3 49.2252 47.4136 48.0175 0.853988 1.5
851 14 2.41086 2.41086 10.1601 7.7492 1.5
739 8 17.7801 17.7801 17.7801 0 1.5
780 13 10.9416 10.9416 10.9416 0 1.5
673 11 12.931 12.931 12.931 1.77636e-15 1.5
833 13 11.3597 0.012025 10.4868 3.0238 1.5
736 13 3.0264 3.0264 10.2831 7.25672 1.5
850 1 4.35708 4.35708 4.35708 0 1.5
628 1 1.75335 1.75335 1.75335 0 1.5
831 1 1.42119 1.42119 1.42119 0 1.33333
785 1 1.18897 1.18897 1.18897 0 1.5
555 1 0.668722 0.668722 0.668722 0 1.5
512 1 0.668559 0.668559 0.668559 0 1.5
693 1 0.456171 0.456171 0.456171 0 1.5
73 1 0.339217 0.339217 0.339217 0 1.25
531 1 0.329181 0.329181 0.329181 0 1.33333
76 1 0.320527 0.320527 0.320527 0 1.33333
769 1 0.309161 0.309161 0.309161 0 1.33333
886 1 0.305605 0.305605 0.305605 0 1.33333
867 1 0.298426 0.298426 0.298426 0 1.33333
752 1 0.276109 0.276109 0.276109 0 1.33333
772 1 0.266889 0.266889 0.266889 0 1.33333
519 1 0.175853 0.175853 0.175853 0 1.5
528 1 0.119241 0.119241 0.119241 0 1.33333
611 1 0.107579 0.107579 0.107579 0 1.33333
852 1 0.102821 0.102821 0.102821 0 1.5
613 1 0.100145 0.100145 0.100145 0 1.5
646 1 0.0894436 0.0894436 0.0894436 0 1.33333
714 1 0.0828999 0.0828999 0.0828999 0 1.33333
893 1 0.0738694 0.0738694 0.0738694 0 1.33333
875 1 0.0494771 0.0494771 0.0494771 0 1.33333
816 1 0.0221484 0.0221484 0.0221484 0 1.33333
882 1 0.0115814 0.0115814 0.0115814 0 1.5

591 15 2.42091 2.42091 9.50179 7.08088 1.5
739 8 17.7801 17.7801 17.7801 0 1.5
780 13 10.9416 10.9416 10.9416 0 1.5
736 13 10.9416 10.9416 10.9416 0 1.5
673 11 12.931 12.931 12.931 1.77636e-15 1.5
851 15 2.96335 2.96335 9.48273 6.51938 1.5
908 2 71.1205 0.718331 35.9194 35.2011 1.5
850 1 4.35708 4.35708 4.35708 0 1.5
628 1 1.75335 1.75335 1.75335 0 1.5
831 1 1.42119 1.42119 1.42119 0 1.33333
785 1 1.18897 1.18897 1.18897 0 1.5
555 1 0.668722 0.668722 0.668722 0 1.5
73 1 0.339217 0.339217 0.339217 0 1.25
531 1 0.329181 0.329181 0.329181 0 1.33333
76 1 0.320527 0.320527 0.320527 0 1.33333
769 1 0.309161 0.309161 0.309161 0 1.33333
886 1 0.305605 0.305605 0.305605 0 1.33333
867 1 0.298426 0.298426 0.298426 0 1.33333
512 1 0.222853 0.222853 0.279307 0.0564543 1.5
752 1 0.276109 0.276109 0.276109 0 1.33333
772 1 0.266889 0.266889 0.266889 0 1.33333
693 1 0.228086 0.228086 0.247515 0.0194296 1.5
519 1 0.175853 0.175853 0.175853 0 1.5
833 1 0.156325 0.156325 0.156325 0 1.5
528 1 0.119241 0.119241 0.119241 0 1.33333
611 1 0.107579 0.107579 0.107579 0 1.33333
852 1 0.102821 0.102821 0.102821 0 1.5
613 1 0.100145 0.100145 0.100145 0 1.5
646 1 0.0894436 0.0894436 0.0894436 0 1.33333
714 1 0.0828999 0.0828999 0.0828999 0 1.33333
893 1 0.0738694 0.0738694 0.0738694 0 1.33333

914 4 36.9189 36.9189 36.9189 0 1.5
591 14 3.28168 3.28168 10.3075 7.02583 1.5
780 13 10.9416 10.9416 10.9416 0 1.5
736 13 10.9416 10.9416 10.9416 0 1.5
673 12 11.8534 11.8534 11.8534 0 1.5
851 14 10.1601 10.1601 10.1601 0 1.5
739 13 2.78904 2.78904 10.7806 7.99157 1.5
850 1 2.17854 2.17854 2.17854 5e-09 1.5
628 1 1.75335 1.75335 1.75335 0 1.5
831 1 1.42119 1.42119 1.42119 0 1.33333
785 1 1.18897 1.18897 1.18897 0 1.5
555 1 0.668722 0.668722 0.668722 0 1.5
693 1 0.456171 0.456171 0.456171 0 1.5
73 1 0.339217 0.339217 0.339217 0 1.25
531 1 0.329181 0.329181 0.329181 0 1.33333
76 1 0.320527 0.320527 0.320527 0 1.33333
928 1 0.317656 0.317656 0.317656 0 1.33333
769 1 0.309161 0.309161 0.309161 0 1.33333
886 1 0.305605 0.305605 0.305605 0 1.33333
867 1 0.298426 0.298426 0.298426 0 1.33333
752 1 0.276109 0.276109 0.276109 0 1.33333
772 1 0.266889 0.266889 0.266889 0 1.33333
512 1 0.222853 0.222853 0.249983 0.0271298 1.5
519 1 0.175853 0.175853 0.175853 0 1.5
833 1 0.156325 0.156325 0.156325 0 1.5

780 13 10.9416 10.9416 10.9416 0 1.5
736 13 10.9416 10.9416 10.9416 0 1.5
673 12 11.8534 11.8534 11.8534 0 1.5
851 14 10.1601 10.1601 10.1601 0 1.5
739 13 10.9416 10.9416 10.9416 0 1.5
914 16 1.58791 1.58791 8.84922 7.26131 1.5
850 1 4.35708 4.35708 4.35708 0 1.5
628 1 1.75335 1.75335 1.75335 0 1.5
831 1 1.42119 1.42119 1.42119 0 1.33333
785 1 1.18897 1.18897 1.18897 0 1.5
555 1 0.668722 0.668722 0.668722 0 1.5
693 1 0.456171 0.456171 0.456171 0 1.5
73 1 0.339217 0.339217 0.339217 0 1.25
531 1 0.329181 0.329181 0.329181 0 1.33333
928 1 0.326695 0.326695 0.326695 0 1.33333
76 1 0.320527 0.320527 0.320527 0 1.33333
769 1 0.309161 0.309161 0.309161 0 1.33333
886 1 0.305605 0.305605 0.305605 0 1.33333
867 1 0.298426 0.298426 0.298426 0 1.33333
752 1 0.276109 0.276109 0.276109 0 1.33333
772 1 0.266889 0.266889 0.266889 0 1.33333
512 1 0.222853 0.222853 0.249983 0.0271298 1.5
519 1 0.175853 0.175853 0.175853 0 1.5
833 1 0.0781625 0.0781625 0.0781625 5e-09 1.5
937 1 0.0369226 0.0369226 0.0406681 0.00374551 1.5
936 1 0.0133717 0.0133717 0.0261172 0.0127455 1.5

914 16 9.22973 9.22973 9.22973 1.77636e-15 1.5
673 12 11.8534 11.8534 11.8534 0 1.5
851 14 10.1601 10.1601 10.1601 0 1.5
739 13 10.9416 10.9416 10.9416 0 1.5
780 15 2.84482 2.84482 9.18547 6.34066 1.5
736 15 2.49545 2.49545 9.15984 6.66439 1.5
850 1 4.35708 4.35708 4.35708 0 1.5
628 1 1.75335 1.75335 1.75335 0 1.5
831 1 1.42119 1.42119 1.42119 0 1.33333
785 1 1.18897 1.18897 1.18897 0 1.5
555 1 0.668722 0.668722 0.668722 0 1.5
693 1 0.456171 0.456171 0.456171 0 1.5
512 1 0.33428 0.33428 0.412442 0.0781625 1.5
73 1 0.339217 0.339217 0.339217 0 1.25
531 1 0.329181 0.329181 0.329181 0 1.33333
928 1 0.326695 0.326695 0.326695 0 1.33333
76 1 0.320527 0.320527 0.320527 0 1.33333
769 1 0.309161 0.309161 0.309161 0 1.33333
886 1 0.305605 0.305605 0.305605 0 1.33333
867 1 0.298426 0.298426 0.298426 0 1.33333
752 1 0.276109 0.276109 0.276109 0 1.33333
772 1 0.266889 0.266889 0.266889 0 1.33333

851 14 10.1601 10.1601 10.1601 0 1.5
739 13 10.9416 10.9416 10.9416 0 1.5
780 15 9.48273 9.48273 9.48273 0 1.5
736 15 9.48273 9.48273 9.48273 0 1.5
914 16 2.95351 2.95351 8.73065 5.77714 1.5
673 15 2.54002 2.54002 9.15021 6.6102 1.5
850 1 4.35708 4.35708 4.35708 0 1.5
628 1 1.75335 1.75335 1.75335 0 1.5
831 1 1.42119 1.42119 1.42119 0 1.33333
785 1 1.18897 1.18897 1.18897 0 1.5
555 1 0.668722 0.668722 0.668722 0 1.5
693 1 0.456171 0.456171 0.456171 0 1.5
73 1 0.339217 0.339217 0.339217 0 1.25
512 1 0.33428 0.33428 0.33428 5e-09 1.5
531 1 0.329181 0.329181 0.329181 0 1.33333
76 1 0.320527 0.320527 0.320527 0 1.33333
928 1 0.317656 0.317656 0.317656 0 1.33333
769 1 0.309161 0.309161 0.309161 0 1.33333
886 1 0.305605 0.305605 0.305605 0 1.33333

914 16 9.22973 9.22973 9.22973 1.77636e-15 1.5
780 15 9.48273 9.48273 9.48273 0 1.5
736 15 9.48273 9.48273 9.48273 0 1.5
673 14 10.1601 10.1601 10.1601 0 1.5
739 15 2.68379 2.68379 9.12918 6.44539 1.5
851 15 2.49545 2.49545 9.03205 6.53659 1.5
850 1 4.35708 4.35708 4.35708 0 1.5
1001 1 3.14745 3.14745 3.14745 0 1.5
628 1 1.75335 1.75335 1.75335 0 1.5
831 1 1.42119 1.42119 1.42119 0 1.33333
785 1 1.18897 1.18897 1.18897 0 1.5
555 1 0.668722 0.668722 0.668722 0 1.5
512 1 0.668559 0.668559 0.668559 0 1.5
73 1 0.339217 0.339217 0.339217 0 1.25
531 1 0.329181 0.329181 0.329181 0 1.33333
76 1 0.320527 0.320527 0.320527 0 1.33333
928 1 0.317656 0.317656 0.317656 0 1.33333

914 16 2.50298 2.50298 8.92158 6.4186 1.5
673 16 8.89006 8.89006 8.89006 1.77636e-15 1.5
736 15 9.48273 9.48273 9.48273 0 1.5
851 13 10.9416 10.9416 10.9416 0 1.5
780 16 2.54002 2.54002 8.74482 6.2048 1.5
739 15 8.89006 8.89006 8.90317 0.0131144 1.5
850 1 4.35708 4.35708 4.35708 0 1.5
1012 1 3.4145 3.4145 3.4145 0 1.5
628 1 1.75335 1.75335 1.75335 0 1.5
785 1 1.18897 1.18897 1.18897 0 1.5
831 1 0.710594 0.710594 0.710594 5e-09 1.33333
512 1 0.668559 0.668559 0.668559 0 1.5
555 1 0.334361 0.334361 0.359852 0.025491 1.5
73 1 0.339217 0.339217 0.339217 0 1.25
531 1 0.329181 0.329181 0.329181 0 1.33333
928 1 0.326695 0.326695 0.326695 0 1.33333

736 15 9.48273 9.48273 9.48273 0 1.5
780 15 9.48273 9.48273 9.48273 0 1.5
739 15 9.48273 9.48273 9.48273 0 1.5
851 16 7.11205 7.11205 8.89006 1.77801 1.5
673 16 3.09219 3.09219 8.69892 5.60672 1.5
914 16 2.46126 2.46126 8.63686 6.17559 1.5
850 1 4.35708 4.35708 4.35708 0 1.5
1012 1 3.4145 3.4145 3.4145 0 1.5
628 1 1.75335 1.75335 1.75335 0 1.5
831 1 1.42119 1.42119 1.42119 0 1.33333
785 1 1.18897 1.18897 1.18897 0 1.5
555 1 0.668722 0.668722 0.668722 0 1.5
512 1 0.668559 0.668559 0.668559 0 1.5
1030 1 0.456171 0.456171 0.456171 0 1.5

