1 0.0522992 0.0522992 0.0522992 0 2
1 1e-08 1e-08 1e-08 0 0
1 1e-08 1e-08 1e-08 0 2
1 1e-08 1e-08 1e-08 0 2
1 1e-08 1e-08 1e-08 0 2

1 1.22097 1.22097 1.22097 0 1.5
4 0.00065374 0.00065374 0.0130748 0.0124211 2
1 1e-08 1e-08 1e-08 0 1.5
1 1e-08 1e-08 1e-08 0 1.5
1 1e-08 1e-08 1e-08 0 1.5
1 1e-08 1e-08 1e-08 0 1.5
1 1e-08 1e-08 1e-08 0 1.5
1 1e-08 1e-08 1e-08 0 1.5
1 5e-09 5e-09 1e-08 5e-09 1.5
1 1e-08 1e-08 1e-08 0 1.5
1 1e-08 1e-08 1e-08 0 1.5
1 1e-08 1e-08 1e-08 0 1.5
1 1e-08 1e-08 1e-08 0 1.5
1 1e-08 1e-08 1e-08 0 1.5
1 1e-08 1e-08 1e-08 0 1.5
1 1e-08 1e-08 1e-08 0 1.5
1 3.33333e-09 3.33333e-09 1e-08 6.66667e-09 2
1 5e-09 5e-09 1e-08 5e-09 2
1 5e-09 5e-09 1e-08 5e-09 2
1 5e-09 5e-09 1e-08 5e-09 0

79 0.0197772 1.26582e-10 0.015147 0.0020712 1.5
4 0.0130748 0.0130748 0.0130748 0 2
1 0.0432367 0.0432367 0.0432367 0 1.33333
1 5e-09 5e-09 1e-08 5e-09 1.5
1 5e-09 5e-09 1e-08 5e-09 1.5
1 1e-08 1e-08 1e-08 0 1.5
1 1e-08 1e-08 1e-08 0 1.33333
1 1e-08 1e-08 1e-08 0 1.33333
1 1e-08 1e-08 1e-08 0 1.5
1 1e-08 1e-08 1e-08 0 1.33333
1 1e-08 1e-08 1e-08 0 1.33333
1 1e-08 1e-08 1e-08 0 1.33333
1 1e-08 1e-08 1e-08 0 1.33333
1 1e-08 1e-08 1e-08 0 1.33333
1 1e-08 1e-08 1e-08 0 1.33333
1 1e-08 1e-08 1e-08 0 1.33333
1 1e-08 1e-08 1e-08 0 1.33333
1 1e-08 1e-08 1e-08 0 1.33333
1 1e-08 1e-08 1e-08 0 1.5
1 1e-08 1e-08 1e-08 0 1.33333

93 0.0101455 0.00792838 0.0127819 0.00480988 1.5
4 0.00747131 0.00747131 0.0130748 0.00560348 2
2 0.0144122 0.0144122 0.0144122 1.66667e-09 1.33333
1 1e-08 1e-08 1e-08 0 1.33333
1 5e-09 5e-09 1e-08 5e-09 1.5

91 0.181078 0.00714018 0.0154193 0.0191589 1.5
3 0.0130748 0.0130748 0.0174331 0.00435826 2
2 0.0216184 0.0216184 0.0216184 0 1.33333
1 0.0378156 0.0378156 0.0378156 0 1.33333
1 1e-08 1e-08 1e-08 0 1.33333
1 1e-08 1e-08 1e-08 0 1.5
1 1e-08 1e-08 1e-08 0 1.33333
1 1e-08 1e-08 1e-08 0 1.33333

88 0.181078 0.00714018 0.0165396 0.019703 1.5
1 0.0623858 0.0623858 0.0623858 0 1.33333
3 0.0174331 0.0174331 0.0174331 0 2
2 0.0216184 0.0216184 0.0216184 0 1.33333
1 0.0378156 0.0378156 0.0378156 0 1.33333
1 0.0023058 0.0023058 0.0023058 6.66667e-09 1.5
1 1e-08 1e-08 1e-08 0 1.33333
1 1e-08 1e-08 1e-08 0 1.5
1 1e-08 1e-08 1e-08 0 1.33333
1 1e-08 1e-08 1e-08 0 1.33333
1 1e-08 1e-08 1e-08 0 1.33333

86 0.185416 0.0073112 0.0191706 0.0276485 1.5
1 0.0623858 0.0623858 0.0623858 0 1.33333
2 0.0174331 0.0174331 0.0261496 0.00871653 2
1 0.0508736 0.0508736 0.0508736 0 1.33333
2 0.0216184 0.0216184 0.0216184 0 1.33333
1 0.0378156 0.0378156 0.0378156 0 1.33333
1 0.00172935 0.00172935 0.00172936 7.5e-09 1.5
1 1e-08 1e-08 1e-08 0 1.33333
1 1e-08 1e-08 1e-08 0 1.5
1 1e-08 1e-08 1e-08 0 1.33333
1 1e-08 1e-08 1e-08 0 1.5
1 5e-09 5e-09 1e-08 5e-09 1.33333
1 5e-09 5e-09 1e-08 5e-09 1.33333
1 1e-08 1e-08 1e-08 0 1.33333

88 0.189966 0.00749062 0.0258799 0.0421127 1.5
1 0.0623858 0.0623858 0.0623858 0 1.33333
2 0.0261496 0.0261496 0.0261496 0 2
1 0.0508736 0.0508736 0.0508736 0 1.33333
1 0.0216184 0.0216184 0.0432367 0.0216184 1.33333
1 0.0402183 0.0402183 0.0402183 0 1.33333
1 0.0378156 0.0378156 0.0378156 0 1.33333
1 0.00507392 0.00507392 0.00507392 5e-09 1.5
1 0.00381039 0.00381039 0.00381039 0 1.5
1 0.00172935 0.00172935 0.00172936 7.5e-09 1.5
1 1e-08 1e-08 1e-08 0 1.33333
1 1e-08 1e-08 1e-08 0 1.33333
1 1e-08 1e-08 1e-08 0 1.33333

91 0.192326 0.00758367 0.0369623 0.0566631 1.5
1 0.0623858 0.0623858 0.0623858 0 1.33333
1 0.0261496 0.0261496 0.0522992 0.0261496 2
1 0.0508736 0.0508736 0.0508736 0 1.33333
1 0.0432367 0.0432367 0.0432367 0 1.33333
1 0.0402183 0.0402183 0.0402183 0 1.33333
1 0.0378156 0.0378156 0.0378156 0 1.33333
1 0.00381039 0.00381039 0.00381039 0 1.5
1 0.0023058 0.0023058 0.0023058 6.66667e-09 1.5
1 0.00202957 0.00202957 0.00202957 8e-09 1.5
1 1e-08 1e-08 1e-08 0 1.33333

92 0.184312 0.00930001 0.04925 0.0653644 1.5
1 0.0623858 0.0623858 0.0623858 0 1.33333
1 0.0522992 0.0522992 0.0522992 0 2
1 0.0508736 0.0508736 0.0508736 0 1.33333
1 0.0501115 0.0501115 0.0501115 0 1.33333
1 0.0432367 0.0432367 0.0432367 0 1.33333
1 0.0402183 0.0402183 0.0402183 0 1.33333
1 0.0378156 0.0378156 0.0378156 0 1.33333
1 0.0101478 0.0101478 0.0101478 0 1.5
1 0.00691739 0.00691739 0.00691739 0 1.5

77 0.177956 0.00897932 0.0803351 0.0752954 1.5
3 0.520801 0.40699 0.482864 0.0536508 1.5
1 0.0623858 0.0623858 0.0623858 0 1.33333
1 0.0522992 0.0522992 0.0522992 0 2
1 0.0508736 0.0508736 0.0508736 0 1.33333
1 0.0501115 0.0501115 0.0501115 0 1.33333
1 0.0432367 0.0432367 0.0432367 0 1.33333
1 0.0402183 0.0402183 0.0402183 0 1.33333
1 0.0189078 0.0189078 0.0189078 5e-09 1.33333
1 0.00691739 0.00691739 0.00691739 0 1.5
1 0.00338261 0.00338261 0.00338262 6.66667e-09 1.5
1 0.00144945 0.00144945 0.00144945 5e-09 1.5
1 3.33333e-09 3.33333e-09 1e-08 6.66667e-09 1.5
1 1e-08 1e-08 1e-08 0 1.33333
1 1e-08 1e-08 1e-08 0 1.33333
1 1e-08 1e-08 1e-08 0 1.33333
1 1e-08 1e-08 1e-08 0 1.33333
1 1e-08 1e-08 1e-08 0 1.33333
1 1e-08 1e-08 1e-08 0 1.5
1 1e-08 1e-08 1e-08 0 1.5

96 0.197226 0.0126419 0.109104 0.0850937 1.5
1 0.0623858 0.0623858 0.0623858 0 1.33333
1 0.0522992 0.0522992 0.0522992 0 2
1 0.0508736 0.0508736 0.0508736 0 1.33333
1 0.0501115 0.0501115 0.0501115 0 1.33333
1 0.0432367 0.0432367 0.0432367 0 1.33333

58 0.308693 0.178698 0.257391 0.0736615 1.5
8 3.87055 0.413577 1.30964 1.4498 1.5
1 0.0522992 0.0522992 0.0522992 0 2
1 0.0508736 0.0508736 0.0508736 0 1.33333
1 0.0501115 0.0501115 0.0501115 0 1.33333
1 0.0432367 0.0432367 0.0432367 0 1.33333
1 0.0311929 0.0311929 0.0312975 0.000104586 1.33333
1 0.00178305 0.00178305 0.00178306 7.5e-09 1.5
1 1e-08 1e-08 1e-08 0 1.33333
1 5e-09 5e-09 1e-08 5e-09 1.5
1 1e-08 1e-08 1e-08 0 1.33333
1 1e-08 1e-08 1e-08 0 1.33333
1 1e-08 1e-08 1e-08 0 1.33333
1 1e-08 1e-08 1e-08 0 1.5
1 1e-08 1e-08 1e-08 0 1.5
1 1e-08 1e-08 1e-08 0 1.33333
1 1e-08 1e-08 1e-08 0 1.33333
1 1e-08 1e-08 1e-08 0 1.33333
1 1e-08 1e-08 1e-08 0 1.33333
1 1e-08 1e-08 1e-08 0 1.33333
1 5e-09 5e-09 1e-08 5e-09 1.33333

99 0.617715 0.205062 0.263702 0.0685517 1.5
1 0.0623858 0.0623858 0.0623858 0 1.33333
1 0.0522992 0.0522992 0.0522992 0 2

98 0.515332 0.171074 0.318855 0.147642 1.5
1 0.243898 0.243898 0.243898 0 1.33333
1 0.0623858 0.0623858 0.0623858 0 1.33333
1 0.0522992 0.0522992 0.0522992 0 2

98 0.52109 0.172986 0.321999 0.149481 1.5
1 0.243898 0.243898 0.243898 0 1.33333
1 0.113352 0.113352 0.113352 0 1.33333
1 0.0623858 0.0623858 0.0623858 0 1.33333

98 0.533 0.176939 0.329004 0.154408 1.5
1 0.243898 0.243898 0.243898 0 1.33333
1 0.113352 0.113352 0.113352 0 1.33333
1 0.0623858 0.0623858 0.0623858 0 1.33333

98 0.551923 0.183221 0.340722 0.16017 1.5
1 0.243898 0.243898 0.243898 0 1.33333
1 0.113352 0.113352 0.113352 0 1.33333
1 0.0623858 0.0623858 0.0623858 0 1.33333

98 0.524017 0.173957 0.363474 0.182355 1.5
1 0.243898 0.243898 0.243898 0 1.33333
1 0.113352 0.113352 0.113352 0 1.33333
1 0.0623858 0.0623858 0.0623858 0 1.33333

56 0.526978 0.17494 0.731717 0.397426 1.5
1 30.9644 30.9644 30.9644 0 1.5
1 0.243898 0.243898 0.243898 0 1.33333
1 0.113352 0.113352 0.113352 0 1.33333
1 0.0623858 0.0623858 0.0623858 0 1.33333
1 0.0261632 0.0261632 0.0261632 5e-09 1.33333
1 0.000966299 0.000966299 0.000966306 6.66667e-09 1.5
1 1e-08 1e-08 1e-08 0 1.33333
1 5e-09 5e-09 1e-08 5e-09 1.5
1 1e-08 1e-08 1e-08 0 1.5
1 1e-08 1e-08 1e-08 0 1.33333
1 1e-08 1e-08 1e-08 0 1.33333
1 5e-09 5e-09 1e-08 5e-09 1.5
1 1e-08 1e-08 1e-08 0 1.33333
1 1e-08 1e-08 1e-08 0 1.33333
1 1e-08 1e-08 1e-08 0 1.33333
1 1e-08 1e-08 1e-08 0 1.33333
1 1e-08 1e-08 1e-08 0 1.33333
1 1e-08 1e-08 1e-08 0 1.5
1 1e-08 1e-08 1e-08 0 1.5

99 0.690926 0.229366 0.604298 0.212297 1.5
1 0.121949 0.121949 0.121949 5e-09 1.33333
1 0.113352 0.113352 0.113352 0 1.33333

99 0.526978 0.433268 0.689385 0.17531 1.5
1 0.243898 0.243898 0.243898 0 1.33333
1 0.183544 0.183544 0.183544 0 1.5

97 0.5097 0.5097 0.887371 0.377672 1.5
2 2.18716 7.91922e-05 1.09362 1.09354 1.5
1 0.243898 0.243898 0.243898 0 1.33333
1 0.112912 0.112912 0.112912 0 1.33333

97 0.529972 0.529972 0.930199 0.400227 1.5
2 2.18716 7.91922e-05 1.09362 1.09354 1.5
1 0.121949 0.121949 0.121949 5e-09 1.33333
1 0.0564562 0.0564562 0.0564562 5e-09 1.33333

98 0.533 0.533 0.936091 0.403091 1.5
1 1.45811 1.45811 1.46675 0.00864337 1.5
1 0.243898 0.243898 0.243898 0 1.33333
1 0.112912 0.112912 0.112912 0 1.33333

95 0.526978 0.526978 0.954749 0.427771 1.5
1 4.37432 4.37432 4.37432 0 1.5
1 0.243898 0.243898 0.243898 0 1.33333
1 0.112912 0.112912 0.112912 0 1.33333
1 1e-08 1e-08 1e-08 0 1.33333
1 1e-08 1e-08 1e-08 0 1.33333
1 1e-08 1e-08 1e-08 0 1.33333

98 0.524017 0.524017 0.941164 0.417147 1.5
1 1.09358 1.09358 1.09358 7.5e-09 1.5
1 0.243898 0.243898 0.243898 0 1.33333
1 0.112912 0.112912 0.112912 0 1.33333

98 0.533 0.533 0.931624 0.398623 1.5
1 1.45811 1.45811 1.45811 6.66667e-09 1.5
1 0.243898 0.243898 0.243898 0 1.33333
1 0.112912 0.112912 0.112912 0 1.33333

93 0.52109 0.52109 0.997356 0.476267 1.5
1 4.37432 4.37432 4.37432 0 1.5
1 1.62466 1.62466 1.62466 5e-09 1.5
1 0.243898 0.243898 0.243898 0 1.33333
1 0.0564562 0.0564562 0.101846 0.0453901 1.33333
1 0.0331394 0.0331394 0.0331394 5e-09 1.5
1 5e-09 5e-09 1e-08 5e-09 1.5
1 5e-09 5e-09 1e-08 5e-09 1.5
1 1e-08 1e-08 1e-08 0 1.33333

97 0.542297 0.542297 0.940506 0.39821 1.5
1 1.45811 1.45811 1.45811 6.66667e-09 1.5
1 0.541553 0.541553 0.544509 0.0029554 1.5
1 0.243898 0.243898 0.243898 0 1.33333
1 0.112912 0.112912 0.112912 0 1.33333

96 0.526978 0.526978 0.960908 0.43393 1.5
1 1.45811 1.45811 1.45821 0.00010797 1.5
1 1.08311 1.08311 1.08311 6.66667e-09 1.5
1 0.243898 0.243898 0.243898 0 1.33333
1 0.112912 0.112912 0.112912 0 1.33333
1 1e-08 1e-08 1e-08 0 1.5

94 0.533 0.533 0.969827 0.436827 1.5
1 3.24932 3.24932 3.24932 0 1.5
1 1.45811 1.45811 1.45811 6.66667e-09 1.5
1 0.243898 0.243898 0.243898 0 1.33333
1 0.112912 0.112912 0.112912 0 1.33333
1 0.00351224 0.00351224 0.00351224 0 1.5
1 1e-08 1e-08 1e-08 0 1.33333
1 1e-08 1e-08 1e-08 0 1.5

96 0.536063 0.536063 0.921782 0.385719 1.5
2 2.18716 7.91922e-05 1.09362 1.09354 1.5
1 0.81233 0.81233 0.813208 0.000878065 1.5
1 0.243898 0.243898 0.243898 0 1.33333
1 0.112912 0.112912 0.112912 0 1.33333

1 93.275 93.275 93.275 0 1.5
48 0.529972 0.529972 1.908 1.37803 1.5
1 1.62466 1.62466 3.24932 1.62466 1.5
1 0.729053 0.729053 0.729106 5.27998e-05 1.5
1 0.243898 0.243898 0.243898 0 1.33333
1 0.112912 0.112912 0.112912 0 1.33333
1 0.0565753 0.0565753 0.0565753 0 1.33333
1 0.00373284 0.00373284 0.00373285 6.66667e-09 1.5
1 0.00198706 0.00198706 0.00198706 0 1.33333
1 1e-08 1e-08 1e-08 0 1.33333
1 1e-08 1e-08 1e-08 0 1.33333
1 1e-08 1e-08 1e-08 0 1.33333
1 1e-08 1e-08 1e-08 0 1.33333
1 1e-08 1e-08 1e-08 0 1.33333
1 1e-08 1e-08 1e-08 0 1.33333
1 1e-08 1e-08 1e-08 0 1.5
1 5e-09 5e-09 1e-08 5e-09 1.5

26 3.5875 3.5875 3.5875 4.44089e-16 1.5
47 0.896875 0.896875 1.9284 1.03152 1.5
1 4.37432 4.37432 4.37432 0 1.5
1 3.24932 3.24932 3.24932 0 1.5
1 0.243898 0.243898 0.243898 0 1.33333
1 0.112912 0.112912 0.112912 0 1.33333
1 0.0565753 0.0565753 0.0565753 0 1.33333
1 0.00198706 0.00198706 0.00198706 0 1.33333
1 0.00122122 0.00122122 0.00122122 0 1.33333
1 1e-08 1e-08 1e-08 0 1.33333
1 1e-08 1e-08 1e-08 0 1.33333
1 5e-09 5e-09 1e-08 5e-09 1.5
1 1e-08 1e-08 1e-08 0 1.33333
1 1e-08 1e-08 1e-08 0 1.5
1 1e-08 1e-08 1e-08 0 1.33333
1 1e-08 1e-08 1e-08 0 1.33333
1 1e-08 1e-08 1e-08 0 1.5
1 1e-08 1e-08 1e-08 0 1.33333
1 5e-09 5e-09 1e-08 5e-09 1.5
1 1e-08 1e-08 1e-08 0 1.5
1 1e-08 1e-08 1e-08 0 1.33333
1 1e-08 1e-08 1e-08 0 1.33333
1 5e-09 5e-09 1e-08 5e-09 1.5
1 5e-09 5e-09 1e-08 5e-09 1.5
1 1e-08 1e-08 1e-08 0 1.5
1 1e-08 1e-08 1e-08 0 1.33333
1 1e-08 1e-08 1e-08 0 1.33333
1 1e-08 1e-08 1e-08 0 1.33333
1 1e-08 1e-08 1e-08 0 1.33333
1 1e-08 1e-08 1e-08 0 1.33333

45 1.60819 1.60819 2.03779 0.429601 1.5
45 1.08459 1.08459 2.0084 0.923807 1.5
3 15.0521 3.33333e-09 5.01736 7.09562 1.5
1 1.09358 1.09358 1.09358 7.5e-09 1.5
1 1.08311 1.08311 1.08311 6.66667e-09 1.5
1 0.243898 0.243898 0.243898 0 1.33333
1 0.112912 0.112912 0.112912 0 1.33333
1 0.0565753 0.0565753 0.0565753 0 1.33333
1 0.00198706 0.00198706 0.00198706 0 1.33333
1 0.00122122 0.00122122 0.00122122 0 1.33333
1 1e-08 1e-08 1e-08 0 1.33333

31 1.48056 1.48056 3.00887 1.52832 1.5
1 93.275 93.275 93.275 0 1.5
30 1.08768 0.847955 3.01175 2.15624 1.5
3 15.0521 3.33333e-09 5.01736 7.09562 1.5
1 4.37432 4.37432 4.37432 0 1.5
1 1.62466 1.62466 3.24932 1.62466 1.5
1 0.243898 0.243898 0.243898 0 1.33333
1 0.113374 0.113374 0.113374 0 1.33333
1 0.112912 0.112912 0.112912 0 1.33333
1 0.0565753 0.0565753 0.0565753 0 1.33333
1 0.00198706 0.00198706 0.00198706 0 1.33333
1 2.77972e-05 2.77972e-05 2.77972e-05 0 1.33333
1 1e-08 1e-08 1e-08 0 1.33333
1 1e-08 1e-08 1e-08 0 1.33333
1 1e-08 1e-08 1e-08 0 1.33333
1 1e-08 1e-08 1e-08 0 1.33333
1 1e-08 1e-08 1e-08 0 1.33333
1 1e-08 1e-08 1e-08 0 1.33333
1 5e-09 5e-09 1e-08 5e-09 1.5
1 1e-08 1e-08 1e-08 0 1.5
1 1e-08 1e-08 1e-08 0 1.33333
1 1e-08 1e-08 1e-08 0 1.5
1 5e-09 5e-09 1e-08 5e-09 1.5
1 1e-08 1e-08 1e-08 0 1.33333
1 1e-08 1e-08 1e-08 0 1.33333

24 4.98519 3.88646 3.93224 0.219555 1.5
1 93.275 93.275 93.275 0 1.5
1 93.275 93.275 93.275 0 1.5
22 0.825443 0.825443 3.94618 3.12074 1.5
3 15.0521 3.33333e-09 5.01736 7.09562 1.5
1 4.37432 4.37432 4.37432 0 1.5
1 3.24932 3.24932 3.24932 0 1.5
1 0.243898 0.243898 0.243898 0 1.33333
1 0.113374 0.113374 0.113374 0 1.33333
1 0.112912 0.112912 0.112912 0 1.33333
1 0.0299557 0.0299557 0.0898672 0.0599115 1.5
1 0.0565753 0.0565753 0.0565753 0 1.33333
1 0.0142481 0.0142481 0.0142481 5e-09 1.5
1 0.00198706 0.00198706 0.00198706 0 1.33333
1 2.77972e-05 2.77972e-05 2.77972e-05 0 1.33333
1 1e-08 1e-08 1e-08 0 1.33333
1 1e-08 1e-08 1e-08 0 1.33333
1 1e-08 1e-08 1e-08 0 1.33333
1 1e-08 1e-08 1e-08 0 1.33333
1 1e-08 1e-08 1e-08 0 1.33333
1 1e-08 1e-08 1e-08 0 1.33333
1 1e-08 1e-08 1e-08 0 1.33333
1 1e-08 1e-08 1e-08 0 1.33333
1 1e-08 1e-08 1e-08 0 1.5
1 1e-08 1e-08 1e-08 0 1.5
1 1e-08 1e-08 1e-08 0 1.33333
1 1e-08 1e-08 1e-08 0 1.33333
1 1e-08 1e-08 1e-08 0 1.33333
1 1e-08 1e-08 1e-08 0 1.33333
1 5e-09 5e-09 1e-08 5e-09 1.33333
1 1e-08 1e-08 1e-08 0 1.5
1 1e-08 1e-08 1e-08 0 1.33333
1 1e-08 1e-08 1e-08 0 1.33333
1 1e-08 1e-08 1e-08 0 1.33333
1 1e-08 1e-08 1e-08 0 1.5
1 1e-08 1e-08 1e-08 0 1.5
1 1e-08 1e-08 1e-08 0 1.33333
1 1e-08 1e-08 1e-08 0 1.5
1 1e-08 1e-08 1e-08 0 1.5
1 1e-08 1e-08 1e-08 0 1.33333
1 1e-08 1e-08 1e-08 0 1.33333
1 1e-08 1e-08 1e-08 0 1.33333
1 1e-08 1e-08 1e-08 0 1.33333
1 1e-08 1e-08 1e-08 0 1.33333
1 1e-08 1e-08 1e-08 0 1.33333

2 46.6375 46.6375 46.6375 0 1.5
4 23.3188 23.3188 23.3188 0 1.5
2 46.6375 46.6375 46.6375 0 1.5
19 2.16919 2.16919 4.90921 2.74003 1.5
18 1.68513 1.31373 5.06085 3.72745 1.5
3 15.0521 3.33333e-09 5.01736 7.09562 1.5
1 2.18716 2.18716 2.2093 0.0221416 1.5
1 1.62466 1.62466 1.62466 5e-09 1.5
1 0.243898 0.243898 0.243898 0 1.33333
1 0.112912 0.112912 0.112912 0 1.33333
1 0.0898672 0.0898672 0.0898672 0 1.5
1 0.0638356 0.0638356 0.0638356 0 1.5
1 0.0566868 0.0566868 0.0566868 5e-09 1.33333
1 0.0565753 0.0565753 0.0565753 0 1.33333
1 0.0245644 0.0245644 0.0388125 0.0142481 1.5
1 0.018271 0.018271 0.018271 5e-09 1.5
1 0.00198706 0.00198706 0.00198706 0 1.33333
1 2.77972e-05 2.77972e-05 2.77972e-05 0 1.33333
1 1e-08 1e-08 1e-08 0 1.33333
1 1e-08 1e-08 1e-08 0 1.33333
1 1e-08 1e-08 1e-08 0 1.33333
1 1e-08 1e-08 1e-08 0 1.33333
1 1e-08 1e-08 1e-08 0 1.33333
1 1e-08 1e-08 1e-08 0 1.33333
1 1e-08 1e-08 1e-08 0 1.33333
1 1e-08 1e-08 1e-08 0 1.5
1 1e-08 1e-08 1e-08 0 1.33333
1 5e-09 5e-09 1e-08 5e-09 1.5
1 1e-08 1e-08 1e-08 0 1.33333
1 1e-08 1e-08 1e-08 0 1.33333
1 1e-08 1e-08 1e-08 0 1.33333
1 5e-09 5e-09 1e-08 5e-09 1.5
1 1e-08 1e-08 1e-08 0 1.33333
1 1e-08 1e-08 1e-08 0 1.33333
1 1e-08 1e-08 1e-08 0 1.5
1 1e-08 1e-08 1e-08 0 1.33333
1 1e-08 1e-08 1e-08 0 1.33333
1 1e-08 1e-08 1e-08 0 1.33333
1 1e-08 1e-08 1e-08 0 1.33333
1 1e-08 1e-08 1e-08 0 1.33333
1 1e-08 1e-08 1e-08 0 1.33333
1 1e-08 1e-08 1e-08 0 1.33333
1 1e-08 1e-08 1e-08 0 1.33333
1 1e-08 1e-08 1e-08 0 1.33333
1 1e-08 1e-08 1e-08 0 1.33333
1 1e-08 1e-08 1e-08 0 1.33333
1 1e-08 1e-08 1e-08 0 1.5
1 1e-08 1e-08 1e-08 0 1.5
1 1e-08 1e-08 1e-08 0 1.33333
1 1e-08 1e-08 1e-08 0 1.33333
1 1e-08 1e-08 1e-08 0 1.33333
1 1e-08 1e-08 1e-08 0 1.33333
1 1e-08 1e-08 1e-08 0 1.33333
1 1e-08 1e-08 1e-08 0 1.5
1 1e-08 1e-08 1e-08 0 1.33333
1 1e-08 1e-08 1e-08 0 1.33333
1 1e-08 1e-08 1e-08 0 1.33333
1 1e-08 1e-08 1e-08 0 1.5
1 2.5e-09 2.5e-09 1e-08 7.5e-09 1.5

18 6.64691 5.18195 5.26333 0.335568 1.5
23 3.00887 3.00887 3.9261 0.917224 1.5
23 3.21638 3.21638 3.91684 0.700463 1.5
22 2.11989 2.11989 3.95735 1.83747 1.5
2 11.2891 2.5e-09 5.64453 5.64453 1.5
1 3.24932 3.24932 3.24932 0 1.5
1 2.18716 2.18716 2.18716 5e-09 1.5
1 0.243898 0.243898 0.243898 0 1.33333
1 0.113374 0.113374 0.113374 0 1.33333
1 0.112912 0.112912 0.112912 0 1.33333
1 0.0532217 0.0532217 0.0981553 0.0449336 1.5
1 0.0638356 0.0638356 0.0638356 0 1.5
1 0.0565753 0.0565753 0.0565753 0 1.33333
1 0.0507008 0.0507008 0.0507008 0 1.33333
1 0.0245644 0.0245644 0.0491287 0.0245644 1.5
1 0.036542 0.036542 0.036542 0 1.5
1 0.00198706 0.00198706 0.00198706 0 1.33333
1 0.00122122 0.00122122 0.00122122 0 1.33333

6 15.5458 15.5458 15.5458 0 1.5
21 1.6364 1.6364 4.37811 2.7417 1.5
21 2.71919 2.11989 4.36927 2.22451 1.5
21 1.75991 1.75991 4.35856 2.59865 1.5
1 45.1563 45.1563 45.1563 0 1.5
1 2.18938 2.18938 4.37654 2.18716 1.5
1 1.62466 1.62466 1.62466 5e-09 1.5
1 0.243898 0.243898 0.243898 0 1.33333
1 0.113374 0.113374 0.113374 0 1.33333
1 0.112912 0.112912 0.112912 0 1.33333
1 0.106443 0.106443 0.106443 0 1.5
1 0.0918006 0.0918006 0.0918006 0 1.33333
1 0.0319178 0.0319178 0.0638356 0.0319178 1.5
1 0.0565753 0.0565753 0.0565753 0 1.33333
1 0.0507008 0.0507008 0.0507008 0 1.33333
1 0.0491287 0.0491287 0.0491287 0 1.5
1 0.036542 0.036542 0.036542 0 1.5
1 0.0315822 0.0315822 0.0315822 0 1.33333
1 0.00198706 0.00198706 0.00198706 0 1.33333
1 2.77972e-05 2.77972e-05 2.77972e-05 0 1.33333
1 1e-08 1e-08 1e-08 0 1.5
1 1e-08 1e-08 1e-08 0 1.33333
1 1e-08 1e-08 1e-08 0 1.33333
1 1e-08 1e-08 1e-08 0 1.33333
1 1e-08 1e-08 1e-08 0 1.33333
1 1e-08 1e-08 1e-08 0 1.5
1 1e-08 1e-08 1e-08 0 1.33333
1 1e-08 1e-08 1e-08 0 1.5
1 1e-08 1e-08 1e-08 0 1.5
1 1e-08 1e-08 1e-08 0 1.5
1 1e-08 1e-08 1e-08 0 1.33333
1 1e-08 1e-08 1e-08 0 1.33333
1 1e-08 1e-08 1e-08 0 1.33333
1 1e-08 1e-08 1e-08 0 1.33333
1 1e-08 1e-08 1e-08 0 1.33333
1 1e-08 1e-08 1e-08 0 1.33333

23 2.84868 2.22083 4.08273 1.83906 1.5
18 5.18195 5.18195 5.18195 8.88178e-16 1.5
22 1.60819 1.60819 4.16913 2.56094 1.5
22 2.91484 2.91484 4.10729 1.19245 1.5
2 22.5781 5e-09 11.2891 11.2891 1.5
1 4.37875 4.37875 4.37875 0 1.5
1 1.62466 1.62466 1.62466 5e-09 1.5
1 0.243898 0.243898 0.243898 0 1.33333
1 0.113374 0.113374 0.113374 0 1.33333
1 0.112912 0.112912 0.112912 0 1.33333
1 0.112628 0.112628 0.112628 0 1.33333
1 0.106443 0.106443 0.106443 0 1.5
1 0.0918006 0.0918006 0.0918006 0 1.33333
1 0.0638356 0.0638356 0.0638356 0 1.5
1 0.0565753 0.0565753 0.0565753 0 1.33333
1 0.0507008 0.0507008 0.0507008 0 1.33333
1 0.0491287 0.0491287 0.0491287 0 1.5
1 0.0315822 0.0315822 0.0315822 0 1.33333
1 0.0121807 0.0121807 0.0121807 6.66667e-09 1.5

30 1.90357 1.90357 3.10917 1.2056 1.5
30 1.50444 1.50444 3.10917 1.60473 1.5
30 2.09903 1.6364 3.0903 1.42773 1.5
3 15.0521 3.33333e-09 5.01736 7.09562 1.5
1 3.24932 3.24932 3.24932 0 1.5
1 2.18938 2.18938 2.18938 5e-09 1.5
1 0.455587 0.455587 0.455587 0 1.5
1 0.243898 0.243898 0.243898 0 1.33333
1 0.113374 0.113374 0.113374 0 1.33333
1 0.112912 0.112912 0.112912 0 1.33333
1 0.112628 0.112628 0.112628 0 1.33333
1 0.106443 0.106443 0.106443 0 1.5

25 4.43128 3.45463 3.80913 0.382862 1.5
24 2.11989 2.11989 3.79983 1.67994 1.5
23 1.31373 1.31373 3.8363 2.52257 1.5
22 3.731 3.731 3.76436 0.0333639 1.5
2 9.03125 2e-09 4.51563 4.51563 1.5
1 2.18938 2.18938 2.18938 5e-09 1.5
1 1.62466 1.62466 1.62466 5e-09 1.5
1 0.455587 0.455587 0.455587 0 1.5
1 0.243898 0.243898 0.243898 0 1.33333
1 0.113374 0.113374 0.113374 0 1.33333

22 3.88646 3.88646 4.23977 0.353314 1.5
21 2.02787 1.58093 4.31325 2.65299 1.5
21 1.90357 1.90357 4.26522 2.36164 1.5
21 2.07278 2.07278 4.24644 2.17366 1.5
1 45.1563 45.1563 45.1563 0 1.5
1 2.18938 2.18938 4.37875 2.18938 1.5
1 3.24932 3.24932 3.24932 0 1.5
1 0.455587 0.455587 0.455587 0 1.5
1 0.297748 0.297748 0.297748 5e-09 1.5
1 0.282893 0.282893 0.282893 0 1.33333
1 0.243898 0.243898 0.243898 0 1.33333
1 0.185225 0.185225 0.185225 0 1.33333
1 0.113374 0.113374 0.113374 0 1.33333
1 1e-08 1e-08 1e-08 0 1.33333
1 1e-08 1e-08 1e-08 0 1.33333
1 1e-08 1e-08 1e-08 0 1.33333
1 1e-08 1e-08 1e-08 0 1.33333
1 1e-08 1e-08 1e-08 0 1.33333
1 1e-08 1e-08 1e-08 0 1.5
1 1e-08 1e-08 1e-08 0 1.33333

23 2.39289 1.8655 4.22984 2.15099 1.5
22 4.23977 4.23977 4.23977 1.77636e-15 1.5
16 5.82969 5.82969 5.82969 8.88178e-16 1.5
22 1.29549 1.29549 4.18237 2.88689 1.5
2 22.5781 5e-09 11.2891 11.2891 1.5
1 3.24932 3.24932 3.24932 0 1.5
1 1.45958 1.45958 2.92013 1.46054 1.5
1 0.455587 0.455587 0.455587 0 1.5
1 0.340109 0.340109 0.340109 0 1.33333
1 0.297748 0.297748 0.297748 5e-09 1.5
1 0.243898 0.243898 0.243898 0 1.33333
1 0.113374 0.113374 0.113374 0 1.33333
1 0.0753815 0.0753815 0.0753815 0 1.33333
1 1e-08 1e-08 1e-08 0 1.33333
1 1e-08 1e-08 1e-08 0 1.33333
1 1e-08 1e-08 1e-08 0 1.5
1 1e-08 1e-08 1e-08 0 1.33333
1 1e-08 1e-08 1e-08 0 1.5
1 1e-08 1e-08 1e-08 0 1.33333
1 1e-08 1e-08 1e-08 0 1.5
1 1e-08 1e-08 1e-08 0 1.33333

19 2.60097 2.02772 5.13361 2.56601 1.5
1 93.275 93.275 93.275 0 1.5
18 1.69591 1.69591 5.08996 3.39405 1.5
18 1.82892 1.82892 5.08035 3.25143 1.5
9 10.3639 0.000236492 9.21237 3.25698 1.5
2 22.5781 5e-09 11.2891 11.2891 1.5
1 4.37875 4.37875 4.37875 0 1.5
1 3.24932 3.24932 3.24932 0 1.5
1 0.455587 0.455587 0.455587 0 1.5
1 0.340109 0.340109 0.340109 0 1.33333
1 0.297748 0.297748 0.297748 5e-09 1.5
1 0.243898 0.243898 0.243898 0 1.33333
1 0.113374 0.113374 0.113374 0 1.33333
1 0.0753815 0.0753815 0.0753815 0 1.33333
1 1e-08 1e-08 1e-08 0 1.33333
1 1e-08 1e-08 1e-08 0 1.33333
1 1e-08 1e-08 1e-08 0 1.5
1 1e-08 1e-08 1e-08 0 1.33333
1 1e-08 1e-08 1e-08 0 1.5
1 1e-08 1e-08 1e-08 0 1.33333
1 1e-08 1e-08 1e-08 0 1.33333
1 5e-09 5e-09 1e-08 5e-09 1.5
1 1e-08 1e-08 1e-08 0 1.33333
1 1e-08 1e-08 1e-08 0 1.33333
1 5e-09 5e-09 1e-08 5e-09 1.5
1 1e-08 1e-08 1e-08 0 1.33333
1 1e-08 1e-08 1e-08 0 1.33333
1 1e-08 1e-08 1e-08 0 1.33333
1 1e-08 1e-08 1e-08 0 1.33333
1 1e-08 1e-08 1e-08 0 1.33333
1 1e-08 1e-08 1e-08 0 1.5
1 1e-08 1e-08 1e-08 0 1.33333
1 1e-08 1e-08 1e-08 0 1.33333
1 1e-08 1e-08 1e-08 0 1.5
1 1e-08 1e-08 1e-08 0 1.33333
1 1e-08 1e-08 1e-08 0 1.5
1 1e-08 1e-08 1e-08 0 1.33333
1 1e-08 1e-08 1e-08 0 1.5
1 1e-08 1e-08 1e-08 0 1.33333
1 1e-08 1e-08 1e-08 0 1.33333

31 1.20853 1.20853 3.16293 1.9544 1.5
1 93.275 93.275 93.275 0 1.5
28 2.11989 2.11989 3.19865 1.07876 1.5
2 22.5781 5e-09 11.2891 11.2891 1.5
1 4.37875 4.37875 4.37875 0 1.5
1 3.24932 3.24932 3.24932 0 1.5
1 0.595496 0.595496 0.595496 0 1.5
1 0.455587 0.455587 0.455587 0 1.5
1 0.340109 0.340109 0.340109 0 1.33333
1 0.282893 0.282893 0.282893 0 1.33333
1 0.243898 0.243898 0.243898 0 1.33333
1 0.113374 0.113374 0.113374 0 1.33333
1 0.0394508 0.0394508 0.0394508 0 1.33333
1 0.000966989 0.000966989 0.000966989 0 1.5
1 1e-08 1e-08 1e-08 0 1.33333
1 1e-08 1e-08 1e-08 0 1.5
1 1e-08 1e-08 1e-08 0 1.33333
1 1e-08 1e-08 1e-08 0 1.33333
1 1e-08 1e-08 1e-08 0 1.33333
1 1e-08 1e-08 1e-08 0 1.5
1 1e-08 1e-08 1e-08 0 1.33333
1 1e-08 1e-08 1e-08 0 1.5
1 1e-08 1e-08 1e-08 0 1.33333
1 1e-08 1e-08 1e-08 0 1.33333
1 1e-08 1e-08 1e-08 0 1.33333
1 1e-08 1e-08 1e-08 0 1.5
1 1e-08 1e-08 1e-08 0 1.33333
1 5e-09 5e-09 1e-08 5e-09 1.5
1 1e-08 1e-08 1e-08 0 1.33333
1 1e-08 1e-08 1e-08 0 1.33333
1 1e-08 1e-08 1e-08 0 1.5
1 1e-08 1e-08 1e-08 0 1.5
1 1e-08 1e-08 1e-08 0 1.5
1 5e-09 5e-09 1e-08 5e-09 1.33333
1 1e-08 1e-08 1e-08 0 1.33333
1 1e-08 1e-08 1e-08 0 1.5
1 1e-08 1e-08 1e-08 0 1.33333
1 1e-08 1e-08 1e-08 0 1.5
1 1e-08 1e-08 1e-08 0 1.33333
1 1e-08 1e-08 1e-08 0 1.33333
1 5e-09 5e-09 1e-08 5e-09 1.5
1 1e-08 1e-08 1e-08 0 1.33333
1 1e-08 1e-08 1e-08 0 1.33333

36 1.84068 1.84068 3.29006 1.44937 1.5
28 2.39167 2.39167 3.33125 0.939584 1.5
26 2.45461 2.45461 3.31152 0.856911 1.5
2 22.5781 5e-09 11.2891 11.2891 1.5
1 4.37875 4.37875 4.37875 0 1.5
1 1.62466 1.62466 1.62466 5e-09 1.5
1 0.595496 0.595496 0.595496 0 1.5
1 0.340109 0.340109 0.340109 0 1.33333
1 0.282893 0.282893 0.282893 0 1.33333
1 0.227793 0.227793 0.273622 0.0458287 1.5
1 0.121949 0.121949 0.121949 5e-09 1.33333
1 0.113374 0.113374 0.113374 0 1.33333
1 0.0394508 0.0394508 0.0394508 0 1.33333

35 1.4415 1.4415 3.21879 1.77729 1.5
29 3.10917 3.10917 3.21638 0.107213 1.5
28 1.5291 1.5291 3.22492 1.69583 1.5
3 15.0521 3.33333e-09 5.01736 7.09562 1.5
1 4.37875 4.37875 4.37875 0 1.5
1 3.24932 3.24932 3.24932 0 1.5
1 0.455587 0.455587 0.455587 0 1.5
1 0.340109 0.340109 0.340109 0 1.33333
1 0.297748 0.297748 0.297748 5e-09 1.5
1 0.243898 0.243898 0.243898 0 1.33333

36 1.68513 1.68513 3.27814 1.59301 1.5
28 3.33125 3.33125 3.33125 4.44089e-16 1.5
27 1.39216 1.39216 3.2545 1.86233 1.5
3 15.0521 3.33333e-09 5.01736 7.09562 1.5
1 4.37875 4.37875 4.37875 0 1.5
1 3.24932 3.24932 3.24932 0 1.5
1 0.273935 0.273935 0.501728 0.227793 1.5
1 0.406776 0.406776 0.406776 0 1.33333
1 0.340109 0.340109 0.340109 0 1.33333
1 0.297748 0.297748 0.297748 5e-09 1.5
1 0.243898 0.243898 0.243898 0 1.33333

36 1.47709 1.47709 3.32346 1.84637 1.5
28 3.21638 3.21638 3.33125 0.114871 1.5
27 1.6364 1.6364 3.27821 1.64181 1.5
3 11.2891 2.5e-09 3.76302 5.32172 1.5
1 4.37875 4.37875 4.37875 0 1.5
1 3.24932 3.24932 3.24932 0 1.5
1 1.96576 1.96576 1.96576 0 1.33333
1 0.54787 0.54787 0.54787 0 1.5
1 0.406776 0.406776 0.406776 0 1.33333
1 0.340109 0.340109 0.340109 0 1.33333
1 0.297748 0.297748 0.297748 5e-09 1.5

36 1.5339 1.5339 3.28085 1.74695 1.5
27 3.45463 3.45463 3.45463 2.22045e-15 1.5
26 1.41326 1.41326 3.34762 1.93436 1.5
3 15.0521 3.33333e-09 5.01736 7.09562 1.5
1 4.37875 4.37875 4.37875 0 1.5
1 3.24932 3.24932 3.24932 0 1.5
1 2.07479 2.07479 2.07479 0 1.5
1 1.96576 1.96576 1.96576 0 1.33333
1 0.480829 0.480829 0.754764 0.273935 1.5
1 0.595496 0.595496 0.595496 0 1.5
1 0.340109 0.340109 0.340109 0 1.33333
1 0.134018 0.134018 0.134018 0 1.33333
1 1e-08 1e-08 1e-08 0 1.33333

36 1.57427 1.57427 3.32346 1.74919 1.5
27 3.45463 3.45463 3.45463 2.22045e-15 1.5
26 1.435 1.435 3.39107 1.95607 1.5
3 15.0521 3.33333e-09 5.01736 7.09562 1.5
1 4.37875 4.37875 4.37875 0 1.5
1 3.24932 3.24932 3.24932 0 1.5
1 2.07479 2.07479 2.07479 0 1.5
1 1.96576 1.96576 1.96576 0 1.33333
1 0.961657 0.961657 0.961657 0 1.5
1 0.406776 0.406776 0.406776 0 1.33333
1 0.340109 0.340109 0.340109 0 1.33333
1 0.198499 0.198499 0.198499 6.66667e-09 1.5
1 0.0315814 0.0315814 0.0315814 0 1.33333

35 1.57427 1.57427 3.3287 1.75443 1.5
26 3.5875 3.5875 3.5875 4.44089e-16 1.5
28 1.50444 1.50444 3.27981 1.77537 1.5
3 11.2891 2.5e-09 3.765 5.32032 1.5
1 4.37875 4.37875 4.37875 0 1.5
1 2.07479 2.07479 2.07479 0 1.5
1 1.96576 1.96576 1.96576 0 1.33333
1 1.62466 1.62466 1.62466 5e-09 1.5
1 0.961657 0.961657 0.961657 0 1.5
1 0.340109 0.340109 0.340109 0 1.33333
1 0.148874 0.148874 0.287555 0.138681 1.5
1 0.134018 0.134018 0.134018 0 1.33333
1 0.0407548 0.0407548 0.0815097 0.0407548 1.5

35 1.5339 1.5339 3.2904 1.7565 1.5
28 3.00887 3.00887 3.33125 0.322379 1.5
27 1.55458 1.55458 3.34319 1.78861 1.5
3 15.0521 3.33333e-09 5.02 7.09376 1.5
1 4.37875 4.37875 4.37875 0 1.5
1 3.24932 3.24932 3.24932 0 1.5
1 2.07479 2.07479 2.07479 0 1.5
1 1.96576 1.96576 1.96576 0 1.33333
1 0.961657 0.961657 0.961657 0 1.5
1 0.340109 0.340109 0.340109 0 1.33333
1 0.297748 0.297748 0.297748 5e-09 1.5
1 0.134018 0.134018 0.134018 0 1.33333

35 1.61682 1.61682 3.37378 1.75697 1.5
27 3.45463 3.45463 3.45463 2.22045e-15 1.5
27 1.50444 1.50444 3.39954 1.8951 1.5
3 15.0521 3.33333e-09 5.02 7.09376 1.5
1 4.37875 4.37875 4.37875 0 1.5
1 3.24932 3.24932 3.24932 0 1.5
1 1.0374 1.0374 2.07479 1.0374 1.5
1 1.96576 1.96576 1.96576 0 1.33333
1 0.320552 0.320552 0.685799 0.365247 1.5
1 0.406776 0.406776 0.406776 0 1.33333
1 0.340109 0.340109 0.340109 0 1.33333
1 0.297748 0.297748 0.297748 5e-09 1.5
1 0.0908008 0.0908008 0.0908008 0 1.5

34 1.70921 1.70921 3.28927 1.58007 1.5
26 3.5875 3.5875 3.5875 4.44089e-16 1.5
28 1.50444 1.50444 3.33125 1.82681 1.5
3 11.2891 2.5e-09 3.765 5.32032 1.5
1 4.37875 4.37875 4.37875 0 1.5
1 3.24932 3.24932 3.24932 0 1.5
1 2.07479 2.07479 2.07479 0 1.5
1 1.96576 1.96576 1.96576 0 1.33333
1 0.961657 0.961657 0.961657 0 1.5
1 0.406776 0.406776 0.406776 0 1.33333
1 0.340109 0.340109 0.340109 0 1.33333
1 0.198499 0.198499 0.206531 0.0080322 1.5
1 0.0908008 0.0908008 0.0908008 0 1.5
1 0.0311236 0.0311236 0.0311236 0 1.33333

36 1.78574 1.78574 3.32346 1.53772 1.5
28 3.00887 3.00887 3.33125 0.322379 1.5
27 1.45742 1.45742 3.34976 1.89234 1.5
3 15.0521 3.33333e-09 5.02 7.09376 1.5
1 4.37875 4.37875 4.37875 0 1.5
1 3.24932 3.24932 3.24932 0 1.5
1 2.07479 2.07479 2.07479 0 1.5
1 1.96576 1.96576 1.96576 0 1.33333
1 0.961657 0.961657 0.961657 0 1.5
1 0.340109 0.340109 0.340109 0 1.33333
1 0.297748 0.297748 0.297748 5e-09 1.5

35 1.47709 1.47709 3.41841 1.94132 1.5
28 3.21638 3.21638 3.33125 0.114871 1.5
27 1.48056 1.48056 3.4005 1.91994 1.5
3 15.0521 3.33333e-09 5.01736 7.09562 1.5
1 4.37875 4.37875 4.37875 0 1.5
1 3.24932 3.24932 3.24932 0 1.5
1 2.07479 2.07479 2.07479 0 1.5
1 1.96576 1.96576 1.96576 0 1.33333
1 0.961657 0.961657 0.961657 0 1.5
1 0.340109 0.340109 0.340109 0 1.33333
1 0.297748 0.297748 0.297748 5e-09 1.5
1 0.0237642 0.0237642 0.0237642 0 1.5

23 1.45908 1.45908 5.20193 3.74285 1.5
1 93.275 93.275 93.275 0 1.5
3 31.0917 31.0917 31.0917 0 1.5
17 1.58093 1.58093 5.39612 3.81518 1.5
17 3.88646 3.88646 5.25821 1.37175 1.5
2 15.0521 3.33333e-09 7.52604 7.52604 1.5
1 4.37875 4.37875 4.37875 0 1.5
1 1.0374 1.0374 2.07479 1.0374 1.5
1 1.96576 1.96576 1.96576 0 1.33333
1 1.62466 1.62466 1.62466 5e-09 1.5
1 0.961657 0.961657 0.961657 0 1.5
1 0.340109 0.340109 0.340109 0 1.33333
1 0.198499 0.198499 0.20308 0.0045817 1.5
1 0.177896 0.177896 0.177896 0 1.5
1 0.115023 0.115023 0.115023 0 1.5
1 0.0024024 0.0024024 0.0024024 5e-09 1.5
1 1e-08 1e-08 1e-08 0 1.5
1 1e-08 1e-08 1e-08 0 1.33333
1 1e-08 1e-08 1e-08 0 1.33333
1 1e-08 1e-08 1e-08 0 1.33333
1 1e-08 1e-08 1e-08 0 1.33333
1 1e-08 1e-08 1e-08 0 1.33333
1 1e-08 1e-08 1e-08 0 1.33333
1 3.33333e-09 3.33333e-09 1e-08 6.66667e-09 1.5
1 3.33333e-09 3.33333e-09 1e-08 6.66667e-09 1.5
1 1e-08 1e-08 1e-08 0 1.5

22 2.17535 2.17535 5.14752 2.97216 1.5
1 93.275 93.275 93.275 0 1.5
18 2.91484 2.91484 5.18195 2.2671 1.5
17 2.16919 2.16919 5.37174 3.20255 1.5
14 6.6625 0.0518268 6.19031 1.70251 1.5
2 22.5781 5e-09 11.2891 11.2891 1.5
1 4.37875 4.37875 4.37875 0 1.5
1 3.24932 3.24932 3.24932 0 1.5
1 1.0374 1.0374 2.07479 1.0374 1.5
1 1.96576 1.96576 1.96576 0 1.33333
1 0.961657 0.961657 0.961657 0 1.5
1 0.595496 0.595496 0.595496 0 1.5
1 0.340109 0.340109 0.340109 0 1.33333
1 0.115023 0.115023 0.115023 0 1.5
1 0.0889481 0.0889481 0.0889481 5e-09 1.5
1 0.0048048 0.0048048 0.0048048 0 1.5
1 1e-08 1e-08 1e-08 0 1.33333
1 1e-08 1e-08 1e-08 0 1.33333
1 1e-08 1e-08 1e-08 0 1.33333
1 1e-08 1e-08 1e-08 0 1.33333
1 1e-08 1e-08 1e-08 0 1.5
1 1e-08 1e-08 1e-08 0 1.33333
1 1e-08 1e-08 1e-08 0 1.5
1 1e-08 1e-08 1e-08 0 1.5
1 1e-08 1e-08 1e-08 0 1.33333
1 3.33333e-09 3.33333e-09 1e-08 6.66667e-09 1.5
1 5e-09 5e-09 1e-08 5e-09 1.5
1 3.33333e-09 3.33333e-09 1e-08 6.66667e-09 1.5
1 1e-08 1e-08 1e-08 0 1.33333
1 1e-08 1e-08 1e-08 0 1.33333
1 1e-08 1e-08 1e-08 0 1.33333
1 1e-08 1e-08 1e-08 0 1.33333
1 1e-08 1e-08 1e-08 0 1.33333

29 2.39289 2.39289 3.96924 1.57635 1.5
23 2.39167 2.39167 4.05544 1.66377 1.5
20 2.275 2.275 4.10826 1.83326 1.5
19 4.44167 0.044703 3.9903 1.32868 1.5
3 15.0521 3.33333e-09 5.01736 7.09562 1.5
1 4.37875 4.37875 4.37875 0 1.5
1 3.24932 3.24932 3.24932 0 1.5
1 1.96576 1.96576 1.96576 0 1.33333
1 1.0374 1.0374 1.0374 5e-09 1.5
1 0.480829 0.480829 0.549663 0.0688346 1.5
1 0.340109 0.340109 0.340109 0 1.33333
1 0.297748 0.297748 0.302773 0.00502527 1.5

23 2.06284 2.06284 5.02258 2.95974 1.5
4 23.3188 23.3188 23.3188 0 1.5
18 2.74338 2.74338 5.18195 2.43856 1.5
17 1.8655 1.8655 5.1576 3.2921 1.5
16 5.48677 0.223535 5.16127 1.27403 1.5
2 11.2891 2.5e-09 5.64453 5.64453 1.5
1 4.37875 4.37875 4.37875 0 1.5
1 3.24932 3.24932 3.24932 0 1.5
1 1.0374 1.0374 2.07479 1.0374 1.5
1 1.96576 1.96576 1.96576 0 1.33333
1 0.961657 0.961657 0.961657 0 1.5
1 0.340109 0.340109 0.340109 0 1.33333
1 0.297748 0.297748 0.297748 5e-09 1.5
1 0.0598948 0.0598948 0.0598948 0 1.5
1 0.0500468 0.0500468 0.0500468 0 1.33333
1 0.0048048 0.0048048 0.0048048 0 1.5
1 1e-08 1e-08 1e-08 0 1.33333
1 1e-08 1e-08 1e-08 0 1.33333
1 1e-08 1e-08 1e-08 0 1.33333
1 1e-08 1e-08 1e-08 0 1.5
1 1e-08 1e-08 1e-08 0 1.33333
1 1e-08 1e-08 1e-08 0 1.33333
1 1e-08 1e-08 1e-08 0 1.33333
1 1e-08 1e-08 1e-08 0 1.33333
1 1e-08 1e-08 1e-08 0 1.5
1 1e-08 1e-08 1e-08 0 1.33333
1 1e-08 1e-08 1e-08 0 1.33333

22 2.54563 2.54563 5.32449 2.77886 1.5
13 7.175 7.175 7.175 8.88178e-16 1.5
17 1.60819 1.60819 5.31508 3.70689 1.5
17 4.66375 4.66375 5.26405 0.600296 1.5
14 6.6625 0.271435 6.206 1.64595 1.5
2 22.5781 5e-09 11.2891 11.2891 1.5
1 4.37875 4.37875 4.37875 0 1.5
1 3.24932 3.24932 3.24932 0 1.5
1 2.07479 2.07479 2.07479 0 1.5
1 1.96576 1.96576 1.96576 0 1.33333
1 0.297748 0.297748 0.509835 0.212087 1.5
1 0.320552 0.320552 0.412332 0.0917795 1.5
1 0.340109 0.340109 0.340109 0 1.33333
1 0.281421 0.281421 0.281421 0 1.33333
1 0.130564 0.130564 0.130564 0 1.5
1 0.0500468 0.0500468 0.0500468 0 1.33333
1 0.0199649 0.0199649 0.0399299 0.0199649 1.5
1 0.0024024 0.0024024 0.0024024 5e-09 1.5
1 1e-08 1e-08 1e-08 0 1.33333
1 1e-08 1e-08 1e-08 0 1.5
1 1e-08 1e-08 1e-08 0 1.33333
1 1e-08 1e-08 1e-08 0 1.33333

22 2.34597 2.34597 5.33308 2.98711 1.5
16 5.82969 5.82969 5.82969 8.88178e-16 1.5
17 2.11989 2.11989 5.36207 3.24219 1.5
17 2.39167 2.39167 5.3461 2.95443 1.5
14 6.6625 0.271435 6.206 1.64595 1.5
2 22.5781 5e-09 11.2891 11.2891 1.5
1 4.37875 4.37875 4.37875 0 1.5
1 3.24932 3.24932 3.24932 0 1.5
1 1.0374 1.0374 2.07479 1.0374 1.5
1 1.96576 1.96576 1.96576 0 1.33333
1 0.961657 0.961657 0.961657 0 1.5
1 0.595496 0.595496 0.595496 0 1.5
1 0.460321 0.460321 0.460321 0 1.33333
1 0.340109 0.340109 0.340109 0 1.33333
1 0.0652818 0.0652818 0.0652818 5e-09 1.5
1 0.0299474 0.0299474 0.0598948 0.0299474 1.5
1 0.0500468 0.0500468 0.0500468 0 1.33333
1 0.0024024 0.0024024 0.0024024 5e-09 1.5
1 1e-08 1e-08 1e-08 0 1.33333

27 2.60097 2.60097 4.23983 1.63887 1.5
21 2.665 2.665 4.31966 1.65466 1.5
21 2.11989 2.11989 4.24077 2.12088 1.5
21 2.59097 2.59097 4.20232 1.61135 1.5
2 22.5781 5e-09 11.2891 11.2891 1.5
1 4.37875 4.37875 4.37875 0 1.5
1 3.24932 3.24932 3.24932 0 1.5
1 2.07479 2.07479 2.07479 0 1.5
1 1.96576 1.96576 1.96576 0 1.33333
1 0.480829 0.480829 0.754764 0.273935 1.5
1 0.595496 0.595496 0.595496 0 1.5
1 0.460321 0.460321 0.460321 0 1.33333
1 0.340109 0.340109 0.340109 0 1.33333
1 0.130564 0.130564 0.130564 0 1.5

18 2.17535 2.17535 6.47118 4.29583 1.5
6 19.9407 0.773327 16.7462 7.14327 1.5
6 15.5458 15.5458 15.5458 0 1.5
15 6.21833 6.21833 6.21833 1.77636e-15 1.5
14 2.275 2.275 6.34388 4.06888 1.5
14 2.33188 2.33188 6.32979 3.99791 1.5
2 22.5781 5e-09 11.2891 11.2891 1.5
1 4.37875 4.37875 4.37875 0 1.5
1 3.24932 3.24932 3.24932 0 1.5
1 1.96576 1.96576 1.96576 0 1.33333
1 1.0374 1.0374 1.04355 0.00615043 1.5
1 0.961657 0.961657 0.961657 0 1.5
1 0.595496 0.595496 0.595496 0 1.5
1 0.460321 0.460321 0.460321 0 1.33333
1 0.387714 0.387714 0.387714 0 1.33333
1 0.340114 0.340114 0.340114 0 1.33333
1 0.340109 0.340109 0.340109 0 1.33333
1 0.130564 0.130564 0.130564 0 1.5
1 0.0790511 0.0790511 0.0790511 0 1.5
1 0.0298014 0.0298014 0.0298014 0 1.33333
1 0.000952376 0.000952376 0.000952381 5e-09 1.5
1 0.000175059 0.000175059 0.000175059 0 1.5
1 1e-08 1e-08 1e-08 0 1.5
1 1e-08 1e-08 1e-08 0 1.33333
1 1e-08 1e-08 1e-08 0 1.33333
1 1e-08 1e-08 1e-08 0 1.5
1 1e-08 1e-08 1e-08 0 1.33333
1 5e-09 5e-09 1e-08 5e-09 1.33333
1 1e-08 1e-08 1e-08 0 1.33333
1 1e-08 1e-08 1e-08 0 1.33333
1 1e-08 1e-08 1e-08 0 1.5
1 1e-08 1e-08 1e-08 0 1.33333
1 1e-08 1e-08 1e-08 0 1.33333

21 1.86944 1.86944 5.52622 3.65677 1.5
16 4.05544 4.05544 5.82969 1.77425 1.5
8 11.6594 11.6594 11.6594 1.77636e-15 1.5
16 2.45461 2.45461 5.67849 3.22388 1.5
15 5.82969 5.82969 5.83693 0.00724435 1.5
3 39.8815 0.253237 13.5298 18.6336 1.5
2 15.0521 3.33333e-09 7.52604 7.52604 1.5
1 4.37875 4.37875 4.37875 0 1.5
1 3.24932 3.24932 3.24932 0 1.5
1 2.07479 2.07479 2.07479 0 1.5
1 1.96576 1.96576 1.96576 0 1.33333
1 0.595496 0.595496 0.595496 0 1.5
1 0.480829 0.480829 0.549663 0.0688346 1.5
1 0.460321 0.460321 0.460321 0 1.33333
1 0.387714 0.387714 0.387714 0 1.33333
1 0.340114 0.340114 0.340114 0 1.33333
1 0.340109 0.340109 0.340109 0 1.33333
1 0.130564 0.130564 0.130564 0 1.5
1 0.0975782 0.0975782 0.0975782 0 1.5
1 0.0790511 0.0790511 0.0790511 0 1.5
1 0.0298014 0.0298014 0.0298014 0 1.33333
1 0.00190475 0.00190475 0.00190475 0 1.5
1 8.75293e-05 8.75293e-05 8.75343e-05 5e-09 1.5
1 1e-08 1e-08 1e-08 0 1.33333
1 5e-09 5e-09 1e-08 5e-09 1.5
1 1e-08 1e-08 1e-08 0 1.5
1 1e-08 1e-08 1e-08 0 1.33333

1 119.644 119.644 119.644 0 1.5
15 2.49259 2.49259 7.31643 4.82384 1.5
13 6.6625 6.6625 7.175 0.5125 1.5
12 3.731 3.731 7.46953 3.73853 1.5
12 2.33188 2.33188 7.42126 5.08939 1.5
12 4.90921 4.90921 7.37289 2.46368 1.5
3 39.8815 3.33333e-09 26.5877 18.8003 1.5
1 11.2891 11.2891 11.2891 7.5e-09 1.5
1 4.37875 4.37875 4.37875 0 1.5
1 3.24932 3.24932 3.24932 0 1.5
1 2.07479 2.07479 2.07479 0 1.5
1 1.96576 1.96576 1.96576 0 1.33333
1 0.595496 0.595496 0.595496 0 1.5
1 0.320552 0.320552 0.412332 0.0917795 1.5
1 0.387714 0.387714 0.387714 0 1.33333
1 0.340114 0.340114 0.340114 0 1.33333
1 0.340109 0.340109 0.340109 0 1.33333
1 0.281421 0.281421 0.281421 0 1.33333
1 0.130564 0.130564 0.130564 0 1.5
1 0.0981925 0.0981925 0.0981925 0 1.33333
1 0.0975782 0.0975782 0.0975782 0 1.5
1 0.0790511 0.0790511 0.0790511 0 1.5
1 0.0298014 0.0298014 0.0298014 0 1.33333
1 0.00190475 0.00190475 0.00190475 0 1.5
1 0.000643427 0.000643427 0.000643432 5e-09 1.5
1 0.00022307 0.00022307 0.00022307 0 1.5
1 0.000175059 0.000175059 0.000175059 0 1.5
1 1e-08 1e-08 1e-08 0 1.5
1 1e-08 1e-08 1e-08 0 1.33333
1 1e-08 1e-08 1e-08 0 1.5
1 1e-08 1e-08 1e-08 0 1.5
1 1e-08 1e-08 1e-08 0 1.33333
1 1e-08 1e-08 1e-08 0 1.33333
1 1e-08 1e-08 1e-08 0 1.33333
1 1e-08 1e-08 1e-08 0 1.33333
1 5e-09 5e-09 1e-08 5e-09 1.5
1 5e-09 5e-09 1e-08 5e-09 1.5
1 1e-08 1e-08 1e-08 0 1.33333
1 1e-08 1e-08 1e-08 0 1.33333
1 1e-08 1e-08 1e-08 0 1.33333

17 4.27302 4.27302 7.03791 2.76489 1.5
17 1.73398 1.73398 6.74276 5.00878 1.5
12 7.77292 7.77292 7.77292 2.66454e-15 1.5
10 9.3275 9.3275 9.3275 1.77636e-15 1.5
10 9.3275 9.3275 9.3275 1.77636e-15 1.5
13 5.48677 5.48677 7.175 1.68824 1.5
1 45.1563 45.1563 45.1563 0 1.5
1 4.37875 4.37875 4.37875 0 1.5
1 3.24932 3.24932 3.24932 0 1.5
1 2.07479 2.07479 2.07479 0 1.5
1 1.96576 1.96576 1.96576 0 1.33333
1 0.961657 0.961657 0.961657 0 1.5
1 0.595496 0.595496 0.595496 0 1.5
1 0.460321 0.460321 0.460321 0 1.33333
1 0.387714 0.387714 0.387714 0 1.33333
1 0.340114 0.340114 0.340114 0 1.33333
1 0.340109 0.340109 0.340109 0 1.33333
1 0.0981925 0.0981925 0.0981925 0 1.33333
1 0.0790511 0.0790511 0.0790511 0 1.5
1 0.0326409 0.0326409 0.0737104 0.0410695 1.5
1 0.0325261 0.0325261 0.0325261 6.66667e-09 1.5
1 0.0298014 0.0298014 0.0298014 0 1.33333
1 0.0194538 0.0194538 0.0194538 5e-09 1.5
1 0.00190475 0.00190475 0.00190475 0 1.5
1 0.000643427 0.000643427 0.000643432 5e-09 1.5
1 0.00022307 0.00022307 0.00022307 0 1.5
1 0.000175059 0.000175059 0.000175059 0 1.5
1 1e-08 1e-08 1e-08 0 1.33333

17 1.68513 1.68513 6.67939 4.99426 1.5
17 2.65877 2.65877 6.60429 3.94552 1.5
12 7.77292 7.77292 7.77292 2.66454e-15 1.5
12 7.77292 7.77292 7.77292 2.66454e-15 1.5
10 9.3275 9.3275 9.3275 1.77636e-15 1.5
11 8.47955 8.47955 8.47955 0 1.5
1 45.1563 45.1563 45.1563 0 1.5
1 4.37875 4.37875 4.37875 0 1.5
1 3.24932 3.24932 3.24932 0 1.5
1 2.07479 2.07479 2.07479 0 1.5
1 1.96576 1.96576 1.96576 0 1.33333
1 0.961657 0.961657 0.961657 0 1.5
1 0.595496 0.595496 0.595496 0 1.5
1 0.460321 0.460321 0.460321 0 1.33333
1 0.387714 0.387714 0.387714 0 1.33333
1 0.340114 0.340114 0.340114 0 1.33333
1 0.340109 0.340109 0.340109 0 1.33333
1 0.0981925 0.0981925 0.0981925 0 1.33333
1 0.0790511 0.0790511 0.0790511 0 1.5
1 0.0652818 0.0652818 0.0652818 5e-09 1.5
1 0.0547594 0.0547594 0.0547594 0 1.5
1 0.0487891 0.0487891 0.0487891 5e-09 1.5
1 0.0194538 0.0194538 0.0389077 0.0194538 1.5
1 0.0298014 0.0298014 0.0298014 0 1.33333
1 0.00190475 0.00190475 0.00190475 0 1.5
1 0.000643427 0.000643427 0.000643432 5e-09 1.5
1 0.000111535 0.000111535 0.00022307 0.000111535 1.5
1 0.000175059 0.000175059 0.000175059 0 1.5

17 2.34597 2.34597 7.03791 4.69194 1.5
17 2.06284 2.06284 6.67762 4.61478 1.5
12 7.77292 7.77292 7.77292 2.66454e-15 1.5
10 9.3275 9.3275 9.3275 1.77636e-15 1.5
6 15.5458 15.5458 15.5458 0 1.5
13 5.48677 5.48677 7.175 1.68824 1.5
1 45.1563 45.1563 45.1563 0 1.5
1 4.37875 4.37875 4.37875 0 1.5
1 3.24932 3.24932 3.24932 0 1.5
1 2.07479 2.07479 2.07479 0 1.5
1 1.96576 1.96576 1.96576 0 1.33333
1 0.961657 0.961657 0.961657 0 1.5
1 0.595496 0.595496 0.595496 0 1.5
1 0.460321 0.460321 0.460321 0 1.33333
1 0.387714 0.387714 0.387714 0 1.33333
1 0.340114 0.340114 0.340114 0 1.33333
1 0.340109 0.340109 0.340109 0 1.33333
1 0.0981925 0.0981925 0.0981925 0 1.33333
1 0.0435212 0.0435212 0.0800274 0.0365063 1.5
1 0.0790511 0.0790511 0.0790511 0 1.5
1 0.0592152 0.0592152 0.0598586 0.000643427 1.5
1 0.0136898 0.0136898 0.0547594 0.0410695 1.5
1 0.0487891 0.0487891 0.0487891 5e-09 1.5
1 0.0389077 0.0389077 0.0389077 0 1.5
1 0.00275606 0.00275606 0.00795483 0.00519877 1.5
1 0.00726429 0.00726429 0.00726429 0 1.33333
1 0.00209609 0.00209609 0.00209609 0 1.33333
1 0.00190475 0.00190475 0.00190475 0 1.5
1 0.00163348 0.00163348 0.00163348 0 1.33333
1 0.000111535 0.000111535 0.00022307 0.000111535 1.5
1 1e-08 1e-08 1e-08 0 1.5
1 1e-08 1e-08 1e-08 0 1.33333

17 1.49556 1.49556 6.8667 5.37115 1.5
17 3.62559 3.62559 6.73593 3.11034 1.5
11 8.47955 8.47955 8.47955 0 1.5
7 13.325 13.325 13.325 1.77636e-15 1.5
8 11.6594 11.6594 11.6594 1.77636e-15 1.5
14 6.21833 6.21833 6.6625 0.444167 1.5
1 45.1563 45.1563 45.1563 0 1.5
1 4.37875 4.37875 4.37875 0 1.5
1 3.24932 3.24932 3.24932 0 1.5
1 2.07479 2.07479 2.07479 0 1.5
1 1.96576 1.96576 1.96576 0 1.33333
1 0.961657 0.961657 0.961657 0 1.5
1 0.595496 0.595496 0.595496 0 1.5
1 0.460321 0.460321 0.460321 0 1.33333
1 0.387714 0.387714 0.387714 0 1.33333
1 0.340114 0.340114 0.340114 0 1.33333
1 0.340109 0.340109 0.340109 0 1.33333
1 0.278728 0.278728 0.278728 0 1.33333
1 0.0981925 0.0981925 0.0981925 0 1.33333
1 0.0975782 0.0975782 0.0975782 0 1.5
1 0.0435212 0.0435212 0.0800274 0.0365063 1.5
1 0.0790511 0.0790511 0.0790511 0 1.5
1 0.060086 0.060086 0.060086 0 1.33333
1 0.0592152 0.0592152 0.0592152 5e-09 1.5
1 0.0547594 0.0547594 0.0547594 0 1.5
1 0.0487019 0.0487019 0.0487019 0 1.33333
1 0.0315815 0.0315815 0.0315815 0 1.33333
1 0.0298014 0.0298014 0.0298014 0 1.33333
1 0.0194538 0.0194538 0.0194538 5e-09 1.5
1 0.00551212 0.00551212 0.0110242 0.00551212 1.5
1 0.00726429 0.00726429 0.00726429 0 1.33333
1 0.00190475 0.00190475 0.00190475 0 1.5
1 0.00163348 0.00163348 0.00163348 0 1.33333

1 119.644 119.644 119.644 0 1.5
13 1.73398 1.73398 9.07459 7.34061 1.5
12 2.54563 2.54563 9.36615 6.82053 1.5
10 8.47955 8.47955 9.3275 0.847955 1.5
1 93.275 93.275 93.275 0 1.5
10 8.47955 8.47955 9.3275 0.847955 1.5
9 10.3639 10.3639 10.3639 0 1.5
8 11.6594 11.6594 11.6594 1.77636e-15 1.5
1 45.1563 45.1563 45.1563 0 1.5
1 4.37875 4.37875 4.37875 0 1.5
1 3.24932 3.24932 3.24932 0 1.5
1 2.07479 2.07479 2.07479 0 1.5
1 1.96576 1.96576 1.96576 0 1.33333
1 0.961657 0.961657 0.961657 0 1.5
1 0.595496 0.595496 0.595496 0 1.5
1 0.460321 0.460321 0.460321 0 1.33333
1 0.387714 0.387714 0.387714 0 1.33333
1 0.340114 0.340114 0.340114 0 1.33333
1 0.340109 0.340109 0.340109 0 1.33333
1 0.278728 0.278728 0.278728 0 1.33333
1 0.0981925 0.0981925 0.0981925 0 1.33333
1 0.0652818 0.0652818 0.0926614 0.0273797 1.5
1 0.053447 0.053447 0.0859731 0.0325261 1.5
1 0.0840559 0.0840559 0.0840559 0 1.5
1 0.0790511 0.0790511 0.0790511 0 1.5
1 0.060086 0.060086 0.060086 0 1.33333
1 0.0592152 0.0592152 0.0592152 5e-09 1.5
1 0.0547594 0.0547594 0.0547594 0 1.5
1 0.0500448 0.0500448 0.0500448 0 1.33333
1 0.0315815 0.0315815 0.0315815 0 1.33333
1 0.0298014 0.0298014 0.0298014 0 1.33333
1 0.0243509 0.0243509 0.0243509 5e-09 1.33333
1 0.00972692 0.00972692 0.0197167 0.00998978 1.5
1 0.0110242 0.0110242 0.0110242 0 1.5
1 0.00850711 0.00850711 0.00850711 0 1.5
1 0.00726429 0.00726429 0.00726429 0 1.33333
1 0.00190475 0.00190475 0.00190475 0 1.5
1 0.00163348 0.00163348 0.00163348 0 1.33333
1 1e-08 1e-08 1e-08 0 1.33333
1 1e-08 1e-08 1e-08 0 1.33333
1 1e-08 1e-08 1e-08 0 1.33333
1 1e-08 1e-08 1e-08 0 1.5
1 1e-08 1e-08 1e-08 0 1.33333
1 1e-08 1e-08 1e-08 0 1.33333

4 29.9111 29.9111 29.9111 0 1.5
13 2.91816 2.91816 8.9814 6.06324 1.5
13 1.96138 1.96138 8.90288 6.9415 1.5
10 8.47955 8.47955 9.3275 0.847955 1.5
2 46.6375 46.6375 46.6375 0 1.5
4 23.3188 23.3188 23.3188 0 1.5
6 15.5458 15.5458 15.5458 0 1.5
10 6.21833 6.21833 9.3275 3.10917 1.5
1 45.1563 45.1563 45.1563 0 1.5
1 4.37875 4.37875 4.37875 0 1.5
1 3.24932 3.24932 3.24932 0 1.5
1 2.07479 2.07479 2.07479 0 1.5
1 1.96576 1.96576 1.96576 0 1.33333
1 0.961657 0.961657 0.961657 0 1.5
1 0.460321 0.460321 0.460321 0 1.33333
1 0.387714 0.387714 0.387714 0 1.33333
1 0.340114 0.340114 0.340114 0 1.33333
1 0.340109 0.340109 0.340109 0 1.33333
1 0.297748 0.297748 0.307979 0.0102309 1.5
1 0.278728 0.278728 0.278728 0 1.33333
1 0.160341 0.160341 0.160341 0 1.5
1 0.130564 0.130564 0.130564 0 1.5
1 0.11843 0.11843 0.11843 0 1.5
1 0.0840559 0.0840559 0.0840559 0 1.5
1 0.0790511 0.0790511 0.0790511 0 1.5
1 0.060086 0.060086 0.060086 0 1.33333
1 0.0547594 0.0547594 0.0547594 0 1.5
1 0.0547594 0.0547594 0.0547594 0 1.5
1 0.0523079 0.0523079 0.0523079 0 2.75
1 0.0500448 0.0500448 0.0500448 0 1.33333
1 0.0487019 0.0487019 0.0487019 0 1.33333
1 0.0389077 0.0389077 0.0389077 0 1.5
1 0.0322985 0.0322985 0.0322985 0 1.33333
1 0.0315815 0.0315815 0.0315815 0 1.33333
1 0.0298014 0.0298014 0.0298014 0 1.33333
1 0.00850711 0.00850711 0.00850711 0 1.5
1 0.00726429 0.00726429 0.00726429 0 1.33333
1 0.00551212 0.00551212 0.00551213 5e-09 1.5
1 0.00190475 0.00190475 0.00190475 0 1.5
1 0.00163348 0.00163348 0.00163348 0 1.33333
1 0.00022307 0.00022307 0.00022307 0 1.5
1 1e-08 1e-08 1e-08 0 1.5
1 1e-08 1e-08 1e-08 0 1.5
1 1e-08 1e-08 1e-08 0 1.5
1 1e-08 1e-08 1e-08 0 1.33333
1 1e-08 1e-08 1e-08 0 1.33333
1 1e-08 1e-08 1e-08 0 1.33333

10 11.9644 11.9644 11.9644 1.77636e-15 1.5
15 2.25744 2.25744 7.87675 5.61931 1.5
14 2.17535 2.17535 8.10364 5.92828 1.5
11 7.77292 7.77292 8.47955 0.706629 1.5
10 9.3275 9.3275 9.3275 1.77636e-15 1.5
4 23.3188 23.3188 23.3188 0 1.5
6 15.5458 15.5458 15.5458 0 1.5
1 45.1563 45.1563 45.1563 0 1.5
1 4.37875 4.37875 4.37875 0 1.5
1 3.24932 3.24932 3.24932 0 1.5
1 2.07479 2.07479 2.07479 0 1.5
1 1.96576 1.96576 1.96576 0 1.33333
1 0.961657 0.961657 0.961657 0 1.5
1 0.460321 0.460321 0.460321 0 1.33333
1 0.387714 0.387714 0.387714 0 1.33333
1 0.340114 0.340114 0.340114 0 1.33333
1 0.340109 0.340109 0.340109 0 1.33333
1 0.278728 0.278728 0.278728 0 1.33333
1 0.160341 0.160341 0.160341 0 1.5
1 0.119099 0.119099 0.136044 0.016945 1.5
1 0.0652818 0.0652818 0.0926614 0.0273797 1.5
1 0.0790511 0.0790511 0.0790511 0 1.5
1 0.060086 0.060086 0.060086 0 1.33333
1 0.0592152 0.0592152 0.0592152 5e-09 1.5
1 0.0547594 0.0547594 0.0547594 0 1.5
1 0.0523079 0.0523079 0.0523079 0 2.75
1 0.0500448 0.0500448 0.0500448 0 1.33333
1 0.0487019 0.0487019 0.0487019 0 1.33333
1 0.0194538 0.0194538 0.0389077 0.0194538 1.5
1 0.0322985 0.0322985 0.0322985 0 1.33333
1 0.0315815 0.0315815 0.0315815 0 1.33333
1 0.0298014 0.0298014 0.0298014 0 1.33333
1 0.0110242 0.0110242 0.0110242 0 1.5
1 0.00850711 0.00850711 0.00850711 0 1.5
1 0.00726429 0.00726429 0.00726429 0 1.33333
1 0.0032639 0.0032639 0.0032639 0 1.33333
1 0.00190475 0.00190475 0.00190475 0 1.5
1 0.00163348 0.00163348 0.00163348 0 1.33333

14 8.54603 8.54603 8.54603 0 1.5
14 2.21564 2.21564 8.38954 6.1739 1.5
14 2.34597 2.34597 8.37846 6.03249 1.5
10 9.3275 9.3275 9.3275 1.77636e-15 1.5
11 8.47955 8.47955 8.47955 0 1.5
4 23.3188 23.3188 23.3188 0 1.5
6 15.5458 15.5458 15.5458 0 1.5
1 45.1563 45.1563 45.1563 0 1.5
1 4.37875 4.37875 4.37875 0 1.5
1 3.24932 3.24932 3.24932 0 1.5
1 2.07479 2.07479 2.07479 0 1.5
1 1.96576 1.96576 1.96576 0 1.33333
1 0.961657 0.961657 0.961657 0 1.5
1 0.595496 0.595496 0.595496 0 1.5
1 0.460321 0.460321 0.460321 0 1.33333
1 0.387714 0.387714 0.387714 0 1.33333
1 0.340114 0.340114 0.340114 0 1.33333
1 0.340109 0.340109 0.340109 0 1.33333
1 0.278728 0.278728 0.278728 0 1.33333
1 0.11843 0.11843 0.11843 0 1.5
1 0.0981925 0.0981925 0.0981925 0 1.33333
1 0.0652818 0.0652818 0.0926614 0.0273797 1.5
1 0.0790511 0.0790511 0.0790511 0 1.5
1 0.060086 0.060086 0.060086 0 1.33333
1 0.0547594 0.0547594 0.0547594 0 1.5
1 0.053447 0.053447 0.053447 6.66667e-09 1.5
1 0.0523079 0.0523079 0.0523079 0 2.75
1 0.0500455 0.0500455 0.0500455 0 1.33333
1 0.0500448 0.0500448 0.0500448 0 1.33333
1 0.0487019 0.0487019 0.0487019 0 1.33333
1 0.0389077 0.0389077 0.0389077 0 1.5
1 0.0315815 0.0315815 0.0315815 0 1.33333
1 0.0298014 0.0298014 0.0298014 0 1.33333
1 0.00439087 0.00439087 0.0117404 0.0073495 1.5
1 0.00850711 0.00850711 0.00850711 0 1.5

13 9.20342 9.20342 9.20342 1.77636e-15 1.5
17 2.71919 2.71919 7.03791 4.31872 1.5
16 1.89912 1.89912 7.13132 5.2322 1.5
10 9.3275 9.3275 9.3275 1.77636e-15 1.5
4 23.3188 23.3188 23.3188 0 1.5
13 5.48677 5.48677 7.175 1.68824 1.5
1 45.1563 45.1563 45.1563 0 1.5
1 4.37875 4.37875 4.37875 0 1.5
1 3.24932 3.24932 3.24932 0 1.5
1 2.07479 2.07479 2.07479 0 1.5
1 1.96576 1.96576 1.96576 0 1.33333
1 0.961657 0.961657 0.961657 0 1.5
1 0.595496 0.595496 0.595496 0 1.5
1 0.460321 0.460321 0.460321 0 1.33333
1 0.387714 0.387714 0.387714 0 1.33333
1 0.340114 0.340114 0.340114 0 1.33333
1 0.340109 0.340109 0.340109 0 1.33333
1 0.278728 0.278728 0.278728 0 1.33333
1 0.160341 0.160341 0.160341 0 1.5
1 0.136016 0.136016 0.150917 0.0149007 1.33333
1 0.130564 0.130564 0.130564 0 1.5
1 0.11843 0.11843 0.11843 0 1.5
1 0.0981925 0.0981925 0.0981925 0 1.33333
1 0.0819857 0.0819857 0.0819857 5e-09 1.5
1 0.0790511 0.0790511 0.0790511 0 1.5
1 0.060086 0.060086 0.060086 0 1.33333
1 0.0547594 0.0547594 0.0547594 0 1.5
1 0.0523079 0.0523079 0.0523079 0 2.75
1 0.0500455 0.0500455 0.0500455 0 1.33333
1 0.0500448 0.0500448 0.0500448 0 1.33333
1 0.0487019 0.0487019 0.0487019 0 1.33333
1 0.0389077 0.0389077 0.0389077 0 1.5
1 0.0157907 0.0157907 0.0157907 5e-09 1.33333
1 0.00658631 0.00658631 0.0131726 0.00658631 1.5

15 7.47778 7.47778 7.9763 0.498519 1.5
14 1.99407 1.99407 8.12259 6.12852 1.5
14 2.13651 2.13651 7.94535 5.80885 1.5
10 9.3275 9.3275 9.3275 1.77636e-15 1.5
4 23.3188 23.3188 23.3188 0 1.5
6 15.5458 15.5458 15.5458 0 1.5
7 13.325 13.325 13.325 1.77636e-15 1.5
1 45.1563 45.1563 45.1563 0 1.5
1 4.37875 4.37875 4.37875 0 1.5
1 3.24932 3.24932 3.24932 0 1.5
1 2.07479 2.07479 2.07479 0 1.5
1 1.96576 1.96576 1.96576 0 1.33333
1 0.961657 0.961657 0.961657 0 1.5
1 0.595496 0.595496 0.595496 0 1.5
1 0.460321 0.460321 0.460321 0 1.33333
1 0.387714 0.387714 0.387714 0 1.33333
1 0.340114 0.340114 0.340114 0 1.33333
1 0.340109 0.340109 0.340109 0 1.33333
1 0.278728 0.278728 0.278728 0 1.33333
1 0.272032 0.272032 0.272032 0 1.33333
1 0.163971 0.163971 0.163971 0 1.5
1 0.160341 0.160341 0.160341 0 1.5
1 0.130564 0.130564 0.130564 0 1.5
1 0.11843 0.11843 0.11843 0 1.5
1 0.0981925 0.0981925 0.0981925 0 1.33333
1 0.0932459 0.0932459 0.0932459 0 1.33333
1 0.092252 0.092252 0.092252 0 1.5
1 0.0790511 0.0790511 0.0790511 0 1.5
1 0.060086 0.060086 0.060086 0 1.33333
1 0.0547594 0.0547594 0.0547594 0 1.5
1 0.0523079 0.0523079 0.0523079 0 2.75
1 0.0500455 0.0500455 0.0500455 0 1.33333
1 0.0500448 0.0500448 0.0500448 0 1.33333
1 0.0487019 0.0487019 0.0487019 0 1.33333
1 0.0389077 0.0389077 0.0389077 0 1.5
1 0.0315815 0.0315815 0.0315815 0 1.33333
1 0.0131726 0.0131726 0.0131726 0 1.5
1 1e-08 1e-08 1e-08 0 1.33333

15 2.49259 2.49259 7.9763 5.4837 1.5
14 1.99407 1.99407 7.98008 5.98601 1.5
14 7.9763 7.9763 7.97632 2.22998e-05 1.5
10 9.3275 9.3275 9.3275 1.77636e-15 1.5
4 23.3188 23.3188 23.3188 0 1.5
9 10.3639 10.3639 10.3639 0 1.5
4 23.3188 23.3188 23.3188 0 1.5
1 45.1563 45.1563 45.1563 0 1.5
1 4.37875 4.37875 4.37875 0 1.5
1 3.24932 3.24932 3.24932 0 1.5
1 2.07479 2.07479 2.07479 0 1.5
1 1.96576 1.96576 1.96576 0 1.33333
1 0.961657 0.961657 0.961657 0 1.5
1 0.595496 0.595496 0.595496 0 1.5
1 0.460321 0.460321 0.460321 0 1.33333
1 0.387714 0.387714 0.387714 0 1.33333
1 0.340114 0.340114 0.340114 0 1.33333
1 0.340109 0.340109 0.340109 0 1.33333
1 0.278728 0.278728 0.278728 0 1.33333
1 0.272032 0.272032 0.272032 0 1.33333
1 0.160341 0.160341 0.160341 0 1.5
1 0.130564 0.130564 0.130564 0 1.5
1 0.0932459 0.0932459 0.0932459 0 1.33333
1 0.092252 0.092252 0.092252 0 1.5
1 0.0819857 0.0819857 0.0819857 5e-09 1.5
1 0.0790511 0.0790511 0.0790511 0 1.5
1 0.060086 0.060086 0.060086 0 1.33333
1 0.0547594 0.0547594 0.0547594 0 1.5
1 0.0523079 0.0523079 0.0523079 0 2.75
1 0.0500468 0.0500468 0.0500468 0 1.33333
1 0.0500455 0.0500455 0.0500455 0 1.33333
1 0.0500448 0.0500448 0.0500448 0 1.33333
1 0.0487019 0.0487019 0.0487019 0 1.33333
1 0.0322985 0.0322985 0.0322985 0 1.33333
1 0.0315815 0.0315815 0.0315815 0 1.33333
1 0.0296076 0.0296076 0.0296076 7.5e-09 1.5
1 0.0194538 0.0194538 0.02255 0.00309615 1.5
1 0.0204363 0.0204363 0.0204363 0 1.5

14 8.54603 8.54603 8.54603 0 1.5
14 2.44172 2.44172 8.3751 5.93338 1.5
14 2.44172 2.44172 8.37162 5.9299 1.5
10 9.3275 9.3275 9.3275 1.77636e-15 1.5
4 23.3188 23.3188 23.3188 0 1.5
9 10.3639 10.3639 10.3639 0 1.5
4 23.3188 23.3188 23.3188 0 1.5
1 45.1563 45.1563 45.1563 0 1.5
1 4.37875 4.37875 4.37875 0 1.5
1 3.24932 3.24932 3.24932 0 1.5
1 2.07479 2.07479 2.07479 0 1.5
1 1.96576 1.96576 1.96576 0 1.33333
1 0.961657 0.961657 0.961657 0 1.5
1 0.595496 0.595496 0.595496 0 1.5
1 0.460321 0.460321 0.460321 0 1.33333
1 0.387714 0.387714 0.387714 0 1.33333
1 0.340114 0.340114 0.340114 0 1.33333
1 0.340109 0.340109 0.340109 0 1.33333
1 0.272032 0.272032 0.272032 0 1.33333
1 0.160341 0.160341 0.160341 0 1.5
1 0.139364 0.139364 0.139364 5e-09 1.33333
1 0.130564 0.130564 0.130564 0 1.5
1 0.11843 0.11843 0.11843 0 1.5
1 0.0981925 0.0981925 0.0981925 0 1.33333
1 0.0932459 0.0932459 0.0932459 0 1.33333
1 0.092252 0.092252 0.092252 0 1.5
1 0.0819857 0.0819857 0.0819857 5e-09 1.5
1 0.0790511 0.0790511 0.0790511 0 1.5
1 0.060086 0.060086 0.060086 0 1.33333
1 0.0547594 0.0547594 0.0547594 0 1.5
1 0.0523079 0.0523079 0.0523079 0 2.75
1 0.0500468 0.0500468 0.0500468 0 1.33333
1 0.0500455 0.0500455 0.0500455 0 1.33333
1 0.0500448 0.0500448 0.0500448 0 1.33333
1 0.0487019 0.0487019 0.0487019 0 1.33333
1 0.0194538 0.0194538 0.0389077 0.0194538 1.5
1 0.0315815 0.0315815 0.0315815 0 1.33333
1 0.0102182 0.0102182 0.0144717 0.00425355 1.5
1 0.000111535 0.000111535 0.00022307 0.000111535 1.5

14 8.54603 8.54603 8.54603 0 1.5
14 2.44172 2.44172 8.20265 5.76093 1.5
14 2.09903 2.09903 8.10322 6.00419 1.5
10 9.3275 9.3275 9.3275 1.77636e-15 1.5
4 23.3188 23.3188 23.3188 0 1.5
9 10.3639 10.3639 10.3639 0 1.5
4 23.3188 23.3188 23.3188 0 1.5
1 45.1563 45.1563 45.1563 0 1.5
1 4.37875 4.37875 4.37875 0 1.5
1 3.24932 3.24932 3.24932 0 1.5
1 2.07479 2.07479 2.07479 0 1.5
1 1.96576 1.96576 1.96576 0 1.33333
1 0.961657 0.961657 0.961657 0 1.5
1 0.595496 0.595496 0.595496 0 1.5
1 0.387714 0.387714 0.387714 0 1.33333
1 0.340114 0.340114 0.340114 0 1.33333
1 0.340109 0.340109 0.340109 0 1.33333
1 0.281421 0.281421 0.281421 0 1.33333
1 0.278728 0.278728 0.278728 0 1.33333
1 0.272032 0.272032 0.272032 0 1.33333
1 0.163971 0.163971 0.163971 0 1.5
1 0.130564 0.130564 0.130564 0 1.5
1 0.0932459 0.0932459 0.0932459 0 1.33333
1 0.046126 0.046126 0.092252 0.046126 1.5
1 0.0801705 0.0801705 0.0801705 5e-09 1.5
1 0.0790511 0.0790511 0.0790511 0 1.5
1 0.060086 0.060086 0.060086 0 1.33333
1 0.0592152 0.0592152 0.0592152 5e-09 1.5
1 0.0547594 0.0547594 0.0547594 0 1.5
1 0.0523079 0.0523079 0.0523079 0 2.75
1 0.0500468 0.0500468 0.0500468 0 1.33333
1 0.0500455 0.0500455 0.0500455 0 1.33333
1 0.0500448 0.0500448 0.0500448 0 1.33333
1 0.0487019 0.0487019 0.0487019 0 1.33333
1 0.0322985 0.0322985 0.0322985 0 1.33333
1 0.0315815 0.0315815 0.0315815 0 1.33333
1 0.00972692 0.00972692 0.0307288 0.0210019 1.5
1 0.00681211 0.00681211 0.0147847 0.00797258 1.5
1 0.00022307 0.00022307 0.00022307 0 1.5

12 9.97037 9.97037 9.97037 1.77636e-15 1.5
14 2.44172 2.44172 8.19744 5.75571 1.5
14 2.34597 2.34597 8.06349 5.71752 1.5
10 9.3275 9.3275 9.3275 1.77636e-15 1.5
4 23.3188 23.3188 23.3188 0 1.5
9 10.3639 10.3639 10.3639 0 1.5
4 23.3188 23.3188 23.3188 0 1.5
1 45.1563 45.1563 45.1563 0 1.5
1 4.37875 4.37875 4.37875 0 1.5
1 3.24932 3.24932 3.24932 0 1.5
1 2.07479 2.07479 2.07479 0 1.5
1 1.96576 1.96576 1.96576 0 1.33333
1 0.961657 0.961657 0.961657 0 1.5
1 0.595496 0.595496 0.595496 0 1.5
1 0.460321 0.460321 0.460321 0 1.33333
1 0.387714 0.387714 0.387714 0 1.33333
1 0.340114 0.340114 0.340114 0 1.33333
1 0.340109 0.340109 0.340109 0 1.33333
1 0.278728 0.278728 0.278728 0 1.33333
1 0.272032 0.272032 0.272032 0 1.33333
1 0.11843 0.11843 0.11843 0 1.5
1 0.0981925 0.0981925 0.0981925 0 1.33333
1 0.0932459 0.0932459 0.0932459 0 1.33333
1 0.092252 0.092252 0.092252 0 1.5
1 0.0801705 0.0801705 0.0801705 5e-09 1.5
1 0.0790511 0.0790511 0.0790511 0 1.5
1 0.0652818 0.0652818 0.0652818 5e-09 1.5
1 0.060086 0.060086 0.060086 0 1.33333
1 0.0273797 0.0273797 0.0547594 0.0273797 1.5
1 0.0523079 0.0523079 0.0523079 0 2.75
1 0.0500468 0.0500468 0.0500468 0 1.33333
1 0.0500455 0.0500455 0.0500455 0 1.33333
1 0.0500448 0.0500448 0.0500448 0 1.33333
1 0.0487019 0.0487019 0.0487019 0 1.33333
1 0.0409928 0.0409928 0.0409928 7.5e-09 1.5
1 0.0194538 0.0194538 0.0389077 0.0194538 1.5
1 0.0315815 0.0315815 0.0315815 0 1.33333
1 0.026301 0.026301 0.026301 5e-09 1.5
1 0.0204363 0.0204363 0.0204363 0 1.5
1 0.00658631 0.00658631 0.0131726 0.00658631 1.5
1 0.000273877 0.000273877 0.000385412 0.000111535 1.5

15 2.44172 2.44172 7.9763 5.53457 1.5
13 9.20342 9.20342 9.20342 1.77636e-15 1.5
14 2.30086 2.30086 8.21736 5.91651 1.5
10 9.3275 9.3275 9.3275 1.77636e-15 1.5
4 23.3188 23.3188 23.3188 0 1.5
9 10.3639 10.3639 10.3639 0 1.5
4 23.3188 23.3188 23.3188 0 1.5
1 45.1563 45.1563 45.1563 0 1.5
1 4.37875 4.37875 4.37875 0 1.5
1 3.24932 3.24932 3.24932 0 1.5
1 2.07479 2.07479 2.07479 0 1.5
1 1.96576 1.96576 1.96576 0 1.33333
1 0.961657 0.961657 0.961657 0 1.5
1 0.595496 0.595496 0.595496 0 1.5
1 0.460321 0.460321 0.460321 0 1.33333
1 0.387714 0.387714 0.387714 0 1.33333
1 0.340114 0.340114 0.340114 0 1.33333
1 0.340109 0.340109 0.340109 0 1.33333
1 0.278728 0.278728 0.278728 0 1.33333
1 0.272032 0.272032 0.272032 0 1.33333
1 0.163971 0.163971 0.163971 0 1.5
1 0.160341 0.160341 0.160341 0 1.5
1 0.130564 0.130564 0.130564 0 1.5
1 0.0981925 0.0981925 0.0981925 0 1.33333
1 0.0932459 0.0932459 0.0932459 0 1.33333
1 0.023063 0.023063 0.092252 0.069189 1.5
1 0.0790511 0.0790511 0.0790511 0 1.5
1 0.060086 0.060086 0.060086 0 1.33333
1 0.0394768 0.0394768 0.0570108 0.017534 1.5
1 0.0273797 0.0273797 0.0547594 0.0273797 1.5
1 0.0523079 0.0523079 0.0523079 0 2.75
1 0.0500468 0.0500468 0.0500468 0 1.33333
1 0.0500455 0.0500455 0.0500455 0 1.33333
1 0.0500448 0.0500448 0.0500448 0 1.33333
1 0.0487019 0.0487019 0.0487019 0 1.33333
1 0.0389077 0.0389077 0.0389077 0 1.5
1 0.0315815 0.0315815 0.0315815 0 1.33333
1 0.0243954 0.0243954 0.0243954 8e-09 1.5
1 0.0102182 0.0102182 0.0144717 0.00425355 1.5

5 23.9289 23.9289 23.9289 0 1.5
5 23.9289 23.9289 23.9289 0 1.5
12 2.39289 2.39289 9.57167 7.17878 1.5
12 2.21564 2.21564 9.42011 7.20448 1.5
6 19.9407 15.5458 17.0108 2.07178 1.5
10 9.3275 9.3275 9.3275 1.77636e-15 1.5
9 10.3639 10.3639 10.3639 0 1.5
5 18.655 0.00436072 14.9249 7.46026 1.5
1 45.1563 45.1563 45.1563 0 1.5
1 4.37875 4.37875 4.37875 0 1.5
1 3.24932 3.24932 3.24932 0 1.5
1 2.07479 2.07479 2.07479 0 1.5
1 1.96576 1.96576 1.96576 0 1.33333
1 0.961657 0.961657 0.961657 0 1.5
1 0.595496 0.595496 0.595496 0 1.5
1 0.460321 0.460321 0.460321 0 1.33333
1 0.387714 0.387714 0.387714 0 1.33333
1 0.340114 0.340114 0.340114 0 1.33333
1 0.340109 0.340109 0.340109 0 1.33333
1 0.278728 0.278728 0.278728 0 1.33333
1 0.272032 0.272032 0.272032 0 1.33333
1 0.0801705 0.0801705 0.141159 0.0609885 1.5
1 0.130564 0.130564 0.130564 0 1.5
1 0.0932459 0.0932459 0.0932459 0 1.33333
1 0.092252 0.092252 0.092252 0 1.5
1 0.0819857 0.0819857 0.0819857 5e-09 1.5
1 0.0790511 0.0790511 0.0790511 0 1.5
1 0.060086 0.060086 0.060086 0 1.33333
1 0.0547594 0.0547594 0.0547594 0 1.5
1 0.0523079 0.0523079 0.0523079 0 2.75
1 0.0500468 0.0500468 0.0500468 0 1.33333
1 0.0500455 0.0500455 0.0500455 0 1.33333
1 0.0500448 0.0500448 0.0500448 0 1.33333
1 0.0487019 0.0487019 0.0487019 0 1.33333
1 0.0394768 0.0394768 0.0397246 0.000247794 1.5
1 0.0194538 0.0194538 0.0389077 0.0194538 1.5
1 0.0322985 0.0322985 0.0322985 0 1.33333
1 0.0315815 0.0315815 0.0315815 0 1.33333
1 0.0102182 0.0102182 0.0144717 0.00425355 1.5
1 0.00247139 0.00247139 0.00258293 0.000111535 1.5
1 0.000111535 0.000111535 0.00022307 0.000111535 1.5
1 1e-08 1e-08 1e-08 0 1.33333
1 1e-08 1e-08 1e-08 0 1.33333
1 1e-08 1e-08 1e-08 0 1.33333
1 5e-09 5e-09 1e-08 5e-09 1.5

12 9.97037 9.97037 9.97037 1.77636e-15 1.5
12 9.97037 9.97037 9.97037 1.77636e-15 1.5
15 1.47709 1.47709 7.78167 6.30458 1.5
10 9.3275 9.3275 9.3275 1.77636e-15 1.5
6 15.5458 15.5458 15.5458 0 1.5
4 23.3188 23.3188 23.3188 0 1.5
9 10.3639 0.00242262 8.06135 4.30766 1.5
1 45.1563 45.1563 45.1563 0 1.5
1 4.37875 4.37875 4.37875 0 1.5
1 3.24932 3.24932 3.24932 0 1.5
1 2.07479 2.07479 2.07479 0 1.5
1 1.96576 1.96576 1.96576 0 1.33333
1 0.961657 0.961657 0.961657 0 1.5
1 0.595496 0.595496 0.595496 0 1.5
1 0.460321 0.460321 0.460321 0 1.33333
1 0.387714 0.387714 0.387714 0 1.33333
1 0.340114 0.340114 0.340114 0 1.33333
1 0.340109 0.340109 0.340109 0 1.33333
1 0.278728 0.278728 0.278728 0 1.33333
1 0.272032 0.272032 0.272032 0 1.33333
1 0.163971 0.163971 0.163971 0 1.5
1 0.0795115 0.0795115 0.148701 0.069189 1.5
1 0.11843 0.11843 0.11843 0 1.5
1 0.0981925 0.0981925 0.0981925 0 1.33333
1 0.0932459 0.0932459 0.0932459 0 1.33333
1 0.0790511 0.0790511 0.0790511 0 1.5
1 0.0400852 0.0400852 0.0705795 0.0304942 1.5
1 0.060086 0.060086 0.060086 0 1.33333
1 0.0547594 0.0547594 0.0547594 0 1.5
1 0.0523079 0.0523079 0.0523079 0 2.75
1 0.0500468 0.0500468 0.0500468 0 1.33333
1 0.0500455 0.0500455 0.0500455 0 1.33333
1 0.0500448 0.0500448 0.0500448 0 1.33333
1 0.0487019 0.0487019 0.0487019 0 1.33333
1 0.0186519 0.0186519 0.0453969 0.0267449 1.5
1 0.0389077 0.0389077 0.0389077 0 1.5
1 0.0315815 0.0315815 0.0315815 0 1.33333
1 0.0204363 0.0204363 0.0204363 0 1.5
1 0.00494278 0.00494278 0.00494278 0 1.5
1 0.00022307 0.00022307 0.00022307 0 1.5

