1 0.340129 0.340129 0.340129 0 0
1 0.0523015 0.0523015 0.0523015 0 2
1 1e-08 1e-08 1e-08 0 2
1 1e-08 1e-08 1e-08 0 2
1 1e-08 1e-08 1e-08 0 2

1 1.22061 1.22061 1.22061 0 1.5
19 0.00459639 0.00459634 0.0174176 0.0128212 0
1 0.086607 0.086607 0.086607 0 1.5
3 0.00275271 0.00275271 0.0174338 0.0146811 2
1 5e-09 5e-09 1e-08 5e-09 2
1 5e-09 5e-09 1e-08 5e-09 2
1 1e-08 1e-08 1e-08 0 2
1 1e-08 1e-08 1e-08 0 1.5
1 1e-08 1e-08 1e-08 0 1.5
1 1e-08 1e-08 1e-08 0 1.5
1 1e-08 1e-08 1e-08 0 1.5
1 1e-08 1e-08 1e-08 0 1.5

67 0.0419277 0.0162748 0.0185008 0.00382088 1.5
18 0.0113378 0.0113376 0.0188961 0.00755843 0
1 0.113331 0.113331 0.113331 0 1.33333
1 0.086607 0.086607 0.086607 0 1.5
2 0.0174338 0.0174338 0.0261507 0.00871692 2
1 1e-08 1e-08 1e-08 0 1.33333
1 1e-08 1e-08 1e-08 0 1.33333
1 1e-08 1e-08 1e-08 0 1.5
1 1e-08 1e-08 1e-08 0 1.33333
1 1e-08 1e-08 1e-08 0 1.5
1 1e-08 1e-08 1e-08 0 1.33333
1 1e-08 1e-08 1e-08 0 1.5
1 1e-08 1e-08 1e-08 0 1.33333
1 1e-08 1e-08 1e-08 0 1.5
1 1e-08 1e-08 1e-08 0 1.33333
1 1e-08 1e-08 1e-08 0 1.33333
1 5e-09 5e-09 1e-08 5e-09 1.5

43 0.023467 0.00910903 0.0294384 0.0193817 1.5
1 0.539647 0.539647 0.539647 0 1.33333
11 0.0103071 0.0103069 0.0309209 0.0206139 0
1 0.274459 0.274459 0.274459 0 1.33333
1 0.149501 0.149501 0.149501 0 1.33333
1 0.113331 0.113331 0.113331 0 1.33333
1 0.086607 0.086607 0.086607 0 1.5
1 0.0637471 0.0637471 0.0637471 0 1.33333
1 0.0174338 0.0174338 0.0523015 0.0348677 2
1 0.0440615 0.0440615 0.0440615 0 1.33333
1 1e-08 1e-08 1e-08 0 1.33333
1 1e-08 1e-08 1e-08 0 1.5
1 5e-09 5e-09 1e-08 5e-09 1.5
1 1e-08 1e-08 1e-08 0 1.5
1 1e-08 1e-08 1e-08 0 1.33333
1 1e-08 1e-08 1e-08 0 1.33333
1 1e-08 1e-08 1e-08 0 1.33333
1 1e-08 1e-08 1e-08 0 2
1 1e-08 1e-08 1e-08 0 1.33333
1 1e-08 1e-08 1e-08 0 1.5
1 1e-08 1e-08 1e-08 0 1.33333
1 1e-08 1e-08 1e-08 0 1.33333
1 5e-09 5e-09 1e-08 5e-09 1.5
1 1e-08 1e-08 1e-08 0 1.33333
1 5e-09 5e-09 1e-08 5e-09 1.5
1 1e-08 1e-08 1e-08 0 1.33333
1 1e-08 1e-08 1e-08 0 1.5
1 1e-08 1e-08 1e-08 0 1.33333
1 1e-08 1e-08 1e-08 0 1.5
1 1e-08 1e-08 1e-08 0 1.33333
1 1e-08 1e-08 1e-08 0 1.33333

43 0.0341802 0.0132675 0.0324196 0.0164088 1.5
12 0.0206644 0.016864 0.0346741 0.0172855 1.33333
10 0.0261641 0.0261638 0.0340131 0.00784914 0
1 0.320246 0.320246 0.320246 0 1.33333
1 0.149501 0.149501 0.149501 0 1.33333
1 0.113331 0.113331 0.113331 0 1.33333
1 0.109436 0.109436 0.109436 0 1.33333
1 0.086607 0.086607 0.086607 0 1.5
1 0.0637471 0.0637471 0.0637471 0 1.33333
1 0.0523241 0.0523241 0.0523241 0 1.33333
1 0.052308 0.052308 0.052308 0 1.33333
1 0.0523015 0.0523015 0.0523015 0 2.5
1 0.0440615 0.0440615 0.0440615 0 1.33333
1 0.0123489 0.0123489 0.0123489 0 1.33333
1 1e-08 1e-08 1e-08 0 1.33333
1 1e-08 1e-08 1e-08 0 1.33333
1 1e-08 1e-08 1e-08 0 1.33333
1 1e-08 1e-08 1e-08 0 1.33333
1 1e-08 1e-08 1e-08 0 1.5
1 1e-08 1e-08 1e-08 0 1.33333
1 1e-08 1e-08 1e-08 0 1.33333
1 1e-08 1e-08 1e-08 0 1.33333
1 1e-08 1e-08 1e-08 0 1.33333
1 1e-08 1e-08 1e-08 0 1.5
1 1e-08 1e-08 1e-08 0 1.33333
1 2.5e-09 2.5e-09 1e-08 7.5e-09 1.5
1 1e-08 1e-08 1e-08 0 1.33333
1 3.33333e-09 3.33333e-09 1e-08 6.66667e-09 1.5
1 1e-08 1e-08 1e-08 0 1.33333
1 1e-08 1e-08 1e-08 0 1.5
1 1e-08 1e-08 1e-08 0 1.33333
1 1e-08 1e-08 1e-08 0 1.33333
1 5e-09 5e-09 1e-08 5e-09 1.5
1 1e-08 1e-08 1e-08 0 1.33333
1 1e-08 1e-08 1e-08 0 2
1 1e-08 1e-08 1e-08 0 1.33333
1 1e-08 1e-08 1e-08 0 1.33333
1 1e-08 1e-08 1e-08 0 1.33333
1 5e-09 5e-09 1e-08 5e-09 1.5

42 0.0556551 0.0147813 0.0382435 0.0187111 1.5
10 0.03038 0.0256975 0.0395968 0.0135043 1.33333
8 0.0170067 0.0170067 0.0425165 0.0255098 0
1 0.33275 0.33275 0.33275 0 1.33333
1 0.274459 0.274459 0.274459 0 1.33333
4 0.0640492 2e-09 0.0463402 0.0268976 1.33333
1 0.149501 0.149501 0.149501 0 1.33333
1 0.113331 0.113331 0.113331 0 1.33333
1 0.086607 0.086607 0.086607 0 1.5
1 0.0801451 0.0801451 0.0801451 0 1.33333
1 0.0523241 0.0523241 0.0523241 0 1.33333
1 0.052308 0.052308 0.052308 0 1.33333
1 0.0523015 0.0523015 0.0523015 0 2.5
1 0.0440615 0.0440615 0.0440615 0 1.33333
1 0.0318736 0.0318736 0.0318736 5e-09 1.33333
1 0.0123489 0.0123489 0.0123489 0 1.33333
1 0.00295311 0.00295311 0.00515728 0.00220417 1.33333
1 1e-08 1e-08 1e-08 0 1.5
1 1e-08 1e-08 1e-08 0 1.33333
1 1e-08 1e-08 1e-08 0 2
1 1e-08 1e-08 1e-08 0 1.33333
1 1e-08 1e-08 1e-08 0 1.33333
1 1e-08 1e-08 1e-08 0 1.33333
1 1e-08 1e-08 1e-08 0 1.5
1 1e-08 1e-08 1e-08 0 1.5
1 1e-08 1e-08 1e-08 0 1.33333
1 1e-08 1e-08 1e-08 0 2
1 1e-08 1e-08 1e-08 0 1.5
1 1e-08 1e-08 1e-08 0 1.33333
1 1e-08 1e-08 1e-08 0 1.5
1 1e-08 1e-08 1e-08 0 1.33333
1 1e-08 1e-08 1e-08 0 1.5
1 1e-08 1e-08 1e-08 0 1.33333
1 1e-08 1e-08 1e-08 0 1.33333
1 1e-08 1e-08 1e-08 0 1.33333
1 5e-09 5e-09 1e-08 5e-09 1.33333
1 1e-08 1e-08 1e-08 0 1.5
1 1e-08 1e-08 1e-08 0 1.33333
1 5e-09 5e-09 1e-08 5e-09 1.33333
1 1e-08 1e-08 1e-08 0 1.33333
1 1e-08 1e-08 1e-08 0 1.33333

35 0.361379 0.0288781 0.0846991 0.0807186 1.5
1 1.37578 1.37578 1.37578 0 1.5
1 1.22054 1.22054 1.22054 0 1.5
5 0.0738636 0.0192731 0.087417 0.0604843 1.33333
4 0.0179017 0.0179017 0.0850332 0.0671314 0
1 0.339998 0.339998 0.339998 0 1.33333
1 0.297382 0.297382 0.297382 0 1.33333
2 0.0800615 0.0800615 0.115851 0.035789 1.33333
2 0.0548917 0.0548917 0.104225 0.0493331 1.33333
1 0.149501 0.149501 0.149501 0 1.33333
1 0.0369722 0.0369722 0.141388 0.104416 1.33333
1 0.113331 0.113331 0.113331 0 1.33333
1 0.109568 0.109568 0.109568 0 1.33333
1 0.106945 0.106945 0.106945 0 1.33333
1 0.086607 0.086607 0.086607 0 1.5
1 0.0637471 0.0637471 0.0637471 0 1.33333
1 0.0523241 0.0523241 0.0523241 0 1.33333
1 0.052308 0.052308 0.052308 0 1.33333
1 0.0261507 0.0261507 0.0523015 0.0261507 2
1 0.0440615 0.0440615 0.0440615 0 1.33333
1 0.0123489 0.0123489 0.0123489 0 1.33333
1 1e-08 1e-08 1e-08 0 1.5
1 1e-08 1e-08 1e-08 0 1.33333
1 1e-08 1e-08 1e-08 0 1.33333
1 1e-08 1e-08 1e-08 0 1.33333
1 1e-08 1e-08 1e-08 0 1.33333
1 5e-09 5e-09 1e-08 5e-09 1.5
1 1e-08 1e-08 1e-08 0 1.33333
1 1e-08 1e-08 1e-08 0 1.33333
1 1e-08 1e-08 1e-08 0 1.33333
1 1e-08 1e-08 1e-08 0 1.33333
1 1e-08 1e-08 1e-08 0 1.33333
1 1e-08 1e-08 1e-08 0 1.33333
1 1e-08 1e-08 1e-08 0 1.33333
1 1e-08 1e-08 1e-08 0 1.5
1 1e-08 1e-08 1e-08 0 1.33333
1 1e-08 1e-08 1e-08 0 2
1 1e-08 1e-08 1e-08 0 1.33333
1 1e-08 1e-08 1e-08 0 1.33333
1 1e-08 1e-08 1e-08 0 1.33333
1 5e-09 5e-09 1e-08 5e-09 1.5
1 1e-08 1e-08 1e-08 0 1.5
1 1e-08 1e-08 1e-08 0 1.33333
1 1e-08 1e-08 1e-08 0 2
1 1e-08 1e-08 1e-08 0 1.5
1 1e-08 1e-08 1e-08 0 1.33333
1 1e-08 1e-08 1e-08 0 1.5
1 1e-08 1e-08 1e-08 0 1.33333
1 1e-08 1e-08 1e-08 0 1.5
1 1e-08 1e-08 1e-08 0 1.33333
1 1e-08 1e-08 1e-08 0 1.33333
1 1e-08 1e-08 1e-08 0 1.33333
1 1e-08 1e-08 1e-08 0 1.33333

44 1.53579 0.0436747 0.160273 0.24755 1.5
13 1.9751 0.105829 0.249619 0.498103 1.5
7 0.0871815 0.0871815 0.174363 0.0871815 1.5
5 0.172348 0.053165 0.174922 0.062644 1.33333
2 0.0283444 0.0283444 0.170067 0.141722 0
1 0.33275 0.33275 0.33275 0 1.33333
1 0.327755 0.327755 0.327755 0 1.2
2 0.160123 0.160123 0.160123 0 1.33333
1 0.0849994 0.0849994 0.302215 0.217216 1.33333
1 0.297382 0.297382 0.297382 0 1.33333
1 0.137229 0.137229 0.274459 0.137229 1.33333
1 0.149501 0.149501 0.149501 0 1.33333
1 0.113921 0.113921 0.113921 0 1.33333
1 0.113331 0.113331 0.113331 0 1.33333
1 0.109568 0.109568 0.109568 0 1.33333
1 0.109078 0.109078 0.109078 0 1.5
1 0.106945 0.106945 0.106945 0 1.33333
1 0.086607 0.086607 0.086607 0 1.5
1 0.0637471 0.0637471 0.0637471 0 1.33333
1 0.0523241 0.0523241 0.0523241 0 1.33333
1 0.052308 0.052308 0.052308 0 1.33333
1 0.0261507 0.0261507 0.0523015 0.0261507 2
1 0.0522311 0.0522311 0.0522311 0 1.33333
1 0.0440615 0.0440615 0.0440615 0 1.33333
1 0.0123489 0.0123489 0.0123489 0 1.33333
1 0.000307345 0.000307345 0.000307345 0 1.5
1 1e-08 1e-08 1e-08 0 1.5
1 1e-08 1e-08 1e-08 0 1.33333
1 1e-08 1e-08 1e-08 0 1.5
1 1e-08 1e-08 1e-08 0 1.33333
1 1e-08 1e-08 1e-08 0 1.33333
1 1e-08 1e-08 1e-08 0 1.33333
1 1e-08 1e-08 1e-08 0 1.33333
1 1e-08 1e-08 1e-08 0 1.5

49 1.28578 0.0365649 0.223352 0.256642 1.5
14 0.917011 0.0491349 0.222252 0.307642 1.5
11 1.91196 0.00190105 0.269235 0.524202 1.25
5 0.0938878 0.0938878 0.225331 0.131443 1.5
2 0.413636 0.0655511 0.272437 0.177114 1.2
1 0.0850333 0.0850333 0.340133 0.2551 0
1 0.339998 0.339998 0.339998 0 1.33333
1 0.339974 0.339974 0.339974 0 1.33333
1 0.166375 0.166375 0.33275 0.166375 1.33333
1 0.160123 0.160123 0.320246 0.160123 1.33333
1 0.297382 0.297382 0.297382 0 1.33333
1 0.137229 0.137229 0.193887 0.0566579 1.33333
1 0.149501 0.149501 0.149501 0 1.33333
1 0.113921 0.113921 0.113921 0 1.33333
1 0.113331 0.113331 0.113331 0 1.33333
1 0.054539 0.054539 0.109078 0.054539 1.5
1 0.106945 0.106945 0.106945 0 1.33333
1 0.086607 0.086607 0.086607 0 1.5
1 0.0637471 0.0637471 0.0637471 0 1.33333
1 0.054784 0.054784 0.054784 5e-09 1.33333
1 0.0523241 0.0523241 0.0523241 0 1.33333
1 0.052308 0.052308 0.052308 0 1.33333
1 0.0523015 0.0523015 0.0523015 0 2.5
1 0.0522311 0.0522311 0.0522311 0 1.33333
1 0.0495909 0.0495909 0.0495909 5e-09 1.5

53 1.15184 0.0591335 0.305531 0.242946 1.5
23 0.855877 0.0458592 0.30435 0.372906 1.5
6 0.778945 0.0765992 0.302388 0.282289 1.33333
4 0.135616 0.135616 0.305135 0.16952 1.5
1 0.220095 0.220095 0.383032 0.162937 1.25
1 0.340133 0.340133 0.340133 0 0
1 0.339998 0.339998 0.339998 0 1.33333
1 0.339974 0.339974 0.339974 0 1.33333
1 0.33275 0.33275 0.33275 0 1.33333
1 0.320246 0.320246 0.320246 0 1.33333
1 0.297382 0.297382 0.297382 0 1.33333
1 0.274459 0.274459 0.274459 0 1.33333
1 0.149501 0.149501 0.149501 0 1.33333
1 0.113921 0.113921 0.113921 0 1.33333
1 0.113331 0.113331 0.113331 0 1.33333
1 0.113329 0.113329 0.113329 0 1.33333
1 0.109568 0.109568 0.109568 0 1.33333
1 0.109078 0.109078 0.109078 0 1.5
1 0.106945 0.106945 0.106945 0 1.33333

48 1.08409 0.167836 0.466776 0.271863 1.5
22 0.641907 0.0343944 0.476873 0.284177 1.5
6 1.91196 0.0400172 0.460504 0.654375 1.25
3 0.689393 0.689393 0.689393 0 1.25
1 1.77278 1.77278 1.77278 0 1.5
3 0.517045 0.517045 0.517045 8.33333e-10 1.25
2 0.152568 0.152568 0.610271 0.457703 1.5
1 0.845484 0.845484 0.845484 5e-09 1.5
1 0.340133 0.340133 0.340133 0 0
1 0.339998 0.339998 0.339998 0 1.33333
1 0.33275 0.33275 0.33275 0 1.33333
1 0.320246 0.320246 0.320246 0 1.33333
1 0.297382 0.297382 0.297382 0 1.33333
1 0.242094 0.242094 0.242094 0 1.33333
1 0.169987 0.169987 0.169987 5e-09 1.33333
1 0.113921 0.113921 0.113921 0 1.33333
1 0.113331 0.113331 0.113331 0 1.33333
1 0.113329 0.113329 0.113329 0 1.33333
1 0.109568 0.109568 0.109568 0 1.33333
1 0.109436 0.109436 0.109436 0 1.33333
1 0.109078 0.109078 0.109078 0 1.5
1 0.106945 0.106945 0.106945 0 1.33333
1 0.0453273 0.0453273 0.0453273 0 1.33333

52 1.12834 0.317128 0.620044 0.332731 1.5
28 0.641907 0.0371288 0.6206 0.133562 1.5
1 2.68546 2.68546 2.68546 0 1.5
2 0.142088 0.100229 0.850596 0.729738 1.25
1 1.69097 1.69097 1.69097 0 1.5
1 0.610271 0.610271 1.22054 0.610271 1.5
1 0.900373 0.900373 0.900373 0 1.33333
1 0.44019 0.44019 0.44019 0 1.25
1 0.340133 0.340133 0.340133 0 0
1 0.339998 0.339998 0.339998 0 1.33333
1 0.339974 0.339974 0.339974 0 1.33333
1 0.33275 0.33275 0.33275 0 1.33333
1 0.331107 0.331107 0.331107 0 1.33333
1 0.320246 0.320246 0.320246 0 1.33333
1 0.242094 0.242094 0.242094 0 1.33333
1 0.113921 0.113921 0.113921 0 1.33333
1 0.113331 0.113331 0.113331 0 1.33333
1 0.113329 0.113329 0.113329 0 1.33333
1 0.109568 0.109568 0.109568 0 1.33333
1 0.109436 0.109436 0.109436 0 1.33333
1 0.109078 0.109078 0.109078 0 1.5
1 0.106945 0.106945 0.106945 0 1.33333

55 1.09482 0.307709 0.778734 0.419676 1.5
29 0.458505 0.458505 0.796215 0.33771 1.5
2 1.63402 1.15264 1.39333 0.24069 1.25
1 1.69097 1.69097 1.69097 0 1.5
1 1.22054 1.22054 1.22054 0 1.5
1 0.895152 0.895152 1.11018 0.215027 1.5
1 0.900373 0.900373 0.900373 0 1.33333
1 0.44019 0.44019 0.44019 0 1.25
1 0.340133 0.340133 0.340133 0 0
1 0.339998 0.339998 0.339998 0 1.33333
1 0.339974 0.339974 0.339974 0 1.33333
1 0.33275 0.33275 0.33275 0 1.33333
1 0.331107 0.331107 0.331107 0 1.33333
1 0.320246 0.320246 0.320246 0 1.33333
1 0.242094 0.242094 0.242094 0 1.33333
1 0.231146 0.231146 0.231146 0 1.33333
1 0.155106 0.155106 0.155106 0 1.33333
1 0.152469 0.152469 0.152469 0 1.33333

59 0.863882 0.242801 0.923738 0.378287 1.5
27 0.61134 0.61134 0.915295 0.303954 1.5
2 1.63402 1.15264 1.39333 0.24069 1.25
1 2.68546 2.68546 2.68546 0 1.5
1 1.22054 1.22054 1.22054 0 1.5
1 0.900373 0.900373 0.900373 0 1.33333
1 0.845484 0.845484 0.845484 5e-09 1.5
1 0.44019 0.44019 0.44019 0 1.25
1 0.340133 0.340133 0.340133 0 0
1 0.339998 0.339998 0.339998 0 1.33333
1 0.339974 0.339974 0.339974 0 1.33333
1 0.33275 0.33275 0.33275 0 1.33333
1 0.331107 0.331107 0.331107 0 1.33333
1 0.325987 0.325987 0.325987 0 1.33333
1 0.320246 0.320246 0.320246 0 1.33333
1 0.242094 0.242094 0.242094 0 1.33333

69 0.987294 0.575308 1.18271 0.27665 1.5
21 0.570584 0.570584 1.19619 0.625602 1.5
2 1.63402 1.15264 1.39333 0.24069 1.25
1 1.34273 1.34273 1.49924 0.156509 1.5
1 1.22054 1.22054 1.22054 0 1.5
1 0.900373 0.900373 0.900373 0 1.33333
1 0.422742 0.422742 0.422742 7.5e-09 1.5
1 0.340133 0.340133 0.340133 0 0
1 0.339998 0.339998 0.339998 0 1.33333
1 0.33275 0.33275 0.33275 0 1.33333
1 0.328056 0.328056 0.328056 0 1.33333
1 0.325987 0.325987 0.325987 0 1.33333

74 0.73718 0.73718 1.38548 0.648299 1.5
18 1.22268 1.22268 1.42646 0.20378 1.5
2 1.63402 1.15264 1.39333 0.24069 1.25
1 2.68546 2.68546 2.68546 0 1.5
1 1.22054 1.22054 1.22054 0 1.5
1 0.900373 0.900373 0.900373 0 1.33333
1 0.422742 0.422742 0.422742 7.5e-09 1.5
1 0.340133 0.340133 0.340133 0 0
1 0.339998 0.339998 0.339998 0 1.33333
1 0.33275 0.33275 0.33275 0 1.33333

76 0.7134 0.7134 1.41908 0.705676 1.5
18 1.42646 1.42646 1.42646 4.44089e-16 1.5
1 2.68546 2.68546 2.68546 0 1.5
1 1.63402 1.63402 1.69803 0.064017 1.25
1 1.22054 1.22054 1.22054 0 1.5
1 0.900373 0.900373 0.900373 0 1.33333
1 0.845484 0.845484 0.845484 5e-09 1.5
1 0.340133 0.340133 0.340133 0 0
1 0.339998 0.339998 0.339998 0 1.33333

75 0.7134 0.7134 1.43095 0.71755 1.5
18 1.42646 1.42646 1.42646 4.44089e-16 1.5
1 3.26803 3.26803 3.26803 0 1.25
1 2.68546 2.68546 2.68546 0 1.5
1 1.22054 1.22054 1.22054 0 1.5
1 0.900373 0.900373 0.900373 0 1.33333
1 0.422742 0.422742 0.422742 7.5e-09 1.5
1 0.340133 0.340133 0.340133 0 0
1 0.339998 0.339998 0.339998 0 1.33333
1 0.329671 0.329671 0.329671 0 1.33333

75 0.742127 0.742127 1.41665 0.674518 1.5
18 1.42646 1.42646 1.42646 4.44089e-16 1.5
1 3.26803 3.26803 3.26803 0 1.25
1 2.68546 2.68546 2.68546 0 1.5
1 1.22054 1.22054 1.22054 0 1.5
1 0.900373 0.900373 0.900373 0 1.33333
1 0.340133 0.340133 0.340133 0 0
1 0.339998 0.339998 0.339998 0 1.33333
1 0.338194 0.338194 0.338194 8e-09 1.5
1 0.329671 0.329671 0.329671 0 1.33333

74 1.03096 0.773265 1.4675 0.691392 1.5
17 1.42646 1.42646 1.51037 0.0839095 1.5
1 3.26803 3.26803 3.26803 0 1.25
1 2.68546 2.68546 2.68546 0 1.5
1 1.22054 1.22054 1.22054 0 1.5
1 0.900373 0.900373 0.900373 0 1.33333
1 0.845484 0.845484 0.856725 0.0112402 1.5
1 0.340133 0.340133 0.340133 0 0
1 0.339998 0.339998 0.339998 0 1.33333
1 0.329671 0.329671 0.329671 0 1.33333
1 0.264183 0.264183 0.264183 0 1.33333
1 0.20284 0.20284 0.20284 0 1.33333

74 0.95732 0.718032 1.47829 0.757526 1.5
17 1.51037 1.51037 1.51037 4.44089e-16 1.5
1 3.26803 3.26803 3.26803 0 1.25
1 2.68546 2.68546 2.68546 0 1.5
1 1.69097 1.69097 1.69097 0 1.5
1 1.22054 1.22054 1.22054 0 1.5
1 0.900373 0.900373 0.900373 0 1.33333
1 0.340133 0.340133 0.340133 0 0
1 0.339998 0.339998 0.339998 0 1.33333
1 0.329671 0.329671 0.329671 0 1.33333
1 0.264183 0.264183 0.264183 0 1.33333
1 0.20284 0.20284 0.20284 0 1.33333

75 0.99613 0.747142 1.46165 0.709001 1.5
17 1.51037 1.51037 1.51037 4.44089e-16 1.5
1 3.26803 3.26803 3.26803 0 1.25
1 2.68546 2.68546 2.68546 0 1.5
1 1.22054 1.22054 1.22054 0 1.5
1 0.900373 0.900373 0.900373 0 1.33333
1 0.338194 0.338194 0.342261 0.00406776 1.5
1 0.340133 0.340133 0.340133 0 0
1 0.339998 0.339998 0.339998 0 1.33333
1 0.329671 0.329671 0.329671 0 1.33333
1 0.264183 0.264183 0.264183 0 1.33333

5 22.1154 22.1154 22.1154 0 1.5
31 1.07611 0.807131 3.46602 2.60899 1.5
5 22.1154 1.29154 17.9506 8.32954 1.5
7 1.51037 1.51037 3.66804 2.15767 1.5
1 3.26803 3.26803 3.26803 0 1.25
1 2.68546 2.68546 2.68546 0 1.5
1 1.22054 1.22054 1.22054 0 1.5
1 0.900373 0.900373 0.900373 0 1.33333
1 0.563656 0.563656 0.563656 6.66667e-09 1.5
1 0.340133 0.340133 0.340133 0 0
1 0.340131 0.340131 0.340131 0 1.33333
1 0.339998 0.339998 0.339998 0 1.33333
1 0.329671 0.329671 0.329671 0 1.33333
1 0.264183 0.264183 0.264183 0 1.33333
1 0.0513125 0.0513125 0.080028 0.0287155 1.5
1 0.0409376 0.0409376 0.0409376 0 1.33333
1 0.0408846 0.0408846 0.0408846 0 1.33333
1 7.12527e-05 7.12527e-05 7.12602e-05 7.5e-09 1.5
1 1e-08 1e-08 1e-08 0 1.33333
1 1e-08 1e-08 1e-08 0 1.33333
1 1e-08 1e-08 1e-08 0 1.33333
1 1e-08 1e-08 1e-08 0 1.33333
1 1e-08 1e-08 1e-08 0 1.5
1 1e-08 1e-08 1e-08 0 1.33333
1 1e-08 1e-08 1e-08 0 1.5
1 1e-08 1e-08 1e-08 0 1.33333
1 1e-08 1e-08 1e-08 0 1.33333
1 1e-08 1e-08 1e-08 0 1.33333
1 5e-09 5e-09 1e-08 5e-09 1.5
1 1e-08 1e-08 1e-08 0 1.33333
1 1e-08 1e-08 1e-08 0 1.33333
1 1e-08 1e-08 1e-08 0 1.33333
1 1e-08 1e-08 1e-08 0 1.33333
1 1e-08 1e-08 1e-08 0 1.33333

42 1.71427 1.28578 2.52944 1.18308 1.5
33 4.46749 0.195688 3.1655 0.99197 1.5
7 3.66804 3.66804 3.66804 0 1.5
1 3.26803 3.26803 3.26803 0 1.25
1 2.68546 2.68546 2.68546 0 1.5
1 1.22054 1.22054 1.22054 0 1.5
1 0.900373 0.900373 0.900373 0 1.33333
1 0.422742 0.422742 0.422742 7.5e-09 1.5
1 0.340133 0.340133 0.340133 0 0
1 0.340131 0.340131 0.340131 0 1.33333
1 0.339998 0.339998 0.339998 0 1.33333
1 0.329671 0.329671 0.329671 0 1.33333
1 0.270832 0.270832 0.270832 0 1.5
1 0.264183 0.264183 0.264183 0 1.33333
1 0.102625 0.102625 0.102625 0 1.5
1 0.0997847 0.0997847 0.0997847 0 1.33333
1 0.0409376 0.0409376 0.0409376 0 1.33333
1 0.0409354 0.0409354 0.0409354 0 1.33333
1 0.0408846 0.0408846 0.0408846 0 1.33333
1 0.0408508 0.0408508 0.0408508 0 1.33333
1 0.0405686 0.0405686 0.0405686 0 1.33333
1 0.00816193 0.00816193 0.00816193 0 1.5

30 4.91424 3.6859 3.93157 0.491338 1.5
13 8.50592 8.50592 8.50592 1.77636e-15 1.5
29 1.37782 1.03343 3.78404 2.61361 1.5
6 3.66804 3.66804 4.27938 0.61134 1.5
1 3.26803 3.26803 3.26803 0 1.25
1 2.68546 2.68546 2.68546 0 1.5
1 1.22054 1.22054 1.22054 0 1.5
1 0.900373 0.900373 0.900373 0 1.33333
1 0.563656 0.563656 0.563656 6.66667e-09 1.5
1 0.340133 0.340133 0.340133 0 0
1 0.340131 0.340131 0.340131 0 1.33333
1 0.339998 0.339998 0.339998 0 1.33333
1 0.329671 0.329671 0.329671 0 1.33333
1 0.0902775 0.0902775 0.270832 0.180555 1.5
1 0.264183 0.264183 0.264183 0 1.33333
1 0.102625 0.102625 0.102625 0 1.5
1 0.0997847 0.0997847 0.0997847 0 1.33333
1 0.0204688 0.0204688 0.0409376 0.0204688 1.33333
1 0.0409354 0.0409354 0.0409354 0 1.33333
1 0.0408846 0.0408846 0.0408846 0 1.33333
1 0.0408508 0.0408508 0.0408508 0 1.33333
1 0.0406128 0.0406128 0.0406128 0 1.33333
1 0.0405686 0.0405686 0.0405686 0 1.33333
1 0.00816193 0.00816193 0.00816193 0 1.5
1 0.00168073 0.00168073 0.00185367 0.000172946 1.5
1 0.000285011 0.000285011 0.000285011 0 1.5
1 1e-08 1e-08 1e-08 0 1.33333

10 14.7427 11.0577 14.3742 1.10551 1.5
28 1.84284 1.38221 4.18081 2.52895 1.5
26 1.84295 1.84295 4.18993 2.34699 1.5
6 4.27938 4.27938 4.27938 0 1.5
1 3.26803 3.26803 3.26803 0 1.25
1 2.68546 2.68546 2.68546 0 1.5
1 1.22054 1.22054 1.22054 0 1.5
1 0.900373 0.900373 0.900373 0 1.33333
1 0.845484 0.845484 0.86154 0.016056 1.5
1 0.340133 0.340133 0.340133 0 0
1 0.340131 0.340131 0.340131 0 1.33333
1 0.339998 0.339998 0.339998 0 1.33333
1 0.329671 0.329671 0.329671 0 1.33333
1 0.291514 0.291514 0.291514 0 1.33333
1 0.270832 0.270832 0.270832 0 1.5
1 0.264183 0.264183 0.264183 0 1.33333
1 0.170057 0.170057 0.22137 0.0513125 1.5
1 0.0997847 0.0997847 0.0997847 0 1.33333
1 0.0839641 0.0839641 0.0839641 0 1.33333
1 0.0475401 0.0475401 0.0475401 0 1.33333
1 0.0409376 0.0409376 0.0409376 0 1.33333
1 0.0409354 0.0409354 0.0409354 0 1.33333
1 0.0408846 0.0408846 0.0408846 0 1.33333
1 0.0408508 0.0408508 0.0408508 0 1.33333
1 0.0406128 0.0406128 0.0406128 0 1.33333
1 0.0405686 0.0405686 0.0405686 0 1.33333
1 0.00816193 0.00816193 0.00816193 0 1.5
1 0.00336145 0.00336145 0.00336145 0 1.5
1 5.70021e-05 5.70021e-05 0.000228011 0.000171008 1.5
1 1e-08 1e-08 1e-08 0 1.5
1 1e-08 1e-08 1e-08 0 1.33333
1 1e-08 1e-08 1e-08 0 1.33333
1 1e-08 1e-08 1e-08 0 1.33333
1 1e-08 1e-08 1e-08 0 1.5
1 1e-08 1e-08 1e-08 0 1.33333

22 5.89709 5.89709 6.43474 0.537648 1.5
21 1.77623 1.77623 6.26106 4.48483 1.5
17 3.813 3.813 6.50453 2.69153 1.5
1 110.577 110.577 110.577 0 1.5
6 18.4295 0.00136032 15.3581 6.86776 1.5
4 4.27938 4.27938 6.41907 2.13969 1.5
1 3.26803 3.26803 3.26803 0 1.25
1 2.68546 2.68546 2.68546 0 1.5
1 1.22054 1.22054 1.22054 0 1.5
1 0.900373 0.900373 0.900373 0 1.33333
1 0.563656 0.563656 0.563656 6.66667e-09 1.5
1 0.340133 0.340133 0.340133 0 0
1 0.340131 0.340131 0.340131 0 1.33333
1 0.339998 0.339998 0.339998 0 1.33333
1 0.329671 0.329671 0.329671 0 1.33333
1 0.291514 0.291514 0.291514 0 1.33333
1 0.264183 0.264183 0.264183 0 1.33333
1 0.113372 0.113372 0.203667 0.0902951 1.5
1 0.135416 0.135416 0.135416 5e-09 1.5
1 0.112292 0.112292 0.112292 0 1.33333
1 0.0997847 0.0997847 0.0997847 0 1.33333
1 0.0839641 0.0839641 0.0839641 0 1.33333
1 0.0475401 0.0475401 0.0475401 0 1.33333
1 0.0409376 0.0409376 0.0409376 0 1.33333
1 0.0408846 0.0408846 0.0408846 0 1.33333
1 0.0408508 0.0408508 0.0408508 0 1.33333
1 0.0406128 0.0406128 0.0406128 0 1.33333
1 0.0405686 0.0405686 0.0405686 0 1.33333
1 0.0204677 0.0204677 0.0337966 0.0133289 1.33333
1 0.00336145 0.00336145 0.00336145 0 1.5
1 0.000285011 0.000285011 0.000285011 0 1.5
1 1e-08 1e-08 1e-08 0 1.33333
1 1e-08 1e-08 1e-08 0 1.33333
1 1e-08 1e-08 1e-08 0 1.33333
1 1e-08 1e-08 1e-08 0 1.33333
1 1e-08 1e-08 1e-08 0 1.33333

33 1.69457 1.69457 4.13428 2.43971 1.5
29 3.13675 2.3527 4.1915 1.51194 1.5
2 55.2885 55.2885 55.2885 0 1.5
4 6.41907 6.41907 6.41907 0 1.5
1 3.26803 3.26803 3.26803 0 1.25
1 2.68546 2.68546 2.68546 0 1.5
1 1.22054 1.22054 1.22054 0 1.5
1 0.900373 0.900373 0.900373 0 1.33333
1 0.563656 0.563656 0.838787 0.275131 1.5
1 0.340133 0.340133 0.340133 0 0
1 0.340131 0.340131 0.340131 0 1.33333
1 0.340115 0.340115 0.340115 0 1.5
1 0.339998 0.339998 0.339998 0 1.33333
1 0.329671 0.329671 0.329671 0 1.33333
1 0.291514 0.291514 0.291514 0 1.33333
1 0.264183 0.264183 0.264183 0 1.33333
1 0.135416 0.135416 0.135416 5e-09 1.5
1 0.112292 0.112292 0.112292 0 1.33333
1 0.109271 0.109271 0.109271 0 1.33333
1 0.0997847 0.0997847 0.0997847 0 1.33333
1 0.0839641 0.0839641 0.0839641 0 1.33333
1 0.0475401 0.0475401 0.0475401 0 1.33333
1 0.0409376 0.0409376 0.0409376 0 1.33333
1 0.0409354 0.0409354 0.0409354 0 1.33333
1 0.0408846 0.0408846 0.0408846 0 1.33333
1 0.0408508 0.0408508 0.0408508 0 1.33333
1 0.0406128 0.0406128 0.0406128 0 1.33333
1 0.0202843 0.0202843 0.0202843 5e-09 1.33333
1 0.00408096 0.00408096 0.00816193 0.00408096 1.5
1 0.00168073 0.00168073 0.00168073 5e-09 1.5
1 0.000659527 0.000659527 0.000730785 7.12577e-05 1.5
1 1e-08 1e-08 1e-08 0 1.33333
1 1e-08 1e-08 1e-08 0 1.33333
1 1e-08 1e-08 1e-08 0 1.33333
1 1e-08 1e-08 1e-08 0 1.5
1 1e-08 1e-08 1e-08 0 1.33333
1 1e-08 1e-08 1e-08 0 1.5

14 10.5305 10.5305 10.5305 1.77636e-15 1.5
26 1.89009 1.89009 5.67028 3.78019 1.5
20 3.59579 2.697 5.88914 2.73461 1.5
10 11.0577 11.0577 11.0577 0 1.5
4 6.41907 6.41907 6.41907 0 1.5
1 3.26803 3.26803 3.26803 0 1.25
1 2.68546 2.68546 2.68546 0 1.5
1 1.22054 1.22054 1.22054 0 1.5
1 0.845484 0.845484 0.928283 0.0827984 1.5
1 0.900373 0.900373 0.900373 0 1.33333
1 0.340133 0.340133 0.340133 0 0
1 0.340131 0.340131 0.340131 0 1.33333
1 0.339998 0.339998 0.339998 0 1.33333
1 0.329671 0.329671 0.329671 0 1.33333
1 0.292419 0.292419 0.292419 0 1.33333
1 0.264183 0.264183 0.264183 0 1.33333
1 0.169797 0.169797 0.19024 0.0204423 1.33333
1 0.135416 0.135416 0.135416 5e-09 1.5
1 0.118211 0.118211 0.118211 5e-09 1.5
1 0.113372 0.113372 0.113389 1.76401e-05 1.5
1 0.112292 0.112292 0.112292 0 1.33333
1 0.109271 0.109271 0.109271 0 1.33333
1 0.0997847 0.0997847 0.0997847 0 1.33333
1 0.0839641 0.0839641 0.0839641 0 1.33333
1 0.0475401 0.0475401 0.0475401 0 1.33333
1 0.0409376 0.0409376 0.0409376 0 1.33333
1 0.0409376 0.0409376 0.0409376 0 1.33333
1 0.0409354 0.0409354 0.0409354 0 1.33333
1 0.0408508 0.0408508 0.0408508 0 1.33333
1 0.0406128 0.0406128 0.0406128 0 1.33333
1 0.0405686 0.0405686 0.0405686 0 1.33333
1 0.0390398 0.0390398 0.0390398 0 1.5

32 1.39082 1.39082 4.32424 2.93342 1.5
27 5.46027 0.0284296 4.866 1.68106 1.5
19 5.81984 5.81984 5.81984 2.66454e-15 1.5
4 6.41907 6.41907 6.41907 0 1.5
1 3.26803 3.26803 3.26803 0 1.25
1 2.68546 2.68546 2.68546 0 1.5
1 1.69097 1.69097 1.69097 0 1.5
1 1.22054 1.22054 1.22054 0 1.5
1 0.900373 0.900373 0.900373 0 1.33333
1 0.340133 0.340133 0.340133 0 0
1 0.340131 0.340131 0.340131 0 1.33333
1 0.339998 0.339998 0.339998 0 1.33333
1 0.339595 0.339595 0.339595 0 1.33333
1 0.329671 0.329671 0.329671 0 1.33333
1 0.292419 0.292419 0.292419 0 1.33333
1 0.270832 0.270832 0.270832 0 1.5
1 0.264183 0.264183 0.264183 0 1.33333
1 0.236423 0.236423 0.236423 0 1.5
1 0.170057 0.170057 0.170057 5e-09 1.5
1 0.112292 0.112292 0.112292 0 1.33333
1 0.109271 0.109271 0.109271 0 1.33333
1 0.0997847 0.0997847 0.0997847 0 1.33333
1 0.0839641 0.0839641 0.0839641 0 1.33333

8 18.4284 13.8221 17.2768 1.99458 1.5
26 1.30467 1.30467 5.20541 3.90075 1.5
18 8.1904 6.14316 6.48437 0.762961 1.5
16 6.91106 0.0439713 5.62398 2.67927 1.5
4 6.41907 6.41907 6.41907 0 1.5
1 3.26803 3.26803 3.26803 0 1.25
1 2.68546 2.68546 2.68546 0 1.5
1 1.22054 1.22054 1.22054 0 1.5
1 0.900373 0.900373 0.900373 0 1.33333
1 0.845484 0.845484 0.846326 0.000842138 1.5
1 0.340133 0.340133 0.340133 0 0
1 0.340131 0.340131 0.340131 0 1.33333
1 0.340006 0.340006 0.340006 0 1.33333
1 0.339998 0.339998 0.339998 0 1.33333
1 0.339595 0.339595 0.339595 0 1.33333
1 0.329671 0.329671 0.329671 0 1.33333
1 0.291514 0.291514 0.291514 0 1.33333
1 0.274928 0.274928 0.274928 0 1.33333
1 0.264183 0.264183 0.264183 0 1.33333
1 0.236423 0.236423 0.236423 0 1.5
1 0.170057 0.170057 0.170436 0.000379061 1.5
1 0.135416 0.135416 0.135416 5e-09 1.5
1 0.112292 0.112292 0.112292 0 1.33333
1 0.0997847 0.0997847 0.0997847 0 1.33333
1 0.0839641 0.0839641 0.0839641 0 1.33333
1 0.0546357 0.0546357 0.0546357 5e-09 1.33333
1 0.0524339 0.0524339 0.0524339 0 1.33333
1 0.00737155 0.00737155 0.00737155 0 1.33333
1 0.00408096 0.00408096 0.00408097 5e-09 1.5
1 1e-08 1e-08 1e-08 0 1.5
1 1e-08 1e-08 1e-08 0 1.33333
1 1e-08 1e-08 1e-08 0 1.33333
1 1e-08 1e-08 1e-08 0 1.5
1 1e-08 1e-08 1e-08 0 1.33333

21 7.02035 7.02035 7.02035 0 1.5
26 2.23375 2.23375 5.58505 3.3513 1.5
3 36.859 36.859 36.859 0 1.5
18 2.49877 1.87419 5.76515 3.76114 1.5
4 6.41907 6.41907 6.41907 0 1.5
1 3.26803 3.26803 3.26803 0 1.25
1 2.68546 2.68546 2.68546 0 1.5
1 1.69097 1.69097 1.69097 0 1.5
1 1.22054 1.22054 1.22054 0 1.5
1 0.900373 0.900373 0.900373 0 1.33333
1 0.340133 0.340133 0.340133 0 0
1 0.340131 0.340131 0.340131 0 1.33333
1 0.340006 0.340006 0.340006 0 1.33333
1 0.339998 0.339998 0.339998 0 1.33333
1 0.339595 0.339595 0.339595 0 1.33333
1 0.329671 0.329671 0.329671 0 1.33333
1 0.170057 0.170057 0.325845 0.155787 1.5
1 0.291514 0.291514 0.291514 0 1.33333
1 0.274928 0.274928 0.274928 0 1.33333
1 0.27097 0.27097 0.27097 0 1.5
1 0.270832 0.270832 0.270832 0 1.5
1 0.264183 0.264183 0.264183 0 1.33333
1 0.157588 0.157588 0.157588 0 1.33333
1 0.118211 0.118211 0.118211 5e-09 1.5
1 0.112292 0.112292 0.112292 0 1.33333
1 0.109271 0.109271 0.109271 0 1.33333
1 0.0997847 0.0997847 0.0997847 0 1.33333
1 0.0839641 0.0839641 0.0839641 0 1.33333
1 0.0524339 0.0524339 0.0524339 0 1.33333
1 0.0225431 0.0225431 0.0225431 0 1.33333
1 0.00816193 0.00816193 0.00816193 0 1.5
1 0.00737155 0.00737155 0.00737155 0 1.33333
1 1e-08 1e-08 1e-08 0 1.5
1 1e-08 1e-08 1e-08 0 1.33333

15 9.82848 9.82848 9.82848 1.77636e-15 1.5
25 2.34012 2.34012 5.80398 3.46387 1.5
23 3.35062 3.35062 5.75588 2.40526 1.5
18 5.02622 5.02622 5.86589 0.839669 1.5
4 6.41907 6.41907 6.41907 0 1.5
1 3.26803 3.26803 3.26803 0 1.25
1 2.68546 2.68546 2.68546 0 1.5
1 1.22054 1.22054 1.22054 0 1.5
1 0.900373 0.900373 0.900373 0 1.33333
1 0.845484 0.845484 0.845484 5e-09 1.5
1 0.340133 0.340133 0.340133 0 0
1 0.340131 0.340131 0.340131 0 1.33333
1 0.340006 0.340006 0.340006 0 1.33333
1 0.339998 0.339998 0.339998 0 1.33333
1 0.339595 0.339595 0.339595 0 1.33333
1 0.338572 0.338572 0.338572 0 1.33333
1 0.329671 0.329671 0.329671 0 1.33333
1 0.170057 0.170057 0.305542 0.135485 1.5
1 0.295293 0.295293 0.295293 5e-09 1.33333
1 0.292419 0.292419 0.292419 0 1.33333
1 0.264183 0.264183 0.264183 0 1.33333

4 36.8568 36.8568 36.8568 0 1.5
19 1.50436 1.50436 7.54515 6.04079 1.5
19 4.91424 4.91424 7.50307 2.58883 1.5
10 14.7427 3.0436 13.5728 3.50974 1.5
15 6.14316 6.14316 7.3718 1.22863 1.5
3 6.41907 6.41907 8.55877 2.13969 1.5
1 3.26803 3.26803 3.26803 0 1.25
1 2.68546 2.68546 2.68546 0 1.5
1 0.845484 0.845484 1.42714 0.581658 1.5
1 1.22054 1.22054 1.22054 0 1.5
1 0.900373 0.900373 0.900373 0 1.33333
1 0.590586 0.590586 0.590586 0 1.33333
1 0.340133 0.340133 0.340133 0 0
1 0.340131 0.340131 0.340131 0 1.33333
1 0.340115 0.340115 0.340115 0 1.5
1 0.340006 0.340006 0.340006 0 1.33333
1 0.339998 0.339998 0.339998 0 1.33333
1 0.339595 0.339595 0.339595 0 1.33333
1 0.338572 0.338572 0.338572 0 1.33333
1 0.329671 0.329671 0.329671 0 1.33333
1 0.291514 0.291514 0.291514 0 1.33333
1 0.264183 0.264183 0.264183 0 1.33333
1 0.0778936 0.0778936 0.0811076 0.00321397 1.5
1 0.00598282 0.00598282 0.00598282 0 1.33333
1 1e-08 1e-08 1e-08 0 1.5
1 1e-08 1e-08 1e-08 0 1.33333
1 1e-08 1e-08 1e-08 0 1.33333
1 1e-08 1e-08 1e-08 0 1.33333
1 1e-08 1e-08 1e-08 0 1.33333
1 1e-08 1e-08 1e-08 0 1.33333
1 1e-08 1e-08 1e-08 0 1.5
1 1e-08 1e-08 1e-08 0 1.33333
1 1e-08 1e-08 1e-08 0 1.33333
1 3.33333e-09 3.33333e-09 1e-08 6.66667e-09 1.5
1 1e-08 1e-08 1e-08 0 1.33333
1 1e-08 1e-08 1e-08 0 1.5
1 1e-08 1e-08 1e-08 0 1.33333

25 3.87967 3.87967 5.89709 2.01743 1.5
25 4.3361 4.3361 5.89709 1.56099 1.5
22 2.6805 2.6805 6.0847 3.40421 1.5
15 7.3718 7.3718 7.3718 0 1.5
3 8.55877 8.55877 8.55877 0 1.5
1 7.47591 7.47591 7.47591 0 1.33333
1 3.26803 3.26803 3.26803 0 1.25
1 2.68546 2.68546 2.68546 0 1.5
1 1.22054 1.22054 1.22054 0 1.5
1 0.967696 0.967696 0.967696 0 1.5
1 0.900373 0.900373 0.900373 0 1.33333
1 0.845484 0.845484 0.845484 5e-09 1.5
1 0.340133 0.340133 0.340133 0 0
1 0.340131 0.340131 0.340131 0 1.33333
1 0.340006 0.340006 0.340006 0 1.33333
1 0.339998 0.339998 0.339998 0 1.33333

1 147.427 147.427 147.427 0 1.5
14 10.5305 10.5305 10.5305 1.77636e-15 1.5
19 4.3361 4.3361 7.53618 3.20009 1.5
19 1.5357 1.5357 7.43935 5.90365 1.5
15 7.3718 7.3718 7.3718 0 1.5
3 8.55877 8.55877 8.55877 0 1.5
1 3.26803 3.26803 3.26803 0 1.25
1 2.68546 2.68546 2.68546 0 1.5
1 1.22054 1.22054 1.22054 0 1.5
1 0.967696 0.967696 0.967696 0 1.5
1 0.900373 0.900373 0.900373 0 1.33333
1 0.590586 0.590586 0.590586 0 1.33333
1 0.563656 0.563656 0.564218 0.000561429 1.5
1 0.340133 0.340133 0.340133 0 0
1 0.340006 0.340006 0.340006 0 1.33333
1 0.339998 0.339998 0.339998 0 1.33333
1 0.274199 0.274199 0.274199 5e-09 1.5
1 0.170065 0.170065 0.170065 5e-09 1.33333
1 0.108542 0.108542 0.108542 0 1.33333
1 0.0409353 0.0409353 0.0409353 0 1.33333
1 0.00816193 0.00816193 0.00816193 0 1.5
1 1e-08 1e-08 1e-08 0 1.33333
1 1e-08 1e-08 1e-08 0 1.5
1 1e-08 1e-08 1e-08 0 1.33333
1 1e-08 1e-08 1e-08 0 1.5
1 1e-08 1e-08 1e-08 0 1.33333
1 1e-08 1e-08 1e-08 0 1.33333
1 1e-08 1e-08 1e-08 0 1.33333
1 1e-08 1e-08 1e-08 0 1.5
1 1e-08 1e-08 1e-08 0 1.33333
1 5e-09 5e-09 1e-08 5e-09 1.5
1 5e-09 5e-09 1e-08 5e-09 1.5
1 1e-08 1e-08 1e-08 0 1.33333
1 1e-08 1e-08 1e-08 0 1.5
1 1e-08 1e-08 1e-08 0 1.33333
1 5e-09 5e-09 1e-08 5e-09 1.5

4 36.8568 36.8568 36.8568 0 1.5
9 16.3808 16.3808 16.3808 0 1.5
8 18.4284 18.4284 18.4284 3.55271e-15 1.5
19 1.40407 1.40407 7.61879 6.21472 1.5
14 7.3718 7.3718 7.89835 0.526557 1.5
3 8.55877 8.55877 8.55877 0 1.5
1 4.85877 4.85877 5.08426 0.225489 1.5
1 3.26803 3.26803 3.26803 0 1.25
1 2.68546 2.68546 2.68546 0 1.5
1 1.69097 1.69097 1.69097 0 1.5
1 1.22054 1.22054 1.22054 0 1.5
1 0.967696 0.967696 0.967696 0 1.5
1 0.900373 0.900373 0.900373 0 1.33333
1 0.590586 0.590586 0.590586 0 1.33333
1 0.340133 0.340133 0.340133 0 0
1 0.340131 0.340131 0.340131 0 1.33333
1 0.340006 0.340006 0.340006 0 1.33333
1 0.339998 0.339998 0.339998 0 1.33333
1 0.227969 0.227969 0.227969 0 1.33333
1 0.108542 0.108542 0.108542 0 1.33333
1 0.0778936 0.0778936 0.0955307 0.0176371 1.5
1 0.0716631 0.0716631 0.0716631 0 1.33333
1 0.0409353 0.0409353 0.0409353 0 1.33333
1 0.00272064 0.00272064 0.00544129 0.00272065 1.5
1 1e-08 1e-08 1e-08 0 1.5
1 1e-08 1e-08 1e-08 0 1.33333
1 1e-08 1e-08 1e-08 0 1.33333
1 1e-08 1e-08 1e-08 0 1.33333
1 1e-08 1e-08 1e-08 0 1.33333
1 1e-08 1e-08 1e-08 0 1.5
1 1e-08 1e-08 1e-08 0 1.33333
1 1e-08 1e-08 1e-08 0 1.33333
1 1e-08 1e-08 1e-08 0 1.5
1 1e-08 1e-08 1e-08 0 1.33333
1 1e-08 1e-08 1e-08 0 1.5
1 5e-09 5e-09 1e-08 5e-09 1.33333
1 1e-08 1e-08 1e-08 0 1.5
1 1e-08 1e-08 1e-08 0 1.33333
1 5e-09 5e-09 1e-08 5e-09 1.5
1 1e-08 1e-08 1e-08 0 1.5
1 1e-08 1e-08 1e-08 0 1.33333
1 1e-08 1e-08 1e-08 0 1.5
1 1e-08 1e-08 1e-08 0 1.33333
1 1e-08 1e-08 1e-08 0 1.33333
1 1e-08 1e-08 1e-08 0 1.33333
1 1e-08 1e-08 1e-08 0 1.33333
1 2.5e-09 2.5e-09 1e-08 7.5e-09 1.5
1 5e-09 5e-09 1e-08 5e-09 1.33333

2 73.7136 73.7136 73.7136 0 1.5
17 8.67219 6.50453 8.54468 0.510039 1.5
19 4.91424 4.91424 7.50205 2.58781 1.5
19 2.26811 2.26811 7.36399 5.09588 1.5
15 5.26557 5.26557 7.3718 2.10623 1.5
3 8.55877 8.55877 8.55877 0 1.5
1 8.09796 8.09796 8.09796 6.66667e-09 1.5
1 3.26803 3.26803 3.26803 0 1.25
1 2.68546 2.68546 2.68546 0 1.5
1 1.22054 1.22054 1.22054 0 1.5
1 0.967696 0.967696 0.967696 0 1.5
1 0.900373 0.900373 0.900373 0 1.33333
1 0.590586 0.590586 0.590586 0 1.33333
1 0.563656 0.563656 0.563656 6.66667e-09 1.5
1 0.340133 0.340133 0.340133 0 0
1 0.340131 0.340131 0.340131 0 1.33333
1 0.340006 0.340006 0.340006 0 1.33333
1 0.339998 0.339998 0.339998 0 1.33333
1 0.279138 0.279138 0.279138 0 1.33333
1 0.155787 0.155787 0.155787 5e-09 1.5
1 0.108542 0.108542 0.108542 0 1.33333
1 0.0716631 0.0716631 0.0716631 0 1.33333
1 0.0588983 0.0588983 0.0588983 0 1.33333
1 0.0409353 0.0409353 0.0409353 0 1.33333
1 0.0200394 0.0200394 0.0200394 0 1.5
1 0.0136784 0.0136784 0.0136784 0 1.5
1 0.00816193 0.00816193 0.00816193 0 1.5
1 0.00263811 0.00263811 0.00263811 0 1.5
1 1e-08 1e-08 1e-08 0 1.33333
1 1e-08 1e-08 1e-08 0 1.5
1 5e-09 5e-09 1e-08 5e-09 1.33333
1 1e-08 1e-08 1e-08 0 1.33333

19 5.46027 5.46027 7.75933 2.29906 1.5
19 2.07644 2.07644 7.75933 5.68289 1.5
8 18.4284 18.4284 18.4284 3.55271e-15 1.5
19 5.26526 5.26526 7.75933 2.49407 1.5
14 6.14316 6.14316 7.89835 1.75519 1.5
3 8.55877 8.55877 8.55877 0 1.5
1 24.2939 24.2939 24.2939 0 1.5
1 3.26803 3.26803 3.26803 0 1.25
1 2.68546 2.68546 2.68546 0 1.5
1 1.22054 1.22054 1.22054 0 1.5
1 0.657362 0.657362 1.10778 0.450417 1.5
1 0.967696 0.967696 0.967696 0 1.5
1 0.900373 0.900373 0.900373 0 1.33333
1 0.590586 0.590586 0.590586 0 1.33333
1 0.340133 0.340133 0.340133 0 0
1 0.340131 0.340131 0.340131 0 1.33333
1 0.340006 0.340006 0.340006 0 1.33333
1 0.339998 0.339998 0.339998 0 1.33333
1 0.311574 0.311574 0.311574 0 1.5
1 0.279138 0.279138 0.279138 0 1.33333
1 0.227969 0.227969 0.227969 0 1.33333
1 0.170057 0.170057 0.180077 0.0100197 1.5
1 0.108542 0.108542 0.108542 0 1.33333
1 0.0716631 0.0716631 0.0716631 0 1.33333
1 0.0409353 0.0409353 0.0409353 0 1.33333

19 3.87967 3.87967 7.75933 3.87967 1.5
19 3.51017 3.51017 7.75933 4.24916 1.5
18 2.83514 2.83514 8.03454 5.1994 1.5
15 8.67219 0.13456 8.11741 2.12971 1.5
14 7.89835 7.89835 7.89835 8.88178e-16 1.5
1 27.9658 27.9658 27.9658 0 1.33333
3 8.55877 8.55877 8.55877 0 1.5
1 24.2939 24.2939 24.2939 0 1.5
1 7.47591 7.47591 7.47591 0 1.33333
1 3.26803 3.26803 3.26803 0 1.25
1 2.68546 2.68546 2.68546 0 1.5
1 2.62945 2.62945 2.62945 0 1.5
1 1.22054 1.22054 1.22054 0 1.5
1 0.967696 0.967696 0.967696 0 1.5
1 0.900373 0.900373 0.900373 0 1.33333
1 0.340133 0.340133 0.340133 0 0
1 0.340131 0.340131 0.340131 0 1.33333
1 0.340115 0.340115 0.340115 0 1.5
1 0.340006 0.340006 0.340006 0 1.33333

1 147.427 147.427 147.427 0 1.5
16 5.67028 5.67028 9.2142 3.54392 1.5
15 3.68568 3.68568 9.62713 5.94145 1.5
15 2.6805 2.6805 9.30379 6.6233 1.5
15 5.26526 5.26526 9.13372 3.86846 1.5
12 7.89835 7.89835 9.21475 1.31639 1.5
2 8.55877 8.55877 12.8381 4.27938 1.5
1 24.2939 24.2939 24.2939 0 1.5
1 13.9829 13.9829 14.0097 0.0268253 1.33333
1 7.47591 7.47591 7.47591 0 1.33333
1 3.26803 3.26803 3.26803 0 1.25
1 2.68546 2.68546 2.68546 0 1.5
1 2.62945 2.62945 2.62945 0 1.5
1 1.22054 1.22054 1.22054 0 1.5
1 0.483848 0.483848 0.967696 0.483848 1.5
1 0.900373 0.900373 0.900373 0 1.33333
1 0.340133 0.340133 0.340133 0 0
1 0.340131 0.340131 0.340131 0 1.33333
1 0.340115 0.340115 0.340115 0 1.5
1 0.340006 0.340006 0.340006 0 1.33333
1 0.226849 0.226849 0.226849 0 1.5
1 0.113337 0.113337 0.113337 0 1.33333
1 0.113238 0.113238 0.113238 0 1.5
1 0.0768898 0.0768898 0.0768898 0 1.33333
1 0.0403293 0.0403293 0.0403293 0 1.33333
1 1e-08 1e-08 1e-08 0 1.33333
1 1e-08 1e-08 1e-08 0 1.33333
1 5e-09 5e-09 1e-08 5e-09 1.5
1 1e-08 1e-08 1e-08 0 1.33333
1 1e-08 1e-08 1e-08 0 1.33333
1 1e-08 1e-08 1e-08 0 1.33333
1 1e-08 1e-08 1e-08 0 1.33333

5 29.4855 29.4855 29.4855 0 1.5
15 3.51017 3.51017 9.60343 6.09325 1.5
15 8.67219 8.67219 9.53946 0.86727 1.5
15 4.91424 4.91424 9.52758 4.61334 1.5
14 2.94855 2.94855 9.90317 6.95463 1.5
10 11.0577 11.0577 11.0577 0 1.5
1 27.9658 27.9658 27.9658 0 1.33333
2 12.8381 12.8381 12.8381 0 1.5
1 24.2939 24.2939 24.2939 0 1.5
1 7.47591 7.47591 7.47591 0 1.33333
1 3.26803 3.26803 3.26803 0 1.25
1 2.68546 2.68546 2.68546 0 1.5
1 2.62945 2.62945 2.62945 0 1.5
1 1.22054 1.22054 1.22054 0 1.5
1 0.900373 0.900373 0.900373 0 1.33333
1 0.483848 0.483848 0.483848 5e-09 1.5
1 0.340133 0.340133 0.340133 0 0
1 0.340131 0.340131 0.340131 0 1.33333
1 0.340115 0.340115 0.340115 0 1.5
1 0.340006 0.340006 0.340006 0 1.33333
1 0.150399 0.150399 0.150399 0 1.33333
1 0.113425 0.113425 0.114744 0.00131905 1.5
1 0.113337 0.113337 0.113337 0 1.33333
1 0.113238 0.113238 0.113238 0 1.5
1 0.113184 0.113184 0.113184 0 1.33333
1 0.0768898 0.0768898 0.0768898 0 1.33333
1 0.0403293 0.0403293 0.0403293 0 1.33333
1 0.0288743 0.0288743 0.0288743 0 1.33333
1 0.011017 0.011017 0.011017 0 1.33333
1 1e-08 1e-08 1e-08 0 1.5
1 1e-08 1e-08 1e-08 0 1.33333
1 1e-08 1e-08 1e-08 0 1.33333

15 5.89709 5.89709 9.82848 3.93139 1.5
4 36.8568 36.8568 36.8568 0 1.5
15 3.20494 3.20494 9.61603 6.41108 1.5
15 4.0952 4.0952 9.56322 5.46802 1.5
15 4.6071 4.6071 9.52489 4.91778 1.5
10 11.0577 11.0577 11.0577 0 1.5
1 27.9658 27.9658 27.9658 0 1.33333
2 12.8381 12.8381 12.8381 0 1.5
1 24.2939 24.2939 24.2939 0 1.5
1 7.47591 7.47591 7.47591 0 1.33333
1 3.26803 3.26803 3.26803 0 1.25
1 2.68546 2.68546 2.68546 0 1.5
1 1.31472 1.31472 1.33027 0.0155462 1.5
1 1.22054 1.22054 1.22054 0 1.5
1 0.967696 0.967696 0.967696 0 1.5
1 0.900373 0.900373 0.900373 0 1.33333
1 0.208722 0.208722 0.378779 0.170057 1.5
1 0.340133 0.340133 0.340133 0 0
1 0.340131 0.340131 0.340131 0 1.33333
1 0.340083 0.340083 0.340083 0 1.33333
1 0.340006 0.340006 0.340006 0 1.33333
1 0.311574 0.311574 0.311574 0 1.5
1 0.150399 0.150399 0.150399 0 1.33333
1 0.113425 0.113425 0.114744 0.00131905 1.5
1 0.113337 0.113337 0.113337 0 1.33333
1 0.113238 0.113238 0.113238 0 1.5
1 0.113184 0.113184 0.113184 0 1.33333
1 0.0768898 0.0768898 0.0768898 0 1.33333
1 0.0584931 0.0584931 0.0584931 0 1.33333
1 0.0403293 0.0403293 0.0403293 0 1.33333
1 0.0317938 0.0317938 0.0317938 0 1.33333
1 0.0288743 0.0288743 0.0288743 0 1.33333

15 2.89073 2.89073 9.82848 6.93775 1.5
15 5.46027 5.46027 9.82848 4.36822 1.5
13 11.3406 11.3406 11.3406 1.77636e-15 1.5
15 7.75933 7.75933 9.52045 1.76112 1.5
15 4.75572 4.75572 9.5138 4.75808 1.5
10 11.0577 11.0577 11.0577 0 1.5
1 27.9658 27.9658 27.9658 0 1.33333
2 12.8381 12.8381 12.8381 0 1.5
1 12.1469 12.1469 12.1558 0.0089127 1.5
1 7.47591 7.47591 7.47591 0 1.33333
1 3.26803 3.26803 3.26803 0 1.25
1 2.68546 2.68546 2.68546 0 1.5
1 2.62945 2.62945 2.62945 0 1.5
1 2.62945 2.62945 2.62945 0 1.5
1 1.22054 1.22054 1.22054 0 1.5
1 1.18293 1.18293 1.18293 5e-09 1.5
1 0.967696 0.967696 0.967696 0 1.5
1 0.900373 0.900373 0.900373 0 1.33333
1 0.417443 0.417443 0.417443 0 1.5
1 0.340133 0.340133 0.340133 0 0
1 0.340131 0.340131 0.340131 0 1.33333
1 0.340083 0.340083 0.340083 0 1.33333
1 0.340006 0.340006 0.340006 0 1.33333

12 12.2856 12.2856 12.2856 0 1.5
18 1.71427 1.71427 8.05132 6.33705 1.5
18 2.78165 2.78165 7.88947 5.10782 1.5
5 29.4855 0.308928 23.6501 11.6706 1.5
10 11.0577 11.0577 11.0577 0 1.5
1 27.9658 27.9658 27.9658 0 1.33333
2 12.8381 12.8381 12.8381 0 1.5
1 24.2939 24.2939 24.2939 0 1.5
1 7.47591 7.47591 7.47591 0 1.33333
1 2.48758 2.48758 4.24054 1.75297 1.5
1 3.26803 3.26803 3.26803 0 1.25
1 2.68546 2.68546 2.68546 0 1.5
1 2.36586 2.36586 2.36586 0 1.5
1 1.22054 1.22054 1.22054 0 1.5
1 0.967696 0.967696 0.967696 0 1.5
1 0.900373 0.900373 0.900373 0 1.33333
1 0.417443 0.417443 0.417443 0 1.5
1 0.340133 0.340133 0.340133 0 0
1 0.340131 0.340131 0.340131 0 1.33333
1 0.340083 0.340083 0.340083 0 1.33333
1 0.340006 0.340006 0.340006 0 1.33333
1 0.0403295 0.0403295 0.0403295 0 1.33333
1 1e-08 1e-08 1e-08 0 1.5
1 1e-08 1e-08 1e-08 0 1.33333
1 1e-08 1e-08 1e-08 0 1.5
1 1e-08 1e-08 1e-08 0 1.5
1 1e-08 1e-08 1e-08 0 1.33333
1 1e-08 1e-08 1e-08 0 1.33333
1 1e-08 1e-08 1e-08 0 1.5
1 1e-08 1e-08 1e-08 0 1.33333
1 1e-08 1e-08 1e-08 0 1.5
1 1e-08 1e-08 1e-08 0 1.33333
1 1e-08 1e-08 1e-08 0 1.33333
1 5e-09 5e-09 1e-08 5e-09 1.5
1 5e-09 5e-09 1e-08 5e-09 1.5

10 14.7427 14.7427 14.7427 1.77636e-15 1.5
5 29.4855 29.4855 29.4855 0 1.5
2 73.7136 73.7136 73.7136 0 1.5
4 36.8568 36.8568 36.8568 0 1.5
11 2.6805 2.6805 12.9205 10.24 1.5
11 6.70124 6.70124 12.7962 6.09498 1.5
11 4.0952 4.0952 12.3044 8.20917 1.5
9 9.21475 9.21475 12.2863 3.07158 1.5
1 27.9658 27.9658 27.9658 0 1.33333
2 12.8381 12.8381 12.8381 0 1.5
1 24.2939 24.2939 24.2939 0 1.5
1 7.47591 7.47591 7.47591 0 1.33333
1 7.46273 7.46273 7.46273 0 1.5
1 3.26803 3.26803 3.26803 0 1.25
1 2.68546 2.68546 2.68546 0 1.5
1 1.18293 1.18293 2.36586 1.18293 1.5
1 1.22054 1.22054 1.22054 0 1.5
1 0.900373 0.900373 0.900373 0 1.33333
1 0.322565 0.322565 0.645341 0.322776 1.5
1 0.417443 0.417443 0.417443 0 1.5
1 0.397643 0.397643 0.397643 0 1.33333
1 0.340133 0.340133 0.340133 0 0
1 0.340083 0.340083 0.340083 0 1.33333
1 0.340006 0.340006 0.340006 0 1.33333
1 0.170065 0.170065 0.170065 5e-09 1.33333
1 0.113377 0.113377 0.113377 0 1.33333
1 0.0403295 0.0403295 0.0403295 0 1.33333
1 0.024481 0.024481 0.024481 5e-09 1.5
1 1e-08 1e-08 1e-08 0 1.33333
1 1e-08 1e-08 1e-08 0 1.33333
1 3.33333e-09 3.33333e-09 1e-08 6.66667e-09 1.5
1 5e-09 5e-09 1e-08 5e-09 1.5
1 1e-08 1e-08 1e-08 0 1.33333
1 1e-08 1e-08 1e-08 0 1.5
1 1e-08 1e-08 1e-08 0 1.33333
1 1e-08 1e-08 1e-08 0 1.33333
1 5e-09 5e-09 1e-08 5e-09 1.5
1 1e-08 1e-08 1e-08 0 1.5
1 1e-08 1e-08 1e-08 0 1.33333
1 1e-08 1e-08 1e-08 0 1.5
1 1e-08 1e-08 1e-08 0 1.33333
1 1e-08 1e-08 1e-08 0 1.33333
1 1e-08 1e-08 1e-08 0 1.5
1 1e-08 1e-08 1e-08 0 1.33333
1 1e-08 1e-08 1e-08 0 1.5

10 14.7427 14.7427 14.7427 1.77636e-15 1.5
5 29.4855 29.4855 29.4855 0 1.5
11 13.4025 13.4025 13.4025 0 1.5
13 2.20041 2.20041 11.3406 9.14015 1.5
13 7.02035 7.02035 10.8582 3.83788 1.5
12 7.37136 7.37136 11.0641 3.69274 1.5
9 12.2863 12.2863 12.2863 1.77636e-15 1.5
1 27.9658 27.9658 27.9658 0 1.33333
2 12.8381 12.8381 12.8381 0 1.5
1 24.2939 24.2939 24.2939 0 1.5
1 7.47591 7.47591 7.47591 0 1.33333
1 7.46273 7.46273 7.46273 0 1.5
1 3.26803 3.26803 3.26803 0 1.25
1 2.68546 2.68546 2.68546 0 1.5
1 2.36586 2.36586 2.36586 0 1.5
1 1.22054 1.22054 1.22054 0 1.5
1 0.967696 0.967696 0.967696 0 1.5
1 0.900373 0.900373 0.900373 0 1.33333
1 0.340133 0.340133 0.340133 0 0
1 0.340131 0.340131 0.340131 0 1.33333
1 0.340131 0.340131 0.340131 0 1.33333
1 0.340083 0.340083 0.340083 0 1.33333
1 0.340006 0.340006 0.340006 0 1.33333
1 0.139148 0.139148 0.259199 0.120051 1.5
1 0.113377 0.113377 0.113377 0 1.33333
1 0.113377 0.113377 0.113377 0 1.33333
1 0.0924551 0.0924551 0.0924551 0 1.33333
1 0.0453613 0.0453613 0.0722644 0.0269031 1.5
1 0.0495969 0.0495969 0.0495969 0 1.5
1 0.0489619 0.0489619 0.0489619 0 1.5
1 0.0403295 0.0403295 0.0403295 0 1.33333
1 0.0397769 0.0397769 0.0397769 0 1.33333
1 0.0340079 0.0340079 0.0340079 0 1.33333
1 1e-08 1e-08 1e-08 0 1.5

4 36.8568 36.8568 36.8568 0 1.5
5 29.4855 29.4855 29.4855 0 1.5
9 16.3808 16.3808 16.3808 0 1.5
1 147.427 147.427 147.427 0 1.5
1 147.427 147.427 147.427 0 1.5
10 3.20494 3.20494 14.7427 11.5378 1.5
10 5.26526 5.26526 14.5197 9.25443 1.5
10 3.13675 3.13675 14.127 10.9902 1.5
8 13.4025 10.0524 14.6596 4.03914 1.5
1 27.9658 27.9658 27.9658 0 1.33333
1 12.8381 12.8381 25.6763 12.8381 1.5
1 24.2939 24.2939 24.2939 0 1.5
1 7.46273 7.46273 7.46273 0 1.5
1 3.26803 3.26803 3.26803 0 1.25
1 2.68546 2.68546 2.68546 0 1.5
1 2.36586 2.36586 2.36586 0 1.5
1 1.22054 1.22054 1.22054 0 1.5
1 0.900373 0.900373 0.900373 0 1.33333
1 0.483848 0.483848 0.483848 5e-09 1.5
1 0.398752 0.398752 0.398752 0 1.5
1 0.340133 0.340133 0.340133 0 0
1 0.340131 0.340131 0.340131 0 1.33333
1 0.340131 0.340131 0.340131 0 1.33333
1 0.340083 0.340083 0.340083 0 1.33333
1 0.340005 0.340005 0.340005 0 1.33333
1 0.329424 0.329424 0.329424 0 1.33333
1 0.139148 0.139148 0.322299 0.183151 1.5
1 0.274928 0.274928 0.274928 0 1.33333
1 0.272102 0.272102 0.272102 0 1.33333
1 0.170003 0.170003 0.170003 5e-09 1.33333
1 0.138617 0.138617 0.138617 0 1.5
1 0.136084 0.136084 0.136084 0 1.5
1 0.113377 0.113377 0.113377 0 1.33333
1 0.113377 0.113377 0.113377 0 1.33333
1 0.0924551 0.0924551 0.0924551 0 1.33333
1 0.0489619 0.0489619 0.0489619 0 1.5
1 0.0403295 0.0403295 0.0403295 0 1.33333
1 0.0397769 0.0397769 0.0397769 0 1.33333
1 0.0340079 0.0340079 0.0340079 0 1.33333
1 0.0247985 0.0247985 0.0247985 5e-09 1.5
1 0.00597653 0.00597653 0.00597653 0 1.33333
1 1e-08 1e-08 1e-08 0 1.33333
1 5e-09 5e-09 1e-08 5e-09 1.5
1 1e-08 1e-08 1e-08 0 1.33333
1 1e-08 1e-08 1e-08 0 1.5
1 1e-08 1e-08 1e-08 0 1.33333
1 1e-08 1e-08 1e-08 0 1.5
1 1e-08 1e-08 1e-08 0 1.33333
1 1e-08 1e-08 1e-08 0 1.33333
1 5e-09 5e-09 1e-08 5e-09 1.5

12 12.2856 12.2856 12.2856 0 1.5
6 24.5712 24.5712 24.5712 0 1.5
13 9.82848 9.82848 11.3406 1.51207 1.5
13 5.26526 5.26526 10.9376 5.6723 1.5
13 7.75933 7.75933 10.8288 3.06949 1.5
12 3.87967 3.87967 10.8379 6.95823 1.5
6 18.4295 18.4295 18.4295 0 1.5
1 27.9658 27.9658 27.9658 0 1.33333
1 25.6763 25.6763 25.6763 0 1.5
1 24.2939 24.2939 24.2939 0 1.5
1 7.46273 7.46273 7.46273 0 1.5
1 3.73796 3.73796 3.73796 5e-09 1.33333
1 3.26803 3.26803 3.26803 0 1.25
1 2.68546 2.68546 2.68546 0 1.5
1 2.36586 2.36586 2.36586 0 1.5
1 1.22054 1.22054 1.22054 0 1.5
1 0.900373 0.900373 0.900373 0 1.33333
1 0.483848 0.483848 0.483848 5e-09 1.5
1 0.417443 0.417443 0.417443 0 1.5
1 0.398752 0.398752 0.398752 0 1.5
1 0.340133 0.340133 0.340133 0 0
1 0.340131 0.340131 0.340131 0 1.33333
1 0.340131 0.340131 0.340131 0 1.33333
1 0.340121 0.340121 0.340121 0 1.33333
1 0.340115 0.340115 0.340115 0 1.5
1 0.340083 0.340083 0.340083 0 1.33333
1 0.340006 0.340006 0.340006 0 1.33333
1 0.170002 0.170002 0.340005 0.170002 1.33333
1 0.329424 0.329424 0.329424 0 1.33333
1 0.272102 0.272102 0.272102 0 1.33333
1 0.138617 0.138617 0.138617 0 1.5
1 0.136084 0.136084 0.136084 0 1.5
1 0.113377 0.113377 0.113377 0 1.33333

13 5.0837 5.0837 11.3406 6.25686 1.5
3 49.1424 49.1424 49.1424 0 1.5
8 18.4284 18.4284 18.4284 3.55271e-15 1.5
13 3.20494 3.20494 11.1083 7.90338 1.5
12 6.1428 6.1428 11.7863 5.64355 1.5
12 3.59579 3.59579 11.7495 8.15368 1.5
6 18.4295 18.4295 18.4295 0 1.5
1 27.9658 27.9658 27.9658 0 1.33333
1 25.6763 25.6763 25.6763 0 1.5
1 24.2939 24.2939 24.2939 0 1.5
1 7.47591 7.47591 7.47591 0 1.33333
1 7.46273 7.46273 7.46273 0 1.5
1 3.26803 3.26803 3.26803 0 1.25
1 2.68546 2.68546 2.68546 0 1.5
1 1.18293 1.18293 2.36586 1.18293 1.5
1 1.22054 1.22054 1.22054 0 1.5
1 0.967696 0.967696 0.967696 0 1.5
1 0.900373 0.900373 0.900373 0 1.33333
1 0.199376 0.199376 0.398752 0.199376 1.5
1 0.139148 0.139148 0.356377 0.21723 1.5
1 0.340133 0.340133 0.340133 0 0
1 0.340131 0.340131 0.340131 0 1.33333
1 0.340131 0.340131 0.340131 0 1.33333
1 0.340121 0.340121 0.340121 0 1.33333
1 0.340083 0.340083 0.340083 0 1.33333
1 0.340006 0.340006 0.340006 0 1.33333
1 0.340005 0.340005 0.340005 0 1.33333
1 0.329424 0.329424 0.329424 0 1.33333
1 0.136084 0.136084 0.136084 0 1.5
1 0.113377 0.113377 0.113377 0 1.33333
1 0.111996 0.111996 0.111996 0 1.33333
1 0.10074 0.10074 0.10074 0 1.33333
1 0.0693083 0.0693083 0.0693083 5e-09 1.5
1 0.0306593 0.0306593 0.0306593 0 1.33333
1 0.0146878 0.0146878 0.0146878 0 1.33333
1 0.00816193 0.00816193 0.00816193 0 1.5
1 0.00277287 0.00277287 0.00277287 0 1.5
1 1e-08 1e-08 1e-08 0 1.33333
1 1e-08 1e-08 1e-08 0 1.5
1 1e-08 1e-08 1e-08 0 1.33333
1 1e-08 1e-08 1e-08 0 1.33333

2 73.7136 73.7136 73.7136 0 1.5
6 24.5712 24.5712 24.5712 0 1.5
12 4.21221 4.21221 12.2856 8.0734 1.5
12 12.2856 12.2856 12.2856 0 1.5
12 6.40988 6.40988 12.2856 5.87572 1.5
11 4.6071 4.6071 12.6442 8.03714 1.5
11 5.0837 5.0837 12.4968 7.4131 1.5
6 18.4295 18.4295 18.4295 0 1.5
1 27.9658 27.9658 27.9658 0 1.33333
1 25.6763 25.6763 25.6763 0 1.5
1 12.1469 12.1469 12.7989 0.651969 1.5
1 7.47591 7.47591 7.47591 0 1.33333
1 7.46273 7.46273 7.46273 0 1.5
1 5.45162 5.45162 5.45162 0 1.5
1 3.26803 3.26803 3.26803 0 1.25
1 2.68546 2.68546 2.68546 0 1.5
1 2.36586 2.36586 2.36586 0 1.5
1 1.22054 1.22054 1.22054 0 1.5
1 0.900373 0.900373 0.900373 0 1.33333
1 0.483848 0.483848 0.483848 5e-09 1.5
1 0.417443 0.417443 0.417443 0 1.5
1 0.398752 0.398752 0.398752 0 1.5
1 0.340133 0.340133 0.340133 0 0
1 0.340131 0.340131 0.340131 0 1.33333
1 0.340131 0.340131 0.340131 0 1.33333
1 0.340121 0.340121 0.340121 0 1.33333
1 0.340083 0.340083 0.340083 0 1.33333
1 0.340006 0.340006 0.340006 0 1.33333
1 0.340005 0.340005 0.340005 0 1.33333
1 0.329424 0.329424 0.329424 0 1.33333
1 0.272102 0.272102 0.272102 0 1.33333
1 0.226849 0.226849 0.226849 0 1.5
1 0.146381 0.146381 0.146381 0 1.33333
1 0.138617 0.138617 0.138617 0 1.5
1 0.136084 0.136084 0.136084 0 1.5
1 0.113377 0.113377 0.113377 0 1.33333
1 0.111996 0.111996 0.111996 0 1.33333

3 49.1424 49.1424 49.1424 0 1.5
6 24.5712 24.5712 24.5712 0 1.5
9 5.89709 5.89709 16.3808 10.4837 1.5
9 13.4025 13.4025 16.3808 2.97833 1.5
9 13.4025 13.4025 16.3808 2.97833 1.5
1 147.427 147.427 147.427 0 1.5
9 4.91424 4.91424 15.8377 10.9235 1.5
9 6.40988 6.40988 15.6722 9.26235 1.5
8 5.0837 5.0837 16.5414 11.4577 1.5
6 18.4295 18.4295 18.4295 0 1.5
1 27.9658 27.9658 27.9658 0 1.33333
1 25.6763 25.6763 25.6763 0 1.5
1 24.2939 24.2939 24.2939 0 1.5
1 7.47591 7.47591 7.47591 0 1.33333
1 5.45162 5.45162 5.45162 0 1.5
1 3.26803 3.26803 3.26803 0 1.25
1 2.68546 2.68546 2.68546 0 1.5
1 2.48758 2.48758 2.4914 0.00381914 1.5
1 1.18293 1.18293 1.44533 0.262401 1.5
1 1.22054 1.22054 1.22054 0 1.5
1 0.900373 0.900373 0.900373 0 1.33333
1 0.483848 0.483848 0.483848 5e-09 1.5
1 0.398752 0.398752 0.398752 0 1.5
1 0.208722 0.208722 0.378779 0.170057 1.5
1 0.340133 0.340133 0.340133 0 0
1 0.340131 0.340131 0.340131 0 1.33333
1 0.340131 0.340131 0.340131 0 1.33333
1 0.340121 0.340121 0.340121 0 1.33333
1 0.340083 0.340083 0.340083 0 1.33333
1 0.340006 0.340006 0.340006 0 1.33333
1 0.340005 0.340005 0.340005 0 1.33333
1 0.339871 0.339871 0.339871 0 1.33333
1 0.329424 0.329424 0.329424 0 1.33333
1 0.272102 0.272102 0.272102 0 1.33333
1 0.226849 0.226849 0.226849 0 1.5
1 0.146381 0.146381 0.146381 0 1.33333
1 0.0693083 0.0693083 0.138617 0.0693083 1.5
1 0.113377 0.113377 0.113377 0 1.33333
1 0.111996 0.111996 0.111996 0 1.33333
1 0.0680419 0.0680419 0.101558 0.0335162 1.5
1 0.0922821 0.0922821 0.0922821 0 1.33333
1 0.0697138 0.0697138 0.0697138 0 1.33333

10 7.02035 7.02035 14.7427 7.72238 1.5
1 147.427 147.427 147.427 0 1.5
10 10.5305 10.5305 14.7427 4.21221 1.5
8 18.4284 18.4284 18.4284 3.55271e-15 1.5
7 21.061 21.061 21.061 3.55271e-15 1.5
10 2.89073 2.89073 14.4643 11.5736 1.5
9 5.26526 5.26526 15.7999 10.5346 1.5
9 9.2142 9.2142 15.3776 6.16338 1.5
6 18.4295 18.4295 18.4295 0 1.5
1 45.6151 45.6151 45.6151 0 1.5
1 27.9658 27.9658 27.9658 0 1.33333
1 25.6763 25.6763 25.6763 0 1.5
1 24.2939 24.2939 24.2939 0 1.5
1 7.47591 7.47591 7.47591 0 1.33333
1 7.46273 7.46273 7.46273 0 1.5
1 5.45162 5.45162 5.45162 0 1.5
1 3.26803 3.26803 3.26803 0 1.25
1 2.68546 2.68546 2.68546 0 1.5
1 2.36586 2.36586 2.36586 0 1.5
1 1.22054 1.22054 1.22054 0 1.5
1 0.900373 0.900373 0.900373 0 1.33333
1 0.483848 0.483848 0.483848 5e-09 1.5
1 0.417443 0.417443 0.417443 0 1.5
1 0.398752 0.398752 0.398752 0 1.5
1 0.340133 0.340133 0.340133 0 0
1 0.340131 0.340131 0.340131 0 1.33333
1 0.340131 0.340131 0.340131 0 1.33333
1 0.340121 0.340121 0.340121 0 1.33333
1 0.340083 0.340083 0.340083 0 1.33333
1 0.340006 0.340006 0.340006 0 1.33333
1 0.340005 0.340005 0.340005 0 1.33333
1 0.339871 0.339871 0.339871 0 1.33333
1 0.329424 0.329424 0.329424 0 1.33333
1 0.226849 0.226849 0.226849 0 1.5
1 0.146381 0.146381 0.146381 0 1.33333
1 0.138617 0.138617 0.138617 0 1.5
1 0.136084 0.136084 0.136084 0 1.5
1 0.113367 0.113367 0.113367 0 1.33333
1 0.111996 0.111996 0.111996 0 1.33333
1 0.10074 0.10074 0.10074 0 1.33333

10 14.7427 14.7427 14.7427 1.77636e-15 1.5
10 14.7427 14.7427 14.7427 1.77636e-15 1.5
5 29.4855 29.4855 29.4855 0 1.5
9 16.3808 16.3808 16.3808 0 1.5
7 21.061 21.061 21.061 3.55271e-15 1.5
10 4.0952 4.0952 14.3366 10.2414 1.5
10 2.49877 2.49877 14.0163 11.5175 1.5
9 16.3808 5.06835 15.1239 3.55516 1.5
6 18.4295 18.4295 18.4295 0 1.5
1 27.9658 27.9658 27.9658 0 1.33333
1 25.6763 25.6763 25.6763 0 1.5
1 24.2939 24.2939 24.2939 0 1.5
1 7.47591 7.47591 7.47591 0 1.33333
1 7.46273 7.46273 7.46273 0 1.5
1 5.45162 5.45162 5.45162 0 1.5
1 3.26803 3.26803 3.26803 0 1.25
1 2.68546 2.68546 2.68546 0 1.5
1 2.36586 2.36586 2.36586 0 1.5
1 1.22054 1.22054 1.22054 0 1.5
1 0.967696 0.967696 0.967696 0 1.5
1 0.900373 0.900373 0.900373 0 1.33333
1 0.417443 0.417443 0.417443 0 1.5
1 0.398752 0.398752 0.398752 0 1.5
1 0.340133 0.340133 0.340133 0 0
1 0.340131 0.340131 0.340131 0 1.33333
1 0.340131 0.340131 0.340131 0 1.33333
1 0.340121 0.340121 0.340121 0 1.33333
1 0.340083 0.340083 0.340083 0 1.33333
1 0.340006 0.340006 0.340006 0 1.33333
1 0.340005 0.340005 0.340005 0 1.33333
1 0.339871 0.339871 0.339871 0 1.33333
1 0.329424 0.329424 0.329424 0 1.33333
1 0.272102 0.272102 0.272102 0 1.33333
1 0.226849 0.226849 0.226849 0 1.5

10 14.7427 14.7427 14.7427 1.77636e-15 1.5
10 14.7427 14.7427 14.7427 1.77636e-15 1.5
5 29.4855 29.4855 29.4855 0 1.5
9 16.3808 16.3808 16.3808 0 1.5
7 21.061 21.061 21.061 3.55271e-15 1.5
9 2.63263 2.63263 16.0905 13.4578 1.5
9 3.59579 3.59579 15.9833 12.3875 1.5
9 12.2856 12.2856 15.4381 3.1525 1.5
6 18.4295 18.4295 18.4295 0 1.5
1 86.2247 86.2247 86.2247 0 1.5
1 27.9658 27.9658 27.9658 0 1.33333
1 25.6763 25.6763 25.6763 0 1.5
1 24.2939 24.2939 24.2939 0 1.5
1 5.45162 5.45162 5.45162 0 1.5
1 3.73137 3.73137 4.67637 0.945001 1.5
1 3.26803 3.26803 3.26803 0 1.25
1 2.68546 2.68546 2.68546 0 1.5
1 2.36586 2.36586 2.36586 0 1.5
1 1.22054 1.22054 1.22054 0 1.5
1 0.900373 0.900373 0.900373 0 1.33333
1 0.590586 0.590586 0.590586 0 1.33333
1 0.417443 0.417443 0.417443 0 1.5
1 0.398752 0.398752 0.398752 0 1.5
1 0.340133 0.340133 0.340133 0 0
1 0.340131 0.340131 0.340131 0 1.33333
1 0.340121 0.340121 0.340121 0 1.33333
1 0.340083 0.340083 0.340083 0 1.33333
1 0.340006 0.340006 0.340006 0 1.33333
1 0.340005 0.340005 0.340005 0 1.33333
1 0.339871 0.339871 0.339871 0 1.33333
1 0.329424 0.329424 0.329424 0 1.33333
1 0.322565 0.322565 0.322565 6.66667e-09 1.5
1 0.272102 0.272102 0.272102 0 1.33333
1 0.155787 0.155787 0.192865 0.0370774 1.5
1 0.170065 0.170065 0.170065 5e-09 1.33333
1 0.113425 0.113425 0.113872 0.00044708 1.5

6 24.5712 24.5712 24.5712 0 1.5
9 16.3808 16.3808 16.3808 0 1.5
9 16.3808 16.3808 16.3808 0 1.5
9 16.3808 16.3808 16.3808 0 1.5
7 21.061 21.061 21.061 3.55271e-15 1.5
8 18.4284 18.4284 18.4284 3.55271e-15 1.5
9 2.83514 2.83514 15.7547 12.9195 1.5
9 3.59579 3.59579 15.5858 11.99 1.5
6 18.4295 18.4295 18.4295 0 1.5
1 86.2247 86.2247 86.2247 0 1.5
1 27.9658 27.9658 27.9658 0 1.33333
1 25.6763 25.6763 25.6763 0 1.5
1 24.2939 24.2939 24.2939 0 1.5
1 7.47591 7.47591 7.47591 0 1.33333
1 7.46273 7.46273 7.46273 0 1.5
1 3.26803 3.26803 3.26803 0 1.25
1 2.68546 2.68546 2.68546 0 1.5
1 2.36586 2.36586 2.36586 0 1.5
1 1.09032 1.09032 1.84565 0.755326 1.5
1 1.22054 1.22054 1.22054 0 1.5
1 0.967696 0.967696 0.967696 0 1.5
1 0.900373 0.900373 0.900373 0 1.33333
1 0.417443 0.417443 0.417443 0 1.5
1 0.398752 0.398752 0.398752 0 1.5
1 0.340133 0.340133 0.340133 0 0
1 0.340131 0.340131 0.340131 0 1.33333
1 0.340131 0.340131 0.340131 0 1.33333
1 0.340121 0.340121 0.340121 0 1.33333
1 0.340083 0.340083 0.340083 0 1.33333
1 0.340006 0.340006 0.340006 0 1.33333
1 0.340005 0.340005 0.340005 0 1.33333
1 0.339871 0.339871 0.339871 0 1.33333
1 0.329424 0.329424 0.329424 0 1.33333
1 0.311574 0.311574 0.311574 0 1.5
1 0.272102 0.272102 0.272102 0 1.33333
1 0.226849 0.226849 0.226849 0 1.5
1 0.0484196 0.0484196 0.0968391 0.0484196 1.5
1 0.0408338 0.0408338 0.0408338 0 1.5

9 14.7427 14.7427 16.3808 1.63808 1.5
9 16.3808 16.3808 16.3808 0 1.5
9 16.3808 16.3808 16.3808 0 1.5
9 16.3808 16.3808 16.3808 0 1.5
9 3.20494 3.20494 16.3808 13.1759 1.5
7 21.061 21.061 21.061 3.55271e-15 1.5
8 18.4284 18.4284 18.4284 3.55271e-15 1.5
9 3.13675 3.13675 15.6846 12.5479 1.5
6 18.4295 18.4295 18.4295 0 1.5
1 86.2247 86.2247 86.2247 0 1.5
2 34.6539 12.1469 23.4004 11.2535 1.5
1 27.9658 27.9658 27.9658 0 1.33333
1 25.6763 25.6763 25.6763 0 1.5
1 5.45162 5.45162 5.45162 0 1.5
1 2.48758 2.48758 3.39634 0.908762 1.5
1 3.26803 3.26803 3.26803 0 1.25
1 2.68546 2.68546 2.68546 0 1.5
1 2.36586 2.36586 2.36586 0 1.5
1 0.76321 0.76321 1.52642 0.76321 1.5
1 1.22054 1.22054 1.22054 0 1.5
1 0.967696 0.967696 0.967696 0 1.5
1 0.900373 0.900373 0.900373 0 1.33333
1 0.590586 0.590586 0.590586 0 1.33333
1 0.417443 0.417443 0.417443 0 1.5
1 0.199376 0.199376 0.398752 0.199376 1.5
1 0.340133 0.340133 0.340133 0 0
1 0.340131 0.340131 0.340131 0 1.33333
1 0.340131 0.340131 0.340131 0 1.33333
1 0.340083 0.340083 0.340083 0 1.33333
1 0.340006 0.340006 0.340006 0 1.33333
1 0.340005 0.340005 0.340005 0 1.33333
1 0.339871 0.339871 0.339871 0 1.33333
1 0.329424 0.329424 0.329424 0 1.33333
1 0.311574 0.311574 0.311574 0 1.5

9 16.3808 16.3808 16.3808 0 1.5
9 16.3808 16.3808 16.3808 0 1.5
2 73.7136 73.7136 73.7136 0 1.5
10 3.68568 3.68568 14.7427 11.057 1.5
8 18.4284 18.4284 18.4284 3.55271e-15 1.5
7 21.061 21.061 21.061 3.55271e-15 1.5
8 18.4284 18.4284 18.4284 3.55271e-15 1.5
9 2.30355 2.30355 15.8977 13.5941 1.5
6 18.4295 18.4295 18.4295 0 1.5
2 34.6539 12.1469 23.4004 11.2535 1.5
1 28.7416 28.7416 28.8696 0.128048 1.5
1 27.9658 27.9658 27.9658 0 1.33333
1 25.6763 25.6763 25.6763 0 1.5
1 7.47591 7.47591 7.47591 0 1.33333
1 7.46273 7.46273 7.46273 0 1.5
1 5.45162 5.45162 5.45162 0 1.5
1 3.26803 3.26803 3.26803 0 1.25
1 2.68546 2.68546 2.68546 0 1.5
1 2.36586 2.36586 2.36586 0 1.5
1 0.945001 0.945001 1.89 0.945001 1.5
1 1.52642 1.52642 1.52642 0 1.5
1 1.22054 1.22054 1.22054 0 1.5
1 0.967696 0.967696 0.967696 0 1.5
1 0.900373 0.900373 0.900373 0 1.33333
1 0.398752 0.398752 0.398752 0 1.5
1 0.340133 0.340133 0.340133 0 0
1 0.340131 0.340131 0.340131 0 1.33333
1 0.340131 0.340131 0.340131 0 1.33333
1 0.340131 0.340131 0.340131 0 1.33333
1 0.340083 0.340083 0.340083 0 1.33333
1 0.340006 0.340006 0.340006 0 1.33333
1 0.340005 0.340005 0.340005 0 1.33333
1 0.339871 0.339871 0.339871 0 1.33333
1 0.329424 0.329424 0.329424 0 1.33333
1 0.311574 0.311574 0.311574 0 1.5
1 0.113425 0.113425 0.226849 0.113425 1.5
1 0.208722 0.208722 0.215894 0.00717295 1.5
1 0.184244 0.184244 0.184244 0 1.33333
1 0.105636 0.105636 0.105636 0 1.33333
1 0.0766212 0.0766212 0.0766212 0 1.33333
1 0.0538509 0.0538509 0.0538509 0 1.33333

9 14.7427 14.7427 16.3808 1.63808 1.5
2 73.7136 73.7136 73.7136 0 1.5
8 18.4284 18.4284 18.4284 3.55271e-15 1.5
7 21.061 21.061 21.061 3.55271e-15 1.5
8 18.4284 18.4284 18.4284 3.55271e-15 1.5
8 18.4284 18.4284 18.4284 3.55271e-15 1.5
9 3.20494 3.20494 16.0265 12.8215 1.5
8 3.00872 3.00872 17.6889 14.6802 1.5
6 18.4295 18.4295 18.4295 0 1.5
1 86.2247 86.2247 86.2247 0 1.5
1 79.085 79.085 79.085 0 1.33333
2 34.6539 12.1469 23.4004 11.2535 1.5
1 27.9658 27.9658 27.9658 0 1.33333
1 25.6763 25.6763 25.6763 0 1.5
1 5.45162 5.45162 5.45162 0 1.5
1 3.26803 3.26803 3.26803 0 1.25
1 2.48758 2.48758 3.14986 0.662281 1.5
1 2.68546 2.68546 2.68546 0 1.5
1 2.36586 2.36586 2.36586 0 1.5
1 1.52642 1.52642 1.52642 0 1.5
1 1.22054 1.22054 1.22054 0 1.5
1 0.967696 0.967696 0.967696 0 1.5
1 0.900373 0.900373 0.900373 0 1.33333
1 0.590586 0.590586 0.590586 0 1.33333
1 0.417443 0.417443 0.417443 0 1.5
1 0.398752 0.398752 0.398752 0 1.5
1 0.340133 0.340133 0.340133 0 0
1 0.340131 0.340131 0.340131 0 1.33333
1 0.340131 0.340131 0.340131 0 1.33333
1 0.340131 0.340131 0.340131 0 1.33333
1 0.340083 0.340083 0.340083 0 1.33333
1 0.340006 0.340006 0.340006 0 1.33333
1 0.340005 0.340005 0.340005 0 1.33333
1 0.339871 0.339871 0.339871 0 1.33333
1 0.329424 0.329424 0.329424 0 1.33333
1 0.311574 0.311574 0.311574 0 1.5
1 0.226849 0.226849 0.226849 0 1.5
1 0.184244 0.184244 0.184244 0 1.33333
1 0.164298 0.164298 0.164298 0 1.33333
1 0.115588 0.115588 0.115588 0 1.33333
1 0.105636 0.105636 0.105636 0 1.33333
1 0.019818 0.019818 0.0594541 0.0396361 1.5
1 0.0538509 0.0538509 0.0538509 0 1.33333
1 0.0408338 0.0408338 0.0408338 0 1.5

9 16.3808 16.3808 16.3808 0 1.5
8 18.4284 18.4284 18.4284 3.55271e-15 1.5
7 21.061 21.061 21.061 3.55271e-15 1.5
8 18.4284 18.4284 18.4284 3.55271e-15 1.5
8 18.4284 18.4284 18.4284 3.55271e-15 1.5
8 18.4284 18.4284 18.4284 3.55271e-15 1.5
9 3.20494 3.20494 16.035 12.83 1.5
8 4.0952 4.0952 17.0879 12.9927 1.5
6 18.4295 18.4295 18.4295 0 1.5
1 86.2247 86.2247 86.2247 0 1.5
1 79.085 79.085 79.085 0 1.33333
1 27.9658 27.9658 27.9658 0 1.33333
1 25.6763 25.6763 25.6763 0 1.5
1 13.8616 13.8616 19.7305 5.8689 1.5
1 7.47591 7.47591 7.47591 0 1.33333
1 5.45162 5.45162 5.45162 0 1.5
1 2.48758 2.48758 3.74758 1.26 1.5
1 3.26803 3.26803 3.26803 0 1.25
1 2.68546 2.68546 2.68546 0 1.5
1 2.36586 2.36586 2.36586 0 1.5
1 1.52642 1.52642 1.52642 0 1.5
1 1.22054 1.22054 1.22054 0 1.5
1 0.900373 0.900373 0.900373 0 1.33333
1 0.417443 0.417443 0.417443 0 1.5
1 0.398752 0.398752 0.398752 0 1.5
1 0.340133 0.340133 0.340133 0 0
1 0.340131 0.340131 0.340131 0 1.33333
1 0.340131 0.340131 0.340131 0 1.33333
1 0.340131 0.340131 0.340131 0 1.33333
1 0.340083 0.340083 0.340083 0 1.33333
1 0.340006 0.340006 0.340006 0 1.33333
1 0.340005 0.340005 0.340005 0 1.33333
1 0.339871 0.339871 0.339871 0 1.33333
1 0.329424 0.329424 0.329424 0 1.33333
1 0.322565 0.322565 0.322565 6.66667e-09 1.5
1 0.311574 0.311574 0.311574 0 1.5
1 0.0453698 0.0453698 0.226849 0.181479 1.5
1 0.184244 0.184244 0.184244 0 1.33333
1 0.164298 0.164298 0.164298 0 1.33333

9 2.89073 2.89073 16.3808 13.4901 1.5
9 16.3808 16.3808 16.3808 0 1.5
7 21.061 21.061 21.061 3.55271e-15 1.5
8 18.4284 18.4284 18.4284 3.55271e-15 1.5
8 18.4284 18.4284 18.4284 3.55271e-15 1.5
8 18.4284 18.4284 18.4284 3.55271e-15 1.5
8 18.4284 18.4284 18.4284 3.55271e-15 1.5
9 3.42854 3.42854 15.6672 12.2387 1.5
6 18.4295 18.4295 18.4295 0 1.5
1 86.2247 86.2247 86.2247 0 1.5
2 34.6539 0.000151722 17.327 17.3269 1.5
1 27.9658 27.9658 27.9658 0 1.33333
1 25.6763 25.6763 25.6763 0 1.5
1 7.46273 7.46273 7.46273 0 1.5
1 5.45162 5.45162 5.45162 0 1.5
1 3.26803 3.26803 3.26803 0 1.25
1 2.68546 2.68546 2.68546 0 1.5
1 2.36586 2.36586 2.36586 0 1.5
1 1.52642 1.52642 1.52642 0 1.5
1 1.22054 1.22054 1.22054 0 1.5
1 0.967696 0.967696 0.967696 0 1.5
1 0.900373 0.900373 0.900373 0 1.33333
1 0.590586 0.590586 0.590586 0 1.33333
1 0.398752 0.398752 0.398752 0 1.5
1 0.208722 0.208722 0.364509 0.155787 1.5
1 0.340133 0.340133 0.340133 0 0
1 0.340131 0.340131 0.340131 0 1.33333
1 0.340131 0.340131 0.340131 0 1.33333
1 0.340131 0.340131 0.340131 0 1.33333
1 0.340083 0.340083 0.340083 0 1.33333
1 0.340006 0.340006 0.340006 0 1.33333
1 0.340005 0.340005 0.340005 0 1.33333
1 0.339871 0.339871 0.339871 0 1.33333
1 0.332054 0.332054 0.332054 0 1.33333
1 0.329424 0.329424 0.329424 0 1.33333
1 0.311574 0.311574 0.311574 0 1.5
1 0.283525 0.283525 0.283525 0 1.33333

8 18.4284 18.4284 18.4284 3.55271e-15 1.5
8 18.4284 18.4284 18.4284 3.55271e-15 1.5
8 18.4284 18.4284 18.4284 3.55271e-15 1.5
8 18.4284 18.4284 18.4284 3.55271e-15 1.5
8 18.4284 18.4284 18.4284 3.55271e-15 1.5
8 18.4284 18.4284 18.4284 3.55271e-15 1.5
9 3.20494 3.20494 16.0305 12.8256 1.5
9 2.83514 2.83514 15.5011 12.666 1.5
6 18.4295 18.4295 18.4295 0 1.5
1 86.2247 86.2247 86.2247 0 1.5
2 34.6539 0.000151722 17.327 17.3269 1.5
1 27.9658 27.9658 27.9658 0 1.33333
1 25.6763 25.6763 25.6763 0 1.5
1 4.86027 4.86027 7.67095 2.81068 1.5
1 5.45162 5.45162 5.45162 0 1.5
1 3.26803 3.26803 3.26803 0 1.25
1 2.68546 2.68546 2.68546 0 1.5
1 2.36586 2.36586 2.36586 0 1.5
1 1.52642 1.52642 1.52642 0 1.5
1 1.22054 1.22054 1.22054 0 1.5
1 0.967696 0.967696 0.967696 0 1.5
1 0.900373 0.900373 0.900373 0 1.33333
1 0.417443 0.417443 0.417443 0 1.5
1 0.398752 0.398752 0.398752 0 1.5
1 0.340133 0.340133 0.340133 0 0
1 0.340131 0.340131 0.340131 0 1.33333
1 0.340131 0.340131 0.340131 0 1.33333
1 0.340131 0.340131 0.340131 0 1.33333
1 0.340083 0.340083 0.340083 0 1.33333
1 0.340006 0.340006 0.340006 0 1.33333
1 0.340005 0.340005 0.340005 0 1.33333
1 0.339871 0.339871 0.339871 0 1.33333
1 0.332054 0.332054 0.332054 0 1.33333
1 0.329424 0.329424 0.329424 0 1.33333
1 0.311574 0.311574 0.311574 0 1.5
1 0.290217 0.290217 0.290217 0 1.33333
1 0.274928 0.274928 0.274928 0 1.33333

10 3.13675 3.13675 14.7427 11.606 1.5
10 13.4025 13.4025 14.7427 1.34025 1.5
6 24.5712 24.5712 24.5712 0 1.5
9 16.3808 16.3808 16.3808 0 1.5
8 18.4284 18.4284 18.4284 3.55271e-15 1.5
8 18.4284 18.4284 18.4284 3.55271e-15 1.5
8 18.4284 18.4284 18.4284 3.55271e-15 1.5
9 3.20494 3.20494 15.7737 12.5688 1.5
6 18.4295 18.4295 18.4295 0 1.5
2 43.1124 0.274199 21.6933 21.4191 1.5
2 34.6539 0.000151722 17.327 17.3269 1.5
1 27.9658 27.9658 27.9658 0 1.33333
1 25.6763 25.6763 25.6763 0 1.5
1 6.48036 6.48036 6.48036 6.66667e-09 1.5
1 5.45162 5.45162 5.45162 0 1.5
1 3.26803 3.26803 3.26803 0 1.25
1 2.68546 2.68546 2.68546 0 1.5
1 2.36586 2.36586 2.36586 0 1.5
1 1.52642 1.52642 1.52642 0 1.5
1 1.22054 1.22054 1.22054 0 1.5
1 0.967696 0.967696 0.967696 0 1.5
1 0.900373 0.900373 0.900373 0 1.33333
1 0.417443 0.417443 0.417443 0 1.5
1 0.398752 0.398752 0.398752 0 1.5
1 0.340133 0.340133 0.340133 0 0
1 0.340131 0.340131 0.340131 0 1.33333
1 0.340131 0.340131 0.340131 0 1.33333
1 0.340131 0.340131 0.340131 0 1.33333
1 0.340006 0.340006 0.340006 0 1.33333
1 0.340005 0.340005 0.340005 0 1.33333
1 0.339871 0.339871 0.339871 0 1.33333
1 0.332054 0.332054 0.332054 0 1.33333
1 0.329424 0.329424 0.329424 0 1.33333
1 0.311574 0.311574 0.311574 0 1.5

10 14.7427 14.7427 14.7427 1.77636e-15 1.5
6 24.5712 24.5712 24.5712 0 1.5
8 18.4284 18.4284 18.4284 3.55271e-15 1.5
8 18.4284 18.4284 18.4284 3.55271e-15 1.5
7 21.061 21.061 21.061 3.55271e-15 1.5
8 18.4284 18.4284 18.4284 3.55271e-15 1.5
10 3.42854 3.42854 14.7427 11.3142 1.5
9 2.73013 2.73013 15.0083 12.2781 1.5
6 18.4295 18.4295 18.4295 0 1.5
2 43.1124 0.274199 21.6933 21.4191 1.5
2 34.6539 0.000151722 17.327 17.3269 1.5
1 27.9658 27.9658 27.9658 0 1.33333
1 25.6763 25.6763 25.6763 0 1.5
1 19.4411 19.4411 19.4411 0 1.5
1 5.45162 5.45162 5.45162 0 1.5
1 3.26803 3.26803 3.26803 0 1.25
1 2.68546 2.68546 2.68546 0 1.5
1 2.62945 2.62945 2.62945 0 1.5
1 2.36586 2.36586 2.36586 0 1.5
1 0.76321 0.76321 1.52642 0.76321 1.5
1 1.22054 1.22054 1.22054 0 1.5
1 1.16447 1.16447 1.16447 0 1.5
1 0.967696 0.967696 0.967696 0 1.5
1 0.900373 0.900373 0.900373 0 1.33333
1 0.398752 0.398752 0.398752 0 1.5
1 0.208722 0.208722 0.378779 0.170057 1.5
1 0.340133 0.340133 0.340133 0 0
1 0.340131 0.340131 0.340131 0 1.33333
1 0.340131 0.340131 0.340131 0 1.33333
1 0.340131 0.340131 0.340131 0 1.33333
1 0.340006 0.340006 0.340006 0 1.33333
1 0.340005 0.340005 0.340005 0 1.33333
1 0.339871 0.339871 0.339871 0 1.33333
1 0.332054 0.332054 0.332054 0 1.33333
1 0.329424 0.329424 0.329424 0 1.33333
1 0.311574 0.311574 0.311574 0 1.5

10 14.7427 14.7427 14.7427 1.77636e-15 1.5
10 14.7427 14.7427 14.7427 1.77636e-15 1.5
8 18.4284 18.4284 18.4284 3.55271e-15 1.5
8 18.4284 18.4284 18.4284 3.55271e-15 1.5
8 18.4284 18.4284 18.4284 3.55271e-15 1.5
7 21.061 21.061 21.061 3.55271e-15 1.5
9 3.0714 3.0714 15.3764 12.305 1.5
9 3.42854 3.42854 14.4893 11.0608 1.5
6 18.4295 18.4295 18.4295 0 1.5
2 43.1124 0.274199 21.6933 21.4191 1.5
2 34.6539 0.000151722 17.327 17.3269 1.5
1 27.9658 27.9658 27.9658 0 1.33333
1 25.6763 25.6763 25.6763 0 1.5
1 9.72054 9.72054 19.4411 9.72054 1.5
1 5.45162 5.45162 5.45162 0 1.5
1 3.26803 3.26803 3.26803 0 1.25
1 2.68546 2.68546 2.68546 0 1.5
1 2.62945 2.62945 2.62945 0 1.5
1 2.36586 2.36586 2.36586 0 1.5
1 1.52642 1.52642 1.52642 0 1.5
1 1.22054 1.22054 1.22054 0 1.5
1 1.16447 1.16447 1.16447 0 1.5
1 0.900373 0.900373 0.900373 0 1.33333
1 0.322565 0.322565 0.645131 0.322565 1.5
1 0.417443 0.417443 0.417443 0 1.5
1 0.398752 0.398752 0.398752 0 1.5
1 0.340133 0.340133 0.340133 0 0
1 0.340131 0.340131 0.340131 0 1.33333
1 0.340131 0.340131 0.340131 0 1.33333
1 0.340131 0.340131 0.340131 0 1.33333
1 0.340006 0.340006 0.340006 0 1.33333
1 0.340005 0.340005 0.340005 0 1.33333
1 0.339871 0.339871 0.339871 0 1.33333

9 16.3808 16.3808 16.3808 0 1.5
2 73.7136 73.7136 73.7136 0 1.5
9 16.3808 16.3808 16.3808 0 1.5
8 18.4284 18.4284 18.4284 3.55271e-15 1.5
8 18.4284 18.4284 18.4284 3.55271e-15 1.5
8 18.4284 18.4284 18.4284 3.55271e-15 1.5
9 3.42854 3.42854 16.081 12.6525 1.5
9 2.73013 2.73013 15.2094 12.4793 1.5
6 18.4295 18.4295 18.4295 0 1.5
2 43.1124 0.274199 21.6933 21.4191 1.5
2 34.6539 0.000151722 17.327 17.3269 1.5
1 27.9658 27.9658 27.9658 0 1.33333
1 25.6763 25.6763 25.6763 0 1.5
1 19.4411 19.4411 19.4411 0 1.5
1 5.45162 5.45162 5.45162 0 1.5
1 3.26803 3.26803 3.26803 0 1.25
1 2.68546 2.68546 2.68546 0 1.5
1 2.62945 2.62945 2.62945 0 1.5
1 2.36586 2.36586 2.36586 0 1.5
1 1.52642 1.52642 1.52642 0 1.5
1 1.22054 1.22054 1.22054 0 1.5
1 1.16447 1.16447 1.16447 0 1.5
1 0.967696 0.967696 0.967696 0 1.5
1 0.967696 0.967696 0.967696 0 1.5
1 0.900373 0.900373 0.900373 0 1.33333
1 0.398752 0.398752 0.398752 0 1.5
1 0.340133 0.340133 0.340133 0 0
1 0.340131 0.340131 0.340131 0 1.33333
1 0.340131 0.340131 0.340131 0 1.33333
1 0.340131 0.340131 0.340131 0 1.33333
1 0.340006 0.340006 0.340006 0 1.33333
1 0.340005 0.340005 0.340005 0 1.33333
1 0.339871 0.339871 0.339871 0 1.33333
1 0.208722 0.208722 0.208722 5e-09 1.5
1 0.113338 0.113338 0.113338 0 1.5
1 0.0403292 0.0403292 0.0403292 0 1.33333
1 0.0200394 0.0200394 0.0200394 0 1.5
1 0.00343615 0.00343615 0.00343615 0 1.33333
1 0.00131905 0.00131905 0.00263811 0.00131905 1.5
1 0.0025671 0.0025671 0.0025671 0 1.5

9 16.3808 16.3808 16.3808 0 1.5
9 16.3808 16.3808 16.3808 0 1.5
9 16.3808 16.3808 16.3808 0 1.5
9 16.3808 16.3808 16.3808 0 1.5
8 18.4284 18.4284 18.4284 3.55271e-15 1.5
7 21.061 21.061 21.061 3.55271e-15 1.5
10 2.63263 2.63263 14.3682 11.7355 1.5
9 3.68568 3.68568 15.5736 11.888 1.5
6 18.4295 18.4295 18.4295 0 1.5
1 27.9658 27.9658 27.9658 0 1.33333
1 25.6763 25.6763 25.6763 0 1.5
1 23.1026 23.1026 23.2369 0.134326 1.5
1 21.5562 21.5562 21.7168 0.160651 1.5
1 19.4411 19.4411 19.4411 0 1.5
1 5.45162 5.45162 5.45162 0 1.5
1 3.26803 3.26803 3.26803 0 1.25
1 2.68546 2.68546 2.68546 0 1.5
1 2.62945 2.62945 2.62945 0 1.5
1 2.36586 2.36586 2.36586 0 1.5
1 1.52642 1.52642 1.52642 0 1.5
1 1.31472 1.31472 1.37007 0.0553503 1.5
1 1.22054 1.22054 1.22054 0 1.5
1 0.483848 0.483848 0.967696 0.483848 1.5
1 0.900373 0.900373 0.900373 0 1.33333
1 0.582236 0.582236 0.614437 0.0322012 1.5
1 0.417443 0.417443 0.417443 0 1.5
1 0.398752 0.398752 0.398752 0 1.5
1 0.340133 0.340133 0.340133 0 0
1 0.340131 0.340131 0.340131 0 1.33333
1 0.340131 0.340131 0.340131 0 1.33333
1 0.340131 0.340131 0.340131 0 1.33333
1 0.340006 0.340006 0.340006 0 1.33333
1 0.340005 0.340005 0.340005 0 1.33333
1 0.339871 0.339871 0.339871 0 1.33333

9 3.35062 3.35062 16.3808 13.0302 1.5
9 14.7427 14.7427 16.3808 1.63808 1.5
9 16.3808 16.3808 16.3808 0 1.5
9 16.3808 16.3808 16.3808 0 1.5
9 16.3808 16.3808 16.3808 0 1.5
8 18.4284 18.4284 18.4284 3.55271e-15 1.5
7 21.061 21.061 21.061 3.55271e-15 1.5
9 2.78165 2.78165 15.7686 12.9869 1.5
6 18.4295 18.4295 18.4295 0 1.5
1 86.2247 86.2247 86.2247 0 1.5
1 69.3078 69.3078 69.3078 0 1.5
1 27.9658 27.9658 27.9658 0 1.33333
1 25.6763 25.6763 25.6763 0 1.5
1 6.48036 6.48036 6.54492 0.0645594 1.5
1 5.45162 5.45162 5.45162 0 1.5
1 3.26803 3.26803 3.26803 0 1.25
1 2.68546 2.68546 2.68546 0 1.5
1 2.62945 2.62945 2.62945 0 1.5
1 2.62945 2.62945 2.62945 0 1.5
1 2.36586 2.36586 2.36586 0 1.5
1 1.52642 1.52642 1.52642 0 1.5
1 1.22054 1.22054 1.22054 0 1.5
1 1.16447 1.16447 1.16447 0 1.5
1 0.967696 0.967696 0.967696 0 1.5
1 0.900373 0.900373 0.900373 0 1.33333
1 0.417443 0.417443 0.417443 0 1.5
1 0.398752 0.398752 0.398752 0 1.5
1 0.340133 0.340133 0.340133 0 0
1 0.340131 0.340131 0.340131 0 1.33333
1 0.340131 0.340131 0.340131 0 1.33333
1 0.340131 0.340131 0.340131 0 1.33333
1 0.340006 0.340006 0.340006 0 1.33333
1 0.340005 0.340005 0.340005 0 1.33333
1 0.339871 0.339871 0.339871 0 1.33333
1 0.0594541 0.0594541 0.0594541 0 1.5

9 16.3808 16.3808 16.3808 0 1.5
9 16.3808 16.3808 16.3808 0 1.5
9 16.3808 16.3808 16.3808 0 1.5
9 16.3808 16.3808 16.3808 0 1.5
8 18.4284 18.4284 18.4284 3.55271e-15 1.5
7 21.061 21.061 21.061 3.55271e-15 1.5
9 2.94855 2.94855 16.0537 13.1051 1.5
9 3.42854 3.42854 15.6287 12.2002 1.5
6 18.4295 18.4295 18.4295 0 1.5
1 86.2247 86.2247 86.2247 0 1.5
1 69.3078 69.3078 69.3078 0 1.5
1 27.9658 27.9658 27.9658 0 1.33333
1 25.6763 25.6763 25.6763 0 1.5
1 6.48036 6.48036 12.993 6.51264 1.5
1 5.45162 5.45162 5.45162 0 1.5
1 3.26803 3.26803 3.26803 0 1.25
1 2.68546 2.68546 2.68546 0 1.5
1 2.62945 2.62945 2.62945 0 1.5
1 2.62945 2.62945 2.62945 0 1.5
1 2.36586 2.36586 2.36586 0 1.5
1 1.52642 1.52642 1.52642 0 1.5
1 1.22054 1.22054 1.22054 0 1.5
1 1.16447 1.16447 1.16447 0 1.5
1 0.900373 0.900373 0.900373 0 1.33333
1 0.483848 0.483848 0.483848 5e-09 1.5
1 0.398752 0.398752 0.398752 0 1.5
1 0.340133 0.340133 0.340133 0 0
1 0.340131 0.340131 0.340131 0 1.33333
1 0.340131 0.340131 0.340131 0 1.33333
1 0.340131 0.340131 0.340131 0 1.33333
1 0.340006 0.340006 0.340006 0 1.33333
1 0.340005 0.340005 0.340005 0 1.33333
1 0.339871 0.339871 0.339871 0 1.33333
1 0.336003 0.336003 0.336003 0 1.5
1 0.312377 0.312377 0.312377 0 1.33333

9 16.3808 16.3808 16.3808 0 1.5
10 8.67219 8.67219 14.7427 6.07053 1.5
9 16.3808 16.3808 16.3808 0 1.5
8 18.4284 18.4284 18.4284 3.55271e-15 1.5
8 18.4284 18.4284 18.4284 3.55271e-15 1.5
10 3.13675 3.13675 14.4406 11.3038 1.5
10 2.83514 2.83514 13.9013 11.0661 1.5
6 18.4295 18.4295 18.4295 0 1.5
1 86.2247 86.2247 86.2247 0 1.5
2 34.6539 0.00901151 17.3315 17.3224 1.5
1 27.9658 27.9658 27.9658 0 1.33333
1 25.6763 25.6763 25.6763 0 1.5
1 19.4411 19.4411 19.4411 0 1.5
1 5.45162 5.45162 5.45162 0 1.5
1 3.26803 3.26803 3.26803 0 1.25
1 2.68546 2.68546 2.68546 0 1.5
1 2.62945 2.62945 2.62945 0 1.5
1 2.62945 2.62945 2.62945 0 1.5
1 2.36586 2.36586 2.36586 0 1.5
1 1.22054 1.22054 1.22054 0 1.5
1 1.16447 1.16447 1.16447 0 1.5
1 0.967696 0.967696 0.967696 0 1.5
1 0.900373 0.900373 0.900373 0 1.33333
1 0.508807 0.508807 0.510518 0.0017114 1.5
1 0.398752 0.398752 0.398752 0 1.5
1 0.340133 0.340133 0.340133 0 0
1 0.340131 0.340131 0.340131 0 1.33333
1 0.340131 0.340131 0.340131 0 1.33333
1 0.340131 0.340131 0.340131 0 1.33333
1 0.340005 0.340005 0.340005 0 1.33333
1 0.339871 0.339871 0.339871 0 1.33333
1 0.336003 0.336003 0.336003 0 1.5
1 0.312377 0.312377 0.312377 0 1.33333
1 0.170003 0.170003 0.170003 5e-09 1.33333
1 0.144495 0.144495 0.144495 0 1.33333
1 0.113338 0.113338 0.113338 0 1.5
1 0.0359439 0.0359439 0.0359439 0 1.33333
1 0.0336601 0.0336601 0.0336601 0 1.5

