5 1 0.0522995 0.0522995 0.0522995 0 2
1 1 1e-08 1e-08 1e-08 0 0
2 1 1e-08 1e-08 1e-08 0 2
3 1 1e-08 1e-08 1e-08 0 2
4 1 1e-08 1e-08 1e-08 0 2

7 1 0.106358 0.106358 0.106358 0 1.5
5 33 0.0412253 0.0200684 0.0529276 0.0522932 2
1 1 2e-09 2e-09 1e-08 8e-09 0
2 1 5e-09 5e-09 1e-08 5e-09 2
3 1 2e-09 2e-09 1e-08 8e-09 2
4 1 1e-08 1e-08 1e-08 0 2
6 1 1e-08 1e-08 1e-08 0 1.5
8 1 1e-08 1e-08 1e-08 0 1.5
9 1 1e-08 1e-08 1e-08 0 1.5
10 1 1e-08 1e-08 1e-08 0 1.5
11 1 1e-08 1e-08 1e-08 0 1.5

14 2 0.339965 0.339965 0.339965 0.169982 1.5
20 1 0.339893 0.339893 0.339893 0 1.5
22 1 0.326198 0.326198 0.326198 0 1.33333
15 2 0.327179 0.0183834 0.172781 0.115858 1.33333
7 8 0.0431415 0.0137909 0.119568 0.114783 1.5
16 1 0.0651208 0.0651208 0.0651208 0 1.33333
5 3 0.00631974 0.00424935 0.054841 0.0529654 2
27 1 1e-08 1e-08 1e-08 0 1.33333
26 1 1e-08 1e-08 1e-08 0 1.33333
25 1 1e-08 1e-08 1e-08 0 1.5
24 1 5e-09 5e-09 1e-08 5e-09 1.33333
23 1 1e-08 1e-08 1e-08 0 1.33333
21 1 1e-08 1e-08 1e-08 0 1.5
19 1 5e-09 5e-09 1e-08 5e-09 1.5
18 1 1e-08 1e-08 1e-08 0 1.5
17 1 1e-08 1e-08 1e-08 0 1.33333
1 1 1e-08 1e-08 1e-08 0 0
2 1 1e-08 1e-08 1e-08 0 2
13 1 1e-08 1e-08 1e-08 0 1.33333
12 1 1e-08 1e-08 1e-08 0 1.33333
11 1 1e-08 1e-08 1e-08 0 1.5
10 1 1e-08 1e-08 1e-08 0 1.5
9 1 1e-08 1e-08 1e-08 0 1.5
8 1 1e-08 1e-08 1e-08 0 1.5
6 1 1e-08 1e-08 1e-08 0 1.5
4 1 1e-08 1e-08 1e-08 0 2
3 1 1e-08 1e-08 1e-08 0 2

14 18 1.2025 0.278153 0.371004 0.352894 1.5
29 2 0.337199 0.337199 0.337199 0.1686 1.5
20 16 0.3199 0.25847 0.326062 0.306545 1.5
7 13 0.2598 0.228996 0.26439 0.245206 1.5
22 11 0.119606 0.119606 0.228735 0.217862 1.33333
15 10 0.192798 0.149329 0.203277 0.185761 1.33333
28 1 0.113088 0.113088 0.113088 0 1.33333
5 3 0.107436 0.0722389 0.0957033 0.0640415 2
16 1 0.0651208 0.0651208 0.0651208 0 1.33333
9 1 1e-08 1e-08 1e-08 0 1.5
8 1 1e-08 1e-08 1e-08 0 1.5
6 1 1e-08 1e-08 1e-08 0 1.5
4 1 1e-08 1e-08 1e-08 0 2
3 1 1e-08 1e-08 1e-08 0 2
30 1 1e-08 1e-08 1e-08 0 1.33333
31 1 1e-08 1e-08 1e-08 0 1.33333
32 1 1e-08 1e-08 1e-08 0 1.33333
33 1 1e-08 1e-08 1e-08 0 1.5
34 1 1e-08 1e-08 1e-08 0 1.33333
35 1 1e-08 1e-08 1e-08 0 1.33333
36 1 1e-08 1e-08 1e-08 0 1.33333
10 1 1e-08 1e-08 1e-08 0 1.5
11 1 1e-08 1e-08 1e-08 0 1.5
12 1 1e-08 1e-08 1e-08 0 1.33333
13 1 1e-08 1e-08 1e-08 0 1.33333
2 1 1e-08 1e-08 1e-08 0 2
1 1 1e-08 1e-08 1e-08 0 0
17 1 1e-08 1e-08 1e-08 0 1.33333
18 1 1e-08 1e-08 1e-08 0 1.5
19 1 1e-08 1e-08 1e-08 0 1.5
21 1 1e-08 1e-08 1e-08 0 1.5
23 1 1e-08 1e-08 1e-08 0 1.33333
24 1 5e-09 5e-09 1e-08 5e-09 1.33333
25 1 1e-08 1e-08 1e-08 0 1.5
26 1 1e-08 1e-08 1e-08 0 1.33333

40 1 1.84355 1.84355 1.84355 0 1.5
14 8 0.345818 0.0799976 0.363212 0.34923 1.5
29 7 0.139582 0.138847 0.337304 0.317454 1.5
20 7 0.0793084 0.0793084 0.317338 0.306009 1.5
7 6 0.101922 0.101707 0.288461 0.271485 1.5
22 6 0.085095 0.085095 0.283512 0.26933 1.33333
38 1 0.271839 0.271839 0.271839 0 1.5
15 4 0.059592 0.0594871 0.204609 0.189718 1.33333
43 2 0.0978858 0.094803 0.0963444 0.0481784 1.33333
5 2 0.0716237 0.0716237 0.0957033 0.0598915 2
28 1 0.0161554 0.0161554 0.0700712 0.0539158 1.33333
39 1 0.0579844 0.0579844 0.0579844 0 1.33333
16 1 0.0247222 0.0247222 0.0247222 5e-09 1.33333
49 1 0.00458215 0.00458215 0.00458215 0 1.5
21 1 1e-08 1e-08 1e-08 0 1.5
23 1 1e-08 1e-08 1e-08 0 1.33333
24 1 1e-08 1e-08 1e-08 0 1.33333
25 1 1e-08 1e-08 1e-08 0 1.5
26 1 1e-08 1e-08 1e-08 0 1.33333
37 1 1e-08 1e-08 1e-08 0 1.33333
41 1 1e-08 1e-08 1e-08 0 1.33333
42 1 1e-08 1e-08 1e-08 0 1.5
44 1 1e-08 1e-08 1e-08 0 1.33333
45 1 1e-08 1e-08 1e-08 0 1.5
46 1 1e-08 1e-08 1e-08 0 1.5
47 1 1e-08 1e-08 1e-08 0 1.33333
48 1 1e-08 1e-08 1e-08 0 1.33333
50 1 1e-08 1e-08 1e-08 0 1.33333
51 1 1e-08 1e-08 1e-08 0 1.33333
9 1 1e-08 1e-08 1e-08 0 1.5
8 1 1e-08 1e-08 1e-08 0 1.5
6 1 1e-08 1e-08 1e-08 0 1.5
4 1 1e-08 1e-08 1e-08 0 2
3 1 1e-08 1e-08 1e-08 0 2
30 1 1e-08 1e-08 1e-08 0 1.33333
31 1 5e-09 5e-09 1e-08 5e-09 1.33333
32 1 1e-08 1e-08 1e-08 0 1.33333
33 1 1e-08 1e-08 1e-08 0 1.5
34 1 1e-08 1e-08 1e-08 0 1.33333
35 1 1e-08 1e-08 1e-08 0 1.33333
36 1 1e-08 1e-08 1e-08 0 1.33333
10 1 1e-08 1e-08 1e-08 0 1.5
11 1 1e-08 1e-08 1e-08 0 1.5
12 1 1e-08 1e-08 1e-08 0 1.33333
13 1 1e-08 1e-08 1e-08 0 1.33333
2 1 1e-08 1e-08 1e-08 0 2
1 1 1e-08 1e-08 1e-08 0 0
17 1 1e-08 1e-08 1e-08 0 1.33333
18 1 1e-08 1e-08 1e-08 0 1.5
19 1 1e-08 1e-08 1e-08 0 1.5

40 35 7.8339 1.46646 1.87585 1.829 1.5
14 7 0.643005 0.148779 0.408437 0.377906 1.5
58 1 0.33353 0.33353 0.33353 0 1.33333
15 4 0.327756 0.327179 0.327323 0.245492 1.33333
22 6 0.326198 0.326198 0.326198 0.271831 1.33333
29 6 0.107048 0.106484 0.325719 0.307893 1.5
20 6 0.169947 0.169947 0.320229 0.291904 1.5
38 3 0.271839 0.271839 0.271839 0.181226 1.5
7 5 0.188744 0.188435 0.270901 0.233164 1.5
60 1 0.220775 0.220775 0.220775 0 1.5
28 1 0.113088 0.113088 0.113088 0 1.33333
5 2 0.107436 0.107436 0.107436 0.0537178 2
46 1 0.0996041 0.0996041 0.0996042 6.66667e-09 1.5
43 1 0.0489429 0.0489429 0.0963444 0.0474015 1.25
55 1 0.0661264 0.0661264 0.0661264 0 1.33333
39 1 0.0289922 0.0289922 0.0575249 0.0285327 1.33333
32 1 0.0538264 0.0538264 0.0538264 5e-09 1.33333
16 1 0.0325604 0.0325604 0.0325604 5e-09 1.33333
45 1 0.0102629 0.0102629 0.0205259 0.0102629 1.5
49 1 0.00458215 0.00458215 0.00458215 0 1.5
56 1 0.00263729 0.00263729 0.00263729 0 1.33333
12 1 1e-08 1e-08 1e-08 0 1.33333
2 1 1e-08 1e-08 1e-08 0 2
1 1 1e-08 1e-08 1e-08 0 0
17 1 1e-08 1e-08 1e-08 0 1.33333
18 1 1e-08 1e-08 1e-08 0 1.5
19 1 3.33333e-09 3.33333e-09 1e-08 6.66667e-09 1.5
11 1 1e-08 1e-08 1e-08 0 1.5
52 1 1e-08 1e-08 1e-08 0 1.33333
53 1 1e-08 1e-08 1e-08 0 1.33333
54 1 5e-09 5e-09 1e-08 5e-09 1.33333
57 1 1e-08 1e-08 1e-08 0 1.33333
59 1 1e-08 1e-08 1e-08 0 1.33333
61 1 1e-08 1e-08 1e-08 0 1.33333
62 1 1e-08 1e-08 1e-08 0 1.33333
63 1 1e-08 1e-08 1e-08 0 1.33333

40 37 5.35865 1.00311 2.05393 2.02063 1.5
69 9 0.944824 0.218614 0.501404 0.460407 1.5
14 6 0.145745 0.145279 0.338881 0.314643 1.5
22 5 0.135916 0.135916 0.319203 0.292019 1.33333
20 5 0.12139 0.12139 0.30089 0.276612 1.5
7 5 0.212337 0.212337 0.297202 0.254735 1.5
15 5 0.109252 0.10906 0.276264 0.254429 1.33333
38 4 0.181226 0.181226 0.271839 0.226532 1.5
58 4 0.133412 0.133412 0.241026 0.207673 1.33333
46 2 0.298812 1e-08 0.149406 0.105646 1.5
28 1 0.113088 0.113088 0.113088 0 1.33333
60 2 0.220775 1e-08 0.110387 0.0780557 1.5
32 1 0.107653 0.107653 0.107653 0 1.33333
5 1 0.0537178 0.0537178 0.107436 0.0537178 2
43 1 0.0978858 0.0978858 0.0978858 0 1.25
55 1 0.0661264 0.0661264 0.0661264 0 1.33333
70 1 0.0651208 0.0651208 0.0651208 0 1.33333
39 1 0.0579844 0.0579844 0.0579844 0 1.33333
45 1 0.0307888 0.0307888 0.0307888 0 1.5
49 1 0.00458215 0.00458215 0.00458215 0 1.5
56 1 0.00331107 0.00331107 0.00331107 0 1.33333
71 1 0.000155438 0.000155438 0.000155438 0 1.33333
80 1 1e-08 1e-08 1e-08 0 1.33333
79 1 1e-08 1e-08 1e-08 0 1.5
78 1 1e-08 1e-08 1e-08 0 1.33333
77 1 1e-08 1e-08 1e-08 0 1.33333
76 1 1e-08 1e-08 1e-08 0 1.25
75 1 1e-08 1e-08 1e-08 0 1.5

40 38 5.18963 0.946686 2.41924 2.37615 1.5
69 11 2.29147 0.138545 0.725349 0.678102 1.5
58 4 0.33353 0.33353 0.33353 0.250147 1.33333
15 5 0.327756 0.327179 0.327294 0.261836 1.33333
14 5 0.121437 0.121066 0.3229 0.298657 1.5
20 4 0.0971631 0.0971124 0.291316 0.267035 1.5
38 4 0.181226 0.181226 0.271839 0.226532 1.5
22 4 0.0884836 0.086986 0.267473 0.245633 1.33333
7 4 0.194137 0.194137 0.256867 0.208333 1.5
46 3 0.318111 1e-08 0.205641 0.145434 1.5
28 1 0.113088 0.113088 0.113088 0 1.33333
60 1 0.110387 0.110387 0.110387 5e-09 1.5
32 1 0.107653 0.107653 0.107653 0 1.33333
5 1 0.107436 0.107436 0.107436 0 2
43 1 0.0978858 0.0978858 0.0978858 0 1.25
81 1 0.0718024 0.0718024 0.0718024 0 1.33333
55 1 0.0661264 0.0661264 0.0661264 0 1.33333
39 1 0.0579844 0.0579844 0.0579844 0 1.33333
70 1 0.0494445 0.0494445 0.0494445 0 1.33333
45 1 0.0307888 0.0307888 0.0307888 0 1.5
56 1 0.00520212 0.00520212 0.00520212 0 1.33333
49 1 0.00458215 0.00458215 0.00458215 0 1.5
71 1 0.000155438 0.000155438 0.000155438 0 1.33333
91 1 1e-08 1e-08 1e-08 0 1.33333
90 1 1e-08 1e-08 1e-08 0 1.33333
89 1 1e-08 1e-08 1e-08 0 1.33333
88 1 1e-08 1e-08 1e-08 0 1.33333
87 1 1e-08 1e-08 1e-08 0 1.33333
86 1 1e-08 1e-08 1e-08 0 1.5

40 39 5.18604 0.946031 2.80097 2.74885 1.5
69 13 3.17908 0.192211 0.996726 0.931907 1.5
96 1 0.333134 0.333134 0.333134 0 1.25
22 4 0.331814 0.326198 0.327602 0.245702 1.33333
14 4 0.0971496 0.0971496 0.290347 0.26606 1.5
38 3 0.101 0.0906128 0.275301 0.243948 1.5
7 3 0.203843 0.203843 0.274204 0.206256 1.5
15 3 0.0782159 0.0755029 0.270012 0.244528 1.33333
58 3 0.101247 0.100059 0.264831 0.231346 1.33333
20 3 0.102021 0.101968 0.257965 0.22397 1.5
60 1 0.220775 0.220775 0.220775 0 1.5
46 2 0.159055 0.149406 0.156318 0.0792391 1.5
28 1 0.113088 0.113088 0.113088 0 1.33333
32 1 0.107653 0.107653 0.107653 0 1.33333
5 1 0.107436 0.107436 0.107436 0 2
43 1 0.0978858 0.0978858 0.0978858 0 1.25
81 1 0.0718024 0.0718024 0.0718024 0 1.33333
55 1 0.0661264 0.0661264 0.0661264 0 1.33333
39 1 0.0579844 0.0579844 0.0579844 0 1.33333
70 1 0.0545606 0.0545606 0.0545606 5e-09 1.33333
56 1 0.00520212 0.00520212 0.00520212 0 1.33333
49 1 0.00458215 0.00458215 0.00458215 0 1.5
71 1 0.000155438 0.000155438 0.000155438 0 1.33333
93 1 0.000130818 0.000130818 0.000130818 0 1.33333
104 1 1e-08 1e-08 1e-08 0 1.33333
103 1 1e-08 1e-08 1e-08 0 1.33333
102 1 1e-08 1e-08 1e-08 0 1.5
101 1 1e-08 1e-08 1e-08 0 1.33333
100 1 1e-08 1e-08 1e-08 0 1.33333
99 1 1e-08 1e-08 1e-08 0 1.33333
98 1 1e-08 1e-08 1e-08 0 1.33333
97 1 1e-08 1e-08 1e-08 0 1.33333
95 1 1e-08 1e-08 1e-08 0 1.5
94 1 1e-08 1e-08 1e-08 0 1.5

40 42 5.73591 1.04634 3.48183 3.41504 1.5
69 15 2.90924 0.760203 1.30535 1.24563 1.5
14 4 0.151122 0.151122 0.340024 0.302243 1.5
20 2 0.339893 0.339893 0.339893 0.169947 1.5
58 3 0.337491 0.33353 0.33485 0.223234 1.33333
7 3 0.102021 0.101922 0.312946 0.278961 1.5
46 2 0.318111 0.298812 0.308462 0.154306 1.5
38 3 0.0909 0.0815516 0.274955 0.246736 1.5
22 3 0.0904946 0.088963 0.267766 0.237771 1.33333
15 2 0.218119 0.218119 0.243526 0.134466 1.33333
60 1 0.220775 0.220775 0.220775 0 1.5
96 2 0.0740298 0.0740298 0.171209 0.134194 1.25
32 1 0.107603 0.107603 0.161429 0.0538264 1.33333
28 1 0.113088 0.113088 0.113088 0 1.33333
5 1 0.107436 0.107436 0.107436 0 2
81 1 0.0718024 0.0718024 0.0718024 0 1.33333
55 1 0.0661264 0.0661264 0.0661264 0 1.33333
70 1 0.0651208 0.0651208 0.0651208 0 1.33333
39 1 0.0579844 0.0579844 0.0579844 0 1.33333
105 1 0.0153944 0.0153944 0.0307888 0.0153944 1.5
56 1 0.00520212 0.00520212 0.00520212 0 1.33333
49 1 0.00229107 0.00229107 0.00229108 5e-09 1.5
71 1 0.000155438 0.000155438 0.000155438 0 1.33333
93 1 0.000130818 0.000130818 0.000130818 0 1.33333
116 1 1e-08 1e-08 1e-08 0 1.5
115 1 1e-08 1e-08 1e-08 0 1.5
114 1 1e-08 1e-08 1e-08 0 1.33333
113 1 1e-08 1e-08 1e-08 0 1.33333
112 1 1e-08 1e-08 1e-08 0 1.33333
111 1 1e-08 1e-08 1e-08 0 1.33333
110 1 1e-08 1e-08 1e-08 0 1.33333

40 46 5.60099 1.02172 4.42705 4.34332 1.5
69 16 2.72704 0.712594 1.55553 1.49584 1.5
14 3 0.113357 0.113341 0.340011 0.302229 1.5
96 2 0.333134 0.333134 0.333134 0.166567 1.25
22 3 0.331814 0.326198 0.329942 0.219963 1.33333
15 2 0.327179 0.327179 0.327179 0.16359 1.33333
20 3 0.101968 0.101968 0.306747 0.272758 1.5
38 2 0.202 0.181226 0.282226 0.186492 1.5
58 2 0.0562484 0.0555883 0.222683 0.194724 1.33333
60 2 0.220775 0.220775 0.220775 0.110387 1.5
32 1 0.215206 0.215206 0.215206 0 1.33333
127 1 0.179782 0.179782 0.179782 0 1.5
46 1 0.0795277 0.0795277 0.154231 0.0747031 1.5
117 1 0.0679478 0.0679478 0.141915 0.0739667 1.5
28 1 0.113088 0.113088 0.113088 0 1.33333
5 1 0.107436 0.107436 0.107436 0 2
81 1 0.0718024 0.0718024 0.0718024 0 1.33333
55 1 0.0661264 0.0661264 0.0661264 0 1.33333
39 1 0.0579844 0.0579844 0.0579844 0 1.33333
70 1 0.0494445 0.0494445 0.0494445 0 1.33333
105 1 0.00615776 0.00615776 0.0307888 0.024631 1.5
56 1 0.00520212 0.00520212 0.00520212 0 1.33333
49 1 0.00458215 0.00458215 0.00458215 0 1.5
71 1 0.000155438 0.000155438 0.000155438 0 1.33333
93 1 0.000130818 0.000130818 0.000130818 0 1.33333
124 1 1.5595e-05 1.5595e-05 1.5595e-05 0 1.5
126 1 1e-08 1e-08 1e-08 0 1.33333
125 1 1e-08 1e-08 1e-08 0 1.33333
123 1 1e-08 1e-08 1e-08 0 1.5
122 1 1e-08 1e-08 1e-08 0 1.5

40 53 6.08665 3.39162 5.97216 5.86905 1.5
69 15 2.05775 0.537705 1.73249 1.67022 1.5
58 2 0.337491 0.33353 0.33551 0.167758 1.33333
96 2 0.111045 0.111045 0.332736 0.277214 1.25
22 2 0.110605 0.110605 0.324405 0.269103 1.33333
46 1 0.318111 0.318111 0.318111 0 1.5
14 2 0.0850177 0.0850059 0.310062 0.267557 1.5
20 2 0.113298 0.113298 0.281915 0.225266 1.5
38 2 0.1212 0.108735 0.257645 0.200186 1.5
15 1 0.0467399 0.0467399 0.218053 0.171313 1.33333
32 1 0.215206 0.215206 0.215206 0 1.33333
127 1 0.179782 0.179782 0.179782 0 1.5
117 1 0.113246 0.113246 0.113246 6.66667e-09 1.5
28 1 0.113088 0.113088 0.113088 0 1.33333
70 1 0.109121 0.109121 0.109121 0 1.33333
5 1 0.107436 0.107436 0.107436 0 2
81 1 0.0718024 0.0718024 0.0718024 0 1.33333
55 1 0.0661264 0.0661264 0.0661264 0 1.33333
39 1 0.0579844 0.0579844 0.0579844 0 1.33333
105 1 0.0307888 0.0307888 0.0307888 0 1.5
56 1 0.00520212 0.00520212 0.00520212 0 1.33333
49 1 0.00458215 0.00458215 0.00458215 0 1.5
71 1 0.000155438 0.000155438 0.000155438 0 1.33333
93 1 0.000130818 0.000130818 0.000130818 0 1.33333
124 1 7.79751e-06 7.79751e-06 7.80251e-06 5e-09 1.5
136 1 1e-08 1e-08 1e-08 0 1.5
135 1 1e-08 1e-08 1e-08 0 1.5
134 1 1e-08 1e-08 1e-08 0 1.33333
133 1 1e-08 1e-08 1e-08 0 1.33333

40 48 4.70965 4.58952 7.04531 6.94927 1.5
69 17 2.51623 0.657509 2.55256 2.43721 1.5
138 2 3.26531 0.303 1.78416 1.15942 1.5
137 1 0.340024 0.340024 0.340024 0 1.5
14 2 0.226714 0.226596 0.339952 0.226625 1.5
15 1 0.327179 0.327179 0.327179 0 1.33333
46 1 0.318111 0.318111 0.318111 0 1.5
22 1 0.0368682 0.0368682 0.259133 0.222265 1.33333
96 1 0.0475906 0.0475906 0.253523 0.205932 1.25
58 1 0.112497 0.112497 0.247009 0.134512 1.33333
32 1 0.215206 0.215206 0.215206 0 1.33333
127 1 0.0898909 0.0898909 0.179782 0.0898909 1.5
28 1 0.113088 0.113088 0.113088 0 1.33333
5 1 0.107436 0.107436 0.107436 0 2
117 1 0.0849348 0.0849348 0.0982971 0.0133623 1.5
38 1 0.0879265 0.0879265 0.0879265 0 1.5
81 1 0.0718024 0.0718024 0.0718024 0 1.33333
55 1 0.0661264 0.0661264 0.0661264 0 1.33333
70 1 0.0651208 0.0651208 0.0651208 0 1.33333
39 1 0.0579844 0.0579844 0.0579844 0 1.33333
133 1 0.016555 0.016555 0.016555 5e-09 1.33333
105 1 0.0153944 0.0153944 0.0153962 1.81312e-06 1.5
139 1 0.00501096 0.00501096 0.00501096 0 1.5
49 1 0.00458215 0.00458215 0.00458215 0 1.5
56 1 0.00263729 0.00263729 0.00263729 0 1.33333
71 1 0.000155438 0.000155438 0.000155438 0 1.33333
93 1 0.000130818 0.000130818 0.000130818 0 1.33333
124 1 1.5595e-05 1.5595e-05 1.5595e-05 0 1.5
136 1 3.33333e-09 3.33333e-09 1e-08 6.66667e-09 1.5
135 1 1e-08 1e-08 1e-08 0 1.5
134 1 1e-08 1e-08 1e-08 0 1.33333
140 1 1e-08 1e-08 1e-08 0 1.33333
141 1 5e-09 5e-09 1e-08 5e-09 1.5
142 1 1e-08 1e-08 1e-08 0 1.5

40 46 11.9087 4.44141 8.12835 8.02786 1.5
69 23 3.80482 0.994226 4.07251 3.91248 1.5
138 8 1.86589 0.173143 1.54184 1.36458 1.5
137 1 0.170035 0.170035 0.340047 0.170012 1.5
14 1 0.339893 0.339893 0.339893 0 1.5
58 1 0.337491 0.337491 0.337491 0 1.33333
96 1 0.333134 0.333134 0.333134 0 1.25
22 1 0.331814 0.331814 0.331814 0 1.33333
15 1 0.327179 0.327179 0.327179 0 1.33333
46 1 0.318111 0.318111 0.318111 0 1.5
32 1 0.215206 0.215206 0.215206 0 1.33333
127 1 0.179782 0.179782 0.179782 0 1.5
117 1 0.16987 0.16987 0.16987 5e-09 1.5
28 1 0.113088 0.113088 0.113088 0 1.33333
5 1 0.107436 0.107436 0.107436 0 2
38 1 0.0879265 0.0879265 0.0879265 0 1.5
81 1 0.0718024 0.0718024 0.0718024 0 1.33333
55 1 0.0661264 0.0661264 0.0661264 0 1.33333
70 1 0.0651208 0.0651208 0.0651208 0 1.33333
39 1 0.0579844 0.0579844 0.0579844 0 1.33333
144 1 0.054036 0.054036 0.054036 0 1.33333
133 1 0.03311 0.03311 0.03311 0 1.33333
105 1 0.0307888 0.0307888 0.0307888 0 1.5
149 1 0.0297087 0.0297087 0.0297087 0 1.33333
56 1 0.00520212 0.00520212 0.00520212 0 1.33333
139 1 0.00501096 0.00501096 0.00501096 0 1.5
49 1 0.00229107 0.00229107 0.00458215 0.00229107 1.5

138 14 122.902 0.271839 10.7506 10.2274 1.5
40 30 8.3388 3.11 8.63015 8.51937 1.5
69 17 1.87484 1.87484 5.03165 4.92136 1.5
139 1 0.348399 0.348399 0.350904 0.00250548 1.5
137 1 0.340071 0.340071 0.340071 0 1.5
14 1 0.339893 0.339893 0.339893 0 1.5
58 1 0.337491 0.337491 0.337491 0 1.33333
96 1 0.333134 0.333134 0.333134 0 1.25
22 1 0.331814 0.331814 0.331814 0 1.33333
15 1 0.327179 0.327179 0.327179 0 1.33333
32 1 0.215206 0.215206 0.215206 0 1.33333
127 1 0.179782 0.179782 0.179782 0 1.5
46 1 0.159055 0.159055 0.175661 0.0166061 1.5
117 1 0.113246 0.113246 0.121031 0.00778486 1.5
28 1 0.113088 0.113088 0.113088 0 1.33333
70 1 0.109121 0.109121 0.109121 0 1.33333
5 1 0.107436 0.107436 0.107436 0 2
38 1 0.0879265 0.0879265 0.0879265 0 1.5
81 1 0.0718024 0.0718024 0.0718024 0 1.33333
55 1 0.0661264 0.0661264 0.0661264 0 1.33333
39 1 0.0579844 0.0579844 0.0579844 0 1.33333
144 1 0.054036 0.054036 0.054036 0 1.33333
133 1 0.03311 0.03311 0.03311 0 1.33333
149 1 0.0297087 0.0297087 0.0297087 0 1.33333
105 1 0.0153944 0.0153944 0.0153962 1.81312e-06 1.5
56 1 0.00734836 0.00734836 0.00734836 0 1.33333
49 1 0.00458215 0.00458215 0.00458215 0 1.5
152 1 5e-09 5e-09 1e-08 5e-09 1.5
153 1 1e-08 1e-08 1e-08 0 1.5
154 1 5e-09 5e-09 1e-08 5e-09 1.33333
155 1 1e-08 1e-08 1e-08 0 1.33333
156 1 1e-08 1e-08 1e-08 0 1.5
157 1 1e-08 1e-08 1e-08 0 1.33333
158 1 1e-08 1e-08 1e-08 0 1.33333
159 1 1e-08 1e-08 1e-08 0 1.33333
160 1 1e-08 1e-08 1e-08 0 1.33333
161 1 1e-08 1e-08 1e-08 0 1.5

138 39 42.7961 3.42933 11.3743 11.1278 1.5
40 17 9.84834 0.000137198 8.11274 7.63871 1.5
69 17 5.62452 5.62452 5.62452 5.29367 1.5
139 1 0.696798 0.696798 0.696798 0 1.5
137 1 0.170035 0.170035 0.339982 0.169947 1.5
58 1 0.337491 0.337491 0.337491 0 1.33333
96 1 0.333134 0.333134 0.333134 0 1.25
22 1 0.331814 0.331814 0.331814 0 1.33333
15 1 0.327179 0.327179 0.327179 0 1.33333
46 1 0.318111 0.318111 0.318111 0 1.5
32 1 0.215206 0.215206 0.215206 0 1.33333
127 1 0.179782 0.179782 0.179782 0 1.5
117 1 0.16987 0.16987 0.16987 5e-09 1.5
28 1 0.113088 0.113088 0.113088 0 1.33333
5 1 0.107436 0.107436 0.107436 0 2
38 1 0.0879265 0.0879265 0.0879265 0 1.5
81 1 0.0718024 0.0718024 0.0718024 0 1.33333
55 1 0.0661264 0.0661264 0.0661264 0 1.33333
70 1 0.0651208 0.0651208 0.0651208 0 1.33333
39 1 0.0579844 0.0579844 0.0579844 0 1.33333
144 1 0.054036 0.054036 0.054036 0 1.33333
133 1 0.03311 0.03311 0.03311 0 1.33333
149 1 0.0297087 0.0297087 0.0297087 0 1.33333
105 1 0.0153944 0.0153944 0.0153944 5e-09 1.5
56 1 0.00520212 0.00520212 0.00520212 0 1.33333
49 1 0.00152738 0.00152738 0.00152739 6.66667e-09 1.5
171 1 1e-08 1e-08 1e-08 0 1.33333
170 1 1e-08 1e-08 1e-08 0 1.33333
169 1 1e-08 1e-08 1e-08 0 1.33333
168 1 1e-08 1e-08 1e-08 0 1.33333
167 1 1e-08 1e-08 1e-08 0 1.33333

172 9 122.902 3.26531 109.609 97.5195 1.5
178 1 17.9928 17.9928 17.9928 0 1.33333
138 5 1.22251 0.467876 8.36326 8.20965 1.5
69 3 0.602627 0.602627 4.82665 4.62577 1.5
139 1 0.13936 0.13936 0.557438 0.418079 1.5
137 1 0.340071 0.340071 0.340071 0 1.5
22 1 0.331814 0.331814 0.331814 0 1.33333
15 1 0.327179 0.327179 0.327179 0 1.33333
46 1 0.318111 0.318111 0.318111 0 1.5
32 1 0.215206 0.215206 0.215206 0 1.33333
127 1 0.179782 0.179782 0.179782 0 1.5
117 1 0.16987 0.16987 0.16987 5e-09 1.5
58 1 0.168745 0.168745 0.168745 5e-09 1.33333
96 1 0.166567 0.166567 0.166567 5e-09 1.25
105 1 0.0453064 0.0453064 0.146182 0.100876 1.5
28 1 0.113088 0.113088 0.113088 0 1.33333
5 1 0.107436 0.107436 0.107436 0 2
38 1 0.0439632 0.0439632 0.0879265 0.0439632 1.5
81 1 0.0718024 0.0718024 0.0718024 0 1.33333
55 1 0.0661264 0.0661264 0.0661264 0 1.33333
39 1 0.0579844 0.0579844 0.0579844 0 1.33333
144 1 0.054036 0.054036 0.054036 0 1.33333
70 1 0.0494445 0.0494445 0.0494445 0 1.33333
133 1 0.03311 0.03311 0.03311 0 1.33333
149 1 0.0297087 0.0297087 0.0297087 0 1.33333
180 1 0.017799 0.017799 0.017799 0 1.33333
49 1 0.00114554 0.00114554 0.00344768 0.00230215 1.5
56 1 0.00263729 0.00263729 0.00263729 0 1.33333
184 1 1e-08 1e-08 1e-08 0 1.33333
183 1 1e-08 1e-08 1e-08 0 1.5
182 1 1e-08 1e-08 1e-08 0 1.33333
181 1 1e-08 1e-08 1e-08 0 1.33333
179 1 1e-08 1e-08 1e-08 0 1.33333
177 1 1e-08 1e-08 1e-08 0 1.5
176 1 1e-08 1e-08 1e-08 0 1.33333
175 1 1e-08 1e-08 1e-08 0 1.33333
174 1 1e-08 1e-08 1e-08 0 1.33333
173 1 1e-08 1e-08 1e-08 0 1.33333
167 1 1e-08 1e-08 1e-08 0 1.33333
168 1 1e-08 1e-08 1e-08 0 1.33333
169 1 1e-08 1e-08 1e-08 0 1.33333
170 1 1e-08 1e-08 1e-08 0 1.33333
171 1 1e-08 1e-08 1e-08 0 1.33333

172 71 122.902 3.36047e-06 99.0744 97.6813 1.5
138 9 26.4062 10.1061 19.1617 17.0564 1.5
69 3 4.21839 4.21839 4.21839 2.81226 1.5
178 2 1.9992 1.9992 3.06468 2.06507 1.33333
139 1 0.696798 0.696798 0.696798 0 1.5
137 1 0.340071 0.340071 0.340071 0 1.5
117 1 0.339739 0.339739 0.339739 0 1.5
58 1 0.337491 0.337491 0.337491 0 1.33333
96 1 0.333134 0.333134 0.333134 0 1.25
22 1 0.331814 0.331814 0.331814 0 1.33333
15 1 0.327179 0.327179 0.327179 0 1.33333
46 1 0.318111 0.318111 0.318111 0 1.5
32 1 0.215206 0.215206 0.215206 0 1.33333
28 1 0.113088 0.113088 0.113088 0 1.33333
70 1 0.109121 0.109121 0.109121 0 1.33333
5 1 0.107436 0.107436 0.107436 0 2
127 1 0.0898909 0.0898909 0.0898909 5e-09 1.5
81 1 0.0718024 0.0718024 0.0718024 0 1.33333
55 1 0.0661264 0.0661264 0.0661264 0 1.33333
39 1 0.0579844 0.0579844 0.0579844 0 1.33333

172 77 73.3599 73.3599 97.8272 96.8745 1.5
138 11 10.7581 10.7581 14.0889 13.1109 1.5
178 3 17.9928 0.0248212 6.01416 4.9038 1.33333
69 3 1.87484 1.87484 4.37463 3.74968 1.5
139 1 0.696798 0.696798 0.696798 0 1.5
137 1 0.340071 0.340071 0.340071 0 1.5
117 1 0.339739 0.339739 0.339739 0 1.5
58 1 0.337491 0.337491 0.337491 0 1.33333
96 1 0.333134 0.333134 0.333134 0 1.25
22 1 0.165907 0.165907 0.331814 0.165907 1.33333
15 1 0.327179 0.327179 0.327179 0 1.33333

172 77 59.5184 59.5184 120.094 119.321 1.5
138 13 26.4062 1.17239 22.5241 20.8032 1.5
178 3 17.9928 0.00361937 6.00709 4.90091 1.33333
69 2 2.81226 2.81226 4.21839 2.81226 1.5
139 1 0.696798 0.696798 0.696798 0 1.5
137 1 0.340071 0.340071 0.340071 0 1.5
117 1 0.339739 0.339739 0.339739 0 1.5
58 1 0.337491 0.337491 0.337491 0 1.33333
96 1 0.333134 0.333134 0.333134 0 1.25
22 1 0.331814 0.331814 0.331814 0 1.33333

235 1 122.902 122.902 122.902 0 1.5
172 42 34.1846 34.1846 118.902 118.088 1.5
138 6 9.90233 9.90233 18.5206 16.8702 1.5
178 3 17.9928 0.00361937 11.9964 8.48248 1.33333
69 2 5.62452 5.62452 5.62452 2.81226 1.5
139 1 0.696798 0.696798 0.696798 0 1.5
137 1 0.340071 0.340071 0.340071 0 1.5
117 1 0.339739 0.339739 0.339739 0 1.5
58 1 0.337491 0.337491 0.337491 0 1.33333
96 1 0.333134 0.333134 0.333134 0 1.25
22 1 0.331814 0.331814 0.331814 0 1.33333
225 1 0.0184443 0.0184443 0.0553328 0.0368885 1.5
222 1 1e-08 1e-08 1e-08 0 1.33333
234 1 1e-08 1e-08 1e-08 0 1.33333
227 1 1e-08 1e-08 1e-08 0 1.33333
228 1 1e-08 1e-08 1e-08 0 1.33333
223 1 5e-09 5e-09 1e-08 5e-09 1.5
229 1 1e-08 1e-08 1e-08 0 1.33333
230 1 1e-08 1e-08 1e-08 0 1.5
226 1 5e-09 5e-09 1e-08 5e-09 1.5
224 1 2.5e-09 2.5e-09 1e-08 7.5e-09 1.5
231 1 5e-09 5e-09 1e-08 5e-09 1.5
221 1 1e-08 1e-08 1e-08 0 1.33333
232 1 1e-08 1e-08 1e-08 0 1.33333
233 1 1e-08 1e-08 1e-08 0 1.33333

172 4 122.902 122.902 122.902 92.1763 1.5
235 43 44.0398 44.0398 119.84 118.816 1.5
138 6 26.4062 26.4062 26.4062 22.0052 1.5
69 2 5.62452 5.62452 5.62452 2.81226 1.5
139 1 0.696798 0.696798 0.696798 0 1.5
137 1 0.340071 0.340071 0.340071 0 1.5
58 1 0.337491 0.337491 0.337491 0 1.33333
96 1 0.333134 0.333134 0.333134 0 1.25
22 1 0.331814 0.331814 0.331814 0 1.33333
117 1 0.16987 0.16987 0.17378 0.00391024 1.5
221 1 0.142782 0.142782 0.142782 5e-09 1.33333
236 1 0.107416 0.107416 0.107416 0 1.33333
237 1 0.0927764 0.0927764 0.0927764 0 1.33333
225 1 0.0138332 0.0138332 0.0276664 0.0138332 1.5
178 1 0.00827375 0.00827375 0.017754 0.0094802 1.33333
243 1 1e-08 1e-08 1e-08 0 1.33333
242 1 1e-08 1e-08 1e-08 0 1.33333
241 1 1e-08 1e-08 1e-08 0 1.33333
240 1 1e-08 1e-08 1e-08 0 1.33333
239 1 1e-08 1e-08 1e-08 0 1.33333
238 1 1e-08 1e-08 1e-08 0 1.33333
233 1 1e-08 1e-08 1e-08 0 1.33333
232 1 1e-08 1e-08 1e-08 0 1.33333
231 1 5e-09 5e-09 1e-08 5e-09 1.5
224 1 3.33333e-09 3.33333e-09 1e-08 6.66667e-09 1.5
226 1 2.5e-09 2.5e-09 1e-08 7.5e-09 1.5
230 1 1e-08 1e-08 1e-08 0 1.5
229 1 1e-08 1e-08 1e-08 0 1.33333
223 1 1e-08 1e-08 1e-08 0 1.5
228 1 1e-08 1e-08 1e-08 0 1.33333
227 1 1e-08 1e-08 1e-08 0 1.33333
234 1 1e-08 1e-08 1e-08 0 1.33333
222 1 1e-08 1e-08 1e-08 0 1.33333

172 46 84.3803 84.3803 121.523 119.688 1.5
235 45 108.443 108.443 118.12 115.71 1.5
138 5 12.0028 12.0028 14.573 12.1724 1.5
69 1 1.1249 1.1249 2.28121 1.1563 1.5
139 1 0.696798 0.696798 0.696798 0 1.5
137 1 0.340071 0.340071 0.340071 0 1.5
117 1 0.339739 0.339739 0.339739 0 1.5
58 1 0.337491 0.337491 0.337491 0 1.33333

172 44 59.425 59.425 121.601 120.251 1.5
235 43 67.7535 67.7535 118.427 116.851 1.5
138 6 26.4062 1.17239 22.2006 18.5667 1.5
69 1 5.62452 5.62452 5.62452 0 1.5
137 1 4.50768 4.50768 4.67771 0.170035 1.5
139 1 0.696798 0.696798 0.696798 0 1.5
117 1 0.339739 0.339739 0.339739 0 1.5
58 1 0.337491 0.337491 0.337491 0 1.33333
257 1 0.0523807 0.0523807 0.104761 0.0523807 1.5
269 1 0.0342083 0.0342083 0.0342083 0 1.33333
265 1 0.0302226 0.0302226 0.0302226 0 1.33333

172 77 56.6673 56.6673 122.169 121.433 1.5
138 6 26.4062 1.17239 22.2006 18.5667 1.5
137 1 9.01535 9.01535 9.01535 0 1.5
69 1 2.81226 2.81226 2.81226 5e-09 1.5
139 1 0.696798 0.696798 0.696798 0 1.5
117 1 0.339739 0.339739 0.339739 0 1.5
58 1 0.337491 0.337491 0.337491 0 1.33333
257 1 0.0523807 0.0523807 0.104761 0.0523807 1.5
282 1 0.0880666 0.0880666 0.0880666 0 1.33333
269 1 0.0342083 0.0342083 0.0342083 0 1.33333
265 1 0.0302226 0.0302226 0.0302226 0 1.33333
288 1 0.0057391 0.0057391 0.0057391 0 1.33333
281 1 0.00498057 0.00498057 0.00498057 0 1.33333
273 1 0.00239398 0.00239398 0.00239398 0 1.5
274 1 0.00154868 0.00154868 0.00154869 6.66667e-09 1.5
275 1 1e-08 1e-08 1e-08 0 1.33333
276 1 1e-08 1e-08 1e-08 0 1.33333
277 1 1e-08 1e-08 1e-08 0 1.33333
278 1 1e-08 1e-08 1e-08 0 1.33333
279 1 1e-08 1e-08 1e-08 0 1.33333

289 11 122.902 122.902 122.902 111.729 1.5
297 1 122.902 122.902 122.902 0 1.5
172 30 24.9125 24.9125 119.759 118.929 1.5
138 4 13.2031 13.2031 16.7063 13.4056 1.5
137 1 9.01535 9.01535 9.01535 0 1.5
69 1 5.62452 5.62452 5.62452 0 1.5
139 1 0.696798 0.696798 0.696798 0 1.5
117 1 0.339739 0.339739 0.339739 0 1.5
58 1 0.337491 0.337491 0.337491 0 1.33333
257 1 0.0523807 0.0523807 0.104761 0.0523807 1.5
282 1 0.0880666 0.0880666 0.0880666 0 1.33333
269 1 0.0342083 0.0342083 0.0342083 0 1.33333
265 1 0.0302226 0.0302226 0.0302226 0 1.33333
288 1 0.0057391 0.0057391 0.0057391 0 1.33333
281 1 0.00498057 0.00498057 0.00498057 0 1.33333
273 1 0.00239398 0.00239398 0.00239398 0 1.5
274 1 0.00232303 0.00232303 0.00232303 5e-09 1.5
302 1 1e-08 1e-08 1e-08 0 1.33333
301 1 1e-08 1e-08 1e-08 0 1.33333
300 1 1e-08 1e-08 1e-08 0 1.33333
299 1 1e-08 1e-08 1e-08 0 1.33333
298 1 1e-08 1e-08 1e-08 0 1.5
296 1 1e-08 1e-08 1e-08 0 1.33333
295 1 1e-08 1e-08 1e-08 0 1.5
294 1 5e-09 5e-09 1e-08 5e-09 1.5
293 1 1e-08 1e-08 1e-08 0 1.33333
292 1 1e-08 1e-08 1e-08 0 1.5
291 1 1e-08 1e-08 1e-08 0 1.33333
290 1 1e-08 1e-08 1e-08 0 1.33333
279 1 1e-08 1e-08 1e-08 0 1.33333
278 1 1e-08 1e-08 1e-08 0 1.33333
277 1 1e-08 1e-08 1e-08 0 1.33333
276 1 1e-08 1e-08 1e-08 0 1.33333
275 1 1e-08 1e-08 1e-08 0 1.33333

172 3 122.902 122.902 122.902 81.9345 1.5
289 30 51.209 51.209 117.913 116.206 1.5
297 28 81.9345 81.9345 111.595 108.669 1.5
138 4 17.6041 17.6041 17.6313 13.2303 1.5
137 1 9.01535 9.01535 9.01535 0 1.5
69 1 5.62452 5.62452 5.62452 0 1.5
139 1 0.696798 0.696798 0.696798 0 1.5
117 1 0.339739 0.339739 0.339739 0 1.5
58 1 0.337491 0.337491 0.337491 0 1.33333
273 1 0.148608 0.148608 0.149805 0.00119699 1.5
257 1 0.104761 0.104761 0.104761 0 1.5
282 1 0.0880666 0.0880666 0.0880666 0 1.33333
292 1 0.0523807 0.0523807 0.0523807 5e-09 1.5
279 1 0.0356275 0.0356275 0.0356275 0 1.33333
269 1 0.0342083 0.0342083 0.0342083 0 1.33333
265 1 0.0302226 0.0302226 0.0302226 0 1.33333
288 1 0.0057391 0.0057391 0.0057391 0 1.33333
281 1 0.00498057 0.00498057 0.00498057 0 1.33333
303 1 0.00464605 0.00464605 0.00464605 0 1.5
314 1 0.00111326 0.00111326 0.00111326 0 1.5
315 1 1e-08 1e-08 1e-08 0 1.33333
313 1 1e-08 1e-08 1e-08 0 1.33333
312 1 1e-08 1e-08 1e-08 0 1.5
311 1 1e-08 1e-08 1e-08 0 1.33333
310 1 5e-09 5e-09 1e-08 5e-09 1.5
309 1 1e-08 1e-08 1e-08 0 1.33333
316 1 1e-08 1e-08 1e-08 0 1.5
308 1 1e-08 1e-08 1e-08 0 1.33333
307 1 1e-08 1e-08 1e-08 0 1.33333
317 1 1e-08 1e-08 1e-08 0 1.33333
306 1 1e-08 1e-08 1e-08 0 1.33333
305 1 1e-08 1e-08 1e-08 0 1.33333
304 1 1e-08 1e-08 1e-08 0 1.33333
318 1 1e-08 1e-08 1e-08 0 1.33333
275 1 1e-08 1e-08 1e-08 0 1.33333
276 1 1e-08 1e-08 1e-08 0 1.33333
277 1 1e-08 1e-08 1e-08 0 1.33333
278 1 5e-09 5e-09 1e-08 5e-09 1.33333
290 1 1e-08 1e-08 1e-08 0 1.33333
291 1 1e-08 1e-08 1e-08 0 1.33333

319 7 122.902 122.902 122.902 105.344 1.5
297 1 122.902 122.902 122.902 0 1.5
329 1 122.902 122.902 122.902 0 1.5
289 18 33.5186 33.5186 121.055 119.193 1.5
172 18 36.2661 36.2661 120.928 118.913 1.5
138 4 26.4062 26.4062 26.4062 19.8047 1.5
137 1 9.01535 9.01535 9.01535 0 1.5
69 1 5.62452 5.62452 5.62452 0 1.5
139 1 0.696798 0.696798 0.696798 0 1.5
117 1 0.339739 0.339739 0.339739 0 1.5
58 1 0.337491 0.337491 0.337491 0 1.33333
273 1 0.148608 0.148608 0.148608 5e-09 1.5
257 1 0.104761 0.104761 0.104761 0 1.5
292 1 0.104761 0.104761 0.104761 0 1.5
282 1 0.0880666 0.0880666 0.0880666 0 1.33333
334 1 0.0387246 0.0387246 0.0387246 0 1.5
269 1 0.0342083 0.0342083 0.0342083 0 1.33333
265 1 0.0302226 0.0302226 0.0302226 0 1.33333
337 1 0.00992992 0.00992992 0.00992992 0 1.5
288 1 0.0057391 0.0057391 0.0057391 0 1.33333
281 1 0.00498057 0.00498057 0.00498057 0 1.33333
303 1 0.00464605 0.00464605 0.00464605 0 1.5
314 1 0.00111326 0.00111326 0.00111326 0 1.5
327 1 1e-08 1e-08 1e-08 0 1.33333
326 1 1e-08 1e-08 1e-08 0 1.33333
325 1 1e-08 1e-08 1e-08 0 1.33333
324 1 1e-08 1e-08 1e-08 0 1.33333
323 1 1e-08 1e-08 1e-08 0 1.33333
322 1 3.33333e-09 3.33333e-09 1e-08 6.66667e-09 1.5
321 1 3.33333e-09 3.33333e-09 1e-08 6.66667e-09 1.5
320 1 5e-09 5e-09 1e-08 5e-09 1.5
328 1 1e-08 1e-08 1e-08 0 1.33333
330 1 1e-08 1e-08 1e-08 0 1.33333
331 1 1e-08 1e-08 1e-08 0 1.33333
332 1 1e-08 1e-08 1e-08 0 1.33333
333 1 1e-08 1e-08 1e-08 0 1.33333
335 1 1e-08 1e-08 1e-08 0 1.33333
336 1 1e-08 1e-08 1e-08 0 1.5
338 1 1e-08 1e-08 1e-08 0 1.33333
339 1 1e-08 1e-08 1e-08 0 1.33333
279 1 1e-08 1e-08 1e-08 0 1.33333
315 1 1e-08 1e-08 1e-08 0 1.33333
313 1 1e-08 1e-08 1e-08 0 1.33333
312 1 1e-08 1e-08 1e-08 0 1.5
311 1 1e-08 1e-08 1e-08 0 1.33333
310 1 1e-08 1e-08 1e-08 0 1.5
309 1 1e-08 1e-08 1e-08 0 1.33333
316 1 1e-08 1e-08 1e-08 0 1.5
308 1 1e-08 1e-08 1e-08 0 1.33333
307 1 1e-08 1e-08 1e-08 0 1.33333
317 1 1e-08 1e-08 1e-08 0 1.33333
306 1 1e-08 1e-08 1e-08 0 1.33333
305 1 1e-08 1e-08 1e-08 0 1.33333
304 1 1e-08 1e-08 1e-08 0 1.33333
318 1 1e-08 1e-08 1e-08 0 1.33333
275 1 1e-08 1e-08 1e-08 0 1.33333
276 1 1e-08 1e-08 1e-08 0 1.33333
277 1 1e-08 1e-08 1e-08 0 1.33333

289 1 122.902 122.902 122.902 0 1.5
172 9 122.902 122.902 122.902 109.246 1.5
329 18 81.9345 81.9345 122.902 118.35 1.5
297 18 73.741 73.741 118.99 114.894 1.5
319 17 36.6549 36.6549 116.343 114.187 1.5
138 4 26.4062 26.4062 26.4062 19.8047 1.5
137 1 9.01535 9.01535 9.01535 0 1.5
69 1 5.62452 5.62452 5.62452 0 1.5
139 1 0.696798 0.696798 0.696798 0 1.5
117 1 0.339739 0.339739 0.339739 0 1.5
58 1 0.337491 0.337491 0.337491 0 1.33333
342 1 0.284593 0.284593 0.284593 0 1.5
273 1 0.148608 0.148608 0.148608 5e-09 1.5
257 1 0.104761 0.104761 0.104761 0 1.5
292 1 0.104761 0.104761 0.104761 0 1.5
353 1 0.10169 0.10169 0.10169 0 1.33333
282 1 0.0880666 0.0880666 0.0880666 0 1.33333
334 1 0.0387246 0.0387246 0.0387246 0 1.5
269 1 0.0342083 0.0342083 0.0342083 0 1.33333
265 1 0.0302226 0.0302226 0.0302226 0 1.33333
337 1 0.00992992 0.00992992 0.00992992 0 1.5
352 1 0.00314161 0.00314161 0.00628322 0.00314161 1.5
288 1 0.0057391 0.0057391 0.0057391 0 1.33333
281 1 0.00498057 0.00498057 0.00498057 0 1.33333
303 1 0.00464605 0.00464605 0.00464605 0 1.5
314 1 0.00111326 0.00111326 0.00111326 0 1.5
344 1 0.000317906 0.000317906 0.000317906 0 1.5
308 1 1e-08 1e-08 1e-08 0 1.33333
307 1 1e-08 1e-08 1e-08 0 1.33333
317 1 1e-08 1e-08 1e-08 0 1.33333
306 1 1e-08 1e-08 1e-08 0 1.33333
305 1 1e-08 1e-08 1e-08 0 1.33333
304 1 1e-08 1e-08 1e-08 0 1.33333
318 1 1e-08 1e-08 1e-08 0 1.33333
275 1 1e-08 1e-08 1e-08 0 1.33333
276 1 1e-08 1e-08 1e-08 0 1.33333
277 1 1e-08 1e-08 1e-08 0 1.33333
340 1 1e-08 1e-08 1e-08 0 1.33333
341 1 1e-08 1e-08 1e-08 0 1.33333
343 1 1e-08 1e-08 1e-08 0 1.5

289 19 47.6558 47.6558 122.902 120.394 1.5
354 1 122.902 122.902 122.902 0 1.5
319 14 122.902 122.902 122.902 114.123 1.5
297 18 59.79 59.79 119.601 116.28 1.5
329 18 50.278 50.278 117.464 114.67 1.5
138 3 15.8437 15.8437 21.125 15.8437 1.5
137 1 9.01535 9.01535 9.01535 0 1.5
69 1 5.62452 5.62452 5.62452 0 1.5
139 1 0.696798 0.696798 0.696798 0 1.5
117 1 0.339739 0.339739 0.339739 0 1.5
58 1 0.337491 0.337491 0.337491 0 1.33333
273 1 0.297215 0.297215 0.297215 0 1.5
342 1 0.284593 0.284593 0.284593 0 1.5
257 1 0.0523807 0.0523807 0.104761 0.0523807 1.5
292 1 0.104761 0.104761 0.104761 0 1.5
353 1 0.10169 0.10169 0.10169 0 1.33333
282 1 0.0880666 0.0880666 0.0880666 0 1.33333
360 1 0.0473401 0.0473401 0.0473401 0 1.33333
334 1 0.0387246 0.0387246 0.0387246 0 1.5
356 1 0.0368879 0.0368879 0.0368879 0 1.5
269 1 0.0342083 0.0342083 0.0342083 0 1.33333
265 1 0.0302226 0.0302226 0.0302226 0 1.33333
355 1 0.0104259 0.0104259 0.0208518 0.0104259 1.5
337 1 0.00992992 0.00992992 0.00992992 0 1.5
352 1 0.00628322 0.00628322 0.00628322 0 1.5
288 1 0.0057391 0.0057391 0.0057391 0 1.33333
281 1 0.00498057 0.00498057 0.00498057 0 1.33333
303 1 0.00464605 0.00464605 0.00464605 0 1.5
314 1 0.00111326 0.00111326 0.00111326 0 1.5
344 1 0.000317906 0.000317906 0.000317906 0 1.5
365 1 1e-08 1e-08 1e-08 0 1.33333
364 1 1e-08 1e-08 1e-08 0 1.33333
363 1 1e-08 1e-08 1e-08 0 1.33333
362 1 1e-08 1e-08 1e-08 0 1.33333

319 2 122.902 122.902 122.902 61.4509 1.5
329 17 122.902 122.902 122.902 115.672 1.5
289 18 81.9345 81.9345 122.902 118.35 1.5
297 18 59.79 59.79 118.157 114.836 1.5
354 18 34.0343 34.0343 117.849 115.959 1.5
138 3 26.4062 26.4062 26.4062 17.6041 1.5
137 1 9.01535 9.01535 9.01535 0 1.5
69 1 5.62452 5.62452 5.62452 0 1.5
139 1 0.348399 0.348399 0.357137 0.00873834 1.5
117 1 0.339739 0.339739 0.339739 0 1.5
58 1 0.337491 0.337491 0.337491 0 1.33333
273 1 0.297215 0.297215 0.297215 0 1.5
342 1 0.284593 0.284593 0.284593 0 1.5
257 1 0.104761 0.104761 0.104761 0 1.5
353 1 0.10169 0.10169 0.10169 0 1.33333
282 1 0.0880666 0.0880666 0.0880666 0 1.33333
360 1 0.0473401 0.0473401 0.0473401 0 1.33333
334 1 0.0387246 0.0387246 0.0387246 0 1.5
356 1 0.0368879 0.0368879 0.0368879 0 1.5
269 1 0.0342083 0.0342083 0.0342083 0 1.33333
265 1 0.0302226 0.0302226 0.0302226 0 1.33333
292 1 0.0209523 0.0209523 0.0209523 8e-09 1.5
355 1 0.0208518 0.0208518 0.0208518 0 1.5
337 1 0.00992992 0.00992992 0.00992992 0 1.5
352 1 0.00628322 0.00628322 0.00628322 0 1.5
288 1 0.0057391 0.0057391 0.0057391 0 1.33333
281 1 0.00498057 0.00498057 0.00498057 0 1.33333
303 1 0.00464605 0.00464605 0.00464605 0 1.5
314 1 0.00111326 0.00111326 0.00111326 0 1.5
344 1 0.000317906 0.000317906 0.000317906 0 1.5
380 1 1e-08 1e-08 1e-08 0 1.33333

329 23 78.5205 78.5205 122.902 119.488 1.5
354 9 122.902 122.902 122.902 109.246 1.5
319 23 44.1678 44.1678 121.48 119.56 1.5
289 22 62.8799 62.8799 114.552 111.694 1.5
138 3 15.8437 15.8437 16.2989 11.0177 1.5
137 1 9.01535 9.01535 9.01535 0 1.5
69 1 3.53115 3.53115 6.34341 2.81226 1.5
139 1 0.696798 0.696798 0.696798 0 1.5
117 1 0.339739 0.339739 0.339739 0 1.5
58 1 0.337491 0.337491 0.337491 0 1.33333
342 1 0.284593 0.284593 0.284593 0 1.5
273 1 0.148608 0.148608 0.176331 0.0277229 1.5
257 1 0.121329 0.121329 0.173709 0.0523807 1.5
292 1 0.104761 0.104761 0.104761 0 1.5
353 1 0.10169 0.10169 0.10169 0 1.33333
282 1 0.0880666 0.0880666 0.0880666 0 1.33333
384 1 0.0872917 0.0872917 0.0872917 0 1.5
388 1 0.0635139 0.0635139 0.0635139 0 1.5
360 1 0.0473401 0.0473401 0.0473401 0 1.33333
334 1 0.0387246 0.0387246 0.0387246 0 1.5
356 1 0.0368879 0.0368879 0.0368879 0 1.5
269 1 0.0342083 0.0342083 0.0342083 0 1.33333
265 1 0.0302226 0.0302226 0.0302226 0 1.33333
355 1 0.0208518 0.0208518 0.0208518 0 1.5
337 1 0.00992992 0.00992992 0.00992992 0 1.5
352 1 0.00628322 0.00628322 0.00628322 0 1.5

289 22 122.902 122.902 122.902 117.315 1.5
319 23 65.7381 65.7381 120.624 117.765 1.5
354 22 65.9473 65.9473 120.093 117.095 1.5
329 22 56.3299 56.3299 119.417 116.856 1.5
138 3 26.4062 26.4062 26.4062 17.6041 1.5
137 1 9.01535 9.01535 9.01535 0 1.5
69 1 2.3541 2.3541 2.38818 0.0340795 1.5
139 1 0.696798 0.696798 0.696798 0 1.5
117 1 0.339739 0.339739 0.339739 0 1.5
58 1 0.337491 0.337491 0.337491 0 1.33333
273 1 0.297215 0.297215 0.297215 0 1.5
342 1 0.142297 0.142297 0.273463 0.131166 1.5
257 1 0.121329 0.121329 0.173709 0.0523807 1.5
407 1 0.172424 0.172424 0.172424 0 1.5

329 21 122.902 122.902 122.902 117.049 1.5
354 22 61.4509 61.4509 122.902 120.108 1.5
319 22 65.9473 65.9473 120.136 117.138 1.5
289 21 39.7067 39.7067 117.511 115.62 1.5
138 3 26.4062 26.4062 26.4062 17.6041 1.5
419 1 14.1332 14.1332 14.1332 0 1.5
137 1 9.01535 9.01535 9.01535 0 1.5
69 1 3.53115 3.53115 3.55051 0.0193623 1.5
139 1 0.696798 0.696798 0.696798 0 1.5
117 1 0.339739 0.339739 0.339739 0 1.5
58 1 0.337491 0.337491 0.337491 0 1.33333
342 1 0.284593 0.284593 0.284593 0 1.5
407 1 0.172424 0.172424 0.172424 0 1.5
273 1 0.148608 0.148608 0.154205 0.00559718 1.5
257 1 0.121329 0.121329 0.128083 0.00675469 1.5
420 1 0.0540472 0.0540472 0.0540472 0 1.33333
421 1 0.0111944 0.0111944 0.0111944 0 1.5

289 16 122.902 122.902 122.902 115.22 1.5
354 22 53.0164 53.0164 120.512 118.102 1.5
319 22 56.3299 56.3299 117.837 115.276 1.5
329 21 56.1073 56.1073 115.735 113.063 1.5
138 3 26.4062 26.4062 26.4062 17.6041 1.5
419 1 14.1332 14.1332 14.1332 0 1.5
137 1 9.01535 9.01535 9.01535 0 1.5
428 1 3.53115 3.53115 3.5339 0.00275045 1.5
139 1 0.696798 0.696798 0.696798 0 1.5
117 1 0.339739 0.339739 0.339739 0 1.5
58 1 0.337491 0.337491 0.337491 0 1.33333
273 1 0.297215 0.297215 0.297215 0 1.5
342 1 0.284593 0.284593 0.284593 0 1.5
257 1 0.242657 0.242657 0.242657 0 1.5
407 1 0.172424 0.172424 0.172424 0 1.5
420 1 0.0540472 0.0540472 0.0540472 0 1.33333
69 1 0.0387246 0.0387246 0.0387246 0 1.5
442 1 0.0208518 0.0208518 0.0208518 0 1.5
421 1 0.0111944 0.0111944 0.0111944 0 1.5
430 1 0.00628322 0.00628322 0.00628322 0 1.5
437 1 0.00242511 0.00242511 0.00242511 0 1.5
450 1 1e-08 1e-08 1e-08 0 1.33333

319 22 87.2206 87.2206 122.902 118.937 1.5
329 21 122.902 122.902 122.902 117.049 1.5
354 22 48.2828 48.2828 120.864 118.67 1.5
289 22 54.0767 54.0767 120.454 117.996 1.5
138 3 26.4062 26.4062 26.4062 17.6041 1.5
419 1 14.1332 14.1332 14.1332 0 1.5
137 1 9.01535 9.01535 9.01535 0 1.5
428 1 7.0623 7.0623 7.0623 0 1.5
139 1 0.696798 0.696798 0.696798 0 1.5
117 1 0.339739 0.339739 0.339739 0 1.5
58 1 0.337491 0.337491 0.337491 0 1.33333
273 1 0.297215 0.297215 0.297215 0 1.5
407 1 0.172424 0.172424 0.172424 0 1.5
342 1 0.142297 0.142297 0.142297 5e-09 1.5
257 1 0.0808857 0.0808857 0.140439 0.0595536 1.5
466 1 0.104761 0.104761 0.104761 0 1.5

289 18 105.344 105.344 122.902 117.049 1.5
474 1 122.902 122.902 122.902 0 1.5
329 18 46.0881 46.0881 120.345 117.784 1.5
319 18 45.1476 45.1476 118.517 116.008 1.5
354 17 38.6913 38.6913 116.141 113.865 1.5
138 3 19.8047 19.8047 19.8047 13.2031 1.5
419 1 14.1332 14.1332 14.1332 0 1.5
137 1 9.01535 9.01535 9.01535 0 1.5
428 1 7.0623 7.0623 7.0623 0 1.5
478 1 0.905297 0.905297 0.905297 0 1.33333
139 1 0.696798 0.696798 0.696798 0 1.5
117 1 0.339739 0.339739 0.339739 0 1.5
58 1 0.337491 0.337491 0.337491 0 1.33333
273 1 0.297215 0.297215 0.297215 0 1.5
257 1 0.242657 0.242657 0.242657 0 1.5
407 1 0.172424 0.172424 0.172424 0 1.5
342 1 0.142297 0.142297 0.142297 5e-09 1.5
466 1 0.104761 0.104761 0.104761 0 1.5
473 1 0.0128946 0.0128946 0.0128946 5e-09 1.33333
475 1 0.000371088 0.000371088 0.00111326 0.000742176 1.5
469 1 1e-08 1e-08 1e-08 0 1.5
470 1 1e-08 1e-08 1e-08 0 1.33333
471 1 1e-08 1e-08 1e-08 0 1.5
472 1 1e-08 1e-08 1e-08 0 1.33333
476 1 1e-08 1e-08 1e-08 0 1.5
477 1 1e-08 1e-08 1e-08 0 1.5

329 18 63.2066 63.2066 122.902 119.39 1.5
319 3 122.902 122.902 122.902 81.9345 1.5
354 17 122.902 122.902 122.902 115.672 1.5
474 18 47.0687 47.0687 122.902 120.287 1.5
289 18 49.1607 49.1607 120.25 117.519 1.5
138 3 26.4062 26.4062 26.4062 17.6041 1.5
419 1 14.1332 14.1332 14.1332 0 1.5
137 1 9.01535 9.01535 9.01535 0 1.5
428 1 2.3541 2.3541 2.40362 0.0495179 1.5
478 1 0.905297 0.905297 0.905297 0 1.33333
139 1 0.696798 0.696798 0.696798 0 1.5
117 1 0.339739 0.339739 0.339739 0 1.5
58 1 0.337491 0.337491 0.337491 0 1.33333
273 1 0.297215 0.297215 0.297215 0 1.5
342 1 0.284593 0.284593 0.284593 0 1.5
257 1 0.242657 0.242657 0.242657 0 1.5
407 1 0.0862119 0.0862119 0.172424 0.0862119 1.5
466 1 0.104761 0.104761 0.104761 0 1.5
495 1 0.0808923 0.0808923 0.0808923 0 1.33333
488 1 0.0479241 0.0479241 0.0479241 0 1.33333
471 1 0.0436459 0.0436459 0.0436459 5e-09 1.5
479 1 0.0360634 0.0360634 0.0360634 0 1.33333
473 1 0.0257891 0.0257891 0.0257891 0 1.33333
486 1 0.0105146 0.0105146 0.0105146 0 1.5
475 1 0.00111326 0.00111326 0.00111326 0 1.5
494 1 1e-08 1e-08 1e-08 0 1.33333
493 1 1e-08 1e-08 1e-08 0 1.5
492 1 1e-08 1e-08 1e-08 0 1.33333
491 1 1e-08 1e-08 1e-08 0 1.33333
490 1 1e-08 1e-08 1e-08 0 1.5

354 18 53.9568 53.9568 122.902 119.904 1.5
329 18 63.2066 63.2066 122.902 119.39 1.5
289 18 122.902 122.902 122.902 116.074 1.5
319 17 80.3588 80.3588 118.215 113.488 1.5
474 17 83.5732 83.5732 118.027 113.111 1.5
138 3 26.4062 26.4062 26.4062 17.6041 1.5
419 1 14.1332 14.1332 14.1332 0 1.5
137 1 9.01535 9.01535 9.01535 0 1.5
428 1 7.0623 7.0623 7.0623 0 1.5
139 1 0.696798 0.696798 0.696798 0 1.5
58 1 0.337491 0.337491 0.337491 0 1.33333
342 1 0.284593 0.284593 0.284593 0 1.5
511 1 0.256406 0.256406 0.256406 0 1.5
407 1 0.162576 0.162576 0.248859 0.0862822 1.5
257 1 0.242657 0.242657 0.242657 0 1.5
508 1 0.218015 0.218015 0.218015 0 1.33333

354 19 61.4509 61.4509 122.902 119.667 1.5
474 17 122.902 122.902 122.902 115.672 1.5
329 18 52.6722 52.6722 116.702 113.775 1.5
319 18 76.2838 76.2838 115.701 111.463 1.5
289 16 44.6915 44.6915 109.094 106.301 1.5
138 3 26.4062 26.4062 26.4062 17.6041 1.5
419 1 14.1332 14.1332 14.1332 0 1.5
137 1 9.01535 9.01535 9.01535 0 1.5
428 1 2.3541 2.3541 2.44488 0.0907805 1.5
139 1 0.696798 0.696798 0.696798 0 1.5
407 1 0.650305 0.650305 0.650305 0 1.5
257 1 0.241358 0.241358 0.362687 0.121329 1.5
58 1 0.337491 0.337491 0.337491 0 1.33333
524 1 0.302906 0.302906 0.302906 0 1.33333
521 1 0.293471 0.293471 0.293471 0 1.5
342 1 0.284593 0.284593 0.284593 0 1.5

289 15 122.902 122.902 122.902 114.708 1.5
354 18 59.79 59.79 122.902 119.58 1.5
319 18 69.1322 69.1322 120.379 116.538 1.5
474 18 59.79 59.79 119.838 116.516 1.5
329 18 48.092 48.092 117.71 115.038 1.5
138 3 19.8047 19.8047 19.9041 13.3026 1.5
419 1 14.1332 14.1332 14.1332 0 1.5
137 1 9.01535 9.01535 9.01535 0 1.5
428 1 3.53115 3.53115 3.67789 0.146736 1.5
139 1 0.696798 0.696798 0.696798 0 1.5
407 1 0.650305 0.650305 0.650305 0 1.5
58 1 0.337491 0.337491 0.337491 0 1.33333
547 1 0.325849 0.325849 0.325849 0 1.33333
257 1 0.241358 0.241358 0.305291 0.0639332 1.5
524 1 0.302906 0.302906 0.302906 0 1.33333
342 1 0.284593 0.284593 0.284593 0 1.5
544 1 0.0507485 0.0507485 0.0507485 0 1.33333

289 18 52.6722 52.6722 122.902 119.975 1.5
551 4 122.902 122.902 122.902 92.1763 1.5
329 18 122.902 122.902 122.902 116.074 1.5
354 18 35.6811 35.6811 122.902 120.919 1.5
319 18 55.3058 55.3058 119.842 116.77 1.5
138 2 13.2031 13.2031 19.8049 13.2033 1.5
419 1 14.1332 14.1332 14.1332 0 1.5
137 1 9.01535 9.01535 9.01535 0 1.5
552 1 3.53115 3.53115 3.65935 0.128203 1.5
139 1 0.696798 0.696798 0.696798 0 1.5
407 1 0.650305 0.650305 0.650305 0 1.5
257 1 0.241358 0.241358 0.482716 0.241358 1.5
58 1 0.337491 0.337491 0.337491 0 1.33333
547 1 0.304065 0.304065 0.304065 0 1.33333
524 1 0.302906 0.302906 0.302906 0 1.33333
342 1 0.284593 0.284593 0.284593 0 1.5
554 1 0.0872917 0.0872917 0.0872917 0 1.5
544 1 0.0507485 0.0507485 0.0507485 0 1.33333
560 1 0.0104259 0.0104259 0.0208518 0.0104259 1.5
558 1 0.0111944 0.0111944 0.0111944 0 1.5
569 1 1e-08 1e-08 1e-08 0 1.5
568 1 1e-08 1e-08 1e-08 0 1.33333
567 1 1e-08 1e-08 1e-08 0 1.33333
566 1 1e-08 1e-08 1e-08 0 1.33333
565 1 1e-08 1e-08 1e-08 0 1.33333
564 1 1e-08 1e-08 1e-08 0 1.33333
563 1 1e-08 1e-08 1e-08 0 1.5
562 1 1e-08 1e-08 1e-08 0 1.33333
561 1 1e-08 1e-08 1e-08 0 1.33333

319 18 116.433 116.433 122.902 116.433 1.5
570 7 122.902 122.902 122.902 105.344 1.5
329 18 53.9568 53.9568 117.874 114.876 1.5
289 18 55.3058 55.3058 116.8 113.728 1.5
551 17 43.5277 43.5277 112.927 110.366 1.5
138 2 17.6041 17.6041 17.6041 8.80207 1.5
419 1 14.1332 14.1332 14.1332 0 1.5
137 1 9.01535 9.01535 9.01535 0 1.5
552 1 7.0623 7.0623 7.0623 0 1.5
583 1 1.6476 1.6476 1.6476 0 1.33333
572 1 1.43956 1.43956 1.43956 0 1.5
139 1 0.696798 0.696798 0.696798 0 1.5
407 1 0.650305 0.650305 0.650305 0 1.5
257 1 0.482716 0.482716 0.482716 0 1.5
58 1 0.337491 0.337491 0.337491 0 1.33333
547 1 0.325849 0.325849 0.325849 0 1.33333
342 1 0.284593 0.284593 0.284593 0 1.5
580 1 0.106643 0.106643 0.106643 0 1.5
524 1 0.0924804 0.0924804 0.0924804 0 1.33333
554 1 0.0872917 0.0872917 0.0872917 0 1.5
544 1 0.0507485 0.0507485 0.0507485 0 1.33333
588 1 0.0467102 0.0467102 0.0467102 0 1.5
560 1 0.0208518 0.0208518 0.0208518 0 1.5
558 1 0.0111944 0.0111944 0.0111944 0 1.5
586 1 1e-08 1e-08 1e-08 0 1.33333
585 1 1e-08 1e-08 1e-08 0 1.33333
584 1 1e-08 1e-08 1e-08 0 1.33333

319 18 58.2166 58.2166 122.902 119.667 1.5
289 18 67.0373 67.0373 122.902 119.177 1.5
551 15 122.902 122.902 122.902 114.708 1.5
570 18 79.0082 79.0082 122.058 117.669 1.5
329 17 54.9823 54.9823 119.698 116.464 1.5
138 2 26.4062 26.4062 26.4062 13.2031 1.5
419 1 14.1332 14.1332 14.1332 0 1.5
137 1 9.01535 9.01535 9.01535 0 1.5
552 1 3.53115 3.53115 3.61739 0.086239 1.5
583 1 1.6476 1.6476 1.6476 0 1.33333
572 1 1.43956 1.43956 1.43956 0 1.5
139 1 0.696798 0.696798 0.696798 0 1.5
407 1 0.650305 0.650305 0.650305 0 1.5
257 1 0.241358 0.241358 0.482716 0.241358 1.5
58 1 0.337491 0.337491 0.337491 0 1.33333
547 1 0.304065 0.304065 0.304065 0 1.33333
524 1 0.302906 0.302906 0.302906 0 1.33333
342 1 0.284593 0.284593 0.284593 0 1.5
580 1 0.106643 0.106643 0.106643 0 1.5

329 17 122.902 122.902 122.902 115.672 1.5
570 18 73.741 73.741 122.902 118.805 1.5
319 18 69.1322 69.1322 120.818 116.977 1.5
289 17 49.7459 49.7459 119.993 117.067 1.5
551 17 58.0369 58.0369 119.506 116.092 1.5
138 2 17.6041 17.6041 17.6305 8.8284 1.5
419 1 14.1332 14.1332 14.1332 0 1.5
137 1 9.01535 9.01535 9.01535 0 1.5
552 1 7.0623 7.0623 7.0623 0 1.5
619 1 6.19318 6.19318 6.19318 0 1.33333
583 1 1.6476 1.6476 1.6476 0 1.33333
572 1 1.43956 1.43956 1.43956 0 1.5
139 1 0.696798 0.696798 0.696798 0 1.5
407 1 0.650305 0.650305 0.650305 0 1.5
257 1 0.241358 0.241358 0.482716 0.241358 1.5
58 1 0.337491 0.337491 0.337491 0 1.33333
547 1 0.325849 0.325849 0.325849 0 1.33333
524 1 0.302906 0.302906 0.302906 0 1.33333

289 15 83.7966 83.7966 122.902 117.315 1.5
551 15 108.443 108.443 122.902 115.672 1.5
639 1 122.902 122.902 122.902 0 1.5
329 15 49.825 49.825 122.902 119.58 1.5
319 15 55.8644 55.8644 119.247 115.523 1.5
570 14 35.1148 35.1148 114.202 111.694 1.5
138 2 26.4062 26.4062 26.4062 13.2031 1.5
419 1 14.1332 14.1332 14.1332 0 1.5
137 1 9.01535 9.01535 9.01535 0 1.5
552 1 7.0623 7.0623 7.0623 0 1.5
619 1 6.19318 6.19318 6.19318 0 1.33333
583 1 1.6476 1.6476 1.6476 0 1.33333
572 1 1.43956 1.43956 1.43956 0 1.5
139 1 0.696798 0.696798 0.696798 0 1.5
257 1 0.482716 0.482716 0.482716 0 1.5
58 1 0.337491 0.337491 0.337491 0 1.33333
547 1 0.304065 0.304065 0.304065 0 1.33333
524 1 0.302906 0.302906 0.302906 0 1.33333
407 1 0.216768 0.216768 0.216956 0.000187455 1.5
642 1 0.0554458 0.0554458 0.0554458 0 1.5
643 1 0.0510866 0.0510866 0.0510866 0 1.33333
653 1 1e-08 1e-08 1e-08 0 1.33333
652 1 1e-08 1e-08 1e-08 0 1.33333
651 1 1e-08 1e-08 1e-08 0 1.33333
650 1 1e-08 1e-08 1e-08 0 1.33333
649 1 1e-08 1e-08 1e-08 0 1.5
648 1 1e-08 1e-08 1e-08 0 1.33333
647 1 1e-08 1e-08 1e-08 0 1.33333
646 1 1e-08 1e-08 1e-08 0 1.33333
645 1 1e-08 1e-08 1e-08 0 1.33333
644 1 1e-08 1e-08 1e-08 0 1.33333

319 13 63.9089 63.9089 122.902 117.986 1.5
639 1 122.902 122.902 122.902 0 1.5
570 7 122.902 122.902 122.902 105.344 1.5
654 2 122.902 122.902 122.902 61.4509 1.5
551 13 42.0453 42.0453 120.552 117.318 1.5
329 13 45.6492 45.6492 119.518 116.007 1.5
289 12 32.0613 32.0613 110.332 107.66 1.5
138 2 26.4062 26.4062 26.4062 13.2031 1.5
419 1 14.1332 14.1332 14.1332 0 1.5
137 1 9.01535 9.01535 9.01535 0 1.5
552 1 7.0623 7.0623 7.0623 0 1.5
619 1 6.19318 6.19318 6.19318 0 1.33333
583 1 1.6476 1.6476 1.6476 0 1.33333
572 1 1.43956 1.43956 1.43956 0 1.5
139 1 0.696798 0.696798 0.696798 0 1.5
257 1 0.482716 0.482716 0.482716 0 1.5
407 1 0.325153 0.325153 0.411365 0.0862119 1.5
58 1 0.337491 0.337491 0.337491 0 1.33333
547 1 0.325849 0.325849 0.325849 0 1.33333
524 1 0.0924804 0.0924804 0.0924804 0 1.33333
642 1 0.0554458 0.0554458 0.0554458 0 1.5
643 1 0.0510866 0.0510866 0.0510866 0 1.33333
655 1 0.037989 0.037989 0.037989 0 1.5
662 1 0.000158953 0.000158953 0.000317906 0.000158953 1.5
665 1 0.000313355 0.000313355 0.000313355 0 1.5
670 1 4.53443e-05 4.53443e-05 4.53443e-05 0 1.5
660 1 1e-08 1e-08 1e-08 0 1.33333
661 1 1e-08 1e-08 1e-08 0 1.33333
663 1 1e-08 1e-08 1e-08 0 1.33333
664 1 1e-08 1e-08 1e-08 0 1.33333
666 1 1e-08 1e-08 1e-08 0 1.33333
667 1 1e-08 1e-08 1e-08 0 1.5
668 1 1e-08 1e-08 1e-08 0 1.5
669 1 1e-08 1e-08 1e-08 0 1.33333
671 1 1e-08 1e-08 1e-08 0 1.33333
672 1 1e-08 1e-08 1e-08 0 1.5
673 1 1e-08 1e-08 1e-08 0 1.33333
659 1 1e-08 1e-08 1e-08 0 1.33333
658 1 1e-08 1e-08 1e-08 0 1.33333
657 1 1e-08 1e-08 1e-08 0 1.33333
656 1 1e-08 1e-08 1e-08 0 1.33333
644 1 1e-08 1e-08 1e-08 0 1.33333
645 1 1e-08 1e-08 1e-08 0 1.33333
646 1 1e-08 1e-08 1e-08 0 1.33333
647 1 1e-08 1e-08 1e-08 0 1.33333
648 1 1e-08 1e-08 1e-08 0 1.33333

681 1 122.902 122.902 122.902 0 1.5
329 13 122.902 122.902 122.902 113.448 1.5
639 9 122.902 122.902 122.902 109.246 1.5
319 15 30.2217 30.2217 121.178 119.164 1.5
570 15 68.2787 68.2787 118.408 113.856 1.5
551 14 63.7268 63.7268 114.001 109.45 1.5
138 2 17.6041 17.6041 17.606 8.8039 1.5
419 1 14.1332 14.1332 14.1332 0 1.5
137 1 9.01535 9.01535 9.01535 0 1.5
619 1 6.19318 6.19318 6.19318 0 1.33333
552 1 2.3541 2.3541 2.5415 0.187402 1.5
583 1 1.6476 1.6476 1.6476 0 1.33333
572 1 1.43956 1.43956 1.43956 0 1.5
677 1 0.726013 0.726013 0.736439 0.0104259 1.5
139 1 0.696798 0.696798 0.696798 0 1.5
407 1 0.650305 0.650305 0.650305 0 1.5
257 1 0.482716 0.482716 0.482716 0 1.5
674 1 0.323912 0.323912 0.343274 0.0193623 1.5
58 1 0.337491 0.337491 0.337491 0 1.33333
547 1 0.325849 0.325849 0.325849 0 1.33333
524 1 0.110185 0.110185 0.110185 0 1.33333
642 1 0.0184819 0.0184819 0.0554458 0.0369639 1.5
643 1 0.0510866 0.0510866 0.0510866 0 1.33333
655 1 0.0189945 0.0189945 0.0189945 5e-09 1.5
662 1 0.000317906 0.000317906 0.000317906 0 1.5
665 1 0.000313355 0.000313355 0.000313355 0 1.5
670 1 4.53443e-05 4.53443e-05 4.53443e-05 0 1.5
647 1 1e-08 1e-08 1e-08 0 1.33333
648 1 1e-08 1e-08 1e-08 0 1.33333
675 1 1e-08 1e-08 1e-08 0 1.33333
676 1 1e-08 1e-08 1e-08 0 1.33333
678 1 1e-08 1e-08 1e-08 0 1.33333
679 1 1e-08 1e-08 1e-08 0 1.33333
680 1 1e-08 1e-08 1e-08 0 1.5
682 1 1e-08 1e-08 1e-08 0 1.33333
683 1 1e-08 1e-08 1e-08 0 1.33333
684 1 1e-08 1e-08 1e-08 0 1.33333
685 1 1e-08 1e-08 1e-08 0 1.33333
686 1 1e-08 1e-08 1e-08 0 1.33333

319 11 122.902 122.902 122.902 111.729 1.5
570 6 122.902 122.902 122.902 102.418 1.5
689 3 122.902 122.902 122.902 81.9345 1.5
639 13 122.902 122.902 122.902 113.448 1.5
551 13 114.123 114.123 122.902 114.123 1.5
329 13 31.9544 31.9544 120.477 118.019 1.5
681 12 28.3619 28.3619 118.277 115.914 1.5
138 1 8.80207 8.80207 17.6041 8.80207 1.5
419 1 14.1332 14.1332 14.1332 0 1.5
137 1 9.01535 9.01535 9.01535 0 1.5
552 1 7.0623 7.0623 7.0623 0 1.5
619 1 6.19318 6.19318 6.19318 0 1.33333
583 1 1.6476 1.6476 1.6476 0 1.33333
677 1 1.45203 1.45203 1.45203 0 1.5
572 1 0.719779 0.719779 0.730579 0.0107998 1.5
139 1 0.696798 0.696798 0.696798 0 1.5
407 1 0.325153 0.325153 0.650305 0.325153 1.5
674 1 0.647824 0.647824 0.647824 0 1.5
58 1 0.337491 0.337491 0.337491 0 1.33333
257 1 0.120679 0.120679 0.320751 0.200072 1.5
547 1 0.304065 0.304065 0.304065 0 1.33333
524 1 0.302906 0.302906 0.302906 0 1.33333
698 1 0.0983593 0.0983593 0.0983593 0 1.5
642 1 0.0554458 0.0554458 0.0554458 0 1.5
643 1 0.0510866 0.0510866 0.0510866 0 1.33333
691 1 0.0479241 0.0479241 0.0479241 0 1.33333
655 1 0.037989 0.037989 0.037989 0 1.5
696 1 0.0249615 0.0249615 0.0249615 0 1.5
662 1 0.000317906 0.000317906 0.000317906 0 1.5
665 1 0.000313355 0.000313355 0.000313355 0 1.5
670 1 4.53443e-05 4.53443e-05 4.53443e-05 0 1.5
700 1 1e-08 1e-08 1e-08 0 1.33333
699 1 1e-08 1e-08 1e-08 0 1.33333
697 1 1e-08 1e-08 1e-08 0 1.33333
695 1 5e-09 5e-09 1e-08 5e-09 1.5
694 1 1e-08 1e-08 1e-08 0 1.5
693 1 1e-08 1e-08 1e-08 0 1.5

681 12 122.902 122.902 122.902 112.66 1.5
570 1 122.902 122.902 122.902 0 1.5
639 7 122.902 122.902 122.902 105.344 1.5
551 13 122.902 122.902 122.902 113.448 1.5
329 13 122.902 122.902 122.902 113.448 1.5
689 9 122.902 122.902 122.902 109.246 1.5
319 12 15.5244 15.5244 116.587 115.294 1.5
138 1 26.4062 26.4062 26.4062 0 1.5
419 1 14.1332 14.1332 14.1332 0 1.5
137 1 9.01535 9.01535 9.01535 0 1.5
552 1 7.0623 7.0623 7.0623 0 1.5
619 1 6.19318 6.19318 6.19318 0 1.33333
583 1 1.6476 1.6476 1.6476 0 1.33333
677 1 1.45203 1.45203 1.45203 0 1.5
572 1 1.43956 1.43956 1.43956 0 1.5
139 1 0.696798 0.696798 0.696798 0 1.5
407 1 0.650305 0.650305 0.650305 0 1.5
674 1 0.647824 0.647824 0.647824 0 1.5
257 1 0.482716 0.482716 0.482716 0 1.5
58 1 0.337491 0.337491 0.337491 0 1.33333
547 1 0.325849 0.325849 0.325849 0 1.33333
524 1 0.110185 0.110185 0.110185 0 1.33333
698 1 0.0983593 0.0983593 0.0983593 0 1.5
704 1 0.0901009 0.0901009 0.0901009 0 1.33333
642 1 0.0554458 0.0554458 0.0554458 0 1.5
643 1 0.0510866 0.0510866 0.0510866 0 1.33333
691 1 0.0479241 0.0479241 0.0479241 0 1.33333
713 1 0.0436459 0.0436459 0.0453761 0.00173019 1.5
655 1 0.037989 0.037989 0.037989 0 1.5
706 1 0.0184819 0.0184819 0.0369639 0.0184819 1.5
696 1 0.0249615 0.0249615 0.0249615 0 1.5
662 1 0.000317906 0.000317906 0.000317906 0 1.5
665 1 0.000313355 0.000313355 0.000313355 0 1.5
670 1 4.53443e-05 4.53443e-05 4.53443e-05 0 1.5
718 1 1e-08 1e-08 1e-08 0 1.33333
717 1 1e-08 1e-08 1e-08 0 1.33333
716 1 1e-08 1e-08 1e-08 0 1.33333
715 1 1e-08 1e-08 1e-08 0 1.33333
714 1 1e-08 1e-08 1e-08 0 1.33333
712 1 1e-08 1e-08 1e-08 0 1.33333
711 1 1e-08 1e-08 1e-08 0 1.33333

319 6 122.902 122.902 122.902 102.418 1.5
551 1 122.902 122.902 122.902 0 1.5
329 13 122.902 122.902 122.902 113.448 1.5
689 8 122.902 122.902 122.902 107.539 1.5
639 10 122.902 122.902 122.902 110.612 1.5
681 13 32.6066 32.6066 120.95 118.442 1.5
570 12 29.4964 29.4964 115.627 113.169 1.5
138 1 26.4062 26.4062 26.4062 0 1.5
419 1 14.1332 14.1332 14.1332 0 1.5
137 1 9.01535 9.01535 9.01535 0 1.5
619 1 6.19318 6.19318 6.19318 0 1.33333
552 1 3.53115 3.53115 3.57754 0.0463906 1.5
583 1 1.6476 1.6476 1.6476 0 1.33333
677 1 1.45203 1.45203 1.45203 0 1.5
572 1 1.43956 1.43956 1.43956 0 1.5
139 1 0.696798 0.696798 0.696798 0 1.5
407 1 0.650305 0.650305 0.650305 0 1.5
674 1 0.647824 0.647824 0.647824 0 1.5
257 1 0.241358 0.241358 0.37474 0.133381 1.5
642 1 0.317194 0.317194 0.344917 0.0277229 1.5
58 1 0.337491 0.337491 0.337491 0 1.33333
547 1 0.325849 0.325849 0.325849 0 1.33333
722 1 0.127511 0.127511 0.255022 0.127511 1.5
725 1 0.109989 0.109989 0.109989 0 1.33333
698 1 0.0327864 0.0327864 0.0983593 0.0655729 1.5
704 1 0.0901009 0.0901009 0.0901009 0 1.33333
713 1 0.0872917 0.0872917 0.0872917 0 1.5
706 1 0.0554458 0.0554458 0.0554458 0 1.5
524 1 0.0550926 0.0550926 0.0550926 5e-09 1.33333
643 1 0.0510866 0.0510866 0.0510866 0 1.33333
691 1 0.0479241 0.0479241 0.0479241 0 1.33333
655 1 0.037989 0.037989 0.037989 0 1.5
696 1 0.0083205 0.0083205 0.0249615 0.016641 1.5
721 1 0.010803 0.010803 0.021606 0.010803 1.5
720 1 0.0171964 0.0171964 0.0171964 5e-09 1.33333
662 1 0.000317906 0.000317906 0.000317906 0 1.5
665 1 0.000313355 0.000313355 0.000313355 0 1.5
670 1 4.53443e-05 4.53443e-05 4.53443e-05 0 1.5
736 1 1e-08 1e-08 1e-08 0 1.33333
735 1 1e-08 1e-08 1e-08 0 1.33333
734 1 1e-08 1e-08 1e-08 0 1.33333
733 1 1e-08 1e-08 1e-08 0 1.5
732 1 1e-08 1e-08 1e-08 0 1.33333
731 1 1e-08 1e-08 1e-08 0 1.33333
730 1 1e-08 1e-08 1e-08 0 1.33333

319 13 28.5308 28.5308 122.902 120.707 1.5
681 12 122.902 122.902 122.902 112.66 1.5
570 11 122.902 122.902 122.902 111.729 1.5
329 13 122.902 122.902 122.902 113.448 1.5
639 7 122.902 122.902 122.902 105.344 1.5
689 10 122.902 122.902 122.902 110.612 1.5
551 12 44.6915 44.6915 113.752 110.027 1.5
419 1 14.1332 14.1332 14.1332 0 1.5
138 1 13.2031 13.2031 13.2464 0.0433166 1.5
137 1 9.01535 9.01535 9.01535 0 1.5
552 1 7.0623 7.0623 7.0623 0 1.5
619 1 6.19318 6.19318 6.19318 0 1.33333
583 1 1.6476 1.6476 1.6476 0 1.33333
572 1 1.43956 1.43956 1.43956 0 1.5
139 1 0.696798 0.696798 0.696798 0 1.5
407 1 0.650305 0.650305 0.650305 0 1.5
642 1 0.634388 0.634388 0.634388 0 1.5
677 1 0.484009 0.484009 0.49791 0.0139012 1.5
257 1 0.482716 0.482716 0.482716 0 1.5
744 1 0.340089 0.340089 0.340089 0 1.33333
58 1 0.337491 0.337491 0.337491 0 1.33333
674 1 0.323912 0.323912 0.324326 0.000413871 1.5
547 1 0.304065 0.304065 0.304065 0 1.33333
722 1 0.255022 0.255022 0.255022 0 1.5
725 1 0.109989 0.109989 0.109989 0 1.33333
524 1 0.100969 0.100969 0.100969 6.66667e-09 1.33333
698 1 0.0983593 0.0983593 0.0983593 0 1.5
749 1 0.0910041 0.0910041 0.0910041 0 1.5
713 1 0.0436459 0.0436459 0.0872917 0.0436459 1.5
748 1 0.0687696 0.0687696 0.0687696 0 1.33333

570 11 122.902 122.902 122.902 111.729 1.5
689 6 122.902 122.902 122.902 102.418 1.5
551 12 122.902 122.902 122.902 112.66 1.5
329 13 122.902 122.902 122.902 113.448 1.5
639 10 122.902 122.902 122.902 110.612 1.5
681 13 29.0495 29.0495 122.902 120.667 1.5
319 12 30.0984 30.0984 120.483 117.975 1.5
138 1 26.4062 26.4062 26.4062 0 1.5
419 1 14.1332 14.1332 14.1332 0 1.5
137 1 9.01535 9.01535 9.01535 0 1.5
552 1 7.0623 7.0623 7.0623 0 1.5
619 1 6.19318 6.19318 6.19318 0 1.33333
583 1 1.6476 1.6476 1.6476 0 1.33333
753 1 1.56894 1.56894 1.56894 0 1.5
572 1 1.43956 1.43956 1.43956 0 1.5
677 1 0.726013 0.726013 0.736439 0.0104259 1.5
139 1 0.696798 0.696798 0.696798 0 1.5
407 1 0.650305 0.650305 0.650305 0 1.5
674 1 0.647824 0.647824 0.647824 0 1.5
642 1 0.634388 0.634388 0.634388 0 1.5
744 1 0.340089 0.340089 0.340089 0 1.33333
257 1 0.160905 0.160905 0.338747 0.177842 1.5
58 1 0.337491 0.337491 0.337491 0 1.33333
547 1 0.325849 0.325849 0.325849 0 1.33333
722 1 0.255022 0.255022 0.255022 0 1.5
524 1 0.110185 0.110185 0.110185 0 1.33333
762 1 0.110104 0.110104 0.110104 0 1.33333
725 1 0.109989 0.109989 0.109989 0 1.33333
749 1 0.0639332 0.0639332 0.109435 0.045502 1.5
698 1 0.0983593 0.0983593 0.0983593 0 1.5
761 1 0.0979099 0.0979099 0.0979099 0 1.33333

551 12 122.902 122.902 122.902 112.66 1.5
329 13 122.902 122.902 122.902 113.448 1.5
639 7 122.902 122.902 122.902 105.344 1.5
319 9 122.902 122.902 122.902 109.246 1.5
681 13 106.515 106.515 122.902 114.708 1.5
689 13 32.6066 32.6066 120.509 118.001 1.5
570 12 28.918 28.918 113.358 110.948 1.5
138 1 26.4062 26.4062 26.4062 0 1.5
419 1 14.1332 14.1332 14.1332 0 1.5
137 1 9.01535 9.01535 9.01535 0 1.5
552 1 7.0623 7.0623 7.0623 0 1.5
619 1 6.19318 6.19318 6.19318 0 1.33333
583 1 1.6476 1.6476 1.6476 0 1.33333
753 1 1.56894 1.56894 1.56894 0 1.5
677 1 1.45203 1.45203 1.45203 0 1.5
778 1 1.45203 1.45203 1.45203 0 1.5
572 1 1.43956 1.43956 1.43956 0 1.5
139 1 0.696798 0.696798 0.696798 0 1.5
407 1 0.650305 0.650305 0.650305 0 1.5
642 1 0.634388 0.634388 0.634388 0 1.5
674 1 0.323912 0.323912 0.568594 0.244681 1.5
257 1 0.482716 0.482716 0.482716 0 1.5
744 1 0.340089 0.340089 0.340089 0 1.33333
58 1 0.337491 0.337491 0.337491 0 1.33333
547 1 0.325849 0.325849 0.325849 0 1.33333
524 1 0.302906 0.302906 0.302906 0 1.33333
776 1 0.282155 0.282155 0.282155 0 1.5
722 1 0.255022 0.255022 0.255022 0 1.5
780 1 0.218776 0.218776 0.218776 0 1.33333

570 11 122.902 122.902 122.902 111.729 1.5
639 10 122.902 122.902 122.902 110.612 1.5
319 10 122.902 122.902 122.902 110.612 1.5
689 9 122.902 122.902 122.902 109.246 1.5
681 13 114.123 114.123 122.902 114.123 1.5
329 13 31.3279 31.3279 122.902 120.492 1.5
551 12 30.0984 30.0984 116.016 113.508 1.5
419 1 14.1332 14.1332 14.1332 0 1.5
137 1 9.01535 9.01535 9.01535 0 1.5
552 1 7.0623 7.0623 7.0623 0 1.5
138 1 6.60155 6.60155 6.7888 0.187247 1.5
619 1 6.19318 6.19318 6.19318 0 1.33333
583 1 1.6476 1.6476 1.6476 0 1.33333
753 1 1.56894 1.56894 1.56894 0 1.5
677 1 0.726013 0.726013 1.45203 0.726013 1.5
572 1 0.719779 0.719779 0.724423 0.00464368 1.5
139 1 0.696798 0.696798 0.696798 0 1.5
407 1 0.650305 0.650305 0.650305 0 1.5
642 1 0.634388 0.634388 0.634388 0 1.5
257 1 0.482716 0.482716 0.482716 0 1.5
674 1 0.323912 0.323912 0.381286 0.0573734 1.5
744 1 0.340089 0.340089 0.340089 0 1.33333
58 1 0.337491 0.337491 0.337491 0 1.33333
547 1 0.325849 0.325849 0.325849 0 1.33333
776 1 0.282155 0.282155 0.282155 0 1.5
722 1 0.255022 0.255022 0.255022 0 1.5
780 1 0.218776 0.218776 0.218776 0 1.33333
524 1 0.0924804 0.0924804 0.0924804 0 1.33333
797 1 1e-08 1e-08 1e-08 0 1.33333
796 1 1e-08 1e-08 1e-08 0 1.33333

551 12 122.902 122.902 122.902 112.66 1.5
689 5 122.902 122.902 122.902 98.3214 1.5
681 13 122.902 122.902 122.902 113.448 1.5
329 13 122.902 122.902 122.902 113.448 1.5
319 9 122.902 122.902 122.902 109.246 1.5
570 13 35.5049 35.5049 122.902 120.171 1.5
639 12 27.3115 27.3115 118.493 116.217 1.5
138 1 26.4062 26.4062 26.4062 0 1.5
419 1 14.1332 14.1332 14.1332 0 1.5
137 1 9.01535 9.01535 9.01535 0 1.5
552 1 7.0623 7.0623 7.0623 0 1.5
619 1 6.19318 6.19318 6.19318 0 1.33333
583 1 1.6476 1.6476 1.6476 0 1.33333
753 1 1.56894 1.56894 1.56894 0 1.5
677 1 1.45203 1.45203 1.45203 0 1.5
572 1 1.43956 1.43956 1.43956 0 1.5
139 1 0.696798 0.696798 0.696798 0 1.5
407 1 0.650305 0.650305 0.650305 0 1.5
642 1 0.634388 0.634388 0.634388 0 1.5
674 1 0.323912 0.323912 0.568594 0.244681 1.5
257 1 0.482716 0.482716 0.482716 0 1.5
744 1 0.340089 0.340089 0.340089 0 1.33333
58 1 0.337491 0.337491 0.337491 0 1.33333
547 1 0.325849 0.325849 0.325849 0 1.33333
524 1 0.302906 0.302906 0.302906 0 1.33333
776 1 0.282155 0.282155 0.282155 0 1.5
722 1 0.255022 0.255022 0.255022 0 1.5
780 1 0.218776 0.218776 0.218776 0 1.33333
798 1 0.0301647 0.0301647 0.0414735 0.0113087 1.5
805 1 0.0356354 0.0356354 0.0356354 0 1.33333
818 1 1e-08 1e-08 1e-08 0 1.33333

639 6 122.902 122.902 122.902 102.418 1.5
681 13 122.902 122.902 122.902 113.448 1.5
329 13 122.902 122.902 122.902 113.448 1.5
570 13 122.902 122.902 122.902 113.448 1.5
319 9 122.902 122.902 122.902 109.246 1.5
689 13 40.9672 40.9672 119.761 116.609 1.5
551 12 25.874 25.874 116.48 114.324 1.5
419 1 14.1332 14.1332 14.1332 0 1.5
137 1 9.01535 9.01535 9.01535 0 1.5
138 1 6.60155 6.60155 6.7888 0.187247 1.5
619 1 6.19318 6.19318 6.19318 0 1.33333
552 1 3.53115 3.53115 3.62221 0.0910559 1.5
583 1 1.6476 1.6476 1.6476 0 1.33333
753 1 1.56894 1.56894 1.56894 0 1.5
677 1 1.45203 1.45203 1.45203 0 1.5
572 1 1.43956 1.43956 1.43956 0 1.5
825 1 0.813792 0.813792 0.813792 0 1.5
139 1 0.696798 0.696798 0.696798 0 1.5
407 1 0.650305 0.650305 0.650305 0 1.5
674 1 0.647824 0.647824 0.647824 0 1.5
642 1 0.634388 0.634388 0.634388 0 1.5
257 1 0.482716 0.482716 0.482716 0 1.5
744 1 0.340089 0.340089 0.340089 0 1.33333
58 1 0.337491 0.337491 0.337491 0 1.33333
547 1 0.325849 0.325849 0.325849 0 1.33333
776 1 0.282155 0.282155 0.282155 0 1.5
822 1 0.126727 0.126727 0.253455 0.126727 1.5
780 1 0.218776 0.218776 0.218776 0 1.33333
722 1 0.127511 0.127511 0.217292 0.0897806 1.5

551 12 122.902 122.902 122.902 112.66 1.5
329 13 122.902 122.902 122.902 113.448 1.5
570 13 122.902 122.902 122.902 113.448 1.5
689 13 122.902 122.902 122.902 113.448 1.5
319 9 122.902 122.902 122.902 109.246 1.5
681 12 32.0613 32.0613 117.226 114.554 1.5
639 12 31.3792 31.3792 115.729 113.115 1.5
138 1 26.4062 26.4062 26.4062 0 1.5
419 1 14.1332 14.1332 14.1332 0 1.5
137 1 9.01535 9.01535 9.01535 0 1.5
619 1 6.19318 6.19318 6.19318 0 1.33333
552 1 3.53115 3.53115 3.57754 0.0463906 1.5
583 1 1.6476 1.6476 1.6476 0 1.33333
753 1 0.52298 0.52298 1.56894 1.04596 1.5
677 1 1.45203 1.45203 1.45203 0 1.5
572 1 1.43956 1.43956 1.43956 0 1.5
825 1 0.813792 0.813792 0.813792 0 1.5
139 1 0.696798 0.696798 0.696798 0 1.5
407 1 0.650305 0.650305 0.650305 0 1.5
674 1 0.647824 0.647824 0.647824 0 1.5
642 1 0.317194 0.317194 0.634388 0.317194 1.5
744 1 0.340089 0.340089 0.340089 0 1.33333
257 1 0.160905 0.160905 0.338747 0.177842 1.5
58 1 0.337491 0.337491 0.337491 0 1.33333

681 12 122.902 122.902 122.902 112.66 1.5
570 13 122.902 122.902 122.902 113.448 1.5
689 13 93.9837 93.9837 122.902 115.672 1.5
639 8 122.902 122.902 122.902 107.539 1.5
319 9 122.902 122.902 122.902 109.246 1.5
551 13 26.6287 26.6287 121.009 118.961 1.5
329 12 32.0613 32.0613 115.428 112.756 1.5
419 1 14.1332 14.1332 14.1332 0 1.5
138 1 13.2031 13.2031 13.2367 0.0336391 1.5
137 1 9.01535 9.01535 9.01535 0 1.5
552 1 7.0623 7.0623 7.0623 0 1.5
619 1 6.19318 6.19318 6.19318 0 1.33333
583 1 1.6476 1.6476 1.6476 0 1.33333
753 1 1.56894 1.56894 1.56894 0 1.5
677 1 1.45203 1.45203 1.45203 0 1.5
572 1 1.43956 1.43956 1.43956 0 1.5
825 1 0.813792 0.813792 0.813792 0 1.5
139 1 0.696798 0.696798 0.696798 0 1.5
407 1 0.325153 0.325153 0.650305 0.325153 1.5
674 1 0.647824 0.647824 0.647824 0 1.5
642 1 0.634388 0.634388 0.634388 0 1.5
859 1 0.519946 0.519946 0.519946 0 1.5
257 1 0.482716 0.482716 0.482716 0 1.5
744 1 0.340089 0.340089 0.340089 0 1.33333
58 1 0.337491 0.337491 0.337491 0 1.33333
851 1 0.0897806 0.0897806 0.102803 0.0130226 1.5
857 1 0.000317906 0.000317906 0.000317906 0 1.5
850 1 2.87282e-05 2.87282e-05 5.74564e-05 2.87282e-05 1.5

570 13 30.1457 30.1457 122.902 120.583 1.5
639 12 122.902 122.902 122.902 112.66 1.5
551 12 122.902 122.902 122.902 112.66 1.5
329 12 122.902 122.902 122.902 112.66 1.5
689 9 122.902 122.902 122.902 109.246 1.5
319 9 122.902 122.902 122.902 109.246 1.5
681 12 27.8268 27.8268 115.978 113.659 1.5
138 1 26.4062 26.4062 26.4062 0 1.5
419 1 14.1332 14.1332 14.1332 0 1.5
137 1 9.01535 9.01535 9.01535 0 1.5
619 1 6.19318 6.19318 6.19318 0 1.33333
552 1 3.53115 3.53115 3.57754 0.0463906 1.5
583 1 1.6476 1.6476 1.6476 0 1.33333
753 1 0.78447 0.78447 1.56894 0.78447 1.5
677 1 1.45203 1.45203 1.45203 0 1.5
572 1 1.43956 1.43956 1.43956 0 1.5
825 1 0.813792 0.813792 0.813792 0 1.5
139 1 0.696798 0.696798 0.696798 0 1.5
407 1 0.650305 0.650305 0.650305 0 1.5
642 1 0.317194 0.317194 0.634388 0.317194 1.5
674 1 0.323912 0.323912 0.568594 0.244681 1.5
859 1 0.519946 0.519946 0.519946 0 1.5
257 1 0.482716 0.482716 0.482716 0 1.5
744 1 0.340089 0.340089 0.340089 0 1.33333
58 1 0.337491 0.337491 0.337491 0 1.33333
861 1 0.127511 0.127511 0.255022 0.127511 1.5
851 1 0.179561 0.179561 0.179561 0 1.5
864 1 0.0491796 0.0491796 0.0983593 0.0491796 1.5
870 1 0.0569908 0.0569908 0.0569908 0 1.5

551 12 122.902 122.902 122.902 112.66 1.5
329 12 122.902 122.902 122.902 112.66 1.5
681 11 122.902 122.902 122.902 111.729 1.5
689 10 122.902 122.902 122.902 110.612 1.5
319 9 122.902 122.902 122.902 109.246 1.5
639 13 29.0495 29.0495 120.674 118.439 1.5
570 12 28.918 28.918 116.462 114.052 1.5
138 1 26.4062 26.4062 26.4062 0 1.5
419 1 14.1332 14.1332 14.1332 0 1.5
137 1 9.01535 9.01535 9.01535 0 1.5
552 1 7.0623 7.0623 7.0623 0 1.5
619 1 6.19318 6.19318 6.19318 0 1.33333
583 1 1.6476 1.6476 1.6476 0 1.33333
753 1 1.56894 1.56894 1.56894 0 1.5
677 1 0.726013 0.726013 1.45203 0.726013 1.5
572 1 1.43956 1.43956 1.43956 0 1.5
825 1 0.813792 0.813792 0.813792 0 1.5
139 1 0.696798 0.696798 0.696798 0 1.5
407 1 0.650305 0.650305 0.650305 0 1.5
674 1 0.647824 0.647824 0.647824 0 1.5
642 1 0.634388 0.634388 0.634388 0 1.5
859 1 0.519946 0.519946 0.519946 0 1.5
257 1 0.482716 0.482716 0.482716 0 1.5
874 1 0.354038 0.354038 0.354038 0 1.5
744 1 0.340089 0.340089 0.340089 0 1.33333
58 1 0.337491 0.337491 0.337491 0 1.33333
878 1 0.292812 0.292812 0.292812 0 1.33333
861 1 0.0850075 0.0850075 0.229869 0.144861 1.5
864 1 0.0983593 0.0983593 0.0983593 0 1.5

681 12 122.902 122.902 122.902 112.66 1.5
570 12 122.902 122.902 122.902 112.66 1.5
639 13 122.902 122.902 122.902 113.448 1.5
689 9 122.902 122.902 122.902 109.246 1.5
319 9 122.902 122.902 122.902 109.246 1.5
329 13 28.5308 28.5308 120.732 118.538 1.5
551 13 37.1563 37.1563 120.044 117.186 1.5
419 1 14.1332 14.1332 14.1332 0 1.5
138 1 8.80207 8.80207 9.05173 0.249662 1.5
137 1 9.01535 9.01535 9.01535 0 1.5
619 1 6.19318 6.19318 6.19318 0 1.33333
552 1 3.53115 3.53115 3.5318 0.000648242 1.5
583 1 1.6476 1.6476 1.6476 0 1.33333
753 1 1.56894 1.56894 1.56894 0 1.5
677 1 1.45203 1.45203 1.45203 0 1.5
825 1 0.813792 0.813792 0.813792 0 1.5
572 1 0.719779 0.719779 0.724423 0.00464368 1.5
139 1 0.696798 0.696798 0.696798 0 1.5
407 1 0.216768 0.216768 0.650305 0.433537 1.5
674 1 0.647824 0.647824 0.647824 0 1.5
642 1 0.634388 0.634388 0.634388 0 1.5
859 1 0.519946 0.519946 0.519946 0 1.5
257 1 0.482716 0.482716 0.482716 0 1.5
874 1 0.354038 0.354038 0.354038 0 1.5
744 1 0.340089 0.340089 0.340089 0 1.33333
58 1 0.337491 0.337491 0.337491 0 1.33333
878 1 0.292812 0.292812 0.292812 0 1.33333

551 12 122.902 122.902 122.902 112.66 1.5
689 7 122.902 122.902 122.902 105.344 1.5
329 13 122.902 122.902 122.902 113.448 1.5
319 9 122.902 122.902 122.902 109.246 1.5
639 13 106.515 106.515 122.902 114.708 1.5
570 13 29.5874 29.5874 120.665 118.389 1.5
681 13 32.6066 32.6066 119.942 117.433 1.5
419 1 14.1332 14.1332 14.1332 0 1.5
138 1 13.2031 13.2031 13.9291 0.726013 1.5
137 1 9.01535 9.01535 9.01535 0 1.5
619 1 6.19318 6.19318 6.19318 0 1.33333
552 1 3.53115 3.53115 3.85506 0.323912 1.5
583 1 1.6476 1.6476 1.6476 0 1.33333
753 1 1.56894 1.56894 1.56894 0 1.5
677 1 1.45203 1.45203 1.45203 0 1.5
572 1 1.43956 1.43956 1.43956 0 1.5
825 1 0.813792 0.813792 0.813792 0 1.5
139 1 0.696798 0.696798 0.696798 0 1.5
407 1 0.650305 0.650305 0.650305 0 1.5
642 1 0.634388 0.634388 0.634388 0 1.5
859 1 0.519946 0.519946 0.519946 0 1.5
257 1 0.241358 0.241358 0.37474 0.133381 1.5
874 1 0.354038 0.354038 0.354038 0 1.5
744 1 0.340089 0.340089 0.340089 0 1.33333
58 1 0.337491 0.337491 0.337491 0 1.33333
914 1 0.295097 0.295097 0.295097 0 1.33333
878 1 0.260997 0.260997 0.260997 0 1.33333
910 1 0.0249615 0.0249615 0.0249615 0 1.5

570 12 122.902 122.902 122.902 112.66 1.5
681 12 122.902 122.902 122.902 112.66 1.5
329 13 122.902 122.902 122.902 113.448 1.5
639 13 122.902 122.902 122.902 113.448 1.5
319 9 122.902 122.902 122.902 109.246 1.5
551 12 26.3361 26.3361 117.41 115.215 1.5
689 12 30.7254 30.7254 115.372 112.812 1.5
138 1 26.4062 26.4062 26.4062 0 1.5
419 1 14.1332 14.1332 14.1332 0 1.5
137 1 9.01535 9.01535 9.01535 0 1.5
924 1 7.0623 7.0623 7.0623 0 1.5
619 1 6.19318 6.19318 6.19318 0 1.33333
583 1 1.6476 1.6476 1.6476 0 1.33333
753 1 1.56894 1.56894 1.56894 0 1.5
677 1 1.45203 1.45203 1.45203 0 1.5
572 1 1.43956 1.43956 1.43956 0 1.5
825 1 0.813792 0.813792 0.813792 0 1.5
139 1 0.696798 0.696798 0.696798 0 1.5
407 1 0.650305 0.650305 0.650305 0 1.5
642 1 0.634388 0.634388 0.634388 0 1.5
859 1 0.519946 0.519946 0.519946 0 1.5
257 1 0.482716 0.482716 0.482716 0 1.5
874 1 0.354038 0.354038 0.354038 0 1.5
744 1 0.340089 0.340089 0.340089 0 1.33333
58 1 0.337491 0.337491 0.337491 0 1.33333

551 12 122.902 122.902 122.902 112.66 1.5
689 12 122.902 122.902 122.902 112.66 1.5
329 13 122.902 122.902 122.902 113.448 1.5
639 13 122.902 122.902 122.902 113.448 1.5
319 9 122.902 122.902 122.902 109.246 1.5
570 12 27.8268 27.8268 118.302 115.983 1.5
681 12 26.8149 26.8149 114.021 111.787 1.5
138 1 26.4062 26.4062 26.4062 0 1.5
419 1 14.1332 14.1332 14.1332 0 1.5
137 1 9.01535 9.01535 9.01535 0 1.5
924 1 7.0623 7.0623 7.0623 0 1.5
619 1 6.19318 6.19318 6.19318 0 1.33333
583 1 1.6476 1.6476 1.6476 0 1.33333
753 1 1.56894 1.56894 1.56894 0 1.5
677 1 1.45203 1.45203 1.45203 0 1.5
572 1 1.43956 1.43956 1.43956 0 1.5
825 1 0.813792 0.813792 0.813792 0 1.5
139 1 0.696798 0.696798 0.696798 0 1.5
407 1 0.650305 0.650305 0.650305 0 1.5
642 1 0.634388 0.634388 0.634388 0 1.5
859 1 0.519946 0.519946 0.519946 0 1.5
257 1 0.241358 0.241358 0.37474 0.133381 1.5
874 1 0.354038 0.354038 0.354038 0 1.5
744 1 0.340089 0.340089 0.340089 0 1.33333
58 1 0.337491 0.337491 0.337491 0 1.33333

