5 1 0.0522989 0.0522989 0.0522989 0 2
1 1 1e-08 1e-08 1e-08 0 0
2 1 1e-08 1e-08 1e-08 0 2
3 1 1e-08 1e-08 1e-08 0 2
4 1 1e-08 1e-08 1e-08 0 2

5 86 0.0840265 0.0299788 0.0527429 0.0521296 2
1 1 5e-09 5e-09 1e-08 5e-09 0
2 1 5e-09 5e-09 1e-08 5e-09 2
3 1 2.5e-09 2.5e-09 1e-08 7.5e-09 2
4 1 5e-09 5e-09 1e-08 5e-09 2
6 1 5e-09 5e-09 1e-08 5e-09 1.5
7 1 1e-08 1e-08 1e-08 0 1.5
8 1 1e-08 1e-08 1e-08 0 1.5
9 1 1e-08 1e-08 1e-08 0 1.5
10 1 1e-08 1e-08 1e-08 0 1.5
11 1 1e-08 1e-08 1e-08 0 1.5
12 1 1e-08 1e-08 1e-08 0 1.5
13 1 1e-08 1e-08 1e-08 0 1.5

5 50 0.0250079 0.0155652 0.0523342 0.0520096 2
20 1 0.0522989 0.0522989 0.0522989 0 3
22 1 1e-08 1e-08 1e-08 0 1.5
21 1 1e-08 1e-08 1e-08 0 1.5
19 1 1e-08 1e-08 1e-08 0 1.5
18 1 1e-08 1e-08 1e-08 0 1.5
17 1 1e-08 1e-08 1e-08 0 1.5
16 1 1e-08 1e-08 1e-08 0 1.5
15 1 1e-08 1e-08 1e-08 0 1.5
14 1 1e-08 1e-08 1e-08 0 1.5
13 1 1e-08 1e-08 1e-08 0 1.5
12 1 1e-08 1e-08 1e-08 0 1.5
11 1 1e-08 1e-08 1e-08 0 1.5
10 1 1e-08 1e-08 1e-08 0 1.5
9 1 1e-08 1e-08 1e-08 0 1.5
8 1 1e-08 1e-08 1e-08 0 1.5
7 1 1e-08 1e-08 1e-08 0 1.5
6 1 1e-08 1e-08 1e-08 0 1.5
4 1 5e-09 5e-09 1e-08 5e-09 2
3 1 1.66667e-09 1.66667e-09 1e-08 8.33333e-09 2
2 1 1e-08 1e-08 1e-08 0 2
1 1 2.5e-09 2.5e-09 1e-08 7.5e-09 0

26 1 0.0811459 0.0811459 0.0811459 0 3
5 29 0.0271426 0.0130747 0.0556344 0.0550678 2
20 18 0.0522989 0.0336488 0.0512628 0.0484154 3
4 1 5e-09 5e-09 1e-08 5e-09 2
3 1 5e-09 5e-09 1e-08 5e-09 2
2 1 3.33333e-09 3.33333e-09 1e-08 6.66667e-09 2
1 1 5e-09 5e-09 1e-08 5e-09 0
23 1 1e-08 1e-08 1e-08 0 1.5
24 1 1e-08 1e-08 1e-08 0 1.5
25 1 1e-08 1e-08 1e-08 0 1.5
27 1 1e-08 1e-08 1e-08 0 1.5
28 1 1e-08 1e-08 1e-08 0 1.5
29 1 1e-08 1e-08 1e-08 0 1.5
30 1 1e-08 1e-08 1e-08 0 1.5
31 1 1e-08 1e-08 1e-08 0 1.5
32 1 1e-08 1e-08 1e-08 0 1.5
33 1 1e-08 1e-08 1e-08 0 1.5
34 1 1e-08 1e-08 1e-08 0 1.5
6 1 1e-08 1e-08 1e-08 0 1.5
7 1 1e-08 1e-08 1e-08 0 1.5
8 1 1e-08 1e-08 1e-08 0 1.5
9 1 1e-08 1e-08 1e-08 0 1.5
10 1 1e-08 1e-08 1e-08 0 1.5
11 1 1e-08 1e-08 1e-08 0 1.5
12 1 1e-08 1e-08 1e-08 0 1.5
13 1 1e-08 1e-08 1e-08 0 1.5
14 1 1e-08 1e-08 1e-08 0 1.5
15 1 1e-08 1e-08 1e-08 0 1.5
16 1 1e-08 1e-08 1e-08 0 1.5
17 1 1e-08 1e-08 1e-08 0 1.5
18 1 1e-08 1e-08 1e-08 0 1.5
19 1 1e-08 1e-08 1e-08 0 1.5
21 1 1e-08 1e-08 1e-08 0 1.5
22 1 1e-08 1e-08 1e-08 0 1.5

38 1 1.26116 1.26116 1.26116 0 1.5
26 5 0.0374447 0.00966023 0.0879787 0.0845508 3
48 1 0.0844459 0.0844459 0.0844459 0 1
5 4 0.00711937 0.00587951 0.0656479 0.0641007 2
20 3 0.00603449 0.00603449 0.0515816 0.0495701 3
46 1 0.0252194 0.0252194 0.0252194 0 1.5
44 1 0.00146783 0.00146783 0.00293566 0.00146783 3
14 1 1e-08 1e-08 1e-08 0 1.5
15 1 1e-08 1e-08 1e-08 0 1.5
16 1 1e-08 1e-08 1e-08 0 1.5
17 1 1e-08 1e-08 1e-08 0 1.5
18 1 1e-08 1e-08 1e-08 0 1.5
19 1 1e-08 1e-08 1e-08 0 1.5
21 1 1e-08 1e-08 1e-08 0 1.5
22 1 1e-08 1e-08 1e-08 0 1.5
35 1 1e-08 1e-08 1e-08 0 1.5
36 1 1e-08 1e-08 1e-08 0 1.5
37 1 1e-08 1e-08 1e-08 0 1.5
39 1 1e-08 1e-08 1e-08 0 1.5
40 1 1e-08 1e-08 1e-08 0 1.5
41 1 1e-08 1e-08 1e-08 0 1.5
42 1 1e-08 1e-08 1e-08 0 1.5
43 1 1e-08 1e-08 1e-08 0 1.5
45 1 1e-08 1e-08 1e-08 0 1.5
47 1 1e-08 1e-08 1e-08 0 1.5
49 1 1e-08 1e-08 1e-08 0 1.5
4 1 5e-09 5e-09 1e-08 5e-09 2
3 1 3.33333e-09 3.33333e-09 1e-08 6.66667e-09 2
2 1 1e-08 1e-08 1e-08 0 2
1 1 1e-08 1e-08 1e-08 0 0
23 1 1e-08 1e-08 1e-08 0 1.5
24 1 1e-08 1e-08 1e-08 0 1.5
25 1 1e-08 1e-08 1e-08 0 1.5
27 1 1e-08 1e-08 1e-08 0 1.5
28 1 1e-08 1e-08 1e-08 0 1.5
29 1 1e-08 1e-08 1e-08 0 1.5
30 1 1e-08 1e-08 1e-08 0 1.5
31 1 1e-08 1e-08 1e-08 0 1.5
32 1 1e-08 1e-08 1e-08 0 1.5
33 1 1e-08 1e-08 1e-08 0 1.5
34 1 1e-08 1e-08 1e-08 0 1.5
6 1 1e-08 1e-08 1e-08 0 1.5
7 1 1e-08 1e-08 1e-08 0 1.5
8 1 1e-08 1e-08 1e-08 0 1.5
9 1 1e-08 1e-08 1e-08 0 1.5
10 1 1e-08 1e-08 1e-08 0 1.5
11 1 1e-08 1e-08 1e-08 0 1.5
12 1 1e-08 1e-08 1e-08 0 1.5
13 1 1e-08 1e-08 1e-08 0 1.5

38 74 6.24815 0.848056 1.32 1.30219 1.5
26 6 0.314535 0.0811459 0.13805 0.115805 3
5 4 0.10857 0.0896625 0.0943894 0.0708217 3
48 4 0.0562973 0.0562973 0.0844459 0.0703716 1
20 2 0.0348659 0.0348659 0.0522989 0.0348659 3
56 1 0.0474351 0.0474351 0.0474351 0 1.33333
46 1 0.0252194 0.0252194 0.0252194 0 1.5
44 1 0.00293566 0.00293566 0.00293566 0 3
51 1 1e-08 1e-08 1e-08 0 1.33333
50 1 1e-08 1e-08 1e-08 0 1.33333
13 1 1e-08 1e-08 1e-08 0 1.5
12 1 1e-08 1e-08 1e-08 0 1.5
11 1 1e-08 1e-08 1e-08 0 1.5
10 1 1e-08 1e-08 1e-08 0 1.5
9 1 1e-08 1e-08 1e-08 0 1.5
8 1 1e-08 1e-08 1e-08 0 1.5

38 78 3.66433 0.739629 1.40318 1.39172 1.5
26 9 0.257347 0.0845057 0.162428 0.146507 3
48 4 0.0337784 0.0337784 0.0828103 0.0743657 1
5 4 0.0241267 0.019925 0.0730816 0.0675771 3
56 1 0.00948702 0.00948702 0.0284611 0.018974 1.33333
46 1 0.0252194 0.0252194 0.0252194 0 1.5
44 1 0.00146783 0.00146783 0.00293566 0.00146783 3
77 1 1e-08 1e-08 1e-08 0 1.33333
76 1 1e-08 1e-08 1e-08 0 1.33333
75 1 1e-08 1e-08 1e-08 0 1.33333

38 78 3.22752 0.651461 1.60332 1.59057 1.5
26 8 0.279587 0.0918087 0.178031 0.157592 3
5 4 0.10857 0.0896625 0.0991164 0.0743749 3
48 4 0.0844459 0.0844459 0.0844459 0.0633344 1
56 1 0.0474351 0.0474351 0.0474351 0 1.33333
46 1 0.0252194 0.0252194 0.0252194 0 1.5
44 1 0.00293566 0.00293566 0.00293566 0 3
93 1 0.00098178 0.00098178 0.00098178 0 1.33333
86 1 1e-08 1e-08 1e-08 0 1.33333
87 1 5e-09 5e-09 1e-08 5e-09 1.5
88 1 1e-08 1e-08 1e-08 0 1.33333

38 85 38.2106 0.665831 2.81156 2.78588 1.5
26 5 0.196585 0.0708106 0.187374 0.158598 3
5 2 0.0542852 0.0542852 0.0991164 0.0719738 3
48 2 0.0422229 0.0422229 0.0844459 0.0633344 1
98 1 0.0486788 0.0486788 0.0486788 0 1.33333
56 1 0.0474351 0.0474351 0.0474351 0 1.33333
46 1 0.0233224 0.0233224 0.0233224 0 1.5
44 1 0.00293566 0.00293566 0.00293566 0 3
93 1 0.00098178 0.00098178 0.00098178 0 1.33333
109 1 1e-08 1e-08 1e-08 0 1.33333
108 1 1e-08 1e-08 1e-08 0 1.5

38 87 38.3942 0.669031 4.96083 4.91109 1.5
26 4 0.251628 0.0906376 0.23404 0.182031 3
5 1 0.0542852 0.0542852 0.10857 0.0542852 3
115 1 0.101053 0.101053 0.101053 5e-09 1.5
48 1 0.0422229 0.0422229 0.0844459 0.0422229 1
98 1 0.0486788 0.0486788 0.0486788 0 1.33333
56 1 0.0474351 0.0474351 0.0474351 0 1.33333
113 1 0.0283039 0.0283039 0.0283039 7.5e-09 1.5
46 1 0.0252194 0.0252194 0.0252194 0 1.5
44 1 0.00293566 0.00293566 0.00293566 0 3
93 1 0.00098178 0.00098178 0.00098178 0 1.33333
117 1 1e-08 1e-08 1e-08 0 1.33333

38 90 37.6519 3.25048 8.55675 8.47464 1.5
26 2 0.157268 0.157268 0.264226 0.185592 3
115 1 0.202105 0.202105 0.202105 0 1.5
113 1 0.113215 0.113215 0.113215 0 1.5
5 1 0.10857 0.10857 0.10857 0 3
48 1 0.0844459 0.0844459 0.0844459 0 1
98 1 0.0486788 0.0486788 0.0486788 0 1.33333
56 1 0.0474351 0.0474351 0.0474351 0 1.33333
46 1 0.0252194 0.0252194 0.0252194 0 1.5
44 1 0.00293566 0.00293566 0.00293566 0 3
93 1 0.00098178 0.00098178 0.00098178 0 1.33333

38 63 27.1407 2.34306 12.3134 12.18 1.5
139 1 6.24815 6.24815 6.24815 0 1.5
26 1 0.157268 0.157268 0.314535 0.157268 3
113 1 0.113215 0.113215 0.113215 0 1.5
5 1 0.10857 0.10857 0.10857 0 3
115 1 0.101053 0.101053 0.101053 5e-09 1.5
48 1 0.0844459 0.0844459 0.0844459 0 1
152 1 0.0696215 0.0696215 0.0696215 0 1.33333
98 1 0.0486788 0.0486788 0.0486788 0 1.33333
56 1 0.0474351 0.0474351 0.0474351 0 1.33333
46 1 0.0233224 0.0233224 0.0233224 0 1.5
44 1 0.00293566 0.00293566 0.00293566 0 3
93 1 0.00098178 0.00098178 0.00098178 0 1.33333
153 1 1e-08 1e-08 1e-08 0 1.33333
151 1 1e-08 1e-08 1e-08 0 1.33333
150 1 1e-08 1e-08 1e-08 0 1.33333
149 1 5e-09 5e-09 1e-08 5e-09 1.5
148 1 1e-08 1e-08 1e-08 0 1.33333
147 1 1e-08 1e-08 1e-08 0 1.33333
146 1 1e-08 1e-08 1e-08 0 1.33333
145 1 1e-08 1e-08 1e-08 0 1.33333
144 1 1e-08 1e-08 1e-08 0 1.33333
143 1 1e-08 1e-08 1e-08 0 1.5
142 1 5e-09 5e-09 1e-08 5e-09 1.5
141 1 5e-09 5e-09 1e-08 5e-09 1.5
140 1 1e-08 1e-08 1e-08 0 1.33333
138 1 5e-09 5e-09 1e-08 5e-09 1.5
137 1 1e-08 1e-08 1e-08 0 1.33333

38 96 51.0884 4.41046 20.9975 20.7975 1.5
26 1 0.314535 0.314535 0.314535 0 3
5 1 0.10857 0.10857 0.10857 0 3
115 1 0.101053 0.101053 0.101053 5e-09 1.5
152 1 0.0844479 0.0844479 0.0844479 0 1.33333
48 1 0.0844459 0.0844459 0.0844459 0 1

38 97 39.2201 5.15738 27.3218 27.0686 1.5
26 1 0.314535 0.314535 0.314535 0 3
5 1 0.10857 0.10857 0.10857 0 3
152 1 0.0844479 0.0844479 0.0844479 0 1.33333
48 1 0.0844459 0.0844459 0.0844459 0 1

38 98 39.4043 12.8033 44.044 43.6636 1.5
26 1 0.314535 0.314535 0.314535 0 3
5 1 0.10857 0.10857 0.10857 0 3
48 1 0.0844459 0.0844459 0.0844459 0 1

38 99 55.7391 41.179 66.1389 65.7215 1.5
26 1 0.314535 0.314535 0.314535 0 3
5 1 0.10857 0.10857 0.10857 0 3

38 99 54.1822 40.0288 71.3285 70.9227 1.5
26 1 0.314535 0.314535 0.314535 0 3
5 1 0.10857 0.10857 0.10857 0 3

38 99 53.5835 39.5865 71.7644 71.3631 1.5
26 1 0.314535 0.314535 0.314535 0 3
5 1 0.10857 0.10857 0.10857 0 3

38 99 56.0613 41.4171 71.7219 71.3021 1.5
26 1 0.314535 0.314535 0.314535 0 3
259 1 0.1439 0.1439 0.1439 0 1.33333

272 2 72.3753 72.3753 72.3753 36.1876 1.5
38 49 27.2746 20.1499 71.6056 71.1855 1.5
26 1 0.314535 0.314535 0.314535 0 3
259 1 0.1439 0.1439 0.1439 0 1.33333
287 1 1e-08 1e-08 1e-08 0 1.33333
286 1 1e-08 1e-08 1e-08 0 1.33333
285 1 5e-09 5e-09 1e-08 5e-09 1.5
284 1 1e-08 1e-08 1e-08 0 1.33333
283 1 1e-08 1e-08 1e-08 0 1.33333
282 1 1e-08 1e-08 1e-08 0 1.33333
281 1 1e-08 1e-08 1e-08 0 1.33333
280 1 5e-09 5e-09 1e-08 5e-09 1.5
279 1 1e-08 1e-08 1e-08 0 1.33333
278 1 3.33333e-09 3.33333e-09 1e-08 6.66667e-09 1.5
277 1 1e-08 1e-08 1e-08 0 1.33333
276 1 1e-08 1e-08 1e-08 0 1.33333
275 1 5e-09 5e-09 1e-08 5e-09 1.5
274 1 5e-09 5e-09 1e-08 5e-09 1.5
273 1 1e-08 1e-08 1e-08 0 1.33333

38 18 97.9657 72.3753 73.797 69.6979 1.5
272 48 39.8505 29.4408 71.0444 70.422 1.5
291 1 0.337596 0.337596 0.337596 0 1.33333
26 1 0.314535 0.314535 0.314535 0 3
259 1 0.1439 0.1439 0.1439 0 1.33333
273 1 1e-08 1e-08 1e-08 0 1.33333
288 1 1e-08 1e-08 1e-08 0 1.33333
289 1 1e-08 1e-08 1e-08 0 1.33333
290 1 1e-08 1e-08 1e-08 0 1.33333
292 1 1e-08 1e-08 1e-08 0 1.33333
293 1 1e-08 1e-08 1e-08 0 1.33333
294 1 1e-08 1e-08 1e-08 0 1.5
295 1 1e-08 1e-08 1e-08 0 1.33333
296 1 1e-08 1e-08 1e-08 0 1.5
297 1 1e-08 1e-08 1e-08 0 1.5
298 1 1e-08 1e-08 1e-08 0 1.33333
299 1 1e-08 1e-08 1e-08 0 1.33333
300 1 1e-08 1e-08 1e-08 0 1.33333
274 1 1e-08 1e-08 1e-08 0 1.5
275 1 1e-08 1e-08 1e-08 0 1.5
276 1 1e-08 1e-08 1e-08 0 1.33333
277 1 1e-08 1e-08 1e-08 0 1.33333
278 1 1e-08 1e-08 1e-08 0 1.5
279 1 1e-08 1e-08 1e-08 0 1.33333
280 1 5e-09 5e-09 1e-08 5e-09 1.5
281 1 1e-08 1e-08 1e-08 0 1.33333
282 1 1e-08 1e-08 1e-08 0 1.33333
283 1 1e-08 1e-08 1e-08 0 1.33333
284 1 1e-08 1e-08 1e-08 0 1.33333
285 1 5e-09 5e-09 1e-08 5e-09 1.5
286 1 1e-08 1e-08 1e-08 0 1.33333
287 1 1e-08 1e-08 1e-08 0 1.33333

38 33 46.8532 34.6143 72.6117 71.5016 1.5
272 33 42.6497 42.6497 72.3753 71.0829 1.5
301 15 72.3753 9.90243 68.2104 63.6716 1.5
291 1 0.337596 0.337596 0.337596 0 1.33333
26 1 0.314535 0.314535 0.314535 0 3
259 1 0.1439 0.1439 0.1439 0 1.33333
285 1 0.0229169 0.0229169 0.0229169 6.66667e-09 1.5
280 1 6.13899e-05 6.13899e-05 6.13966e-05 6.66667e-09 1.5
308 1 1e-08 1e-08 1e-08 0 1.33333
307 1 1e-08 1e-08 1e-08 0 1.33333
306 1 1e-08 1e-08 1e-08 0 1.33333
305 1 1e-08 1e-08 1e-08 0 1.33333
304 1 1e-08 1e-08 1e-08 0 1.33333
303 1 1e-08 1e-08 1e-08 0 1.5
302 1 1e-08 1e-08 1e-08 0 1.33333
309 1 1e-08 1e-08 1e-08 0 1.33333
287 1 1e-08 1e-08 1e-08 0 1.33333
286 1 1e-08 1e-08 1e-08 0 1.33333
310 1 1e-08 1e-08 1e-08 0 1.33333
284 1 1e-08 1e-08 1e-08 0 1.33333
283 1 1e-08 1e-08 1e-08 0 1.33333
282 1 1e-08 1e-08 1e-08 0 1.33333
281 1 5e-09 5e-09 1e-08 5e-09 1.33333

38 98 60.3814 44.6087 73.2806 72.8084 1.5
291 1 0.337596 0.337596 0.337596 0 1.33333
26 1 0.314535 0.314535 0.314535 0 3
282 1 0.299266 0.299266 0.299266 0 1.33333

38 50 27.9902 20.6787 74.1375 73.6797 1.5
328 1 72.3753 72.3753 72.3753 0 1.5
291 1 0.337596 0.337596 0.337596 0 1.33333
26 1 0.314535 0.314535 0.314535 0 3
282 1 0.299266 0.299266 0.299266 0 1.33333
332 1 0.143745 0.143745 0.143745 0 1.33333
343 1 0.0687507 0.0687507 0.0687507 0 1.5
344 1 0.030407 0.030407 0.030407 0 1.33333
341 1 0.0292125 0.0292125 0.0292125 0 1.33333
346 1 1e-08 1e-08 1e-08 0 1.5
345 1 1e-08 1e-08 1e-08 0 1.33333
342 1 1e-08 1e-08 1e-08 0 1.5
340 1 1e-08 1e-08 1e-08 0 1.5
339 1 1e-08 1e-08 1e-08 0 1.33333
338 1 1e-08 1e-08 1e-08 0 1.33333
337 1 1e-08 1e-08 1e-08 0 1.33333
336 1 5e-09 5e-09 1e-08 5e-09 1.5
335 1 5e-09 5e-09 1e-08 5e-09 1.33333
334 1 1e-08 1e-08 1e-08 0 1.33333
333 1 1e-08 1e-08 1e-08 0 1.33333
331 1 1e-08 1e-08 1e-08 0 1.33333
330 1 1e-08 1e-08 1e-08 0 1.5
329 1 3.33333e-09 3.33333e-09 1e-08 6.66667e-09 1.5

347 21 97.9657 72.3753 78.3688 74.6385 1.5
38 32 30.1433 22.2693 74.2377 73.3936 1.5
348 3 72.3753 72.3753 72.3753 48.2502 1.5
291 1 0.337596 0.337596 0.337596 0 1.33333
26 1 0.314535 0.314535 0.314535 0 3
282 1 0.299266 0.299266 0.299266 0 1.33333
332 1 0.0718723 0.0718723 0.0718723 5e-09 1.33333
343 1 0.0687507 0.0687507 0.0687507 0 1.5
344 1 0.030407 0.030407 0.030407 0 1.33333
341 1 0.0292125 0.0292125 0.0292125 0 1.33333
360 1 1e-08 1e-08 1e-08 0 1.33333
359 1 1e-08 1e-08 1e-08 0 1.5
358 1 1e-08 1e-08 1e-08 0 1.33333
357 1 1e-08 1e-08 1e-08 0 1.33333
356 1 1e-08 1e-08 1e-08 0 1.33333
355 1 1e-08 1e-08 1e-08 0 1.33333
354 1 1e-08 1e-08 1e-08 0 1.33333
353 1 1e-08 1e-08 1e-08 0 1.5
352 1 5e-09 5e-09 1e-08 5e-09 1.5
351 1 3.33333e-09 3.33333e-09 1e-08 6.66667e-09 1.5
350 1 1e-08 1e-08 1e-08 0 1.33333
349 1 1e-08 1e-08 1e-08 0 1.5
329 1 5e-09 5e-09 1e-08 5e-09 1.5
330 1 1e-08 1e-08 1e-08 0 1.5
331 1 1e-08 1e-08 1e-08 0 1.33333
333 1 1e-08 1e-08 1e-08 0 1.33333
334 1 5e-09 5e-09 1e-08 5e-09 1.33333
335 1 1e-08 1e-08 1e-08 0 1.33333
336 1 3.33333e-09 3.33333e-09 1e-08 6.66667e-09 1.5
337 1 1e-08 1e-08 1e-08 0 1.33333
338 1 1e-08 1e-08 1e-08 0 1.33333
339 1 1e-08 1e-08 1e-08 0 1.33333
340 1 1e-08 1e-08 1e-08 0 1.5
342 1 2.5e-09 2.5e-09 1e-08 7.5e-09 1.5
345 1 1e-08 1e-08 1e-08 0 1.33333
346 1 1e-08 1e-08 1e-08 0 1.5

347 52 47.1687 40.5051 80.6266 79.7885 1.5
38 33 84.5304 4.52699 71.056 68.9037 1.5
291 1 0.337596 0.337596 0.337596 0 1.33333
26 1 0.314535 0.314535 0.314535 0 3
282 1 0.299266 0.299266 0.299266 0 1.33333
332 1 0.143745 0.143745 0.143745 0 1.33333
343 1 0.0687507 0.0687507 0.0687507 0 1.5
369 1 0.0307101 0.0307101 0.0307101 0 1.33333
344 1 0.030407 0.030407 0.030407 0 1.33333
341 1 0.0292125 0.0292125 0.0292125 0 1.33333
352 1 0.000137022 0.000137022 0.000137029 6.66667e-09 1.5
361 1 1e-08 1e-08 1e-08 0 1.5
346 1 1e-08 1e-08 1e-08 0 1.5
345 1 1e-08 1e-08 1e-08 0 1.33333
342 1 1e-08 1e-08 1e-08 0 1.5
340 1 1e-08 1e-08 1e-08 0 1.5
339 1 1e-08 1e-08 1e-08 0 1.33333
338 1 1e-08 1e-08 1e-08 0 1.33333

347 55 47.2642 40.5871 89.1073 88.2501 1.5
38 43 66.0874 56.5843 69.5039 68.1677 1.5
291 1 0.337596 0.337596 0.337596 0 1.33333
26 1 0.314535 0.314535 0.314535 0 3
332 1 0.143745 0.143745 0.143745 0 1.33333

381 11 97.9657 1.63389 89.2083 81.1375 1.5
347 49 31.1144 28.4043 88.099 87.5182 1.5
291 1 0.337596 0.337596 0.337596 0 1.33333
26 1 0.314535 0.314535 0.314535 0 3
332 1 0.143745 0.143745 0.143745 0 1.33333
394 1 1e-08 1e-08 1e-08 0 1.5
393 1 1e-08 1e-08 1e-08 0 1.33333
392 1 1e-08 1e-08 1e-08 0 1.33333
391 1 1e-08 1e-08 1e-08 0 1.33333
390 1 1e-08 1e-08 1e-08 0 1.33333
389 1 1e-08 1e-08 1e-08 0 1.33333
388 1 1e-08 1e-08 1e-08 0 1.33333
387 1 1e-08 1e-08 1e-08 0 1.5
386 1 1e-08 1e-08 1e-08 0 1.33333
385 1 1e-08 1e-08 1e-08 0 1.33333
384 1 3.33333e-09 3.33333e-09 1e-08 6.66667e-09 1.5
383 1 2.5e-09 2.5e-09 1e-08 7.5e-09 1.5
382 1 1e-08 1e-08 1e-08 0 1.5

347 7 97.9657 97.9657 97.9657 83.9706 1.5
381 47 40.6751 37.1322 89.5165 88.7248 1.5
291 1 0.337596 0.337596 0.337596 0 1.33333
26 1 0.314535 0.314535 0.314535 0 3
332 1 0.143745 0.143745 0.143745 0 1.33333
404 1 0.0454215 0.0454215 0.0454215 0 1.33333
406 1 0.0251562 0.0251562 0.0251562 5e-09 1.5
408 1 1e-08 1e-08 1e-08 0 1.33333
407 1 1e-08 1e-08 1e-08 0 1.33333
409 1 1e-08 1e-08 1e-08 0 1.33333
405 1 1e-08 1e-08 1e-08 0 1.33333
410 1 1e-08 1e-08 1e-08 0 1.33333
403 1 1e-08 1e-08 1e-08 0 1.5
402 1 1e-08 1e-08 1e-08 0 1.33333
401 1 1e-08 1e-08 1e-08 0 1.33333
400 1 1e-08 1e-08 1e-08 0 1.33333
399 1 1e-08 1e-08 1e-08 0 1.33333
398 1 1e-08 1e-08 1e-08 0 1.33333
397 1 1e-08 1e-08 1e-08 0 1.33333
396 1 3.33333e-09 3.33333e-09 1e-08 6.66667e-09 1.33333
395 1 1.66667e-09 1.66667e-09 1e-08 8.33333e-09 1.5
382 1 3.33333e-09 3.33333e-09 1e-08 6.66667e-09 1.5
383 1 3.33333e-09 3.33333e-09 1e-08 6.66667e-09 1.5
384 1 5e-09 5e-09 1e-08 5e-09 1.5
385 1 1e-08 1e-08 1e-08 0 1.33333
386 1 1e-08 1e-08 1e-08 0 1.33333
387 1 1e-08 1e-08 1e-08 0 1.5
388 1 1e-08 1e-08 1e-08 0 1.33333
389 1 1e-08 1e-08 1e-08 0 1.33333
390 1 1e-08 1e-08 1e-08 0 1.33333
391 1 1e-08 1e-08 1e-08 0 1.33333
392 1 1e-08 1e-08 1e-08 0 1.33333
393 1 1e-08 1e-08 1e-08 0 1.33333
394 1 1e-08 1e-08 1e-08 0 1.5

347 50 68.7904 62.7986 98.0856 96.8272 1.5
381 48 83.9706 83.9706 94.647 92.8976 1.5
291 1 0.337596 0.337596 0.337596 0 1.33333
26 1 0.314535 0.314535 0.314535 0 3
332 1 0.143745 0.143745 0.143745 0 1.33333

420 3 97.9657 97.9657 97.9657 65.3105 1.5
435 1 97.9657 97.9657 97.9657 0 1.5
347 32 20.8122 18.9994 96.8923 96.295 1.5
291 1 0.337596 0.337596 0.337596 0 1.33333
26 1 0.314535 0.314535 0.314535 0 3
332 1 0.143745 0.143745 0.143745 0 1.33333
433 1 1e-08 1e-08 1e-08 0 1.33333
434 1 1e-08 1e-08 1e-08 0 1.33333
436 1 5e-09 5e-09 1e-08 5e-09 1.5
437 1 1e-08 1e-08 1e-08 0 1.33333
438 1 1e-08 1e-08 1e-08 0 1.5
439 1 1e-08 1e-08 1e-08 0 1.33333
440 1 1e-08 1e-08 1e-08 0 1.5
441 1 1e-08 1e-08 1e-08 0 1.33333
442 1 1e-08 1e-08 1e-08 0 1.33333
443 1 1e-08 1e-08 1e-08 0 1.33333
444 1 1e-08 1e-08 1e-08 0 1.33333
432 1 5e-09 5e-09 1e-08 5e-09 1.5
431 1 1e-08 1e-08 1e-08 0 1.5
430 1 1e-08 1e-08 1e-08 0 1.33333
429 1 1e-08 1e-08 1e-08 0 1.33333
428 1 1e-08 1e-08 1e-08 0 1.33333
427 1 1e-08 1e-08 1e-08 0 1.33333
426 1 5e-09 5e-09 1e-08 5e-09 1.5
425 1 1e-08 1e-08 1e-08 0 1.5
424 1 1e-08 1e-08 1e-08 0 1.5
423 1 1e-08 1e-08 1e-08 0 1.33333
422 1 5e-09 5e-09 1e-08 5e-09 1.5
421 1 3.33333e-09 3.33333e-09 1e-08 6.66667e-09 1.5

347 22 97.9657 97.9657 97.9657 93.5128 1.5
420 33 64.3878 58.7794 96.5245 94.733 1.5
435 32 82.4975 82.4975 95.404 92.826 1.5
291 1 0.337596 0.337596 0.337596 0 1.33333
26 1 0.314535 0.314535 0.314535 0 3
332 1 0.143745 0.143745 0.143745 0 1.33333
445 1 0.057428 0.057428 0.057428 0 1.33333
432 1 0.0133668 0.0133668 0.0133668 5e-09 1.5
425 1 3.33333e-09 3.33333e-09 1e-08 6.66667e-09 1.5
424 1 1e-08 1e-08 1e-08 0 1.5
423 1 1e-08 1e-08 1e-08 0 1.33333
422 1 5e-09 5e-09 1e-08 5e-09 1.5
421 1 5e-09 5e-09 1e-08 5e-09 1.5
446 1 1e-08 1e-08 1e-08 0 1.5
447 1 1e-08 1e-08 1e-08 0 1.33333
448 1 1e-08 1e-08 1e-08 0 1.33333
449 1 1e-08 1e-08 1e-08 0 1.33333

347 34 68.8423 62.846 98.6712 96.8021 1.5
435 33 75.183 75.183 97.9657 95.6875 1.5
420 31 46.0142 46.0142 90.7176 89.2333 1.5
291 1 0.337596 0.337596 0.337596 0 1.33333
26 1 0.314535 0.314535 0.314535 0 3
332 1 0.143745 0.143745 0.143745 0 1.33333

420 31 97.9657 97.9657 97.9657 94.8056 1.5
347 33 27.241 24.8682 97.322 96.5444 1.5
435 18 97.9657 2.09067 92.6394 87.5012 1.5
291 1 0.337596 0.337596 0.337596 0 1.33333
26 1 0.314535 0.314535 0.314535 0 3
332 1 0.143745 0.143745 0.143745 0 1.33333
478 1 0.111793 0.111793 0.111793 0 1.33333
485 1 0.0104155 0.0104155 0.0104155 0 1.5
490 1 1e-08 1e-08 1e-08 0 1.5
489 1 1e-08 1e-08 1e-08 0 1.33333
488 1 1e-08 1e-08 1e-08 0 1.33333
487 1 1e-08 1e-08 1e-08 0 1.5
486 1 1e-08 1e-08 1e-08 0 1.33333
484 1 1e-08 1e-08 1e-08 0 1.33333
483 1 5e-09 5e-09 1e-08 5e-09 1.5
482 1 1e-08 1e-08 1e-08 0 1.33333
481 1 1e-08 1e-08 1e-08 0 1.33333
480 1 1e-08 1e-08 1e-08 0 1.33333
479 1 1e-08 1e-08 1e-08 0 1.33333
477 1 1e-08 1e-08 1e-08 0 1.33333
476 1 1e-08 1e-08 1e-08 0 1.5
475 1 5e-09 5e-09 1e-08 5e-09 1.5

491 29 97.9657 97.9657 97.9657 94.5876 1.5
420 34 51.3894 46.9132 96.8528 95.4653 1.5
347 31 50.4046 46.0142 88.2097 86.6386 1.5
291 1 0.337596 0.337596 0.337596 0 1.33333
26 1 0.314535 0.314535 0.314535 0 3
332 1 0.143745 0.143745 0.143745 0 1.33333
478 1 0.111793 0.111793 0.111793 0 1.33333
503 1 0.0267336 0.0267336 0.0267336 0 1.5
487 1 0.0113025 0.0113025 0.0113025 5e-09 1.5
505 1 1e-08 1e-08 1e-08 0 1.33333

491 33 39.3481 35.9208 98 96.8454 1.5
347 8 97.9657 97.9657 97.9657 85.72 1.5
420 31 41.0704 37.4931 91.363 90.1461 1.5
291 1 0.337596 0.337596 0.337596 0 1.33333
26 1 0.314535 0.314535 0.314535 0 3
332 1 0.143745 0.143745 0.143745 0 1.33333
478 1 0.111793 0.111793 0.111793 0 1.33333
515 1 0.0289467 0.0289467 0.0289467 0 1.33333
503 1 0.0267336 0.0267336 0.0267336 0 1.5
521 1 1e-08 1e-08 1e-08 0 1.33333
520 1 1e-08 1e-08 1e-08 0 1.5
519 1 1e-08 1e-08 1e-08 0 1.33333
518 1 1e-08 1e-08 1e-08 0 1.5
517 1 1e-08 1e-08 1e-08 0 1.33333
516 1 1e-08 1e-08 1e-08 0 1.5
514 1 1e-08 1e-08 1e-08 0 1.5
513 1 1e-08 1e-08 1e-08 0 1.33333
512 1 1e-08 1e-08 1e-08 0 1.33333
511 1 1e-08 1e-08 1e-08 0 1.33333
510 1 1e-08 1e-08 1e-08 0 1.33333
509 1 1e-08 1e-08 1e-08 0 1.5
508 1 5e-09 5e-09 1e-08 5e-09 1.5
505 1 5e-09 5e-09 1e-08 5e-09 1.33333

491 34 50.6756 50.6756 104.197 102.707 1.5
420 26 97.9657 97.9657 97.9657 94.1978 1.5
347 31 63.9751 58.4027 94.7849 92.8835 1.5
291 1 0.337596 0.337596 0.337596 0 1.33333
522 1 0.322438 0.322438 0.322438 0 1.33333
26 1 0.314535 0.314535 0.314535 0 3
332 1 0.143745 0.143745 0.143745 0 1.33333
478 1 0.111793 0.111793 0.111793 0 1.33333
531 1 0.0525463 0.0525463 0.0525463 5e-09 1.5
515 1 0.0289467 0.0289467 0.0289467 0 1.33333
503 1 0.0267336 0.0267336 0.0267336 0 1.5
525 1 0.0148732 0.0148732 0.0148732 5e-09 1.33333
526 1 0.00281685 0.00281685 0.00281685 0 1.5

491 34 50.6756 50.6756 105.867 104.377 1.5
347 31 107.313 97.9657 98.2673 95.0974 1.5
420 32 69.5059 46.1015 97.7291 96.2528 1.5
291 1 0.337596 0.337596 0.337596 0 1.33333
26 1 0.314535 0.314535 0.314535 0 3
522 1 0.30247 0.30247 0.30247 0 1.33333
332 1 0.143745 0.143745 0.143745 0 1.33333

491 34 45.045 45.045 104.855 103.53 1.5
420 27 147.7 97.9657 99.8078 96.1118 1.5
347 32 49.7684 45.4334 99.5914 98.1208 1.5
291 1 0.337596 0.337596 0.337596 0 1.33333
26 1 0.314535 0.314535 0.314535 0 3
522 1 0.30247 0.30247 0.30247 0 1.33333
332 1 0.143745 0.143745 0.143745 0 1.33333
563 1 0.0793652 0.0793652 0.0793652 0 1.5
560 1 0.00239547 0.00239547 0.00239547 0 1.33333
567 1 1e-08 1e-08 1e-08 0 1.33333
566 1 1e-08 1e-08 1e-08 0 1.5

491 49 42.4373 37.8298 100.989 100.215 1.5
420 33 147.7 97.9657 100.98 97.9206 1.5
291 1 0.337596 0.337596 0.337596 0 1.33333
522 1 0.322438 0.322438 0.322438 0 1.33333
26 1 0.314535 0.314535 0.314535 0 3
332 1 0.143745 0.143745 0.143745 0 1.33333
563 1 0.0264551 0.0264551 0.0277248 0.00126972 1.5
560 1 0.00239547 0.00239547 0.00239547 0 1.33333
576 1 0.000499105 0.000499105 0.000499105 0 1.5
575 1 1e-08 1e-08 1e-08 0 1.33333
577 1 5e-09 5e-09 1e-08 5e-09 1.5
578 1 1e-08 1e-08 1e-08 0 1.33333
579 1 1e-08 1e-08 1e-08 0 1.33333
580 1 1e-08 1e-08 1e-08 0 1.5
581 1 1e-08 1e-08 1e-08 0 1.5
582 1 1e-08 1e-08 1e-08 0 1.5
583 1 1e-08 1e-08 1e-08 0 1.33333
574 1 1e-08 1e-08 1e-08 0 1.5
573 1 1e-08 1e-08 1e-08 0 1.33333
572 1 1e-08 1e-08 1e-08 0 1.33333
571 1 1e-08 1e-08 1e-08 0 1.5

595 1 107.313 107.313 107.313 0 1.5
491 25 32.3611 28.8476 105.347 104.182 1.5
420 24 63.3 41.9853 99.9861 98.0893 1.5
585 2 97.9657 97.9657 97.9657 48.9829 1.5
291 1 0.337596 0.337596 0.337596 0 1.33333
522 1 0.321728 0.321728 0.321728 0 1.33333
26 1 0.314535 0.314535 0.314535 0 3
332 1 0.143745 0.143745 0.143745 0 1.33333
563 1 0.0267625 0.0267625 0.0796726 0.0529102 1.5
594 1 0.0506384 0.0506384 0.0506384 0 1.33333
601 1 0.0281012 0.0281012 0.0281012 0 1.33333
560 1 0.00239547 0.00239547 0.00239547 0 1.33333
576 1 0.000499105 0.000499105 0.000499105 0 1.5
589 1 1e-08 1e-08 1e-08 0 1.33333
590 1 1e-08 1e-08 1e-08 0 1.33333
591 1 1e-08 1e-08 1e-08 0 1.33333
592 1 5e-09 5e-09 1e-08 5e-09 1.5
593 1 1e-08 1e-08 1e-08 0 1.33333
596 1 1e-08 1e-08 1e-08 0 1.5
597 1 1e-08 1e-08 1e-08 0 1.33333
598 1 1e-08 1e-08 1e-08 0 1.33333
599 1 1e-08 1e-08 1e-08 0 1.5
600 1 1e-08 1e-08 1e-08 0 1.33333
602 1 1e-08 1e-08 1e-08 0 1.33333
603 1 1e-08 1e-08 1e-08 0 1.33333
604 1 1e-08 1e-08 1e-08 0 1.5
588 1 2.5e-09 2.5e-09 1e-08 7.5e-09 1.5
587 1 1e-08 1e-08 1e-08 0 1.33333
586 1 1e-08 1e-08 1e-08 0 1.5
584 1 1e-08 1e-08 1e-08 0 1.5
571 1 1e-08 1e-08 1e-08 0 1.5
572 1 5e-09 5e-09 1e-08 5e-09 1.33333
573 1 1e-08 1e-08 1e-08 0 1.33333
574 1 1e-08 1e-08 1e-08 0 1.5
583 1 5e-09 5e-09 1e-08 5e-09 1.33333
582 1 5e-09 5e-09 1e-08 5e-09 1.5
581 1 1e-08 1e-08 1e-08 0 1.5
580 1 5e-09 5e-09 1e-08 5e-09 1.5
579 1 1e-08 1e-08 1e-08 0 1.33333
578 1 5e-09 5e-09 1e-08 5e-09 1.33333
577 1 1e-08 1e-08 1e-08 0 1.5
575 1 1e-08 1e-08 1e-08 0 1.33333

491 16 107.313 97.9657 106.729 100.058 1.5
595 32 52.7708 47.0413 102.478 100.98 1.5
420 32 112.533 74.6406 101.794 99.2775 1.5
291 1 0.337596 0.337596 0.337596 0 1.33333
522 1 0.322438 0.322438 0.322438 0 1.33333
26 1 0.314535 0.314535 0.314535 0 3
332 1 0.0718723 0.0718723 0.10041 0.0285373 1.33333
563 1 0.0401437 0.0401437 0.0798263 0.0396826 1.5
615 1 0.0715634 0.0715634 0.0715634 0 1.5
594 1 0.0506384 0.0506384 0.0506384 0 1.33333
582 1 0.0317347 0.0317347 0.0317347 6.66667e-09 1.5
601 1 0.0276778 0.0276778 0.0276778 0 1.33333
560 1 0.00239547 0.00239547 0.00239547 0 1.33333
576 1 0.000499105 0.000499105 0.000499105 0 1.5
583 1 1e-08 1e-08 1e-08 0 1.33333
589 1 1e-08 1e-08 1e-08 0 1.33333
581 1 1e-08 1e-08 1e-08 0 1.5
580 1 1e-08 1e-08 1e-08 0 1.5
579 1 1e-08 1e-08 1e-08 0 1.33333
578 1 1e-08 1e-08 1e-08 0 1.33333
577 1 1e-08 1e-08 1e-08 0 1.5
575 1 1e-08 1e-08 1e-08 0 1.33333
605 1 2.5e-09 2.5e-09 1e-08 7.5e-09 1.5
606 1 1e-08 1e-08 1e-08 0 1.33333

420 17 83.6967 55.5139 109.882 105.742 1.5
595 16 34.3952 30.6609 107.498 105.451 1.5
624 1 107.313 107.313 107.313 0 1.5
617 1 107.313 107.313 107.313 0 1.5
616 6 107.313 107.313 107.313 89.4275 1.5
491 16 26.4155 26.4155 105.012 103.361 1.5
291 1 0.337596 0.337596 0.337596 0 1.33333
26 1 0.314535 0.314535 0.314535 0 3
522 1 0.30247 0.30247 0.30247 0 1.33333
332 1 0.0718723 0.0718723 0.0718723 5e-09 1.33333
615 1 0.0715634 0.0715634 0.0715634 0 1.5
629 1 0.0633363 0.0633363 0.0633363 0 1.33333
576 1 0.060868 0.060868 0.0611176 0.000249552 1.5
594 1 0.0506384 0.0506384 0.0506384 0 1.33333
582 1 0.0317347 0.0317347 0.0317347 6.66667e-09 1.5
618 1 0.0289467 0.0289467 0.0289467 0 1.33333
601 1 0.0281012 0.0281012 0.0281012 0 1.33333
563 1 0.0267625 0.0267625 0.0267625 6.66667e-09 1.5
560 1 0.00239547 0.00239547 0.00239547 0 1.33333
623 1 1e-08 1e-08 1e-08 0 1.33333
622 1 1e-08 1e-08 1e-08 0 1.5
625 1 1e-08 1e-08 1e-08 0 1.33333
626 1 1e-08 1e-08 1e-08 0 1.33333
627 1 1e-08 1e-08 1e-08 0 1.33333
628 1 1e-08 1e-08 1e-08 0 1.33333
630 1 1e-08 1e-08 1e-08 0 1.33333
631 1 1e-08 1e-08 1e-08 0 1.33333
632 1 1e-08 1e-08 1e-08 0 1.5
633 1 1e-08 1e-08 1e-08 0 1.5
621 1 1e-08 1e-08 1e-08 0 1.33333
620 1 1e-08 1e-08 1e-08 0 1.5
619 1 1e-08 1e-08 1e-08 0 1.5
606 1 1e-08 1e-08 1e-08 0 1.33333
605 1 1e-08 1e-08 1e-08 0 1.5
575 1 1e-08 1e-08 1e-08 0 1.33333
577 1 1e-08 1e-08 1e-08 0 1.5
578 1 1e-08 1e-08 1e-08 0 1.33333
579 1 1e-08 1e-08 1e-08 0 1.33333
580 1 1e-08 1e-08 1e-08 0 1.5
581 1 1e-08 1e-08 1e-08 0 1.5
589 1 1e-08 1e-08 1e-08 0 1.33333
583 1 1e-08 1e-08 1e-08 0 1.33333

420 18 55.3875 55.3875 123.549 120.472 1.5
595 17 63.9537 63.9537 111.722 107.96 1.5
616 1 107.313 107.313 107.313 0 1.5
634 1 107.313 107.313 107.313 0 1.5
624 15 57.4891 57.4891 103.481 99.6488 1.5
617 15 57.4891 57.4891 99.8587 96.0261 1.5
291 1 0.337596 0.337596 0.337596 0 1.33333
522 1 0.322438 0.322438 0.322438 0 1.33333
26 1 0.314535 0.314535 0.314535 0 3
636 1 0.250169 0.250169 0.250169 0 1.33333
640 1 0.203948 0.203948 0.203948 0 1.33333
332 1 0.143745 0.143745 0.143745 0 1.33333
576 1 0.121736 0.121736 0.121736 0 1.5
635 1 0.095204 0.095204 0.095204 0 1.5
563 1 0.0802875 0.0802875 0.0802875 0 1.5
615 1 0.0715634 0.0715634 0.0715634 0 1.5
629 1 0.0633363 0.0633363 0.0633363 0 1.33333
594 1 0.0506384 0.0506384 0.0506384 0 1.33333
646 1 0.0497895 0.0497895 0.0497895 0 1.5
618 1 0.0289467 0.0289467 0.0289467 0 1.33333
601 1 0.0281012 0.0281012 0.0281012 0 1.33333
560 1 0.00239547 0.00239547 0.00239547 0 1.33333
638 1 0.000474707 0.000474707 0.000474707 0 1.5
581 1 1e-08 1e-08 1e-08 0 1.5
589 1 1e-08 1e-08 1e-08 0 1.33333
583 1 1e-08 1e-08 1e-08 0 1.33333
580 1 2.5e-09 2.5e-09 1e-08 7.5e-09 1.5
637 1 1e-08 1e-08 1e-08 0 1.33333
639 1 1e-08 1e-08 1e-08 0 1.33333
641 1 1e-08 1e-08 1e-08 0 1.33333
642 1 1e-08 1e-08 1e-08 0 1.33333
643 1 1e-08 1e-08 1e-08 0 1.33333
644 1 1e-08 1e-08 1e-08 0 1.5
645 1 1e-08 1e-08 1e-08 0 1.33333
647 1 1e-08 1e-08 1e-08 0 1.33333
623 1 1e-08 1e-08 1e-08 0 1.33333
622 1 3.33333e-09 3.33333e-09 1e-08 6.66667e-09 1.5
625 1 1e-08 1e-08 1e-08 0 1.33333
626 1 1e-08 1e-08 1e-08 0 1.33333
627 1 1e-08 1e-08 1e-08 0 1.33333

420 25 75.3572 75.3572 145.11 142.095 1.5
595 20 41.5115 41.5115 113.38 111.304 1.5
624 14 107.313 107.313 107.313 99.6478 1.5
617 15 107.313 107.313 107.313 100.159 1.5
634 15 94.688 9.6759 89.2485 83.3258 1.5
291 1 0.337596 0.337596 0.337596 0 1.33333
522 1 0.321728 0.321728 0.321728 0 1.33333
26 1 0.314535 0.314535 0.314535 0 3
636 1 0.250169 0.250169 0.250169 0 1.33333
640 1 0.203948 0.203948 0.203948 0 1.33333
332 1 0.143745 0.143745 0.143745 0 1.33333
576 1 0.121736 0.121736 0.121736 0 1.5
635 1 0.095204 0.095204 0.095204 0 1.5
563 1 0.0802875 0.0802875 0.0802875 0 1.5
615 1 0.0715634 0.0715634 0.0715634 0 1.5
658 1 0.0697179 0.0697179 0.0697179 0 1.5
629 1 0.0633363 0.0633363 0.0633363 0 1.33333

420 20 57.9216 57.9216 144.076 141.18 1.5
660 4 120.383 120.383 120.383 90.2875 1.5
595 16 60.1917 60.1917 116.259 112.497 1.5
617 15 58.25 51.9257 109.843 106.213 1.5
624 15 47.5198 42.3604 105.346 102.476 1.5
634 13 107.313 10.966 99.9017 92.2381 1.5
291 1 0.337596 0.337596 0.337596 0 1.33333
26 1 0.314535 0.314535 0.314535 0 3
522 1 0.30247 0.30247 0.30247 0 1.33333
636 1 0.250169 0.250169 0.250169 0 1.33333
640 1 0.203948 0.203948 0.203948 0 1.33333
332 1 0.143745 0.143745 0.143745 0 1.33333
576 1 0.121736 0.121736 0.121736 0 1.5
666 1 0.103933 0.103933 0.103933 0 1.5
635 1 0.095204 0.095204 0.095204 0 1.5
563 1 0.0802875 0.0802875 0.0802875 0 1.5
658 1 0.0697179 0.0697179 0.0697179 0 1.5
629 1 0.0633363 0.0633363 0.0633363 0 1.33333
615 1 0.0357817 0.0357817 0.0357817 5e-09 1.5
674 1 0.000431308 0.000431308 0.000431308 0 1.5
676 1 1e-08 1e-08 1e-08 0 1.33333
675 1 1e-08 1e-08 1e-08 0 1.5
673 1 1e-08 1e-08 1e-08 0 1.33333
672 1 1e-08 1e-08 1e-08 0 1.33333

420 22 57.007 57.007 130.55 127.959 1.5
660 20 30.8675 30.8675 117.328 115.785 1.5
595 13 120.383 107.313 108.318 99.9866 1.5
617 3 107.313 107.313 107.313 71.542 1.5
624 11 107.313 107.313 107.313 97.5573 1.5
291 1 0.337596 0.337596 0.337596 0 1.33333
522 1 0.322438 0.322438 0.322438 0 1.33333
26 1 0.314535 0.314535 0.314535 0 3
636 1 0.250169 0.250169 0.250169 0 1.33333
640 1 0.203948 0.203948 0.203948 0 1.33333
332 1 0.143745 0.143745 0.143745 0 1.33333
576 1 0.121736 0.121736 0.121736 0 1.5
666 1 0.103933 0.103933 0.103933 0 1.5
615 1 0.0715634 0.0715634 0.0715634 0 1.5
658 1 0.0348589 0.0348589 0.0697179 0.0348589 1.5
635 1 0.0317347 0.0317347 0.0634693 0.0317347 1.5
629 1 0.0633363 0.0633363 0.0633363 0 1.33333
691 1 0.0499794 0.0499794 0.0499794 0 1.33333
563 1 0.0401437 0.0401437 0.0401437 5e-09 1.5
684 1 0.0283655 0.0283655 0.0283655 0 1.33333
674 1 0.000431308 0.000431308 0.000431308 0 1.5
690 1 1e-08 1e-08 1e-08 0 1.33333
689 1 1e-08 1e-08 1e-08 0 1.33333
688 1 5e-09 5e-09 1e-08 5e-09 1.33333
687 1 1e-08 1e-08 1e-08 0 1.33333
686 1 1e-08 1e-08 1e-08 0 1.33333
685 1 1e-08 1e-08 1e-08 0 1.33333
676 1 1e-08 1e-08 1e-08 0 1.33333
683 1 1e-08 1e-08 1e-08 0 1.5
682 1 1e-08 1e-08 1e-08 0 1.5
681 1 1e-08 1e-08 1e-08 0 1.5
680 1 1e-08 1e-08 1e-08 0 1.33333
679 1 5e-09 5e-09 1e-08 5e-09 1.5
678 1 1e-08 1e-08 1e-08 0 1.33333
677 1 1e-08 1e-08 1e-08 0 1.33333
672 1 1e-08 1e-08 1e-08 0 1.33333
673 1 1e-08 1e-08 1e-08 0 1.33333

420 30 90.4286 90.4286 144.735 141.721 1.5
660 24 70.4683 70.4683 116.932 113.996 1.5
624 14 107.313 107.313 107.313 99.6478 1.5
595 21 59.3046 59.3046 99.5006 96.6766 1.5
291 1 0.337596 0.337596 0.337596 0 1.33333
522 1 0.161219 0.161219 0.315627 0.154408 1.33333
26 1 0.314535 0.314535 0.314535 0 3
636 1 0.250169 0.250169 0.250169 0 1.33333
640 1 0.203948 0.203948 0.203948 0 1.33333
332 1 0.143745 0.143745 0.143745 0 1.33333
576 1 0.121736 0.121736 0.121736 0 1.5
666 1 0.103933 0.103933 0.103933 0 1.5
658 1 0.0697179 0.0697179 0.0697179 0 1.5
629 1 0.0633363 0.0633363 0.0633363 0 1.33333
691 1 0.0499794 0.0499794 0.0499794 0 1.33333
635 1 0.047602 0.047602 0.047602 5e-09 1.5

420 30 70.3334 70.3334 146.13 143.785 1.5
660 24 46.6 46.6 117.01 115.069 1.5
595 5 107.313 107.313 107.313 85.8504 1.5
624 21 68.2901 68.2901 104.106 100.854 1.5
291 1 0.337596 0.337596 0.337596 0 1.33333
26 1 0.314535 0.314535 0.314535 0 3
522 1 0.30247 0.30247 0.30247 0 1.33333
636 1 0.250169 0.250169 0.250169 0 1.33333
640 1 0.203948 0.203948 0.203948 0 1.33333
332 1 0.143745 0.143745 0.143745 0 1.33333
666 1 0.103933 0.103933 0.103933 0 1.5
658 1 0.0697179 0.0697179 0.0697179 0 1.5
629 1 0.0633363 0.0633363 0.0633363 0 1.33333
576 1 0.060868 0.060868 0.0613696 0.000501547 1.5
691 1 0.0499794 0.0499794 0.0499794 0 1.33333
635 1 0.047602 0.047602 0.047602 5e-09 1.5
719 1 0.0398638 0.0398638 0.0398638 0 1.33333
714 1 0.0396992 0.0396992 0.0396992 0 1.33333
731 1 1e-08 1e-08 1e-08 0 1.33333
730 1 1e-08 1e-08 1e-08 0 1.33333
729 1 1e-08 1e-08 1e-08 0 1.33333
728 1 1e-08 1e-08 1e-08 0 1.33333
727 1 1e-08 1e-08 1e-08 0 1.33333
726 1 1e-08 1e-08 1e-08 0 1.33333
725 1 1e-08 1e-08 1e-08 0 1.33333

420 29 60.3282 60.3282 141.567 139.487 1.5
660 25 57.8766 57.8766 120.383 118.068 1.5
624 21 107.313 107.313 107.313 102.203 1.5
595 17 107.313 1.30764 101.077 95.143 1.5
291 1 0.337596 0.337596 0.337596 0 1.33333
26 1 0.314535 0.314535 0.314535 0 3
522 1 0.30247 0.30247 0.30247 0 1.33333
636 1 0.250169 0.250169 0.250169 0 1.33333
640 1 0.203948 0.203948 0.203948 0 1.33333
332 1 0.143745 0.143745 0.143745 0 1.33333
666 1 0.103933 0.103933 0.103933 0 1.5
635 1 0.095204 0.095204 0.095204 0 1.5
658 1 0.0697179 0.0697179 0.0697179 0 1.5

420 31 72.6778 72.6778 145.389 143.045 1.5
660 24 39.0433 39.0433 114.547 112.92 1.5
624 22 84.3174 84.3174 107.313 103.48 1.5
595 12 107.313 1.30764 98.4793 90.3057 1.5
291 1 0.337596 0.337596 0.337596 0 1.33333
522 1 0.322438 0.322438 0.322438 0 1.33333
26 1 0.314535 0.314535 0.314535 0 3
636 1 0.250169 0.250169 0.250169 0 1.33333
640 1 0.203948 0.203948 0.203948 0 1.33333
332 1 0.143745 0.143745 0.143745 0 1.33333
666 1 0.103933 0.103933 0.103933 0 1.5
635 1 0.095204 0.095204 0.095204 0 1.5
756 1 0.049392 0.049392 0.049392 0 1.33333
658 1 0.0348589 0.0348589 0.0473807 0.0125218 1.5
759 1 0.0432962 0.0432962 0.0432962 0 1.5
752 1 0.0285554 0.0285554 0.0285554 0 1.33333

420 24 49.2334 49.2334 145.777 143.725 1.5
761 7 120.383 120.383 120.383 103.186 1.5
660 19 57.1821 57.1821 117.622 114.612 1.5
624 17 60.8107 60.8107 103.783 100.206 1.5
595 17 113.695 101.351 102.15 96.1456 1.5
291 1 0.337596 0.337596 0.337596 0 1.33333
522 1 0.322438 0.322438 0.322438 0 1.33333
26 1 0.314535 0.314535 0.314535 0 3
636 1 0.250169 0.250169 0.250169 0 1.33333
640 1 0.203948 0.203948 0.203948 0 1.33333
332 1 0.143745 0.143745 0.143745 0 1.33333
666 1 0.103933 0.103933 0.103933 0 1.5
756 1 0.049392 0.049392 0.049392 0 1.33333
635 1 0.047602 0.047602 0.047602 5e-09 1.5
658 1 0.0232393 0.0232393 0.0315871 0.00834784 1.5
752 1 0.0285554 0.0285554 0.0285554 0 1.33333
774 1 0.0283955 0.0283955 0.0283955 0 1.5
759 1 0.0216481 0.0216481 0.0220147 0.000366622 1.5
778 1 1e-08 1e-08 1e-08 0 1.33333
777 1 1e-08 1e-08 1e-08 0 1.33333
776 1 1e-08 1e-08 1e-08 0 1.5
775 1 1e-08 1e-08 1e-08 0 1.33333

420 24 70.896 70.896 144.752 141.798 1.5
761 20 60.1917 60.1917 117.475 114.465 1.5
595 11 107.313 107.313 107.313 97.5573 1.5
624 18 77.2654 77.2654 106.225 101.932 1.5
660 17 60.1917 60.1917 103.423 99.8825 1.5
291 1 0.337596 0.337596 0.337596 0 1.33333
522 1 0.322438 0.322438 0.322438 0 1.33333
26 1 0.314535 0.314535 0.314535 0 3
636 1 0.250169 0.250169 0.250169 0 1.33333
640 1 0.203948 0.203948 0.203948 0 1.33333
332 1 0.143745 0.143745 0.143745 0 1.33333
666 1 0.103933 0.103933 0.103933 0 1.5
658 1 0.0348589 0.0348589 0.0676926 0.0328337 1.5
756 1 0.049392 0.049392 0.049392 0 1.33333
635 1 0.047602 0.047602 0.047602 5e-09 1.5
759 1 0.0432962 0.0432962 0.0432962 0 1.5

420 24 72.3429 72.3429 147.7 144.686 1.5
761 20 43.7758 43.7758 120.383 118.195 1.5
808 1 120.383 120.383 120.383 0 1.5
624 17 107.313 107.313 107.313 101.001 1.5
595 17 40.5405 40.5405 102.659 100.275 1.5
291 1 0.337596 0.337596 0.337596 0 1.33333
522 1 0.322438 0.322438 0.322438 0 1.33333
26 1 0.314535 0.314535 0.314535 0 3
636 1 0.250169 0.250169 0.250169 0 1.33333
640 1 0.203948 0.203948 0.203948 0 1.33333
332 1 0.143745 0.143745 0.143745 0 1.33333
666 1 0.103933 0.103933 0.103933 0 1.5
658 1 0.0697179 0.0697179 0.0697179 0 1.5
756 1 0.049392 0.049392 0.049392 0 1.33333
759 1 0.0432962 0.0432962 0.0432962 0 1.5
635 1 0.0317347 0.0317347 0.0427694 0.0110347 1.5
806 1 0.0260723 0.0260723 0.0260723 0 1.5
805 1 0.0194031 0.0194031 0.0194031 5e-09 1.5
799 1 0.00846905 0.00846905 0.00846905 0 1.5
800 1 0.00820855 0.00820855 0.00820855 0 1.5
818 1 1e-08 1e-08 1e-08 0 1.33333
817 1 1e-08 1e-08 1e-08 0 1.33333
816 1 1e-08 1e-08 1e-08 0 1.33333
815 1 1e-08 1e-08 1e-08 0 1.33333
814 1 1e-08 1e-08 1e-08 0 1.33333
813 1 1e-08 1e-08 1e-08 0 1.5
812 1 1e-08 1e-08 1e-08 0 1.33333

420 24 72.3429 72.3429 144.718 141.703 1.5
761 19 50.8285 50.8285 118.148 115.473 1.5
808 19 84.7142 84.7142 118.134 113.675 1.5
624 17 107.313 107.313 107.313 101.001 1.5
595 17 107.313 107.313 107.313 101.001 1.5
759 1 0.50012 0.50012 0.521769 0.0216481 1.5
291 1 0.337596 0.337596 0.337596 0 1.33333
522 1 0.322438 0.322438 0.322438 0 1.33333
26 1 0.314535 0.314535 0.314535 0 3
636 1 0.250169 0.250169 0.250169 0 1.33333

420 24 64.4509 64.4509 144.223 141.538 1.5
838 7 120.383 120.383 120.383 103.186 1.5
761 19 30.9092 30.9092 113.628 112.001 1.5
595 12 107.313 107.313 107.313 98.3703 1.5
624 17 73.0899 65.1544 101.002 97.1144 1.5
759 1 1.00024 1.00024 1.00024 0 1.5
291 1 0.337596 0.337596 0.337596 0 1.33333
522 1 0.322438 0.322438 0.322438 0 1.33333
26 1 0.314535 0.314535 0.314535 0 3
636 1 0.250169 0.250169 0.250169 0 1.33333
855 1 0.103933 0.103933 0.103933 0 1.5
853 1 0.0536113 0.0536113 0.0536113 0 1.33333
844 1 0.0223502 0.0223502 0.0447004 0.0223502 1.5
846 1 0.0389302 0.0389302 0.0389302 0 1.33333
845 1 0.0244799 0.0244799 0.0319515 0.00747153 1.5
854 1 0.0014121 0.0014121 0.0014121 0 1.5
842 1 0.00100309 0.00100309 0.00100309 0 1.5
840 1 1e-08 1e-08 1e-08 0 1.33333
841 1 1e-08 1e-08 1e-08 0 1.33333
843 1 1e-08 1e-08 1e-08 0 1.33333
847 1 1e-08 1e-08 1e-08 0 1.33333
848 1 1e-08 1e-08 1e-08 0 1.33333
849 1 1e-08 1e-08 1e-08 0 1.33333
850 1 1e-08 1e-08 1e-08 0 1.33333
851 1 1e-08 1e-08 1e-08 0 1.5
852 1 1e-08 1e-08 1e-08 0 1.33333
839 1 1e-08 1e-08 1e-08 0 1.33333

420 20 53.7091 53.7091 145.097 142.411 1.5
838 16 60.1917 60.1917 120.383 116.621 1.5
856 2 120.383 120.383 120.383 60.1917 1.5
761 16 58.3677 58.3677 120.383 116.735 1.5
595 14 88.3755 88.3755 107.313 101.001 1.5
624 14 100.159 100.159 107.313 100.159 1.5
759 1 1.00024 1.00024 1.00024 0 1.5
291 1 0.337596 0.337596 0.337596 0 1.33333
522 1 0.322438 0.322438 0.322438 0 1.33333
26 1 0.314535 0.314535 0.314535 0 3
636 1 0.250169 0.250169 0.250169 0 1.33333
855 1 0.103933 0.103933 0.103933 0 1.5
844 1 0.0670506 0.0670506 0.0670506 0 1.5
861 1 0.0624499 0.0624499 0.0624499 5e-09 1.5
853 1 0.0536113 0.0536113 0.0536113 0 1.33333
845 1 0.0489599 0.0489599 0.0489599 0 1.5
846 1 0.0389302 0.0389302 0.0389302 0 1.33333
864 1 0.0285554 0.0285554 0.0285554 0 1.33333
858 1 0.0107905 0.0107905 0.0107905 5e-09 1.5
854 1 0.0014121 0.0014121 0.0014121 0 1.5
842 1 0.00100309 0.00100309 0.00100309 0 1.5
865 1 1e-08 1e-08 1e-08 0 1.5
866 1 1e-08 1e-08 1e-08 0 1.5
867 1 1e-08 1e-08 1e-08 0 1.33333
868 1 1e-08 1e-08 1e-08 0 1.5

882 2 147.7 147.7 147.7 73.85 1.5
420 16 59.08 59.08 140.839 137.146 1.5
856 13 62.5994 62.5994 120.383 115.568 1.5
761 13 86.9435 86.9435 120.383 113.695 1.5
838 13 26.0831 26.0831 117.987 115.981 1.5
595 12 91.9826 91.9826 107.313 99.6478 1.5
624 3 107.313 107.313 107.313 71.542 1.5
759 1 1.00024 1.00024 1.00024 0 1.5
291 1 0.337596 0.337596 0.337596 0 1.33333
26 1 0.314535 0.314535 0.314535 0 3
522 1 0.30247 0.30247 0.30247 0 1.33333
636 1 0.250169 0.250169 0.250169 0 1.33333
861 1 0.1249 0.1249 0.1249 0 1.5
881 1 0.109649 0.109649 0.109649 0 1.33333
855 1 0.103933 0.103933 0.103933 0 1.5
844 1 0.0670506 0.0670506 0.0670506 0 1.5
853 1 0.0536113 0.0536113 0.0536113 0 1.33333
845 1 0.0489599 0.0489599 0.0489599 0 1.5
846 1 0.0389302 0.0389302 0.0389302 0 1.33333
864 1 0.0285554 0.0285554 0.0285554 0 1.33333
893 1 0.0283557 0.0283557 0.0283557 0 1.5
858 1 0.021581 0.021581 0.021581 0 1.5
854 1 0.0014121 0.0014121 0.0014121 0 1.5
842 1 0.00100309 0.00100309 0.00100309 0 1.5
884 1 1.32264e-06 1.32264e-06 1.32264e-06 0 1.5
899 1 1e-08 1e-08 1e-08 0 1.33333
898 1 1e-08 1e-08 1e-08 0 1.5
897 1 1e-08 1e-08 1e-08 0 1.5
896 1 1e-08 1e-08 1e-08 0 1.5
895 1 1e-08 1e-08 1e-08 0 1.33333
894 1 1e-08 1e-08 1e-08 0 1.5
892 1 1e-08 1e-08 1e-08 0 1.33333
891 1 1e-08 1e-08 1e-08 0 1.33333
890 1 1e-08 1e-08 1e-08 0 1.5
889 1 1e-08 1e-08 1e-08 0 1.5
888 1 1e-08 1e-08 1e-08 0 1.33333

420 13 147.7 147.7 147.7 136.339 1.5
882 18 64.8439 64.8439 136.973 133.371 1.5
838 15 120.383 120.383 120.383 112.358 1.5
761 15 36.115 36.115 114.909 112.501 1.5
856 15 54.7197 54.7197 113.329 109.681 1.5
624 3 107.313 107.313 107.313 71.542 1.5
845 1 1.38634 1.38634 1.41082 0.0244799 1.5
759 1 1.00024 1.00024 1.00024 0 1.5
291 1 0.337596 0.337596 0.337596 0 1.33333
522 1 0.322438 0.322438 0.322438 0 1.33333
26 1 0.314535 0.314535 0.314535 0 3
881 1 0.303141 0.303141 0.303141 0 1.33333
636 1 0.250169 0.250169 0.250169 0 1.33333
861 1 0.1249 0.1249 0.1249 0 1.5
855 1 0.103933 0.103933 0.103933 0 1.5
844 1 0.0670506 0.0670506 0.0670506 0 1.5
853 1 0.0536113 0.0536113 0.0536113 0 1.33333
846 1 0.0389302 0.0389302 0.0389302 0 1.33333
864 1 0.0285554 0.0285554 0.0285554 0 1.33333
893 1 0.00945189 0.00945189 0.0283557 0.0189038 1.5
858 1 0.021581 0.021581 0.021581 0 1.5
906 1 0.00163639 0.00163639 0.00163639 0 1.5
854 1 0.0014121 0.0014121 0.0014121 0 1.5
842 1 0.00100309 0.00100309 0.00100309 0 1.5
884 1 1.32264e-06 1.32264e-06 1.32264e-06 0 1.5
910 1 1e-08 1e-08 1e-08 0 1.33333
909 1 1e-08 1e-08 1e-08 0 1.33333
908 1 1e-08 1e-08 1e-08 0 1.33333

911 17 147.7 147.7 147.7 139.012 1.5
420 18 53.172 53.172 141.856 138.902 1.5
838 16 46.9789 46.9789 120.383 117.447 1.5
761 15 69.4519 69.4519 115.841 111.211 1.5
856 15 106.221 106.221 113.384 106.303 1.5
624 3 107.313 107.313 107.313 71.542 1.5
845 1 0.693168 0.693168 1.40318 0.710014 1.5
759 1 0.50012 0.50012 0.50012 5e-09 1.5
291 1 0.337596 0.337596 0.337596 0 1.33333
522 1 0.321728 0.321728 0.321728 0 1.33333
26 1 0.314535 0.314535 0.314535 0 3
881 1 0.303141 0.303141 0.303141 0 1.33333
636 1 0.250169 0.250169 0.250169 0 1.33333
861 1 0.1249 0.1249 0.1249 0 1.5
884 1 0.106162 0.106162 0.106162 6.6132e-07 1.5
855 1 0.103933 0.103933 0.103933 0 1.5
844 1 0.0670506 0.0670506 0.0670506 0 1.5
853 1 0.0536113 0.0536113 0.0536113 0 1.33333
846 1 0.0389302 0.0389302 0.0389302 0 1.33333
864 1 0.0285554 0.0285554 0.0285554 0 1.33333
893 1 0.0283557 0.0283557 0.0283557 0 1.5
858 1 0.021581 0.021581 0.021581 0 1.5
929 1 0.0179592 0.0179592 0.0179592 0 1.5

911 19 47.5644 47.5644 147.7 145.197 1.5
420 19 127.559 127.559 147.7 140.986 1.5
838 15 69.4519 69.4519 120.383 115.753 1.5
856 15 112.859 112.859 120.383 112.859 1.5
761 14 42.1342 42.1342 112.119 109.11 1.5
624 3 107.313 107.313 107.313 71.542 1.5
845 1 1.38634 1.38634 1.38781 0.00147118 1.5
759 1 0.333414 0.333414 0.3394 0.00598642 1.5
291 1 0.337596 0.337596 0.337596 0 1.33333
522 1 0.321728 0.321728 0.321728 0 1.33333
26 1 0.314535 0.314535 0.314535 0 3
881 1 0.303141 0.303141 0.303141 0 1.33333
636 1 0.250169 0.250169 0.250169 0 1.33333
884 1 0.212323 0.212323 0.212323 0 1.5
861 1 0.1249 0.1249 0.1249 0 1.5
855 1 0.103933 0.103933 0.103933 0 1.5
844 1 0.0670506 0.0670506 0.0670506 0 1.5
853 1 0.0536113 0.0536113 0.0536113 0 1.33333
846 1 0.0389302 0.0389302 0.0389302 0 1.33333
864 1 0.0285554 0.0285554 0.0285554 0 1.33333
893 1 0.0283557 0.0283557 0.0283557 0 1.5
858 1 0.0107905 0.0107905 0.021581 0.0107905 1.5

420 19 96.769 96.769 147.7 142.607 1.5
911 19 44.5445 44.5445 146.09 143.745 1.5
761 12 120.383 120.383 120.383 110.351 1.5
856 15 66.8797 66.8797 120.383 115.925 1.5
838 15 53.1103 53.1103 120.383 116.843 1.5
624 3 107.313 107.313 107.313 71.542 1.5
845 1 2.77267 2.77267 2.77267 0 1.5
945 1 1.00024 1.00024 1.00024 0 1.5
291 1 0.337596 0.337596 0.337596 0 1.33333
522 1 0.321728 0.321728 0.321728 0 1.33333
26 1 0.314535 0.314535 0.314535 0 3
881 1 0.303141 0.303141 0.303141 0 1.33333
636 1 0.250169 0.250169 0.250169 0 1.33333
884 1 0.212323 0.212323 0.212323 0 1.5
954 1 0.130091 0.130091 0.130091 0 1.5
949 1 0.126231 0.126231 0.126231 0 1.5
861 1 0.1249 0.1249 0.1249 0 1.5
855 1 0.103933 0.103933 0.103933 0 1.5
844 1 0.0670506 0.0670506 0.0670506 0 1.5
853 1 0.0536113 0.0536113 0.0536113 0 1.33333
950 1 0.0391232 0.0391232 0.0391232 0 1.33333
846 1 0.0389302 0.0389302 0.0389302 0 1.33333
864 1 0.0285554 0.0285554 0.0285554 0 1.33333
893 1 0.0283557 0.0283557 0.0283557 0 1.5

911 8 147.7 147.7 147.7 129.238 1.5
962 6 147.7 147.7 147.7 123.083 1.5
420 15 33.5682 33.5682 138.952 136.714 1.5
838 13 120.383 120.383 120.383 111.123 1.5
856 13 57.9624 57.9624 117.395 112.936 1.5
761 12 45.1438 45.1438 112.951 109.19 1.5
624 3 107.313 107.313 107.313 71.542 1.5
845 1 2.77267 2.77267 2.77267 0 1.5
945 1 1.00024 1.00024 1.00024 0 1.5
291 1 0.337596 0.337596 0.337596 0 1.33333
522 1 0.322438 0.322438 0.322438 0 1.33333
26 1 0.314535 0.314535 0.314535 0 3
636 1 0.250169 0.250169 0.250169 0 1.33333
949 1 0.126231 0.126231 0.126231 0 1.5
881 1 0.109649 0.109649 0.109649 0 1.33333
884 1 0.106162 0.106162 0.106391 0.000229476 1.5
855 1 0.103933 0.103933 0.103933 0 1.5
954 1 0.0650454 0.0650454 0.0686924 0.00364695 1.5
844 1 0.0670506 0.0670506 0.0670506 0 1.5
861 1 0.0624499 0.0624499 0.0641104 0.00166052 1.5
853 1 0.0536113 0.0536113 0.0536113 0 1.33333
950 1 0.0391232 0.0391232 0.0391232 0 1.33333
846 1 0.0389302 0.0389302 0.0389302 0 1.33333
864 1 0.0285554 0.0285554 0.0285554 0 1.33333
893 1 0.0141778 0.0141778 0.0283557 0.0141778 1.5
966 1 0.00416764 0.00416764 0.00827191 0.00410428 1.5
975 1 0.00585589 0.00585589 0.00585589 0 1.5
983 1 1e-08 1e-08 1e-08 0 1.5
982 1 1e-08 1e-08 1e-08 0 1.33333
981 1 1e-08 1e-08 1e-08 0 1.33333
980 1 1e-08 1e-08 1e-08 0 1.33333
979 1 1e-08 1e-08 1e-08 0 1.33333
978 1 1e-08 1e-08 1e-08 0 1.33333
977 1 1e-08 1e-08 1e-08 0 1.5
976 1 1e-08 1e-08 1e-08 0 1.5
974 1 1e-08 1e-08 1e-08 0 1.33333
973 1 1e-08 1e-08 1e-08 0 1.33333
972 1 1e-08 1e-08 1e-08 0 1.33333

911 19 51.0237 51.0237 145.053 142.368 1.5
420 18 120.846 98.4955 139.008 132.503 1.5
838 15 69.4519 69.4519 120.383 115.753 1.5
761 12 120.383 120.383 120.383 110.351 1.5
856 15 78.5109 78.5109 120.383 115.149 1.5
624 3 107.313 107.313 107.313 71.542 1.5
845 1 2.77267 2.77267 2.77267 0 1.5
945 1 1.00024 1.00024 1.00024 0 1.5
291 1 0.337596 0.337596 0.337596 0 1.33333
522 1 0.321728 0.321728 0.321728 0 1.33333
997 1 0.320312 0.320312 0.320312 0 1.33333
26 1 0.314535 0.314535 0.314535 0 3
636 1 0.250169 0.250169 0.250169 0 1.33333
884 1 0.212323 0.212323 0.212323 0 1.5
995 1 0.180876 0.180876 0.180876 0 1.33333
954 1 0.130091 0.130091 0.130091 0 1.5
949 1 0.126231 0.126231 0.126231 0 1.5
881 1 0.109649 0.109649 0.109649 0 1.33333
855 1 0.103933 0.103933 0.103933 0 1.5
861 1 0.0624499 0.0624499 0.0981356 0.0356857 1.5
844 1 0.0670506 0.0670506 0.0670506 0 1.5
853 1 0.0536113 0.0536113 0.0536113 0 1.33333
950 1 0.0391232 0.0391232 0.0391232 0 1.33333
846 1 0.0389302 0.0389302 0.0389302 0 1.33333
864 1 0.0285554 0.0285554 0.0285554 0 1.33333

911 21 62.034 62.034 144.778 141.824 1.5
420 21 96.9282 96.9282 142.622 138.007 1.5
856 18 103.186 103.186 120.383 114.651 1.5
838 17 36.5839 33.0083 118.666 116.712 1.5
624 3 107.313 107.313 107.313 71.542 1.5
1018 2 25.1464 25.1464 25.1464 12.5732 1.5
845 1 2.77267 2.77267 2.77267 0 1.5
945 1 1.00024 1.00024 1.00024 0 1.5
291 1 0.337596 0.337596 0.337596 0 1.33333
997 1 0.320312 0.320312 0.320312 0 1.33333
26 1 0.314535 0.314535 0.314535 0 3
881 1 0.303141 0.303141 0.303141 0 1.33333
522 1 0.30247 0.30247 0.30247 0 1.33333
636 1 0.250169 0.250169 0.250169 0 1.33333
884 1 0.212323 0.212323 0.212323 0 1.5
995 1 0.180876 0.180876 0.180876 0 1.33333
954 1 0.130091 0.130091 0.130091 0 1.5
949 1 0.126231 0.126231 0.126231 0 1.5
861 1 0.1249 0.1249 0.1249 0 1.5
855 1 0.103933 0.103933 0.103933 0 1.5
844 1 0.0335253 0.0335253 0.0670506 0.0335253 1.5
853 1 0.0536113 0.0536113 0.0536113 0 1.33333
1013 1 0.0499794 0.0499794 0.0499794 0 1.33333
950 1 0.0391232 0.0391232 0.0391232 0 1.33333
846 1 0.0389302 0.0389302 0.0389302 0 1.33333

911 19 27.2456 27.2456 144.852 143.418 1.5
838 9 120.383 120.383 120.383 107.007 1.5
1022 8 120.383 120.383 120.383 105.335 1.5
856 15 53.1103 53.1103 114.812 111.271 1.5
624 3 107.313 107.313 107.313 71.542 1.5
1021 4 133.424 6.8022 95.2481 72.58 1.5
1018 2 16.7643 16.7643 16.7691 8.38693 1.5
845 1 0.924224 0.924224 1.83233 0.908108 1.5
945 1 1.00024 1.00024 1.00024 0 1.5
291 1 0.337596 0.337596 0.337596 0 1.33333
997 1 0.320312 0.320312 0.320312 0 1.33333
26 1 0.314535 0.314535 0.314535 0 3
522 1 0.30247 0.30247 0.30247 0 1.33333
636 1 0.250169 0.250169 0.250169 0 1.33333
995 1 0.180876 0.180876 0.180876 0 1.33333
954 1 0.0650454 0.0650454 0.130091 0.0650454 1.5
949 1 0.126231 0.126231 0.126231 0 1.5
861 1 0.1249 0.1249 0.1249 0 1.5
881 1 0.109649 0.109649 0.109649 0 1.33333
855 1 0.103933 0.103933 0.103933 0 1.5
844 1 0.0670506 0.0670506 0.0670506 0 1.5
853 1 0.0536113 0.0536113 0.0536113 0 1.33333
884 1 0.0530809 0.0530809 0.0533103 0.000229479 1.5
1013 1 0.0499794 0.0499794 0.0499794 0 1.33333
950 1 0.0391232 0.0391232 0.0391232 0 1.33333
846 1 0.0389302 0.0389302 0.0389302 0 1.33333
1029 1 0.021581 0.021581 0.021581 0 1.5
1034 1 1e-08 1e-08 1e-08 0 1.33333
1033 1 1e-08 1e-08 1e-08 0 1.5
1032 1 1e-08 1e-08 1e-08 0 1.33333
1031 1 1e-08 1e-08 1e-08 0 1.5
1030 1 1e-08 1e-08 1e-08 0 1.33333
1028 1 1e-08 1e-08 1e-08 0 1.33333
1027 1 1e-08 1e-08 1e-08 0 1.33333
1026 1 1e-08 1e-08 1e-08 0 1.5
1025 1 1e-08 1e-08 1e-08 0 1.33333
1024 1 1e-08 1e-08 1e-08 0 1.33333
1023 1 1e-08 1e-08 1e-08 0 1.33333

1035 1 147.7 147.7 147.7 0 1.5
911 17 78.4657 78.4657 143.135 138.519 1.5
856 14 46.8158 46.8158 117.156 113.812 1.5
1022 13 50.4834 50.4834 112.73 108.847 1.5
838 13 68.0428 68.0428 109.985 104.751 1.5
624 11 84.3174 84.3174 99.7128 92.0476 1.5
1021 2 133.424 6.8022 70.1129 47.2336 1.5
1018 2 25.1464 25.1464 25.1464 12.5732 1.5
845 1 2.77267 2.77267 2.77267 0 1.5
945 1 1.00024 1.00024 1.00024 0 1.5
1045 1 0.576525 0.576525 0.576525 5e-09 1.5
291 1 0.337596 0.337596 0.337596 0 1.33333
522 1 0.321728 0.321728 0.321728 0 1.33333
997 1 0.320312 0.320312 0.320312 0 1.33333
26 1 0.314535 0.314535 0.314535 0 3
636 1 0.250169 0.250169 0.250169 0 1.33333
884 1 0.212323 0.212323 0.212323 0 1.5
995 1 0.180876 0.180876 0.180876 0 1.33333
954 1 0.130091 0.130091 0.130091 0 1.5
949 1 0.126231 0.126231 0.126231 0 1.5
881 1 0.109649 0.109649 0.109649 0 1.33333
855 1 0.103933 0.103933 0.103933 0 1.5
844 1 0.0670506 0.0670506 0.0670506 0 1.5
853 1 0.0536113 0.0536113 0.0536113 0 1.33333
861 1 0.0416333 0.0416333 0.0503403 0.00870704 1.5
1013 1 0.0499794 0.0499794 0.0499794 0 1.33333
1049 1 0.0493836 0.0493836 0.0493836 0 1.33333
950 1 0.0391232 0.0391232 0.0391232 0 1.33333
846 1 0.0389302 0.0389302 0.0389302 0 1.33333
1029 1 0.021581 0.021581 0.021581 0 1.5
1050 1 0.0179592 0.0179592 0.0179592 0 1.5
1046 1 0.00833527 0.00833527 0.00833527 0 1.5
1048 1 0.00486052 0.00486052 0.00486052 0 1.5
1038 1 0.000474707 0.000474707 0.000474707 0 1.5
1034 1 1e-08 1e-08 1e-08 0 1.33333
1033 1 1e-08 1e-08 1e-08 0 1.5

1021 11 147.7 147.7 147.7 134.273 1.5
1060 1 147.7 147.7 147.7 0 1.5
911 12 147.7 147.7 147.7 135.392 1.5
1035 13 53.3361 53.3361 143.665 139.563 1.5
856 10 41.5115 41.5115 116.354 112.203 1.5
1022 10 46.3013 46.3013 115.812 111.182 1.5
838 10 63.535 57.3254 115.596 109.801 1.5
624 10 97.5573 97.5573 107.313 97.5573 1.5
1018 1 8.38213 8.38213 16.7643 8.38213 1.5
845 1 2.77267 2.77267 2.77267 0 1.5
1045 1 1.15305 1.15305 1.15305 0 1.5
945 1 1.00024 1.00024 1.00024 0 1.5
291 1 0.337596 0.337596 0.337596 0 1.33333
522 1 0.322438 0.322438 0.322438 0 1.33333
997 1 0.320312 0.320312 0.320312 0 1.33333
26 1 0.314535 0.314535 0.314535 0 3
636 1 0.250169 0.250169 0.250169 0 1.33333
995 1 0.180876 0.180876 0.180876 0 1.33333
954 1 0.130091 0.130091 0.130091 0 1.5
949 1 0.126231 0.126231 0.126231 0 1.5
861 1 0.1249 0.1249 0.1249 0 1.5
881 1 0.109649 0.109649 0.109649 0 1.33333
855 1 0.103933 0.103933 0.103933 0 1.5
884 1 0.0707745 0.0707745 0.0880466 0.0172722 1.5
844 1 0.0670506 0.0670506 0.0670506 0 1.5
853 1 0.0536113 0.0536113 0.0536113 0 1.33333
1064 1 0.0509882 0.0509882 0.0509882 0 1.33333
1013 1 0.0499794 0.0499794 0.0499794 0 1.33333
1049 1 0.0493836 0.0493836 0.0493836 0 1.33333
950 1 0.0391232 0.0391232 0.0391232 0 1.33333
846 1 0.0389302 0.0389302 0.0389302 0 1.33333
1062 1 0.0283557 0.0283557 0.0283557 0 1.5

911 15 147.7 147.7 147.7 137.853 1.5
1021 15 32.1087 32.1087 145.353 143.212 1.5
1035 13 147.7 1.35938 125.209 115.649 1.5
1022 13 92.0579 92.0579 120.383 113.302 1.5
856 13 60.1917 60.1917 120.383 115.753 1.5
838 7 120.383 120.383 120.383 103.186 1.5
624 10 107.313 107.313 107.313 96.5818 1.5
1018 1 25.1464 25.1464 25.1464 0 1.5
845 1 3.16736 3.16736 4.99872 1.83135 1.5
1045 1 1.15305 1.15305 1.15305 0 1.5
945 1 1.00024 1.00024 1.00024 0 1.5
291 1 0.337596 0.337596 0.337596 0 1.33333
522 1 0.321728 0.321728 0.321728 0 1.33333
997 1 0.320312 0.320312 0.320312 0 1.33333
26 1 0.314535 0.314535 0.314535 0 3
636 1 0.250169 0.250169 0.250169 0 1.33333
995 1 0.180876 0.180876 0.180876 0 1.33333
884 1 0.0707745 0.0707745 0.15454 0.0837656 1.5
954 1 0.130091 0.130091 0.130091 0 1.5
949 1 0.126231 0.126231 0.126231 0 1.5
861 1 0.1249 0.1249 0.1249 0 1.5
881 1 0.109649 0.109649 0.109649 0 1.33333

1021 16 147.7 147.7 147.7 138.469 1.5
911 17 32.191 32.191 138.577 136.683 1.5
1080 9 120.383 120.383 120.383 107.007 1.5
1022 15 69.4519 69.4519 120.383 115.753 1.5
856 15 78.5109 78.5109 120.383 115.149 1.5
624 10 107.313 107.313 107.313 96.5818 1.5
1018 1 25.1464 25.1464 25.1464 0 1.5
845 1 4.75105 4.75105 4.75149 0.000446915 1.5
884 1 1.01732 1.01732 1.12348 0.106162 1.5
945 1 1.00024 1.00024 1.00024 0 1.5
1045 1 0.38435 0.38435 0.38435 6.66667e-09 1.5
291 1 0.337596 0.337596 0.337596 0 1.33333
522 1 0.321728 0.321728 0.321728 0 1.33333
997 1 0.320312 0.320312 0.320312 0 1.33333
26 1 0.314535 0.314535 0.314535 0 3
636 1 0.250169 0.250169 0.250169 0 1.33333
995 1 0.180876 0.180876 0.180876 0 1.33333
954 1 0.130091 0.130091 0.130091 0 1.5
949 1 0.126231 0.126231 0.126231 0 1.5
861 1 0.1249 0.1249 0.1249 0 1.5
881 1 0.109649 0.109649 0.109649 0 1.33333
1083 1 0.0846924 0.0846924 0.0846924 0 1.33333
1081 1 0.00163639 0.00163639 0.00163639 0 1.5
1099 1 1e-08 1e-08 1e-08 0 1.33333
1098 1 1e-08 1e-08 1e-08 0 1.33333

911 16 94.528 94.528 147.7 141.792 1.5
1021 15 45.2143 45.2143 138.327 135.312 1.5
1080 13 48.9057 48.9057 120.383 116.621 1.5
1100 13 78.2492 78.2492 120.383 114.364 1.5
856 13 86.9435 86.9435 120.383 113.695 1.5
624 10 107.313 107.313 107.313 96.5818 1.5
1022 3 120.383 12.2357 84.3342 58.7349 1.5
1018 1 25.1464 25.1464 25.1464 0 1.5
1101 1 9.50209 9.50209 9.50209 0 1.5
1102 1 2.03465 2.03465 2.03465 0 1.5
1045 1 1.15305 1.15305 1.15305 0 1.5
945 1 1.00024 1.00024 1.00024 0 1.5
291 1 0.337596 0.337596 0.337596 0 1.33333
522 1 0.322438 0.322438 0.322438 0 1.33333
997 1 0.320312 0.320312 0.320312 0 1.33333
26 1 0.314535 0.314535 0.314535 0 3
636 1 0.250169 0.250169 0.250169 0 1.33333
995 1 0.180876 0.180876 0.180876 0 1.33333
954 1 0.130091 0.130091 0.130091 0 1.5
949 1 0.126231 0.126231 0.126231 0 1.5
861 1 0.1249 0.1249 0.1249 0 1.5
881 1 0.109649 0.109649 0.109649 0 1.33333
1083 1 0.0846924 0.0846924 0.0846924 0 1.33333
1118 1 0.0713715 0.0713715 0.0713715 0 1.5
1121 1 0.00833527 0.00833527 0.00833527 0 1.5

1126 4 147.7 147.7 147.7 110.775 1.5
1021 13 53.3361 53.3361 141.955 137.852 1.5
911 13 28.2368 28.2368 140.965 138.793 1.5
1080 11 60.1917 60.1917 120.383 114.911 1.5
1100 1 120.383 120.383 120.383 0 1.5
856 11 110.351 110.351 120.383 110.351 1.5
624 10 107.313 107.313 107.313 96.5818 1.5
1127 4 120.383 12.2357 93.3465 70.982 1.5
1018 1 25.1464 25.1464 25.1464 0 1.5
1101 1 3.16736 3.16736 4.0898 0.922436 1.5
1102 1 2.03465 2.03465 2.03465 0 1.5
1045 1 1.15305 1.15305 1.15305 0 1.5
945 1 1.00024 1.00024 1.00024 0 1.5
291 1 0.337596 0.337596 0.337596 0 1.33333
522 1 0.321728 0.321728 0.321728 0 1.33333
997 1 0.320312 0.320312 0.320312 0 1.33333
26 1 0.314535 0.314535 0.314535 0 3
1130 1 0.309159 0.309159 0.309159 0 1.33333
1138 1 0.296808 0.296808 0.296808 0 1.33333
636 1 0.250169 0.250169 0.250169 0 1.33333
995 1 0.180876 0.180876 0.180876 0 1.33333
954 1 0.130091 0.130091 0.130091 0 1.5
949 1 0.126231 0.126231 0.126231 0 1.5
861 1 0.1249 0.1249 0.1249 0 1.5
881 1 0.109649 0.109649 0.109649 0 1.33333
1083 1 0.0846924 0.0846924 0.0846924 0 1.33333
1118 1 0.0713715 0.0713715 0.0713715 0 1.5
1139 1 0.0242367 0.0242367 0.0242367 0 1.33333
1121 1 0.00833527 0.00833527 0.00833527 0 1.5
1137 1 0.000818196 0.000818196 0.00163639 0.000818196 1.5
1128 1 0.000229476 0.000229476 0.000458953 0.000229476 1.5
1132 1 1e-08 1e-08 1e-08 0 1.33333
1133 1 1e-08 1e-08 1e-08 0 1.5
1134 1 1e-08 1e-08 1e-08 0 1.5
1135 1 1e-08 1e-08 1e-08 0 1.33333
1136 1 1e-08 1e-08 1e-08 0 1.33333
1131 1 3.33333e-09 3.33333e-09 1e-08 6.66667e-09 1.5
1129 1 1e-08 1e-08 1e-08 0 1.33333
1140 1 1e-08 1e-08 1e-08 0 1.33333
1141 1 1e-08 1e-08 1e-08 0 1.33333
1142 1 1e-08 1e-08 1e-08 0 2.75
1143 1 1e-08 1e-08 1e-08 0 1.33333

911 9 147.7 147.7 147.7 131.289 1.5
1126 15 22.3788 22.3788 140.431 138.939 1.5
1080 11 120.383 120.383 120.383 109.439 1.5
1100 6 120.383 120.383 120.383 100.319 1.5
856 6 120.383 120.383 120.383 100.319 1.5
624 10 107.313 107.313 107.313 96.5818 1.5
1127 4 120.383 12.2357 93.3465 70.982 1.5
1018 1 25.1464 25.1464 25.1464 0 1.5
1101 1 1.90042 1.90042 1.93284 0.0324241 1.5
1045 1 1.15305 1.15305 1.15305 0 1.5
945 1 1.00024 1.00024 1.00024 0 1.5
1102 1 0.678215 0.678215 0.688203 0.00998741 1.5
291 1 0.337596 0.337596 0.337596 0 1.33333
522 1 0.322438 0.322438 0.322438 0 1.33333
997 1 0.320312 0.320312 0.320312 0 1.33333
26 1 0.314535 0.314535 0.314535 0 3
1130 1 0.309159 0.309159 0.309159 0 1.33333
1138 1 0.296808 0.296808 0.296808 0 1.33333
636 1 0.250169 0.250169 0.250169 0 1.33333
995 1 0.180876 0.180876 0.180876 0 1.33333
949 1 0.101054 0.101054 0.164169 0.0631156 1.5
954 1 0.130091 0.130091 0.130091 0 1.5
861 1 0.1249 0.1249 0.1249 0 1.5
881 1 0.109649 0.109649 0.109649 0 1.33333
1083 1 0.0846924 0.0846924 0.0846924 0 1.33333
1118 1 0.0713715 0.0713715 0.0713715 0 1.5
1157 1 0.0484678 0.0484678 0.0484678 0 1.33333
1139 1 0.0242367 0.0242367 0.0242367 0 1.33333
1152 1 0.0161155 0.0161155 0.0161155 0 1.5
1121 1 0.00833527 0.00833527 0.00833527 0 1.5
1137 1 0.00163639 0.00163639 0.00163639 0 1.5
1128 1 0.000458953 0.000458953 0.000458953 0 1.5
1158 1 1e-08 1e-08 1e-08 0 1.33333
1156 1 1e-08 1e-08 1e-08 0 1.33333
1155 1 1e-08 1e-08 1e-08 0 1.33333
1154 1 5e-09 5e-09 1e-08 5e-09 1.5
1153 1 1e-08 1e-08 1e-08 0 1.33333
1151 1 1e-08 1e-08 1e-08 0 1.33333
1150 1 1e-08 1e-08 1e-08 0 1.33333
1149 1 1e-08 1e-08 1e-08 0 1.5
1148 1 1e-08 1e-08 1e-08 0 1.5
1147 1 1e-08 1e-08 1e-08 0 1.33333
1143 1 1e-08 1e-08 1e-08 0 1.33333
1142 1 1e-08 1e-08 1e-08 0 2.75
1141 1 1e-08 1e-08 1e-08 0 1.33333
1140 1 1e-08 1e-08 1e-08 0 1.33333
1129 1 1e-08 1e-08 1e-08 0 1.33333

1159 7 147.7 147.7 147.7 126.6 1.5
1126 15 44.31 44.31 144.746 141.792 1.5
911 15 48.1631 48.1631 138.594 135.383 1.5
1080 11 120.383 120.383 120.383 109.439 1.5
1100 12 120.383 120.383 120.383 110.351 1.5
624 10 107.313 107.313 107.313 96.5818 1.5
1127 4 120.383 12.2357 93.3465 70.982 1.5
1018 1 25.1464 25.1464 25.1464 0 1.5
1101 1 4.75105 4.75105 4.7685 0.0174521 1.5
1102 1 2.03465 2.03465 2.03465 0 1.5
1045 1 1.15305 1.15305 1.15305 0 1.5
945 1 1.00024 1.00024 1.00024 0 1.5
522 1 0.322438 0.322438 0.322438 0 1.33333
997 1 0.320312 0.320312 0.320312 0 1.33333
26 1 0.314535 0.314535 0.314535 0 3
1130 1 0.309159 0.309159 0.309159 0 1.33333
1138 1 0.296808 0.296808 0.296808 0 1.33333
636 1 0.250169 0.250169 0.250169 0 1.33333
995 1 0.180876 0.180876 0.180876 0 1.33333
291 1 0.168798 0.168798 0.168798 5e-09 1.33333
949 1 0.101054 0.101054 0.164169 0.0631156 1.5
954 1 0.0650454 0.0650454 0.128161 0.0631156 1.5
861 1 0.1249 0.1249 0.1249 0 1.5
881 1 0.109649 0.109649 0.109649 0 1.33333
1083 1 0.0846924 0.0846924 0.0846924 0 1.33333
1118 1 0.0713715 0.0713715 0.0713715 0 1.5
1157 1 0.0484678 0.0484678 0.0484678 0 1.33333
1139 1 0.0242367 0.0242367 0.0242367 0 1.33333
1152 1 0.0161155 0.0161155 0.0161155 0 1.5
1121 1 0.00833527 0.00833527 0.00833527 0 1.5
1137 1 0.00163639 0.00163639 0.00163639 0 1.5
1128 1 0.000458953 0.000458953 0.000458953 0 1.5
1162 1 1e-08 1e-08 1e-08 0 1.33333
1161 1 1e-08 1e-08 1e-08 0 1.33333

911 15 147.7 147.7 147.7 137.853 1.5
1159 15 20.901 20.901 142.49 141.097 1.5
1080 11 120.383 120.383 120.383 109.439 1.5
1100 11 120.383 120.383 120.383 109.439 1.5
1175 1 120.383 120.383 120.383 0 1.5
1127 3 120.383 120.383 120.383 80.2556 1.5
624 10 107.313 107.313 107.313 96.5818 1.5
1018 1 25.1464 25.1464 25.1464 0 1.5
1176 1 12.2357 12.2357 12.2357 0 1.5
1101 1 9.50209 9.50209 9.50209 0 1.5
1045 1 1.15305 1.15305 1.15305 0 1.5
1102 1 1.01732 1.01732 1.08015 0.0628242 1.5
945 1 1.00024 1.00024 1.00024 0 1.5
291 1 0.337596 0.337596 0.337596 0 1.33333
522 1 0.321728 0.321728 0.321728 0 1.33333
997 1 0.320312 0.320312 0.320312 0 1.33333
26 1 0.314535 0.314535 0.314535 0 3
1130 1 0.309159 0.309159 0.309159 0 1.33333
1138 1 0.296808 0.296808 0.296808 0 1.33333
636 1 0.250169 0.250169 0.250169 0 1.33333
949 1 0.202108 0.202108 0.202108 0 1.5
995 1 0.180876 0.180876 0.180876 0 1.33333
954 1 0.130091 0.130091 0.130091 0 1.5
861 1 0.1249 0.1249 0.1249 0 1.5
881 1 0.109649 0.109649 0.109649 0 1.33333
1083 1 0.0846924 0.0846924 0.0846924 0 1.33333
1118 1 0.0713715 0.0713715 0.0713715 0 1.5
1157 1 0.0484678 0.0484678 0.0484678 0 1.33333
1139 1 0.0242367 0.0242367 0.0242367 0 1.33333
1152 1 0.0161155 0.0161155 0.0161155 0 1.5
1121 1 0.00833527 0.00833527 0.00833527 0 1.5
1137 1 0.00163639 0.00163639 0.00163639 0 1.5
1128 1 0.000458953 0.000458953 0.000458953 0 1.5
1189 1 1e-08 1e-08 1e-08 0 1.33333
1188 1 1e-08 1e-08 1e-08 0 1.33333
1187 1 1e-08 1e-08 1e-08 0 1.33333
1186 1 1e-08 1e-08 1e-08 0 1.33333
1185 1 1e-08 1e-08 1e-08 0 1.33333
1184 1 1e-08 1e-08 1e-08 0 1.5
1183 1 1e-08 1e-08 1e-08 0 1.33333
1182 1 1e-08 1e-08 1e-08 0 1.33333
1181 1 1e-08 1e-08 1e-08 0 1.33333

1159 16 53.7091 53.7091 144.344 140.987 1.5
911 15 33.0672 33.0672 140.994 138.789 1.5
1080 11 120.383 120.383 120.383 109.439 1.5
1100 11 120.383 120.383 120.383 109.439 1.5
1175 1 120.383 120.383 120.383 0 1.5
624 10 107.313 107.313 107.313 96.5818 1.5
1127 4 120.383 12.2357 93.3465 70.982 1.5
1018 1 25.1464 25.1464 25.1464 0 1.5
1101 1 9.50209 9.50209 9.50209 0 1.5
1192 1 4.905 4.905 4.905 5e-09 1.5
1102 1 2.03465 2.03465 2.03465 0 1.5
1045 1 1.15305 1.15305 1.15305 0 1.5
945 1 1.00024 1.00024 1.00024 0 1.5
291 1 0.337596 0.337596 0.337596 0 1.33333
522 1 0.322438 0.322438 0.322438 0 1.33333
997 1 0.320312 0.320312 0.320312 0 1.33333
26 1 0.314535 0.314535 0.314535 0 3
1130 1 0.309159 0.309159 0.309159 0 1.33333
1138 1 0.296808 0.296808 0.296808 0 1.33333
636 1 0.250169 0.250169 0.250169 0 1.33333
995 1 0.180876 0.180876 0.180876 0 1.33333
949 1 0.101054 0.101054 0.164169 0.0631156 1.5
861 1 0.1249 0.1249 0.1249 0 1.5
881 1 0.109649 0.109649 0.109649 0 1.33333
1083 1 0.0846924 0.0846924 0.0846924 0 1.33333
1118 1 0.0713715 0.0713715 0.0713715 0 1.5
1157 1 0.0484678 0.0484678 0.0484678 0 1.33333
954 1 0.0325227 0.0325227 0.0379931 0.00547042 1.5
1139 1 0.0242367 0.0242367 0.0242367 0 1.33333
1121 1 0.00833527 0.00833527 0.00833527 0 1.5
1152 1 0.00805776 0.00805776 0.00805777 5e-09 1.5
1137 1 0.0018166 0.0018166 0.00290752 0.00109093 1.5
1128 1 0.000458953 0.000458953 0.000458953 0 1.5
1199 1 1e-08 1e-08 1e-08 0 1.33333
1198 1 1e-08 1e-08 1e-08 0 1.33333
1197 1 1e-08 1e-08 1e-08 0 1.5
1196 1 1e-08 1e-08 1e-08 0 1.33333
1195 1 1e-08 1e-08 1e-08 0 1.33333
1194 1 1e-08 1e-08 1e-08 0 1.33333
1193 1 1e-08 1e-08 1e-08 0 1.33333

911 16 54.9582 54.9582 144.311 140.876 1.5
1159 15 35.1667 35.1667 138.916 136.572 1.5
1080 11 120.383 120.383 120.383 109.439 1.5
1100 11 120.383 120.383 120.383 109.439 1.5
1175 1 120.383 120.383 120.383 0 1.5
624 10 107.313 107.313 107.313 96.5818 1.5
1127 4 120.383 12.2357 93.3465 70.982 1.5
1018 1 25.1464 25.1464 25.1464 0 1.5
1101 1 9.50209 9.50209 9.50209 0 1.5
1192 1 4.905 4.905 4.905 5e-09 1.5
1102 1 2.03465 2.03465 2.03465 0 1.5
1045 1 1.15305 1.15305 1.15305 0 1.5
945 1 1.00024 1.00024 1.00024 0 1.5
291 1 0.337596 0.337596 0.337596 0 1.33333
522 1 0.321728 0.321728 0.321728 0 1.33333
997 1 0.320312 0.320312 0.320312 0 1.33333
26 1 0.314535 0.314535 0.314535 0 3
1130 1 0.309159 0.309159 0.309159 0 1.33333
881 1 0.303141 0.303141 0.303141 0 1.33333
1138 1 0.296808 0.296808 0.296808 0 1.33333
636 1 0.250169 0.250169 0.250169 0 1.33333
995 1 0.180876 0.180876 0.180876 0 1.33333
954 1 0.0650454 0.0650454 0.128161 0.0631156 1.5
861 1 0.1249 0.1249 0.1249 0 1.5
949 1 0.101054 0.101054 0.10925 0.00819624 1.5
1128 1 0.106162 0.106162 0.106391 0.000229476 1.5
1083 1 0.0846924 0.0846924 0.0846924 0 1.33333
1118 1 0.0713715 0.0713715 0.0713715 0 1.5
1157 1 0.0484678 0.0484678 0.0484678 0 1.33333
1139 1 0.0242367 0.0242367 0.0242367 0 1.33333
1152 1 0.0122715 0.0122715 0.0176433 0.00537184 1.5
1121 1 0.00833527 0.00833527 0.00833527 0 1.5
1137 1 0.00272489 0.00272489 0.00354309 0.000818196 1.5
1214 1 0.00264915 0.00264915 0.00264915 0 1.5
1210 1 0.00236082 0.00236082 0.00236082 0 1.33333
1199 1 1e-08 1e-08 1e-08 0 1.33333
1213 1 1e-08 1e-08 1e-08 0 1.33333
1212 1 1e-08 1e-08 1e-08 0 1.33333
1211 1 1e-08 1e-08 1e-08 0 1.33333
1209 1 1e-08 1e-08 1e-08 0 1.33333

911 15 46.1563 46.1563 141.634 138.557 1.5
1159 15 46.1563 46.1563 141.03 137.953 1.5
1080 11 120.383 120.383 120.383 109.439 1.5
1100 11 120.383 120.383 120.383 109.439 1.5
1175 1 120.383 120.383 120.383 0 1.5
1127 3 120.383 120.383 120.383 80.2556 1.5
624 10 107.313 107.313 107.313 96.5818 1.5
1018 1 25.1464 25.1464 25.1464 0 1.5
1215 1 12.2357 12.2357 12.2357 0 1.5
1192 1 2.4525 2.4525 9.81 7.3575 1.5
1101 1 3.16736 3.16736 3.19829 0.0309251 1.5
1102 1 2.03465 2.03465 2.03465 0 1.5
1045 1 1.15305 1.15305 1.15305 0 1.5
945 1 1.00024 1.00024 1.00024 0 1.5
291 1 0.337596 0.337596 0.337596 0 1.33333
997 1 0.320312 0.320312 0.320312 0 1.33333
26 1 0.314535 0.314535 0.314535 0 3
1130 1 0.309159 0.309159 0.309159 0 1.33333
522 1 0.30247 0.30247 0.30247 0 1.33333
1138 1 0.296808 0.296808 0.296808 0 1.33333
636 1 0.250169 0.250169 0.250169 0 1.33333
1128 1 0.212323 0.212323 0.212323 0 1.5
949 1 0.202108 0.202108 0.202108 0 1.5
995 1 0.180876 0.180876 0.180876 0 1.33333
861 1 0.1249 0.1249 0.1249 0 1.5
881 1 0.109649 0.109649 0.109649 0 1.33333
954 1 0.0348225 0.0348225 0.100726 0.065904 1.5
1083 1 0.0846924 0.0846924 0.0846924 0 1.33333
1118 1 0.0713715 0.0713715 0.0713715 0 1.5
1157 1 0.0484678 0.0484678 0.0484678 0 1.33333
1139 1 0.0242367 0.0242367 0.0242367 0 1.33333
1152 1 0.00920359 0.00920359 0.0132325 0.00402889 1.5
1121 1 0.00833527 0.00833527 0.00833527 0 1.5
1137 1 0.00272489 0.00272489 0.00354309 0.000818196 1.5
1214 1 0.00264915 0.00264915 0.00264915 0 1.5
1210 1 0.00236082 0.00236082 0.00236082 0 1.33333
1231 1 0.00089383 0.00089383 0.00089383 0 1.5
1223 1 1e-08 1e-08 1e-08 0 1.33333
1224 1 1e-08 1e-08 1e-08 0 1.33333
1225 1 1e-08 1e-08 1e-08 0 1.33333
1226 1 1e-08 1e-08 1e-08 0 1.33333
1227 1 1e-08 1e-08 1e-08 0 1.33333

1159 18 49.2334 49.2334 145.078 142.343 1.5
911 17 50.218 50.218 138.934 135.98 1.5
1080 11 120.383 120.383 120.383 109.439 1.5
1100 12 120.383 120.383 120.383 110.351 1.5
624 10 107.313 107.313 107.313 96.5818 1.5
1127 4 120.383 12.2357 93.3465 70.982 1.5
1018 1 25.1464 25.1464 25.1464 0 1.5
1192 1 9.81 9.81 9.81 0 1.5
1101 1 9.50209 9.50209 9.50209 0 1.5
1102 1 2.03465 2.03465 2.03465 0 1.5
1045 1 1.15305 1.15305 1.15305 0 1.5
945 1 1.00024 1.00024 1.00024 0 1.5
291 1 0.337596 0.337596 0.337596 0 1.33333
997 1 0.320312 0.320312 0.320312 0 1.33333
26 1 0.314535 0.314535 0.314535 0 3
1130 1 0.309159 0.309159 0.309159 0 1.33333
522 1 0.30247 0.30247 0.30247 0 1.33333
1138 1 0.296808 0.296808 0.296808 0 1.33333
636 1 0.250169 0.250169 0.250169 0 1.33333
1128 1 0.106162 0.106162 0.212323 0.106162 1.5
995 1 0.180876 0.180876 0.180876 0 1.33333
949 1 0.101054 0.101054 0.164169 0.0631156 1.5
954 1 0.13929 0.13929 0.13929 0 1.5
861 1 0.1249 0.1249 0.1249 0 1.5
881 1 0.109649 0.109649 0.109649 0 1.33333
1083 1 0.0846924 0.0846924 0.0846924 0 1.33333
1118 1 0.0713715 0.0713715 0.0713715 0 1.5
1235 1 0.0500743 0.0500743 0.0500743 0 1.33333
1157 1 0.0484678 0.0484678 0.0484678 0 1.33333
1139 1 0.0242367 0.0242367 0.0242367 0 1.33333
1152 1 0.0122715 0.0122715 0.0176433 0.00537184 1.5
1121 1 0.00833527 0.00833527 0.00833527 0 1.5
1137 1 0.00544979 0.00544979 0.00544979 0 1.5
1214 1 0.00264915 0.00264915 0.00264915 0 1.5
1210 1 0.00236082 0.00236082 0.00236082 0 1.33333

911 16 41.4597 41.4597 142.591 140 1.5
1159 15 37.5509 37.5509 140.781 138.278 1.5
1080 11 120.383 120.383 120.383 109.439 1.5
1100 11 120.383 120.383 120.383 109.439 1.5
1253 1 120.383 120.383 120.383 0 1.5
624 10 107.313 107.313 107.313 96.5818 1.5
1127 4 120.383 12.2357 93.3465 70.982 1.5
1018 1 25.1464 25.1464 25.1464 0 1.5
1192 1 2.4525 2.4525 4.905 2.4525 1.5
1101 1 4.75105 4.75105 4.7543 0.00324899 1.5
1102 1 1.01732 1.01732 1.68421 0.666886 1.5
1045 1 1.15305 1.15305 1.15305 0 1.5
945 1 1.00024 1.00024 1.00024 0 1.5
522 1 0.321728 0.321728 0.321728 0 1.33333
997 1 0.320312 0.320312 0.320312 0 1.33333
26 1 0.314535 0.314535 0.314535 0 3
1130 1 0.309159 0.309159 0.309159 0 1.33333
1138 1 0.296808 0.296808 0.296808 0 1.33333
1259 1 0.28577 0.28577 0.28577 0 1.33333
636 1 0.250169 0.250169 0.250169 0 1.33333
1128 1 0.212323 0.212323 0.212323 0 1.5
949 1 0.202108 0.202108 0.202108 0 1.5
995 1 0.180876 0.180876 0.180876 0 1.33333
291 1 0.168798 0.168798 0.168798 5e-09 1.33333
954 1 0.13929 0.13929 0.13929 0 1.5
861 1 0.1249 0.1249 0.1249 0 1.5
881 1 0.109649 0.109649 0.109649 0 1.33333
1083 1 0.0846924 0.0846924 0.0846924 0 1.33333
1118 1 0.0713715 0.0713715 0.0713715 0 1.5
1235 1 0.0500743 0.0500743 0.0500743 0 1.33333
1260 1 0.0500121 0.0500121 0.0500121 0 1.33333
1157 1 0.0484678 0.0484678 0.0484678 0 1.33333
1152 1 0.0368144 0.0368144 0.0368144 0 1.5
1139 1 0.0242367 0.0242367 0.0242367 0 1.33333
1121 1 0.00833527 0.00833527 0.00833527 0 1.5
1137 1 0.00272489 0.00272489 0.00354309 0.000818196 1.5
1214 1 0.00264915 0.00264915 0.00264915 0 1.5
1210 1 0.00236082 0.00236082 0.00236082 0 1.33333
1264 1 1e-08 1e-08 1e-08 0 1.33333
1263 1 1e-08 1e-08 1e-08 0 1.33333

911 16 35.8061 35.8061 143.332 141.094 1.5
1159 15 45.2143 45.2143 138.776 135.762 1.5
1080 11 120.383 120.383 120.383 109.439 1.5
1100 11 120.383 120.383 120.383 109.439 1.5
1253 1 120.383 120.383 120.383 0 1.5
624 10 107.313 107.313 107.313 96.5818 1.5
1127 4 120.383 12.2357 93.3465 70.982 1.5
1018 1 25.1464 25.1464 25.1464 0 1.5
1192 1 9.81 9.81 9.81 0 1.5
1101 1 4.75105 4.75105 4.7685 0.0174521 1.5
1102 1 2.03465 2.03465 2.03465 0 1.5
1045 1 1.15305 1.15305 1.15305 0 1.5
945 1 1.00024 1.00024 1.00024 0 1.5
291 1 0.337596 0.337596 0.337596 0 1.33333
522 1 0.322438 0.322438 0.322438 0 1.33333
997 1 0.320312 0.320312 0.320312 0 1.33333
26 1 0.314535 0.314535 0.314535 0 3
1130 1 0.309159 0.309159 0.309159 0 1.33333
1138 1 0.296808 0.296808 0.296808 0 1.33333
1259 1 0.28577 0.28577 0.28577 0 1.33333
636 1 0.250169 0.250169 0.250169 0 1.33333
1128 1 0.212323 0.212323 0.212323 0 1.5
995 1 0.180876 0.180876 0.180876 0 1.33333
949 1 0.0673692 0.0673692 0.143484 0.0761151 1.5
954 1 0.13929 0.13929 0.13929 0 1.5
861 1 0.1249 0.1249 0.1249 0 1.5
881 1 0.109649 0.109649 0.109649 0 1.33333
1083 1 0.0846924 0.0846924 0.0846924 0 1.33333
1118 1 0.0713715 0.0713715 0.0713715 0 1.5
1268 1 0.062717 0.062717 0.062717 0 1.33333
1235 1 0.0500743 0.0500743 0.0500743 0 1.33333
1260 1 0.0500121 0.0500121 0.0500121 0 1.33333
1157 1 0.0484678 0.0484678 0.0484678 0 1.33333
1152 1 0.0368144 0.0368144 0.0368144 0 1.5
1139 1 0.0242367 0.0242367 0.0242367 0 1.33333
1121 1 0.00833527 0.00833527 0.00833527 0 1.5
1137 1 0.00544979 0.00544979 0.00544979 0 1.5
1214 1 0.00264915 0.00264915 0.00264915 0 1.5
1210 1 0.00236082 0.00236082 0.00236082 0 1.33333
1277 1 1e-08 1e-08 1e-08 0 1.33333

911 16 40.7448 40.7448 142.608 140.061 1.5
1159 14 41.356 41.356 127.479 124.525 1.5
1080 11 120.383 120.383 120.383 109.439 1.5
1100 11 120.383 120.383 120.383 109.439 1.5
1253 1 120.383 120.383 120.383 0 1.5
624 10 107.313 107.313 107.313 96.5818 1.5
1127 4 120.383 12.2357 93.3465 70.982 1.5
1018 1 25.1464 25.1464 25.1464 0 1.5
1192 1 9.81 9.81 9.81 0 1.5
1101 1 9.50209 9.50209 9.50209 0 1.5
1045 1 1.15305 1.15305 1.15305 0 1.5
1102 1 1.01732 1.01732 1.01813 0.000809073 1.5
945 1 1.00024 1.00024 1.00024 0 1.5
291 1 0.337596 0.337596 0.337596 0 1.33333
522 1 0.322438 0.322438 0.322438 0 1.33333
26 1 0.314535 0.314535 0.314535 0 3
1130 1 0.309159 0.309159 0.309159 0 1.33333
1138 1 0.296808 0.296808 0.296808 0 1.33333
1259 1 0.28577 0.28577 0.28577 0 1.33333
636 1 0.250169 0.250169 0.250169 0 1.33333
1128 1 0.212323 0.212323 0.212323 0 1.5
949 1 0.202108 0.202108 0.202108 0 1.5
997 1 0.160156 0.160156 0.185194 0.025038 1.33333
995 1 0.180876 0.180876 0.180876 0 1.33333
954 1 0.13929 0.13929 0.13929 0 1.5
861 1 0.1249 0.1249 0.1249 0 1.5
881 1 0.109649 0.109649 0.109649 0 1.33333
1083 1 0.0846924 0.0846924 0.0846924 0 1.33333
1118 1 0.0713715 0.0713715 0.0713715 0 1.5
1268 1 0.062717 0.062717 0.062717 0 1.33333
1235 1 0.0500743 0.0500743 0.0500743 0 1.33333
1260 1 0.0500121 0.0500121 0.0500121 0 1.33333
1157 1 0.0484678 0.0484678 0.0484678 0 1.33333
1152 1 0.0368144 0.0368144 0.0368144 0 1.5
1139 1 0.0242367 0.0242367 0.0242367 0 1.33333
1121 1 0.00833527 0.00833527 0.00833527 0 1.5
1214 1 0.00264915 0.00264915 0.00264915 0 1.5
1137 1 0.00136245 0.00136245 0.00258974 0.00122729 1.5
1210 1 0.00236082 0.00236082 0.00236082 0 1.33333
1284 1 0.00089383 0.00089383 0.00089383 0 1.5
1293 1 1e-08 1e-08 1e-08 0 1.5

1159 14 55.8865 55.8865 143.71 139.719 1.5
911 14 29.9681 29.9681 143.479 141.339 1.5
1080 11 120.383 120.383 120.383 109.439 1.5
1100 11 120.383 120.383 120.383 109.439 1.5
1294 1 120.383 120.383 120.383 0 1.5
1253 1 120.383 120.383 120.383 0 1.5
624 10 107.313 107.313 107.313 96.5818 1.5
1127 3 120.383 12.2357 84.3342 58.7349 1.5
1018 1 25.1464 25.1464 25.1464 0 1.5
1101 1 9.50209 9.50209 9.50209 0 1.5
1192 1 4.905 4.905 4.905 5e-09 1.5
1102 1 2.03465 2.03465 2.03465 0 1.5
1045 1 1.15305 1.15305 1.15305 0 1.5
945 1 1.00024 1.00024 1.00024 0 1.5
291 1 0.337596 0.337596 0.337596 0 1.33333
522 1 0.322438 0.322438 0.322438 0 1.33333
997 1 0.320312 0.320312 0.320312 0 1.33333
26 1 0.314535 0.314535 0.314535 0 3
1130 1 0.309159 0.309159 0.309159 0 1.33333
1138 1 0.296808 0.296808 0.296808 0 1.33333
1259 1 0.28577 0.28577 0.28577 0 1.33333
636 1 0.250169 0.250169 0.250169 0 1.33333
1128 1 0.212323 0.212323 0.212323 0 1.5
995 1 0.180876 0.180876 0.180876 0 1.33333
949 1 0.101054 0.101054 0.164169 0.0631156 1.5
861 1 0.1249 0.1249 0.1249 0 1.5
881 1 0.109649 0.109649 0.109649 0 1.33333
954 1 0.04643 0.04643 0.0909383 0.0445083 1.5
1083 1 0.0846924 0.0846924 0.0846924 0 1.33333
1118 1 0.0713715 0.0713715 0.0713715 0 1.5
1268 1 0.062717 0.062717 0.062717 0 1.33333
1235 1 0.0500743 0.0500743 0.0500743 0 1.33333
1260 1 0.0500121 0.0500121 0.0500121 0 1.33333
1157 1 0.0484678 0.0484678 0.0484678 0 1.33333
1152 1 0.0368144 0.0368144 0.0368144 0 1.5
1139 1 0.0242367 0.0242367 0.0242367 0 1.33333
1121 1 0.00833527 0.00833527 0.00833527 0 1.5
1137 1 0.00544979 0.00544979 0.00544979 0 1.5
1214 1 0.00264915 0.00264915 0.00264915 0 1.5
1210 1 0.00236082 0.00236082 0.00236082 0 1.33333
1284 1 0.00089383 0.00089383 0.00089383 0 1.5
1302 1 0.000105995 0.000105995 0.000105995 0 1.5
1307 1 1e-08 1e-08 1e-08 0 1.33333
1306 1 1e-08 1e-08 1e-08 0 1.33333

911 1 147.7 147.7 147.7 0 1.5
1308 15 58.3027 58.3027 147.7 143.813 1.5
1159 14 27.5707 27.5707 142.164 140.195 1.5
1080 11 120.383 120.383 120.383 109.439 1.5
1100 12 120.383 120.383 120.383 110.351 1.5
1294 3 120.383 120.383 120.383 80.2556 1.5
624 10 107.313 107.313 107.313 96.5818 1.5
1018 1 25.1464 25.1464 25.1464 0 1.5
1127 1 12.2357 12.2357 12.2357 0 1.5
1192 1 9.81 9.81 9.81 0 1.5
1101 1 9.50209 9.50209 9.50209 0 1.5
1102 1 2.03465 2.03465 2.03465 0 1.5
1045 1 1.15305 1.15305 1.15305 0 1.5
945 1 1.00024 1.00024 1.00024 0 1.5
1152 1 0.485659 0.485659 0.504066 0.0184072 1.5
291 1 0.337596 0.337596 0.337596 0 1.33333
522 1 0.322438 0.322438 0.322438 0 1.33333
997 1 0.320312 0.320312 0.320312 0 1.33333
26 1 0.314535 0.314535 0.314535 0 3
1130 1 0.309159 0.309159 0.309159 0 1.33333
1259 1 0.28577 0.28577 0.28577 0 1.33333
1138 1 0.148404 0.148404 0.270039 0.121634 1.33333
636 1 0.250169 0.250169 0.250169 0 1.33333
1128 1 0.118776 0.118776 0.224938 0.106162 1.5
949 1 0.202108 0.202108 0.202108 0 1.5
995 1 0.180876 0.180876 0.180876 0 1.33333
954 1 0.13929 0.13929 0.13929 0 1.5
861 1 0.1249 0.1249 0.1249 0 1.5
881 1 0.109649 0.109649 0.109649 0 1.33333
1083 1 0.0846924 0.0846924 0.0846924 0 1.33333
1118 1 0.0713715 0.0713715 0.0713715 0 1.5
1268 1 0.062717 0.062717 0.062717 0 1.33333
1235 1 0.0500743 0.0500743 0.0500743 0 1.33333
1260 1 0.0500121 0.0500121 0.0500121 0 1.33333
1139 1 0.0242367 0.0242367 0.0242367 0 1.33333
1157 1 0.0242339 0.0242339 0.0242339 5e-09 1.33333
1121 1 0.00833527 0.00833527 0.00833527 0 1.5
1137 1 0.00272489 0.00272489 0.00354309 0.000818196 1.5
1214 1 0.00264915 0.00264915 0.00264915 0 1.5
1210 1 0.00236082 0.00236082 0.00236082 0 1.33333
1284 1 0.00089383 0.00089383 0.00089383 0 1.5
1302 1 0.000105995 0.000105995 0.000105995 0 1.5

1159 13 147.7 147.7 147.7 136.339 1.5
911 15 24.0815 24.0815 141.54 139.934 1.5
1080 11 120.383 120.383 120.383 109.439 1.5
1100 11 120.383 120.383 120.383 109.439 1.5
1315 1 120.383 120.383 120.383 0 1.5
624 10 107.313 107.313 107.313 96.5818 1.5
1294 4 120.383 12.2357 93.3465 70.982 1.5
1018 1 25.1464 25.1464 25.1464 0 1.5
1192 1 9.81 9.81 9.81 0 1.5
1101 1 4.75105 4.75105 4.75294 0.00189254 1.5
1045 1 1.15305 1.15305 1.15305 0 1.5
1102 1 1.01732 1.01732 1.07263 0.0553117 1.5
945 1 1.00024 1.00024 1.00024 0 1.5
1152 1 0.971317 0.971317 0.971317 0 1.5
291 1 0.337596 0.337596 0.337596 0 1.33333
522 1 0.322438 0.322438 0.322438 0 1.33333
997 1 0.320312 0.320312 0.320312 0 1.33333
26 1 0.314535 0.314535 0.314535 0 3
1138 1 0.296808 0.296808 0.296808 0 1.33333
1259 1 0.28577 0.28577 0.28577 0 1.33333
636 1 0.250169 0.250169 0.250169 0 1.33333
949 1 0.202108 0.202108 0.202108 0 1.5
1128 1 0.118776 0.118776 0.1816 0.0628242 1.5
995 1 0.180876 0.180876 0.180876 0 1.33333
1130 1 0.15458 0.15458 0.15458 5e-09 1.33333
861 1 0.1249 0.1249 0.1249 0 1.5
954 1 0.04643 0.04643 0.110031 0.0636007 1.5
881 1 0.109649 0.109649 0.109649 0 1.33333
1083 1 0.0846924 0.0846924 0.0846924 0 1.33333
1118 1 0.0713715 0.0713715 0.0713715 0 1.5
1268 1 0.062717 0.062717 0.062717 0 1.33333
1235 1 0.0500743 0.0500743 0.0500743 0 1.33333
1260 1 0.0500121 0.0500121 0.0500121 0 1.33333
1157 1 0.0484678 0.0484678 0.0484678 0 1.33333
1139 1 0.0242367 0.0242367 0.0242367 0 1.33333
1121 1 0.00833527 0.00833527 0.00833527 0 1.5
1137 1 0.00272489 0.00272489 0.0027249 5e-09 1.5
1214 1 0.00264915 0.00264915 0.00264915 0 1.5
1210 1 0.00236082 0.00236082 0.00236082 0 1.33333
1284 1 0.00089383 0.00089383 0.00089383 0 1.5
1302 1 0.000105995 0.000105995 0.000105995 0 1.5
1316 1 2.5e-09 2.5e-09 1e-08 7.5e-09 1.5
1317 1 2.5e-09 2.5e-09 1e-08 7.5e-09 1.5

1159 14 38.2926 38.2926 142.354 139.619 1.5
911 13 36.925 36.925 139.257 136.417 1.5
1080 11 120.383 120.383 120.383 109.439 1.5
1100 11 120.383 120.383 120.383 109.439 1.5
1327 1 120.383 120.383 120.383 0 1.5
1315 1 120.383 120.383 120.383 0 1.5
624 10 107.313 107.313 107.313 96.5818 1.5
1294 3 120.383 12.2357 84.3342 58.7349 1.5
1018 1 25.1464 25.1464 25.1464 0 1.5
1192 1 9.81 9.81 9.81 0 1.5
1101 1 3.16736 3.16736 3.16796 0.000595887 1.5
1045 1 1.15305 1.15305 1.15305 0 1.5
945 1 1.00024 1.00024 1.00024 0 1.5
1152 1 0.485659 0.485659 0.971317 0.485659 1.5
1102 1 0.678215 0.678215 0.836583 0.158368 1.5
1336 1 0.329743 0.329743 0.329743 0 1.33333
522 1 0.322438 0.322438 0.322438 0 1.33333
997 1 0.320312 0.320312 0.320312 0 1.33333
26 1 0.314535 0.314535 0.314535 0 3
1130 1 0.309159 0.309159 0.309159 0 1.33333
881 1 0.303141 0.303141 0.303141 0 1.33333
1138 1 0.296808 0.296808 0.296808 0 1.33333
1259 1 0.28577 0.28577 0.28577 0 1.33333
636 1 0.250169 0.250169 0.250169 0 1.33333
995 1 0.180876 0.180876 0.180876 0 1.33333
291 1 0.168798 0.168798 0.168798 5e-09 1.33333
861 1 0.1249 0.1249 0.1249 0 1.5
949 1 0.101054 0.101054 0.101705 0.000650966 1.5
1083 1 0.0846924 0.0846924 0.0846924 0 1.33333
1118 1 0.0713715 0.0713715 0.0713715 0 1.5
1268 1 0.062717 0.062717 0.062717 0 1.33333
1235 1 0.0500743 0.0500743 0.0500743 0 1.33333
1260 1 0.0500121 0.0500121 0.0500121 0 1.33333
1157 1 0.0484678 0.0484678 0.0484678 0 1.33333
954 1 0.0348225 0.0348225 0.038975 0.0041525 1.5
1139 1 0.0242367 0.0242367 0.0242367 0 1.33333
1121 1 0.00833527 0.00833527 0.00833527 0 1.5
1137 1 0.00544979 0.00544979 0.00544979 0 1.5
1214 1 0.00264915 0.00264915 0.00264915 0 1.5
1210 1 0.00236082 0.00236082 0.00236082 0 1.33333
1339 1 0.000458953 0.000458953 0.000458953 0 1.5
1302 1 0.000105995 0.000105995 0.000105995 0 1.5
1340 1 1e-08 1e-08 1e-08 0 1.33333
1341 1 1e-08 1e-08 1e-08 0 1.33333
1338 1 1e-08 1e-08 1e-08 0 1.33333

1159 15 38.1983 38.1983 143.154 140.607 1.5
911 14 41.356 41.356 138.951 135.997 1.5
1080 11 120.383 120.383 120.383 109.439 1.5
1100 11 120.383 120.383 120.383 109.439 1.5
1315 1 120.383 120.383 120.383 0 1.5
1327 3 120.383 120.383 120.383 80.2556 1.5
624 10 107.313 107.313 107.313 96.5818 1.5
1018 1 25.1464 25.1464 25.1464 0 1.5
1294 1 12.2357 12.2357 12.2357 0 1.5
1342 1 9.50209 9.50209 9.50209 0 1.5
1192 1 3.27 3.27 3.3091 0.0390976 1.5
1045 1 1.15305 1.15305 1.15305 0 1.5
945 1 1.00024 1.00024 1.00024 0 1.5
1152 1 0.971317 0.971317 0.971317 0 1.5
1339 1 0.508662 0.508662 0.509006 0.000344214 1.5
291 1 0.337596 0.337596 0.337596 0 1.33333
1336 1 0.329743 0.329743 0.329743 0 1.33333
522 1 0.322438 0.322438 0.322438 0 1.33333
997 1 0.320312 0.320312 0.320312 0 1.33333
26 1 0.314535 0.314535 0.314535 0 3
1130 1 0.309159 0.309159 0.309159 0 1.33333
881 1 0.303141 0.303141 0.303141 0 1.33333
1138 1 0.296808 0.296808 0.296808 0 1.33333
1259 1 0.28577 0.28577 0.28577 0 1.33333
636 1 0.250169 0.250169 0.250169 0 1.33333
995 1 0.180876 0.180876 0.180876 0 1.33333
949 1 0.101054 0.101054 0.126009 0.0249555 1.5
861 1 0.1249 0.1249 0.1249 0 1.5
954 1 0.04643 0.04643 0.0952912 0.0488613 1.5
1083 1 0.0846924 0.0846924 0.0846924 0 1.33333
1118 1 0.0713715 0.0713715 0.0713715 0 1.5
1268 1 0.062717 0.062717 0.062717 0 1.33333
1260 1 0.0500121 0.0500121 0.0500121 0 1.33333
1157 1 0.0484678 0.0484678 0.0484678 0 1.33333
1349 1 0.0297513 0.0297513 0.0297513 0 1.33333
1235 1 0.0250372 0.0250372 0.0250372 5e-09 1.33333
1139 1 0.0242367 0.0242367 0.0242367 0 1.33333
1121 1 0.00833527 0.00833527 0.00833527 0 1.5
1137 1 0.00544979 0.00544979 0.00544979 0 1.5
1214 1 0.00264915 0.00264915 0.00264915 0 1.5
1210 1 0.00236082 0.00236082 0.00236082 0 1.33333
1302 1 0.000105995 0.000105995 0.000105995 0 1.5
1352 1 1e-08 1e-08 1e-08 0 1.33333

911 15 40.2818 40.2818 142.666 139.981 1.5
1159 15 41.8019 41.8019 142.197 139.41 1.5
1080 11 120.383 120.383 120.383 109.439 1.5
1100 11 120.383 120.383 120.383 109.439 1.5
1315 1 120.383 120.383 120.383 0 1.5
624 10 107.313 107.313 107.313 96.5818 1.5
1327 4 120.383 12.2357 93.3465 70.982 1.5
1018 1 25.1464 25.1464 25.1464 0 1.5
1342 1 9.50209 9.50209 9.50209 0 1.5
1192 1 4.905 4.905 4.92956 0.0245555 1.5
1339 1 2.03465 2.03465 2.03465 0 1.5
949 1 1.54529 1.54529 1.65893 0.113642 1.5
1045 1 1.15305 1.15305 1.15305 0 1.5
945 1 1.00024 1.00024 1.00024 0 1.5
1152 1 0.971317 0.971317 0.971317 0 1.5
291 1 0.337596 0.337596 0.337596 0 1.33333
522 1 0.322438 0.322438 0.322438 0 1.33333
997 1 0.320312 0.320312 0.320312 0 1.33333
26 1 0.314535 0.314535 0.314535 0 3
1130 1 0.309159 0.309159 0.309159 0 1.33333
1138 1 0.296808 0.296808 0.296808 0 1.33333
1259 1 0.28577 0.28577 0.28577 0 1.33333
636 1 0.250169 0.250169 0.250169 0 1.33333
995 1 0.180876 0.180876 0.180876 0 1.33333
1336 1 0.164871 0.164871 0.164871 5e-09 1.33333
954 1 0.13929 0.13929 0.13929 0 1.5
861 1 0.1249 0.1249 0.1249 0 1.5
881 1 0.109649 0.109649 0.109649 0 1.33333
1358 1 0.0876279 0.0876279 0.0876279 0 1.33333
1083 1 0.0846924 0.0846924 0.0846924 0 1.33333
1118 1 0.0713715 0.0713715 0.0713715 0 1.5
1268 1 0.062717 0.062717 0.062717 0 1.33333
1260 1 0.0500121 0.0500121 0.0500121 0 1.33333
1157 1 0.0484678 0.0484678 0.0484678 0 1.33333
1349 1 0.0297513 0.0297513 0.0297513 0 1.33333
1362 1 0.0286891 0.0286891 0.0286891 0 1.33333
1235 1 0.0250372 0.0250372 0.0250372 5e-09 1.33333
1139 1 0.0242367 0.0242367 0.0242367 0 1.33333
1121 1 0.00833527 0.00833527 0.00833527 0 1.5
1137 1 0.00544979 0.00544979 0.00544979 0 1.5
1214 1 0.00264915 0.00264915 0.00264915 0 1.5

