1 0.052299 0.052299 0.052299 0 2
1 1e-08 1e-08 1e-08 0 0
1 1e-08 1e-08 1e-08 0 2
1 1e-08 1e-08 1e-08 0 2
1 1e-08 1e-08 1e-08 0 2

1 1.22125 1.22125 1.22125 0 1.5
1 0.113376 0.113376 0.113376 0 1.5
3 0.000630108 0.000630108 0.0174014 0.0167713 2
1 1e-08 1e-08 1e-08 0 1.5
1 1e-08 1e-08 1e-08 0 1.5
1 1e-08 1e-08 1e-08 0 1.5
1 1e-08 1e-08 1e-08 0 1.5
1 1e-08 1e-08 1e-08 0 1.5
1 1e-08 1e-08 1e-08 0 1.5
1 1e-08 1e-08 1e-08 0 1.5
1 1e-08 1e-08 1e-08 0 1.5
1 1e-08 1e-08 1e-08 0 1.5
1 1e-08 1e-08 1e-08 0 1.5
1 1e-08 1e-08 1e-08 0 1.5
1 5e-09 5e-09 1e-08 5e-09 2
1 3.33333e-09 3.33333e-09 1e-08 6.66667e-09 2
1 1e-08 1e-08 1e-08 0 2
1 3.33333e-09 3.33333e-09 1e-08 6.66667e-09 0

67 0.0769394 0.0177129 0.0192005 0.0071387 1.5
1 0.113374 0.113374 0.113374 0 1.33333
6 0.0103069 0.0103069 0.0171781 0.00687125 1.5
1 0.0523213 0.0523213 0.0523213 0 1.33333
3 0.017433 0.017433 0.017433 0 2
1 5e-09 5e-09 1e-08 5e-09 1.5
1 1e-08 1e-08 1e-08 0 1.33333
1 1e-08 1e-08 1e-08 0 1.33333
1 1e-08 1e-08 1e-08 0 1.33333
1 3.33333e-09 3.33333e-09 1e-08 6.66667e-09 1.5
1 1e-08 1e-08 1e-08 0 1.33333
1 1e-08 1e-08 1e-08 0 1.33333
1 3.33333e-09 3.33333e-09 1e-08 6.66667e-09 1.5
1 1e-08 1e-08 1e-08 0 1.33333
1 1e-08 1e-08 1e-08 0 1.33333
1 1e-08 1e-08 1e-08 0 1.33333
1 1e-08 1e-08 1e-08 0 1.5
1 1e-08 1e-08 1e-08 0 1.33333
1 1e-08 1e-08 1e-08 0 1.33333
1 1e-08 1e-08 1e-08 0 1.33333
1 1e-08 1e-08 1e-08 0 1.5
1 1e-08 1e-08 1e-08 0 1.5
1 1e-08 1e-08 1e-08 0 1.5
1 1e-08 1e-08 1e-08 0 1.5
1 1e-08 1e-08 1e-08 0 1.5
1 1e-08 1e-08 1e-08 0 1.5
1 1e-08 1e-08 1e-08 0 1.5
1 1e-08 1e-08 1e-08 0 1.5

80 0.0396534 0.00939426 0.0159715 0.00740713 1.5
7 0.00944797 0.00944797 0.0161965 0.00674855 1.5
7 0.0161963 0.0161963 0.0161963 3.32298e-11 1.33333
3 0.017433 0.017433 0.017433 0 2
2 0.0130803 0.0130803 0.0196205 0.00654016 1.33333
1 1e-08 1e-08 1e-08 0 1.5
1 1e-08 1e-08 1e-08 0 1.5

82 0.553582 0.00777869 0.022083 0.0603224 1.5
5 0.0161965 0.0161965 0.0226751 0.00647861 1.5
5 0.0161963 0.0161963 0.0226748 0.0064785 1.33333
1 0.0523253 0.0523253 0.0523253 0 1.33333
2 0.0261606 0.0261606 0.0261606 0 1.33333
2 0.017433 0.017433 0.0261495 0.00871649 2
1 1e-08 1e-08 1e-08 0 1.33333
1 1e-08 1e-08 1e-08 0 1.33333
1 1e-08 1e-08 1e-08 0 1.33333
1 1e-08 1e-08 1e-08 0 1.5

85 0.550078 0.00772945 0.0251201 0.0605799 1.5
4 0.0226751 0.0226751 0.0283439 0.00566878 1.5
4 0.0226748 0.0226748 0.0283434 0.00566869 1.33333
1 0.0523253 0.0523253 0.0523253 0 1.33333
2 0.0261495 0.0261495 0.0261495 0 2
1 0.0174404 0.0174404 0.0348808 0.0174404 1.33333
1 1e-08 1e-08 1e-08 0 1.33333
1 1e-08 1e-08 1e-08 0 1.5
1 1e-08 1e-08 1e-08 0 1.33333
1 3.33333e-09 3.33333e-09 1e-08 6.66667e-09 1.5

88 0.508259 0.00714183 0.0319774 0.0760285 1.5
3 0.0283439 0.0283439 0.0377919 0.00944797 1.5
3 0.0283434 0.0283434 0.0377913 0.00944781 1.33333
1 0.0523253 0.0523253 0.0523253 0 1.33333
1 0.0523213 0.0523213 0.0523213 0 1.33333
1 0.0261495 0.0261495 0.052299 0.0261495 2
1 1e-08 1e-08 1e-08 0 1.33333
1 1e-08 1e-08 1e-08 0 1.33333
1 1e-08 1e-08 1e-08 0 1.33333
1 1e-08 1e-08 1e-08 0 1.33333

90 0.517336 0.00796422 0.0401618 0.0788661 1.5
2 0.0377919 0.0377919 0.0566878 0.0188959 1.5
2 0.0377913 0.0377913 0.0566869 0.0188956 1.33333
1 0.0523253 0.0523253 0.0523253 0 1.33333
1 0.0523213 0.0523213 0.0523213 0 1.33333
1 0.052299 0.052299 0.052299 0 2
1 0.00155929 0.00155929 0.00155929 0 1.5
1 1e-08 1e-08 1e-08 0 1.33333
1 1e-08 1e-08 1e-08 0 1.33333
1 1e-08 1e-08 1e-08 0 1.5

92 0.508259 0.00919399 0.055036 0.0910462 1.5
2 0.0566878 0.0566878 0.0566878 8.8689e-11 1.5
2 0.0566869 0.0566869 0.0566869 1.66184e-10 1.33333
1 0.0523253 0.0523253 0.0523253 0 1.33333
1 0.0523213 0.0523213 0.0523213 0 1.33333
1 0.052299 0.052299 0.052299 0 2
1 0.00155929 0.00155929 0.00155929 0 1.5
1 1e-08 1e-08 1e-08 0 1.33333

94 0.502384 0.0198447 0.0786604 0.103768 1.5
1 0.0566878 0.0566878 0.113376 0.0566878 1.5
1 0.0566869 0.0566869 0.113374 0.0566869 1.33333
1 0.0523253 0.0523253 0.0523253 0 1.33333
1 0.052324 0.052324 0.052324 0 1.33333
1 0.0523213 0.0523213 0.0523213 0 1.33333
1 0.052299 0.052299 0.052299 0 2
1 0.000779644 0.000779644 0.000779649 5e-09 1.5

96 0.502384 0.0297973 0.127599 0.143287 1.5
1 0.113376 0.113376 0.113376 0 1.5
1 0.113374 0.113374 0.113374 0 1.33333
1 0.0523253 0.0523253 0.0523253 0 1.33333
1 0.052324 0.052324 0.052324 0 1.33333
1 0.0523213 0.0523213 0.0523213 0 1.33333

97 0.496642 0.0294568 0.175723 0.157526 1.5
1 0.113376 0.113376 0.113376 0 1.5
1 0.113374 0.113374 0.113374 0 1.33333
1 0.0523253 0.0523253 0.0523253 0 1.33333
1 0.052324 0.052324 0.052324 0 1.33333

98 0.505304 0.10008 0.26296 0.183896 1.5
1 0.113376 0.113376 0.113376 0 1.5
1 0.113374 0.113374 0.113374 0 1.33333
1 0.052324 0.052324 0.052324 0 1.33333

99 0.485544 0.0972069 0.358634 0.194551 1.5
1 0.113376 0.113376 0.113376 0 1.5
1 0.113374 0.113374 0.113374 0 1.33333

99 0.482846 0.10294 0.495441 0.117478 1.5
1 0.113376 0.113376 0.113376 0 1.5
1 0.113374 0.113374 0.113374 0 1.33333

98 0.499496 0.499496 0.780909 0.281413 1.5
1 0.340127 0.340127 0.340127 0 1.33333
1 0.335435 0.335435 0.335435 0 1.33333
1 0.113376 0.113376 0.113376 0 1.5

98 0.488272 0.488272 0.874453 0.386181 1.5
1 0.340127 0.340127 0.340127 0 1.33333
1 0.335435 0.335435 0.335435 0 1.33333
1 0.113376 0.113376 0.113376 0 1.5

99 0.499496 0.499496 0.858055 0.358558 1.5
1 0.340127 0.340127 0.340127 0 1.33333
1 0.335435 0.335435 0.335435 0 1.33333

99 0.508259 0.508259 0.848082 0.339822 1.5
1 0.340127 0.340127 0.340127 0 1.33333
1 0.335435 0.335435 0.335435 0 1.33333

99 0.482846 0.482846 0.858648 0.375802 1.5
1 0.340127 0.340127 0.340127 0 1.33333
1 0.335435 0.335435 0.335435 0 1.33333

99 0.730896 0.47754 0.869575 0.390298 1.5
1 0.340127 0.340127 0.340127 0 1.33333
1 0.335435 0.335435 0.335435 0 1.33333

1 86.9124 86.9124 86.9124 0 1.5
49 0.730896 0.47754 1.7312 1.24433 1.5
1 0.340127 0.340127 0.340127 0 1.33333
1 0.335435 0.335435 0.335435 0 1.33333
1 0.0302173 0.0302173 0.0302173 0 1.33333
1 0.0166462 0.0166462 0.0166462 7.5e-09 1.5
1 1e-08 1e-08 1e-08 0 1.33333
1 5e-09 5e-09 1e-08 5e-09 1.5
1 3.33333e-09 3.33333e-09 1e-08 6.66667e-09 1.5
1 1e-08 1e-08 1e-08 0 1.33333
1 1e-08 1e-08 1e-08 0 1.33333
1 1e-08 1e-08 1e-08 0 1.33333
1 1e-08 1e-08 1e-08 0 1.33333
1 1e-08 1e-08 1e-08 0 1.33333

17 5.11249 5.11249 5.11249 8.88178e-16 1.5
49 1.13695 0.742841 1.74519 0.989338 1.5
1 0.340127 0.340127 0.340127 0 1.33333
1 0.335435 0.335435 0.335435 0 1.33333
1 0.0665847 0.0665847 0.0665847 0 1.5
1 0.0302173 0.0302173 0.0302173 0 1.33333
1 5e-09 5e-09 1e-08 5e-09 1.5
1 1e-08 1e-08 1e-08 0 1.33333
1 1e-08 1e-08 1e-08 0 1.33333
1 1e-08 1e-08 1e-08 0 1.33333
1 1e-08 1e-08 1e-08 0 1.33333
1 5e-09 5e-09 1e-08 5e-09 1.5
1 1e-08 1e-08 1e-08 0 1.5
1 1e-08 1e-08 1e-08 0 1.33333
1 1e-08 1e-08 1e-08 0 1.33333
1 1e-08 1e-08 1e-08 0 1.33333
1 1e-08 1e-08 1e-08 0 1.5
1 1e-08 1e-08 1e-08 0 1.5
1 1e-08 1e-08 1e-08 0 1.33333
1 1e-08 1e-08 1e-08 0 1.33333
1 1e-08 1e-08 1e-08 0 1.33333
1 1e-08 1e-08 1e-08 0 1.33333
1 1e-08 1e-08 1e-08 0 1.33333
1 5e-09 5e-09 1e-08 5e-09 1.5
1 5e-09 5e-09 1e-08 5e-09 1.5
1 1e-08 1e-08 1e-08 0 1.33333

33 1.33711 1.33711 2.63371 1.29659 1.5
4 21.7281 21.7281 21.7281 0 1.5
33 1.68384 1.10016 2.60761 1.47865 1.5
1 0.340127 0.340127 0.340127 0 1.33333
1 0.335435 0.335435 0.335435 0 1.33333
1 0.052324 0.052324 0.052324 0 1.33333
1 0.0302173 0.0302173 0.0302173 0 1.33333
1 0.0221949 0.0221949 0.0221949 6.66667e-09 1.5
1 1e-08 1e-08 1e-08 0 1.33333
1 3.33333e-09 3.33333e-09 1e-08 6.66667e-09 1.5
1 1e-08 1e-08 1e-08 0 1.5
1 1e-08 1e-08 1e-08 0 1.33333
1 1e-08 1e-08 1e-08 0 1.33333
1 1e-08 1e-08 1e-08 0 1.5
1 1e-08 1e-08 1e-08 0 1.33333
1 1e-08 1e-08 1e-08 0 1.33333
1 1e-08 1e-08 1e-08 0 1.33333
1 1e-08 1e-08 1e-08 0 1.5
1 1e-08 1e-08 1e-08 0 1.33333
1 1e-08 1e-08 1e-08 0 1.33333
1 1e-08 1e-08 1e-08 0 1.33333
1 1e-08 1e-08 1e-08 0 1.33333
1 1e-08 1e-08 1e-08 0 1.33333
1 1e-08 1e-08 1e-08 0 1.33333
1 1e-08 1e-08 1e-08 0 1.33333
1 1e-08 1e-08 1e-08 0 1.33333
1 1e-08 1e-08 1e-08 0 1.5
1 3.33333e-09 3.33333e-09 1e-08 6.66667e-09 1.5
1 1e-08 1e-08 1e-08 0 1.33333
1 1e-08 1e-08 1e-08 0 1.33333
1 1e-08 1e-08 1e-08 0 1.33333
1 5e-09 5e-09 1e-08 5e-09 1.5
1 1e-08 1e-08 1e-08 0 1.5
1 1e-08 1e-08 1e-08 0 1.33333

33 1.37956 1.37956 2.63371 1.25415 1.5
4 21.7281 21.7281 21.7281 0 1.5
32 1.68384 1.10016 2.68397 1.55377 1.5
1 0.340127 0.340127 0.340127 0 1.33333
1 0.335435 0.335435 0.335435 0 1.33333
1 0.0665847 0.0665847 0.0665847 0 1.5
1 0.052324 0.052324 0.052324 0 1.33333
1 0.0302173 0.0302173 0.0302173 0 1.33333
1 1e-08 1e-08 1e-08 0 1.33333
1 1e-08 1e-08 1e-08 0 1.5
1 1e-08 1e-08 1e-08 0 1.33333
1 1e-08 1e-08 1e-08 0 1.33333
1 1e-08 1e-08 1e-08 0 1.33333
1 1e-08 1e-08 1e-08 0 1.33333
1 1e-08 1e-08 1e-08 0 1.5
1 1e-08 1e-08 1e-08 0 1.33333
1 5e-09 5e-09 1e-08 5e-09 1.5
1 1e-08 1e-08 1e-08 0 1.5
1 1e-08 1e-08 1e-08 0 1.33333
1 1e-08 1e-08 1e-08 0 1.33333
1 1e-08 1e-08 1e-08 0 1.33333
1 1e-08 1e-08 1e-08 0 1.33333
1 1e-08 1e-08 1e-08 0 1.33333
1 1e-08 1e-08 1e-08 0 1.33333
1 1e-08 1e-08 1e-08 0 1.33333
1 1e-08 1e-08 1e-08 0 1.33333
1 1e-08 1e-08 1e-08 0 1.33333
1 1e-08 1e-08 1e-08 0 1.33333
1 1e-08 1e-08 1e-08 0 1.33333
1 1e-08 1e-08 1e-08 0 1.33333
1 1e-08 1e-08 1e-08 0 1.33333
1 5e-09 5e-09 1e-08 5e-09 1.5
1 1e-08 1e-08 1e-08 0 1.5
1 1e-08 1e-08 1e-08 0 1.33333
1 1e-08 1e-08 1e-08 0 1.33333

30 2.89708 2.89708 2.89708 0 1.5
33 1.70543 1.11426 2.57126 1.42815 1.5
31 2.17281 2.17281 2.60208 0.42927 1.5
1 0.340127 0.340127 0.340127 0 1.33333
1 0.335435 0.335435 0.335435 0 1.33333
1 0.0665847 0.0665847 0.0665847 0 1.5
1 0.052324 0.052324 0.052324 0 1.33333
1 0.0302207 0.0302207 0.0302207 0 1.33333
1 0.0302173 0.0302173 0.0302173 0 1.33333
1 1e-08 1e-08 1e-08 0 1.33333

1 86.9124 86.9124 86.9124 0 1.5
25 1.79761 1.17449 3.46213 2.22211 1.5
24 2.48321 2.48321 3.57017 1.08695 1.5
24 1.37956 1.37956 3.5151 2.13554 1.5
1 0.340127 0.340127 0.340127 0 1.33333
1 0.335435 0.335435 0.335435 0 1.33333
1 0.0665847 0.0665847 0.0665847 0 1.5
1 0.052324 0.052324 0.052324 0 1.33333
1 0.0302207 0.0302207 0.0302207 0 1.33333
1 0.0302173 0.0302173 0.0302173 0 1.33333
1 5e-09 5e-09 1e-08 5e-09 1.5
1 1e-08 1e-08 1e-08 0 1.33333
1 1e-08 1e-08 1e-08 0 1.5
1 1e-08 1e-08 1e-08 0 1.33333
1 1e-08 1e-08 1e-08 0 1.33333
1 1e-08 1e-08 1e-08 0 1.5
1 1e-08 1e-08 1e-08 0 1.33333
1 1e-08 1e-08 1e-08 0 1.5
1 1e-08 1e-08 1e-08 0 1.33333
1 1e-08 1e-08 1e-08 0 1.33333
1 1e-08 1e-08 1e-08 0 1.33333
1 5e-09 5e-09 1e-08 5e-09 1.5
1 1e-08 1e-08 1e-08 0 1.33333
1 1e-08 1e-08 1e-08 0 1.33333
1 1e-08 1e-08 1e-08 0 1.5
1 1e-08 1e-08 1e-08 0 1.5
1 1e-08 1e-08 1e-08 0 1.5
1 5e-09 5e-09 1e-08 5e-09 1.5
1 1e-08 1e-08 1e-08 0 1.33333

26 2.11148 1.37956 3.45983 1.93608 1.5
1 86.9124 86.9124 86.9124 0 1.5
24 2.22852 2.22852 3.4391 1.21057 1.5
23 1.73825 1.73825 3.55895 1.82071 1.5
1 0.340131 0.340131 0.340131 0 1.33333
1 0.340127 0.340127 0.340127 0 1.33333
1 0.335435 0.335435 0.335435 0 1.33333
1 0.052324 0.052324 0.052324 0 1.33333
1 0.0332924 0.0332924 0.0353954 0.002103 1.5
1 0.0302207 0.0302207 0.0302207 0 1.33333
1 0.0302173 0.0302173 0.0302173 0 1.33333
1 1e-08 1e-08 1e-08 0 1.5
1 1e-08 1e-08 1e-08 0 1.33333
1 1e-08 1e-08 1e-08 0 1.33333
1 1e-08 1e-08 1e-08 0 1.5
1 1e-08 1e-08 1e-08 0 1.33333
1 1e-08 1e-08 1e-08 0 1.5
1 1e-08 1e-08 1e-08 0 1.33333
1 1e-08 1e-08 1e-08 0 1.33333
1 1e-08 1e-08 1e-08 0 1.33333
1 1e-08 1e-08 1e-08 0 1.33333
1 1e-08 1e-08 1e-08 0 1.33333
1 1e-08 1e-08 1e-08 0 1.33333
1 5e-09 5e-09 1e-08 5e-09 1.5
1 1e-08 1e-08 1e-08 0 1.33333
1 1e-08 1e-08 1e-08 0 1.33333
1 1e-08 1e-08 1e-08 0 1.5
1 1e-08 1e-08 1e-08 0 1.33333
1 5e-09 5e-09 1e-08 5e-09 1.5
1 1e-08 1e-08 1e-08 0 1.33333
1 1e-08 1e-08 1e-08 0 1.33333

25 2.37541 1.55201 3.97434 1.90161 1.5
19 4.57434 4.57434 4.57434 8.88178e-16 1.5
22 2.48321 2.48321 3.95056 1.46735 1.5
21 2.22852 2.22852 4.03365 1.80513 1.5
1 28.558 28.558 28.558 0 1.5
1 0.340127 0.340127 0.340127 0 1.33333
1 0.335435 0.335435 0.335435 0 1.33333
1 0.170065 0.170065 0.185174 0.0151087 1.33333
1 0.0665847 0.0665847 0.0665847 0 1.5
1 0.052324 0.052324 0.052324 0 1.33333
1 0.0302207 0.0302207 0.0302207 0 1.33333
1 0.0302173 0.0302173 0.0302173 0 1.33333
1 0.0302173 0.0302173 0.0302173 0 1.33333
1 0.0302173 0.0302173 0.0302173 0 1.33333
1 1e-08 1e-08 1e-08 0 1.5
1 1e-08 1e-08 1e-08 0 1.5
1 1e-08 1e-08 1e-08 0 1.33333
1 1e-08 1e-08 1e-08 0 1.33333

2 66.5116 66.5116 66.5116 0 1.5
25 1.31706 1.31706 3.97612 2.65906 1.5
21 1.70416 1.70416 4.06007 2.3559 1.5
8 10.864 0.186223 9.52932 3.53136 1.5
1 0.340127 0.340127 0.340127 0 1.33333
1 0.335435 0.335435 0.335435 0 1.33333
1 0.170065 0.170065 0.185174 0.0151087 1.33333
1 0.113378 0.113378 0.113378 0 1.33333
1 0.0665847 0.0665847 0.0665847 0 1.5
1 0.052324 0.052324 0.052324 0 1.33333
1 0.0302207 0.0302207 0.0302207 0 1.33333
1 0.0302173 0.0302173 0.0302173 0 1.33333
1 0.0302173 0.0302173 0.0302173 0 1.33333
1 0.00412635 0.00412635 0.00412636 5e-09 1.5
1 1e-08 1e-08 1e-08 0 1.5
1 1e-08 1e-08 1e-08 0 1.33333
1 1e-08 1e-08 1e-08 0 1.33333
1 1e-08 1e-08 1e-08 0 1.33333
1 1e-08 1e-08 1e-08 0 1.5
1 1e-08 1e-08 1e-08 0 1.33333
1 3.33333e-09 3.33333e-09 1e-08 6.66667e-09 1.5
1 1e-08 1e-08 1e-08 0 1.33333
1 1e-08 1e-08 1e-08 0 1.33333
1 1e-08 1e-08 1e-08 0 1.33333
1 1e-08 1e-08 1e-08 0 1.33333
1 1e-08 1e-08 1e-08 0 1.33333
1 1e-08 1e-08 1e-08 0 1.33333
1 1e-08 1e-08 1e-08 0 1.33333
1 1e-08 1e-08 1e-08 0 1.33333
1 5e-09 5e-09 1e-08 5e-09 1.5
1 3.33333e-09 3.33333e-09 1e-08 6.66667e-09 1.5
1 1e-08 1e-08 1e-08 0 1.33333
1 1e-08 1e-08 1e-08 0 1.33333
1 5e-09 5e-09 1e-08 5e-09 1.5
1 1e-08 1e-08 1e-08 0 1.5

16 8.31395 0.0908145 7.8 1.9905 1.5
36 1.82224 1.82224 3.37794 1.5557 1.5
25 2.71601 2.71601 3.37086 0.654849 1.5
1 0.340131 0.340131 0.340131 0 1.33333
1 0.340127 0.340127 0.340127 0 1.33333
1 0.335435 0.335435 0.335435 0 1.33333
1 0.113378 0.113378 0.113378 0 1.33333
1 0.0665847 0.0665847 0.0665847 0 1.5
1 0.052324 0.052324 0.052324 0 1.33333
1 0.0302207 0.0302207 0.0302207 0 1.33333
1 0.0302173 0.0302173 0.0302173 0 1.33333
1 0.0302173 0.0302173 0.0302173 0 1.33333
1 0.00825271 0.00825271 0.00825271 0 1.5
1 1e-08 1e-08 1e-08 0 1.5
1 5e-09 5e-09 1e-08 5e-09 1.5
1 1e-08 1e-08 1e-08 0 1.33333
1 1e-08 1e-08 1e-08 0 1.33333
1 1e-08 1e-08 1e-08 0 1.33333
1 1e-08 1e-08 1e-08 0 1.33333
1 1e-08 1e-08 1e-08 0 1.33333
1 1e-08 1e-08 1e-08 0 1.33333
1 1e-08 1e-08 1e-08 0 1.33333
1 3.33333e-09 3.33333e-09 1e-08 6.66667e-09 1.5
1 1e-08 1e-08 1e-08 0 1.33333
1 1e-08 1e-08 1e-08 0 1.5
1 5e-09 5e-09 1e-08 5e-09 1.33333
1 1e-08 1e-08 1e-08 0 1.33333

38 2.4186 2.4186 3.42824 1.00964 1.5
36 1.62223 1.62223 3.42722 1.80498 1.5
24 3.62135 3.62135 3.62135 0 1.5
1 0.340131 0.340131 0.340131 0 1.33333
1 0.340127 0.340127 0.340127 0 1.33333
1 0.335435 0.335435 0.335435 0 1.33333

37 1.09936 1.09936 3.53633 2.43697 1.5
34 3.91245 0.000115867 3.75749 0.693016 1.5
23 3.7788 3.7788 3.7788 1.33227e-15 1.5
1 0.340131 0.340131 0.340131 0 1.33333
1 0.340127 0.340127 0.340127 0 1.33333
1 0.335435 0.335435 0.335435 0 1.33333
1 0.051897 0.051897 0.051897 0 1.33333
1 0.0518964 0.0518964 0.0518964 0 1.33333
1 0.00455897 0.00455897 0.00455898 6.66667e-09 1.5
1 1e-08 1e-08 1e-08 0 1.33333

38 1.95622 1.95622 3.34669 1.39047 1.5
35 1.33023 1.33023 3.39705 2.06682 1.5
1 86.9124 86.9124 86.9124 0 1.5
1 0.340131 0.340131 0.340131 0 1.33333
1 0.340127 0.340127 0.340127 0 1.33333
1 0.335435 0.335435 0.335435 0 1.33333
1 0.119362 0.119362 0.119362 0 1.5
1 0.0600304 0.0600304 0.0600304 0 1.5
1 0.051897 0.051897 0.051897 0 1.33333
1 0.0518964 0.0518964 0.0518964 0 1.33333
1 0.0136769 0.0136769 0.0136769 0 1.5
1 0.00724363 0.00724363 0.00724363 0 1.5
1 1e-08 1e-08 1e-08 0 1.33333
1 5e-09 5e-09 1e-08 5e-09 1.5
1 1e-08 1e-08 1e-08 0 1.33333
1 1e-08 1e-08 1e-08 0 1.33333
1 1e-08 1e-08 1e-08 0 1.33333
1 1e-08 1e-08 1e-08 0 1.33333
1 1e-08 1e-08 1e-08 0 1.33333
1 1e-08 1e-08 1e-08 0 1.5
1 5e-09 5e-09 1e-08 5e-09 1.33333
1 1e-08 1e-08 1e-08 0 1.33333
1 1e-08 1e-08 1e-08 0 1.33333
1 1e-08 1e-08 1e-08 0 1.5
1 1e-08 1e-08 1e-08 0 1.5
1 5e-09 5e-09 1e-08 5e-09 1.5
1 5e-09 5e-09 1e-08 5e-09 1.5
1 1e-08 1e-08 1e-08 0 1.33333
1 1e-08 1e-08 1e-08 0 1.5
1 1e-08 1e-08 1e-08 0 1.5

34 1.15672 1.15672 3.71165 2.55492 1.5
33 3.69509 3.69509 3.71832 0.0232341 1.5
3 44.3411 28.9708 39.2176 7.24561 1.5
1 0.340131 0.340131 0.340131 0 1.33333
1 0.340127 0.340127 0.340127 0 1.33333
1 0.335435 0.335435 0.335435 0 1.33333
1 0.0712857 0.0712857 0.0712857 0 1.5
1 0.0600304 0.0600304 0.0600304 0 1.5
1 0.0298405 0.0298405 0.0596809 0.0298405 1.5
1 0.051897 0.051897 0.051897 0 1.33333
1 0.0518964 0.0518964 0.0518964 0 1.33333
1 0.0302172 0.0302172 0.0302172 0 1.33333
1 0.0136769 0.0136769 0.0136769 0 1.5
1 0.00724363 0.00724363 0.00724363 0 1.5
1 1e-08 1e-08 1e-08 0 1.33333
1 3.33333e-09 3.33333e-09 1e-08 6.66667e-09 1.5
1 1e-08 1e-08 1e-08 0 1.5
1 1e-08 1e-08 1e-08 0 1.33333
1 1e-08 1e-08 1e-08 0 1.33333
1 5e-09 5e-09 1e-08 5e-09 1.5
1 1e-08 1e-08 1e-08 0 1.33333
1 1e-08 1e-08 1e-08 0 1.33333
1 5e-09 5e-09 1e-08 5e-09 1.33333
1 1e-08 1e-08 1e-08 0 1.33333
1 1e-08 1e-08 1e-08 0 1.33333
1 1e-08 1e-08 1e-08 0 1.33333
1 1e-08 1e-08 1e-08 0 1.33333
1 1e-08 1e-08 1e-08 0 1.5
1 1e-08 1e-08 1e-08 0 1.5
1 1e-08 1e-08 1e-08 0 1.5
1 5e-09 5e-09 1e-08 5e-09 1.5
1 1e-08 1e-08 1e-08 0 1.33333
1 1e-08 1e-08 1e-08 0 1.33333
1 1e-08 1e-08 1e-08 0 1.33333

35 2.4186 2.4186 3.80066 1.38206 1.5
34 1.70543 1.70543 3.81406 2.10864 1.5
11 12.093 7.90112 10.1876 2.08727 1.5
1 0.340131 0.340131 0.340131 0 1.33333
1 0.340127 0.340127 0.340127 0 1.33333
1 0.335435 0.335435 0.335435 0 1.33333
1 0.0712857 0.0712857 0.0712857 0 1.5
1 0.0596809 0.0596809 0.064349 0.00466807 1.5
1 0.0518964 0.0518964 0.0518964 0 1.33333
1 0.0302172 0.0302172 0.0302172 0 1.33333
1 0.0259485 0.0259485 0.0259485 5e-09 1.33333
1 0.0200101 0.0200101 0.0200102 6.66667e-09 1.5
1 0.00455897 0.00455897 0.00860741 0.00404843 1.5
1 0.00724363 0.00724363 0.00724363 0 1.5
1 1e-08 1e-08 1e-08 0 1.33333
1 1e-08 1e-08 1e-08 0 1.33333
1 1e-08 1e-08 1e-08 0 1.33333
1 5e-09 5e-09 1e-08 5e-09 1.5
1 1e-08 1e-08 1e-08 0 1.5
1 1e-08 1e-08 1e-08 0 1.33333
1 1e-08 1e-08 1e-08 0 1.33333
1 1e-08 1e-08 1e-08 0 1.33333
1 1e-08 1e-08 1e-08 0 1.33333
1 1e-08 1e-08 1e-08 0 1.33333

1 133.023 133.023 133.023 0 1.5
25 1.4459 1.4459 5.20805 3.76215 1.5
25 2.37541 2.37541 5.13126 2.75584 1.5
11 12.093 7.90112 10.1876 2.08727 1.5
1 0.340131 0.340131 0.340131 0 1.33333
1 0.170063 0.170063 0.340127 0.170063 1.33333
1 0.335435 0.335435 0.335435 0 1.33333
1 0.119362 0.119362 0.119362 0 1.5
1 0.051897 0.051897 0.051897 0 1.33333
1 0.0518964 0.0518964 0.0518964 0 1.33333
1 0.0302172 0.0302172 0.0302172 0 1.33333
1 0.0300152 0.0300152 0.0300152 5e-09 1.5
1 0.0237619 0.0237619 0.0279905 0.00422861 1.5
1 0.0136769 0.0136769 0.0136769 0 1.5
1 0.00724363 0.00724363 0.00724363 0 1.5
1 1e-08 1e-08 1e-08 0 1.33333
1 1e-08 1e-08 1e-08 0 1.33333
1 1e-08 1e-08 1e-08 0 1.33333
1 5e-09 5e-09 1e-08 5e-09 1.5
1 1e-08 1e-08 1e-08 0 1.5
1 5e-09 5e-09 1e-08 5e-09 1.5
1 5e-09 5e-09 1e-08 5e-09 1.5
1 1e-08 1e-08 1e-08 0 1.33333
1 1e-08 1e-08 1e-08 0 1.5
1 1e-08 1e-08 1e-08 0 1.33333
1 1e-08 1e-08 1e-08 0 1.33333
1 1e-08 1e-08 1e-08 0 1.33333
1 1e-08 1e-08 1e-08 0 1.33333
1 1e-08 1e-08 1e-08 0 1.33333
1 1e-08 1e-08 1e-08 0 1.33333
1 1e-08 1e-08 1e-08 0 1.33333
1 3.33333e-09 3.33333e-09 1e-08 6.66667e-09 1.5
1 1e-08 1e-08 1e-08 0 1.5
1 1e-08 1e-08 1e-08 0 1.33333
1 1e-08 1e-08 1e-08 0 1.33333
1 1e-08 1e-08 1e-08 0 1.33333

1 133.023 133.023 133.023 0 1.5
21 3.02325 3.02325 6.19047 3.16722 1.5
20 3.80066 3.80066 6.27972 2.47906 1.5
19 2.6083 2.6083 6.41696 3.80867 1.5
7 19.0033 12.4161 15.2392 3.25985 1.5
1 0.340131 0.340131 0.340131 0 1.33333
1 0.340127 0.340127 0.340127 0 1.33333
1 0.335435 0.335435 0.335435 0 1.33333
1 0.104534 0.104534 0.164215 0.0596809 1.5
1 0.0338977 0.0338977 0.0539078 0.0200101 1.5
1 0.051897 0.051897 0.051897 0 1.33333
1 0.0356428 0.0356428 0.0356428 5e-09 1.5
1 0.0302172 0.0302172 0.0302172 0 1.33333
1 0.0259482 0.0259482 0.0259482 5e-09 1.33333
1 0.00724363 0.00724363 0.00724363 0 1.5
1 0.00683846 0.00683846 0.00683846 5e-09 1.5
1 0.000267028 0.000267028 0.000267028 0 1.5
1 1e-08 1e-08 1e-08 0 1.5
1 1e-08 1e-08 1e-08 0 1.33333
1 1e-08 1e-08 1e-08 0 1.33333
1 1e-08 1e-08 1e-08 0 1.33333
1 1e-08 1e-08 1e-08 0 1.33333
1 1e-08 1e-08 1e-08 0 1.5
1 1e-08 1e-08 1e-08 0 1.33333
1 1e-08 1e-08 1e-08 0 1.33333
1 1e-08 1e-08 1e-08 0 1.33333
1 1e-08 1e-08 1e-08 0 1.5
1 1e-08 1e-08 1e-08 0 1.5
1 1e-08 1e-08 1e-08 0 1.33333
1 1e-08 1e-08 1e-08 0 1.33333
1 1e-08 1e-08 1e-08 0 1.5
1 1e-08 1e-08 1e-08 0 1.33333
1 1e-08 1e-08 1e-08 0 1.33333
1 1e-08 1e-08 1e-08 0 1.33333
1 1e-08 1e-08 1e-08 0 1.33333
1 1e-08 1e-08 1e-08 0 1.5
1 1e-08 1e-08 1e-08 0 1.5
1 1e-08 1e-08 1e-08 0 1.5

21 5.54263 5.54263 6.33444 0.791805 1.5
9 14.7804 14.7804 14.7804 0 1.5
21 2.71476 2.71476 6.25451 3.53975 1.5
20 2.33374 2.33374 6.41943 4.08569 1.5
4 21.7281 21.7281 21.7281 0 1.5
1 0.340131 0.340131 0.340131 0 1.33333
1 0.340127 0.340127 0.340127 0 1.33333
1 0.167718 0.167718 0.167718 5e-09 1.33333
1 0.1241 0.1241 0.124233 0.000133514 1.5
1 0.113377 0.113377 0.113377 0 1.33333
1 0.104534 0.104534 0.113201 0.0086665 1.5
1 0.0712857 0.0712857 0.0712857 0 1.5
1 0.051897 0.051897 0.051897 0 1.33333
1 0.0518964 0.0518964 0.0518964 0 1.33333
1 0.0508465 0.0508465 0.0508465 5e-09 1.5
1 0.0465528 0.0465528 0.0465528 0 1.5
1 0.0302173 0.0302173 0.0302173 0 1.33333
1 0.0302172 0.0302172 0.0302172 0 1.33333
1 0.0136769 0.0136769 0.0136769 0 1.5
1 0.00724363 0.00724363 0.00724363 0 1.5
1 3.33333e-09 3.33333e-09 1e-08 6.66667e-09 1.5
1 5e-09 5e-09 1e-08 5e-09 1.5
1 1e-08 1e-08 1e-08 0 1.5
1 1e-08 1e-08 1e-08 0 1.33333
1 1e-08 1e-08 1e-08 0 1.5
1 1e-08 1e-08 1e-08 0 1.33333
1 1e-08 1e-08 1e-08 0 1.33333
1 1e-08 1e-08 1e-08 0 1.33333
1 1e-08 1e-08 1e-08 0 1.33333
1 1e-08 1e-08 1e-08 0 1.5
1 1e-08 1e-08 1e-08 0 1.33333

14 9.50165 9.50165 9.50165 1.77636e-15 1.5
21 2.66046 2.66046 6.33444 3.67397 1.5
21 3.59522 3.59522 6.18154 2.58632 1.5
20 2.51895 2.50987 6.40619 3.89586 1.5
4 21.7281 21.7281 21.7281 0 1.5
1 0.340131 0.340131 0.340131 0 1.33333
1 0.340127 0.340127 0.340127 0 1.33333
1 0.335435 0.335435 0.335435 0 1.33333
1 0.209069 0.209069 0.209069 0 1.5
1 0.1241 0.1241 0.124365 0.000265724 1.5
1 0.113377 0.113377 0.113377 0 1.33333
1 0.107955 0.107955 0.107955 0 1.5
1 0.101693 0.101693 0.101693 0 1.5
1 0.051897 0.051897 0.051897 0 1.33333
1 0.0356428 0.0356428 0.0356428 5e-09 1.5
1 0.0302173 0.0302173 0.0302173 0 1.33333
1 0.0302172 0.0302172 0.0302172 0 1.33333
1 0.0232764 0.0232764 0.0301148 0.00683846 1.5
1 0.0259482 0.0259482 0.0259482 5e-09 1.33333
1 0.00724363 0.00724363 0.00724363 0 1.5
1 0.00607265 0.00607265 0.00607265 0 1.5
1 1e-08 1e-08 1e-08 0 1.33333
1 1e-08 1e-08 1e-08 0 1.5
1 1e-08 1e-08 1e-08 0 1.5
1 1e-08 1e-08 1e-08 0 1.5
1 1e-08 1e-08 1e-08 0 1.33333

18 7.41691 7.39018 7.39166 0.00612484 1.5
24 3.50061 3.50061 5.27026 1.76965 1.5
24 2.66046 2.66046 5.19443 2.53396 1.5
24 2.89181 2.89181 5.09314 2.20133 1.5
1 0.340131 0.340131 0.340131 0 1.33333
1 0.340127 0.340127 0.340127 0 1.33333
1 0.335435 0.335435 0.335435 0 1.33333
1 0.1241 0.1241 0.248199 0.1241 1.5
1 0.209069 0.209069 0.209069 0 1.5
1 0.113377 0.113377 0.113377 0 1.33333
1 0.0712857 0.0712857 0.0712857 0 1.5
1 0.0566712 0.0566712 0.0566712 5e-09 1.33333
1 0.0269888 0.0269888 0.0551726 0.0281838 1.5
1 0.051897 0.051897 0.051897 0 1.33333
1 0.0518964 0.0518964 0.0518964 0 1.33333

25 2.95607 2.95607 5.32093 2.36486 1.5
18 7.39018 7.39018 7.39018 8.88178e-16 1.5
24 2.71476 2.71476 5.43346 2.7187 1.5
23 2.67009 2.66046 5.46285 2.80071 1.5
1 0.340131 0.340131 0.340131 0 1.33333
1 0.340127 0.340127 0.340127 0 1.33333
1 0.335435 0.335435 0.335435 0 1.33333
1 0.1241 0.1241 0.248199 0.1241 1.5
1 0.209069 0.209069 0.209069 0 1.5
1 0.113377 0.113377 0.113377 0 1.33333
1 0.113342 0.113342 0.113342 0 1.33333
1 0.107955 0.107955 0.107955 0 1.5
1 0.051897 0.051897 0.051897 0 1.33333
1 0.0283494 0.0283494 0.0516257 0.0232764 1.5
1 0.0356428 0.0356428 0.0356428 5e-09 1.5

23 5.80454 5.78362 5.78726 0.00793171 1.5
25 2.50987 2.50987 5.32093 2.81106 1.5
24 2.50987 2.50987 5.44195 2.93208 1.5
23 3.50061 3.50061 5.39567 1.89506 1.5
1 0.340131 0.340131 0.340131 0 1.33333
1 0.340127 0.340127 0.340127 0 1.33333
1 0.335435 0.335435 0.335435 0 1.33333
1 0.248199 0.248199 0.248199 0 1.5
1 0.0696896 0.0696896 0.140189 0.0704995 1.5
1 0.113377 0.113377 0.113377 0 1.33333

33 2.38401 2.37541 4.03309 1.6556 1.5
23 5.78362 5.78362 5.78362 0 1.5
32 1.41514 1.41514 4.08065 2.66551 1.5
1 1.77151 1.77151 3.62575 1.85424 1.5
1 0.340131 0.340131 0.340131 0 1.33333
1 0.335435 0.335435 0.335435 0 1.33333
1 0.170063 0.170063 0.296151 0.126088 1.33333
1 0.209069 0.209069 0.209069 0 1.5
1 0.113377 0.113377 0.113377 0 1.33333
1 0.0188996 0.0188996 0.0531052 0.0342056 1.5
1 0.0110422 0.0110422 0.0110422 0 1.5
1 1e-08 1e-08 1e-08 0 1.33333
1 1e-08 1e-08 1e-08 0 1.33333
1 1e-08 1e-08 1e-08 0 1.33333
1 5e-09 5e-09 1e-08 5e-09 1.5
1 1e-08 1e-08 1e-08 0 1.33333

32 4.15697 4.15697 4.15697 8.88178e-16 1.5
32 2.07849 2.07849 4.02889 1.95041 1.5
31 1.68993 1.68384 4.00882 2.32105 1.5
1 5.31452 5.31452 5.31452 0 1.5
1 0.340131 0.340131 0.340131 0 1.33333
1 0.335435 0.335435 0.335435 0 1.33333
1 0.209069 0.209069 0.209069 0 1.5
1 0.170063 0.170063 0.170063 5e-09 1.33333
1 0.113377 0.113377 0.113377 0 1.33333

25 4.3066 4.29107 5.33335 1.02988 1.5
24 3.69509 3.69509 5.54263 1.84754 1.5
24 3.32558 3.32558 5.54263 2.21705 1.5
23 1.87357 1.87357 5.48687 3.61331 1.5
1 5.31452 5.31452 5.31452 0 1.5
1 0.340131 0.340131 0.340131 0 1.33333
1 0.340127 0.340127 0.340127 0 1.33333
1 0.209069 0.209069 0.209069 0 1.5
1 0.188265 0.188265 0.188265 0 1.5

1 133.023 133.023 133.023 0 1.5
19 6.04651 6.04651 7.00122 0.954712 1.5
19 3.32558 3.32558 7.00122 3.67564 1.5
19 2.34218 2.34218 6.89906 4.55688 1.5
19 2.33374 2.33374 6.89362 4.55988 1.5
1 7.8234 7.8234 7.8234 5e-09 1.5
1 2.65726 2.65726 2.78136 0.1241 1.5
1 0.340131 0.340131 0.340131 0 1.33333
1 0.340127 0.340127 0.340127 0 1.33333
1 0.209069 0.209069 0.209069 0 1.5
1 0.188265 0.188265 0.188265 0 1.5
1 1e-08 1e-08 1e-08 0 1.33333
1 1e-08 1e-08 1e-08 0 1.5
1 1e-08 1e-08 1e-08 0 1.33333
1 1e-08 1e-08 1e-08 0 1.5
1 1e-08 1e-08 1e-08 0 1.5
1 1e-08 1e-08 1e-08 0 1.5
1 5e-09 5e-09 1e-08 5e-09 1.5
1 1e-08 1e-08 1e-08 0 1.5
1 1e-08 1e-08 1e-08 0 1.5
1 1e-08 1e-08 1e-08 0 1.33333
1 5e-09 5e-09 1e-08 5e-09 1.5
1 1e-08 1e-08 1e-08 0 1.5
1 1e-08 1e-08 1e-08 0 1.5
1 1e-08 1e-08 1e-08 0 1.5

19 6.35736 6.35736 7.02655 0.669195 1.5
17 7.82489 7.82489 7.82489 3.55271e-15 1.5
15 8.86821 8.86821 8.86821 1.77636e-15 1.5
18 3.50061 3.50061 7.00703 3.50642 1.5
18 2.18071 2.18071 6.91932 4.73861 1.5
1 15.6468 15.6468 15.6468 0 1.5
1 5.31452 5.31452 5.31452 0 1.5
1 0.340131 0.340131 0.340131 0 1.33333
1 0.340127 0.340127 0.340127 0 1.33333
1 0.188265 0.188265 0.188265 0 1.5
1 0.0696896 0.0696896 0.102746 0.0330569 1.5
1 0.0400083 0.0400083 0.0800167 0.0400083 1.5
1 0.0495634 0.0495634 0.0495634 0 1.5
1 0.0302173 0.0302173 0.0302173 0 1.33333
1 1e-08 1e-08 1e-08 0 1.5
1 1e-08 1e-08 1e-08 0 1.33333
1 1e-08 1e-08 1e-08 0 1.33333
1 1e-08 1e-08 1e-08 0 1.33333
1 1e-08 1e-08 1e-08 0 1.33333

19 4.43411 4.43411 7.00122 2.56711 1.5
8 16.6279 16.6279 16.6279 3.55271e-15 1.5
19 3.02325 3.02325 7.00122 3.97797 1.5
19 3.41085 3.41085 7.00122 3.59037 1.5
18 2.90227 2.90227 7.09796 4.19568 1.5
1 15.6468 15.6468 15.6468 0 1.5
1 1.77151 1.77151 5.31452 3.54301 1.5
1 0.340131 0.340131 0.340131 0 1.33333
1 0.340127 0.340127 0.340127 0 1.33333
1 0.209069 0.209069 0.209069 0 1.5
1 0.188265 0.188265 0.188265 0 1.5
1 0.0800167 0.0800167 0.0800167 0 1.5
1 0.0495634 0.0495634 0.0495634 0 1.5
1 0.0302173 0.0302173 0.0302173 0 1.33333
1 0.0224519 0.0224519 0.0224519 6.66667e-09 1.5
1 1e-08 1e-08 1e-08 0 1.33333
1 1e-08 1e-08 1e-08 0 1.33333
1 1e-08 1e-08 1e-08 0 1.33333
1 1e-08 1e-08 1e-08 0 1.5
1 1e-08 1e-08 1e-08 0 1.5
1 1e-08 1e-08 1e-08 0 1.33333
1 1e-08 1e-08 1e-08 0 1.33333
1 1e-08 1e-08 1e-08 0 1.33333

16 7.41691 7.41691 8.34403 0.927114 1.5
16 3.80066 3.80066 8.31395 4.51329 1.5
16 7.82489 7.82489 8.31395 0.489056 1.5
2 66.5116 66.5116 66.5116 0 1.5
16 2.95607 2.95607 8.14479 5.18872 1.5
16 3.24447 3.24447 8.11548 4.87101 1.5
1 7.8234 7.8234 8.94958 1.12618 1.5
1 5.31452 5.31452 5.31452 0 1.5
1 0.340131 0.340131 0.340131 0 1.33333
1 0.340127 0.340127 0.340127 0 1.33333
1 0.209069 0.209069 0.209069 0 1.5
1 0.107296 0.107296 0.170052 0.062756 1.5
1 0.0400083 0.0400083 0.0800167 0.0400083 1.5
1 0.0247817 0.0247817 0.0495634 0.0247817 1.5
1 0.0336779 0.0336779 0.0336779 5e-09 1.5
1 0.0302173 0.0302173 0.0302173 0 1.33333
1 0.0250013 0.0250013 0.0250013 0 1.33333
1 1e-08 1e-08 1e-08 0 1.33333
1 1e-08 1e-08 1e-08 0 1.33333
1 1e-08 1e-08 1e-08 0 1.33333
1 1e-08 1e-08 1e-08 0 1.33333
1 1e-08 1e-08 1e-08 0 1.5
1 1e-08 1e-08 1e-08 0 1.33333
1 1e-08 1e-08 1e-08 0 1.33333
1 1e-08 1e-08 1e-08 0 1.33333

16 3.91245 3.91245 8.31395 4.4015 1.5
2 66.5116 66.5116 66.5116 0 1.5
12 11.0853 11.0853 11.0853 0 1.5
16 3.24447 3.24447 8.11734 4.87287 1.5
16 3.24447 3.24447 8.11142 4.86695 1.5
15 3.81441 3.81441 8.39679 4.58238 1.5
1 15.6468 15.6468 15.6468 0 1.5
1 5.31452 5.31452 5.31452 0 1.5
1 0.340131 0.340131 0.340131 0 1.33333
1 0.340127 0.340127 0.340127 0 1.33333
1 0.321888 0.321888 0.321888 0 1.5
1 0.104534 0.104534 0.105069 0.000534906 1.5
1 0.0800167 0.0800167 0.0800167 0 1.5
1 0.0673558 0.0673558 0.0673558 0 1.5
1 0.0495634 0.0495634 0.0495634 0 1.5
1 0.0302173 0.0302173 0.0302173 0 1.33333
1 0.0250013 0.0250013 0.0250013 0 1.33333
1 1e-08 1e-08 1e-08 0 1.5
1 1e-08 1e-08 1e-08 0 1.5
1 1e-08 1e-08 1e-08 0 1.5
1 1e-08 1e-08 1e-08 0 1.5
1 1e-08 1e-08 1e-08 0 1.5
1 1e-08 1e-08 1e-08 0 1.5
1 1e-08 1e-08 1e-08 0 1.5
1 1e-08 1e-08 1e-08 0 1.33333
1 1e-08 1e-08 1e-08 0 1.5
1 1e-08 1e-08 1e-08 0 1.33333
1 1e-08 1e-08 1e-08 0 1.33333
1 1e-08 1e-08 1e-08 0 1.33333
1 1e-08 1e-08 1e-08 0 1.5

15 8.9003 8.9003 8.9003 1.77636e-15 1.5
15 8.86821 8.86821 8.86821 1.77636e-15 1.5
16 3.91245 3.91245 8.14007 4.22763 1.5
16 3.16722 3.16722 8.12073 4.95351 1.5
15 4.031 4.031 8.59971 4.56871 1.5
15 6.65116 6.65116 8.59385 1.94269 1.5
1 15.6468 15.6468 15.6468 0 1.5
1 5.31452 5.31452 5.31452 0 1.5
1 1.09309 1.09309 1.09309 0 1.5
1 0.340131 0.340131 0.340131 0 1.33333
1 0.340127 0.340127 0.340127 0 1.33333
1 0.160944 0.160944 0.321888 0.160944 1.5
1 0.209069 0.209069 0.209069 0 1.5
1 0.0800167 0.0800167 0.0800167 0 1.5
1 0.0673558 0.0673558 0.0673558 0 1.5

16 3.69509 3.69509 8.31395 4.61886 1.5
15 8.86821 8.86821 8.86821 1.77636e-15 1.5
13 10.2326 10.2326 10.2326 0 1.5
16 3.70846 3.70846 8.11516 4.4067 1.5
15 3.69509 3.69509 8.62647 4.93138 1.5
15 4.15697 4.15697 8.59452 4.43754 1.5
1 15.6468 15.6468 15.6468 0 1.5
1 5.31452 5.31452 5.31452 0 1.5
1 0.546544 0.546544 0.546544 5e-09 1.5
1 0.340131 0.340131 0.340131 0 1.33333
1 0.340127 0.340127 0.340127 0 1.33333
1 0.321888 0.321888 0.321888 0 1.5
1 0.104534 0.104534 0.130769 0.0262347 1.5
1 0.0800167 0.0800167 0.0800167 0 1.5
1 0.0336779 0.0336779 0.0673558 0.0336779 1.5
1 0.00490924 0.00490924 0.00490924 0 1.5
1 0.00396413 0.00396413 0.00396413 0 1.5

15 8.86821 8.86821 8.86821 1.77636e-15 1.5
8 16.6279 16.6279 16.6279 3.55271e-15 1.5
15 3.51328 3.50061 8.63818 5.13672 1.5
15 4.3066 4.3066 8.61911 4.31252 1.5
15 5.32093 5.32093 8.557 3.23607 1.5
15 3.03419 3.02325 8.49294 5.46896 1.5
1 15.6468 15.6468 15.6468 0 1.5
1 15.6468 15.6468 15.6468 0 1.5
1 1.77151 1.77151 5.31452 3.54301 1.5
1 1.09309 1.09309 1.09309 0 1.5
1 0.340131 0.340131 0.340131 0 1.33333
1 0.340127 0.340127 0.340127 0 1.33333
1 0.321888 0.321888 0.321888 0 1.5
1 0.2105 0.2105 0.2105 0 1.33333
1 0.15342 0.15342 0.15342 0 1.5
1 0.104534 0.104534 0.130769 0.0262347 1.5
1 0.0800167 0.0800167 0.0800167 0 1.5
1 0.0673558 0.0673558 0.0673558 0 1.5
1 0.00974825 0.00974825 0.00974825 0 1.5
1 0.00974825 0.00974825 0.00974825 0 1.5
1 0.00490924 0.00490924 0.00490924 0 1.5
1 0.00396413 0.00396413 0.00396413 0 1.5
1 1e-08 1e-08 1e-08 0 1.33333
1 1e-08 1e-08 1e-08 0 1.33333

15 8.9003 8.9003 8.9003 1.77636e-15 1.5
15 8.9003 8.86821 8.87035 0.00800382 1.5
15 2.78134 2.77132 8.86888 6.0969 1.5
15 8.86821 8.86821 8.86821 1.77636e-15 1.5
13 10.2326 10.2326 10.2326 0 1.5
15 2.37541 2.37541 8.6148 6.23938 1.5
1 15.6468 15.6468 15.6468 0 1.5
1 15.6468 15.6468 15.6468 0 1.5
1 5.31452 5.31452 5.31452 0 1.5
1 0.273272 0.273272 1.09309 0.819816 1.5
1 0.694423 0.694423 0.694423 0 1.33333
1 0.340131 0.340131 0.340131 0 1.33333
1 0.340127 0.340127 0.340127 0 1.33333
1 0.321888 0.321888 0.321888 0 1.5
1 0.2105 0.2105 0.2105 0 1.33333
1 0.209069 0.209069 0.209069 0 1.5
1 0.15342 0.15342 0.15342 0 1.5
1 0.0800167 0.0800167 0.0800167 0 1.5
1 0.0673558 0.0673558 0.0673558 0 1.5

13 9.50165 9.50165 10.2326 0.730896 1.5
13 8.86821 8.86821 10.2326 1.36434 1.5
13 9.50165 9.50165 10.2326 0.730896 1.5
13 10.2326 10.2326 10.2326 0 1.5
1 133.023 133.023 133.023 0 1.5
13 2.51895 2.51895 10.0895 7.57051 1.5
13 2.77132 2.77132 10.0221 7.2508 1.5
1 15.6468 15.6468 15.6468 0 1.5
1 7.8234 7.8234 8.20908 0.385681 1.5
1 1.32863 1.32863 3.98629 2.65766 1.5
1 1.09309 1.09309 1.09309 0 1.5
1 0.694423 0.694423 0.694423 0 1.33333
1 0.340131 0.340131 0.340131 0 1.33333
1 0.340127 0.340127 0.340127 0 1.33333
1 0.321888 0.321888 0.321888 0 1.5
1 0.2105 0.2105 0.2105 0 1.33333
1 0.209069 0.209069 0.209069 0 1.5
1 0.15342 0.15342 0.15342 0 1.5
1 0.0800167 0.0800167 0.0800167 0 1.5
1 0.0336779 0.0336779 0.0336779 5e-09 1.5
1 0.00487412 0.00487412 0.00487413 5e-09 1.5
1 1e-08 1e-08 1e-08 0 1.33333
1 1e-08 1e-08 1e-08 0 1.5
1 1e-08 1e-08 1e-08 0 1.33333
1 1e-08 1e-08 1e-08 0 1.33333
1 1e-08 1e-08 1e-08 0 1.33333
1 5e-09 5e-09 1e-08 5e-09 1.5
1 1e-08 1e-08 1e-08 0 1.33333
1 3.33333e-09 3.33333e-09 1e-08 6.66667e-09 1.5

13 10.2696 10.2696 10.2696 3.55271e-15 1.5
14 9.50165 9.50165 9.50165 1.77636e-15 1.5
13 10.2326 10.2326 10.2326 0 1.5
10 13.3023 13.3023 13.3023 1.77636e-15 1.5
15 2.4186 2.4186 8.55027 6.13167 1.5
15 2.33374 2.33374 8.25255 5.91881 1.5
1 15.6468 15.6468 15.6468 0 1.5
1 7.8234 7.8234 7.8234 5e-09 1.5
1 5.31452 5.31452 5.31452 0 1.5
1 0.546544 0.546544 1.09309 0.546544 1.5
1 0.694423 0.694423 0.694423 0 1.33333
1 0.623295 0.623295 0.623295 0 1.5
1 0.340131 0.340131 0.340131 0 1.33333
1 0.340127 0.340127 0.340127 0 1.33333
1 0.317022 0.317022 0.337357 0.0203354 1.5
1 0.0804719 0.0804719 0.321888 0.241416 1.5
1 0.2105 0.2105 0.2105 0 1.33333
1 0.209069 0.209069 0.209069 0 1.5
1 0.15342 0.15342 0.15342 0 1.5
1 0.0400083 0.0400083 0.0800167 0.0400083 1.5
1 0.0673558 0.0673558 0.0673558 0 1.5
1 0.00974825 0.00974825 0.00974825 0 1.5
1 1e-08 1e-08 1e-08 0 1.5
1 1e-08 1e-08 1e-08 0 1.33333
1 1e-08 1e-08 1e-08 0 1.33333
1 1e-08 1e-08 1e-08 0 1.33333
1 5e-09 5e-09 1e-08 5e-09 1.5

15 8.86821 8.86821 8.86821 1.77636e-15 1.5
14 9.50165 9.50165 9.50165 1.77636e-15 1.5
13 10.2326 10.2326 10.2326 0 1.5
15 2.66046 2.66046 8.86821 6.20775 1.5
10 13.3023 13.3023 13.3023 1.77636e-15 1.5
15 2.61773 2.61773 8.57337 5.95564 1.5
1 15.6468 15.6468 15.6468 0 1.5
1 15.6468 15.6468 15.6468 0 1.5
1 2.65726 2.65726 5.31452 2.65726 1.5
1 1.09309 1.09309 1.09309 0 1.5
1 0.694423 0.694423 0.694423 0 1.33333
1 0.634043 0.634043 0.634043 0 1.5
1 0.623295 0.623295 0.623295 0 1.5
1 0.340131 0.340131 0.340131 0 1.33333
1 0.340127 0.340127 0.340127 0 1.33333
1 0.321888 0.321888 0.321888 0 1.5
1 0.2105 0.2105 0.2105 0 1.33333
1 0.209069 0.209069 0.209069 0 1.5
1 0.15342 0.15342 0.15342 0 1.5
1 0.0800167 0.0800167 0.0800167 0 1.5
1 0.0673558 0.0673558 0.0673558 0 1.5
1 0.00974825 0.00974825 0.00974825 0 1.5
1 3.33333e-09 3.33333e-09 1e-08 6.66667e-09 1.5
1 1e-08 1e-08 1e-08 0 1.33333
1 1e-08 1e-08 1e-08 0 1.33333

14 9.53603 9.53603 9.53603 1.77636e-15 1.5
10 13.3504 13.3023 13.3071 0.014439 1.5
16 2.77132 2.77132 8.31395 5.54263 1.5
15 8.86821 8.86821 8.86821 1.77636e-15 1.5
13 10.2326 10.2326 10.2326 0 1.5
15 2.2935 2.2935 8.56465 6.27115 1.5
1 15.6468 15.6468 15.6468 0 1.5
1 7.8234 7.8234 7.82876 0.00536594 1.5
1 5.31452 5.31452 5.31452 0 1.5
1 1.09309 1.09309 1.09309 0 1.5
1 0.694423 0.694423 0.694423 0 1.33333
1 0.634043 0.634043 0.634043 0 1.5
1 0.340131 0.340131 0.340131 0 1.33333
1 0.340127 0.340127 0.340127 0 1.33333
1 0.321888 0.321888 0.321888 0 1.5
1 0.311648 0.311648 0.311648 5e-09 1.5
1 0.2105 0.2105 0.2105 0 1.33333
1 0.209069 0.209069 0.209069 0 1.5
1 0.15342 0.15342 0.15342 0 1.5
1 0.101058 0.101058 0.101058 0 1.5
1 0.0800167 0.0800167 0.0800167 0 1.5
1 0.0799281 0.0799281 0.0799281 0 1.33333
1 0.0635377 0.0635377 0.0684118 0.00487412 1.5
1 0.0673558 0.0673558 0.0673558 0 1.5

15 3.03419 3.02325 8.86894 5.84496 1.5
15 8.86821 8.86821 8.86821 1.77636e-15 1.5
15 7.39018 7.39018 8.86821 1.47804 1.5
15 8.31395 8.31395 8.86821 0.554263 1.5
10 13.3023 13.3023 13.3023 1.77636e-15 1.5
15 2.22507 2.22507 8.46508 6.24 1.5
1 15.6468 15.6468 15.6468 0 1.5
1 15.6468 15.6468 15.6468 0 1.5
1 5.31452 5.31452 5.31452 0 1.5
1 1.09309 1.09309 1.09309 0 1.5
1 0.694423 0.694423 0.694423 0 1.33333
1 0.634043 0.634043 0.634043 0 1.5
1 0.623295 0.623295 0.623295 0 1.5
1 0.340131 0.340131 0.340131 0 1.33333
1 0.340127 0.340127 0.340127 0 1.33333
1 0.321888 0.321888 0.321888 0 1.5
1 0.2105 0.2105 0.2105 0 1.33333
1 0.197246 0.197246 0.197246 0 1.5
1 0.15342 0.15342 0.15342 0 1.5
1 0.127075 0.127075 0.127075 0 1.5
1 0.101058 0.101058 0.101058 0 1.5
1 0.0800167 0.0800167 0.0800167 0 1.5

14 9.53603 9.53603 9.53603 1.77636e-15 1.5
15 8.86821 8.86821 8.86821 1.77636e-15 1.5
13 10.2326 10.2326 10.2326 0 1.5
12 11.0853 11.0853 11.0853 0 1.5
15 2.04651 2.04651 8.67493 6.62842 1.5
15 2.78134 2.77132 8.32832 5.55566 1.5
1 15.6468 15.6468 15.6468 0 1.5
1 15.6468 15.6468 15.6468 0 1.5
1 5.31452 5.31452 5.31452 0 1.5
1 1.09309 1.09309 1.09309 0 1.5
1 0.694423 0.694423 0.694423 0 1.33333
1 0.692169 0.692169 0.692169 0 1.5
1 0.634043 0.634043 0.634043 0 1.5
1 0.623295 0.623295 0.623295 0 1.5
1 0.340131 0.340131 0.340131 0 1.33333
1 0.340127 0.340127 0.340127 0 1.33333
1 0.321888 0.321888 0.321888 0 1.5
1 0.2105 0.2105 0.2105 0 1.33333
1 0.197246 0.197246 0.197246 0 1.5
1 0.15342 0.15342 0.15342 0 1.5
1 0.101058 0.101058 0.101058 0 1.5
1 0.0635377 0.0635377 0.0883194 0.0247817 1.5
1 0.0800167 0.0800167 0.0800167 0 1.5

14 9.53603 9.50165 9.50411 0.00885383 1.5
15 8.86821 8.86821 8.86821 1.77636e-15 1.5
15 8.86821 8.86821 8.86821 1.77636e-15 1.5
10 13.3023 13.3023 13.3023 1.77636e-15 1.5
15 2.21705 2.21705 8.4284 6.21135 1.5
14 2.51895 2.51895 8.49714 5.97818 1.5
1 15.6468 15.6468 15.6468 0 1.5
1 15.6468 15.6468 15.6468 0 1.5
1 5.31452 5.31452 5.31452 0 1.5
1 1.09309 1.09309 1.09309 0 1.5
1 0.694423 0.694423 0.694423 0 1.33333
1 0.692169 0.692169 0.692169 0 1.5
1 0.634043 0.634043 0.634043 0 1.5
1 0.623295 0.623295 0.623295 0 1.5
1 0.340131 0.340131 0.340131 0 1.33333
1 0.340127 0.340127 0.340127 0 1.33333
1 0.321888 0.321888 0.321888 0 1.5
1 0.2105 0.2105 0.2105 0 1.33333
1 0.197246 0.197246 0.197246 0 1.5
1 0.15342 0.15342 0.15342 0 1.5
1 0.127075 0.127075 0.127075 0 1.5
1 0.101058 0.101058 0.101058 0 1.5
1 0.0800167 0.0800167 0.0800167 0 1.5
1 0.0605011 0.0605011 0.0605011 0 1.5

14 9.53603 9.53603 9.53603 1.77636e-15 1.5
16 2.34218 2.33374 8.31553 5.98021 1.5
15 8.86821 8.86821 8.86821 1.77636e-15 1.5
13 10.2326 10.2326 10.2326 0 1.5
10 13.3023 13.3023 13.3023 1.77636e-15 1.5
15 2.55814 2.55814 8.70143 6.14329 1.5
1 15.6468 15.6468 15.6468 0 1.5
1 7.8234 7.8234 7.8234 5e-09 1.5
1 5.31452 5.31452 5.31452 0 1.5
1 0.694423 0.694423 0.694423 0 1.33333
1 0.692169 0.692169 0.692169 0 1.5
1 0.317022 0.317022 0.634043 0.317022 1.5
1 0.623295 0.623295 0.623295 0 1.5
1 0.546544 0.546544 0.559357 0.0128135 1.5
1 0.340131 0.340131 0.340131 0 1.33333
1 0.340127 0.340127 0.340127 0 1.33333
1 0.321888 0.321888 0.321888 0 1.5
1 0.2105 0.2105 0.2105 0 1.33333
1 0.197246 0.197246 0.197246 0 1.5
1 0.15342 0.15342 0.15342 0 1.5
1 0.0854607 0.0854607 0.152833 0.0673723 1.5
1 0.127075 0.127075 0.127075 0 1.5
1 0.0800167 0.0800167 0.0800167 0 1.5
1 0.0605011 0.0605011 0.0605011 0 1.5

15 8.86821 8.86821 8.86821 1.77636e-15 1.5
13 10.2326 10.2326 10.2326 0 1.5
12 11.0853 11.0853 11.0853 0 1.5
13 10.2326 10.2326 10.2326 0 1.5
15 2.72458 2.72458 8.72101 5.99642 1.5
15 2.1886 2.18071 8.33799 6.15307 1.5
1 15.6468 15.6468 15.6468 0 1.5
1 15.6468 15.6468 15.6468 0 1.5
1 2.65726 2.65726 5.31452 2.65726 1.5
1 1.09309 1.09309 1.09309 0 1.5
1 0.694423 0.694423 0.694423 0 1.33333
1 0.634043 0.634043 0.634043 0 1.5
1 0.623295 0.623295 0.623295 0 1.5
1 0.346085 0.346085 0.350959 0.00487412 1.5
1 0.340131 0.340131 0.340131 0 1.33333
1 0.340127 0.340127 0.340127 0 1.33333
1 0.321888 0.321888 0.321888 0 1.5
1 0.256382 0.256382 0.256382 0 1.5
1 0.2105 0.2105 0.2105 0 1.33333
1 0.197246 0.197246 0.197246 0 1.5
1 0.15342 0.15342 0.15342 0 1.5
1 0.127075 0.127075 0.127075 0 1.5
1 0.0800167 0.0800167 0.0800167 0 1.5
1 0.0605011 0.0605011 0.0605011 0 1.5

15 8.9003 8.9003 8.9003 1.77636e-15 1.5
15 8.9003 8.86821 8.88532 0.0160076 1.5
13 10.2326 10.2326 10.2326 0 1.5
13 10.2326 10.2326 10.2326 0 1.5
15 2.46339 2.46339 8.54879 6.08539 1.5
15 2.68942 2.6083 8.35924 5.74557 1.5
1 15.6468 15.6468 15.6468 0 1.5
1 15.6468 15.6468 15.6468 0 1.5
1 5.31452 5.31452 5.31452 0 1.5
1 1.09309 1.09309 1.09309 0 1.5
1 0.694423 0.694423 0.694423 0 1.33333
1 0.634043 0.634043 0.634043 0 1.5
1 0.623295 0.623295 0.623295 0 1.5
1 0.346085 0.346085 0.409622 0.0635377 1.5
1 0.340131 0.340131 0.340131 0 1.33333
1 0.340127 0.340127 0.340127 0 1.33333
1 0.321888 0.321888 0.321888 0 1.5
1 0.256382 0.256382 0.256382 0 1.5
1 0.2105 0.2105 0.2105 0 1.33333
1 0.197246 0.197246 0.197246 0 1.5
1 0.15342 0.15342 0.15342 0 1.5

14 9.79718 9.50165 9.52276 0.0761083 1.5
14 9.50165 9.50165 9.50165 1.77636e-15 1.5
14 9.50165 9.50165 9.50165 1.77636e-15 1.5
13 10.2326 10.2326 10.2326 0 1.5
15 2.34218 2.34218 8.42544 6.08326 1.5
15 2.61773 2.61773 8.40339 5.78565 1.5
1 15.6468 15.6468 15.6468 0 1.5
1 15.6468 15.6468 15.6468 0 1.5
1 2.65726 2.65726 5.31452 2.65726 1.5
1 1.09309 1.09309 1.09309 0 1.5
1 0.694423 0.694423 0.694423 0 1.33333
1 0.692169 0.692169 0.692169 0 1.5
1 0.634043 0.634043 0.634043 0 1.5
1 0.623295 0.623295 0.623295 0 1.5
1 0.340131 0.340131 0.340131 0 1.33333
1 0.340127 0.340127 0.340127 0 1.33333
1 0.321888 0.321888 0.321888 0 1.5
1 0.256382 0.256382 0.256382 0 1.5
1 0.2105 0.2105 0.2105 0 1.33333
1 0.197246 0.197246 0.197246 0 1.5
1 0.15342 0.15342 0.15342 0 1.5
1 0.0607562 0.0607562 0.0607562 0 1.5

15 8.9003 8.9003 8.9003 1.77636e-15 1.5
15 8.9003 8.9003 8.9003 1.77636e-15 1.5
15 8.86821 8.86821 8.86821 1.77636e-15 1.5
10 13.3023 13.3023 13.3023 1.77636e-15 1.5
15 2.55814 2.55814 8.70959 6.15146 1.5
15 2.49383 2.4186 8.57278 6.1292 1.5
1 15.6468 15.6468 15.6468 0 1.5
1 3.9117 3.9117 11.747 7.83527 1.5
1 5.31452 5.31452 5.31452 0 1.5
1 1.09309 1.09309 1.09309 0 1.5
1 0.694423 0.694423 0.694423 0 1.33333
1 0.692169 0.692169 0.692169 0 1.5
1 0.317022 0.317022 0.634043 0.317022 1.5
1 0.623295 0.623295 0.623295 0 1.5
1 0.340131 0.340131 0.340131 0 1.33333
1 0.340127 0.340127 0.340127 0 1.33333
1 0.107296 0.107296 0.321888 0.214592 1.5
1 0.256382 0.256382 0.256382 0 1.5
1 0.2105 0.2105 0.2105 0 1.33333
1 0.197246 0.197246 0.197246 0 1.5
1 0.15342 0.15342 0.15342 0 1.5
1 0.0800167 0.0800167 0.0800167 0 1.5

14 9.50165 9.50165 9.50165 1.77636e-15 1.5
16 8.31395 8.31395 8.31395 1.77636e-15 1.5
10 13.3023 13.3023 13.3023 1.77636e-15 1.5
15 2.38401 2.38401 8.58517 6.20116 1.5
15 2.56739 2.56739 8.57214 6.00474 1.5
15 8.57253 8.31395 8.46534 0.138236 1.5
1 15.6468 15.6468 15.6468 0 1.5
1 1.77151 1.77151 3.54354 1.77204 1.5
1 1.09309 1.09309 1.09309 0 1.5
1 0.694423 0.694423 0.694423 0 1.33333
1 0.634043 0.634043 0.634043 0 1.5
1 0.623295 0.623295 0.623295 0 1.5
1 0.346085 0.346085 0.362346 0.0162615 1.5
1 0.340131 0.340131 0.340131 0 1.33333
1 0.340127 0.340127 0.340127 0 1.33333
1 0.321888 0.321888 0.321888 0 1.5
1 0.256382 0.256382 0.256382 0 1.5
1 0.2105 0.2105 0.2105 0 1.33333
1 0.197246 0.197246 0.197246 0 1.5
1 0.15342 0.15342 0.15342 0 1.5
1 0.0800167 0.0800167 0.0800167 0 1.5
1 0.0621319 0.0621319 0.0621319 0 1.33333

14 9.14403 8.86821 9.60016 0.647084 1.5
14 8.9003 8.9003 9.53603 0.635736 1.5
14 8.9003 8.9003 9.53603 0.635736 1.5
1 133.023 133.023 133.023 0 1.5
10 13.3023 13.3023 13.3023 1.77636e-15 1.5
13 2.33374 2.33374 10.0536 7.7199 1.5
13 2.71476 2.71476 9.82356 7.1088 1.5
1 15.6468 15.6468 15.6468 0 1.5
1 5.31452 5.31452 5.31452 0 1.5
1 0.694423 0.694423 0.694423 0 1.33333
1 0.692169 0.692169 0.692169 0 1.5
1 0.634043 0.634043 0.634043 0 1.5
1 0.623295 0.623295 0.623295 0 1.5
1 0.546544 0.546544 0.566597 0.0200533 1.5
1 0.340131 0.340131 0.340131 0 1.33333
1 0.340127 0.340127 0.340127 0 1.33333
1 0.2105 0.2105 0.2105 0 1.33333
1 0.197246 0.197246 0.197246 0 1.5
1 0.160944 0.160944 0.164573 0.00362901 1.5
1 0.15342 0.15342 0.15342 0 1.5
1 0.0854607 0.0854607 0.152833 0.0673723 1.5
1 0.0800167 0.0800167 0.0800167 0 1.5
1 0.0336779 0.0336779 0.0673558 0.0336779 1.5
1 0.0621319 0.0621319 0.0621319 0 1.33333
1 0.00578137 0.00578137 0.00578137 0 1.5
1 1e-08 1e-08 1e-08 0 1.5
1 1e-08 1e-08 1e-08 0 1.33333
1 1e-08 1e-08 1e-08 0 1.33333
1 1e-08 1e-08 1e-08 0 1.33333

16 3.25621 3.25621 8.34403 5.08782 1.5
14 9.53603 9.53603 9.53603 1.77636e-15 1.5
15 8.86821 8.86821 8.86821 1.77636e-15 1.5
12 11.0853 11.0853 11.0853 0 1.5
10 13.3023 13.3023 13.3023 1.77636e-15 1.5
15 2.01707 2.01707 8.49458 6.47751 1.5
1 15.6468 15.6468 15.6468 0 1.5
1 5.31452 5.31452 5.31452 0 1.5
1 1.09309 1.09309 1.09309 0 1.5
1 0.694423 0.694423 0.694423 0 1.33333
1 0.634043 0.634043 0.634043 0 1.5
1 0.623295 0.623295 0.623295 0 1.5
1 0.346085 0.346085 0.362346 0.0162615 1.5
1 0.340131 0.340131 0.340131 0 1.33333
1 0.340127 0.340127 0.340127 0 1.33333
1 0.321888 0.321888 0.321888 0 1.5
1 0.256382 0.256382 0.256382 0 1.5
1 0.2105 0.2105 0.2105 0 1.33333
1 0.197246 0.197246 0.197246 0 1.5
1 0.15342 0.15342 0.15342 0 1.5
1 0.0800167 0.0800167 0.0800167 0 1.5
1 0.0673558 0.0673558 0.0673558 0 1.5
1 0.0621319 0.0621319 0.0621319 0 1.33333
1 0.0524436 0.0524436 0.0524436 0 1.5
1 0.0248541 0.0248541 0.0497083 0.0248541 1.5

14 9.14403 9.14403 9.79718 0.653145 1.5
5 26.7009 26.7009 26.7009 0 1.5
13 9.50165 9.50165 10.2326 0.730896 1.5
13 10.2326 10.2326 10.2326 0 1.5
10 13.3023 13.3023 13.3023 1.77636e-15 1.5
13 2.78134 2.78134 10.066 7.28468 1.5
13 2.61773 2.61773 9.88022 7.26248 1.5
1 15.6468 15.6468 15.6468 0 1.5
1 2.65726 2.65726 5.31452 2.65726 1.5
1 4.92985 4.92985 4.92985 0 1.33333
1 1.09309 1.09309 1.09309 0 1.5
1 0.694423 0.694423 0.694423 0 1.33333
1 0.634043 0.634043 0.634043 0 1.5
1 0.623295 0.623295 0.623295 0 1.5
1 0.340131 0.340131 0.340131 0 1.33333
1 0.340127 0.340127 0.340127 0 1.33333
1 0.321888 0.321888 0.321888 0 1.5
1 0.256382 0.256382 0.256382 0 1.5
1 0.230723 0.230723 0.245548 0.0148247 1.5
1 0.2105 0.2105 0.2105 0 1.33333
1 0.197246 0.197246 0.197246 0 1.5
1 0.15342 0.15342 0.15342 0 1.5
1 0.0800167 0.0800167 0.0800167 0 1.5
1 0.0673558 0.0673558 0.0673558 0 1.5
1 0.0621319 0.0621319 0.0621319 0 1.33333
1 0.0524436 0.0524436 0.0524436 0 1.5
1 0.051895 0.051895 0.051895 0 1.33333

