1 1 0.340132 0.340132 0.340132 0 0
5 1 0.0522987 0.0522987 0.0522987 0 2
2 1 1e-08 1e-08 1e-08 0 2
3 1 1e-08 1e-08 1e-08 0 2
4 1 1e-08 1e-08 1e-08 0 2

1 40 0.174427 0.174427 0.331463 0.327102 0
10 1 0.314398 0.314398 0.314398 0 1.5
14 1 0.113376 0.113376 0.113376 0 1.5
5 6 0.0348658 0.0348658 0.0522987 0.0464877 2
2 1 2.5e-09 2.5e-09 1e-08 7.5e-09 2
3 1 1e-08 1e-08 1e-08 0 2
4 1 3.33333e-09 3.33333e-09 1e-08 6.66667e-09 2
6 1 1e-08 1e-08 1e-08 0 1.5
7 1 1e-08 1e-08 1e-08 0 1.5
8 1 1e-08 1e-08 1e-08 0 1.5
9 1 1e-08 1e-08 1e-08 0 1.5
11 1 1e-08 1e-08 1e-08 0 1.5
12 1 1e-08 1e-08 1e-08 0 1.5
13 1 1e-08 1e-08 1e-08 0 1.5
15 1 1e-08 1e-08 1e-08 0 1.5

1 38 0.133248 0.133248 0.330825 0.327318 0
10 33 0.27303 0.27303 0.281793 0.27352 1.5
14 1 0.113376 0.113376 0.113376 0 1.5
19 1 0.0705045 0.0705045 0.0705045 0 1.5
5 6 0.039224 0.039224 0.0522987 0.0457614 2
2 1 1e-08 1e-08 1e-08 0 2
3 1 1e-08 1e-08 1e-08 0 2
4 1 1e-08 1e-08 1e-08 0 2
6 1 1e-08 1e-08 1e-08 0 1.5
7 1 1e-08 1e-08 1e-08 0 1.5
8 1 1e-08 1e-08 1e-08 0 1.5
9 1 1e-08 1e-08 1e-08 0 1.5
11 1 1e-08 1e-08 1e-08 0 1.5
12 1 1e-08 1e-08 1e-08 0 1.5
13 1 1e-08 1e-08 1e-08 0 1.5
15 1 1e-08 1e-08 1e-08 0 1.5
16 1 1e-08 1e-08 1e-08 0 1.5
17 1 1e-08 1e-08 1e-08 0 1.33333
18 1 1e-08 1e-08 1e-08 0 1.5

1 28 0.125312 0.125312 0.329606 0.325131 0
10 23 0.104799 0.104799 0.272221 0.267665 1.5
34 1 0.228295 0.228295 0.228295 0 1.5
14 2 0.113376 0.113376 0.113376 0.0566879 1.5
22 1 0.107868 0.107868 0.107868 0 1.5
19 2 0.0705045 0.0705045 0.0705045 0.0352523 1.5
5 4 0.029885 0.029885 0.0522987 0.0448275 2
37 1 1e-08 1e-08 1e-08 0 1.33333
36 1 1e-08 1e-08 1e-08 0 1.5
35 1 1e-08 1e-08 1e-08 0 1.33333
33 1 1e-08 1e-08 1e-08 0 1.5
32 1 1e-08 1e-08 1e-08 0 1.5
31 1 1e-08 1e-08 1e-08 0 1.33333
30 1 1e-08 1e-08 1e-08 0 1.33333
29 1 1e-08 1e-08 1e-08 0 1.33333
28 1 1e-08 1e-08 1e-08 0 1.5
27 1 1e-08 1e-08 1e-08 0 1.5
26 1 1e-08 1e-08 1e-08 0 1.33333
25 1 1e-08 1e-08 1e-08 0 1.5
24 1 1e-08 1e-08 1e-08 0 1.5
23 1 1e-08 1e-08 1e-08 0 1.33333
21 1 5e-09 5e-09 1e-08 5e-09 1.5
20 1 5e-09 5e-09 1e-08 5e-09 1.5
18 1 1e-08 1e-08 1e-08 0 1.5
17 1 1e-08 1e-08 1e-08 0 1.33333
16 1 1e-08 1e-08 1e-08 0 1.5
15 1 1e-08 1e-08 1e-08 0 1.5
13 1 1e-08 1e-08 1e-08 0 1.5
12 1 1e-08 1e-08 1e-08 0 1.5
11 1 1e-08 1e-08 1e-08 0 1.5
9 1 1e-08 1e-08 1e-08 0 1.5
8 1 1e-08 1e-08 1e-08 0 1.5
7 1 1e-08 1e-08 1e-08 0 1.5
6 1 1e-08 1e-08 1e-08 0 1.5
4 1 3.33333e-09 3.33333e-09 1e-08 6.66667e-09 2
3 1 5e-09 5e-09 1e-08 5e-09 2
2 1 1e-08 1e-08 1e-08 0 2

38 1 1.22145 1.22145 1.22145 0 1.5
1 13 0.0650253 0.0650253 0.331751 0.32675 0
10 12 0.0769955 0.0769955 0.307982 0.301566 1.5
34 7 0.0998296 0.069481 0.193518 0.182979 1.5
19 3 0.18316 0.0705045 0.108056 0.0741807 1.5
22 1 0.107979 0.107979 0.107979 0 1.5
14 3 0.113376 1e-08 0.0755839 0.0534459 1.5
5 2 0.0261494 0.0261494 0.0522987 0.039224 2
41 1 0.0224556 0.0224556 0.0224556 0 1.5
6 1 1e-08 1e-08 1e-08 0 1.5
7 1 1e-08 1e-08 1e-08 0 1.5
8 1 1e-08 1e-08 1e-08 0 1.5
9 1 1e-08 1e-08 1e-08 0 1.5
11 1 1e-08 1e-08 1e-08 0 1.5
12 1 1e-08 1e-08 1e-08 0 1.5
13 1 1e-08 1e-08 1e-08 0 1.5
15 1 1e-08 1e-08 1e-08 0 1.5
4 1 1e-08 1e-08 1e-08 0 2
3 1 5e-09 5e-09 1e-08 5e-09 2
2 1 5e-09 5e-09 1e-08 5e-09 2
39 1 1e-08 1e-08 1e-08 0 1.5
40 1 1e-08 1e-08 1e-08 0 1.33333
42 1 1e-08 1e-08 1e-08 0 1.5
43 1 1e-08 1e-08 1e-08 0 1.5
44 1 1e-08 1e-08 1e-08 0 1.33333
45 1 1e-08 1e-08 1e-08 0 1.5
37 1 1e-08 1e-08 1e-08 0 1.33333
36 1 1e-08 1e-08 1e-08 0 1.5
35 1 1e-08 1e-08 1e-08 0 1.33333
33 1 1e-08 1e-08 1e-08 0 1.5
32 1 1e-08 1e-08 1e-08 0 1.5
31 1 1e-08 1e-08 1e-08 0 1.33333
30 1 1e-08 1e-08 1e-08 0 1.33333
29 1 1e-08 1e-08 1e-08 0 1.33333
28 1 1e-08 1e-08 1e-08 0 1.5
27 1 1e-08 1e-08 1e-08 0 1.5
26 1 1e-08 1e-08 1e-08 0 1.33333
25 1 1e-08 1e-08 1e-08 0 1.5
24 1 1e-08 1e-08 1e-08 0 1.5
23 1 1e-08 1e-08 1e-08 0 1.33333
21 1 1e-08 1e-08 1e-08 0 1.5
20 1 1e-08 1e-08 1e-08 0 1.5
18 1 1e-08 1e-08 1e-08 0 1.5
17 1 1e-08 1e-08 1e-08 0 1.33333
16 1 1e-08 1e-08 1e-08 0 1.5

38 47 0.973023 0.973023 1.19476 1.17406 1.5
1 12 0.136053 0.136053 0.319111 0.307773 0
10 11 0.164685 0.164685 0.299427 0.284456 1.5
34 7 0.328012 0.228295 0.24254 0.207951 1.5
57 1 0.110243 0.110243 0.110243 0 1.5
19 3 0.18316 0.0705045 0.108056 0.0741807 1.5
22 1 0.107868 0.107868 0.107868 0 1.5
14 2 0.0755839 0.0755839 0.0755839 0.0377919 1.5
5 2 0.0522987 0.0522987 0.0522987 0.0261494 2
41 1 0.0224556 0.0224556 0.0224556 0 1.5
28 1 1e-08 1e-08 1e-08 0 1.5
27 1 1e-08 1e-08 1e-08 0 1.5
26 1 1e-08 1e-08 1e-08 0 1.33333
25 1 1e-08 1e-08 1e-08 0 1.5
24 1 1e-08 1e-08 1e-08 0 1.5
23 1 1e-08 1e-08 1e-08 0 1.33333
21 1 1e-08 1e-08 1e-08 0 1.5
20 1 1e-08 1e-08 1e-08 0 1.5
18 1 1e-08 1e-08 1e-08 0 1.5
17 1 1e-08 1e-08 1e-08 0 1.33333
16 1 1e-08 1e-08 1e-08 0 1.5
46 1 1e-08 1e-08 1e-08 0 1.33333
47 1 1e-08 1e-08 1e-08 0 1.5
48 1 1e-08 1e-08 1e-08 0 1.5

38 46 0.620809 0.591441 1.19154 1.17866 1.5
1 13 0.184238 0.184238 0.340132 0.32596 0
10 12 0.164034 0.164034 0.314398 0.300729 1.5
34 8 0.201853 0.140489 0.219812 0.201308 1.5
14 2 0.113376 0.113376 0.113376 0.0566879 1.5
57 1 0.110243 0.110243 0.110243 0 1.5
19 3 0.18316 0.0705045 0.108056 0.0741807 1.5
22 1 0.107979 0.107979 0.107979 0 1.5
5 2 0.0522987 0.0522987 0.0522987 0.0261494 2
41 1 0.0224556 0.0224556 0.0224556 0 1.5
60 1 5e-09 5e-09 1e-08 5e-09 1.5
61 1 1e-08 1e-08 1e-08 0 1.5
62 1 1e-08 1e-08 1e-08 0 1.33333
63 1 5e-09 5e-09 1e-08 5e-09 2
64 1 1e-08 1e-08 1e-08 0 1.5
65 1 1e-08 1e-08 1e-08 0 1.33333
66 1 1e-08 1e-08 1e-08 0 1.33333
67 1 1e-08 1e-08 1e-08 0 1.33333
68 1 1e-08 1e-08 1e-08 0 1.33333
69 1 1e-08 1e-08 1e-08 0 1.5
70 1 5e-09 5e-09 1e-08 5e-09 1.5
71 1 1e-08 1e-08 1e-08 0 1.5

38 60 54.7886 0.755539 2.09599 2.07157 1.5
1 9 0.109328 0.109328 0.327985 0.315837 0
10 7 0.137549 0.137549 0.275099 0.255449 1.5
34 6 0.246009 0.171221 0.240759 0.210196 1.5
14 2 0.113376 0.113376 0.113376 0.0566879 1.5
19 3 0.18316 0.0705045 0.108056 0.0741807 1.5
22 1 0.107868 0.107868 0.107868 0 1.5
57 1 0.0965317 0.0965317 0.0965317 0 1.5
5 1 0.0261494 0.0261494 0.0522987 0.0261494 2
41 1 0.0224556 0.0224556 0.0224556 0 1.5
78 1 1e-08 1e-08 1e-08 0 1.5
79 1 1e-08 1e-08 1e-08 0 1.33333
80 1 1e-08 1e-08 1e-08 0 1.33333
81 1 1e-08 1e-08 1e-08 0 1.5
82 1 1e-08 1e-08 1e-08 0 1.33333
83 1 1e-08 1e-08 1e-08 0 1.5
84 1 5e-09 5e-09 1e-08 5e-09 1.5
85 1 1e-08 1e-08 1e-08 0 1.5
86 1 1e-08 1e-08 1e-08 0 1.33333
87 1 1e-08 1e-08 1e-08 0 1.33333

38 64 43.2732 0.596741 2.55234 2.52468 1.5
1 7 0.158729 0.158729 0.317457 0.294781 0
10 7 0.244532 0.244532 0.314398 0.279465 1.5
34 6 0.328012 0.228295 0.244914 0.204189 1.5
14 2 0.113376 0.113376 0.113376 0.0566879 1.5
19 2 0.122107 0.047003 0.108056 0.0684061 1.5
22 1 0.107868 0.107868 0.107868 0 1.5
57 1 0.0965317 0.0965317 0.0965317 0 1.5
107 1 0.0523224 0.0523224 0.0523224 0 1.33333
5 1 0.0522987 0.0522987 0.0522987 0 2
41 1 0.0224556 0.0224556 0.0224556 0 1.5
97 1 1e-08 1e-08 1e-08 0 2
98 1 3.33333e-09 3.33333e-09 1e-08 6.66667e-09 1.5
99 1 1e-08 1e-08 1e-08 0 1.33333
100 1 1e-08 1e-08 1e-08 0 1.5
101 1 1e-08 1e-08 1e-08 0 1.5
102 1 1e-08 1e-08 1e-08 0 1.5
103 1 1e-08 1e-08 1e-08 0 1.33333
104 1 1e-08 1e-08 1e-08 0 1.5

38 67 44.9585 0.619981 4.00887 3.96074 1.5
111 1 0.340136 0.340136 0.340136 0 1.33333
1 5 0.113378 0.113378 0.340132 0.317457 0
10 5 0.112285 0.112285 0.314398 0.291941 1.5
34 4 0.218674 0.152197 0.244914 0.202838 1.5
22 1 0.188071 0.188071 0.188071 0 1.5
19 2 0.18316 0.0705045 0.126832 0.0693888 1.5
14 1 0.0566879 0.0566879 0.113376 0.0566879 1.5
57 1 0.0990353 0.0990353 0.0990353 0 1.5
107 1 0.0523224 0.0523224 0.0523224 0 1.33333
5 1 0.0522987 0.0522987 0.0522987 0 2
41 1 0.0224556 0.0224556 0.0224556 0 1.5
114 1 0.0027343 0.0027343 0.0027343 0 1.5
123 1 1e-08 1e-08 1e-08 0 1.33333
122 1 1e-08 1e-08 1e-08 0 1.33333
121 1 1e-08 1e-08 1e-08 0 1.33333
120 1 1e-08 1e-08 1e-08 0 1.33333
119 1 1e-08 1e-08 1e-08 0 1.5
118 1 1e-08 1e-08 1e-08 0 1.33333
117 1 1e-08 1e-08 1e-08 0 1.33333
124 1 1e-08 1e-08 1e-08 0 1.33333
116 1 1e-08 1e-08 1e-08 0 1.33333
115 1 1e-08 1e-08 1e-08 0 1.5

38 78 48.3136 0.666248 6.42496 6.35239 1.5
1 3 0.0784921 0.0784921 0.32269 0.296526 0
10 3 0.188639 0.188639 0.314398 0.251519 1.5
111 3 0.0927644 0.0927644 0.309215 0.278293 1.33333
34 3 0.196807 0.136977 0.248238 0.196157 1.5
19 1 0.0915799 0.0915799 0.126832 0.0352523 1.5
14 1 0.113376 0.113376 0.113376 0 1.5
57 1 0.110243 0.110243 0.110243 0 1.5
22 1 0.107979 0.107979 0.107979 0 1.5
107 1 0.0523224 0.0523224 0.0523224 0 1.33333
5 1 0.0522987 0.0522987 0.0522987 0 2
41 1 0.0224556 0.0224556 0.0224556 0 1.5
114 1 0.00136715 0.00136715 0.00136716 5e-09 1.5
129 1 1e-08 1e-08 1e-08 0 1.5
128 1 1e-08 1e-08 1e-08 0 1.33333
127 1 1e-08 1e-08 1e-08 0 1.5

38 83 50.3542 0.728869 9.62991 9.52282 1.5
111 2 0.226757 0.226757 0.340136 0.226757 1.33333
10 2 0.209599 0.209599 0.314398 0.209599 1.5
1 2 0.0680265 0.0680265 0.306119 0.272106 0
34 2 0.218674 0.152197 0.261534 0.169632 1.5
19 1 0.18316 0.18316 0.18316 0 1.5
14 1 0.113376 0.113376 0.113376 0 1.5
57 1 0.110243 0.110243 0.110243 0 1.5
22 1 0.107979 0.107979 0.107979 0 1.5
107 1 0.0523224 0.0523224 0.0523224 0 1.33333
5 1 0.0522987 0.0522987 0.0522987 0 2
41 1 0.0224556 0.0224556 0.0224556 0 1.5
114 1 0.000683576 0.000683576 0.000683583 7.5e-09 1.5
142 1 1e-08 1e-08 1e-08 0 1.33333
141 1 1e-08 1e-08 1e-08 0 1.33333

38 89 52.9072 0.765822 17.6216 17.4313 1.5
1 1 0.170066 0.170066 0.340133 0.170066 0
10 1 0.0785996 0.0785996 0.314398 0.235799 1.5
111 1 0.0485909 0.0485909 0.295708 0.247117 1.33333
34 1 0.164006 0.164006 0.278153 0.114147 1.5
19 1 0.18316 0.18316 0.18316 0 1.5
14 1 0.113376 0.113376 0.113376 0 1.5
22 1 0.107868 0.107868 0.107868 0 1.5
146 1 0.10662 0.10662 0.10662 0 1.33333
57 1 0.0965317 0.0965317 0.0965317 0 1.5
107 1 0.0523224 0.0523224 0.0523224 0 1.33333
5 1 0.0522987 0.0522987 0.0522987 0 2
41 1 0.0224556 0.0224556 0.0224556 0 1.5

38 92 49.6884 0.998705 25.2324 24.9667 1.5
111 1 0.170068 0.170068 0.340136 0.170068 1.33333
1 1 0.170066 0.170066 0.340133 0.170066 0
34 1 0.328012 0.328012 0.328012 0 1.5
10 1 0.157199 0.157199 0.314398 0.157199 1.5
19 1 0.18316 0.18316 0.18316 0 1.5
14 1 0.113376 0.113376 0.113376 0 1.5
22 1 0.107979 0.107979 0.107979 0 1.5
146 1 0.10662 0.10662 0.10662 0 1.33333
57 1 0.0990353 0.0990353 0.0990353 0 1.5

38 95 49.7906 9.52744 40.622 40.2154 1.5
1 1 0.170066 0.170066 0.340133 0.170066 0
34 1 0.328012 0.328012 0.328012 0 1.5
180 1 0.31566 0.31566 0.31566 0 1.33333
10 1 0.314398 0.314398 0.314398 0 1.5
111 1 0.113379 0.113379 0.226757 0.113379 1.33333
19 1 0.18316 0.18316 0.18316 0 1.5

38 97 51.1415 51.1415 66.8986 66.3714 1.5
111 1 0.340136 0.340136 0.340136 0 1.33333
1 1 0.340133 0.340133 0.340133 0 0
34 1 0.328012 0.328012 0.328012 0 1.5
180 1 0.31566 0.31566 0.31566 0 1.33333

38 98 49.0415 49.0415 87.1214 86.621 1.5
111 1 0.340136 0.340136 0.340136 0 1.33333
1 1 0.340133 0.340133 0.340133 0 0
34 1 0.328012 0.328012 0.328012 0 1.5

38 98 47.4336 47.4336 86.7635 86.2795 1.5
111 1 0.340136 0.340136 0.340136 0 1.33333
1 1 0.340133 0.340133 0.340133 0 0
34 1 0.328012 0.328012 0.328012 0 1.5

38 53 27.7779 27.7779 87.5534 87.0293 1.5
239 12 88.5749 0.437996 73.9657 67.8565 1.5
111 1 0.340136 0.340136 0.340136 0 1.33333
1 1 0.340133 0.340133 0.340133 0 0
34 1 0.328012 0.328012 0.328012 0 1.5
252 1 1e-08 1e-08 1e-08 0 1.33333
251 1 1e-08 1e-08 1e-08 0 1.5
250 1 1e-08 1e-08 1e-08 0 1.33333
249 1 5e-09 5e-09 1e-08 5e-09 1.5
248 1 1e-08 1e-08 1e-08 0 1.33333
247 1 1e-08 1e-08 1e-08 0 1.5
246 1 1e-08 1e-08 1e-08 0 1.33333
245 1 1e-08 1e-08 1e-08 0 1.33333
244 1 1e-08 1e-08 1e-08 0 1.33333
243 1 5e-09 5e-09 1e-08 5e-09 1.5
242 1 1e-08 1e-08 1e-08 0 1.33333
241 1 3.33333e-09 3.33333e-09 1e-08 6.66667e-09 1.5
240 1 1e-08 1e-08 1e-08 0 1.33333

38 98 60.7017 60.7017 84.9171 84.2977 1.5
111 1 0.340136 0.340136 0.340136 0 1.33333
1 1 0.340133 0.340133 0.340133 0 0
34 1 0.328012 0.328012 0.328012 0 1.5

38 98 50.4671 50.4671 86.6946 86.1796 1.5
111 1 0.340136 0.340136 0.340136 0 1.33333
1 1 0.340133 0.340133 0.340133 0 0
34 1 0.328012 0.328012 0.328012 0 1.5

286 1 88.5749 88.5749 88.5749 0 1.5
38 49 24.9435 24.9435 87.4324 86.9234 1.5
111 1 0.340136 0.340136 0.340136 0 1.33333
1 1 0.340133 0.340133 0.340133 0 0
34 1 0.328012 0.328012 0.328012 0 1.5
304 1 1e-08 1e-08 1e-08 0 1.5
303 1 1e-08 1e-08 1e-08 0 1.5
302 1 1e-08 1e-08 1e-08 0 1.33333
301 1 1e-08 1e-08 1e-08 0 1.5
300 1 1e-08 1e-08 1e-08 0 1.33333
299 1 5e-09 5e-09 1e-08 5e-09 1.5
298 1 1e-08 1e-08 1e-08 0 1.33333
297 1 5e-09 5e-09 1e-08 5e-09 1.5
296 1 1e-08 1e-08 1e-08 0 1.33333
295 1 1e-08 1e-08 1e-08 0 1.33333
294 1 1e-08 1e-08 1e-08 0 1.5
293 1 1e-08 1e-08 1e-08 0 1.33333
292 1 1e-08 1e-08 1e-08 0 1.33333
291 1 1e-08 1e-08 1e-08 0 1.33333
290 1 5e-09 5e-09 1e-08 5e-09 1.5
289 1 1e-08 1e-08 1e-08 0 1.5
288 1 5e-09 5e-09 1e-08 5e-09 1.5
287 1 5e-09 5e-09 1e-08 5e-09 1.33333

38 1 88.5749 88.5749 88.5749 0 1.5
286 48 34.2871 34.2871 84.4121 83.6978 1.5
111 1 0.340136 0.340136 0.340136 0 1.33333
1 1 0.340133 0.340133 0.340133 0 0
34 1 0.328012 0.328012 0.328012 0 1.5
290 1 0.00687404 0.00687404 0.00687404 5e-09 1.5
291 1 0.000869137 0.000869137 0.000869142 5e-09 1.33333
314 1 1e-08 1e-08 1e-08 0 1.33333
313 1 1e-08 1e-08 1e-08 0 1.33333
312 1 1e-08 1e-08 1e-08 0 1.33333
311 1 1e-08 1e-08 1e-08 0 1.33333
310 1 1e-08 1e-08 1e-08 0 1.33333
309 1 1e-08 1e-08 1e-08 0 1.33333
308 1 1e-08 1e-08 1e-08 0 1.33333
307 1 1e-08 1e-08 1e-08 0 1.33333
306 1 1e-08 1e-08 1e-08 0 1.33333
305 1 3.33333e-09 3.33333e-09 1e-08 6.66667e-09 1.5
287 1 1e-08 1e-08 1e-08 0 1.33333
288 1 3.33333e-09 3.33333e-09 1e-08 6.66667e-09 1.5
315 1 1e-08 1e-08 1e-08 0 1.33333
289 1 2e-09 2e-09 1e-08 8e-09 1.5
292 1 1e-08 1e-08 1e-08 0 1.33333
293 1 1e-08 1e-08 1e-08 0 1.33333
294 1 5e-09 5e-09 1e-08 5e-09 1.5
295 1 1e-08 1e-08 1e-08 0 1.33333
296 1 1e-08 1e-08 1e-08 0 1.33333
297 1 1e-08 1e-08 1e-08 0 1.5
298 1 1e-08 1e-08 1e-08 0 1.33333
299 1 5e-09 5e-09 1e-08 5e-09 1.5
300 1 1e-08 1e-08 1e-08 0 1.33333
301 1 1e-08 1e-08 1e-08 0 1.5
302 1 1e-08 1e-08 1e-08 0 1.33333
303 1 3.33333e-09 3.33333e-09 1e-08 6.66667e-09 1.5
304 1 1e-08 1e-08 1e-08 0 1.5

286 40 88.5749 88.5749 88.5749 86.3605 1.5
38 47 47.8508 47.8508 82.6524 81.6343 1.5
111 1 0.340136 0.340136 0.340136 0 1.33333
1 1 0.340133 0.340133 0.340133 0 0
34 1 0.328012 0.328012 0.328012 0 1.5
328 1 0.0293214 0.0293214 0.0293214 0 1.33333
290 1 0.0137481 0.0137481 0.0137481 0 1.5
291 1 0.00173827 0.00173827 0.00173827 0 1.33333
298 1 1e-08 1e-08 1e-08 0 1.33333
299 1 3.33333e-09 3.33333e-09 1e-08 6.66667e-09 1.5
300 1 1e-08 1e-08 1e-08 0 1.33333
301 1 1e-08 1e-08 1e-08 0 1.5
302 1 1e-08 1e-08 1e-08 0 1.33333
303 1 1e-08 1e-08 1e-08 0 1.5
304 1 1e-08 1e-08 1e-08 0 1.5
316 1 1e-08 1e-08 1e-08 0 1.5

38 49 76.1433 76.1433 88.5749 87.021 1.5
286 48 39.3666 39.3666 86.1595 85.3394 1.5
337 1 1.50922 1.50922 1.50922 0 1.5
111 1 0.340136 0.340136 0.340136 0 1.33333
1 1 0.340133 0.340133 0.340133 0 0
34 1 0.328012 0.328012 0.328012 0 1.5

286 49 86.8034 86.8034 88.5749 86.8034 1.5
38 48 36.0305 36.0305 87.0981 86.3475 1.5
337 1 1.50922 1.50922 1.50922 0 1.5
111 1 0.340136 0.340136 0.340136 0 1.33333
1 1 0.340133 0.340133 0.340133 0 0
34 1 0.328012 0.328012 0.328012 0 1.5

38 50 72.6024 72.6024 87.2799 85.8278 1.5
286 48 37.9607 37.9607 85.465 84.6742 1.5
337 1 0.754611 0.754611 0.754611 5e-09 1.5
111 1 0.340136 0.340136 0.340136 0 1.33333
1 1 0.340133 0.340133 0.340133 0 0

286 50 69.1991 69.1991 88.5749 87.1909 1.5
38 49 40.1868 40.1868 86.9349 86.1148 1.5
337 1 0.754611 0.754611 0.754611 5e-09 1.5
111 1 0.340136 0.340136 0.340136 0 1.33333

38 49 77.503 77.503 88.5749 86.9932 1.5
286 49 35.5752 35.5752 87.1316 86.4056 1.5
337 1 0.754611 0.754611 0.784859 0.0302481 1.5
111 1 0.340136 0.340136 0.340136 0 1.33333
414 1 0.340127 0.340127 0.340127 0 1.33333

286 49 67.8152 67.8152 88.5749 87.1909 1.5
38 49 37.4153 37.4153 87.8269 87.0633 1.5
337 1 0.754611 0.754611 0.754611 5e-09 1.5
111 1 0.340136 0.340136 0.340136 0 1.33333
414 1 0.340127 0.340127 0.340127 0 1.33333

38 50 73.8124 73.8124 88.5749 87.0987 1.5
286 48 36.6517 36.6517 85.566 84.8024 1.5
337 1 1.50922 1.50922 1.50922 0 1.5
434 1 0.70472 0.70472 0.70472 0 1.5
111 1 0.340136 0.340136 0.340136 0 1.33333

451 6 88.5749 88.5749 88.5749 73.8124 1.5
286 33 45.6714 45.6714 87.1909 85.807 1.5
38 32 29.525 29.525 85.0538 84.1312 1.5
337 1 1.50922 1.50922 1.50922 0 1.5
434 1 0.70472 0.70472 0.70472 0 1.5
111 1 0.340136 0.340136 0.340136 0 1.33333
457 1 0.0146617 0.0146617 0.0146617 5e-09 1.33333
466 1 1e-08 1e-08 1e-08 0 1.33333
467 1 1e-08 1e-08 1e-08 0 1.33333
468 1 1e-08 1e-08 1e-08 0 1.33333
469 1 1e-08 1e-08 1e-08 0 1.33333
470 1 1e-08 1e-08 1e-08 0 1.5
471 1 1e-08 1e-08 1e-08 0 1.33333
472 1 1e-08 1e-08 1e-08 0 1.33333
473 1 1e-08 1e-08 1e-08 0 1.33333
474 1 1e-08 1e-08 1e-08 0 1.33333
475 1 1e-08 1e-08 1e-08 0 1.33333
476 1 1e-08 1e-08 1e-08 0 1.33333
477 1 1e-08 1e-08 1e-08 0 1.33333
465 1 1e-08 1e-08 1e-08 0 1.33333
464 1 1e-08 1e-08 1e-08 0 1.33333
463 1 1e-08 1e-08 1e-08 0 1.5
462 1 5e-09 5e-09 1e-08 5e-09 1.5
461 1 5e-09 5e-09 1e-08 5e-09 1.5
460 1 5e-09 5e-09 1e-08 5e-09 1.33333
459 1 1e-08 1e-08 1e-08 0 1.5
458 1 1e-08 1e-08 1e-08 0 1.33333
456 1 1e-08 1e-08 1e-08 0 1.5
455 1 5e-09 5e-09 1e-08 5e-09 1.5
454 1 1e-08 1e-08 1e-08 0 1.5
453 1 5e-09 5e-09 1e-08 5e-09 1.5
452 1 1e-08 1e-08 1e-08 0 1.33333

38 4 88.5749 88.5749 88.5749 66.4312 1.5
486 2 88.5749 88.5749 88.5749 44.2875 1.5
451 24 30.3685 30.3685 87.3194 86.054 1.5
286 24 30.3685 30.3685 87.3121 86.0468 1.5
337 1 0.754611 0.754611 1.17207 0.417461 1.5
462 1 1.04403 1.04403 1.04403 7.5e-09 1.5
434 1 0.70472 0.70472 0.70472 0 1.5
111 1 0.340136 0.340136 0.340136 0 1.33333
482 1 0.0604029 0.0604029 0.0604029 5e-09 1.5
457 1 0.0293233 0.0293233 0.0293233 0 1.33333
458 1 1e-08 1e-08 1e-08 0 1.33333
456 1 3.33333e-09 3.33333e-09 1e-08 6.66667e-09 1.5
455 1 1e-08 1e-08 1e-08 0 1.5
454 1 3.33333e-09 3.33333e-09 1e-08 6.66667e-09 1.5
453 1 1e-08 1e-08 1e-08 0 1.5
452 1 1e-08 1e-08 1e-08 0 1.33333
478 1 1e-08 1e-08 1e-08 0 1.33333
479 1 5e-09 5e-09 1e-08 5e-09 1.33333
480 1 1e-08 1e-08 1e-08 0 1.33333
481 1 1e-08 1e-08 1e-08 0 1.33333
483 1 1e-08 1e-08 1e-08 0 1.33333
484 1 1e-08 1e-08 1e-08 0 1.33333
485 1 1e-08 1e-08 1e-08 0 1.5
487 1 1e-08 1e-08 1e-08 0 1.5
488 1 1e-08 1e-08 1e-08 0 1.33333
489 1 5e-09 5e-09 1e-08 5e-09 1.33333
466 1 1e-08 1e-08 1e-08 0 1.33333
467 1 1e-08 1e-08 1e-08 0 1.33333
468 1 1e-08 1e-08 1e-08 0 1.33333
469 1 1e-08 1e-08 1e-08 0 1.33333
470 1 1e-08 1e-08 1e-08 0 1.5
471 1 1e-08 1e-08 1e-08 0 1.33333
472 1 5e-09 5e-09 1e-08 5e-09 1.33333
473 1 1e-08 1e-08 1e-08 0 1.33333
474 1 1e-08 1e-08 1e-08 0 1.33333
475 1 1e-08 1e-08 1e-08 0 1.33333
476 1 1e-08 1e-08 1e-08 0 1.33333
477 1 1e-08 1e-08 1e-08 0 1.33333
465 1 1e-08 1e-08 1e-08 0 1.33333
464 1 1e-08 1e-08 1e-08 0 1.33333
463 1 5e-09 5e-09 1e-08 5e-09 1.5
461 1 5e-09 5e-09 1e-08 5e-09 1.5
460 1 1e-08 1e-08 1e-08 0 1.33333
459 1 1e-08 1e-08 1e-08 0 1.5

286 2 88.5749 88.5749 88.5749 44.2875 1.5
451 25 46.1328 46.1328 86.7402 84.8949 1.5
486 24 40.1094 40.1094 83.6621 81.9909 1.5
38 23 72.758 72.758 79.1931 76.0297 1.5
462 1 2.08805 2.08805 2.08805 5e-09 1.5
337 1 1.50922 1.50922 1.50922 0 1.5
111 1 0.340136 0.340136 0.340136 0 1.33333
434 1 0.234907 0.234907 0.239956 0.00504981 1.5
482 1 0.0604029 0.0604029 0.0604029 5e-09 1.5
475 1 0.0558394 0.0558394 0.0558394 5e-09 1.33333
457 1 0.0293233 0.0293233 0.0293233 0 1.33333
493 1 0.00757161 0.00757161 0.00757161 7.5e-09 1.5
496 1 0.00119059 0.00119059 0.00119059 0 1.5
472 1 1e-08 1e-08 1e-08 0 1.33333
473 1 1e-08 1e-08 1e-08 0 1.33333
474 1 1e-08 1e-08 1e-08 0 1.33333
498 1 1e-08 1e-08 1e-08 0 1.33333
476 1 1e-08 1e-08 1e-08 0 1.33333
477 1 1e-08 1e-08 1e-08 0 1.33333
465 1 1e-08 1e-08 1e-08 0 1.33333
464 1 1e-08 1e-08 1e-08 0 1.33333
463 1 1e-08 1e-08 1e-08 0 1.5
461 1 3.33333e-09 3.33333e-09 1e-08 6.66667e-09 1.5
460 1 1e-08 1e-08 1e-08 0 1.33333
459 1 5e-09 5e-09 1e-08 5e-09 1.5
490 1 1e-08 1e-08 1e-08 0 1.5
491 1 1e-08 1e-08 1e-08 0 1.33333
492 1 1e-08 1e-08 1e-08 0 1.33333
497 1 1e-08 1e-08 1e-08 0 1.33333
494 1 1e-08 1e-08 1e-08 0 1.33333
495 1 1e-08 1e-08 1e-08 0 1.33333

38 20 88.5749 88.5749 88.5749 84.1462 1.5
451 24 41.6823 41.6823 85.1516 83.4148 1.5
486 21 88.5749 1.22723 84.4155 80.4006 1.5
286 23 37.0404 37.0404 82.5761 80.9656 1.5
462 1 2.08805 2.08805 2.08805 5e-09 1.5
337 1 0.503074 0.503074 0.537651 0.0345771 1.5
434 1 0.35236 0.35236 0.35236 5e-09 1.5
111 1 0.340136 0.340136 0.340136 0 1.33333
475 1 0.111679 0.111679 0.111679 0 1.33333
482 1 0.0604029 0.0604029 0.0604029 5e-09 1.5
508 1 0.052324 0.052324 0.052324 0 1.33333
507 1 0.0301614 0.0301614 0.0301614 0 1.5
457 1 0.0293233 0.0293233 0.0293233 0 1.33333
511 1 0.0293214 0.0293214 0.0293214 0 1.33333
496 1 0.00523406 0.00523406 0.00582936 0.000595295 1.5
499 1 0.0037858 0.0037858 0.00378581 8.75e-09 1.5
494 1 1e-08 1e-08 1e-08 0 1.33333

451 25 45.1913 45.1913 88.5749 86.7673 1.5
286 15 88.5749 88.5749 88.5749 82.6699 1.5
38 24 35.43 35.43 87.0989 85.6227 1.5
486 22 41.4606 41.4606 77.4013 75.5168 1.5
462 1 4.1761 4.1761 4.1761 0 1.5
337 1 1.50922 1.50922 1.50922 0 1.5
434 1 0.35236 0.35236 0.354431 0.00207109 1.5
111 1 0.340136 0.340136 0.340136 0 1.33333
524 1 0.318448 0.318448 0.318448 0 1.33333
482 1 0.120806 0.120806 0.120806 0 1.5
475 1 0.0818234 0.0818234 0.0818234 0 1.33333
508 1 0.052324 0.052324 0.052324 0 1.33333
507 1 0.0301614 0.0301614 0.0301614 0 1.5
457 1 0.0293233 0.0293233 0.0293233 0 1.33333
511 1 0.0293214 0.0293214 0.0293214 0 1.33333
517 1 0.0293214 0.0293214 0.0293214 0 1.33333
496 1 0.0104681 0.0104681 0.0104681 0 1.5
527 1 1e-08 1e-08 1e-08 0 1.5
526 1 3.33333e-09 3.33333e-09 1e-08 6.66667e-09 1.5

486 22 88.5749 88.5749 88.5749 84.5488 1.5
38 25 59.8479 59.8479 88.5749 86.181 1.5
286 24 38.6509 38.6509 86.9646 85.3542 1.5
451 23 35.7408 35.7408 82.8799 81.326 1.5
462 1 4.1761 4.1761 4.1761 0 1.5
337 1 1.50922 1.50922 1.50922 0 1.5
434 1 0.35236 0.35236 0.35236 5e-09 1.5
111 1 0.340136 0.340136 0.340136 0 1.33333
524 1 0.310251 0.310251 0.310251 0 1.33333
475 1 0.111679 0.111679 0.111679 0 1.33333
482 1 0.0604029 0.0604029 0.0604029 5e-09 1.5

451 22 88.5749 88.5749 88.5749 84.5488 1.5
286 12 88.5749 88.5749 88.5749 81.1937 1.5
38 24 25.0065 23.3604 86.0052 85.029 1.5
486 23 40.7445 40.7445 81.7478 79.9763 1.5
462 1 4.1761 4.1761 4.1761 0 1.5
337 1 0.754611 0.754611 0.756351 0.00173929 1.5
111 1 0.340136 0.340136 0.340136 0 1.33333
545 1 0.332155 0.332155 0.332155 0 1.33333
524 1 0.310251 0.310251 0.310251 0 1.33333
434 1 0.234907 0.234907 0.23582 0.000913532 1.5
482 1 0.120806 0.120806 0.120806 0 1.5
475 1 0.0818234 0.0818234 0.0818234 0 1.33333
552 1 0.052321 0.052321 0.052321 0 1.33333
551 1 0.0519008 0.0519008 0.0519008 0 1.5
553 1 1e-08 1e-08 1e-08 0 1.33333
550 1 1e-08 1e-08 1e-08 0 1.33333
549 1 1e-08 1e-08 1e-08 0 1.33333
548 1 1e-08 1e-08 1e-08 0 1.5
547 1 1e-08 1e-08 1e-08 0 1.33333
546 1 1e-08 1e-08 1e-08 0 1.33333
544 1 3.33333e-09 3.33333e-09 1e-08 6.66667e-09 1.5
543 1 1e-08 1e-08 1e-08 0 1.33333
542 1 1e-08 1e-08 1e-08 0 1.33333
541 1 5e-09 5e-09 1e-08 5e-09 1.5

286 20 29.041 29.041 88.5749 87.1229 1.5
486 20 88.5749 88.5749 88.5749 84.1462 1.5
38 3 88.5749 88.5749 88.5749 59.0499 1.5
451 19 38.2483 38.2483 86.6032 84.5902 1.5
554 18 47.4081 44.2875 81.6084 79.1287 1.5
462 1 4.1761 4.1761 4.1761 0 1.5
337 1 1.50922 1.50922 1.50922 0 1.5
434 1 0.70472 0.70472 0.70472 0 1.5
111 1 0.340136 0.340136 0.340136 0 1.33333
545 1 0.332155 0.332155 0.332155 0 1.33333
524 1 0.310251 0.310251 0.310251 0 1.33333
475 1 0.111679 0.111679 0.111679 0 1.33333
482 1 0.0604029 0.0604029 0.0604029 5e-09 1.5
552 1 0.052321 0.052321 0.052321 0 1.33333
551 1 0.0519008 0.0519008 0.0519008 0 1.5
560 1 0.0056627 0.0056627 0.00891627 0.00325357 1.5
568 1 1e-08 1e-08 1e-08 0 1.5
567 1 1e-08 1e-08 1e-08 0 1.5
566 1 1e-08 1e-08 1e-08 0 1.33333
565 1 1e-08 1e-08 1e-08 0 1.33333
564 1 1e-08 1e-08 1e-08 0 1.33333
563 1 1e-08 1e-08 1e-08 0 1.33333
562 1 1e-08 1e-08 1e-08 0 1.33333
561 1 1e-08 1e-08 1e-08 0 1.33333
559 1 1e-08 1e-08 1e-08 0 1.5
558 1 1e-08 1e-08 1e-08 0 1.5

486 25 52.7232 52.7232 88.5749 86.466 1.5
286 24 31.6054 29.525 85.0729 83.8354 1.5
451 23 88.5749 1.82062 84.803 81.1195 1.5
38 19 88.5749 9.70421 84.4238 79.9858 1.5
462 1 4.1761 4.1761 4.1761 0 1.5
434 1 0.35236 0.35236 0.37831 0.0259504 1.5
111 1 0.340136 0.340136 0.340136 0 1.33333
545 1 0.332155 0.332155 0.332155 0 1.33333
337 1 0.301845 0.301845 0.307074 0.00522985 1.5
581 1 0.228434 0.228434 0.228434 0 1.5
579 1 0.201395 0.201395 0.201395 0 1.5
524 1 0.155125 0.155125 0.155125 5e-09 1.33333
482 1 0.120806 0.120806 0.120806 0 1.5
475 1 0.111679 0.111679 0.111679 0 1.33333

601 1 88.5749 88.5749 88.5749 0 1.5
286 19 35.8069 35.8069 86.6918 84.8072 1.5
38 19 60.0502 56.0974 86.57 83.5847 1.5
486 19 33.6585 33.6585 85.0488 83.2773 1.5
451 18 59.7766 37.0779 81.7709 79.6415 1.5
462 1 4.1761 4.1761 4.1761 0 1.5
337 1 1.50922 1.50922 1.50922 0 1.5
434 1 0.70472 0.70472 0.70472 0 1.5
111 1 0.340136 0.340136 0.340136 0 1.33333
545 1 0.332155 0.332155 0.332155 0 1.33333
524 1 0.310251 0.310251 0.310251 0 1.33333
581 1 0.228434 0.228434 0.228434 0 1.5
579 1 0.0671316 0.0671316 0.134263 0.0671316 1.5
475 1 0.0818234 0.0818234 0.0818234 0 1.33333
482 1 0.0604029 0.0604029 0.0604029 5e-09 1.5
598 1 0.0198031 0.0198031 0.0198031 0 1.5
592 1 0.00173929 0.00173929 0.00347857 0.00173929 1.5
599 1 1.12059e-05 1.12059e-05 1.12059e-05 0 1.5
603 1 1e-08 1e-08 1e-08 0 1.33333
602 1 1e-08 1e-08 1e-08 0 1.33333
600 1 1e-08 1e-08 1e-08 0 1.33333
597 1 1e-08 1e-08 1e-08 0 1.5
596 1 1e-08 1e-08 1e-08 0 1.5
595 1 1e-08 1e-08 1e-08 0 1.33333
594 1 1e-08 1e-08 1e-08 0 1.5
593 1 1e-08 1e-08 1e-08 0 1.5
591 1 1e-08 1e-08 1e-08 0 1.5
590 1 1e-08 1e-08 1e-08 0 1.5
589 1 1e-08 1e-08 1e-08 0 1.33333
588 1 1e-08 1e-08 1e-08 0 1.5

451 18 142.8 88.5749 91.5874 86.502 1.5
486 18 88.5749 88.5749 88.5749 83.6541 1.5
38 20 36.4678 34.0673 87.6264 85.887 1.5
601 18 31.2617 31.2617 81.8462 80.1094 1.5
286 18 72.4704 72.4704 81.5524 77.5262 1.5
462 1 4.1761 4.1761 4.1761 0 1.5
337 1 0.754611 0.754611 0.756351 0.00173929 1.5
434 1 0.35236 0.35236 0.35236 5e-09 1.5
111 1 0.340136 0.340136 0.340136 0 1.33333
524 1 0.310251 0.310251 0.310251 0 1.33333
545 1 0.166078 0.166078 0.248527 0.0824492 1.33333
581 1 0.114217 0.114217 0.228434 0.114217 1.5
579 1 0.201395 0.201395 0.201395 0 1.5
482 1 0.120806 0.120806 0.120806 0 1.5

451 25 91.5383 56.7788 87.6951 85.3688 1.5
601 25 55.3593 55.3593 87.4086 85.1942 1.5
38 24 42.9356 40.1094 86.5316 84.8064 1.5
486 23 50.9306 50.9306 82.0367 79.8223 1.5
462 1 2.08805 2.08805 2.08805 5e-09 1.5
337 1 0.754611 0.754611 0.756351 0.00173929 1.5
434 1 0.35236 0.35236 0.354431 0.00207109 1.5
111 1 0.340136 0.340136 0.340136 0 1.33333

38 20 57.4643 53.6818 88.9592 86.1238 1.5
486 20 77.0217 77.0217 88.5749 84.7238 1.5
629 16 88.5749 88.5749 88.5749 83.039 1.5
451 20 46.8196 29.041 88.0122 86.5159 1.5
601 18 36.2352 36.2352 80.6843 78.6712 1.5
462 1 2.08805 2.08805 2.08805 5e-09 1.5
337 1 0.754611 0.754611 0.769146 0.0145346 1.5
434 1 0.70472 0.70472 0.70472 0 1.5
111 1 0.340136 0.340136 0.340136 0 1.33333
639 1 0.0121697 0.0121697 0.0121697 5e-09 1.5
645 1 1e-08 1e-08 1e-08 0 1.5
644 1 1e-08 1e-08 1e-08 0 1.33333

646 16 78.7861 48.8689 90.4447 87.2747 1.5
38 16 28.6237 28.6237 89.911 88.1221 1.5
601 1 88.5749 88.5749 88.5749 0 1.5
647 2 88.5749 88.5749 88.5749 44.2875 1.5
629 16 28.344 28.344 88.5749 86.8034 1.5
486 16 35.43 35.43 88.5749 86.3605 1.5
462 1 2.08805 2.08805 2.08805 5e-09 1.5
337 1 1.50922 1.50922 1.50922 0 1.5
659 1 0.936794 0.936794 0.936794 0 1.5
434 1 0.70472 0.70472 0.70472 0 1.5
111 1 0.340136 0.340136 0.340136 0 1.33333
650 1 0.0267905 0.0267905 0.0267905 5e-09 1.5
639 1 0.0243395 0.0243395 0.0243395 0 1.5
648 1 1.12059e-05 1.12059e-05 1.12059e-05 0 1.5
664 1 1e-08 1e-08 1e-08 0 1.33333
663 1 1e-08 1e-08 1e-08 0 1.33333
662 1 1e-08 1e-08 1e-08 0 1.33333
661 1 1e-08 1e-08 1e-08 0 1.33333
660 1 1e-08 1e-08 1e-08 0 1.33333
658 1 1e-08 1e-08 1e-08 0 1.33333
657 1 1e-08 1e-08 1e-08 0 1.5
656 1 1e-08 1e-08 1e-08 0 1.5
655 1 1e-08 1e-08 1e-08 0 1.33333
654 1 1e-08 1e-08 1e-08 0 1.5
653 1 1e-08 1e-08 1e-08 0 1.5
652 1 1e-08 1e-08 1e-08 0 1.33333
651 1 1e-08 1e-08 1e-08 0 1.5
645 1 1e-08 1e-08 1e-08 0 1.5
649 1 1e-08 1e-08 1e-08 0 1.33333
644 1 1e-08 1e-08 1e-08 0 1.33333

38 20 41.2244 41.2244 92.4844 90.4232 1.5
646 20 86.5453 53.6818 90.2181 87.4526 1.5
629 10 88.5749 88.5749 88.5749 79.7174 1.5
486 15 88.5749 88.5749 88.5749 82.6699 1.5
601 18 37.9607 37.9607 83.5762 81.4673 1.5
462 1 4.1761 4.1761 4.1761 0 1.5
659 1 0.312265 0.312265 0.624529 0.312265 1.5
337 1 0.503074 0.503074 0.53334 0.0302657 1.5
434 1 0.35236 0.35236 0.35236 5e-09 1.5
111 1 0.340136 0.340136 0.340136 0 1.33333
673 1 0.290462 0.290462 0.290462 0 1.33333
639 1 0.0121697 0.0121697 0.0243395 0.0121697 1.5
667 1 0.00115193 0.00115193 0.00115193 0 1.5
650 1 1.12059e-05 1.12059e-05 1.12059e-05 0 1.5
644 1 1e-08 1e-08 1e-08 0 1.33333
665 1 1e-08 1e-08 1e-08 0 1.5
666 1 5e-09 5e-09 1e-08 5e-09 1.5
668 1 1e-08 1e-08 1e-08 0 1.33333
669 1 1e-08 1e-08 1e-08 0 1.33333
670 1 1e-08 1e-08 1e-08 0 1.5
671 1 1e-08 1e-08 1e-08 0 1.33333
672 1 1e-08 1e-08 1e-08 0 1.5
674 1 1e-08 1e-08 1e-08 0 1.33333

38 17 39.6866 33.5807 94.6552 92.6588 1.5
646 16 54.3999 33.7428 89.866 87.6769 1.5
681 1 88.5749 88.5749 88.5749 0 1.5
601 16 83.3646 83.3646 88.5749 83.3646 1.5
629 16 48.8689 48.8689 85.6476 82.5933 1.5
486 15 57.7662 57.7662 80.9873 77.1362 1.5
462 1 2.08805 2.08805 4.1761 2.08805 1.5
337 1 0.377306 0.377306 0.553495 0.17619 1.5
111 1 0.340136 0.340136 0.340136 0 1.33333
659 1 0.312265 0.312265 0.312265 6.66667e-09 1.5
673 1 0.290462 0.290462 0.290462 0 1.33333
434 1 0.0121697 0.0121697 0.0121697 5e-09 1.5
667 1 0.00115193 0.00115193 0.00115193 0 1.5
691 1 1e-08 1e-08 1e-08 0 1.5
690 1 1e-08 1e-08 1e-08 0 1.33333
689 1 1e-08 1e-08 1e-08 0 1.5
688 1 1e-08 1e-08 1e-08 0 1.5
687 1 1e-08 1e-08 1e-08 0 1.33333
686 1 3.33333e-09 3.33333e-09 1e-08 6.66667e-09 1.5
685 1 1e-08 1e-08 1e-08 0 1.5
684 1 1e-08 1e-08 1e-08 0 1.33333
683 1 1e-08 1e-08 1e-08 0 1.33333
682 1 1e-08 1e-08 1e-08 0 1.33333
680 1 5e-09 5e-09 1e-08 5e-09 1.5
679 1 1e-08 1e-08 1e-08 0 1.33333
678 1 1e-08 1e-08 1e-08 0 1.33333

692 9 94.8162 94.8162 94.8162 84.281 1.5
38 17 29.6048 19.657 90.4887 89.2141 1.5
601 17 45.6295 45.6295 88.5749 85.8908 1.5
629 14 88.5749 88.5749 88.5749 82.2481 1.5
486 15 88.5749 88.5749 88.5749 82.6699 1.5
691 9 94.8162 1e-08 52.6793 47.1177 1.5
462 1 4.1761 4.1761 4.1761 0 1.5
693 1 1.50922 1.50922 1.50922 0 1.5
659 1 0.936794 0.936794 0.936794 0 1.5
111 1 0.340136 0.340136 0.340136 0 1.33333
673 1 0.290462 0.290462 0.290462 0 1.33333
434 1 0.0243395 0.0243395 0.0243395 0 1.5
700 1 0.0243395 0.0243395 0.0243395 0 1.5
667 1 0.00115193 0.00115193 0.00115193 0 1.5
698 1 1e-08 1e-08 1e-08 0 1.5
697 1 1e-08 1e-08 1e-08 0 1.5
699 1 1e-08 1e-08 1e-08 0 1.5
701 1 1e-08 1e-08 1e-08 0 1.33333
702 1 1e-08 1e-08 1e-08 0 1.5
703 1 1e-08 1e-08 1e-08 0 1.33333
704 1 1e-08 1e-08 1e-08 0 1.33333
705 1 1e-08 1e-08 1e-08 0 1.33333
706 1 1e-08 1e-08 1e-08 0 1.33333
707 1 1e-08 1e-08 1e-08 0 1.33333
708 1 1e-08 1e-08 1e-08 0 1.5
709 1 1e-08 1e-08 1e-08 0 1.33333

38 2 142.8 124.186 133.493 66.9084 1.5
692 18 43.566 28.927 93.7699 92.0426 1.5
486 17 62.7406 62.7406 88.5749 84.8843 1.5
629 17 51.9232 51.9232 88.5749 85.5206 1.5
601 17 44.2875 44.2875 86.0139 83.4088 1.5
462 1 4.1761 4.1761 4.1761 0 1.5
693 1 0.503074 0.503074 0.513923 0.0108493 1.5
659 1 0.468397 0.468397 0.468397 5e-09 1.5
111 1 0.340136 0.340136 0.340136 0 1.33333
673 1 0.290462 0.290462 0.290462 0 1.33333
434 1 0.00405658 0.00405658 0.0121697 0.00811316 1.5
691 1 0.0110194 0.0110194 0.0110194 6.66667e-09 1.5
667 1 0.00115193 0.00115193 0.00115193 0 1.5
715 1 1e-08 1e-08 1e-08 0 1.33333
716 1 1e-08 1e-08 1e-08 0 1.33333
717 1 1e-08 1e-08 1e-08 0 1.33333
718 1 1e-08 1e-08 1e-08 0 1.33333
719 1 1e-08 1e-08 1e-08 0 1.5
720 1 1e-08 1e-08 1e-08 0 1.33333
721 1 1e-08 1e-08 1e-08 0 1.5
722 1 1e-08 1e-08 1e-08 0 1.33333
723 1 1e-08 1e-08 1e-08 0 1.33333
724 1 1e-08 1e-08 1e-08 0 1.33333
725 1 1e-08 1e-08 1e-08 0 1.5
726 1 1e-08 1e-08 1e-08 0 1.33333
727 1 5e-09 5e-09 1e-08 5e-09 1.5
728 1 1e-08 1e-08 1e-08 0 1.33333
729 1 1e-08 1e-08 1e-08 0 1.33333
730 1 1e-08 1e-08 1e-08 0 1.33333
714 1 1e-08 1e-08 1e-08 0 1.33333
713 1 5e-09 5e-09 1e-08 5e-09 1.33333
712 1 1e-08 1e-08 1e-08 0 1.5
711 1 5e-09 5e-09 1e-08 5e-09 1.5
709 1 1e-08 1e-08 1e-08 0 1.33333
708 1 1e-08 1e-08 1e-08 0 1.5

38 25 81.1362 81.1362 124.445 121.2 1.5
692 19 57.5425 48.6894 98.0288 95.2559 1.5
601 10 88.5749 88.5749 88.5749 79.7174 1.5
629 17 60.2309 60.2309 88.5749 85.0319 1.5
486 17 44.2875 44.2875 85.9708 83.3656 1.5
462 1 4.1761 4.1761 4.1761 0 1.5
693 1 1.50922 1.50922 1.50922 0 1.5
659 1 0.936794 0.936794 0.936794 0 1.5
111 1 0.340136 0.340136 0.340136 0 1.33333
673 1 0.290462 0.290462 0.290462 0 1.33333
737 1 0.052472 0.052472 0.052472 0 1.33333
732 1 0.0523943 0.0523943 0.0523943 0 1.33333
434 1 0.0243395 0.0243395 0.0243395 0 1.5
691 1 0.016529 0.016529 0.016529 5e-09 1.5
735 1 0.00414218 0.00414218 0.00414218 0 1.5
667 1 0.00115193 0.00115193 0.00115193 0 1.5
711 1 5e-09 5e-09 1e-08 5e-09 1.5
709 1 1e-08 1e-08 1e-08 0 1.33333

38 27 68.8499 68.8499 142.8 140.25 1.5
692 20 48.7202 43.5983 102.472 100.062 1.5
629 15 88.5749 88.5749 88.5749 82.6699 1.5
486 15 88.5749 88.5749 88.5749 82.6699 1.5
601 15 35.9087 35.9087 81.7368 79.3429 1.5
462 1 4.1761 4.1761 4.1761 0 1.5
693 1 1.50922 1.50922 1.50922 0 1.5
659 1 0.468397 0.468397 0.474594 0.00619704 1.5
111 1 0.340136 0.340136 0.340136 0 1.33333
673 1 0.290462 0.290462 0.290462 0 1.33333
737 1 0.052472 0.052472 0.052472 0 1.33333
732 1 0.0523943 0.0523943 0.0523943 0 1.33333
691 1 0.0330581 0.0330581 0.0330581 0 1.5
434 1 0.0170004 0.0170004 0.0291701 0.0121697 1.5

38 27 70.1017 70.1017 142.8 140.203 1.5
692 21 48.0242 48.0242 111.095 108.808 1.5
486 17 83.6541 83.6541 88.5749 83.6541 1.5
601 14 88.5749 88.5749 88.5749 82.2481 1.5
629 16 45.7161 45.7161 83.0452 80.1879 1.5
693 1 1.50922 1.50922 1.50922 0 1.5
462 1 1.39203 1.39203 1.39203 6.66667e-09 1.5
659 1 0.468397 0.468397 0.468397 5e-09 1.5
111 1 0.340136 0.340136 0.340136 0 1.33333
673 1 0.290462 0.290462 0.290462 0 1.33333
737 1 0.052472 0.052472 0.052472 0 1.33333

38 27 62.187 62.187 140.499 138.195 1.5
692 21 63.5996 63.5996 112.056 109.028 1.5
601 14 88.5749 88.5749 88.5749 82.2481 1.5
629 16 88.5749 88.5749 88.5749 83.039 1.5
486 15 29.525 29.525 81.6512 79.6829 1.5
693 1 1.50922 1.50922 1.50922 0 1.5
462 1 1.39203 1.39203 1.39203 6.66667e-09 1.5
659 1 0.936794 0.936794 0.936794 0 1.5
111 1 0.340136 0.340136 0.340136 0 1.33333
673 1 0.290462 0.290462 0.290462 0 1.33333
783 1 0.140347 0.140347 0.140347 0 1.33333
737 1 0.052472 0.052472 0.052472 0 1.33333
784 1 0.0523943 0.0523943 0.0523943 0 1.33333

38 25 61.5516 61.5516 133.767 131.305 1.5
692 21 47.0637 47.0637 109.835 107.594 1.5
601 17 43.0221 43.0221 88.5749 86.0442 1.5
629 15 88.5749 88.5749 88.5749 82.6699 1.5
486 15 88.5749 88.5749 88.5749 82.6699 1.5
462 1 4.1761 4.1761 4.1761 0 1.5
693 1 1.50922 1.50922 1.50922 0 1.5
659 1 0.936794 0.936794 0.936794 0 1.5
111 1 0.340136 0.340136 0.340136 0 1.33333
673 1 0.290462 0.290462 0.290462 0 1.33333
783 1 0.140347 0.140347 0.140347 0 1.33333
804 1 0.0527824 0.0527824 0.0527824 0 1.33333
737 1 0.052472 0.052472 0.052472 0 1.33333

38 26 56.2544 56.2544 136.395 134.232 1.5
692 21 52.293 52.293 109.588 107.097 1.5
601 17 55.7694 55.7694 88.5749 85.2944 1.5
629 15 88.5749 88.5749 88.5749 82.6699 1.5
486 15 88.5749 88.5749 88.5749 82.6699 1.5
462 1 2.08805 2.08805 2.08805 5e-09 1.5
693 1 1.50922 1.50922 1.50922 0 1.5
659 1 0.936794 0.936794 0.936794 0 1.5
111 1 0.340136 0.340136 0.340136 0 1.33333
673 1 0.290462 0.290462 0.290462 0 1.33333
827 1 0.205136 0.205136 0.205136 0 1.5
783 1 0.140347 0.140347 0.140347 0 1.33333

38 26 60.8655 60.8655 138.175 135.834 1.5
692 20 52.1192 52.1192 106.868 104.262 1.5
629 16 88.5749 88.5749 88.5749 83.039 1.5
486 15 88.5749 88.5749 88.5749 82.6699 1.5
601 16 34.5658 34.5658 86.6115 84.4512 1.5
462 1 2.08805 2.08805 2.0953 0.00724563 1.5
693 1 1.50922 1.50922 1.50922 0 1.5
659 1 0.936794 0.936794 0.936794 0 1.5
111 1 0.340136 0.340136 0.340136 0 1.33333
673 1 0.290462 0.290462 0.290462 0 1.33333
827 1 0.205136 0.205136 0.205136 0 1.5
783 1 0.140347 0.140347 0.140347 0 1.33333
849 1 0.100027 0.100027 0.100027 0 1.5

38 26 53.0399 53.0399 134.352 132.312 1.5
692 21 60.338 60.338 110.852 107.979 1.5
629 17 44.2875 44.2875 88.5749 85.9698 1.5
486 15 88.5749 88.5749 88.5749 82.6699 1.5
601 15 88.5749 88.5749 88.5749 82.6699 1.5
693 1 1.50922 1.50922 1.50922 0 1.5
462 1 1.39203 1.39203 1.39203 6.66667e-09 1.5
659 1 0.468397 0.468397 0.468397 5e-09 1.5
111 1 0.340136 0.340136 0.340136 0 1.33333
673 1 0.290462 0.290462 0.290462 0 1.33333
827 1 0.205136 0.205136 0.205136 0 1.5
783 1 0.140347 0.140347 0.140347 0 1.33333

38 25 63.7499 63.7499 132.67 130.12 1.5
692 21 47.0637 47.0637 112.056 109.815 1.5
486 16 88.5749 88.5749 88.5749 83.039 1.5
601 15 88.5749 88.5749 88.5749 82.6699 1.5
629 16 29.525 29.525 86.7776 84.9323 1.5
462 1 4.1761 4.1761 4.1761 0 1.5
693 1 1.50922 1.50922 1.50922 0 1.5
659 1 0.936794 0.936794 0.936794 0 1.5
111 1 0.340136 0.340136 0.340136 0 1.33333
673 1 0.290462 0.290462 0.290462 0 1.33333
827 1 0.205136 0.205136 0.205136 0 1.5
783 1 0.140347 0.140347 0.140347 0 1.33333
874 1 0.061691 0.061691 0.061691 0 1.33333

38 26 58.9332 58.9332 136.111 133.845 1.5
692 20 48.7202 48.7202 107.251 104.815 1.5
486 17 47.0554 47.0554 88.5749 85.8069 1.5
629 16 88.5749 88.5749 88.5749 83.039 1.5
601 15 88.5749 88.5749 88.5749 82.6699 1.5
462 1 4.1761 4.1761 4.1761 0 1.5
693 1 1.50922 1.50922 1.50922 0 1.5
659 1 0.719206 0.719206 1.1876 0.468397 1.5
111 1 0.340136 0.340136 0.340136 0 1.33333
895 1 0.340133 0.340133 0.340133 0 1.33333
673 1 0.290462 0.290462 0.290462 0 1.33333
827 1 0.205136 0.205136 0.205136 0 1.5

38 27 70.1017 70.1017 137.608 135.012 1.5
692 21 57.3947 57.3947 109.381 106.648 1.5
629 17 83.6541 83.6541 88.5749 83.6541 1.5
601 15 88.5749 88.5749 88.5749 82.6699 1.5
486 15 36.9062 36.9062 78.8672 76.4068 1.5
462 1 2.08805 2.08805 2.08805 5e-09 1.5
693 1 1.50922 1.50922 1.50922 0 1.5
659 1 1.43841 1.43841 1.43841 0 1.5
111 1 0.340136 0.340136 0.340136 0 1.33333
895 1 0.340133 0.340133 0.340133 0 1.33333
673 1 0.290462 0.290462 0.290462 0 1.33333

38 26 57.1199 57.1199 136.308 134.111 1.5
692 21 54.7252 54.7252 112.056 109.45 1.5
601 16 88.5749 88.5749 88.5749 83.039 1.5
486 15 88.5749 88.5749 88.5749 82.6699 1.5
629 16 39.3666 39.3666 86.1246 83.6641 1.5
462 1 2.08805 2.08805 2.08805 5e-09 1.5
693 1 1.50922 1.50922 1.50922 0 1.5
659 1 1.43841 1.43841 1.43841 0 1.5
111 1 0.340136 0.340136 0.340136 0 1.33333
895 1 0.340133 0.340133 0.340133 0 1.33333
673 1 0.290462 0.290462 0.290462 0 1.33333
934 1 0.00823843 0.00823843 0.00823843 0 1.33333

38 21 53.5499 53.5499 142.8 140.25 1.5
939 2 142.8 142.8 142.8 71.3999 1.5
692 16 36.5898 36.5898 110.223 107.936 1.5
486 13 116.025 71.9671 91.964 86.1721 1.5
601 13 32.8993 32.8993 88.5749 86.0442 1.5
629 13 71.9671 71.9671 88.5749 83.039 1.5
462 1 1.39203 1.39203 1.90276 0.51073 1.5
693 1 1.50922 1.50922 1.50922 0 1.5
659 1 1.43841 1.43841 1.43841 0 1.5
111 1 0.340136 0.340136 0.340136 0 1.33333
895 1 0.340133 0.340133 0.340133 0 1.33333
673 1 0.290462 0.290462 0.290462 0 1.33333
934 1 0.00823843 0.00823843 0.00823843 0 1.33333
948 1 0.00207203 0.00207203 0.00207203 0 1.33333
955 1 1e-08 1e-08 1e-08 0 1.5
954 1 1e-08 1e-08 1e-08 0 1.5
953 1 1e-08 1e-08 1e-08 0 1.33333
952 1 3.33333e-09 3.33333e-09 1e-08 6.66667e-09 1.5
951 1 1e-08 1e-08 1e-08 0 1.5
950 1 1e-08 1e-08 1e-08 0 1.33333
949 1 1e-08 1e-08 1e-08 0 1.33333
947 1 1e-08 1e-08 1e-08 0 1.5
946 1 1e-08 1e-08 1e-08 0 1.5
945 1 1e-08 1e-08 1e-08 0 1.33333
944 1 1e-08 1e-08 1e-08 0 1.33333
943 1 1e-08 1e-08 1e-08 0 1.5
942 1 1e-08 1e-08 1e-08 0 1.33333
941 1 1e-08 1e-08 1e-08 0 1.33333
940 1 1e-08 1e-08 1e-08 0 1.33333

38 27 47.0194 47.0194 142.8 141.058 1.5
692 20 65.9155 65.9155 105.707 102.411 1.5
601 13 88.5749 88.5749 88.5749 81.7615 1.5
629 13 88.5749 88.5749 88.5749 81.7615 1.5
486 16 88.5749 88.5749 88.5749 83.039 1.5
462 1 2.08805 2.08805 2.08805 5e-09 1.5
693 1 1.50922 1.50922 1.50922 0 1.5
659 1 1.43841 1.43841 1.43841 0 1.5
111 1 0.340136 0.340136 0.340136 0 1.33333
895 1 0.340133 0.340133 0.340133 0 1.33333
673 1 0.290462 0.290462 0.290462 0 1.33333
962 1 0.11297 0.11297 0.11297 0 1.33333
958 1 0.00289938 0.00289938 0.00869813 0.00579875 1.5
934 1 0.00823843 0.00823843 0.00823843 0 1.33333
951 1 0.00294788 0.00294788 0.00294789 5e-09 1.5
956 1 0.00240556 0.00240556 0.00240556 0 1.5
948 1 0.00207203 0.00207203 0.00207203 0 1.33333

38 26 61.8799 61.8799 138.144 135.764 1.5
692 20 53.3602 53.3602 106.756 104.088 1.5
629 17 75.2887 75.2887 88.5749 84.1462 1.5
486 16 88.5749 88.5749 88.5749 83.039 1.5
601 17 51.9232 51.9232 88.5749 85.5206 1.5
462 1 2.08805 2.08805 2.08805 5e-09 1.5
659 1 1.43841 1.43841 1.43841 0 1.5
693 1 0.754611 0.754611 0.769146 0.0145346 1.5
111 1 0.340136 0.340136 0.340136 0 1.33333
673 1 0.290462 0.290462 0.290462 0 1.33333

38 22 54.1654 54.1654 140.338 137.876 1.5
984 3 112.056 112.056 112.056 74.7042 1.5
692 16 38.9761 38.9761 104.827 102.391 1.5
629 14 31.7961 31.7961 88.5749 86.3038 1.5
486 14 65.2657 65.2657 88.5749 83.9131 1.5
601 14 82.6699 82.6699 88.5749 82.6699 1.5
462 1 2.08805 2.08805 2.08805 5e-09 1.5
693 1 1.50922 1.50922 1.50922 0 1.5
659 1 1.43841 1.43841 1.43841 0 1.5
111 1 0.340136 0.340136 0.340136 0 1.33333
673 1 0.290462 0.290462 0.290462 0 1.33333
997 1 0.289024 0.289024 0.289024 0 1.5
986 1 1e-08 1e-08 1e-08 0 1.33333
987 1 5e-09 5e-09 1e-08 5e-09 1.5
988 1 1e-08 1e-08 1e-08 0 1.5
989 1 1e-08 1e-08 1e-08 0 1.33333
990 1 5e-09 5e-09 1e-08 5e-09 1.33333
991 1 1e-08 1e-08 1e-08 0 1.33333
992 1 1e-08 1e-08 1e-08 0 1.33333
993 1 1e-08 1e-08 1e-08 0 1.5
994 1 1e-08 1e-08 1e-08 0 1.5
995 1 1e-08 1e-08 1e-08 0 1.5
996 1 1e-08 1e-08 1e-08 0 1.33333
985 1 1e-08 1e-08 1e-08 0 1.33333

38 22 64.1142 64.1142 139.886 136.972 1.5
692 11 112.056 112.056 112.056 101.869 1.5
984 17 47.5999 37.3521 108.497 106.264 1.5
486 12 88.5749 88.5749 88.5749 81.1937 1.5
629 13 57.5737 57.5737 88.5749 84.1462 1.5
601 13 71.9671 71.9671 88.5749 83.039 1.5
462 1 4.1761 4.1761 4.1761 0 1.5
693 1 1.50922 1.50922 1.50922 0 1.5
659 1 0.719206 0.719206 0.719206 5e-09 1.5
111 1 0.340136 0.340136 0.340136 0 1.33333
673 1 0.290462 0.290462 0.290462 0 1.33333
997 1 0.289024 0.289024 0.289024 0 1.5
1010 1 0.00589577 0.00589577 0.00589577 0 1.5
1007 1 0.00178281 0.00178281 0.00178281 0 1.5
1001 1 1e-08 1e-08 1e-08 0 1.33333
1002 1 1e-08 1e-08 1e-08 0 1.5
1003 1 1e-08 1e-08 1e-08 0 1.5
1004 1 1e-08 1e-08 1e-08 0 1.33333
1005 1 1e-08 1e-08 1e-08 0 1.33333

38 22 64.1142 64.1142 137.399 134.484 1.5
984 17 112.056 112.056 112.056 105.465 1.5
692 16 37.3521 37.3521 105.218 102.884 1.5
629 13 88.5749 88.5749 88.5749 81.7615 1.5
601 9 88.5749 88.5749 88.5749 78.7332 1.5
486 13 37.1443 37.1443 82.938 80.0807 1.5
462 1 4.1761 4.1761 4.1761 0 1.5
693 1 1.50922 1.50922 1.50922 0 1.5
659 1 1.43841 1.43841 1.43841 0 1.5
111 1 0.340136 0.340136 0.340136 0 1.33333
673 1 0.290462 0.290462 0.290462 0 1.33333
997 1 0.289024 0.289024 0.289024 0 1.5
1031 1 0.208327 0.208327 0.208327 0 1.33333
1017 1 0.0319443 0.0319443 0.0319443 0 1.33333
1010 1 0.00589577 0.00589577 0.00589577 0 1.5
1026 1 0.00215911 0.00215911 0.00215912 5e-09 1.5
1007 1 0.00178281 0.00178281 0.00178281 0 1.5

38 18 53.5499 53.5499 135.721 132.746 1.5
984 15 32.9578 32.9578 112.056 109.859 1.5
692 15 76.4021 76.4021 112.056 106.963 1.5
601 11 88.5749 88.5749 88.5749 80.5226 1.5
486 10 88.5749 88.5749 88.5749 79.7174 1.5
1034 3 88.5749 88.5749 88.5749 59.0499 1.5
629 11 38.973 38.973 85.098 81.555 1.5
462 1 2.08805 2.08805 2.08805 5e-09 1.5
659 1 1.43841 1.43841 1.43841 0 1.5
693 1 0.754611 0.754611 0.760808 0.00619704 1.5
111 1 0.340136 0.340136 0.340136 0 1.33333
673 1 0.290462 0.290462 0.290462 0 1.33333
997 1 0.289024 0.289024 0.289024 0 1.5
1031 1 0.208327 0.208327 0.208327 0 1.33333
1040 1 0.0460178 0.0460178 0.0460178 0 1.33333
1017 1 0.0319443 0.0319443 0.0319443 0 1.33333
1041 1 0.0299206 0.0299206 0.0299206 0 1.33333
1010 1 0.00589577 0.00589577 0.00589577 0 1.5
1026 1 0.00143941 0.00143941 0.00431823 0.00287882 1.5
1007 1 0.000891407 0.000891407 0.00178281 0.000891407 1.5
1036 1 1e-08 1e-08 1e-08 0 1.33333
1037 1 1e-08 1e-08 1e-08 0 1.33333
1038 1 1e-08 1e-08 1e-08 0 1.33333
1039 1 1e-08 1e-08 1e-08 0 1.33333
1035 1 1e-08 1e-08 1e-08 0 1.5

38 19 46.7792 46.7792 124.726 122.264 1.5
984 17 48.8451 48.8451 112.056 109.183 1.5
692 17 57.726 57.726 108.705 105.309 1.5
1034 13 88.5749 88.5749 88.5749 81.7615 1.5
629 1 88.5749 88.5749 88.5749 0 1.5
601 13 67.7338 67.7338 83.3729 78.1626 1.5
1050 1 20.4598 20.4598 20.4598 0 1.5
462 1 2.08805 2.08805 2.08805 5e-09 1.5
693 1 1.50922 1.50922 1.50922 0 1.5
659 1 0.719206 0.719206 0.724799 0.00559281 1.5
111 1 0.340136 0.340136 0.340136 0 1.33333
673 1 0.290462 0.290462 0.290462 0 1.33333
997 1 0.289024 0.289024 0.289024 0 1.5
1031 1 0.208327 0.208327 0.208327 0 1.33333
1040 1 0.0460178 0.0460178 0.0460178 0 1.33333
1017 1 0.0319443 0.0319443 0.0319443 0 1.33333
1041 1 0.0299206 0.0299206 0.0299206 0 1.33333
1010 1 0.00589577 0.00589577 0.00589577 0 1.5
1026 1 0.00431823 0.00431823 0.00431823 0 1.5
1054 1 0.00108151 0.00108151 0.00216303 0.00108151 1.5
1007 1 0.00178281 0.00178281 0.00178281 0 1.5
1063 1 1e-08 1e-08 1e-08 0 1.5
1062 1 1e-08 1e-08 1e-08 0 1.5
1061 1 1e-08 1e-08 1e-08 0 1.33333
1060 1 1e-08 1e-08 1e-08 0 1.33333
1059 1 5e-09 5e-09 1e-08 5e-09 1.5
1058 1 1e-08 1e-08 1e-08 0 1.33333

1064 1 142.8 142.8 142.8 0 1.5
38 21 28.8346 28.8346 123.038 121.665 1.5
692 16 112.056 112.056 112.056 105.053 1.5
601 13 88.5749 88.5749 88.5749 81.7615 1.5
1034 15 45.8146 45.8146 85.5781 82.5238 1.5
1050 1 10.2299 10.2299 10.9845 0.754611 1.5
462 1 4.1761 4.1761 4.1761 0 1.5
659 1 1.43841 1.43841 1.43841 0 1.5
111 1 0.340136 0.340136 0.340136 0 1.33333
673 1 0.290462 0.290462 0.290462 0 1.33333
997 1 0.289024 0.289024 0.289024 0 1.5
1031 1 0.208327 0.208327 0.208327 0 1.33333
1040 1 0.0460178 0.0460178 0.0460178 0 1.33333
1017 1 0.0319443 0.0319443 0.0319443 0 1.33333
1041 1 0.0299206 0.0299206 0.0299206 0 1.33333
1054 1 0.0092382 0.0092382 0.0103197 0.00108151 1.5
1026 1 0.00431823 0.00431823 0.00431823 0 1.5
1010 1 0.00294788 0.00294788 0.00294789 5e-09 1.5
1007 1 0.00178281 0.00178281 0.00178281 0 1.5
1079 1 1e-08 1e-08 1e-08 0 1.5
1078 1 1e-08 1e-08 1e-08 0 1.5
1077 1 1e-08 1e-08 1e-08 0 1.5
1076 1 1e-08 1e-08 1e-08 0 1.5
1075 1 1e-08 1e-08 1e-08 0 1.5
1074 1 1e-08 1e-08 1e-08 0 1.5
1073 1 1e-08 1e-08 1e-08 0 1.33333
1072 1 1e-08 1e-08 1e-08 0 1.5
1071 1 1e-08 1e-08 1e-08 0 1.33333
1070 1 1e-08 1e-08 1e-08 0 1.33333
1069 1 1e-08 1e-08 1e-08 0 1.33333
1068 1 1e-08 1e-08 1e-08 0 1.33333
1067 1 1e-08 1e-08 1e-08 0 1.33333
1066 1 1e-08 1e-08 1e-08 0 1.5
1065 1 1e-08 1e-08 1e-08 0 1.5
1058 1 1e-08 1e-08 1e-08 0 1.33333
1059 1 1e-08 1e-08 1e-08 0 1.5
1060 1 1e-08 1e-08 1e-08 0 1.33333
1061 1 1e-08 1e-08 1e-08 0 1.33333
1062 1 1e-08 1e-08 1e-08 0 1.5
1063 1 1e-08 1e-08 1e-08 0 1.5

38 2 142.8 142.8 142.8 71.3999 1.5
1064 23 40.5481 40.5481 140.293 138.53 1.5
692 18 57.629 57.629 108.184 104.983 1.5
601 14 77.503 77.503 88.5749 83.039 1.5
1034 14 82.6699 82.6699 88.5749 82.6699 1.5
1050 1 20.4598 20.4598 20.4598 0 1.5
462 1 4.1761 4.1761 4.1761 0 1.5
659 1 0.479471 0.479471 0.493447 0.0139759 1.5
111 1 0.340136 0.340136 0.340136 0 1.33333
673 1 0.290462 0.290462 0.290462 0 1.33333
1031 1 0.208327 0.208327 0.208327 0 1.33333
997 1 0.144512 0.144512 0.144512 5e-09 1.5
1040 1 0.0460178 0.0460178 0.0460178 0 1.33333
1017 1 0.0319443 0.0319443 0.0319443 0 1.33333
1041 1 0.0299206 0.0299206 0.0299206 0 1.33333
1080 1 0.0293214 0.0293214 0.0293214 0 1.33333
1054 1 0.0184764 0.0184764 0.0184764 0 1.5
1081 1 0.00434906 0.00434906 0.00604191 0.00169284 1.5
1010 1 0.00294788 0.00294788 0.00294789 5e-09 1.5
1026 1 0.00215911 0.00215911 0.00215912 5e-09 1.5
1007 1 0.00178281 0.00178281 0.00178281 0 1.5
1089 1 1e-08 1e-08 1e-08 0 1.33333
1088 1 1e-08 1e-08 1e-08 0 1.33333
1087 1 1e-08 1e-08 1e-08 0 1.33333
1086 1 1e-08 1e-08 1e-08 0 1.33333
1085 1 1e-08 1e-08 1e-08 0 1.5
1084 1 1e-08 1e-08 1e-08 0 1.33333
1083 1 1e-08 1e-08 1e-08 0 1.5
1082 1 1e-08 1e-08 1e-08 0 1.33333
1063 1 1e-08 1e-08 1e-08 0 1.5
1062 1 1e-08 1e-08 1e-08 0 1.5
1061 1 1e-08 1e-08 1e-08 0 1.33333
1060 1 1e-08 1e-08 1e-08 0 1.33333
1059 1 5e-09 5e-09 1e-08 5e-09 1.5
1058 1 1e-08 1e-08 1e-08 0 1.33333

1090 1 142.8 142.8 142.8 0 1.5
1064 18 95.1998 95.1998 127.311 122.022 1.5
38 17 43.3499 43.3499 124.336 121.786 1.5
692 15 56.0282 56.0282 108.335 104.6 1.5
601 12 50.6142 50.6142 88.5749 84.3571 1.5
1034 12 75.9213 75.9213 88.5749 82.2481 1.5
1050 1 20.4598 20.4598 20.4598 0 1.5
462 1 1.39203 1.39203 1.39203 6.66667e-09 1.5
659 1 0.719206 0.719206 0.719206 5e-09 1.5
111 1 0.340136 0.340136 0.340136 0 1.33333
673 1 0.290462 0.290462 0.290462 0 1.33333
997 1 0.289024 0.289024 0.289024 0 1.5
1031 1 0.208327 0.208327 0.208327 0 1.33333
1040 1 0.0460178 0.0460178 0.0460178 0 1.33333
1017 1 0.0319443 0.0319443 0.0319443 0 1.33333
1041 1 0.0299206 0.0299206 0.0299206 0 1.33333
1080 1 0.0293214 0.0293214 0.0293214 0 1.33333
1093 1 0.0111856 0.0111856 0.0111856 0 1.5
1081 1 0.00869813 0.00869813 0.00869813 0 1.5
1010 1 0.00589577 0.00589577 0.00589577 0 1.5
1054 1 0.0046191 0.0046191 0.00560556 0.00098646 1.5
1026 1 0.00431823 0.00431823 0.00431823 0 1.5
1100 1 1e-08 1e-08 1e-08 0 1.5
1099 1 1e-08 1e-08 1e-08 0 1.5
1098 1 1e-08 1e-08 1e-08 0 1.33333
1097 1 1e-08 1e-08 1e-08 0 1.33333
1096 1 1e-08 1e-08 1e-08 0 1.5
1095 1 1e-08 1e-08 1e-08 0 1.33333
1105 1 1e-08 1e-08 1e-08 0 1.5
1094 1 1e-08 1e-08 1e-08 0 1.33333
1104 1 1e-08 1e-08 1e-08 0 1.33333
1092 1 1e-08 1e-08 1e-08 0 1.5

1120 2 142.8 142.8 142.8 71.3999 1.5
1064 1 142.8 142.8 142.8 0 1.5
1090 18 34.2719 34.2719 135.244 133.34 1.5
38 16 48.6127 48.6127 120.159 117.121 1.5
601 11 81.1937 81.1937 88.5749 81.1937 1.5
1034 11 81.1937 81.1937 88.5749 81.1937 1.5
1050 1 20.4598 20.4598 20.4598 0 1.5
462 1 2.08805 2.08805 2.08805 5e-09 1.5
659 1 0.479471 0.479471 0.483199 0.00372854 1.5
111 1 0.340136 0.340136 0.340136 0 1.33333
673 1 0.290462 0.290462 0.290462 0 1.33333
997 1 0.289024 0.289024 0.289024 0 1.5
1031 1 0.145175 0.145175 0.249338 0.104163 1.33333
1040 1 0.0460178 0.0460178 0.0460178 0 1.33333
1017 1 0.0319443 0.0319443 0.0319443 0 1.33333
1041 1 0.0299206 0.0299206 0.0299206 0 1.33333
1080 1 0.0293214 0.0293214 0.0293214 0 1.33333
1114 1 0.0282248 0.0282248 0.0282248 0 1.5
1054 1 0.0092382 0.0092382 0.0092382 5e-09 1.5
1081 1 0.00434906 0.00434906 0.0086276 0.00427854 1.5
1026 1 0.00215911 0.00215911 0.00431823 0.00215911 1.5
1010 1 0.00294788 0.00294788 0.00294789 5e-09 1.5
1107 1 0.00216303 0.00216303 0.00216303 0 1.5
1122 1 1e-08 1e-08 1e-08 0 1.5
1121 1 1e-08 1e-08 1e-08 0 1.33333
1123 1 1e-08 1e-08 1e-08 0 1.33333
1119 1 1e-08 1e-08 1e-08 0 1.5
1118 1 1e-08 1e-08 1e-08 0 1.33333
1117 1 1e-08 1e-08 1e-08 0 1.5
1116 1 1e-08 1e-08 1e-08 0 1.33333
1115 1 1e-08 1e-08 1e-08 0 1.33333
1113 1 1e-08 1e-08 1e-08 0 1.33333
1112 1 1e-08 1e-08 1e-08 0 1.33333
1111 1 1e-08 1e-08 1e-08 0 1.33333
1110 1 1e-08 1e-08 1e-08 0 1.33333
1109 1 5e-09 5e-09 1e-08 5e-09 1.5
1108 1 1e-08 1e-08 1e-08 0 1.33333
1106 1 1e-08 1e-08 1e-08 0 1.33333
1104 1 1e-08 1e-08 1e-08 0 1.33333
1094 1 1e-08 1e-08 1e-08 0 1.33333
1105 1 1e-08 1e-08 1e-08 0 1.5
1095 1 1e-08 1e-08 1e-08 0 1.33333
1096 1 1e-08 1e-08 1e-08 0 1.5
1097 1 5e-09 5e-09 1e-08 5e-09 1.33333
1098 1 1e-08 1e-08 1e-08 0 1.33333
1099 1 5e-09 5e-09 1e-08 5e-09 1.5
1100 1 1e-08 1e-08 1e-08 0 1.5

1064 20 142.8 142.8 142.8 135.66 1.5
1120 22 34.9066 34.9066 141.276 139.689 1.5
1090 11 142.8 1.32008 129.938 118.183 1.5
1034 11 88.5749 88.5749 88.5749 80.5226 1.5
601 13 88.5749 88.5749 88.5749 81.7615 1.5
1050 1 20.4598 20.4598 20.4598 0 1.5
462 1 1.39203 1.39203 1.79912 0.407083 1.5
659 1 0.719206 0.719206 0.723555 0.00434906 1.5
111 1 0.340136 0.340136 0.340136 0 1.33333
673 1 0.290462 0.290462 0.290462 0 1.33333
1031 1 0.29035 0.29035 0.29035 0 1.33333
997 1 0.289024 0.289024 0.289024 0 1.5
1117 1 0.0526622 0.0526622 0.0526623 5e-09 1.5
1040 1 0.0460178 0.0460178 0.0460178 0 1.33333
1017 1 0.0319443 0.0319443 0.0319443 0 1.33333
1041 1 0.0299206 0.0299206 0.0299206 0 1.33333
1080 1 0.0293214 0.0293214 0.0293214 0 1.33333
1114 1 0.0282248 0.0282248 0.0282248 0 1.5
1107 1 0.0092382 0.0092382 0.0103197 0.00108151 1.5
1010 1 0.00589577 0.00589577 0.00589577 0 1.5
1054 1 0.00431823 0.00431823 0.00431823 0 1.5
1094 1 1e-08 1e-08 1e-08 0 1.33333
1105 1 5e-09 5e-09 1e-08 5e-09 1.5
1095 1 1e-08 1e-08 1e-08 0 1.33333
1096 1 1e-08 1e-08 1e-08 0 1.5
1097 1 1e-08 1e-08 1e-08 0 1.33333
1098 1 1e-08 1e-08 1e-08 0 1.33333
1099 1 1e-08 1e-08 1e-08 0 1.5
1100 1 3.33333e-09 3.33333e-09 1e-08 6.66667e-09 1.25

1120 9 142.8 142.8 142.8 126.933 1.5
1064 22 32.0571 32.0571 137.043 135.586 1.5
1131 21 142.8 3.84944 136.183 129.706 1.5
1034 11 88.5749 88.5749 88.5749 80.5226 1.5
601 13 88.5749 88.5749 88.5749 81.7615 1.5
1050 1 20.4598 20.4598 20.4598 0 1.5
462 1 2.08805 2.08805 2.69868 0.610624 1.5
659 1 1.43841 1.43841 1.43841 0 1.5
111 1 0.340136 0.340136 0.340136 0 1.33333
673 1 0.290462 0.290462 0.290462 0 1.33333
1031 1 0.29035 0.29035 0.29035 0 1.33333
997 1 0.289024 0.289024 0.289024 0 1.5
1117 1 0.0526622 0.0526622 0.105324 0.0526622 1.5
1040 1 0.0460178 0.0460178 0.0460178 0 1.33333
1017 1 0.0319443 0.0319443 0.0319443 0 1.33333
1041 1 0.0299206 0.0299206 0.0299206 0 1.33333
1080 1 0.0293214 0.0293214 0.0293214 0 1.33333
1140 1 0.0293117 0.0293117 0.0293117 0 1.33333
1114 1 0.0282248 0.0282248 0.0282248 0 1.5
1107 1 0.0184764 0.0184764 0.0184764 0 1.5
1142 1 0.00855707 0.00855707 0.00855707 0 1.5
1010 1 0.00196526 0.00196526 0.00196526 6.66667e-09 1.5
1054 1 0.00143941 0.00143941 0.00143942 6.66667e-09 1.5
1145 1 1e-08 1e-08 1e-08 0 1.33333
1144 1 1e-08 1e-08 1e-08 0 1.5
1143 1 1e-08 1e-08 1e-08 0 1.5
1141 1 1e-08 1e-08 1e-08 0 1.5
1139 1 1e-08 1e-08 1e-08 0 1.33333
1138 1 1e-08 1e-08 1e-08 0 1.5
1137 1 1e-08 1e-08 1e-08 0 1.33333

1064 25 56.6666 56.6666 138.437 136.17 1.5
1120 24 48.9599 48.9599 134.713 132.673 1.5
1034 11 88.5749 88.5749 88.5749 80.5226 1.5
601 14 88.5749 4.01788 82.5351 76.6555 1.5
1131 2 142.8 1e-08 71.3999 50.4873 1.5
1050 1 20.4598 20.4598 20.4598 0 1.5
462 1 2.08805 2.08805 2.28502 0.196969 1.5
659 1 1.43841 1.43841 1.43841 0 1.5
1154 1 1.22125 1.22125 1.22125 0 1.5
111 1 0.340136 0.340136 0.340136 0 1.33333
673 1 0.290462 0.290462 0.290462 0 1.33333
1031 1 0.29035 0.29035 0.29035 0 1.33333
997 1 0.289024 0.289024 0.289024 0 1.5
1117 1 0.0526622 0.0526622 0.0526623 5e-09 1.5
1040 1 0.0460178 0.0460178 0.0460178 0 1.33333
1017 1 0.0319443 0.0319443 0.0319443 0 1.33333
1041 1 0.0299206 0.0299206 0.0299206 0 1.33333
1080 1 0.0293214 0.0293214 0.0293214 0 1.33333
1140 1 0.0293117 0.0293117 0.0293117 0 1.33333
1114 1 0.0282248 0.0282248 0.0282248 0 1.5
1107 1 0.0184764 0.0184764 0.0184764 0 1.5
1142 1 0.00855707 0.00855707 0.00855707 0 1.5
1054 1 0.00215911 0.00215911 0.00215911 0 1.5
1010 1 0.00196526 0.00196526 0.00196526 6.66667e-09 1.5
1150 1 1e-08 1e-08 1e-08 0 1.33333
1141 1 1e-08 1e-08 1e-08 0 1.5
1152 1 1e-08 1e-08 1e-08 0 1.33333
1139 1 1e-08 1e-08 1e-08 0 1.33333
1153 1 5e-09 5e-09 1e-08 5e-09 1.5
1138 1 1e-08 1e-08 1e-08 0 1.5

1120 24 76.1599 76.1599 142.8 139.626 1.5
1064 22 41.8879 41.8879 133.421 131.517 1.5
1155 5 142.8 0.819866 114.404 92.2251 1.5
1034 11 88.5749 88.5749 88.5749 80.5226 1.5
601 13 88.5749 88.5749 88.5749 81.7615 1.5
1050 1 20.4598 20.4598 20.4598 0 1.5
462 1 1.39203 1.39203 1.79912 0.407083 1.5
659 1 1.43841 1.43841 1.43841 0 1.5
111 1 0.340136 0.340136 0.340136 0 1.33333
673 1 0.290462 0.290462 0.290462 0 1.33333
1031 1 0.29035 0.29035 0.29035 0 1.33333
997 1 0.289024 0.289024 0.289024 0 1.5
1158 1 0.108593 0.108593 0.108593 0 1.33333
1040 1 0.0460178 0.0460178 0.0460178 0 1.33333
1017 1 0.0319443 0.0319443 0.0319443 0 1.33333
1041 1 0.0299206 0.0299206 0.0299206 0 1.33333
1080 1 0.0293214 0.0293214 0.0293214 0 1.33333
1140 1 0.0293117 0.0293117 0.0293117 0 1.33333
1114 1 0.0282248 0.0282248 0.0282248 0 1.5
1117 1 0.0263311 0.0263311 0.0263311 7.5e-09 1.5
1107 1 0.0184764 0.0184764 0.0184764 0 1.5
1142 1 0.00427854 0.00427854 0.00855707 0.00427854 1.5
1010 1 0.00589577 0.00589577 0.00589577 0 1.5
1054 1 0.00143941 0.00143941 0.00143942 6.66667e-09 1.5
1171 1 1e-08 1e-08 1e-08 0 1.33333
1170 1 1e-08 1e-08 1e-08 0 1.33333
1169 1 1e-08 1e-08 1e-08 0 1.5
1168 1 1e-08 1e-08 1e-08 0 1.33333
1167 1 1e-08 1e-08 1e-08 0 1.33333
1166 1 1e-08 1e-08 1e-08 0 1.33333
1165 1 1e-08 1e-08 1e-08 0 1.33333

1064 29 81.1999 81.1999 140.315 137.515 1.5
1120 28 49.3629 49.3629 134.187 132.424 1.5
1034 11 88.5749 88.5749 88.5749 80.5226 1.5
601 13 88.5749 88.5749 88.5749 81.7615 1.5
1050 1 20.4598 20.4598 20.4598 0 1.5
462 1 1.04403 1.04403 1.44782 0.403797 1.5
659 1 1.43841 1.43841 1.43841 0 1.5
111 1 0.340136 0.340136 0.340136 0 1.33333
673 1 0.290462 0.290462 0.290462 0 1.33333
1031 1 0.29035 0.29035 0.29035 0 1.33333
997 1 0.289024 0.289024 0.289024 0 1.5
1158 1 0.145168 0.145168 0.145168 0 1.33333
1040 1 0.0460178 0.0460178 0.0460178 0 1.33333
1017 1 0.0319443 0.0319443 0.0319443 0 1.33333
1041 1 0.0299206 0.0299206 0.0299206 0 1.33333
1080 1 0.0293214 0.0293214 0.0293214 0 1.33333
1140 1 0.0293117 0.0293117 0.0293117 0 1.33333
1114 1 0.0282248 0.0282248 0.0282248 0 1.5
1117 1 0.0263311 0.0263311 0.0263311 7.5e-09 1.5
1107 1 0.0184764 0.0184764 0.0184764 0 1.5
1142 1 0.00947561 0.00947561 0.0137541 0.00427854 1.5
1172 1 0.010897 0.010897 0.010897 6.66667e-09 1.5
1010 1 0.00294788 0.00294788 0.00294789 5e-09 1.5
1054 1 0.00215911 0.00215911 0.00215912 5e-09 1.5

1064 29 55.9621 55.9621 140.871 138.941 1.5
1120 28 60.5817 60.5817 134.751 132.587 1.5
1034 11 88.5749 88.5749 88.5749 80.5226 1.5
601 13 88.5749 88.5749 88.5749 81.7615 1.5
1050 1 20.4598 20.4598 20.4598 0 1.5
462 1 1.39203 1.39203 1.52335 0.131313 1.5
659 1 0.719206 0.719206 0.719206 5e-09 1.5
111 1 0.340136 0.340136 0.340136 0 1.33333
673 1 0.290462 0.290462 0.290462 0 1.33333
1031 1 0.29035 0.29035 0.29035 0 1.33333
997 1 0.289024 0.289024 0.289024 0 1.5
1158 1 0.145168 0.145168 0.145168 0 1.33333
1117 1 0.105324 0.105324 0.105324 0 1.5
1040 1 0.0460178 0.0460178 0.0460178 0 1.33333
1172 1 0.032691 0.032691 0.032691 0 1.5
1017 1 0.0319443 0.0319443 0.0319443 0 1.33333
1041 1 0.0299206 0.0299206 0.0299206 0 1.33333
1181 1 0.029324 0.029324 0.029324 0 1.33333
1080 1 0.0293214 0.0293214 0.0293214 0 1.33333
1140 1 0.0293117 0.0293117 0.0293117 0 1.33333
1114 1 0.0282248 0.0282248 0.0282248 0 1.5
1107 1 0.0184764 0.0184764 0.0184764 0 1.5
1142 1 0.00947561 0.00947561 0.0137541 0.00427854 1.5
1010 1 0.00589577 0.00589577 0.00589577 0 1.5

1120 14 142.8 142.8 142.8 132.6 1.5
1189 1 142.8 142.8 142.8 0 1.5
1064 21 24.1838 24.1838 134.978 133.826 1.5
1034 11 88.5749 88.5749 88.5749 80.5226 1.5
601 13 88.5749 88.5749 88.5749 81.7615 1.5
1050 1 20.4598 20.4598 20.4598 0 1.5
462 1 2.08805 2.08805 2.08805 5e-09 1.5
659 1 1.43841 1.43841 1.43841 0 1.5
111 1 0.340136 0.340136 0.340136 0 1.33333
673 1 0.290462 0.290462 0.290462 0 1.33333
1031 1 0.29035 0.29035 0.29035 0 1.33333
997 1 0.289024 0.289024 0.289024 0 1.5
1158 1 0.145168 0.145168 0.145168 0 1.33333
1117 1 0.0526622 0.0526622 0.0571288 0.0044665 1.5
1040 1 0.0460178 0.0460178 0.0460178 0 1.33333
1172 1 0.032691 0.032691 0.032691 0 1.5
1017 1 0.0319443 0.0319443 0.0319443 0 1.33333
1142 1 0.0219059 0.0219059 0.0313815 0.00947561 1.5
1041 1 0.0299206 0.0299206 0.0299206 0 1.33333
1181 1 0.029324 0.029324 0.029324 0 1.33333
1080 1 0.0293214 0.0293214 0.0293214 0 1.33333
1140 1 0.0293117 0.0293117 0.0293117 0 1.33333
1114 1 0.0282248 0.0282248 0.0282248 0 1.5
1107 1 0.0184764 0.0184764 0.0184764 0 1.5
1010 1 0.00147394 0.00147394 0.00147395 7.5e-09 1.5
1193 1 0.000202529 0.000202529 0.000202529 0 1.5
1190 1 5e-09 5e-09 1e-08 5e-09 1.5
1191 1 1e-08 1e-08 1e-08 0 1.33333
1192 1 1e-08 1e-08 1e-08 0 1.33333
1194 1 1e-08 1e-08 1e-08 0 1.33333
1195 1 1e-08 1e-08 1e-08 0 1.5
1196 1 1e-08 1e-08 1e-08 0 1.5
1197 1 1e-08 1e-08 1e-08 0 1.33333
1198 1 1e-08 1e-08 1e-08 0 1.33333
1199 1 1e-08 1e-08 1e-08 0 1.33333
1200 1 1e-08 1e-08 1e-08 0 1.33333

1064 13 142.8 142.8 142.8 131.815 1.5
1120 23 33.8597 33.8597 141.328 139.856 1.5
1189 4 142.8 1.4995 107.475 82.0445 1.5
1034 11 88.5749 88.5749 88.5749 80.5226 1.5
601 13 88.5749 88.5749 88.5749 81.7615 1.5
1050 1 20.4598 20.4598 20.4598 0 1.5
1172 1 3.16814 3.16814 3.18449 0.0163455 1.5
462 1 2.08805 2.08805 2.08805 5e-09 1.5
659 1 0.719206 0.719206 0.719206 5e-09 1.5
111 1 0.340136 0.340136 0.340136 0 1.33333
673 1 0.290462 0.290462 0.290462 0 1.33333
1031 1 0.29035 0.29035 0.29035 0 1.33333
997 1 0.289024 0.289024 0.289024 0 1.5
1158 1 0.145168 0.145168 0.145168 0 1.33333
1117 1 0.105324 0.105324 0.105324 0 1.5
1204 1 0.0527828 0.0527828 0.0527828 0 1.33333
1040 1 0.0460178 0.0460178 0.0460178 0 1.33333
1142 1 0.0438118 0.0438118 0.0438118 0 1.5
1017 1 0.0319443 0.0319443 0.0319443 0 1.33333
1041 1 0.0299206 0.0299206 0.0299206 0 1.33333
1181 1 0.029324 0.029324 0.029324 0 1.33333
1080 1 0.0293214 0.0293214 0.0293214 0 1.33333
1140 1 0.0293117 0.0293117 0.0293117 0 1.33333
1114 1 0.0282248 0.0282248 0.0282248 0 1.5
1107 1 0.0184764 0.0184764 0.0184764 0 1.5
1010 1 0.00294788 0.00294788 0.00294789 5e-09 1.5
1193 1 0.000202529 0.000202529 0.000202529 0 1.5
1214 1 1e-08 1e-08 1e-08 0 1.33333
1213 1 1e-08 1e-08 1e-08 0 1.33333
1212 1 1e-08 1e-08 1e-08 0 1.33333
1211 1 1e-08 1e-08 1e-08 0 1.33333
1210 1 1e-08 1e-08 1e-08 0 1.33333
1209 1 1e-08 1e-08 1e-08 0 1.33333
1208 1 1e-08 1e-08 1e-08 0 1.33333
1207 1 1e-08 1e-08 1e-08 0 1.33333
1206 1 1e-08 1e-08 1e-08 0 1.33333
1205 1 1e-08 1e-08 1e-08 0 1.33333
1203 1 3.33333e-09 3.33333e-09 1e-08 6.66667e-09 1.5
1202 1 1e-08 1e-08 1e-08 0 1.5
1201 1 1e-08 1e-08 1e-08 0 1.33333
1200 1 1e-08 1e-08 1e-08 0 1.33333
1199 1 1e-08 1e-08 1e-08 0 1.33333

1120 23 59.7163 59.7163 140.206 137.61 1.5
1064 22 59.2754 59.2754 137.584 134.89 1.5
1189 5 142.8 1.4995 114.54 92.3264 1.5
1034 11 88.5749 88.5749 88.5749 80.5226 1.5
601 13 88.5749 88.5749 88.5749 81.7615 1.5
1050 1 20.4598 20.4598 20.4598 0 1.5
462 1 4.1761 4.1761 4.1761 0 1.5
1172 1 3.16814 3.16814 3.18225 0.0141124 1.5
111 1 0.340136 0.340136 0.340136 0 1.33333
673 1 0.290462 0.290462 0.290462 0 1.33333
1031 1 0.29035 0.29035 0.29035 0 1.33333
997 1 0.289024 0.289024 0.289024 0 1.5
659 1 0.287683 0.287683 0.287689 6.91215e-06 1.5
1158 1 0.0725842 0.0725842 0.0725842 5e-09 1.33333
1204 1 0.0527828 0.0527828 0.0527828 0 1.33333
1040 1 0.0460178 0.0460178 0.0460178 0 1.33333
1017 1 0.0319443 0.0319443 0.0319443 0 1.33333
1041 1 0.0299206 0.0299206 0.0299206 0 1.33333
1181 1 0.029324 0.029324 0.029324 0 1.33333
1080 1 0.0293214 0.0293214 0.0293214 0 1.33333
1140 1 0.0293117 0.0293117 0.0293117 0 1.33333
1107 1 0.0184764 0.0184764 0.0184764 0 1.5
1117 1 0.0175541 0.0175541 0.0175541 8.33333e-09 1.5
1142 1 0.0146039 0.0146039 0.0174563 0.00285236 1.5
1222 1 0.00383399 0.00383399 0.00383399 0 1.5
1010 1 0.00294788 0.00294788 0.00294789 5e-09 1.5
1219 1 0.000205685 0.000205685 0.000205685 0 1.5
1193 1 0.000202529 0.000202529 0.000202529 0 1.5
1215 1 1e-08 1e-08 1e-08 0 1.33333
1216 1 1e-08 1e-08 1e-08 0 1.5
1217 1 1e-08 1e-08 1e-08 0 1.33333
1218 1 5e-09 5e-09 1e-08 5e-09 1.5

1064 23 64.3999 64.3999 137.223 134.423 1.5
1120 23 45.6166 45.6166 136.924 134.941 1.5
1189 5 142.8 1.4995 114.54 92.3264 1.5
1034 11 88.5749 88.5749 88.5749 80.5226 1.5
601 13 88.5749 88.5749 88.5749 81.7615 1.5
1050 1 20.4598 20.4598 20.4598 0 1.5
1172 1 2.11209 2.11209 2.12299 0.010897 1.5
462 1 2.08805 2.08805 2.08805 5e-09 1.5
659 1 0.719206 0.719206 0.719206 5e-09 1.5
111 1 0.340136 0.340136 0.340136 0 1.33333
673 1 0.290462 0.290462 0.290462 0 1.33333
1031 1 0.29035 0.29035 0.29035 0 1.33333
997 1 0.289024 0.289024 0.289024 0 1.5
1158 1 0.145168 0.145168 0.145168 0 1.33333
1204 1 0.0527828 0.0527828 0.0527828 0 1.33333
1040 1 0.0460178 0.0460178 0.0460178 0 1.33333
1117 1 0.0351082 0.0351082 0.0363862 0.001278 1.5
1017 1 0.0319443 0.0319443 0.0319443 0 1.33333
1041 1 0.0299206 0.0299206 0.0299206 0 1.33333
1181 1 0.029324 0.029324 0.029324 0 1.33333
1080 1 0.0293214 0.0293214 0.0293214 0 1.33333
1140 1 0.0293117 0.0293117 0.0293117 0 1.33333
1107 1 0.0184764 0.0184764 0.0184764 0 1.5
1142 1 0.0146039 0.0146039 0.0146039 6.66667e-09 1.5
1010 1 0.00294788 0.00294788 0.00294789 5e-09 1.5
1219 1 0.000205685 0.000205685 0.000205685 0 1.5
1193 1 0.000202529 0.000202529 0.000202529 0 1.5
1239 1 1e-08 1e-08 1e-08 0 1.5
1238 1 1e-08 1e-08 1e-08 0 1.33333
1237 1 1e-08 1e-08 1e-08 0 1.5
1236 1 1e-08 1e-08 1e-08 0 1.33333

1254 1 142.8 142.8 142.8 0 1.5
1064 22 48.3322 48.3322 138.412 136.215 1.5
1120 21 46.8562 46.8562 134.363 132.132 1.5
1034 11 88.5749 88.5749 88.5749 80.5226 1.5
601 13 88.5749 88.5749 88.5749 81.7615 1.5
1050 1 20.4598 20.4598 20.4598 0 1.5
1172 1 6.33628 6.33628 6.33628 0 1.5
462 1 2.08805 2.08805 2.28502 0.196969 1.5
659 1 1.43841 1.43841 1.43841 0 1.5
111 1 0.340136 0.340136 0.340136 0 1.33333
673 1 0.290462 0.290462 0.290462 0 1.33333
1031 1 0.29035 0.29035 0.29035 0 1.33333
997 1 0.289024 0.289024 0.289024 0 1.5
1158 1 0.145168 0.145168 0.145168 0 1.33333
1204 1 0.0527828 0.0527828 0.0527828 0 1.33333
1040 1 0.0460178 0.0460178 0.0460178 0 1.33333
1239 1 0.0351082 0.0351082 0.0351082 6.66667e-09 1.5
1017 1 0.0319443 0.0319443 0.0319443 0 1.33333
1041 1 0.0299206 0.0299206 0.0299206 0 1.33333
1181 1 0.029324 0.029324 0.029324 0 1.33333
1080 1 0.0293214 0.0293214 0.0293214 0 1.33333
1249 1 0.0293213 0.0293213 0.0293213 0 1.33333
1140 1 0.0293117 0.0293117 0.0293117 0 1.33333
1240 1 0.0219059 0.0219059 0.0261844 0.00427854 1.5
1107 1 0.0184764 0.0184764 0.0184764 0 1.5
1142 1 0.00294788 0.00294788 0.00294789 5e-09 1.5
1219 1 0.000205685 0.000205685 0.000205685 0 1.5
1193 1 0.000202529 0.000202529 0.000202529 0 1.5
1255 1 1e-08 1e-08 1e-08 0 1.33333
1253 1 1e-08 1e-08 1e-08 0 1.33333
1252 1 5e-09 5e-09 1e-08 5e-09 1.5
1251 1 1e-08 1e-08 1e-08 0 1.33333
1250 1 1e-08 1e-08 1e-08 0 1.33333
1248 1 1e-08 1e-08 1e-08 0 1.33333
1247 1 1e-08 1e-08 1e-08 0 1.33333
1246 1 1e-08 1e-08 1e-08 0 1.33333
1245 1 1e-08 1e-08 1e-08 0 1.33333
1244 1 1e-08 1e-08 1e-08 0 1.33333

1120 11 142.8 142.8 142.8 129.818 1.5
1254 22 65.4499 65.4499 139.858 136.883 1.5
1064 21 43.4608 43.4608 134.691 132.621 1.5
1034 11 88.5749 88.5749 88.5749 80.5226 1.5
601 13 88.5749 88.5749 88.5749 81.7615 1.5
1050 1 10.2299 10.2299 10.2303 0.000425309 1.5
1258 1 4.06214 4.06214 8.12428 4.06214 1.5
1172 1 6.33628 6.33628 6.33628 0 1.5
462 1 4.1761 4.1761 4.1761 0 1.5
659 1 1.43841 1.43841 1.43841 0 1.5
111 1 0.340136 0.340136 0.340136 0 1.33333
673 1 0.290462 0.290462 0.290462 0 1.33333
1031 1 0.29035 0.29035 0.29035 0 1.33333
997 1 0.289024 0.289024 0.289024 0 1.5
1158 1 0.145168 0.145168 0.145168 0 1.33333
1239 1 0.105324 0.105324 0.105324 0 1.5
1204 1 0.0263919 0.0263919 0.0527833 0.0263914 1.33333
1256 1 0.0527824 0.0527824 0.0527824 0 1.33333
1040 1 0.0460178 0.0460178 0.0460178 0 1.33333
1017 1 0.0319443 0.0319443 0.0319443 0 1.33333
1041 1 0.0299206 0.0299206 0.0299206 0 1.33333
1181 1 0.029324 0.029324 0.029324 0 1.33333
1080 1 0.0293214 0.0293214 0.0293214 0 1.33333
1249 1 0.0293213 0.0293213 0.0293213 0 1.33333
1140 1 0.0293117 0.0293117 0.0293117 0 1.33333
1240 1 0.00876236 0.00876236 0.0121852 0.00342283 1.5
1107 1 0.0092382 0.0092382 0.0092382 5e-09 1.5
1142 1 0.00294788 0.00294788 0.00294789 5e-09 1.5

1263 6 142.8 142.8 142.8 119 1.5
1254 18 41.458 41.458 142.8 140.497 1.5
1064 16 142.8 142.8 142.8 133.875 1.5
1120 17 44.9555 44.9555 134.13 131.486 1.5
1034 5 88.5749 88.5749 88.5749 70.8599 1.5
601 11 74.948 74.948 88.5749 81.7615 1.5
1050 1 20.4598 20.4598 20.4598 0 1.5
1258 1 8.12428 8.12428 8.12428 0 1.5
1172 1 3.16814 3.16814 4.05872 0.89058 1.5
462 1 2.08805 2.08805 2.08805 5e-09 1.5
659 1 1.43841 1.43841 1.43841 0 1.5
1270 1 1.33285 1.33285 1.33285 0 1.5
111 1 0.340136 0.340136 0.340136 0 1.33333
673 1 0.290462 0.290462 0.290462 0 1.33333
1031 1 0.29035 0.29035 0.29035 0 1.33333
997 1 0.289024 0.289024 0.289024 0 1.5
1158 1 0.145168 0.145168 0.145168 0 1.33333
1239 1 0.105324 0.105324 0.105324 0 1.5
1204 1 0.0527838 0.0527838 0.0527838 0 1.33333
1256 1 0.0527824 0.0527824 0.0527824 0 1.33333
1040 1 0.0460178 0.0460178 0.0460178 0 1.33333
1240 1 0.0438118 0.0438118 0.0438118 0 1.5
1017 1 0.0319443 0.0319443 0.0319443 0 1.33333
1041 1 0.0299206 0.0299206 0.0299206 0 1.33333
1181 1 0.029324 0.029324 0.029324 0 1.33333
1249 1 0.0293213 0.0293213 0.0293213 0 1.33333
1140 1 0.0293117 0.0293117 0.0293117 0 1.33333
1107 1 0.0184764 0.0184764 0.0184764 0 1.5
1080 1 0.0146607 0.0146607 0.0146607 5e-09 1.33333
1142 1 0.00294788 0.00294788 0.00294789 5e-09 1.5
1279 1 1e-08 1e-08 1e-08 0 1.5
1278 1 1e-08 1e-08 1e-08 0 1.33333
1277 1 1e-08 1e-08 1e-08 0 1.5
1276 1 1e-08 1e-08 1e-08 0 1.33333

1064 16 142.8 142.8 142.8 133.875 1.5
1120 16 142.8 142.8 142.8 133.875 1.5
1263 22 31.7333 31.7333 138.51 137.068 1.5
601 11 88.5749 88.5749 88.5749 80.5226 1.5
1034 5 88.5749 88.5749 88.5749 70.8599 1.5
1258 1 4.06214 4.06214 8.12428 4.06214 1.5
1050 1 6.81992 6.81992 6.81992 6.66667e-09 1.5
462 1 4.1761 4.1761 4.1761 0 1.5
1172 1 2.11209 2.11209 3.29953 1.18744 1.5
659 1 1.43841 1.43841 1.43841 0 1.5
1270 1 0.666424 0.666424 1.33285 0.666424 1.5
111 1 0.340136 0.340136 0.340136 0 1.33333
673 1 0.290462 0.290462 0.290462 0 1.33333
1031 1 0.29035 0.29035 0.29035 0 1.33333
997 1 0.289024 0.289024 0.289024 0 1.5
1158 1 0.145168 0.145168 0.145168 0 1.33333
1239 1 0.105324 0.105324 0.105324 0 1.5
1281 1 0.0555153 0.0555153 0.0555153 5e-09 1.33333
1204 1 0.0527838 0.0527838 0.0527838 0 1.33333
1256 1 0.0527824 0.0527824 0.0527824 0 1.33333
1040 1 0.0460178 0.0460178 0.0460178 0 1.33333
1240 1 0.0438118 0.0438118 0.0438118 0 1.5
1017 1 0.0319443 0.0319443 0.0319443 0 1.33333
1041 1 0.0299206 0.0299206 0.0299206 0 1.33333
1181 1 0.029324 0.029324 0.029324 0 1.33333
1080 1 0.0293214 0.0293214 0.0293214 0 1.33333
1249 1 0.0293213 0.0293213 0.0293213 0 1.33333
1140 1 0.0293117 0.0293117 0.0293117 0 1.33333
1107 1 0.0134847 0.0134847 0.0181038 0.0046191 1.5
1142 1 0.00589577 0.00589577 0.00589577 0 1.5
1291 1 0.000202307 0.000202307 0.000202307 0 1.5
1277 1 1e-08 1e-08 1e-08 0 1.5
1276 1 1e-08 1e-08 1e-08 0 1.33333
1280 1 1e-08 1e-08 1e-08 0 1.33333
1278 1 1e-08 1e-08 1e-08 0 1.33333
1282 1 2.5e-09 2.5e-09 1e-08 7.5e-09 1.5

1263 22 142.8 142.8 142.8 136.309 1.5
1064 22 51.5016 51.5016 140.48 138.139 1.5
1120 21 57.6691 57.6691 138.36 135.614 1.5
601 11 88.5749 88.5749 88.5749 80.5226 1.5
1034 5 88.5749 88.5749 88.5749 70.8599 1.5
1050 1 10.2299 10.2299 10.9491 0.719206 1.5
1258 1 8.12428 8.12428 8.12428 0 1.5
1172 1 6.33628 6.33628 6.33628 0 1.5
462 1 2.08805 2.08805 2.08805 5e-09 1.5
1270 1 1.33285 1.33285 1.33285 0 1.5
111 1 0.340136 0.340136 0.340136 0 1.33333
673 1 0.290462 0.290462 0.290462 0 1.33333
1031 1 0.29035 0.29035 0.29035 0 1.33333
997 1 0.289024 0.289024 0.289024 0 1.5
1158 1 0.145168 0.145168 0.145168 0 1.33333
1040 1 0.120981 0.120981 0.14399 0.0230089 1.33333
1281 1 0.111031 0.111031 0.111031 0 1.33333
1107 1 0.0539388 0.0539388 0.0539388 0 1.5
1204 1 0.0527838 0.0527838 0.0527838 0 1.33333
1256 1 0.0527824 0.0527824 0.0527824 0 1.33333
1239 1 0.0526622 0.0526622 0.0526623 5e-09 1.5
1017 1 0.0319443 0.0319443 0.0319443 0 1.33333
1041 1 0.0299206 0.0299206 0.0299206 0 1.33333
1181 1 0.029324 0.029324 0.029324 0 1.33333
1080 1 0.0293214 0.0293214 0.0293214 0 1.33333

1120 21 142.8 142.8 142.8 136 1.5
1064 21 46.8562 46.8562 138.38 136.149 1.5
1263 21 48.3677 48.3677 138.212 135.909 1.5
601 11 88.5749 88.5749 88.5749 80.5226 1.5
1034 5 88.5749 88.5749 88.5749 70.8599 1.5
1050 1 10.2299 10.2299 10.2299 5e-09 1.5
1258 1 8.12428 8.12428 8.12428 0 1.5
1172 1 6.33628 6.33628 6.33628 0 1.5
462 1 4.1761 4.1761 4.1761 0 1.5
1270 1 1.33285 1.33285 1.33285 0 1.5
111 1 0.340136 0.340136 0.340136 0 1.33333
1311 1 0.327386 0.327386 0.327386 0 1.33333
1308 1 0.300941 0.300941 0.300941 0 1.5
673 1 0.290462 0.290462 0.290462 0 1.33333
1031 1 0.29035 0.29035 0.29035 0 1.33333
997 1 0.289024 0.289024 0.289024 0 1.5
1040 1 0.241962 0.241962 0.241962 0 1.33333
1158 1 0.145168 0.145168 0.145168 0 1.33333
1281 1 0.111031 0.111031 0.111031 0 1.33333
1239 1 0.105324 0.105324 0.105324 0 1.5
1306 1 0.0699976 0.0699976 0.0699976 0 1.33333
1107 1 0.0539388 0.0539388 0.0539388 0 1.5
1204 1 0.0527838 0.0527838 0.0527838 0 1.33333
1256 1 0.0527824 0.0527824 0.0527824 0 1.33333
1017 1 0.0319443 0.0319443 0.0319443 0 1.33333
1041 1 0.0299206 0.0299206 0.0299206 0 1.33333
1181 1 0.029324 0.029324 0.029324 0 1.33333

1263 20 142.8 142.8 142.8 135.66 1.5
1064 22 57.1199 57.1199 140.836 138.24 1.5
1120 21 44.0999 44.0999 136.628 134.528 1.5
601 11 88.5749 88.5749 88.5749 80.5226 1.5
1034 5 88.5749 88.5749 88.5749 70.8599 1.5
1050 1 20.4598 20.4598 20.4598 0 1.5
1258 1 8.12428 8.12428 8.12428 0 1.5
1172 1 6.33628 6.33628 6.33628 0 1.5
462 1 1.39203 1.39203 1.39203 6.66667e-09 1.5
1270 1 1.33285 1.33285 1.33285 0 1.5
111 1 0.340136 0.340136 0.340136 0 1.33333
1311 1 0.327386 0.327386 0.327386 0 1.33333
1308 1 0.300941 0.300941 0.300941 0 1.5
673 1 0.290462 0.290462 0.290462 0 1.33333
1031 1 0.29035 0.29035 0.29035 0 1.33333
997 1 0.289024 0.289024 0.289024 0 1.5
1040 1 0.241962 0.241962 0.241962 0 1.33333
1158 1 0.145168 0.145168 0.145168 0 1.33333
1281 1 0.111031 0.111031 0.111031 0 1.33333
1306 1 0.0699976 0.0699976 0.0699976 0 1.33333
1107 1 0.0539388 0.0539388 0.0539388 0 1.5
1204 1 0.0527838 0.0527838 0.0527838 0 1.33333
1256 1 0.0527824 0.0527824 0.0527824 0 1.33333
1239 1 0.0526622 0.0526622 0.0526623 5e-09 1.5
1017 1 0.0319443 0.0319443 0.0319443 0 1.33333
1041 1 0.0299206 0.0299206 0.0299206 0 1.33333
1181 1 0.029324 0.029324 0.029324 0 1.33333

1329 5 142.8 142.8 142.8 114.24 1.5
1064 18 41.458 41.458 142.8 140.497 1.5
1120 9 142.8 142.8 142.8 126.933 1.5
1263 17 34.1915 34.1915 133.409 131.398 1.5
601 11 88.5749 88.5749 88.5749 80.5226 1.5
1034 5 88.5749 88.5749 88.5749 70.8599 1.5
1050 1 20.4598 20.4598 20.4598 0 1.5
1258 1 8.12428 8.12428 8.12428 0 1.5
1172 1 6.33628 6.33628 6.33628 0 1.5
462 1 4.1761 4.1761 4.1761 0 1.5
1270 1 1.33285 1.33285 1.33285 0 1.5
1336 1 0.938092 0.938092 0.938092 0 1.5
111 1 0.340136 0.340136 0.340136 0 1.33333
1311 1 0.327386 0.327386 0.327386 0 1.33333
1308 1 0.300941 0.300941 0.300941 0 1.5
673 1 0.290462 0.290462 0.290462 0 1.33333
1031 1 0.29035 0.29035 0.29035 0 1.33333
997 1 0.289024 0.289024 0.289024 0 1.5
1040 1 0.241962 0.241962 0.241962 0 1.33333
1158 1 0.145168 0.145168 0.145168 0 1.33333
1281 1 0.111031 0.111031 0.111031 0 1.33333
1107 1 0.0539388 0.0539388 0.0539388 0 1.5
1204 1 0.0527838 0.0527838 0.0527838 0 1.33333
1256 1 0.0527824 0.0527824 0.0527824 0 1.33333
1239 1 0.0351082 0.0351082 0.0351082 6.66667e-09 1.5
1306 1 0.0349988 0.0349988 0.0349988 5e-09 1.33333
1017 1 0.0319443 0.0319443 0.0319443 0 1.33333
1041 1 0.0299206 0.0299206 0.0299206 0 1.33333
1181 1 0.029324 0.029324 0.029324 0 1.33333
1332 1 0.0246294 0.0246294 0.0246294 0 1.5
1330 1 5e-09 5e-09 1e-08 5e-09 1.5
1331 1 1e-08 1e-08 1e-08 0 1.33333
1333 1 1e-08 1e-08 1e-08 0 1.33333
1334 1 5e-09 5e-09 1e-08 5e-09 1.5
1335 1 1e-08 1e-08 1e-08 0 1.33333
1337 1 1e-08 1e-08 1e-08 0 1.33333
1338 1 1e-08 1e-08 1e-08 0 1.33333
1339 1 1e-08 1e-08 1e-08 0 1.33333
1340 1 1e-08 1e-08 1e-08 0 1.5

