1 2.10157 2.10157 2.10157 0 0
1 0.286263 0.286263 0.286263 0 2
1 0.207974 0.207974 0.207974 0 2
1 0.00212229 0.00212229 0.00212229 0 2
1 1e-08 1e-08 1e-08 0 2

44 0.0309055 0.0309055 0.0397591 0.00885361 0
1 0.472544 0.472544 0.472544 0 1.5
1 0.444826 0.444826 0.444826 0 1.5
8 0.0716696 0.0220202 0.0418842 0.0213577 2
1 0.309485 0.309485 0.309485 0 1.5
5 0.0259968 0.0259968 0.0415948 0.0155981 2
1 0.123183 0.123183 0.123183 0 1.5
1 0.122783 0.122783 0.122783 0 1.5
1 0.0836103 0.0836103 0.0836103 0 1.5
1 0.0664784 0.0664784 0.0664784 0 1.5
1 0.0249862 0.0249862 0.0249862 0 1.5
1 0.0113888 0.0113888 0.0113888 0 1.5
1 0.00106115 0.00106115 0.00212229 0.00106115 2
1 1e-08 1e-08 1e-08 0 1.5
1 1e-08 1e-08 1e-08 0 1.5
1 5e-09 5e-09 1e-08 5e-09 2
1 1e-08 1e-08 1e-08 0 1.5

1 6.04579 6.04579 6.04579 0 1.5
19 0.0225976 0.0225976 0.105367 0.0827691 0
4 0.0576986 0.0393787 0.106431 0.0629735 1.5
3 0.0548062 0.016839 0.113236 0.0733039 2
2 0.0404387 0.0404387 0.129021 0.0885824 1.5
1 0.061897 0.061897 0.189673 0.127776 1.5
1 0.0231082 0.0231082 0.184866 0.161758 2
1 0.156814 0.156814 0.156814 0 1.5
1 0.123183 0.123183 0.123183 0 1.5
1 0.122783 0.122783 0.122783 0 1.5
1 0.0836103 0.0836103 0.0836103 0 1.5
1 0.0692796 0.0692796 0.0692796 0 1.5
1 0.0664784 0.0664784 0.0664784 0 1.5
1 0.0534783 0.0534783 0.0534783 0 1.33333
1 0.0340354 0.0340354 0.0340354 0 1.5
1 0.0249862 0.0249862 0.0249862 0 1.5
1 0.0237766 0.0237766 0.0237766 0 1.5
1 0.0113888 0.0113888 0.0113888 0 1.5
1 0.00848985 0.00848985 0.00848985 0 1.5
1 0.00106115 0.00106115 0.00212229 0.00106115 2
1 1e-08 1e-08 1e-08 0 1.5
1 1e-08 1e-08 1e-08 0 1.5
1 1e-08 1e-08 1e-08 0 1.5
1 1e-08 1e-08 1e-08 0 1.5
1 1e-08 1e-08 1e-08 0 1.33333
1 1e-08 1e-08 1e-08 0 1.5
1 1e-08 1e-08 1e-08 0 2
1 1e-08 1e-08 1e-08 0 1.5
1 1e-08 1e-08 1e-08 0 1.5

45 0.102471 0.00399743 0.100611 0.0145193 1.5
17 0.0538865 0.0538865 0.10607 0.0521834 0
4 0.232926 0.0715658 0.152246 0.0806802 2
1 0.530748 0.530748 0.530748 0 1.5
4 0.173096 0.118136 0.131876 0.0237983 1.5
1 0.360725 0.360725 0.360725 0 1.33333
1 0.340417 0.340417 0.340417 0 1.5
1 0.207974 0.207974 0.207974 0 2
1 0.123183 0.123183 0.123183 0 1.5
1 0.122783 0.122783 0.122783 0 1.5
1 0.0866946 0.0866946 0.0866946 0 1.5
1 0.0836103 0.0836103 0.0836103 0 1.5
1 0.0779231 0.0779231 0.0779231 0 1.5
1 0.0762982 0.0762982 0.0762982 0 1.33333
1 0.0692796 0.0692796 0.0692796 0 1.5
1 0.0664784 0.0664784 0.0664784 0 1.5
1 0.0543255 0.0543255 0.0543255 0 1.33333
1 0.0542933 0.0542933 0.0542933 0 1.33333
1 0.0535375 0.0535375 0.0535375 0 1.5
1 0.0534783 0.0534783 0.0534783 0 1.33333
1 0.0143066 0.0143066 0.0429199 0.0286133 1.5
1 0.0340354 0.0340354 0.0340354 0 1.5
1 0.0322741 0.0322741 0.0322741 0 1.5
1 0.0249862 0.0249862 0.0249862 0 1.5
1 0.0237766 0.0237766 0.0237766 0 1.5
1 0.00817318 0.00817318 0.0163464 0.00817318 1.5
1 0.0113888 0.0113888 0.0113888 0 1.5
1 0.00848985 0.00848985 0.00848985 0 1.5
1 0.00644179 0.00644179 0.00644179 0 1.33333
1 0.00106115 0.00106115 0.00212229 0.00106115 2
1 1e-08 1e-08 1e-08 0 1.5
1 1e-08 1e-08 1e-08 0 1.33333
1 1e-08 1e-08 1e-08 0 1.5
1 1e-08 1e-08 1e-08 0 1.5
1 1e-08 1e-08 1e-08 0 1.33333

42 0.0702998 0.0702998 0.130764 0.0604643 1.5
15 0.103196 0.061811 0.131318 0.067542 0
1 0.576671 0.576671 0.576671 0 1.5
1 0.529774 0.529774 0.529774 0 1.5
3 0.0692384 0.0472544 0.159743 0.0983802 1.5
3 0.133101 0.0408947 0.147588 0.0627248 2
1 0.33696 0.33696 0.33696 0 1.5
2 0.0680834 0.0680834 0.154946 0.0868624 1.5
2 0.0773713 0.0773713 0.154743 0.0773713 1.5
2 0.0901812 0.0901812 0.135272 0.0450906 1.33333
1 0.103987 0.103987 0.207974 0.103987 2
1 0.201476 0.201476 0.201476 0 1.33333
1 0.167823 0.167823 0.167823 0 1.5
1 0.144117 0.144117 0.155015 0.0108976 1.5
1 0.122783 0.122783 0.122783 0 1.5
1 0.0205305 0.0205305 0.12156 0.101029 1.5
1 0.105826 0.105826 0.105826 0 1.5
1 0.0901612 0.0901612 0.0901612 0 1.33333
1 0.0866946 0.0866946 0.0866946 0 1.5
1 0.0836103 0.0836103 0.0836103 0 1.5
1 0.0779231 0.0779231 0.0779231 0 1.5
1 0.0762982 0.0762982 0.0762982 0 1.33333
1 0.0731269 0.0731269 0.0731269 0 1.33333
1 0.0692796 0.0692796 0.0692796 0 1.5
1 0.0664784 0.0664784 0.0664784 0 1.5
1 0.057628 0.057628 0.057628 0 1.33333
1 0.0542933 0.0542933 0.0542933 0 1.33333
1 0.0535375 0.0535375 0.0535375 0 1.5
1 0.0214599 0.0214599 0.0429199 0.0214599 1.5
1 0.0371772 0.0371772 0.0371772 0 1.33333
1 0.0322741 0.0322741 0.0322741 0 1.5
1 0.0249862 0.0249862 0.0249862 0 1.5
1 0.0248763 0.0248763 0.0248763 0 1.33333
1 0.0237766 0.0237766 0.0237766 0 1.5
1 0.0172032 0.0172032 0.0172032 0 1.33333
1 0.0156436 0.0156436 0.0156436 0 1.33333
1 0.0113888 0.0113888 0.0113888 0 1.5
1 0.00644179 0.00644179 0.00644179 0 1.33333
1 0.00212229 0.00212229 0.00212229 0 2

30 0.0636399 0.0636399 0.167721 0.104081 1.5
12 0.100247 0.060045 0.163963 0.10118 0
11 1.55777 9.09091e-10 0.164025 0.441313 1.5
1 1.03736 1.03736 1.03736 0 1.33333
3 0.310568 0.095421 0.238853 0.101421 2
3 0.230795 0.157515 0.206368 0.0345445 1.5
2 0.265374 0.265374 0.265374 0 1.5
1 0.432352 0.432352 0.432352 0 1.5
1 0.426897 0.426897 0.426897 0 1.33333
1 0.387761 0.387761 0.387761 0 1.5
2 0.180362 0.180362 0.180362 0 1.33333
2 0.170208 0.170208 0.170208 0 1.5
2 0.16848 0.16848 0.16848 0 1.5
1 0.207974 0.207974 0.207974 0 2
1 0.201476 0.201476 0.201476 0 1.33333
1 0.167823 0.167823 0.167823 0 1.5
1 0.155765 0.155765 0.155765 0 1.33333
1 0.123183 0.123183 0.123183 0 1.5
1 0.122783 0.122783 0.122783 0 1.5
1 0.105826 0.105826 0.105826 0 1.5
1 0.0932335 0.0932335 0.0932335 0 1.33333
1 0.0901612 0.0901612 0.0901612 0 1.33333
1 0.0866946 0.0866946 0.0866946 0 1.5
1 0.0836103 0.0836103 0.0836103 0 1.5
1 0.0779231 0.0779231 0.0779231 0 1.5
1 0.0762982 0.0762982 0.0762982 0 1.33333
1 0.0692796 0.0692796 0.0692796 0 1.5
1 0.0664784 0.0664784 0.0664784 0 1.5
1 0.0576253 0.0576253 0.0576253 0 1.33333
1 0.0561932 0.0561932 0.0561932 0 1.33333
1 0.0543255 0.0543255 0.0543255 0 1.33333
1 0.0542933 0.0542933 0.0542933 0 1.33333
1 0.0535375 0.0535375 0.0535375 0 1.5
1 0.0534783 0.0534783 0.0534783 0 1.33333
1 0.0214599 0.0214599 0.0429199 0.0214599 1.5
1 0.0322741 0.0322741 0.0322741 0 1.5
1 0.0249862 0.0249862 0.0249862 0 1.5
1 0.0248763 0.0248763 0.0248763 0 1.33333
1 0.0237766 0.0237766 0.0237766 0 1.5
1 0.0172032 0.0172032 0.0172032 0 1.33333
1 0.0156436 0.0156436 0.0156436 0 1.33333
1 0.0113888 0.0113888 0.0113888 0 1.5
1 0.0105263 0.0105263 0.0105263 0 1.33333

32 0.0944654 0.0944654 0.177249 0.0827833 1.5
12 0.159485 0.0955261 0.187421 0.0807994 0
9 0.673649 0.0221797 0.182281 0.268366 1.5
1 0.874729 0.874729 0.874729 0 1.5
4 0.118323 0.115262 0.204594 0.0885765 1.33333
3 0.133101 0.133101 0.204731 0.0716301 2
3 0.115397 0.115397 0.20187 0.0864732 1.5
1 0.529774 0.529774 0.529774 0 1.5
2 0.132687 0.0773713 0.1824 0.0821661 1.5
2 0.180362 0.180362 0.180362 0 1.33333
1 0.170208 0.170208 0.340417 0.170208 1.5
1 0.337116 0.337116 0.337116 0 1.5
1 0.11232 0.11232 0.33696 0.22464 1.5
1 0.108088 0.108088 0.224349 0.116261 1.5
1 0.213448 0.213448 0.213448 5e-09 1.33333
1 0.207974 0.207974 0.207974 0 2
1 0.201476 0.201476 0.201476 0 1.33333
1 0.167823 0.167823 0.167823 0 1.5
1 0.155765 0.155765 0.155765 0 1.33333
1 0.149057 0.149057 0.149057 0 1.33333
1 0.123183 0.123183 0.123183 0 1.5
1 0.122783 0.122783 0.122783 0 1.5
1 0.110307 0.110307 0.110307 0 1.5
1 0.105826 0.105826 0.105826 0 1.5
1 0.0932335 0.0932335 0.0932335 0 1.33333
1 0.0901612 0.0901612 0.0901612 0 1.33333
1 0.0288982 0.0288982 0.0866946 0.0577964 1.5
1 0.0836103 0.0836103 0.0836103 0 1.5
1 0.0779231 0.0779231 0.0779231 0 1.5
1 0.0762982 0.0762982 0.0762982 0 1.33333
1 0.0692796 0.0692796 0.0692796 0 1.5
1 0.0664784 0.0664784 0.0664784 0 1.5
1 0.0561932 0.0561932 0.0561932 0 1.33333
1 0.0543255 0.0543255 0.0543255 0 1.33333
1 0.0542933 0.0542933 0.0542933 0 1.33333
1 0.0534783 0.0534783 0.0534783 0 1.33333
1 0.0214599 0.0214599 0.0429199 0.0214599 1.5
1 0.0325813 0.0325813 0.0404524 0.00787113 1.5
1 0.0371772 0.0371772 0.0371772 0 1.33333
1 0.0322741 0.0322741 0.0322741 0 1.5
1 0.0249862 0.0249862 0.0249862 0 1.5
1 0.0248763 0.0248763 0.0248763 0 1.33333

1 36.6853 36.6853 36.6853 0 1.25
1 34.7186 34.7186 34.7186 0 1.5
1 7.54833 7.54833 7.54833 0 1.5
5 0.0775101 0.0775101 1.10145 1.02394 1.5
3 1.45957 0.0480559 1.11398 0.671865 1.5
2 0.157311 0.125309 1.16521 1.02403 0
1 0.0968097 0.0968097 0.94556 0.84875 1.25
1 0.186341 0.186341 0.931705 0.745364 2
1 0.115397 0.115397 0.583148 0.467751 1.5
1 0.545463 0.545463 0.545463 0 1.5
1 0.251495 0.251495 0.476135 0.22464 1.5
1 0.426897 0.426897 0.426897 0 1.33333
1 0.387761 0.387761 0.387761 0 1.5
1 0.180362 0.180362 0.360725 0.180362 1.33333
1 0.340417 0.340417 0.340417 0 1.5
1 0.323279 0.323279 0.323279 0 1.33333
1 0.154743 0.154743 0.309485 0.154743 1.5
1 0.216176 0.216176 0.224349 0.00817318 1.5
1 0.209403 0.209403 0.209403 0 1.5
1 0.207974 0.207974 0.207974 0 2
1 0.201476 0.201476 0.201476 0 1.33333
1 0.167823 0.167823 0.167823 0 1.5
1 0.155765 0.155765 0.155765 0 1.33333
1 0.149057 0.149057 0.149057 0 1.33333
1 0.123183 0.123183 0.123183 0 1.5
1 0.122783 0.122783 0.122783 0 1.5
1 0.118683 0.118683 0.118683 0 1.5
1 0.110307 0.110307 0.110307 0 1.5
1 0.105826 0.105826 0.105826 0 1.5
1 0.101052 0.101052 0.101052 0 1.33333
1 0.0973486 0.0973486 0.0973486 0 1.33333
1 0.0932335 0.0932335 0.0932335 0 1.33333
1 0.0901612 0.0901612 0.0901612 0 1.33333
1 0.0313627 0.0313627 0.0882403 0.0568776 1.5
1 0.0866946 0.0866946 0.0866946 0 1.5
1 0.0836103 0.0836103 0.0836103 0 1.5
1 0.0779231 0.0779231 0.0779231 0 1.5
1 0.0762982 0.0762982 0.0762982 0 1.33333
1 0.0692796 0.0692796 0.0692796 0 1.5
1 0.0664784 0.0664784 0.0664784 0 1.5
1 0.0566985 0.0566985 0.0566985 0 1.33333
1 0.0561932 0.0561932 0.0561932 0 1.33333
1 0.0543255 0.0543255 0.0543255 0 1.33333
1 0.0542933 0.0542933 0.0542933 0 1.33333
1 0.0534783 0.0534783 0.0534783 0 1.33333
1 0.0429199 0.0429199 0.0429199 0 1.5
1 0.0371772 0.0371772 0.0371772 0 1.33333
1 0.0322741 0.0322741 0.0322741 0 1.5
1 0.0249862 0.0249862 0.0249862 0 1.5
1 0.0248763 0.0248763 0.0248763 0 1.33333
1 0.0180999 0.0180999 0.0180999 0 1.5
1 0.00767675 0.00767675 0.00767675 0 1.33333
1 0.000429051 0.000429051 0.000429051 0 1.33333
1 5.48928e-05 5.48928e-05 5.48928e-05 0 1.5
1 1e-08 1e-08 1e-08 0 1.5
1 1e-08 1e-08 1e-08 0 1.5
1 1e-08 1e-08 1e-08 0 1.5
1 1e-08 1e-08 1e-08 0 1.33333

1 34.7186 34.7186 34.7186 0 1.33333
23 1.23995 0.00952292 1.0802 0.413816 1.5
20 0.873458 0.873458 1.06938 0.195925 1.25
5 0.671754 0.671754 1.20916 0.537403 1.5
3 1.46824 1.16955 1.36868 0.140801 0
1 0.580641 0.580641 1.30211 0.721466 1.5
1 0.931705 0.931705 0.931705 0 2
1 0.754485 0.754485 0.754485 0 1.5
1 0.692384 0.692384 0.692384 0 1.5
1 0.591739 0.591739 0.591739 0 1.25
1 0.529774 0.529774 0.529774 0 1.5
1 0.501622 0.501622 0.501622 0 1.33333
1 0.432352 0.432352 0.432352 0 1.5
1 0.426897 0.426897 0.426897 0 1.33333
1 0.360725 0.360725 0.360725 0 1.33333
1 0.340417 0.340417 0.340417 0 1.5
1 0.337116 0.337116 0.337116 0 1.5
1 0.327217 0.327217 0.327217 0 1.33333
1 0.323279 0.323279 0.323279 0 1.33333
1 0.309485 0.309485 0.309485 0 1.5
1 0.276412 0.276412 0.276412 0 1.25
1 0.0823816 0.0823816 0.272074 0.189693 1.5
1 0.209403 0.209403 0.209403 0 1.5
1 0.207974 0.207974 0.207974 0 2
1 0.201476 0.201476 0.201476 0 1.33333
1 0.200014 0.200014 0.200014 0 1.33333
1 0.187364 0.187364 0.187364 0 1.33333
1 0.167823 0.167823 0.167823 0 1.5
1 0.156814 0.156814 0.156814 0 1.5
1 0.155765 0.155765 0.155765 0 1.33333
1 0.149057 0.149057 0.149057 0 1.33333
1 0.123183 0.123183 0.123183 0 1.5
1 0.122783 0.122783 0.122783 0 1.5
1 0.118683 0.118683 0.118683 0 1.5
1 0.110307 0.110307 0.110307 0 1.5
1 0.105826 0.105826 0.105826 0 1.5
1 0.101052 0.101052 0.101052 0 1.33333
1 0.0973486 0.0973486 0.0973486 0 1.33333
1 0.0901612 0.0901612 0.0901612 0 1.33333
1 0.0866946 0.0866946 0.0866946 0 1.5
1 0.0836103 0.0836103 0.0836103 0 1.5
1 0.0779231 0.0779231 0.0779231 0 1.5
1 0.0762982 0.0762982 0.0762982 0 1.33333
1 0.0757156 0.0757156 0.0757156 5e-09 1.5
1 0.0731269 0.0731269 0.0731269 0 1.33333
1 0.0692796 0.0692796 0.0692796 0 1.5
1 0.0664784 0.0664784 0.0664784 0 1.5
1 0.0618554 0.0618554 0.0618554 0 1.33333
1 0.0580441 0.0580441 0.0580441 0 1.33333
1 0.057628 0.057628 0.057628 0 1.33333
1 0.0566985 0.0566985 0.0566985 0 1.33333
1 0.0565563 0.0565563 0.0565563 0 1.5
1 0.0561932 0.0561932 0.0561932 0 1.33333
1 0.0542933 0.0542933 0.0542933 0 1.33333

30 1.07898 0.000644873 1.00747 0.26765 1.2
26 0.789059 0.789059 1.00424 0.215181 1.5
19 1.03961 0.846795 1.0042 0.153426 1.33333
5 0.671754 0.671754 1.07481 0.403052 1.5
4 0.629245 0.629245 1.06918 0.439932 0
1 1.69151 1.69151 1.82292 0.131406 1.5
1 1.01082 1.01082 1.01082 0 1.25
1 0.931705 0.931705 0.931705 0 2
1 0.377242 0.377242 0.754485 0.377242 1.5
1 0.692384 0.692384 0.692384 0 1.5
1 0.197246 0.197246 0.591739 0.394492 1.25
1 0.530748 0.530748 0.530748 0 1.5
1 0.529774 0.529774 0.529774 0 1.5
1 0.527292 0.527292 0.527292 0 1.5
1 0.501622 0.501622 0.501622 0 1.33333
1 0.360725 0.360725 0.360725 0 1.33333
1 0.340417 0.340417 0.340417 0 1.5
1 0.337116 0.337116 0.337116 0 1.5
1 0.327217 0.327217 0.327217 0 1.33333
1 0.323279 0.323279 0.323279 0 1.33333
1 0.276412 0.276412 0.276412 0 1.25
1 0.271199 0.271199 0.271199 0 1.33333

26 0.631247 0.631247 1.24048 0.609229 1.5
23 0.667005 0.667005 1.25013 0.583129 1.25
21 0.771524 0.771524 1.21815 0.446629 1.33333
1 10.4185 10.4185 10.4185 0 1.33333
5 0.755723 0.755723 1.20916 0.453434 1.5
3 0.880943 0.880943 1.46824 0.587295 0
1 3.38302 3.38302 3.38302 0 1.5
1 1.28174 1.28174 1.28174 0 1.33333
1 1.01082 1.01082 1.01082 0 1.25
1 0.931705 0.931705 0.931705 0 2
1 0.754485 0.754485 0.754485 0 1.5
1 0.591739 0.591739 0.591739 0 1.25
1 0.529774 0.529774 0.529774 0 1.5
1 0.527292 0.527292 0.527292 0 1.5
1 0.501622 0.501622 0.501622 0 1.33333
1 0.360725 0.360725 0.360725 0 1.33333
1 0.340417 0.340417 0.340417 0 1.5
1 0.337116 0.337116 0.337116 0 1.5
1 0.327217 0.327217 0.327217 0 1.33333
1 0.323279 0.323279 0.323279 0 1.33333
1 0.309485 0.309485 0.309485 0 1.5
1 0.276412 0.276412 0.276412 0 1.25
1 0.271199 0.271199 0.271199 0 1.33333
1 0.215115 0.215115 0.215115 0 1.5
1 0.173711 0.173711 0.173711 0 1.5
1 0.0643872 0.0643872 0.105172 0.0407844 1.25
1 0.0844156 0.0844156 0.0844156 0 1.5
1 0.0273463 0.0273463 0.0545132 0.0271669 1.25

22 0.789059 0.789059 1.47069 0.681631 1.5
2 25.2938 5.20927 15.2515 10.0423 1.33333
18 0.601398 0.601398 1.47367 0.872271 1.25
18 0.738693 0.738693 1.43922 0.700531 1.33333
4 1.20916 1.20916 1.51145 0.302289 1.5
3 1.46824 1.46824 1.46824 0 0
1 3.38302 3.38302 3.38302 0 1.5
1 1.28174 1.28174 1.28174 0 1.33333
1 1.08088 1.08088 1.08088 0 1.33333
1 1.01082 1.01082 1.01082 0 1.25
1 0.931705 0.931705 0.931705 0 2
1 0.754485 0.754485 0.754485 0 1.5
1 0.692384 0.692384 0.692384 0 1.5
1 0.622617 0.622617 0.622617 0 1.2
1 0.591739 0.591739 0.591739 0 1.25
1 0.530748 0.530748 0.530748 0 1.5
1 0.527292 0.527292 0.527292 0 1.5
1 0.501622 0.501622 0.501622 0 1.33333
1 0.387761 0.387761 0.387761 0 1.5
1 0.360725 0.360725 0.360725 0 1.33333
1 0.343273 0.343273 0.343273 0 1.25
1 0.340417 0.340417 0.340417 0 1.5
1 0.337116 0.337116 0.337116 0 1.5
1 0.327217 0.327217 0.327217 0 1.33333
1 0.323279 0.323279 0.323279 0 1.33333
1 0.31494 0.31494 0.31494 0 1.33333
1 0.276412 0.276412 0.276412 0 1.25
1 0.271199 0.271199 0.271199 0 1.33333
1 0.215115 0.215115 0.215115 0 1.5
1 0.11485 0.11485 0.11485 0 1.33333
1 0.09457 0.09457 0.09457 0 1.33333
1 0.0944193 0.0944193 0.0944193 0 1.33333
1 0.0844156 0.0844156 0.0844156 0 1.5
1 0.0565563 0.0565563 0.0565563 0 1.5
1 0.00787125 0.00787125 0.00866459 0.000793339 1.5
1 0.0032134 0.0032134 0.0032134 0 1.5
1 1e-08 1e-08 1e-08 0 1.5
1 1e-08 1e-08 1e-08 0 1.25
1 1e-08 1e-08 1e-08 0 1.25
1 1e-08 1e-08 1e-08 0 1.33333

24 1.44661 0.0289765 1.38754 0.28328 1.33333
21 0.873458 0.873458 1.37335 0.499888 1.25
20 0.631247 0.631247 1.39558 0.764334 1.5
16 2.14236 0.315713 1.39193 0.581748 1.33333
4 1.51145 1.51145 1.51145 0 1.5
3 1.46824 1.46824 1.46824 0 0
1 1.28174 1.28174 1.28174 0 1.33333
1 1.08088 1.08088 1.08088 0 1.33333
1 1.01082 1.01082 1.01082 0 1.25
1 0.931705 0.931705 0.931705 0 2
1 0.754485 0.754485 0.754485 0 1.5
1 0.692384 0.692384 0.692384 0 1.5
1 0.622617 0.622617 0.622617 0 1.2
1 0.591739 0.591739 0.591739 0 1.25
1 0.529774 0.529774 0.529774 0 1.5
1 0.527292 0.527292 0.527292 0 1.5
1 0.501622 0.501622 0.501622 0 1.33333
1 0.360725 0.360725 0.360725 0 1.33333
1 0.347305 0.347305 0.347305 0 1.5

24 2.94574 0.00678423 1.52174 0.878562 1.33333
22 0.940648 0.940648 1.49668 0.556031 1.25
21 0.867965 0.867965 1.53042 0.662451 1.5
16 0.578643 0.578643 1.49588 0.917241 1.33333
4 1.51145 1.51145 1.51145 0 1.5
2 1.46824 1.46824 2.20236 0.734119 0
1 3.38302 3.38302 3.38302 0 1.5
1 1.28174 1.28174 1.28174 0 1.33333
1 1.08088 1.08088 1.08088 0 1.33333
1 0.931705 0.931705 0.931705 0 2
1 0.754485 0.754485 0.754485 0 1.5
1 0.692384 0.692384 0.692384 0 1.5
1 0.622617 0.622617 0.622617 0 1.2
1 0.591739 0.591739 0.591739 0 1.25
1 0.529774 0.529774 0.529774 0 1.5
1 0.527292 0.527292 0.527292 0 1.5
1 0.510666 0.510666 0.510666 0 1.5
1 0.505409 0.505409 0.505409 5e-09 1.25

16 2.16991 2.16991 2.16991 4.44089e-16 1.33333
22 0.631247 0.631247 1.4081 0.776856 1.5
18 1.21893 0.872201 1.44467 0.558882 1.33333
18 0.780537 0.780537 1.4328 0.652258 1.25
4 1.51145 1.51145 1.51145 0 1.5
2 2.20236 2.20236 2.20236 0 0
1 3.38302 3.38302 3.38302 0 1.5
1 1.28174 1.28174 1.28174 0 1.33333
1 1.08088 1.08088 1.08088 0 1.33333
1 0.931705 0.931705 0.931705 0 2
1 0.754485 0.754485 0.754485 0 1.5
1 0.622617 0.622617 0.622617 0 1.2
1 0.591739 0.591739 0.591739 0 1.25
1 0.588345 0.588345 0.588345 0 1.5
1 0.529774 0.529774 0.529774 0 1.5
1 0.527292 0.527292 0.527292 0 1.5
1 0.510666 0.510666 0.510666 0 1.5
1 0.505409 0.505409 0.505409 5e-09 1.25
1 0.173711 0.173711 0.173711 0 1.5
1 0.136075 0.136075 0.136075 0 1.33333
1 0.0885176 0.0885176 0.0885176 0 1.33333
1 0.087818 0.087818 0.087818 0 1.2
1 0.0768618 0.0768618 0.0768618 0 1.2
1 1e-08 1e-08 1e-08 0 1.5

20 1.68328 1.20447 2.1452 0.866408 1.33333
1 34.7186 34.7186 34.7186 0 1.25
14 1.35871 1.35871 2.15425 0.79554 1.25
14 0.694372 0.694372 2.13376 1.43939 1.5
1 24.5259 24.5259 24.5259 0 1.33333
11 0.738693 0.738693 2.07646 1.33776 1.33333
2 1.51145 1.51145 3.02289 1.51145 1.5
2 2.20236 2.20236 2.20236 0 0
1 1.28174 1.28174 1.28174 0 1.33333
1 1.08088 1.08088 1.08088 0 1.33333
1 1.01082 1.01082 1.01082 0 1.25
1 0.931705 0.931705 0.931705 0 2
1 0.754485 0.754485 0.754485 0 1.5
1 0.692384 0.692384 0.692384 0 1.5
1 0.622617 0.622617 0.622617 0 1.2
1 0.591739 0.591739 0.591739 0 1.25
1 0.588345 0.588345 0.588345 0 1.5
1 0.527292 0.527292 0.527292 0 1.5
1 0.510666 0.510666 0.510666 0 1.5
1 0.387761 0.387761 0.387761 0 1.5
1 0.347305 0.347305 0.347305 0 1.5
1 0.136075 0.136075 0.136075 0 1.33333
1 0.0885176 0.0885176 0.0885176 0 1.33333
1 0.087818 0.087818 0.087818 0 1.2
1 0.0783834 0.0783834 0.0783834 0 1.33333
1 0.0768618 0.0768618 0.0768618 0 1.2
1 0.0715395 0.0715395 0.0715395 0 1.25
1 0.0016067 0.0016067 0.0032134 0.0016067 1.5
1 3.33333e-09 3.33333e-09 1e-08 6.66667e-09 1.5

19 2.08076 1.09973 2.23963 1.03089 1.33333
11 3.15624 3.15624 3.15624 4.44089e-16 1.33333
15 1.44661 1.44661 2.21818 0.771572 1.5
12 0.917131 0.917131 2.2962 1.37906 1.25
11 1.33533 1.33533 2.30993 0.974602 1.25
1 13.4831 13.4831 13.4831 0 1.25
2 12.2629 0.12528 6.19411 6.06883 1.33333
2 3.02289 3.02289 3.02289 0 1.5
2 2.20236 2.20236 2.20236 0 0
1 3.38302 3.38302 3.38302 0 1.5
1 1.28174 1.28174 1.28174 0 1.33333
1 1.08088 1.08088 1.08088 0 1.33333
1 0.931705 0.931705 0.931705 0 2
1 0.754485 0.754485 0.754485 0 1.5
1 0.692384 0.692384 0.692384 0 1.5
1 0.622617 0.622617 0.622617 0 1.2
1 0.591739 0.591739 0.591739 0 1.25
1 0.588345 0.588345 0.588345 0 1.5
1 0.529774 0.529774 0.529774 0 1.5
1 0.527292 0.527292 0.527292 0 1.5
1 0.510666 0.510666 0.510666 0 1.5
1 0.505409 0.505409 0.505409 0 1.2
1 0.136075 0.136075 0.136075 0 1.33333
1 0.127413 0.127413 0.127413 0 1.33333
1 0.119664 0.119664 0.119664 0 1.2
1 0.0885176 0.0885176 0.0885176 0 1.33333
1 0.087818 0.087818 0.087818 0 1.2
1 0.0768618 0.0768618 0.0768618 0 1.2
1 0.0715395 0.0715395 0.0715395 0 1.25
1 0.0590144 0.0590144 0.0590144 0 1.33333
1 0.0578422 0.0578422 0.0578422 0 1.25
1 0.0565563 0.0565563 0.0565563 0 1.5
1 0.0391917 0.0391917 0.0391917 5e-09 1.33333
1 0.0118069 0.0118069 0.0123164 0.000509547 1.5
1 0.0032134 0.0032134 0.0032134 0 1.5

17 2.17534 1.14972 2.533 1.11786 1.33333
13 2.16991 2.16991 2.50374 0.333833 1.25
12 1.02113 1.02113 2.56905 1.54792 1.5
1 30.3454 30.3454 30.3454 0 1.33333
12 1.35871 1.35871 2.49252 1.13381 1.25
8 0.99196 0.99196 2.52525 1.53329 1.33333
1 13.4831 13.4831 13.4831 0 1.25
2 12.2629 0.12528 6.19411 6.06883 1.33333
2 3.02289 3.02289 3.02289 0 1.5
1 2.20236 2.20236 4.40472 2.20236 0
1 3.60842 3.60842 3.60842 0 1.5
1 1.26563 1.26563 2.53126 1.26563 1.25
1 1.28174 1.28174 1.28174 0 1.33333
1 1.08088 1.08088 1.08088 0 1.33333
1 1.01082 1.01082 1.01082 0 1.25
1 0.931705 0.931705 0.931705 0 2
1 0.754485 0.754485 0.754485 0 1.5
1 0.692384 0.692384 0.692384 0 1.5
1 0.622617 0.622617 0.622617 0 1.2
1 0.591739 0.591739 0.591739 0 1.25
1 0.588345 0.588345 0.588345 0 1.5
1 0.558338 0.558338 0.558338 0 1.33333
1 0.529774 0.529774 0.529774 0 1.5
1 0.527292 0.527292 0.527292 0 1.5
1 0.510666 0.510666 0.510666 0 1.5
1 0.301826 0.301826 0.301826 0 1.25
1 0.2328 0.2328 0.2328 0 1.33333
1 0.136075 0.136075 0.136075 0 1.33333
1 0.127413 0.127413 0.127413 0 1.33333
1 0.119664 0.119664 0.119664 0 1.2
1 0.0885176 0.0885176 0.0885176 0 1.33333
1 0.087818 0.087818 0.087818 0 1.2
1 0.0783834 0.0783834 0.0783834 0 1.33333
1 0.0768618 0.0768618 0.0768618 0 1.2
1 0.0715395 0.0715395 0.0715395 0 1.25
1 0.0537788 0.0537788 0.0695246 0.0157458 1.5
1 0.0590144 0.0590144 0.0590144 0 1.33333
1 0.0578422 0.0578422 0.0578422 0 1.25
1 0.0236138 0.0236138 0.0236138 0 1.5
1 0.0164547 0.0164547 0.0164547 0 1.25
1 1e-08 1e-08 1e-08 0 1.5
1 1e-08 1e-08 1e-08 0 1.5

21 2.127 1.12417 2.40225 0.849747 1.33333
8 4.33982 4.33982 4.33982 8.88178e-16 1.33333
12 1.5095 1.5095 2.39016 0.880661 1.5
10 1.10338 1.08496 2.44743 1.36064 1.25
10 1.26501 1.26501 2.40898 1.14397 1.25
6 4.45603 1.59712 2.41348 1.08795 1.33333
1 13.4831 13.4831 13.4831 0 1.25
2 12.2629 0.12528 6.19411 6.06883 1.33333
2 3.02289 3.02289 3.02289 0 1.5
1 4.40472 4.40472 4.40472 0 0
1 3.38302 3.38302 3.38302 0 1.5
1 2.69903 2.69903 2.84994 0.150913 1.25
1 1.28174 1.28174 1.28174 0 1.33333
1 1.08088 1.08088 1.08088 0 1.33333
1 1.01082 1.01082 1.01082 0 1.25
1 0.931705 0.931705 0.931705 0 2
1 0.754485 0.754485 0.754485 0 1.5
1 0.692384 0.692384 0.692384 0 1.5
1 0.622617 0.622617 0.622617 0 1.2
1 0.591739 0.591739 0.591739 0 1.25
1 0.588345 0.588345 0.588345 0 1.5
1 0.558338 0.558338 0.558338 0 1.33333
1 0.263646 0.263646 0.527292 0.263646 1.5
1 0.510666 0.510666 0.510666 0 1.5
1 0.387761 0.387761 0.387761 0 1.5
1 0.276412 0.276412 0.276412 0 1.25
1 0.2328 0.2328 0.2328 0 1.33333
1 0.215115 0.215115 0.215115 0 1.5
1 0.136075 0.136075 0.136075 0 1.33333
1 0.127413 0.127413 0.127413 0 1.33333
1 0.119664 0.119664 0.119664 0 1.2
1 0.0933936 0.0933936 0.0933936 0 1.33333
1 0.0885176 0.0885176 0.0885176 0 1.33333
1 0.087818 0.087818 0.087818 0 1.2
1 0.0815722 0.0815722 0.0815722 0 1.25
1 0.0783834 0.0783834 0.0783834 0 1.33333
1 0.0768618 0.0768618 0.0768618 0 1.2
1 0.0715395 0.0715395 0.0715395 0 1.25

21 2.08076 1.53691 2.41443 0.84102 1.33333
13 4.70359 1.68585 2.47496 1.1007 1.33333
11 1.46741 1.46741 2.53562 1.06821 1.25
11 1.38874 1.38874 2.47061 1.08187 1.33333
10 1.44661 1.44661 2.46566 1.01905 1.5
9 1.53514 1.5095 2.62948 1.11715 1.25
1 13.4831 13.4831 13.4831 0 1.25
2 12.2629 0.12528 6.19411 6.06883 1.33333
2 3.02289 3.02289 3.02289 0 1.5
1 4.40472 4.40472 4.40472 0 0
1 3.60842 3.60842 3.60842 0 1.5
1 1.28174 1.28174 1.28174 0 1.33333
1 1.08088 1.08088 1.08088 0 1.33333
1 1.01082 1.01082 1.01082 0 1.25
1 0.931705 0.931705 0.931705 0 2
1 0.754485 0.754485 0.754485 0 1.5
1 0.692384 0.692384 0.692384 0 1.5
1 0.622617 0.622617 0.622617 0 1.2
1 0.591739 0.591739 0.591739 0 1.25
1 0.588345 0.588345 0.588345 0 1.5
1 0.558338 0.558338 0.558338 0 1.33333
1 0.529774 0.529774 0.529774 0 1.5
1 0.527292 0.527292 0.527292 0 1.5
1 0.510666 0.510666 0.510666 0 1.5
1 0.276412 0.276412 0.276412 0 1.25
1 0.2328 0.2328 0.2328 0 1.33333
1 0.215115 0.215115 0.215115 0 1.5
1 0.136075 0.136075 0.136075 0 1.33333
1 0.127413 0.127413 0.127413 0 1.33333
1 0.119664 0.119664 0.119664 0 1.2

1 70.6977 70.6977 70.6977 0 1.33333
17 2.127 1.57106 3.56713 1.84998 1.25
1 34.7186 34.7186 34.7186 0 1.33333
8 1.38874 1.38874 3.64862 2.25988 1.5
8 2.07696 2.04227 3.42405 1.37749 1.25
7 1.19719 1.19719 3.70824 2.51105 1.33333
7 2.73112 1.07283 3.50096 1.87043 1.33333
6 1.66751 1.66751 3.90049 2.23298 1.25
2 12.2629 0.12528 6.19411 6.06883 1.33333
2 7.57939 0.0409838 3.81019 3.7692 1.25
1 3.02289 3.02289 6.04579 3.02289 1.5
1 4.40472 4.40472 4.40472 0 0
1 3.38302 3.38302 3.38302 0 1.5
1 1.28174 1.28174 1.28174 0 1.33333
1 1.08088 1.08088 1.08088 0 1.33333
1 1.01082 1.01082 1.01082 0 1.25
1 0.931705 0.931705 0.931705 0 2
1 0.754485 0.754485 0.754485 0 1.5
1 0.622617 0.622617 0.622617 0 1.2
1 0.591739 0.591739 0.591739 0 1.25
1 0.588345 0.588345 0.588345 0 1.5
1 0.558338 0.558338 0.558338 0 1.33333
1 0.527292 0.527292 0.527292 0 1.5
1 0.510666 0.510666 0.510666 0 1.5
1 0.387761 0.387761 0.387761 0 1.5
1 0.276412 0.276412 0.276412 0 1.25
1 0.2328 0.2328 0.2328 0 1.33333
1 0.187147 0.187147 0.187147 0 1.33333
1 0.173711 0.173711 0.173711 0 1.5
1 0.136075 0.136075 0.136075 0 1.33333
1 0.131443 0.131443 0.131443 0 1.25
1 0.127413 0.127413 0.127413 0 1.33333
1 0.119664 0.119664 0.119664 0 1.2
1 0.00083706 0.00083706 0.00083706 0 1.33333
1 1e-08 1e-08 1e-08 0 1.25

2 35.3489 35.3489 35.3489 0 1.33333
1 56.2592 56.2592 56.2592 0 1.25
7 12.0949 4.75112 8.01422 3.53732 1.33333
13 1.25941 0.930233 4.1914 3.11357 1.33333
6 6.11421 6.11421 6.11421 0 1.25
8 2.67066 2.67066 4.33982 1.66916 1.5
6 1.23995 1.23995 4.39424 3.15429 1.33333
6 2.20677 2.16991 4.12657 1.95057 1.25
2 12.2629 0.12528 6.19411 6.06883 1.33333
1 7.57939 7.57939 7.62037 0.0409838 1.25
1 6.04579 6.04579 6.04579 0 1.5
1 4.40472 4.40472 4.40472 0 0
1 1.28174 1.28174 1.28174 0 1.33333
1 1.08088 1.08088 1.08088 0 1.33333
1 1.01082 1.01082 1.01082 0 1.25
1 0.931705 0.931705 0.931705 0 2
1 0.754485 0.754485 0.754485 0 1.5
1 0.692384 0.692384 0.692384 0 1.5
1 0.622617 0.622617 0.622617 0 1.2
1 0.591739 0.591739 0.591739 0 1.25
1 0.588345 0.588345 0.588345 0 1.5
1 0.558338 0.558338 0.558338 0 1.33333
1 0.529774 0.529774 0.529774 0 1.5
1 0.263646 0.263646 0.527292 0.263646 1.5
1 0.510666 0.510666 0.510666 0 1.5
1 0.347305 0.347305 0.347305 0 1.5
1 0.276412 0.276412 0.276412 0 1.25
1 0.2328 0.2328 0.2328 0 1.33333
1 0.187147 0.187147 0.187147 0 1.33333
1 0.136075 0.136075 0.136075 0 1.33333
1 0.131443 0.131443 0.131443 0 1.25
1 0.127413 0.127413 0.127413 0 1.33333
1 0.119664 0.119664 0.119664 0 1.2
1 0.0565563 0.0565563 0.0565563 0 1.5
1 0.0348941 0.0348941 0.0348941 0 1.33333
1 0.00083706 0.00083706 0.00083706 0 1.33333
1 1e-08 1e-08 1e-08 0 1.25
1 1e-08 1e-08 1e-08 0 1.33333
1 1e-08 1e-08 1e-08 0 1.25
1 1e-08 1e-08 1e-08 0 1.5

19 2.27893 1.68328 3.14747 1.24852 1.25
13 3.52769 1.5039 3.20183 1.17804 1.33333
8 4.33982 4.33982 4.33982 8.88178e-16 1.33333
4 8.67965 8.67965 8.67965 0 1.25
10 1.82729 1.82729 3.10681 1.27952 1.5
10 2.00926 2.00926 3.09174 1.08248 1.25
9 2.29283 2.29283 3.0577 0.76487 1.25
2 12.2629 0.12528 6.19411 6.06883 1.33333
1 6.04579 6.04579 6.04579 0 1.5
1 4.40472 4.40472 4.40472 0 0
1 3.7897 3.7897 3.81594 0.0262471 1.25
1 3.38302 3.38302 3.38302 0 1.5
1 1.28174 1.28174 1.28174 0 1.33333
1 1.23314 1.23314 1.23314 0 1.33333
1 1.08088 1.08088 1.08088 0 1.33333
1 1.01082 1.01082 1.01082 0 1.25
1 0.931705 0.931705 0.931705 0 2
1 0.754485 0.754485 0.754485 0 1.5
1 0.692384 0.692384 0.692384 0 1.5
1 0.622617 0.622617 0.622617 0 1.2
1 0.591739 0.591739 0.591739 0 1.25
1 0.588345 0.588345 0.588345 0 1.5
1 0.558338 0.558338 0.558338 0 1.33333
1 0.529774 0.529774 0.529774 0 1.5
1 0.527292 0.527292 0.527292 0 1.5
1 0.510666 0.510666 0.510666 0 1.5
1 0.276412 0.276412 0.276412 0 1.25
1 0.2328 0.2328 0.2328 0 1.33333
1 0.187147 0.187147 0.187147 0 1.33333
1 0.136075 0.136075 0.136075 0 1.33333
1 0.131443 0.131443 0.131443 0 1.25
1 0.127413 0.127413 0.127413 0 1.33333
1 0.119664 0.119664 0.119664 0 1.2
1 0.0565563 0.0565563 0.0565563 0 1.5

18 5.31751 0.000517035 3.92161 2.11537 1.33333
13 3.92765 3.92765 3.96769 0.0400343 1.33333
11 2.41899 2.41899 4.07078 1.65179 1.33333
10 2.81296 2.81296 3.96218 1.14922 1.2
9 3.33502 3.33502 4.07614 0.741116 1.25
7 4.30296 2.04227 4.13937 1.94252 1.25
7 1.44661 1.44661 3.93094 2.48434 1.5
5 1.65327 1.65327 4.38526 2.732 1.33333
1 15.1588 15.1588 15.1588 0 1.25
2 12.2629 0.12528 6.19411 6.06883 1.33333
1 6.04579 6.04579 6.04579 0 1.5
1 4.40472 4.40472 4.40472 0 0
1 3.38302 3.38302 3.38302 0 1.5
1 1.28174 1.28174 1.28174 0 1.33333
1 1.23314 1.23314 1.23314 0 1.33333
1 1.08088 1.08088 1.08088 0 1.33333
1 1.01082 1.01082 1.01082 0 1.25
1 0.931705 0.931705 0.931705 0 2
1 0.754485 0.754485 0.754485 0 1.5
1 0.692384 0.692384 0.692384 0 1.5
1 0.622617 0.622617 0.622617 0 1.2
1 0.591739 0.591739 0.591739 0 1.25
1 0.588345 0.588345 0.588345 0 1.5
1 0.558338 0.558338 0.558338 0 1.33333
1 0.529774 0.529774 0.529774 0 1.5
1 0.527292 0.527292 0.527292 0 1.5
1 0.510666 0.510666 0.510666 0 1.5
1 0.276412 0.276412 0.276412 0 1.25

18 2.91947 2.91947 3.80086 0.881395 1.33333
15 1.40758 1.40758 3.79159 2.38402 1.25
11 2.67901 2.67901 3.91342 1.23441 1.25
9 5.22503 2.4799 3.88841 1.40071 1.25
5 6.94372 6.94372 6.94372 0 1.33333
9 3.47186 3.47186 3.85762 0.385762 1.5
7 2.29283 2.29283 4.26411 1.97128 1.25
4 15.9525 0.0409425 4.04753 6.88064 1.25
1 15.1588 15.1588 15.1588 0 1.25
2 12.2629 0.12528 6.19411 6.06883 1.33333
1 6.04579 6.04579 6.04579 0 1.5
1 4.40472 4.40472 4.40472 0 0
1 3.60842 3.60842 3.60842 0 1.5
1 1.28174 1.28174 1.28174 0 1.33333
1 1.23314 1.23314 1.23314 0 1.33333
1 1.08088 1.08088 1.08088 0 1.33333
1 1.01082 1.01082 1.01082 0 1.25
1 0.931705 0.931705 0.931705 0 2
1 0.772457 0.772457 0.772457 0 1.25
1 0.754485 0.754485 0.754485 0 1.5
1 0.648706 0.648706 0.648706 0 1.25
1 0.622617 0.622617 0.622617 0 1.2
1 0.591739 0.591739 0.591739 0 1.25
1 0.588345 0.588345 0.588345 0 1.5
1 0.558338 0.558338 0.558338 0 1.33333
1 0.527292 0.527292 0.527292 0 1.5
1 0.510666 0.510666 0.510666 0 1.5
1 0.469979 0.469979 0.469979 0 1.25
1 0.387761 0.387761 0.387761 0 1.5
1 0.318541 0.318541 0.318541 0 1.2

17 1.96894 1.96894 3.94512 1.97618 1.33333
15 2.127 2.127 3.9286 1.80159 1.25
11 2.1639 2.16382 3.96956 1.80572 1.25
9 8.53392 2.4799 3.98101 2.07514 1.33333
1 34.7186 34.7186 34.7186 0 1.2
8 3.65752 1.73593 4.17761 2.13049 1.25
8 2.16991 2.16991 4.07041 1.9005 1.5
8 4.58566 0.00929604 4.01361 1.51349 1.25
1 15.1588 15.1588 15.1588 0 1.25
2 12.2629 0.12528 6.19411 6.06883 1.33333
1 6.04579 6.04579 6.04579 0 1.5
1 4.40472 4.40472 4.40472 0 0
1 3.38302 3.38302 3.38302 0 1.5
1 1.28174 1.28174 1.28174 0 1.33333
1 1.23314 1.23314 1.23314 0 1.33333
1 1.08088 1.08088 1.08088 0 1.33333
1 1.01082 1.01082 1.01082 0 1.25
1 0.931705 0.931705 0.931705 0 2
1 0.772457 0.772457 0.772457 0 1.25
1 0.754485 0.754485 0.754485 0 1.5
1 0.70438 0.70438 0.70438 0 1.25
1 0.622617 0.622617 0.622617 0 1.2
1 0.591739 0.591739 0.591739 0 1.25
1 0.588345 0.588345 0.588345 0 1.5
1 0.558338 0.558338 0.558338 0 1.33333
1 0.529774 0.529774 0.529774 0 1.5
1 0.527292 0.527292 0.527292 0 1.5
1 0.510666 0.510666 0.510666 0 1.5
1 0.41341 0.41341 0.41341 0 1.25
1 0.318541 0.318541 0.318541 0 1.2
1 0.0883891 0.0883891 0.0883891 0 1.33333

16 2.49013 2.49013 4.20673 1.7166 1.33333
16 1.99407 1.99407 4.14279 2.14872 1.25
12 2.44615 2.44605 4.06388 1.61777 1.25
9 4.87669 2.31457 4.19735 1.58653 1.25
8 4.33982 4.33982 4.33982 8.88178e-16 1.5
8 4.58566 0.00929604 4.01361 1.51349 1.25
7 6.63749 1.92881 4.02449 2.17712 1.33333
6 2.04227 2.04227 4.42703 2.38476 1.2
1 15.1588 15.1588 15.1588 0 1.25
2 12.2629 0.12528 6.19411 6.06883 1.33333
1 6.04579 6.04579 6.04579 0 1.5
1 4.40472 4.40472 4.40472 0 0
1 3.60842 3.60842 3.60842 0 1.5
1 2.35775 2.35775 2.35775 0 1.33333
1 1.28174 1.28174 1.28174 0 1.33333
1 1.23314 1.23314 1.23314 0 1.33333
1 1.08088 1.08088 1.08088 0 1.33333
1 1.01082 1.01082 1.01082 0 1.25
1 0.931705 0.931705 0.931705 0 2
1 0.772457 0.772457 0.772457 0 1.25
1 0.754485 0.754485 0.754485 0 1.5
1 0.622617 0.622617 0.622617 0 1.2
1 0.591739 0.591739 0.591739 0 1.25
1 0.588345 0.588345 0.588345 0 1.5
1 0.558338 0.558338 0.558338 0 1.33333
1 0.529774 0.529774 0.529774 0 1.5

17 3.13369 2.5869 3.72266 1.11108 1.25
17 2.22802 2.22802 3.64813 1.42011 1.33333
5 23.895 6.94372 10.334 6.7805 1.33333
10 1.75817 1.75817 3.89444 2.13627 1.25
9 2.35969 1.11995 3.89508 2.03439 1.33333
8 2.16991 2.16991 3.79799 1.62807 1.5
7 2.29283 2.29283 3.93604 1.64321 1.25
1 15.1588 15.1588 15.1588 0 1.25
2 12.2629 0.12528 6.19411 6.06883 1.33333
1 6.04579 6.04579 6.04579 0 1.5
1 4.40472 4.40472 4.40472 0 0
1 3.60842 3.60842 3.60842 0 1.5
1 2.35775 2.35775 2.35775 0 1.33333
1 1.28174 1.28174 1.28174 0 1.33333
1 1.23314 1.23314 1.23314 0 1.33333
1 1.08088 1.08088 1.08088 0 1.33333
1 1.01082 1.01082 1.01082 0 1.25
1 0.931705 0.931705 0.931705 0 2
1 0.772457 0.772457 0.772457 0 1.25
1 0.754485 0.754485 0.754485 0 1.5
1 0.622617 0.622617 0.622617 0 1.2
1 0.591739 0.591739 0.591739 0 1.25
1 0.588345 0.588345 0.588345 0 1.5
1 0.577718 0.577718 0.577718 0 1.2
1 0.558338 0.558338 0.558338 0 1.33333
1 0.529774 0.529774 0.529774 0 1.5
1 0.250851 0.250851 0.250851 0 1.33333
1 0.0162454 0.0162454 0.0162454 5e-09 1.16667
1 0.0032134 0.0032134 0.0032134 0 1.5
1 0.0032134 0.0032134 0.0032134 0 1.25
1 1e-08 1e-08 1e-08 0 1.2

16 2.52057 2.08076 4.17139 2.04084 1.25
15 2.06499 2.06499 4.07021 2.00522 1.33333
10 3.06346 1.87565 4.28743 1.91243 1.33333
2 36.5752 0.288859 18.432 18.1432 1.2
7 5.24075 5.24075 5.24075 0 1.25
1 34.7186 34.7186 34.7186 0 1.25
8 3.47186 3.47186 4.33982 0.867965 1.5
7 2.25046 2.25046 4.52944 2.27898 1.2
1 15.1588 15.1588 15.1588 0 1.25
2 12.2629 0.12528 6.19411 6.06883 1.33333
1 6.04579 6.04579 6.04579 0 1.5
1 4.40472 4.40472 4.40472 0 0
1 3.38302 3.38302 3.38302 0 1.5
1 2.35775 2.35775 2.35775 0 1.33333
1 1.28174 1.28174 1.28174 0 1.33333
1 1.23314 1.23314 1.23314 0 1.33333
1 1.08088 1.08088 1.08088 0 1.33333
1 1.01082 1.01082 1.01082 0 1.25
1 0.931705 0.931705 0.931705 0 2
1 0.772457 0.772457 0.772457 0 1.25
1 0.754485 0.754485 0.754485 0 1.5
1 0.622617 0.622617 0.622617 0 1.2
1 0.591739 0.591739 0.591739 0 1.25
1 0.588345 0.588345 0.588345 0 1.5
1 0.279169 0.279169 0.558338 0.279169 1.33333
1 0.529774 0.529774 0.529774 0 1.5
1 0.250851 0.250851 0.250851 0 1.33333
1 0.0324908 0.0324908 0.0324908 0 1.16667
1 0.0032134 0.0032134 0.0032134 0 1.5
1 0.0032134 0.0032134 0.0032134 0 1.25
1 1e-08 1e-08 1e-08 0 1.2
1 1e-08 1e-08 1e-08 0 1.5
1 1e-08 1e-08 1e-08 0 1.16667

1 119.475 119.475 119.475 0 1.33333
10 11.9475 1e-09 7.51958 5.50517 1.33333
13 3.05122 2.51882 5.31113 2.67886 1.25
7 8.03735 8.03735 8.03735 0 1.25
9 2.06499 2.06499 5.50758 3.44259 1.33333
6 2.61251 2.61251 5.48232 2.86981 1.2
6 2.89322 2.89322 5.31113 2.41792 1.5
5 1.9308 1.9308 6.1795 4.2487 1.25
1 15.1588 15.1588 15.1588 0 1.25
2 12.2629 0.12528 6.19411 6.06883 1.33333
1 6.04579 6.04579 6.04579 0 1.5
1 4.40472 4.40472 4.40472 0 0
1 3.60842 3.60842 3.60842 0 1.5
1 2.35775 2.35775 2.35775 0 1.33333
1 1.28174 1.28174 1.28174 0 1.33333
1 1.23314 1.23314 1.23314 0 1.33333
1 1.08088 1.08088 1.08088 0 1.33333
1 1.01082 1.01082 1.01082 0 1.25
1 0.931705 0.931705 0.931705 0 2
1 0.799215 0.799215 0.799215 0 1.25
1 0.772457 0.772457 0.772457 0 1.25
1 0.754485 0.754485 0.754485 0 1.5
1 0.622617 0.622617 0.622617 0 1.2
1 0.591739 0.591739 0.591739 0 1.25
1 0.588345 0.588345 0.588345 0 1.5
1 0.558338 0.558338 0.558338 0 1.33333
1 0.273515 0.273515 0.537027 0.263511 1.25
1 0.387761 0.387761 0.387761 0 1.5
1 0.250851 0.250851 0.250851 0 1.33333
1 0.102711 0.102711 0.102711 0 1.16667
1 0.0390363 0.0390363 0.0390363 0 1.2
1 0.0266217 0.0266217 0.0266217 0 1.2
1 0.0137128 0.0137128 0.0137128 0 1.25
1 0.0032134 0.0032134 0.0032134 0 1.25
1 0.0032134 0.0032134 0.0032134 0 1.5
1 1e-08 1e-08 1e-08 0 1.16667
1 1e-08 1e-08 1e-08 0 1.5
1 1e-08 1e-08 1e-08 0 1.2
1 1e-08 1e-08 1e-08 0 1.25

17 4.29431 3.545 3.96765 0.402127 1.25
15 1.53173 1.53173 4.02846 2.49673 1.2
14 3.68107 3.68107 4.06735 0.386281 1.33333
12 4.3278 0.26431 3.98936 1.12309 1.25
5 7.33705 7.33705 7.33705 0 1.25
6 5.78643 5.78643 5.78643 0 1.5
1 15.1588 15.1588 15.1588 0 1.25
2 12.2629 0.12528 6.19411 6.06883 1.33333
1 8.64511 8.64511 8.64511 0 1.16667
1 8.64511 8.64511 8.64511 0 1.2
1 6.04579 6.04579 6.04579 0 1.5
1 4.40472 4.40472 4.40472 0 0
1 3.38302 3.38302 3.38302 0 1.5
1 2.35775 2.35775 2.35775 0 1.33333
1 2.30933 2.30933 2.30933 0 1.2
1 1.36758 1.36758 1.36758 0 1.25
1 1.28174 1.28174 1.28174 0 1.33333
1 1.23314 1.23314 1.23314 0 1.33333
1 1.08088 1.08088 1.08088 0 1.33333
1 1.01082 1.01082 1.01082 0 1.25
1 0.931705 0.931705 0.931705 0 2
1 0.772457 0.772457 0.772457 0 1.25
1 0.754485 0.754485 0.754485 0 1.5
1 0.622617 0.622617 0.622617 0 1.2
1 0.591739 0.591739 0.591739 0 1.25
1 0.588345 0.588345 0.588345 0 1.5
1 0.558338 0.558338 0.558338 0 1.33333
1 0.529774 0.529774 0.529774 0 1.5
1 0.445841 0.445841 0.445841 5e-09 1.33333
1 0.2407 0.2407 0.2407 0 1.2
1 0.102711 0.102711 0.102711 0 1.16667
1 0.0390363 0.0390363 0.0390363 0 1.2
1 0.0199382 0.0199382 0.0199382 0 1.25
1 0.0137128 0.0137128 0.0137128 0 1.25
1 0.00708514 0.00708514 0.00708514 0 1.33333
1 0.0032134 0.0032134 0.0032134 0 1.5
1 0.0032134 0.0032134 0.0032134 0 1.25

25 3.73359 3.73359 4.1836 0.45001 1.33333
19 3.84839 3.84839 4.12353 0.275143 1.33333
16 2.57659 2.127 4.29525 1.98413 1.25
8 2.08376 2.08376 4.48039 2.39664 1.25
7 2.62038 2.62038 4.49699 1.87661 1.25
7 2.31457 2.31457 4.30477 1.99019 1.5
2 5.05293 5.05293 5.09693 0.044006 1.25
2 4.90518 4.90518 4.96027 0.0550902 1.25
1 7.2349 7.2349 7.2349 0 1.16667
1 6.04579 6.04579 6.04579 0 1.5
1 4.40472 4.40472 4.40472 0 0
1 2.8817 2.8817 3.7453 0.863602 1.2
1 3.38302 3.38302 3.38302 0 1.5
1 2.35775 2.35775 2.35775 0 1.33333
1 1.8886 1.8886 1.8886 0 1.2
1 1.28174 1.28174 1.28174 0 1.33333
1 1.23314 1.23314 1.23314 0 1.33333
1 1.08088 1.08088 1.08088 0 1.33333
1 1.01082 1.01082 1.01082 0 1.25
1 0.931705 0.931705 0.931705 0 2
1 0.891683 0.891683 0.891683 0 1.33333
1 0.772457 0.772457 0.772457 0 1.25
1 0.754485 0.754485 0.754485 0 1.5

23 1.99125 1.99125 4.0961 2.10485 1.33333
20 3.31275 2.73472 4.04107 1.00044 1.25
15 1.96894 1.96894 4.07358 2.10464 1.33333
11 3.3095 3.3095 4.2161 0.906602 1.2
7 4.9598 4.9598 4.9598 0 1.5
7 2.03807 2.03807 4.08228 2.04421 1.25
2 12.2629 12.2629 12.2629 0 1.33333
2 4.32255 4.32255 4.32255 5.48894e-13 1.2
1 6.04579 6.04579 6.04579 0 1.5
1 4.40472 4.40472 4.40472 0 0
1 3.60842 3.60842 3.60842 0 1.5
1 2.35775 2.35775 2.35775 0 1.33333
1 1.28174 1.28174 1.28174 0 1.33333
1 1.23314 1.23314 1.23314 0 1.33333
1 1.08088 1.08088 1.08088 0 1.33333
1 1.01082 1.01082 1.01082 0 1.25
1 0.931705 0.931705 0.931705 0 2
1 0.891683 0.891683 0.891683 0 1.33333
1 0.772457 0.772457 0.772457 0 1.25
1 0.754485 0.754485 0.754485 0 1.5
1 0.498076 0.498076 0.498076 0 1.25
1 0.166608 0.166608 0.166608 0 1.25

18 2.025 2.025 4.72716 2.70217 1.33333
18 2.63515 2.63515 4.70321 2.06807 1.25
15 2.82215 2.82215 4.59857 1.77641 1.33333
8 2.55734 2.55734 4.94319 2.38585 1.25
7 5.24075 5.24075 5.24075 0 1.25
7 4.9598 4.9598 4.9598 0 1.5
2 12.2629 12.2629 12.2629 0 1.33333
1 22.9357 22.9357 22.9357 0 1.25
3 9.9772 0.0155584 4.82904 4.0737 1.25
1 4.32255 4.32255 7.94001 3.61745 1.16667
1 6.04579 6.04579 6.04579 0 1.5
1 4.40472 4.40472 4.40472 0 0
1 3.60842 3.60842 3.60842 0 1.5
1 3.07628 3.07628 3.07628 0 1.25
1 2.35775 2.35775 2.35775 0 1.33333
1 1.28174 1.28174 1.28174 0 1.33333
1 1.23314 1.23314 1.23314 0 1.33333
1 1.08088 1.08088 1.08088 0 1.33333
1 1.01082 1.01082 1.01082 0 1.25
1 0.931705 0.931705 0.931705 0 2
1 0.905794 0.905794 0.905794 0 1.25
1 0.891683 0.891683 0.891683 0 1.33333
1 0.772457 0.772457 0.772457 0 1.25
1 0.754485 0.754485 0.754485 0 1.5
1 0.498076 0.498076 0.498076 0 1.25
1 0.173927 0.173927 0.347854 0.173927 1.33333
1 0.332531 0.332531 0.332531 0 1.2
1 0.166608 0.166608 0.166608 0 1.25
1 0.117846 0.117846 0.117846 0 1.25
1 0.0360116 0.0360116 0.0360116 5e-09 1.2
1 0.0071753 0.0071753 0.0071753 0 1.25

22 2.59728 2.59728 3.89742 1.30014 1.33333
18 2.74399 2.57659 4.02197 1.4366 1.25
16 2.49013 2.49013 3.98091 1.49078 1.33333
9 2.00934 2.00934 3.86373 1.85439 1.25
7 4.9598 4.9598 4.9598 0 1.5
8 1.9308 1.9308 3.95161 2.0208 1.25
2 12.2629 12.2629 12.2629 0 1.33333
1 8.64511 8.64511 8.64511 0 1.2
1 6.04579 6.04579 6.04579 0 1.5
1 4.40472 4.40472 4.40472 0 0
1 3.38302 3.38302 3.38302 0 1.5
1 2.35775 2.35775 2.35775 0 1.33333
1 1.28174 1.28174 1.28174 0 1.33333
1 1.23314 1.23314 1.23314 0 1.33333
1 1.08088 1.08088 1.08088 0 1.33333
1 1.01082 1.01082 1.01082 0 1.25
1 0.931705 0.931705 0.931705 0 2
1 0.891683 0.891683 0.891683 0 1.33333
1 0.885207 0.885207 0.885207 0 1.2
1 0.772457 0.772457 0.772457 0 1.25
1 0.754485 0.754485 0.754485 0 1.5
1 0.498076 0.498076 0.498076 0 1.25
1 0.332531 0.332531 0.332531 0 1.2
1 0.166608 0.166608 0.166608 0 1.25
1 0.134145 0.134145 0.134655 0.000510437 1.33333
1 0.117846 0.117846 0.117846 0 1.25

22 2.29759 2.29759 4.2843 1.9867 1.33333
17 2.80636 2.63515 4.35984 1.7151 1.25
16 2.06499 2.06499 4.26198 2.19699 1.33333
11 3.3095 3.3095 4.35709 1.0476 1.25
8 4.58566 4.58566 4.58566 8.88178e-16 1.25
7 2.67066 2.67066 4.57828 1.90761 1.5
2 12.2629 12.2629 12.2629 0 1.33333
1 8.64511 8.64511 8.64511 0 1.2
1 6.04579 6.04579 6.04579 0 1.5
1 4.40472 4.40472 4.40472 0 0
1 3.38302 3.38302 3.38302 0 1.5
1 2.35775 2.35775 2.35775 0 1.33333
1 1.28174 1.28174 1.28174 0 1.33333
1 1.23314 1.23314 1.23314 0 1.33333
1 1.08088 1.08088 1.08088 0 1.33333
1 1.01082 1.01082 1.01082 0 1.25
1 0.931705 0.931705 0.931705 0 2
1 0.891683 0.891683 0.891683 0 1.33333
1 0.772457 0.772457 0.772457 0 1.25
1 0.754485 0.754485 0.754485 0 1.5
1 0.498076 0.498076 0.498076 0 1.25
1 0.332531 0.332531 0.332531 0 1.2
1 0.292349 0.292349 0.292349 0 1.2
1 0.134145 0.134145 0.229764 0.0956187 1.25
1 0.166608 0.166608 0.166608 0 1.25

22 1.9586 1.9586 4.09756 2.13896 1.33333
19 2.87162 2.69643 3.96238 1.25734 1.25
15 2.22802 2.22802 4.11131 1.8833 1.33333
8 4.58566 4.58566 4.58566 8.88178e-16 1.25
9 2.34423 2.34423 3.95467 1.61044 1.25
7 4.9598 4.9598 4.9598 0 1.5
2 12.2629 12.2629 12.2629 0 1.33333
1 8.64511 8.64511 8.64511 0 1.2
1 6.04579 6.04579 6.04579 0 1.5
1 4.40472 4.40472 4.40472 0 0
1 3.38302 3.38302 3.38302 0 1.5
1 2.35775 2.35775 2.35775 0 1.33333
1 1.28174 1.28174 1.28174 0 1.33333
1 1.23314 1.23314 1.23314 0 1.33333
1 1.08088 1.08088 1.08088 0 1.33333
1 1.01082 1.01082 1.01082 0 1.25
1 0.931705 0.931705 0.931705 0 2
1 0.891683 0.891683 0.891683 0 1.33333
1 0.885207 0.885207 0.885207 0 1.2
1 0.772457 0.772457 0.772457 0 1.25
1 0.754485 0.754485 0.754485 0 1.5
1 0.498076 0.498076 0.498076 0 1.25
1 0.332531 0.332531 0.332531 0 1.2
1 0.26829 0.26829 0.26829 0 1.33333
1 0.166608 0.166608 0.166608 0 1.25

1 105.011 105.011 105.011 0 1.25
16 2.25424 2.25424 5.5017 3.24746 1.33333
13 2.93999 2.76063 5.59546 2.80798 1.25
12 3.02374 3.02374 5.43671 2.41298 1.33333
8 3.3095 3.3095 5.62426 2.31476 1.25
6 4.9598 4.9598 5.78643 0.826633 1.5
1 28.1398 28.1398 28.1398 0 1.25
5 1.35871 1.35871 5.41348 4.05476 1.25
2 12.2629 12.2629 12.2629 0 1.33333
1 8.64511 8.64511 8.64511 0 1.2
1 6.04579 6.04579 6.04579 0 1.5
1 4.40472 4.40472 4.40472 0 0
1 3.38302 3.38302 3.38302 0 1.5
1 1.17887 1.17887 1.30131 0.122434 1.33333
1 1.28174 1.28174 1.28174 0 1.33333
1 1.23314 1.23314 1.23314 0 1.33333
1 1.08088 1.08088 1.08088 0 1.33333
1 1.01082 1.01082 1.01082 0 1.25
1 0.931705 0.931705 0.931705 0 2
1 0.891683 0.891683 0.891683 0 1.33333
1 0.772457 0.772457 0.772457 0 1.25
1 0.754485 0.754485 0.754485 0 1.5
1 0.498076 0.498076 0.498076 0 1.25
1 0.292349 0.292349 0.292349 0 1.2
1 0.26829 0.26829 0.26829 0 1.33333
1 0.166608 0.166608 0.166608 0 1.25
1 0.0541857 0.0541857 0.0541857 0 1.25
1 0.0532474 0.0532474 0.0532474 0 1.25
1 1e-08 1e-08 1e-08 0 1.33333
1 1e-08 1e-08 1e-08 0 1.33333

20 2.98687 2.98687 5.22736 2.24049 1.33333
16 3.74181 3.51353 5.35742 1.76176 1.2
11 2.91696 2.91696 5.35154 2.43457 1.25
10 5.62615 5.62615 5.62615 0 1.25
9 2.91947 2.91947 5.58097 2.66151 1.33333
5 7.33705 7.33705 7.33705 0 1.25
6 5.78643 5.78643 5.78643 0 1.5
1 28.1398 28.1398 28.1398 0 1.25
2 12.2629 12.2629 12.2629 0 1.33333
1 8.64511 8.64511 8.64511 0 1.2
1 6.04579 6.04579 6.04579 0 1.5
1 4.40472 4.40472 4.40472 0 0
1 3.38302 3.38302 3.38302 0 1.5
1 2.35775 2.35775 2.35775 0 1.33333
1 1.28174 1.28174 1.28174 0 1.33333
1 1.23314 1.23314 1.23314 0 1.33333
1 1.08088 1.08088 1.08088 0 1.33333
1 1.01082 1.01082 1.01082 0 1.25
1 0.931705 0.931705 0.931705 0 2
1 0.891683 0.891683 0.891683 0 1.33333
1 0.885207 0.885207 0.885207 0 1.2
1 0.772457 0.772457 0.772457 0 1.25
1 0.754485 0.754485 0.754485 0 1.5
1 0.498076 0.498076 0.498076 0 1.25
1 0.384487 0.384487 0.384487 0 1.33333
1 0.26829 0.26829 0.26829 0 1.33333
1 0.166608 0.166608 0.166608 0 1.25
1 0.0541857 0.0541857 0.0541857 0 1.25
1 0.0532474 0.0532474 0.0532474 0 1.25
1 0.0440836 0.0440836 0.0440836 0 1.2

18 3.06346 3.06346 5.44756 2.3841 1.33333
16 5.25053 5.25053 5.5795 0.328969 1.25
16 3.52799 3.31275 5.34092 1.88283 1.25
12 4.57332 3.68107 5.67409 1.93445 1.33333
7 1.87538 1.87538 5.77405 3.89867 1.25
6 5.78643 5.78643 5.78643 0 1.5
1 28.1398 28.1398 28.1398 0 1.25
2 12.2629 12.2629 12.2629 0 1.33333
4 2.62038 2.62038 5.89973 3.27936 1.25
1 8.64511 8.64511 8.64511 0 1.2
1 6.04579 6.04579 6.04579 0 1.5
1 4.40472 4.40472 4.40472 0 0
1 3.38302 3.38302 3.38302 0 1.5
1 1.84247 1.84247 1.90403 0.0615582 1.25
1 1.28174 1.28174 1.28174 0 1.33333
1 1.23314 1.23314 1.23314 0 1.33333
1 1.17887 1.17887 1.21391 0.0350401 1.33333
1 1.08088 1.08088 1.08088 0 1.33333
1 1.01082 1.01082 1.01082 0 1.25
1 0.931705 0.931705 0.931705 0 2
1 0.891683 0.891683 0.891683 0 1.33333
1 0.885207 0.885207 0.885207 0 1.2
1 0.772457 0.772457 0.772457 0 1.25
1 0.754485 0.754485 0.754485 0 1.5
1 0.498076 0.498076 0.498076 0 1.25
1 0.384487 0.384487 0.384487 0 1.33333
1 0.26829 0.26829 0.26829 0 1.33333
1 0.231516 0.231516 0.231516 0 1.16667

18 3.08855 3.08855 5.32008 2.23153 1.25
17 2.98687 2.98687 5.45159 2.46472 1.33333
16 3.42999 3.42999 5.54071 2.11071 1.25
11 3.50621 2.82215 5.49386 2.61692 1.25
7 2.96113 2.96113 5.94324 2.98211 1.25
4 9.17131 9.17131 9.17131 0 1.25
1 28.1398 28.1398 28.1398 0 1.25
4 4.33982 4.33982 6.51307 2.17325 1.5
2 12.2629 12.2629 12.2629 0 1.33333
1 6.04579 6.04579 6.04579 0 1.5
1 4.40472 4.40472 4.40472 0 0
1 4.32255 4.32255 4.32255 5e-09 1.2
1 3.68494 3.68494 3.68494 0 1.25
1 3.60842 3.60842 3.60842 0 1.5
1 2.35775 2.35775 2.35775 0 1.33333
1 1.28174 1.28174 1.28174 0 1.33333
1 1.23314 1.23314 1.23314 0 1.33333
1 1.08088 1.08088 1.08088 0 1.33333
1 1.01082 1.01082 1.01082 0 1.25
1 0.931705 0.931705 0.931705 0 2
1 0.891683 0.891683 0.891683 0 1.33333
1 0.772457 0.772457 0.772457 0 1.25
1 0.754485 0.754485 0.754485 0 1.5
1 0.737375 0.737375 0.737375 0 1.2
1 0.498076 0.498076 0.498076 0 1.25
1 0.483404 0.483404 0.483404 0 1.16667
1 0.384487 0.384487 0.384487 0 1.33333
1 0.352665 0.352665 0.352665 0 1.33333
1 0.292349 0.292349 0.292349 0 1.2
1 0.26829 0.26829 0.26829 0 1.33333

15 3.31875 3.31875 6.41842 3.09968 1.33333
13 3.0117 3.0117 6.71711 3.70541 1.2
11 4.7812 3.84839 6.74574 2.8253 1.33333
11 2.23427 2.23427 6.54238 4.30811 1.25
2 61.7399 0.0289899 30.8844 30.8554 1.2
8 5.62615 5.62615 6.43748 0.811332 1.25
4 9.17131 9.17131 9.17131 0 1.25
4 8.67965 8.67965 8.67965 0 1.5
4 14.1108 0.0665857 7.11101 6.99996 1.25
1 28.1398 28.1398 28.1398 0 1.25
2 12.2629 12.2629 12.2629 0 1.33333
1 6.04579 6.04579 6.04579 0 1.5
1 5.69133 5.69133 5.69133 0 1.16667
1 4.40472 4.40472 4.40472 0 0
1 3.60842 3.60842 3.60842 0 1.5
1 2.35775 2.35775 2.35775 0 1.33333
1 1.28174 1.28174 1.28174 0 1.33333
1 1.23314 1.23314 1.23314 0 1.33333
1 1.08088 1.08088 1.08088 0 1.33333
1 1.01082 1.01082 1.01082 0 1.25
1 0.931705 0.931705 0.931705 0 2
1 0.772457 0.772457 0.772457 0 1.25
1 0.754485 0.754485 0.754485 0 1.5
1 0.498076 0.498076 0.498076 0 1.25
1 0.445841 0.445841 0.488352 0.0425105 1.33333
1 0.352665 0.352665 0.352665 0 1.33333
1 0.292349 0.292349 0.292349 0 1.2
1 0.241702 0.241702 0.251236 0.0095345 1.16667
1 0.192244 0.192244 0.240404 0.0481603 1.33333
1 0.149989 0.149989 0.149989 0 1.25
1 0.131171 0.131171 0.13144 0.000268813 1.33333
1 1e-08 1e-08 1e-08 0 1.2
1 1e-08 1e-08 1e-08 0 1.33333

17 2.84464 2.84464 5.40719 2.56255 1.25
16 4.40999 4.40999 5.58025 1.17026 1.2
14 4.20043 4.20043 5.43671 1.23629 1.25
11 3.28708 2.64577 5.6927 2.99431 1.33333
8 3.12564 3.12564 5.48443 2.3588 1.2
5 7.33705 7.33705 7.33705 0 1.25
4 8.67965 8.67965 8.67965 0 1.5
1 28.1398 28.1398 28.1398 0 1.25
2 12.2629 12.2629 12.2629 0 1.33333
1 9.25818 9.25818 9.25818 0 1.16667
1 6.04579 6.04579 6.04579 0 1.5
1 5.69133 5.69133 5.69133 0 1.16667
1 4.40472 4.40472 4.40472 0 0
1 3.38302 3.38302 3.38302 0 1.5
1 2.35775 2.35775 2.35775 0 1.33333
1 1.28174 1.28174 1.28174 0 1.33333
1 1.23314 1.23314 1.23314 0 1.33333
1 1.08088 1.08088 1.08088 0 1.33333
1 1.01082 1.01082 1.01082 0 1.25
1 0.931705 0.931705 0.931705 0 2
1 0.891683 0.891683 0.891683 0 1.33333
1 0.885207 0.885207 0.885207 0 1.2
1 0.772457 0.772457 0.772457 0 1.25
1 0.754485 0.754485 0.754485 0 1.5
1 0.498076 0.498076 0.498076 0 1.25
1 0.385082 0.385082 0.485645 0.100563 1.2
1 0.483404 0.483404 0.483404 0 1.16667
1 0.389644 0.389644 0.389644 0 1.16667
1 0.384487 0.384487 0.384487 0 1.33333
1 0.352665 0.352665 0.352665 0 1.33333
1 0.157693 0.157693 0.157693 0 1.16667
1 0.149989 0.149989 0.149989 0 1.25

13 3.16615 3.16615 7.08691 3.92076 1.2
13 3.28158 3.28158 7.07151 3.78992 1.25
12 3.41357 3.41357 7.40186 3.9883 1.33333
2 59.7374 14.0699 36.9037 22.8338 1.33333
9 3.62712 2.91947 7.41817 4.27585 1.33333
2 59.7374 0.0596837 29.8986 29.8389 1.33333
5 5.11468 5.11468 8.20474 3.09006 1.25
3 18.7538 3.33333e-09 12.5025 8.84064 1.25
4 8.67965 8.67965 8.67965 0 1.5
2 12.2629 12.2629 12.2629 0 1.33333
3 3.0571 3.0571 7.15184 4.09473 1.25
2 20.4727 0.129881 10.3276 10.1714 1.2
1 9.25818 9.25818 9.25818 0 1.16667
1 6.04579 6.04579 6.04579 0 1.5
1 4.40472 4.40472 4.40472 0 0
1 2.69557 2.69557 2.99326 0.297691 1.2
1 2.35775 2.35775 2.35775 0 1.33333
1 1.28174 1.28174 1.28174 0 1.33333
1 1.23314 1.23314 1.23314 0 1.33333
1 1.08088 1.08088 1.08088 0 1.33333
1 1.01082 1.01082 1.01082 0 1.25
1 0.931705 0.931705 0.931705 0 2
1 0.891683 0.891683 0.891683 0 1.33333
1 0.772457 0.772457 0.772457 0 1.25
1 0.754485 0.754485 0.754485 0 1.5
1 0.498076 0.498076 0.498076 0 1.25
1 0.391083 0.391083 0.391083 0 1.33333
1 0.384487 0.384487 0.384487 0 1.33333
1 0.352665 0.352665 0.352665 0 1.33333
1 0.347305 0.347305 0.347305 0 1.5
1 0.339737 0.339737 0.339737 0 1.2
1 0.292349 0.292349 0.292349 0 1.2
1 0.231516 0.231516 0.231516 0 1.16667
1 0.152939 0.152939 0.152939 0 1.16667
1 0.149989 0.149989 0.149989 0 1.25
1 0.00522017 0.00522017 0.00522017 0 1.2
1 1e-08 1e-08 1e-08 0 1.25
1 1e-08 1e-08 1e-08 0 1.33333

15 5.36868 5.36868 6.44432 1.07563 1.2
15 2.48906 2.48906 6.14457 3.65551 1.33333
12 3.0003 3.0003 6.56836 3.56806 1.25
10 4.38277 3.52769 6.48705 2.51622 1.33333
8 7.03268 1.25e-09 6.1536 2.32584 1.25
3 12.2284 12.2284 12.2284 0 1.25
4 8.67965 8.67965 8.67965 0 1.5
1 29.3432 29.3432 29.3432 0 1.25
2 12.2629 12.2629 12.2629 0 1.33333
2 17.3593 6.58873 11.974 5.38528 1.25
3 20.4727 0.0485432 7.8691 8.99795 1.16667
3 4.68996 4.68996 6.38371 1.69375 1.25
1 6.04579 6.04579 6.04579 0 1.5
1 5.39114 5.39114 5.39114 0 1.2
1 4.40472 4.40472 4.40472 0 0
1 3.38302 3.38302 3.38302 0 1.5
1 2.35775 2.35775 2.35775 0 1.33333
1 1.28174 1.28174 1.28174 0 1.33333
1 1.23314 1.23314 1.23314 0 1.33333
1 1.08088 1.08088 1.08088 0 1.33333
1 1.02811 1.02811 1.02811 0 1.16667
1 1.01082 1.01082 1.01082 0 1.25
1 0.931705 0.931705 0.931705 0 2
1 0.891683 0.891683 0.891683 0 1.33333
1 0.772457 0.772457 0.772457 0 1.25
1 0.757393 0.757393 0.757393 0 1.16667
1 0.754485 0.754485 0.754485 0 1.5
1 0.584672 0.584672 0.584672 0 1.25
1 0.498076 0.498076 0.498076 0 1.25
1 0.483404 0.483404 0.483404 0 1.16667
1 0.389644 0.389644 0.389644 0 1.16667
1 0.384487 0.384487 0.384487 0 1.33333
1 0.352665 0.352665 0.352665 0 1.33333
1 0.292349 0.292349 0.292349 0 1.2
1 0.291959 0.291959 0.291959 0 1.25

1 119.475 119.475 119.475 0 1.33333
13 4.42499 4.42499 7.83036 3.40537 1.33333
9 3.75038 3.75038 8.44585 4.69547 1.25
9 3.63606 3.18747 8.24871 5.01338 1.33333
6 19.9125 4.68996 12.3012 7.61126 1.33333
9 3.42999 3.42999 7.85135 4.42135 1.2
2 59.7374 0.130994 29.9342 29.8032 1.25
4 3.3095 3.3095 8.30716 4.99766 1.25
2 30.7091 0.0728148 15.3909 15.3181 1.16667
3 2.82194 2.82194 9.40648 6.58453 1.25
3 3.85762 3.85762 9.00859 5.15097 1.5
2 12.2629 12.2629 12.2629 0 1.33333
1 13.1775 13.1775 13.1775 0 1.25
1 9.25818 9.25818 9.25818 0 1.16667
1 6.04579 6.04579 6.04579 0 1.5
1 5.39114 5.39114 5.39114 0 1.2
1 4.40472 4.40472 4.40472 0 0
1 3.60842 3.60842 3.60842 0 1.5
1 2.35775 2.35775 2.35775 0 1.33333
1 1.28174 1.28174 1.28174 0 1.33333
1 1.23314 1.23314 1.23314 0 1.33333
1 1.08088 1.08088 1.08088 0 1.33333
1 1.02811 1.02811 1.02811 0 1.16667
1 1.01082 1.01082 1.01082 0 1.25
1 0.931705 0.931705 0.931705 0 2
1 0.891683 0.891683 0.891683 0 1.33333
1 0.772457 0.772457 0.772457 0 1.25
1 0.757393 0.757393 0.757393 0 1.16667
1 0.754485 0.754485 0.754485 0 1.5
1 0.498076 0.498076 0.498076 0 1.25
1 0.483404 0.483404 0.483404 0 1.16667
1 0.389644 0.389644 0.389644 0 1.16667
1 0.384487 0.384487 0.384487 0 1.33333
1 0.352665 0.352665 0.352665 0 1.33333
1 0.292349 0.292349 0.292349 0 1.2
1 0.00412107 0.00412107 0.00412107 0 1.25
1 1e-08 1e-08 1e-08 0 1.33333

16 7.26351 0.0202514 6.41679 2.24753 1.2
13 5.45409 4.7812 6.37018 1.50516 1.33333
12 1.61453 1.61453 6.31994 4.70542 1.25
12 3.75038 3.75038 6.26189 2.51151 1.25
1 61.4181 61.4181 61.4181 0 1.2
4 14.0654 14.0654 14.0654 0 1.25
3 12.2284 12.2284 12.2284 0 1.25
3 11.5729 11.5729 11.5729 0 1.5
2 12.2629 12.2629 12.2629 0 1.33333
1 13.1775 13.1775 13.1775 0 1.25
1 9.25818 9.25818 9.25818 0 1.16667
1 6.04579 6.04579 6.04579 0 1.5
1 5.39114 5.39114 5.39114 0 1.2
1 4.40472 4.40472 4.40472 0 0
1 3.60842 3.60842 3.60842 0 1.5
1 2.35775 2.35775 2.35775 0 1.33333
1 1.28174 1.28174 1.28174 0 1.33333
1 1.25554 1.25554 1.25554 0 1.16667
1 1.23314 1.23314 1.23314 0 1.33333
1 1.08088 1.08088 1.08088 0 1.33333
1 1.02811 1.02811 1.02811 0 1.16667
1 1.01082 1.01082 1.01082 0 1.25
1 0.931705 0.931705 0.931705 0 2
1 0.891683 0.891683 0.891683 0 1.33333
1 0.772457 0.772457 0.772457 0 1.25
1 0.754485 0.754485 0.754485 0 1.5
1 0.6672 0.6672 0.6672 0 1.25
1 0.498076 0.498076 0.498076 0 1.25
1 0.392221 0.392221 0.392221 0 1.33333
1 0.389644 0.389644 0.389644 0 1.16667
1 0.384487 0.384487 0.384487 0 1.33333
1 0.352665 0.352665 0.352665 0 1.33333
1 0.292349 0.292349 0.292349 0 1.2
1 0.286614 0.286614 0.288675 0.00206053 1.33333
1 0.231516 0.231516 0.231516 0 1.16667
1 0.14563 0.14563 0.14563 0 1.16667
1 0.130994 0.130994 0.130994 0 1.25
1 0.0111216 0.0111216 0.0111216 0 1.33333
1 1e-08 1e-08 1e-08 0 1.33333
1 1e-08 1e-08 1e-08 0 1.2
1 1e-08 1e-08 1e-08 0 1.16667

12 9.95624 0.101492 9.13501 2.72371 1.33333
9 13.275 1.11111e-09 10.3282 5.51289 1.33333
12 4.44407 3.89579 7.35865 3.37766 1.33333
6 19.9125 0.00053663 13.2936 9.36055 1.33333
9 3.16615 3.16615 7.45943 4.29329 1.16667
8 4.37544 4.37544 7.77863 3.40318 1.2
6 3.51634 3.51634 8.20834 4.692 1.25
4 6.94372 6.94372 8.67965 1.73593 1.5
4 2.62038 2.62038 7.86398 5.2436 1.25
3 5.11818 5.11818 8.82072 3.70254 1.2
2 12.2629 12.2629 12.2629 0 1.33333
1 13.1775 13.1775 13.1775 0 1.25
1 6.04579 6.04579 6.04579 0 1.5
1 5.39114 5.39114 5.39114 0 1.2
1 4.40472 4.40472 4.40472 0 0
1 3.38302 3.38302 3.38302 0 1.5
1 2.35775 2.35775 2.35775 0 1.33333
1 1.28174 1.28174 1.28174 0 1.33333
1 1.25554 1.25554 1.25554 0 1.16667
1 1.23314 1.23314 1.23314 0 1.33333
1 1.08088 1.08088 1.08088 0 1.33333
1 1.02811 1.02811 1.02811 0 1.16667
1 1.01082 1.01082 1.01082 0 1.25
1 0.931705 0.931705 0.931705 0 2
1 0.885207 0.885207 0.885207 0 1.2
1 0.772457 0.772457 0.772457 0 1.25
1 0.754485 0.754485 0.754485 0 1.5
1 0.445841 0.445841 0.659349 0.213507 1.33333
1 0.573228 0.573228 0.573228 0 1.33333
1 0.498076 0.498076 0.498076 0 1.25
1 0.483404 0.483404 0.483404 0 1.16667
1 0.392221 0.392221 0.392221 0 1.33333
1 0.389644 0.389644 0.389644 0 1.16667
1 0.384487 0.384487 0.384487 0 1.33333
1 0.352665 0.352665 0.352665 0 1.33333
1 0.283468 0.283468 0.283468 0 1.16667
1 0.28318 0.28318 0.28318 0 1.16667

16 6.1771 6.1771 6.17714 4.22007e-05 1.25
13 9.49844 0.00185439 6.61668 4.32413 1.2
13 4.13759 3.62712 6.05934 2.28732 1.33333
4 30.8699 15.3545 19.2334 6.71837 1.2
11 1.593 1.593 6.4134 4.8204 1.33333
7 4.3278 4.3278 6.2001 1.8723 1.25
4 9.17131 9.17131 9.17131 0 1.25
4 8.67965 8.67965 8.67965 0 1.5
2 12.2629 12.2629 12.2629 0 1.33333
1 13.1775 13.1775 13.1775 0 1.25
1 6.04579 6.04579 6.04579 0 1.5
1 5.39114 5.39114 5.39114 0 1.2
1 4.40472 4.40472 4.40472 0 0
1 2.9677 2.9677 2.9677 0 1.25
1 2.35775 2.35775 2.35775 0 1.33333
1 1.99067 1.99067 1.99067 0 1.2
1 1.28174 1.28174 1.28174 0 1.33333
1 1.23314 1.23314 1.23314 0 1.33333
1 1.08088 1.08088 1.08088 0 1.33333
1 1.02811 1.02811 1.02811 0 1.16667
1 1.01082 1.01082 1.01082 0 1.25
1 0.931705 0.931705 0.931705 0 2
1 0.891683 0.891683 0.891683 0 1.33333
1 0.772457 0.772457 0.772457 0 1.25
1 0.757393 0.757393 0.757393 0 1.16667
1 0.754485 0.754485 0.754485 0 1.5
1 0.6672 0.6672 0.6672 0 1.25
1 0.573228 0.573228 0.573228 0 1.33333
1 0.498076 0.498076 0.498076 0 1.25
1 0.483404 0.483404 0.483404 0 1.16667
1 0.392221 0.392221 0.392221 0 1.33333
1 0.389644 0.389644 0.389644 0 1.16667
1 0.384487 0.384487 0.384487 0 1.33333
1 0.352665 0.352665 0.352665 0 1.33333
1 0.347305 0.347305 0.347305 0 1.5
1 0.292349 0.292349 0.292349 0 1.2

15 4.7996 4.20746 5.41261 1.01081 1.33333
14 4.26696 4.26696 5.59849 1.33153 1.33333
14 3.38744 3.38744 5.58861 2.20117 1.25
13 4.11599 4.11599 5.73411 1.61812 1.2
8 8.23198 4.09454 5.9119 1.777 1.2
6 2.96113 2.96113 5.978 3.01687 1.25
4 8.67965 8.67965 8.67965 0 1.5
5 1.9308 1.9308 6.183 4.2522 1.25
2 12.2629 12.2629 12.2629 0 1.33333
1 13.1775 13.1775 13.1775 0 1.25
1 6.04579 6.04579 6.04579 0 1.5
1 5.39114 5.39114 5.39114 0 1.2
1 4.40472 4.40472 4.40472 0 0
1 3.38302 3.38302 3.38302 0 1.5
1 2.35775 2.35775 2.35775 0 1.33333
1 1.28174 1.28174 1.28174 0 1.33333
1 1.23314 1.23314 1.23314 0 1.33333
1 1.08088 1.08088 1.08088 0 1.33333
1 1.02811 1.02811 1.02811 0 1.16667
1 1.01082 1.01082 1.01082 0 1.25
1 0.931705 0.931705 0.931705 0 2
1 0.891683 0.891683 0.891683 0 1.33333
1 0.772457 0.772457 0.772457 0 1.25
1 0.757393 0.757393 0.757393 0 1.16667
1 0.754485 0.754485 0.754485 0 1.5
1 0.6672 0.6672 0.6672 0 1.25
1 0.573228 0.573228 0.573228 0 1.33333
1 0.498076 0.498076 0.498076 0 1.25
1 0.483404 0.483404 0.483404 0 1.16667

17 4.26696 4.26696 6.52628 2.25932 1.33333
12 3.33306 2.92185 6.652 3.42638 1.33333
12 3.85874 3.85874 6.61231 2.75357 1.2
11 3.28158 3.28158 6.93702 3.65544 1.25
1 57.6858 57.6858 57.6858 0 1.16667
8 7.71748 3.83863 6.85258 2.46181 1.2
7 4.01868 4.01868 6.89587 2.87719 1.25
5 7.33705 7.33705 7.33705 0 1.25
4 4.9598 4.9598 7.43972 2.47993 1.5
2 12.2629 12.2629 12.2629 0 1.33333
1 13.1775 13.1775 13.1775 0 1.25
1 6.04579 6.04579 6.04579 0 1.5
1 5.39114 5.39114 5.39114 0 1.2
1 4.40472 4.40472 4.40472 0 0
1 3.60842 3.60842 3.60842 0 1.5
1 2.35775 2.35775 2.35775 0 1.33333
1 1.28174 1.28174 1.28174 0 1.33333
1 1.25554 1.25554 1.25554 0 1.16667
1 1.23314 1.23314 1.23314 0 1.33333
1 1.08088 1.08088 1.08088 0 1.33333
1 1.02811 1.02811 1.02811 0 1.16667
1 1.01082 1.01082 1.01082 0 1.25
1 0.931705 0.931705 0.931705 0 2
1 0.891683 0.891683 0.891683 0 1.33333
1 0.772457 0.772457 0.772457 0 1.25
1 0.754485 0.754485 0.754485 0 1.5
1 0.6672 0.6672 0.6672 0 1.25
1 0.573228 0.573228 0.573228 0 1.33333
1 0.498076 0.498076 0.498076 0 1.25
1 0.231516 0.231516 0.231516 0 1.16667
1 0.0682457 0.0682457 0.0682457 0 1.33333
1 0.0365191 0.0365191 0.0365191 5e-09 1.25

14 2.77848 2.77848 6.35397 3.57549 1.33333
13 3.63176 3.63176 6.78905 3.1573 1.2
13 4.7996 4.20746 6.60383 1.8565 1.33333
11 3.88928 3.88928 6.82668 2.9374 1.25
7 8.03735 8.03735 8.03735 0 1.25
8 6.49893 3.23253 6.79857 2.48883 1.2
6 5.47984 5.24416 6.76317 1.48234 1.16667
5 7.33705 7.33705 7.33705 0 1.25
4 8.67965 8.67965 8.67965 0 1.5
2 12.2629 12.2629 12.2629 0 1.33333
1 13.1775 13.1775 13.1775 0 1.25
1 6.04579 6.04579 6.04579 0 1.5
1 5.39114 5.39114 5.39114 0 1.2
1 4.40472 4.40472 4.40472 0 0
1 3.38302 3.38302 3.38302 0 1.5
1 2.35775 2.35775 2.35775 0 1.33333
1 1.28174 1.28174 1.28174 0 1.33333
1 1.23314 1.23314 1.23314 0 1.33333
1 1.08088 1.08088 1.08088 0 1.33333
1 1.02811 1.02811 1.02811 0 1.16667
1 1.01082 1.01082 1.01082 0 1.25
1 0.931705 0.931705 0.931705 0 2
1 0.891683 0.891683 0.891683 0 1.33333
1 0.772457 0.772457 0.772457 0 1.25
1 0.757393 0.757393 0.757393 0 1.16667
1 0.754485 0.754485 0.754485 0 1.5
1 0.6672 0.6672 0.6672 0 1.25
1 0.573228 0.573228 0.573228 0 1.33333

5 23.895 23.895 23.895 0 1.33333
12 4.42499 4.42499 7.74725 3.32225 1.33333
12 3.74181 3.74181 7.64059 3.89878 1.2
10 3.62106 3.62106 7.65885 4.03779 1.25
9 3.99967 3.99967 8.21105 4.21139 1.33333
8 7.26351 5.43652 8.38681 2.43172 1.2
6 8.61117 8.24082 8.318 0.138884 1.16667
5 3.3095 3.3095 7.99906 4.68956 1.2
4 7.33705 7.33705 9.17131 1.83426 1.25
4 8.67965 8.67965 8.67965 0 1.5
2 12.2629 12.2629 12.2629 0 1.33333
1 13.1775 13.1775 13.1775 0 1.25
1 6.04579 6.04579 6.04579 0 1.5
1 5.39114 5.39114 5.39114 0 1.2
1 4.40472 4.40472 4.40472 0 0
1 3.38302 3.38302 3.38302 0 1.5
1 2.35775 2.35775 2.35775 0 1.33333
1 1.28174 1.28174 1.28174 0 1.33333
1 1.23314 1.23314 1.23314 0 1.33333
1 1.08088 1.08088 1.08088 0 1.33333
1 1.02811 1.02811 1.02811 0 1.16667
1 1.01082 1.01082 1.01082 0 1.25
1 0.931705 0.931705 0.931705 0 2
1 0.891683 0.891683 0.891683 0 1.33333
1 0.772457 0.772457 0.772457 0 1.25
1 0.757393 0.757393 0.757393 0 1.16667
1 0.754485 0.754485 0.754485 0 1.5
1 0.6672 0.6672 0.6672 0 1.25
1 0.573228 0.573228 0.573228 0 1.33333
1 0.492529 0.492529 0.492529 0 1.16667
1 0.390532 0.390532 0.390532 0 1.16667
1 0.0775739 0.0775739 0.0775739 5e-09 1.33333
1 0.0273633 0.0273633 0.0273633 0 1.25
1 0.00878354 0.00878354 0.00878354 0 1.25
1 1e-08 1e-08 1e-08 0 1.2

14 1.81023 1.81023 6.4695 4.65928 1.33333
12 5.36868 5.36868 6.79259 1.4239 1.2
12 4.77321 4.77321 6.4039 1.63069 1.25
11 5.71381 5.71381 6.93145 1.21764 1.33333
11 8.81998 0.960181 6.74361 2.05884 1.2
5 11.2523 11.2523 11.2523 0 1.25
6 6.69758 6.40953 6.51813 0.12327 1.16667
4 9.17131 9.17131 9.17131 0 1.25
4 8.67965 8.67965 8.67965 0 1.5
2 12.2629 12.2629 12.2629 0 1.33333
1 13.1775 13.1775 13.1775 0 1.25
1 6.04579 6.04579 6.04579 0 1.5
1 5.39114 5.39114 5.39114 0 1.2
1 4.40472 4.40472 4.40472 0 0
1 3.38302 3.38302 3.38302 0 1.5
1 2.35775 2.35775 2.35775 0 1.33333
1 2.04681 2.04681 2.04681 0 1.16667
1 1.28174 1.28174 1.28174 0 1.33333
1 1.23314 1.23314 1.23314 0 1.33333
1 1.08088 1.08088 1.08088 0 1.33333
1 1.02811 1.02811 1.02811 0 1.16667
1 1.01082 1.01082 1.01082 0 1.25
1 0.931705 0.931705 0.931705 0 2
1 0.891683 0.891683 0.891683 0 1.33333
1 0.772457 0.772457 0.772457 0 1.25
1 0.757393 0.757393 0.757393 0 1.16667
1 0.754485 0.754485 0.754485 0 1.5
1 0.6672 0.6672 0.6672 0 1.25
1 0.634475 0.634475 0.634475 0 1.16667
1 0.573228 0.573228 0.573228 0 1.33333

12 6.85998 6.85998 8.71307 1.85309 1.2
12 4.13759 4.13759 8.7078 4.57022 1.33333
12 8.53392 8.53392 8.53697 0.00304933 1.25
11 7.46718 7.46718 8.25431 0.787136 1.33333
10 4.11599 4.11599 8.69178 4.57579 1.2
8 4.56568 4.56568 8.72784 4.16216 1.2
5 4.3278 4.3278 8.67273 4.34493 1.25
4 3.76739 3.60536 9.81723 6.13139 1.16667
4 8.67965 8.67965 8.67965 0 1.5
1 34.7186 34.7186 34.7186 0 1.25
3 5.24075 5.24075 10.3258 5.08509 1.25
2 12.2629 12.2629 12.2629 0 1.33333
1 13.1775 13.1775 13.1775 0 1.25
1 6.04579 6.04579 6.04579 0 1.5
1 5.39114 5.39114 5.39114 0 1.2
1 4.40472 4.40472 4.40472 0 0
1 3.38302 3.38302 3.38302 0 1.5
1 2.35775 2.35775 2.35775 0 1.33333
1 2.04681 2.04681 2.04681 0 1.16667
1 1.28174 1.28174 1.28174 0 1.33333
1 1.25554 1.25554 1.25554 0 1.16667
1 1.23314 1.23314 1.23314 0 1.33333
1 1.08088 1.08088 1.08088 0 1.33333
1 1.02811 1.02811 1.02811 0 1.16667
1 1.01082 1.01082 1.01082 0 1.25
1 0.931705 0.931705 0.931705 0 2
1 0.891683 0.891683 0.891683 0 1.33333
1 0.772457 0.772457 0.772457 0 1.25
1 0.754485 0.754485 0.754485 0 1.5

13 2.84464 2.84464 7.87988 5.03524 1.33333
13 5.25053 5.25053 7.67386 2.42332 1.25
12 4.615 4.615 7.86065 3.24565 1.33333
12 2.93999 2.93999 7.64671 4.70672 1.2
9 7.96499 7.96499 7.97563 0.0106433 1.33333
4 15.0696 14.4214 14.7455 0.324056 1.16667
6 8.23198 8.23198 8.5983 0.366314 1.2
6 7.03268 7.03268 8.20691 1.17423 1.2
3 12.2284 12.2284 12.2284 0 1.25
4 8.67965 8.67965 8.67965 0 1.5
2 12.2629 12.2629 12.2629 0 1.33333
1 13.1775 13.1775 13.1775 0 1.25
1 6.04579 6.04579 6.04579 0 1.5
1 5.39114 5.39114 5.39114 0 1.2
1 3.38302 3.38302 3.38302 0 1.5
1 2.35775 2.35775 2.35775 0 1.33333
1 2.20236 2.20236 2.33834 0.135983 0
1 1.70505 1.70505 1.70505 0 1.16667
1 1.28174 1.28174 1.28174 0 1.33333
1 1.25554 1.25554 1.25554 0 1.16667
1 1.23314 1.23314 1.23314 0 1.33333
1 1.08088 1.08088 1.08088 0 1.33333
1 1.02811 1.02811 1.02811 0 1.16667
1 1.01082 1.01082 1.01082 0 1.25
1 0.931705 0.931705 0.931705 0 2
1 0.891683 0.891683 0.891683 0 1.33333
1 0.772457 0.772457 0.772457 0 1.25
1 0.754485 0.754485 0.754485 0 1.5

1 119.475 119.475 119.475 0 1.25
11 2.43826 2.43826 8.65349 6.21523 1.33333
11 4.93919 4.93919 8.59245 3.65326 1.2
10 4.13759 4.13759 8.13179 3.99421 1.33333
9 3.62106 3.62106 8.16128 4.54022 1.25
7 6.49893 6.49893 8.41224 1.91331 1.2
6 9.37691 9.37691 9.37691 0 1.25
6 4.01855 3.84572 8.22791 4.23866 1.16667
3 12.2284 12.2284 12.2284 0 1.25
4 8.67965 8.67965 8.67965 0 1.5
1 28.6388 28.6388 28.6388 0 1.33333
2 12.2629 12.2629 12.2629 0 1.33333
1 13.1775 13.1775 13.1775 0 1.25
1 6.04579 6.04579 6.04579 0 1.5
1 5.39114 5.39114 5.39114 0 1.2
1 4.40472 4.40472 4.40472 0 0
1 3.60842 3.60842 3.60842 0 1.5
1 2.35775 2.35775 2.35775 0 1.33333
1 1.28174 1.28174 1.28174 0 1.33333
1 1.25554 1.25554 1.25554 0 1.16667
1 1.23314 1.23314 1.23314 0 1.33333
1 1.08088 1.08088 1.08088 0 1.33333
1 1.02811 1.02811 1.02811 0 1.16667
1 1.01082 1.01082 1.01082 0 1.25
1 0.931705 0.931705 0.931705 0 2
1 0.891683 0.891683 0.891683 0 1.33333
1 0.772457 0.772457 0.772457 0 1.25
1 0.754485 0.754485 0.754485 0 1.5
1 0.0592003 0.0592003 0.0592003 0 1.33333
1 1e-08 1e-08 1e-08 0 1.25

11 7.26351 7.26351 9.24561 1.9821 1.2
11 4.77899 4.77899 9.12495 4.34596 1.25
5 23.895 0.0854029 19.1331 9.52383 1.33333
7 17.0678 0.00287955 12.1935 7.70694 1.25
8 3.98322 3.98322 9.58898 5.60576 1.2
8 4.615 4.615 9.27806 4.66306 1.33333
7 4.37544 4.37544 9.28558 4.91013 1.25
5 8.61117 8.61117 10.2596 1.6484 1.16667
4 4.3278 4.3278 9.86089 5.53309 1.25
3 12.2284 12.2284 12.2284 0 1.25
4 8.67965 8.67965 8.67965 0 1.5
1 28.6388 28.6388 28.6388 0 1.33333
2 12.2629 12.2629 12.2629 0 1.33333
1 13.1775 13.1775 13.1775 0 1.25
1 6.04579 6.04579 6.04579 0 1.5
1 5.39114 5.39114 5.39114 0 1.2
1 4.40472 4.40472 4.40472 0 0
1 3.38302 3.38302 3.38302 0 1.5
1 2.35775 2.35775 2.35775 0 1.33333
1 1.28174 1.28174 1.28174 0 1.33333
1 1.25554 1.25554 1.25554 0 1.16667
1 1.23314 1.23314 1.23314 0 1.33333
1 1.08088 1.08088 1.08088 0 1.33333
1 1.02811 1.02811 1.02811 0 1.16667
1 1.01082 1.01082 1.01082 0 1.25
1 0.931705 0.931705 0.931705 0 2
1 0.891683 0.891683 0.891683 0 1.33333
1 0.772457 0.772457 0.772457 0 1.25
1 0.754485 0.754485 0.754485 0 1.5
1 0.133982 0.133982 0.133982 0 1.25
1 0.0592003 0.0592003 0.0592003 0 1.33333
1 0.0537372 0.0537372 0.0537372 0 1.25
1 0.0246681 0.0246681 0.0246681 0 1.25
1 0.018186 0.018186 0.018186 0 1.2
1 1e-08 1e-08 1e-08 0 1.25
1 1e-08 1e-08 1e-08 0 1.16667
1 1e-08 1e-08 1e-08 0 1.25

14 4.77899 4.77899 7.85121 3.07222 1.25
13 6.31526 6.31526 7.77456 1.45929 1.33333
12 2.68434 2.68434 7.55939 4.87505 1.2
9 8.07774 8.07774 8.08632 0.00858175 1.25
8 2.98687 2.98687 7.49115 4.50428 1.33333
4 14.0654 14.0654 14.0654 0 1.25
2 46.2105 1.20584 23.7081 22.5023 1.2
5 6.36233 4.63678 7.87821 2.97742 1.16667
3 12.2284 12.2284 12.2284 0 1.25
4 8.67965 8.67965 8.67965 0 1.5
1 28.6388 28.6388 28.6388 0 1.33333
2 12.2629 12.2629 12.2629 0 1.33333
1 13.1775 13.1775 13.1775 0 1.25
1 6.04579 6.04579 6.04579 0 1.5
1 5.39114 5.39114 5.39114 0 1.2
1 4.40472 4.40472 4.40472 0 0
1 3.60842 3.60842 3.60842 0 1.5
1 2.35775 2.35775 2.35775 0 1.33333
1 1.28174 1.28174 1.28174 0 1.33333
1 1.25554 1.25554 1.25554 0 1.16667
1 1.23314 1.23314 1.23314 0 1.33333
1 1.08088 1.08088 1.08088 0 1.33333
1 1.02811 1.02811 1.02811 0 1.16667
1 1.01082 1.01082 1.01082 0 1.25
1 0.931705 0.931705 0.931705 0 2
1 0.891683 0.891683 0.891683 0 1.33333
1 0.772457 0.772457 0.772457 0 1.25
1 0.754485 0.754485 0.754485 0 1.5
1 0.642184 0.642184 0.642184 0 1.2
1 0.200578 0.200578 0.200578 0 1.25
1 0.133982 0.133982 0.133982 0 1.25
1 0.0702006 0.0702006 0.0702006 0 1.33333
1 0.0592003 0.0592003 0.0592003 0 1.33333
1 0.0537372 0.0537372 0.0537372 0 1.25
1 0.0246681 0.0246681 0.0246681 0 1.25
1 4.928e-06 4.928e-06 4.928e-06 0 1.16667

7 17.64 17.64 17.64 3.55271e-15 1.2
8 14.9344 14.9344 14.9344 1.77636e-15 1.33333
9 11.6679 11.6679 11.6679 1.77636e-15 1.25
7 17.64 0.344524 14.5353 5.99223 1.2
10 1.93532 1.93532 9.0551 7.11977 1.33333
8 1.9586 1.9586 9.57164 7.61303 1.25
5 16.5421 12.0556 12.9529 1.79456 1.16667
4 14.0654 14.0654 14.0654 0 1.25
3 12.2284 12.2284 12.2284 0 1.25
3 8.67965 8.67965 11.5729 2.89322 1.5
1 28.6388 28.6388 28.6388 0 1.33333
2 12.2629 12.2629 12.2629 0 1.33333
1 13.1775 13.1775 13.1775 0 1.25
1 6.04579 6.04579 6.04579 0 1.5
1 5.39114 5.39114 5.39114 0 1.2
1 4.40472 4.40472 4.40472 0 0
1 2.35775 2.35775 2.35775 0 1.33333
1 1.28174 1.28174 1.28174 0 1.33333
1 1.23314 1.23314 1.23314 0 1.33333
1 1.08088 1.08088 1.08088 0 1.33333
1 1.02811 1.02811 1.02811 0 1.16667
1 1.01082 1.01082 1.01082 0 1.25
1 0.931705 0.931705 0.931705 0 2
1 0.891683 0.891683 0.891683 0 1.33333
1 0.772457 0.772457 0.772457 0 1.25
1 0.757393 0.757393 0.757393 0 1.16667
1 0.754485 0.754485 0.754485 0 1.5
1 0.642184 0.642184 0.642184 0 1.2
1 0.347305 0.347305 0.347305 0 1.5
1 0.200578 0.200578 0.200578 0 1.25
1 0.151235 0.151235 0.151235 0 1.16667
1 0.133982 0.133982 0.133982 0 1.25
1 0.0702006 0.0702006 0.0702006 0 1.33333
1 0.0592003 0.0592003 0.0592003 0 1.33333
1 0.0537372 0.0537372 0.0537372 0 1.25
1 0.0401866 0.0401866 0.0401866 0 1.25
1 0.0302694 0.0302694 0.0348105 0.00454109 1.25
1 0.0246681 0.0246681 0.0246681 0 1.25
1 1e-08 1e-08 1e-08 0 1.33333

10 11.999 11.999 11.999 1.77636e-15 1.33333
4 29.8687 29.8687 29.8687 0 1.25
9 11.6679 11.6679 11.6679 1.77636e-15 1.25
10 2.05991 2.05991 8.65824 6.59833 1.33333
8 2.02426 2.02426 9.07851 7.05425 1.2
5 16.5421 12.0556 12.9529 1.79456 1.16667
4 14.0654 14.0654 14.0654 0 1.25
2 46.2105 1.20584 23.7081 22.5023 1.2
3 12.2284 12.2284 12.2284 0 1.25
3 11.5729 11.5729 11.5729 0 1.5
1 28.6388 28.6388 28.6388 0 1.33333
2 12.2629 12.2629 12.2629 0 1.33333
1 13.1775 13.1775 13.1775 0 1.25
1 6.04579 6.04579 6.04579 0 1.5
1 5.39114 5.39114 5.39114 0 1.2
1 4.40472 4.40472 4.40472 0 0
1 3.38302 3.38302 3.38302 0 1.5
1 2.35775 2.35775 2.35775 0 1.33333
1 1.28174 1.28174 1.28174 0 1.33333
1 1.25554 1.25554 1.25554 0 1.16667
1 1.23314 1.23314 1.23314 0 1.33333
1 1.08088 1.08088 1.08088 0 1.33333
1 1.02811 1.02811 1.02811 0 1.16667
1 1.01082 1.01082 1.01082 0 1.25
1 0.931705 0.931705 0.931705 0 2
1 0.891683 0.891683 0.891683 0 1.33333
1 0.772457 0.772457 0.772457 0 1.25
1 0.754485 0.754485 0.754485 0 1.5
1 0.249758 0.249758 0.249758 0 1.25
1 0.200578 0.200578 0.200578 0 1.25
1 0.151235 0.151235 0.151235 0 1.16667
1 0.133982 0.133982 0.133982 0 1.25
1 0.0702006 0.0702006 0.0702006 0 1.33333
1 0.0605387 0.0605387 0.0605387 0 1.33333
1 0.0592003 0.0592003 0.0592003 0 1.33333
1 0.0537372 0.0537372 0.0537372 0 1.25
1 0.0401866 0.0401866 0.0401866 0 1.25
1 0.028048 0.028048 0.028048 0 1.2
1 0.0246681 0.0246681 0.0246681 0 1.25
1 1e-08 1e-08 1e-08 0 1.33333
1 5e-09 5e-09 1e-08 5e-09 1.33333
1 1e-08 1e-08 1e-08 0 1.25
1 1e-08 1e-08 1e-08 0 1.33333

1 119.99 119.99 119.99 0 1.33333
9 13.72 0.267963 12.2253 4.22756 1.2
11 10.8614 0.00638187 9.87453 3.12058 1.33333
9 11.6679 11.6679 11.6679 1.77636e-15 1.25
9 2.06879 2.06879 9.655 7.58621 1.33333
6 15.4035 10.0464 11.5623 2.19422 1.16667
7 2.2125 2.2125 9.82264 7.61015 1.25
4 14.0654 14.0654 14.0654 0 1.25
3 12.2284 12.2284 12.2284 0 1.25
3 11.5729 11.5729 11.5729 0 1.5
2 12.2629 12.2629 12.2629 0 1.33333
1 14.3194 14.3194 14.3447 0.0253411 1.33333
1 13.1775 13.1775 13.1775 0 1.25
1 6.04579 6.04579 6.04579 0 1.5
1 5.39114 5.39114 5.39114 0 1.2
1 4.40472 4.40472 4.40472 0 0
1 3.60842 3.60842 3.60842 0 1.5
1 2.35775 2.35775 2.35775 0 1.33333
1 1.28174 1.28174 1.28174 0 1.33333
1 1.23314 1.23314 1.23314 0 1.33333
1 1.08088 1.08088 1.08088 0 1.33333
1 1.02811 1.02811 1.02811 0 1.16667
1 1.01082 1.01082 1.01082 0 1.25
1 0.931705 0.931705 0.931705 0 2
1 0.891683 0.891683 0.891683 0 1.33333
1 0.772457 0.772457 0.772457 0 1.25
1 0.757393 0.757393 0.757393 0 1.16667
1 0.754485 0.754485 0.754485 0 1.5
1 0.321092 0.321092 0.39671 0.0756174 1.16667
1 0.249758 0.249758 0.249758 0 1.25
1 0.200578 0.200578 0.200578 0 1.25
1 0.160248 0.160248 0.160248 0 1.33333
1 0.133982 0.133982 0.133982 0 1.25
1 0.13368 0.13368 0.13368 0 1.25
1 0.0611294 0.0611294 0.0611294 0 1.25
1 0.0605387 0.0605387 0.0605387 0 1.33333
1 0.0401866 0.0401866 0.0401866 0 1.25
1 1e-08 1e-08 1e-08 0 1.33333
1 5e-09 5e-09 1e-08 5e-09 1.25
1 1e-08 1e-08 1e-08 0 1.33333

3 39.9967 39.9967 39.9967 0 1.33333
7 17.0678 17.0678 17.0678 3.55271e-15 1.25
11 10.8614 0.0227053 9.87602 3.11589 1.25
9 11.6679 11.6679 11.6679 1.77636e-15 1.25
9 2.14268 2.14268 8.79466 6.65198 1.25
6 15.4035 10.0464 11.5623 2.19422 1.16667
7 2.28666 2.28666 8.79413 6.50747 1.2
4 14.0654 14.0654 14.0654 0 1.25
3 12.2284 12.2284 12.2284 0 1.25
3 11.5729 11.5729 11.5729 0 1.5
2 12.2629 12.2629 12.2629 0 1.33333
1 14.3194 14.3194 15.4983 1.17887 1.33333
1 13.1775 13.1775 13.1775 0 1.25
1 6.04579 6.04579 6.04579 0 1.5
1 5.39114 5.39114 5.39114 0 1.2
1 4.40472 4.40472 4.40472 0 0
1 3.38302 3.38302 3.38302 0 1.5
1 0.80389 0.80389 1.88583 1.08194 1.2
1 1.28174 1.28174 1.28174 0 1.33333
1 1.23314 1.23314 1.23314 0 1.33333
1 1.08088 1.08088 1.08088 0 1.33333
1 1.02811 1.02811 1.02811 0 1.16667
1 1.01082 1.01082 1.01082 0 1.25
1 0.931705 0.931705 0.931705 0 2
1 0.891683 0.891683 0.891683 0 1.33333
1 0.80389 0.80389 0.818553 0.0146624 1.2
1 0.772457 0.772457 0.772457 0 1.25
1 0.757393 0.757393 0.757393 0 1.16667
1 0.754485 0.754485 0.754485 0 1.5
1 0.537731 0.537731 0.537731 0 1.16667
1 0.200578 0.200578 0.200578 0 1.25
1 0.133982 0.133982 0.133982 0 1.25
1 0.080124 0.080124 0.080124 5e-09 1.33333
1 0.0702006 0.0702006 0.0702006 0 1.33333
1 0.0611294 0.0611294 0.0611294 0 1.25
1 0.0605387 0.0605387 0.0605387 0 1.33333
1 0.0401866 0.0401866 0.0401866 0 1.25
1 1e-08 1e-08 1e-08 0 1.33333
1 1e-08 1e-08 1e-08 0 1.25
1 1e-08 1e-08 1e-08 0 1.33333

7 17.64 17.64 17.64 3.55271e-15 1.2
1 119.99 119.99 119.99 0 1.33333
3 39.825 39.825 39.825 0 1.33333
9 11.6679 11.6679 11.6679 1.77636e-15 1.25
4 29.8687 0.0624396 22.4171 12.9065 1.33333
6 19.9125 0.00966965 13.2783 9.38217 1.33333
6 15.4035 10.0464 11.5623 2.19422 1.16667
6 2.43826 2.43826 11.3892 8.95089 1.25
6 1.846 1.846 10.7408 8.89475 1.33333
4 14.0654 14.0654 14.0654 0 1.25
3 12.2284 12.2284 12.2284 0 1.25
3 11.5729 11.5729 11.5729 0 1.5
1 28.6388 28.6388 28.6388 0 1.33333
2 12.2629 12.2629 12.2629 0 1.33333
1 13.1775 13.1775 13.1775 0 1.25
1 6.04579 6.04579 6.04579 0 1.5
1 5.39114 5.39114 5.39114 0 1.2
1 4.40472 4.40472 4.40472 0 0
1 3.38302 3.38302 3.38302 0 1.5
1 1.20584 1.20584 2.41167 1.20584 1.2
1 1.28174 1.28174 1.28174 0 1.33333
1 1.25554 1.25554 1.25554 0 1.16667
1 1.23314 1.23314 1.23314 0 1.33333
1 1.08088 1.08088 1.08088 0 1.33333
1 1.02811 1.02811 1.02811 0 1.16667
1 1.01082 1.01082 1.01082 0 1.25
1 0.931705 0.931705 0.931705 0 2
1 0.891683 0.891683 0.891683 0 1.33333
1 0.772457 0.772457 0.772457 0 1.25
1 0.754485 0.754485 0.754485 0 1.5
1 0.537731 0.537731 0.537731 0 1.16667
1 0.200578 0.200578 0.200578 0 1.25
1 0.160248 0.160248 0.160248 0 1.33333
1 0.133982 0.133982 0.133982 0 1.25
1 0.133944 0.133944 0.133944 0 1.25
1 0.0702006 0.0702006 0.0702006 0 1.33333
1 0.0611294 0.0611294 0.0611294 0 1.25
1 0.0401866 0.0401866 0.0401866 0 1.25
1 0.0229787 0.0229787 0.0229787 0 1.25
1 1e-08 1e-08 1e-08 0 1.33333
1 1e-08 1e-08 1e-08 0 1.25
1 1e-08 1e-08 1e-08 0 1.33333
1 1e-08 1e-08 1e-08 0 1.25

6 19.9983 19.9983 19.9983 0 1.33333
10 11.9475 11.9475 11.9475 1.77636e-15 1.33333
6 19.9125 19.9125 19.9125 0 1.25
9 11.6679 11.6679 11.6679 1.77636e-15 1.25
9 2.3998 2.3998 9.49605 7.09625 1.33333
7 2.32981 2.32981 10.028 7.69822 1.2
6 15.4035 10.0464 11.5623 2.19422 1.16667
4 14.0654 14.0654 14.0654 0 1.25
3 12.2284 12.2284 12.2284 0 1.25
3 11.5729 11.5729 11.5729 0 1.5
1 28.6388 28.6388 28.6388 0 1.33333
2 12.2629 12.2629 12.2629 0 1.33333
1 13.1775 13.1775 13.1775 0 1.25
1 6.04579 6.04579 6.04579 0 1.5
1 5.39114 5.39114 5.39114 0 1.2
1 4.40472 4.40472 4.40472 0 0
1 3.60842 3.60842 3.60842 0 1.5
1 2.41167 2.41167 2.41167 0 1.2
1 1.28174 1.28174 1.28174 0 1.33333
1 1.23314 1.23314 1.23314 0 1.33333
1 1.08088 1.08088 1.08088 0 1.33333
1 1.02811 1.02811 1.02811 0 1.16667
1 1.01082 1.01082 1.01082 0 1.25
1 0.931705 0.931705 0.931705 0 2
1 0.891683 0.891683 0.891683 0 1.33333
1 0.772457 0.772457 0.772457 0 1.25
1 0.757393 0.757393 0.757393 0 1.16667
1 0.754485 0.754485 0.754485 0 1.5
1 0.537731 0.537731 0.537731 0 1.16667
1 0.249758 0.249758 0.249758 0 1.25
1 0.215115 0.215115 0.215115 0 1.33333
1 0.200578 0.200578 0.200578 0 1.25
1 0.185846 0.185846 0.185846 0 1.16667
1 0.160248 0.160248 0.160248 0 1.33333
1 0.133982 0.133982 0.133982 0 1.25
1 0.133944 0.133944 0.133944 0 1.25
1 0.0960353 0.0960353 0.0960353 0 1.25
1 0.0702006 0.0702006 0.0702006 0 1.33333
1 0.0611294 0.0611294 0.0611294 0 1.25
1 0.0302694 0.0302694 0.0592783 0.029009 1.25
1 0.0401866 0.0401866 0.0401866 0 1.25
1 0.0229787 0.0229787 0.0229787 0 1.25
1 0.0141385 0.0141385 0.0141385 0 1.16667
1 1e-08 1e-08 1e-08 0 1.33333
1 1e-08 1e-08 1e-08 0 1.25
1 1e-08 1e-08 1e-08 0 1.33333
1 1e-08 1e-08 1e-08 0 1.25

7 17.64 17.64 17.64 3.55271e-15 1.2
6 19.9125 19.9125 19.9125 0 1.25
9 11.6679 11.6679 11.6679 1.77636e-15 1.25
8 10.9082 10.9082 12.276 1.36779 1.33333
8 9.19037 9.19037 11.4982 2.30779 1.33333
8 4.77899 4.77899 11.3589 6.57989 1.33333
8 2.03373 2.03373 11.0737 9.03995 1.25
7 7.46718 7.46718 11.7403 4.27309 1.33333
6 15.4035 10.0464 11.5623 2.19422 1.16667
4 14.0654 14.0654 14.0654 0 1.25
3 12.2284 12.2284 12.2284 0 1.25
3 11.5729 11.5729 11.5729 0 1.5
1 28.6388 28.6388 28.6388 0 1.33333
2 12.2629 12.2629 12.2629 0 1.33333
1 13.1775 13.1775 13.1775 0 1.25
1 6.04579 6.04579 6.04579 0 1.5
1 5.39114 5.39114 5.39114 0 1.2
1 4.40472 4.40472 4.40472 0 0
1 3.38302 3.38302 3.38302 0 1.5
1 2.41167 2.41167 2.41167 0 1.2
1 1.28174 1.28174 1.28174 0 1.33333
1 1.23314 1.23314 1.23314 0 1.33333
1 1.08088 1.08088 1.08088 0 1.33333
1 1.02811 1.02811 1.02811 0 1.16667
1 1.01082 1.01082 1.01082 0 1.25
1 0.931705 0.931705 0.931705 0 2
1 0.772457 0.772457 0.772457 0 1.25
1 0.757393 0.757393 0.757393 0 1.16667
1 0.754485 0.754485 0.754485 0 1.5
1 0.537731 0.537731 0.537731 0 1.16667
1 0.485209 0.485209 0.485209 0 1.25
1 0.297228 0.297228 0.33717 0.0399422 1.33333
1 0.200578 0.200578 0.200578 0 1.25
1 0.185846 0.185846 0.185846 0 1.16667
1 0.133982 0.133982 0.133982 0 1.25

8 14.9988 14.9988 14.9988 0 1.33333
8 14.9988 14.9988 14.9988 0 1.33333
13 5.19456 5.19456 9.19037 3.99581 1.33333
9 11.6679 11.6679 11.6679 1.77636e-15 1.25
8 2.25424 2.25424 9.9665 7.71226 1.25
6 15.4035 10.0464 11.5623 2.19422 1.16667
7 2.28666 2.28666 9.22656 6.9399 1.2
4 14.0654 14.0654 14.0654 0 1.25
3 12.2284 12.2284 12.2284 0 1.25
3 11.5729 11.5729 11.5729 0 1.5
1 28.6388 28.6388 28.6388 0 1.33333
2 12.2629 12.2629 12.2629 0 1.33333
1 13.1775 13.1775 13.1775 0 1.25
1 6.04579 6.04579 6.04579 0 1.5
1 5.39114 5.39114 5.39114 0 1.2
1 4.40472 4.40472 4.40472 0 0
1 3.60842 3.60842 3.60842 0 1.5
1 1.28174 1.28174 1.28174 0 1.33333
1 1.25554 1.25554 1.25554 0 1.16667
1 1.23314 1.23314 1.23314 0 1.33333
1 1.08088 1.08088 1.08088 0 1.33333
1 1.02811 1.02811 1.02811 0 1.16667
1 1.01082 1.01082 1.01082 0 1.25
1 0.931705 0.931705 0.931705 0 2
1 0.891683 0.891683 0.891683 0 1.33333
1 0.772457 0.772457 0.772457 0 1.25
1 0.754485 0.754485 0.754485 0 1.5
1 0.537731 0.537731 0.537731 0 1.16667
1 0.485209 0.485209 0.485209 0 1.25
1 0.200578 0.200578 0.200578 0 1.25
1 0.185846 0.185846 0.185846 0 1.16667
1 0.177596 0.177596 0.177596 0 1.16667
1 0.0889542 0.0889542 0.155926 0.0669719 1.25
1 0.133982 0.133982 0.133982 0 1.25
1 0.053271 0.053271 0.053271 0 1.2
1 1e-08 1e-08 1e-08 0 1.25
1 1e-08 1e-08 1e-08 0 1.25
1 1e-08 1e-08 1e-08 0 1.2

7 17.64 17.64 17.64 3.55271e-15 1.2
11 9.19037 9.19037 10.8614 1.67098 1.33333
4 29.8687 29.8687 29.8687 0 1.25
9 11.6679 11.6679 11.6679 1.77636e-15 1.25
5 23.895 0.0106542 19.1181 9.55373 1.25
7 2.3075 2.3075 10.9228 8.61535 1.33333
6 15.4035 10.0464 11.5623 2.19422 1.14286
6 1.9046 1.9046 10.3899 8.48533 1.33333
4 14.0654 14.0654 14.0654 0 1.25
3 12.2284 12.2284 12.2284 0 1.25
3 11.5729 11.5729 11.5729 0 1.5
1 28.6388 28.6388 28.6388 0 1.33333
2 12.2629 12.2629 12.2629 0 1.33333
1 13.1775 13.1775 13.1775 0 1.25
1 6.04579 6.04579 6.04579 0 1.5
1 5.39114 5.39114 5.39114 0 1.2
1 4.40472 4.40472 4.40472 0 0
1 3.60842 3.60842 3.60842 0 1.5
1 1.28174 1.28174 1.28174 0 1.33333
1 1.23314 1.23314 1.23314 0 1.33333
1 1.08088 1.08088 1.08088 0 1.33333
1 1.02811 1.02811 1.02811 0 1.16667
1 1.01082 1.01082 1.01082 0 1.25
1 0.931705 0.931705 0.931705 0 2
1 0.891683 0.891683 0.891683 0 1.33333
1 0.772457 0.772457 0.772457 0 1.25
1 0.757393 0.757393 0.757393 0 1.16667
1 0.754485 0.754485 0.754485 0 1.5
1 0.537731 0.537731 0.537731 0 1.16667
1 0.200578 0.200578 0.200578 0 1.25
1 0.185846 0.185846 0.185846 0 1.16667
1 0.177908 0.177908 0.177908 0 1.25
1 0.177596 0.177596 0.177596 0 1.16667
1 0.133982 0.133982 0.133982 0 1.25
1 0.0960353 0.0960353 0.0960353 0 1.25
1 0.0787198 0.0787198 0.0787198 0 1.25
1 1e-08 1e-08 1e-08 0 1.25
1 1e-08 1e-08 1e-08 0 1.25
1 1e-08 1e-08 1e-08 0 1.2

6 19.9983 19.9983 19.9983 0 1.33333
7 17.1414 17.1414 17.1414 3.55271e-15 1.33333
7 17.0678 17.0678 17.0678 3.55271e-15 1.25
9 11.6679 11.6679 11.6679 1.77636e-15 1.25
9 1.81023 1.81023 9.26434 7.45411 1.33333
7 2.46959 2.46959 9.94347 7.47388 1.2
6 15.4035 10.0464 11.5623 2.19422 1.16667
4 14.0654 14.0654 14.0654 0 1.25
3 12.2284 12.2284 12.2284 0 1.25
3 11.5729 11.5729 11.5729 0 1.5
1 28.6388 28.6388 28.6388 0 1.33333
2 12.2629 12.2629 12.2629 0 1.33333
1 13.1775 13.1775 13.1775 0 1.25
1 6.04579 6.04579 6.04579 0 1.5
1 5.39114 5.39114 5.39114 0 1.2
1 4.40472 4.40472 4.40472 0 0
1 3.38302 3.38302 3.38302 0 1.5
1 1.28174 1.28174 1.28174 0 1.33333
1 1.23314 1.23314 1.23314 0 1.33333
1 1.08088 1.08088 1.08088 0 1.33333
1 1.02811 1.02811 1.02811 0 1.16667
1 1.01082 1.01082 1.01082 0 1.25
1 0.931705 0.931705 0.931705 0 2
1 0.891683 0.891683 0.891683 0 1.33333
1 0.772457 0.772457 0.772457 0 1.25
1 0.757393 0.757393 0.757393 0 1.16667
1 0.754485 0.754485 0.754485 0 1.5
1 0.537731 0.537731 0.537731 0 1.16667
1 0.485209 0.485209 0.485209 0 1.25
1 0.256771 0.256771 0.256771 0 1.33333
1 0.200578 0.200578 0.200578 0 1.25
1 0.185846 0.185846 0.185846 0 1.16667
1 0.177908 0.177908 0.177908 0 1.25
1 0.177596 0.177596 0.177596 0 1.16667
1 0.164242 0.164242 0.164242 0 1.33333
1 0.133982 0.133982 0.133982 0 1.25
1 0.0787198 0.0787198 0.0787198 0 1.25
1 0.044752 0.044752 0.044752 0 1.25
1 0.017757 0.017757 0.017757 6.66667e-09 1.25
1 1e-08 1e-08 1e-08 0 1.2

7 17.64 17.64 17.64 3.55271e-15 1.2
10 11.9475 0.0256771 10.7553 3.57654 1.33333
9 11.6679 11.6679 11.6679 1.77636e-15 1.25
8 14.9344 0.00665888 13.0684 4.93687 1.25
9 2.22204 2.22204 9.23974 7.0177 1.33333
6 15.4035 10.0464 11.5623 2.19422 1.14286
7 2.03373 2.03373 9.37471 7.34098 1.33333
4 14.0654 14.0654 14.0654 0 1.25
3 12.2284 12.2284 12.2284 0 1.25
3 11.5729 11.5729 11.5729 0 1.5
1 28.6388 28.6388 28.6388 0 1.33333
2 12.2629 12.2629 12.2629 0 1.33333
1 13.1775 13.1775 13.1775 0 1.25
1 6.04579 6.04579 6.04579 0 1.5
1 5.39114 5.39114 5.39114 0 1.2
1 4.40472 4.40472 4.40472 0 0
1 3.60842 3.60842 3.60842 0 1.5
1 1.28174 1.28174 1.28174 0 1.33333
1 1.25554 1.25554 1.25554 0 1.16667
1 1.23314 1.23314 1.23314 0 1.33333
1 1.08088 1.08088 1.08088 0 1.33333
1 1.02811 1.02811 1.02811 0 1.16667
1 1.01082 1.01082 1.01082 0 1.25
1 0.931705 0.931705 0.931705 0 2
1 0.891683 0.891683 0.891683 0 1.33333
1 0.772457 0.772457 0.772457 0 1.25
1 0.754485 0.754485 0.754485 0 1.5
1 0.537731 0.537731 0.537731 0 1.16667
1 0.200578 0.200578 0.200578 0 1.25
1 0.185846 0.185846 0.185846 0 1.16667
1 0.177908 0.177908 0.177908 0 1.25
1 0.177596 0.177596 0.177596 0 1.16667
1 0.164242 0.164242 0.164242 0 1.33333
1 0.133982 0.133982 0.133982 0 1.25
1 0.0960353 0.0960353 0.0960353 0 1.25
1 0.0787198 0.0787198 0.0787198 0 1.25
1 0.044752 0.044752 0.044752 0 1.25
1 1e-08 1e-08 1e-08 0 1.2

6 19.9983 19.9983 19.9983 0 1.33333
10 11.999 11.999 11.999 1.77636e-15 1.33333
7 17.0678 17.0678 17.0678 3.55271e-15 1.25
9 11.6679 11.6679 11.6679 1.77636e-15 1.25
8 1.8709 1.8709 9.81583 7.94492 1.16667
7 2.655 2.655 10.3014 7.64644 1.33333
6 15.4035 10.0464 11.5623 2.19422 1.16667
4 14.0654 14.0654 14.0654 0 1.25
3 12.2284 12.2284 12.2284 0 1.25
3 11.5729 11.5729 11.5729 0 1.5
1 28.6388 28.6388 28.6388 0 1.33333
2 12.2629 12.2629 12.2629 0 1.33333
1 13.1775 13.1775 13.1775 0 1.25
1 6.04579 6.04579 6.04579 0 1.5
1 5.39114 5.39114 5.39114 0 1.2
1 4.40472 4.40472 4.40472 0 0
1 3.38302 3.38302 3.38302 0 1.5
1 1.28174 1.28174 1.28174 0 1.33333
1 1.25554 1.25554 1.25554 0 1.16667
1 1.23314 1.23314 1.23314 0 1.33333
1 1.08088 1.08088 1.08088 0 1.33333
1 1.02811 1.02811 1.02811 0 1.16667
1 1.01082 1.01082 1.01082 0 1.25
1 0.931705 0.931705 0.931705 0 2
1 0.891683 0.891683 0.891683 0 1.33333
1 0.772457 0.772457 0.772457 0 1.25
1 0.754485 0.754485 0.754485 0 1.5
1 0.537731 0.537731 0.537731 0 1.16667
1 0.298163 0.298163 0.298163 0 1.25
1 0.200578 0.200578 0.200578 0 1.25
1 0.185846 0.185846 0.185846 0 1.16667
1 0.177908 0.177908 0.177908 0 1.25
1 0.177596 0.177596 0.177596 0 1.16667
1 0.164242 0.164242 0.164242 0 1.33333
1 0.133982 0.133982 0.133982 0 1.25
1 0.0960353 0.0960353 0.0960353 0 1.25
1 0.0787198 0.0787198 0.0787198 0 1.25
1 0.053271 0.053271 0.053271 0 1.2
1 0.044752 0.044752 0.044752 0 1.25
1 0.0419344 0.0419344 0.0419344 0 1.25
1 0.0108266 0.0108266 0.0143241 0.00349754 1.25
1 0.00762852 0.00762852 0.00762852 0 1.25
1 1e-08 1e-08 1e-08 0 1.2
1 1e-08 1e-08 1e-08 0 1.16667

8 15.435 15.435 15.435 1.77636e-15 1.2
9 11.6679 11.6679 11.6679 1.77636e-15 1.25
8 14.9344 0.00665888 13.0684 4.93687 1.25
7 17.0678 0.0030933 14.63 5.97142 1.33333
9 2.72705 2.72705 10.192 7.46491 1.33333
7 1.69 1.69 10.949 9.25903 1.33333
6 15.4035 10.0464 11.5623 2.19422 1.16667
2 59.7374 0.0594126 29.8984 29.839 1.33333
4 14.0654 14.0654 14.0654 0 1.25
3 12.2284 12.2284 12.2284 0 1.25
3 11.5729 11.5729 11.5729 0 1.5
1 28.6388 28.6388 28.6388 0 1.33333
2 12.2629 12.2629 12.2629 0 1.33333
1 13.1775 13.1775 13.1775 0 1.25
1 6.04579 6.04579 6.04579 0 1.5
1 5.39114 5.39114 5.39114 0 1.2
1 4.40472 4.40472 4.40472 0 0
1 3.60842 3.60842 3.60842 0 1.5
1 1.28174 1.28174 1.28174 0 1.33333
1 1.25554 1.25554 1.25554 0 1.16667
1 1.23314 1.23314 1.23314 0 1.33333
1 1.08088 1.08088 1.08088 0 1.33333
1 1.02811 1.02811 1.02811 0 1.16667
1 1.01082 1.01082 1.01082 0 1.25
1 0.931705 0.931705 0.931705 0 2
1 0.891683 0.891683 0.891683 0 1.33333
1 0.772457 0.772457 0.772457 0 1.25
1 0.754485 0.754485 0.754485 0 1.5
1 0.537731 0.537731 0.537731 0 1.16667
1 0.485209 0.485209 0.485209 0 1.25
1 0.274962 0.274962 0.274962 0 1.25
1 0.200578 0.200578 0.200578 0 1.25
1 0.185846 0.185846 0.185846 0 1.16667
1 0.177908 0.177908 0.177908 0 1.25
1 0.177596 0.177596 0.177596 0 1.16667
1 0.164242 0.164242 0.164242 0 1.33333
1 0.133982 0.133982 0.133982 0 1.25
1 0.0787198 0.0787198 0.0787198 0 1.25
1 0.044752 0.044752 0.044752 0 1.25
1 0.0419344 0.0419344 0.0419344 0 1.25
1 0.00762852 0.00762852 0.00762852 0 1.25
1 1e-08 1e-08 1e-08 0 1.2
1 1e-08 1e-08 1e-08 0 1.16667

9 13.3322 13.3322 13.3322 1.77636e-15 1.33333
7 17.1414 17.1414 17.1414 3.55271e-15 1.33333
1 119.475 119.475 119.475 0 1.33333
8 14.9344 0.00665888 13.0684 4.93687 1.25
7 17.0678 0.0030933 14.63 5.97142 1.33333
6 15.4035 10.0464 11.5623 2.19422 1.16667
6 2.23427 2.23427 11.4992 9.26493 1.25
6 2.02426 2.02426 10.1025 8.07824 1.2
4 14.0654 14.0654 14.0654 0 1.25
3 12.2284 12.2284 12.2284 0 1.25
3 11.5729 11.5729 11.5729 0 1.5
1 28.6388 28.6388 28.6388 0 1.33333
2 12.2629 12.2629 12.2629 0 1.33333
1 13.1775 13.1775 13.1775 0 1.25
1 9.79739 9.79739 9.79739 0 1.2
1 8.04546 8.04546 8.04546 0 1.2
1 6.04579 6.04579 6.04579 0 1.5
1 4.40472 4.40472 4.40472 0 0
1 3.60842 3.60842 3.60842 0 1.5
1 1.79705 1.79705 1.92776 0.130708 1.25
1 1.28174 1.28174 1.28174 0 1.33333
1 1.23314 1.23314 1.23314 0 1.33333
1 1.08088 1.08088 1.08088 0 1.33333
1 1.02811 1.02811 1.02811 0 1.16667
1 1.01082 1.01082 1.01082 0 1.25
1 0.931705 0.931705 0.931705 0 2
1 0.891683 0.891683 0.891683 0 1.33333
1 0.772457 0.772457 0.772457 0 1.25
1 0.757393 0.757393 0.757393 0 1.16667
1 0.754485 0.754485 0.754485 0 1.5
1 0.609287 0.609287 0.618889 0.00960212 1.16667
1 0.56021 0.56021 0.56021 0 1.25
1 0.537731 0.537731 0.537731 0 1.16667
1 0.485209 0.485209 0.485209 0 1.25
1 0.274962 0.274962 0.274962 0 1.25
1 0.200578 0.200578 0.200578 0 1.25
1 0.185846 0.185846 0.185846 0 1.16667
1 0.177908 0.177908 0.177908 0 1.25
1 0.177596 0.177596 0.177596 0 1.16667
1 0.164242 0.164242 0.164242 0 1.33333
1 0.146158 0.146158 0.146158 0 1.25
1 0.133982 0.133982 0.133982 0 1.25
1 0.118825 0.118825 0.118825 0 1.25
1 0.0787198 0.0787198 0.0787198 0 1.25
1 0.044752 0.044752 0.044752 0 1.25
1 0.0419344 0.0419344 0.0419344 0 1.25
1 0.0105268 0.0105268 0.0105268 0 1.25
1 0.00762852 0.00762852 0.00762852 0 1.25
1 1e-08 1e-08 1e-08 0 1.2
1 1e-08 1e-08 1e-08 0 1.16667

7 17.0678 17.0678 17.0678 3.55271e-15 1.33333
7 17.0678 17.0678 17.0678 3.55271e-15 1.25
7 17.64 0.0365142 15.1252 6.15992 1.2
10 2.14268 2.14268 9.02065 6.87797 1.33333
8 11.6679 0.89394 9.00649 4.62336 1.2
7 2.14268 2.14268 10.138 7.99531 1.33333
6 15.4035 10.0464 11.5623 2.19422 1.16667
4 14.0654 14.0654 14.0654 0 1.25
3 12.2284 12.2284 12.2284 0 1.25
3 11.5729 11.5729 11.5729 0 1.5
1 28.6388 28.6388 28.6388 0 1.33333
2 12.2629 12.2629 12.2629 0 1.33333
1 16.1657 16.1657 16.1657 0 1.25
1 13.1775 13.1775 13.1775 0 1.25
1 6.04579 6.04579 6.04579 0 1.5
1 5.39114 5.39114 5.39114 0 1.2
1 4.40472 4.40472 4.40472 0 0
1 3.38302 3.38302 3.38302 0 1.5
1 1.28174 1.28174 1.28174 0 1.33333
1 1.23314 1.23314 1.23314 0 1.33333
1 1.08088 1.08088 1.08088 0 1.33333
1 1.02811 1.02811 1.02811 0 1.16667
1 1.01082 1.01082 1.01082 0 1.25
1 0.931705 0.931705 0.931705 0 2
1 0.891683 0.891683 0.891683 0 1.33333
1 0.772457 0.772457 0.772457 0 1.25
1 0.757393 0.757393 0.757393 0 1.16667
1 0.754485 0.754485 0.754485 0 1.5
1 0.537731 0.537731 0.537731 0 1.16667
1 0.274962 0.274962 0.274962 0 1.25
1 0.200578 0.200578 0.200578 0 1.25
1 0.185846 0.185846 0.185846 0 1.16667
1 0.177908 0.177908 0.177908 0 1.25
1 0.177596 0.177596 0.177596 0 1.16667
1 0.164242 0.164242 0.164242 0 1.33333
1 0.146158 0.146158 0.146158 0 1.25
1 0.133982 0.133982 0.133982 0 1.25
1 0.118825 0.118825 0.118825 0 1.25
1 0.0960353 0.0960353 0.0960353 0 1.25
1 0.0787198 0.0787198 0.0787198 0 1.25
1 0.0656551 0.0656551 0.0656551 0 1.25
1 0.053271 0.053271 0.053271 0 1.2
1 0.044752 0.044752 0.044752 0 1.25
1 0.0419344 0.0419344 0.0419344 0 1.25
1 0.0261114 0.0261114 0.0261114 0 1.25
1 0.0216531 0.0216531 0.0216531 0 1.25
1 0.0105268 0.0105268 0.0105268 0 1.25
1 0.00762852 0.00762852 0.00762852 0 1.25

12 9.99917 9.99917 9.99917 1.77636e-15 1.33333
7 17.64 0.0039125 15.1205 6.17133 1.2
6 17.5018 17.5018 17.5018 0 1.25
9 3.41357 3.41357 10.2923 6.87869 1.25
8 1.81023 1.81023 10.8936 9.08338 1.33333
7 14.9988 0.00983998 10.7202 6.76576 1.25
5 23.895 0.00901418 14.3435 11.6981 1.33333
6 15.4035 10.0464 11.5623 2.19422 1.16667
4 14.0654 14.0654 14.0654 0 1.25
3 12.2284 12.2284 12.2284 0 1.25
3 11.5729 11.5729 11.5729 0 1.5
1 28.6388 28.6388 28.6388 0 1.33333
2 12.2629 12.2629 12.2629 0 1.33333
1 16.1657 16.1657 16.1657 0 1.25
1 13.1775 13.1775 13.1775 0 1.25
1 9.79739 9.79739 9.79739 0 1.2
1 8.04546 8.04546 8.04546 0 1.2
1 6.04579 6.04579 6.04579 0 1.5
1 5.39114 5.39114 5.39114 0 1.2
1 4.40472 4.40472 4.40472 0 0
1 3.38302 3.38302 3.38302 0 1.5
1 1.28174 1.28174 1.28174 0 1.33333
1 1.25554 1.25554 1.25554 0 1.16667
1 1.23314 1.23314 1.23314 0 1.33333
1 1.08088 1.08088 1.08088 0 1.33333
1 1.02811 1.02811 1.02811 0 1.16667
1 1.01082 1.01082 1.01082 0 1.25
1 0.931705 0.931705 0.931705 0 2
1 0.772457 0.772457 0.772457 0 1.25
1 0.754485 0.754485 0.754485 0 1.5
1 0.537731 0.537731 0.537731 0 1.16667
1 0.485209 0.485209 0.485209 0 1.25
1 0.445841 0.445841 0.445841 5e-09 1.33333
1 0.163793 0.163793 0.236408 0.0726154 1.25
1 0.200578 0.200578 0.200578 0 1.25
1 0.185846 0.185846 0.185846 0 1.16667
1 0.177908 0.177908 0.177908 0 1.25
1 0.177596 0.177596 0.177596 0 1.16667
1 0.164242 0.164242 0.164242 0 1.33333
1 0.146158 0.146158 0.146158 0 1.25
1 0.133982 0.133982 0.133982 0 1.25

8 14.9344 14.9344 14.9344 1.77636e-15 1.33333
9 13.275 13.275 13.275 0 1.25
6 17.5018 17.5018 17.5018 0 1.25
6 19.9983 2.69428 17.1143 6.44884 1.33333
4 29.8687 0.0112677 22.4044 12.9287 1.33333
8 2.37461 2.37461 10.1584 7.78376 1.2
7 1.9046 1.9046 11.4689 9.56428 1.33333
6 15.4035 10.0464 11.5623 2.19422 1.16667
4 14.0654 14.0654 14.0654 0 1.25
3 12.2284 12.2284 12.2284 0 1.25
3 11.5729 11.5729 11.5729 0 1.5
1 28.6388 28.6388 28.6388 0 1.33333
2 12.2629 12.2629 12.2629 0 1.33333
1 13.1775 13.1775 13.1775 0 1.25
1 9.79739 9.79739 9.79739 0 1.2
1 8.04546 8.04546 8.04546 0 1.2
1 6.04579 6.04579 6.04579 0 1.5
1 5.39114 5.39114 5.39114 0 1.2
1 4.40472 4.40472 4.40472 0 0
1 3.38302 3.38302 3.38302 0 1.5
1 1.28174 1.28174 1.28174 0 1.33333
1 1.25554 1.25554 1.25554 0 1.16667
1 1.23314 1.23314 1.23314 0 1.33333
1 1.08088 1.08088 1.08088 0 1.33333
1 1.02811 1.02811 1.02811 0 1.16667
1 1.01082 1.01082 1.01082 0 1.25
1 0.931705 0.931705 0.931705 0 2
1 0.891683 0.891683 0.891683 0 1.33333
1 0.772457 0.772457 0.772457 0 1.25
1 0.754485 0.754485 0.754485 0 1.5
1 0.537731 0.537731 0.537731 0 1.16667
1 0.491379 0.491379 0.491379 0 1.2
1 0.274962 0.274962 0.274962 0 1.25
1 0.200578 0.200578 0.200578 0 1.25
1 0.185846 0.185846 0.185846 0 1.16667
1 0.177908 0.177908 0.177908 0 1.25
1 0.177596 0.177596 0.177596 0 1.16667
1 0.164242 0.164242 0.164242 0 1.33333
1 0.149618 0.149618 0.149618 0 1.16667
1 0.146158 0.146158 0.146158 0 1.25
1 0.133982 0.133982 0.133982 0 1.25
1 0.133035 0.133035 0.133035 0 1.25
1 0.0960353 0.0960353 0.0960353 0 1.25
1 0.0787198 0.0787198 0.0787198 0 1.25
1 0.0188362 0.0188362 0.0188362 0 1.14286
1 0.0184822 0.0184822 0.0184822 0 1.25
1 1e-08 1e-08 1e-08 0 1.25

