1 0.0523006 0.0523006 0.0523006 0 2
1 1e-08 1e-08 1e-08 0 0
1 1e-08 1e-08 1e-08 0 2
1 1e-08 1e-08 1e-08 0 2
1 1e-08 1e-08 1e-08 0 2

90 0.000739245 0.00026139 0.000578389 3.85318e-05 2
1 5e-09 5e-09 1e-08 5e-09 0
1 5e-09 5e-09 1e-08 5e-09 2
1 2.5e-09 2.5e-09 1e-08 7.5e-09 2
1 1e-08 1e-08 1e-08 0 2
1 1e-08 1e-08 1e-08 0 1.5
1 1e-08 1e-08 1e-08 0 1.5
1 1e-08 1e-08 1e-08 0 1.5
1 1e-08 1e-08 1e-08 0 1.5
1 1e-08 1e-08 1e-08 0 1.5
1 1e-08 1e-08 1e-08 0 1.5

70 0.000400432 0.000293824 0.000743242 0.000445719 2
1 0.0218413 0.0218413 0.0218413 0 1.5
1 5e-09 5e-09 1e-08 5e-09 0
1 2.5e-09 2.5e-09 1e-08 7.5e-09 2
1 1e-08 1e-08 1e-08 0 2
1 3.33333e-09 3.33333e-09 1e-08 6.66667e-09 2
1 1e-08 1e-08 1e-08 0 1.5
1 1e-08 1e-08 1e-08 0 1.5
1 1e-08 1e-08 1e-08 0 1.5
1 1e-08 1e-08 1e-08 0 1.5
1 1e-08 1e-08 1e-08 0 1.5
1 1e-08 1e-08 1e-08 0 1.5
1 5e-09 5e-09 1e-08 5e-09 1.5
1 1e-08 1e-08 1e-08 0 1.5
1 1e-08 1e-08 1e-08 0 1.5
1 1e-08 1e-08 1e-08 0 1.5

65 0.000462837 0.000339615 0.00081786 0.000466169 2
1 0.0218413 0.0218413 0.0218413 0 1.5
1 0.00647943 0.00647943 0.00647943 0 1.5
1 1e-08 1e-08 1e-08 0 1.5
1 1e-08 1e-08 1e-08 0 1.5
1 1e-08 1e-08 1e-08 0 1.5
1 1e-08 1e-08 1e-08 0 1.5
1 1e-08 1e-08 1e-08 0 1.5
1 1e-08 1e-08 1e-08 0 1.5
1 1e-08 1e-08 1e-08 0 1.5
1 1e-08 1e-08 1e-08 0 1.5
1 1e-08 1e-08 1e-08 0 1.5
1 1e-08 1e-08 1e-08 0 1.5
1 1e-08 1e-08 1e-08 0 1.5
1 1e-08 1e-08 1e-08 0 1.5
1 1e-08 1e-08 1e-08 0 1.5
1 1e-08 1e-08 1e-08 0 1.5
1 1e-08 1e-08 1e-08 0 1.5
1 1e-08 1e-08 1e-08 0 1.5
1 1.66667e-09 1.66667e-09 1e-08 8.33333e-09 2
1 5e-09 5e-09 1e-08 5e-09 2
1 3.33333e-09 3.33333e-09 1e-08 6.66667e-09 2
1 5e-09 5e-09 1e-08 5e-09 0

65 0.000472032 0.000346362 0.000833606 0.000460111 2
1 0.0218413 0.0218413 0.0218413 0 1.5
1 0.00647943 0.00647943 0.00647943 0 1.5
1 1e-08 1e-08 1e-08 0 1.5
1 1e-08 1e-08 1e-08 0 1.5
1 1e-08 1e-08 1e-08 0 1.5
1 1e-08 1e-08 1e-08 0 1.5
1 1e-08 1e-08 1e-08 0 1.5
1 1e-08 1e-08 1e-08 0 1.5
1 1e-08 1e-08 1e-08 0 0
1 3.33333e-09 3.33333e-09 1e-08 6.66667e-09 2
1 2.5e-09 2.5e-09 1e-08 7.5e-09 2
1 2.5e-09 2.5e-09 1e-08 7.5e-09 2
1 1e-08 1e-08 1e-08 0 1.5
1 1e-08 1e-08 1e-08 0 1.5
1 1e-08 1e-08 1e-08 0 1.5
1 1e-08 1e-08 1e-08 0 1.5
1 1e-08 1e-08 1e-08 0 1.5
1 1e-08 1e-08 1e-08 0 1.5
1 1e-08 1e-08 1e-08 0 1.5
1 1e-08 1e-08 1e-08 0 1.5
1 1e-08 1e-08 1e-08 0 1.5
1 1e-08 1e-08 1e-08 0 1.5
1 1e-08 1e-08 1e-08 0 1.5
1 1e-08 1e-08 1e-08 0 1.5
1 1e-08 1e-08 1e-08 0 1.5
1 1e-08 1e-08 1e-08 0 1.5
1 1e-08 1e-08 1e-08 0 1.5
1 1e-08 1e-08 1e-08 0 1.5

1 6.40475 6.40475 6.40475 0 1.5
1 0.000478368 0.000478368 0.0565621 0.0560838 2
1 0.0218413 0.0218413 0.0218413 0 1.5
1 0.00647943 0.00647943 0.00647943 0 1.5
1 1e-08 1e-08 1e-08 0 1.5
1 1e-08 1e-08 1e-08 0 1.5
1 1e-08 1e-08 1e-08 0 1.5
1 1e-08 1e-08 1e-08 0 1.5
1 1e-08 1e-08 1e-08 0 1.5
1 1e-08 1e-08 1e-08 0 1.5
1 1e-08 1e-08 1e-08 0 1.5
1 1e-08 1e-08 1e-08 0 1.5
1 1e-08 1e-08 1e-08 0 1.5
1 1e-08 1e-08 1e-08 0 1.5
1 1e-08 1e-08 1e-08 0 1.5
1 1e-08 1e-08 1e-08 0 1.5
1 1e-08 1e-08 1e-08 0 1.5
1 1e-08 1e-08 1e-08 0 1.5
1 1e-08 1e-08 1e-08 0 1.5
1 1e-08 1e-08 1e-08 0 1.5
1 1e-08 1e-08 1e-08 0 1.5
1 1e-08 1e-08 1e-08 0 1.5
1 5e-09 5e-09 1e-08 5e-09 1.5
1 1e-08 1e-08 1e-08 0 1.5
1 1e-08 1e-08 1e-08 0 1.5
1 1e-08 1e-08 1e-08 0 1.5
1 1e-08 1e-08 1e-08 0 0
1 5e-09 5e-09 1e-08 5e-09 2
1 2.5e-09 2.5e-09 1e-08 7.5e-09 2
1 3.33333e-09 3.33333e-09 1e-08 6.66667e-09 2
1 1e-08 1e-08 1e-08 0 1.5
1 1e-08 1e-08 1e-08 0 1.5
1 1e-08 1e-08 1e-08 0 1.5
1 1e-08 1e-08 1e-08 0 1.5
1 1e-08 1e-08 1e-08 0 1.5
1 1e-08 1e-08 1e-08 0 1.5
1 1e-08 1e-08 1e-08 0 1.5
1 1e-08 1e-08 1e-08 0 1.5

80 0.0800594 1.25e-10 0.0717257 0.0235159 1.5
1 0.0930517 0.0930517 0.0930517 0 1.33333
1 0.0712769 0.0712769 0.0712769 0 2
1 0.0617823 0.0617823 0.0617823 0 1.33333
1 0.0218413 0.0218413 0.0218413 0 1.5
1 0.00647943 0.00647943 0.00647943 0 1.5
1 1e-08 1e-08 1e-08 0 0
1 5e-09 5e-09 1e-08 5e-09 2
1 1e-08 1e-08 1e-08 0 2
1 1e-08 1e-08 1e-08 0 2
1 1e-08 1e-08 1e-08 0 1.5
1 1e-08 1e-08 1e-08 0 1.5
1 1e-08 1e-08 1e-08 0 1.5
1 1e-08 1e-08 1e-08 0 1.5
1 1e-08 1e-08 1e-08 0 1.5
1 1e-08 1e-08 1e-08 0 1.5
1 1e-08 1e-08 1e-08 0 1.5
1 1e-08 1e-08 1e-08 0 1.5
1 2.5e-09 2.5e-09 1e-08 7.5e-09 1.5
1 5e-09 5e-09 1e-08 5e-09 1.5
1 2.5e-09 2.5e-09 1e-08 7.5e-09 1.5
1 5e-09 5e-09 1e-08 5e-09 1.5

96 0.0388167 0.0388167 0.0574894 0.0186727 1.5
1 0.0712769 0.0712769 0.0712769 0 2
1 0.0308912 0.0308912 0.0617823 0.0308912 1.33333
1 0.0465259 0.0465259 0.0465259 5e-09 1.33333
1 0.0218413 0.0218413 0.0218413 0 1.5
1 0.00647943 0.00647943 0.00647943 0 1.5

95 0.0357807 0.0357807 0.0665343 0.0307536 1.5
1 0.0930517 0.0930517 0.0930517 0 1.33333
1 0.0712769 0.0712769 0.0712769 0 2
1 0.0617823 0.0617823 0.0617823 0 1.33333
1 0.0262408 0.0262408 0.0262408 0 1.33333
1 0.0218413 0.0218413 0.0218413 0 1.5
1 0.00647943 0.00647943 0.00647943 0 1.5

93 0.037675 0.037675 0.0685008 0.0308258 1.5
1 0.0974351 0.0974351 0.0974351 0 1.5
1 0.0930517 0.0930517 0.0930517 0 1.33333
1 0.0812148 0.0812148 0.0812148 0 1.33333
1 0.0712769 0.0712769 0.0712769 0 2
1 0.0617823 0.0617823 0.0617823 0 1.33333
1 0.0262408 0.0262408 0.0262408 0 1.33333
1 0.0218413 0.0218413 0.0218413 0 1.5
1 0.00647943 0.00647943 0.00647943 0 1.5

88 0.0370217 0.0370217 0.0715858 0.0345641 1.5
1 0.300367 0.300367 0.300367 0 1.33333
1 0.240327 0.240327 0.240327 0 1.33333
1 0.0930517 0.0930517 0.0930517 0 1.33333
1 0.0712769 0.0712769 0.0712769 0 2
1 0.0617823 0.0617823 0.0617823 0 1.33333
1 0.0324784 0.0324784 0.0324784 6.66667e-09 1.5
1 0.0262408 0.0262408 0.0262408 0 1.33333
1 0.0218413 0.0218413 0.0218413 0 1.5
1 0.00647943 0.00647943 0.00647943 0 1.5
1 1e-08 1e-08 1e-08 0 1.5
1 1e-08 1e-08 1e-08 0 1.5
1 1e-08 1e-08 1e-08 0 1.33333
1 1e-08 1e-08 1e-08 0 1.33333

88 0.378703 0.0392929 0.0760749 0.0487675 1.5
1 0.300367 0.300367 0.300367 0 1.33333
1 0.240327 0.240327 0.240327 0 1.33333
1 0.0930517 0.0930517 0.0930517 0 1.33333
1 0.0712769 0.0712769 0.0712769 0 2
1 0.0617823 0.0617823 0.0617823 0 1.33333
1 0.0487176 0.0487176 0.0487176 5e-09 1.5
1 0.0262408 0.0262408 0.0262408 0 1.33333
1 0.0218413 0.0218413 0.0218413 0 1.5
1 0.00647943 0.00647943 0.00647943 0 1.5
1 1e-08 1e-08 1e-08 0 1.33333
1 1e-08 1e-08 1e-08 0 1.33333
1 1e-08 1e-08 1e-08 0 1.33333
1 1e-08 1e-08 1e-08 0 1.33333

91 0.365127 0.0370217 0.0841675 0.0737521 1.5
1 0.240327 0.240327 0.240327 0 1.33333
1 0.0974351 0.0974351 0.0974351 0 1.5
1 0.0930517 0.0930517 0.0930517 0 1.33333
1 0.0812148 0.0812148 0.0812148 0 1.33333
1 0.0712769 0.0712769 0.0712769 0 2
1 0.0617823 0.0617823 0.0617823 0 1.33333
1 0.0262408 0.0262408 0.0262408 0 1.33333
1 0.0218413 0.0218413 0.0218413 0 1.5
1 0.00647943 0.00647943 0.00647943 0 1.5
1 1e-08 1e-08 1e-08 0 1.33333

93 0.38283 0.0388167 0.096713 0.098914 1.5
1 0.240327 0.240327 0.240327 0 1.33333
1 0.0930517 0.0930517 0.0930517 0 1.33333
1 0.0712769 0.0712769 0.0712769 0 2
1 0.0617823 0.0617823 0.0617823 0 1.33333
1 0.0605677 0.0605677 0.0605866 1.88705e-05 1.33333
1 0.0324784 0.0324784 0.0324784 6.66667e-09 1.5
1 0.0262408 0.0262408 0.0262408 0 1.33333
1 0.0218413 0.0218413 0.0218413 0 1.5

90 0.369397 0.0374547 0.120322 0.12201 1.5
1 0.300367 0.300367 0.300367 0 1.33333
1 0.290033 0.290033 0.290033 0 1.33333
1 0.240327 0.240327 0.240327 0 1.33333
1 0.0930517 0.0930517 0.0930517 0 1.33333
1 0.0712769 0.0712769 0.0712769 0 2
1 0.0617823 0.0617823 0.0617823 0 1.33333
1 0.0262408 0.0262408 0.0262408 0 1.33333
1 0.0243588 0.0243588 0.0243588 7.5e-09 1.5
1 0.0218413 0.0218413 0.0218413 0 1.5
1 1e-08 1e-08 1e-08 0 1.33333
1 1e-08 1e-08 1e-08 0 1.33333

92 0.378245 0.0383518 0.174261 0.156707 1.5
1 0.317425 0.317425 0.317425 0 1.33333
1 0.300367 0.300367 0.300367 0 1.33333
1 0.240327 0.240327 0.240327 0 1.33333
1 0.0930517 0.0930517 0.0930517 0 1.33333
1 0.0880861 0.0880861 0.0880861 0 1.33333
1 0.0712769 0.0712769 0.0712769 0 2
1 0.0617823 0.0617823 0.0617823 0 1.33333
1 0.0487176 0.0487176 0.0487176 5e-09 1.5
1 0.0262408 0.0262408 0.0262408 0 1.33333

95 0.365127 0.0370217 0.249085 0.159313 1.5
1 0.243523 0.243523 0.243523 0 1.33333
1 0.240327 0.240327 0.240327 0 1.33333
1 0.145017 0.145017 0.145017 5e-09 1.33333
1 0.0930517 0.0930517 0.0930517 0 1.33333
1 0.0880861 0.0880861 0.0880861 0 1.33333
1 0.0812148 0.0812148 0.0812148 0 1.33333

97 0.37157 0.0414788 0.364104 0.0831311 1.5
1 0.317425 0.317425 0.317425 0 1.33333
1 0.240327 0.240327 0.240327 0 1.33333
1 0.11097 0.11097 0.11097 0 1.33333
1 0.0930517 0.0930517 0.0930517 0 1.33333

95 0.350927 0.342937 0.573367 0.227601 1.5
1 1.50803 1.50803 1.50803 0 1.33333
1 0.291306 0.291306 0.291306 0 1.33333
1 0.290033 0.290033 0.290033 0 1.33333
1 0.240327 0.240327 0.240327 0 1.33333
1 0.0930517 0.0930517 0.0930517 0 1.33333
1 1e-08 1e-08 1e-08 0 1.33333

3 21.0556 21.0556 21.0556 0 1.5
47 0.380524 0.380524 1.26386 0.883341 1.5
1 0.317425 0.317425 0.317425 0 1.33333
1 0.291306 0.291306 0.291306 0 1.33333
1 0.243523 0.243523 0.243523 0 1.33333
1 0.240327 0.240327 0.240327 0 1.33333
1 0.107216 0.107216 0.107216 0 1.33333
1 0.0930517 0.0930517 0.0930517 0 1.33333
1 1e-08 1e-08 1e-08 0 1.33333
1 1e-08 1e-08 1e-08 0 1.5
1 1e-08 1e-08 1e-08 0 1.33333
1 1e-08 1e-08 1e-08 0 1.33333
1 1e-08 1e-08 1e-08 0 1.33333
1 1e-08 1e-08 1e-08 0 1.5
1 1e-08 1e-08 1e-08 0 1.33333
1 1e-08 1e-08 1e-08 0 1.5
1 1e-08 1e-08 1e-08 0 1.33333
1 1e-08 1e-08 1e-08 0 1.5
1 5e-09 5e-09 1e-08 5e-09 1.5
1 1e-08 1e-08 1e-08 0 1.33333
1 5e-09 5e-09 1e-08 5e-09 1.5
1 3.33333e-09 3.33333e-09 1e-08 6.66667e-09 1.5
1 2.5e-09 2.5e-09 1e-08 7.5e-09 1.5
1 1e-08 1e-08 1e-08 0 1.33333
1 5e-09 5e-09 1e-08 5e-09 1.5
1 1e-08 1e-08 1e-08 0 1.33333

97 0.497378 0.497378 0.63778 0.140403 1.5
1 0.291306 0.291306 0.291306 0 1.33333
1 0.290033 0.290033 0.290033 0 1.33333
1 0.243523 0.243523 0.243523 0 1.33333
1 0.240327 0.240327 0.240327 0 1.33333

98 0.347071 0.347071 0.644561 0.29749 1.5
1 0.317425 0.317425 0.317425 0 1.33333
1 0.291306 0.291306 0.291306 0 1.33333
1 0.243523 0.243523 0.243523 0 1.33333

98 0.356875 0.356875 0.637329 0.280454 1.5
1 0.291306 0.291306 0.291306 0 1.33333
1 0.290033 0.290033 0.290033 0 1.33333
1 0.274999 0.274999 0.274999 0 1.33333

98 0.348989 0.348989 0.633936 0.284948 1.5
1 0.291306 0.291306 0.291306 0 1.33333
1 0.290033 0.290033 0.290033 0 1.33333
1 0.274999 0.274999 0.274999 0 1.33333

97 0.347071 0.347071 0.643059 0.295988 1.5
1 0.770157 0.770157 0.770157 0 1.33333
1 0.291306 0.291306 0.291306 0 1.33333
1 0.274999 0.274999 0.274999 0 1.33333
1 0.158712 0.158712 0.158712 5e-09 1.33333

2 31.5835 31.5835 31.5835 0 1.5
49 0.387527 0.387527 1.28123 0.893699 1.5
1 0.770157 0.770157 0.770157 0 1.33333
1 0.344131 0.344131 0.344131 0 1.33333
1 0.291306 0.291306 0.291306 0 1.33333
1 0.290033 0.290033 0.290033 0 1.33333
1 0.274999 0.274999 0.274999 0 1.33333
1 0.0160654 0.0160654 0.0160654 6.66667e-09 1.5
1 0.00255738 0.00255738 0.00255738 0 1.33333
1 1e-08 1e-08 1e-08 0 1.33333
1 1e-08 1e-08 1e-08 0 1.33333
1 1e-08 1e-08 1e-08 0 1.33333
1 5e-09 5e-09 1e-08 5e-09 1.33333
1 1e-08 1e-08 1e-08 0 1.33333
1 1e-08 1e-08 1e-08 0 1.33333
1 1e-08 1e-08 1e-08 0 1.33333
1 1e-08 1e-08 1e-08 0 1.33333
1 5e-09 5e-09 1e-08 5e-09 1.5
1 5e-09 5e-09 1e-08 5e-09 1.5
1 1e-08 1e-08 1e-08 0 1.33333
1 5e-09 5e-09 1e-08 5e-09 1.5
1 1e-08 1e-08 1e-08 0 1.33333
1 3.33333e-09 3.33333e-09 1e-08 6.66667e-09 1.5
1 5e-09 5e-09 1e-08 5e-09 1.5
1 2.5e-09 2.5e-09 1e-08 7.5e-09 1.5
1 1e-08 1e-08 1e-08 0 1.33333

45 1.40371 0.0128297 1.34662 0.265662 1.5
48 0.761048 0.761048 1.2514 0.49035 1.5
1 0.770157 0.770157 0.770157 0 1.33333
1 0.344131 0.344131 0.344131 0 1.33333
1 0.291306 0.291306 0.291306 0 1.33333
1 0.290033 0.290033 0.290033 0 1.33333
1 0.274999 0.274999 0.274999 0 1.33333
1 0.139608 0.139608 0.139608 5e-09 1.33333
1 0.0162278 0.0162278 0.0162278 0 1.5
1 0.0120491 0.0120491 0.0120491 7.5e-09 1.5

29 2.17817 2.17817 2.17817 8.88178e-16 1.5
46 0.435634 0.435634 1.27102 0.835388 1.5
1 2.11416 2.11416 2.11416 0 1.33333
1 0.385079 0.385079 0.385079 5e-09 1.33333
1 0.344131 0.344131 0.344131 0 1.33333
1 0.317425 0.317425 0.317425 0 1.33333
1 0.291306 0.291306 0.291306 0 1.33333
1 0.279216 0.279216 0.279216 0 1.33333
1 0.274999 0.274999 0.274999 0 1.33333
1 0.0481963 0.0481963 0.0481963 0 1.5
1 0.0162278 0.0162278 0.0162278 0 1.5
1 1e-08 1e-08 1e-08 0 1.33333
1 1e-08 1e-08 1e-08 0 1.33333
1 5e-09 5e-09 1e-08 5e-09 1.5
1 1e-08 1e-08 1e-08 0 1.33333
1 1e-08 1e-08 1e-08 0 1.33333
1 1e-08 1e-08 1e-08 0 1.5
1 1e-08 1e-08 1e-08 0 1.33333
1 1e-08 1e-08 1e-08 0 1.33333
1 5e-09 5e-09 1e-08 5e-09 1.5
1 5e-09 5e-09 1e-08 5e-09 1.5
1 1e-08 1e-08 1e-08 0 1.5
1 1e-08 1e-08 1e-08 0 1.33333
1 1e-08 1e-08 1e-08 0 1.5
1 1e-08 1e-08 1e-08 0 1.5

50 0.613271 0.613271 1.24064 0.627364 1.5
42 1.50397 0.00139586 1.39754 0.383778 1.5
1 0.385079 0.385079 0.385079 5e-09 1.33333
1 0.344131 0.344131 0.344131 0 1.33333
1 0.291306 0.291306 0.291306 0 1.33333
1 0.290033 0.290033 0.290033 0 1.33333
1 0.279216 0.279216 0.279216 0 1.33333
1 0.274999 0.274999 0.274999 0 1.33333
1 0.0469261 0.0469261 0.0469261 0 1.33333
1 0.0240982 0.0240982 0.0240982 5e-09 1.5
1 0.0162278 0.0162278 0.0162278 0 1.5

50 0.559 0.559 1.22998 0.670984 1.5
47 1.01882 1.01882 1.21505 0.196231 1.5
1 0.770157 0.770157 0.770157 0 1.33333
1 0.344131 0.344131 0.344131 0 1.33333
1 0.317425 0.317425 0.317425 0 1.33333
1 0.291306 0.291306 0.291306 0 1.33333

1 63.1669 63.1669 63.1669 0 1.5
33 0.569072 0.569072 1.8984 1.32933 1.5
32 1.03552 1.03552 1.94164 0.906113 1.5
1 0.770157 0.770157 0.770157 0 1.33333
1 0.344131 0.344131 0.344131 0 1.33333
1 0.317425 0.317425 0.317425 0 1.33333
1 0.291306 0.291306 0.291306 0 1.33333
1 0.100426 0.100426 0.100426 0 1.33333
1 0.0286965 0.0286965 0.0540693 0.0253728 1.33333
1 5e-09 5e-09 1e-08 5e-09 1.5
1 1e-08 1e-08 1e-08 0 1.33333
1 1e-08 1e-08 1e-08 0 1.33333
1 1e-08 1e-08 1e-08 0 1.33333
1 1e-08 1e-08 1e-08 0 1.33333
1 1e-08 1e-08 1e-08 0 1.5
1 1e-08 1e-08 1e-08 0 1.33333
1 1e-08 1e-08 1e-08 0 1.5
1 1e-08 1e-08 1e-08 0 1.33333
1 1e-08 1e-08 1e-08 0 1.5
1 1e-08 1e-08 1e-08 0 1.33333
1 1e-08 1e-08 1e-08 0 1.33333
1 1e-08 1e-08 1e-08 0 1.33333
1 1e-08 1e-08 1e-08 0 1.33333
1 1e-08 1e-08 1e-08 0 1.5
1 1e-08 1e-08 1e-08 0 1.33333
1 1e-08 1e-08 1e-08 0 1.33333
1 1e-08 1e-08 1e-08 0 1.5
1 1e-08 1e-08 1e-08 0 1.33333
1 1e-08 1e-08 1e-08 0 1.33333

5 12.6334 12.6334 12.6334 0 1.5
33 1.07063 1.07063 1.88223 0.811607 1.5
31 0.842226 0.842226 1.93034 1.08811 1.5
1 0.770157 0.770157 0.770157 0 1.33333
1 0.344131 0.344131 0.344131 0 1.33333
1 0.317425 0.317425 0.317425 0 1.33333
1 0.291306 0.291306 0.291306 0 1.33333
1 0.100426 0.100426 0.100426 0 1.33333
1 0.0573929 0.0573929 0.0573929 0 1.33333
1 0.0181616 0.0181616 0.0544847 0.0363231 1.5
1 0.0313811 0.0313811 0.0313811 0 1.5
1 1e-08 1e-08 1e-08 0 1.5
1 1e-08 1e-08 1e-08 0 1.33333
1 3.33333e-09 3.33333e-09 1e-08 6.66667e-09 1.5
1 1e-08 1e-08 1e-08 0 1.5
1 5e-09 5e-09 1e-08 5e-09 1.33333
1 1e-08 1e-08 1e-08 0 1.33333
1 1e-08 1e-08 1e-08 0 1.33333
1 1e-08 1e-08 1e-08 0 1.33333
1 1e-08 1e-08 1e-08 0 1.5
1 1e-08 1e-08 1e-08 0 1.5
1 5e-09 5e-09 1e-08 5e-09 1.5
1 1e-08 1e-08 1e-08 0 1.33333
1 1e-08 1e-08 1e-08 0 1.5
1 1e-08 1e-08 1e-08 0 1.33333
1 1e-08 1e-08 1e-08 0 1.33333
1 1e-08 1e-08 1e-08 0 1.33333
1 5e-09 5e-09 1e-08 5e-09 1.5
1 1e-08 1e-08 1e-08 0 1.33333
1 1e-08 1e-08 1e-08 0 1.33333
1 1e-08 1e-08 1e-08 0 1.33333
1 1e-08 1e-08 1e-08 0 1.33333
1 1e-08 1e-08 1e-08 0 1.5
1 1e-08 1e-08 1e-08 0 1.33333
1 1e-08 1e-08 1e-08 0 1.5

2 31.5835 31.5835 31.5835 0 1.5
23 2.03764 2.03764 2.74639 0.708746 1.5
23 0.957075 0.957075 2.70483 1.74776 1.5
22 1.31598 1.31598 2.69281 1.37684 1.5
1 17.589 17.589 17.589 0 1.5
1 0.770157 0.770157 0.770157 0 1.33333
1 0.344131 0.344131 0.344131 0 1.33333
1 0.291306 0.291306 0.291306 0 1.33333
1 0.290033 0.290033 0.290033 0 1.33333
1 0.1855 0.1855 0.1855 0 1.33333
1 0.100426 0.100426 0.100426 0 1.33333
1 0.0726463 0.0726463 0.0726463 0 1.5
1 0.0573929 0.0573929 0.0573929 0 1.33333
1 0.0156906 0.0156906 0.0156906 5e-09 1.5
1 1e-08 1e-08 1e-08 0 1.33333
1 5e-09 5e-09 1e-08 5e-09 1.5
1 1e-08 1e-08 1e-08 0 1.5
1 1e-08 1e-08 1e-08 0 1.33333
1 1e-08 1e-08 1e-08 0 1.33333
1 1e-08 1e-08 1e-08 0 1.33333
1 2.5e-09 2.5e-09 1e-08 7.5e-09 1.5
1 1e-08 1e-08 1e-08 0 1.33333
1 1e-08 1e-08 1e-08 0 1.33333
1 1e-08 1e-08 1e-08 0 1.33333
1 1e-08 1e-08 1e-08 0 1.33333
1 1e-08 1e-08 1e-08 0 1.33333
1 1e-08 1e-08 1e-08 0 1.5
1 1e-08 1e-08 1e-08 0 1.33333
1 5e-09 5e-09 1e-08 5e-09 1.33333
1 1e-08 1e-08 1e-08 0 1.33333
1 1e-08 1e-08 1e-08 0 1.5
1 1e-08 1e-08 1e-08 0 1.33333
1 1e-08 1e-08 1e-08 0 1.5
1 5e-09 5e-09 1e-08 5e-09 1.5
1 1e-08 1e-08 1e-08 0 1.33333

15 4.21113 4.21113 4.21113 8.88178e-16 1.5
23 0.928926 0.928926 2.70604 1.77712 1.5
23 1.14849 1.14849 2.69646 1.54798 1.5
10 6.31669 0.150562 5.70008 1.84984 1.5
1 17.589 17.589 17.589 0 1.5
1 0.770157 0.770157 0.770157 0 1.33333
1 0.344131 0.344131 0.344131 0 1.33333
1 0.317425 0.317425 0.317425 0 1.33333
1 0.291306 0.291306 0.291306 0 1.33333
1 0.1855 0.1855 0.1855 0 1.33333
1 0.100426 0.100426 0.100426 0 1.33333
1 0.0726463 0.0726463 0.0726463 0 1.5
1 0.0313811 0.0313811 0.0313811 0 1.5
1 0.0286965 0.0286965 0.0286965 5e-09 1.33333
1 0.0142651 0.0142651 0.0285301 0.0142651 1.5
1 0.00474191 0.00474191 0.00948383 0.00474191 1.5
1 1e-08 1e-08 1e-08 0 1.33333
1 1e-08 1e-08 1e-08 0 1.33333
1 1e-08 1e-08 1e-08 0 1.33333
1 1e-08 1e-08 1e-08 0 1.33333
1 1e-08 1e-08 1e-08 0 1.5
1 1e-08 1e-08 1e-08 0 1.33333
1 1e-08 1e-08 1e-08 0 1.33333
1 5e-09 5e-09 1e-08 5e-09 1.5
1 1e-08 1e-08 1e-08 0 1.5
1 1e-08 1e-08 1e-08 0 1.33333
1 1e-08 1e-08 1e-08 0 1.33333
1 5e-09 5e-09 1e-08 5e-09 1.5
1 1e-08 1e-08 1e-08 0 1.33333
1 1e-08 1e-08 1e-08 0 1.33333
1 5e-09 5e-09 1e-08 5e-09 1.5
1 5e-09 5e-09 1e-08 5e-09 1.5
1 1e-08 1e-08 1e-08 0 1.33333
1 1e-08 1e-08 1e-08 0 1.5

31 1.00265 1.00265 2.00607 1.00342 1.5
31 1.469 1.469 1.99026 0.521258 1.5
31 1.66229 1.66229 1.98402 0.321734 1.5
2 8.79451 5e-09 4.39725 4.39725 1.5
1 0.770157 0.770157 0.770157 0 1.33333
1 0.344131 0.344131 0.344131 0 1.33333
1 0.317425 0.317425 0.317425 0 1.33333
1 0.291306 0.291306 0.291306 0 1.33333
1 0.25978 0.25978 0.25978 0 1.33333
1 0.1855 0.1855 0.1855 0 1.33333

31 0.915463 0.915463 2.00811 1.09265 1.5
31 1.05278 1.05278 1.9824 0.929614 1.5
31 1.54066 1.54066 1.96671 0.426048 1.5
2 8.79451 5e-09 4.39725 4.39725 1.5
1 0.770157 0.770157 0.770157 0 1.33333
1 0.344131 0.344131 0.344131 0 1.33333
1 0.291306 0.291306 0.291306 0 1.33333
1 0.290033 0.290033 0.290033 0 1.33333
1 0.25978 0.25978 0.25978 0 1.33333
1 0.1855 0.1855 0.1855 0 1.33333

32 1.85785 1.85785 1.97397 0.116116 1.5
31 0.928926 0.928926 1.94978 1.02086 1.5
30 0.842226 0.842226 1.99374 1.15151 1.5
2 8.79451 5e-09 4.39725 4.39725 1.5
1 0.770157 0.770157 0.770157 0 1.33333
1 0.498486 0.498486 0.498486 0 1.33333
1 0.344131 0.344131 0.344131 0 1.33333
1 0.291306 0.291306 0.291306 0 1.33333
1 0.290033 0.290033 0.290033 0 1.33333
1 0.25978 0.25978 0.25978 0 1.33333

31 1.14849 1.14849 2.00091 0.852425 1.5
31 0.734499 0.734499 1.99755 1.26305 1.5
30 2.03764 2.03764 2.03767 2.91697e-05 1.5
3 5.86301 3.33333e-09 3.90867 2.76385 1.5
1 0.770157 0.770157 0.770157 0 1.33333
1 0.344131 0.344131 0.344131 0 1.33333
1 0.317425 0.317425 0.317425 0 1.33333
1 0.291306 0.291306 0.291306 0 1.33333
1 0.25978 0.25978 0.25978 0 1.33333
1 0.176406 0.176406 0.176406 0 1.33333

30 2.03764 2.03764 2.10556 0.0679214 1.5
30 0.743141 0.743141 2.10556 1.36242 1.5
30 1.23857 1.23857 2.06692 0.828347 1.5
5 3.5178 2e-09 2.81424 1.40712 1.5
1 0.770157 0.770157 0.770157 0 1.33333
1 0.344131 0.344131 0.344131 0 1.33333
1 0.291306 0.291306 0.291306 0 1.33333
1 0.25978 0.25978 0.25978 0 1.33333
1 0.176406 0.176406 0.176406 0 1.33333
1 0.145017 0.145017 0.145017 5e-09 1.33333

31 0.915463 0.915463 2.03764 1.12218 1.5
31 1.66229 1.66229 2.03764 0.375355 1.5
29 1.00265 1.00265 2.04964 1.04699 1.5
5 3.5178 2e-09 2.81424 1.40712 1.5
1 0.770157 0.770157 0.770157 0 1.33333
1 0.344131 0.344131 0.344131 0 1.33333
1 0.291306 0.291306 0.291306 0 1.33333
1 0.290033 0.290033 0.290033 0 1.33333
1 0.25978 0.25978 0.25978 0 1.33333

22 2.87122 2.87122 2.87122 0 1.5
1 63.1669 63.1669 63.1669 0 1.5
23 0.889675 0.889675 2.71518 1.82551 1.5
23 0.789587 0.789587 2.713 1.92341 1.5
5 2.9315 2.9315 2.9315 3.33333e-10 1.5
1 0.770157 0.770157 0.770157 0 1.33333
1 0.344131 0.344131 0.344131 0 1.33333
1 0.291306 0.291306 0.291306 0 1.33333
1 0.290033 0.290033 0.290033 0 1.33333
1 0.25978 0.25978 0.25978 0 1.33333
1 0.0937243 0.0937243 0.0937243 0 1.33333
1 0.0929541 0.0929541 0.0929541 0 1.33333
1 0.0904535 0.0904535 0.0904535 0 1.33333
1 0.0351361 0.0351361 0.0387808 0.00364471 1.5
1 0.0142257 0.0142257 0.0142257 0 1.5
1 1e-08 1e-08 1e-08 0 1.5
1 1e-08 1e-08 1e-08 0 1.33333
1 1e-08 1e-08 1e-08 0 1.33333
1 1e-08 1e-08 1e-08 0 1.33333
1 1e-08 1e-08 1e-08 0 1.33333
1 1e-08 1e-08 1e-08 0 1.5
1 1e-08 1e-08 1e-08 0 1.33333
1 1e-08 1e-08 1e-08 0 1.33333
1 1e-08 1e-08 1e-08 0 1.33333
1 1e-08 1e-08 1e-08 0 1.5

14 4.51192 4.51192 4.51192 8.88178e-16 1.5
23 2.10556 2.10556 2.74639 0.640824 1.5
22 1.37319 1.37319 2.74652 1.37333 1.5
22 1.01882 1.01882 2.69317 1.67435 1.5
6 2.51272 2.51272 2.9315 0.418786 1.5
1 0.822681 0.822681 0.822681 0 1.5
1 0.770157 0.770157 0.770157 0 1.33333
1 0.344131 0.344131 0.344131 0 1.33333
1 0.291306 0.291306 0.291306 0 1.33333
1 0.290033 0.290033 0.290033 0 1.33333
1 0.25978 0.25978 0.25978 0 1.33333
1 0.101363 0.101363 0.101363 0 1.33333
1 0.0937243 0.0937243 0.0937243 0 1.33333
1 0.086256 0.086256 0.086256 0 1.33333
1 0.0842351 0.0842351 0.0842351 0 1.33333
1 0.0702722 0.0702722 0.0702722 0 1.5
1 0.0142257 0.0142257 0.0142257 0 1.5
1 0.00278683 0.00278683 0.00278683 5e-09 1.5
1 1e-08 1e-08 1e-08 0 1.5

23 1.80477 1.80477 2.74639 0.941619 1.5
16 3.94793 3.94793 3.94793 1.77636e-15 1.5
22 1.23857 1.23857 2.76327 1.5247 1.5
21 1.21475 1.21475 2.7777 1.56295 1.5
6 2.19863 2.19863 2.9315 0.732876 1.5
1 0.822681 0.822681 0.822681 0 1.5
1 0.770157 0.770157 0.770157 0 1.33333
1 0.399859 0.399859 0.399859 0 1.5
1 0.317425 0.317425 0.317425 0 1.33333
1 0.291306 0.291306 0.291306 0 1.33333
1 0.25978 0.25978 0.25978 0 1.33333
1 0.172065 0.172065 0.172065 5e-09 1.33333
1 0.101363 0.101363 0.101363 0 1.33333
1 0.0937243 0.0937243 0.0937243 0 1.33333
1 0.0842351 0.0842351 0.0842351 0 1.33333
1 0.0702722 0.0702722 0.0702722 0 1.5
1 0.0142257 0.0142257 0.0142257 0 1.5
1 0.00557366 0.00557366 0.00557366 0 1.5

23 1.80477 1.80477 2.74639 0.941619 1.5
19 3.32458 3.32458 3.32458 1.77636e-15 1.5
22 1.23857 1.23857 2.81712 1.57856 1.5
22 1.12798 1.12798 2.7687 1.64072 1.5
6 2.51272 2.51272 2.9315 0.418786 1.5
1 0.822681 0.822681 0.822681 0 1.5
1 0.770157 0.770157 0.770157 0 1.33333
1 0.727692 0.727692 0.727692 0 1.5
1 0.399859 0.399859 0.399859 0 1.5
1 0.363846 0.363846 0.363846 5e-09 1.5
1 0.344131 0.344131 0.344131 0 1.33333
1 0.291306 0.291306 0.291306 0 1.33333
1 0.290033 0.290033 0.290033 0 1.33333
1 0.25978 0.25978 0.25978 0 1.33333

23 1.28912 1.28912 2.74639 1.45727 1.5
19 3.32458 3.32458 3.32458 1.77636e-15 1.5
23 1.01882 1.01882 2.70235 1.68353 1.5
22 1.75464 1.75464 2.71817 0.963537 1.5
6 2.51272 2.51272 2.9315 0.418786 1.5
1 0.822681 0.822681 0.822681 0 1.5
1 0.770157 0.770157 0.770157 0 1.33333
1 0.363846 0.363846 0.727692 0.363846 1.5
1 0.399859 0.399859 0.399859 0 1.5
1 0.344131 0.344131 0.344131 0 1.33333
1 0.291306 0.291306 0.291306 0 1.33333
1 0.290033 0.290033 0.290033 0 1.33333
1 0.25978 0.25978 0.25978 0 1.33333

23 2.74639 2.74639 2.74639 0 1.5
13 4.859 4.859 4.859 8.88178e-16 1.5
22 0.842226 0.842226 2.83294 1.99072 1.5
22 1.01882 1.01882 2.82953 1.81071 1.5
6 2.9315 2.9315 2.9315 0 1.5
1 0.770157 0.770157 0.770157 0 1.33333
1 0.727692 0.727692 0.727692 0 1.5
1 0.49006 0.49006 0.49006 0 1.5
1 0.411341 0.411341 0.411341 5e-09 1.5
1 0.399859 0.399859 0.399859 0 1.5
1 0.344131 0.344131 0.344131 0 1.33333
1 0.317425 0.317425 0.317425 0 1.33333
1 0.291306 0.291306 0.291306 0 1.33333
1 0.25978 0.25978 0.25978 0 1.33333
1 1e-08 1e-08 1e-08 0 1.33333
1 1e-08 1e-08 1e-08 0 1.33333
1 1e-08 1e-08 1e-08 0 1.33333
1 1e-08 1e-08 1e-08 0 1.33333
1 1e-08 1e-08 1e-08 0 1.5
1 1e-08 1e-08 1e-08 0 1.5

23 1.10819 1.10819 2.74639 1.6382 1.5
22 2.87122 2.87122 2.87122 0 1.5
17 3.7157 3.7157 3.7157 0 1.5
21 1.08909 1.08909 2.80509 1.71601 1.5
6 2.9315 2.9315 2.9315 0 1.5
1 0.822681 0.822681 0.822681 0 1.5
1 0.770157 0.770157 0.770157 0 1.33333
1 0.626601 0.626601 0.626601 5e-09 1.5
1 0.242564 0.242564 0.508344 0.26578 1.5
1 0.49006 0.49006 0.49006 0 1.5
1 0.19993 0.19993 0.399859 0.19993 1.5
1 0.344131 0.344131 0.344131 0 1.33333
1 0.320754 0.320754 0.320754 0 1.33333
1 0.291306 0.291306 0.291306 0 1.33333
1 0.290033 0.290033 0.290033 0 1.33333
1 0.25978 0.25978 0.25978 0 1.33333
1 0.045535 0.045535 0.045535 0 1.33333

19 3.32458 3.32458 3.32458 1.77636e-15 1.5
23 0.986984 0.986984 2.74639 1.75941 1.5
22 1.23857 1.23857 2.81594 1.57738 1.5
18 3.50927 0.000367296 3.31434 0.803755 1.5
6 2.9315 2.9315 2.9315 0 1.5
1 1.2532 1.2532 1.2532 0 1.5
1 0.822681 0.822681 0.822681 0 1.5
1 0.770157 0.770157 0.770157 0 1.33333
1 0.727692 0.727692 0.727692 0 1.5
1 0.24503 0.24503 0.49006 0.24503 1.5
1 0.399859 0.399859 0.399859 0 1.5
1 0.344131 0.344131 0.344131 0 1.33333
1 0.320754 0.320754 0.320754 0 1.33333
1 0.313432 0.313432 0.313432 0 1.33333
1 0.291306 0.291306 0.291306 0 1.33333
1 0.290033 0.290033 0.290033 0 1.33333
1 0.25978 0.25978 0.25978 0 1.33333
1 0.030455 0.030455 0.0549386 0.0244836 1.5

1 63.1669 63.1669 63.1669 0 1.5
18 2.74639 2.74639 3.50927 0.762886 1.5
16 3.94793 3.94793 3.94793 1.77636e-15 1.5
18 1.01882 1.01882 3.45419 2.43536 1.5
18 1.07063 1.07063 3.4498 2.37918 1.5
5 2.51272 2.51272 3.5178 1.00509 1.5
1 0.822681 0.822681 0.822681 0 1.5
1 0.770157 0.770157 0.770157 0 1.33333
1 0.727692 0.727692 0.727692 0 1.5
1 0.626601 0.626601 0.626601 5e-09 1.5
1 0.49006 0.49006 0.49006 0 1.5
1 0.399859 0.399859 0.399859 0 1.5
1 0.344131 0.344131 0.344131 0 1.33333
1 0.320754 0.320754 0.320754 0 1.33333
1 0.313432 0.313432 0.313432 0 1.33333
1 0.291306 0.291306 0.291306 0 1.33333
1 0.290033 0.290033 0.290033 0 1.33333
1 0.25978 0.25978 0.25978 0 1.33333
1 0.06091 0.06091 0.06091 0 1.5
1 0.0384021 0.0384021 0.0384021 0 1.33333
1 7.86405e-05 7.86405e-05 7.86405e-05 0 1.5
1 1e-08 1e-08 1e-08 0 1.33333
1 1e-08 1e-08 1e-08 0 1.33333
1 5e-09 5e-09 1e-08 5e-09 1.5
1 2.5e-09 2.5e-09 1e-08 7.5e-09 1.5
1 1e-08 1e-08 1e-08 0 1.33333
1 1e-08 1e-08 1e-08 0 1.5
1 1e-08 1e-08 1e-08 0 1.5
1 1e-08 1e-08 1e-08 0 1.33333
1 1e-08 1e-08 1e-08 0 1.33333
1 1e-08 1e-08 1e-08 0 1.5

18 3.32458 3.32458 3.50927 0.184699 1.5
18 3.32458 3.32458 3.50927 0.184699 1.5
11 5.74245 5.74245 5.74245 0 1.5
18 1.19183 1.19183 3.37696 2.18513 1.5
17 1.19183 1.19183 3.50633 2.3145 1.5
5 3.5178 3.5178 3.5178 0 1.5
1 1.2532 1.2532 1.2532 0 1.5
1 0.822681 0.822681 0.822681 0 1.5
1 0.770157 0.770157 0.770157 0 1.33333
1 0.727692 0.727692 0.727692 0 1.5
1 0.49006 0.49006 0.49006 0 1.5
1 0.399859 0.399859 0.399859 0 1.5
1 0.345334 0.345334 0.345334 0 1.5
1 0.344131 0.344131 0.344131 0 1.33333
1 0.320754 0.320754 0.320754 0 1.33333
1 0.317425 0.317425 0.317425 0 1.33333
1 0.313432 0.313432 0.313432 0 1.33333
1 0.291306 0.291306 0.291306 0 1.33333
1 0.25978 0.25978 0.25978 0 1.33333
1 0.0203033 0.0203033 0.0529482 0.0326449 1.5

17 3.7157 3.7157 3.7157 0 1.5
12 5.26391 5.26391 5.26391 8.88178e-16 1.5
15 4.21113 4.21113 4.21113 8.88178e-16 1.5
18 1.08909 1.08909 3.44887 2.35979 1.5
17 1.12798 1.12798 3.4629 2.33491 1.5
5 3.5178 3.5178 3.5178 0 1.5
1 1.33279 1.33279 1.33279 0 1.5
1 0.770157 0.770157 0.770157 0 1.33333
1 0.727692 0.727692 0.727692 0 1.5
1 0.626601 0.626601 0.626601 5e-09 1.5
1 0.274227 0.274227 0.548454 0.274227 1.5
1 0.49006 0.49006 0.49006 0 1.5
1 0.399859 0.399859 0.399859 0 1.5
1 0.345334 0.345334 0.345334 0 1.5
1 0.344131 0.344131 0.344131 0 1.33333
1 0.320754 0.320754 0.320754 0 1.33333
1 0.313432 0.313432 0.313432 0 1.33333
1 0.291306 0.291306 0.291306 0 1.33333
1 0.290033 0.290033 0.290033 0 1.33333
1 0.25978 0.25978 0.25978 0 1.33333
1 0.0869333 0.0869333 0.0869333 0 1.33333
1 0.06091 0.06091 0.06091 0 1.5
1 0.00491079 0.00491079 0.00491079 0 1.33333

18 1.16976 1.16976 3.50927 2.33952 1.5
5 12.6334 12.6334 12.6334 0 1.5
16 3.94793 3.94793 3.94793 1.77636e-15 1.5
18 0.986984 0.986984 3.45444 2.46746 1.5
17 3.00795 3.00795 3.54073 0.532778 1.5
5 3.5178 3.5178 3.5178 0 1.5
1 1.33279 1.33279 1.33279 0 1.5
1 1.2532 1.2532 1.2532 0 1.5
1 0.822681 0.822681 0.822681 0 1.5
1 0.770157 0.770157 0.770157 0 1.33333
1 0.363846 0.363846 0.727692 0.363846 1.5
1 0.49006 0.49006 0.49006 0 1.5
1 0.399859 0.399859 0.399859 0 1.5
1 0.345334 0.345334 0.345334 0 1.5
1 0.344131 0.344131 0.344131 0 1.33333
1 0.320754 0.320754 0.320754 0 1.33333
1 0.313432 0.313432 0.313432 0 1.33333
1 0.291306 0.291306 0.291306 0 1.33333
1 0.290033 0.290033 0.290033 0 1.33333
1 0.25978 0.25978 0.25978 0 1.33333
1 0.19993 0.19993 0.202245 0.00231558 1.5
1 0.0869333 0.0869333 0.0869333 0 1.33333
1 0.06091 0.06091 0.06091 0 1.5
1 0.0518832 0.0518832 0.0518832 0 1.5
1 0.00491079 0.00491079 0.00491079 0 1.33333
1 1e-08 1e-08 1e-08 0 1.33333
1 1e-08 1e-08 1e-08 0 1.33333
1 1e-08 1e-08 1e-08 0 1.5

1 63.1669 63.1669 63.1669 0 1.5
13 4.859 4.859 4.859 8.88178e-16 1.5
15 4.21113 4.21113 4.21113 8.88178e-16 1.5
15 4.21113 4.21113 4.21113 8.88178e-16 1.5
15 1.37319 1.37319 4.1243 2.75111 1.5
15 1.10819 1.10819 4.06365 2.95546 1.5
4 3.5178 3.5178 4.39725 0.879451 1.5
1 1.33279 1.33279 1.33279 0 1.5
1 0.822681 0.822681 0.822681 0 1.5
1 0.770157 0.770157 0.770157 0 1.33333
1 0.242564 0.242564 0.727692 0.485128 1.5
1 0.49006 0.49006 0.49006 0 1.5
1 0.399859 0.399859 0.399859 0 1.5
1 0.19993 0.19993 0.399859 0.19993 1.5
1 0.345334 0.345334 0.345334 0 1.5
1 0.344131 0.344131 0.344131 0 1.33333
1 0.320754 0.320754 0.320754 0 1.33333
1 0.3133 0.3133 0.320702 0.00740146 1.5
1 0.317425 0.317425 0.317425 0 1.33333
1 0.313432 0.313432 0.313432 0 1.33333
1 0.291306 0.291306 0.291306 0 1.33333
1 0.25978 0.25978 0.25978 0 1.33333
1 0.124344 0.124344 0.124344 5e-09 1.5
1 0.06091 0.06091 0.06091 0 1.5
1 0.0518832 0.0518832 0.0518832 0 1.5
1 0.0434667 0.0434667 0.0434667 5e-09 1.33333
1 0.00491079 0.00491079 0.00491079 0 1.33333
1 1e-08 1e-08 1e-08 0 1.33333
1 1e-08 1e-08 1e-08 0 1.33333
1 1e-08 1e-08 1e-08 0 1.5

4 15.7917 15.7917 15.7917 0 1.5
15 4.21113 4.21113 4.21113 8.88178e-16 1.5
15 4.21113 4.21113 4.21113 8.88178e-16 1.5
15 4.21113 4.21113 4.21113 8.88178e-16 1.5
15 0.957075 0.957075 4.14741 3.19034 1.5
15 1.97397 1.97397 4.08232 2.10836 1.5
4 4.39725 4.39725 4.39725 0 1.5
1 1.2532 1.2532 1.2532 0 1.5
1 0.822681 0.822681 0.822681 0 1.5
1 0.770157 0.770157 0.770157 0 1.33333
1 0.727692 0.727692 0.727692 0 1.5
1 0.666397 0.666397 0.687754 0.0213577 1.5
1 0.399859 0.399859 0.399859 0 1.5
1 0.399859 0.399859 0.399859 0 1.5
1 0.344131 0.344131 0.344131 0 1.33333
1 0.320754 0.320754 0.320754 0 1.33333
1 0.317425 0.317425 0.317425 0 1.33333
1 0.313432 0.313432 0.313432 0 1.33333
1 0.291306 0.291306 0.291306 0 1.33333
1 0.25978 0.25978 0.25978 0 1.33333
1 0.248687 0.248687 0.248687 0 1.5
1 0.24503 0.24503 0.24503 5e-09 1.5
1 0.172667 0.172667 0.186932 0.0142651 1.5
1 0.0869333 0.0869333 0.0869333 0 1.33333
1 0.0518832 0.0518832 0.0518832 0 1.5

15 1.57917 1.57917 4.21113 2.63196 1.5
15 1.03552 1.03552 4.21113 3.17561 1.5
15 4.21113 4.21113 4.21113 8.88178e-16 1.5
15 4.21113 4.21113 4.21113 8.88178e-16 1.5
15 4.21113 4.21113 4.21113 8.88178e-16 1.5
15 4.21113 4.21113 4.21113 8.88178e-16 1.5
4 4.39725 4.39725 4.39725 0 1.5
1 1.33279 1.33279 1.33279 0 1.5
1 1.2532 1.2532 1.2532 0 1.5
1 0.411341 0.411341 0.822681 0.411341 1.5
1 0.770157 0.770157 0.770157 0 1.33333
1 0.727692 0.727692 0.727692 0 1.5
1 0.49006 0.49006 0.49006 0 1.5
1 0.19993 0.19993 0.399859 0.19993 1.5

15 1.16976 1.16976 4.21113 3.04137 1.5
14 4.51192 4.51192 4.51192 8.88178e-16 1.5
15 4.21113 4.21113 4.21113 8.88178e-16 1.5
15 4.21113 4.21113 4.21113 8.88178e-16 1.5
15 1.05278 1.05278 4.14152 3.08873 1.5
11 5.74245 0.00161309 5.22056 1.65037 1.5
4 4.39725 4.39725 4.39725 0 1.5
1 1.33279 1.33279 1.33279 0 1.5
1 1.2532 1.2532 1.2532 0 1.5
1 0.411341 0.411341 0.822681 0.411341 1.5
1 0.770157 0.770157 0.770157 0 1.33333
1 0.727692 0.727692 0.727692 0 1.5
1 0.49006 0.49006 0.49006 0 1.5
1 0.19993 0.19993 0.399859 0.19993 1.5
1 0.0259416 0.0259416 0.0518832 0.0259416 1.5
1 0.00566874 0.00566874 0.00566874 0 1.33333
1 0.00185789 0.00185789 0.00557366 0.00371577 1.5
1 1e-08 1e-08 1e-08 0 1.33333
1 1e-08 1e-08 1e-08 0 1.5

9 7.01855 7.01855 7.01855 1.77636e-15 1.5
15 4.21113 4.21113 4.21113 8.88178e-16 1.5
15 4.21113 4.21113 4.21113 8.88178e-16 1.5
15 4.21113 4.21113 4.21113 8.88178e-16 1.5
14 1.03552 1.03552 4.20667 3.17114 1.5
14 1.14849 1.14849 4.10367 2.95518 1.5
4 4.39725 4.39725 4.39725 0 1.5
1 1.33279 1.33279 1.33279 0 1.5
1 1.2532 1.2532 1.2532 0 1.5
1 0.822681 0.822681 0.822681 0 1.5
1 0.770157 0.770157 0.770157 0 1.33333
1 0.727692 0.727692 0.727692 0 1.5
1 0.49006 0.49006 0.49006 0 1.5
1 0.399859 0.399859 0.399859 0 1.5
1 0.399859 0.399859 0.399859 0 1.5
1 0.0518832 0.0518832 0.0518832 0 1.5
1 0.0431936 0.0431936 0.0431936 0 1.5
1 0.00566874 0.00566874 0.00566874 0 1.33333
1 0.00557366 0.00557366 0.00557366 0 1.5
1 1e-08 1e-08 1e-08 0 1.5
1 1e-08 1e-08 1e-08 0 1.33333
1 1e-08 1e-08 1e-08 0 1.33333

12 5.26391 5.26391 5.26391 8.88178e-16 1.5
15 4.21113 4.21113 4.21113 8.88178e-16 1.5
15 4.21113 4.21113 4.21113 8.88178e-16 1.5
16 3.94793 3.94793 3.94793 1.77636e-15 1.5
15 1.23857 1.23857 4.13062 2.89205 1.5
15 1.23857 1.23857 4.04614 2.80757 1.5
2 2.9315 2.9315 5.8742 2.9427 1.5
1 0.822681 0.822681 0.822681 0 1.5
1 0.770157 0.770157 0.770157 0 1.33333
1 0.727692 0.727692 0.727692 0 1.5
1 0.666397 0.666397 0.687754 0.0213577 1.5
1 0.417734 0.417734 0.6005 0.182766 1.5
1 0.49006 0.49006 0.49006 0 1.5
1 0.399859 0.399859 0.399859 0 1.5
1 0.399859 0.399859 0.399859 0 1.5
1 0.0518832 0.0518832 0.0518832 0 1.5
1 0.0431936 0.0431936 0.0431936 0 1.5
1 0.00566874 0.00566874 0.00566874 0 1.33333

2 31.5835 31.5835 31.5835 0 1.5
12 5.26391 5.26391 5.26391 8.88178e-16 1.5
9 7.01855 7.01855 7.01855 1.77636e-15 1.5
13 4.21113 4.21113 4.859 0.647866 1.5
13 4.21113 4.21113 4.859 0.647866 1.5
13 1.05278 1.05278 4.77802 3.72524 1.5
12 1.28912 1.28912 4.94268 3.65356 1.5
2 8.79451 8.79451 8.79451 0 1.5
1 7.03237 7.03237 7.2774 0.24503 1.5
1 1.62508 1.62508 3.25017 1.62508 1.5
1 1.33279 1.33279 1.33279 0 1.5
1 1.2532 1.2532 1.2532 0 1.5
1 0.822681 0.822681 0.822681 0 1.5
1 0.770157 0.770157 0.770157 0 1.33333
1 0.727692 0.727692 0.727692 0 1.5
1 0.399859 0.399859 0.399859 0 1.5
1 0.399859 0.399859 0.399859 0 1.5
1 0.0259416 0.0259416 0.0518832 0.0259416 1.5
1 0.0375935 0.0375935 0.0375935 0 1.33333
1 0.0285301 0.0285301 0.0285301 0 1.5
1 0.0143979 0.0143979 0.0143979 6.66667e-09 1.5
1 0.00566874 0.00566874 0.00566874 0 1.33333
1 1e-08 1e-08 1e-08 0 1.33333
1 1e-08 1e-08 1e-08 0 1.33333
1 1e-08 1e-08 1e-08 0 1.33333
1 1e-08 1e-08 1e-08 0 1.33333
1 5e-09 5e-09 1e-08 5e-09 1.5
1 1e-08 1e-08 1e-08 0 1.33333
1 1e-08 1e-08 1e-08 0 1.33333
1 1e-08 1e-08 1e-08 0 1.33333
1 1e-08 1e-08 1e-08 0 1.33333
1 1e-08 1e-08 1e-08 0 1.33333
1 1e-08 1e-08 1e-08 0 1.33333

12 5.26391 5.26391 5.26391 8.88178e-16 1.5
9 7.01855 7.01855 7.01855 1.77636e-15 1.5
13 4.859 4.859 4.859 8.88178e-16 1.5
13 4.859 4.859 4.859 8.88178e-16 1.5
13 4.859 4.859 4.859 8.88178e-16 1.5
14 0.671989 0.671989 4.37439 3.7024 1.5
2 8.79451 8.79451 8.79451 0 1.5
1 14.0647 14.0647 14.0647 0 1.5
1 3.25017 3.25017 3.25017 0 1.5
1 1.33279 1.33279 1.33279 0 1.5
1 1.2532 1.2532 1.2532 0 1.5
1 0.822681 0.822681 0.822681 0 1.5
1 0.770157 0.770157 0.770157 0 1.33333
1 0.399859 0.399859 0.399859 0 1.5
1 0.363846 0.363846 0.379114 0.015268 1.5
1 0.19993 0.19993 0.202245 0.00231558 1.5
1 0.16044 0.16044 0.16044 0 1.33333
1 0.0518832 0.0518832 0.0518832 0 1.5
1 0.0431936 0.0431936 0.0431936 0 1.5
1 0.0285301 0.0285301 0.0285301 0 1.5
1 0.0141086 0.0141086 0.0141086 0 1.33333
1 0.00566874 0.00566874 0.00566874 0 1.33333
1 5e-09 5e-09 1e-08 5e-09 1.33333
1 1e-08 1e-08 1e-08 0 1.33333
1 5e-09 5e-09 1e-08 5e-09 1.5
1 1e-08 1e-08 1e-08 0 1.33333
1 1e-08 1e-08 1e-08 0 1.33333
1 1e-08 1e-08 1e-08 0 1.33333
1 5e-09 5e-09 1e-08 5e-09 1.5
1 1e-08 1e-08 1e-08 0 1.33333
1 1e-08 1e-08 1e-08 0 1.33333
1 5e-09 5e-09 1e-08 5e-09 1.5

14 4.51192 4.51192 4.51192 8.88178e-16 1.5
11 5.74245 5.74245 5.74245 0 1.5
13 4.859 4.859 4.859 8.88178e-16 1.5
13 4.859 4.859 4.859 8.88178e-16 1.5
14 1.31598 1.31598 4.32891 3.01293 1.5
14 1.469 1.469 4.30559 2.83659 1.5
2 8.79451 8.79451 8.79451 0 1.5
1 14.0647 14.0647 14.0647 0 1.5
1 3.25017 3.25017 3.25017 0 1.5
1 1.2532 1.2532 1.2532 0 1.5
1 0.822681 0.822681 0.822681 0 1.5
1 0.770157 0.770157 0.770157 0 1.33333
1 0.727692 0.727692 0.727692 0 1.5
1 0.666397 0.666397 0.666397 5e-09 1.5
1 0.19993 0.19993 0.399859 0.19993 1.5
1 0.399859 0.399859 0.399859 0 1.5
1 0.0589691 0.0589691 0.0589691 0 1.33333
1 0.0518832 0.0518832 0.0518832 0 1.5
1 0.0385727 0.0385727 0.0385727 0 1.33333
1 0.0375935 0.0375935 0.0375935 0 1.33333
1 0.0107984 0.0107984 0.0323952 0.0215968 1.5
1 0.0285301 0.0285301 0.0285301 0 1.5
1 0.0141086 0.0141086 0.0141086 0 1.33333
1 0.00566874 0.00566874 0.00566874 0 1.33333
1 5e-09 5e-09 1e-08 5e-09 1.5
1 1e-08 1e-08 1e-08 0 1.33333
1 1e-08 1e-08 1e-08 0 1.5

15 1.16976 1.16976 4.21113 3.04137 1.5
14 4.51192 4.51192 4.51192 8.88178e-16 1.5
13 4.859 4.859 4.859 8.88178e-16 1.5
13 4.859 4.859 4.859 8.88178e-16 1.5
14 1.28912 1.28912 4.33303 3.04391 1.5
14 4.51192 7.14286e-10 4.18964 1.162 1.5
2 8.79451 8.79451 8.79451 0 1.5
1 7.03237 7.03237 7.05936 0.0269898 1.5
1 1.62508 1.62508 3.25017 1.62508 1.5
1 1.33279 1.33279 1.33279 0 1.5
1 0.822681 0.822681 0.822681 0 1.5
1 0.770157 0.770157 0.770157 0 1.33333
1 0.626601 0.626601 0.626601 5e-09 1.5
1 0.399859 0.399859 0.399859 0 1.5
1 0.399859 0.399859 0.399859 0 1.5
1 0.363846 0.363846 0.397785 0.0339388 1.5
1 0.0589691 0.0589691 0.0589691 0 1.33333
1 0.0518832 0.0518832 0.0518832 0 1.5
1 0.0431936 0.0431936 0.0431936 0 1.5
1 0.0385727 0.0385727 0.0385727 0 1.33333
1 0.0226118 0.0226118 0.0226118 0 1.5
1 0.0187967 0.0187967 0.0187967 5e-09 1.33333
1 0.0142651 0.0142651 0.0142651 5e-09 1.5

