5 1 0.052299 0.052299 0.052299 0 2
1 1 1e-08 1e-08 1e-08 0 0
2 1 1e-08 1e-08 1e-08 0 2
3 1 1e-08 1e-08 1e-08 0 2
4 1 1e-08 1e-08 1e-08 0 2

5 82 0.000637793 0.000514247 0.000636286 1.35599e-05 2
19 1 1e-08 1e-08 1e-08 0 1.5
18 1 1e-08 1e-08 1e-08 0 1.5
17 1 1e-08 1e-08 1e-08 0 1.5
16 1 1e-08 1e-08 1e-08 0 1.5
15 1 1e-08 1e-08 1e-08 0 1.5
14 1 1e-08 1e-08 1e-08 0 1.5
13 1 1e-08 1e-08 1e-08 0 1.5
12 1 1e-08 1e-08 1e-08 0 1.5
11 1 1e-08 1e-08 1e-08 0 1.5
10 1 1e-08 1e-08 1e-08 0 1.5
9 1 1e-08 1e-08 1e-08 0 1.5
8 1 1e-08 1e-08 1e-08 0 1.5
7 1 1e-08 1e-08 1e-08 0 1.5
6 1 1e-08 1e-08 1e-08 0 1.5
4 1 5e-09 5e-09 1e-08 5e-09 2
3 1 5e-09 5e-09 1e-08 5e-09 2
2 1 3.33333e-09 3.33333e-09 1e-08 6.66667e-09 2
1 1 5e-09 5e-09 1e-08 5e-09 0

25 1 1.22123 1.22123 1.22123 0 1.5
20 2 0.610616 0.610616 0.610616 0 1.5
5 2 0.000498198 0.00043396 0.0262829 0.0258168 2
21 1 0.0335585 0.0335585 0.0335585 0 1.5
27 1 1e-08 1e-08 1e-08 0 1.5
26 1 1e-08 1e-08 1e-08 0 1.5
24 1 1e-08 1e-08 1e-08 0 1.5
23 1 1e-08 1e-08 1e-08 0 1.5
22 1 1e-08 1e-08 1e-08 0 1.5
1 1 3.33333e-09 3.33333e-09 1e-08 6.66667e-09 0
2 1 2e-09 2e-09 1e-08 8e-09 2
3 1 5e-09 5e-09 1e-08 5e-09 2
4 1 3.33333e-09 3.33333e-09 1e-08 6.66667e-09 2
6 1 1e-08 1e-08 1e-08 0 1.5
7 1 1e-08 1e-08 1e-08 0 1.5
8 1 1e-08 1e-08 1e-08 0 1.5
9 1 1e-08 1e-08 1e-08 0 1.5
10 1 1e-08 1e-08 1e-08 0 1.5
11 1 1e-08 1e-08 1e-08 0 1.5
12 1 1e-08 1e-08 1e-08 0 1.5
13 1 1e-08 1e-08 1e-08 0 1.5
14 1 1e-08 1e-08 1e-08 0 1.5
15 1 1e-08 1e-08 1e-08 0 1.5
16 1 1e-08 1e-08 1e-08 0 1.5
17 1 1e-08 1e-08 1e-08 0 1.5
18 1 1e-08 1e-08 1e-08 0 1.5
19 1 1e-08 1e-08 1e-08 0 1.5

20 38 0.477888 0.0321377 0.0440899 0.0713288 1.5
25 36 0.0339231 0.0339231 0.0339231 0 1.5
5 2 0.0163409 0.0163409 0.0376917 0.0213509 2
36 1 0.0523237 0.0523237 0.0523237 0 1.33333
21 1 0.00160016 0.00160016 0.00160016 0 1.5
28 1 1e-08 1e-08 1e-08 0 1.33333
29 1 3.33333e-09 3.33333e-09 1e-08 6.66667e-09 1.5
30 1 1e-08 1e-08 1e-08 0 1.33333
31 1 1e-08 1e-08 1e-08 0 1.33333
32 1 5e-09 5e-09 1e-08 5e-09 1.5
33 1 1e-08 1e-08 1e-08 0 1.33333
34 1 1e-08 1e-08 1e-08 0 1.5
35 1 1e-08 1e-08 1e-08 0 1.5
37 1 1e-08 1e-08 1e-08 0 1.33333
38 1 1e-08 1e-08 1e-08 0 1.5
39 1 1e-08 1e-08 1e-08 0 1.5
40 1 5e-09 5e-09 1e-08 5e-09 1.5
41 1 1e-08 1e-08 1e-08 0 1.5
42 1 1e-08 1e-08 1e-08 0 1.33333
43 1 1e-08 1e-08 1e-08 0 1.5
44 1 1e-08 1e-08 1e-08 0 1.33333
45 1 1e-08 1e-08 1e-08 0 1.33333
46 1 1e-08 1e-08 1e-08 0 1.33333
47 1 1e-08 1e-08 1e-08 0 1.33333
48 1 1e-08 1e-08 1e-08 0 1.5
49 1 1e-08 1e-08 1e-08 0 1.33333
27 1 1e-08 1e-08 1e-08 0 1.5
26 1 1e-08 1e-08 1e-08 0 1.5

20 58 0.573316 0.0147136 0.0377906 0.0810957 1.5
25 34 0.0912247 0.0193846 0.0380315 0.020511 1.5
66 1 0.113372 0.113372 0.113372 0 1.33333
5 2 0.0272348 0.0272348 0.0408522 0.0136174 2
36 1 0.0523237 0.0523237 0.0523237 0 1.33333
21 1 0.00160016 0.00160016 0.00160016 0 1.5
26 1 1e-08 1e-08 1e-08 0 1.5
50 1 1e-08 1e-08 1e-08 0 1.5
51 1 5e-09 5e-09 1e-08 5e-09 1.33333
52 1 1e-08 1e-08 1e-08 0 1.33333

20 65 0.399876 0.0102624 0.0457023 0.0871749 1.5
25 28 0.114943 0.0244246 0.0467497 0.0250796 1.5
66 1 0.113372 0.113372 0.113372 0 1.33333
5 1 0.0408522 0.0408522 0.0817044 0.0408522 2
36 1 0.0523237 0.0523237 0.0523237 0 1.33333
21 1 0.0335585 0.0335585 0.0335585 0 1.5
85 1 1e-08 1e-08 1e-08 0 1.33333
84 1 1e-08 1e-08 1e-08 0 1.5
83 1 1e-08 1e-08 1e-08 0 1.33333
82 1 1e-08 1e-08 1e-08 0 1.5

20 72 0.368878 0.00946691 0.0606582 0.0975652 1.5
25 22 0.136837 0.0290769 0.061527 0.0348981 1.5
66 1 0.113372 0.113372 0.113372 0 1.33333
5 1 0.0817044 0.0817044 0.0817044 0 2
36 1 0.0523237 0.0523237 0.0523237 0 1.33333
21 1 0.0335585 0.0335585 0.0335585 0 1.5
98 1 1e-08 1e-08 1e-08 0 1.33333
97 1 5e-09 5e-09 1e-08 5e-09 1.5
96 1 1e-08 1e-08 1e-08 0 1.33333

20 80 0.330453 0.00848077 0.0864505 0.10698 1.5
25 16 0.198178 0.0421114 0.0883081 0.0512718 1.5
66 1 0.113372 0.113372 0.113372 0 1.33333
5 1 0.0817044 0.0817044 0.0817044 0 2
36 1 0.0523237 0.0523237 0.0523237 0 1.33333
21 1 0.00160016 0.00160016 0.00160016 0 1.5
116 1 1e-08 1e-08 1e-08 0 1.33333

20 84 0.325926 0.0083646 0.129517 0.110276 1.5
25 11 0.249876 0.053097 0.129984 0.0789707 1.5
119 1 0.170067 0.170067 0.170067 5e-09 1.33333
66 1 0.0566859 0.0566859 0.113372 0.0566856 1.33333
129 1 0.0989338 0.0989338 0.0989338 0 1.33333
5 1 0.0817044 0.0817044 0.0817044 0 2
36 1 0.0523237 0.0523237 0.0523237 0 1.33333
21 1 0.0335585 0.0335585 0.0335585 0 1.5

20 86 0.311015 0.118691 0.220379 0.0979739 1.5
25 8 0.319286 0.0678462 0.22133 0.135189 1.5
119 1 0.340133 0.340133 0.340133 0 1.33333
140 1 0.322493 0.322493 0.322493 0 1.33333
66 1 0.113372 0.113372 0.113372 0 1.33333
129 1 0.0989338 0.0989338 0.0989338 0 1.33333
5 1 0.0817044 0.0817044 0.0817044 0 2
147 1 0.0749647 0.0749647 0.0749647 0 1.33333
36 1 0.0523237 0.0523237 0.0523237 0 1.33333

20 89 0.275059 0.10497 0.329253 0.121018 1.5
25 7 0.718394 0.152654 0.354554 0.248741 1.5
119 1 0.340133 0.340133 0.340133 0 1.33333
140 1 0.322493 0.322493 0.322493 0 1.33333
66 1 0.113372 0.113372 0.113372 0 1.33333
129 1 0.0989338 0.0989338 0.0989338 0 1.33333
5 1 0.0817044 0.0817044 0.0817044 0 2

20 91 0.278276 0.278276 0.439696 0.161419 1.5
25 6 0.821022 0.174462 0.443661 0.293539 1.5
119 1 0.340133 0.340133 0.340133 0 1.33333
140 1 0.322493 0.322493 0.322493 0 1.33333
66 1 0.113372 0.113372 0.113372 0 1.33333
129 1 0.0989338 0.0989338 0.0989338 0 1.33333

20 91 0.279913 0.279913 0.511895 0.231982 1.5
25 5 0.957859 0.203539 0.580418 0.349539 1.5
119 1 0.340133 0.340133 0.340133 0 1.33333
140 1 0.322493 0.322493 0.322493 0 1.33333
181 1 0.280247 0.280247 0.280247 0 1.33333
129 1 0.0679418 0.0679418 0.117409 0.0494669 1.33333
66 1 0.113372 0.113372 0.113372 0 1.33333

20 91 0.279913 0.279913 0.515418 0.235505 1.5
25 5 1.14943 0.244246 0.647652 0.416592 1.5
119 1 0.340133 0.340133 0.340133 0 1.33333
181 1 0.280247 0.280247 0.280247 0 1.33333
140 1 0.161247 0.161247 0.161247 5e-09 1.33333
129 1 0.135884 0.135884 0.135884 0 1.33333
66 1 0.0566859 0.0566859 0.0566859 5e-09 1.33333

20 91 0.279913 0.279913 0.514059 0.234146 1.5
25 5 1.14943 0.244246 0.647652 0.416592 1.5
119 1 0.340133 0.340133 0.340133 0 1.33333
140 1 0.322493 0.322493 0.322493 0 1.33333
129 1 0.135884 0.135884 0.135884 0 1.33333
66 1 0.113372 0.113372 0.113372 0 1.33333
207 1 0.0637575 0.0637575 0.0637575 0 1.33333

20 91 0.290154 0.290154 0.519812 0.229658 1.5
25 5 1.14943 0.244246 0.647652 0.416592 1.5
119 1 0.340133 0.340133 0.340133 0 1.33333
140 1 0.322493 0.322493 0.322493 0 1.33333
129 1 0.135884 0.135884 0.135884 0 1.33333
66 1 0.113372 0.113372 0.113372 0 1.33333
207 1 0.0637575 0.0637575 0.0637575 0 1.33333

235 4 11.8963 11.8963 11.8963 0 1.5
20 46 0.284942 0.284942 0.996933 0.711992 1.5
25 3 1.14943 0.450907 1.07942 0.367347 1.5
119 1 0.340133 0.340133 0.340133 0 1.33333
140 1 0.322493 0.322493 0.322493 0 1.33333
129 1 0.135884 0.135884 0.135884 0 1.33333
66 1 0.113372 0.113372 0.113372 0 1.33333
207 1 0.0637575 0.0637575 0.0637575 0 1.33333
250 1 1e-08 1e-08 1e-08 0 1.33333
249 1 1e-08 1e-08 1e-08 0 1.33333
248 1 1e-08 1e-08 1e-08 0 1.5
247 1 1e-08 1e-08 1e-08 0 1.33333
246 1 3.33333e-09 3.33333e-09 1e-08 6.66667e-09 1.5
245 1 1e-08 1e-08 1e-08 0 1.33333
244 1 1e-08 1e-08 1e-08 0 1.33333
243 1 1e-08 1e-08 1e-08 0 1.33333
242 1 2.5e-09 2.5e-09 1e-08 7.5e-09 1.5
241 1 1e-08 1e-08 1e-08 0 1.33333
240 1 1e-08 1e-08 1e-08 0 1.5
239 1 1e-08 1e-08 1e-08 0 1.33333
238 1 1e-08 1e-08 1e-08 0 1.5
237 1 1e-08 1e-08 1e-08 0 1.33333
236 1 1e-08 1e-08 1e-08 0 1.33333

20 3 15.8617 15.8617 15.8617 0 1.5
235 46 0.589153 0.383752 1.00916 0.621669 1.5
25 3 1.91572 0.751511 1.52765 0.548812 1.5
119 1 0.340133 0.340133 0.340133 0 1.33333
140 1 0.322493 0.322493 0.322493 0 1.33333
251 1 0.298577 0.298577 0.298577 0 1.33333
129 1 0.135884 0.135884 0.135884 0 1.33333
66 1 0.113372 0.113372 0.113372 0 1.33333
207 1 0.0637575 0.0637575 0.0637575 0 1.33333
248 1 0.000978476 0.000978476 0.000978484 8e-09 1.5
236 1 1e-08 1e-08 1e-08 0 1.33333
252 1 1e-08 1e-08 1e-08 0 1.33333
253 1 3.33333e-09 3.33333e-09 1e-08 6.66667e-09 1.5
254 1 1e-08 1e-08 1e-08 0 1.33333
255 1 5e-09 5e-09 1e-08 5e-09 1.5
256 1 1e-08 1e-08 1e-08 0 1.33333
257 1 5e-09 5e-09 1e-08 5e-09 1.5
258 1 1e-08 1e-08 1e-08 0 1.33333
259 1 1e-08 1e-08 1e-08 0 1.33333
260 1 1e-08 1e-08 1e-08 0 1.33333
261 1 1e-08 1e-08 1e-08 0 1.33333
262 1 1e-08 1e-08 1e-08 0 1.33333
237 1 1e-08 1e-08 1e-08 0 1.33333
238 1 1e-08 1e-08 1e-08 0 1.5
239 1 1e-08 1e-08 1e-08 0 1.33333
240 1 3.33333e-09 3.33333e-09 1e-08 6.66667e-09 1.5
241 1 1e-08 1e-08 1e-08 0 1.33333
242 1 5e-09 5e-09 1e-08 5e-09 1.5
243 1 1e-08 1e-08 1e-08 0 1.33333
244 1 1e-08 1e-08 1e-08 0 1.33333
245 1 1e-08 1e-08 1e-08 0 1.33333
246 1 1e-08 1e-08 1e-08 0 1.5
247 1 1e-08 1e-08 1e-08 0 1.33333
249 1 1e-08 1e-08 1e-08 0 1.33333
250 1 1e-08 1e-08 1e-08 0 1.33333

235 47 0.865186 0.865186 1.01245 0.147266 1.5
20 46 0.913186 0.594816 1.01468 0.415541 1.5
25 3 1.91572 0.751511 1.52765 0.548812 1.5
119 1 0.340133 0.340133 0.340133 0 1.33333
140 1 0.322493 0.322493 0.322493 0 1.33333
251 1 0.298577 0.298577 0.298577 0 1.33333
270 1 0.264892 0.264892 0.264892 0 1.33333
129 1 0.135884 0.135884 0.135884 0 1.33333

20 47 1.25957 0.820435 1.01299 0.195156 1.5
235 46 0.403265 0.403265 1.0257 0.62243 1.5
25 3 1.91572 0.751511 1.52765 0.548812 1.5
119 1 0.340133 0.340133 0.340133 0 1.33333
140 1 0.322493 0.322493 0.322493 0 1.33333
270 1 0.264892 0.264892 0.264892 0 1.33333
251 1 0.149288 0.149288 0.149288 5e-09 1.33333
129 1 0.135884 0.135884 0.135884 0 1.33333

20 47 0.664136 0.432593 1.00289 0.550312 1.5
235 46 0.80653 0.80653 1.0008 0.194275 1.5
25 3 1.91572 0.751511 1.52765 0.548812 1.5
119 1 0.340133 0.340133 0.340133 0 1.33333
140 1 0.322493 0.322493 0.322493 0 1.33333
251 1 0.298577 0.298577 0.298577 0 1.33333
129 1 0.135884 0.135884 0.135884 0 1.33333
270 1 0.132446 0.132446 0.132446 5e-09 1.33333

20 48 0.709271 0.461993 1.05695 0.534775 1.5
235 45 0.732081 0.732081 1.05745 0.325369 1.5
25 3 1.91572 0.751511 1.52765 0.548812 1.5
119 1 0.340133 0.340133 0.340133 0 1.33333
140 1 0.322493 0.322493 0.322493 0 1.33333
251 1 0.298577 0.298577 0.298577 0 1.33333
270 1 0.264892 0.264892 0.264892 0 1.33333
129 1 0.135884 0.135884 0.135884 0 1.33333

327 1 73.0549 73.0549 73.0549 0 1.5
20 30 0.682756 0.682756 1.81773 1.13497 1.5
235 25 0.755321 0.755321 1.87412 1.11879 1.5
25 2 1.91572 1.91572 2.29147 0.375756 1.5
119 1 0.340133 0.340133 0.340133 0 1.33333
140 1 0.322493 0.322493 0.322493 0 1.33333
251 1 0.298577 0.298577 0.298577 0 1.33333
270 1 0.264892 0.264892 0.264892 0 1.33333
129 1 0.135884 0.135884 0.135884 0 1.33333
334 1 5e-09 5e-09 1e-08 5e-09 1.5
335 1 5e-09 5e-09 1e-08 5e-09 1.5
336 1 1e-08 1e-08 1e-08 0 1.33333
337 1 3.33333e-09 3.33333e-09 1e-08 6.66667e-09 1.5
338 1 1e-08 1e-08 1e-08 0 1.5
339 1 1e-08 1e-08 1e-08 0 1.33333
340 1 5e-09 5e-09 1e-08 5e-09 1.5
341 1 1e-08 1e-08 1e-08 0 1.5
333 1 1e-08 1e-08 1e-08 0 1.5
332 1 1e-08 1e-08 1e-08 0 1.33333
331 1 1e-08 1e-08 1e-08 0 1.33333
330 1 1e-08 1e-08 1e-08 0 1.5
329 1 1e-08 1e-08 1e-08 0 1.5
328 1 5e-09 5e-09 1e-08 5e-09 1.5
326 1 1e-08 1e-08 1e-08 0 1.33333
325 1 1e-08 1e-08 1e-08 0 1.33333

20 15 4.87033 4.87033 4.87033 8.88178e-16 1.5
327 27 0.785537 0.785537 2.51944 1.73391 1.5
235 19 2.06892 2.06892 2.50449 0.435563 1.5
342 2 23.7926 23.7926 23.7926 0 1.5
25 2 2.87358 2.87358 2.87358 0 1.5
119 1 0.340133 0.340133 0.340133 0 1.33333
140 1 0.322493 0.322493 0.322493 0 1.33333
251 1 0.298577 0.298577 0.298577 0 1.33333
270 1 0.264892 0.264892 0.264892 0 1.33333
129 1 0.135884 0.135884 0.135884 0 1.33333
346 1 0.0031881 0.0031881 0.0031881 0 1.5
344 1 5e-09 5e-09 1e-08 5e-09 1.5
345 1 1e-08 1e-08 1e-08 0 1.5
347 1 5e-09 5e-09 1e-08 5e-09 1.5
348 1 1e-08 1e-08 1e-08 0 1.33333
349 1 1e-08 1e-08 1e-08 0 1.33333
350 1 1e-08 1e-08 1e-08 0 1.33333
351 1 1e-08 1e-08 1e-08 0 1.5
352 1 1e-08 1e-08 1e-08 0 1.33333
353 1 1e-08 1e-08 1e-08 0 1.33333
354 1 1e-08 1e-08 1e-08 0 1.33333
355 1 1e-08 1e-08 1e-08 0 1.33333
356 1 1e-08 1e-08 1e-08 0 1.33333
357 1 1e-08 1e-08 1e-08 0 1.33333
358 1 1e-08 1e-08 1e-08 0 1.33333
359 1 1e-08 1e-08 1e-08 0 1.33333
334 1 1e-08 1e-08 1e-08 0 1.5
335 1 5e-09 5e-09 1e-08 5e-09 1.5
336 1 1e-08 1e-08 1e-08 0 1.33333
337 1 3.33333e-09 3.33333e-09 1e-08 6.66667e-09 1.5
338 1 1e-08 1e-08 1e-08 0 1.5
339 1 1e-08 1e-08 1e-08 0 1.33333
340 1 1e-08 1e-08 1e-08 0 1.5
341 1 1e-08 1e-08 1e-08 0 1.5
333 1 1e-08 1e-08 1e-08 0 1.5
332 1 1e-08 1e-08 1e-08 0 1.33333
331 1 1e-08 1e-08 1e-08 0 1.33333
330 1 5e-09 5e-09 1e-08 5e-09 1.5
329 1 1e-08 1e-08 1e-08 0 1.5
328 1 1e-08 1e-08 1e-08 0 1.5
326 1 1e-08 1e-08 1e-08 0 1.33333

327 37 1.4611 1.4611 1.93646 0.475363 1.5
20 33 0.901912 0.901912 1.90098 0.999072 1.5
235 10 4.75852 4.75852 4.75852 0 1.5
25 2 2.87358 2.87358 2.87358 0 1.5
119 1 0.340133 0.340133 0.340133 0 1.33333
140 1 0.322493 0.322493 0.322493 0 1.33333
251 1 0.298577 0.298577 0.298577 0 1.33333
270 1 0.264892 0.264892 0.264892 0 1.33333
361 1 0.19913 0.19913 0.19913 0 1.33333
129 1 0.0679418 0.0679418 0.102709 0.0347672 1.33333
360 1 0.0402685 0.0402685 0.0402685 0 1.33333
366 1 0.00337214 0.00337214 0.00337214 0 1.5
346 1 0.00159405 0.00159405 0.0031881 0.00159405 1.5
340 1 1e-08 1e-08 1e-08 0 1.5
341 1 3.33333e-09 3.33333e-09 1e-08 6.66667e-09 1.5
333 1 1e-08 1e-08 1e-08 0 1.5
332 1 1e-08 1e-08 1e-08 0 1.33333
331 1 1e-08 1e-08 1e-08 0 1.33333
330 1 5e-09 5e-09 1e-08 5e-09 1.5
329 1 1e-08 1e-08 1e-08 0 1.5
326 1 1e-08 1e-08 1e-08 0 1.33333
371 1 1e-08 1e-08 1e-08 0 1.5
362 1 1e-08 1e-08 1e-08 0 1.33333

327 36 0.723316 0.723316 1.99257 1.26925 1.5
20 36 1.69895 1.69895 1.98297 0.284014 1.5
235 15 3.17235 0.271308 2.97895 0.723647 1.5
25 2 2.87358 2.87358 2.87358 0 1.5
119 1 0.340133 0.340133 0.340133 0 1.33333
140 1 0.322493 0.322493 0.322493 0 1.33333
251 1 0.298577 0.298577 0.298577 0 1.33333
270 1 0.264892 0.264892 0.264892 0 1.33333
361 1 0.19913 0.19913 0.19913 0 1.33333
129 1 0.135884 0.135884 0.135884 0 1.33333
374 1 0.113371 0.113371 0.113371 0 1.33333
375 1 0.0713318 0.0713318 0.0713318 0 1.33333
360 1 0.0201342 0.0201342 0.0201342 5e-09 1.33333
366 1 0.00168607 0.00168607 0.00337214 0.00168607 1.5
346 1 0.0031881 0.0031881 0.0031881 0 1.5
376 1 0.000999323 0.000999323 0.000999323 0 1.5

20 37 1.01465 1.01465 1.97446 0.959806 1.5
327 35 0.88018 0.88018 1.9646 1.08442 1.5
235 15 3.17235 0.271308 2.97895 0.723647 1.5
25 2 2.87358 2.87358 2.87358 0 1.5
119 1 0.340133 0.340133 0.340133 0 1.33333
140 1 0.322493 0.322493 0.322493 0 1.33333
251 1 0.298577 0.298577 0.298577 0 1.33333
270 1 0.264892 0.264892 0.264892 0 1.33333
361 1 0.19913 0.19913 0.19913 0 1.33333
129 1 0.135884 0.135884 0.135884 0 1.33333
374 1 0.113371 0.113371 0.113371 0 1.33333
375 1 0.0713318 0.0713318 0.0713318 0 1.33333
360 1 0.0402685 0.0402685 0.0402685 0 1.33333
366 1 0.00337214 0.00337214 0.00337214 0 1.5
346 1 0.0031881 0.0031881 0.0031881 0 1.5
376 1 0.000499662 0.000499662 0.000499667 5e-09 1.5

20 36 0.640833 0.640833 1.97856 1.33773 1.5
327 35 1.9225 1.9225 1.98072 0.0582207 1.5
235 15 3.17235 0.271308 2.97895 0.723647 1.5
25 2 2.87358 2.87358 2.87358 0 1.5
119 1 0.340133 0.340133 0.340133 0 1.33333
140 1 0.322493 0.322493 0.322493 0 1.33333
251 1 0.298577 0.298577 0.298577 0 1.33333
270 1 0.264892 0.264892 0.264892 0 1.33333
361 1 0.19913 0.19913 0.19913 0 1.33333
129 1 0.135884 0.135884 0.135884 0 1.33333
374 1 0.113371 0.113371 0.113371 0 1.33333
360 1 0.0402685 0.0402685 0.0402685 0 1.33333
375 1 0.0356659 0.0356659 0.0356659 5e-09 1.33333
366 1 0.00337214 0.00337214 0.00337214 0 1.5
346 1 0.0031881 0.0031881 0.0031881 0 1.5
376 1 0.000999323 0.000999323 0.000999323 0 1.5
415 1 1e-08 1e-08 1e-08 0 1.33333

327 37 1.09037 1.09037 1.94581 0.85544 1.5
20 36 0.948765 0.948765 1.92589 0.977123 1.5
235 17 2.79913 0.239389 2.49799 0.824723 1.5
25 2 2.87358 2.87358 2.87358 0 1.5
119 1 0.340133 0.340133 0.340133 0 1.33333
140 1 0.322493 0.322493 0.322493 0 1.33333
251 1 0.298577 0.298577 0.298577 0 1.33333
270 1 0.264892 0.264892 0.264892 0 1.33333
361 1 0.19913 0.19913 0.19913 0 1.33333
129 1 0.135884 0.135884 0.135884 0 1.33333
374 1 0.113371 0.113371 0.113371 0 1.33333
375 1 0.0713318 0.0713318 0.0713318 0 1.33333
360 1 0.0402685 0.0402685 0.0402685 0 1.33333

20 37 1.37839 1.37839 1.92459 0.5462 1.5
327 36 0.689197 0.689197 1.95445 1.26525 1.5
235 16 2.97408 0.254351 2.63411 0.899465 1.5
25 2 2.87358 2.87358 2.87358 0 1.5
119 1 0.340133 0.340133 0.340133 0 1.33333
140 1 0.322493 0.322493 0.322493 0 1.33333
251 1 0.298577 0.298577 0.298577 0 1.33333
270 1 0.264892 0.264892 0.264892 0 1.33333
361 1 0.19913 0.19913 0.19913 0 1.33333
129 1 0.135884 0.135884 0.135884 0 1.33333
374 1 0.113371 0.113371 0.113371 0 1.33333
375 1 0.0713318 0.0713318 0.0713318 0 1.33333
360 1 0.0402685 0.0402685 0.0402685 0 1.33333
436 1 0.00168607 0.00168607 0.00168608 5e-09 1.5

20 37 0.849476 0.849476 1.95159 1.10212 1.5
327 37 1.01465 1.01465 1.94704 0.932384 1.5
235 16 2.97408 0.254351 2.63411 0.899465 1.5
25 2 2.87358 2.87358 2.87358 0 1.5
119 1 0.340133 0.340133 0.340133 0 1.33333
140 1 0.322493 0.322493 0.322493 0 1.33333
251 1 0.298577 0.298577 0.298577 0 1.33333
270 1 0.264892 0.264892 0.264892 0 1.33333
361 1 0.19913 0.19913 0.19913 0 1.33333
129 1 0.135884 0.135884 0.135884 0 1.33333
374 1 0.113371 0.113371 0.113371 0 1.33333
375 1 0.0713318 0.0713318 0.0713318 0 1.33333
360 1 0.0402685 0.0402685 0.0402685 0 1.33333

327 23 3.1763 3.1763 3.1763 1.33227e-15 1.5
20 36 0.525575 0.525575 1.9662 1.44063 1.5
235 13 3.6604 0.313047 3.14543 1.20773 1.5
25 2 2.87358 2.87358 2.87358 0 1.5
119 1 0.340133 0.340133 0.340133 0 1.33333
140 1 0.322493 0.322493 0.322493 0 1.33333
251 1 0.298577 0.298577 0.298577 0 1.33333
270 1 0.264892 0.264892 0.264892 0 1.33333
361 1 0.19913 0.19913 0.19913 0 1.33333
374 1 0.113371 0.113371 0.113371 0 1.33333
471 1 0.0861699 0.0861699 0.0861699 0 1.33333
129 1 0.0679418 0.0679418 0.0828405 0.0148988 1.33333
375 1 0.0713318 0.0713318 0.0713318 0 1.33333
360 1 0.0402685 0.0402685 0.0402685 0 1.33333
461 1 0.0385128 0.0385128 0.0385128 0 1.5
460 1 0.0031881 0.0031881 0.0031881 0 1.5
458 1 1e-08 1e-08 1e-08 0 1.33333
459 1 1e-08 1e-08 1e-08 0 1.33333
462 1 1e-08 1e-08 1e-08 0 1.5
463 1 1e-08 1e-08 1e-08 0 1.33333
464 1 1e-08 1e-08 1e-08 0 1.5
465 1 1e-08 1e-08 1e-08 0 1.33333
466 1 1e-08 1e-08 1e-08 0 1.33333
467 1 1e-08 1e-08 1e-08 0 1.5
468 1 1e-08 1e-08 1e-08 0 1.5
469 1 1e-08 1e-08 1e-08 0 1.33333
470 1 1e-08 1e-08 1e-08 0 1.33333

472 27 1.41203 1.32827 2.70884 1.37756 1.5
20 27 1.52198 1.52198 2.65819 1.13621 1.5
327 26 1.97446 1.97446 2.73588 0.761421 1.5
235 13 3.6604 0.313047 3.14543 1.20773 1.5
25 2 2.87358 2.87358 2.87358 0 1.5
480 1 0.616552 0.616552 0.616552 0 1.33333
119 1 0.340133 0.340133 0.340133 0 1.33333
140 1 0.322493 0.322493 0.322493 0 1.33333
251 1 0.298577 0.298577 0.298577 0 1.33333
270 1 0.264892 0.264892 0.264892 0 1.33333
361 1 0.19913 0.19913 0.19913 0 1.33333

20 21 1.46478 1.01465 3.50024 2.46602 1.5
327 8 9.13186 9.13186 9.13186 0 1.5
487 3 24.3516 24.3516 24.3516 0 1.5
472 21 0.93568 0.88018 3.44372 2.55831 1.5
235 11 3.6604 3.6604 3.71732 0.0569177 1.5
25 1 2.87358 2.87358 5.74716 2.87358 1.5
480 1 0.616552 0.616552 0.616552 0 1.33333
119 1 0.340133 0.340133 0.340133 0 1.33333
140 1 0.322493 0.322493 0.322493 0 1.33333
251 1 0.298577 0.298577 0.298577 0 1.33333
270 1 0.264892 0.264892 0.264892 0 1.33333
361 1 0.19913 0.19913 0.19913 0 1.33333
496 1 0.111202 0.111202 0.111202 0 1.33333
494 1 0.060198 0.060198 0.060198 0 1.33333
493 1 0.00292137 0.00292137 0.00292138 5e-09 1.5
500 1 1e-08 1e-08 1e-08 0 1.5
499 1 1e-08 1e-08 1e-08 0 1.33333
498 1 1e-08 1e-08 1e-08 0 1.33333
497 1 1e-08 1e-08 1e-08 0 1.5
495 1 1e-08 1e-08 1e-08 0 1.5
492 1 1e-08 1e-08 1e-08 0 1.33333
491 1 1e-08 1e-08 1e-08 0 1.5
490 1 1e-08 1e-08 1e-08 0 1.33333
489 1 1e-08 1e-08 1e-08 0 1.33333
488 1 1e-08 1e-08 1e-08 0 1.33333

20 21 2.39691 1.66034 3.58403 1.83664 1.5
487 20 2.50521 2.35661 3.66761 1.2969 1.5
472 2 36.5275 36.5275 36.5275 0 1.5
327 20 1.49092 1.49092 3.63377 2.14286 1.5
235 11 4.32593 4.32593 4.32593 8.88178e-16 1.5
25 1 5.74716 5.74716 5.74716 0 1.5
480 1 0.616552 0.616552 0.616552 0 1.33333
119 1 0.340133 0.340133 0.340133 0 1.33333
140 1 0.322493 0.322493 0.322493 0 1.33333
251 1 0.298577 0.298577 0.298577 0 1.33333
270 1 0.264892 0.264892 0.264892 0 1.33333
361 1 0.19913 0.19913 0.19913 0 1.33333
496 1 0.111202 0.111202 0.111202 0 1.33333
494 1 0.060198 0.060198 0.060198 0 1.33333
520 1 0.0530536 0.0530536 0.0530536 0 1.5
507 1 0.0470163 0.0470163 0.0470163 0 1.33333
517 1 0.00591871 0.00591871 0.00591872 5e-09 1.5
493 1 0.00584275 0.00584275 0.00584275 0 1.5
512 1 0.00189682 0.00189682 0.00189682 0 1.5
519 1 1e-08 1e-08 1e-08 0 1.33333
518 1 1e-08 1e-08 1e-08 0 1.33333
516 1 1e-08 1e-08 1e-08 0 1.33333
515 1 1e-08 1e-08 1e-08 0 1.5
514 1 1e-08 1e-08 1e-08 0 1.5
513 1 1e-08 1e-08 1e-08 0 1.33333
511 1 1e-08 1e-08 1e-08 0 1.33333
510 1 1e-08 1e-08 1e-08 0 1.5
509 1 1e-08 1e-08 1e-08 0 1.33333
508 1 1e-08 1e-08 1e-08 0 1.33333
506 1 1e-08 1e-08 1e-08 0 1.33333
505 1 1e-08 1e-08 1e-08 0 1.33333
504 1 1e-08 1e-08 1e-08 0 1.33333

20 21 2.2927 1.58815 3.55201 1.79106 1.5
487 20 2.29247 1.19762 3.54773 2.29636 1.5
327 20 3.04395 3.04395 3.50502 0.461061 1.5
472 19 3.845 0.00674288 3.64298 0.85707 1.5
235 9 5.28725 5.28725 5.28725 0 1.5
25 1 5.74716 5.74716 5.74716 0 1.5
480 1 0.616552 0.616552 0.616552 0 1.33333
119 1 0.340133 0.340133 0.340133 0 1.33333
140 1 0.322493 0.322493 0.322493 0 1.33333
251 1 0.298577 0.298577 0.298577 0 1.33333
270 1 0.264892 0.264892 0.264892 0 1.33333
361 1 0.19913 0.19913 0.19913 0 1.33333
496 1 0.111202 0.111202 0.111202 0 1.33333
522 1 0.0637575 0.0637575 0.0637575 0 1.33333
494 1 0.060198 0.060198 0.060198 0 1.33333
520 1 0.0530536 0.0530536 0.0530536 0 1.5
507 1 0.0470163 0.0470163 0.0470163 0 1.33333

20 23 2.15233 1.49092 3.53832 1.64646 1.5
487 21 2.97534 1.55436 3.65224 1.9146 1.5
327 20 2.28297 2.28297 3.65275 1.36978 1.5
472 18 2.51913 2.51913 3.67651 1.15738 1.5
235 9 5.28725 5.28725 5.28725 0 1.5
25 1 5.74716 5.74716 5.74716 0 1.5
480 1 0.616552 0.616552 0.616552 0 1.33333
119 1 0.340133 0.340133 0.340133 0 1.33333
140 1 0.322493 0.322493 0.322493 0 1.33333
251 1 0.298577 0.298577 0.298577 0 1.33333
270 1 0.264892 0.264892 0.264892 0 1.33333
361 1 0.19913 0.19913 0.19913 0 1.33333
496 1 0.111202 0.111202 0.111202 0 1.33333
522 1 0.0637575 0.0637575 0.0637575 0 1.33333
494 1 0.060198 0.060198 0.060198 0 1.33333

20 24 1.91753 1.91753 3.95588 2.03835 1.5
487 22 2.74198 1.52277 3.8945 1.96655 1.5
327 19 2.0293 2.0293 3.845 1.81569 1.5
472 18 4.05861 4.05861 4.05861 0 1.5
235 9 5.28725 5.28725 5.28725 0 1.5
25 1 5.74716 5.74716 5.74716 0 1.5
480 1 0.616552 0.616552 0.616552 0 1.33333
119 1 0.340133 0.340133 0.340133 0 1.33333
140 1 0.322493 0.322493 0.322493 0 1.33333
251 1 0.298577 0.298577 0.298577 0 1.33333
270 1 0.264892 0.264892 0.264892 0 1.33333
361 1 0.19913 0.19913 0.19913 0 1.33333
496 1 0.111202 0.111202 0.111202 0 1.33333
548 1 0.0657918 0.0657918 0.0657918 0 1.5

20 31 2.06792 2.06792 3.34057 1.27265 1.5
487 29 1.91563 1.06386 3.31436 1.61231 1.5
327 22 2.13861 1.8732 3.33274 1.44853 1.5
235 9 5.28725 5.28725 5.28725 0 1.5
25 1 5.74716 5.74716 5.74716 0 1.5
480 1 0.616552 0.616552 0.616552 0 1.33333
119 1 0.340133 0.340133 0.340133 0 1.33333
140 1 0.322493 0.322493 0.322493 0 1.33333
251 1 0.298577 0.298577 0.298577 0 1.33333
270 1 0.264892 0.264892 0.264892 0 1.33333
361 1 0.19913 0.19913 0.19913 0 1.33333
496 1 0.111202 0.111202 0.111202 0 1.33333
548 1 0.0657918 0.0657918 0.0657918 0 1.5
581 1 0.0502738 0.0502738 0.0502738 0 1.33333

487 28 3.32954 3.32954 4.35983 1.03029 1.5
587 6 17.5773 17.5773 17.5773 0 1.5
235 22 1.67403 1.67403 4.34961 2.67557 1.5
20 22 2.54256 1.91753 4.26616 2.00301 1.5
25 1 5.74716 5.74716 5.74716 0 1.5
598 1 0.627554 0.627554 0.627554 0 1.5
480 1 0.616552 0.616552 0.616552 0 1.33333
119 1 0.340133 0.340133 0.340133 0 1.33333
140 1 0.322493 0.322493 0.322493 0 1.33333
251 1 0.298577 0.298577 0.298577 0 1.33333
270 1 0.264892 0.264892 0.264892 0 1.33333
361 1 0.19913 0.19913 0.19913 0 1.33333
496 1 0.111202 0.111202 0.111202 0 1.33333
592 1 0.0992427 0.0992427 0.104425 0.0051828 1.5
581 1 0.0502738 0.0502738 0.0502738 0 1.33333
548 1 0.0328959 0.0328959 0.0328959 5e-09 1.5
609 1 1e-08 1e-08 1e-08 0 1.5
608 1 1e-08 1e-08 1e-08 0 1.33333
607 1 1e-08 1e-08 1e-08 0 1.33333
606 1 1e-08 1e-08 1e-08 0 1.33333
605 1 1e-08 1e-08 1e-08 0 1.33333
604 1 1e-08 1e-08 1e-08 0 1.5
603 1 1e-08 1e-08 1e-08 0 1.33333
602 1 1e-08 1e-08 1e-08 0 1.5
601 1 1e-08 1e-08 1e-08 0 1.33333
600 1 1e-08 1e-08 1e-08 0 1.5
599 1 1e-08 1e-08 1e-08 0 1.33333

487 54 1.74801 1.74801 2.54932 0.801306 1.5
587 41 1.44471 1.44471 2.53716 1.09244 1.5
25 1 5.74716 5.74716 5.74716 0 1.5
598 1 0.627554 0.627554 0.627554 0 1.5
480 1 0.616552 0.616552 0.616552 0 1.33333
119 1 0.340133 0.340133 0.340133 0 1.33333
140 1 0.322493 0.322493 0.322493 0 1.33333
251 1 0.298577 0.298577 0.298577 0 1.33333

487 54 1.16534 1.16534 2.52196 1.35661 1.5
587 42 2.10928 2.10928 2.51105 0.401768 1.5
25 1 5.74716 5.74716 5.74716 0 1.5
598 1 0.627554 0.627554 0.627554 0 1.5
480 1 0.616552 0.616552 0.616552 0 1.33333
119 1 0.340133 0.340133 0.340133 0 1.33333
140 1 0.322493 0.322493 0.322493 0 1.33333

487 53 1.14624 1.14624 2.4832 1.33696 1.5
587 43 1.95304 1.95304 2.45265 0.499614 1.5
25 1 5.74716 5.74716 5.74716 0 1.5
598 1 0.627554 0.627554 0.627554 0 1.5
480 1 0.616552 0.616552 0.616552 0 1.33333
119 1 0.340133 0.340133 0.340133 0 1.33333
140 1 0.322493 0.322493 0.322493 0 1.33333

487 54 1.20552 1.20552 2.49074 1.28522 0.666667
587 42 1.91753 1.91753 2.47088 0.553356 1.5
25 1 5.74716 5.74716 5.74716 0 1.5
598 1 0.627554 0.627554 0.627554 0 1.5
119 1 0.340133 0.340133 0.340133 0 1.33333
672 1 0.262925 0.262925 0.269526 0.00660098 2.66667
664 1 0.198485 0.198485 0.198485 0 1.5

487 54 1.01334 1.01334 2.45829 1.44495 1.5
587 42 2.34365 2.34365 2.51105 0.167403 1.5
25 1 5.74716 5.74716 5.74716 0 1.5
598 1 0.627554 0.627554 0.627554 0 1.5
672 1 0.175283 0.175283 0.354967 0.179684 2.66667
119 1 0.340133 0.340133 0.340133 0 1.33333
664 1 0.198485 0.198485 0.198485 0 1.5

487 54 1.15571 1.15571 2.54814 1.39243 1.5
587 42 1.88329 1.88329 2.51105 0.627762 1.5
25 1 5.74716 5.74716 5.74716 0 1.5
598 1 0.627554 0.627554 0.627554 0 1.5
672 1 0.52585 0.52585 0.52585 0 2.66667
119 1 0.340133 0.340133 0.340133 0 1.33333
664 1 0.0992427 0.0992427 0.198485 0.0992427 1.5

487 55 1.06749 1.06749 2.48454 1.41705 1.5
587 42 2.24392 2.24392 2.47965 0.235736 1.5
25 1 5.74716 5.74716 5.74716 0 1.5
598 1 0.627554 0.627554 0.627554 0 1.5
119 1 0.340133 0.340133 0.340133 0 1.33333
664 1 0.0661618 0.0661618 0.198485 0.132324 1.5

723 1 139.841 139.841 139.841 0 2.66667
487 33 0.863215 0.863215 3.90286 3.03964 1.5
587 18 5.85911 5.85911 5.85911 1.77636e-15 1.5
25 1 5.74716 5.74716 5.74716 0 1.5
598 1 0.627554 0.627554 0.627554 0 1.5
119 1 0.340133 0.340133 0.340133 0 1.33333
720 1 0.107619 0.107619 0.107619 0 2.75
664 1 0.0992427 0.0992427 0.0992427 5e-09 1.5
728 1 0.0513208 0.0513208 0.0513208 0 1.33333
724 1 0.0509363 0.0509363 0.0509363 0 1.33333
730 1 1e-08 1e-08 1e-08 0 1.33333
729 1 1e-08 1e-08 1e-08 0 1.33333
727 1 5e-09 5e-09 1e-08 5e-09 1.5
726 1 1e-08 1e-08 1e-08 0 1.33333
725 1 1e-08 1e-08 1e-08 0 1.33333
722 1 1e-08 1e-08 1e-08 0 1.33333
721 1 5e-09 5e-09 1e-08 5e-09 1.5
719 1 1e-08 1e-08 1e-08 0 1.5
718 1 1e-08 1e-08 1e-08 0 1.33333
717 1 1e-08 1e-08 1e-08 0 1.33333

487 17 8.22593 8.22593 8.22593 0 1.5
723 32 1.37467 1.35768 3.78928 2.43068 1.5
587 22 4.79382 0.0807324 4.57959 0.981731 1.5
25 1 5.74716 5.74716 5.74716 0 1.5
598 1 0.627554 0.627554 0.627554 0 1.5
119 1 0.340133 0.340133 0.340133 0 1.33333
664 1 0.198485 0.198485 0.198485 0 1.5
730 1 0.126574 0.126574 0.126574 0 1.33333
720 1 0.107619 0.107619 0.107619 0 2.75
735 1 0.052299 0.052299 0.052299 0 2.75
728 1 0.0513208 0.0513208 0.0513208 0 1.33333
724 1 0.0509363 0.0509363 0.0509363 0 1.33333
739 1 0.0224634 0.0224634 0.0224634 0 1.33333
726 1 1e-08 1e-08 1e-08 0 1.33333
725 1 1e-08 1e-08 1e-08 0 1.33333
722 1 1e-08 1e-08 1e-08 0 1.33333
721 1 1e-08 1e-08 1e-08 0 1.5
719 1 1e-08 1e-08 1e-08 0 1.5
718 1 1e-08 1e-08 1e-08 0 1.33333
717 1 1e-08 1e-08 1e-08 0 1.33333
731 1 5e-09 5e-09 1e-08 5e-09 1.5
732 1 1e-08 1e-08 1e-08 0 1.33333
733 1 1e-08 1e-08 1e-08 0 1.33333
734 1 1e-08 1e-08 1e-08 0 1.33333
727 1 1e-08 1e-08 1e-08 0 1.5
736 1 1e-08 1e-08 1e-08 0 2.66667
737 1 1e-08 1e-08 1e-08 0 2.75
738 1 1e-08 1e-08 1e-08 0 1.5
729 1 1e-08 1e-08 1e-08 0 1.33333

740 1 141.591 141.591 141.591 0 1.25
487 21 1.64519 1.64519 6.42439 4.7792 3.16667
723 21 4.8221 4.8221 6.20354 1.38144 2.66667
741 4 35.2846 2.5e-09 26.4635 15.2787 1.25
587 15 3.51547 3.51547 6.33968 2.82421 1.5
25 1 5.74716 5.74716 5.74716 0 1.5
598 1 0.627554 0.627554 0.627554 0 1.5
742 1 0.230278 0.230278 0.386809 0.156531 1.5
119 1 0.340133 0.340133 0.340133 0 1.33333
664 1 0.14715 0.14715 0.246393 0.0992427 1.5
719 1 0.156296 0.156296 0.156296 5e-09 1.5
720 1 0.107619 0.107619 0.107619 0 2.75
735 1 0.052299 0.052299 0.052299 0 2.75
728 1 0.0513208 0.0513208 0.0513208 0 1.33333
724 1 0.0509363 0.0509363 0.0509363 0 1.33333
739 1 0.0224634 0.0224634 0.0224634 0 1.33333
754 1 1e-08 1e-08 1e-08 0 2.66667
753 1 1e-08 1e-08 1e-08 0 1.33333
755 1 1e-08 1e-08 1e-08 0 1.33333
752 1 1e-08 1e-08 1e-08 0 1.33333
751 1 1e-08 1e-08 1e-08 0 1.5
750 1 1e-08 1e-08 1e-08 0 1.5
749 1 1e-08 1e-08 1e-08 0 2.66667
748 1 1e-08 1e-08 1e-08 0 1.33333
747 1 1e-08 1e-08 1e-08 0 1.33333
746 1 1e-08 1e-08 1e-08 0 1.33333
745 1 1e-08 1e-08 1e-08 0 1.33333
744 1 1e-08 1e-08 1e-08 0 2.75
743 1 1e-08 1e-08 1e-08 0 1.5
756 1 1e-08 1e-08 1e-08 0 1.33333
757 1 5e-09 5e-09 1e-08 5e-09 1.33333
729 1 1e-08 1e-08 1e-08 0 1.33333
738 1 1e-08 1e-08 1e-08 0 1.5
737 1 1e-08 1e-08 1e-08 0 2.75
736 1 5e-09 5e-09 1e-08 5e-09 2.66667
727 1 1e-08 1e-08 1e-08 0 1.5
734 1 1e-08 1e-08 1e-08 0 1.33333
733 1 1e-08 1e-08 1e-08 0 1.33333
732 1 1e-08 1e-08 1e-08 0 1.33333
731 1 5e-09 5e-09 1e-08 5e-09 1.5
717 1 1e-08 1e-08 1e-08 0 1.33333
718 1 1e-08 1e-08 1e-08 0 1.33333
721 1 1e-08 1e-08 1e-08 0 1.5
722 1 1e-08 1e-08 1e-08 0 1.33333

487 25 3.25211 3.25211 5.59363 2.34152 1.5
740 20 1.76988 1.74801 5.81815 4.05239 1.25
587 13 8.11262 8.11262 8.11262 0 1.5
758 2 52.732 52.732 52.732 0 1.5
723 14 7.42834 5.26316e-10 5.83656 3.04804 2.66667
25 1 5.74716 5.74716 5.74716 0 1.5
762 1 1.50918 1.50918 1.50918 0 1.25
598 1 0.627554 0.627554 0.627554 0 1.5
119 1 0.340133 0.340133 0.340133 0 1.33333
719 1 0.312591 0.312591 0.312591 0 1.5
664 1 0.294301 0.294301 0.294301 0 1.5
742 1 0.230278 0.230278 0.230278 5e-09 1.5
720 1 0.107619 0.107619 0.107619 0 2.75
735 1 0.052299 0.052299 0.052299 0 2.75
728 1 0.0513208 0.0513208 0.0513208 0 1.33333
724 1 0.0509363 0.0509363 0.0509363 0 1.33333
739 1 0.0224634 0.0224634 0.0224634 0 1.33333
736 1 1e-08 1e-08 1e-08 0 2.66667
727 1 1e-08 1e-08 1e-08 0 1.5
734 1 1e-08 1e-08 1e-08 0 1.33333
733 1 1e-08 1e-08 1e-08 0 1.33333
732 1 1e-08 1e-08 1e-08 0 1.33333
731 1 1e-08 1e-08 1e-08 0 1.5
717 1 1e-08 1e-08 1e-08 0 1.33333
718 1 1e-08 1e-08 1e-08 0 1.33333
721 1 1e-08 1e-08 1e-08 0 1.5
722 1 1e-08 1e-08 1e-08 0 1.33333
759 1 1e-08 1e-08 1e-08 0 1.5
760 1 1e-08 1e-08 1e-08 0 1.33333
761 1 1e-08 1e-08 1e-08 0 1.33333
741 1 1e-08 1e-08 1e-08 0 1.2
737 1 1e-08 1e-08 1e-08 0 2.75

487 27 2.37018 2.37018 5.0074 2.63722 1.5
741 12 11.7615 8.33333e-10 10.7814 3.25072 1.25
740 23 3.07818 3.07806 4.93621 1.85815 1.25
587 21 2.70421 2.70421 5.0221 2.31789 1.5
25 1 5.74716 5.74716 5.74716 0 1.5
762 1 1.50918 1.50918 1.50918 0 1.25
742 1 0.460556 0.460556 0.460556 0 1.5
119 1 0.340133 0.340133 0.340133 0 1.33333
598 1 0.313777 0.313777 0.316307 0.00252973 1.5
719 1 0.312591 0.312591 0.312591 0 1.5
664 1 0.109729 0.109729 0.305929 0.1962 1.5
720 1 0.107619 0.107619 0.107619 0 2.75
735 1 0.052299 0.052299 0.052299 0 2.75
728 1 0.0513208 0.0513208 0.0513208 0 1.33333
724 1 0.0509363 0.0509363 0.0509363 0 1.33333
774 1 0.0468342 0.0468342 0.0468342 0 1.5
739 1 0.0224634 0.0224634 0.0224634 0 1.33333
723 1 1e-08 1e-08 1e-08 0 1.5
773 1 1e-08 1e-08 1e-08 0 1.33333
772 1 1e-08 1e-08 1e-08 0 1.2
771 1 1e-08 1e-08 1e-08 0 1.5
770 1 1e-08 1e-08 1e-08 0 1.33333

778 4 34.9605 34.9602 34.9603 0.000143735 1.25
740 21 3.76407 3.72607 6.5687 2.84081 1.25
487 21 2.37018 2.37018 6.4349 4.06471 1.5
741 17 2.88038 2.88038 6.49355 3.61317 1.25
587 16 5.0221 5.0221 6.5915 1.56941 1.5
25 1 5.74716 5.74716 5.74716 0 1.5
598 1 0.627554 0.627554 0.627554 0 1.5
119 1 0.340133 0.340133 0.340133 0 1.33333
664 1 0.329186 0.329186 0.329186 0 1.5
742 1 0.230278 0.230278 0.230278 5e-09 1.5
719 1 0.156296 0.156296 0.156296 5e-09 1.5
720 1 0.107619 0.107619 0.107619 0 2.75
735 1 0.052299 0.052299 0.052299 0 2.75
728 1 0.0513208 0.0513208 0.0513208 0 1.33333
724 1 0.0509363 0.0509363 0.0509363 0 1.33333
774 1 0.0468342 0.0468342 0.0468342 0 1.5
781 1 0.0465285 0.0465285 0.0465285 0 2.66667
739 1 0.0224634 0.0224634 0.0224634 0 1.33333
773 1 1e-08 1e-08 1e-08 0 1.33333
772 1 1e-08 1e-08 1e-08 0 1.2
771 1 1e-08 1e-08 1e-08 0 1.5
770 1 1e-08 1e-08 1e-08 0 1.33333
775 1 1e-08 1e-08 1e-08 0 1.25
776 1 1e-08 1e-08 1e-08 0 1.25
777 1 1e-08 1e-08 1e-08 0 1.2
723 1 3.33333e-09 3.33333e-09 1e-08 6.66667e-09 1.5
779 1 1e-08 1e-08 1e-08 0 1.33333

741 15 8.30227 8.30227 9.40924 1.10697 1.25
778 15 4.71969 4.66136 9.33028 4.66117 1.25
795 1 139.841 139.841 139.841 0 1.2
487 14 3.77948 3.77948 9.45516 5.67567 1.5
740 13 2.13485 2.11329 8.99221 6.87559 1.25
785 2 52.732 52.732 52.732 0 1.5
587 11 7.53314 7.53314 9.58764 2.05449 1.5
25 1 5.74716 5.74716 5.74716 0 1.5
598 1 0.627554 0.627554 0.627554 0 1.5
119 1 0.340133 0.340133 0.340133 0 1.33333
664 1 0.329186 0.329186 0.329186 0 1.5
719 1 0.312591 0.312591 0.312591 0 1.5
742 1 0.230278 0.230278 0.230278 5e-09 1.5
720 1 0.107619 0.107619 0.107619 0 2.75
735 1 0.052299 0.052299 0.052299 0 2.75
728 1 0.0513208 0.0513208 0.0513208 0 1.33333
724 1 0.0509363 0.0509363 0.0509363 0 1.33333
774 1 0.0468342 0.0468342 0.0468342 0 1.5
789 1 0.0309155 0.0309155 0.0309155 0 1.33333
781 1 0.0232642 0.0232642 0.0298652 0.00660098 1.5
739 1 0.0224634 0.0224634 0.0224634 0 1.33333
723 1 0.00634063 0.00634063 0.00634063 5e-09 1.5
792 1 0.00503336 0.00503336 0.00503336 0 1.2
794 1 1e-08 1e-08 1e-08 0 1.2
793 1 1e-08 1e-08 1e-08 0 1.33333
791 1 1e-08 1e-08 1e-08 0 1.25
790 1 1e-08 1e-08 1e-08 0 1.33333
788 1 1e-08 1e-08 1e-08 0 1.25
787 1 1e-08 1e-08 1e-08 0 1.33333
786 1 1e-08 1e-08 1e-08 0 1.25
779 1 1e-08 1e-08 1e-08 0 1.33333
777 1 1e-08 1e-08 1e-08 0 1.2
775 1 1e-08 1e-08 1e-08 0 1.25
770 1 1e-08 1e-08 1e-08 0 1.33333
771 1 1e-08 1e-08 1e-08 0 1.5
772 1 1e-08 1e-08 1e-08 0 1.2
773 1 1e-08 1e-08 1e-08 0 1.33333

778 13 5.66363 5.59367 10.768 5.16342 1.25
798 1 139.841 139.841 139.841 0 1.16667
487 12 3.99545 3.99545 11.327 7.33151 1.5
740 11 5.95978 5.89961 11.3517 5.4357 1.25
741 11 3.52846 3.52846 10.8804 7.35191 1.25
795 11 6.99204 6.99204 10.8059 3.81384 1.2
785 9 9.58764 9.58764 11.7182 2.13059 1.5
587 2 52.732 52.732 52.732 0 1.5
800 2 69.9204 5e-09 34.9602 34.9602 1.2
25 1 5.74716 5.74716 5.74716 0 1.5
801 1 3.21234 3.21234 3.21234 0 1.2
598 1 0.627554 0.627554 0.627554 0 1.5
119 1 0.340133 0.340133 0.340133 0 1.33333
719 1 0.312591 0.312591 0.312591 0 1.5
742 1 0.230278 0.230278 0.230278 5e-09 1.5
664 1 0.164593 0.164593 0.20959 0.0449967 1.5
720 1 0.107619 0.107619 0.107619 0 2.75
735 1 0.052299 0.052299 0.052299 0 2.75
728 1 0.0513208 0.0513208 0.0513208 0 1.33333
724 1 0.0509363 0.0509363 0.0509363 0 1.33333
774 1 0.0468342 0.0468342 0.0468342 0 1.5
789 1 0.0309155 0.0309155 0.0309155 0 1.33333
781 1 0.0155095 0.0155095 0.0231957 0.00768616 2.66667
739 1 0.0224634 0.0224634 0.0224634 0 1.33333
723 1 0.0126813 0.0126813 0.0126813 0 1.5
792 1 0.00503336 0.00503336 0.00503336 0 1.2
803 1 1e-08 1e-08 1e-08 0 1.16667
802 1 1e-08 1e-08 1e-08 0 1.25
794 1 1e-08 1e-08 1e-08 0 1.2
799 1 1e-08 1e-08 1e-08 0 1.5
793 1 1e-08 1e-08 1e-08 0 1.33333
797 1 1e-08 1e-08 1e-08 0 1.2
796 1 5e-09 5e-09 1e-08 5e-09 1.5
773 1 1e-08 1e-08 1e-08 0 1.33333
772 1 1e-08 1e-08 1e-08 0 1.2
771 1 1e-08 1e-08 1e-08 0 1.5
770 1 1e-08 1e-08 1e-08 0 1.33333
775 1 1e-08 1e-08 1e-08 0 1.25

487 11 4.99432 4.99432 12.7128 7.71849 1.5
778 10 2.60101 2.57448 12.8213 10.2285 1.25
741 10 7.42834 7.42834 12.6262 5.19788 1.25
795 10 7.03447 6.99204 12.604 5.60682 1.2
798 10 7.78548 7.76894 12.4397 4.66909 1.16667
800 7 20.1626 1.42857e-09 17.2293 7.0343 1.25
740 6 23.8391 1.66667e-09 19.7182 8.81865 1.2
587 2 52.732 52.732 52.732 0 1.5
785 8 11.7182 11.7182 13.183 1.46478 1.5
801 3 46.6164 1.07078 31.4336 21.4697 1.25
25 1 5.74716 5.74716 5.74716 0 1.5
598 1 0.627554 0.627554 0.627554 0 1.5
742 1 0.230278 0.230278 0.40031 0.170032 1.5
119 1 0.340133 0.340133 0.340133 0 1.33333
719 1 0.312591 0.312591 0.312591 0 1.5
664 1 0.164593 0.164593 0.311743 0.14715 1.5
720 1 0.107619 0.107619 0.107619 0 2.75
735 1 0.052299 0.052299 0.052299 0 2.75
728 1 0.0513208 0.0513208 0.0513208 0 1.33333
724 1 0.0509363 0.0509363 0.0509363 0 1.33333
774 1 0.0468342 0.0468342 0.0468342 0 1.5
781 1 0.0465285 0.0465285 0.0465285 0 2.66667
789 1 0.0309155 0.0309155 0.0309155 0 1.33333
805 1 0.0255971 0.0255971 0.0255971 0 1.33333
739 1 0.0224634 0.0224634 0.0224634 0 1.33333
723 1 0.00634063 0.00634063 0.00634063 5e-09 1.5
792 1 0.00503336 0.00503336 0.00503336 0 1.2
806 1 1e-08 1e-08 1e-08 0 1.2
804 1 1e-08 1e-08 1e-08 0 1.2
775 1 1e-08 1e-08 1e-08 0 1.25
770 1 1e-08 1e-08 1e-08 0 1.33333
771 1 1e-08 1e-08 1e-08 0 1.5
772 1 1e-08 1e-08 1e-08 0 1.2
773 1 1e-08 1e-08 1e-08 0 1.33333

813 1 140.795 140.795 140.795 0 1.16667
815 1 139.841 139.841 139.841 0 1.16667
809 1 139.841 139.841 139.841 0 1.16667
798 7 5.17929 5.17929 18.4978 13.3185 1.16667
778 7 6.51031 6.50158 18.4884 11.9853 1.25
487 7 5.8267 5.8267 18.3292 12.5025 1.5
801 7 14.2811 14.1591 18.2245 4.04169 1.25
795 7 6.70091 6.65909 17.1393 10.4643 1.2
741 7 4.03253 4.03253 17.1288 13.0962 1.2
785 2 52.732 52.732 52.732 0 1.5
587 6 13.183 13.183 17.5773 4.39433 1.5
800 6 19.9773 1.42857e-09 16.6477 7.44509 1.25
808 5 23.8391 1.66667e-09 16.2223 9.67241 1.2
807 2 46.7129 0.00123763 23.3571 23.3558 1.16667
25 1 5.74716 5.74716 5.74716 0 1.5
598 1 0.627554 0.627554 0.627554 0 1.5
742 1 0.460556 0.460556 0.460556 0 1.5
119 1 0.340133 0.340133 0.340133 0 1.33333
664 1 0.329186 0.329186 0.329186 0 1.5
719 1 0.312591 0.312591 0.312591 0 1.5
720 1 0.107619 0.107619 0.107619 0 2.75
735 1 0.052299 0.052299 0.052299 0 2.75
728 1 0.0513208 0.0513208 0.0513208 0 1.33333
724 1 0.0509363 0.0509363 0.0509363 0 1.33333
774 1 0.0468342 0.0468342 0.0468342 0 1.5
781 1 0.0465285 0.0465285 0.0465285 0 2.66667
789 1 0.0309155 0.0309155 0.0309155 0 1.33333
805 1 0.0255971 0.0255971 0.0255971 0 1.33333
739 1 0.0224634 0.0224634 0.0224634 0 1.33333
723 1 0.0126813 0.0126813 0.0126813 0 1.5
792 1 0.00503336 0.00503336 0.00503336 0 1.2
770 1 1e-08 1e-08 1e-08 0 1.33333
771 1 1e-08 1e-08 1e-08 0 1.5
772 1 1e-08 1e-08 1e-08 0 1.2
773 1 1e-08 1e-08 1e-08 0 1.33333
775 1 1e-08 1e-08 1e-08 0 1.25
804 1 1e-08 1e-08 1e-08 0 1.2
806 1 1e-08 1e-08 1e-08 0 1.2
810 1 1e-08 1e-08 1e-08 0 1.2
811 1 5e-09 5e-09 1e-08 5e-09 1.2
812 1 1e-08 1e-08 1e-08 0 1.33333
740 1 2.5e-09 2.5e-09 1e-08 7.5e-09 1.2
814 1 1e-08 1e-08 1e-08 0 1.33333

823 1 141.481 141.481 141.481 0 1.2
741 8 15.6821 15.6821 17.6423 1.96026 1.25
815 7 6.09299 6.08004 18.436 12.3541 1.16667
809 7 13.0994 12.7128 18.2164 5.45002 1.2
487 7 7.76894 7.76894 17.7866 10.0177 1.5
798 7 17.5173 17.4801 17.4854 0.0130292 1.16667
778 7 4.47584 4.46984 17.3886 12.9176 1.2
816 6 23.5231 0.0379492 19.5756 8.7378 1.2
813 7 7.92707 7.82196 16.7731 8.93622 1.16667
795 6 8.27759 8.2369 19.2312 10.9697 1.2
785 6 17.5773 17.5773 17.5773 0 1.5
587 2 52.732 52.732 52.732 0 1.5
800 4 34.9602 2.5e-09 26.2202 15.1382 1.25
801 1 90.3343 90.3343 90.3343 0 1.16667
25 1 5.74716 5.74716 5.74716 0 1.5
598 1 0.627554 0.627554 0.627554 0 1.5
742 1 0.460556 0.460556 0.460556 0 1.5
821 1 0.456427 0.456427 0.456427 0 1.2
119 1 0.340133 0.340133 0.340133 0 1.33333
664 1 0.329186 0.329186 0.329186 0 1.5
719 1 0.312591 0.312591 0.312591 0 1.5
818 1 0.156365 0.156365 0.156365 5e-09 1.25
720 1 0.107619 0.107619 0.107619 0 2.75
735 1 0.052299 0.052299 0.052299 0 2.75
728 1 0.0513208 0.0513208 0.0513208 0 1.33333
724 1 0.0509363 0.0509363 0.0509363 0 1.33333
774 1 0.0468342 0.0468342 0.0468342 0 1.5
781 1 0.0465285 0.0465285 0.0465285 0 2.66667
789 1 0.0309155 0.0309155 0.0309155 0 1.33333
805 1 0.0255971 0.0255971 0.0255971 0 1.33333
739 1 0.0224634 0.0224634 0.0224634 0 1.33333
723 1 0.00634063 0.00634063 0.00634063 5e-09 1.5
792 1 0.00503336 0.00503336 0.00503336 0 1.2
807 1 0.00371288 0.00371288 0.00371288 0 1.16667
824 1 1e-08 1e-08 1e-08 0 1.2
822 1 1e-08 1e-08 1e-08 0 1.33333
820 1 1e-08 1e-08 1e-08 0 1.25
819 1 1e-08 1e-08 1e-08 0 1.2
817 1 1e-08 1e-08 1e-08 0 1.33333

825 4 36.0234 34.9602 35.4918 0.531601 1.16667
827 1 140.964 140.964 140.964 0 1.25
830 1 139.841 139.841 139.841 0 1.16667
487 8 8.74005 8.74005 16.4014 7.66135 1.5
815 7 6.36994 6.3564 18.167 11.8048 1.16667
809 7 7.20468 6.99204 18.1517 11.0993 1.2
741 7 3.92138 3.92052 17.0342 13.1136 1.2
813 7 7.92707 7.82196 16.7671 8.93025 1.16667
778 7 9.54846 9.53702 16.5189 6.98026 1.25
823 6 6.15135 6.11822 18.0997 11.9539 1.2
785 6 13.183 13.183 17.5773 4.39433 1.5
801 1 90.3343 90.3343 90.3343 0 1.16667
798 2 69.9204 0.00103643 34.9607 34.9597 1.16667
816 2 62.4631 0.113848 31.2885 31.1746 1.2
25 1 5.74716 5.74716 5.74716 0 1.5
598 1 0.627554 0.627554 0.627554 0 1.5
742 1 0.460556 0.460556 0.460556 0 1.5
119 1 0.340133 0.340133 0.340133 0 1.33333
664 1 0.329186 0.329186 0.329186 0 1.5
818 1 0.31273 0.31273 0.31273 0 1.25
719 1 0.156296 0.156296 0.156296 5e-09 1.5
720 1 0.107619 0.107619 0.107619 0 2.75
735 1 0.052299 0.052299 0.052299 0 2.75
728 1 0.0513208 0.0513208 0.0513208 0 1.33333
724 1 0.0509363 0.0509363 0.0509363 0 1.33333
774 1 0.0468342 0.0468342 0.0468342 0 1.5
781 1 0.0465285 0.0465285 0.0465285 0 2.66667
828 1 0.0375537 0.0375537 0.0375537 0 1.25
789 1 0.0309155 0.0309155 0.0309155 0 1.33333
805 1 0.0255971 0.0255971 0.0255971 0 1.33333
739 1 0.0224634 0.0224634 0.0224634 0 1.33333
723 1 0.0126813 0.0126813 0.0126813 0 1.5
792 1 0.00503336 0.00503336 0.00503336 0 1.2
807 1 0.00371288 0.00371288 0.00371288 0 1.16667
834 1 0.000278545 0.000278545 0.000278545 0 1.25
824 1 1e-08 1e-08 1e-08 0 1.2
822 1 1e-08 1e-08 1e-08 0 1.33333
820 1 1e-08 1e-08 1e-08 0 1.25
819 1 1e-08 1e-08 1e-08 0 1.2
817 1 1e-08 1e-08 1e-08 0 1.33333
826 1 1e-08 1e-08 1e-08 0 1.2
829 1 1e-08 1e-08 1e-08 0 1.2
831 1 1e-08 1e-08 1e-08 0 1.16667
832 1 1e-08 1e-08 1e-08 0 1.2
833 1 1e-08 1e-08 1e-08 0 1.16667

823 6 23.5802 23.4532 23.559 0.0473221 1.2
815 6 23.3565 23.3068 23.3482 0.0185017 1.16667
487 8 7.36004 7.36004 17.4801 10.1201 1.5
835 1 139.841 139.841 139.841 0 1.16667
825 8 8.4761 8.4761 16.9573 8.48117 1.16667
827 7 5.5566 5.50213 17.4445 11.9336 1.25
809 6 10.0813 9.98863 18.3279 8.32393 1.2
830 6 5.38995 5.37849 18.3235 12.9431 1.16667
785 6 17.5773 17.5773 17.5773 0 1.5
798 6 17.5173 17.4801 17.4864 0.0138764 1.16667
741 6 7.42998 7.42834 17.1932 9.76457 1.2
813 6 10.1361 10.0568 16.775 6.70502 1.16667
801 1 90.3343 90.3343 90.3343 0 1.16667
836 2 69.9204 5e-09 34.9602 34.9602 1.16667
25 1 5.74716 5.74716 5.74716 0 1.5
598 1 0.627554 0.627554 0.627554 0 1.5
742 1 0.460556 0.460556 0.460556 0 1.5
119 1 0.340133 0.340133 0.340133 0 1.33333
664 1 0.329186 0.329186 0.329186 0 1.5
818 1 0.31273 0.31273 0.31273 0 1.25
837 1 0.26417 0.26417 0.26417 0 1.14286
719 1 0.156296 0.156296 0.156296 5e-09 1.5
720 1 0.107619 0.107619 0.107619 0 2.75
735 1 0.052299 0.052299 0.052299 0 2.75
728 1 0.0513208 0.0513208 0.0513208 0 1.33333
724 1 0.0509363 0.0509363 0.0509363 0 1.33333
774 1 0.0468342 0.0468342 0.0468342 0 1.5
781 1 0.0465285 0.0465285 0.0465285 0 2.66667
828 1 0.0375537 0.0375537 0.0375537 0 1.25
789 1 0.0309155 0.0309155 0.0309155 0 1.33333
805 1 0.0255971 0.0255971 0.0255971 0 1.33333
739 1 0.0224634 0.0224634 0.0224634 0 1.33333
723 1 0.0126813 0.0126813 0.0126813 0 1.5
792 1 0.00503336 0.00503336 0.00503336 0 1.2
807 1 0.00371288 0.00371288 0.00371288 0 1.16667
778 1 0.000278545 0.000278545 0.000278545 0 1.25
824 1 1e-08 1e-08 1e-08 0 1.2
822 1 1e-08 1e-08 1e-08 0 1.33333
820 1 1e-08 1e-08 1e-08 0 1.25
819 1 1e-08 1e-08 1e-08 0 1.2

741 6 23.5283 23.5231 23.524 0.00193086 1.2
838 3 46.6136 46.6136 46.6136 0 1.16667
827 7 9.0719 8.94096 19.2307 10.2302 1.25
809 7 10.2924 9.98863 18.5937 8.56234 1.16667
841 1 129.069 129.069 129.069 0 1.25
487 6 8.22593 8.22593 20.6185 12.3926 1.5
815 6 7.00694 7.00694 20.0541 13.0472 1.16667
825 6 9.00585 9.00585 19.5127 10.5068 1.16667
823 6 6.43095 6.43095 19.197 12.7661 1.2
835 6 8.82116 8.74005 18.9638 10.1968 1.16667
798 5 15.571 15.5379 21.9406 6.38284 1.16667
813 5 15.7673 15.6439 21.9108 6.24242 1.16667
785 5 11.7182 11.7182 21.0928 9.37458 1.5
830 5 23.3068 0.0768163 18.6608 9.292 1.16667
801 1 90.3343 90.3343 90.3343 0 1.16667
807 2 69.9204 0.00185644 34.9611 34.9593 1.16667
25 1 5.74716 5.74716 5.74716 0 1.5
598 1 0.627554 0.627554 0.627554 0 1.5
778 1 0.446644 0.446644 0.446784 0.000139272 1.25
119 1 0.340133 0.340133 0.340133 0 1.33333
664 1 0.329186 0.329186 0.329186 0 1.5
818 1 0.31273 0.31273 0.31273 0 1.25
719 1 0.312591 0.312591 0.312591 0 1.5
742 1 0.230278 0.230278 0.230278 5e-09 1.5
720 1 0.107619 0.107619 0.107619 0 2.75
842 1 0.0822453 0.0822453 0.0822453 0 1.16667
735 1 0.052299 0.052299 0.052299 0 2.75
728 1 0.0513208 0.0513208 0.0513208 0 1.33333
724 1 0.0509363 0.0509363 0.0509363 0 1.33333
774 1 0.0468342 0.0468342 0.0468342 0 1.5
828 1 0.0375537 0.0375537 0.0375537 0 1.25
789 1 0.0309155 0.0309155 0.0309155 0 1.33333
805 1 0.0255971 0.0255971 0.0255971 0 1.33333
781 1 0.0232642 0.0232642 0.0234242 0.000159931 1.5
739 1 0.0224634 0.0224634 0.0224634 0 1.33333
723 1 0.0126813 0.0126813 0.0126813 0 1.5
792 1 0.00503336 0.00503336 0.00503336 0 1.2
845 1 1e-08 1e-08 1e-08 0 1.33333
844 1 1e-08 1e-08 1e-08 0 1.33333
843 1 1e-08 1e-08 1e-08 0 1.33333

841 1 141.474 141.474 141.474 0 1.2
813 5 28.3812 28.159 28.2035 0.0888559 1.16667
849 1 140.17 140.17 140.17 0 1.16667
846 5 28.0942 27.9682 28.0178 0.060785 1.2
815 6 23.3565 23.3068 23.3316 0.0248227 1.16667
487 6 9.32272 9.32272 23.3068 13.9841 1.5
835 6 17.4801 17.4801 23.3068 5.8267 1.14286
838 6 7.37572 7.36004 22.0854 14.7201 1.16667
809 6 11.0841 10.757 21.7321 10.7581 1.2
827 5 4.83835 4.81572 24.6267 19.7974 1.16667
741 5 8.8231 8.82116 22.9355 14.1139 1.2
825 5 8.0052 8.0052 22.2687 14.2635 1.14286
798 5 10.7799 10.7799 21.5687 10.7888 1.14286
785 5 21.0928 21.0928 21.0928 0 1.5
823 4 10.8832 10.8832 24.4865 13.6034 1.2
801 1 90.3343 90.3343 90.3343 0 1.16667
847 2 69.9204 0.230449 35.0754 34.845 1.14286
25 1 5.74716 5.74716 5.74716 0 1.5
598 1 0.627554 0.627554 0.627554 0 1.5
742 1 0.230278 0.230278 0.390969 0.160691 1.14286
119 1 0.340133 0.340133 0.340133 0 1.33333
664 1 0.329186 0.329186 0.329186 0 1.5
818 1 0.31273 0.31273 0.31273 0 1.25
719 1 0.312591 0.312591 0.312591 0 1.5
720 1 0.107619 0.107619 0.107619 0 2.75
842 1 0.0822453 0.0822453 0.0822453 0 1.16667
735 1 0.052299 0.052299 0.052299 0 2.75
728 1 0.0513208 0.0513208 0.0513208 0 1.33333
724 1 0.0509363 0.0509363 0.0509363 0 1.33333
848 1 0.0509357 0.0509357 0.0509357 0 1.14286
774 1 0.0468342 0.0468342 0.0468342 0 1.5
781 1 0.0465285 0.0465285 0.0465285 0 2.66667
828 1 0.0375537 0.0375537 0.0375537 0 1.25
789 1 0.0309155 0.0309155 0.0309155 0 1.33333
805 1 0.0255971 0.0255971 0.0255971 0 1.33333
739 1 0.0224634 0.0224634 0.0224634 0 1.33333
723 1 0.0126813 0.0126813 0.0126813 0 1.5
792 1 0.00503336 0.00503336 0.00503336 0 1.2
830 1 0.00371288 0.00371288 0.00371288 0 1.16667
852 1 1e-08 1e-08 1e-08 0 1.2
851 1 1e-08 1e-08 1e-08 0 1.5
853 1 1e-08 1e-08 1e-08 0 1.25
850 1 1e-08 1e-08 1e-08 0 1.33333
843 1 1e-08 1e-08 1e-08 0 1.33333

857 1 140.139 140.139 140.139 0 1.16667
798 3 46.7129 46.7129 46.7129 0 1.16667
487 8 11.6534 11.6534 17.4801 5.8267 1.5
835 8 13.9841 13.9841 17.4801 3.49602 1.16667
846 7 4.50293 4.50293 18.325 13.822 1.16667
841 7 7.86082 7.85969 17.9473 10.0872 1.2
849 6 7.99445 7.84103 19.6584 11.7827 1.2
838 6 11.6782 11.6782 19.4587 7.78046 1.16667
813 6 5.4227 5.3508 18.4756 13.096 1.16667
815 6 7.78548 7.76894 18.1669 10.3897 1.16667
785 5 21.0928 21.0928 21.0928 0 1.5
809 3 48.0312 3.33333e-09 32.0208 22.6421 1.16667
830 3 46.7129 0.00123763 31.1423 22.0201 1.16667
801 1 90.3343 90.3343 90.3343 0 1.16667
741 2 47.0462 3.33333e-09 23.5231 23.5231 1.2
25 1 5.74716 5.74716 5.74716 0 1.5
598 1 0.627554 0.627554 0.627554 0 1.5
742 1 0.460556 0.460556 0.460556 0 1.5
119 1 0.340133 0.340133 0.340133 0 1.33333
664 1 0.329186 0.329186 0.329186 0 1.5
818 1 0.31273 0.31273 0.31273 0 1.25
861 1 0.289624 0.289624 0.289624 0 1.125
719 1 0.156296 0.156296 0.156296 5e-09 1.5
720 1 0.107619 0.107619 0.107619 0 2.75
842 1 0.0822453 0.0822453 0.0822453 0 1.16667
735 1 0.052299 0.052299 0.052299 0 2.75
728 1 0.0513208 0.0513208 0.0513208 0 1.33333
724 1 0.0509363 0.0509363 0.0509363 0 1.33333
774 1 0.0468342 0.0468342 0.0468342 0 1.5
781 1 0.0465285 0.0465285 0.0465285 0 2.66667
828 1 0.0187769 0.0187769 0.0375537 0.0187769 1.25
789 1 0.0309155 0.0309155 0.0309155 0 1.33333
805 1 0.0255971 0.0255971 0.0255971 0 1.33333
739 1 0.0224634 0.0224634 0.0224634 0 1.33333
723 1 0.0126813 0.0126813 0.0126813 0 1.5
792 1 0.00503336 0.00503336 0.00503336 0 1.2
852 1 1e-08 1e-08 1e-08 0 1.2
851 1 1e-08 1e-08 1e-08 0 1.5
853 1 1e-08 1e-08 1e-08 0 1.25
850 1 1e-08 1e-08 1e-08 0 1.33333
843 1 1e-08 1e-08 1e-08 0 1.33333
854 1 1e-08 1e-08 1e-08 0 1.5
855 1 1e-08 1e-08 1e-08 0 1.16667
856 1 1e-08 1e-08 1e-08 0 1.33333

813 4 36.2876 36.0773 36.1502 0.0810521 1.16667
862 2 71.0544 71.0544 71.0544 0 1.14286
487 7 7.36004 7.36004 18.9277 11.5676 1.5
857 7 4.12173 4.12173 18.8422 14.7205 1.16667
846 7 7.58388 7.58388 18.418 10.8341 1.14286
863 7 16.2681 16.1278 18.4153 2.26801 1.16667
815 7 17.5173 17.4801 18.3691 0.878476 1.16667
841 7 7.86082 7.86005 17.9553 10.0952 1.2
835 7 7.76894 7.76894 16.6566 8.8877 1.16667
849 6 8.46471 8.30227 18.0392 9.68624 1.2
785 5 21.0928 21.0928 21.0928 0 1.5
838 5 15.5949 15.571 18.6852 3.10942 1.16667
801 1 90.3343 90.3343 90.3343 0 1.16667
798 4 23.3565 0.0730231 17.5263 10.0766 1.16667
25 1 5.74716 5.74716 5.74716 0 1.5
598 1 0.627554 0.627554 0.627554 0 1.5
742 1 0.460556 0.460556 0.460556 0 1.5
119 1 0.340133 0.340133 0.340133 0 1.33333
664 1 0.329186 0.329186 0.329186 0 1.5
818 1 0.31273 0.31273 0.31273 0 1.25
719 1 0.312591 0.312591 0.312591 0 1.5
809 1 0.289624 0.289624 0.289624 0 1.125
720 1 0.107619 0.107619 0.107619 0 2.75
735 1 0.052299 0.052299 0.052299 0 2.75
728 1 0.0513208 0.0513208 0.0513208 0 1.33333
724 1 0.0509363 0.0509363 0.0509363 0 1.33333
774 1 0.0468342 0.0468342 0.0468342 0 1.5
781 1 0.0465285 0.0465285 0.0465285 0 2.66667
828 1 0.0375537 0.0375537 0.0375537 0 1.25
789 1 0.0309155 0.0309155 0.0309155 0 1.33333
805 1 0.0255971 0.0255971 0.0255971 0 1.33333
739 1 0.0224634 0.0224634 0.0224634 0 1.33333
723 1 0.0126813 0.0126813 0.0126813 0 1.5
792 1 0.00503336 0.00503336 0.00503336 0 1.2
865 1 0.00163376 0.00163376 0.00163377 5e-09 1.14286
868 1 1e-08 1e-08 1e-08 0 1.16667
867 1 1e-08 1e-08 1e-08 0 1.14286
866 1 1e-08 1e-08 1e-08 0 1.16667
864 1 1e-08 1e-08 1e-08 0 1.2

846 6 14.4094 14.4094 24.0156 9.60624 1.14286
877 1 142.274 142.274 142.274 0 1.16667
849 5 28.6972 28.2277 28.3253 0.185953 1.2
871 1 140.139 140.139 140.139 0 1.14286
872 1 139.911 139.911 139.911 0 1.16667
835 4 34.9602 34.9602 34.9602 0 1.16667
876 1 139.841 139.841 139.841 0 1.16667
487 6 11.6534 11.6534 23.3068 11.6534 1.5
857 5 7.78548 7.78548 24.9144 17.1289 1.16667
813 5 4.57541 4.53595 24.913 20.3613 1.14286
841 5 7.44709 7.44637 24.1997 16.7532 1.2
815 5 6.43095 6.36994 24.1887 17.8046 1.16667
870 5 19.9773 19.9773 23.9727 3.99549 1.14286
862 5 6.25652 6.17865 23.4264 17.2322 1.5
785 4 21.0928 21.0928 26.366 5.2732 1.5
865 3 46.7129 0.00108918 31.1423 22.0202 1.16667
801 1 90.3343 90.3343 90.3343 0 1.16667
869 2 72.0468 1.13477 36.5908 35.456 1.14286
25 1 5.74716 5.74716 5.74716 0 1.5
878 1 1.64078 1.64078 1.64078 0 1.16667
598 1 0.627554 0.627554 0.627554 0 1.5
873 1 0.438139 0.438139 0.438139 0 1.14286
119 1 0.340133 0.340133 0.340133 0 1.33333
664 1 0.329186 0.329186 0.329186 0 1.5
863 1 0.313493 0.313493 0.313493 0 1.14286
818 1 0.31273 0.31273 0.31273 0 1.25
719 1 0.312591 0.312591 0.312591 0 1.5
809 1 0.289624 0.289624 0.289624 0 1.125
742 1 0.153519 0.153519 0.155891 0.00237283 1.14286
874 1 0.113369 0.113369 0.113369 0 1.33333
720 1 0.107619 0.107619 0.107619 0 2.75
735 1 0.052299 0.052299 0.052299 0 2.75
728 1 0.0513208 0.0513208 0.0513208 0 1.33333
724 1 0.0509363 0.0509363 0.0509363 0 1.33333
774 1 0.0468342 0.0468342 0.0468342 0 1.5
828 1 0.0375537 0.0375537 0.0375537 0 1.25
789 1 0.0309155 0.0309155 0.0309155 0 1.33333
781 1 0.0232642 0.0232642 0.0298652 0.00660098 1.5
805 1 0.0255971 0.0255971 0.0255971 0 1.33333
739 1 0.0224634 0.0224634 0.0224634 0 1.33333
723 1 0.0126813 0.0126813 0.0126813 0 1.5
792 1 0.00503336 0.00503336 0.00503336 0 1.2
867 1 1e-08 1e-08 1e-08 0 1.14286
866 1 1e-08 1e-08 1e-08 0 1.16667
864 1 1e-08 1e-08 1e-08 0 1.2
868 1 1e-08 1e-08 1e-08 0 1.16667
875 1 1e-08 1e-08 1e-08 0 1.16667
879 1 1e-08 1e-08 1e-08 0 1.33333
880 1 1e-08 1e-08 1e-08 0 1.33333

849 9 10.4064 10.0835 15.782 5.59744 1.2
841 9 10.8866 10.8832 15.7207 4.83696 1.2
487 8 13.9841 13.9841 17.4801 3.49602 1.5
835 7 5.38018 5.37849 17.7024 12.3236 1.16667
857 7 20.0198 0.00643205 17.1608 7.00323 1.16667
815 7 12.8352 12.7399 16.7801 4.02391 1.16667
862 7 17.7636 11.2918 16.203 2.54065 1.14286
877 7 15.8084 15.8083 15.836 0.0277137 1.16667
871 7 7.00694 7.00694 15.7453 8.73836 1.14286
785 3 35.1547 35.1547 35.1547 0 1.5
813 6 9.15081 9.0719 17.3973 8.29923 1.16667
846 6 10.2924 10.2924 17.181 6.88862 1.16667
872 6 13.9911 13.9911 16.3816 2.39047 1.16667
865 1 28.0277 28.0277 28.116 0.0882813 1.16667
25 1 5.74716 5.74716 5.74716 0 1.5
598 1 0.627554 0.627554 0.627554 0 1.5
742 1 0.460556 0.460556 0.460556 0 1.5
119 1 0.340133 0.340133 0.340133 0 1.33333
664 1 0.329186 0.329186 0.329186 0 1.5
863 1 0.31273 0.31273 0.31273 0 1.25
719 1 0.312591 0.312591 0.312591 0 1.5
809 1 0.289624 0.289624 0.289624 0 1.125
874 1 0.113369 0.113369 0.113369 0 1.33333
720 1 0.107619 0.107619 0.107619 0 2.75
735 1 0.052299 0.052299 0.052299 0 2.75

813 6 24.4022 24.1917 24.2619 0.0992003 1.14286
846 6 24.0156 24.0156 24.0156 0 1.14286
888 1 140.5 140.5 140.5 0 1.16667
872 6 23.3185 23.3185 23.3185 1.6824e-07 1.16667
835 6 8.7428 8.74005 23.3077 14.5668 1.14286
487 6 8.74005 8.74005 23.3068 14.5668 1.5
862 6 17.7636 17.7636 22.9036 5.14002 1.125
871 6 12.7941 12.7399 21.2377 8.48877 1.14286
815 6 7.05936 7.00694 21.0508 14.0141 1.16667
841 6 7.86256 7.86006 20.9295 13.0686 1.2
849 5 6.07039 5.98501 23.7118 17.6734 1.2
877 5 8.36916 8.36909 23.4335 15.0644 1.16667
785 5 13.183 13.183 21.0928 7.9098 1.5
857 4 9.35694 9.34258 23.3618 14.0156 1.16667
884 1 90.3343 90.3343 90.3343 0 1.16667
887 2 70.7362 5e-09 35.3681 35.3681 1.2
865 2 70.0694 5e-09 35.0347 35.0347 1.16667
25 1 5.74716 5.74716 5.74716 0 1.5
886 1 0.698741 0.698741 0.698741 0 1.14286
598 1 0.627554 0.627554 0.627554 0 1.5
742 1 0.460556 0.460556 0.460556 0 1.5
119 1 0.340133 0.340133 0.340133 0 1.33333
664 1 0.329186 0.329186 0.329186 0 1.5
863 1 0.31273 0.31273 0.31273 0 1.25
719 1 0.312591 0.312591 0.312591 0 1.5
809 1 0.289624 0.289624 0.289624 0 1.125
874 1 0.113369 0.113369 0.113369 0 1.33333
720 1 0.107619 0.107619 0.107619 0 2.75
735 1 0.052299 0.052299 0.052299 0 2.75
885 1 0.0309155 0.0309155 0.0309155 0 1.33333
889 1 1e-08 1e-08 1e-08 0 1.16667
890 1 1e-08 1e-08 1e-08 0 1.33333
891 1 5e-09 5e-09 1e-08 5e-09 1.16667
892 1 1e-08 1e-08 1e-08 0 1.14286
893 1 1e-08 1e-08 1e-08 0 1.33333
894 1 1e-08 1e-08 1e-08 0 1.125
895 1 1e-08 1e-08 1e-08 0 1.33333
896 1 1e-08 1e-08 1e-08 0 1.14286
897 1 1e-08 1e-08 1e-08 0 1.33333

849 4 36.4223 35.975 36.3105 0.193697 1.16667
877 5 28.4552 28.4549 28.455 0.000130384 1.16667
899 1 142.109 142.109 142.109 0 1.14286
894 1 140.139 140.139 140.139 0 1.125
857 3 46.7129 46.7129 46.7129 0 1.16667
872 5 8.75867 8.74443 27.985 19.2377 1.16667
907 1 139.841 139.841 139.841 0 1.125
487 5 23.3068 23.3068 27.9682 4.66136 1.5
862 4 11.97 11.8424 32.535 20.6607 1.14286
841 4 8.32506 8.32322 31.2732 22.9491 1.2
813 4 10.4581 10.3679 31.1713 20.7358 1.14286
835 4 19.9835 19.9835 30.0003 10.0167 1.14286
846 4 8.4761 8.4761 29.6706 21.1945 1.14286
871 4 7.86701 7.81861 29.0952 21.2645 1.14286
888 4 12.7804 12.7727 28.7118 15.9371 1.16667
902 3 46.637 18.9719 37.4075 13.0359 1.14286
900 3 15.6875 15.6875 36.5264 20.8389 1.14286
785 3 21.0928 21.0928 35.1547 14.0619 1.5
815 3 17.5443 17.5443 35.0911 17.5468 1.16667
889 3 9.98863 9.98863 33.8384 23.8498 1.16667
887 3 47.2522 3.33333e-09 31.4699 22.2526 1.2
884 1 90.3343 90.3343 90.3343 0 1.16667
904 2 69.9204 5e-09 34.9602 34.9602 1.14286
25 1 5.74716 5.74716 5.74716 0 1.5
742 1 0.460556 0.460556 0.460556 0 1.5
119 1 0.340133 0.340133 0.340133 0 1.33333
664 1 0.329186 0.329186 0.329186 0 1.5
598 1 0.313777 0.313777 0.313777 5e-09 1.5
863 1 0.31273 0.31273 0.31273 0 1.25
719 1 0.312591 0.312591 0.312591 0 1.5
874 1 0.113369 0.113369 0.113369 0 1.33333
720 1 0.107619 0.107619 0.107619 0 2.75
735 1 0.052299 0.052299 0.052299 0 2.75
885 1 0.0309155 0.0309155 0.0309155 0 1.33333
893 1 1e-08 1e-08 1e-08 0 1.33333
892 1 1e-08 1e-08 1e-08 0 1.14286
895 1 1e-08 1e-08 1e-08 0 1.33333
896 1 1e-08 1e-08 1e-08 0 1.14286
897 1 1e-08 1e-08 1e-08 0 1.33333
891 1 1e-08 1e-08 1e-08 0 1.16667
890 1 1e-08 1e-08 1e-08 0 1.33333
901 1 1e-08 1e-08 1e-08 0 1.16667
903 1 1e-08 1e-08 1e-08 0 1.5
905 1 1e-08 1e-08 1e-08 0 1.14286
906 1 1e-08 1e-08 1e-08 0 1.33333

900 2 70.1771 70.1771 70.1771 0 1.16667
908 4 35.0347 35.0347 35.0347 0 1.16667
487 6 9.53565 9.32272 23.3423 13.9843 1.5
889 3 46.6136 46.6136 46.6136 0 1.16667
907 4 34.9602 34.9602 34.9602 0 1.125
849 6 4.92805 4.85631 22.3854 17.5057 1.16667
813 5 14.6413 14.515 26.0597 11.4438 1.14286
894 5 10.1147 10.0525 24.2527 14.1878 1.14286
888 5 20.1043 20.0715 24.0951 4.01467 1.16667
872 5 12.7193 12.7192 23.9268 11.2076 1.16667
841 5 11.8131 11.7912 23.6347 11.8375 1.2
857 5 10.0848 10.0099 23.4627 13.4049 1.16667
846 5 13.0994 13.0994 23.4268 10.3274 1.14286
835 5 11.6571 11.6571 23.3132 11.6562 1.14286
899 5 12.919 12.919 23.2299 10.311 1.14286
877 5 15.8084 15.8083 22.9671 7.15878 1.16667
785 3 35.1547 35.1547 35.1547 0 1.5
884 1 90.3343 90.3343 90.3343 0 1.16667
25 1 5.74716 5.74716 5.74716 0 1.5
742 1 0.460556 0.460556 0.460556 0 1.5
119 1 0.340133 0.340133 0.340133 0 1.33333
664 1 0.329186 0.329186 0.329186 0 1.5
598 1 0.313777 0.313777 0.320378 0.00660098 1.5
863 1 0.31273 0.31273 0.31273 0 1.25
719 1 0.312591 0.312591 0.312591 0 1.5
874 1 0.113369 0.113369 0.113369 0 1.33333
720 1 0.107619 0.107619 0.107619 0 2.75
735 1 0.052299 0.052299 0.052299 0 2.75
885 1 0.0309155 0.0309155 0.0309155 0 1.33333
905 1 1e-08 1e-08 1e-08 0 1.14286
893 1 1e-08 1e-08 1e-08 0 1.33333
906 1 1e-08 1e-08 1e-08 0 1.33333
903 1 5e-09 5e-09 1e-08 5e-09 1.5
892 1 1e-08 1e-08 1e-08 0 1.14286
895 1 1e-08 1e-08 1e-08 0 1.33333
896 1 1e-08 1e-08 1e-08 0 1.14286
897 1 1e-08 1e-08 1e-08 0 1.33333
890 1 1e-08 1e-08 1e-08 0 1.33333
901 1 1e-08 1e-08 1e-08 0 1.16667

849 6 24.6402 24.2816 24.3988 0.165814 1.2
813 5 29.2826 29.0301 29.2321 0.101009 1.14286
846 5 28.8187 28.8187 28.8187 0 1.14286
877 5 28.4552 28.4549 28.455 0.000130384 1.16667
899 4 35.5272 35.5272 35.5272 0 1.14286
841 5 28.3513 28.299 28.3132 0.0192238 1.2
894 5 28.3212 28.147 28.1818 0.0696938 1.14286
888 5 28.146 28.1 28.1126 0.0179305 1.16667
487 5 23.8391 23.3068 28.0746 4.66622 1.5
907 5 28.4218 27.9682 28.0589 0.181441 1.125
857 1 140.139 140.139 140.139 0 1.16667
872 4 34.9777 34.9777 34.9777 4.08298e-07 1.125
835 4 34.9712 34.9712 34.9712 3.96152e-08 1.16667
889 4 34.9712 34.9602 34.963 0.00475153 1.16667
900 4 2.66391 2.65631 27.1861 24.5241 1.16667
785 3 35.1547 35.1547 35.1547 0 1.5
884 1 90.3343 90.3343 90.3343 0 1.16667
908 3 2.47921 2.469 29.5974 27.1218 1.16667
25 1 5.74716 5.74716 5.74716 0 1.5
909 1 0.627554 0.627554 0.627554 0 1.5
742 1 0.460556 0.460556 0.460556 0 1.5
119 1 0.340133 0.340133 0.340133 0 1.33333
664 1 0.329186 0.329186 0.329186 0 1.5
863 1 0.31273 0.31273 0.31273 0 1.25
719 1 0.312591 0.312591 0.312591 0 1.5
874 1 0.113369 0.113369 0.113369 0 1.33333
720 1 0.107619 0.107619 0.107619 0 2.75
735 1 0.052299 0.052299 0.052299 0 2.75
885 1 0.0309155 0.0309155 0.0309155 0 1.33333
910 1 1e-08 1e-08 1e-08 0 1.16667
901 1 1e-08 1e-08 1e-08 0 1.16667
890 1 1e-08 1e-08 1e-08 0 1.33333
897 1 1e-08 1e-08 1e-08 0 1.33333
896 1 1e-08 1e-08 1e-08 0 1.14286
895 1 1e-08 1e-08 1e-08 0 1.33333
892 1 1e-08 1e-08 1e-08 0 1.14286
903 1 1e-08 1e-08 1e-08 0 1.5
906 1 1e-08 1e-08 1e-08 0 1.33333
893 1 1e-08 1e-08 1e-08 0 1.33333
905 1 1e-08 1e-08 1e-08 0 1.14286

846 5 28.8187 28.8187 28.8187 0 1.14286
877 5 28.4552 28.4549 28.455 0.000130384 1.16667
899 5 28.4218 28.4218 28.4218 0 1.14286
841 5 28.3513 28.299 28.3132 0.0192238 1.2
908 3 47.1051 46.9111 47.0369 0.0890571 1.16667
900 4 35.2968 35.1961 35.2716 0.0436129 1.16667
894 5 28.3212 28.147 28.1818 0.0696938 1.14286
888 5 28.146 28.1 28.1126 0.0179305 1.16667
857 1 140.139 140.139 140.139 0 1.16667
872 4 34.9777 34.9777 34.9777 4.08298e-07 1.16667
835 5 27.9769 27.9769 27.9769 3.58556e-08 1.14286
487 4 34.9602 34.9602 34.9602 0 1.5
907 4 34.9602 34.9602 34.9602 0 1.125
889 3 46.6136 46.6136 46.6136 0 1.16667
849 4 2.69588 2.68803 29.043 26.3528 1.2
785 3 35.1547 35.1547 35.1547 0 1.5
884 1 90.3343 90.3343 90.3343 0 1.16667
813 3 2.60612 2.56865 29.3438 26.7565 1.14286
25 1 5.74716 5.74716 5.74716 0 1.5
909 1 0.627554 0.627554 0.627554 0 1.5
742 1 0.460556 0.460556 0.460556 0 1.5
119 1 0.340133 0.340133 0.340133 0 1.33333
664 1 0.329186 0.329186 0.329186 0 1.5
863 1 0.31273 0.31273 0.31273 0 1.25
719 1 0.312591 0.312591 0.312591 0 1.5
874 1 0.113369 0.113369 0.113369 0 1.33333
720 1 0.107619 0.107619 0.107619 0 2.75
735 1 0.052299 0.052299 0.052299 0 2.75
885 1 0.0309155 0.0309155 0.0309155 0 1.33333
905 1 1e-08 1e-08 1e-08 0 1.14286
893 1 1e-08 1e-08 1e-08 0 1.33333
906 1 1e-08 1e-08 1e-08 0 1.33333
903 1 1e-08 1e-08 1e-08 0 1.5
892 1 1e-08 1e-08 1e-08 0 1.14286
895 1 1e-08 1e-08 1e-08 0 1.33333
896 1 1e-08 1e-08 1e-08 0 1.14286
897 1 1e-08 1e-08 1e-08 0 1.33333
890 1 1e-08 1e-08 1e-08 0 1.33333
901 1 1e-08 1e-08 1e-08 0 1.16667
910 1 1e-08 1e-08 1e-08 0 1.16667

849 4 37.0683 36.9604 36.99 0.0454352 1.2
915 1 144.094 144.094 144.094 0 1.14286
899 5 28.4218 28.4218 28.4218 0 1.14286
841 5 28.3513 28.299 28.3132 0.0192238 1.2
908 3 47.1051 46.9111 47.0369 0.0890571 1.16667
900 4 35.2968 35.1961 35.2716 0.0436129 1.14286
894 5 28.3212 28.147 28.1818 0.0696938 1.14286
888 5 28.146 28.1 28.1126 0.0179305 1.16667
857 1 140.139 140.139 140.139 0 1.16667
872 4 34.9777 34.9777 34.9777 4.08298e-07 1.16667
835 5 27.9769 27.9769 27.9769 3.58556e-08 1.14286
487 4 34.9602 34.9602 34.9602 0 1.5
907 4 34.9602 34.9602 34.9602 0 1.125
889 3 46.6136 46.6136 46.6136 0 1.16667
912 2 69.913 63.7637 66.8384 3.07465 1.16667
877 4 2.49607 2.49607 29.2817 26.7857 1.16667
813 4 37.1372 0.0781824 27.6709 15.9318 1.125
785 3 35.1547 35.1547 35.1547 0 1.5
846 3 3.20208 3.20208 33.6647 30.4626 1.14286
884 1 90.3343 90.3343 90.3343 0 1.16667
911 2 69.9204 0.941389 35.4309 34.4895 1.16667
25 1 5.74716 5.74716 5.74716 0 1.5
909 1 0.627554 0.627554 0.627554 0 1.5
742 1 0.460556 0.460556 0.460556 0 1.5
119 1 0.340133 0.340133 0.340133 0 1.33333
664 1 0.329186 0.329186 0.329186 0 1.5
719 1 0.312591 0.312591 0.312591 0 1.5
874 1 0.113369 0.113369 0.113369 0 1.33333
720 1 0.107619 0.107619 0.107619 0 2.75
735 1 0.052299 0.052299 0.052299 0 2.75
885 1 0.0309155 0.0309155 0.0309155 0 1.33333
916 1 1e-08 1e-08 1e-08 0 1.16667
914 1 1e-08 1e-08 1e-08 0 1.14286
913 1 1e-08 1e-08 1e-08 0 1.14286
910 1 1e-08 1e-08 1e-08 0 1.16667
901 1 1e-08 1e-08 1e-08 0 1.16667
890 1 1e-08 1e-08 1e-08 0 1.33333
897 1 1e-08 1e-08 1e-08 0 1.33333
896 1 1e-08 1e-08 1e-08 0 1.14286
895 1 1e-08 1e-08 1e-08 0 1.33333
892 1 1e-08 1e-08 1e-08 0 1.14286
903 1 1e-08 1e-08 1e-08 0 1.5
906 1 1e-08 1e-08 1e-08 0 1.33333
893 1 1e-08 1e-08 1e-08 0 1.33333
905 1 1e-08 1e-08 1e-08 0 1.14286

813 3 49.5162 48.8043 49.1579 0.29065 1.14286
841 5 28.3513 28.299 28.3132 0.0192238 1.2
908 3 47.1051 46.9111 47.0369 0.0890571 1.16667
899 5 15.7899 15.7899 28.2202 12.4303 1.14286
900 4 35.2968 35.1961 35.2716 0.0436129 1.14286
894 5 28.3212 28.147 28.1818 0.0696938 1.14286
888 5 28.146 28.1 28.1126 0.0179305 1.16667
857 1 140.139 140.139 140.139 0 1.16667
872 4 34.9777 34.9777 34.9777 4.08298e-07 1.16667
835 5 27.9769 27.9769 27.9769 3.58556e-08 1.16667
911 1 139.841 139.841 139.841 0 1.16667
487 4 34.9602 34.9602 34.9602 0 1.5
889 3 46.6136 46.6136 46.6136 0 1.16667
912 5 23.7126 23.3043 27.8819 4.25405 1.16667
915 4 2.44734 2.44227 27.4657 25.0222 1.14286
849 4 3.18853 3.15657 27.1153 23.9503 1.2
785 3 35.1547 35.1547 35.1547 0 1.5
884 1 90.3343 90.3343 90.3343 0 1.16667
846 2 72.0468 0.941389 36.4941 35.5527 1.14286
25 1 5.74716 5.74716 5.74716 0 1.5
909 1 0.627554 0.627554 0.627554 0 1.5
742 1 0.460556 0.460556 0.460556 0 1.5
119 1 0.340133 0.340133 0.340133 0 1.33333
664 1 0.329186 0.329186 0.329186 0 1.5
917 1 0.31273 0.31273 0.31273 0 1.25
719 1 0.312591 0.312591 0.312591 0 1.5
874 1 0.113369 0.113369 0.113369 0 1.33333
720 1 0.107619 0.107619 0.107619 0 2.75
735 1 0.052299 0.052299 0.052299 0 2.75
885 1 0.0309155 0.0309155 0.0309155 0 1.33333
918 1 7.679e-06 7.679e-06 7.679e-06 0 1.16667
905 1 1e-08 1e-08 1e-08 0 1.14286
893 1 1e-08 1e-08 1e-08 0 1.33333
906 1 1e-08 1e-08 1e-08 0 1.33333
903 1 1e-08 1e-08 1e-08 0 1.5
892 1 1e-08 1e-08 1e-08 0 1.14286
895 1 1e-08 1e-08 1e-08 0 1.33333
896 1 1e-08 1e-08 1e-08 0 1.14286
897 1 1e-08 1e-08 1e-08 0 1.33333
890 1 1e-08 1e-08 1e-08 0 1.33333
901 1 1e-08 1e-08 1e-08 0 1.16667
910 1 1e-08 1e-08 1e-08 0 1.16667
913 1 1e-08 1e-08 1e-08 0 1.14286
877 1 5e-09 5e-09 1e-08 5e-09 1.14286

849 4 37.4652 37.0897 37.1881 0.160163 1.2
915 4 36.0982 36.0234 36.0421 0.0323922 1.14286
919 1 144.094 144.094 144.094 0 1.14286
899 5 28.4218 28.4218 28.4218 0 1.14286
908 3 47.1051 46.9111 47.0369 0.0890571 1.16667
900 4 35.2968 35.1961 35.2716 0.0436129 1.14286
894 5 28.3212 28.147 28.1818 0.0696938 1.14286
888 5 28.146 28.1 28.1126 0.0179305 1.16667
857 1 140.139 140.139 140.139 0 1.16667
872 4 34.9777 34.9777 34.9777 4.08298e-07 1.125
835 5 17.4856 17.4856 27.9737 10.4881 1.14286
487 4 34.9602 34.9602 34.9602 0 1.5
841 5 2.96721 2.95326 24.1348 21.1787 1.2
912 4 23.7126 23.7126 29.5387 5.82609 1.16667
785 3 35.1547 35.1547 35.1547 0 1.5
813 3 2.85671 2.85671 30.5807 27.724 1.14286
884 1 90.3343 90.3343 90.3343 0 1.16667
911 2 69.9204 0.941389 35.4309 34.4895 1.16667
920 2 35.2205 35.0787 35.1496 0.0708834 1.2
25 1 5.74716 5.74716 5.74716 0 1.5
909 1 0.627554 0.627554 0.627554 0 1.5
742 1 0.460556 0.460556 0.460556 0 1.5
119 1 0.340133 0.340133 0.340133 0 1.33333
664 1 0.329186 0.329186 0.329186 0 1.5
917 1 0.31273 0.31273 0.31273 0 1.25
719 1 0.312591 0.312591 0.312591 0 1.5
874 1 0.113369 0.113369 0.113369 0 1.33333
720 1 0.107619 0.107619 0.107619 0 2.75
735 1 0.052299 0.052299 0.052299 0 2.75
885 1 0.0309155 0.0309155 0.0309155 0 1.33333
918 1 7.679e-06 7.679e-06 7.679e-06 0 1.16667
924 1 1e-08 1e-08 1e-08 0 1.2
923 1 1e-08 1e-08 1e-08 0 1.125
922 1 1e-08 1e-08 1e-08 0 1.16667
921 1 1e-08 1e-08 1e-08 0 1.16667
913 1 1e-08 1e-08 1e-08 0 1.14286
910 1 1e-08 1e-08 1e-08 0 1.16667
901 1 1e-08 1e-08 1e-08 0 1.16667
890 1 1e-08 1e-08 1e-08 0 1.33333
897 1 1e-08 1e-08 1e-08 0 1.33333
896 1 1e-08 1e-08 1e-08 0 1.14286
895 1 1e-08 1e-08 1e-08 0 1.33333
892 1 1e-08 1e-08 1e-08 0 1.14286
903 1 1e-08 1e-08 1e-08 0 1.5
906 1 1e-08 1e-08 1e-08 0 1.33333
893 1 1e-08 1e-08 1e-08 0 1.33333
905 1 1e-08 1e-08 1e-08 0 1.14286

919 1 144.094 144.094 144.094 0 1.14286
912 4 35.5689 35.5689 35.5689 4.24592e-09 1.16667
899 5 28.4218 28.4218 28.4218 0 1.14286
841 5 28.4852 28.3513 28.3781 0.0535652 1.2
908 3 47.1051 46.9111 47.0369 0.0890571 1.16667
900 4 35.2968 35.1961 35.2716 0.0436129 1.14286
894 5 28.3212 28.147 28.1818 0.0696938 1.14286
888 5 28.146 28.1 28.1126 0.0179305 1.16667
857 1 140.139 140.139 140.139 0 1.16667
872 4 34.9777 34.9777 34.9777 4.08298e-07 1.125
835 5 27.9769 27.9769 27.9769 3.58556e-08 1.14286
487 4 34.9602 34.9602 34.9602 0 1.5
813 4 37.1372 2.5e-09 27.8529 16.0809 1.14286
785 3 35.1547 35.1547 35.1547 0 1.5
920 3 46.9607 3.33333e-09 31.2441 22.0931 1.2
849 3 3.1221 3.1221 30.9901 27.868 1.2
915 3 2.62532 2.62532 30.3571 27.7317 1.125
884 1 90.3343 90.3343 90.3343 0 1.16667
911 2 69.9204 0.941389 35.4309 34.4895 1.16667
25 1 5.74716 5.74716 5.74716 0 1.5
909 1 0.627554 0.627554 0.627554 0 1.5
742 1 0.460556 0.460556 0.460556 0 1.5
119 1 0.340133 0.340133 0.340133 0 1.33333
664 1 0.329186 0.329186 0.329186 0 1.5
917 1 0.31273 0.31273 0.31273 0 1.25
719 1 0.312591 0.312591 0.312591 0 1.5
874 1 0.113369 0.113369 0.113369 0 1.33333
720 1 0.107619 0.107619 0.107619 0 2.75
735 1 0.052299 0.052299 0.052299 0 2.75
885 1 0.0309155 0.0309155 0.0309155 0 1.33333
918 1 7.679e-06 7.679e-06 7.679e-06 0 1.16667
929 1 1e-08 1e-08 1e-08 0 1.125
928 1 1e-08 1e-08 1e-08 0 1.16667
927 1 1e-08 1e-08 1e-08 0 1.16667
926 1 1e-08 1e-08 1e-08 0 1.16667
925 1 1e-08 1e-08 1e-08 0 1.125
905 1 1e-08 1e-08 1e-08 0 1.14286
893 1 1e-08 1e-08 1e-08 0 1.33333
906 1 1e-08 1e-08 1e-08 0 1.33333
903 1 1e-08 1e-08 1e-08 0 1.5
892 1 1e-08 1e-08 1e-08 0 1.14286
895 1 1e-08 1e-08 1e-08 0 1.33333
896 1 1e-08 1e-08 1e-08 0 1.14286
897 1 1e-08 1e-08 1e-08 0 1.33333
890 1 1e-08 1e-08 1e-08 0 1.33333
901 1 1e-08 1e-08 1e-08 0 1.16667
910 1 1e-08 1e-08 1e-08 0 1.16667
913 1 1e-08 1e-08 1e-08 0 1.14286
921 1 1e-08 1e-08 1e-08 0 1.16667
922 1 1e-08 1e-08 1e-08 0 1.16667

849 3 49.9536 49.9536 49.9536 0 1.2
813 3 49.5162 49.5162 49.5162 0 1.14286
915 2 72.1964 72.1964 72.1964 0 1.14286
899 5 28.4218 28.4218 28.4218 0 1.14286
841 5 20.3466 20.2509 28.3043 8.03429 1.2
908 3 47.1051 46.9111 47.0369 0.0890571 1.16667
900 4 35.2968 35.1961 35.2716 0.0436129 1.16667
894 5 28.3212 28.147 28.1818 0.0696938 1.14286
888 5 28.146 28.1 28.1126 0.0179305 1.16667
857 1 140.139 140.139 140.139 0 1.16667
872 4 34.9777 34.9777 34.9777 4.08298e-07 1.125
835 5 27.9769 27.9769 27.9769 3.58556e-08 1.14286
487 4 34.9602 34.9602 34.9602 0 1.5
919 4 3.06582 3.06582 29.4067 26.3409 1.14286
785 3 35.1547 35.1547 35.1547 0 1.5
912 4 2.49607 2.49607 25.8112 23.3151 1.16667
884 1 90.3343 90.3343 90.3343 0 1.16667
929 2 72.1964 5e-09 36.0982 36.0982 1.14286
911 2 69.9204 0.941389 35.4309 34.4895 1.14286
25 1 5.74716 5.74716 5.74716 0 1.5
909 1 0.627554 0.627554 0.627554 0 1.5
742 1 0.460556 0.460556 0.460556 0 1.5
119 1 0.340133 0.340133 0.340133 0 1.33333
664 1 0.329186 0.329186 0.329186 0 1.5
917 1 0.31273 0.31273 0.31273 0 1.25
719 1 0.312591 0.312591 0.312591 0 1.5
874 1 0.113369 0.113369 0.113369 0 1.33333
720 1 0.107619 0.107619 0.107619 0 2.75
735 1 0.052299 0.052299 0.052299 0 2.75
885 1 0.0309155 0.0309155 0.0309155 0 1.33333
918 1 7.679e-06 7.679e-06 7.679e-06 0 1.16667
931 1 1e-08 1e-08 1e-08 0 1.125
930 1 1e-08 1e-08 1e-08 0 1.125
922 1 1e-08 1e-08 1e-08 0 1.16667
921 1 1e-08 1e-08 1e-08 0 1.16667
913 1 1e-08 1e-08 1e-08 0 1.14286
910 1 1e-08 1e-08 1e-08 0 1.16667
901 1 1e-08 1e-08 1e-08 0 1.16667
890 1 1e-08 1e-08 1e-08 0 1.33333
897 1 1e-08 1e-08 1e-08 0 1.33333
896 1 1e-08 1e-08 1e-08 0 1.14286
895 1 1e-08 1e-08 1e-08 0 1.33333
892 1 1e-08 1e-08 1e-08 0 1.14286
903 1 1e-08 1e-08 1e-08 0 1.5
906 1 1e-08 1e-08 1e-08 0 1.33333
893 1 1e-08 1e-08 1e-08 0 1.33333
905 1 1e-08 1e-08 1e-08 0 1.14286
925 1 1e-08 1e-08 1e-08 0 1.125
926 1 1e-08 1e-08 1e-08 0 1.16667
927 1 1e-08 1e-08 1e-08 0 1.16667
928 1 1e-08 1e-08 1e-08 0 1.16667
920 1 1e-08 1e-08 1e-08 0 1.2

915 3 48.131 48.131 48.131 0 1.14286
919 4 36.0234 36.0234 36.0234 0 1.14286
912 4 35.5689 35.5689 35.5689 1.23565e-06 1.16667
899 5 28.4218 28.4218 28.4218 0 1.14286
908 3 47.1051 46.9111 47.0369 0.0890571 1.16667
900 4 35.2968 35.1961 35.2716 0.0436129 1.14286
894 5 28.3212 28.147 28.1818 0.0696938 1.14286
888 5 28.146 28.1 28.1126 0.0179305 1.16667
857 1 140.139 140.139 140.139 0 1.16667
872 4 34.9777 34.9777 34.9777 4.08298e-07 1.125
835 5 27.9769 27.9769 27.9769 3.58556e-08 1.14286
487 4 34.9602 34.9602 34.9602 0 1.5
841 5 23.7377 23.6261 23.6484 0.0446377 1.2
849 4 2.54002 2.54002 27.7938 25.2538 1.2
785 3 35.1547 35.1547 35.1547 0 1.5
813 4 3.47427 3.45462 24.4916 21.0321 1.14286
884 1 90.3343 90.3343 90.3343 0 1.16667
911 2 69.9204 0.941389 35.4309 34.4895 1.16667
25 1 5.74716 5.74716 5.74716 0 1.5
909 1 0.627554 0.627554 0.627554 0 1.5
742 1 0.460556 0.460556 0.460556 0 1.5
119 1 0.340133 0.340133 0.340133 0 1.33333
664 1 0.329186 0.329186 0.329186 0 1.5
917 1 0.31273 0.31273 0.31273 0 1.25
719 1 0.312591 0.312591 0.312591 0 1.5
874 1 0.113369 0.113369 0.113369 0 1.33333
720 1 0.107619 0.107619 0.107619 0 2.75
933 1 0.0860502 0.0860502 0.0860502 0 1.16667
735 1 0.052299 0.052299 0.052299 0 2.75
932 1 0.0375537 0.0375537 0.0375537 0 1.16667
885 1 0.0309155 0.0309155 0.0309155 0 1.33333
927 1 0.00273791 0.00273791 0.00273791 5e-09 1.16667
918 1 7.679e-06 7.679e-06 7.679e-06 0 1.16667
934 1 1e-08 1e-08 1e-08 0 1.16667
928 1 1e-08 1e-08 1e-08 0 1.16667
926 1 1e-08 1e-08 1e-08 0 1.16667
925 1 1e-08 1e-08 1e-08 0 1.125
905 1 1e-08 1e-08 1e-08 0 1.14286
893 1 1e-08 1e-08 1e-08 0 1.33333
906 1 1e-08 1e-08 1e-08 0 1.33333
903 1 1e-08 1e-08 1e-08 0 1.5
892 1 1e-08 1e-08 1e-08 0 1.14286
895 1 1e-08 1e-08 1e-08 0 1.33333
896 1 1e-08 1e-08 1e-08 0 1.14286
897 1 1e-08 1e-08 1e-08 0 1.33333
890 1 1e-08 1e-08 1e-08 0 1.33333
901 1 1e-08 1e-08 1e-08 0 1.16667
910 1 1e-08 1e-08 1e-08 0 1.16667
913 1 1e-08 1e-08 1e-08 0 1.14286
921 1 1e-08 1e-08 1e-08 0 1.16667
922 1 1e-08 1e-08 1e-08 0 1.16667
930 1 1e-08 1e-08 1e-08 0 1.125
931 1 1e-08 1e-08 1e-08 0 1.125

849 4 37.4652 37.4652 37.4652 0 1.2
813 4 37.3484 37.1372 37.19 0.0914583 1.14286
912 4 35.5689 35.5689 35.5689 1.23565e-06 1.16667
899 5 28.4218 28.4218 28.4218 0 1.14286
841 5 28.4852 28.3513 28.3781 0.0535652 1.2
908 3 47.1051 46.9111 47.0369 0.0890571 1.16667
900 4 35.2968 35.1961 35.2716 0.0436129 1.14286
894 5 28.3212 28.147 28.1818 0.0696938 1.14286
888 5 28.146 28.1 28.1126 0.0179305 1.16667
857 1 140.139 140.139 140.139 0 1.16667
872 4 34.9777 34.9777 34.9777 4.08298e-07 1.16667
835 5 27.9769 27.9769 27.9769 3.58556e-08 1.14286
487 4 34.9602 34.9602 34.9602 0 1.5
915 4 2.51734 2.48953 28.5503 26.0538 1.14286
785 3 35.1547 35.1547 35.1547 0 1.5
919 4 3.20208 3.20208 24.0653 20.8633 1.14286
884 1 90.3343 90.3343 90.3343 0 1.16667
935 2 72.0468 5e-09 36.0234 36.0234 1.125
911 1 46.6136 46.6136 47.2412 0.627593 1.125
25 1 5.74716 5.74716 5.74716 0 1.5
909 1 0.627554 0.627554 0.627554 0 1.5
119 1 0.340133 0.340133 0.340133 0 1.33333
664 1 0.329186 0.329186 0.329186 0 1.5
917 1 0.31273 0.31273 0.31273 0 1.25
719 1 0.312591 0.312591 0.312591 0 1.5
742 1 0.230278 0.230278 0.233247 0.00296911 1.5
874 1 0.113369 0.113369 0.113369 0 1.33333
720 1 0.107619 0.107619 0.107619 0 2.75
933 1 0.0860502 0.0860502 0.0860502 0 1.16667
735 1 0.052299 0.052299 0.052299 0 2.75
932 1 0.0375537 0.0375537 0.0375537 0 1.16667
885 1 0.0309155 0.0309155 0.0309155 0 1.33333
927 1 0.00547582 0.00547582 0.00547582 0 1.16667
918 1 7.679e-06 7.679e-06 7.679e-06 0 1.16667
921 1 1e-08 1e-08 1e-08 0 1.16667
910 1 1e-08 1e-08 1e-08 0 1.16667
906 1 1e-08 1e-08 1e-08 0 1.33333
926 1 1e-08 1e-08 1e-08 0 1.16667
930 1 1e-08 1e-08 1e-08 0 1.125
892 1 1e-08 1e-08 1e-08 0 1.14286
931 1 1e-08 1e-08 1e-08 0 1.125
895 1 1e-08 1e-08 1e-08 0 1.33333
901 1 1e-08 1e-08 1e-08 0 1.16667
893 1 1e-08 1e-08 1e-08 0 1.33333
913 1 1e-08 1e-08 1e-08 0 1.14286
928 1 1e-08 1e-08 1e-08 0 1.16667
922 1 1e-08 1e-08 1e-08 0 1.16667
903 1 1e-08 1e-08 1e-08 0 1.5
925 1 1e-08 1e-08 1e-08 0 1.125
896 1 1e-08 1e-08 1e-08 0 1.14286
897 1 1e-08 1e-08 1e-08 0 1.33333
934 1 1e-08 1e-08 1e-08 0 1.16667

912 4 35.5689 35.5689 35.5689 1.23565e-06 1.16667
899 5 28.4218 28.4218 28.4218 0 1.14286
841 5 28.4852 28.3513 28.3781 0.0535652 1.2
908 3 47.1051 46.9111 47.0369 0.0890571 1.16667
900 4 35.2968 35.1961 35.2716 0.0436129 1.14286
894 5 28.3212 28.147 28.1818 0.0696938 1.14286
888 5 28.146 28.1 28.1126 0.0179305 1.16667
857 1 140.139 140.139 140.139 0 1.16667
872 4 34.9777 34.9777 34.9777 4.08298e-07 1.125
835 5 27.9769 27.9769 27.9769 3.58556e-08 1.16667
911 1 139.841 139.841 139.841 0 1.16667
487 4 34.9602 34.9602 34.9602 0 1.5
915 5 20.858 20.5848 24.7821 4.11812 1.14286
849 5 2.72701 2.72474 24.3463 21.6206 1.2
785 3 35.1547 35.1547 35.1547 0 1.5
813 4 2.98787 2.98787 24.6731 21.6852 1.14286
919 3 48.0312 3.33333e-09 32.0208 22.6421 1.14286
884 1 90.3343 90.3343 90.3343 0 1.16667
935 2 72.0468 5e-09 36.0234 36.0234 1.125
25 1 5.74716 5.74716 5.74716 0 1.5
909 1 0.627554 0.627554 0.627554 0 1.5
742 1 0.460556 0.460556 0.460556 0 1.5
119 1 0.340133 0.340133 0.340133 0 1.33333
664 1 0.329186 0.329186 0.329186 0 1.5
917 1 0.31273 0.31273 0.31273 0 1.25
719 1 0.312591 0.312591 0.312591 0 1.5
874 1 0.113369 0.113369 0.113369 0 1.33333
938 1 0.108245 0.108245 0.108245 0 1.16667
720 1 0.107619 0.107619 0.107619 0 2.75
933 1 0.0860502 0.0860502 0.0860502 0 1.16667
735 1 0.052299 0.052299 0.052299 0 2.75
932 1 0.0375537 0.0375537 0.0375537 0 1.16667
885 1 0.0309155 0.0309155 0.0309155 0 1.33333
927 1 0.00547582 0.00547582 0.00547582 0 1.16667
918 1 7.679e-06 7.679e-06 7.679e-06 0 1.16667
937 1 1e-08 1e-08 1e-08 0 1.16667
936 1 1e-08 1e-08 1e-08 0 1.125
934 1 1e-08 1e-08 1e-08 0 1.16667
897 1 1e-08 1e-08 1e-08 0 1.33333
896 1 1e-08 1e-08 1e-08 0 1.14286
903 1 1e-08 1e-08 1e-08 0 1.5
922 1 1e-08 1e-08 1e-08 0 1.16667
928 1 1e-08 1e-08 1e-08 0 1.16667
913 1 1e-08 1e-08 1e-08 0 1.14286
893 1 1e-08 1e-08 1e-08 0 1.33333
901 1 1e-08 1e-08 1e-08 0 1.16667
895 1 1e-08 1e-08 1e-08 0 1.33333
892 1 1e-08 1e-08 1e-08 0 1.14286
930 1 1e-08 1e-08 1e-08 0 1.125
926 1 1e-08 1e-08 1e-08 0 1.16667
906 1 1e-08 1e-08 1e-08 0 1.33333

849 5 29.9971 29.9722 29.9818 0.0117934 1.2
813 4 37.3484 37.3484 37.3484 1.63425e-13 1.125
939 2 72.1964 72.1964 72.1964 0 1.14286
915 3 48.0312 48.0312 48.0312 0 1.14286
841 5 28.4852 28.3513 28.3781 0.0535652 1.2
908 3 47.1051 46.9111 47.0369 0.0890571 1.16667
900 4 35.2968 35.1961 35.2716 0.0436129 1.14286
894 5 28.3212 28.147 28.1818 0.0696938 1.14286
888 5 28.146 28.1 28.1126 0.0179305 1.16667
857 1 140.139 140.139 140.139 0 1.16667
872 4 34.9777 34.9777 34.9777 4.08298e-07 1.16667
835 5 27.9769 27.9769 27.9769 3.58556e-08 1.14286
911 1 139.841 139.841 139.841 0 1.16667
487 4 34.9602 34.9602 34.9602 0 1.5
899 4 2.73286 2.73286 29.3582 26.6254 1.14286
912 4 2.54067 2.54064 27.4139 24.8733 1.14286
935 4 36.5015 2.5e-09 27.1558 15.6794 1.14286
785 3 35.1547 35.1547 35.1547 0 1.5
884 1 90.3343 90.3343 90.3343 0 1.16667
25 1 5.74716 5.74716 5.74716 0 1.5
909 1 0.627554 0.627554 0.627554 0 1.5
742 1 0.460556 0.460556 0.460556 0 1.5
119 1 0.340133 0.340133 0.340133 0 1.33333
664 1 0.329186 0.329186 0.329186 0 1.5
917 1 0.31273 0.31273 0.31273 0 1.25
719 1 0.312591 0.312591 0.312591 0 1.5
874 1 0.113369 0.113369 0.113369 0 1.33333
938 1 0.108245 0.108245 0.108245 0 1.16667
720 1 0.107619 0.107619 0.107619 0 2.75
933 1 0.0860502 0.0860502 0.0860502 0 1.16667
735 1 0.052299 0.052299 0.052299 0 2.75
932 1 0.0375537 0.0375537 0.0375537 0 1.16667
885 1 0.0309155 0.0309155 0.0309155 0 1.33333
927 1 0.00547582 0.00547582 0.00547582 0 1.16667
918 1 7.679e-06 7.679e-06 7.679e-06 0 1.16667
941 1 1e-08 1e-08 1e-08 0 1.16667
940 1 1e-08 1e-08 1e-08 0 1.125
906 1 1e-08 1e-08 1e-08 0 1.33333
926 1 1e-08 1e-08 1e-08 0 1.16667
930 1 1e-08 1e-08 1e-08 0 1.125
892 1 1e-08 1e-08 1e-08 0 1.14286
895 1 1e-08 1e-08 1e-08 0 1.33333
901 1 1e-08 1e-08 1e-08 0 1.16667
893 1 1e-08 1e-08 1e-08 0 1.33333
913 1 1e-08 1e-08 1e-08 0 1.14286
928 1 1e-08 1e-08 1e-08 0 1.16667
922 1 1e-08 1e-08 1e-08 0 1.16667
903 1 1e-08 1e-08 1e-08 0 1.5
896 1 1e-08 1e-08 1e-08 0 1.14286
897 1 1e-08 1e-08 1e-08 0 1.33333
934 1 1e-08 1e-08 1e-08 0 1.16667
936 1 1e-08 1e-08 1e-08 0 1.125
937 1 1e-08 1e-08 1e-08 0 1.16667

939 4 36.5015 36.0982 36.199 0.174617 1.14286
935 1 144.094 144.094 144.094 0 1.125
915 3 48.0312 48.0312 48.0312 0 1.14286
899 4 35.5272 35.5272 35.5272 0 1.14286
841 5 28.4852 28.3513 28.3781 0.0535652 1.2
908 3 47.1051 46.9111 47.0369 0.0890571 1.16667
900 4 35.2968 35.1961 35.2716 0.0436129 1.14286
894 5 28.3212 28.147 28.1818 0.0696938 1.14286
888 5 28.146 28.1 28.1126 0.0179305 1.16667
857 1 140.139 140.139 140.139 0 1.16667
872 4 34.9777 34.9777 34.9777 4.08298e-07 1.16667
835 5 27.9769 27.9769 27.9769 3.58556e-08 1.14286
911 1 139.841 139.841 139.841 0 1.16667
487 4 34.9602 34.9602 34.9602 0 1.5
849 4 2.77751 2.77751 31.0623 28.2848 1.2
912 4 28.4555 28.4552 28.4552 0.000133941 1.16667
785 3 35.1547 35.1547 35.1547 0 1.5
813 3 2.77772 2.76655 31.2377 28.4653 1.125
884 1 90.3343 90.3343 90.3343 0 1.16667
25 1 5.74716 5.74716 5.74716 0 1.5
909 1 0.627554 0.627554 0.627554 0 1.5
742 1 0.460556 0.460556 0.460556 0 1.5
119 1 0.340133 0.340133 0.340133 0 1.33333
664 1 0.329186 0.329186 0.329186 0 1.5
917 1 0.31273 0.31273 0.31273 0 1.25
719 1 0.312591 0.312591 0.312591 0 1.5
874 1 0.113369 0.113369 0.113369 0 1.33333
938 1 0.108245 0.108245 0.108245 0 1.16667
720 1 0.107619 0.107619 0.107619 0 2.75
933 1 0.0860502 0.0860502 0.0860502 0 1.16667
735 1 0.052299 0.052299 0.052299 0 2.75
943 1 0.050898 0.050898 0.050898 0 1.16667
932 1 0.0375537 0.0375537 0.0375537 0 1.16667
885 1 0.0309155 0.0309155 0.0309155 0 1.33333
927 1 0.00547582 0.00547582 0.00547582 0 1.16667
918 1 7.679e-06 7.679e-06 7.679e-06 0 1.16667
922 1 1e-08 1e-08 1e-08 0 1.16667
903 1 1e-08 1e-08 1e-08 0 1.5
896 1 1e-08 1e-08 1e-08 0 1.14286
897 1 1e-08 1e-08 1e-08 0 1.33333
934 1 1e-08 1e-08 1e-08 0 1.16667
937 1 1e-08 1e-08 1e-08 0 1.16667
942 1 1e-08 1e-08 1e-08 0 1.125
944 1 1e-08 1e-08 1e-08 0 1.16667
928 1 1e-08 1e-08 1e-08 0 1.16667
913 1 1e-08 1e-08 1e-08 0 1.14286
893 1 1e-08 1e-08 1e-08 0 1.33333
901 1 1e-08 1e-08 1e-08 0 1.16667
895 1 1e-08 1e-08 1e-08 0 1.33333
892 1 1e-08 1e-08 1e-08 0 1.14286
930 1 1e-08 1e-08 1e-08 0 1.125
926 1 1e-08 1e-08 1e-08 0 1.16667
906 1 1e-08 1e-08 1e-08 0 1.33333
940 1 1e-08 1e-08 1e-08 0 1.125

849 4 37.4964 37.4964 37.4964 0 1.2
813 3 49.9989 49.7979 49.9038 0.0824524 1.125
946 1 144.733 144.733 144.733 0 1.125
915 3 48.0312 48.0312 48.0312 0 1.14286
945 1 142.277 142.277 142.277 0 1.16667
912 3 47.4253 47.4253 47.4253 0 1.16667
899 4 35.5272 35.5272 35.5272 0 1.14286
841 5 28.4852 28.3513 28.3781 0.0535652 1.2
908 3 47.1051 46.9111 47.0369 0.0890571 1.16667
900 4 35.2968 35.1961 35.2716 0.0436129 1.14286
894 4 28.3212 28.147 35.2273 7.03715 1.14286
888 4 28.146 28.1 35.1408 7.02504 1.16667
857 1 140.139 140.139 140.139 0 1.16667
872 4 34.9777 34.9777 34.9777 4.08298e-07 1.16667
835 4 27.9769 27.9769 34.9712 6.99424 1.14286
911 1 139.841 139.841 139.841 0 1.16667
487 4 34.9602 34.9602 34.9602 0 1.5
785 3 35.1547 35.1547 35.1547 0 1.5
939 3 2.70381 2.70381 34.9013 32.1975 1.14286
935 3 2.84593 2.82537 33.0723 30.2401 1.125
884 1 90.3343 90.3343 90.3343 0 1.16667
25 1 5.74716 5.74716 5.74716 0 1.5
909 1 0.627554 0.627554 0.627554 0 1.5
742 1 0.460556 0.460556 0.460556 0 1.5
119 1 0.340133 0.340133 0.340133 0 1.33333
664 1 0.329186 0.329186 0.329186 0 1.5
917 1 0.31273 0.31273 0.31273 0 1.25
719 1 0.312591 0.312591 0.312591 0 1.5
874 1 0.113369 0.113369 0.113369 0 1.33333
938 1 0.108245 0.108245 0.108245 0 1.16667
720 1 0.107619 0.107619 0.107619 0 2.75
933 1 0.0860502 0.0860502 0.0860502 0 1.16667
735 1 0.052299 0.052299 0.052299 0 2.75
943 1 0.050898 0.050898 0.050898 0 1.16667
932 1 0.0375537 0.0375537 0.0375537 0 1.16667
885 1 0.0309155 0.0309155 0.0309155 0 1.33333
927 1 0.00547582 0.00547582 0.00547582 0 1.16667
918 1 7.679e-06 7.679e-06 7.679e-06 0 1.16667
913 1 1e-08 1e-08 1e-08 0 1.14286
934 1 1e-08 1e-08 1e-08 0 1.16667
901 1 1e-08 1e-08 1e-08 0 1.16667
940 1 1e-08 1e-08 1e-08 0 1.125
897 1 1e-08 1e-08 1e-08 0 1.33333
893 1 1e-08 1e-08 1e-08 0 1.33333
903 1 1e-08 1e-08 1e-08 0 1.5
895 1 1e-08 1e-08 1e-08 0 1.33333
937 1 1e-08 1e-08 1e-08 0 1.16667
892 1 1e-08 1e-08 1e-08 0 1.14286
906 1 1e-08 1e-08 1e-08 0 1.33333
928 1 1e-08 1e-08 1e-08 0 1.16667
930 1 1e-08 1e-08 1e-08 0 1.125
922 1 1e-08 1e-08 1e-08 0 1.16667
896 1 1e-08 1e-08 1e-08 0 1.14286
944 1 1e-08 1e-08 1e-08 0 1.16667
926 1 1e-08 1e-08 1e-08 0 1.16667

939 1 146.006 146.006 146.006 0 1.14286
946 4 36.5015 36.0234 36.3024 0.206925 1.14286
935 3 48.3807 48.0312 48.1477 0.164763 1.125
915 2 72.0468 72.0468 72.0468 0 1.14286
945 4 35.5693 35.5689 35.569 0.000167426 1.16667
899 4 35.5272 35.5272 35.5272 0 1.14286
841 5 28.4852 28.3513 28.3781 0.0535652 1.2
908 3 47.1051 46.9111 47.0369 0.0890571 1.16667
900 4 35.2968 35.1961 35.2716 0.0436129 1.14286
894 4 35.4015 35.1837 35.2382 0.0943072 1.14286
888 4 35.1825 35.1251 35.1447 0.0234722 1.16667
857 1 140.139 140.139 140.139 0 1.16667
872 4 34.9777 34.9777 34.9777 4.08298e-07 1.16667
835 4 34.9712 34.9712 34.9712 3.96151e-08 1.14286
487 4 34.9602 34.9602 34.9602 0 1.5
911 1 139.841 139.841 139.841 0 1.16667
849 4 2.99971 2.99971 28.0946 25.0949 1.2
912 1 105.464 105.464 105.464 0 1.5
785 2 52.732 52.732 52.732 0 1.5
813 3 2.72722 2.72722 30.8894 28.1622 1.11111
884 1 90.3343 90.3343 90.3343 0 1.16667
25 1 5.74716 5.74716 5.74716 0 1.5
909 1 0.627554 0.627554 0.627554 0 1.5
742 1 0.460556 0.460556 0.460556 0 1.5
119 1 0.340133 0.340133 0.340133 0 1.33333
664 1 0.329186 0.329186 0.329186 0 1.5
917 1 0.31273 0.31273 0.31273 0 1.25
719 1 0.312591 0.312591 0.312591 0 1.5
874 1 0.113369 0.113369 0.113369 0 1.33333
938 1 0.108245 0.108245 0.108245 0 1.16667
720 1 0.107619 0.107619 0.107619 0 2.75
933 1 0.0860502 0.0860502 0.0860502 0 1.16667
735 1 0.052299 0.052299 0.052299 0 2.75
943 1 0.050898 0.050898 0.050898 0 1.16667
932 1 0.0375537 0.0375537 0.0375537 0 1.16667
885 1 0.0309155 0.0309155 0.0309155 0 1.33333
927 1 0.00547582 0.00547582 0.00547582 0 1.16667
918 1 7.679e-06 7.679e-06 7.679e-06 0 1.16667
947 1 5e-09 5e-09 1e-08 5e-09 1.16667
926 1 1e-08 1e-08 1e-08 0 1.16667
944 1 1e-08 1e-08 1e-08 0 1.16667
896 1 1e-08 1e-08 1e-08 0 1.14286
922 1 1e-08 1e-08 1e-08 0 1.16667
930 1 1e-08 1e-08 1e-08 0 1.125
928 1 1e-08 1e-08 1e-08 0 1.16667
906 1 1e-08 1e-08 1e-08 0 1.33333
892 1 1e-08 1e-08 1e-08 0 1.14286
937 1 1e-08 1e-08 1e-08 0 1.16667
895 1 1e-08 1e-08 1e-08 0 1.33333
903 1 1e-08 1e-08 1e-08 0 1.5
893 1 1e-08 1e-08 1e-08 0 1.33333
897 1 1e-08 1e-08 1e-08 0 1.33333
940 1 1e-08 1e-08 1e-08 0 1.125
901 1 1e-08 1e-08 1e-08 0 1.16667
934 1 1e-08 1e-08 1e-08 0 1.16667
913 1 1e-08 1e-08 1e-08 0 1.14286

813 3 49.9989 49.9989 49.9989 0 1.125
849 4 37.4964 37.4964 37.4964 0 1.2
935 1 145.142 145.142 145.142 0 1.11111
951 1 144.094 144.094 144.094 0 1.11111
899 4 35.5272 35.5272 35.5272 0 1.14286
841 4 28.4852 28.3513 35.4726 7.08807 1.2
908 3 47.1051 46.9111 47.0369 0.0890571 1.16667
900 4 35.2968 35.1961 35.2716 0.0436129 1.14286
894 4 35.4015 35.1837 35.2382 0.0943072 1.14286
888 4 35.1825 35.1251 35.1447 0.0234722 1.16667
857 1 140.139 140.139 140.139 0 1.16667
948 1 140.014 140.014 140.014 0 1.11111
872 4 34.9777 34.9777 34.9777 4.08298e-07 1.125
835 4 34.9712 34.9712 34.9712 3.96151e-08 1.14286
487 4 34.9602 34.9602 34.9602 0 1.5
911 1 139.841 139.841 139.841 0 1.16667
945 4 28.4555 28.4552 33.7284 5.2732 1.16667
912 2 52.732 52.732 52.732 0 1.5
939 3 1.82511 1.82507 30.7996 28.9745 1.14286
884 1 90.3343 90.3343 90.3343 0 1.16667
946 3 10.3381 10.3381 28.9484 18.6103 1.125
915 2 14.4094 14.4094 37.7042 23.2948 1.14286
25 1 5.74716 5.74716 5.74716 0 1.5
909 1 0.627554 0.627554 0.627554 0 1.5
742 1 0.460556 0.460556 0.460556 0 1.5
119 1 0.340133 0.340133 0.340133 0 1.33333
664 1 0.329186 0.329186 0.329186 0 1.5
917 1 0.31273 0.31273 0.31273 0 1.25
719 1 0.312591 0.312591 0.312591 0 1.5
874 1 0.113369 0.113369 0.113369 0 1.33333
938 1 0.108245 0.108245 0.108245 0 1.16667
720 1 0.107619 0.107619 0.107619 0 2.75
933 1 0.0860502 0.0860502 0.0860502 0 1.16667
735 1 0.052299 0.052299 0.052299 0 2.75
943 1 0.050898 0.050898 0.050898 0 1.16667
932 1 0.0375537 0.0375537 0.0375537 0 1.16667
885 1 0.0309155 0.0309155 0.0309155 0 1.33333
927 1 0.00547582 0.00547582 0.00547582 0 1.16667
918 1 7.679e-06 7.679e-06 7.679e-06 0 1.16667
913 1 1e-08 1e-08 1e-08 0 1.14286
922 1 1e-08 1e-08 1e-08 0 1.16667
895 1 1e-08 1e-08 1e-08 0 1.33333
934 1 1e-08 1e-08 1e-08 0 1.16667
892 1 1e-08 1e-08 1e-08 0 1.14286
950 1 1e-08 1e-08 1e-08 0 1.14286
926 1 1e-08 1e-08 1e-08 0 1.16667
903 1 1e-08 1e-08 1e-08 0 1.5
930 1 1e-08 1e-08 1e-08 0 1.125
893 1 1e-08 1e-08 1e-08 0 1.33333
901 1 1e-08 1e-08 1e-08 0 1.16667
906 1 1e-08 1e-08 1e-08 0 1.33333
896 1 1e-08 1e-08 1e-08 0 1.14286
949 1 5e-09 5e-09 1e-08 5e-09 1.125
937 1 1e-08 1e-08 1e-08 0 1.16667
897 1 1e-08 1e-08 1e-08 0 1.33333
947 1 1e-08 1e-08 1e-08 0 1.16667
944 1 1e-08 1e-08 1e-08 0 1.16667
928 1 1e-08 1e-08 1e-08 0 1.16667
940 1 1e-08 1e-08 1e-08 0 1.125

939 3 48.6695 48.6686 48.6689 0.000424236 1.14286
935 1 145.142 145.142 145.142 0 1.11111
951 4 36.1833 36.0234 36.1434 0.0692541 1.11111
946 1 144.094 144.094 144.094 0 1.14286
915 1 144.094 144.094 144.094 0 1.14286
945 4 35.5693 35.5689 35.569 0.000167426 1.16667
899 4 35.5272 35.5272 35.5272 0 1.14286
841 4 35.6065 35.4392 35.481 0.0724826 1.2
908 3 47.1051 46.9111 47.0369 0.0890571 1.16667
900 4 35.2968 35.1961 35.2716 0.0436129 1.14286
894 4 35.4015 35.1837 35.2382 0.0943072 1.14286
888 4 35.1825 35.1251 35.1447 0.0234722 1.16667
857 1 140.139 140.139 140.139 0 1.16667
948 1 140.014 140.014 140.014 0 1.11111
872 4 34.9777 34.9777 34.9777 4.08298e-07 1.16667
835 4 34.9712 34.9712 34.9712 3.96151e-08 1.16667
487 4 34.9602 34.9602 34.9602 0 1.5
911 1 139.841 139.841 139.841 0 1.16667
813 3 2.3437 2.3437 37.5201 35.1764 1.125
912 2 52.732 52.732 52.732 0 1.5
849 3 3.57109 3.57109 31.9306 28.3595 1.2
884 1 90.3343 90.3343 90.3343 0 1.16667
25 1 5.74716 5.74716 5.74716 0 1.5
909 1 0.627554 0.627554 0.627554 0 1.5
742 1 0.460556 0.460556 0.460556 0 1.5
119 1 0.340133 0.340133 0.340133 0 1.33333
664 1 0.329186 0.329186 0.329186 0 1.5
917 1 0.31273 0.31273 0.31273 0 1.25
719 1 0.312591 0.312591 0.312591 0 1.5
874 1 0.113369 0.113369 0.113369 0 1.33333
938 1 0.108245 0.108245 0.108245 0 1.16667
720 1 0.107619 0.107619 0.107619 0 2.75
933 1 0.0860502 0.0860502 0.0860502 0 1.16667
735 1 0.052299 0.052299 0.052299 0 2.75
943 1 0.050898 0.050898 0.050898 0 1.16667
932 1 0.0375537 0.0375537 0.0375537 0 1.16667
885 1 0.0309155 0.0309155 0.0309155 0 1.33333
927 1 0.00547582 0.00547582 0.00547582 0 1.16667
918 1 7.679e-06 7.679e-06 7.679e-06 0 1.16667
906 1 1e-08 1e-08 1e-08 0 1.33333
896 1 1e-08 1e-08 1e-08 0 1.14286
949 1 1e-08 1e-08 1e-08 0 1.125
937 1 1e-08 1e-08 1e-08 0 1.16667
897 1 1e-08 1e-08 1e-08 0 1.33333
947 1 1e-08 1e-08 1e-08 0 1.16667
944 1 1e-08 1e-08 1e-08 0 1.16667
928 1 1e-08 1e-08 1e-08 0 1.16667
940 1 1e-08 1e-08 1e-08 0 1.125
952 1 1e-08 1e-08 1e-08 0 1.16667
901 1 1e-08 1e-08 1e-08 0 1.16667
893 1 1e-08 1e-08 1e-08 0 1.33333
930 1 1e-08 1e-08 1e-08 0 1.125
903 1 1e-08 1e-08 1e-08 0 1.5
926 1 1e-08 1e-08 1e-08 0 1.16667
950 1 1e-08 1e-08 1e-08 0 1.14286
892 1 1e-08 1e-08 1e-08 0 1.14286
934 1 1e-08 1e-08 1e-08 0 1.16667
895 1 1e-08 1e-08 1e-08 0 1.33333
922 1 1e-08 1e-08 1e-08 0 1.16667
913 1 1e-08 1e-08 1e-08 0 1.14286

813 3 49.9989 49.9989 49.9989 0 1.125
849 3 49.9952 49.9952 49.9952 0 1.2
951 4 36.1833 36.0234 36.1434 0.0692541 1.125
953 1 144.094 144.094 144.094 0 1.11111
946 2 72.0468 72.0468 72.0468 0 1.14286
945 4 35.5693 35.5689 35.569 0.000167426 1.16667
899 4 35.5272 35.5272 35.5272 0 1.14286
841 4 35.6065 35.4392 35.481 0.0724826 1.2
908 3 47.1051 46.9111 47.0369 0.0890571 1.16667
900 4 35.2968 35.1961 35.2716 0.0436129 1.14286
894 4 35.4015 35.1837 35.2382 0.0943072 1.14286
888 4 35.1825 35.1251 35.1447 0.0234722 1.16667
857 1 140.139 140.139 140.139 0 1.16667
948 1 140.014 140.014 140.014 0 1.11111
872 4 34.9777 34.9777 34.9777 4.08298e-07 1.125
835 4 34.9712 34.9712 34.9712 3.96151e-08 1.16667
911 1 139.841 139.841 139.841 0 1.16667
487 4 34.9602 34.9602 34.9602 0 1.5
912 2 52.732 52.732 52.732 0 1.5
935 3 3.15526 3.15526 34.1716 31.0163 1.11111
939 3 2.70668 2.70386 34.0401 31.3349 1.14286
884 1 90.3343 90.3343 90.3343 0 1.16667
25 1 5.74716 5.74716 5.74716 0 1.5
909 1 0.627554 0.627554 0.627554 0 1.5
119 1 0.340133 0.340133 0.340133 0 1.33333
664 1 0.329186 0.329186 0.329186 0 1.5
917 1 0.31273 0.31273 0.31273 0 1.25
719 1 0.312591 0.312591 0.312591 0 1.5
742 1 0.230278 0.230278 0.245811 0.0155327 1.1
874 1 0.113369 0.113369 0.113369 0 1.33333
938 1 0.108245 0.108245 0.108245 0 1.16667
720 1 0.107619 0.107619 0.107619 0 2.75
933 1 0.0860502 0.0860502 0.0860502 0 1.16667
735 1 0.052299 0.052299 0.052299 0 2.75
943 1 0.050898 0.050898 0.050898 0 1.16667
932 1 0.0375537 0.0375537 0.0375537 0 1.16667
885 1 0.0309155 0.0309155 0.0309155 0 1.33333
927 1 0.00547582 0.00547582 0.00547582 0 1.16667
918 1 7.679e-06 7.679e-06 7.679e-06 0 1.16667
930 1 1e-08 1e-08 1e-08 0 1.125
903 1 1e-08 1e-08 1e-08 0 1.5
926 1 1e-08 1e-08 1e-08 0 1.16667
950 1 1e-08 1e-08 1e-08 0 1.14286
892 1 1e-08 1e-08 1e-08 0 1.14286
934 1 1e-08 1e-08 1e-08 0 1.16667
895 1 1e-08 1e-08 1e-08 0 1.33333
922 1 1e-08 1e-08 1e-08 0 1.16667
913 1 1e-08 1e-08 1e-08 0 1.14286
954 1 1e-08 1e-08 1e-08 0 1.125
955 1 1e-08 1e-08 1e-08 0 1.125
893 1 1e-08 1e-08 1e-08 0 1.33333
901 1 1e-08 1e-08 1e-08 0 1.16667
952 1 1e-08 1e-08 1e-08 0 1.16667
940 1 1e-08 1e-08 1e-08 0 1.125
928 1 1e-08 1e-08 1e-08 0 1.16667
944 1 1e-08 1e-08 1e-08 0 1.16667
947 1 1e-08 1e-08 1e-08 0 1.16667
897 1 1e-08 1e-08 1e-08 0 1.33333
937 1 1e-08 1e-08 1e-08 0 1.16667

