5 1 0.0523023 0.0523023 0.0523023 0 2
1 1 1e-08 1e-08 1e-08 0 0
2 1 1e-08 1e-08 1e-08 0 2
3 1 1e-08 1e-08 1e-08 0 2
4 1 1e-08 1e-08 1e-08 0 2

5 88 0.0523023 1e-08 0.051708 0.0511204 2
1 1 1e-08 1e-08 1e-08 0 0
2 1 1e-08 1e-08 1e-08 0 2
3 1 2.5e-09 2.5e-09 1e-08 7.5e-09 2
4 1 5e-09 5e-09 1e-08 5e-09 2
6 1 1e-08 1e-08 1e-08 0 1.5
7 1 1e-08 1e-08 1e-08 0 1.5
8 1 1e-08 1e-08 1e-08 0 1.5
9 1 1e-08 1e-08 1e-08 0 1.5
10 1 1e-08 1e-08 1e-08 0 1.5
11 1 1e-08 1e-08 1e-08 0 1.5
12 1 1e-08 1e-08 1e-08 0 1.5
13 1 1e-08 1e-08 1e-08 0 1.5
14 1 1e-08 1e-08 1e-08 0 1.5

5 99 0.0398277 0.0310056 0.0520783 0.0517642 2
24 1 1e-08 1e-08 1e-08 0 1.5
23 1 1e-08 1e-08 1e-08 0 1.5

5 99 0.0355681 0.0276895 0.0525112 0.0522294 2
24 1 1e-08 1e-08 1e-08 0 1.5
23 1 1e-08 1e-08 1e-08 0 1.5

5 99 0.0357593 0.0278383 0.0521874 0.0519023 2
24 1 1e-08 1e-08 1e-08 0 1.5
23 1 1e-08 1e-08 1e-08 0 1.5

47 1 1.22039 1.22039 1.22039 0 1.5
51 1 0.339353 0.339353 0.339353 0 1.5
5 3 0.00109539 0.00107631 0.0531822 0.0528192 2
24 1 1e-08 1e-08 1e-08 0 1.5
23 1 1e-08 1e-08 1e-08 0 1.5
48 1 5e-09 5e-09 1e-08 5e-09 2
49 1 1e-08 1e-08 1e-08 0 1.5
50 1 1e-08 1e-08 1e-08 0 1.5
52 1 3.33333e-09 3.33333e-09 1e-08 6.66667e-09 2
53 1 1e-08 1e-08 1e-08 0 1.5
54 1 1e-08 1e-08 1e-08 0 1.5
55 1 1e-08 1e-08 1e-08 0 1.5
56 1 1e-08 1e-08 1e-08 0 0
57 1 1e-08 1e-08 1e-08 0 2
58 1 1e-08 1e-08 1e-08 0 1.5

47 64 1.93219 0.753416 1.23675 1.21743 1.5
51 15 0.340022 1e-08 0.316774 0.29571 1.5
68 1 0.10699 0.10699 0.10699 0 1.5
73 2 0.093569 0.093569 0.093569 0.0467845 1.5
5 3 0.0503881 0.0503881 0.0668915 0.0500955 2
63 1 1e-08 1e-08 1e-08 0 1.5
64 1 1e-08 1e-08 1e-08 0 1.5
65 1 1e-08 1e-08 1e-08 0 1.33333
66 1 1e-08 1e-08 1e-08 0 1.33333
67 1 1e-08 1e-08 1e-08 0 1.5
69 1 1e-08 1e-08 1e-08 0 1.5
70 1 1e-08 1e-08 1e-08 0 1.33333
71 1 5e-09 5e-09 1e-08 5e-09 1.33333
72 1 1e-08 1e-08 1e-08 0 1.33333
74 1 5e-09 5e-09 1e-08 5e-09 1.5
75 1 1e-08 1e-08 1e-08 0 1.33333
76 1 1e-08 1e-08 1e-08 0 1.5
77 1 1e-08 1e-08 1e-08 0 1.5
62 1 1e-08 1e-08 1e-08 0 1.33333
61 1 1e-08 1e-08 1e-08 0 1.33333
60 1 1e-08 1e-08 1e-08 0 1.33333

47 68 1.07696 0.680218 1.23351 1.22306 1.5
51 16 0.209244 0.208832 0.300222 0.287169 1.5
68 5 0.0953162 0.0891582 0.107599 0.0895222 1.5
73 5 0.093569 0.093569 0.093569 0.0748552 1.5
5 3 0.0335921 0.0335921 0.0671841 0.0559868 2
61 1 1e-08 1e-08 1e-08 0 1.33333
60 1 1e-08 1e-08 1e-08 0 1.33333
78 1 1e-08 1e-08 1e-08 0 1.33333
79 1 1e-08 1e-08 1e-08 0 1.5

47 65 0.91673 0.579018 1.2896 1.27949 1.5
51 16 0.340022 0.339353 0.339395 0.318182 1.5
68 5 0.114379 0.10699 0.108468 0.0867762 1.5
73 4 0.0748552 0.0748552 0.093569 0.0748552 1.5
5 3 0.0671841 0.0671841 0.0671841 0.0447894 2
99 1 0.0437656 0.0437656 0.0437656 0 1.33333
98 1 0.0261608 0.0261608 0.0261608 5e-09 1.33333
107 1 1e-08 1e-08 1e-08 0 1.33333
106 1 5e-09 5e-09 1e-08 5e-09 1.5
105 1 1e-08 1e-08 1e-08 0 1.33333
104 1 1e-08 1e-08 1e-08 0 1.5
103 1 1e-08 1e-08 1e-08 0 1.5
102 1 1e-08 1e-08 1e-08 0 1.33333

47 64 2.10716 0.538655 1.39483 1.38353 1.5
51 15 0.283352 0.282794 0.33939 0.320535 1.5
68 5 0.114379 0.10699 0.108468 0.0867762 1.5
73 4 0.093569 0.093569 0.093569 0.0701767 1.5
5 3 0.0671841 0.0671841 0.0671841 0.0447894 2
98 1 0.0523215 0.0523215 0.0523215 0 1.33333
121 1 0.05232 0.05232 0.05232 0 1.33333
99 1 0.0437656 0.0437656 0.0437656 0 1.33333
122 1 1e-08 1e-08 1e-08 0 1.33333
120 1 1e-08 1e-08 1e-08 0 1.33333
119 1 1e-08 1e-08 1e-08 0 1.33333
118 1 5e-09 5e-09 1e-08 5e-09 1.5
117 1 1e-08 1e-08 1e-08 0 1.5
116 1 1e-08 1e-08 1e-08 0 1.33333
115 1 1e-08 1e-08 1e-08 0 1.33333

47 66 2.15813 0.821958 1.61221 1.59799 1.5
51 14 0.297519 0.296934 0.339395 0.318182 1.5
68 4 0.0915035 0.0855919 0.108468 0.0867027 1.5
73 3 0.0701767 0.0701767 0.093569 0.0701767 1.5
5 2 0.0447894 0.0447894 0.0671841 0.0447894 2
98 1 0.0523215 0.0523215 0.0523215 0 1.33333
121 1 0.05232 0.05232 0.05232 0 1.33333
135 1 0.0454017 0.0454017 0.0454017 0 1.33333
99 1 0.0437656 0.0437656 0.0437656 0 1.33333
136 1 1e-08 1e-08 1e-08 0 1.33333
134 1 1e-08 1e-08 1e-08 0 1.5
133 1 1e-08 1e-08 1e-08 0 1.33333
132 1 1e-08 1e-08 1e-08 0 1.33333
131 1 1e-08 1e-08 1e-08 0 1.5
130 1 1e-08 1e-08 1e-08 0 1.33333
129 1 1e-08 1e-08 1e-08 0 1.33333
128 1 1e-08 1e-08 1e-08 0 1.33333

47 46 3.48373 0.658374 2.13734 2.11639 1.5
137 10 1.81827 1.22039 1.63891 1.47527 1.5
51 7 0.170011 0.169676 0.339401 0.315154 1.5
68 2 0.0571897 0.0534949 0.108837 0.0811714 1.5
73 2 0.0623793 0.0623793 0.093569 0.0623793 1.5
5 1 0.0335921 0.0335921 0.0671841 0.0335921 2
98 1 0.0523215 0.0523215 0.0523215 0 1.33333
121 1 0.05232 0.05232 0.05232 0 1.33333
152 1 0.0454023 0.0454023 0.0454023 0 1.33333
135 1 0.0454017 0.0454017 0.0454017 0 1.33333
99 1 0.0437656 0.0437656 0.0437656 0 1.33333
143 1 1e-08 1e-08 1e-08 0 1.33333
144 1 1e-08 1e-08 1e-08 0 1.5
145 1 1e-08 1e-08 1e-08 0 1.5
146 1 5e-09 5e-09 1e-08 5e-09 1.5
147 1 1e-08 1e-08 1e-08 0 1.5
148 1 1e-08 1e-08 1e-08 0 1.5
149 1 1e-08 1e-08 1e-08 0 1.5
150 1 1e-08 1e-08 1e-08 0 1.33333
151 1 1e-08 1e-08 1e-08 0 1.33333
153 1 1e-08 1e-08 1e-08 0 1.5
154 1 1e-08 1e-08 1e-08 0 1.33333
142 1 1e-08 1e-08 1e-08 0 1.33333
141 1 5e-09 5e-09 1e-08 5e-09 1.5
140 1 1e-08 1e-08 1e-08 0 1.33333
139 1 3.33333e-09 3.33333e-09 1e-08 6.66667e-09 1.5
138 1 1e-08 1e-08 1e-08 0 1.33333
128 1 1e-08 1e-08 1e-08 0 1.33333
129 1 1e-08 1e-08 1e-08 0 1.33333
130 1 1e-08 1e-08 1e-08 0 1.33333
131 1 1e-08 1e-08 1e-08 0 1.5
132 1 1e-08 1e-08 1e-08 0 1.33333
133 1 1e-08 1e-08 1e-08 0 1.33333
134 1 1e-08 1e-08 1e-08 0 1.5
136 1 1e-08 1e-08 1e-08 0 1.33333

47 74 5.40411 1.0213 2.54494 2.52074 1.5
51 7 0.340022 0.339353 0.339448 0.290956 1.5
68 2 0.114379 0.10699 0.110685 0.0553731 1.5
73 2 0.093569 0.093569 0.093569 0.0467845 1.5
5 1 0.0671841 0.0671841 0.0671841 0 2
98 1 0.0523215 0.0523215 0.0523215 0 1.33333
121 1 0.05232 0.05232 0.05232 0 1.33333
152 1 0.0454023 0.0454023 0.0454023 0 1.33333
135 1 0.0454017 0.0454017 0.0454017 0 1.33333
99 1 0.0437656 0.0437656 0.0437656 0 1.33333
128 1 1e-08 1e-08 1e-08 0 1.33333
129 1 1e-08 1e-08 1e-08 0 1.33333
130 1 1e-08 1e-08 1e-08 0 1.33333
131 1 1e-08 1e-08 1e-08 0 1.5
132 1 1e-08 1e-08 1e-08 0 1.33333
133 1 1e-08 1e-08 1e-08 0 1.33333
134 1 1e-08 1e-08 1e-08 0 1.5
136 1 1e-08 1e-08 1e-08 0 1.33333
155 1 1e-08 1e-08 1e-08 0 1.5
156 1 1e-08 1e-08 1e-08 0 1.33333

47 77 8.55554 1.84971 3.32666 3.29643 1.5
51 7 0.216378 0.215952 0.339414 0.308555 1.5
68 2 0.114379 0.10699 0.110685 0.0553731 1.5
73 2 0.093569 0.093569 0.093569 0.0467845 1.5
169 1 0.0880069 0.0880069 0.0880069 0 1.5
5 1 0.0671841 0.0671841 0.0671841 0 2
98 1 0.0523215 0.0523215 0.0523215 0 1.33333
121 1 0.05232 0.05232 0.05232 0 1.33333
152 1 0.0454023 0.0454023 0.0454023 0 1.33333
135 1 0.0454017 0.0454017 0.0454017 0 1.33333
99 1 0.0437656 0.0437656 0.0437656 0 1.33333
162 1 0.00507922 0.00507922 0.00507922 0 1.5
170 1 1e-08 1e-08 1e-08 0 1.33333
171 1 1e-08 1e-08 1e-08 0 1.5
168 1 1e-08 1e-08 1e-08 0 1.33333
167 1 1e-08 1e-08 1e-08 0 1.5
166 1 1e-08 1e-08 1e-08 0 1.5

47 81 9.05843 1.95843 4.30221 4.26877 1.5
51 6 0.291447 0.290874 0.339448 0.290954 1.5
68 2 0.114379 0.10699 0.110685 0.0553731 1.5
73 1 0.0467845 0.0467845 0.093569 0.0467845 1.5
169 1 0.0880069 0.0880069 0.0880069 0 1.5
5 1 0.0671841 0.0671841 0.0671841 0 2
98 1 0.0523215 0.0523215 0.0523215 0 1.33333
121 1 0.05232 0.05232 0.05232 0 1.33333
152 1 0.0454023 0.0454023 0.0454023 0 1.33333
135 1 0.0454017 0.0454017 0.0454017 0 1.33333
99 1 0.0437656 0.0437656 0.0437656 0 1.33333
185 1 0.0303354 0.0303354 0.0303354 0 1.33333
162 1 0.00507922 0.00507922 0.00507922 0 1.5
184 1 1e-08 1e-08 1e-08 0 1.33333
183 1 1e-08 1e-08 1e-08 0 1.33333

47 83 8.76958 2.34938 4.80177 4.76158 1.5
51 5 0.283352 0.282794 0.339464 0.282883 1.5
68 1 0.0571897 0.0571897 0.110685 0.0534949 1.5
73 1 0.093569 0.093569 0.093569 0 1.5
169 1 0.0880069 0.0880069 0.0880069 0 1.5
5 1 0.0671841 0.0671841 0.0671841 0 2
98 1 0.0523215 0.0523215 0.0523215 0 1.33333
121 1 0.05232 0.05232 0.05232 0 1.33333
152 1 0.0454023 0.0454023 0.0454023 0 1.33333
135 1 0.0454017 0.0454017 0.0454017 0 1.33333
99 1 0.0437656 0.0437656 0.0437656 0 1.33333
185 1 0.0303354 0.0303354 0.0303354 0 1.33333
162 1 0.00507922 0.00507922 0.00507922 0 1.5
184 1 1e-08 1e-08 1e-08 0 1.33333
183 1 1e-08 1e-08 1e-08 0 1.33333

47 86 10.3575 2.4733 6.04469 5.99658 1.5
51 4 0.272018 0.271482 0.339487 0.271583 1.5
68 1 0.114379 0.114379 0.114379 0 1.5
73 1 0.093569 0.093569 0.093569 0 1.5
169 1 0.0880069 0.0880069 0.0880069 0 1.5
5 1 0.0671841 0.0671841 0.0671841 0 2
98 1 0.0523215 0.0523215 0.0523215 0 1.33333
121 1 0.05232 0.05232 0.05232 0 1.33333
152 1 0.0454023 0.0454023 0.0454023 0 1.33333
135 1 0.0454017 0.0454017 0.0454017 0 1.33333
99 1 0.0437656 0.0437656 0.0437656 0 1.33333
185 1 0.0303354 0.0303354 0.0303354 0 1.33333
162 1 0.00499981 0.00499981 0.00753942 0.00253961 1.5

47 88 27.019 2.56168 7.45567 7.39132 1.5
51 4 0.340022 0.339353 0.33952 0.25464 1.5
68 1 0.114379 0.114379 0.114379 0 1.5
73 1 0.093569 0.093569 0.093569 0 1.5
169 1 0.0880069 0.0880069 0.0880069 0 1.5
5 1 0.0671841 0.0671841 0.0671841 0 2
121 1 0.05232 0.05232 0.05232 0 1.33333
152 1 0.0454023 0.0454023 0.0454023 0 1.33333
135 1 0.0454017 0.0454017 0.0454017 0 1.33333
99 1 0.0437656 0.0437656 0.0437656 0 1.33333
185 1 0.0303354 0.0303354 0.0303354 0 1.33333

47 90 26.8155 5.44473 9.08594 9.01385 1.5
51 3 0.255017 0.254515 0.33952 0.254626 1.5
68 1 0.114379 0.114379 0.114379 0 1.5
73 1 0.093569 0.093569 0.093569 0 1.5
169 1 0.0880069 0.0880069 0.0880069 0 1.5
5 1 0.0671841 0.0671841 0.0671841 0 2
121 1 0.05232 0.05232 0.05232 0 1.33333
152 1 0.0454023 0.0454023 0.0454023 0 1.33333
135 1 0.0454017 0.0454017 0.0454017 0 1.33333
99 1 0.0437656 0.0437656 0.0437656 0 1.33333

47 50 15.1667 3.07952 11.3177 11.2221 1.5
248 1 10.224 10.224 10.224 0 1.5
51 1 0.113341 0.113341 0.339576 0.226235 1.5
245 1 0.151207 0.151207 0.151207 0 1.33333
68 1 0.114379 0.114379 0.114379 0 1.5
73 1 0.093569 0.093569 0.093569 0 1.5
169 1 0.0880069 0.0880069 0.0880069 0 1.5
5 1 0.0671841 0.0671841 0.0671841 0 2
121 1 0.05232 0.05232 0.05232 0 1.33333
152 1 0.0454023 0.0454023 0.0454023 0 1.33333
135 1 0.0454017 0.0454017 0.0454017 0 1.33333
99 1 0.0437656 0.0437656 0.0437656 0 1.33333
250 1 0.042292 0.042292 0.042292 0 1.33333
253 1 1e-08 1e-08 1e-08 0 1.5
254 1 1e-08 1e-08 1e-08 0 1.5
255 1 1e-08 1e-08 1e-08 0 1.33333
256 1 1e-08 1e-08 1e-08 0 1.33333
257 1 1e-08 1e-08 1e-08 0 1.33333
258 1 1e-08 1e-08 1e-08 0 1.33333
259 1 1e-08 1e-08 1e-08 0 1.33333
260 1 1e-08 1e-08 1e-08 0 1.5
252 1 1e-08 1e-08 1e-08 0 1.5
251 1 5e-09 5e-09 1e-08 5e-09 1.5
249 1 1e-08 1e-08 1e-08 0 1.33333
247 1 1e-08 1e-08 1e-08 0 1.33333
246 1 5e-09 5e-09 1e-08 5e-09 1.5
244 1 2.5e-09 2.5e-09 1e-08 7.5e-09 1.5
243 1 1e-08 1e-08 1e-08 0 1.33333
242 1 1e-08 1e-08 1e-08 0 1.33333

47 54 21.7528 4.45142 14.0273 13.8625 1.5
248 3 10.224 1.08021 7.17607 4.99515 1.5
254 3 10.0592 1e-08 3.35307 2.73777 1.5
51 1 0.340022 0.340022 0.340022 0 1.5
245 1 0.151207 0.151207 0.151207 0 1.33333
68 1 0.114379 0.114379 0.114379 0 1.5
73 1 0.093569 0.093569 0.093569 0 1.5
169 1 0.0880069 0.0880069 0.0880069 0 1.5
5 1 0.0671841 0.0671841 0.0671841 0 2
152 1 0.0227012 0.0227012 0.0454023 0.0227012 1.33333
135 1 0.0454017 0.0454017 0.0454017 0 1.33333
250 1 0.042292 0.042292 0.042292 0 1.33333
121 1 0.02616 0.02616 0.02616 5e-09 1.33333
99 1 0.0218828 0.0218828 0.0218828 5e-09 1.33333
243 1 1e-08 1e-08 1e-08 0 1.33333
242 1 1e-08 1e-08 1e-08 0 1.33333
261 1 5e-09 5e-09 1e-08 5e-09 1.5
262 1 1e-08 1e-08 1e-08 0 1.33333
263 1 1e-08 1e-08 1e-08 0 1.33333
264 1 1e-08 1e-08 1e-08 0 1.33333
265 1 1e-08 1e-08 1e-08 0 1.33333
266 1 1e-08 1e-08 1e-08 0 1.33333
267 1 1e-08 1e-08 1e-08 0 1.33333
268 1 1e-08 1e-08 1e-08 0 1.5
269 1 1e-08 1e-08 1e-08 0 1.33333
270 1 1e-08 1e-08 1e-08 0 1.33333
244 1 1e-08 1e-08 1e-08 0 1.5
246 1 5e-09 5e-09 1e-08 5e-09 1.5
247 1 1e-08 1e-08 1e-08 0 1.33333
249 1 1e-08 1e-08 1e-08 0 1.33333
252 1 5e-09 5e-09 1e-08 5e-09 1.5
260 1 5e-09 5e-09 1e-08 5e-09 1.5
259 1 1e-08 1e-08 1e-08 0 1.33333
258 1 5e-09 5e-09 1e-08 5e-09 1.33333
257 1 1e-08 1e-08 1e-08 0 1.33333
256 1 1e-08 1e-08 1e-08 0 1.33333
255 1 1e-08 1e-08 1e-08 0 1.33333
253 1 2e-09 2e-09 1e-08 8e-09 1.5

47 63 29.3729 10.0463 19.5934 19.3818 1.5
248 22 10.224 1.08021 7.73023 7.38118 1.5
254 4 10.0592 1e-08 2.5148 2.17788 1.5
277 1 0.340053 0.340053 0.340053 0 1.33333
51 1 0.0850055 0.0850055 0.158994 0.0739888 1.5
245 1 0.151207 0.151207 0.151207 0 1.33333
5 1 0.0671841 0.0671841 0.0671841 0 2
121 1 0.05232 0.05232 0.05232 0 1.33333
284 1 0.0461559 0.0461559 0.0461559 0 1.33333
152 1 0.0454023 0.0454023 0.0454023 0 1.33333
135 1 0.0454017 0.0454017 0.0454017 0 1.33333
99 1 0.0437656 0.0437656 0.0437656 0 1.33333
250 1 0.042292 0.042292 0.042292 0 1.33333
261 1 0.00916645 0.00916645 0.00916646 8e-09 1.5
278 1 1e-08 1e-08 1e-08 0 1.33333

47 64 26.2002 8.96114 21.3659 21.1456 1.5
248 24 6.45726 6.45726 8.29899 8.02993 1.5
254 4 10.0592 1e-08 2.5148 2.17788 1.5
277 1 0.340053 0.340053 0.340053 0 1.33333
291 1 0.340022 0.340022 0.340022 0 1.5
245 1 0.151207 0.151207 0.151207 0 1.33333
5 1 0.0671841 0.0671841 0.0671841 0 2
121 1 0.05232 0.05232 0.05232 0 1.33333
284 1 0.0461559 0.0461559 0.0461559 0 1.33333
152 1 0.0454023 0.0454023 0.0454023 0 1.33333
135 1 0.0454017 0.0454017 0.0454017 0 1.33333
99 1 0.0437656 0.0437656 0.0437656 0 1.33333

47 64 23.5229 9.33951 23.9931 23.7472 1.5
248 27 8.36509 8.36509 10.224 9.91418 1.5
254 5 10.0592 1e-08 2.01184 1.79945 1.5
277 1 0.340053 0.340053 0.340053 0 1.33333
291 1 0.340022 0.340022 0.340022 0 1.5
245 1 0.151207 0.151207 0.151207 0 1.33333
5 1 0.0671841 0.0671841 0.0671841 0 2
121 1 0.05232 0.05232 0.05232 0 1.33333

47 69 21.057 8.36046 24.8467 24.5952 1.5
248 5 10.224 0.0279644 8.18479 6.59844 1.5
254 4 6.70614 6.66667e-09 1.67654 1.45192 1.5
277 1 0.340053 0.340053 0.340053 0 1.33333
291 1 0.340022 0.340022 0.340022 0 1.5
245 1 0.151207 0.151207 0.151207 0 1.33333
5 1 0.0671841 0.0671841 0.0671841 0 2
121 1 0.05232 0.05232 0.05232 0 1.33333
336 1 1e-08 1e-08 1e-08 0 1.5
335 1 1e-08 1e-08 1e-08 0 1.33333
334 1 1e-08 1e-08 1e-08 0 1.33333
333 1 1e-08 1e-08 1e-08 0 1.33333
332 1 1e-08 1e-08 1e-08 0 1.5
331 1 1e-08 1e-08 1e-08 0 1.5
330 1 5e-09 5e-09 1e-08 5e-09 1.5
329 1 5e-09 5e-09 1e-08 5e-09 1.33333
328 1 1e-08 1e-08 1e-08 0 1.33333
327 1 1e-08 1e-08 1e-08 0 1.33333
326 1 1e-08 1e-08 1e-08 0 1.5
325 1 5e-09 5e-09 1e-08 5e-09 1.5
324 1 5e-09 5e-09 1e-08 5e-09 1.5
323 1 3.33333e-09 3.33333e-09 1e-08 6.66667e-09 1.5

47 91 30.1459 30.1459 37.0779 36.7466 1.5
254 4 10.0592 1e-08 2.5148 2.17788 1.5
277 1 0.340053 0.340053 0.340053 0 1.33333
291 1 0.340022 0.340022 0.340022 0 1.5
245 1 0.151207 0.151207 0.151207 0 1.33333
5 1 0.0671841 0.0671841 0.0671841 0 2
121 1 0.05232 0.05232 0.05232 0 1.33333
342 1 0.0520266 0.0520266 0.0520266 0 1.33333

47 94 43.6168 28.6863 49.6336 49.3268 1.5
254 3 6.03553 6e-09 2.01184 1.64266 1.5
277 1 0.340053 0.340053 0.340053 0 1.33333
291 1 0.340022 0.340022 0.340022 0 1.5
5 1 0.0671841 0.0671841 0.0671841 0 2
360 1 0.0670406 0.0670406 0.0670406 0 1.33333

47 91 41.2254 27.1135 48.9309 48.6313 1.5
254 3 10.0592 1e-08 3.35307 2.73777 1.5
277 1 0.340053 0.340053 0.340053 0 1.33333
291 1 0.340022 0.340022 0.340022 0 1.5
375 1 0.257001 0.257001 0.257001 0 1.33333
5 1 0.0671841 0.0671841 0.0671841 0 2
360 1 0.0670406 0.0670406 0.0670406 0 1.33333
381 1 1e-08 1e-08 1e-08 0 1.33333
380 1 1e-08 1e-08 1e-08 0 1.33333

47 94 43.6168 28.6863 49.008 48.7012 1.5
254 3 6.03553 6e-09 2.01184 1.64266 1.5
277 1 0.340053 0.340053 0.340053 0 1.33333
291 1 0.340022 0.340022 0.340022 0 1.5
375 1 0.257001 0.257001 0.257001 0 1.33333
5 1 0.0671841 0.0671841 0.0671841 0 2

47 94 42.3339 27.8426 49.9415 49.6437 1.5
254 3 6.03553 6e-09 2.01184 1.64266 1.5
277 1 0.340053 0.340053 0.340053 0 1.33333
291 1 0.340022 0.340022 0.340022 0 1.5
375 1 0.257001 0.257001 0.257001 0 1.33333
5 1 0.0671841 0.0671841 0.0671841 0 2

418 1 50.3536 50.3536 50.3536 0 1.5
47 48 20.9997 13.8113 49.79 49.496 1.5
254 1 1.67654 1.67654 1.67654 8.33333e-09 1.5
277 1 0.340053 0.340053 0.340053 0 1.33333
291 1 0.340022 0.340022 0.340022 0 1.5
375 1 0.257001 0.257001 0.257001 0 1.33333
5 1 0.0671841 0.0671841 0.0671841 0 2
428 1 1e-08 1e-08 1e-08 0 1.33333
427 1 1e-08 1e-08 1e-08 0 1.33333
426 1 1e-08 1e-08 1e-08 0 1.33333
425 1 1e-08 1e-08 1e-08 0 1.5
424 1 1e-08 1e-08 1e-08 0 1.5
423 1 1e-08 1e-08 1e-08 0 1.5
422 1 1e-08 1e-08 1e-08 0 1.33333
421 1 1e-08 1e-08 1e-08 0 1.33333
420 1 5e-09 5e-09 1e-08 5e-09 1.5
419 1 2e-09 2e-09 1e-08 8e-09 1.5

47 5 50.3536 50.3536 50.3536 40.2829 1.5
418 47 29.9865 19.7218 49.5923 49.1634 1.5
254 2 5.02961 5e-09 2.5148 1.77823 1.5
277 1 0.340053 0.340053 0.340053 0 1.33333
291 1 0.340022 0.340022 0.340022 0 1.5
375 1 0.257001 0.257001 0.257001 0 1.33333
5 1 0.0671841 0.0671841 0.0671841 0 2
438 1 0.0135653 0.0135653 0.0135653 0 1.33333
419 1 3.1323e-05 3.1323e-05 9.39716e-05 6.26486e-05 1.5
439 1 1e-08 1e-08 1e-08 0 1.33333
440 1 1e-08 1e-08 1e-08 0 1.33333
437 1 1e-08 1e-08 1e-08 0 1.33333
436 1 1e-08 1e-08 1e-08 0 1.33333
435 1 1e-08 1e-08 1e-08 0 1.33333
434 1 1e-08 1e-08 1e-08 0 1.33333
433 1 1e-08 1e-08 1e-08 0 1.5
432 1 1e-08 1e-08 1e-08 0 1.33333
431 1 1e-08 1e-08 1e-08 0 1.33333
430 1 1e-08 1e-08 1e-08 0 1.33333
429 1 1e-08 1e-08 1e-08 0 1.33333
420 1 3.33333e-09 3.33333e-09 1e-08 6.66667e-09 1.5
421 1 1e-08 1e-08 1e-08 0 1.33333
422 1 1e-08 1e-08 1e-08 0 1.33333
423 1 2.5e-09 2.5e-09 1e-08 7.5e-09 1.5
424 1 5e-09 5e-09 1e-08 5e-09 1.5
425 1 1e-08 1e-08 1e-08 0 1.5
426 1 1e-08 1e-08 1e-08 0 1.33333
427 1 1e-08 1e-08 1e-08 0 1.33333
428 1 1e-08 1e-08 1e-08 0 1.33333

418 41 50.3536 50.3536 50.3536 49.1255 1.5
47 46 44.0228 28.9533 48.5024 47.8517 1.5
254 3 10.0592 1e-08 3.35307 2.73777 1.5
277 1 0.340053 0.340053 0.340053 0 1.33333
291 1 0.340022 0.340022 0.340022 0 1.5
375 1 0.257001 0.257001 0.257001 0 1.33333
5 1 0.0671841 0.0671841 0.0671841 0 2
442 1 0.0452087 0.0452087 0.0452087 0 1.33333
453 1 0.0227799 0.0227799 0.0227799 0 1.5
438 1 0.0135653 0.0135653 0.0135653 0 1.33333
419 1 0.00569497 0.00569497 0.00575762 6.26486e-05 1.5
446 1 1e-08 1e-08 1e-08 0 1.33333
445 1 1e-08 1e-08 1e-08 0 1.33333
444 1 5e-09 5e-09 1e-08 5e-09 1.5

47 37 50.3536 50.3536 50.3536 48.9927 1.5
418 47 29.2552 19.2408 49.6399 49.2124 1.5
254 2 4.02368 0.184398 2.10404 1.42408 1.5
473 1 1.27553 1.27553 1.27553 0 1.5
277 1 0.340053 0.340053 0.340053 0 1.33333
291 1 0.340022 0.340022 0.340022 0 1.5
375 1 0.257001 0.257001 0.257001 0 1.33333
5 1 0.0671841 0.0671841 0.0671841 0 2
442 1 0.0452087 0.0452087 0.0452087 0 1.33333
453 1 0.0113899 0.0113899 0.0227799 0.0113899 1.5
438 1 0.0135653 0.0135653 0.0135653 0 1.33333
465 1 1e-08 1e-08 1e-08 0 1.33333
466 1 3.33333e-09 3.33333e-09 1e-08 6.66667e-09 1.5
467 1 1e-08 1e-08 1e-08 0 1.5
468 1 5e-09 5e-09 1e-08 5e-09 1.33333
469 1 1e-08 1e-08 1e-08 0 1.5
470 1 1e-08 1e-08 1e-08 0 1.33333
471 1 1e-08 1e-08 1e-08 0 1.33333

47 47 33.0127 21.7121 49.5873 49.0947 1.5
418 47 48.2984 48.2984 49.3533 48.3256 1.5
254 2 5.02961 0.230497 2.63005 1.7801 1.5
473 1 1.27553 1.27553 1.27553 0 1.5
277 1 0.340053 0.340053 0.340053 0 1.33333
291 1 0.340022 0.340022 0.340022 0 1.5
375 1 0.257001 0.257001 0.257001 0 1.33333
5 1 0.0671841 0.0671841 0.0671841 0 2

47 47 49.5443 21.7121 51.8228 51.2819 1.5
418 45 32.3702 32.3702 50.3536 49.6343 1.5
254 2 10.0592 0.460995 5.2601 3.5602 1.5
473 1 1.27553 1.27553 1.27553 0 1.5
277 1 0.340053 0.340053 0.340053 0 1.33333
291 1 0.340022 0.340022 0.340022 0 1.5
375 1 0.257001 0.257001 0.257001 0 1.33333
496 1 0.0793474 0.0793474 0.0793474 0 1.33333
5 1 0.0671841 0.0671841 0.0671841 0 2
504 1 5e-09 5e-09 1e-08 5e-09 1.5

47 58 39.9056 17.4881 54.7144 54.3131 1.5
418 3 50.3536 1e-08 33.5691 23.7369 1.5
254 3 10.0592 1e-08 3.50674 2.80261 1.5
277 1 0.340053 0.340053 0.340053 0 1.33333
291 1 0.340022 0.340022 0.340022 0 1.5
375 1 0.257001 0.257001 0.257001 0 1.33333
496 1 0.0793474 0.0793474 0.0793474 0 1.33333
5 1 0.0671841 0.0671841 0.0671841 0 2
514 1 1e-08 1e-08 1e-08 0 1.33333
515 1 1e-08 1e-08 1e-08 0 1.33333
516 1 1e-08 1e-08 1e-08 0 1.33333
517 1 1e-08 1e-08 1e-08 0 1.5
518 1 1e-08 1e-08 1e-08 0 1.33333
519 1 1e-08 1e-08 1e-08 0 1.5
520 1 1e-08 1e-08 1e-08 0 1.33333
521 1 1e-08 1e-08 1e-08 0 1.33333
522 1 1e-08 1e-08 1e-08 0 1.33333
523 1 1e-08 1e-08 1e-08 0 1.33333
513 1 1e-08 1e-08 1e-08 0 1.33333
512 1 5e-09 5e-09 1e-08 5e-09 1.5
511 1 1e-08 1e-08 1e-08 0 1.33333
510 1 1e-08 1e-08 1e-08 0 1.33333
509 1 5e-09 5e-09 1e-08 5e-09 1.5
508 1 1e-08 1e-08 1e-08 0 1.33333
507 1 1e-08 1e-08 1e-08 0 1.33333
506 1 1e-08 1e-08 1e-08 0 1.5
505 1 5e-09 5e-09 1e-08 5e-09 1.5
504 1 1e-08 1e-08 1e-08 0 1.5

524 6 76.5614 50.3536 67.8255 56.5587 1.5
47 45 38.586 25.7109 63.0683 62.4726 1.5
254 2 10.0592 0.460995 5.2601 3.5602 1.5
277 1 0.340053 0.340053 0.340053 0 1.33333
291 1 0.340022 0.340022 0.340022 0 1.5
375 1 0.257001 0.257001 0.257001 0 1.33333
496 1 0.0793474 0.0793474 0.0793474 0 1.33333
5 1 0.0671841 0.0671841 0.0671841 0 2
530 1 0.0485252 0.0485252 0.0485252 0 1.33333
517 1 6.26461e-05 6.26461e-05 6.26511e-05 5e-09 1.5
505 1 5e-09 5e-09 1e-08 5e-09 1.5
504 1 3.33333e-09 3.33333e-09 1e-08 6.66667e-09 1.5
525 1 1e-08 1e-08 1e-08 0 1.5
526 1 1e-08 1e-08 1e-08 0 1.5
527 1 1e-08 1e-08 1e-08 0 1.33333
528 1 1e-08 1e-08 1e-08 0 1.33333
529 1 5e-09 5e-09 1e-08 5e-09 1.33333
531 1 1e-08 1e-08 1e-08 0 1.33333
532 1 1e-08 1e-08 1e-08 0 1.33333
533 1 1e-08 1e-08 1e-08 0 1.33333
534 1 1e-08 1e-08 1e-08 0 1.33333
535 1 1e-08 1e-08 1e-08 0 1.33333
536 1 1e-08 1e-08 1e-08 0 1.33333
537 1 1e-08 1e-08 1e-08 0 1.5
514 1 1e-08 1e-08 1e-08 0 1.33333
515 1 1e-08 1e-08 1e-08 0 1.33333
516 1 1e-08 1e-08 1e-08 0 1.33333
518 1 1e-08 1e-08 1e-08 0 1.33333
519 1 5e-09 5e-09 1e-08 5e-09 1.5
520 1 1e-08 1e-08 1e-08 0 1.33333
521 1 1e-08 1e-08 1e-08 0 1.33333
522 1 1e-08 1e-08 1e-08 0 1.33333
523 1 1e-08 1e-08 1e-08 0 1.33333
513 1 1e-08 1e-08 1e-08 0 1.33333
512 1 2.5e-09 2.5e-09 1e-08 7.5e-09 1.5
511 1 1e-08 1e-08 1e-08 0 1.33333
510 1 1e-08 1e-08 1e-08 0 1.33333
509 1 1e-08 1e-08 1e-08 0 1.5
508 1 1e-08 1e-08 1e-08 0 1.33333
507 1 1e-08 1e-08 1e-08 0 1.33333
506 1 1e-08 1e-08 1e-08 0 1.5

47 23 76.5614 76.5614 76.5614 73.2326 1.5
524 31 35.6192 23.734 69.1452 68.2991 1.5
538 8 76.5614 1.0776 67.1259 58.818 1.5
254 2 10.0592 0.460995 5.2601 3.5602 1.5
277 1 0.340053 0.340053 0.340053 0 1.33333
291 1 0.340022 0.340022 0.340022 0 1.5
375 1 0.257001 0.257001 0.257001 0 1.33333
496 1 0.0793474 0.0793474 0.0793474 0 1.33333
5 1 0.0671841 0.0671841 0.0671841 0 2
530 1 0.0242626 0.0242626 0.0242626 5e-09 1.33333
517 1 0.000125292 0.000125292 0.000125292 0 1.5
522 1 1e-08 1e-08 1e-08 0 1.33333
523 1 1e-08 1e-08 1e-08 0 1.33333
513 1 1e-08 1e-08 1e-08 0 1.33333
512 1 2.5e-09 2.5e-09 1e-08 7.5e-09 1.5
511 1 1e-08 1e-08 1e-08 0 1.33333
510 1 1e-08 1e-08 1e-08 0 1.33333
509 1 1e-08 1e-08 1e-08 0 1.5
508 1 1e-08 1e-08 1e-08 0 1.33333
507 1 1e-08 1e-08 1e-08 0 1.33333
506 1 1e-08 1e-08 1e-08 0 1.5
539 1 3.33333e-09 3.33333e-09 1e-08 6.66667e-09 1.5
540 1 1e-08 1e-08 1e-08 0 1.33333
541 1 1e-08 1e-08 1e-08 0 1.33333
542 1 1e-08 1e-08 1e-08 0 1.33333
543 1 1e-08 1e-08 1e-08 0 1.33333
544 1 1e-08 1e-08 1e-08 0 1.33333
545 1 1e-08 1e-08 1e-08 0 1.33333
546 1 1e-08 1e-08 1e-08 0 1.33333
547 1 1e-08 1e-08 1e-08 0 1.33333
548 1 1e-08 1e-08 1e-08 0 1.33333
505 1 1e-08 1e-08 1e-08 0 1.5
504 1 1e-08 1e-08 1e-08 0 1.5
525 1 1e-08 1e-08 1e-08 0 1.5
526 1 5e-09 5e-09 1e-08 5e-09 1.5
527 1 1e-08 1e-08 1e-08 0 1.33333
528 1 1e-08 1e-08 1e-08 0 1.33333
529 1 1e-08 1e-08 1e-08 0 1.33333
531 1 1e-08 1e-08 1e-08 0 1.33333
532 1 3.33333e-09 3.33333e-09 1e-08 6.66667e-09 1.33333
533 1 1e-08 1e-08 1e-08 0 1.33333

556 1 76.5614 76.5614 76.5614 0 1.5
524 32 79.3548 55.681 75.675 73.8429 1.5
47 32 38.7034 25.7891 75.3079 74.3589 1.5
254 1 3.35307 3.35307 3.50674 0.153665 1.5
277 1 0.340053 0.340053 0.340053 0 1.33333
291 1 0.340022 0.340022 0.340022 0 1.5
375 1 0.257001 0.257001 0.257001 0 1.33333
555 1 0.104957 0.104957 0.104957 0 1.33333
496 1 0.0793474 0.0793474 0.0793474 0 1.33333
5 1 0.0671841 0.0671841 0.0671841 0 2
530 1 0.0485252 0.0485252 0.0485252 0 1.33333
551 1 0.00318409 0.00318409 0.00318409 0 1.33333
506 1 0.000472176 0.000472176 0.000472183 6.66667e-09 1.5
517 1 0.000125292 0.000125292 0.000125292 0 1.5
526 1 5e-09 5e-09 1e-08 5e-09 1.5
527 1 1e-08 1e-08 1e-08 0 1.33333
528 1 1e-08 1e-08 1e-08 0 1.33333
529 1 1e-08 1e-08 1e-08 0 1.33333
531 1 1e-08 1e-08 1e-08 0 1.33333
532 1 1e-08 1e-08 1e-08 0 1.33333
533 1 1e-08 1e-08 1e-08 0 1.33333
549 1 1e-08 1e-08 1e-08 0 1.33333
550 1 1e-08 1e-08 1e-08 0 1.33333
552 1 5e-09 5e-09 1e-08 5e-09 1.5
553 1 1e-08 1e-08 1e-08 0 1.33333
554 1 1e-08 1e-08 1e-08 0 1.33333
557 1 5e-09 5e-09 1e-08 5e-09 1.5
558 1 1e-08 1e-08 1e-08 0 1.33333
559 1 1e-08 1e-08 1e-08 0 1.33333
560 1 1e-08 1e-08 1e-08 0 1.33333
561 1 1e-08 1e-08 1e-08 0 1.5
562 1 1e-08 1e-08 1e-08 0 1.33333
522 1 5e-09 5e-09 1e-08 5e-09 1.33333
523 1 1e-08 1e-08 1e-08 0 1.33333
513 1 1e-08 1e-08 1e-08 0 1.33333
512 1 1e-08 1e-08 1e-08 0 1.5
511 1 1e-08 1e-08 1e-08 0 1.33333
510 1 1e-08 1e-08 1e-08 0 1.33333
509 1 1e-08 1e-08 1e-08 0 1.5

556 33 34.1596 22.7615 82.7215 81.8034 1.5
524 8 76.5614 76.5614 76.5614 66.9912 1.5
47 22 76.5614 76.5614 76.5614 73.0813 1.5
254 1 10.0592 10.0592 10.0592 0 1.5
277 1 0.340053 0.340053 0.340053 0 1.33333
291 1 0.340022 0.340022 0.340022 0 1.5
375 1 0.257001 0.257001 0.257001 0 1.33333
533 1 0.105758 0.105758 0.105758 5e-09 1.33333
564 1 0.103853 0.103853 0.103853 0 1.33333
496 1 0.0793474 0.0793474 0.0793474 0 1.33333
555 1 0.0524783 0.0524783 0.0696305 0.0171522 1.33333
5 1 0.0671841 0.0671841 0.0671841 0 2
530 1 0.0485252 0.0485252 0.0485252 0 1.33333
551 1 0.00318409 0.00318409 0.00318409 0 1.33333
517 1 0.000125292 0.000125292 0.000125292 0 1.5
568 1 1e-08 1e-08 1e-08 0 1.33333
567 1 1e-08 1e-08 1e-08 0 1.33333
566 1 1e-08 1e-08 1e-08 0 1.33333
565 1 1e-08 1e-08 1e-08 0 1.33333
563 1 1e-08 1e-08 1e-08 0 1.33333
509 1 1e-08 1e-08 1e-08 0 1.5
510 1 5e-09 5e-09 1e-08 5e-09 1.33333
511 1 1e-08 1e-08 1e-08 0 1.33333
513 1 1e-08 1e-08 1e-08 0 1.33333
569 1 1e-08 1e-08 1e-08 0 1.33333
570 1 1e-08 1e-08 1e-08 0 1.33333
571 1 1e-08 1e-08 1e-08 0 1.33333
572 1 1e-08 1e-08 1e-08 0 1.33333
573 1 1e-08 1e-08 1e-08 0 1.33333
574 1 1e-08 1e-08 1e-08 0 1.33333
575 1 1e-08 1e-08 1e-08 0 1.33333
576 1 1e-08 1e-08 1e-08 0 1.5
577 1 1e-08 1e-08 1e-08 0 1.33333
578 1 1e-08 1e-08 1e-08 0 1.5
506 1 1e-08 1e-08 1e-08 0 1.5
526 1 3.33333e-09 3.33333e-09 1e-08 6.66667e-09 1.5
527 1 1e-08 1e-08 1e-08 0 1.33333
528 1 1e-08 1e-08 1e-08 0 1.33333
529 1 1e-08 1e-08 1e-08 0 1.33333
531 1 1e-08 1e-08 1e-08 0 1.33333
532 1 1e-08 1e-08 1e-08 0 1.33333

556 54 76.6004 51.0409 93.1656 91.8909 1.5
524 43 59.8571 59.8571 75.1915 73.7994 1.5
254 1 2.5148 2.5148 2.5148 7.5e-09 1.5
277 1 0.340053 0.340053 0.340053 0 1.33333
291 1 0.340022 0.340022 0.340022 0 1.5
375 1 0.257001 0.257001 0.257001 0 1.33333

556 36 48.0979 45.5194 96.0075 94.709 1.5
524 30 41.0359 27.3433 81.8354 80.6882 1.5
594 6 76.5614 76.5614 76.5614 63.8011 1.5
254 1 10.0592 10.0592 10.0592 0 1.5
277 1 0.340053 0.340053 0.340053 0 1.33333
291 1 0.340022 0.340022 0.340022 0 1.5
375 1 0.257001 0.257001 0.257001 0 1.33333
600 1 0.0668605 0.0668605 0.0668605 0 1.33333
603 1 0.0353985 0.0353985 0.0353985 0 1.33333
596 1 1e-08 1e-08 1e-08 0 1.33333
597 1 1e-08 1e-08 1e-08 0 1.33333
598 1 1e-08 1e-08 1e-08 0 1.33333
599 1 1e-08 1e-08 1e-08 0 1.5
595 1 5e-09 5e-09 1e-08 5e-09 1.33333
601 1 5e-09 5e-09 1e-08 5e-09 1.5
602 1 5e-09 5e-09 1e-08 5e-09 1.5
604 1 1e-08 1e-08 1e-08 0 1.33333
605 1 1e-08 1e-08 1e-08 0 1.33333
606 1 1e-08 1e-08 1e-08 0 1.5
607 1 5e-09 5e-09 1e-08 5e-09 1.5
608 1 1e-08 1e-08 1e-08 0 1.5
609 1 1e-08 1e-08 1e-08 0 1.5
610 1 1e-08 1e-08 1e-08 0 1.33333
611 1 1e-08 1e-08 1e-08 0 1.33333

556 89 67.2773 63.8884 97.5711 96.8297 1.5
254 1 10.0592 10.0592 10.0592 0 1.5
616 1 0.726609 0.726609 0.726609 0 1.33333
277 1 0.340053 0.340053 0.340053 0 1.33333
291 1 0.340022 0.340022 0.340022 0 1.5
375 1 0.257001 0.257001 0.257001 0 1.33333
600 1 0.0668605 0.0668605 0.0668605 0 1.33333
603 1 0.0353985 0.0353985 0.0353985 0 1.33333
612 1 0.0338665 0.0338665 0.0338665 0 1.33333
610 1 1e-08 1e-08 1e-08 0 1.33333
611 1 1e-08 1e-08 1e-08 0 1.33333
613 1 3.33333e-09 3.33333e-09 1e-08 6.66667e-09 1.5
614 1 1e-08 1e-08 1e-08 0 1.33333

556 93 62.4898 62.4898 107.006 106.334 1.5
254 2 10.0592 1e-08 5.02961 3.55647 1.5
616 1 0.726609 0.726609 0.726609 0 1.33333
277 1 0.340053 0.340053 0.340053 0 1.33333
291 1 0.340022 0.340022 0.340022 0 1.5
375 1 0.257001 0.257001 0.257001 0 1.33333
632 1 0.181204 0.181204 0.181204 0 1.33333
629 1 0.0898591 0.0898591 0.0898591 0 1.5

556 93 60.7145 60.7145 112.316 111.663 1.5
254 2 10.0592 1e-08 5.02961 3.55647 1.5
616 1 0.726609 0.726609 0.726609 0 1.33333
277 1 0.340053 0.340053 0.340053 0 1.33333
291 1 0.340022 0.340022 0.340022 0 1.5
375 1 0.257001 0.257001 0.257001 0 1.33333
632 1 0.181204 0.181204 0.181204 0 1.33333
641 1 0.12753 0.12753 0.12753 0 1.5

556 93 60.0323 60.0323 112.328 111.682 1.5
254 2 10.0592 1e-08 5.02961 3.55647 1.5
616 1 0.726609 0.726609 0.726609 0 1.33333
661 1 0.698049 0.698049 0.698049 5e-09 1.5
277 1 0.340053 0.340053 0.340053 0 1.33333
291 1 0.340022 0.340022 0.340022 0 1.5
375 1 0.257001 0.257001 0.257001 0 1.33333
632 1 0.181204 0.181204 0.181204 0 1.33333

556 93 65.5568 65.5568 109.407 108.702 1.5
254 2 10.0592 1e-08 5.02961 3.55647 1.5
616 1 0.726609 0.726609 0.726609 0 1.33333
661 1 0.465366 0.465366 0.465539 0.0001732 1.5
277 1 0.340053 0.340053 0.340053 0 1.33333
291 1 0.340022 0.340022 0.340022 0 1.5
375 1 0.257001 0.257001 0.257001 0 1.33333
632 1 0.181204 0.181204 0.181204 0 1.33333

556 93 62.8574 62.8574 111.637 110.961 1.5
254 2 10.0592 1e-08 5.02961 3.55647 1.5
616 1 0.726609 0.726609 0.726609 0 1.33333
661 1 0.349025 0.349025 0.380907 0.0318824 1.5
277 1 0.340053 0.340053 0.340053 0 1.33333
291 1 0.340022 0.340022 0.340022 0 1.5
375 1 0.257001 0.257001 0.257001 0 1.33333
632 1 0.181204 0.181204 0.181204 0 1.33333

556 96 63.3934 63.3934 113.049 112.388 1.5
254 1 1.67654 1.67654 1.67654 8.33333e-09 1.5
702 1 0.465366 0.465366 0.93457 0.469204 1.5
616 1 0.726609 0.726609 0.726609 0 1.33333
277 1 0.340053 0.340053 0.340053 0 1.33333
291 1 0.340022 0.340022 0.340022 0 1.5

713 2 114.901 114.901 114.901 57.4503 1.5
556 48 33.0253 33.0253 113.553 112.865 1.5
254 1 3.35307 3.35307 3.35307 6.66667e-09 1.5
702 1 0.465366 0.465366 0.930732 0.465366 1.5
616 1 0.726609 0.726609 0.726609 0 1.33333
277 1 0.340053 0.340053 0.340053 0 1.33333
291 1 0.340022 0.340022 0.340022 0 1.5
728 1 0.112689 0.112689 0.112689 0 1.33333
729 1 0.112124 0.112124 0.112124 0 1.33333
732 1 1e-08 1e-08 1e-08 0 1.33333
731 1 1e-08 1e-08 1e-08 0 1.33333
730 1 1e-08 1e-08 1e-08 0 1.33333
727 1 1e-08 1e-08 1e-08 0 1.5
726 1 1e-08 1e-08 1e-08 0 1.5
725 1 1e-08 1e-08 1e-08 0 1.33333
724 1 1e-08 1e-08 1e-08 0 1.33333
723 1 1e-08 1e-08 1e-08 0 1.33333
722 1 1e-08 1e-08 1e-08 0 1.33333
721 1 5e-09 5e-09 1e-08 5e-09 1.5
720 1 1e-08 1e-08 1e-08 0 1.33333
719 1 1e-08 1e-08 1e-08 0 1.5
718 1 1e-08 1e-08 1e-08 0 1.33333
717 1 5e-09 5e-09 1e-08 5e-09 1.5
716 1 1e-08 1e-08 1e-08 0 1.33333
715 1 1e-08 1e-08 1e-08 0 1.33333
714 1 3.33333e-09 3.33333e-09 1e-08 6.66667e-09 1.5

733 2 114.901 114.901 114.901 57.4503 1.5
556 8 114.901 114.901 114.901 100.538 1.5
713 31 32.0894 32.0894 112.849 111.814 1.5
734 1 10.0592 10.0592 10.0592 0 1.5
702 1 1.3961 1.3961 1.3961 0 1.5
616 1 0.726609 0.726609 0.726609 0 1.33333
717 1 0.182079 0.182079 0.364159 0.182079 1.5
277 1 0.340053 0.340053 0.340053 0 1.33333
291 1 0.340022 0.340022 0.340022 0 1.5
747 1 0.113376 0.113376 0.113376 0 1.33333
729 1 0.112124 0.112124 0.112124 0 1.33333
726 1 0.0112196 0.0112196 0.0112196 3.33333e-09 1.5
743 1 1e-08 1e-08 1e-08 0 1.33333
744 1 1e-08 1e-08 1e-08 0 1.33333
742 1 1e-08 1e-08 1e-08 0 1.33333
741 1 1e-08 1e-08 1e-08 0 1.33333
740 1 1e-08 1e-08 1e-08 0 1.33333
739 1 1e-08 1e-08 1e-08 0 1.33333
738 1 1e-08 1e-08 1e-08 0 1.33333
737 1 1e-08 1e-08 1e-08 0 1.33333
736 1 1e-08 1e-08 1e-08 0 1.33333
735 1 1e-08 1e-08 1e-08 0 1.33333
745 1 1e-08 1e-08 1e-08 0 1.33333
746 1 1e-08 1e-08 1e-08 0 1.33333
748 1 1e-08 1e-08 1e-08 0 1.33333
254 1 5e-09 5e-09 1e-08 5e-09 1.5
728 1 1e-08 1e-08 1e-08 0 1.33333
732 1 1e-08 1e-08 1e-08 0 1.33333
731 1 1e-08 1e-08 1e-08 0 1.33333
730 1 1e-08 1e-08 1e-08 0 1.33333
727 1 3.33333e-09 3.33333e-09 1e-08 6.66667e-09 1.5
725 1 1e-08 1e-08 1e-08 0 1.33333
724 1 1e-08 1e-08 1e-08 0 1.33333
723 1 1e-08 1e-08 1e-08 0 1.33333
722 1 1e-08 1e-08 1e-08 0 1.33333
721 1 3.33333e-09 3.33333e-09 1e-08 6.66667e-09 1.5
720 1 1e-08 1e-08 1e-08 0 1.33333
719 1 2.5e-09 2.5e-09 1e-08 7.5e-09 1.5
718 1 1e-08 1e-08 1e-08 0 1.33333
716 1 5e-09 5e-09 1e-08 5e-09 1.33333
715 1 1e-08 1e-08 1e-08 0 1.33333
714 1 5e-09 5e-09 1e-08 5e-09 1.5

713 31 114.901 5.67101 111.377 107.786 1.5
733 47 58.068 58.068 108.77 107.535 1.5
734 1 3.35307 3.35307 3.35307 6.66667e-09 1.5
702 1 1.3961 1.3961 1.3961 0 1.5
616 1 0.726609 0.726609 0.726609 0 1.33333
277 1 0.340053 0.340053 0.340053 0 1.33333
291 1 0.340022 0.340022 0.340022 0 1.5
717 1 0.182079 0.182079 0.182227 0.000147269 1.5
747 1 0.113376 0.113376 0.113376 0 1.33333
729 1 0.112124 0.112124 0.112124 0 1.33333
726 1 0.0425098 0.0425098 0.0537294 0.0112196 1.5
754 1 0.0461925 0.0461925 0.0461925 0 1.33333
723 1 1e-08 1e-08 1e-08 0 1.33333
722 1 1e-08 1e-08 1e-08 0 1.33333
721 1 1e-08 1e-08 1e-08 0 1.5
720 1 1e-08 1e-08 1e-08 0 1.33333
719 1 1e-08 1e-08 1e-08 0 1.5
718 1 1e-08 1e-08 1e-08 0 1.33333
716 1 1e-08 1e-08 1e-08 0 1.33333
715 1 1e-08 1e-08 1e-08 0 1.33333
714 1 1e-08 1e-08 1e-08 0 1.5
749 1 1e-08 1e-08 1e-08 0 1.33333
750 1 1e-08 1e-08 1e-08 0 1.33333
751 1 1e-08 1e-08 1e-08 0 1.5
752 1 1e-08 1e-08 1e-08 0 1.33333

760 3 114.901 114.901 114.901 76.6004 1.5
733 32 52.526 52.526 114.901 113.259 1.5
713 31 44.524 44.524 110.629 109.193 1.5
734 1 5.02961 5.02961 5.02961 5e-09 1.5
702 1 1.3961 1.3961 1.3961 0 1.5
616 1 0.726609 0.726609 0.726609 0 1.33333
717 1 0.546238 0.546238 0.546238 0 1.5
277 1 0.340053 0.340053 0.340053 0 1.33333
291 1 0.340022 0.340022 0.340022 0 1.5
747 1 0.113376 0.113376 0.113376 0 1.33333
729 1 0.112124 0.112124 0.112124 0 1.33333
754 1 0.0461925 0.0461925 0.0461925 0 1.33333
768 1 0.0458027 0.0458027 0.0458027 0 1.5
761 1 0.0425098 0.0425098 0.0425098 6.66667e-09 1.5
726 1 0.0336588 0.0336588 0.0336588 0 1.5
772 1 1e-08 1e-08 1e-08 0 1.33333
771 1 1e-08 1e-08 1e-08 0 1.33333
770 1 1e-08 1e-08 1e-08 0 1.33333
769 1 1e-08 1e-08 1e-08 0 1.33333
773 1 1e-08 1e-08 1e-08 0 1.5
767 1 1e-08 1e-08 1e-08 0 1.5
766 1 1e-08 1e-08 1e-08 0 1.33333
765 1 1e-08 1e-08 1e-08 0 1.33333
764 1 1e-08 1e-08 1e-08 0 1.33333
763 1 1e-08 1e-08 1e-08 0 1.33333
762 1 1e-08 1e-08 1e-08 0 1.5
774 1 1e-08 1e-08 1e-08 0 1.33333
752 1 1e-08 1e-08 1e-08 0 1.33333
751 1 1e-08 1e-08 1e-08 0 1.5
750 1 1e-08 1e-08 1e-08 0 1.33333
749 1 5e-09 5e-09 1e-08 5e-09 1.33333
714 1 3.33333e-09 3.33333e-09 1e-08 6.66667e-09 1.5
715 1 1e-08 1e-08 1e-08 0 1.33333
716 1 1e-08 1e-08 1e-08 0 1.33333
718 1 1e-08 1e-08 1e-08 0 1.33333
719 1 3.33333e-09 3.33333e-09 1e-08 6.66667e-09 1.5
720 1 1e-08 1e-08 1e-08 0 1.33333
721 1 3.33333e-09 3.33333e-09 1e-08 6.66667e-09 1.5

733 32 54.8779 54.8779 114.901 113.186 1.5
713 13 114.901 114.901 114.901 106.062 1.5
760 31 53.9685 53.9685 111.578 109.837 1.5
734 1 10.0592 10.0592 10.0592 0 1.5
702 1 1.3961 1.3961 1.3961 0 1.5
616 1 0.726609 0.726609 0.726609 0 1.33333
717 1 0.546238 0.546238 0.546238 0 1.5
277 1 0.340053 0.340053 0.340053 0 1.33333
291 1 0.340022 0.340022 0.340022 0 1.5
761 1 0.148195 0.148195 0.21196 0.0637648 1.5
747 1 0.113376 0.113376 0.113376 0 1.33333
729 1 0.112124 0.112124 0.112124 0 1.33333
754 1 0.0461925 0.0461925 0.0461925 0 1.33333
768 1 0.0458027 0.0458027 0.0458027 0 1.5
726 1 0.0336588 0.0336588 0.0336588 0 1.5
718 1 1e-08 1e-08 1e-08 0 1.33333
719 1 1e-08 1e-08 1e-08 0 1.5
720 1 1e-08 1e-08 1e-08 0 1.33333
721 1 3.33333e-09 3.33333e-09 1e-08 6.66667e-09 1.5
775 1 1e-08 1e-08 1e-08 0 1.33333
776 1 1e-08 1e-08 1e-08 0 1.33333
777 1 1e-08 1e-08 1e-08 0 1.33333
778 1 1e-08 1e-08 1e-08 0 1.33333
779 1 1e-08 1e-08 1e-08 0 1.33333
780 1 1e-08 1e-08 1e-08 0 1.33333
781 1 1e-08 1e-08 1e-08 0 1.33333
782 1 1e-08 1e-08 1e-08 0 1.33333
783 1 1e-08 1e-08 1e-08 0 1.33333

791 2 114.901 114.901 114.901 57.4503 1.5
790 8 114.901 114.901 114.901 100.538 1.5
713 19 40.428 40.428 112.773 110.645 1.5
733 18 30.8688 30.8688 111.505 109.791 1.5
760 18 76.6004 76.6004 110.645 106.389 1.5
800 1 17.6317 17.6317 17.6317 0 1.33333
734 1 5.02961 5.02961 5.02961 5e-09 1.5
616 1 0.726609 0.726609 0.726609 0 1.33333
702 1 0.698049 0.698049 0.718142 0.0200926 1.5
717 1 0.546238 0.546238 0.546238 0 1.5
277 1 0.340053 0.340053 0.340053 0 1.33333
291 1 0.340022 0.340022 0.340022 0 1.5
792 1 0.29639 0.29639 0.29639 0 1.5
747 1 0.113376 0.113376 0.113376 0 1.33333
729 1 0.112124 0.112124 0.112124 0 1.33333
754 1 0.0461925 0.0461925 0.0461925 0 1.33333
768 1 0.0229013 0.0229013 0.0458027 0.0229013 1.5
726 1 0.0112196 0.0112196 0.0336588 0.0224392 1.5
793 1 0.00279545 0.00279545 0.00279545 0 1.5
799 1 1e-08 1e-08 1e-08 0 1.33333
798 1 1e-08 1e-08 1e-08 0 1.5
797 1 1e-08 1e-08 1e-08 0 1.5
796 1 5e-09 5e-09 1e-08 5e-09 1.5
795 1 1e-08 1e-08 1e-08 0 1.33333
794 1 1e-08 1e-08 1e-08 0 1.33333
718 1 1e-08 1e-08 1e-08 0 1.33333
719 1 5e-09 5e-09 1e-08 5e-09 1.5
720 1 1e-08 1e-08 1e-08 0 1.33333
783 1 1e-08 1e-08 1e-08 0 1.33333
782 1 1e-08 1e-08 1e-08 0 1.33333
781 1 1e-08 1e-08 1e-08 0 1.33333
780 1 1e-08 1e-08 1e-08 0 1.33333
779 1 1e-08 1e-08 1e-08 0 1.33333
778 1 1e-08 1e-08 1e-08 0 1.33333
777 1 1e-08 1e-08 1e-08 0 1.33333
776 1 1e-08 1e-08 1e-08 0 1.33333
775 1 1e-08 1e-08 1e-08 0 1.33333
721 1 2.5e-09 2.5e-09 1e-08 7.5e-09 1.5

733 6 114.901 114.901 114.901 95.7505 1.5
790 19 68.2222 68.2222 114.901 111.31 1.5
760 18 114.901 114.901 114.901 108.517 1.5
713 18 57.4503 57.4503 111.755 108.563 1.5
791 18 39.7733 39.7733 111.098 108.888 1.5
800 1 17.6317 17.6317 17.6317 0 1.33333
734 1 5.02961 5.02961 5.02961 5e-09 1.5
702 1 1.3961 1.3961 1.3961 0 1.5
616 1 0.726609 0.726609 0.726609 0 1.33333
717 1 0.546238 0.546238 0.546238 0 1.5
805 1 0.509913 0.509913 0.509913 0 1.5
277 1 0.340053 0.340053 0.340053 0 1.33333
291 1 0.340022 0.340022 0.340022 0 1.5
792 1 0.29639 0.29639 0.29639 0 1.5
747 1 0.113376 0.113376 0.113376 0 1.33333
729 1 0.112124 0.112124 0.112124 0 1.33333
754 1 0.0461925 0.0461925 0.0461925 0 1.33333
768 1 0.0458027 0.0458027 0.0458027 0 1.5
809 1 0.0336751 0.0336751 0.0336751 0 1.33333
726 1 0.0168294 0.0168294 0.0336588 0.0168294 1.5
793 1 0.00279545 0.00279545 0.00279545 0 1.5
814 1 1e-08 1e-08 1e-08 0 1.33333
813 1 1e-08 1e-08 1e-08 0 1.33333
812 1 1e-08 1e-08 1e-08 0 1.5
811 1 1e-08 1e-08 1e-08 0 1.33333
810 1 1e-08 1e-08 1e-08 0 1.5
815 1 1e-08 1e-08 1e-08 0 1.33333

713 19 53.2466 53.2466 114.901 112.098 1.5
790 19 75.2797 75.2797 114.901 110.939 1.5
733 19 66.1549 66.1549 114.901 111.419 1.5
791 13 114.901 114.901 114.901 106.062 1.5
760 18 51.7053 51.7053 112.061 109.189 1.5
800 1 17.6317 17.6317 17.6317 0 1.33333
734 1 3.35307 3.35307 3.35307 6.66667e-09 1.5
702 1 1.3961 1.3961 1.3961 0 1.5
616 1 0.726609 0.726609 0.726609 0 1.33333
717 1 0.546238 0.546238 0.546238 0 1.5
277 1 0.340053 0.340053 0.340053 0 1.33333
291 1 0.340022 0.340022 0.340022 0 1.5
792 1 0.29639 0.29639 0.29639 0 1.5
805 1 0.254956 0.254956 0.254956 5e-09 1.5
747 1 0.113376 0.113376 0.113376 0 1.33333
729 1 0.112124 0.112124 0.112124 0 1.33333
754 1 0.0461925 0.0461925 0.0461925 0 1.33333
768 1 0.0458027 0.0458027 0.0458027 0 1.5

760 17 114.901 114.901 114.901 108.142 1.5
733 23 50.8214 50.8214 114.901 112.691 1.5
713 23 57.4503 57.4503 114.901 112.403 1.5
790 23 44.7918 44.7918 113.1 111.153 1.5
800 1 17.6317 17.6317 17.6317 0 1.33333
734 1 10.0592 10.0592 10.0592 0 1.5
616 1 0.726609 0.726609 0.726609 0 1.33333
702 1 0.698049 0.698049 0.718142 0.0200926 1.5
717 1 0.546238 0.546238 0.546238 0 1.5
805 1 0.509913 0.509913 0.509913 0 1.5
277 1 0.340053 0.340053 0.340053 0 1.33333
291 1 0.340022 0.340022 0.340022 0 1.5
792 1 0.29639 0.29639 0.29639 0 1.5
747 1 0.113376 0.113376 0.113376 0 1.33333
729 1 0.112124 0.112124 0.112124 0 1.33333
754 1 0.0461925 0.0461925 0.0461925 0 1.33333
768 1 0.0229013 0.0229013 0.0458027 0.0229013 1.5
831 1 1e-08 1e-08 1e-08 0 1.33333
832 1 1e-08 1e-08 1e-08 0 1.33333

733 19 77.9683 77.9683 114.901 110.797 1.5
843 4 114.901 114.901 114.901 86.1755 1.5
790 18 51.7053 51.7053 109.392 106.52 1.5
713 18 57.4503 57.4503 109.065 105.874 1.5
760 18 41.3642 41.3642 105.765 103.467 1.5
800 1 17.6317 17.6317 17.6317 0 1.33333
734 1 5.02961 5.02961 5.02961 5e-09 1.5
616 1 0.726609 0.726609 0.726609 0 1.33333
702 1 0.698049 0.698049 0.699339 0.00128992 1.5
277 1 0.340053 0.340053 0.340053 0 1.33333
291 1 0.340022 0.340022 0.340022 0 1.5
792 1 0.29639 0.29639 0.29639 0 1.5
717 1 0.273119 0.273119 0.273119 5e-09 1.5
805 1 0.254956 0.254956 0.254956 5e-09 1.5
747 1 0.113376 0.113376 0.113376 0 1.33333
729 1 0.112124 0.112124 0.112124 0 1.33333
857 1 0.0463545 0.0463545 0.0463545 0 1.33333
754 1 0.0461925 0.0461925 0.0461925 0 1.33333
768 1 0.0458027 0.0458027 0.0458027 0 1.5
846 1 0.00257985 0.00257985 0.00257985 0 1.5
865 1 1e-08 1e-08 1e-08 0 1.33333
864 1 1e-08 1e-08 1e-08 0 1.33333
863 1 1e-08 1e-08 1e-08 0 1.33333
862 1 1e-08 1e-08 1e-08 0 1.33333
861 1 1e-08 1e-08 1e-08 0 1.33333
860 1 1e-08 1e-08 1e-08 0 1.33333
859 1 1e-08 1e-08 1e-08 0 1.5
858 1 1e-08 1e-08 1e-08 0 1.33333
856 1 1e-08 1e-08 1e-08 0 1.33333

733 19 59.003 59.003 114.901 111.795 1.5
866 19 99.2323 99.2323 114.901 109.678 1.5
713 19 77.9683 77.9683 114.901 110.797 1.5
760 15 114.901 114.901 114.901 107.241 1.5
843 18 44.0045 44.0045 112.513 110.069 1.5
800 1 17.6317 17.6317 17.6317 0 1.33333
734 1 10.0592 10.0592 10.0592 0 1.5
616 1 0.726609 0.726609 0.726609 0 1.33333
702 1 0.698049 0.698049 0.718142 0.0200926 1.5
277 1 0.340053 0.340053 0.340053 0 1.33333
291 1 0.340022 0.340022 0.340022 0 1.5
792 1 0.29639 0.29639 0.29639 0 1.5
717 1 0.273119 0.273119 0.273119 5e-09 1.5
805 1 0.254956 0.254956 0.254956 5e-09 1.5
878 1 0.151938 0.151938 0.153615 0.00167795 1.5
882 1 0.121858 0.121858 0.121858 0 1.5

866 18 39.0228 39.0228 114.901 112.733 1.5
713 18 48.0979 48.0979 114.901 112.228 1.5
843 11 114.901 114.901 114.901 104.455 1.5
760 18 79.5466 79.5466 114.901 110.481 1.5
733 18 47.0048 47.0048 114.901 112.289 1.5
800 1 17.6317 17.6317 17.6317 0 1.33333
734 1 10.0592 10.0592 10.0592 0 1.5
616 1 0.726609 0.726609 0.726609 0 1.33333
702 1 0.698049 0.698049 0.713237 0.0151882 1.5
717 1 0.546238 0.546238 0.546238 0 1.5
805 1 0.509913 0.509913 0.509913 0 1.5
277 1 0.340053 0.340053 0.340053 0 1.33333
291 1 0.340022 0.340022 0.340022 0 1.5
878 1 0.303875 0.303875 0.303875 0 1.5
792 1 0.29639 0.29639 0.29639 0 1.5
882 1 0.121858 0.121858 0.121858 0 1.5
894 1 0.0956706 0.0956706 0.0956706 0 1.5
889 1 1e-08 1e-08 1e-08 0 1.5
890 1 1e-08 1e-08 1e-08 0 1.33333
891 1 1e-08 1e-08 1e-08 0 1.33333
892 1 1e-08 1e-08 1e-08 0 1.33333
893 1 1e-08 1e-08 1e-08 0 1.33333
895 1 1e-08 1e-08 1e-08 0 1.5

733 7 114.901 114.901 114.901 98.4862 1.5
843 18 108.853 108.853 114.901 108.853 1.5
901 4 114.901 114.901 114.901 86.1755 1.5
713 18 32.3158 32.3158 114.901 113.105 1.5
866 18 29.5459 29.5459 111.62 109.978 1.5
800 1 17.6317 17.6317 17.6317 0 1.33333
734 1 10.0592 10.0592 10.0592 0 1.5
702 1 1.3961 1.3961 1.3961 0 1.5
903 1 1.08206 1.08206 1.08206 6.66667e-09 1.5
616 1 0.726609 0.726609 0.726609 0 1.33333
717 1 0.546238 0.546238 0.546238 0 1.5
805 1 0.509913 0.509913 0.509913 0 1.5
277 1 0.340053 0.340053 0.340053 0 1.33333
291 1 0.340022 0.340022 0.340022 0 1.5
878 1 0.303875 0.303875 0.303875 0 1.5
792 1 0.29639 0.29639 0.29639 0 1.5
882 1 0.121858 0.121858 0.121858 0 1.5
894 1 0.0956706 0.0956706 0.0956706 0 1.5
909 1 0.0599535 0.0599535 0.0599535 0 1.33333
904 1 0.0311729 0.0311729 0.0311729 0 1.5
914 1 0.0101683 0.0101683 0.0203366 0.0101683 1.5
915 1 1e-08 1e-08 1e-08 0 1.33333
913 1 5e-09 5e-09 1e-08 5e-09 1.5
912 1 1e-08 1e-08 1e-08 0 1.5
911 1 1e-08 1e-08 1e-08 0 1.33333
910 1 5e-09 5e-09 1e-08 5e-09 1.5
908 1 1e-08 1e-08 1e-08 0 1.33333
907 1 1e-08 1e-08 1e-08 0 1.5
906 1 1e-08 1e-08 1e-08 0 1.33333
905 1 1e-08 1e-08 1e-08 0 1.33333
902 1 1e-08 1e-08 1e-08 0 1.33333
895 1 1e-08 1e-08 1e-08 0 1.5
893 1 1e-08 1e-08 1e-08 0 1.33333
892 1 1e-08 1e-08 1e-08 0 1.33333
891 1 1e-08 1e-08 1e-08 0 1.33333
890 1 1e-08 1e-08 1e-08 0 1.33333
889 1 1e-08 1e-08 1e-08 0 1.5

917 12 114.901 114.901 114.901 105.326 1.5
916 16 114.901 114.901 114.901 107.719 1.5
843 15 50.6914 50.6914 111.579 108.2 1.5
901 15 52.2275 52.2275 111.445 107.963 1.5
733 15 61.5539 61.5539 110.797 106.694 1.5
713 15 74.9352 74.9352 110.137 105.141 1.5
800 1 17.6317 17.6317 17.6317 0 1.33333
734 1 10.0592 10.0592 10.0592 0 1.5
903 1 3.24617 3.24617 3.24617 0 1.5
702 1 1.3961 1.3961 1.3961 0 1.5
616 1 0.726609 0.726609 0.726609 0 1.33333
805 1 0.509913 0.509913 0.509913 0 1.5
277 1 0.340053 0.340053 0.340053 0 1.33333
291 1 0.340022 0.340022 0.340022 0 1.5
878 1 0.303875 0.303875 0.303875 0 1.5
717 1 0.273119 0.273119 0.273119 5e-09 1.5
792 1 0.0987967 0.0987967 0.165409 0.0666123 1.5
882 1 0.121858 0.121858 0.121858 0 1.5
894 1 0.0956706 0.0956706 0.0956706 0 1.5

901 16 65.6575 65.6575 114.901 110.797 1.5
713 9 114.901 114.901 114.901 102.134 1.5
934 16 102.134 102.134 114.901 108.517 1.5
916 15 49.2431 49.2431 112.449 109.166 1.5
843 15 45.3555 45.3555 111.906 108.882 1.5
917 15 47.8753 47.8753 108.608 105.416 1.5
800 1 17.6317 17.6317 17.6317 0 1.33333
734 1 10.0592 10.0592 10.0592 0 1.5
903 1 1.62309 1.62309 1.62309 1.15921e-09 1.5
702 1 0.698049 0.698049 0.849987 0.151938 1.5
616 1 0.726609 0.726609 0.726609 0 1.33333
805 1 0.509913 0.509913 0.509913 0 1.5
277 1 0.340053 0.340053 0.340053 0 1.33333
291 1 0.340022 0.340022 0.340022 0 1.5
878 1 0.303875 0.303875 0.303875 0 1.5
792 1 0.29639 0.29639 0.29639 0 1.5
717 1 0.273119 0.273119 0.273119 5e-09 1.5
943 1 0.12197 0.12197 0.12197 0 1.33333
882 1 0.121858 0.121858 0.121858 0 1.5
894 1 0.0956706 0.0956706 0.0956706 0 1.5
954 1 1e-08 1e-08 1e-08 0 1.33333

901 15 40.0816 40.0816 114.901 112.228 1.5
916 15 59.4313 59.4313 114.901 110.939 1.5
843 6 114.901 114.901 114.901 95.7505 1.5
934 15 49.2431 49.2431 114.901 111.618 1.5
917 15 114.901 114.901 114.901 107.241 1.5
713 15 43.0877 43.0877 112.029 109.156 1.5
800 1 17.6317 17.6317 17.6317 0 1.33333
734 1 10.0592 10.0592 10.0592 0 1.5
903 1 3.24617 3.24617 3.24617 0 1.5
702 1 1.3961 1.3961 1.3961 0 1.5
616 1 0.726609 0.726609 0.726609 0 1.33333
805 1 0.254956 0.254956 0.353662 0.0987058 1.5
277 1 0.340053 0.340053 0.340053 0 1.33333
291 1 0.340022 0.340022 0.340022 0 1.5
878 1 0.303875 0.303875 0.303875 0 1.5
792 1 0.29639 0.29639 0.29639 0 1.5
717 1 0.273119 0.273119 0.273119 5e-09 1.5
943 1 0.12197 0.12197 0.12197 0 1.33333
882 1 0.121858 0.121858 0.121858 0 1.5
894 1 0.0956706 0.0956706 0.0956706 0 1.5
959 1 0.0792678 0.0792678 0.0792678 0 1.33333
957 1 0.0463544 0.0463544 0.0463544 0 1.33333
961 1 0.0336588 0.0336588 0.0336588 0 1.5
968 1 1e-08 1e-08 1e-08 0 1.33333
967 1 1e-08 1e-08 1e-08 0 1.33333
966 1 1e-08 1e-08 1e-08 0 1.33333

843 15 71.8129 71.8129 114.901 110.113 1.5
713 11 114.901 114.901 114.901 104.455 1.5
917 15 114.901 114.901 114.901 107.241 1.5
934 15 52.2275 52.2275 114.901 111.419 1.5
916 15 39.1707 39.1707 114.901 112.289 1.5
901 15 44.1925 44.1925 114.901 111.954 1.5
800 1 17.6317 17.6317 17.6317 0 1.33333
734 1 10.0592 10.0592 10.0592 0 1.5
903 1 3.24617 3.24617 3.24617 0 1.5
702 1 1.3961 1.3961 1.3961 0 1.5
616 1 0.726609 0.726609 0.726609 0 1.33333
717 1 0.546238 0.546238 0.546238 0 1.5
805 1 0.509913 0.509913 0.509913 0 1.5
277 1 0.340053 0.340053 0.340053 0 1.33333
291 1 0.340022 0.340022 0.340022 0 1.5
878 1 0.151938 0.151938 0.153615 0.00167795 1.5
792 1 0.148195 0.148195 0.148195 5e-09 1.5
943 1 0.12197 0.12197 0.12197 0 1.33333
882 1 0.121858 0.121858 0.121858 0 1.5
894 1 0.0956706 0.0956706 0.0956706 0 1.5
959 1 0.0792678 0.0792678 0.0792678 0 1.33333

901 11 114.901 114.901 114.901 104.455 1.5
917 16 55.7094 55.7094 114.901 111.419 1.5
843 15 42.0368 42.0368 112.098 109.296 1.5
713 15 47.8753 47.8753 111.709 108.518 1.5
934 15 55.5971 55.5971 111.298 107.592 1.5
916 15 95.7505 95.7505 108.518 102.135 1.5
800 1 17.6317 17.6317 17.6317 0 1.33333
734 1 10.0592 10.0592 10.0592 0 1.5
903 1 3.24617 3.24617 3.24617 0 1.5
702 1 1.3961 1.3961 1.3961 0 1.5
616 1 0.726609 0.726609 0.726609 0 1.33333
717 1 0.546238 0.546238 0.546238 0 1.5
805 1 0.509913 0.509913 0.509913 0 1.5
277 1 0.340053 0.340053 0.340053 0 1.33333
291 1 0.340022 0.340022 0.340022 0 1.5
878 1 0.303875 0.303875 0.303875 0 1.5
792 1 0.148195 0.148195 0.19686 0.0486649 1.5
943 1 0.12197 0.12197 0.12197 0 1.33333
882 1 0.121858 0.121858 0.121858 0 1.5
894 1 0.0956706 0.0956706 0.0956706 0 1.5

713 16 68.0892 68.0892 114.901 110.645 1.5
934 15 114.901 114.901 114.901 107.241 1.5
916 15 114.901 114.901 114.901 107.241 1.5
901 15 46.5813 46.5813 111.796 108.69 1.5
917 15 44.1925 44.1925 109.074 106.128 1.5
843 15 50.6914 50.6914 108.362 104.983 1.5
800 1 17.6317 17.6317 17.6317 0 1.33333
734 1 10.0592 10.0592 10.0592 0 1.5
903 1 3.24617 3.24617 3.24617 0 1.5
702 1 1.3961 1.3961 1.3961 0 1.5
616 1 0.726609 0.726609 0.726609 0 1.33333
717 1 0.546238 0.546238 0.546238 0 1.5
805 1 0.509913 0.509913 0.509913 0 1.5
277 1 0.340053 0.340053 0.340053 0 1.33333
291 1 0.340022 0.340022 0.340022 0 1.5
792 1 0.148195 0.148195 0.19686 0.0486649 1.5

917 14 114.901 114.901 114.901 106.693 1.5
916 15 114.901 114.901 114.901 107.241 1.5
901 15 114.901 114.901 114.901 107.241 1.5
843 15 114.901 114.901 114.901 107.241 1.5
713 15 33.7943 33.7943 112.652 110.399 1.5
934 15 29.212 29.212 108.012 106.065 1.5
800 1 17.6317 17.6317 17.6317 0 1.33333
734 1 5.02961 5.02961 5.0481 0.0184937 1.5
903 1 3.24617 3.24617 3.24617 0 1.5
616 1 0.726609 0.726609 0.726609 0 1.33333
717 1 0.546238 0.546238 0.546238 0 1.5
805 1 0.509913 0.509913 0.509913 0 1.5
702 1 0.349025 0.349025 0.388132 0.0391074 1.5
277 1 0.340053 0.340053 0.340053 0 1.33333
291 1 0.340022 0.340022 0.340022 0 1.5
792 1 0.29639 0.29639 0.29639 0 1.5
1022 1 0.0493191 0.0493191 0.0986383 0.0493191 1.5
1017 1 0.08107 0.08107 0.08107 0 1.33333

713 14 114.901 114.901 114.901 106.693 1.5
901 15 114.901 114.901 114.901 107.241 1.5
843 15 114.901 114.901 114.901 107.241 1.5
934 15 114.901 114.901 114.901 107.241 1.5
917 15 31.3365 31.3365 114.901 112.812 1.5
916 15 33.7943 33.7943 110.575 108.322 1.5
800 1 17.6317 17.6317 17.6317 0 1.33333
734 1 10.0592 10.0592 10.0592 0 1.5
903 1 3.24617 3.24617 3.24617 0 1.5
702 1 1.3961 1.3961 1.3961 0 1.5
616 1 0.726609 0.726609 0.726609 0 1.33333
277 1 0.340053 0.340053 0.340053 0 1.33333
291 1 0.340022 0.340022 0.340022 0 1.5
792 1 0.29639 0.29639 0.29639 0 1.5
717 1 0.273119 0.273119 0.273119 5e-09 1.5
805 1 0.127478 0.127478 0.127478 7.5e-09 1.5
1022 1 0.0986383 0.0986383 0.0986383 0 1.5
1017 1 0.08107 0.08107 0.08107 0 1.33333

901 13 28.1832 28.1832 114.901 112.733 1.5
916 13 106.693 106.693 114.901 106.693 1.5
1043 1 114.901 114.901 114.901 0 1.5
843 13 99.5805 99.5805 114.901 107.241 1.5
934 13 99.5805 99.5805 114.901 107.241 1.5
917 13 114.901 114.901 114.901 106.062 1.5
713 12 22.9801 22.9801 105.41 103.495 1.5
800 1 17.6317 17.6317 17.6317 0 1.33333
734 1 10.0592 10.0592 10.0592 0 1.5
903 1 3.24617 3.24617 3.24617 0 1.5
702 1 1.3961 1.3961 1.3961 0 1.5
616 1 0.726609 0.726609 0.726609 0 1.33333
805 1 0.509913 0.509913 0.509913 0 1.5
1047 1 0.382056 0.382056 0.3864 0.00434416 1.5
277 1 0.340053 0.340053 0.340053 0 1.33333
291 1 0.340022 0.340022 0.340022 0 1.5
792 1 0.29639 0.29639 0.29639 0 1.5
717 1 0.273119 0.273119 0.273119 5e-09 1.5
1053 1 0.229916 0.229916 0.229916 0 1.33333
1022 1 0.0986383 0.0986383 0.0986383 0 1.5
1017 1 0.08107 0.08107 0.08107 0 1.33333
1044 1 0.00714799 0.00714799 0.00714799 0 1.5
1056 1 9.96378e-05 9.96378e-05 9.96378e-05 0 1.5
1045 1 1e-08 1e-08 1e-08 0 1.33333
1046 1 1e-08 1e-08 1e-08 0 1.33333
1048 1 1e-08 1e-08 1e-08 0 1.5
1049 1 1e-08 1e-08 1e-08 0 1.33333
1050 1 1e-08 1e-08 1e-08 0 1.5
1051 1 1e-08 1e-08 1e-08 0 1.33333
1052 1 1e-08 1e-08 1e-08 0 1.5

917 1 114.901 114.901 114.901 0 1.5
1043 13 114.901 114.901 114.901 106.062 1.5
843 13 114.901 114.901 114.901 106.062 1.5
934 13 114.901 114.901 114.901 106.062 1.5
901 13 31.781 31.781 112.456 110.011 1.5
916 13 25.7536 25.7536 109.038 107.057 1.5
713 12 106.062 106.062 106.062 97.2236 1.5
800 1 17.6317 17.6317 17.6317 0 1.33333
734 1 3.35307 3.35307 3.35307 6.66667e-09 1.5
903 1 3.24617 3.24617 3.24617 0 1.5
702 1 1.3961 1.3961 1.3961 0 1.5
1047 1 0.254704 0.254704 0.764111 0.509407 1.5
616 1 0.726609 0.726609 0.726609 0 1.33333
717 1 0.546238 0.546238 0.546238 0 1.5
805 1 0.509913 0.509913 0.509913 0 1.5
277 1 0.340053 0.340053 0.340053 0 1.33333
291 1 0.340022 0.340022 0.340022 0 1.5
1053 1 0.229916 0.229916 0.229916 0 1.33333
792 1 0.148195 0.148195 0.148195 5e-09 1.5
1022 1 0.0986383 0.0986383 0.0986383 0 1.5
1017 1 0.08107 0.08107 0.08107 0 1.33333
1060 1 0.0439942 0.0439942 0.0668956 0.0229013 1.5
1044 1 0.00714799 0.00714799 0.00714799 0 1.5
1063 1 0.000156589 0.000156589 0.000156589 0 1.33333
1056 1 4.98189e-05 4.98189e-05 4.98239e-05 5e-09 1.5
1072 1 1e-08 1e-08 1e-08 0 1.5
1071 1 1e-08 1e-08 1e-08 0 1.33333
1070 1 1e-08 1e-08 1e-08 0 1.5
1069 1 1e-08 1e-08 1e-08 0 1.33333
1068 1 5e-09 5e-09 1e-08 5e-09 1.33333

713 12 114.901 114.901 114.901 105.326 1.5
1043 8 114.901 114.901 114.901 100.538 1.5
843 13 114.901 114.901 114.901 106.062 1.5
934 13 114.901 114.901 114.901 106.062 1.5
901 13 114.901 114.901 114.901 106.062 1.5
916 13 114.901 114.901 114.901 106.062 1.5
917 13 17.7822 17.7822 112.19 110.822 1.5
800 1 17.6317 17.6317 17.6317 0 1.33333
734 1 10.0592 10.0592 10.0592 0 1.5
903 1 3.24617 3.24617 3.24617 0 1.5
702 1 1.3961 1.3961 1.3961 0 1.5
1047 1 0.764111 0.764111 0.764111 0 1.5
616 1 0.726609 0.726609 0.726609 0 1.33333
717 1 0.546238 0.546238 0.546238 0 1.5
805 1 0.509913 0.509913 0.509913 0 1.5
277 1 0.340053 0.340053 0.340053 0 1.33333
291 1 0.340022 0.340022 0.340022 0 1.5
792 1 0.29639 0.29639 0.29639 0 1.5
1053 1 0.229916 0.229916 0.229916 0 1.33333
1022 1 0.0986383 0.0986383 0.0986383 0 1.5
1060 1 0.0879884 0.0879884 0.0879884 0 1.5
1017 1 0.08107 0.08107 0.08107 0 1.33333
1088 1 0.0596909 0.0596909 0.0596909 0 1.5

916 12 114.901 114.901 114.901 105.326 1.5
917 5 114.901 114.901 114.901 91.9205 1.5
843 13 114.901 114.901 114.901 106.062 1.5
934 13 114.901 114.901 114.901 106.062 1.5
901 13 114.901 114.901 114.901 106.062 1.5
1043 13 27.1583 27.1583 110.873 108.784 1.5
713 13 29.2884 29.2884 110.428 108.175 1.5
800 1 17.6317 17.6317 17.6317 0 1.33333
734 1 5.02961 5.02961 5.0481 0.0184937 1.5
903 1 3.24617 3.24617 3.24617 0 1.5
702 1 1.3961 1.3961 1.3961 0 1.5
1047 1 0.764111 0.764111 0.764111 0 1.5
616 1 0.726609 0.726609 0.726609 0 1.33333
805 1 0.509913 0.509913 0.509913 0 1.5
277 1 0.340053 0.340053 0.340053 0 1.33333
291 1 0.340022 0.340022 0.340022 0 1.5
717 1 0.273119 0.273119 0.273119 5e-09 1.5
1053 1 0.229916 0.229916 0.229916 0 1.33333
792 1 0.148195 0.148195 0.148195 5e-09 1.5
1107 1 0.111928 0.111928 0.111928 0 1.33333
1095 1 0.10193 0.10193 0.10193 0 1.33333
1022 1 0.0493191 0.0493191 0.0986383 0.0493191 1.5
1060 1 0.0879884 0.0879884 0.0879884 0 1.5
1017 1 0.08107 0.08107 0.08107 0 1.33333
1088 1 0.0596909 0.0596909 0.0596909 0 1.5
1108 1 0.012986 0.012986 0.012986 0 1.33333

934 13 106.693 106.693 114.901 106.693 1.5
901 12 114.901 114.901 114.901 105.326 1.5
1043 10 114.901 114.901 114.901 103.411 1.5
843 13 114.901 114.901 114.901 106.062 1.5
713 13 114.901 114.901 114.901 106.062 1.5
917 13 28.7252 28.7252 112.809 110.599 1.5
916 13 30.4838 30.4838 110.76 108.415 1.5
800 1 17.6317 17.6317 17.6317 0 1.33333
734 1 5.02961 5.02961 5.04262 0.0130132 1.5
903 1 3.24617 3.24617 3.24617 0 1.5
702 1 0.698049 0.698049 0.849987 0.151938 1.5
1047 1 0.764111 0.764111 0.764111 0 1.5
616 1 0.726609 0.726609 0.726609 0 1.33333
717 1 0.546238 0.546238 0.546238 0 1.5
277 1 0.340053 0.340053 0.340053 0 1.33333
291 1 0.340022 0.340022 0.340022 0 1.5
792 1 0.29639 0.29639 0.29639 0 1.5
1122 1 0.247257 0.247257 0.247257 0 1.5
805 1 0.169971 0.169971 0.235775 0.0658038 1.5
1053 1 0.229916 0.229916 0.229916 0 1.33333
1107 1 0.111928 0.111928 0.111928 0 1.33333

713 13 106.693 106.693 114.901 106.693 1.5
1043 11 114.901 114.901 114.901 104.455 1.5
917 12 114.901 114.901 114.901 105.326 1.5
916 12 114.901 114.901 114.901 105.326 1.5
843 13 114.901 114.901 114.901 106.062 1.5
934 13 32.4719 32.4719 112.416 109.918 1.5
901 13 28.1832 28.1832 108.451 106.283 1.5
800 1 17.6317 17.6317 17.6317 0 1.33333
734 1 10.0592 10.0592 10.0592 0 1.5
903 1 3.24617 3.24617 3.24617 0 1.5
1047 1 0.764111 0.764111 0.764111 0 1.5
616 1 0.726609 0.726609 0.726609 0 1.33333
702 1 0.698049 0.698049 0.718142 0.0200926 1.5
717 1 0.546238 0.546238 0.546238 0 1.5
805 1 0.509913 0.509913 0.509913 0 1.5
277 1 0.340053 0.340053 0.340053 0 1.33333
291 1 0.340022 0.340022 0.340022 0 1.5
792 1 0.29639 0.29639 0.29639 0 1.5
1122 1 0.247257 0.247257 0.247257 0 1.5
1053 1 0.229916 0.229916 0.229916 0 1.33333
1107 1 0.111928 0.111928 0.111928 0 1.33333

713 13 27.6613 27.6613 114.901 112.773 1.5
843 13 106.693 106.693 114.901 106.693 1.5
934 11 114.901 114.901 114.901 104.455 1.5
917 12 114.901 114.901 114.901 105.326 1.5
916 12 114.901 114.901 114.901 105.326 1.5
1043 13 28.7252 28.7252 114.901 112.691 1.5
901 13 114.901 114.901 114.901 106.062 1.5
800 1 17.6317 17.6317 17.6317 0 1.33333
734 1 10.0592 10.0592 10.0592 0 1.5
903 1 3.24617 3.24617 3.24617 0 1.5
702 1 1.3961 1.3961 1.3961 0 1.5
1047 1 0.764111 0.764111 0.764111 0 1.5
616 1 0.726609 0.726609 0.726609 0 1.33333
717 1 0.546238 0.546238 0.546238 0 1.5
805 1 0.509913 0.509913 0.509913 0 1.5
277 1 0.340053 0.340053 0.340053 0 1.33333
291 1 0.340022 0.340022 0.340022 0 1.5
1122 1 0.247257 0.247257 0.247257 0 1.5
1053 1 0.229916 0.229916 0.229916 0 1.33333
792 1 0.148195 0.148195 0.148195 5e-09 1.5
1148 1 0.0493191 0.0493191 0.0986383 0.0493191 1.5

1043 11 114.901 114.901 114.901 104.455 1.5
934 12 114.901 114.901 114.901 105.326 1.5
917 12 114.901 114.901 114.901 105.326 1.5
916 12 114.901 114.901 114.901 105.326 1.5
901 13 114.901 114.901 114.901 106.062 1.5
713 13 27.1583 27.1583 110.738 108.649 1.5
843 12 24.1896 24.1896 105.125 103.109 1.5
800 1 17.6317 17.6317 17.6317 0 1.33333
734 1 10.0592 10.0592 10.0592 0 1.5
903 1 1.62309 1.62309 1.62309 1.15921e-09 1.5
702 1 1.3961 1.3961 1.3961 0 1.5
1047 1 0.764111 0.764111 0.764111 0 1.5
1167 1 0.748295 0.748295 0.748295 0 1.33333
616 1 0.726609 0.726609 0.726609 0 1.33333
805 1 0.509913 0.509913 0.509913 0 1.5
277 1 0.340053 0.340053 0.340053 0 1.33333
291 1 0.340022 0.340022 0.340022 0 1.5
792 1 0.29639 0.29639 0.29639 0 1.5
717 1 0.273119 0.273119 0.273119 5e-09 1.5
1122 1 0.247257 0.247257 0.247257 0 1.5
1053 1 0.229916 0.229916 0.229916 0 1.33333
1148 1 0.0986383 0.0986383 0.0986383 0 1.5
1166 1 0.0463536 0.0463536 0.0463536 0 1.33333

917 12 114.901 114.901 114.901 105.326 1.5
916 12 114.901 114.901 114.901 105.326 1.5
843 12 114.901 114.901 114.901 105.326 1.5
901 13 114.901 114.901 114.901 106.062 1.5
713 13 114.901 114.901 114.901 106.062 1.5
1043 13 31.1189 31.1189 114.901 112.507 1.5
934 13 25.7536 25.7536 112.943 110.962 1.5
800 1 17.6317 17.6317 17.6317 0 1.33333
734 1 10.0592 10.0592 10.0592 0 1.5
903 1 3.24617 3.24617 3.24617 0 1.5
702 1 1.3961 1.3961 1.3961 0 1.5
1047 1 0.764111 0.764111 0.764111 0 1.5
616 1 0.726609 0.726609 0.726609 0 1.33333
717 1 0.546238 0.546238 0.546238 0 1.5
805 1 0.509913 0.509913 0.509913 0 1.5
277 1 0.340053 0.340053 0.340053 0 1.33333
291 1 0.340022 0.340022 0.340022 0 1.5
1122 1 0.247257 0.247257 0.247257 0 1.5
1053 1 0.229916 0.229916 0.229916 0 1.33333
792 1 0.148195 0.148195 0.148195 5e-09 1.5

934 7 114.901 114.901 114.901 98.4862 1.5
843 12 114.901 114.901 114.901 105.326 1.5
1043 12 114.901 114.901 114.901 105.326 1.5
901 13 114.901 114.901 114.901 106.062 1.5
713 13 114.901 114.901 114.901 106.062 1.5
916 13 30.4838 30.4838 110.313 107.968 1.5
917 12 22.2388 22.2388 107.701 105.848 1.5
800 1 17.6317 17.6317 17.6317 0 1.33333
734 1 10.0592 10.0592 10.0592 0 1.5
903 1 3.24617 3.24617 3.24617 0 1.5
702 1 1.3961 1.3961 1.3961 0 1.5
1047 1 0.764111 0.764111 0.764111 0 1.5
616 1 0.726609 0.726609 0.726609 0 1.33333
805 1 0.254956 0.254956 0.353662 0.0987058 1.5
277 1 0.340053 0.340053 0.340053 0 1.33333
291 1 0.340022 0.340022 0.340022 0 1.5
792 1 0.29639 0.29639 0.29639 0 1.5
717 1 0.273119 0.273119 0.273119 5e-09 1.5
1122 1 0.123628 0.123628 0.247257 0.123628 1.5
1053 1 0.229916 0.229916 0.229916 0 1.33333
1189 1 0.0439942 0.0439942 0.0668956 0.0229013 1.5
1196 1 0.0298454 0.0298454 0.0596909 0.0298454 1.5
1194 1 0.0168294 0.0168294 0.0168294 5e-09 1.5
1201 1 1e-08 1e-08 1e-08 0 1.5
1200 1 1e-08 1e-08 1e-08 0 1.33333
1199 1 1e-08 1e-08 1e-08 0 1.5

916 13 106.693 106.693 114.901 106.693 1.5
917 11 114.901 114.901 114.901 104.455 1.5
1043 12 114.901 114.901 114.901 105.326 1.5
901 13 114.901 114.901 114.901 106.062 1.5
713 13 114.901 114.901 114.901 106.062 1.5
934 13 35.5645 35.5645 112.187 109.451 1.5
843 13 27.6613 27.6613 111.353 109.225 1.5
800 1 17.6317 17.6317 17.6317 0 1.33333
734 1 10.0592 10.0592 10.0592 0 1.5
903 1 3.24617 3.24617 3.24617 0 1.5
702 1 1.3961 1.3961 1.3961 0 1.5
1047 1 0.764111 0.764111 0.764111 0 1.5
616 1 0.726609 0.726609 0.726609 0 1.33333
717 1 0.546238 0.546238 0.546238 0 1.5
805 1 0.509913 0.509913 0.509913 0 1.5
277 1 0.340053 0.340053 0.340053 0 1.33333
291 1 0.340022 0.340022 0.340022 0 1.5
792 1 0.29639 0.29639 0.29639 0 1.5
1122 1 0.247257 0.247257 0.247257 0 1.5
1053 1 0.114958 0.114958 0.114958 5e-09 1.33333

901 14 114.901 114.901 114.901 106.693 1.5
1043 12 114.901 114.901 114.901 105.326 1.5
843 12 114.901 114.901 114.901 105.326 1.5
713 13 114.901 114.901 114.901 106.062 1.5
934 13 114.901 114.901 114.901 106.062 1.5
917 13 30.4838 30.4838 110.592 108.247 1.5
916 13 27.1583 27.1583 107.638 105.548 1.5
734 1 10.0592 10.0592 10.0592 0 1.5
800 1 8.81584 8.81584 8.81586 1.87727e-05 1.33333
903 1 3.24617 3.24617 3.24617 0 1.5
1047 1 0.764111 0.764111 0.764111 0 1.5
616 1 0.726609 0.726609 0.726609 0 1.33333
702 1 0.465366 0.465366 0.667949 0.202583 1.5
717 1 0.546238 0.546238 0.546238 0 1.5
805 1 0.509913 0.509913 0.509913 0 1.5
277 1 0.340053 0.340053 0.340053 0 1.33333
291 1 0.340022 0.340022 0.340022 0 1.5
792 1 0.29639 0.29639 0.29639 0 1.5

843 12 114.901 114.901 114.901 105.326 1.5
917 12 114.901 114.901 114.901 105.326 1.5
713 13 114.901 114.901 114.901 106.062 1.5
934 13 114.901 114.901 114.901 106.062 1.5
916 13 114.901 114.901 114.901 106.062 1.5
1043 13 27.1583 27.1583 110.757 108.668 1.5
901 12 27.0354 27.0354 106.015 103.762 1.5
800 1 17.6317 17.6317 17.6317 0 1.33333
734 1 10.0592 10.0592 10.0592 0 1.5
903 1 3.24617 3.24617 3.24617 0 1.5
702 1 1.3961 1.3961 1.3961 0 1.5
1047 1 0.764111 0.764111 0.764111 0 1.5
616 1 0.726609 0.726609 0.726609 0 1.33333
717 1 0.546238 0.546238 0.546238 0 1.5
805 1 0.509913 0.509913 0.509913 0 1.5
277 1 0.340053 0.340053 0.340053 0 1.33333
291 1 0.340022 0.340022 0.340022 0 1.5
792 1 0.0987967 0.0987967 0.0987967 6.66667e-09 1.5
1241 1 0.0338665 0.0338665 0.0338665 0 1.33333
1237 1 0.000946185 0.000946185 0.000946185 0 1.5

1043 13 74.6854 74.6854 114.901 109.156 1.5
901 4 114.901 114.901 114.901 86.1755 1.5
713 13 114.901 114.901 114.901 106.062 1.5
934 13 114.901 114.901 114.901 106.062 1.5
916 13 114.901 114.901 114.901 106.062 1.5
917 13 25.7536 25.7536 112.992 111.011 1.5
843 13 34.7374 34.7374 112.229 109.557 1.5
800 1 17.6317 17.6317 17.6317 0 1.33333
734 1 10.0592 10.0592 10.0592 0 1.5
903 1 1.62309 1.62309 3.24617 1.62309 1.5
702 1 1.3961 1.3961 1.3961 0 1.5
1047 1 0.764111 0.764111 0.764111 0 1.5
616 1 0.726609 0.726609 0.726609 0 1.33333
717 1 0.546238 0.546238 0.546238 0 1.5
805 1 0.509913 0.509913 0.509913 0 1.5
277 1 0.340053 0.340053 0.340053 0 1.33333
291 1 0.340022 0.340022 0.340022 0 1.5
1251 1 0.320494 0.320494 0.320494 0 1.33333
792 1 0.29639 0.29639 0.29639 0 1.5
1256 1 0.123628 0.123628 0.247257 0.123628 1.5
1241 1 0.0338665 0.0338665 0.0338665 0 1.33333
1258 1 0.0311729 0.0311729 0.0311729 0 1.5
1261 1 0.00262773 0.00262773 0.00262773 0 1.5
1237 1 0.000946185 0.000946185 0.000946185 0 1.5
1250 1 1e-08 1e-08 1e-08 0 1.33333
1249 1 1e-08 1e-08 1e-08 0 1.5

843 12 114.901 114.901 114.901 105.326 1.5
934 13 99.5805 99.5805 114.901 107.241 1.5
713 13 114.901 114.901 114.901 106.062 1.5
916 13 114.901 114.901 114.901 106.062 1.5
917 13 114.901 114.901 114.901 106.062 1.5
901 13 21.6479 21.6479 112.186 110.521 1.5
1043 12 57.4503 57.4503 103.888 99.1001 1.5
800 1 17.6317 17.6317 17.6317 0 1.33333
734 1 10.0592 10.0592 10.0592 0 1.5
903 1 3.24617 3.24617 3.24617 0 1.5
702 1 1.3961 1.3961 1.3961 0 1.5
616 1 0.726609 0.726609 0.726609 0 1.33333
717 1 0.546238 0.546238 0.546238 0 1.5
1047 1 0.254704 0.254704 0.512304 0.2576 1.5
805 1 0.509913 0.509913 0.509913 0 1.5
277 1 0.340053 0.340053 0.340053 0 1.33333
291 1 0.340022 0.340022 0.340022 0 1.5
1251 1 0.320494 0.320494 0.320494 0 1.33333
1256 1 0.247257 0.247257 0.247257 0 1.5

