5 1 0.0521639 0.0521639 0.0521639 0 2
1 1 1e-08 1e-08 1e-08 0 0
2 1 1e-08 1e-08 1e-08 0 2
3 1 1e-08 1e-08 1e-08 0 2
4 1 1e-08 1e-08 1e-08 0 2

11 1 1.26866 1.26866 1.26866 0 1.5
5 3 0.00184108 0.00184108 0.0521639 0.0515502 2
1 1 1e-08 1e-08 1e-08 0 0
2 1 5e-09 5e-09 1e-08 5e-09 2
3 1 2.5e-09 2.5e-09 1e-08 7.5e-09 2
4 1 2.5e-09 2.5e-09 1e-08 7.5e-09 2
6 1 1e-08 1e-08 1e-08 0 1.5
7 1 1e-08 1e-08 1e-08 0 1.5
8 1 1e-08 1e-08 1e-08 0 1.5
9 1 1e-08 1e-08 1e-08 0 1.5
10 1 5e-09 5e-09 1e-08 5e-09 1.5
12 1 1e-08 1e-08 1e-08 0 1.5
13 1 1e-08 1e-08 1e-08 0 1.5

11 77 1.26866 0.00221586 1.25221 1.23595 1.5
5 3 0.0521639 0.0521639 0.0521639 0.0347759 2
31 1 1e-08 1e-08 1e-08 0 1.33333
30 1 1e-08 1e-08 1e-08 0 1.33333
29 1 1e-08 1e-08 1e-08 0 1.33333
28 1 1e-08 1e-08 1e-08 0 1.33333
27 1 1e-08 1e-08 1e-08 0 1.33333
26 1 1e-08 1e-08 1e-08 0 1.5
25 1 1e-08 1e-08 1e-08 0 1.33333
24 1 1e-08 1e-08 1e-08 0 1.33333
23 1 1e-08 1e-08 1e-08 0 1.33333
22 1 1e-08 1e-08 1e-08 0 1.33333
21 1 5e-09 5e-09 1e-08 5e-09 1.5
20 1 1e-08 1e-08 1e-08 0 1.5
19 1 5e-09 5e-09 1e-08 5e-09 1.5
18 1 1e-08 1e-08 1e-08 0 1.33333
17 1 1e-08 1e-08 1e-08 0 1.33333
16 1 2e-09 2e-09 1e-08 8e-09 1.5
15 1 1e-08 1e-08 1e-08 0 1.5
14 1 1e-08 1e-08 1e-08 0 1.33333
13 1 1e-08 1e-08 1e-08 0 1.5
12 1 1e-08 1e-08 1e-08 0 1.5
10 1 1e-08 1e-08 1e-08 0 1.5

11 96 1.8162 0.801258 1.26709 1.25863 1.5
5 3 0.0156492 0.0156492 0.0521639 0.0469475 2
37 1 1e-08 1e-08 1e-08 0 1.33333
36 1 1e-08 1e-08 1e-08 0 1.33333

11 96 1.5775 0.695949 1.26775 1.2604 1.5
5 3 0.0521639 0.0521639 0.0521639 0.0347759 2
51 1 1e-08 1e-08 1e-08 0 1.5
50 1 1e-08 1e-08 1e-08 0 1.33333

11 96 1.6144 0.712229 1.28419 1.27648 1.5
5 3 0.0521639 0.0521639 0.0521639 0.0347759 2
70 1 1e-08 1e-08 1e-08 0 1.33333
69 1 1e-08 1e-08 1e-08 0 1.33333

11 96 1.55091 0.68422 1.30091 1.2933 1.5
5 3 0.0521639 0.0521639 0.0521639 0.0347759 2
70 1 1e-08 1e-08 1e-08 0 1.33333
69 1 1e-08 1e-08 1e-08 0 1.33333

11 97 69.1464 0.658074 2.05051 2.03656 1.5
5 2 0.0347759 0.0347759 0.0521639 0.0347759 2
70 1 1e-08 1e-08 1e-08 0 1.33333
69 1 1e-08 1e-08 1e-08 0 1.33333

11 95 71.5467 0.680918 2.40113 2.3832 1.5
5 2 0.0521639 0.0521639 0.0521639 0.026082 2
100 1 0.0518771 0.0518771 0.0518771 0 1.33333
103 1 1e-08 1e-08 1e-08 0 1.33333
102 1 5e-09 5e-09 1e-08 5e-09 1.33333
101 1 1e-08 1e-08 1e-08 0 1.33333

11 96 71.0948 0.676617 3.63544 3.60519 1.5
5 1 0.026082 0.026082 0.0521639 0.026082 2
100 1 0.0518771 0.0518771 0.0518771 0 1.33333
104 1 0.0259386 0.0259386 0.0259386 5e-09 1.33333
103 1 1e-08 1e-08 1e-08 0 1.33333
102 1 1e-08 1e-08 1e-08 0 1.33333

11 97 75.6162 0.954933 6.61691 6.55666 1.5
5 1 0.0521639 0.0521639 0.0521639 0 2
104 1 0.0518771 0.0518771 0.0518771 0 1.33333
100 1 0.0518771 0.0518771 0.0518771 0 1.33333
133 1 1e-08 1e-08 1e-08 0 1.33333

11 98 75.0786 1.32928 11.8797 11.7691 1.5
5 1 0.0521639 0.0521639 0.0521639 0 2
104 1 0.0518771 0.0518771 0.0518771 0 1.33333
100 1 0.0518771 0.0518771 0.0518771 0 1.33333

11 98 75.9516 1.64092 18.7336 18.5558 1.5
5 1 0.0521639 0.0521639 0.0521639 0 2
104 1 0.0518771 0.0518771 0.0518771 0 1.33333
100 1 0.0518771 0.0518771 0.0518771 0 1.33333

11 99 77.1753 5.52048 29.1708 28.902 1.5
5 1 0.0521639 0.0521639 0.0521639 0 2
104 1 0.0518771 0.0518771 0.0518771 0 1.33333

11 99 72.9115 7.77815 42.9724 42.5916 1.5
5 1 0.0521639 0.0521639 0.0521639 0 2
104 1 0.0518771 0.0518771 0.0518771 0 1.33333

11 99 75.4113 13.6444 65.9227 65.3322 1.5
5 1 0.0521639 0.0521639 0.0521639 0 2
104 1 0.0518771 0.0518771 0.0518771 0 1.33333

11 99 72.9115 72.9115 94.5772 93.8408 1.5
5 1 0.0521639 0.0521639 0.0521639 0 2
104 1 0.0518771 0.0518771 0.0518771 0 1.33333

11 99 73.3165 73.3165 129.451 128.71 1.5
5 1 0.0521639 0.0521639 0.0521639 0 2
104 1 0.0518771 0.0518771 0.0518771 0 1.33333

11 99 72.5109 72.5109 128.948 128.215 1.5
5 1 0.0521639 0.0521639 0.0521639 0 2
104 1 0.0518771 0.0518771 0.0518771 0 1.33333

11 99 74.9828 74.9828 130.301 129.544 1.5
5 1 0.0521639 0.0521639 0.0521639 0 2
269 1 0.0518776 0.0518776 0.0518776 0 1.33333

11 99 71.7227 71.7227 129.183 128.458 1.5
5 1 0.0521639 0.0521639 0.0521639 0 2
269 1 0.0518776 0.0518776 0.0518776 0 1.33333

286 1 133.303 133.303 133.303 0 1.5
11 49 36.903 36.903 131.212 130.459 1.5
5 1 0.0521639 0.0521639 0.0521639 0 2
269 1 0.0518776 0.0518776 0.0518776 0 1.33333
291 1 0.0284233 0.0284233 0.0284233 5e-09 1.5
287 1 1e-08 1e-08 1e-08 0 1.33333
288 1 5e-09 5e-09 1e-08 5e-09 1.5
289 1 1e-08 1e-08 1e-08 0 1.33333
290 1 3.33333e-09 3.33333e-09 1e-08 6.66667e-09 1.5
292 1 3.33333e-09 3.33333e-09 1e-08 6.66667e-09 1.5
293 1 3.33333e-09 3.33333e-09 1e-08 6.66667e-09 1.5
294 1 1e-08 1e-08 1e-08 0 1.33333
295 1 1e-08 1e-08 1e-08 0 1.5
296 1 5e-09 5e-09 1e-08 5e-09 1.5
297 1 1e-08 1e-08 1e-08 0 1.33333
298 1 1e-08 1e-08 1e-08 0 1.33333

299 1 133.303 133.303 133.303 0 1.5
286 49 50.2449 50.2449 128.535 127.51 1.5
5 1 0.0521639 0.0521639 0.0521639 0 2
269 1 0.0519304 0.0519304 0.0519304 0 1.33333
310 1 0.0518771 0.0518771 0.0518771 0 1.33333
291 1 0.0284233 0.0284233 0.0284233 5e-09 1.5
301 1 1e-08 1e-08 1e-08 0 1.33333
302 1 1e-08 1e-08 1e-08 0 1.33333
303 1 1e-08 1e-08 1e-08 0 1.33333
304 1 1e-08 1e-08 1e-08 0 1.33333
305 1 1e-08 1e-08 1e-08 0 1.33333
306 1 1e-08 1e-08 1e-08 0 1.33333
307 1 1e-08 1e-08 1e-08 0 1.33333
308 1 1e-08 1e-08 1e-08 0 1.33333
309 1 1e-08 1e-08 1e-08 0 1.33333
311 1 1e-08 1e-08 1e-08 0 1.33333
312 1 1e-08 1e-08 1e-08 0 1.33333
300 1 1e-08 1e-08 1e-08 0 1.5
298 1 1e-08 1e-08 1e-08 0 1.33333
297 1 1e-08 1e-08 1e-08 0 1.33333
296 1 5e-09 5e-09 1e-08 5e-09 1.5
295 1 1e-08 1e-08 1e-08 0 1.5
294 1 1e-08 1e-08 1e-08 0 1.33333
293 1 5e-09 5e-09 1e-08 5e-09 1.5
292 1 3.33333e-09 3.33333e-09 1e-08 6.66667e-09 1.5
290 1 1e-08 1e-08 1e-08 0 1.5
289 1 1e-08 1e-08 1e-08 0 1.33333
288 1 5e-09 5e-09 1e-08 5e-09 1.5
287 1 1e-08 1e-08 1e-08 0 1.33333

299 50 95.2163 95.2163 133.303 131.398 1.5
286 49 107.079 107.079 128.96 126.774 1.5
313 1 0.0568466 0.0568466 0.0568466 0 1.5
5 1 0.0521639 0.0521639 0.0521639 0 2

286 50 88.8685 88.8685 130.275 128.497 1.5
299 49 65.9782 65.9781 129.586 128.24 1.5
313 1 0.0568466 0.0568466 0.0568466 0 1.5
5 1 0.0521639 0.0521639 0.0521639 0 2

286 50 53.7511 53.7511 130.519 129.444 1.5
299 49 130.637 7.65249 128.27 125.656 1.5
313 1 0.133125 0.133125 0.161549 0.0284233 1.5
5 1 0.0521639 0.0521639 0.0521639 0 2

299 50 90.0695 90.0694 129.911 128.11 1.5
286 49 65.3184 65.3184 126.893 125.56 1.5
313 1 0.266251 0.266251 0.266251 0 1.5
5 1 0.0521639 0.0521639 0.0521639 0 2

299 50 54.6323 54.6323 132.211 131.118 1.5
286 49 112.618 112.618 131.422 129.124 1.5
313 1 0.133125 0.133125 0.265558 0.132433 1.5
5 1 0.0521639 0.0521639 0.0521639 0 2

286 50 102.541 102.541 133.303 131.252 1.5
299 49 59.9251 59.9251 128.554 127.331 1.5
313 1 0.132433 0.132433 0.264866 0.132433 1.5
5 1 0.0521639 0.0521639 0.0521639 0 2

299 50 119.02 119.02 133.303 130.922 1.5
286 49 53.9821 53.9821 131.458 130.356 1.5
313 1 0.266251 0.266251 0.266251 0 1.5
5 1 0.0521639 0.0521639 0.0521639 0 2

286 50 99.4797 99.4797 131.313 129.324 1.5
299 49 61.0452 61.0452 130.845 129.599 1.5
313 1 0.264866 0.264866 0.264866 0 1.5
5 1 0.0521639 0.0521639 0.0521639 0 2

286 50 62.291 62.291 132.085 130.84 1.5
299 49 102.06 102.06 131.607 129.524 1.5
313 1 0.264866 0.264866 0.264866 0 1.5
5 1 0.0521639 0.0521639 0.0521639 0 2

286 50 56.4842 56.4842 129.966 128.837 1.5
299 49 100.49 100.49 129.23 127.179 1.5
313 1 0.264866 0.264866 0.264866 0 1.5
5 1 0.0521639 0.0521639 0.0521639 0 2

299 50 107.502 107.502 133.303 131.153 1.5
286 49 55.3546 55.3546 129.977 128.848 1.5
313 1 0.266251 0.266251 0.266251 0 1.5
5 1 0.0521639 0.0521639 0.0521639 0 2

286 50 111.086 111.086 131.154 128.932 1.5
299 48 53.7692 53.7692 126.164 125.044 1.5
313 1 0.264866 0.264866 0.264866 0 1.5
5 1 0.0521639 0.0521639 0.0521639 0 2
528 1 0.0513877 0.0513877 0.0513877 0 1.5

299 50 107.502 107.502 133.303 131.153 1.5
286 49 58.32 58.32 132.129 130.939 1.5
313 1 0.264866 0.264866 0.264866 0 1.5
5 1 0.0521639 0.0521639 0.0521639 0 2

299 48 58.7021 58.7021 128.129 126.906 1.5
286 47 94.9277 94.9277 127.668 125.648 1.5
313 4 42.7189 0.264866 10.8787 9.36434 1.5
5 1 0.0521639 0.0521639 0.0521639 0 2
559 1 0.00217698 0.00217698 0.00217698 0 1.5

286 48 94.0961 94.0961 129.441 127.481 1.5
299 47 59.6689 59.6689 128.409 127.139 1.5
313 4 42.7189 0.266251 10.8794 9.36474 1.5
569 1 0.103649 0.103649 0.103649 0 1.5
5 1 0.0521639 0.0521639 0.0521639 0 2

299 48 104.894 104.894 133.303 131.117 1.5
286 47 59.106 59.1059 132.061 130.804 1.5
313 3 32.0392 0.199688 10.8794 8.82942 1.5
5 1 0.0521639 0.0521639 0.0521639 0 2
569 1 0.0345497 0.0345497 0.0345498 6.66667e-09 1.5
607 1 1e-08 1e-08 1e-08 0 1.5

608 1 133.303 133.303 133.303 0 1.5
299 32 37.093 37.093 132.042 130.883 1.5
286 32 69.9293 69.9293 131.137 128.952 1.5
313 2 17.0876 0.1065 8.70341 6.11763 1.5
569 1 0.107144 0.107144 0.107144 0 1.5
613 1 0.0926345 0.0926345 0.0926345 6.66667e-09 1.5
5 1 0.0521639 0.0521639 0.0521639 0 2
609 1 0.0513877 0.0513877 0.0513877 0 1.5
610 1 0.0014151 0.0014151 0.0014151 0 1.5
621 1 1e-08 1e-08 1e-08 0 1.33333
620 1 1e-08 1e-08 1e-08 0 1.33333
619 1 5e-09 5e-09 1e-08 5e-09 1.5
618 1 1e-08 1e-08 1e-08 0 1.33333
617 1 1e-08 1e-08 1e-08 0 1.33333
616 1 1e-08 1e-08 1e-08 0 1.5
615 1 1e-08 1e-08 1e-08 0 1.33333
614 1 1e-08 1e-08 1e-08 0 1.5
612 1 1e-08 1e-08 1e-08 0 1.33333
611 1 1e-08 1e-08 1e-08 0 1.33333
607 1 1e-08 1e-08 1e-08 0 1.5

299 48 91.4076 91.4076 133.303 131.398 1.5
608 46 83.999 83.999 129.7 127.874 1.5
313 3 42.7189 0.264866 14.4167 11.6993 1.5
569 1 0.053572 0.053572 0.105397 0.0518246 1.5
5 1 0.0521639 0.0521639 0.0521639 0 2
633 1 0.0504856 0.0504856 0.0504856 0 1.5
613 1 0.0355624 0.0355624 0.0355624 5e-09 1.5

299 48 75.5989 69.5493 132.01 130.559 1.5
608 46 79.6354 79.6354 126.665 124.933 1.5
313 4 42.7189 0.0445625 10.8233 9.33211 1.5
569 1 0.107144 0.107144 0.107144 0 1.5
613 1 0.0711248 0.0711248 0.0711248 0 1.5
5 1 0.0521639 0.0521639 0.0521639 0 2

299 48 79.9437 73.5464 130.267 128.726 1.5
608 48 72.7106 72.7106 128.889 127.374 1.5
313 3 25.6314 0.158919 8.71162 7.07042 1.5
613 1 0.138952 0.138952 0.138952 5e-09 1.5
569 1 0.0357147 0.0357147 0.104814 0.0690995 1.5

299 32 53.9155 49.601 133.977 132.406 1.5
666 1 133.303 133.303 133.303 0 1.5
608 31 45.4108 45.4108 130.476 129.011 1.5
313 3 42.7189 0.266251 14.4171 11.6995 1.5
679 1 4.99345 4.99345 4.99345 0 1.5
569 1 0.103649 0.103649 0.103649 0 1.5
613 1 0.0711248 0.0711248 0.0711248 0 1.5
673 1 0.0300936 0.0300936 0.0300936 0 1.33333
684 1 0.00692338 0.00692338 0.00692338 0 1.5
669 1 0.00141499 0.00141499 0.00141499 0 1.5
670 1 1e-08 1e-08 1e-08 0 1.33333
671 1 1e-08 1e-08 1e-08 0 1.33333
672 1 1e-08 1e-08 1e-08 0 1.33333
668 1 1e-08 1e-08 1e-08 0 1.5
674 1 1e-08 1e-08 1e-08 0 1.33333
675 1 1e-08 1e-08 1e-08 0 1.5
676 1 1e-08 1e-08 1e-08 0 1.33333
677 1 1e-08 1e-08 1e-08 0 1.33333
678 1 1e-08 1e-08 1e-08 0 1.33333
667 1 1e-08 1e-08 1e-08 0 1.33333
680 1 1e-08 1e-08 1e-08 0 1.33333
681 1 1e-08 1e-08 1e-08 0 1.5
682 1 1e-08 1e-08 1e-08 0 1.33333
683 1 1e-08 1e-08 1e-08 0 1.5

299 31 71.299 65.5934 134.183 132.014 1.5
608 3 133.303 133.303 133.303 88.8685 1.5
666 31 58.2026 58.2026 133.303 131.425 1.5
313 3 42.7189 0.264866 14.4162 11.6992 1.5
679 1 4.99345 4.99345 4.99345 0 1.5
613 1 0.0694759 0.0694759 0.0694759 7.5e-09 1.5
691 1 0.0518771 0.0518771 0.0518771 0 1.33333
569 1 0.0357147 0.0357147 0.0357147 2.57017e-14 1.5
673 1 0.0300936 0.0300936 0.0300936 0 1.33333
694 1 0.0148385 0.0148385 0.0148385 0 1.5
684 1 0.00346169 0.00346169 0.0034617 5e-09 1.5
669 1 0.000353747 0.000353747 0.000709035 0.000355288 1.5
685 1 1e-08 1e-08 1e-08 0 1.33333
686 1 1e-08 1e-08 1e-08 0 1.33333
687 1 5e-09 5e-09 1e-08 5e-09 1.5
688 1 1e-08 1e-08 1e-08 0 1.33333
689 1 1e-08 1e-08 1e-08 0 1.33333
690 1 1e-08 1e-08 1e-08 0 1.33333
692 1 1e-08 1e-08 1e-08 0 1.33333
693 1 1e-08 1e-08 1e-08 0 1.33333
695 1 1e-08 1e-08 1e-08 0 1.5
696 1 1e-08 1e-08 1e-08 0 1.33333
697 1 1e-08 1e-08 1e-08 0 1.33333
698 1 1e-08 1e-08 1e-08 0 1.5
683 1 1e-08 1e-08 1e-08 0 1.5
682 1 1e-08 1e-08 1e-08 0 1.33333
681 1 5e-09 5e-09 1e-08 5e-09 1.5
680 1 1e-08 1e-08 1e-08 0 1.33333
667 1 1e-08 1e-08 1e-08 0 1.33333
678 1 1e-08 1e-08 1e-08 0 1.33333
677 1 1e-08 1e-08 1e-08 0 1.33333
676 1 1e-08 1e-08 1e-08 0 1.33333
675 1 1e-08 1e-08 1e-08 0 1.5
674 1 1e-08 1e-08 1e-08 0 1.33333
668 1 5e-09 5e-09 1e-08 5e-09 1.5
672 1 1e-08 1e-08 1e-08 0 1.33333
671 1 5e-09 5e-09 1e-08 5e-09 1.33333

299 32 73.599 67.7093 134.521 132.301 1.5
666 16 133.303 133.303 133.303 124.971 1.5
608 31 60.7704 60.7704 131.363 129.403 1.5
313 2 21.3595 0.133125 10.8794 7.64715 1.5
679 1 4.99346 4.99346 4.99346 0 1.5
699 1 0.113376 0.113376 0.113376 0 1.33333
569 1 0.103649 0.103649 0.103649 0 1.5
691 1 0.0518771 0.0518771 0.0518771 0 1.33333
694 1 0.0513877 0.0513877 0.0513877 0 1.5
613 1 0.0355624 0.0355624 0.0355624 5e-09 1.5
684 1 0.0354743 0.0354743 0.0354743 0 1.5
673 1 0.0300936 0.0300936 0.0300936 0 1.33333
701 1 0.00318957 0.00318957 0.00318957 0 1.5
708 1 0.0015701 0.0015701 0.0015701 0 1.5
669 1 0.0014151 0.0014151 0.0014151 0 1.5
675 1 1e-08 1e-08 1e-08 0 1.5
674 1 1e-08 1e-08 1e-08 0 1.33333
668 1 5e-09 5e-09 1e-08 5e-09 1.5
672 1 1e-08 1e-08 1e-08 0 1.33333
671 1 1e-08 1e-08 1e-08 0 1.33333
676 1 1e-08 1e-08 1e-08 0 1.33333
700 1 1e-08 1e-08 1e-08 0 1.33333
702 1 1e-08 1e-08 1e-08 0 1.33333
703 1 3.33333e-09 3.33333e-09 1e-08 6.66667e-09 1.5

299 32 65.3061 65.3061 137.488 135.447 1.5
608 24 133.303 133.303 133.303 127.748 1.5
666 29 63.3735 63.3735 127.23 125.044 1.5
313 2 42.7189 0.266251 21.4926 15.1037 1.5
679 1 4.99346 4.99346 4.99346 0 1.5
613 1 0.138952 0.138952 0.138952 5e-09 1.5
699 1 0.113376 0.113376 0.113376 0 1.33333
569 1 0.103649 0.103649 0.103649 0 1.5
673 1 0.0300936 0.0300936 0.0300936 0 1.33333
694 1 0.0256939 0.0256939 0.0256939 0 1.5
684 1 0.0177372 0.0177372 0.0177372 5e-09 1.5
691 1 0.0172924 0.0172924 0.0172924 6.66667e-09 1.33333
701 1 0.00318957 0.00318957 0.00318957 0 1.5
708 1 0.0015701 0.0015701 0.0015701 0 1.5
669 1 0.00141499 0.00141499 0.00141499 0 1.5
727 1 1e-08 1e-08 1e-08 0 1.33333
726 1 1e-08 1e-08 1e-08 0 1.33333
725 1 1e-08 1e-08 1e-08 0 1.5

299 33 68.3091 68.3091 137.236 135.166 1.5
666 29 133.303 133.303 133.303 128.706 1.5
608 30 63.4775 63.4775 127.013 124.897 1.5
313 2 21.3595 0.133125 10.8222 7.60607 1.5
679 1 2.49673 2.49673 2.49673 5e-09 1.5
699 1 0.113376 0.113376 0.113376 0 1.33333
569 1 0.107144 0.107144 0.107144 0 1.5
691 1 0.0518771 0.0518771 0.0518771 0 1.33333
673 1 0.0300936 0.0300936 0.0300936 0 1.33333
742 1 0.0300852 0.0300852 0.0300852 0 1.33333
733 1 0.0300558 0.0300558 0.0300558 0 1.33333

299 33 71.3677 71.3677 140.677 138.515 1.5
608 30 133.303 133.303 133.303 128.859 1.5
666 30 57.9577 57.9577 129.507 127.575 1.5
313 3 42.7189 0.264866 14.4167 11.6993 1.5
679 1 5.24441 5.24441 5.24441 0 1.5
699 1 0.113376 0.113376 0.113376 0 1.33333
569 1 0.103649 0.103649 0.103649 0 1.5
691 1 0.0518771 0.0518771 0.0518771 0 1.33333
673 1 0.0300936 0.0300936 0.0300936 0 1.33333

299 33 64.6167 64.6167 142.8 140.842 1.5
666 28 133.303 133.303 133.303 128.542 1.5
608 31 60.7704 60.7704 131.343 129.382 1.5
313 1 7.11982 7.11982 7.26521 0.145389 1.5
679 1 2.62221 2.62221 5.24441 2.6222 1.5
777 1 0.12218 0.12218 0.12218 0 1.5
699 1 0.113376 0.113376 0.113376 0 1.33333
569 1 0.103649 0.103649 0.103649 0 1.5
691 1 0.0518771 0.0518771 0.0518771 0 1.33333
673 1 0.0300936 0.0300936 0.0300936 0 1.33333
764 1 0.0148385 0.0148385 0.0148385 0 1.5
765 1 0.00318957 0.00318957 0.00318957 0 1.5

299 31 56.148 56.148 141.308 139.496 1.5
608 29 128.859 128.859 133.303 128.859 1.5
666 28 51.84 51.84 127.78 125.929 1.5
313 1 42.7189 42.7189 42.7189 0 1.5
679 1 5.24441 5.24441 5.24441 0 1.5
699 1 0.113376 0.113376 0.113376 0 1.33333
569 1 0.107144 0.107144 0.107144 0 1.5
764 1 0.0256939 0.0256939 0.0331131 0.00741924 1.5
673 1 0.0300936 0.0300936 0.0300936 0 1.33333
691 1 0.0259386 0.0259386 0.0259386 5e-09 1.33333
765 1 0.00318957 0.00318957 0.00318957 0 1.5
777 1 0.00148086 0.00148086 0.00148086 0 1.5
780 1 5e-09 5e-09 1e-08 5e-09 1.33333
781 1 1e-08 1e-08 1e-08 0 1.33333
782 1 1e-08 1e-08 1e-08 0 1.5
783 1 1e-08 1e-08 1e-08 0 1.33333

299 31 42.3758 42.3758 142.163 140.796 1.5
666 3 133.303 133.303 133.303 88.8685 1.5
608 28 58.32 58.32 129.14 127.057 1.5
313 1 42.7189 42.7189 42.7189 0 1.5
679 1 5.24441 5.24441 5.24441 0 1.5
699 1 0.113376 0.113376 0.113376 0 1.33333
569 1 0.107144 0.107144 0.107144 0 1.5
691 1 0.0518771 0.0518771 0.0518771 0 1.33333
764 1 0.0513877 0.0513877 0.0513877 0 1.5
673 1 0.0300936 0.0300936 0.0300936 0 1.33333
765 1 0.00159479 0.00159479 0.00318957 0.00159479 1.5
777 1 0.00148086 0.00148086 0.00148086 0 1.5
799 1 1e-08 1e-08 1e-08 0 1.33333
798 1 1e-08 1e-08 1e-08 0 1.33333
797 1 1e-08 1e-08 1e-08 0 1.5
796 1 1e-08 1e-08 1e-08 0 1.5
795 1 1e-08 1e-08 1e-08 0 1.33333
794 1 1e-08 1e-08 1e-08 0 1.33333
793 1 1e-08 1e-08 1e-08 0 1.33333
792 1 1e-08 1e-08 1e-08 0 1.33333
791 1 1e-08 1e-08 1e-08 0 1.33333
790 1 1e-08 1e-08 1e-08 0 1.33333
789 1 1e-08 1e-08 1e-08 0 1.33333
788 1 1e-08 1e-08 1e-08 0 1.33333
787 1 1e-08 1e-08 1e-08 0 1.33333
783 1 1e-08 1e-08 1e-08 0 1.33333
782 1 5e-09 5e-09 1e-08 5e-09 1.5
781 1 1e-08 1e-08 1e-08 0 1.33333
780 1 1e-08 1e-08 1e-08 0 1.33333

299 31 63.2653 63.2653 140.884 138.843 1.5
608 27 133.303 133.303 133.303 128.366 1.5
666 28 91.0361 91.036 130.089 126.838 1.5
313 1 42.7189 42.7189 42.7189 0 1.5
679 1 5.24441 5.24441 5.24441 0 1.5
814 1 0.38638 0.38638 0.38638 0 1.33333
805 1 0.206335 0.206335 0.227498 0.0211629 1.5
699 1 0.113376 0.113376 0.113376 0 1.33333
569 1 0.103649 0.103649 0.103649 0 1.5
815 1 0.0518776 0.0518776 0.0518776 0 1.33333
691 1 0.0518771 0.0518771 0.0518771 0 1.33333
764 1 0.0513877 0.0513877 0.0513877 0 1.5
673 1 0.0300936 0.0300936 0.0300936 0 1.33333
765 1 0.00318957 0.00318957 0.00318957 0 1.5
777 1 0.00148086 0.00148086 0.00148086 0 1.5
801 1 1e-08 1e-08 1e-08 0 1.33333
802 1 1e-08 1e-08 1e-08 0 1.33333
803 1 1e-08 1e-08 1e-08 0 1.33333

829 1 144.898 144.898 144.898 0 1.5
299 23 49.0096 49.0096 140.267 138.136 1.5
666 22 122.194 122.194 133.303 127.749 1.5
608 21 40.5704 40.5704 127.687 125.755 1.5
313 1 42.7189 42.7189 42.7189 0 1.5
679 1 2.6222 2.6222 2.6222 5e-09 1.5
814 1 0.38638 0.38638 0.38638 0 1.33333
777 1 0.12218 0.12218 0.12218 0 1.5
699 1 0.113376 0.113376 0.113376 0 1.33333
569 1 0.107144 0.107144 0.107144 0 1.5
764 1 0.0377047 0.0377047 0.0597801 0.0220754 1.5
815 1 0.0519304 0.0519304 0.0519304 0 1.33333
825 1 0.0518771 0.0518771 0.0518771 0 1.33333
691 1 0.0518771 0.0518771 0.0518771 0 1.33333
805 1 0.0423258 0.0423258 0.0423258 0 1.5
673 1 0.0300936 0.0300936 0.0300936 0 1.33333
820 1 0.0177372 0.0177372 0.0211989 0.00346169 1.5
765 1 0.00318957 0.00318957 0.00318957 0 1.5
823 1 0.000785049 0.000785049 0.000785054 5e-09 1.5
833 1 1e-08 1e-08 1e-08 0 1.33333
832 1 1e-08 1e-08 1e-08 0 1.33333
831 1 1e-08 1e-08 1e-08 0 1.33333
830 1 3.33333e-09 3.33333e-09 1e-08 6.66667e-09 1.5
828 1 3.33333e-09 3.33333e-09 1e-08 6.66667e-09 1.5
827 1 5e-09 5e-09 1e-08 5e-09 1.5
826 1 1e-08 1e-08 1e-08 0 1.33333
824 1 1e-08 1e-08 1e-08 0 1.33333
822 1 1e-08 1e-08 1e-08 0 1.33333
821 1 1e-08 1e-08 1e-08 0 1.5
819 1 1e-08 1e-08 1e-08 0 1.5
803 1 1e-08 1e-08 1e-08 0 1.33333
802 1 1e-08 1e-08 1e-08 0 1.33333
801 1 1e-08 1e-08 1e-08 0 1.33333

299 5 144.898 144.898 144.898 115.918 1.5
829 24 34.0936 34.0936 143.534 142.114 1.5
608 20 133.303 133.303 133.303 126.638 1.5
666 22 127.507 127.507 133.303 127.507 1.5
313 2 42.7189 0.266251 21.4926 15.1037 1.5
679 1 1.74813 1.74813 1.74865 0.000518825 1.5
805 1 0.41267 0.41267 0.41267 0 1.5
814 1 0.38638 0.38638 0.38638 0 1.33333
699 1 0.113376 0.113376 0.113376 0 1.33333
764 1 0.113114 0.113114 0.113114 0 1.5
569 1 0.107144 0.107144 0.107144 0 1.5
815 1 0.0519304 0.0519304 0.0519304 0 1.33333
825 1 0.0518771 0.0518771 0.0518771 0 1.33333
691 1 0.0518771 0.0518771 0.0518771 0 1.33333
673 1 0.0300936 0.0300936 0.0300936 0 1.33333
840 1 0.0212741 0.0212741 0.0212741 0 1.5
820 1 0.00692338 0.00692338 0.00692338 0 1.5
765 1 0.00318957 0.00318957 0.00318957 0 1.5
823 1 0.0015701 0.0015701 0.0015701 0 1.5
777 1 0.00148086 0.00148086 0.00148086 0 1.5
842 1 0.0014151 0.0014151 0.0014151 0 1.5
843 1 1e-08 1e-08 1e-08 0 1.33333
841 1 1e-08 1e-08 1e-08 0 1.33333
839 1 1e-08 1e-08 1e-08 0 1.33333
838 1 1e-08 1e-08 1e-08 0 1.33333
837 1 1e-08 1e-08 1e-08 0 1.33333
836 1 1e-08 1e-08 1e-08 0 1.33333
835 1 1e-08 1e-08 1e-08 0 1.33333
834 1 1e-08 1e-08 1e-08 0 1.33333
801 1 1e-08 1e-08 1e-08 0 1.33333
802 1 1e-08 1e-08 1e-08 0 1.33333
803 1 1e-08 1e-08 1e-08 0 1.33333
819 1 2.5e-09 2.5e-09 1e-08 7.5e-09 1.5

844 5 144.898 144.898 144.898 115.918 1.5
829 20 99.9297 99.9296 144.898 139.902 1.5
299 19 35.2957 35.2957 138.757 136.9 1.5
608 18 114.26 114.26 133.303 126.955 1.5
666 16 133.303 133.303 133.303 124.971 1.5
313 2 28.4793 0.1775 14.4167 10.1322 1.5
679 1 5.2444 5.2444 5.2444 0 1.5
805 1 0.41267 0.41267 0.41267 0 1.5
814 1 0.38638 0.38638 0.38638 0 1.33333
699 1 0.113376 0.113376 0.113376 0 1.33333
569 1 0.103649 0.103649 0.103649 0 1.5
850 1 0.0519409 0.0519409 0.0519409 0 1.33333
815 1 0.0518776 0.0518776 0.0518776 0 1.33333
825 1 0.0518771 0.0518771 0.0518771 0 1.33333
691 1 0.0518771 0.0518771 0.0518771 0 1.33333
764 1 0.0377047 0.0377047 0.0451911 0.00748649 1.5
673 1 0.0300936 0.0300936 0.0300936 0 1.33333
840 1 0.0212741 0.0212741 0.0212741 0 1.5
820 1 0.00692338 0.00692338 0.00692338 0 1.5
765 1 0.00318957 0.00318957 0.00318957 0 1.5
823 1 0.0015701 0.0015701 0.0015701 0 1.5
777 1 0.00148086 0.00148086 0.00148086 0 1.5
842 1 0.000707493 0.000707493 0.000707498 5e-09 1.5
858 1 1e-08 1e-08 1e-08 0 1.33333
857 1 1e-08 1e-08 1e-08 0 1.5
856 1 5e-09 5e-09 1e-08 5e-09 1.5
855 1 1e-08 1e-08 1e-08 0 1.33333

829 3 144.898 144.898 144.898 96.5987 1.5
844 23 30.2969 30.2969 139.013 137.695 1.5
299 23 104.145 95.8114 138.738 134.336 1.5
608 17 133.303 133.303 133.303 125.461 1.5
313 2 42.7189 0.266251 21.4926 15.1037 1.5
679 1 5.24441 5.24441 5.24441 0 1.5
814 1 0.147837 0.147837 0.147837 0 1.33333
699 1 0.113376 0.113376 0.113376 0 1.33333
764 1 0.113114 0.113114 0.113114 0 1.5
569 1 0.103649 0.103649 0.103649 0 1.5
850 1 0.0519409 0.0519409 0.0519409 0 1.33333
815 1 0.0518776 0.0518776 0.0518776 0 1.33333
825 1 0.0518771 0.0518771 0.0518771 0 1.33333
691 1 0.0518771 0.0518771 0.0518771 0 1.33333
805 1 0.0423258 0.0423258 0.0423258 0 1.5
673 1 0.0300936 0.0300936 0.0300936 0 1.33333
840 1 0.0212741 0.0212741 0.0212741 0 1.5
820 1 0.00692338 0.00692338 0.00692338 0 1.5
765 1 0.00318957 0.00318957 0.00318957 0 1.5
823 1 0.0015701 0.0015701 0.0015701 0 1.5
777 1 0.00148086 0.00148086 0.00148086 0 1.5
842 1 0.000707493 0.000707493 0.000707498 5e-09 1.5
871 1 1e-08 1e-08 1e-08 0 1.33333
870 1 1e-08 1e-08 1e-08 0 1.33333
869 1 1e-08 1e-08 1e-08 0 1.33333
868 1 1e-08 1e-08 1e-08 0 1.5
867 1 1e-08 1e-08 1e-08 0 1.33333
866 1 1e-08 1e-08 1e-08 0 1.33333
865 1 1e-08 1e-08 1e-08 0 1.33333
864 1 1e-08 1e-08 1e-08 0 1.33333
863 1 1e-08 1e-08 1e-08 0 1.33333
862 1 1e-08 1e-08 1e-08 0 1.5
861 1 1e-08 1e-08 1e-08 0 1.33333
860 1 5e-09 5e-09 1e-08 5e-09 1.5
859 1 1e-08 1e-08 1e-08 0 1.33333
855 1 1e-08 1e-08 1e-08 0 1.33333
856 1 5e-09 5e-09 1e-08 5e-09 1.5
857 1 1e-08 1e-08 1e-08 0 1.5

844 12 144.898 144.898 144.898 132.823 1.5
829 23 34.0067 34.0067 139.259 137.78 1.5
299 8 133.303 133.303 133.303 116.64 1.5
608 17 133.303 133.303 133.303 125.461 1.5
313 2 42.7189 0.266251 21.4926 15.1037 1.5
877 1 5.24441 5.24441 5.24441 0 1.5
679 1 1.74814 1.74814 1.76745 0.0193159 1.5
805 1 0.41267 0.41267 0.41267 0 1.5
842 1 0.09333 0.09333 0.195975 0.102645 1.5
884 1 0.149614 0.149614 0.149614 0 1.33333
814 1 0.147837 0.147837 0.147837 0 1.33333
699 1 0.113376 0.113376 0.113376 0 1.33333
569 1 0.103649 0.103649 0.103649 0 1.5
764 1 0.056557 0.056557 0.0591158 0.00255882 1.5
850 1 0.0519409 0.0519409 0.0519409 0 1.33333
815 1 0.0519304 0.0519304 0.0519304 0 1.33333
887 1 0.0518976 0.0518976 0.0518976 0 1.33333
825 1 0.0518771 0.0518771 0.0518771 0 1.33333
691 1 0.0518771 0.0518771 0.0518771 0 1.33333
868 1 0.0478016 0.0478016 0.0478016 5e-09 1.5
673 1 0.0300936 0.0300936 0.0300936 0 1.33333
840 1 0.0212741 0.0212741 0.0212741 0 1.5
820 1 0.00692338 0.00692338 0.00692338 0 1.5
765 1 0.00318957 0.00318957 0.00318957 0 1.5
823 1 0.0015701 0.0015701 0.0015701 0 1.5
777 1 0.00148086 0.00148086 0.00148086 0 1.5
872 1 0.000707493 0.000707493 0.00141499 0.000707493 1.5
888 1 1e-08 1e-08 1e-08 0 1.33333
889 1 1e-08 1e-08 1e-08 0 1.33333
886 1 1e-08 1e-08 1e-08 0 1.33333
885 1 1e-08 1e-08 1e-08 0 1.33333
890 1 1e-08 1e-08 1e-08 0 1.33333
883 1 1e-08 1e-08 1e-08 0 1.33333
882 1 1e-08 1e-08 1e-08 0 1.33333
881 1 1e-08 1e-08 1e-08 0 1.33333
880 1 1e-08 1e-08 1e-08 0 1.33333
879 1 1e-08 1e-08 1e-08 0 1.33333
878 1 1e-08 1e-08 1e-08 0 1.33333
876 1 1e-08 1e-08 1e-08 0 1.33333
875 1 1e-08 1e-08 1e-08 0 1.5
871 1 1e-08 1e-08 1e-08 0 1.33333
870 1 1e-08 1e-08 1e-08 0 1.33333
869 1 1e-08 1e-08 1e-08 0 1.33333
867 1 1e-08 1e-08 1e-08 0 1.33333

