5 1 0.052299 0.052299 0.052299 0 2
1 1 1e-08 1e-08 1e-08 0 0
2 1 1e-08 1e-08 1e-08 0 2
3 1 1e-08 1e-08 1e-08 0 2
4 1 1e-08 1e-08 1e-08 0 2

5 80 0.000827996 0.000550978 0.000654415 2.26899e-05 2
19 1 1e-08 1e-08 1e-08 0 1.5
18 1 1e-08 1e-08 1e-08 0 1.5
17 1 1e-08 1e-08 1e-08 0 1.5
16 1 1e-08 1e-08 1e-08 0 1.5
15 1 1e-08 1e-08 1e-08 0 1.5
14 1 1e-08 1e-08 1e-08 0 1.5
13 1 1e-08 1e-08 1e-08 0 1.5
12 1 1e-08 1e-08 1e-08 0 1.5
11 1 1e-08 1e-08 1e-08 0 1.5
10 1 1e-08 1e-08 1e-08 0 1.5
9 1 1e-08 1e-08 1e-08 0 1.5
8 1 1e-08 1e-08 1e-08 0 1.5
7 1 1e-08 1e-08 1e-08 0 1.5
6 1 1e-08 1e-08 1e-08 0 1.5
4 1 5e-09 5e-09 1e-08 5e-09 2
3 1 2.5e-09 2.5e-09 1e-08 7.5e-09 2
2 1 5e-09 5e-09 1e-08 5e-09 2
1 1 3.33333e-09 3.33333e-09 1e-08 6.66667e-09 0

5 99 0.000413998 0.000326869 0.000526838 0.00019928 2
31 1 1e-08 1e-08 1e-08 0 1.5
30 1 1e-08 1e-08 1e-08 0 1.5

5 99 0.000578453 0.000284233 0.000530101 0.000243367 2
31 1 1e-08 1e-08 1e-08 0 1.5
30 1 1e-08 1e-08 1e-08 0 1.5

55 1 1.2212 1.2212 1.2212 0 1.5
5 4 0.000578453 0.000578453 0.0134993 0.0129209 2
31 1 1e-08 1e-08 1e-08 0 1.5
30 1 1e-08 1e-08 1e-08 0 1.5
44 1 5e-09 5e-09 1e-08 5e-09 2
45 1 5e-09 5e-09 1e-08 5e-09 2
46 1 1e-08 1e-08 1e-08 0 1.5
47 1 1e-08 1e-08 1e-08 0 1.5
48 1 1e-08 1e-08 1e-08 0 1.5
49 1 1e-08 1e-08 1e-08 0 2
50 1 1e-08 1e-08 1e-08 0 1.5
51 1 5e-09 5e-09 1e-08 5e-09 0
52 1 1e-08 1e-08 1e-08 0 1.5
53 1 1e-08 1e-08 1e-08 0 1.5
54 1 1e-08 1e-08 1e-08 0 1.5

55 75 0.0164621 0.0162827 0.0162851 2.05715e-05 1.5
5 4 0.0266088 0.0266088 0.0266088 0 2
58 1 3.33333e-09 3.33333e-09 1e-08 6.66667e-09 1.5
59 1 3.33333e-09 3.33333e-09 1e-08 6.66667e-09 1.5
60 1 1e-08 1e-08 1e-08 0 1.5
61 1 1.66667e-09 1.66667e-09 1e-08 8.33333e-09 1.5
62 1 1e-08 1e-08 1e-08 0 1.33333
63 1 1e-08 1e-08 1e-08 0 1.33333
64 1 1e-08 1e-08 1e-08 0 1.33333
65 1 1e-08 1e-08 1e-08 0 1.33333
66 1 1e-08 1e-08 1e-08 0 1.5
67 1 1e-08 1e-08 1e-08 0 1.33333
68 1 1e-08 1e-08 1e-08 0 1.33333
69 1 1e-08 1e-08 1e-08 0 1.33333
70 1 1e-08 1e-08 1e-08 0 1.33333
71 1 1e-08 1e-08 1e-08 0 1.33333
72 1 1e-08 1e-08 1e-08 0 1.5
57 1 1e-08 1e-08 1e-08 0 1.33333
56 1 1e-08 1e-08 1e-08 0 1.33333
54 1 1e-08 1e-08 1e-08 0 1.5
53 1 1e-08 1e-08 1e-08 0 1.5
52 1 1e-08 1e-08 1e-08 0 1.5
51 1 1e-08 1e-08 1e-08 0 0
50 1 1e-08 1e-08 1e-08 0 1.5

55 78 0.198646 0.00830751 0.0186318 0.0228176 1.5
5 9 0.0785755 0.00967595 0.0194817 0.0217595 2
65 1 0.147896 0.147896 0.147896 0 1.33333
78 1 0.0507573 0.0507573 0.0507573 0 1.33333
62 1 0.0356146 0.0356146 0.0356146 5e-09 1.33333
82 1 1e-08 1e-08 1e-08 0 1.33333
81 1 1e-08 1e-08 1e-08 0 1.33333
80 1 1e-08 1e-08 1e-08 0 1.33333
79 1 1e-08 1e-08 1e-08 0 1.33333
83 1 1e-08 1e-08 1e-08 0 1.33333
77 1 1e-08 1e-08 1e-08 0 1.33333
76 1 1e-08 1e-08 1e-08 0 1.33333
75 1 1e-08 1e-08 1e-08 0 1.33333
74 1 1e-08 1e-08 1e-08 0 1.33333
73 1 1e-08 1e-08 1e-08 0 1.33333
50 1 1e-08 1e-08 1e-08 0 1.5

55 73 0.181372 0.00758512 0.0228059 0.0299149 1.5
5 8 0.0960367 0.0118262 0.0238307 0.0278892 2
78 1 0.174253 0.174253 0.174253 0 1.33333
65 2 0.129551 0.0401344 0.0848428 0.0447084 1.33333
62 1 0.0712292 0.0712292 0.0712292 0 1.33333
91 1 1e-08 1e-08 1e-08 0 1.5
90 1 1e-08 1e-08 1e-08 0 1.33333
89 1 1e-08 1e-08 1e-08 0 1.33333
88 1 1e-08 1e-08 1e-08 0 1.5
87 1 2e-09 2e-09 1e-08 8e-09 1.5
86 1 1e-08 1e-08 1e-08 0 1.5
85 1 1e-08 1e-08 1e-08 0 1.33333
84 1 2e-09 2e-09 1e-08 8e-09 1.5
50 1 1e-08 1e-08 1e-08 0 1.5
73 1 1e-08 1e-08 1e-08 0 1.33333
74 1 1e-08 1e-08 1e-08 0 1.33333
75 1 1e-08 1e-08 1e-08 0 1.33333
76 1 1e-08 1e-08 1e-08 0 1.33333
77 1 1e-08 1e-08 1e-08 0 1.33333
83 1 1e-08 1e-08 1e-08 0 1.33333
79 1 1e-08 1e-08 1e-08 0 1.33333

55 89 0.314367 0.008196 0.0329893 0.0560785 1.5
5 6 0.108041 0.0133044 0.0335287 0.0355838 2
62 1 0.0712292 0.0712292 0.0712292 0 1.33333
65 1 0.0401344 0.0401344 0.0543709 0.0142365 1.33333
92 1 0.00747341 0.00747341 0.00747341 8.33333e-09 1.5
105 1 1e-08 1e-08 1e-08 0 1.33333
104 1 1e-08 1e-08 1e-08 0 1.33333
103 1 1e-08 1e-08 1e-08 0 1.33333

55 89 0.290936 0.00758512 0.0403615 0.0585771 1.5
5 5 0.144055 0.0177392 0.0465502 0.0506507 2
110 1 0.110446 0.110446 0.110446 0 1.33333
62 1 0.0712292 0.0712292 0.0712292 0 1.33333
92 1 0.00640578 0.00640578 0.00640578 8.57143e-09 1.5
122 1 1e-08 1e-08 1e-08 0 1.33333
121 1 1e-08 1e-08 1e-08 0 1.33333
120 1 1e-08 1e-08 1e-08 0 1.33333
119 1 1e-08 1e-08 1e-08 0 1.33333

55 77 0.28914 0.0133318 0.067674 0.0726732 1.5
5 1 0.86433 0.86433 0.86433 0 2
136 1 0.273308 0.273308 0.273308 0 1.33333
110 1 0.110446 0.110446 0.110446 0 1.33333
123 1 0.0266088 0.0266088 0.106435 0.0798265 2
62 1 0.0712292 0.0712292 0.0712292 0 1.33333
132 1 0.0441355 0.0441355 0.0441355 0 1.33333
124 1 0.0224202 0.0224202 0.0224202 5e-09 1.5
138 1 1e-08 1e-08 1e-08 0 1.5
137 1 1e-08 1e-08 1e-08 0 1.33333
135 1 1e-08 1e-08 1e-08 0 1.33333
134 1 1e-08 1e-08 1e-08 0 1.5
133 1 1e-08 1e-08 1e-08 0 1.33333
131 1 1e-08 1e-08 1e-08 0 1.33333
130 1 5e-09 5e-09 1e-08 5e-09 1.5
129 1 1e-08 1e-08 1e-08 0 1.33333
128 1 2e-09 2e-09 1e-08 8e-09 1.5
127 1 1e-08 1e-08 1e-08 0 1.33333
126 1 1e-08 1e-08 1e-08 0 1.33333
125 1 2e-09 2e-09 1e-08 8e-09 1.5
119 1 1e-08 1e-08 1e-08 0 1.33333
120 1 1e-08 1e-08 1e-08 0 1.33333
121 1 1e-08 1e-08 1e-08 0 1.33333
122 1 1e-08 1e-08 1e-08 0 1.33333
92 1 3.33333e-09 3.33333e-09 1e-08 6.66667e-09 1.5

55 84 0.302198 0.0221372 0.0971783 0.0830523 1.5
5 8 0.086433 0.086433 0.108041 0.0216083 2
136 1 0.273308 0.273308 0.273308 0 1.33333
110 1 0.110446 0.110446 0.110446 0 1.33333
123 1 0.106435 0.106435 0.106435 0 2
62 1 0.0712292 0.0712292 0.0712292 0 1.33333
132 1 0.0441355 0.0441355 0.0441355 0 1.33333
124 1 0.0224202 0.0224202 0.0224202 5e-09 1.5
119 1 1e-08 1e-08 1e-08 0 1.33333
120 1 5e-09 5e-09 1e-08 5e-09 1.33333
121 1 1e-08 1e-08 1e-08 0 1.33333

55 88 0.318645 0.0233419 0.130413 0.0886152 1.5
5 6 0.057622 0.057622 0.144055 0.086433 2
136 1 0.273308 0.273308 0.273308 0 1.33333
110 1 0.110446 0.110446 0.110446 0 1.33333
123 1 0.106435 0.106435 0.106435 0 2
62 1 0.0712292 0.0712292 0.0712292 0 1.33333
132 1 0.0441355 0.0441355 0.0441355 0 1.33333
124 1 0.00896809 0.00896809 0.00896809 8e-09 1.5
156 1 0.000405036 0.000405036 0.000405043 6.66667e-09 1.5

55 91 0.280484 0.0311711 0.172958 0.0633619 1.5
5 5 0.144055 0.144055 0.172866 0.028811 2
136 1 0.273308 0.273308 0.273308 0 1.33333
110 1 0.110446 0.110446 0.110446 0 1.33333
123 1 0.106435 0.106435 0.106435 0 2
62 1 0.0712292 0.0712292 0.0712292 0 1.33333
132 1 0.0441355 0.0441355 0.0441355 0 1.33333

55 94 0.27233 0.169773 0.255319 0.0809629 1.5
5 3 0.172866 0.172866 0.28811 0.115244 2
136 1 0.273308 0.273308 0.273308 0 1.33333
110 1 0.110446 0.110446 0.110446 0 1.33333
123 1 0.106435 0.106435 0.106435 0 2
132 1 0.0441355 0.0441355 0.0441355 0 1.33333

55 95 0.2692 0.167821 0.305389 0.126813 1.5
5 2 0.28811 0.28811 0.432165 0.144055 2
136 1 0.273308 0.273308 0.273308 0 1.33333
110 1 0.110446 0.110446 0.110446 0 1.33333
123 1 0.106435 0.106435 0.106435 0 2
193 1 0.0523209 0.0523209 0.0523209 0 1.33333

55 95 0.264637 0.164977 0.307457 0.126892 1.5
5 2 0.432165 0.432165 0.432165 0 2
136 1 0.273308 0.273308 0.273308 0 1.33333
110 1 0.110446 0.110446 0.110446 0 1.33333
123 1 0.106435 0.106435 0.106435 0 2
193 1 0.0523209 0.0523209 0.0523209 0 1.33333

55 95 0.26315 0.16405 0.321468 0.132184 1.5
5 2 0.432165 0.432165 0.432165 0 2
136 1 0.273308 0.273308 0.273308 0 1.33333
110 1 0.110446 0.110446 0.110446 0 1.33333
123 1 0.106435 0.106435 0.106435 0 2
193 1 0.0523209 0.0523209 0.0523209 0 1.33333

55 95 0.273923 0.170766 0.340663 0.123938 1.5
5 2 0.432165 0.432165 0.432165 0 2
136 1 0.150277 0.150277 0.286931 0.136654 1.33333
110 1 0.110446 0.110446 0.110446 0 1.33333
123 1 0.106435 0.106435 0.106435 0 2
193 1 0.0523209 0.0523209 0.0523209 0 1.33333

55 95 0.267661 0.185059 0.348458 0.110729 1.5
5 2 0.432165 0.432165 0.432165 0 2
136 1 0.300554 0.300554 0.300554 0 1.33333
110 1 0.110446 0.110446 0.110446 0 1.33333
123 1 0.106435 0.106435 0.106435 0 2
193 1 0.0523209 0.0523209 0.0523209 0 1.33333

55 96 0.267661 0.267661 0.392921 0.12526 1.5
5 2 0.432165 0.432165 0.432165 0 2
136 1 0.300554 0.300554 0.300554 0 1.33333
110 1 0.110446 0.110446 0.110446 0 1.33333
123 1 0.106435 0.106435 0.106435 0 2

55 96 0.25596 0.25596 0.466778 0.210818 1.5
5 1 0.432165 0.432165 0.86433 0.432165 2
288 1 0.318755 0.318755 0.318755 0 1.33333
136 1 0.150277 0.150277 0.150277 5e-09 1.33333
110 1 0.110446 0.110446 0.110446 0 1.33333
123 1 0.106435 0.106435 0.106435 0 2

55 95 0.486238 0.2692 0.481433 0.211114 1.5
5 1 0.86433 0.86433 0.86433 0 2
288 1 0.318755 0.318755 0.318755 0 1.33333
136 1 0.300554 0.300554 0.300554 0 1.33333
110 1 0.170058 0.170058 0.225281 0.0552229 1.33333
295 1 0.187463 0.187463 0.187463 0 1.33333
123 1 0.106435 0.106435 0.106435 0 2

55 49 0.489048 0.270756 0.963775 0.681666 1.5
309 2 23.4204 23.4204 23.4204 0 1.5
5 1 0.86433 0.86433 0.86433 0 2
110 1 0.340117 0.340117 0.340117 0 1.33333
288 1 0.318755 0.318755 0.318755 0 1.33333
136 1 0.300554 0.300554 0.300554 0 1.33333
295 1 0.187463 0.187463 0.187463 0 1.33333
123 1 0.106435 0.106435 0.106435 0 2
326 1 1e-08 1e-08 1e-08 0 1.33333
325 1 1e-08 1e-08 1e-08 0 1.5
324 1 1e-08 1e-08 1e-08 0 1.5
323 1 1e-08 1e-08 1e-08 0 1.33333
322 1 1e-08 1e-08 1e-08 0 1.33333
321 1 1e-08 1e-08 1e-08 0 1.5
320 1 1e-08 1e-08 1e-08 0 1.33333
319 1 1e-08 1e-08 1e-08 0 1.33333
318 1 5e-09 5e-09 1e-08 5e-09 1.5
317 1 1e-08 1e-08 1e-08 0 1.33333
316 1 5e-09 5e-09 1e-08 5e-09 1.5
315 1 5e-09 5e-09 1e-08 5e-09 1.5
314 1 1e-08 1e-08 1e-08 0 1.33333
313 1 1e-08 1e-08 1e-08 0 1.33333
312 1 1e-08 1e-08 1e-08 0 1.33333
311 1 1e-08 1e-08 1e-08 0 1.33333
310 1 1e-08 1e-08 1e-08 0 1.33333

55 95 0.626706 0.346969 0.490451 0.142753 1.5
5 1 0.86433 0.86433 0.86433 0 2
110 1 0.340117 0.340117 0.340117 0 1.33333
288 1 0.318755 0.318755 0.318755 0 1.33333
136 1 0.300554 0.300554 0.300554 0 1.33333
295 1 0.187463 0.187463 0.187463 0 1.33333
123 1 0.106435 0.106435 0.106435 0 2

55 95 0.486238 0.2692 0.495391 0.217401 1.5
5 1 0.86433 0.86433 0.86433 0 2
110 1 0.170058 0.170058 0.340111 0.170053 1.33333
288 1 0.318755 0.318755 0.318755 0 1.33333
136 1 0.300554 0.300554 0.300554 0 1.33333
295 1 0.187463 0.187463 0.187463 0 1.33333
123 1 0.106435 0.106435 0.106435 0 2

55 95 0.483459 0.267661 0.502102 0.220224 1.5
5 1 0.86433 0.86433 0.86433 0 2
110 1 0.340117 0.340117 0.340117 0 1.33333
364 1 0.340042 0.340042 0.340042 0 1.33333
288 1 0.318755 0.318755 0.318755 0 1.33333
136 1 0.300554 0.300554 0.300554 0 1.33333
295 1 0.187463 0.187463 0.187463 0 1.33333

55 50 0.525499 0.290936 1.00599 0.644227 1.5
365 10 4.68408 4.68408 4.68408 8.88178e-16 1.5
5 1 0.86433 0.86433 0.86433 0 2
110 1 0.340117 0.340117 0.340117 0 1.33333
364 1 0.340042 0.340042 0.340042 0 1.33333
288 1 0.318755 0.318755 0.318755 0 1.33333
136 1 0.300554 0.300554 0.300554 0 1.33333
295 1 0.187463 0.187463 0.187463 0 1.33333
371 1 0.00520193 0.00520193 0.00520193 6.66667e-09 1.5
383 1 1e-08 1e-08 1e-08 0 1.33333
382 1 1e-08 1e-08 1e-08 0 1.5
381 1 1e-08 1e-08 1e-08 0 1.33333
380 1 1e-08 1e-08 1e-08 0 1.33333
379 1 1e-08 1e-08 1e-08 0 1.33333
378 1 1e-08 1e-08 1e-08 0 1.33333
377 1 1e-08 1e-08 1e-08 0 1.33333
376 1 1e-08 1e-08 1e-08 0 1.33333
375 1 3.33333e-09 3.33333e-09 1e-08 6.66667e-09 1.5
374 1 1e-08 1e-08 1e-08 0 1.33333
373 1 1e-08 1e-08 1e-08 0 1.5
372 1 1e-08 1e-08 1e-08 0 1.33333
366 1 5e-09 5e-09 1e-08 5e-09 1.5
370 1 1e-08 1e-08 1e-08 0 1.33333
369 1 1e-08 1e-08 1e-08 0 1.33333
368 1 1e-08 1e-08 1e-08 0 1.33333
367 1 5e-09 5e-09 1e-08 5e-09 1.5

55 96 0.600038 0.332204 0.567975 0.186515 1.5
5 1 0.86433 0.86433 0.86433 0 2
110 1 0.340117 0.340117 0.340117 0 1.33333
364 1 0.340042 0.340042 0.340042 0 1.33333
288 1 0.318755 0.318755 0.318755 0 1.33333
295 1 0.187463 0.187463 0.187463 0 1.33333

55 96 0.509671 0.282173 0.618697 0.217129 1.5
5 1 0.86433 0.86433 0.86433 0 2
110 1 0.340117 0.340117 0.340117 0 1.33333
364 1 0.340042 0.340042 0.340042 0 1.33333
288 1 0.318755 0.318755 0.318755 0 1.33333
295 1 0.187463 0.187463 0.187463 0 1.33333

55 97 0.477996 0.477996 0.708062 0.230066 1.5
5 1 0.86433 0.86433 0.86433 0 2
110 1 0.340117 0.340117 0.340117 0 1.33333
364 1 0.340042 0.340042 0.340042 0 1.33333
288 1 0.318755 0.318755 0.318755 0 1.33333

55 97 0.483459 0.483459 0.858179 0.37472 1.5
5 1 0.86433 0.86433 0.86433 0 2
110 1 0.340117 0.340117 0.340117 0 1.33333
364 1 0.340042 0.340042 0.340042 0 1.33333
288 1 0.318755 0.318755 0.318755 0 1.33333

55 97 0.480712 0.480712 0.857603 0.37689 1.5
5 1 0.86433 0.86433 0.86433 0 2
110 1 0.340117 0.340117 0.340117 0 1.33333
364 1 0.340042 0.340042 0.340042 0 1.33333
288 1 0.318755 0.318755 0.318755 0 1.33333

55 97 0.475311 0.475311 0.839528 0.364217 1.5
5 1 0.86433 0.86433 0.86433 0 2
110 1 0.340117 0.340117 0.340117 0 1.33333
364 1 0.340042 0.340042 0.340042 0 1.33333
288 1 0.318755 0.318755 0.318755 0 1.33333

55 97 0.459812 0.459812 0.87222 0.412408 1.5
5 1 0.86433 0.86433 0.86433 0 2
110 1 0.340117 0.340117 0.340117 0 1.33333
364 1 0.340042 0.340042 0.340042 0 1.33333
288 1 0.318755 0.318755 0.318755 0 1.33333

55 97 0.467433 0.467433 0.84702 0.379588 1.5
5 1 0.86433 0.86433 0.86433 0 2
110 1 0.340117 0.340117 0.340117 0 1.33333
364 1 0.340042 0.340042 0.340042 0 1.33333
288 1 0.159377 0.159377 0.159377 5e-09 1.33333

55 97 0.494768 0.494768 0.853584 0.358816 1.5
5 1 0.86433 0.86433 0.86433 0 2
110 1 0.340117 0.340117 0.340117 0 1.33333
364 1 0.340042 0.340042 0.340042 0 1.33333
288 1 0.318755 0.318755 0.318755 0 1.33333

55 97 0.477996 0.477996 0.857743 0.379746 1.5
5 1 0.86433 0.86433 0.86433 0 2
110 1 0.340117 0.340117 0.340117 0 1.33333
364 1 0.340042 0.340042 0.340042 0 1.33333
288 1 0.318755 0.318755 0.318755 0 1.33333

536 1 84.6053 84.6053 84.6053 0 1.5
55 48 0.660139 0.497678 1.70522 1.20438 1.5
5 1 0.86433 0.86433 0.86433 0 2
110 1 0.340117 0.340117 0.340117 0 1.33333
288 1 0.318755 0.318755 0.318755 0 1.33333
364 1 0.170021 0.170021 0.170021 5e-09 1.33333
540 1 1e-08 1e-08 1e-08 0 1.33333
539 1 1e-08 1e-08 1e-08 0 1.33333
538 1 1e-08 1e-08 1e-08 0 1.33333
537 1 1e-08 1e-08 1e-08 0 1.33333
535 1 1e-08 1e-08 1e-08 0 1.33333
534 1 1e-08 1e-08 1e-08 0 1.5
533 1 5e-09 5e-09 1e-08 5e-09 1.5
532 1 1e-08 1e-08 1e-08 0 1.33333
531 1 1e-08 1e-08 1e-08 0 1.33333
530 1 1e-08 1e-08 1e-08 0 1.33333
529 1 2e-09 2e-09 1e-08 8e-09 1.5
528 1 5e-09 5e-09 1e-08 5e-09 1.5
527 1 2.5e-09 2.5e-09 1e-08 7.5e-09 1.5
526 1 1e-08 1e-08 1e-08 0 1.33333
525 1 5e-09 5e-09 1e-08 5e-09 1.5

55 7 12.0865 12.0865 12.0865 1.77636e-15 1.5
536 48 0.897789 0.676843 1.71637 1.03127 1.5
5 1 0.86433 0.86433 0.86433 0 2
110 1 0.340117 0.340117 0.340117 0 1.33333
364 1 0.340042 0.340042 0.340042 0 1.33333
288 1 0.318755 0.318755 0.318755 0 1.33333
527 1 1e-08 1e-08 1e-08 0 1.5
526 1 1e-08 1e-08 1e-08 0 1.33333
525 1 3.33333e-09 3.33333e-09 1e-08 6.66667e-09 1.5
541 1 3.33333e-09 3.33333e-09 1e-08 6.66667e-09 1.5
542 1 1e-08 1e-08 1e-08 0 1.33333
543 1 1e-08 1e-08 1e-08 0 1.33333
544 1 1e-08 1e-08 1e-08 0 1.33333
545 1 1e-08 1e-08 1e-08 0 1.33333
546 1 1e-08 1e-08 1e-08 0 1.33333
547 1 1e-08 1e-08 1e-08 0 1.33333
548 1 1e-08 1e-08 1e-08 0 1.33333
528 1 5e-09 5e-09 1e-08 5e-09 1.5
529 1 3.33333e-09 3.33333e-09 1e-08 6.66667e-09 1.5
530 1 5e-09 5e-09 1e-08 5e-09 1.33333
531 1 1e-08 1e-08 1e-08 0 1.33333
532 1 1e-08 1e-08 1e-08 0 1.33333
533 1 1e-08 1e-08 1e-08 0 1.5
534 1 5e-09 5e-09 1e-08 5e-09 1.5
535 1 1e-08 1e-08 1e-08 0 1.33333
537 1 1e-08 1e-08 1e-08 0 1.33333
538 1 1e-08 1e-08 1e-08 0 1.33333
539 1 1e-08 1e-08 1e-08 0 1.33333
540 1 1e-08 1e-08 1e-08 0 1.33333

55 33 1.45745 1.09877 2.57588 1.4384 1.5
559 1 84.6053 84.6053 84.6053 0 1.5
536 32 1.59633 1.59633 2.59482 0.998492 1.5
5 1 0.86433 0.86433 0.86433 0 2
110 1 0.340117 0.340117 0.340117 0 1.33333
364 1 0.340042 0.340042 0.340042 0 1.33333
288 1 0.318755 0.318755 0.318755 0 1.33333
537 1 1e-08 1e-08 1e-08 0 1.33333
538 1 1e-08 1e-08 1e-08 0 1.33333
539 1 1e-08 1e-08 1e-08 0 1.33333
540 1 5e-09 5e-09 1e-08 5e-09 1.33333
549 1 1e-08 1e-08 1e-08 0 1.33333
550 1 1e-08 1e-08 1e-08 0 1.33333
551 1 1e-08 1e-08 1e-08 0 1.5
552 1 1e-08 1e-08 1e-08 0 1.33333
553 1 1e-08 1e-08 1e-08 0 1.33333
554 1 1e-08 1e-08 1e-08 0 1.33333
555 1 5e-09 5e-09 1e-08 5e-09 1.5
556 1 1e-08 1e-08 1e-08 0 1.33333
557 1 1e-08 1e-08 1e-08 0 1.33333
558 1 1e-08 1e-08 1e-08 0 1.33333
560 1 1e-08 1e-08 1e-08 0 1.33333
561 1 1e-08 1e-08 1e-08 0 1.5
562 1 1e-08 1e-08 1e-08 0 1.33333
563 1 1e-08 1e-08 1e-08 0 1.33333
527 1 5e-09 5e-09 1e-08 5e-09 1.5
526 1 1e-08 1e-08 1e-08 0 1.33333
525 1 3.33333e-09 3.33333e-09 1e-08 6.66667e-09 1.5
541 1 5e-09 5e-09 1e-08 5e-09 1.5
542 1 1e-08 1e-08 1e-08 0 1.33333
543 1 1e-08 1e-08 1e-08 0 1.33333
544 1 1e-08 1e-08 1e-08 0 1.33333
545 1 1e-08 1e-08 1e-08 0 1.33333
546 1 1e-08 1e-08 1e-08 0 1.33333
547 1 1e-08 1e-08 1e-08 0 1.33333
548 1 1e-08 1e-08 1e-08 0 1.33333
528 1 1e-08 1e-08 1e-08 0 1.5
529 1 2.5e-09 2.5e-09 1e-08 7.5e-09 1.5

55 50 1.51654 1.14332 1.7216 0.541742 1.5
559 48 1.49631 1.12807 1.70115 0.567851 1.5
5 1 0.86433 0.86433 0.86433 0 2
110 1 0.340117 0.340117 0.340117 0 1.33333
364 1 0.340042 0.340042 0.340042 0 1.33333

55 50 1.002 0.755405 1.72266 0.900394 1.5
559 48 1.3646 1.3646 1.75263 0.38803 1.5
5 1 0.86433 0.86433 0.86433 0 2
110 1 0.340117 0.340117 0.340117 0 1.33333
364 1 0.340042 0.340042 0.340042 0 1.33333

55 50 0.637634 0.480712 1.77337 1.1946 1.5
559 1 84.6053 84.6053 84.6053 0 1.5
5 1 0.86433 0.86433 0.86433 0 2
110 1 0.340117 0.340117 0.340117 0 1.33333
364 1 0.170021 0.170021 0.226709 0.0566883 1.33333
611 1 1e-08 1e-08 1e-08 0 1.33333
610 1 1e-08 1e-08 1e-08 0 1.5
609 1 1e-08 1e-08 1e-08 0 1.33333
608 1 1e-08 1e-08 1e-08 0 1.33333
607 1 1e-08 1e-08 1e-08 0 1.5
606 1 1e-08 1e-08 1e-08 0 1.33333
605 1 1e-08 1e-08 1e-08 0 1.33333
604 1 1e-08 1e-08 1e-08 0 1.33333
603 1 1e-08 1e-08 1e-08 0 1.33333
602 1 1e-08 1e-08 1e-08 0 1.5
601 1 1e-08 1e-08 1e-08 0 1.33333
600 1 1e-08 1e-08 1e-08 0 1.33333
599 1 1e-08 1e-08 1e-08 0 1.33333
598 1 1e-08 1e-08 1e-08 0 1.33333
597 1 1e-08 1e-08 1e-08 0 1.5
596 1 1e-08 1e-08 1e-08 0 1.5
595 1 1e-08 1e-08 1e-08 0 1.33333
594 1 5e-09 5e-09 1e-08 5e-09 1.5
593 1 1e-08 1e-08 1e-08 0 1.33333

612 27 1.87039 1.87039 3.68556 1.81517 1.5
55 25 1.58061 1.58061 3.74255 2.16194 1.5
559 1 84.6053 84.6053 84.6053 0 1.5
616 1 84.6053 84.6053 84.6053 0 1.5
5 1 0.86433 0.86433 0.86433 0 2
110 1 0.340117 0.340117 0.340117 0 1.33333
364 1 0.340042 0.340042 0.340042 0 1.33333
621 1 0.0530721 0.0530721 0.0530721 0 1.33333
617 1 0.0281689 0.0281689 0.0281689 0 1.5
619 1 0.0269208 0.0269208 0.0269208 0 1.5
615 1 0.0132109 0.0132109 0.0132109 5e-09 1.5
595 1 1e-08 1e-08 1e-08 0 1.33333
594 1 1e-08 1e-08 1e-08 0 1.5
593 1 1e-08 1e-08 1e-08 0 1.33333
613 1 1e-08 1e-08 1e-08 0 1.33333
614 1 1e-08 1e-08 1e-08 0 1.33333
618 1 1e-08 1e-08 1e-08 0 1.33333
620 1 1e-08 1e-08 1e-08 0 1.33333
622 1 1e-08 1e-08 1e-08 0 1.5
623 1 1e-08 1e-08 1e-08 0 1.33333
596 1 5e-09 5e-09 1e-08 5e-09 1.5
597 1 3.33333e-09 3.33333e-09 1e-08 6.66667e-09 1.5
598 1 1e-08 1e-08 1e-08 0 1.33333
599 1 1e-08 1e-08 1e-08 0 1.33333
600 1 1e-08 1e-08 1e-08 0 1.33333
601 1 1e-08 1e-08 1e-08 0 1.33333
602 1 1e-08 1e-08 1e-08 0 1.5
603 1 1e-08 1e-08 1e-08 0 1.33333
604 1 1e-08 1e-08 1e-08 0 1.33333
605 1 1e-08 1e-08 1e-08 0 1.33333
606 1 1e-08 1e-08 1e-08 0 1.33333
607 1 1e-08 1e-08 1e-08 0 1.5
608 1 1e-08 1e-08 1e-08 0 1.33333
609 1 1e-08 1e-08 1e-08 0 1.33333
610 1 2e-09 2e-09 1e-08 8e-09 1.5
611 1 1e-08 1e-08 1e-08 0 1.33333

612 49 0.935197 0.935197 2.0326 1.0974 1.5
55 4 28.0559 21.1513 24.6036 3.45228 1.5
5 1 0.86433 0.86433 0.86433 0 2
110 1 0.340117 0.340117 0.340117 0 1.33333
364 1 0.340042 0.340042 0.340042 0 1.33333
621 1 0.0530721 0.0530721 0.0530721 0 1.33333
617 1 0.0281689 0.0281689 0.0281689 0 1.5
615 1 0.0132109 0.0132109 0.0132109 5e-09 1.5
619 1 0.00897361 0.00897361 0.00972353 0.00074992 1.5
627 1 0.000106374 0.000106374 0.000106379 5e-09 1.5
629 1 1e-08 1e-08 1e-08 0 1.33333
628 1 1e-08 1e-08 1e-08 0 1.33333
626 1 1e-08 1e-08 1e-08 0 1.33333
625 1 1e-08 1e-08 1e-08 0 1.33333
624 1 3.33333e-09 3.33333e-09 1e-08 6.66667e-09 1.5
611 1 1e-08 1e-08 1e-08 0 1.33333
610 1 2.5e-09 2.5e-09 1e-08 7.5e-09 1.5
609 1 1e-08 1e-08 1e-08 0 1.33333
608 1 1e-08 1e-08 1e-08 0 1.33333
630 1 1e-08 1e-08 1e-08 0 1.33333
631 1 1e-08 1e-08 1e-08 0 1.33333
632 1 1e-08 1e-08 1e-08 0 1.33333
633 1 1e-08 1e-08 1e-08 0 1.33333
634 1 1e-08 1e-08 1e-08 0 1.33333
635 1 1e-08 1e-08 1e-08 0 1.33333
636 1 1e-08 1e-08 1e-08 0 1.5
637 1 1e-08 1e-08 1e-08 0 1.33333
638 1 1e-08 1e-08 1e-08 0 1.33333
639 1 1e-08 1e-08 1e-08 0 1.33333
595 1 1e-08 1e-08 1e-08 0 1.33333
594 1 1e-08 1e-08 1e-08 0 1.5
593 1 1e-08 1e-08 1e-08 0 1.33333
613 1 1e-08 1e-08 1e-08 0 1.33333
614 1 1e-08 1e-08 1e-08 0 1.33333
618 1 1e-08 1e-08 1e-08 0 1.33333
620 1 1e-08 1e-08 1e-08 0 1.33333
622 1 1e-08 1e-08 1e-08 0 1.5
623 1 1e-08 1e-08 1e-08 0 1.33333
596 1 1e-08 1e-08 1e-08 0 1.5
597 1 2e-09 2e-09 1e-08 8e-09 1.5
598 1 1e-08 1e-08 1e-08 0 1.33333
599 1 1e-08 1e-08 1e-08 0 1.33333
600 1 1e-08 1e-08 1e-08 0 1.33333
601 1 1e-08 1e-08 1e-08 0 1.33333
602 1 1e-08 1e-08 1e-08 0 1.5
603 1 1e-08 1e-08 1e-08 0 1.33333
604 1 1e-08 1e-08 1e-08 0 1.33333
605 1 1e-08 1e-08 1e-08 0 1.33333
606 1 1e-08 1e-08 1e-08 0 1.33333
607 1 5e-09 5e-09 1e-08 5e-09 1.5

612 98 0.863259 0.863259 1.09955 0.236289 1.5
5 1 0.86433 0.86433 0.86433 0 2
110 1 0.340117 0.340117 0.340117 0 1.33333
364 1 0.340042 0.340042 0.340042 0 1.33333

652 3 37.4079 37.4079 37.4079 0 1.5
662 1 112.224 112.224 112.224 0 1.5
612 26 0.660139 0.660139 4.24055 3.58042 1.5
653 3 37.4079 0.394881 25.0702 17.4481 1.5
5 1 0.86433 0.86433 0.86433 0 2
110 1 0.340117 0.340117 0.340117 0 1.33333
364 1 0.340042 0.340042 0.340042 0 1.33333
661 1 0.0935735 0.0935735 0.0935735 0 1.33333
659 1 0.0711723 0.0711723 0.0711723 0 1.5
658 1 0.00638688 0.00638688 0.00638688 0 1.33333
657 1 1e-08 1e-08 1e-08 0 1.33333
656 1 3.33333e-09 3.33333e-09 1e-08 6.66667e-09 1.5
660 1 5e-09 5e-09 1e-08 5e-09 1.5
655 1 2.5e-09 2.5e-09 1e-08 7.5e-09 1.5
654 1 1e-08 1e-08 1e-08 0 1.33333
663 1 1e-08 1e-08 1e-08 0 1.33333
664 1 1e-08 1e-08 1e-08 0 1.5
665 1 1e-08 1e-08 1e-08 0 1.33333
666 1 5e-09 5e-09 1e-08 5e-09 1.5
667 1 1e-08 1e-08 1e-08 0 1.33333
668 1 1e-08 1e-08 1e-08 0 1.33333

652 36 1.38548 1.38548 3.00251 1.61703 1.5
662 23 4.87929 0.0171123 4.24937 1.62648 1.5
612 5 22.4447 0.457327 18.0472 8.79496 1.5
672 1 2.33234 2.33234 2.33234 8e-09 1.5
5 1 0.86433 0.86433 0.86433 0 2
110 1 0.340117 0.340117 0.340117 0 1.33333
364 1 0.340042 0.340042 0.340042 0 1.33333
659 1 0.0711723 0.0711723 0.0711723 0 1.5
677 1 0.0566823 0.0566823 0.0566823 5e-09 1.33333
661 1 0.0467867 0.0467867 0.0468272 4.04779e-05 1.33333
658 1 0.00638688 0.00638688 0.00638688 0 1.33333
670 1 1e-08 1e-08 1e-08 0 1.33333
671 1 1e-08 1e-08 1e-08 0 1.33333
673 1 1e-08 1e-08 1e-08 0 1.5
674 1 1e-08 1e-08 1e-08 0 1.33333
675 1 1e-08 1e-08 1e-08 0 1.33333
676 1 1e-08 1e-08 1e-08 0 1.33333
678 1 1e-08 1e-08 1e-08 0 1.33333
679 1 1e-08 1e-08 1e-08 0 1.33333
680 1 1e-08 1e-08 1e-08 0 1.33333
681 1 1e-08 1e-08 1e-08 0 1.5
669 1 1e-08 1e-08 1e-08 0 1.33333
668 1 1e-08 1e-08 1e-08 0 1.33333
667 1 1e-08 1e-08 1e-08 0 1.33333
666 1 1e-08 1e-08 1e-08 0 1.5
665 1 1e-08 1e-08 1e-08 0 1.33333
664 1 5e-09 5e-09 1e-08 5e-09 1.5
663 1 1e-08 1e-08 1e-08 0 1.33333
654 1 1e-08 1e-08 1e-08 0 1.33333
655 1 5e-09 5e-09 1e-08 5e-09 1.5
660 1 5e-09 5e-09 1e-08 5e-09 1.5
656 1 3.33333e-09 3.33333e-09 1e-08 6.66667e-09 1.5
657 1 1e-08 1e-08 1e-08 0 1.33333

682 3 37.4079 37.4079 37.4079 0 1.5
612 1 112.224 112.224 112.224 0 1.5
652 24 1.78133 1.78133 4.52799 2.74666 1.5
662 21 1.47663 1.47663 4.58111 3.10448 1.5
672 1 11.6617 11.6617 11.6617 0 1.5
5 1 0.86433 0.86433 0.86433 0 2
110 1 0.340117 0.340117 0.340117 0 1.33333
364 1 0.340042 0.340042 0.340042 0 1.33333
687 1 0.306667 0.306667 0.306667 0 1.5
677 1 0.113365 0.113365 0.113365 0 1.33333
661 1 0.0935735 0.0935735 0.0935735 0 1.33333
659 1 0.0177931 0.0177931 0.0360778 0.0182847 1.5
684 1 0.02864 0.02864 0.02864 0 1.33333
658 1 0.00638688 0.00638688 0.00638688 0 1.33333
660 1 1e-08 1e-08 1e-08 0 1.5
656 1 1e-08 1e-08 1e-08 0 1.5
657 1 1e-08 1e-08 1e-08 0 1.33333
683 1 1e-08 1e-08 1e-08 0 1.33333
685 1 1e-08 1e-08 1e-08 0 1.33333
686 1 1e-08 1e-08 1e-08 0 1.33333
688 1 1e-08 1e-08 1e-08 0 1.33333
689 1 1e-08 1e-08 1e-08 0 1.33333
690 1 1e-08 1e-08 1e-08 0 1.5
691 1 1e-08 1e-08 1e-08 0 1.33333
692 1 1e-08 1e-08 1e-08 0 1.5
693 1 1e-08 1e-08 1e-08 0 1.33333
694 1 1e-08 1e-08 1e-08 0 1.33333
695 1 1e-08 1e-08 1e-08 0 1.33333
696 1 1e-08 1e-08 1e-08 0 1.5
697 1 1e-08 1e-08 1e-08 0 1.5
670 1 1e-08 1e-08 1e-08 0 1.33333
671 1 1e-08 1e-08 1e-08 0 1.33333
673 1 1e-08 1e-08 1e-08 0 1.5
674 1 1e-08 1e-08 1e-08 0 1.33333
675 1 1e-08 1e-08 1e-08 0 1.33333
676 1 1e-08 1e-08 1e-08 0 1.33333
678 1 1e-08 1e-08 1e-08 0 1.33333
679 1 1e-08 1e-08 1e-08 0 1.33333
680 1 1e-08 1e-08 1e-08 0 1.33333
681 1 1e-08 1e-08 1e-08 0 1.5
669 1 1e-08 1e-08 1e-08 0 1.33333
668 1 1e-08 1e-08 1e-08 0 1.33333
667 1 1e-08 1e-08 1e-08 0 1.33333
666 1 1e-08 1e-08 1e-08 0 1.5
665 1 1e-08 1e-08 1e-08 0 1.33333
664 1 5e-09 5e-09 1e-08 5e-09 1.5
663 1 1e-08 1e-08 1e-08 0 1.33333
654 1 1e-08 1e-08 1e-08 0 1.33333
655 1 3.33333e-09 3.33333e-09 1e-08 6.66667e-09 1.5

612 19 2.49386 2.49386 5.90651 3.41265 1.5
698 1 112.224 112.224 112.224 0 1.5
662 1 112.224 112.224 112.224 0 1.5
652 19 4.48894 4.48894 5.90651 1.41756 1.5
682 18 2.04043 2.04043 6.01176 3.97133 1.5
672 1 11.6617 11.6617 11.6617 0 1.5
5 1 0.86433 0.86433 0.86433 0 2
110 1 0.340117 0.340117 0.340117 0 1.33333
364 1 0.340042 0.340042 0.340042 0 1.33333
687 1 0.153333 0.153333 0.154317 0.000983224 1.5
677 1 0.113365 0.113365 0.113365 0 1.33333
661 1 0.0935735 0.0935735 0.0935735 0 1.33333
659 1 0.0711723 0.0711723 0.0711723 0 1.5
705 1 0.0533596 0.0533596 0.0533596 0 1.33333
710 1 0.039443 0.039443 0.039443 0 1.5
684 1 0.02864 0.02864 0.02864 0 1.33333
658 1 0.00638688 0.00638688 0.00638688 0 1.33333
666 1 0.00138991 0.00138991 0.00138991 5e-09 1.5
673 1 0.000133017 0.000133017 0.000134676 1.65859e-06 1.5
667 1 1e-08 1e-08 1e-08 0 1.33333
655 1 1e-08 1e-08 1e-08 0 1.5
665 1 1e-08 1e-08 1e-08 0 1.33333
681 1 1e-08 1e-08 1e-08 0 1.5
669 1 1e-08 1e-08 1e-08 0 1.33333
664 1 1e-08 1e-08 1e-08 0 1.5
663 1 1e-08 1e-08 1e-08 0 1.33333
668 1 1e-08 1e-08 1e-08 0 1.33333
654 1 1e-08 1e-08 1e-08 0 1.33333
699 1 1e-08 1e-08 1e-08 0 1.33333
700 1 1e-08 1e-08 1e-08 0 1.33333
701 1 1e-08 1e-08 1e-08 0 1.33333
702 1 1e-08 1e-08 1e-08 0 1.33333
703 1 1e-08 1e-08 1e-08 0 1.33333
704 1 1e-08 1e-08 1e-08 0 1.33333
706 1 1e-08 1e-08 1e-08 0 1.33333
707 1 1e-08 1e-08 1e-08 0 1.33333
708 1 1e-08 1e-08 1e-08 0 1.33333
709 1 1e-08 1e-08 1e-08 0 1.33333
711 1 1e-08 1e-08 1e-08 0 1.5
660 1 1e-08 1e-08 1e-08 0 1.5
656 1 2.5e-09 2.5e-09 1e-08 7.5e-09 1.5
657 1 1e-08 1e-08 1e-08 0 1.33333
683 1 1e-08 1e-08 1e-08 0 1.33333
685 1 1e-08 1e-08 1e-08 0 1.33333
686 1 5e-09 5e-09 1e-08 5e-09 1.33333
688 1 1e-08 1e-08 1e-08 0 1.33333
689 1 1e-08 1e-08 1e-08 0 1.33333
690 1 1e-08 1e-08 1e-08 0 1.5

652 19 3.11732 3.11732 5.90651 2.78918 1.5
662 1 112.224 112.224 112.224 0 1.5
682 14 8.01597 8.01597 8.01597 1.77636e-15 1.5
698 19 2.87753 2.87753 5.75506 2.87753 1.5
612 18 2.20046 2.20046 5.99174 3.79127 1.5
672 1 11.6617 11.6617 11.6617 0 1.5
5 1 0.86433 0.86433 0.86433 0 2
110 1 0.340117 0.340117 0.340117 0 1.33333
364 1 0.340042 0.340042 0.340042 0 1.33333
687 1 0.306667 0.306667 0.306667 0 1.5
677 1 0.113365 0.113365 0.113365 0 1.33333
661 1 0.0935735 0.0935735 0.0935735 0 1.33333
659 1 0.0355862 0.0355862 0.0711723 0.0355862 1.5
705 1 0.0533596 0.0533596 0.0533596 0 1.33333
710 1 0.0197215 0.0197215 0.039443 0.0197215 1.5
684 1 0.02864 0.02864 0.02864 0 1.33333
664 1 0.0191341 0.0191341 0.0191341 5e-09 1.5
658 1 0.00638688 0.00638688 0.00638688 0 1.33333
660 1 0.00305667 0.00305667 0.00305668 5e-09 1.5
666 1 0.00138991 0.00138991 0.00138991 5e-09 1.5
673 1 0.000199525 0.000199525 0.00019953 5e-09 1.5
656 1 1e-08 1e-08 1e-08 0 1.5
657 1 1e-08 1e-08 1e-08 0 1.33333
683 1 1e-08 1e-08 1e-08 0 1.33333
685 1 1e-08 1e-08 1e-08 0 1.33333
686 1 1e-08 1e-08 1e-08 0 1.33333
688 1 1e-08 1e-08 1e-08 0 1.33333
689 1 1e-08 1e-08 1e-08 0 1.33333
690 1 1e-08 1e-08 1e-08 0 1.5
712 1 1e-08 1e-08 1e-08 0 1.33333
713 1 1e-08 1e-08 1e-08 0 1.33333
714 1 5e-09 5e-09 1e-08 5e-09 1.5
715 1 1e-08 1e-08 1e-08 0 1.33333
716 1 1e-08 1e-08 1e-08 0 1.33333
717 1 1e-08 1e-08 1e-08 0 1.33333

698 16 6.60139 6.60139 7.01398 0.412587 1.5
612 15 7.48157 7.48157 7.48157 8.88178e-16 1.5
722 6 18.7039 18.7039 18.7039 0 1.5
662 16 2.73716 2.73716 6.9698 4.23263 1.5
652 16 3.20639 3.20639 6.63417 3.42778 1.5
682 15 3.62012 3.62012 6.7666 3.14648 1.5
672 1 3.88724 3.88724 3.88724 6.66667e-09 1.5
5 1 0.86433 0.86433 0.86433 0 2
110 1 0.340117 0.340117 0.340117 0 1.33333
364 1 0.340042 0.340042 0.340042 0 1.33333
687 1 0.153333 0.153333 0.185548 0.032215 1.5
677 1 0.113365 0.113365 0.113365 0 1.33333
661 1 0.0935735 0.0935735 0.0935735 0 1.33333
659 1 0.0711723 0.0711723 0.0711723 0 1.5
705 1 0.0533596 0.0533596 0.0533596 0 1.33333
724 1 0.0409418 0.0409418 0.0409418 0 1.5
710 1 0.039443 0.039443 0.039443 0 1.5
731 1 0.039443 0.039443 0.039443 0 1.5
664 1 0.0382682 0.0382682 0.0382682 0 1.5
684 1 0.02864 0.02864 0.02864 0 1.33333
728 1 0.0286385 0.0286385 0.0286385 0 1.33333
658 1 0.00638688 0.00638688 0.00638688 0 1.33333
660 1 0.00611334 0.00611334 0.00611334 0 1.5

722 20 2.29028 2.29028 5.61118 3.3209 1.5
682 10 11.2224 11.2224 11.2224 1.77636e-15 1.5
612 20 3.62012 3.62012 5.61118 1.99106 1.5
698 19 3.30069 3.30069 5.73406 2.43336 1.5
662 18 2.95325 2.95325 5.6991 2.74585 1.5
672 1 5.83086 5.83086 5.85058 0.0197215 1.5
5 1 0.86433 0.86433 0.86433 0 2
110 1 0.340117 0.340117 0.340117 0 1.33333
364 1 0.340042 0.340042 0.340042 0 1.33333
687 1 0.306667 0.306667 0.306667 0 1.5
677 1 0.113365 0.113365 0.113365 0 1.33333
661 1 0.0935735 0.0935735 0.0935735 0 1.33333
659 1 0.0711723 0.0711723 0.0711723 0 1.5
705 1 0.0533596 0.0533596 0.0533596 0 1.33333
724 1 0.0409418 0.0409418 0.0409418 0 1.5
710 1 0.039443 0.039443 0.039443 0 1.5
664 1 0.0382682 0.0382682 0.0382682 0 1.5
728 1 0.0286385 0.0286385 0.0286385 0 1.33333
684 1 0.01432 0.01432 0.01432 5e-09 1.33333

722 19 2.49386 2.49386 5.90651 3.41265 1.5
761 17 6.60139 6.60139 6.60139 2.66454e-15 1.5
612 19 2.43964 2.43964 5.77812 3.33848 1.5
682 19 3.30069 3.30069 5.73481 2.43411 1.5
698 19 4.48894 4.48894 5.6738 1.18485 1.5
762 1 11.6617 11.6617 11.6617 0 1.5
5 1 0.86433 0.86433 0.86433 0 2
364 1 0.340042 0.340042 0.340042 0 1.33333
662 1 0.306667 0.306667 0.306667 0 1.5
110 1 0.170058 0.170058 0.170058 5e-09 1.33333
677 1 0.113365 0.113365 0.113365 0 1.33333
661 1 0.0935735 0.0935735 0.0935735 0 1.33333
763 1 0.0450609 0.0450609 0.0901219 0.0450609 1.5

698 16 7.01398 7.01398 7.01398 8.88178e-16 1.5
682 20 4.48894 4.48894 5.61118 1.12224 1.5
722 19 2.43964 2.43964 5.77892 3.33928 1.5
761 19 2.60985 2.60985 5.76915 3.15929 1.5
612 18 3.11732 3.11732 5.89459 2.77727 1.5
762 1 5.83086 5.83086 5.83086 5e-09 1.5
781 1 1.17486 1.17486 1.17486 0 1.5
5 1 0.86433 0.86433 0.86433 0 2
110 1 0.340117 0.340117 0.340117 0 1.33333
364 1 0.340042 0.340042 0.340042 0 1.33333
662 1 0.306667 0.306667 0.306667 0 1.5
782 1 0.148181 0.148181 0.148181 5e-09 1.33333
661 1 0.0944316 0.0944316 0.141218 0.0467867 1.33333
677 1 0.113365 0.113365 0.113365 0 1.33333

722 19 3.03307 3.03307 5.90651 2.87344 1.5
761 19 4.67598 4.67598 5.90651 1.23052 1.5
612 18 6.23465 6.23465 6.23465 0 1.5
682 19 1.87039 1.87039 5.8713 4.0009 1.5
698 18 2.95325 2.95325 5.90678 2.95353 1.5
762 1 11.6617 11.6617 11.6617 0 1.5
781 1 1.17486 1.17486 1.17486 0 1.5
5 1 0.86433 0.86433 0.86433 0 2
110 1 0.340117 0.340117 0.340117 0 1.33333
364 1 0.340042 0.340042 0.340042 0 1.33333
662 1 0.306667 0.306667 0.306667 0 1.5
782 1 0.296361 0.296361 0.296361 0 1.33333
661 1 0.188863 0.188863 0.188863 0 1.33333

682 17 6.60139 6.60139 6.60139 2.66454e-15 1.5
698 17 6.60139 6.60139 6.60139 2.66454e-15 1.5
722 19 2.43964 2.43964 5.90651 3.46686 1.5
612 19 3.30069 3.30069 5.90651 2.60581 1.5
761 18 2.04043 2.04043 6.00954 3.96911 1.5
762 1 11.6617 11.6617 11.6617 0 1.5
818 1 8.72907 8.72907 8.72907 0 1.33333
5 1 0.86433 0.86433 0.86433 0 2
781 1 0.587429 0.587429 0.684319 0.0968906 1.5
110 1 0.340117 0.340117 0.340117 0 1.33333
364 1 0.340042 0.340042 0.340042 0 1.33333
782 1 0.296361 0.296361 0.296361 0 1.33333
661 1 0.188863 0.188863 0.188863 0 1.33333
662 1 0.102222 0.102222 0.123699 0.0214767 1.5
828 1 0.0910667 0.0910667 0.0910667 0 1.33333
820 1 0.0901219 0.0901219 0.0901219 0 1.5

698 19 3.11732 3.11732 5.90651 2.78918 1.5
761 15 7.48157 7.48157 7.48157 8.88178e-16 1.5
612 19 4.15643 4.15643 5.90651 1.75008 1.5
682 18 2.55054 2.55054 5.95131 3.40078 1.5
722 18 3.11732 3.11732 5.92654 2.80921 1.5
762 1 11.6617 11.6617 11.6617 0 1.5
847 1 9.07809 9.07809 9.07809 0 1.5
818 1 8.72907 8.72907 8.72907 0 1.33333
781 1 1.17486 1.17486 1.17486 0 1.5
5 1 0.86433 0.86433 0.86433 0 2
110 1 0.170058 0.170058 0.340111 0.170053 1.33333
364 1 0.340042 0.340042 0.340042 0 1.33333
662 1 0.306667 0.306667 0.306667 0 1.5
782 1 0.296361 0.296361 0.296361 0 1.33333
661 1 0.188863 0.188863 0.188863 0 1.33333
820 1 0.0450609 0.0450609 0.0901219 0.0450609 1.5
828 1 0.0455334 0.0455334 0.0455334 5e-09 1.33333

682 19 3.86978 3.86978 5.90651 2.03673 1.5
722 17 6.60139 6.60139 6.60139 2.66454e-15 1.5
761 19 3.40072 3.40072 5.90651 2.50579 1.5
698 19 2.20046 2.20046 5.90651 3.70604 1.5
612 18 3.11732 3.11732 5.8943 2.77697 1.5
762 1 11.6617 11.6617 11.6617 0 1.5
847 1 4.53905 4.53905 9.07809 4.53905 1.5
818 1 8.72907 8.72907 8.72907 0 1.33333
781 1 1.17486 1.17486 1.17486 0 1.5
5 1 0.86433 0.86433 0.86433 0 2
110 1 0.340117 0.340117 0.340117 0 1.33333
364 1 0.340042 0.340042 0.340042 0 1.33333
662 1 0.306667 0.306667 0.306667 0 1.5
782 1 0.296361 0.296361 0.296361 0 1.33333

698 16 4.67598 4.67598 7.01398 2.33799 1.5
612 16 6.60139 6.60139 7.01398 0.412587 1.5
877 3 37.4079 37.4079 37.4079 0 1.5
682 16 1.78133 1.78133 6.90266 5.12133 1.5
722 15 6.60139 6.60139 7.04451 0.443117 1.5
761 15 2.67199 2.67199 6.9509 4.27891 1.5
818 1 8.72907 8.72907 8.72907 0 1.33333
762 1 5.83086 5.83086 5.83086 5e-09 1.5
847 1 3.02603 3.02603 3.14142 0.115387 1.5
5 1 0.86433 0.86433 0.86433 0 2
781 1 0.391619 0.391619 0.456213 0.0645937 1.5
110 1 0.340117 0.340117 0.340117 0 1.33333
364 1 0.340042 0.340042 0.340042 0 1.33333
782 1 0.296361 0.296361 0.296361 0 1.33333
662 1 0.153333 0.153333 0.185548 0.032215 1.5
880 1 0.011957 0.011957 0.011957 0 1.5
878 1 0.00122618 0.00122618 0.00122619 6.66667e-09 1.5
894 1 1e-08 1e-08 1e-08 0 1.33333
893 1 1e-08 1e-08 1e-08 0 1.33333
892 1 1e-08 1e-08 1e-08 0 1.33333
891 1 1e-08 1e-08 1e-08 0 1.5
890 1 1e-08 1e-08 1e-08 0 1.5
889 1 1e-08 1e-08 1e-08 0 1.33333
888 1 1e-08 1e-08 1e-08 0 1.5
887 1 1e-08 1e-08 1e-08 0 1.33333
886 1 1e-08 1e-08 1e-08 0 1.5

682 13 8.63259 8.63259 8.63259 3.55271e-15 1.5
761 13 8.63259 8.63259 8.63259 3.55271e-15 1.5
877 16 2.11743 2.11743 6.88347 4.76604 1.5
612 15 2.87753 2.87753 6.91566 4.03813 1.5
698 15 3.11732 3.11732 6.8651 3.74778 1.5
895 8 14.028 0.109414 12.2881 4.60312 1.5
847 1 9.07809 9.07809 9.07809 0 1.5
818 1 8.72907 8.72907 8.72907 0 1.33333
762 1 3.88724 3.88724 3.88846 0.00122618 1.5
781 1 1.17486 1.17486 1.17486 0 1.5
5 1 0.86433 0.86433 0.86433 0 2
110 1 0.340117 0.340117 0.340117 0 1.33333
364 1 0.340042 0.340042 0.340042 0 1.33333
662 1 0.306667 0.306667 0.306667 0 1.5
897 1 0.291018 0.291018 0.291018 0 1.33333
782 1 0.148181 0.148181 0.148181 5e-09 1.33333
899 1 0.0382682 0.0382682 0.0382682 0 1.5
909 1 0.0191554 0.0191554 0.0191554 0 1.5
880 1 0.011957 0.011957 0.011957 0 1.5
907 1 0.00808626 0.00808626 0.00808626 0 1.5
911 1 0.00722403 0.00722403 0.00722403 0 1.5
905 1 0.000516987 0.000516987 0.000516987 0 1.5
878 1 1e-08 1e-08 1e-08 0 1.5
910 1 1e-08 1e-08 1e-08 0 1.5
894 1 1e-08 1e-08 1e-08 0 1.33333
908 1 1e-08 1e-08 1e-08 0 1.33333
893 1 1e-08 1e-08 1e-08 0 1.33333

925 1 112.224 112.224 112.224 0 1.5
877 16 4.00799 4.00799 7.01398 3.00599 1.5
761 16 3.11732 3.11732 6.82288 3.70556 1.5
612 16 5.10107 5.10107 6.69968 1.59861 1.5
698 15 4.87929 4.87929 6.84221 1.96292 1.5
682 15 2.49386 2.49386 6.81788 4.32402 1.5
818 1 8.72907 8.72907 8.72907 0 1.33333
909 1 5.83086 5.83086 5.84043 0.00957772 1.5
847 1 3.02603 3.02603 3.02603 6.66667e-09 1.5
781 1 1.17486 1.17486 1.17486 0 1.5
5 1 0.86433 0.86433 0.86433 0 2
110 1 0.340117 0.340117 0.340117 0 1.33333
364 1 0.340042 0.340042 0.340042 0 1.33333
929 1 0.328071 0.328071 0.328071 0 1.5
662 1 0.306667 0.306667 0.306667 0 1.5
782 1 0.296361 0.296361 0.296361 0 1.33333
897 1 0.0400115 0.0400115 0.0400115 0 1.33333
899 1 0.0382682 0.0382682 0.0382682 0 1.5
921 1 0.0303733 0.0303733 0.0303733 5e-09 1.5
915 1 0.0286419 0.0286419 0.0286419 0 1.33333
762 1 0.0191554 0.0191554 0.0191554 0 1.5
926 1 0.00732123 0.00732123 0.00732123 0 1.5
911 1 0.00722403 0.00722403 0.00722403 0 1.5
913 1 0.00305667 0.00305667 0.00611334 0.00305667 1.5
880 1 0.0059785 0.0059785 0.00597851 5e-09 1.5
907 1 0.00404313 0.00404313 0.00404314 5e-09 1.5
912 1 0.00174963 0.00174963 0.00174963 0 1.5
905 1 0.000258493 0.000258493 0.000516987 0.000258493 1.5

930 4 28.0559 28.0559 28.0559 0 1.5
682 6 18.7039 18.7039 18.7039 0 1.5
698 14 8.01597 8.01597 8.01597 1.77636e-15 1.5
761 14 3.40072 3.40072 8.01597 4.61526 1.5
612 14 3.50699 3.50699 8.01597 4.50898 1.5
925 13 2.55054 2.55054 8.44195 5.89141 1.5
877 13 5.90651 5.90651 8.18139 2.27488 1.5
818 1 8.72907 8.72907 8.72907 0 1.33333
909 1 5.83086 5.83086 5.84043 0.00957772 1.5
847 1 4.53905 4.53905 4.70308 0.164035 1.5
5 1 0.86433 0.86433 0.86433 0 2
781 1 0.293714 0.293714 0.34216 0.0484453 1.5
110 1 0.340117 0.340117 0.340117 0 1.33333
364 1 0.340042 0.340042 0.340042 0 1.33333
782 1 0.326865 0.326865 0.326865 0 1.33333
662 1 0.306667 0.306667 0.306667 0 1.5
897 1 0.291018 0.291018 0.291018 0 1.33333
921 1 0.0607467 0.0607467 0.0607467 0 1.5
899 1 0.0382682 0.0382682 0.0382682 0 1.5
915 1 0.0286419 0.0286419 0.0286419 0 1.33333
880 1 0.011957 0.011957 0.011957 0 1.5
907 1 0.00440785 0.00440785 0.00845098 0.00404313 1.5
926 1 0.00732123 0.00732123 0.00732123 0 1.5
911 1 0.00722403 0.00722403 0.00722403 0 1.5
932 1 0.00620413 0.00620413 0.00620413 0 1.5
913 1 0.00611334 0.00611334 0.00611334 0 1.5
912 1 0.00174963 0.00174963 0.00174963 0 1.5
905 1 0.000516987 0.000516987 0.000516987 0 1.5
947 1 0.000126045 0.000126045 0.000126045 0 1.5
948 1 6.3463e-07 6.3463e-07 6.3463e-07 0 1.5

761 13 4.67598 4.67598 8.63259 3.9566 1.5
925 12 9.35197 9.35197 9.35197 1.77636e-15 1.5
682 3 37.4079 37.4079 37.4079 0 1.5
877 1 112.224 112.224 112.224 0 1.5
930 13 2.43964 2.43964 8.63259 6.19294 1.5
612 13 2.80559 2.80559 8.41952 5.61393 1.5
698 13 3.74079 3.74079 8.34698 4.60619 1.5
909 1 11.6617 11.6617 11.6617 0 1.5
847 1 9.07809 9.07809 9.07809 0 1.5
818 1 8.72907 8.72907 8.72907 0 1.33333
781 1 1.17486 1.17486 1.17486 0 1.5
5 1 0.86433 0.86433 0.86433 0 2
110 1 0.340117 0.340117 0.340117 0 1.33333
364 1 0.340042 0.340042 0.340042 0 1.33333
662 1 0.306667 0.306667 0.306667 0 1.5
782 1 0.296361 0.296361 0.296361 0 1.33333
897 1 0.0400115 0.0400115 0.0400115 0 1.33333
899 1 0.0382682 0.0382682 0.0382682 0 1.5
915 1 0.0286419 0.0286419 0.0286419 0 1.33333
921 1 0.0202489 0.0202489 0.0202493 4.23087e-07 1.5
963 1 0.0181974 0.0181974 0.0181974 0 1.33333
880 1 0.011957 0.011957 0.011957 0 1.5
907 1 0.0088157 0.0088157 0.0088157 0 1.5
926 1 0.00732123 0.00732123 0.00732123 0 1.5
911 1 0.00722403 0.00722403 0.00722403 0 1.5
932 1 0.00620413 0.00620413 0.00620413 0 1.5
953 1 0.00183927 0.00183927 0.00367854 0.00183927 1.5
913 1 0.00305667 0.00305667 0.00305668 5e-09 1.5
912 1 0.00174963 0.00174963 0.00174963 0 1.5
905 1 0.000258493 0.000258493 0.000516987 0.000258493 1.5
947 1 0.000126045 0.000126045 0.000126045 0 1.5
969 1 1e-08 1e-08 1e-08 0 1.5
968 1 1e-08 1e-08 1e-08 0 1.5
967 1 1e-08 1e-08 1e-08 0 1.33333
966 1 1e-08 1e-08 1e-08 0 1.33333
965 1 1e-08 1e-08 1e-08 0 1.5
964 1 1e-08 1e-08 1e-08 0 1.33333
962 1 1e-08 1e-08 1e-08 0 1.33333
961 1 1e-08 1e-08 1e-08 0 1.33333
960 1 1e-08 1e-08 1e-08 0 1.5

930 16 6.60139 6.60139 7.01398 0.412587 1.5
612 2 56.1118 56.1118 56.1118 0 1.5
925 16 2.43964 2.43964 7.01398 4.57433 1.5
682 15 3.62012 3.62012 7.24448 3.62437 1.5
877 15 5.10107 5.10107 7.15861 2.05753 1.5
761 15 2.87753 2.87753 7.0986 4.22107 1.5
909 1 11.6617 11.6617 11.6617 0 1.5
847 1 9.07809 9.07809 9.07809 0 1.5
818 1 8.72907 8.72907 8.72907 0 1.33333
5 1 0.86433 0.86433 0.86433 0 2
781 1 0.587429 0.587429 0.589241 0.00181221 1.5
110 1 0.340117 0.340117 0.340117 0 1.33333
364 1 0.340042 0.340042 0.340042 0 1.33333
662 1 0.306667 0.306667 0.306667 0 1.5
782 1 0.296361 0.296361 0.296361 0 1.33333
897 1 0.291018 0.291018 0.291018 0 1.33333
921 1 0.0607467 0.0607467 0.0607467 0 1.5
975 1 0.0480966 0.0480966 0.0480966 0 1.5
899 1 0.0382682 0.0382682 0.0382682 0 1.5
978 1 0.030655 0.030655 0.030655 0 1.5
915 1 0.0286419 0.0286419 0.0286419 0 1.33333
963 1 0.0181974 0.0181974 0.0181974 0 1.33333
880 1 0.011957 0.011957 0.011957 0 1.5
907 1 0.0088157 0.0088157 0.0088157 0 1.5
926 1 0.00732123 0.00732123 0.00732123 0 1.5
911 1 0.00722403 0.00722403 0.00722403 0 1.5
932 1 0.00620413 0.00620413 0.00620413 0 1.5
913 1 0.00611334 0.00611334 0.00611334 0 1.5

877 14 7.01398 7.01398 8.01597 1.002 1.5
761 14 7.48157 7.48157 8.01597 0.534398 1.5
682 5 22.4447 22.4447 22.4447 0 1.5
612 14 3.40072 3.40072 7.90827 4.50756 1.5
925 13 4.87929 4.87929 8.25913 3.37984 1.5
930 13 2.55054 2.55054 8.24706 5.69653 1.5
978 10 3.86978 3.86978 7.74152 3.87174 1.5
909 1 11.6617 11.6617 11.6617 0 1.5
847 1 9.07809 9.07809 9.07809 0 1.5
818 1 8.72907 8.72907 8.72907 0 1.33333
781 1 1.17486 1.17486 1.17486 0 1.5
5 1 0.86433 0.86433 0.86433 0 2
992 1 0.846764 0.846764 0.846764 0 1.5
110 1 0.340117 0.340117 0.340117 0 1.33333
364 1 0.340042 0.340042 0.340042 0 1.33333
662 1 0.306667 0.306667 0.306667 0 1.5
782 1 0.296361 0.296361 0.296361 0 1.33333
989 1 0.136456 0.136456 0.136456 0 1.33333
986 1 0.0726111 0.0726111 0.0726111 0 1.33333
975 1 0.0450609 0.0450609 0.0691093 0.0240483 1.5
921 1 0.0607467 0.0607467 0.0607467 0 1.5
899 1 0.0418016 0.0418016 0.0545577 0.0127561 1.5
897 1 0.0400115 0.0400115 0.0400115 0 1.33333
987 1 0.0299646 0.0299646 0.0299646 0 1.5
915 1 0.0286419 0.0286419 0.0286419 0 1.33333

877 14 2.95325 2.95325 8.01597 5.06272 1.5
612 14 6.23465 6.23465 8.01597 1.78133 1.5
925 14 5.61118 5.61118 8.01597 2.40479 1.5
930 10 11.2224 11.2224 11.2224 1.77636e-15 1.5
761 13 2.38774 2.38774 8.42111 6.03337 1.5
682 12 4.48894 4.48894 8.61192 4.12297 1.5
978 11 10.2021 0.0769785 9.28168 2.91078 1.5
909 1 11.6617 11.6617 11.6617 0 1.5
847 1 9.07809 9.07809 9.07809 0 1.5
818 1 8.72907 8.72907 8.72907 0 1.33333
781 1 1.17486 1.17486 1.17486 0 1.5
5 1 0.86433 0.86433 0.86433 0 2
110 1 0.340117 0.340117 0.340117 0 1.33333
364 1 0.340042 0.340042 0.340042 0 1.33333
782 1 0.326865 0.326865 0.326865 0 1.33333
662 1 0.306667 0.306667 0.306667 0 1.5
897 1 0.291018 0.291018 0.291018 0 1.33333
989 1 0.136456 0.136456 0.136456 0 1.33333
899 1 0.125405 0.125405 0.125405 0 1.5
996 1 0.113376 0.113376 0.113376 0 1.33333

682 14 7.48157 7.48157 8.01597 0.534398 1.5
761 9 12.4693 12.4693 12.4693 0 1.5
612 14 3.40072 3.40072 8.01597 4.61526 1.5
930 14 4.31629 4.31629 8.01597 3.69968 1.5
877 13 2.73716 2.73716 8.21467 5.47751 1.5
925 13 3.86978 3.86978 8.04266 4.17288 1.5
978 12 9.35197 0.0705636 8.57852 2.56524 1.5
847 1 9.07809 9.07809 9.07809 0 1.5
818 1 8.72907 8.72907 8.72907 0 1.33333
909 1 5.83086 5.83086 5.84043 0.00957772 1.5
781 1 0.587429 0.587429 1.17486 0.587429 1.5
5 1 0.86433 0.86433 0.86433 0 2
110 1 0.340117 0.340117 0.340117 0 1.33333
364 1 0.170065 0.170065 0.340086 0.170021 1.33333
662 1 0.306667 0.306667 0.306667 0 1.5
782 1 0.296361 0.296361 0.296361 0 1.33333
989 1 0.136456 0.136456 0.136456 0 1.33333
996 1 0.113376 0.113376 0.113376 0 1.33333
1010 1 0.0531571 0.0531571 0.0531571 0 1.5

682 12 2.67199 2.67199 9.35197 6.67998 1.5
930 12 6.23465 6.23465 9.35197 3.11732 1.5
612 12 4.00799 4.00799 9.35197 5.34398 1.5
877 12 5.61118 5.61118 9.35197 3.74079 1.5
925 10 11.2224 11.2224 11.2224 1.77636e-15 1.5
761 12 3.40072 3.40072 9.35197 5.95125 1.5
978 11 10.2021 0.0769785 9.28168 2.91078 1.5
1020 8 14.028 0.323582 12.3149 4.53229 1.5
909 1 11.6617 11.6617 11.6617 0 1.5
847 1 9.07809 9.07809 9.07809 0 1.5
818 1 8.72907 8.72907 8.72907 0 1.33333
781 1 0.587429 0.587429 1.17486 0.587429 1.5
5 1 0.86433 0.86433 0.86433 0 2
364 1 0.34013 0.34013 0.34013 0 1.33333
110 1 0.340117 0.340117 0.340117 0 1.33333
662 1 0.306667 0.306667 0.306667 0 1.5
782 1 0.296361 0.296361 0.296361 0 1.33333
989 1 0.136456 0.136456 0.136456 0 1.33333
996 1 0.113376 0.113376 0.113376 0 1.33333
1024 1 0.0415445 0.0415445 0.0830891 0.0415445 1.5

877 14 5.10107 5.10107 8.01597 2.9149 1.5
612 1 112.224 112.224 112.224 0 1.5
761 1 112.224 112.224 112.224 0 1.5
682 13 1.65035 1.65035 8.37954 6.7292 1.5
930 13 3.40072 3.40072 8.37703 4.97631 1.5
925 13 4.31629 4.31629 7.98172 3.66543 1.5
978 11 10.2021 0.0769785 9.28168 2.91078 1.5
909 1 11.6617 11.6617 11.6617 0 1.5
847 1 4.53905 4.53905 9.07809 4.53905 1.5
818 1 8.72907 8.72907 8.72907 0 1.33333
781 1 1.17486 1.17486 1.17486 0 1.5
5 1 0.86433 0.86433 0.86433 0 2
364 1 0.34013 0.34013 0.34013 0 1.33333
110 1 0.340117 0.340117 0.340117 0 1.33333
662 1 0.306667 0.306667 0.306667 0 1.5
782 1 0.296361 0.296361 0.296361 0 1.33333
989 1 0.136456 0.136456 0.136456 0 1.33333
1040 1 0.124913 0.124913 0.124913 5e-09 1.5
996 1 0.113376 0.113376 0.113376 0 1.33333
1024 1 0.0276964 0.0276964 0.0554534 0.0277571 1.5
1045 1 0.0296436 0.0296436 0.0296436 0 1.33333
1051 1 0.0286408 0.0286408 0.0286408 0 1.33333
1055 1 0.00535082 0.00535082 0.00535082 0 1.5
1058 1 1e-08 1e-08 1e-08 0 1.33333
1057 1 1e-08 1e-08 1e-08 0 1.33333
1056 1 1e-08 1e-08 1e-08 0 1.33333
1054 1 1e-08 1e-08 1e-08 0 1.33333
1053 1 1e-08 1e-08 1e-08 0 1.33333
1052 1 1e-08 1e-08 1e-08 0 1.33333
1050 1 1e-08 1e-08 1e-08 0 1.33333
1049 1 1e-08 1e-08 1e-08 0 1.33333
1048 1 1e-08 1e-08 1e-08 0 1.33333
1047 1 1e-08 1e-08 1e-08 0 1.5
1046 1 1e-08 1e-08 1e-08 0 1.33333
1044 1 1e-08 1e-08 1e-08 0 1.5
1043 1 1e-08 1e-08 1e-08 0 1.33333
1042 1 1e-08 1e-08 1e-08 0 1.33333
1041 1 1e-08 1e-08 1e-08 0 1.33333
1039 1 1e-08 1e-08 1e-08 0 1.33333
1038 1 1e-08 1e-08 1e-08 0 1.5
1037 1 1e-08 1e-08 1e-08 0 1.33333
1036 1 1e-08 1e-08 1e-08 0 1.33333

877 12 2.55054 2.55054 9.35197 6.80143 1.5
978 3 37.4079 37.4079 37.4079 0 1.5
682 3 37.4079 37.4079 37.4079 0 1.5
1067 1 112.224 112.224 112.224 0 1.5
1059 8 14.028 14.028 14.028 1.77636e-15 1.5
761 12 2.95325 2.95325 9.10772 6.15447 1.5
930 11 4.31629 4.31629 9.42644 5.11015 1.5
612 11 5.90651 5.90651 9.22501 3.31851 1.5
909 1 11.6617 11.6617 11.6617 0 1.5
818 1 8.72907 8.72907 8.72907 0 1.33333
847 1 4.53905 4.53905 5.12336 0.584317 1.5
5 1 0.86433 0.86433 0.86433 0 2
781 1 0.587429 0.587429 0.630997 0.0435684 1.5
364 1 0.34013 0.34013 0.34013 0 1.33333
110 1 0.340117 0.340117 0.340117 0 1.33333
662 1 0.306667 0.306667 0.306667 0 1.5
782 1 0.296361 0.296361 0.296361 0 1.33333
1040 1 0.249826 0.249826 0.249826 0 1.5
989 1 0.136456 0.136456 0.136456 0 1.33333
996 1 0.113376 0.113376 0.113376 0 1.33333
1079 1 0.108248 0.108248 0.108248 0 1.33333
1045 1 0.0895491 0.0895491 0.0895491 0 1.33333
1024 1 0.0830891 0.0830891 0.0830891 0 1.5
1051 1 0.0286408 0.0286408 0.0286408 0 1.33333
1061 1 0.0208187 0.0208187 0.0208187 0 1.5
1071 1 0.0202181 0.0202181 0.0202181 0 1.5
1063 1 0.0196578 0.0196578 0.0196578 0 1.5
1070 1 0.00676249 0.00676249 0.013525 0.00676249 1.5
1055 1 0.00535082 0.00535082 0.00535082 0 1.5
1068 1 0.00430818 0.00430818 0.00430818 0 1.5
1062 1 0.00367854 0.00367854 0.00367854 0 1.5
1072 1 1e-08 1e-08 1e-08 0 1.33333
1073 1 1e-08 1e-08 1e-08 0 1.33333
1074 1 1e-08 1e-08 1e-08 0 1.33333
1069 1 1e-08 1e-08 1e-08 0 1.33333
1075 1 1e-08 1e-08 1e-08 0 1.5
1078 1 1e-08 1e-08 1e-08 0 1.33333
1066 1 1e-08 1e-08 1e-08 0 1.33333
1065 1 1e-08 1e-08 1e-08 0 1.33333
1064 1 1e-08 1e-08 1e-08 0 1.5
1076 1 1e-08 1e-08 1e-08 0 1.5
1080 1 1e-08 1e-08 1e-08 0 1.33333
1077 1 1e-08 1e-08 1e-08 0 1.33333
1058 1 1e-08 1e-08 1e-08 0 1.33333
1057 1 1e-08 1e-08 1e-08 0 1.33333
1056 1 1e-08 1e-08 1e-08 0 1.33333
1054 1 1e-08 1e-08 1e-08 0 1.33333
1053 1 1e-08 1e-08 1e-08 0 1.33333

930 12 9.35197 9.35197 9.35197 1.77636e-15 1.5
682 3 37.4079 37.4079 37.4079 0 1.5
761 9 12.4693 12.4693 12.4693 0 1.5
1059 7 16.0319 16.0319 16.0319 3.55271e-15 1.5
612 10 11.2224 11.2224 11.2224 1.77636e-15 1.5
1081 11 4.67598 4.67598 9.77853 5.10255 1.5
978 11 2.43964 2.43964 9.76197 7.32232 1.5
877 11 4.87929 4.87929 9.3205 4.44121 1.5
909 1 11.6617 11.6617 11.6617 0 1.5
847 1 9.07809 9.07809 9.07809 0 1.5
818 1 8.72907 8.72907 8.72907 0 1.33333
5 1 0.86433 0.86433 0.86433 0 2
364 1 0.34013 0.34013 0.34013 0 1.33333
110 1 0.340117 0.340117 0.340117 0 1.33333
782 1 0.296361 0.296361 0.296361 0 1.33333
781 1 0.293714 0.293714 0.293714 7.5e-09 1.5
1040 1 0.249826 0.249826 0.249826 0 1.5
1084 1 0.247745 0.247745 0.247745 0 1.33333
662 1 0.153333 0.153333 0.153333 5e-09 1.5
989 1 0.136456 0.136456 0.136456 0 1.33333
996 1 0.113376 0.113376 0.113376 0 1.33333
1079 1 0.108248 0.108248 0.108248 0 1.33333
1024 1 0.0830891 0.0830891 0.0830891 0 1.5
1099 1 0.0297383 0.0297383 0.0297383 0 1.5
1045 1 0.0296436 0.0296436 0.0296436 0 1.33333
1051 1 0.0286408 0.0286408 0.0286408 0 1.33333
1061 1 0.0208187 0.0208187 0.0208187 0 1.5
1071 1 0.0202181 0.0202181 0.0202181 0 1.5
1063 1 0.0196578 0.0196578 0.0196578 0 1.5
1070 1 0.013525 0.013525 0.013525 0 1.5
1087 1 0.00808626 0.00808626 0.00808626 0 1.5
1055 1 0.00535082 0.00535082 0.00535082 0 1.5
1068 1 0.00430818 0.00430818 0.00430818 0 1.5
1062 1 0.00367854 0.00367854 0.00367854 0 1.5
1085 1 1e-08 1e-08 1e-08 0 1.5

1081 14 7.48157 7.48157 8.01597 0.534398 1.5
877 7 16.0319 16.0319 16.0319 3.55271e-15 1.5
612 10 11.2224 11.2224 11.2224 1.77636e-15 1.5
761 14 3.50699 3.50699 8.01597 4.50898 1.5
930 13 2.11743 2.11743 8.30801 6.19058 1.5
682 12 4.48894 4.48894 8.62964 4.1407 1.5
978 12 9.35197 0.00247819 8.57284 2.58406 1.5
909 1 11.6617 11.6617 11.6617 0 1.5
847 1 3.02603 3.02603 9.07809 6.05206 1.5
818 1 8.72907 8.72907 8.72907 0 1.33333
781 1 1.17486 1.17486 1.17486 0 1.5
5 1 0.86433 0.86433 0.86433 0 2
364 1 0.34013 0.34013 0.34013 0 1.33333
110 1 0.340117 0.340117 0.340117 0 1.33333
662 1 0.306667 0.306667 0.306667 0 1.5
782 1 0.296361 0.296361 0.296361 0 1.33333
1040 1 0.249826 0.249826 0.249826 0 1.5
1084 1 0.179577 0.179577 0.179577 0 1.33333
989 1 0.136456 0.136456 0.136456 0 1.33333
996 1 0.113376 0.113376 0.113376 0 1.33333
1079 1 0.108248 0.108248 0.108248 0 1.33333
1024 1 0.0830891 0.0830891 0.0830891 0 1.5
1107 1 0.0533639 0.0533639 0.0533639 0 1.33333
1113 1 0.0531571 0.0531571 0.0531571 0 1.5
1045 1 0.0296436 0.0296436 0.0296436 0 1.33333
1051 1 0.0286408 0.0286408 0.0286408 0 1.33333

682 7 16.0319 16.0319 16.0319 3.55271e-15 1.5
612 10 11.2224 11.2224 11.2224 1.77636e-15 1.5
761 14 8.01597 8.01597 8.01597 1.77636e-15 1.5
930 13 8.63259 8.63259 8.63259 3.55271e-15 1.5
1081 16 1.19387 1.19387 6.88885 5.69498 1.5
978 11 3.50699 3.50699 7.04654 3.53956 1.5
818 1 8.72907 8.72907 8.72907 0 1.33333
909 1 3.88724 3.88724 3.89362 0.00638515 1.5
5 1 0.86433 0.86433 0.86433 0 2
364 1 0.34013 0.34013 0.34013 0 1.33333
110 1 0.340117 0.340117 0.340117 0 1.33333
782 1 0.296361 0.296361 0.296361 0 1.33333
1084 1 0.247745 0.247745 0.247745 0 1.33333
662 1 0.102222 0.102222 0.174801 0.0725787 1.5
989 1 0.136456 0.136456 0.136456 0 1.33333
996 1 0.113376 0.113376 0.113376 0 1.33333
1079 1 0.108248 0.108248 0.108248 0 1.33333
1045 1 0.0895491 0.0895491 0.0895491 0 1.33333
1024 1 0.0830891 0.0830891 0.0830891 0 1.5
1114 1 0.0564488 0.0564488 0.0564488 0 1.33333
1107 1 0.0533639 0.0533639 0.0533639 0 1.33333
1113 1 0.0531571 0.0531571 0.0531571 0 1.5
1051 1 0.0286408 0.0286408 0.0286408 0 1.33333
1122 1 0.00440785 0.00440785 0.00845098 0.00404313 1.5
1115 1 1e-08 1e-08 1e-08 0 1.5
1116 1 5e-09 5e-09 1e-08 5e-09 1.33333
1117 1 1e-08 1e-08 1e-08 0 1.33333
1118 1 1e-08 1e-08 1e-08 0 1.33333
1119 1 1e-08 1e-08 1e-08 0 1.33333
1120 1 1e-08 1e-08 1e-08 0 1.33333
1121 1 1e-08 1e-08 1e-08 0 1.33333

612 16 2.49386 2.49386 7.01398 4.52012 1.5
1081 16 7.01398 7.01398 7.01398 8.88178e-16 1.5
1123 3 37.4079 37.4079 37.4079 0 1.5
1124 7 16.0319 16.0319 16.0319 3.55271e-15 1.5
930 14 8.01597 8.01597 8.01597 1.77636e-15 1.5
682 14 1.96884 1.96884 7.30716 5.33832 1.5
909 1 11.6617 11.6617 11.6617 0 1.5
818 1 8.72907 8.72907 8.72907 0 1.33333
5 1 0.86433 0.86433 0.86433 0 2
364 1 0.34013 0.34013 0.34013 0 1.33333
110 1 0.340117 0.340117 0.340117 0 1.33333
1144 1 0.336745 0.336745 0.336745 0 1.33333
782 1 0.326865 0.326865 0.326865 0 1.33333
662 1 0.306667 0.306667 0.306667 0 1.5
1127 1 0.259702 0.259702 0.259702 0 1.33333
1084 1 0.179577 0.179577 0.179577 0 1.33333
989 1 0.136456 0.136456 0.136456 0 1.33333
996 1 0.113376 0.113376 0.113376 0 1.33333
1079 1 0.108248 0.108248 0.108248 0 1.33333
1045 1 0.0895491 0.0895491 0.0895491 0 1.33333
1024 1 0.0276964 0.0276964 0.0830891 0.0553927 1.5
1114 1 0.0564488 0.0564488 0.0564488 0 1.33333
1107 1 0.0533639 0.0533639 0.0533639 0 1.33333
1051 1 0.0286408 0.0286408 0.0286408 0 1.33333
1139 1 0.0202181 0.0202181 0.0202181 0 1.5
1113 1 0.0132893 0.0132893 0.0174006 0.00411137 1.5
1129 1 0.0100427 0.0100427 0.0100427 6.66667e-09 1.5
1122 1 0.0088157 0.0088157 0.0088157 0 1.5
1126 1 0.00721668 0.00721668 0.00721668 0 1.5
1125 1 0.00355979 0.00355979 0.0035598 5e-09 1.5
1142 1 1e-08 1e-08 1e-08 0 1.33333
1141 1 1e-08 1e-08 1e-08 0 1.33333
1140 1 1e-08 1e-08 1e-08 0 1.33333
1138 1 1e-08 1e-08 1e-08 0 1.33333
1143 1 1e-08 1e-08 1e-08 0 1.33333
1137 1 5e-09 5e-09 1e-08 5e-09 1.33333
1136 1 1e-08 1e-08 1e-08 0 1.33333

1123 5 22.4447 22.4447 22.4447 0 1.5
1124 7 16.0319 16.0319 16.0319 3.55271e-15 1.5
682 11 10.2021 10.2021 10.2021 0 1.5
930 14 8.01597 8.01597 8.01597 1.77636e-15 1.5
612 15 2.07822 2.07822 7.21321 5.135 1.5
1081 15 2.29028 2.29028 7.1784 4.88812 1.5
1129 2 8.01597 8.01597 8.01731 0.00133374 1.5
818 1 8.72907 8.72907 8.72907 0 1.33333
909 1 5.83086 5.83086 5.84043 0.00957772 1.5
5 1 0.86433 0.86433 0.86433 0 2
364 1 0.34013 0.34013 0.34013 0 1.33333
110 1 0.340117 0.340117 0.340117 0 1.33333
1144 1 0.336745 0.336745 0.336745 0 1.33333
782 1 0.296361 0.296361 0.296361 0 1.33333
1127 1 0.259702 0.259702 0.259702 0 1.33333
1084 1 0.179577 0.179577 0.179577 0 1.33333
662 1 0.153333 0.153333 0.162431 0.00909806 1.5
989 1 0.136456 0.136456 0.136456 0 1.33333
996 1 0.113376 0.113376 0.113376 0 1.33333
1079 1 0.108248 0.108248 0.108248 0 1.33333
1024 1 0.0207723 0.0207723 0.0830891 0.0623168 1.5
1114 1 0.0564488 0.0564488 0.0564488 0 1.33333
1107 1 0.0533639 0.0533639 0.0533639 0 1.33333
1156 1 0.0531571 0.0531571 0.0531571 0 1.5
1113 1 0.0531571 0.0531571 0.0531571 0 1.5
1147 1 0.0519888 0.0519888 0.0519888 0 1.33333
1045 1 0.0296436 0.0296436 0.0296436 0 1.33333
1051 1 0.0286408 0.0286408 0.0286408 0 1.33333
1139 1 0.0202181 0.0202181 0.0202181 0 1.5
1153 1 0.0147187 0.0147187 0.0147187 0 1.5
1122 1 0.0088157 0.0088157 0.0088157 0 1.5
1150 1 0.00808626 0.00808626 0.00808626 0 1.5
1125 1 0.00711959 0.00711959 0.00711959 0 1.5
1155 1 1e-08 1e-08 1e-08 0 1.33333
1154 1 1e-08 1e-08 1e-08 0 1.5
1142 1 1e-08 1e-08 1e-08 0 1.33333
1152 1 1e-08 1e-08 1e-08 0 1.33333
1151 1 1e-08 1e-08 1e-08 0 1.5
1149 1 1e-08 1e-08 1e-08 0 1.33333

1081 12 9.35197 9.35197 9.35197 1.77636e-15 1.5
930 11 10.2021 10.2021 10.2021 0 1.5
682 14 8.01597 8.01597 8.01597 1.77636e-15 1.5
612 14 8.01597 8.01597 8.01597 1.77636e-15 1.5
1124 15 2.15815 2.15815 7.34866 5.19051 1.5
1123 15 2.38774 2.38774 7.32243 4.9347 1.5
909 1 11.6617 11.6617 11.6617 0 1.5
818 1 8.72907 8.72907 8.72907 0 1.33333
5 1 0.86433 0.86433 0.86433 0 2
364 1 0.34013 0.34013 0.34013 0 1.33333
110 1 0.340117 0.340117 0.340117 0 1.33333
1144 1 0.336745 0.336745 0.336745 0 1.33333
662 1 0.306667 0.306667 0.306667 0 1.5
782 1 0.296361 0.296361 0.296361 0 1.33333
1127 1 0.259702 0.259702 0.259702 0 1.33333
989 1 0.136456 0.136456 0.136456 0 1.33333
996 1 0.113376 0.113376 0.113376 0 1.33333
1079 1 0.108248 0.108248 0.108248 0 1.33333
1024 1 0.0830891 0.0830891 0.0830891 0 1.5
1168 1 0.0798298 0.0798298 0.0798298 0 1.33333
1114 1 0.0564488 0.0564488 0.0564488 0 1.33333
1107 1 0.0533639 0.0533639 0.0533639 0 1.33333
1156 1 0.0531571 0.0531571 0.0531571 0 1.5
1113 1 0.0531571 0.0531571 0.0531571 0 1.5
1147 1 0.0519888 0.0519888 0.0519888 0 1.33333
1045 1 0.043312 0.043312 0.043312 0 1.33333

682 13 7.48157 7.48157 8.63259 1.15101 1.5
1124 13 7.48157 7.48157 8.63259 1.15101 1.5
1174 11 10.2021 10.2021 10.2021 0 1.5
612 13 8.01597 8.01597 8.63259 0.616613 1.5
1123 13 8.63259 8.63259 8.63259 3.55271e-15 1.5
1081 13 2.73716 2.73716 8.42338 5.68622 1.5
930 13 2.15815 2.15815 8.30431 6.14617 1.5
909 1 11.6617 11.6617 11.6617 0 1.5
1177 1 9.07809 9.07809 9.07809 0 1.5
818 1 8.72907 8.72907 8.72907 0 1.33333
1181 1 0.587429 0.587429 1.17486 0.587429 1.5
5 1 0.86433 0.86433 0.86433 0 2
364 1 0.34013 0.34013 0.34013 0 1.33333
110 1 0.340117 0.340117 0.340117 0 1.33333
1144 1 0.336745 0.336745 0.336745 0 1.33333
662 1 0.306667 0.306667 0.306667 0 1.5
782 1 0.296361 0.296361 0.296361 0 1.33333
1182 1 0.178413 0.178413 0.178413 0 1.5
989 1 0.136456 0.136456 0.136456 0 1.33333

1174 12 5.34398 5.34398 9.35197 4.00799 1.5
1081 3 37.4079 37.4079 37.4079 0 1.5
1199 1 112.224 112.224 112.224 0 1.5
930 12 8.63259 8.63259 9.35197 0.719382 1.5
612 12 8.63259 8.63259 9.35197 0.719382 1.5
1123 12 8.63259 8.63259 9.35197 0.719382 1.5
682 11 2.49386 2.49386 9.97706 7.4832 1.5
1124 11 1.9021 1.9021 9.85738 7.95528 1.5
909 1 11.6617 11.6617 11.6617 0 1.5
1177 1 9.07809 9.07809 9.07809 0 1.5
818 1 8.72907 8.72907 8.72907 0 1.33333
1181 1 1.17486 1.17486 1.17486 0 1.5
5 1 0.86433 0.86433 0.86433 0 2
364 1 0.34013 0.34013 0.34013 0 1.33333
110 1 0.340117 0.340117 0.340117 0 1.33333
1144 1 0.336745 0.336745 0.336745 0 1.33333
782 1 0.326865 0.326865 0.326865 0 1.33333
662 1 0.306667 0.306667 0.306667 0 1.5
1182 1 0.178413 0.178413 0.178413 0 1.5
989 1 0.136456 0.136456 0.136456 0 1.33333
1206 1 0.0830891 0.0830891 0.0830891 0 1.5
1207 1 0.0265785 0.0265785 0.0531571 0.0265785 1.5
1196 1 0.0202181 0.0202181 0.0202181 0 1.5
1200 1 0.00721668 0.00721668 0.00721668 0 1.5
1197 1 0.00355979 0.00355979 0.00711959 0.00355979 1.5
1193 1 0.00620413 0.00620413 0.00620413 0 1.5
1209 1 1e-08 1e-08 1e-08 0 1.33333
1208 1 1e-08 1e-08 1e-08 0 1.5
1205 1 1e-08 1e-08 1e-08 0 1.33333
1204 1 1e-08 1e-08 1e-08 0 1.33333
1203 1 1e-08 1e-08 1e-08 0 1.5
1202 1 1e-08 1e-08 1e-08 0 1.33333
1201 1 5e-09 5e-09 1e-08 5e-09 1.5
1198 1 1e-08 1e-08 1e-08 0 1.33333
1195 1 3.33333e-09 3.33333e-09 1e-08 6.66667e-09 1.5

930 12 9.35197 9.35197 9.35197 1.77636e-15 1.5
612 12 9.35197 9.35197 9.35197 1.77636e-15 1.5
1123 12 9.35197 9.35197 9.35197 1.77636e-15 1.5
1210 3 37.4079 37.4079 37.4079 0 1.5
1199 3 37.4079 37.4079 37.4079 0 1.5
682 9 12.4693 12.4693 12.4693 0 1.5
1124 11 10.2021 10.2021 10.2021 0 1.5
1174 11 1.20671 1.20671 9.76533 8.55863 1.5
909 1 11.6617 11.6617 11.6617 0 1.5
1177 1 9.07809 9.07809 9.07809 0 1.5
818 1 8.72907 8.72907 8.72907 0 1.33333
1181 1 1.17486 1.17486 1.17486 0 1.5
5 1 0.86433 0.86433 0.86433 0 2
364 1 0.34013 0.34013 0.34013 0 1.33333
1144 1 0.336745 0.336745 0.336745 0 1.33333
782 1 0.326865 0.326865 0.326865 0 1.33333
662 1 0.153333 0.153333 0.281232 0.127899 1.5
1219 1 0.217736 0.217736 0.217736 0 1.5
110 1 0.170058 0.170058 0.170058 5e-09 1.33333
989 1 0.136456 0.136456 0.136456 0 1.33333
1182 1 0.0892063 0.0892063 0.101247 0.0120409 1.5
1206 1 0.0830891 0.0830891 0.0830891 0 1.5
1212 1 0.0762362 0.0762362 0.0762362 0 1.5
1207 1 0.0531571 0.0531571 0.0531571 0 1.5
1224 1 0.047617 0.047617 0.047617 0 1.5
1196 1 0.0202181 0.0202181 0.0202181 0 1.5
1200 1 0.00721668 0.00721668 0.00721668 0 1.5
1197 1 0.00711959 0.00711959 0.00711959 0 1.5
1193 1 0.00620413 0.00620413 0.00620413 0 1.5
1223 1 1e-08 1e-08 1e-08 0 1.33333
1222 1 1e-08 1e-08 1e-08 0 1.5
1221 1 1e-08 1e-08 1e-08 0 1.5
1220 1 1e-08 1e-08 1e-08 0 1.5
1218 1 1e-08 1e-08 1e-08 0 1.33333
1217 1 1e-08 1e-08 1e-08 0 1.33333
1216 1 1e-08 1e-08 1e-08 0 1.33333

1123 12 9.35197 9.35197 9.35197 1.77636e-15 1.5
1199 12 9.35197 9.35197 9.35197 1.77636e-15 1.5
1174 9 12.4693 12.4693 12.4693 0 1.5
1210 5 22.4447 22.4447 22.4447 0 1.5
1124 11 10.2021 10.2021 10.2021 0 1.5
612 13 2.24447 2.24447 8.29118 6.04671 1.5
930 12 2.55054 2.55054 8.50738 5.95684 1.5
909 1 11.6617 11.6617 11.6617 0 1.5
1177 1 4.53905 4.53905 9.07809 4.53905 1.5
818 1 8.72907 8.72907 8.72907 0 1.33333
5 1 0.86433 0.86433 0.86433 0 2
1181 1 0.391619 0.391619 0.783238 0.391619 1.5
1242 1 0.680469 0.680469 0.680469 0 1.33333
364 1 0.34013 0.34013 0.34013 0 1.33333
110 1 0.340117 0.340117 0.340117 0 1.33333
1144 1 0.336745 0.336745 0.336745 0 1.33333
1219 1 0.217736 0.217736 0.217736 0 1.5
1182 1 0.178413 0.178413 0.178413 0 1.5
662 1 0.153333 0.153333 0.153592 0.000258493 1.5
782 1 0.148181 0.148181 0.148181 5e-09 1.33333
989 1 0.136456 0.136456 0.136456 0 1.33333
1206 1 0.0830891 0.0830891 0.0830891 0 1.5
1212 1 0.0762362 0.0762362 0.0762362 0 1.5
1244 1 0.0533639 0.0533639 0.0533639 0 1.33333
1238 1 0.0531571 0.0531571 0.0531571 0 1.5
1207 1 0.0531571 0.0531571 0.0531571 0 1.5
1224 1 0.047617 0.047617 0.047617 0 1.5
1196 1 0.0202181 0.0202181 0.0202181 0 1.5
1200 1 0.00721668 0.00721668 0.00721668 0 1.5
1197 1 0.00711959 0.00711959 0.00711959 0 1.5
1193 1 0.00620413 0.00620413 0.00620413 0 1.5
1231 1 0.00503893 0.00503893 0.00503893 0 1.5
1232 1 0.000543089 0.000543089 0.00108618 0.000543089 1.5
1234 1 1e-08 1e-08 1e-08 0 1.5

1248 12 3.11732 3.11732 9.35197 6.23465 1.5
1210 4 28.0559 28.0559 28.0559 0 1.5
1124 11 10.2021 10.2021 10.2021 0 1.5
1199 12 8.01597 8.01597 9.35197 1.336 1.5
1174 10 11.2224 11.2224 11.2224 1.77636e-15 1.5
1249 10 11.2224 11.2224 11.2224 1.77636e-15 1.5
612 12 8.63259 8.63259 9.35197 0.719382 1.5
1123 11 2.38774 2.38774 9.56185 7.17412 1.5
909 1 11.6617 11.6617 11.6617 0 1.5
1177 1 9.07809 9.07809 9.07809 0 1.5
818 1 8.72907 8.72907 8.72907 0 1.33333
1181 1 1.17486 1.17486 1.17486 0 1.5
5 1 0.86433 0.86433 0.86433 0 2
1242 1 0.680469 0.680469 0.680469 0 1.33333
364 1 0.34013 0.34013 0.34013 0 1.33333
110 1 0.340117 0.340117 0.340117 0 1.33333
1144 1 0.336745 0.336745 0.336745 0 1.33333
662 1 0.306667 0.306667 0.306667 0 1.5
1250 1 0.296361 0.296361 0.296361 0 1.33333
1219 1 0.217736 0.217736 0.217736 0 1.5
1182 1 0.178413 0.178413 0.178413 0 1.5
989 1 0.136456 0.136456 0.136456 0 1.33333
1197 1 0.123713 0.123713 0.128459 0.00474639 1.5
1206 1 0.0830891 0.0830891 0.0830891 0 1.5
1212 1 0.0762362 0.0762362 0.0762362 0 1.5
1244 1 0.0533639 0.0533639 0.0533639 0 1.33333
1238 1 0.0531571 0.0531571 0.0531571 0 1.5

612 12 9.35197 9.35197 9.35197 1.77636e-15 1.5
1174 9 12.4693 12.4693 12.4693 0 1.5
1124 11 10.2021 10.2021 10.2021 0 1.5
1249 7 16.0319 16.0319 16.0319 3.55271e-15 1.5
1199 10 11.2224 11.2224 11.2224 1.77636e-15 1.5
1123 10 11.2224 11.2224 11.2224 1.77636e-15 1.5
1248 12 2.15815 2.15815 9.17272 7.01457 1.5
1210 11 2.33799 2.33799 9.58384 7.24585 1.5
1177 1 9.07809 9.07809 9.07809 0 1.5
818 1 8.72907 8.72907 8.72907 0 1.33333
909 1 3.88724 3.88724 3.8942 0.00696273 1.5
1181 1 1.17486 1.17486 1.17486 0 1.5
5 1 0.86433 0.86433 0.86433 0 2
1242 1 0.680469 0.680469 0.680469 0 1.33333
1182 1 0.449412 0.449412 0.538618 0.0892063 1.5
364 1 0.34013 0.34013 0.34013 0 1.33333
110 1 0.340117 0.340117 0.340117 0 1.33333
1144 1 0.336745 0.336745 0.336745 0 1.33333
662 1 0.306667 0.306667 0.306667 0 1.5
1219 1 0.217736 0.217736 0.217736 0 1.5
1250 1 0.148181 0.148181 0.148181 5e-09 1.33333
989 1 0.136456 0.136456 0.136456 0 1.33333
1274 1 0.104275 0.104275 0.104275 0 1.5
1206 1 0.0830891 0.0830891 0.0830891 0 1.5
1212 1 0.0762362 0.0762362 0.0762362 0 1.5
1244 1 0.0533639 0.0533639 0.0533639 0 1.33333
1238 1 0.0531571 0.0531571 0.0531571 0 1.5

1249 12 9.35197 9.35197 9.35197 1.77636e-15 1.5
1124 11 10.2021 10.2021 10.2021 0 1.5
1199 11 10.2021 10.2021 10.2021 0 1.5
1248 11 10.2021 10.2021 10.2021 0 1.5
1210 11 10.2021 10.2021 10.2021 0 1.5
1291 5 22.4447 22.4447 22.4447 0 1.5
1174 11 2.04043 2.04043 10.0219 7.98147 1.5
612 11 2.55054 2.55054 9.27886 6.72832 1.5
909 1 11.6617 11.6617 11.6617 0 1.5
1177 1 9.07809 9.07809 9.07809 0 1.5
818 1 8.72907 8.72907 8.72907 0 1.33333
1181 1 1.17486 1.17486 1.17486 0 1.5
5 1 0.86433 0.86433 0.86433 0 2
1242 1 0.680469 0.680469 0.680469 0 1.33333
1182 1 0.449412 0.449412 0.538618 0.0892063 1.5
364 1 0.34013 0.34013 0.34013 0 1.33333
110 1 0.340117 0.340117 0.340117 0 1.33333
1144 1 0.336745 0.336745 0.336745 0 1.33333
1250 1 0.296361 0.296361 0.296361 0 1.33333
1219 1 0.217736 0.217736 0.217736 0 1.5
662 1 0.102222 0.102222 0.174801 0.0725787 1.5
1212 1 0.134852 0.134852 0.17297 0.0381181 1.5
989 1 0.136456 0.136456 0.136456 0 1.33333
1274 1 0.104275 0.104275 0.104275 0 1.5
1206 1 0.0830891 0.0830891 0.0830891 0 1.5
1244 1 0.0533639 0.0533639 0.0533639 0 1.33333

1248 12 9.35197 9.35197 9.35197 1.77636e-15 1.5
1210 11 10.2021 10.2021 10.2021 0 1.5
1291 5 22.4447 22.4447 22.4447 0 1.5
1174 11 10.2021 10.2021 10.2021 0 1.5
612 11 10.2021 10.2021 10.2021 0 1.5
1199 10 11.2224 11.2224 11.2224 1.77636e-15 1.5
1124 12 2.38774 2.38774 9.35197 6.96423 1.5
1249 11 2.11743 2.11743 9.62641 7.50899 1.5
909 1 11.6617 11.6617 11.6617 0 1.5
818 1 8.72907 8.72907 8.72907 0 1.33333
1177 1 4.53905 4.53905 5.38749 0.848441 1.5
1181 1 1.17486 1.17486 1.17486 0 1.5
1182 1 0.898824 0.898824 0.898824 0 1.5
5 1 0.86433 0.86433 0.86433 0 2
1242 1 0.680469 0.680469 0.680469 0 1.33333
364 1 0.34013 0.34013 0.34013 0 1.33333
110 1 0.340117 0.340117 0.340117 0 1.33333
1144 1 0.336745 0.336745 0.336745 0 1.33333
662 1 0.306667 0.306667 0.306667 0 1.5
1250 1 0.296361 0.296361 0.296361 0 1.33333
1212 1 0.269703 0.269703 0.269703 0 1.5
1219 1 0.217736 0.217736 0.217736 0 1.5
989 1 0.136456 0.136456 0.136456 0 1.33333
1274 1 0.104275 0.104275 0.104275 0 1.5
1244 1 0.0533639 0.0533639 0.0533639 0 1.33333
1206 1 0.0415445 0.0415445 0.0469407 0.00539613 1.5

1124 12 9.35197 9.35197 9.35197 1.77636e-15 1.5
1291 6 18.7039 18.7039 18.7039 0 1.5
1199 9 12.4693 12.4693 12.4693 0 1.5
1174 11 10.2021 10.2021 10.2021 0 1.5
612 11 10.2021 10.2021 10.2021 0 1.5
1249 10 11.2224 11.2224 11.2224 1.77636e-15 1.5
1210 11 1.65035 1.65035 9.96345 8.3131 1.5
1248 11 2.24447 2.24447 9.81225 7.56778 1.5
909 1 11.6617 11.6617 11.6617 0 1.5
818 1 8.72907 8.72907 8.72907 0 1.33333
1177 1 3.02603 3.02603 3.33432 0.308285 1.5
1181 1 1.17486 1.17486 1.17486 0 1.5
5 1 0.86433 0.86433 0.86433 0 2
1242 1 0.680469 0.680469 0.680469 0 1.33333
364 1 0.34013 0.34013 0.34013 0 1.33333
110 1 0.340117 0.340117 0.340117 0 1.33333
1144 1 0.336745 0.336745 0.336745 0 1.33333
662 1 0.306667 0.306667 0.306667 0 1.5
1329 1 0.298585 0.298585 0.298585 0 1.33333
1250 1 0.296361 0.296361 0.296361 0 1.33333
1212 1 0.269703 0.269703 0.269703 0 1.5
1219 1 0.217736 0.217736 0.217736 0 1.5
989 1 0.136456 0.136456 0.136456 0 1.33333
1274 1 0.104275 0.104275 0.104275 0 1.5
1206 1 0.0830891 0.0830891 0.0830891 0 1.5
1244 1 0.0533639 0.0533639 0.0533639 0 1.33333
1326 1 0.00808626 0.00808626 0.00808626 0 1.5
1327 1 1e-08 1e-08 1e-08 0 1.5

1291 12 2.95325 2.95325 9.35197 6.39872 1.5
1199 9 12.4693 12.4693 12.4693 0 1.5
612 11 10.2021 10.2021 10.2021 0 1.5
1210 8 14.028 14.028 14.028 1.77636e-15 1.5
1248 11 10.2021 10.2021 10.2021 0 1.5
1174 12 8.01597 8.01597 9.35197 1.336 1.5
1249 10 11.2224 11.2224 11.2224 1.77636e-15 1.5
1124 11 2.04043 2.04043 10.0015 7.96107 1.5
909 1 11.6617 11.6617 11.6617 0 1.5
1331 1 9.07809 9.07809 9.07809 0 1.5
818 1 8.72907 8.72907 8.72907 0 1.33333
1181 1 1.17486 1.17486 1.17486 0 1.5
5 1 0.86433 0.86433 0.86433 0 2
1242 1 0.680469 0.680469 0.680469 0 1.33333
364 1 0.34013 0.34013 0.34013 0 1.33333
110 1 0.340117 0.340117 0.340117 0 1.33333
1144 1 0.336745 0.336745 0.336745 0 1.33333
662 1 0.306667 0.306667 0.306667 0 1.5
1329 1 0.298585 0.298585 0.298585 0 1.33333
1250 1 0.296361 0.296361 0.296361 0 1.33333
1212 1 0.269703 0.269703 0.269703 0 1.5
1345 1 0.244136 0.244136 0.244136 0 1.5
1219 1 0.217736 0.217736 0.217736 0 1.5
989 1 0.136456 0.136456 0.136456 0 1.33333
1274 1 0.104275 0.104275 0.104275 0 1.5

1350 1 112.224 112.224 112.224 0 1.5
1124 9 12.4693 12.4693 12.4693 0 1.5
1210 9 12.4693 12.4693 12.4693 0 1.5
612 11 10.2021 10.2021 10.2021 0 1.5
1248 11 10.2021 10.2021 10.2021 0 1.5
1174 10 11.2224 11.2224 11.2224 1.77636e-15 1.5
1291 11 1.83973 1.83973 9.86874 8.029 1.5
1199 11 2.80559 2.80559 9.51307 6.70747 1.5
909 1 11.6617 11.6617 11.6617 0 1.5
1331 1 9.07809 9.07809 9.07809 0 1.5
818 1 8.72907 8.72907 8.72907 0 1.33333
1181 1 1.17486 1.17486 1.17486 0 1.5
5 1 0.86433 0.86433 0.86433 0 2
1242 1 0.680469 0.680469 0.680469 0 1.33333
364 1 0.34013 0.34013 0.34013 0 1.33333
110 1 0.340117 0.340117 0.340117 0 1.33333
1144 1 0.336745 0.336745 0.336745 0 1.33333
1250 1 0.326865 0.326865 0.326865 0 1.33333
662 1 0.306667 0.306667 0.306667 0 1.5
1329 1 0.298585 0.298585 0.298585 0 1.33333
1212 1 0.269703 0.269703 0.269703 0 1.5
1345 1 0.244136 0.244136 0.244136 0 1.5
1219 1 0.217736 0.217736 0.217736 0 1.5
989 1 0.136456 0.136456 0.136456 0 1.33333
1274 1 0.104275 0.104275 0.104275 0 1.5
1354 1 0.0565412 0.0565412 0.0565412 0 1.33333
1374 1 0.0533639 0.0533639 0.0533639 0 1.33333
1358 1 0.0286385 0.0286385 0.0286385 0 1.33333
1362 1 0.0202181 0.0202181 0.0202181 0 1.5
1365 1 1e-08 1e-08 1e-08 0 1.33333
1366 1 5e-09 5e-09 1e-08 5e-09 1.5
1367 1 1e-08 1e-08 1e-08 0 1.33333
1368 1 1e-08 1e-08 1e-08 0 1.33333
1369 1 1e-08 1e-08 1e-08 0 1.5
1370 1 1e-08 1e-08 1e-08 0 1.33333
1371 1 1e-08 1e-08 1e-08 0 1.33333

