5 1 0.151691 0.151691 0.151691 0 12
1 1 8.36498e-28 8.36498e-28 8.36498e-28 0 0
2 1 0 0 0 0 12
3 1 0 0 0 0 12
4 1 0 0 0 0 12

6 1 0.151691 0.151691 0.151691 0 15
5 49 0.00160583 0.00159674 0.00304087 0.00144394 12
1 1 4.18249e-28 4.18249e-28 4.18249e-28 0 0
2 1 0 0 0 0 12
3 1 0 0 0 0 12
4 1 0 0 0 0 12

8 2 0.123188 0.123188 0.123188 0 15
5 27 0.00203405 0.00202254 0.0056186 0.00359563 12
6 25 0.00221093 0.00219842 0.00559374 0.00339482 15
7 2 0.00905616 0.00905616 0.00905616 0 15
1 1 8.36498e-28 8.36498e-28 8.36498e-28 0 0
2 1 0 0 0 0 12
3 1 0 0 0 0 12
4 1 0 0 0 0 12
9 1 0 0 0 0 3
10 1 0 0 0 0 15

11 1 0.246376 0.246376 0.246376 0 15
8 15 0.00357067 0.00357067 0.0129013 0.00933059 15
9 2 0.163663 0 0.0818317 0.0818317 3
12 1 0.153219 0.153219 0.153219 0 15
6 12 0.00632045 0.00632045 0.0126409 0.00632045 15
13 1 0.151691 0.151691 0.151691 0 15
5 12 0.00287838 0.00286209 0.0124837 0.0096189 12
7 1 0.00452808 0.00452808 0.0181123 0.0135842 15
1 1 4.18249e-28 4.18249e-28 4.18249e-28 0 0
2 1 0 0 0 0 12
3 1 0 0 0 0 12
4 1 0 0 0 0 12
10 1 0 0 0 0 15

8 16 0.00912504 0.00912504 0.0153985 0.00627347 15
14 1 0.217395 0.217395 0.217395 0 18
11 11 0.00703932 0.00703932 0.0150317 0.00799237 15
12 10 0.020122 0.00666169 0.0162466 0.00883524 15
9 10 0.0233805 0 0.0159712 0.00958046 3
5 10 0.0138685 0.0137901 0.0151769 0.00137921 12
6 10 0.00508513 0.00505636 0.0151719 0.0101127 15
13 1 0.151691 0.151691 0.151691 0 15
15 1 0.0748511 0.0748511 0.0748511 0 6
7 1 0.00603744 0.00603744 0.0181123 0.0120749 15
1 1 8.36498e-28 8.36498e-28 8.36498e-28 0 0
2 1 0 0 0 0 12
3 1 0 0 0 0 12
10 1 0 0 0 0 15

11 13 0.0123188 0.0123188 0.018952 0.0066332 15
16 1 0.242472 0.242472 0.242472 0 18
12 12 0.0192835 0.00638412 0.0186966 0.00886047 15
8 11 0.0163588 0.00631734 0.0196116 0.0127134 15
14 11 0.009476 0.00836134 0.0194557 0.0109002 18
9 8 0.0148785 0.0148785 0.0207814 0.0059029 3
5 8 0.00610216 0.00606763 0.0189743 0.0128937 12
6 8 0.0168545 0.0168545 0.0189613 0.00210682 15
13 1 0.151691 0.151691 0.151691 0 15
15 1 0.0748511 0.0748511 0.0748511 0 6
7 1 0.00905616 0.00905616 0.0181123 0.00905616 15
1 1 8.36498e-28 8.36498e-28 8.36498e-28 0 0
2 1 0 0 0 0 12
3 1 0 0 0 0 12
10 1 0 0 0 0 15

9 14 0.0218218 0.0218218 0.0233805 0.0015587 3
12 11 0.0165288 0.00879915 0.0232875 0.00951161 15
8 11 0.00849573 0.00849573 0.0223978 0.0139021 15
16 10 0.014263 0.014263 0.0239888 0.00972577 18
14 9 0.0114418 0.0114418 0.024155 0.0127132 18
11 9 0.0138694 0.005356 0.0223342 0.0154507 18
5 6 0.0190692 0.0189613 0.0253357 0.00632068 12
6 6 0.0168545 0.0168545 0.0252818 0.00842726 15
13 1 0.151691 0.151691 0.151691 0 15
17 1 0.151691 0.151691 0.151691 0 18
15 1 0.0748511 0.0748511 0.0748511 0 6
7 1 0.0181123 0.0181123 0.0181123 0 15
1 1 8.36498e-28 8.36498e-28 8.36498e-28 0 0
2 1 0 0 0 0 12
3 1 0 0 0 0 12
10 1 0 0 0 0 15

12 13 0.0125082 0.0125082 0.0266299 0.0141217 18
8 10 0.0255197 0.00985505 0.0262041 0.0155116 15
9 10 0.008393 0.008393 0.0261835 0.0177905 1.5
18 9 0.0273751 0.0273751 0.0273751 3.46945e-18 15
16 9 0.0105422 0.0105422 0.0256851 0.0151429 18
14 8 0.00945195 0.00945195 0.0271744 0.0177224 18
19 1 0.16753 0.16753 0.16753 0 18
5 5 0.0254257 0.0252818 0.0304245 0.00505685 12
6 5 0.0189613 0.0189613 0.0303381 0.0113768 15
13 1 0.151691 0.151691 0.151691 0 15
17 1 0.151691 0.151691 0.151691 0 18
20 1 0.115209 0.115209 0.115209 0 18
15 1 0.0748511 0.0748511 0.0748511 0 6
7 1 0.00603744 0.00603744 0.0181123 0.0120749 15
1 1 8.36498e-28 8.36498e-28 8.36498e-28 0 0
2 1 0 0 0 0 12
3 1 0 0 0 0 12
10 1 0 0 0 0 15

9 51 0.00310607 0.00219682 0.0053839 0.00268341 15
8 21 0.0303807 0 0.0123171 0.00491368 15
12 1 8.88499e-29 8.88499e-29 8.88499e-29 0 1.5

12 56 0.00385671 0.00385671 0.00674924 0.00289253 3
8 38 0.0167893 0 0.00701462 0.00302172 15
9 4 0.0101127 5.33099e-29 0.00693536 0.00414209 1.5

9 60 0.00370327 0.0035061 0.00697876 0.00346946 15
8 37 0.0113927 0.00439957 0.00698111 0.0026089 15
12 1 0.011274 0.011274 0.011274 0 1.5

8 2 0.318997 0.318997 0.318997 0 15
9 34 0.00265934 0.00247489 0.0114192 0.00892947 15
12 7 0.0246531 0.00204913 0.0120293 0.0111899 3

8 32 0.00807587 0.00807587 0.0153787 0.00730281 15
9 30 0.010184 0.00964177 0.0152412 0.00556493 15
12 3 0.0739593 0.0739593 0.0739593 0 3
24 1 0.156463 0.156463 0.156463 0 18
22 1 0.151691 0.151691 0.151691 0 15
21 1 0.00204913 0.00204913 0.0183322 0.0162831 15
23 1 0 0 0 0 15

8 31 0.00850658 0.00850658 0.0179996 0.00949304 15
9 25 0.00698331 0.0066115 0.0180354 0.0113746 15
12 12 0.0263927 0.0158484 0.0182752 0.00322524 3
25 1 0.200669 0.200669 0.200669 0 18
24 1 0.156463 0.156463 0.156463 0 18
22 3 0.0505636 0.0505636 0.0505636 0 15
21 1 0.0092211 0.0092211 0.0184422 0.0092211 15
23 1 0 0 0 0 15

8 30 0.00797492 0.00797492 0.0179961 0.0100212 15
9 25 0.00875649 0.00826438 0.0182113 0.00982296 15
12 13 0.0185667 0.00964686 0.0182101 0.0074486 3
25 1 0.200669 0.200669 0.200669 0 18
24 2 0.0911263 0.0782317 0.084679 0.00644729 18
22 5 0.0303381 0.0303381 0.0303381 0 15
21 1 0.00461055 0.00461055 0.0183597 0.0137492 15
23 1 0 0 0 0 15

8 34 0.00807587 0.00807587 0.0162336 0.00815775 15
9 27 0.00803875 0.00758697 0.0161487 0.00836507 15
12 16 0.0158161 0.0082177 0.01667 0.00638663 3
24 2 0.0911263 0.0782317 0.084679 0.00644729 18
22 5 0.0303381 0.0303381 0.0303381 0 15
21 1 0.0092211 0.0092211 0.0184422 0.0092211 18
23 1 0 0 0 0 15

8 32 0.00817941 0.00817941 0.0164885 0.00830914 15
9 27 0.00700519 0.00674524 0.0167654 0.00981528 15
12 16 0.020335 0.0105656 0.0170724 0.00465556 3
24 2 0.0911263 0.0782317 0.084679 0.00644729 18
22 8 0.0189613 0.0189613 0.0189613 3.46945e-18 15
23 2 0.0367998 0 0.0183999 0.0183999 15
21 1 0.0061474 0.0061474 0.0183322 0.0121848 15

26 21 0.0118147 0.0118147 0.030222 0.0184073 15
9 16 0.00845454 0.00842813 0.0303252 0.0218823 18
27 12 0.039949 0.0135761 0.0372498 0.00713979 15
8 13 0.0265831 0.0265831 0.0296372 0.0030541 1.5
28 1 0.286541 0.286541 0.286541 0 21
12 9 0.0185667 0.0115419 0.0306346 0.0146417 3
24 2 0.0911263 0.0782317 0.084679 0.00644729 18
22 5 0.0151691 0.0151691 0.0303381 0.0151691 15
23 1 0.0490664 0.0490664 0.0490664 0 15
21 1 0.0184422 0.0184422 0.0184422 0 15

26 33 0.00759516 0.00759516 0.0167018 0.00910663 15
9 28 0.0155608 0.0119227 0.0168752 0.00484244 15
27 26 0.0159796 0.0157389 0.0165929 0.000837913 15
8 12 0.0164244 0.00601782 0.0169842 0.00546415 3

26 25 0.00797492 0.00797492 0.0218146 0.0138396 15
9 22 0.0118147 0.0090808 0.0215908 0.0123988 18
27 21 0.0108952 0.0107311 0.0217592 0.0110048 15
8 13 0.0328488 0.00761512 0.0249507 0.00827242 6
29 2 0.0911263 0.0782317 0.084679 0.00644729 18
31 3 0.0505636 0.0505636 0.0505636 0 15
30 1 0 0 0 0 15
32 1 0 0 0 0 15

26 15 0.00886102 0.00886102 0.0346033 0.0257423 15
9 14 0.0122691 0.00943007 0.0349517 0.0251357 15
27 14 0.0140996 0.0138872 0.0338195 0.0198263 15
36 1 0.442029 0.442029 0.442029 0 18
34 1 0.416684 0.416684 0.416684 0 3
33 3 0.163454 0.0450879 0.123999 0.0557985 18
8 9 0.0328488 0.0204203 0.0347474 0.00709041 3
29 2 0.0911263 0.0782317 0.084679 0.00644729 18
31 3 0.0505636 0.0505636 0.0505636 0 15
35 1 0.0092211 0.0092211 0.0182773 0.00905616 15
30 1 0 0 0 0 15

27 17 0.0208692 0.0196736 0.0280395 0.00810536 15
9 17 0.017722 0.0136212 0.0276663 0.0136268 15
8 2 0.213517 0.213517 0.213517 0 6
34 14 0.0162058 0.0160263 0.0274171 0.0113781 3
26 13 0.00996865 0.00996865 0.028819 0.0188504 15
38 1 0.152051 0.152051 0.152051 0 3
31 3 0.0505636 0.0505636 0.0505636 0 15
40 1 0.138245 0.138245 0.138245 0 18
39 1 0.128925 0.128925 0.128925 0 15
35 1 0.0061474 0.0061474 0.0182223 0.0120749 15
37 1 0.00479801 0.00479801 0.00479801 0 15
30 1 0 0 0 0 15

26 22 0.0289997 0.0289997 0.0289997 0 15
9 16 0.0153972 0.0148595 0.0300575 0.015165 15
34 14 0.0131672 0.0130214 0.0292377 0.0162059 3
8 13 0.0194107 0.0194107 0.0308595 0.0114488 6
27 12 0.0118147 0.00887756 0.0298946 0.0202546 15
38 1 0.152051 0.152051 0.152051 0 3
31 3 0.0505636 0.0505636 0.0505636 0 15
40 1 0.138245 0.138245 0.138245 0 18
39 1 0.128925 0.128925 0.128925 0 15
35 1 0.0092211 0.0092211 0.0116201 0.002399 15
30 1 0 0 0 0 15

26 17 0.0106332 0.0106332 0.0314563 0.0208231 15
9 16 0.0167893 0.0129043 0.0311908 0.0172753 15
27 9 0.0556512 0.0532653 0.0537955 0.000991899 15
8 13 0.0138514 0.0133448 0.0315487 0.0181654 6
34 13 0.0140513 0.0122554 0.0313547 0.0189354 3
42 1 0.188061 0.188061 0.188061 0 12
38 2 0.0760257 0.0760257 0.0760257 0 3
31 3 0.0505636 0.0505636 0.0505636 0 15
40 1 0.138245 0.138245 0.138245 0 18
39 2 0.0644624 0.0644624 0.0644624 0 15
41 1 0.0092211 0.0092211 0.0184422 0.0092211 15
30 1 0 0 0 0 15

9 18 0.0159498 0.0144982 0.031025 0.0151595 15
26 15 0.0127599 0.0127599 0.0319708 0.0192109 15
27 14 0.0278256 0.0266327 0.0329364 0.00614749 15
34 13 0.0318497 0.0277789 0.0324614 0.00440473 3
8 13 0.0110811 0.0106759 0.0322586 0.0215518 6
42 1 0.188061 0.188061 0.188061 0 12
38 2 0.0760257 0.0760257 0.0760257 0 3
31 4 0.0379227 0.0379227 0.0379227 0 15
40 1 0.138245 0.138245 0.138245 0 18
39 2 0.0429749 0.0429749 0.0429749 0 15
43 1 0.0092211 0.0092211 0.0184422 0.0092211 18
41 1 0.0092211 0.0092211 0.0182773 0.00905616 15
30 1 0 0 0 0 15

26 17 0.0199373 0.0199373 0.0357804 0.0158431 15
9 16 0.0122691 0.0122691 0.0374346 0.0251655 15
27 13 0.0185504 0.0177551 0.036613 0.0185561 15
34 11 0.0148735 0.0123926 0.0382255 0.0247464 3
8 11 0.0211069 0.020335 0.0375165 0.0171128 6
44 1 0.189563 0.189563 0.189563 0 18
42 1 0.188061 0.188061 0.188061 0 12
38 2 0.0760257 0.0760257 0.0760257 0 3
31 4 0.0252818 0.0252818 0.0379227 0.0126409 15
40 1 0.138245 0.138245 0.138245 0 18
39 2 0.0429749 0.0429749 0.0429749 0 15
30 2 0.0731737 0 0.0365869 0.0365869 15
43 1 0.0092211 0.0092211 0.0184422 0.0092211 18
41 1 0.0184422 0.0184422 0.0184422 0 15
45 1 0.00479801 0.00479801 0.00479801 0 15

9 15 0.0141776 0.0141776 0.0385649 0.0243872 15
27 12 0.0178879 0.0178879 0.0407798 0.0228919 15
26 12 0.0135743 0.0135743 0.0400392 0.0264649 15
34 11 0.0163129 0.0154111 0.0403033 0.0245239 3
8 11 0.0402951 0.0388213 0.0389553 0.00042367 6
44 1 0.189563 0.189563 0.189563 0 18
42 1 0.188061 0.188061 0.188061 0 12
38 2 0.0760257 0.0760257 0.0760257 0 3
47 1 0.151691 0.151691 0.151691 0 15
31 4 0.0303381 0.0303381 0.0379227 0.00758453 15
46 1 0.144206 0.144206 0.144206 0 6
40 1 0.138245 0.138245 0.138245 0 18
39 2 0.0644624 0.0644624 0.0644624 0 15
30 1 0.0731737 0.0731737 0.0731737 0 15
43 1 0.0184422 0.0184422 0.0184422 0 18
41 1 0.0184422 0.0184422 0.0184422 0 15
45 1 0.0011995 0.0011995 0.00479801 0.0035985 15

26 16 0.0245382 0.0245382 0.0394548 0.0149166 15
9 12 0.0151903 0.0151903 0.0405075 0.0253172 1.5
34 12 0.020228 0.0194298 0.0402698 0.0202796 3
27 12 0.0151776 0.0151776 0.039141 0.0239634 15
8 10 0.0170479 0.0164244 0.0426783 0.0261923 6
42 1 0.188061 0.188061 0.188061 0 12
44 3 0.0455723 0.0270804 0.051298 0.020048 18
38 2 0.0760257 0.0760257 0.0760257 0 3
31 3 0.0379227 0.0379227 0.0505636 0.0126409 15
47 1 0.151691 0.151691 0.151691 0 15
30 1 0.146347 0.146347 0.146347 0 15
46 1 0.144206 0.144206 0.144206 0 6
40 1 0.138245 0.138245 0.138245 0 18
39 3 0.0429749 0.0429749 0.0429749 0 15
41 1 0.0092211 0.0092211 0.0184422 0.0092211 15
43 1 0.0092211 0.0092211 0.0182773 0.00905616 15
45 1 0.00479801 0.00479801 0.00479801 0 15

26 49 0.0130203 0 0.00922104 0.00575968 15
9 49 0.00483329 0.0037944 0.00894678 0.00459318 15

9 25 0.0127599 0.0127599 0.0242267 0.0114668 15
49 18 0.0280945 0.00849197 0.0270055 0.00449018 3
26 16 0.00510395 0.00510395 0.023925 0.018821 15
48 2 0.318997 0.0598925 0.189445 0.129552 15
50 1 0.209987 0.209987 0.209987 0 18
51 1 0.169961 0.169961 0.169961 0 18
52 1 0.151691 0.151691 0.151691 0 15

26 26 0.0187645 0.0187645 0.0241205 0.00535593 15
9 20 0.00778041 0.00778041 0.0243721 0.0165917 15
49 18 0.0129667 0.0129667 0.0244025 0.0114358 3
50 1 0.209987 0.209987 0.209987 0 18
51 1 0.169961 0.169961 0.169961 0 18
48 1 0.163918 0.163918 0.163918 0 18
52 2 0.0758453 0.0758453 0.0758453 0 15
54 1 0.139144 0.139144 0.139144 0 12
53 1 0.00603744 0.00603744 0.0181123 0.0120749 15

9 16 0.0163588 0.0163588 0.0384335 0.0220747 15
49 13 0.0129667 0.0129667 0.0389 0.0259334 3
55 8 0.0797492 0 0.0618193 0.031314 12
26 13 0.0102902 0.0102902 0.0370747 0.0267845 1.5
57 1 0.407843 0.407843 0.407843 0 6
56 1 0.233424 0.233424 0.233424 0 15
51 1 0.169961 0.169961 0.169961 0 18
48 1 0.163918 0.163918 0.163918 0 18
50 4 0.0233319 0.0233319 0.0408308 0.0174989 18
52 4 0.0379227 0.0379227 0.0379227 0 15
54 1 0.139144 0.139144 0.139144 0 12
58 1 0.111786 0.111786 0.111786 0 6
53 1 0.00461055 0.00461055 0.0183597 0.0137492 15

55 30 0.0187645 0.00409248 0.0178107 0.00357021 15
49 28 0.0141422 0.0136676 0.0176848 0.00400122 3
9 27 0.0104589 0.0104589 0.0176868 0.0072279 15
26 14 0.0123589 0.00707346 0.0176976 0.00587608 15

9 21 0.0159498 0.0159498 0.02984 0.0138902 15
55 18 0.00981529 0.00981529 0.0302628 0.0204475 15
49 16 0.00780985 0.00754777 0.0303902 0.0228098 3
61 13 0.0313726 0.0313726 0.0313726 6.93889e-18 6
62 1 0.233424 0.233424 0.233424 0 15
59 1 0.163918 0.163918 0.163918 0 18
26 3 0.0505636 0.0505636 0.0505636 0 15
60 4 0.0278288 0.0278288 0.0347861 0.00695721 12
63 1 0.122199 0.122199 0.122199 0 0
64 1 0.0061474 0.0061474 0.0183322 0.0121848 15

55 20 0.0148371 0.0148371 0.0301455 0.0153084 15
9 16 0.0104589 0.0104589 0.031245 0.0207861 15
65 1 0.461887 0.461887 0.461887 0 21
49 15 0.0127624 0.0123342 0.0303869 0.0178826 3
61 13 0.0214654 0.0214654 0.0313726 0.00990712 6
26 4 0.0379227 0.0379227 0.0379227 0 15
60 4 0.0347861 0.0347861 0.0347861 0 12
63 1 0.122199 0.122199 0.122199 0 0
62 2 0.116712 0 0.058356 0.058356 15
64 1 0.0061474 0.0061474 0.0183322 0.0121848 15

9 16 0.0163588 0.0163588 0.0380426 0.0216838 15
55 13 0.0118147 0.0118147 0.0402478 0.0284331 15
49 12 0.0186879 0.0180607 0.0390915 0.0205623 3
68 1 0.459553 0.459553 0.459553 0 18
65 12 0.0184755 0.0184755 0.0376022 0.0191267 21
61 9 0.0271895 0.0271895 0.041266 0.0140764 6
67 1 0.215192 0.215192 0.215192 0 3
26 4 0.0379227 0.0379227 0.0379227 0 15
66 1 0.151691 0.151691 0.151691 0 21
60 3 0.0347861 0.0347861 0.0463814 0.0115954 12
63 1 0.122199 0.122199 0.122199 0 0
62 2 0.077808 0 0.038904 0.038904 15
64 1 0.0184422 0.0184422 0.0184422 0 15

55 18 0.0227855 0.0227855 0.0344276 0.0116421 15
9 14 0.00966657 0.00966657 0.0350633 0.0253968 18
49 14 0.0163519 0.0163519 0.034489 0.0181371 3
65 13 0.0209949 0.0209949 0.0335332 0.0125384 21
61 9 0.0453159 0.0453159 0.0453159 0 6
67 1 0.215192 0.215192 0.215192 0 3
26 4 0.0303381 0.0303381 0.0379227 0.00758453 15
66 1 0.151691 0.151691 0.151691 0 21
68 3 0.0347861 0.0347861 0.0422299 0.00744385 12
62 3 0.06633 0 0.041562 0.0295685 15
63 1 0.122199 0.122199 0.122199 0 0
64 1 0.0061474 0.0061474 0.0182223 0.0120749 15

9 16 0.0159498 0.0159498 0.0361909 0.0202411 12
55 14 0.0155608 0.0155608 0.0352262 0.0196653 15
49 14 0.0138542 0.0134169 0.035164 0.0217161 3
65 13 0.016496 0.016496 0.0352492 0.0187533 21
61 10 0.0203922 0.0203922 0.0370261 0.016634 6
69 1 0.26532 0.26532 0.26532 0 15
70 1 0.215976 0.215976 0.215976 0 18
67 1 0.215192 0.215192 0.215192 0 3
26 4 0.0379227 0.0379227 0.0379227 0 15
66 2 0.0758453 0.0758453 0.0758453 0 21
62 2 0.077808 0 0.038904 0.038904 15
64 1 0.0092211 0.0092211 0.0182773 0.00905616 15

55 16 0.0219998 0.0219998 0.0398746 0.0178748 15
71 16 0.0193331 0.0193331 0.0386663 0.0193331 15
49 12 0.0207813 0.0201254 0.0412728 0.0210395 3
65 11 0.0121549 0.0121549 0.0412711 0.0291161 21
61 9 0.0216014 0.0194211 0.0413467 0.0214936 6
62 1 0.233424 0.233424 0.233424 0 15
70 1 0.215976 0.215976 0.215976 0 18
67 1 0.215192 0.215192 0.215192 0 3
72 1 0.161643 0.161643 0.161643 0 6
26 3 0.0379227 0.0379227 0.0505636 0.0126409 15
66 3 0.0505636 0.0505636 0.0505636 0 21
69 2 0.053064 0.0412995 0.0471818 0.00588225 15
64 1 0.0061474 0.0061474 0.0182223 0.0120749 15
9 1 0.00867233 0.00867233 0.0173447 0.00867233 1.5

71 16 0.0118147 0.0118147 0.0383078 0.0264931 15
49 12 0.0450261 0.043605 0.0438418 0.000529608 3
55 13 0.00828563 0.00828563 0.0393749 0.0310892 1.5
65 11 0.0419897 0.0419897 0.0419897 6.93889e-18 21
61 9 0.0504032 0.0453159 0.0463624 0.00196592 6
69 2 0.13266 0.103249 0.117954 0.0147056 15
70 1 0.215976 0.215976 0.215976 0 18
67 1 0.215192 0.215192 0.215192 0 3
72 1 0.161643 0.161643 0.161643 0 6
26 3 0.0505636 0.0505636 0.0505636 0 15
66 3 0.0505636 0.0505636 0.0505636 0 21
62 2 0.116712 0 0.058356 0.058356 15
64 1 0.0092211 0.0092211 0.0182773 0.00905616 15

49 36 0.00915785 0.00886881 0.0133379 0.0044065 6
71 34 0.00862154 0.00862154 0.0134691 0.00484756 15
55 28 0.0151903 0.00512363 0.0135863 0.00362232 15

74 13 0.0490764 0.0490764 0.0490764 0 15
71 19 0.00807587 0.00807587 0.0324688 0.0243929 15
73 15 0.00857803 0.00857803 0.0332374 0.0246594 3
75 11 0.0419897 0.0419897 0.0419897 6.93889e-18 21
49 10 0.0207813 0.0207813 0.0331281 0.0123469 0
76 1 0.215976 0.215976 0.215976 0 18
77 1 0.215192 0.215192 0.215192 0 3
78 1 0.151691 0.151691 0.151691 0 15
55 3 0.053064 0.0175336 0.0390941 0.0154665 15

71 18 0.0115999 0.0115999 0.0349921 0.0233922 15
73 15 0.0216125 0.0209304 0.0353387 0.0139573 3
74 15 0.00938226 0.00938226 0.0338318 0.0244495 15
75 11 0.0419897 0.0419897 0.0419897 6.93889e-18 21
80 2 0.217276 0.147413 0.182344 0.0349315 15
77 1 0.215192 0.215192 0.215192 0 3
79 1 0.193824 0.193824 0.193824 0 18
76 2 0.107988 0.0438339 0.075911 0.0320771 15
78 4 0.0379227 0.0379227 0.0379227 0 15
55 3 0.06633 0 0.041562 0.0295685 15
81 1 0.0181123 0.0181123 0.0181123 0 15

74 15 0.0425329 0.0425329 0.0425329 6.93889e-18 15
71 16 0.00898583 0.00898583 0.0333227 0.0243369 15
73 16 0.00915785 0.00915785 0.0328424 0.0236846 3
75 11 0.0419897 0.0419897 0.0419897 6.93889e-18 21
80 3 0.144851 0.0646081 0.102578 0.0328998 15
55 1 0.233424 0.233424 0.233424 0 15
77 1 0.215192 0.215192 0.215192 0 3
78 4 0.0303381 0.0303381 0.0379227 0.00758453 15
76 3 0.04422 0.0146113 0.04135 0.015831 15
81 1 0.0181123 0.0181123 0.0181123 0 15

71 17 0.0108135 0.0108135 0.036951 0.0261375 15
73 14 0.0300174 0.0300174 0.0366545 0.00663708 3
74 14 0.00966657 0.00966657 0.0364673 0.0268007 15
75 11 0.0419897 0.0419897 0.0419897 6.93889e-18 21
55 1 0.233424 0.233424 0.233424 0 15
80 4 0.108638 0 0.0577001 0.0395778 15
82 1 0.215976 0.215976 0.215976 0 18
77 1 0.215192 0.215192 0.215192 0 3
83 1 0.190903 0.190903 0.190903 0 18
76 2 0.13266 0.0438339 0.088247 0.0444131 15
78 4 0.0303381 0.0303381 0.0379227 0.00758453 15
81 1 0.00905616 0.00905616 0.0181123 0.00905616 15

74 14 0.045571 0.045571 0.045571 6.93889e-18 15
73 14 0.0117459 0.0117459 0.0379633 0.0262173 3
71 14 0.00817941 0.00817941 0.0379025 0.0297231 15
75 11 0.0419897 0.0419897 0.0419897 6.93889e-18 21
80 5 0.0949762 0 0.0559233 0.0343989 12
76 1 0.26532 0.26532 0.26532 0 15
77 1 0.215192 0.215192 0.215192 0 3
83 1 0.190903 0.190903 0.190903 0 18
84 1 0.153706 0.153706 0.153706 0 3
82 2 0.107988 0.0438339 0.075911 0.0320771 15
78 4 0.0303381 0.0303381 0.0379227 0.00758453 15
55 2 0.077808 0 0.038904 0.038904 15
81 1 0.00603744 0.00603744 0.0181123 0.0120749 15

71 15 0.0425329 0.0425329 0.0425329 6.93889e-18 15
74 13 0.00996865 0.00996865 0.0427473 0.0327786 15
73 12 0.00931574 0.00931574 0.0424396 0.0331238 3
75 11 0.0419897 0.0419897 0.0419897 6.93889e-18 21
85 2 0.237441 0.217276 0.227358 0.0100824 15
55 1 0.233424 0.233424 0.233424 0 15
82 1 0.215976 0.215976 0.215976 0 18
86 1 0.193824 0.193824 0.193824 0 18
83 1 0.190903 0.190903 0.190903 0 18
77 2 0.107596 0.0735919 0.0905941 0.0170022 3
78 3 0.0216701 0.0216701 0.0505636 0.0288935 15
80 2 0.147413 0 0.0737065 0.0737065 12
76 2 0.08844 0.0292226 0.0588313 0.0296087 15
81 1 0.00603744 0.00603744 0.0171725 0.0111351 15

74 14 0.0120376 0.0120376 0.043591 0.0315533 15
71 12 0.00966657 0.00966657 0.0433506 0.0336841 15
73 12 0.0415625 0.0415625 0.0432642 0.00170169 3
75 11 0.0419897 0.0419897 0.0419897 6.93889e-18 21
85 2 0.237441 0.217276 0.227358 0.0100824 15
76 1 0.26532 0.26532 0.26532 0 15
88 1 0.20045 0.20045 0.20045 0 18
86 1 0.193824 0.193824 0.193824 0 18
83 1 0.190903 0.190903 0.190903 0 18
77 2 0.107596 0.0735919 0.0905941 0.0170022 3
82 2 0.107988 0.0438339 0.075911 0.0320771 18
78 3 0.0303381 0.0303381 0.0505636 0.0202254 15
80 2 0.147413 0 0.0737065 0.0737065 12
55 1 0.058356 0.058356 0.058356 0 15
81 1 0.00905616 0.00905616 0.0181123 0.00905616 15
87 1 0 0 0 0 12

71 14 0.0117782 0.0111929 0.0456128 0.0343784 15
74 12 0.00996865 0.00996865 0.0481377 0.0381691 15
73 11 0.0385938 0.0385938 0.0459459 0.00735216 3
75 10 0.0419897 0.0419897 0.0461887 0.00419897 21
85 2 0.237441 0.217276 0.227358 0.0100824 15
55 1 0.233424 0.233424 0.233424 0 15
82 1 0.215976 0.215976 0.215976 0 18
88 1 0.20045 0.20045 0.20045 0 18
86 1 0.193824 0.193824 0.193824 0 18
83 1 0.190903 0.190903 0.190903 0 18
89 1 0.18572 0.18572 0.18572 0 15
77 2 0.107596 0.0735919 0.0905941 0.0170022 3
76 2 0.13266 0.0438339 0.088247 0.0444131 15
78 3 0.0505636 0.0505636 0.0505636 0 15
80 2 0.147413 0 0.0737065 0.0737065 12
81 1 0.0181123 0.0181123 0.0181123 0 15
87 1 0 0 0 0 12
90 1 0 0 0 0 15

74 13 0.0115999 0.0115999 0.0469397 0.0353398 15
73 10 0.0415625 0.0415625 0.050272 0.00870948 3
91 1 0.500527 0.500527 0.500527 0 18
71 10 0.01049 0.00996865 0.04721 0.0368249 15
75 10 0.0461887 0.0461887 0.0461887 0 21
85 2 0.237441 0.217276 0.227358 0.0100824 15
76 1 0.26532 0.26532 0.26532 0 15
88 1 0.20045 0.20045 0.20045 0 18
86 1 0.193824 0.193824 0.193824 0 18
83 1 0.190903 0.190903 0.190903 0 18
77 2 0.107596 0.0735919 0.0905941 0.0170022 3
82 2 0.107988 0.0438339 0.075911 0.0320771 18
78 3 0.0303381 0.0303381 0.0505636 0.0202254 15
55 2 0.116712 0 0.058356 0.058356 15
80 2 0.0737065 0.0248631 0.0492848 0.0244217 12
81 1 0.00905616 0.00905616 0.0181123 0.00905616 15
87 1 0 0 0 0 12

71 10 0.0671357 0.0637994 0.0664685 0.00133455 15
73 11 0.00871473 0.00871473 0.0480386 0.0393239 3
74 11 0.0111929 0.0111929 0.047582 0.0363891 15
75 9 0.0513208 0.0513208 0.0513208 6.93889e-18 21
85 1 0.434552 0.434552 0.434552 0 15
91 4 0.125132 0 0.0898309 0.0519802 15
55 1 0.233424 0.233424 0.233424 0 15
86 2 0.119103 0.0969122 0.108007 0.0110952 18
82 1 0.215976 0.215976 0.215976 0 18
88 1 0.20045 0.20045 0.20045 0 18
80 2 0.147413 0.0497262 0.0985696 0.0488433 12
83 1 0.190903 0.190903 0.190903 0 18
77 2 0.107596 0.0735919 0.0905941 0.0170022 3
78 3 0.0505636 0.0505636 0.0505636 0 15
76 1 0.06633 0.06633 0.088247 0.021917 15
81 1 0.00603744 0.00603744 0.0181123 0.0120749 15

74 11 0.0579994 0.0579994 0.0579994 0 15
71 13 0.0110059 0.0110059 0.0399736 0.0289677 15
73 13 0.0108063 0.0108063 0.0398207 0.0290144 6
75 10 0.0461887 0.0461887 0.0461887 0 21
85 5 0.0949762 0.0387649 0.0654515 0.0219256 15
76 1 0.26532 0.26532 0.26532 0 15
55 1 0.233424 0.233424 0.233424 0 15
88 1 0.20045 0.20045 0.20045 0 18
77 2 0.107596 0.0735919 0.0905941 0.0170022 3
92 3 0.166842 0 0.0556141 0.0786502 12
78 3 0.0303381 0.0303381 0.0505636 0.0202254 15
80 2 0.0954514 0.0497262 0.0725888 0.0228626 12
82 2 0.0431953 0.0175336 0.0566648 0.0292633 15
81 1 0.00452808 0.00452808 0.0159977 0.0114697 15

71 15 0.0129107 0.0129107 0.042312 0.0294013 15
73 12 0.0385938 0.0385938 0.0437519 0.00515813 3
93 1 0.500527 0.500527 0.500527 0 18
75 10 0.0461887 0.0461887 0.0461887 0 21
74 10 0.00966657 0.00966657 0.0451264 0.0354598 15
85 5 0.0949762 0.0387649 0.0654515 0.0219256 18
88 2 0.136877 0.100225 0.118551 0.0183259 18
55 1 0.233424 0.233424 0.233424 0 15
82 1 0.215976 0.215976 0.215976 0 18
77 2 0.107596 0.0735919 0.0905941 0.0170022 3
78 3 0.0379227 0.0379227 0.0505636 0.0126409 15
80 2 0.0954514 0.0497262 0.0725888 0.0228626 12
76 2 0.06633 0.021917 0.0441235 0.0222065 15
81 1 0.00905616 0.00905616 0.0181123 0.00905616 15
92 1 0 0 0 0 12

93 12 0.045571 0.0339201 0.0465311 0.00486869 18
71 12 0.01049 0.01049 0.0448099 0.03432 15
73 11 0.00964845 0.00964845 0.0473185 0.0376701 3
75 9 0.0513208 0.0513208 0.0513208 6.93889e-18 21
94 1 0.434552 0.434552 0.434552 0 15
95 1 0.406639 0.406639 0.406639 0 6
76 1 0.26532 0.26532 0.26532 0 15
88 2 0.136877 0.100225 0.118551 0.0183259 18
85 2 0.119103 0.0969122 0.108007 0.0110952 18
80 3 0.0982753 0.0331508 0.0650201 0.026605 12
77 2 0.107596 0.0735919 0.0905941 0.0170022 3
82 2 0.107988 0.0438339 0.075911 0.0320771 15
78 3 0.0252818 0.0252818 0.0505636 0.0252818 15
55 1 0.077808 0.077808 0.077808 0 15
81 1 0.00905616 0.00905616 0.0181123 0.00905616 15

71 14 0.0167839 0.0167839 0.0457884 0.0290045 15
93 12 0.0084982 0.0084982 0.0432662 0.034768 15
73 11 0.0450261 0.0450261 0.0470372 0.00201109 3
75 9 0.0513208 0.0513208 0.0513208 6.93889e-18 21
95 1 0.406639 0.406639 0.406639 0 6
94 5 0.0869103 0.0382529 0.0541069 0.0180455 12
88 2 0.136877 0.100225 0.118551 0.0183259 18
55 1 0.233424 0.233424 0.233424 0 15
82 1 0.215976 0.215976 0.215976 0 18
96 1 0.190903 0.190903 0.190903 0 18
77 2 0.107596 0.0735919 0.0905941 0.0170022 3
76 2 0.13266 0.0438339 0.088247 0.0444131 15
78 3 0.0379227 0.0379227 0.0505636 0.0126409 15
80 1 0.0994525 0.0994525 0.0994525 0 12
81 1 0.00603744 0.00603744 0.0181123 0.0120749 15

71 15 0.00564166 0.00564166 0.0370337 0.0313921 1.5
73 12 0.0450261 0.0271878 0.0435396 0.00493025 3
75 9 0.0513208 0.0513208 0.0513208 6.93889e-18 21
95 1 0.406639 0.406639 0.406639 0 6
76 1 0.26532 0.26532 0.26532 0 15
97 2 0.217276 0 0.108638 0.108638 12
88 1 0.20045 0.20045 0.20045 0 18
93 5 0.0491376 0.0318774 0.0397291 0.00692922 18
96 1 0.190903 0.190903 0.190903 0 18
77 2 0.107596 0.0735919 0.0905941 0.0170022 3
82 2 0.107988 0.0438339 0.075911 0.0320771 15
78 4 0.0379227 0.0379227 0.0379227 0 15
94 1 0.0994525 0.0994525 0.0994525 0 12
55 2 0.077808 0 0.038904 0.038904 15
81 1 0.00905616 0.00905616 0.0181123 0.00905616 15

