5 1 0.151691 0.151691 0.151691 0 12
1 1 0 0 0 0 0
2 1 0 0 0 0 12
3 1 0 0 0 0 12
4 1 0 0 0 0 12

6 1 0.151691 0.151691 0.151691 0 15
7 1 0.151691 0.151691 0.151691 0 15
5 32 0.00168545 0.00168545 0.00456604 0.00288058 12
1 1 0 0 0 0 0
2 1 0 0 0 0 12
3 1 0 0 0 0 12
4 1 0 0 0 0 12

5 34 0.0033709 0.0033709 0.00446149 0.00109059 12
7 33 0.0047543 0.0040954 0.00458627 9.0879e-05 15
6 30 0.00280909 0.00280909 0.00451493 0.00170585 15
1 1 0 0 0 0 0
2 1 0 0 0 0 12
3 1 0 0 0 0 12
4 1 0 0 0 0 12

6 20 0.0038895 0.0038895 0.00758453 0.00369503 15
9 1 0.151691 0.151691 0.151691 0 18
12 1 0.151691 0.151691 0.151691 0 18
7 20 0.00241372 0.0023337 0.00754906 0.00521139 15
5 19 0.00180335 0.00174357 0.00768733 0.00594063 12
11 1 6.1867e-05 6.1867e-05 6.1867e-05 0 15
1 1 0 0 0 0 0
2 1 0 0 0 0 12
3 1 0 0 0 0 12
4 1 0 0 0 0 12
10 1 0 0 0 0 15

7 15 0.00825746 0.00798372 0.010131 0.00213009 15
5 15 0.00825746 0.00798372 0.010131 0.00213009 12
13 1 0.151691 0.151691 0.151691 0 15
12 15 0.00541752 0.00541752 0.0101127 0.00469519 18
9 15 0.00505636 0.00505636 0.0100378 0.00498143 18
6 14 0.00275801 0.00275801 0.0102711 0.00751305 15
17 1 0.0629158 0.0629158 0.0629158 0 6
18 1 0.00111599 0.00111599 0.00111599 0 18
19 1 0.000451467 0.000451467 0.000451467 0 18
11 1 6.1867e-05 6.1867e-05 6.1867e-05 0 15
4 1 0 0 0 0 12
10 1 0 0 0 0 15
3 1 0 0 0 0 12
14 1 0 0 0 0 15
15 1 0 0 0 0 18
16 1 0 0 0 0 3
2 1 0 0 0 0 12
1 1 0 0 0 0 0

5 12 0.00522973 0.00505636 0.0126698 0.00758481 12
9 12 0.00689503 0.00689503 0.0126409 0.00574586 18
13 12 0.00758453 0.00758453 0.0126409 0.00505636 15
12 12 0.00459669 0.00459669 0.0126409 0.0080442 18
21 1 0.151691 0.151691 0.151691 0 15
20 1 0.151691 0.151691 0.151691 0 21
6 12 0.010835 0.010835 0.0126409 0.00180584 15
7 11 0.00333812 0.00322746 0.0130609 0.0098093 15
17 2 0.0314579 0.0166163 0.0240371 0.0074208 6
22 1 0.00130625 0.00130625 0.00130625 0 15
18 1 0.00111599 0.00111599 0.00111599 0 18
19 1 0.000150489 0.000150489 0.000451467 0.000300978 18
24 1 7.24482e-05 7.24482e-05 7.24482e-05 0 15
11 1 6.1867e-05 6.1867e-05 6.1867e-05 0 15
14 1 0 0 0 0 15
15 1 0 0 0 0 18
16 1 0 0 0 0 3
2 1 0 0 0 0 12
1 1 0 0 0 0 0
3 1 0 0 0 0 12
10 1 0 0 0 0 15
4 1 0 0 0 0 12
23 1 0 0 0 0 21

7 10 0.0156892 0.0151691 0.0152731 0.000208043 15
12 13 0.00689503 0.00689503 0.0116685 0.00477348 18
6 12 0.0126409 0.0126409 0.0126409 3.46945e-18 15
21 13 0.00758453 0.00758453 0.0116685 0.00408398 15
9 13 0.00459669 0.00459669 0.0116317 0.00703506 18
13 13 0.00489325 0.00489325 0.0116019 0.00670861 15
5 12 0.00392229 0.00379227 0.0114886 0.0076488 1.5
17 3 0.0157289 0.00830815 0.0135511 0.00446171 6
4 1 0.0216538 0.0216538 0.0216538 0 12
22 1 0.00130625 0.00130625 0.00130625 0 15
18 1 0.000566383 0.000566383 0.00112438 0.000557996 18
19 1 0.000451467 0.000451467 0.000451467 0 18
24 1 7.24482e-05 7.24482e-05 7.24482e-05 0 15
11 1 6.1867e-05 6.1867e-05 6.1867e-05 0 15
14 1 0 0 0 0 15
15 1 0 0 0 0 18
16 1 0 0 0 0 3
2 1 0 0 0 0 12
1 1 0 0 0 0 0
3 1 0 0 0 0 12

13 13 0.0116685 0.0116685 0.0116685 0 15
21 15 0.00459669 0.00459669 0.0100926 0.00549594 15
12 15 0.00583426 0.00583426 0.0100705 0.00423621 18
9 15 0.00561817 0.00561817 0.0100673 0.00444915 24
6 15 0.00505636 0.00505636 0.00999064 0.00493429 15
7 14 0.00392229 0.00379227 0.00990959 0.00607664 12
5 6 0.00490287 0.00474033 0.0100303 0.00518218 15

7 13 0.00825746 0.00798372 0.011837 0.0036872 12
21 13 0.00446149 0.00446149 0.0116685 0.00720702 15
9 13 0.00523071 0.00523071 0.0116685 0.0064378 18
12 13 0.0038895 0.0038895 0.0116685 0.00777901 18
6 13 0.0101127 0.0101127 0.0116685 0.0015558 15
25 4 0.0379227 0.0379227 0.0379227 0 15
13 12 0.00320465 0.00316022 0.0119262 0.00876224 15
26 1 0.0385974 0.0385974 0.0385974 0 6
29 1 0.031854 0.031854 0.031854 0 3
30 1 0.000451467 0.000451467 0.000451467 0 18
27 1 0 0 0 0 15
28 1 0 0 0 0 15

31 6 0.0261486 0.0252818 0.0257152 0.000433424 15
6 11 0.00659525 0.00659525 0.0137901 0.00719482 15
21 11 0.00421363 0.00421363 0.0137901 0.00957643 15
13 11 0.0137901 0.0137901 0.0137901 0 15
33 1 0.151691 0.151691 0.151691 0 18
12 11 0.00583426 0.00583426 0.0137901 0.00795581 18
9 11 0.00474033 0.00474033 0.0136811 0.0089408 18
7 10 0.00392229 0.00392229 0.0134381 0.00951577 12
26 2 0.0192987 0.0192987 0.0192987 0 6
29 1 0.031854 0.031854 0.031854 0 3
30 1 0.000225733 0.000225733 0.000451467 0.000225733 18
27 1 0 0 0 0 15
28 1 0 0 0 0 15
32 1 0 0 0 0 15
34 1 0 0 0 0 12
35 1 0 0 0 0 18

36 1 0.197134 0.197134 0.197134 0 6
38 1 0.186821 0.186821 0.186821 0 18
7 7 0.0224131 0.0224131 0.0224131 0 12
6 8 0.00523071 0.00523071 0.0189613 0.0137306 15
33 8 0.00659525 0.00659525 0.0189613 0.0123661 18
21 8 0.00632045 0.00632045 0.0189613 0.0126409 15
13 8 0.00689503 0.00689503 0.0189613 0.0120663 15
9 8 0.0189613 0.0189613 0.0189613 3.46945e-18 21
12 8 0.0116685 0.0116685 0.0189613 0.00729282 18
31 7 0.00382663 0.00382663 0.0198843 0.0160576 1.5
37 1 0.104575 0.104575 0.104575 0 3
26 2 0.0192987 0.0192987 0.0192987 0 6
29 1 0.031854 0.031854 0.031854 0 3
40 1 0.00994906 0.00994906 0.00994906 0 3
30 1 0.000451467 0.000451467 0.000451467 0 18
34 1 0 0 0 0 12
35 1 0 0 0 0 18
32 1 0 0 0 0 15
28 1 0 0 0 0 15
27 1 0 0 0 0 15
39 1 0 0 0 0 15

38 12 0.0143709 0.0143709 0.0155518 0.00118099 18
7 10 0.00581081 0.00581081 0.0156011 0.0097903 12
36 10 0.0082139 0.0082139 0.0153137 0.00709982 6
33 10 0.00892298 0.00892298 0.0151691 0.00624609 18
6 10 0.00948067 0.00948067 0.0151691 0.0056884 15
21 10 0.00798372 0.00798372 0.0151691 0.00718535 15
13 10 0.00798372 0.00798372 0.0151691 0.00718535 15
12 9 0.0168545 0.0168545 0.0168545 0 18
9 10 0.010835 0.010835 0.0149635 0.00412848 21
31 3 0.00871621 0.00871621 0.0186808 0.00996461 3

36 11 0.00758206 0.00758206 0.0173472 0.00976513 6
38 9 0.0126861 0.00583816 0.0184096 0.012005 18
41 3 0.0522973 0.0522973 0.0522973 0 15
7 9 0.00682138 0.00682138 0.0172421 0.0104207 12
21 8 0.00892298 0.00892298 0.0189613 0.0100384 15
9 8 0.0151691 0.0151691 0.0189613 0.00379227 21
12 8 0.0168545 0.0168545 0.0189613 0.00210682 18
13 8 0.0151691 0.0151691 0.0189613 0.00379227 15
6 8 0.00541752 0.00541752 0.0189613 0.0135438 15
33 8 0.00541752 0.00541752 0.0189613 0.0135438 18
47 2 0.0515186 0.0515186 0.0515186 0 18
46 1 0.0116464 0.0116464 0.0116464 0 3
45 1 4.3904e-05 4.3904e-05 4.3904e-05 0 18
42 1 2.87198e-05 2.87198e-05 2.87198e-05 0 12
31 1 0 0 0 0 3
43 1 0 0 0 0 15
44 1 0 0 0 0 15

38 11 0.0202978 0.00934106 0.0173854 0.00751529 18
41 9 0.00980574 0.00980574 0.0174324 0.00762668 15
7 9 0.00653716 0.00653716 0.0174324 0.0108953 12
36 9 0.00469366 0.00469366 0.0171292 0.0124355 6
21 9 0.00704856 0.00689503 0.0168716 0.00995961 15
33 8 0.0189613 0.0189613 0.0189613 3.46945e-18 18
6 8 0.0189613 0.0189613 0.0189613 3.46945e-18 15
13 8 0.0189613 0.0189613 0.0189613 3.46945e-18 15
12 9 0.0116685 0.0116685 0.0168545 0.00518601 18
9 9 0.00948067 0.00948067 0.0168545 0.00737385 18
47 3 0.0343457 0.0343457 0.0343457 0 18
46 1 0.0116464 0.0116464 0.0116464 0 3
49 1 0.000451467 0.000451467 0.000451467 0 18
45 1 4.3904e-05 4.3904e-05 4.3904e-05 0 18
42 1 2.87198e-05 2.87198e-05 2.87198e-05 0 12
31 1 0 0 0 0 3
43 1 0 0 0 0 15
44 1 0 0 0 0 15
48 1 0 0 0 0 15

50 1 0.237446 0.237446 0.237446 0 15
36 9 0.00912732 0.00896062 0.0216406 0.0126616 6
38 8 0.0123017 0.00566125 0.0208871 0.0132477 1.5
41 7 0.00653716 0.00653716 0.0224131 0.015876 15
7 7 0.00871621 0.00871621 0.0221377 0.0134215 12
33 7 0.00842726 0.00842726 0.0216701 0.0132428 18
13 7 0.0189613 0.0189613 0.0216701 0.00270876 15
12 7 0.0168545 0.0168545 0.0216701 0.00481558 18
9 7 0.0168545 0.0168545 0.0216701 0.00481558 21
6 7 0.00722337 0.00722337 0.0215818 0.0143585 15
21 7 0.00825746 0.00798372 0.0214848 0.013437 15
47 5 0.0206074 0.0206074 0.0206074 0 18
52 2 0.0324806 0.00713894 0.0198098 0.0126709 12
46 1 0.0116464 0.0116464 0.0116464 0 3
49 1 0.000451467 0.000451467 0.000451467 0 18
45 1 2.1952e-05 2.1952e-05 4.3904e-05 2.1952e-05 18
42 1 2.87198e-05 2.87198e-05 2.87198e-05 0 12
31 1 0 0 0 0 3
43 1 0 0 0 0 15
44 1 0 0 0 0 15
48 1 0 0 0 0 15
51 1 0 0 0 0 3

36 28 0.00717146 0.00396908 0.00693478 0.000572466 6
50 27 0.0150354 0 0.00680553 0.00444649 15
38 27 0.0028872 0.00116216 0.00543242 0.00397446 12

50 23 0.0102081 0.00593615 0.0108758 0.00461333 15
53 21 0.0185606 0.00889624 0.011006 0.00378784 18
54 10 0.0156892 0.0156892 0.0156892 3.46945e-18 15
38 6 0.0261486 0.0261486 0.0261486 0 12
58 1 0.151691 0.151691 0.151691 0 18
36 12 0.00204899 0.00201157 0.0114436 0.00941959 6
57 1 0.00192614 0.00192614 0.00192614 0 15
56 1 1.0976e-05 1.0976e-05 4.3904e-05 3.2928e-05 18
55 1 3.44887e-05 3.44887e-05 3.44887e-05 0 15

53 15 0.00974431 0.00467053 0.0149179 0.00812177 18
50 14 0.00729148 0.00424011 0.0145491 0.00974047 15
36 12 0.0167334 0.0164278 0.0165297 0.000144072 6
60 1 0.179404 0.179404 0.179404 0 12
38 11 0.00871621 0.00871621 0.0142629 0.00554668 12
54 11 0.00653716 0.00653716 0.0141328 0.0075956 15
58 10 0.00922893 0.00892298 0.0150688 0.00611595 18
59 1 0.130244 0.130244 0.130244 0 18
57 1 0.00341646 0.00341646 0.00437953 0.000963071 15
56 1 1.46347e-05 1.46347e-05 4.29554e-05 2.83207e-05 21
55 1 1.72444e-05 1.72444e-05 3.44887e-05 1.72444e-05 15

53 13 0.00785237 0.00749562 0.0196281 0.0118798 18
50 12 0.00913254 0.00913254 0.0197617 0.0106291 15
36 10 0.00838008 0.0082139 0.0193159 0.0109632 6
60 8 0.0128145 0.0128145 0.0210511 0.00823653 12
61 8 0.0156892 0.0156892 0.0196115 0.00392229 12
54 8 0.0142629 0.0142629 0.0196115 0.00534858 15
38 8 0.00871621 0.00871621 0.0196115 0.0108953 12
58 8 0.0156892 0.0151691 0.0190263 0.00379617 18
59 1 0.130244 0.130244 0.130244 0 18
64 3 0.0598012 0 0.0382558 0.0271228 12
63 3 0.0343457 0.0343457 0.0343457 0 18
65 1 0.0439624 0.0439624 0.0439624 0 3
57 1 0.00683291 0.00683291 0.00683291 0 15
62 1 0.000549035 0.000549035 0.000549035 0 12
56 1 2.1952e-05 2.1952e-05 4.3904e-05 2.1952e-05 18
55 1 3.44887e-05 3.44887e-05 3.44887e-05 0 15

67 1 0.441719 0.441719 0.441719 0 0
53 10 0.00680539 0.00676594 0.0265364 0.0197389 18
36 7 0.00693524 0.00692417 0.0272447 0.0203158 6
60 7 0.0186017 0.00944229 0.0269376 0.0165011 12
70 1 0.168336 0.168336 0.168336 0 18
64 1 0.164899 0.164899 0.164899 0 12
61 6 0.00560328 0.00560328 0.0261486 0.0205454 12
38 6 0.0261486 0.0261486 0.0261486 0 12
68 1 0.156892 0.156892 0.156892 0 18
54 6 0.00871621 0.00871621 0.0261486 0.0174324 15
58 5 0.0216701 0.0216701 0.0303381 0.00866804 18
59 1 0.130244 0.130244 0.130244 0 18
50 1 0.0936222 0.0936222 0.0936222 0 15
63 2 0.0257593 0.0257593 0.0386389 0.0128796 18
66 2 0.0598012 0 0.0299006 0.0299006 15
65 1 0.0439624 0.0439624 0.0439624 0 3
57 1 0.00683291 0.00683291 0.00683291 0 15
62 1 0.000274518 0.000274518 0.000549035 0.000274518 12
56 1 4.3904e-05 4.3904e-05 4.3904e-05 0 18
55 1 3.44887e-05 3.44887e-05 3.44887e-05 0 15
69 1 2.87198e-05 2.87198e-05 2.87198e-05 0 12

53 13 0.0185763 0.0185601 0.0313693 0.0128079 18
67 7 0.0129917 0.0129917 0.0343232 0.0213315 0
60 6 0.0220895 0.0112127 0.0335262 0.0193785 12
36 6 0.0154709 0.0154709 0.0334915 0.0180206 6
74 1 0.179404 0.179404 0.179404 0 12
70 5 0.021042 0.021042 0.033151 0.012109 18
64 5 0.0329797 0.0329797 0.0329797 0 12
61 5 0.00522973 0.00522973 0.0313784 0.0261486 12
54 5 0.0261486 0.0261486 0.0313784 0.00522973 15
38 5 0.0261486 0.0261486 0.0303789 0.00423023 18
58 5 0.0303381 0.0303381 0.0303381 0 18
75 1 0.151691 0.151691 0.151691 0 18
59 1 0.130244 0.130244 0.130244 0 18
71 2 0.0897018 0.0361527 0.0629273 0.0267745 12
63 2 0.0515186 0.0515186 0.0515186 0 18
73 1 0.0969036 0.0969036 0.0969036 0 3
50 1 0.0936222 0.0936222 0.0936222 0 15
72 1 0.0933097 0.0933097 0.0933097 0 6
65 1 0.0439624 0.0439624 0.0439624 0 3
57 1 0.00683291 0.00683291 0.00683291 0 15
62 1 0.000549035 0.000549035 0.000549035 0 12
76 1 0.000286278 0.000286278 0.000286278 0 12
56 1 4.3904e-05 4.3904e-05 4.3904e-05 0 18
55 1 3.44887e-05 3.44887e-05 3.44887e-05 0 15
69 1 2.87198e-05 2.87198e-05 2.87198e-05 0 12
66 1 0 0 0 0 15

67 15 0.0276075 0.0276075 0.029448 0.0018405 0
53 10 0.00869531 0.00868773 0.0285963 0.019907 18
60 8 0.0353432 0.0179404 0.0289515 0.00954457 12
36 7 0.0391553 0.0118307 0.0306098 0.0176835 6
71 1 0.179404 0.179404 0.179404 0 12
61 5 0.0174324 0.0174324 0.0313784 0.0139459 12
54 5 0.0120686 0.0120686 0.0313784 0.0193098 15
38 5 0.0130743 0.0130743 0.0313784 0.018304 18
58 5 0.00948067 0.00948067 0.0303381 0.0208575 18
75 3 0.0505636 0.0505636 0.0505636 0 18
74 5 0.00897018 0.00897018 0.0285339 0.0195638 12
59 1 0.130244 0.130244 0.130244 0 18
73 1 0.0969036 0.0969036 0.0969036 0 3
50 1 0.0936222 0.0936222 0.0936222 0 15
72 1 0.0933097 0.0933097 0.0933097 0 6
77 1 0.0608337 0.0608337 0.0608337 0 18
65 1 0.0439624 0.0439624 0.0439624 0 3
57 1 0.00683291 0.00683291 0.00683291 0 15
62 1 0.000274518 0.000274518 0.000549035 0.000274518 12
76 1 0.000143139 0.000143139 0.000193636 5.04976e-05 12
56 1 2.1952e-05 2.1952e-05 4.3904e-05 2.1952e-05 18
78 1 4.09486e-05 4.09486e-05 4.09486e-05 0 18
55 1 3.44887e-05 3.44887e-05 3.44887e-05 0 15
69 1 2.87198e-05 2.87198e-05 2.87198e-05 0 12

53 14 0.0151363 0.0151231 0.0291706 0.0140429 18
67 11 0.0118823 0.0116242 0.0298765 0.0182282 0
36 9 0.044376 0.0134081 0.0317256 0.0166442 6
60 7 0.0176716 0.00989385 0.0315186 0.0161022 15
74 5 0.0358807 0.0358807 0.0358807 0 12
71 5 0.0199337 0.0199337 0.0341837 0.01425 12
54 5 0.0112066 0.0112066 0.0313784 0.0201718 15
61 5 0.00747104 0.00747104 0.0313784 0.0239073 18
79 3 0.0522973 0.0505636 0.0517194 0.000817271 12
75 3 0.0505636 0.0505636 0.0505636 0 18
58 5 0.0116685 0.0116685 0.0303381 0.0186696 18
59 1 0.130244 0.130244 0.130244 0 18
73 1 0.0969036 0.0969036 0.0969036 0 3
50 1 0.0936222 0.0936222 0.0936222 0 15
72 1 0.0933097 0.0933097 0.0933097 0 6
77 1 0.0608337 0.0608337 0.0608337 0 18
65 1 0.0439624 0.0439624 0.0439624 0 3
57 1 0.00683291 0.00683291 0.00683291 0 15
62 1 0.000274518 0.000274518 0.000549035 0.000274518 12
76 1 0.000143139 0.000143139 0.000157499 1.43599e-05 12
56 1 4.3904e-05 4.3904e-05 4.3904e-05 0 18
78 1 4.09486e-05 4.09486e-05 4.09486e-05 0 18
55 1 3.44887e-05 3.44887e-05 3.44887e-05 0 15

67 12 0.0188136 0.018405 0.0364974 0.0180227 0
36 11 0.0266256 0.00804488 0.0349038 0.0113084 6
53 9 0.00801332 0.00801332 0.0350253 0.027012 1.5
60 9 0.0271871 0.0271871 0.0346054 0.00741834 15
80 1 0.267799 0.267799 0.267799 0 0
74 6 0.0332618 0.0128145 0.0355354 0.0179146 15
71 5 0.0256291 0.0256291 0.0358807 0.0102516 12
54 4 0.0174324 0.0174324 0.0392229 0.0217905 15
79 4 0.0261486 0.0261486 0.0390062 0.0128576 12
61 4 0.0156892 0.0156892 0.038164 0.0224749 18
75 3 0.0505636 0.0505636 0.0505636 0 18
58 4 0.0303381 0.0303381 0.0379227 0.00758453 18
59 1 0.130244 0.130244 0.130244 0 18
73 1 0.0969036 0.0969036 0.0969036 0 3
50 1 0.0936222 0.0936222 0.0936222 0 15
72 1 0.0933097 0.0933097 0.0933097 0 6
77 1 0.0608337 0.0608337 0.0608337 0 18
65 1 0.0439624 0.0439624 0.0439624 0 3
81 1 0.0160934 0.0160934 0.0160934 0 0
57 1 0.00683291 0.00683291 0.00683291 0 15
62 1 0.000274518 0.000274518 0.000549035 0.000274518 12
76 1 0.000143139 0.000143139 0.000148948 5.80919e-06 15
56 1 2.1952e-05 2.1952e-05 4.3904e-05 2.1952e-05 18
78 1 4.09486e-05 4.09486e-05 4.09486e-05 0 18
55 1 3.44887e-05 3.44887e-05 3.44887e-05 0 15

36 23 0.034903 0.00531949 0.0252421 0.00821696 3
67 27 0.0107506 0.0105171 0.0111362 0.000589226 0
53 20 0.00388055 0.00340566 0.0114945 0.00801941 15

36 22 0.00943234 0.00723522 0.0230833 0.0155596 6
82 3 0.155222 0.155222 0.155222 0 12
67 20 0.0377475 0.00939828 0.0232022 0.0137798 0
83 18 0.0194609 0.0194609 0.0227044 0.00324349 18
84 1 0.186821 0.186821 0.186821 0 18
88 1 0.103037 0.103037 0.103037 0 18
86 1 0.0913839 0.0913839 0.0913839 0 6
87 1 0.000549035 0.000549035 0.000549035 0 12
85 1 2.12466e-05 2.12466e-05 5.5722e-05 3.44754e-05 15

36 19 0.0137742 0.0105657 0.0307639 0.0190256 3
67 16 0.039438 0.00981598 0.0311089 0.0199467 0
82 15 0.0202463 0.0202463 0.0310444 0.010798 12
91 1 0.44377 0.44377 0.44377 0 3
83 13 0.0170283 0.0170283 0.0314369 0.0144086 18
84 3 0.0622737 0.0508757 0.054675 0.00537308 18
90 1 0.151691 0.151691 0.151691 0 12
89 1 0.113633 0.113633 0.113633 0 3
88 2 0.0515186 0.0492154 0.050367 0.00115161 18
86 1 0.0913839 0.0913839 0.0913839 0 6
87 1 0.00149593 0.00149593 0.00186195 0.000366024 12
85 1 6.37398e-05 6.37398e-05 6.37398e-05 0 15

67 20 0.0554597 0.0141102 0.0307337 0.0185284 0
36 17 0.0149616 0.013215 0.0312319 0.0172225 1.5
82 15 0.0150215 0.0150215 0.0305586 0.0155371 12
91 14 0.0205696 0.0201714 0.0317213 0.011522 3
83 13 0.0314369 0.0314369 0.0314369 0 18
84 4 0.0467053 0.0381568 0.0402939 0.00370162 18
90 2 0.0758453 0.0758453 0.0758453 0 12
88 3 0.0568245 0.0328102 0.0413268 0.0109764 15
86 1 0.0913839 0.0913839 0.0913839 0 6
89 1 0.0378778 0.0378778 0.0566367 0.0187589 3
87 1 0.00448778 0.00448778 0.00448778 0 12
92 1 0.000455372 0.000455372 0.000455372 0 12
93 1 9.17144e-05 9.17144e-05 9.17144e-05 0 15
85 1 3.18699e-05 3.18699e-05 6.37398e-05 3.18699e-05 15

36 50 0.00859184 0.00461055 0.00952173 0.00344606 12
67 49 0.0190829 0.00477172 0.0095453 0.00550463 1.5

67 65 0.0117531 0.00520602 0.0110266 0.00496282 6
36 34 0.00970136 0.00970136 0.011028 0.00132659 12

94 26 0.0682581 0.00380953 0.0633923 0.0167719 3
67 23 0.00978211 0.00683288 0.0344745 0.0268732 6
36 13 0.0119401 0.0119401 0.0346043 0.0226642 12
96 1 0.326939 0.326939 0.326939 0 6
95 3 0.0505636 0.0505636 0.0505636 0 18
97 1 2.45975e-05 2.45975e-05 6.70907e-05 4.24932e-05 18

94 37 0.0179684 0.0170645 0.0352069 0.018111 3
67 24 0.0218745 0.0216944 0.035426 0.0136423 6
36 13 0.0358204 0.0358204 0.0358204 0 12
96 1 0.326939 0.326939 0.326939 0 6
99 2 0.109992 0.109992 0.109992 0 15
95 3 0.0505636 0.0505636 0.0505636 0 18
100 3 0.0505636 0.0505636 0.0505636 0 15
98 1 7.37925e-05 7.37925e-05 7.37925e-05 0 15

94 27 0.0207635 0.019719 0.0570899 0.0372688 3
67 15 0.0178568 0.017844 0.0576134 0.0397626 6
107 1 0.518519 0.518519 0.518519 0 3
102 1 0.465665 0.465665 0.465665 0 12
36 8 0.0211666 0.0211666 0.0553084 0.0341418 12
96 1 0.326939 0.326939 0.326939 0 6
101 1 0.224803 0.224803 0.224803 0 3
99 3 0.0733278 0.0733278 0.0733278 0 15
104 1 0.217382 0.217382 0.217382 0 15
103 1 0.179235 0.179235 0.179235 0 6
95 2 0.0505636 0.0505636 0.0758453 0.0252818 18
100 2 0.0216701 0.0216701 0.0758453 0.0541752 15
106 1 0.139567 0.139567 0.139567 0 18
105 1 0.036276 0.036276 0.0697852 0.0335092 3
98 1 7.37925e-05 7.37925e-05 7.37925e-05 0 15

94 26 0.0263351 0.0249959 0.0547756 0.0294434 3
67 15 0.0282252 0.028205 0.0553317 0.0271092 6
107 9 0.0398861 0.0398861 0.0576132 0.0177272 3
36 8 0.0465665 0.0465665 0.0582082 0.0116416 12
102 8 0.0291041 0.0291041 0.0563995 0.0272954 15
96 1 0.326939 0.326939 0.326939 0 6
99 3 0.0733278 0.0733278 0.0733278 0 15
104 3 0.0724607 0.0724607 0.0724607 0 15
103 1 0.179235 0.179235 0.179235 0 6
95 2 0.0505636 0.0505636 0.0758453 0.0252818 18
100 2 0.0505636 0.0505636 0.0758453 0.0252818 15
106 2 0.0465223 0.0465223 0.0697834 0.0232611 18
101 2 0.112401 0.0140618 0.0632316 0.0491698 0
105 1 0.0725519 0.0725519 0.0725519 0 3
109 1 0.000286278 0.000286278 0.000286278 0 12
98 1 2.45975e-05 2.45975e-05 7.37925e-05 4.9195e-05 15
108 1 6.37398e-05 6.37398e-05 6.37398e-05 0 18

94 28 0.0259693 0.0246567 0.0529844 0.027472 3
67 16 0.0260297 0.0257347 0.0520449 0.0262918 6
107 9 0.0324074 0.0324074 0.0567225 0.024315 3
36 8 0.0211666 0.0211666 0.0552445 0.0340779 12
102 7 0.0310444 0.0310444 0.0549949 0.0239506 12
96 1 0.326939 0.326939 0.326939 0 6
99 4 0.0549958 0.0549958 0.0549958 0 15
111 1 0.151691 0.151691 0.151691 0 15
110 1 0.151691 0.151691 0.151691 0 12
100 2 0.0758453 0.0758453 0.0758453 0 15
95 2 0.0379227 0.0379227 0.0758453 0.0379227 18
106 2 0.0465223 0.0465223 0.0697834 0.0232611 18
101 2 0.112401 0.0140618 0.0632316 0.0491698 3
105 1 0.0725519 0.0725519 0.0725519 0 3
104 1 0.0368863 0.0368863 0.0368863 0 15
112 1 0.000455372 0.000455372 0.000455372 0 12
109 1 0.000286278 0.000286278 0.000286278 0 12
98 1 3.68962e-05 3.68962e-05 7.37925e-05 3.68962e-05 15
108 1 2.12466e-05 2.12466e-05 6.37398e-05 4.24932e-05 18

94 24 0.0186979 0.0186872 0.052647 0.0339545 3
67 17 0.0260297 0.0257347 0.0514321 0.0256545 6
102 7 0.0665236 0.0665236 0.0665236 0 12
36 8 0.0211666 0.0211666 0.0568764 0.0357098 12
96 1 0.326939 0.326939 0.326939 0 6
113 1 0.326817 0.326817 0.326817 0 15
99 4 0.0549958 0.0549958 0.0549958 0 15
114 1 0.217382 0.217382 0.217382 0 15
100 2 0.0758453 0.0758453 0.0758453 0 15
95 2 0.0758453 0.0758453 0.0758453 0 18
110 1 0.151691 0.151691 0.151691 0 12
111 1 0.151691 0.151691 0.151691 0 15
106 2 0.0465223 0.0465223 0.0697834 0.0232611 18
101 2 0.112401 0.0140618 0.0632316 0.0491698 0
105 1 0.0725519 0.0725519 0.0725519 0 3
104 1 0.0184432 0.0184432 0.0368863 0.0184432 15
112 1 0.000455372 0.000455372 0.000455372 0 12
109 1 0.000286278 0.000286278 0.000286278 0 12
98 1 3.68962e-05 3.68962e-05 7.37925e-05 3.68962e-05 15
108 1 6.37398e-05 6.37398e-05 6.37398e-05 0 18

94 28 0.0296792 0.0296622 0.052091 0.0224154 3
67 16 0.0239192 0.0236481 0.0534513 0.0297173 6
102 8 0.0258703 0.0258703 0.0567124 0.0308421 12
36 8 0.0232833 0.0232833 0.0539168 0.0306335 12
96 6 0.0467055 0.0467055 0.0544898 0.00778426 6
113 6 0.0544695 0.0544695 0.0544695 0 15
99 4 0.0439967 0.0439967 0.0549958 0.0109992 15
111 1 0.151691 0.151691 0.151691 0 15
110 1 0.151691 0.151691 0.151691 0 12
95 2 0.0758453 0.0758453 0.0758453 0 18
100 2 0.0758453 0.0758453 0.0758453 0 15
106 2 0.0465223 0.0465223 0.0697834 0.0232611 18
114 2 0.108691 0.0184432 0.0635671 0.045124 15
101 2 0.112401 0.0140618 0.0632316 0.0491698 3
105 1 0.0725519 0.0725519 0.0725519 0 3
115 1 0.000628546 0.000628546 0.000628546 0 18
112 1 0.000151791 0.000151791 0.000455372 0.000303581 12
109 1 0.000143139 0.000143139 0.000286278 0.000143139 12
98 1 3.68962e-05 3.68962e-05 7.37925e-05 3.68962e-05 15
108 1 6.37398e-05 6.37398e-05 6.37398e-05 0 18

94 30 0.0257453 0.0236682 0.054626 0.0308533 3
67 15 0.0221252 0.0219031 0.0568813 0.0347968 6
102 8 0.0273921 0.0273921 0.0569304 0.0295383 12
36 8 0.0291041 0.0291041 0.0545702 0.0254661 12
96 6 0.0330008 0.0297217 0.0550363 0.0247982 6
113 5 0.0544695 0.0544695 0.0653634 0.0108939 15
99 4 0.0549958 0.0549958 0.0549958 0 15
116 1 0.151691 0.151691 0.151691 0 18
100 2 0.0758453 0.0758453 0.0758453 0 15
95 2 0.0758453 0.0758453 0.0758453 0 18
110 1 0.151691 0.151691 0.151691 0 12
111 1 0.151691 0.151691 0.151691 0 15
106 2 0.0697834 0.0697834 0.0697834 0 18
114 2 0.108691 0.0184432 0.0635671 0.045124 15
101 1 0.0749343 0.0749343 0.0936883 0.018754 0
105 1 0.0725519 0.0725519 0.0725519 0 3
115 1 0.000628546 0.000628546 0.000628546 0 18
112 1 0.000455372 0.000455372 0.000455372 0 12
109 1 0.000286278 0.000286278 0.000286278 0 12
98 1 3.68962e-05 3.68962e-05 7.37925e-05 3.68962e-05 15
108 1 6.37398e-05 6.37398e-05 6.37398e-05 0 18

94 26 0.0245046 0.0225276 0.0628025 0.040025 1.5
67 13 0.0268185 0.0268185 0.0663519 0.0395334 6
118 1 0.446354 0.446354 0.446354 0 3
36 7 0.0221745 0.0221745 0.0632921 0.0411175 12
102 7 0.0273921 0.0273921 0.0626105 0.0352184 12
96 5 0.0605015 0.0544898 0.0665901 0.0111601 6
113 5 0.0653634 0.0653634 0.0653634 0 15
101 2 0.11965 0.112401 0.116026 0.00362424 3
99 3 0.0439967 0.0439967 0.0733278 0.0293311 15
117 3 0.0724607 0.0724607 0.0724607 0 15
100 2 0.0758453 0.0758453 0.0758453 0 15
95 2 0.0758453 0.0758453 0.0758453 0 18
110 1 0.151691 0.151691 0.151691 0 12
111 1 0.151691 0.151691 0.151691 0 15
116 1 0.151691 0.151691 0.151691 0 18
106 2 0.0697834 0.0697834 0.0697834 0 18
105 1 0.0725519 0.0725519 0.0725519 0 3
114 1 0.0368863 0.0368863 0.0368863 0 15
115 1 0.000628546 0.000628546 0.000628546 0 18
112 1 0.000455372 0.000455372 0.000455372 0 12
109 1 0.000286278 0.000286278 0.000286278 0 12
98 1 2.45975e-05 2.45975e-05 7.37925e-05 4.9195e-05 15
108 1 6.37398e-05 6.37398e-05 6.37398e-05 0 18

94 100 0.0108185 0.00247694 0.00896054 0.00335595 3

94 33 0.0179338 0.0153651 0.0528507 0.0368905 3
119 16 0.0226925 0.0226925 0.0553131 0.0326205 6
121 8 0.0332618 0.0332618 0.0582082 0.0249464 12
120 7 0.0423332 0.0423332 0.0582214 0.0158882 12
122 1 0.326217 0.326217 0.326217 0 3
128 1 0.27199 0.27199 0.27199 0 9
130 1 0.248099 0.248099 0.248099 0 3
126 1 0.219983 0.219983 0.219983 0 15
131 1 0.217382 0.217382 0.217382 0 15
127 1 0.151691 0.151691 0.151691 0 15
129 1 0.139567 0.139567 0.139567 0 18
125 2 0.117453 0.0140618 0.0657572 0.0516954 0
124 1 0.000455372 0.000455372 0.000455372 0 12
123 1 2.45975e-05 2.45975e-05 7.04416e-05 4.58441e-05 15

94 30 0.0227408 0.0208741 0.0568864 0.0357342 3
119 15 0.0260297 0.0260297 0.0589684 0.0329387 6
120 8 0.0582082 0.0582082 0.0582082 6.93889e-18 12
121 8 0.0232833 0.0232833 0.0572503 0.033967 12
122 1 0.326217 0.326217 0.326217 0 3
128 1 0.27199 0.27199 0.27199 0 9
130 2 0.142187 0.12405 0.133118 0.00906854 3
126 1 0.219983 0.219983 0.219983 0 15
131 2 0.108691 0.108691 0.108691 0 15
127 1 0.151691 0.151691 0.151691 0 15
132 1 0.151691 0.151691 0.151691 0 18
133 1 0.151691 0.151691 0.151691 0 12
129 1 0.139567 0.139567 0.139567 0 18
125 2 0.117453 0.0140618 0.0657572 0.0516954 0
124 1 0.000227686 0.000227686 0.000455372 0.000227686 12
123 1 7.37925e-05 7.37925e-05 7.37925e-05 0 15

94 34 0.0212187 0.0164023 0.0446796 0.027928 1.5
121 10 0.0388055 0.0388055 0.0465665 0.00776109 12
120 10 0.0245087 0.0245087 0.0452844 0.0207756 12
126 2 0.26753 0.109992 0.188761 0.0787692 15
122 3 0.108739 0.104477 0.107318 0.00200905 3
130 2 0.142187 0.12405 0.133118 0.00906854 3
131 2 0.108691 0.108691 0.108691 0 15
127 2 0.0758453 0.0758453 0.0758453 0 15
132 1 0.151691 0.151691 0.151691 0 18
133 1 0.151691 0.151691 0.151691 0 12
129 1 0.139567 0.139567 0.139567 0 18
125 2 0.117453 0.0140618 0.0657572 0.0516954 3
134 1 0.101557 0.101557 0.101557 0 15
124 1 0.000455372 0.000455372 0.000455372 0 12
123 1 2.45975e-05 2.45975e-05 7.04416e-05 4.58441e-05 15

94 100 0.0152088 0.00269171 0.0104026 0.00438703 3

94 52 0.0178988 0.0138359 0.0358652 0.0211476 3
135 14 0.0356707 0.0356707 0.0372309 0.00156028 15
136 12 0.0388055 0.0388055 0.0388055 6.93889e-18 12
137 12 0.0202463 0.0202463 0.0380709 0.0178245 12
138 1 0.272111 0.272111 0.272111 0 3
140 1 0.000455372 0.000455372 0.000455372 0 12
139 1 7.37925e-05 7.37925e-05 7.37925e-05 0 15

94 50 0.0192052 0.0157119 0.0400884 0.0235986 3
135 13 0.0607291 0.0214024 0.041833 0.0203167 15
136 11 0.0388055 0.0388055 0.0423332 0.00352777 12
137 11 0.0388055 0.0388055 0.0423332 0.00352777 12
138 1 0.272111 0.272111 0.272111 0 3
142 2 0.0758453 0.0758453 0.0758453 0 15
141 1 0.0294313 0.0294313 0.0436618 0.0142305 15
140 1 0.000455372 0.000455372 0.000455372 0 12
139 1 7.37925e-05 7.37925e-05 7.37925e-05 0 15

94 47 0.0203963 0.0170997 0.0403668 0.0218618 1.5
135 14 0.0607291 0.0214024 0.0423568 0.0206054 15
136 11 0.0423332 0.0423332 0.0423332 0 12
137 11 0.0423332 0.0423332 0.0423332 0 12
138 1 0.272111 0.272111 0.272111 0 3
142 3 0.0379227 0.0379227 0.0505636 0.0126409 15
141 1 0.0117725 0.0117725 0.0578658 0.0460932 15
144 1 0.0533532 0.0533532 0.0533532 0 3
143 1 0.00319935 0.00319935 0.00319935 0 3
140 1 0.000455372 0.000455372 0.000455372 0 12
139 1 3.68962e-05 3.68962e-05 7.37925e-05 3.68962e-05 15

94 100 0.0137037 0.0114888 0.0149872 0.00279776 15

145 83 0.0185082 0.0122226 0.0283158 0.0144183 3
94 5 0.116787 5.2476e-30 0.0332991 0.0422535 1.5
146 1 0.158207 0.158207 0.158207 0 6
148 1 0.151691 0.151691 0.151691 0 15
147 1 3.11397e-05 3.11397e-05 6.05779e-05 2.94382e-05 18

145 89 0.0193324 0.0145366 0.0270084 0.0123701 6
94 10 0.151823 5.88765e-06 0.0286149 0.0420802 18

145 74 0.0192262 0.0144567 0.0321409 0.0174214 6
149 6 0.253038 0.0308562 0.0731708 0.0806337 15
150 2 0.0758453 0.0758453 0.0758453 0 15
153 1 0.12475 0.12475 0.12475 0 3
151 1 0.0755331 0.0755331 0.0755331 0 6
152 1 0.028461 0.028461 0.028461 0 18
94 1 1.03799e-05 1.03799e-05 5.94436e-05 4.90637e-05 18

145 71 0.0208284 0.0156614 0.0351686 0.0190454 6
149 7 0.21689 0.0264481 0.0847424 0.0836954 18
150 3 0.0505636 0.0505636 0.0505636 0 18
153 1 0.12475 0.12475 0.12475 0 3
151 1 0.0755331 0.0755331 0.0755331 0 6
152 1 0.00711524 0.00711524 0.028461 0.0213457 18
94 1 3.11397e-05 3.11397e-05 6.05779e-05 2.94382e-05 18

145 55 0.0272001 0.0166919 0.0465698 0.0284896 1.5
154 1 0.634046 0.634046 0.634046 0 9
153 3 0.267289 0.0415833 0.189939 0.104936 3
149 8 0.189779 0.0231421 0.0693273 0.0696816 18
150 3 0.0189613 0.0189613 0.0505636 0.0316022 18
151 1 0.0755331 0.0755331 0.0755331 0 6
152 1 0.025367 0.025367 0.044341 0.018974 18
94 1 3.11397e-05 3.11397e-05 6.05779e-05 2.94382e-05 18

145 100 0.0250471 0.0154884 0.02106 0.00458794 6

145 61 0.0224516 0.0175492 0.0469853 0.0286742 6
158 1 1.51823 1.51823 1.51823 0 18
157 1 0.151691 0.151691 0.151691 0 18
156 1 0.025367 0.025367 0.044341 0.018974 18
155 1 0.0434302 0.0434302 0.0434302 0 9
159 1 5.88765e-05 5.88765e-05 5.88765e-05 0 18

145 73 0.0277766 0.0224306 0.0446473 0.0212011 6
158 2 0.759114 0.142286 0.4507 0.308414 18
157 2 0.0758453 0.0758453 0.0758453 0 18
156 2 0.0907518 0.0380505 0.0644011 0.0263506 18
159 1 1.47191e-05 1.47191e-05 5.88765e-05 4.41573e-05 18

145 74 0.0261033 0.0210793 0.045522 0.02261 6
158 4 0.379557 0.0711429 0.148246 0.133547 18
160 1 0.255582 0.255582 0.255582 0 3
157 3 0.0505636 0.0505636 0.0505636 0 18
156 3 0.0605012 0.025367 0.0487898 0.0165624 18
159 1 1.96255e-05 1.96255e-05 5.88765e-05 3.9251e-05 18

145 75 0.0280875 0.0217924 0.0472648 0.0216584 6
158 7 0.21689 0.0360976 0.0645282 0.0622331 18
160 1 0.255582 0.255582 0.255582 0 3
157 3 0.0252818 0.0252818 0.0505636 0.0252818 18
156 3 0.0363007 0.0266657 0.047051 0.0146822 18
161 1 0.139881 0.139881 0.139881 0 3
159 1 1.47191e-05 1.47191e-05 5.88765e-05 4.41573e-05 18

145 69 0.0279152 0.0265327 0.0553582 0.0287275 6
162 1 0.571699 0.571699 0.571699 0 6
158 7 0.168692 0.0280759 0.0578359 0.0490039 18
160 1 0.255582 0.255582 0.255582 0 3
157 2 0.0379227 0.0379227 0.0758453 0.0379227 18
161 1 0.139881 0.139881 0.139881 0 3
156 2 0.0226879 0.0226879 0.0695185 0.0468306 18
159 1 1.47191e-05 1.47191e-05 5.88765e-05 4.41573e-05 18

145 71 0.0275768 0.0262481 0.0554169 0.0289196 6
158 7 0.21689 0.0360976 0.0645282 0.0622331 18
162 2 0.285849 0.0699404 0.177895 0.107954 3
160 1 0.255582 0.255582 0.255582 0 3
163 1 0.217057 0.217057 0.217057 0 3
156 2 0.0605012 0.0605012 0.0827226 0.0222214 18
157 2 0.0758453 0.0758453 0.0758453 0 18
159 1 1.96255e-05 1.96255e-05 5.88765e-05 3.9251e-05 18

145 77 0.0279152 0.0265837 0.0512108 0.0241584 6
158 8 0.189779 0.0315854 0.0533526 0.0515972 18
160 1 0.255582 0.255582 0.255582 0 3
157 2 0.0379227 0.0379227 0.0758453 0.0379227 18
156 2 0.0302506 0.0302506 0.0746934 0.0444429 18
162 2 0.0699404 0.0623425 0.0661415 0.00379892 3
159 1 1.96255e-05 1.96255e-05 5.88765e-05 3.9251e-05 18

145 70 0.027303 0.0264932 0.0580141 0.0312125 1.5
158 12 0.369276 0.0190913 0.0595856 0.0977228 18
160 1 0.255582 0.255582 0.255582 0 3
164 1 0.253386 0.253386 0.253386 0 6
156 2 0.0605012 0.0605012 0.0827226 0.0222214 18
157 2 0.0379227 0.0379227 0.0758453 0.0379227 18
162 2 0.0699404 0.0623425 0.0661415 0.00379892 3
159 1 2.94382e-05 2.94382e-05 5.88765e-05 2.94382e-05 18

145 100 0.0243409 0.0233836 0.0360124 0.0123245 6

145 61 0.0239645 0.0233818 0.0677164 0.0441997 3
166 2 2.21565 0.114548 1.1651 1.05055 18
167 1 0.151691 0.151691 0.151691 0 18
165 1 0.0444429 0.0444429 0.103923 0.0594806 18

145 55 0.0315072 0.0287986 0.0750246 0.0459222 6
166 3 1.4771 0.0763652 1.01019 0.660314 18
167 2 0.0758453 0.0758453 0.0758453 0 18
165 1 0.0666643 0.0666643 0.0892209 0.0225566 18

145 45 0.0363368 0.0334811 0.0915784 0.0576956 6
166 18 0.246184 0.0127275 0.168475 0.109898 18
168 1 1.58032 1.58032 1.58032 0 6
167 1 0.0379227 0.0379227 0.151691 0.113768 18
165 1 0.133329 0.133329 0.133329 0 18

145 56 0.042915 0.0400311 0.0707323 0.0303248 6
166 39 0.0942831 0.00487437 0.069607 0.0401444 18
167 2 0.0758453 0.0758453 0.0758453 0 18
165 1 0.133329 0.133329 0.133329 0 18

145 56 0.0395091 0.0368977 0.0775813 0.0401437 6
166 40 0.0738551 0.0738551 0.0775357 0.00368059 18
167 1 0.0252818 0.0252818 0.151691 0.126409 18
165 1 0.0444429 0.0444429 0.0745184 0.0300755 18
169 1 2.24297e-05 2.24297e-05 6.16807e-05 3.9251e-05 18

166 42 0.0820612 0.0820612 0.103665 0.0216036 18
145 42 0.0368751 0.0352234 0.103593 0.0679557 6
171 1 0.935306 0.935306 0.935306 0 6
170 1 0.245434 0.245434 0.245434 0 6
167 1 0.151691 0.151691 0.151691 0 18
172 1 0.140853 0.140853 0.140853 0 3
165 1 0.0377419 0.0377419 0.119314 0.0815722 18
169 1 3.36446e-05 3.36446e-05 6.30828e-05 2.94382e-05 18

145 50 0.0681937 0.0655589 0.0925833 0.0265375 6
166 41 0.0418048 0.0418048 0.0924269 0.0506222 18
170 2 0.127919 0.122717 0.125318 0.00260087 6
167 1 0.0505636 0.0505636 0.151691 0.101127 18
165 1 0.0503225 0.0503225 0.150967 0.100645 18
172 1 0.140853 0.140853 0.140853 0 3
173 1 0.0589285 0.0589285 0.0589285 0 6
169 1 6.72892e-05 6.72892e-05 6.72892e-05 0 18

145 46 0.0387737 0.0370992 0.096805 0.0589508 6
166 45 0.0820612 0.0820612 0.096751 0.0146897 18
170 2 0.0852792 0.0849278 0.126009 0.040906 6
167 1 0.0758453 0.0758453 0.151691 0.0758453 18
165 1 0.0754837 0.0754837 0.150967 0.0754837 18
173 1 0.116436 0.116436 0.1459 0.0294642 3
172 1 0.140853 0.140853 0.140853 0 3
169 1 1.47164e-05 1.47164e-05 6.68652e-05 5.21488e-05 18

145 45 0.0396969 0.0395091 0.100081 0.0605553 6
166 44 0.0714727 0.0714727 0.100712 0.0292388 18
170 2 0.127919 0.127392 0.127655 0.0002635 6
173 1 0.232872 0.232872 0.232872 0 3
167 1 0.0505636 0.0505636 0.151691 0.101127 18
172 1 0.140853 0.140853 0.140853 0 3
165 1 0.0754837 0.0754837 0.14005 0.0645667 18
169 1 7.35819e-05 7.35819e-05 7.35819e-05 0 18

145 46 0.0421486 0.0414845 0.0918339 0.0502946 1.5
166 44 0.0703382 0.0703382 0.0921117 0.0217735 18
170 2 0.127919 0.127392 0.127655 0.0002635 6
173 1 0.232872 0.232872 0.232872 0 3
167 1 0.0758453 0.0758453 0.151691 0.0758453 18
172 1 0.140853 0.140853 0.140853 0 3
165 1 0.0754837 0.0754837 0.107397 0.0319135 18
174 1 0.00115674 0.00115674 0.00115674 0 18
169 1 1.83955e-05 1.83955e-05 6.67592e-05 4.83637e-05 18

145 100 0.0436555 0.0243811 0.0405153 0.0152421 6

175 5 1.72876 0.164062 1.41582 0.625878 18
145 37 0.0287746 0.0267476 0.122368 0.0953868 6
176 1 0.22788 0.22788 0.22788 0 3
177 1 0.0505636 0.0505636 0.151691 0.101127 18
178 1 1.68223e-05 1.68223e-05 6.72892e-05 5.04669e-05 18

175 52 0.0993538 0.0993538 0.112472 0.0131179 18
145 43 0.114486 0.106421 0.111253 0.0041966 6
176 1 0.22788 0.22788 0.22788 0 3
177 1 0.0252818 0.0252818 0.151691 0.126409 18
179 1 0.0577006 0.0577006 0.0896141 0.0319135 18
178 1 3.36446e-05 3.36446e-05 6.27986e-05 2.9154e-05 18

175 52 0.0751633 0.0751633 0.146183 0.0710192 18
145 34 0.0727141 0.0680154 0.146604 0.0776929 6
180 1 1.34216 1.34216 1.34216 0 15
176 1 0.22788 0.22788 0.22788 0 3
177 1 0.0505636 0.0505636 0.151691 0.101127 18
179 1 0.0577006 0.0577006 0.0896141 0.0319135 18
178 1 2.24297e-05 2.24297e-05 6.42955e-05 4.18657e-05 18

175 58 0.060446 0.060446 0.13364 0.073194 18
145 37 0.141601 0.132451 0.135198 0.00244166 6
176 1 0.22788 0.22788 0.22788 0 3
177 1 0.0505636 0.0505636 0.151691 0.101127 18
179 1 0.0577006 0.0577006 0.115401 0.0577006 18
181 1 0.0407834 0.0407834 0.0407834 0 15
178 1 2.24297e-05 2.24297e-05 6.13018e-05 3.8872e-05 18

175 58 0.0626361 0.0626361 0.134892 0.0722556 18
145 37 0.0996453 0.0936636 0.133459 0.038665 6
176 1 0.22788 0.22788 0.22788 0 3
177 1 0.151691 0.151691 0.151691 0 18
179 1 0.0384671 0.0384671 0.115401 0.0769342 18
181 1 0.0407834 0.0407834 0.0407834 0 15
178 1 3.36446e-05 3.36446e-05 6.27986e-05 2.9154e-05 18

175 58 0.0557664 0.0557664 0.135133 0.0793667 18
145 37 0.141601 0.133101 0.135459 0.00233706 6
176 1 0.22788 0.22788 0.22788 0 3
177 1 0.0758453 0.0758453 0.151691 0.0758453 18
179 1 0.0577006 0.0577006 0.115401 0.0577006 18
181 1 0.0407834 0.0407834 0.0407834 0 15
178 1 6.72892e-05 6.72892e-05 6.72892e-05 0 18

175 57 0.0588013 0.0588013 0.133014 0.0742129 18
145 38 0.114486 0.107614 0.131717 0.02257 6
176 1 0.22788 0.22788 0.22788 0 3
177 1 0.151691 0.151691 0.151691 0 18
179 1 0.0577006 0.0577006 0.115401 0.0577006 18
181 1 0.0407834 0.0407834 0.0407834 0 15
178 1 6.72892e-05 6.72892e-05 6.72892e-05 0 18

175 56 0.056867 0.056867 0.132511 0.0756439 18
145 39 0.128115 0.120425 0.131614 0.00947729 6
176 1 0.22788 0.22788 0.22788 0 3
177 1 0.151691 0.151691 0.151691 0 18
179 1 0.0577006 0.0577006 0.115401 0.0577006 18
181 1 0.0407834 0.0407834 0.0407834 0 15
178 1 6.72892e-05 6.72892e-05 6.72892e-05 0 18

175 58 0.0630933 0.0630933 0.129779 0.0666854 18
145 37 0.103478 0.0979457 0.132369 0.0332498 6
176 1 0.22788 0.22788 0.22788 0 3
177 1 0.0505636 0.0505636 0.151691 0.101127 18
179 1 0.0577006 0.0577006 0.115401 0.0577006 18
181 1 0.0407834 0.0407834 0.0407834 0 15
178 1 1.68223e-05 1.68223e-05 6.05533e-05 4.3731e-05 18

175 55 0.0564953 0.0564953 0.137579 0.0810835 18
145 37 0.145428 0.137653 0.139355 0.00220883 6
176 1 0.22788 0.22788 0.22788 0 3
181 1 0.156517 0.156517 0.176909 0.0203917 15
182 1 0.161125 0.161125 0.161125 0 18
177 1 0.0758453 0.0758453 0.151691 0.0758453 18
179 1 0.0577006 0.0577006 0.115401 0.0577006 18
178 1 3.36446e-05 3.36446e-05 6.27986e-05 2.9154e-05 18

175 56 0.0608717 0.0608717 0.138216 0.0773446 18
145 36 0.119574 0.113182 0.137888 0.0233048 6
181 1 0.313034 0.313034 0.313034 0 15
176 1 0.22788 0.22788 0.22788 0 3
182 1 0.161125 0.161125 0.161125 0 18
177 1 0.0505636 0.0505636 0.151691 0.101127 18
179 1 0.0384671 0.0384671 0.115401 0.0769342 18
178 1 3.36446e-05 3.36446e-05 6.27986e-05 2.9154e-05 18

175 55 0.060446 0.060446 0.133369 0.0729226 1.5
145 38 0.125136 0.118446 0.131632 0.0115848 6
176 1 0.22788 0.22788 0.22788 0 3
181 1 0.156517 0.156517 0.164018 0.00750086 15
182 1 0.161125 0.161125 0.161125 0 18
177 1 0.0758453 0.0758453 0.151691 0.0758453 18
179 1 0.0288503 0.0288503 0.115401 0.0865509 18
178 1 3.36446e-05 3.36446e-05 6.72892e-05 3.36446e-05 18

175 100 0.0436555 0.0436555 0.0660024 0.022347 18
145 1 0 0 0 0 1.5

175 97 0.0443271 0.0443271 0.079227 0.0348999 18
145 2 0.165685 0.0367943 0.101259 0.0644454 18

175 84 0.0454936 0.0454936 0.0914428 0.0459492 18
183 4 0.248527 0.248527 0.248527 0 6
184 1 0.220766 0.220766 0.220766 0 15
185 1 0.0758453 0.0758453 0.151691 0.0758453 18
145 1 2.9154e-05 2.9154e-05 5.83081e-05 2.9154e-05 18

175 81 0.0485606 0.0485606 0.0990377 0.0504771 18
183 4 0.248527 0.248527 0.248527 0 6
186 1 0.328916 0.328916 0.328916 0 18
184 1 0.220766 0.220766 0.220766 0 15
185 1 0.0758453 0.0758453 0.151691 0.0758453 18
187 1 0.0384671 0.0384671 0.115401 0.0769342 18
145 1 2.9154e-05 2.9154e-05 5.83081e-05 2.9154e-05 18

175 81 0.0491124 0.0491124 0.100897 0.0517842 18
183 8 0.124264 0.124264 0.124264 2.77556e-17 6
186 1 0.328916 0.328916 0.328916 0 18
184 1 0.220766 0.220766 0.220766 0 15
185 1 0.151691 0.151691 0.151691 0 18
187 1 0.115401 0.115401 0.115401 0 18
145 1 2.9154e-05 2.9154e-05 5.83081e-05 2.9154e-05 18

175 81 0.050546 0.0488349 0.097879 0.0490233 18
183 8 0.124264 0.124264 0.124264 2.77556e-17 6
186 1 0.328916 0.328916 0.328916 0 18
184 1 0.220766 0.220766 0.220766 0 15
185 1 0.0379227 0.0379227 0.151691 0.113768 18
187 1 0.115401 0.115401 0.115401 0 18
145 1 2.9154e-05 2.9154e-05 5.83081e-05 2.9154e-05 18

175 83 0.0508332 0.0491124 0.0953094 0.0461766 18
183 9 0.110457 0.110457 0.110457 1.38778e-17 6
186 2 0.164458 0.0544835 0.109471 0.0549874 15
185 1 0.0505636 0.0505636 0.151691 0.101127 18
187 1 0.115401 0.115401 0.115401 0 18
184 1 0.110383 0.110383 0.110946 0.000562747 18
145 1 5.83081e-05 5.83081e-05 5.83081e-05 0 18

175 81 0.0508332 0.0491124 0.098352 0.0491979 18
183 9 0.110457 0.110457 0.110457 1.38778e-17 6
184 1 0.220766 0.220766 0.220766 0 15
186 2 0.164458 0.0544835 0.109471 0.0549874 18
185 1 0.0379227 0.0379227 0.151691 0.113768 18
187 1 0.0384671 0.0384671 0.115401 0.0769342 18
188 1 0.0584856 0.0584856 0.0584856 0 15
145 1 2.9154e-05 2.9154e-05 5.83081e-05 2.9154e-05 18

175 81 0.0508332 0.0491124 0.0961409 0.046945 18
183 9 0.110457 0.110457 0.110457 1.38778e-17 6
184 1 0.220766 0.220766 0.220766 0 15
186 2 0.164458 0.0544835 0.109471 0.0549874 18
185 1 0.151691 0.151691 0.151691 0 18
187 1 0.0577006 0.0577006 0.115401 0.0577006 18
188 1 0.0584856 0.0584856 0.0584856 0 15
145 1 1.16616e-05 1.16616e-05 5.83081e-05 4.66464e-05 18

175 82 0.0514175 0.0496769 0.0983887 0.0485238 18
183 9 0.110457 0.110457 0.110457 1.38778e-17 6
184 1 0.220766 0.220766 0.220766 0 15
186 2 0.164458 0.0544835 0.109471 0.0549874 18
185 1 0.151691 0.151691 0.151691 0 18
187 1 0.0164859 0.0164859 0.115401 0.0989154 18
188 1 0.0584856 0.0584856 0.0584856 0 15
145 1 2.9154e-05 2.9154e-05 5.83081e-05 2.9154e-05 18

175 82 0.0511237 0.0493931 0.0973266 0.047559 18
183 10 0.099411 0.099411 0.099411 0 6
186 2 0.164458 0.0544835 0.109471 0.0549874 15
185 1 0.151691 0.151691 0.151691 0 18
184 1 0.0735885 0.0735885 0.147884 0.074296 15
187 1 0.0288503 0.0288503 0.115401 0.0865509 18
188 1 0.0584856 0.0584856 0.0584856 0 15
145 1 2.9154e-05 2.9154e-05 5.83081e-05 2.9154e-05 18

175 84 0.0517147 0.0499641 0.0965982 0.0459336 18
183 9 0.0903736 0.0903736 0.101952 0.0115785 6
186 2 0.164458 0.0544835 0.109471 0.0549874 15
185 1 0.151691 0.151691 0.151691 0 18
187 1 0.0265872 0.0265872 0.122755 0.0961677 18
184 1 0.0735885 0.0735885 0.100715 0.0271269 15
145 1 1.9436e-05 1.9436e-05 5.83081e-05 3.8872e-05 18

175 83 0.050546 0.0488349 0.0994744 0.0493669 18
183 9 0.0903736 0.0903736 0.101952 0.0115785 6
184 1 0.220766 0.220766 0.220766 0 15
186 2 0.164458 0.0544835 0.109471 0.0549874 15
185 1 0.0758453 0.0758453 0.151691 0.0758453 18
187 1 0.0531744 0.0531744 0.144816 0.0916414 18
145 1 1.9436e-05 1.9436e-05 5.83081e-05 3.8872e-05 18

175 83 0.0499812 0.0499812 0.0981637 0.0481825 18
183 8 0.0903736 0.0903736 0.105128 0.0147548 6
184 1 0.220766 0.220766 0.220766 0 15
186 2 0.164458 0.0544835 0.109471 0.0549874 15
187 1 0.0797615 0.0797615 0.159523 0.0797615 18
185 1 0.151691 0.151691 0.151691 0 18
145 1 2.9154e-05 2.9154e-05 4.70577e-05 1.79037e-05 18

175 83 0.050262 0.050262 0.0969498 0.0466878 18
183 9 0.110457 0.0169064 0.100062 0.0294 6
184 1 0.220766 0.220766 0.220766 0 15
187 1 0.159523 0.159523 0.159523 0 18
185 1 0.0505636 0.0505636 0.151691 0.101127 18
186 1 0.108967 0.108967 0.108967 0 15
189 1 0.077518 0.077518 0.077518 0 15
145 1 1.9436e-05 1.9436e-05 4.33076e-05 2.38716e-05 18

175 84 0.0499812 0.0499812 0.0993067 0.0493255 18
183 8 0.099411 0.099411 0.103215 0.00380395 6
184 1 0.220766 0.220766 0.220766 0 15
187 1 0.0797615 0.0797615 0.159523 0.0797615 18
185 1 0.151691 0.151691 0.151691 0 18
186 1 0.108967 0.108967 0.108967 0 15
189 1 0.077518 0.077518 0.077518 0 15
145 1 1.9436e-05 1.9436e-05 4.33076e-05 2.38716e-05 18

175 82 0.0499812 0.0499812 0.0986576 0.0486763 18
183 8 0.124264 0.124264 0.124264 2.77556e-17 6
184 1 0.220766 0.220766 0.220766 0 15
187 1 0.0398808 0.0398808 0.159523 0.119642 18
185 1 0.0758453 0.0758453 0.151691 0.0758453 18
186 1 0.108967 0.108967 0.108967 0 15
189 1 0.077518 0.077518 0.077518 0 15
145 1 2.9154e-05 2.9154e-05 4.70577e-05 1.79037e-05 18

175 82 0.0508332 0.0508332 0.101056 0.050223 18
183 9 0.110457 0.0169064 0.100062 0.0294 6
184 1 0.220766 0.220766 0.220766 0 15
186 2 0.14605 0.0544835 0.100267 0.0457833 15
187 1 0.0531744 0.0531744 0.159523 0.106349 18
185 1 0.0758453 0.0758453 0.151691 0.0758453 18
189 1 0.077518 0.077518 0.077518 0 15
145 1 2.9154e-05 2.9154e-05 4.70577e-05 1.79037e-05 18

175 83 0.050546 0.050546 0.0986049 0.0480589 18
183 8 0.099411 0.099411 0.103215 0.00380395 6
184 1 0.220766 0.220766 0.220766 0 15
186 2 0.14605 0.0544835 0.100267 0.0457833 15
187 1 0.0797615 0.0797615 0.159523 0.0797615 18
185 1 0.0505636 0.0505636 0.151691 0.101127 18
189 1 0.077518 0.077518 0.077518 0 15
145 1 2.9154e-05 2.9154e-05 4.70577e-05 1.79037e-05 18

175 83 0.0508332 0.0508332 0.0983145 0.0474813 18
183 8 0.099411 0.099411 0.103215 0.00380395 6
184 1 0.220766 0.220766 0.220766 0 15
187 1 0.0398808 0.0398808 0.159523 0.119642 18
185 1 0.0758453 0.0758453 0.151691 0.0758453 18
186 1 0.0973667 0.0973667 0.137661 0.0402944 15
189 1 0.077518 0.077518 0.077518 0 15
145 1 5.83081e-05 5.83081e-05 5.83081e-05 0 18

175 81 0.050546 0.050546 0.100627 0.0500814 18
183 9 0.110457 0.0169064 0.100062 0.0294 6
186 1 0.2921 0.2921 0.2921 0 15
184 1 0.220766 0.220766 0.220766 0 15
187 1 0.0398808 0.0398808 0.159523 0.119642 18
185 1 0.0505636 0.0505636 0.151691 0.101127 18
189 1 0.077518 0.077518 0.077518 0 15
145 1 5.83081e-05 5.83081e-05 5.83081e-05 0 18

175 79 0.0608615 0.0608615 0.100487 0.0396251 1.5
183 9 0.0249943 0.0248527 0.103431 0.0785624 6
186 1 0.2921 0.2921 0.2921 0 15
184 1 0.220766 0.220766 0.220766 0 15
190 1 0.194133 0.194133 0.194133 0 3
187 1 0.159523 0.159523 0.159523 0 18
185 1 0.0758453 0.0758453 0.151691 0.0758453 18
189 1 0.077518 0.077518 0.077518 0 15
145 1 2.9154e-05 2.9154e-05 5.83081e-05 2.9154e-05 18

175 100 0.0458802 0.0458802 0.061613 0.0157328 18

175 94 0.0468411 0.0468411 0.085397 0.038556 18
191 1 0.0797615 0.0797615 0.159523 0.0797615 18
192 1 0.0380395 0.0380395 0.152158 0.114118 6
193 1 0.151691 0.151691 0.151691 0 18
194 1 1.79037e-05 1.79037e-05 3.58074e-05 1.79037e-05 18

175 93 0.0604503 0.0604503 0.0878698 0.0274195 18
191 1 0.0120107 0.0120107 0.156676 0.144665 18
192 1 0.152158 0.152158 0.152158 0 6
193 1 0.0379227 0.0379227 0.151691 0.113768 18
195 1 0.0531744 0.0531744 0.106349 0.0531744 18
194 1 1.79037e-05 1.79037e-05 3.58074e-05 1.79037e-05 18

175 90 0.061701 0.061701 0.0939828 0.0322818 18
191 4 0.0109188 0.0109188 0.11417 0.103251 18
195 1 0.159523 0.159523 0.159523 0 18
193 1 0.151691 0.151691 0.151691 0 18
192 1 0.0760789 0.0760789 0.0935613 0.0174824 6
194 1 7.16147e-06 7.16147e-06 3.58074e-05 2.86459e-05 18

175 83 0.065304 0.065304 0.102156 0.0368517 18
195 3 0.160142 0.160142 0.160142 0 18
191 4 0.00980463 0.00980463 0.112046 0.102242 18
196 1 0.397485 0.397485 0.397485 0 15
192 1 0.0760789 0.0760789 0.152158 0.0760789 6
193 1 0.0505636 0.0505636 0.151691 0.101127 18
194 1 1.19358e-05 1.19358e-05 3.58074e-05 2.38716e-05 18

175 83 0.0662714 0.0662714 0.0990565 0.0327851 18
195 4 0.0109188 0.0109188 0.117895 0.106976 18
191 4 0.0960854 0.0960854 0.104062 0.00797615 18
196 1 0.397485 0.397485 0.397485 0 15
193 1 0.0505636 0.0505636 0.151691 0.101127 18
192 1 0.0507193 0.0507193 0.112982 0.0622631 6
197 1 0.110007 0.110007 0.110007 0 18
194 1 1.79037e-05 1.79037e-05 3.58074e-05 1.79037e-05 18

175 82 0.0657841 0.0657841 0.0988765 0.0330924 18
191 4 0.120107 0.120107 0.120107 0 18
195 4 0.0100817 0.0100089 0.111196 0.101169 18
196 1 0.397485 0.397485 0.397485 0 15
193 1 0.0758453 0.0758453 0.151691 0.0758453 18
197 1 0.110007 0.110007 0.110007 0 18
192 1 0.0760789 0.0760789 0.0933946 0.0173157 6
194 1 3.58074e-05 3.58074e-05 3.58074e-05 0 18
198 1 0 0 0 0 18

175 82 0.068295 0.068295 0.100045 0.0317499 18
195 4 0.080654 0.0800712 0.120252 0.0400364 18
191 4 0.0100089 0.0100089 0.112605 0.102597 18
196 1 0.397485 0.397485 0.397485 0 15
192 1 0.0760789 0.0760789 0.152158 0.0760789 6
193 1 0.0379227 0.0379227 0.151691 0.113768 18
197 1 0.110007 0.110007 0.110007 0 18
194 1 1.79037e-05 1.79037e-05 3.58074e-05 1.79037e-05 18
198 1 0 0 0 0 18

175 83 0.0625639 0.0625639 0.0971685 0.0346045 18
191 4 0.120107 0.120107 0.120107 0 18
195 4 0.011522 0.011522 0.100646 0.0891238 18
196 1 0.397485 0.397485 0.397485 0 15
193 1 0.151691 0.151691 0.151691 0 18
197 1 0.110007 0.110007 0.110007 0 18
192 1 0.0760789 0.0760789 0.0935898 0.0175109 6
194 1 1.79037e-05 1.79037e-05 3.58074e-05 1.79037e-05 18

175 82 0.0634514 0.0634514 0.0975438 0.0340925 1.5
195 4 0.0967848 0.0967848 0.120806 0.0240214 18
191 4 0.0111727 0.0111727 0.102914 0.0917412 18
196 1 0.397485 0.397485 0.397485 0 15
192 1 0.0760789 0.0760789 0.152158 0.0760789 6
193 1 0.151691 0.151691 0.151691 0 18
197 1 0.110007 0.110007 0.110007 0 18
194 1 1.79037e-05 1.79037e-05 3.58074e-05 1.79037e-05 18

175 100 0.0458802 0.0458802 0.053752 0.00787179 18

175 94 0.0465971 0.0465971 0.085965 0.039368 18
200 1 0.159523 0.159523 0.159523 0 18
201 1 0.0507193 0.0507193 0.152158 0.101439 6
199 1 0.0379227 0.0379227 0.151691 0.113768 18

175 92 0.0621295 0.0621295 0.0858448 0.0237154 18
200 1 0.00859824 0.00859824 0.166964 0.158365 18
202 1 0.159523 0.159523 0.159523 0 18
199 1 0.0758453 0.0758453 0.151691 0.0758453 18
201 1 0.0380395 0.0380395 0.0932515 0.055212 6
203 1 0.0471092 0.0471092 0.0471092 0 15
204 1 0.000262257 0.000262257 0.000262257 0 15
205 1 1.19358e-05 1.19358e-05 3.58074e-05 2.38716e-05 18

175 87 0.0621295 0.0621295 0.0978512 0.0357218 1.5
206 1 0.352528 0.352528 0.352528 0 18
200 3 0.00979244 0.00979244 0.107791 0.0979985 18
202 2 0.176264 0.0797615 0.128013 0.0482512 18
199 1 0.0252818 0.0252818 0.151691 0.126409 18
201 1 0.0507193 0.0507193 0.113105 0.0623858 6
203 1 0.0471092 0.0471092 0.0471092 0 15
204 1 0.000262257 0.000262257 0.000262257 0 15
205 1 7.16147e-06 7.16147e-06 3.58074e-05 2.86459e-05 18

175 100 0.0454144 0.0454144 0.0586477 0.0132333 1.5
206 1 0 0 0 0 1.5

175 100 0.0445107 0.0445107 0.0632281 0.0187174 18

