1 0.151691 0.151691 0.151691 0 12
1 0 0 0 0 0
1 0 0 0 0 12
1 0 0 0 0 12
1 0 0 0 0 12

93 0.00163108 0.00121226 0.00158666 0.000128114 12
1 0 0 0 0 0
1 0 0 0 0 12
1 0 0 0 0 12
1 0 0 0 0 12

1 0.151691 0.151691 0.151691 0 15
1 0.151691 0.151691 0.151691 0 15
32 0.000885803 0.000824406 0.0045319 0.0037056 12
1 0 0 0 0 0
1 0 0 0 0 12
1 0 0 0 0 12
1 0 0 0 0 12

23 0.00409975 0.00409975 0.00659525 0.0024955 12
1 0.151691 0.151691 0.151691 0 18
23 0.00352769 0.00352769 0.00655818 0.00303049 15
22 0.00354321 0.00329762 0.00648633 0.00317796 1.5
1 0.0395376 0.0395376 0.0395376 0 15
1 0 0 0 0 0
1 0 0 0 0 12
1 0 0 0 0 12
1 0 0 0 0 12
1 0 0 0 0 3
1 0 0 0 0 15
1 0 0 0 0 15
1 0 0 0 0 15
1 0 0 0 0 3

28 0.00523071 0.00523071 0.00541752 0.000186811 18
28 0.00303381 0.00303381 0.00540304 0.00236923 15
26 0.0025075 0.0023337 0.00556885 0.00322863 12
16 0.00433402 0.00433402 0.00565952 0.0013255 18

16 0.00252818 0.00252818 0.00948067 0.00695249 15
16 0.00409975 0.00409975 0.00948067 0.00538092 12
1 0.151691 0.151691 0.151691 0 18
15 0.0101127 0.0101127 0.0101127 0 15
1 0.151691 0.151691 0.151691 0 18
15 0.00203735 0.00189613 0.00951121 0.00760574 18
1 0.00757326 0.00757326 0.00757326 0 15
1 0.00495336 0.00495336 0.00495336 0 3
1 0 0 0 0 18

12 0.0126409 0.0126409 0.0126409 3.46945e-18 18
1 0.151691 0.151691 0.151691 0 18
15 0.00379227 0.00379227 0.0101127 0.00632045 15
15 0.00758453 0.00758453 0.0100556 0.00247106 18
15 0.00361168 0.00361168 0.0100544 0.00644273 12
14 0.00397531 0.00369977 0.00995166 0.00623261 1.5
2 0.0190562 0.0190562 0.0190562 0 18
1 0.0151465 0.0151465 0.0151465 0 15
1 0.00247668 0.00247668 0.00495336 0.00247668 3
1 4.79792e-05 4.79792e-05 4.79792e-05 0 18
1 2.39896e-05 2.39896e-05 4.79792e-05 2.39896e-05 15
1 0 0 0 0 18
1 0 0 0 0 15
1 0 0 0 0 15

16 0.00948067 0.00948067 0.00948067 0 12
18 0.00583426 0.00583426 0.00842726 0.002593 18
18 0.00421363 0.00421363 0.00838268 0.00416905 15
18 0.00474033 0.00474033 0.00838012 0.00363979 18
17 0.00362195 0.0033709 0.00832439 0.00493907 18
8 0.00583426 0.00583426 0.00882766 0.00299341 15

12 0.0126409 0.0126409 0.0126409 3.46945e-18 15
13 0.0116685 0.0116685 0.0116685 0 18
14 0.00322746 0.00322746 0.010835 0.00760759 15
14 0.00583426 0.00583426 0.010835 0.00500079 18
14 0.00329762 0.00329762 0.0107754 0.0074778 18
13 0.00370427 0.00344752 0.0111435 0.00767654 1.5
1 0.0836724 0.0836724 0.0836724 0 18
1 0.0315386 0.0315386 0.0315386 0 18
2 0.0190562 0.0079466 0.0135014 0.0055548 18
1 2.39896e-05 2.39896e-05 4.79792e-05 2.39896e-05 18
1 0 0 0 0 12

18 0.00523071 0.00523071 0.00842726 0.00319655 18
18 0.00446149 0.00446149 0.00842726 0.00396577 18
18 0.00758453 0.00758453 0.00842726 0.000842726 18
18 0.00421363 0.00421363 0.00840077 0.00418714 15
16 0.00346782 0.00322746 0.00873312 0.00548862 12
10 0.00758453 0.00758453 0.00918983 0.0016053 18

14 0.0137471 0.00240779 0.0113092 0.00858918 18
13 0.00659525 0.00659525 0.0116685 0.00507327 12
13 0.00421363 0.00421363 0.0116685 0.00745488 18
13 0.00561817 0.00561817 0.0116685 0.00605034 15
1 0.151691 0.151691 0.151691 0 15
13 0.00374232 0.00369977 0.0116203 0.00791722 18
1 0.106598 0.106598 0.106598 0 6
1 0.09352 0.09352 0.09352 0 18
1 0.00424807 0.00424807 0.00424807 0 18
1 5.5928e-05 5.5928e-05 5.5928e-05 0 18
1 0 0 0 0 3
1 0 0 0 0 18

9 0.0170483 0.0168545 0.0168761 6.09084e-05 15
9 0.00523071 0.00523071 0.0168545 0.0116238 12
9 0.00446149 0.00446149 0.0168545 0.012393 18
9 0.0126409 0.0126409 0.0168545 0.00421363 18
1 0.151691 0.151691 0.151691 0 15
5 0.0303381 0.0303381 0.0303381 0 15
1 0.151691 0.151691 0.151691 0 15
9 0.00606763 0.00606763 0.0168545 0.0107869 15
8 0.018427 0.00322746 0.0177824 0.013553 18
1 0.106598 0.106598 0.106598 0 6
2 0.04676 0.04676 0.04676 0 18
1 0.0836724 0.0836724 0.0836724 0 18
1 0.00424807 0.00424807 0.00424807 0 18
1 5.5928e-05 5.5928e-05 5.5928e-05 0 18
1 0 0 0 0 18
1 0 0 0 0 3
1 0 0 0 0 0
1 0 0 0 0 15

1 0.265581 0.265581 0.265581 0 3
7 0.0206207 0.00365321 0.0217091 0.0166517 15
7 0.00892298 0.00892298 0.0216701 0.0127471 12
7 0.00842726 0.00842726 0.0216701 0.0132428 15
7 0.0116685 0.0116685 0.0216701 0.0100016 15
7 0.0151691 0.0151691 0.0216701 0.00650103 15
1 0.151691 0.151691 0.151691 0 18
7 0.010835 0.010835 0.0216701 0.010835 15
7 0.00722337 0.00722337 0.0216701 0.0144467 18
7 0.00948067 0.00948067 0.0213934 0.0119128 18
1 0.106598 0.106598 0.106598 0 6
2 0.04676 0.04676 0.04676 0 18
1 0.0836724 0.0836724 0.0836724 0 18
1 0.0395376 0.0395376 0.0395376 0 15
1 0.00495336 0.00495336 0.00495336 0 3
1 0.00424807 0.00424807 0.00424807 0 18
1 5.5928e-05 5.5928e-05 5.5928e-05 0 18
1 4.79792e-05 4.79792e-05 4.79792e-05 0 18
1 1.07082e-05 1.07082e-05 1.07082e-05 0 15
1 0 0 0 0 3
1 0 0 0 0 0
1 0 0 0 0 15
1 0 0 0 0 18
1 0 0 0 0 12
1 0 0 0 0 12

1 0.782894 0.782894 0.782894 0 15
8 0.0216517 0.00663952 0.0283958 0.018596 1.5
5 0.0255725 0.0255725 0.030687 0.0051145 18
1 0.151691 0.151691 0.151691 0 18
5 0.00758453 0.00758453 0.0303381 0.0227536 15
5 0.0151691 0.0151691 0.0303381 0.0151691 18
5 0.00948067 0.00948067 0.0303381 0.0208575 15
5 0.0216701 0.0216701 0.0303381 0.00866804 18
5 0.0216701 0.0216701 0.0303381 0.00866804 18
5 0.00446149 0.00446149 0.0302254 0.0257639 15
5 0.0101127 0.0101127 0.0299071 0.0197944 15
1 0.106598 0.106598 0.106598 0 6
2 0.04676 0.04676 0.04676 0 18
1 0.0836724 0.0836724 0.0836724 0 18
1 0.0395376 0.0395376 0.0395376 0 15
1 0.00495336 0.00495336 0.00495336 0 3
1 0.00424807 0.00424807 0.00424807 0 18
1 5.5928e-05 5.5928e-05 5.5928e-05 0 18
1 4.79792e-05 4.79792e-05 4.79792e-05 0 18
1 1.07082e-05 1.07082e-05 1.07082e-05 0 15
1 0 0 0 0 3
1 0 0 0 0 0
1 0 0 0 0 15
1 0 0 0 0 18
1 0 0 0 0 12
1 0 0 0 0 12

48 0.0180431 0 0.0127033 0.00679269 15
19 0.00366855 0.0013003 0.00772111 0.0055984 15

31 0.00623071 0.00563233 0.0184731 0.0124968 18
16 0.025464 0.0156224 0.0190568 0.00430872 3
1 0.266813 0.266813 0.266813 0 0
1 0.202015 0.202015 0.202015 0 12
4 0.0383587 0.0383587 0.0383587 0 18
1 0.153435 0.153435 0.153435 0 18
1 0.151691 0.151691 0.151691 0 15
1 0.026718 0.026718 0.026718 0 15
1 5.3541e-06 5.3541e-06 1.07082e-05 5.3541e-06 15

38 0.0115476 0.0104386 0.0185179 0.00709523 1.5
15 0.00901851 0.00555859 0.0192428 0.011688 0
10 0.018365 0.018365 0.0199652 0.00160018 12
1 0.19389 0.19389 0.19389 0 12
8 0.0127862 0.0127862 0.0191794 0.00639312 18
3 0.0505636 0.0505636 0.0505636 0 15
1 0.08544 0.08544 0.08544 0 15
1 0.0315386 0.0315386 0.0315386 0 18
1 0.026718 0.026718 0.026718 0 15
1 7.36639e-05 7.36639e-05 7.36639e-05 0 12
1 1.96098e-05 1.96098e-05 2.67486e-05 7.1388e-06 12

99 0.0155121 0.00248787 0.00538587 0.00159737 12
1 1.33063e-06 1.33063e-06 2.66126e-06 1.33063e-06 1.5

57 0.0167646 0.00537931 0.0133255 0.00783204 1.5
39 0.0307223 0.000467797 0.0141824 0.00561174 15

99 0.0148302 0.00475862 0.00735173 0.002767 1.5
1 0.00266538 0.00266538 0.00270333 3.7953e-05 1.33333

2 0.433034 0.433034 0.433034 0 1.5
1 0.866069 0.866069 0.866069 0 1.5
32 0.014669 0.0047069 0.0267089 0.0211551 1.5
1 0.0343197 0.0343197 0.0343197 0 1.5
1 0.0122794 0.0122794 0.0249268 0.0126474 1.5
1 0.0124384 0.0124384 0.0126499 0.000211445 1.5
1 4.85488e-05 4.85488e-05 4.85488e-05 0 1.5
1 2.13612e-23 2.13612e-23 6.40835e-23 4.27223e-23 1.5
1 9.43084e-26 9.43084e-26 1.88617e-25 9.43084e-26 1.5

24 0.0309923 0.00973111 0.0372785 0.0242179 1.5
2 0.433034 0.433034 0.433034 0 1.5
1 0.866069 0.866069 0.866069 0 1.5
21 0.030931 0.030931 0.036868 0.005937 1.5
1 0.103364 0.103364 0.103364 0 1.5
1 0.0373153 0.0373153 0.0373153 0 1.5
1 0.0368383 0.0368383 0.0368383 0 1.5
1 0.0324676 0.0324676 0.0324676 0 1.5
1 0.00893925 0.00893925 0.0243937 0.0154544 1.5
1 0.00964759 0.00964759 0.0192952 0.00964759 1.5
1 4.85488e-05 4.85488e-05 4.85488e-05 0 1.5
1 1.60209e-23 1.60209e-23 6.40835e-23 4.80626e-23 1.5
1 6.28723e-26 6.28723e-26 1.4958e-25 8.67081e-26 1.5
1 1.47757e-26 1.47757e-26 1.47757e-26 0 1.5
1 4.42996e-29 4.42996e-29 4.42996e-29 0 1.5
1 4.42996e-29 4.42996e-29 4.42996e-29 0 1.5

23 0.0723231 0.0141978 0.0496624 0.0238983 1.5
5 0.173214 0.173214 0.173214 0 1.5
17 0.0433034 0.0433034 0.0488093 0.00550588 1.5
16 0.0262445 0.0262445 0.0508538 0.0246093 1.5
16 0.0455826 0.0455826 0.0485375 0.00295489 1.5
1 0.162141 0.162141 0.162141 0 1.5
1 0.0516822 0.0516822 0.0701014 0.0184192 1.5
1 0.0373153 0.0373153 0.0373153 0 1.5
1 0.035757 0.035757 0.035757 0 1.5
1 0.0324676 0.0324676 0.0324676 0 1.5
1 0.00950133 0.00950133 0.0190027 0.00950133 1.5
1 0.00964759 0.00964759 0.0128546 0.00320704 1.5
1 0.00169265 0.00169265 0.00169265 0 1.5
1 4.85488e-05 4.85488e-05 4.85488e-05 0 1.5
1 6.40835e-23 6.40835e-23 6.40835e-23 0 1.5
1 6.40835e-23 6.40835e-23 6.40835e-23 0 1.5
1 9.43084e-26 9.43084e-26 1.88617e-25 9.43084e-26 1.5
1 1.47757e-26 1.47757e-26 1.47757e-26 0 1.5
1 3.79066e-27 3.79066e-27 7.58131e-27 3.79066e-27 1.5
1 1.51521e-28 1.51521e-28 1.51521e-28 0 1.5
1 4.42996e-29 4.42996e-29 4.42996e-29 0 1.5
1 4.42996e-29 4.42996e-29 4.42996e-29 0 1.5

1 2.6991 2.6991 2.6991 0 1.5
17 0.0787805 0.0213959 0.0835525 0.0375903 1.5
12 0.0452183 0.0141978 0.0832634 0.0532152 1.5
1 0.866069 0.866069 0.866069 0 1.5
10 0.0866069 0.0866069 0.0866069 1.38778e-17 1.5
9 0.0222069 0.0222069 0.0890221 0.0668152 1.5
1 0.0405354 0.0405354 0.12643 0.0858945 1.5
1 0.103364 0.103364 0.103364 0 1.5
1 0.0373153 0.0373153 0.0373153 0 1.5
1 0.0178785 0.0178785 0.0350922 0.0172137 1.5
1 0.0330947 0.0330947 0.0330947 0 1.5
1 0.0190027 0.0190027 0.0190027 0 1.5
1 0.0162338 0.0162338 0.0170801 0.000846326 1.5
1 0.00645553 0.00645553 0.00645553 0 1.5
1 0.00170569 0.00170569 0.00170569 0 1.5
1 0.00169265 0.00169265 0.00169265 0 1.5
1 4.85488e-05 4.85488e-05 4.85488e-05 0 1.5
1 3.20417e-23 3.20417e-23 6.40835e-23 3.20417e-23 1.5
1 6.28723e-26 6.28723e-26 6.73335e-26 4.46122e-27 1.5
1 5.7494e-26 5.7494e-26 5.7494e-26 0 1.5
1 1.51521e-28 1.51521e-28 1.51521e-28 0 1.5
1 4.42996e-29 4.42996e-29 4.42996e-29 0 1.5
1 4.42996e-29 4.42996e-29 4.42996e-29 0 1.5

36 0.0711566 0.0435338 0.0687772 0.0248935 1.5
25 0.0773984 0.0151942 0.0687118 0.02177 1.5
9 0.0962299 0.0962299 0.0962299 0 1.5
6 0.144345 0.144345 0.144345 0 1.5
1 0.162141 0.162141 0.162141 0 1.5
1 0.155465 0.155465 0.155465 0 1.5
1 0.117852 0.117852 0.117852 0 1.5
1 0.103364 0.103364 0.103364 0 1.5
1 0.020103 0.020103 0.043941 0.023838 1.5
1 0.0373153 0.0373153 0.0373153 0 1.5
1 0.0330947 0.0330947 0.0330947 0 1.5
1 0.0162338 0.0162338 0.0324676 0.0162338 1.5
1 0.0308758 0.0308758 0.0308758 0 1.5
1 0.0190027 0.0190027 0.0190027 0 1.5
1 0.0171576 0.0171576 0.0171576 0 1.5
1 0.0123175 0.0123175 0.0123175 0 1.5
1 0.00645553 0.00645553 0.00645553 0 1.5
1 0.00203764 0.00203764 0.00203764 0 1.33333
1 0.00170569 0.00170569 0.00170569 0 1.5
1 0.00169265 0.00169265 0.00169265 0 1.5
1 0.00166379 0.00166379 0.00166379 0 1.33333
1 0.00159306 0.00159306 0.00159306 0 1.5
1 0.00121295 0.00121295 0.00121295 0 1.5
1 4.85488e-05 4.85488e-05 4.85488e-05 0 1.5
1 3.99189e-06 3.99189e-06 7.98378e-06 3.99189e-06 1.5
1 9.43084e-26 9.43084e-26 9.43841e-26 7.57605e-29 1.5
1 5.7494e-26 5.7494e-26 5.7494e-26 0 1.5
1 4.42996e-29 4.42996e-29 4.42996e-29 0 1.5
1 4.42996e-29 4.42996e-29 4.42996e-29 0 1.5

27 0.0519025 0.0317541 0.0929146 0.0592346 1.5
22 0.0639378 0.0399756 0.0943376 0.0508521 1.5
2 1.34955 0.0589262 0.704238 0.645312 1.5
2 0.433034 0.433034 0.433034 0 1.5
1 0.866069 0.866069 0.866069 0 1.5
1 0.866069 0.866069 0.866069 0 1.5
1 0.0540471 0.0540471 0.162141 0.108094 1.5
1 0.155465 0.155465 0.155465 0 1.5
1 0.103364 0.103364 0.103364 0 1.5
1 0.060309 0.060309 0.060309 0 1.5
1 0.0373153 0.0373153 0.0373153 0 1.5
1 0.0330947 0.0330947 0.0330947 0 1.5
1 0.0324676 0.0324676 0.0324676 0 1.5
1 0.0154379 0.0154379 0.0302787 0.0148408 1.5
1 0.0190027 0.0190027 0.0190027 0 1.5
1 0.0171576 0.0171576 0.0171576 0 1.5
1 0.0156426 0.0156426 0.0166719 0.00102933 1.33333
1 0.00410582 0.00410582 0.0123175 0.00821165 1.5
1 0.00645553 0.00645553 0.00645553 0 1.5
1 0.00287617 0.00287617 0.00287617 0 1.5
1 0.00170569 0.00170569 0.00170569 0 1.5
1 0.00169265 0.00169265 0.00169265 0 1.5
1 0.00166379 0.00166379 0.00166379 0 1.33333
1 0.00159306 0.00159306 0.00159306 0 1.5
1 0.000606475 0.000606475 0.00121295 0.000606475 1.5
1 4.85488e-05 4.85488e-05 4.85488e-05 0 1.5
1 7.98378e-06 7.98378e-06 7.98378e-06 0 1.5
1 3.179e-06 3.179e-06 3.179e-06 0 1.5
1 4.71542e-26 4.71542e-26 1.39059e-25 9.19052e-26 1.5
1 5.7494e-26 5.7494e-26 5.7494e-26 0 1.5
1 3.83931e-28 3.83931e-28 7.82628e-28 3.98697e-28 1.5
1 4.42996e-29 4.42996e-29 4.42996e-29 0 1.5

2 1.37916 1.37916 1.37916 0 1.5
2 1.37916 1.37916 1.37916 0 1.5
1 2.6991 2.6991 2.6991 0 1.5
13 0.10216 0.10216 0.20432 0.10216 1.5
13 0.0639378 0.0391174 0.20358 0.156968 1.5
3 0.919439 0.000554598 0.613144 0.433166 1.5
8 0.122547 0.122547 0.224863 0.102315 1.5
1 0.866069 0.866069 0.866069 0 1.5
1 0.866069 0.866069 0.866069 0 1.5
3 0.144345 0.144345 0.241115 0.0967702 1.5
1 0.162141 0.162141 0.162141 0 1.5
1 0.103364 0.103364 0.103364 0 1.5
1 0.0777325 0.0777325 0.0841796 0.00644706 1.5
1 0.0120618 0.0120618 0.0400356 0.0279738 1.5
1 0.0373153 0.0373153 0.0373153 0 1.5
1 0.0324676 0.0324676 0.0324676 0 1.5
1 0.0165473 0.0165473 0.0277911 0.0112438 1.33333
1 0.0171576 0.0171576 0.0171576 0 1.5
1 0.0129111 0.0129111 0.0129111 0 1.5
1 0.00615873 0.00615873 0.00701158 0.000852844 1.5
1 0.00287617 0.00287617 0.00287617 0 1.5
1 0.00169265 0.00169265 0.00169265 0 1.5
1 0.00159306 0.00159306 0.00159306 0 1.5
1 0.000404316 0.000404316 0.000808633 0.000404316 1.5
1 4.85488e-05 4.85488e-05 4.85488e-05 0 1.5
1 7.98378e-06 7.98378e-06 7.98378e-06 0 1.5
1 3.179e-06 3.179e-06 3.179e-06 0 1.5
1 1.88617e-25 1.88617e-25 1.88617e-25 0 1.5
1 5.7494e-26 5.7494e-26 5.7494e-26 0 1.5
1 3.83931e-28 3.83931e-28 7.82628e-28 3.98697e-28 1.5
1 0 0 0 0 1.5

15 0.294114 2.91445e-05 0.239945 0.101365 1.5
2 1.37916 1.37916 1.37916 0 1.5
15 0.210081 0.128529 0.176172 0.0442019 1.5
14 0.0530446 0.0530446 0.181908 0.128863 1.33333
13 0.088978 0.088978 0.178261 0.0892827 1.5
4 0.674775 0.216517 0.331082 0.198431 1.5
1 0.866069 0.866069 0.866069 0 1.5
1 0.866069 0.866069 0.866069 0 1.5
1 0.162141 0.162141 0.162141 0 1.5
1 0.0518217 0.0518217 0.10513 0.0533081 1.33333
1 0.103364 0.103364 0.103364 0 1.5
1 0.0810707 0.0810707 0.0884316 0.00736084 1.5
1 0.0301545 0.0301545 0.0466212 0.0164667 1.5
1 0.0373153 0.0373153 0.0373153 0 1.5
1 0.0324676 0.0324676 0.0324676 0 1.5
1 0.0171576 0.0171576 0.0171576 0 1.5
1 0.0123175 0.0123175 0.0123175 0 1.5
1 0.00827367 0.00827367 0.00910557 0.000831897 1.5
1 0.00645553 0.00645553 0.00645553 0 1.5
1 0.00509013 0.00509013 0.00509013 0 1.5
1 0.00318611 0.00318611 0.00318611 0 1.5
1 0.00169265 0.00169265 0.00169265 0 1.5
1 0.00143809 0.00143809 0.00143809 0 1.5
1 0.00121295 0.00121295 0.00121295 0 1.5
1 0.000116489 0.000116489 0.000140763 2.42744e-05 1.5
1 3.99189e-06 3.99189e-06 7.98378e-06 3.99189e-06 1.5
1 3.179e-06 3.179e-06 3.179e-06 0 1.5
1 1.15273e-22 1.15273e-22 1.15273e-22 0 1.5
1 4.84418e-23 4.84418e-23 4.84418e-23 0 1.5
1 2.32791e-25 2.32791e-25 5.28455e-25 2.95663e-25 1.5
1 5.7494e-26 5.7494e-26 5.7494e-26 0 1.5
1 2.87948e-28 2.87948e-28 1.15179e-27 8.63844e-28 1.5
1 3.34768e-31 3.34768e-31 3.34768e-31 0 1.5

22 0.0747747 0.0747747 0.151732 0.0769576 1.5
18 0.125378 0.125378 0.15324 0.0278618 1.5
16 0.275732 0.00322714 0.16828 0.0493871 1.5
17 0.152128 0.0930724 0.157049 0.0349418 1.5
9 0.0725873 0.0725873 0.154503 0.0819154 1.33333
4 0.216517 0.216517 0.216517 0 1.5
1 0.866069 0.866069 0.866069 0 1.5
1 0.162141 0.162141 0.162141 0 1.5
1 0.155465 0.155465 0.155465 0 1.5
1 0.0129111 0.0129111 0.0129111 0 1.5
1 0.0123175 0.0123175 0.0123175 0 1.5
1 0.00169671 0.00169671 0.00445546 0.00275875 1.5
1 0.00169265 0.00169265 0.00169265 0 1.5
1 0.00121295 0.00121295 0.00121295 0 1.5
1 0.000958724 0.000958724 0.000958724 0 1.5
1 7.98378e-06 7.98378e-06 7.98378e-06 0 1.5
1 3.179e-06 3.179e-06 3.179e-06 0 1.5
1 1.15273e-22 1.15273e-22 1.15273e-22 0 1.5
1 4.84418e-23 4.84418e-23 4.84418e-23 0 1.5
1 2.32791e-25 2.32791e-25 5.16794e-25 2.84003e-25 1.5
1 5.7494e-26 5.7494e-26 5.7494e-26 0 1.5

8 0.551464 0.551464 0.551464 0 1.5
20 0.0544655 0.0544655 0.183126 0.128661 1.5
15 0.172395 0.168694 0.182407 0.0113808 1.5
14 0.05108 0.05108 0.186133 0.135053 1.5
6 0.44985 1.3291e-05 0.374877 0.167644 1.5
5 0.53982 0.173214 0.246535 0.146642 1.5
1 0.866069 0.866069 0.866069 0 1.5
1 0.162141 0.162141 0.162141 0 1.5
1 0.155465 0.155465 0.155465 0 1.5
1 0.014371 0.014371 0.014371 0 1.5
1 0.0129111 0.0129111 0.0129111 0 1.5
1 0.0047859 0.0047859 0.00980181 0.00501592 1.5
1 0.00615873 0.00615873 0.00709881 0.000940079 1.5
1 0.00452517 0.00452517 0.00575074 0.00122557 1.5
1 0.00218379 0.00218379 0.00218379 0 1.5
1 0.00169265 0.00169265 0.00169265 0 1.5
1 0.000606475 0.000606475 0.000606475 0 1.5
1 0.000224395 0.000224395 0.000224395 0 1.5
1 2.42744e-05 2.42744e-05 2.82663e-05 3.99189e-06 1.5
1 3.179e-06 3.179e-06 3.179e-06 0 1.5
1 1.15273e-22 1.15273e-22 1.15273e-22 0 1.5
1 4.84418e-23 4.84418e-23 4.84418e-23 0 1.5
1 9.18537e-26 9.18537e-26 9.18537e-26 0 1.5
1 1.26093e-27 1.26093e-27 1.26093e-27 0 1.5

18 0.191813 0.191813 0.213241 0.0214273 1.33333
18 0.0639378 0.0639378 0.210057 0.146119 1.5
13 0.172395 0.172395 0.212178 0.0397834 1.5
2 1.37916 1.34955 1.36435 0.0148049 1.5
13 0.125378 0.122686 0.209901 0.0849422 1.5
12 0.137916 0.137916 0.206875 0.0689586 1.33333
4 0.216517 0.216517 0.216517 0 1.5
1 0.866069 0.866069 0.866069 0 1.5
1 0.162141 0.162141 0.162141 0 1.5
1 0.155465 0.155465 0.155465 0 1.5
1 0.0329333 0.0329333 0.0329333 0 1.5
1 0.0192723 0.0192723 0.0299007 0.0106284 1.5
1 0.028742 0.028742 0.028742 0 1.5
1 0.0123175 0.0123175 0.0123175 0 1.5
1 0.00717884 0.00717884 0.00717884 0 1.5
1 0.00645553 0.00645553 0.00645553 0 1.5
1 0.00169265 0.00169265 0.00169265 0 1.5
1 0.00145586 0.00145586 0.00145586 0 1.5
1 0.000606475 0.000606475 0.00075353 0.000147055 1.5
1 0.000577381 0.000577381 0.000598137 2.07558e-05 1.33333
1 0.000286242 0.000286242 0.000286242 0 1.5
1 0.000112198 0.000112198 0.000224395 0.000112198 1.5
1 1.61829e-05 1.61829e-05 3.59153e-05 1.97324e-05 1.5
1 3.179e-06 3.179e-06 3.179e-06 0 1.5
1 1.15273e-22 1.15273e-22 1.15273e-22 0 1.5
1 5.59698e-25 5.59698e-25 5.59698e-25 0 1.5
1 9.18537e-26 9.18537e-26 9.18537e-26 0 1.5

1 4.41171 4.41171 4.41171 0 1.5
17 0.220585 0.220585 0.23367 0.0130849 1.5
13 0.0377069 0.0377069 0.242693 0.204986 1.5
1 2.75832 2.75832 2.75832 0 1.5
1 2.75832 2.75832 2.75832 0 1.5
10 0.11493 0.11493 0.230853 0.115923 1.5
9 0.197023 0.197023 0.241022 0.0439992 1.5
1 0.866069 0.866069 0.866069 0 1.5
1 0.162141 0.162141 0.162141 0 1.5
1 0.0777325 0.0777325 0.0783118 0.00057929 1.5
1 0.0164667 0.0164667 0.0329333 0.0164667 1.5
1 0.0212029 0.0212029 0.0212029 0 1.5
1 0.00615873 0.00615873 0.0123175 0.00615873 1.5
1 0.00958068 0.00958068 0.00958068 0 1.5
1 0.00436758 0.00436758 0.00436758 0 1.5
1 0.00169265 0.00169265 0.00169265 0 1.5
1 0.00121295 0.00121295 0.00121295 0 1.5
1 0.000286242 0.000286242 0.000286242 0 1.5
1 3.179e-06 3.179e-06 3.179e-06 0 1.5
1 1.15273e-22 1.15273e-22 1.15273e-22 0 1.5
1 5.59698e-25 5.59698e-25 5.59698e-25 0 1.5
1 4.59269e-26 4.59269e-26 9.18537e-26 4.59269e-26 1.5
1 1.26093e-27 1.26093e-27 1.26093e-27 0 1.5

28 0.0938662 0.0938662 0.151843 0.0579764 1.5
25 0.100266 0.100266 0.156427 0.0561607 1.5
9 0.30648 0.30648 0.30648 5.55112e-17 1.5
17 0.0656742 0.0656742 0.158482 0.0928081 1.5
1 0.866069 0.866069 0.866069 0 1.5
1 0.162141 0.162141 0.162141 0 1.5
1 0.155465 0.155465 0.155465 0 1.5
1 0.111571 0.111571 0.111571 0 1.5
1 0.079554 0.079554 0.079554 0 1.5
1 0.0329333 0.0329333 0.0329333 0 1.5
1 0.014371 0.014371 0.028742 0.014371 1.5
1 0.0212568 0.0212568 0.0212568 0 1.5
1 0.0212029 0.0212029 0.0212029 0 1.5
1 0.014371 0.014371 0.014371 0 1.5
1 0.0123175 0.0123175 0.0123175 0 1.5
1 0.00436758 0.00436758 0.00436758 0 1.5
1 0.00353448 0.00353448 0.00353448 0 1.5
1 0.000846326 0.000846326 0.00169265 0.000846326 1.5
1 0.00126766 0.00126766 0.00126766 0 1.5
1 0.00121295 0.00121295 0.00121295 0 1.5
1 0.000286242 0.000286242 0.000286242 0 1.5
1 2.42744e-05 2.42744e-05 4.85488e-05 2.42744e-05 1.5
1 3.179e-06 3.179e-06 3.179e-06 0 1.5
1 1.15273e-22 1.15273e-22 1.15273e-22 0 1.5
1 9.18537e-26 9.18537e-26 9.18537e-26 0 1.5
1 1.26093e-27 1.26093e-27 1.26093e-27 0 1.5

21 0.0787805 0.0787805 0.20258 0.123799 1.5
20 0.0787805 0.0787805 0.204844 0.126064 1.5
3 0.919439 0.919439 0.919439 0 1.5
13 0.212178 0.212178 0.212178 0 1.5
12 0.0835854 0.0835854 0.21598 0.132394 1.5
2 2.20585 0.000988568 1.10342 1.10243 1.5
1 0.866069 0.866069 0.866069 0 1.5
1 0.162141 0.162141 0.162141 0 1.5
1 0.111571 0.111571 0.111571 0 1.5
1 0.0777325 0.0777325 0.0838055 0.00607294 1.5
1 0.079554 0.079554 0.079554 0 1.5
1 0.0373153 0.0373153 0.0373153 0 1.5
1 0.0329333 0.0329333 0.0329333 0 1.5
1 0.00718551 0.00718551 0.0246359 0.0174504 1.5
1 0.0217663 0.0217663 0.0217663 0 1.5
1 0.0212568 0.0212568 0.0212568 0 1.5
1 0.0212029 0.0212029 0.0212029 0 1.5
1 0.0190027 0.0190027 0.0190027 0 1.5
1 0.013105 0.013105 0.013105 0 1.5
1 0.0121716 0.0121716 0.0121716 0 1.5
1 0.00218379 0.00218379 0.00362283 0.00143904 1.5
1 0.00353448 0.00353448 0.00353448 0 1.5
1 0.00169265 0.00169265 0.00169265 0 1.5
1 0.00126766 0.00126766 0.00126766 0 1.5
1 0.00121295 0.00121295 0.00121295 0 1.5
1 0.000936419 0.000936419 0.000960693 2.42744e-05 1.33333
1 0.000448939 0.000448939 0.000448939 0 1.5
1 0.000286242 0.000286242 0.000286242 0 1.5
1 4.85488e-05 4.85488e-05 4.85488e-05 0 1.5
1 3.179e-06 3.179e-06 3.179e-06 0 1.5
1 1.15273e-22 1.15273e-22 1.15273e-22 0 1.5
1 2.26929e-24 2.26929e-24 4.53858e-24 2.26929e-24 1.5
1 1.01406e-24 1.01406e-24 1.01406e-24 0 1.5
1 1.53634e-25 1.53634e-25 1.53634e-25 0 1.5
1 9.18537e-26 9.18537e-26 9.18537e-26 0 1.5
1 6.30464e-28 6.30464e-28 1.26093e-27 6.30464e-28 1.5

22 0.110293 0.110293 0.18048 0.0701874 1.5
20 0.0816983 0.0816983 0.188012 0.106314 1.5
12 0.22986 0.22986 0.22986 5.55112e-17 1.5
13 0.131348 0.131348 0.192008 0.0606594 1.5
13 0.106089 0.106089 0.182797 0.0767074 1.5
4 1.10293 0.000494284 0.278762 0.475848 1.33333
1 0.866069 0.866069 0.866069 0 1.5
1 0.0810707 0.0810707 0.162141 0.0810707 1.5
1 0.111571 0.111571 0.111571 0 1.5
1 0.0777325 0.0777325 0.0841796 0.00644706 1.5
1 0.079554 0.079554 0.079554 0 1.5
1 0.0164667 0.0164667 0.0329333 0.0164667 1.5
1 0.0217663 0.0217663 0.0217663 0 1.5
1 0.0212568 0.0212568 0.0212568 0 1.5
1 0.0106014 0.0106014 0.0212029 0.0106014 1.5
1 0.0186577 0.0186577 0.0209896 0.00233193 1.5
1 0.0190027 0.0190027 0.0190027 0 1.5
1 0.0171916 0.0171916 0.0171916 0 1.5
1 0.013105 0.013105 0.013105 0 1.5
1 0.0121716 0.0121716 0.0121716 0 1.5
1 0.00958068 0.00958068 0.00958068 0 1.5
1 0.00509013 0.00509013 0.00509013 0 1.5
1 0.00436758 0.00436758 0.00436758 0 1.5

12 0.367642 0.367642 0.367642 0 1.5
3 1.47057 1.47057 1.47057 0 1.5
14 0.100266 0.100266 0.27155 0.171284 1.5
14 0.0802129 0.0802129 0.269431 0.189218 1.5
1 2.75832 2.75832 2.75832 0 1.5
9 0.088978 0.088978 0.277233 0.188255 1.33333
8 0.10216 0.10216 0.287427 0.185267 1.5
1 0.866069 0.866069 0.866069 0 1.5
1 0.113212 0.113212 0.168998 0.0557857 1.5
1 0.155465 0.155465 0.155465 0 1.5
1 0.0810707 0.0810707 0.0810832 1.253e-05 1.5
1 0.079554 0.079554 0.079554 0 1.5
1 0.0373153 0.0373153 0.0373153 0 1.5
1 0.0373153 0.0373153 0.0373153 0 1.5
1 0.0329333 0.0329333 0.0329333 0 1.5
1 0.028742 0.028742 0.028742 0 1.5
1 0.00725542 0.00725542 0.0217663 0.0145108 1.5
1 0.0212568 0.0212568 0.0212568 0 1.5
1 0.0212029 0.0212029 0.0212029 0 1.5
1 0.0190027 0.0190027 0.0190027 0 1.5
1 0.0171916 0.0171916 0.0171916 0 1.5
1 0.00655252 0.00655252 0.013105 0.00655252 1.5
1 0.0121716 0.0121716 0.0121716 0 1.5
1 0.00868856 0.00868856 0.00868856 0 1.33333
1 0.00509013 0.00509013 0.00509013 0 1.5
1 0.00145586 0.00145586 0.00187271 0.000416849 1.5
1 0.000342818 0.000342818 0.000342818 0 1.5

1 4.41171 4.41171 4.41171 0 1.5
1 4.41171 4.41171 4.41171 0 1.5
15 0.0882342 0.0882342 0.277336 0.189101 1.5
13 0.0848406 0.0848406 0.293793 0.208952 1.5
12 0.275732 0.275732 0.276192 0.000459709 1.33333
6 0.45972 0.45972 0.45972 0 1.5
8 0.131348 0.131348 0.279807 0.148459 1.5
1 0.866069 0.866069 0.866069 0 1.5
1 0.226424 0.226424 0.226424 0 1.5
1 0.158844 0.158844 0.177502 0.0186577 1.5
1 0.170724 0.170724 0.170724 0 1.5
1 0.162141 0.162141 0.162141 0 1.5
1 0.155465 0.155465 0.155465 0 1.5
1 0.103364 0.103364 0.103364 0 1.5
1 0.0671557 0.0671557 0.0671557 0 1.5
1 0.0439356 0.0439356 0.0439356 0 1.5
1 0.0373153 0.0373153 0.0373153 0 1.5
1 0.0329333 0.0329333 0.0329333 0 1.5
1 0.014371 0.014371 0.028742 0.014371 1.5
1 0.0212568 0.0212568 0.0212568 0 1.5
1 0.0212029 0.0212029 0.0212029 0 1.5
1 0.0190027 0.0190027 0.0190027 0 1.5
1 0.0127089 0.0127089 0.017445 0.00473604 1.5
1 0.0171916 0.0171916 0.0171916 0 1.5
1 0.00608579 0.00608579 0.0121716 0.00608579 1.5
1 0.00868856 0.00868856 0.0102604 0.00157186 1.5
1 0.00509013 0.00509013 0.00509013 0 1.5
1 0.00501882 0.00501882 0.00501882 0 1.5
1 0.00449056 0.00449056 0.00449056 0 1.5
1 0.00145586 0.00145586 0.00157013 0.000114273 1.5
1 0.000448939 0.000448939 0.000448939 0 1.5
1 0.000342818 0.000342818 0.000342818 0 1.5
1 7.08723e-05 7.08723e-05 7.08723e-05 0 1.5
1 4.85488e-05 4.85488e-05 4.85488e-05 0 1.5

13 0.339362 0.339362 0.339362 5.55112e-17 1.5
2 2.20585 2.20585 2.20585 0 1.5
12 0.200532 0.200532 0.351003 0.150471 1.5
12 0.105041 0.105041 0.350156 0.245115 1.5
12 0.176468 0.176468 0.338438 0.16197 1.5
11 0.147057 0.147057 0.334384 0.187327 1.5
8 0.34479 0.34479 0.34479 5.55112e-17 1.5
6 0.45972 0.45972 0.45972 0 1.5
1 0.866069 0.866069 0.866069 0 1.5
1 0.226424 0.226424 0.226424 0 1.5
1 0.170724 0.170724 0.170724 0 1.5
1 0.162141 0.162141 0.162141 0 1.5
1 0.158844 0.158844 0.160547 0.0017025 1.5
1 0.155465 0.155465 0.155465 0 1.5
1 0.0516822 0.0516822 0.103364 0.0516822 1.5
1 0.0671557 0.0671557 0.0671557 0 1.5
1 0.0439356 0.0439356 0.0439356 0 1.5
1 0.0373153 0.0373153 0.0373153 0 1.5
1 0.0329333 0.0329333 0.0329333 0 1.5
1 0.028742 0.028742 0.028742 0 1.5
1 0.0254178 0.0254178 0.0254178 0 1.5
1 0.0212568 0.0212568 0.0212568 0 1.5
1 0.0212029 0.0212029 0.0212029 0 1.5
1 0.0171916 0.0171916 0.0171916 0 1.5
1 0.0121716 0.0121716 0.0121716 0 1.5
1 0.00868856 0.00868856 0.0102604 0.00157186 1.5
1 0.00509013 0.00509013 0.00509013 0 1.5
1 0.00501882 0.00501882 0.00501882 0 1.5
1 0.00436758 0.00436758 0.00436758 0 1.5
1 0.00224528 0.00224528 0.00391104 0.00166576 1.5
1 0.000604598 0.000604598 0.000604598 0 1.5
1 0.000448939 0.000448939 0.000448939 0 1.5
1 0.000342818 0.000342818 0.000342818 0 1.5

15 0.176468 0.176468 0.294114 0.117646 1.5
15 0.232195 0.232195 0.294114 0.0619187 1.5
14 0.0848406 0.0848406 0.284886 0.200046 1.5
13 0.098038 0.098038 0.30176 0.203722 1.5
8 0.551464 0.000450012 0.482587 0.182231 1.5
8 0.34479 0.34479 0.34479 5.55112e-17 1.5
6 0.45972 0.45972 0.45972 0 1.5
1 0.866069 0.866069 0.866069 0 1.5
1 0.226424 0.226424 0.226424 0 1.5
1 0.170724 0.170724 0.170724 0 1.5
1 0.162141 0.162141 0.162141 0 1.5
1 0.158844 0.158844 0.160547 0.0017025 1.5
1 0.0777325 0.0777325 0.0813601 0.00362754 1.5
1 0.0671557 0.0671557 0.0671557 0 1.5
1 0.0516822 0.0516822 0.0519845 0.000302299 1.5
1 0.0363972 0.0363972 0.0450857 0.00868856 1.5
1 0.0439356 0.0439356 0.0439356 0 1.5
1 0.0373153 0.0373153 0.0373153 0 1.5
1 0.0329333 0.0329333 0.0329333 0 1.5
1 0.028742 0.028742 0.028742 0 1.5
1 0.0254178 0.0254178 0.0254178 0 1.5
1 0.0212568 0.0212568 0.0212568 0 1.5
1 0.0212029 0.0212029 0.0212029 0 1.5
1 0.0171916 0.0171916 0.0171916 0 1.5
1 0.0114654 0.0114654 0.0137107 0.00224528 1.5
1 0.0121716 0.0121716 0.0121716 0 1.5
1 0.00911347 0.00911347 0.00911347 0 1.5
1 0.00501882 0.00501882 0.00501882 0 1.5
1 0.00169671 0.00169671 0.00468577 0.00298906 1.5

1 4.41171 4.41171 4.41171 0 1.5
1 4.41171 4.41171 4.41171 0 1.5
12 0.113121 0.113121 0.367642 0.254522 1.5
11 0.169681 0.169681 0.370217 0.200536 1.5
9 0.49019 0.142385 0.451545 0.109304 1.5
10 0.129756 0.129756 0.389364 0.259608 1.5
9 0.110293 0.110293 0.373872 0.263579 1.5
7 0.34479 0.34479 0.394045 0.0492557 1.5
6 0.45972 0.45972 0.45972 0 1.5
1 0.866069 0.866069 0.866069 0 1.5
1 0.317689 0.317689 0.317689 0 1.5
1 0.226424 0.226424 0.226424 0 1.5
1 0.170724 0.170724 0.170724 0 1.5
1 0.162141 0.162141 0.162141 0 1.5
1 0.155465 0.155465 0.155465 0 1.5
1 0.0516822 0.0516822 0.103364 0.0516822 1.5
1 0.0516822 0.0516822 0.0562389 0.00455674 1.5
1 0.0335778 0.0335778 0.0548211 0.0212432 1.5
1 0.0439356 0.0439356 0.0439356 0 1.5
1 0.0373153 0.0373153 0.0373153 0 1.5
1 0.0363972 0.0363972 0.0363972 0 1.5
1 0.0329333 0.0329333 0.0329333 0 1.5
1 0.0302018 0.0302018 0.0302018 0 1.5
1 0.028742 0.028742 0.028742 0 1.5
1 0.0254178 0.0254178 0.0254178 0 1.5
1 0.0229309 0.0229309 0.0229309 0 1.5
1 0.0212568 0.0212568 0.0212568 0 1.5
1 0.0212029 0.0212029 0.0212029 0 1.5
1 0.00996378 0.00996378 0.0199276 0.00996378 1.5
1 0.0190027 0.0190027 0.0190027 0 1.5
1 0.0171916 0.0171916 0.0171916 0 1.5
1 0.00693655 0.00693655 0.0138154 0.00687885 1.5
1 0.0121716 0.0121716 0.0121716 0 1.5
1 0.00509013 0.00509013 0.00509013 0 1.5
1 0.00501882 0.00501882 0.00501882 0 1.5
1 0.000595266 0.000595266 0.000595266 0 1.5
1 0.000342818 0.000342818 0.000342818 0 1.5
1 4.85488e-05 4.85488e-05 4.85488e-05 0 1.5
1 4.85488e-05 4.85488e-05 4.85488e-05 0 1.5
1 4.84418e-23 4.84418e-23 4.84418e-23 0 1.5

1 4.65329 4.65329 4.65329 0 1.5
9 0.49019 0.49019 0.49019 0 1.5
10 0.176468 0.176468 0.424206 0.247737 1.5
9 0.147057 0.147057 0.425073 0.278016 1.5
9 0.294114 0.294114 0.42485 0.130736 1.5
9 0.119235 0.119235 0.42403 0.304795 1.5
7 0.630244 4.37581e-26 0.540209 0.22054 1.5
9 0.259512 0.259512 0.412294 0.152782 1.5
6 0.45972 0.45972 0.45972 0 1.5
6 0.394045 0.394045 0.45972 0.0656742 1.5
1 0.866069 0.866069 0.866069 0 1.5
1 0.226424 0.226424 0.226424 0 1.5
1 0.0853621 0.0853621 0.170724 0.0853621 1.5
1 0.162141 0.162141 0.162141 0 1.5
1 0.158844 0.158844 0.160083 0.00123869 1.5
1 0.155465 0.155465 0.155465 0 1.5
1 0.103364 0.103364 0.103364 0 1.5
1 0.103364 0.103364 0.103364 0 1.5
1 0.0727944 0.0727944 0.0727944 0 1.5
1 0.0671557 0.0671557 0.0671557 0 1.5
1 0.0516822 0.0516822 0.0667831 0.0151009 1.5
1 0.0439356 0.0439356 0.0439356 0 1.5
1 0.0373153 0.0373153 0.0373153 0 1.5
1 0.0329333 0.0329333 0.0329333 0 1.5
1 0.0254178 0.0254178 0.0254178 0 1.5
1 0.0229309 0.0229309 0.0229309 0 1.5
1 0.014371 0.014371 0.0222666 0.00789555 1.5
1 0.0212568 0.0212568 0.0212568 0 1.5
1 0.0212029 0.0212029 0.0212029 0 1.5
1 0.0199276 0.0199276 0.0199276 0 1.5
1 0.00950133 0.00950133 0.0190027 0.00950133 1.5
1 0.0171916 0.0171916 0.0171916 0 1.5
1 0.0138731 0.0138731 0.0138731 0 1.5
1 0.0121716 0.0121716 0.0121716 0 1.5
1 0.00509013 0.00509013 0.00509013 0 1.5
1 0.00501882 0.00501882 0.00501882 0 1.5

7 0.630244 0.630244 0.630244 1.11022e-16 1.5
11 0.176468 0.176468 0.401064 0.224596 1.5
2 2.20585 2.20585 2.20585 0 1.5
11 0.169681 0.169681 0.371544 0.201863 1.5
10 0.119315 0.119315 0.394803 0.275488 1.5
10 0.152128 0.152128 0.380451 0.228323 1.5
9 0.245095 0.245095 0.408492 0.163397 1.5
6 0.45972 0.45972 0.45972 0 1.5
6 0.45972 0.45972 0.45972 0 1.5
1 0.866069 0.866069 0.866069 0 1.5
1 0.317689 0.317689 0.317689 0 1.5
1 0.226424 0.226424 0.226424 0 1.5
1 0.170724 0.170724 0.170724 0 1.5
1 0.162141 0.162141 0.162141 0 1.5
1 0.103364 0.103364 0.103364 0 1.5
1 0.103364 0.103364 0.103364 0 1.5
1 0.103364 0.103364 0.103364 0 1.5
1 0.0777325 0.0777325 0.0968687 0.0191361 1.5
1 0.0829011 0.0829011 0.0829011 0 1.33333
1 0.0671557 0.0671557 0.0671557 0 1.5
1 0.0664583 0.0664583 0.0664583 0 1.5
1 0.0439356 0.0439356 0.0439356 0 1.5
1 0.0373153 0.0373153 0.0373153 0 1.5
1 0.0329333 0.0329333 0.0329333 0 1.5
1 0.0242648 0.0242648 0.0264759 0.0022111 1.5
1 0.0229309 0.0229309 0.0229309 0 1.5
1 0.00847261 0.00847261 0.0221337 0.0136611 1.5
1 0.0212568 0.0212568 0.0212568 0 1.5
1 0.0212029 0.0212029 0.0212029 0 1.5
1 0.0199276 0.0199276 0.0199276 0 1.5
1 0.00633422 0.00633422 0.0190027 0.0126684 1.5
1 0.0182239 0.0182239 0.0182239 0 1.5
1 0.0171916 0.0171916 0.0171916 0 1.5
1 0.014371 0.014371 0.014371 0 1.5
1 0.0121716 0.0121716 0.0121716 0 1.5
1 0.00693655 0.00693655 0.00694637 9.822e-06 1.33333
1 0.00509013 0.00509013 0.00509013 0 1.5
1 0.00501882 0.00501882 0.00501882 0 1.5

1 4.41171 4.41171 4.41171 0 1.5
11 0.401064 0.401064 0.401064 1.11022e-16 1.5
11 0.220585 0.220585 0.397017 0.176431 1.5
11 0.132951 0.132951 0.390774 0.257823 1.5
11 0.211513 0.200532 0.385829 0.182368 1.5
10 0.176468 0.176468 0.406757 0.230289 1.5
10 0.137866 0.137866 0.391033 0.253167 1.5
6 0.45972 0.45972 0.45972 0 1.5
6 0.45972 0.45972 0.45972 0 1.5
1 0.866069 0.866069 0.866069 0 1.5
1 0.317689 0.317689 0.317689 0 1.5
1 0.226424 0.226424 0.226424 0 1.5
1 0.170724 0.170724 0.170724 0 1.5
1 0.162141 0.162141 0.162141 0 1.5
1 0.155465 0.155465 0.155465 0 1.5
1 0.150907 0.150907 0.150907 0 1.5
1 0.0692189 0.0692189 0.110669 0.0414505 1.33333
1 0.0516822 0.0516822 0.103364 0.0516822 1.5
1 0.103364 0.103364 0.103364 0 1.5
1 0.103364 0.103364 0.103364 0 1.5
1 0.0939163 0.0939163 0.0939163 0 1.5
1 0.0727944 0.0727944 0.0727944 0 1.5
1 0.0332291 0.0332291 0.0446946 0.0114654 1.5
1 0.0439356 0.0439356 0.0439356 0 1.5
1 0.0335778 0.0335778 0.0438011 0.0102232 1.5
1 0.0373153 0.0373153 0.0373153 0 1.5
1 0.0329333 0.0329333 0.0329333 0 1.5
1 0.028742 0.028742 0.028742 0 1.5
1 0.0254178 0.0254178 0.0254178 0 1.5
1 0.0212568 0.0212568 0.0212568 0 1.5
1 0.0212029 0.0212029 0.0212029 0 1.5
1 0.0199276 0.0199276 0.0199276 0 1.5
1 0.0100193 0.0100193 0.0191312 0.00911197 1.5

1 4.65329 4.65329 4.65329 0 1.5
1 4.41171 4.41171 4.41171 0 1.5
1 4.41171 4.41171 4.41171 0 1.5
9 0.401064 0.401064 0.49019 0.0891254 1.5
8 0.200532 0.200532 0.501559 0.301027 1.33333
8 0.0990062 0.0990062 0.486421 0.387415 1.5
8 0.133688 0.133688 0.484861 0.351173 1.5
8 0.401064 0.401064 0.467286 0.066222 1.5
8 0.157561 0.157561 0.453305 0.295744 1.5
6 0.45972 0.45972 0.45972 0 1.5
6 0.45972 0.45972 0.45972 0 1.5
1 0.866069 0.866069 0.866069 0 1.5
1 0.226424 0.226424 0.226424 0 1.5
1 0.170724 0.170724 0.170724 0 1.5
1 0.162141 0.162141 0.162141 0 1.5
1 0.158844 0.158844 0.159117 0.000272401 1.5
1 0.155465 0.155465 0.155465 0 1.5
1 0.150907 0.150907 0.150907 0 1.5
1 0.103364 0.103364 0.103364 0 1.5
1 0.103364 0.103364 0.103364 0 1.5
1 0.103364 0.103364 0.103364 0 1.5
1 0.0939163 0.0939163 0.0939163 0 1.5
1 0.0671557 0.0671557 0.0671557 0 1.5
1 0.0664583 0.0664583 0.0664583 0 1.5
1 0.0439356 0.0439356 0.0439356 0 1.5
1 0.0363972 0.0363972 0.0395147 0.00311755 1.5
1 0.0373153 0.0373153 0.0373153 0 1.5
1 0.0329333 0.0329333 0.0329333 0 1.5
1 0.0207117 0.0207117 0.0306754 0.00996378 1.5
1 0.028742 0.028742 0.028742 0 1.5
1 0.0254178 0.0254178 0.0254178 0 1.5
1 0.0212568 0.0212568 0.0212568 0 1.5
1 0.0212029 0.0212029 0.0212029 0 1.5
1 0.0100193 0.0100193 0.0185565 0.00853726 1.5
1 0.00938477 0.00938477 0.0139298 0.00454501 1.33333
1 0.00548234 0.00548234 0.00548234 0 1.5
1 1.3604e-26 1.3604e-26 1.3604e-26 0 1.5
1 1.26093e-27 1.26093e-27 1.26093e-27 0 1.5
1 1.49226e-29 1.49226e-29 1.49226e-29 0 1.5

2 2.20585 2.20585 2.20585 0 1.5
2 2.20585 2.20585 2.20585 0 1.5
10 0.145415 0.145415 0.433993 0.288578 1.5
9 0.232195 0.232195 0.464398 0.232203 1.5
9 0.294114 0.294114 0.457803 0.163689 1.5
9 0.147057 0.147057 0.441335 0.294279 1.5
9 0.157561 0.157561 0.43853 0.280969 1.5
9 0.49019 7.72595e-25 0.435724 0.154052 1.5
6 0.45972 0.45972 0.45972 0 1.5
6 0.45972 0.45972 0.45972 0 1.5
3 0.551464 0.551464 0.560396 0.00893248 1.5
1 0.866069 0.866069 0.866069 0 1.5
1 0.317689 0.317689 0.317689 0 1.5
1 0.226424 0.226424 0.226424 0 1.5
1 0.166729 0.166729 0.218411 0.0516822 1.5
1 0.170724 0.170724 0.170724 0 1.5
1 0.162141 0.162141 0.162141 0 1.5
1 0.155465 0.155465 0.155465 0 1.5
1 0.103364 0.103364 0.103364 0 1.5
1 0.103364 0.103364 0.103364 0 1.5
1 0.0939163 0.0939163 0.0939163 0 1.5
1 0.0727944 0.0727944 0.0727944 0 1.5
1 0.0671557 0.0671557 0.0671557 0 1.5
1 0.0664583 0.0664583 0.0664583 0 1.5
1 0.0439356 0.0439356 0.0439356 0 1.5
1 0.0186577 0.0186577 0.033248 0.0145903 1.33333
1 0.0329333 0.0329333 0.0329333 0 1.5
1 0.0207117 0.0207117 0.0299288 0.00921717 1.5
1 0.0254178 0.0254178 0.0254178 0 1.5
1 0.014371 0.014371 0.0245894 0.0102184 1.5
1 0.0212568 0.0212568 0.0212568 0 1.5
1 0.0212029 0.0212029 0.0212029 0 1.5
1 0.0190027 0.0190027 0.0190027 0 1.5
1 0.01428 0.01428 0.01428 0 1.5
1 0.00217212 0.00217212 0.00247442 0.000302299 1.5
1 2.37661e-05 2.37661e-05 4.75323e-05 2.37661e-05 1.5
1 2.72409e-05 2.72409e-05 2.72409e-05 0 1.5
1 1.3604e-26 1.3604e-26 1.3604e-26 0 1.5

10 0.339362 0.339362 0.441171 0.101809 1.5
10 0.200532 0.200532 0.441171 0.240639 1.5
3 1.47057 1.47057 1.47057 0 1.5
10 0.310219 0.310219 0.434387 0.124167 1.5
9 0.210081 0.210081 0.467193 0.257112 1.5
9 0.232195 0.232195 0.438724 0.206529 1.5
8 0.551464 6.54509e-27 0.482531 0.182379 1.5
9 0.0949651 0.0900349 0.422484 0.330267 1.33333
6 0.45972 0.45972 0.45972 0 1.5
6 0.45972 0.45972 0.45972 0 1.5
1 0.866069 0.866069 0.866069 0 1.5
1 0.333458 0.333458 0.333458 0 1.5
1 0.317689 0.317689 0.317689 0 1.5
1 0.274555 0.274555 0.274555 0 1.5
1 0.226424 0.226424 0.226424 0 1.5
1 0.170724 0.170724 0.170724 0 1.5
1 0.162141 0.162141 0.162141 0 1.5
1 0.155465 0.155465 0.155465 0 1.5
1 0.103364 0.103364 0.103364 0 1.5
1 0.0939163 0.0939163 0.0939163 0 1.5
1 0.0727944 0.0727944 0.0727944 0 1.5
1 0.0671557 0.0671557 0.0671557 0 1.5
1 0.0221528 0.0221528 0.0664583 0.0443055 1.5
1 0.0516822 0.0516822 0.0599399 0.00825771 1.5
1 0.0439356 0.0439356 0.0439356 0 1.5
1 0.0414233 0.0414233 0.0414233 0 1.5
1 0.0186577 0.0186577 0.0373153 0.0186577 1.5
1 0.0329333 0.0329333 0.0329333 0 1.5
1 0.028742 0.028742 0.028742 0 1.5
1 0.0181255 0.0181255 0.0276268 0.00950133 1.5
1 0.0254178 0.0254178 0.0254178 0 1.5

2 2.20585 2.20585 2.20585 0 1.5
1 4.41171 4.41171 4.41171 0 1.5
10 0.150106 0.150106 0.419588 0.269482 1.5
10 0.232195 0.232195 0.418355 0.18616 1.5
10 0.147057 0.147057 0.397191 0.250134 1.5
10 0.110293 0.110293 0.386159 0.275866 1.5
9 0.133688 0.133688 0.401228 0.267539 1.5
6 0.45972 0.45972 0.45972 0 1.5
6 0.394045 0.394045 0.396372 0.00232691 1.5
5 0.630244 0.00959367 0.387568 0.300479 1.5
1 0.866069 0.866069 0.866069 0 1.5
1 0.333458 0.333458 0.333458 0 1.5
1 0.317689 0.317689 0.317689 0 1.5
1 0.226424 0.226424 0.226424 0 1.5
1 0.162141 0.162141 0.162141 0 1.5
1 0.155465 0.155465 0.155465 0 1.5
1 0.137277 0.137277 0.146546 0.00926873 1.5
1 0.103364 0.103364 0.103364 0 1.5
1 0.0939163 0.0939163 0.0939163 0 1.5
1 0.0727944 0.0727944 0.0727944 0 1.5
1 0.0516822 0.0516822 0.0599399 0.00825771 1.5
1 0.0439356 0.0439356 0.0439356 0 1.5
1 0.0414233 0.0414233 0.0414233 0 1.5
1 0.0373153 0.0373153 0.0373153 0 1.5
1 0.036251 0.036251 0.036251 0 1.5
1 0.0329333 0.0329333 0.0329333 0 1.5
1 0.0300227 0.0300227 0.0300227 0 1.5
1 0.028742 0.028742 0.028742 0 1.5
1 0.0187529 0.0187529 0.0187529 0 1.5
1 0.00200195 0.00200195 0.00200195 0 1.33333
1 0.000171409 0.000171409 0.000342818 0.000171409 1.5
1 4.85488e-05 4.85488e-05 4.85488e-05 0 1.5

3 1.47057 1.47057 1.47057 0 1.5
5 0.882342 0.882342 0.882342 0 1.5
8 0.232195 0.232195 0.551464 0.319268 1.5
3 1.47057 1.47057 1.47057 0 1.5
1 4.41171 4.41171 4.41171 0 1.5
8 0.401064 0.401064 0.551464 0.150399 1.5
8 0.178973 0.178973 0.53701 0.358038 1.5
8 0.137866 0.137866 0.53423 0.396365 1.5
7 0.401064 0.401064 0.573132 0.172067 1.5
6 0.152128 0.152128 0.584419 0.432291 1.33333
5 0.45972 0.45972 0.551664 0.0919439 1.5
5 0.45972 0.45972 0.551664 0.0919439 1.5
1 0.866069 0.866069 0.866069 0 1.5
1 0.333458 0.333458 0.333458 0 1.5
1 0.317689 0.317689 0.317689 0 1.5
1 0.274555 0.274555 0.274555 0 1.5
1 0.226424 0.226424 0.226424 0 1.5
1 0.0853621 0.0853621 0.170724 0.0853621 1.5
1 0.162141 0.162141 0.162141 0 1.5
1 0.155465 0.155465 0.155465 0 1.5
1 0.103364 0.103364 0.103364 0 1.5
1 0.103364 0.103364 0.103364 0 1.5
1 0.0939163 0.0939163 0.0939163 0 1.5
1 0.0727944 0.0727944 0.0727944 0 1.5
1 0.0671557 0.0671557 0.0671557 0 1.5
1 0.0439356 0.0439356 0.0439356 0 1.5
1 0.0373153 0.0373153 0.0373153 0 1.5
1 0.0181255 0.0181255 0.036251 0.0181255 1.5
1 0.0207117 0.0207117 0.0358553 0.0151436 1.5
1 0.0300227 0.0300227 0.0300227 0 1.5
1 0.028995 0.028995 0.028995 0 1.5
1 0.028742 0.028742 0.028742 0 1.5
1 0.0164667 0.0164667 0.0257571 0.00929047 1.5
1 0.0187529 0.0187529 0.0187529 0 1.5
1 0.0115841 0.0115841 0.0115841 0 1.5
1 0.00200195 0.00200195 0.00200195 0 1.33333
1 0.000869205 0.000869205 0.000869205 0 1.5
1 0.000342818 0.000342818 0.000342818 0 1.5
1 5.65486e-05 5.65486e-05 5.65486e-05 0 1.5
1 4.85488e-05 4.85488e-05 4.85488e-05 0 1.5
1 4.85488e-05 4.85488e-05 4.85488e-05 0 1.5
1 4.84418e-23 4.84418e-23 4.84418e-23 0 1.5
1 1.31305e-23 1.31305e-23 1.31305e-23 0 1.5
1 4.59269e-26 4.59269e-26 9.18537e-26 4.59269e-26 1.5
1 5.73142e-27 5.73142e-27 5.73142e-27 0 1.5
1 1.26093e-27 1.26093e-27 1.26093e-27 0 1.5

9 0.310219 0.310219 0.517032 0.206813 1.5
1 4.41171 4.41171 4.41171 0 1.5
1 4.41171 4.41171 4.41171 0 1.5
5 0.882342 0.882342 0.882342 0 1.5
8 0.152128 0.152128 0.513445 0.361318 1.5
7 0.163397 0.163397 0.56037 0.396973 1.5
7 0.339362 0.339362 0.533291 0.193929 1.5
7 0.401064 0.401064 0.51568 0.114616 1.5
6 0.178973 0.169681 0.572514 0.396663 1.5
6 0.339362 0.339362 0.509233 0.169871 1.33333
5 0.551664 0.551664 0.551664 0 1.5
5 0.551664 0.551664 0.551664 0 1.5
4 0.735285 0.00500379 0.553199 0.316221 1.5
1 0.866069 0.866069 0.866069 0 1.5
1 0.333458 0.333458 0.333458 0 1.5
1 0.274555 0.274555 0.274555 0 1.5
1 0.226424 0.226424 0.226424 0 1.5
1 0.162141 0.162141 0.162141 0 1.5
1 0.158844 0.158844 0.159117 0.000272401 1.5
1 0.155465 0.155465 0.155465 0 1.5
1 0.0516822 0.0516822 0.103364 0.0516822 1.5
1 0.0516822 0.0516822 0.103364 0.0516822 1.5
1 0.0939163 0.0939163 0.0939163 0 1.5
1 0.0853621 0.0853621 0.0921616 0.00679952 1.5
1 0.0727944 0.0727944 0.0727944 0 1.5
1 0.0671557 0.0671557 0.0671557 0 1.5
1 0.0439356 0.0439356 0.0439356 0 1.5
1 0.0373153 0.0373153 0.0373153 0 1.5
1 0.036251 0.036251 0.036251 0 1.5
1 0.0329333 0.0329333 0.0329333 0 1.5
1 0.028995 0.028995 0.028995 0 1.5
1 0.0103558 0.0103558 0.0228218 0.0124659 1.5
1 0.014371 0.014371 0.0188886 0.0045176 1.5
1 0.0187529 0.0187529 0.0187529 0 1.5
1 0.00209121 0.00209121 0.00209121 0 1.5
1 0.00116816 0.00116816 0.00116816 0 1.33333
1 0.000869205 0.000869205 0.000869205 0 1.5
1 0.000791397 0.000791397 0.000791397 0 1.5
1 0.000171409 0.000171409 0.000342818 0.000171409 1.5
1 5.65486e-05 5.65486e-05 5.65486e-05 0 1.5
1 5.12088e-05 5.12088e-05 5.12088e-05 0 1.5
1 2.42744e-05 2.42744e-05 4.85488e-05 2.42744e-05 1.5
1 4.84418e-23 4.84418e-23 4.84418e-23 0 1.5

7 0.630244 0.630244 0.630244 1.11022e-16 1.5
3 1.47057 1.47057 1.47057 0 1.5
7 0.551464 0.551464 0.630244 0.0787805 1.5
1 4.41171 4.41171 4.41171 0 1.5
1 4.41171 4.41171 4.41171 0 1.5
7 0.367642 0.367642 0.630244 0.262602 1.5
7 0.150106 0.150106 0.622069 0.471963 1.5
7 0.220585 0.220585 0.598999 0.378413 1.5
7 0.259512 0.259512 0.593183 0.333671 1.5
6 0.232195 0.232195 0.658156 0.425961 1.5
5 0.245095 0.245095 0.643054 0.397959 1.5
5 0.735285 0.45972 0.606777 0.143539 1.5
4 0.551664 0.551664 0.68958 0.137916 1.5
3 0.339362 0.339362 0.691064 0.351702 1.5
1 0.866069 0.866069 0.866069 0 1.5
1 0.317689 0.317689 0.317689 0 1.5
1 0.274555 0.274555 0.274555 0 1.5
1 0.166729 0.166729 0.252021 0.0852921 1.5
1 0.226424 0.226424 0.226424 0 1.5
1 0.162141 0.162141 0.162141 0 1.5
1 0.155465 0.155465 0.155465 0 1.5
1 0.103364 0.103364 0.103364 0 1.5
1 0.0939163 0.0939163 0.0939163 0 1.5
1 0.0727944 0.0727944 0.0727944 0 1.5
1 0.0676586 0.0676586 0.0676586 0 1.5
1 0.0516822 0.0516822 0.0522726 0.000590365 1.5
1 0.0439356 0.0439356 0.0439356 0 1.5
1 0.0414233 0.0414233 0.0414233 0 1.5
1 0.0373153 0.0373153 0.0373153 0 1.5
1 0.036251 0.036251 0.036251 0 1.5
1 0.0329333 0.0329333 0.0329333 0 1.5
1 0.028995 0.028995 0.028995 0 1.5
1 0.028742 0.028742 0.028742 0 1.5
1 0.0150114 0.0150114 0.0261624 0.0111511 1.5
1 0.0214529 0.0214529 0.0214529 0 1.5
1 0.0214146 0.0214146 0.0214146 0 1.5
1 0.0187529 0.0187529 0.0187529 0 1.5
1 0.0175073 0.0175073 0.0175073 0 1.5
1 0.0165575 0.0165575 0.0165575 0 1.5
1 0.0010456 0.0010456 0.00209121 0.0010456 1.5
1 0.000869205 0.000869205 0.000869205 0 1.5
1 0.000791397 0.000791397 0.000791397 0 1.5
1 0.000374721 0.000374721 0.000374721 0 1.5
1 0.000342818 0.000342818 0.000342818 0 1.5
1 0.000132393 0.000132393 0.000132393 0 1.5

5 0.930658 0.930658 0.930658 0 1.5
5 0.930658 0.882342 0.901668 0.02367 1.5
7 0.630244 0.630244 0.630244 1.11022e-16 1.5
6 0.735285 0.735285 0.735285 0 1.5
3 1.47057 1.47057 1.47057 0 1.5
7 0.232195 0.232195 0.630244 0.398049 1.5
7 0.273723 0.259512 0.60346 0.333859 1.33333
7 0.258516 0.245095 0.600995 0.350211 1.5
7 0.210081 0.210081 0.600233 0.390151 1.5
6 0.401064 0.401064 0.668746 0.267682 1.5
6 0.200532 0.200532 0.668581 0.468049 1.5
5 0.220585 0.220585 0.662358 0.441773 1.33333
4 0.68958 0.68958 0.68958 0 1.5
4 0.735285 0.45972 0.643881 0.165907 1.5
1 0.866069 0.866069 0.866069 0 1.5
1 0.333458 0.333458 0.333458 0 1.5
1 0.317689 0.317689 0.317689 0 1.5
1 0.274555 0.274555 0.274555 0 1.5
1 0.226424 0.226424 0.226424 0 1.5
1 0.162141 0.162141 0.162141 0 1.5
1 0.155465 0.155465 0.155465 0 1.5
1 0.103364 0.103364 0.103364 0 1.5
1 0.103364 0.103364 0.103364 0 1.5
1 0.0939163 0.0939163 0.0939163 0 1.5
1 0.0727944 0.0727944 0.0727944 0 1.5
1 0.0676586 0.0676586 0.0676586 0 1.5
1 0.0439356 0.0439356 0.0439356 0 1.5
1 0.0414233 0.0414233 0.0414233 0 1.5
1 0.0373153 0.0373153 0.0373153 0 1.5
1 0.036251 0.036251 0.036251 0 1.5
1 0.0329333 0.0329333 0.0329333 0 1.5
1 0.0300227 0.0300227 0.0300227 0 1.5
1 0.028995 0.028995 0.028995 0 1.5
1 0.014371 0.014371 0.0284935 0.0141225 1.5
1 0.0256314 0.0256314 0.0256314 0 1.5
1 0.0214529 0.0214529 0.0214529 0 1.5

3 1.47057 1.47057 1.47057 0 1.5
5 0.882342 0.882342 0.882342 0 1.5
7 0.275732 0.275732 0.630244 0.354512 1.5
7 0.465329 0.441171 0.620985 0.173256 1.5
7 0.136861 0.136861 0.591744 0.454882 1.5
7 0.294114 0.294114 0.588321 0.294207 1.5
7 0.367642 0.367642 0.578112 0.210469 1.5
7 0.49019 0.49019 0.562003 0.0718126 1.5
6 0.169681 0.169681 0.650689 0.481008 1.33333
6 0.275732 0.275732 0.599803 0.324071 1.5
5 0.882342 0.00600454 0.707074 0.350535 1.5
4 1.10293 0.68958 0.792916 0.178985 1.5
4 0.68958 0.68958 0.68958 0 1.5
3 0.367642 0.367642 0.745898 0.378256 1.33333
1 0.866069 0.866069 0.866069 0 1.5
1 0.317689 0.317689 0.317689 0 1.5
1 0.274555 0.274555 0.274555 0 1.5
1 0.226424 0.226424 0.226424 0 1.5
1 0.162141 0.162141 0.162141 0 1.5
1 0.155465 0.155465 0.155465 0 1.5
1 0.150907 0.150907 0.150907 0 1.5
1 0.103364 0.103364 0.103364 0 1.5
1 0.103364 0.103364 0.103364 0 1.5
1 0.0939163 0.0939163 0.0939163 0 1.5
1 0.0727944 0.0727944 0.0727944 0 1.5
1 0.0683842 0.0683842 0.0683842 0 1.5
1 0.0676586 0.0676586 0.0676586 0 1.5
1 0.0439356 0.0439356 0.0439356 0 1.5
1 0.0414233 0.0414233 0.0414233 0 1.5
1 0.0373153 0.0373153 0.0373153 0 1.5
1 0.0329333 0.0329333 0.0329333 0 1.5
1 0.032347 0.032347 0.032347 0 1.33333
1 0.028995 0.028995 0.028995 0 1.5
1 0.028742 0.028742 0.028742 0 1.5
1 0.0284968 0.0284968 0.0284968 0 1.5
1 0.0256314 0.0256314 0.0256314 0 1.5
1 0.0214529 0.0214529 0.0214529 0 1.5

8 0.423026 0.423026 0.581661 0.158635 1.5
8 0.551464 0.551464 0.551464 0 1.5
2 2.20585 2.20585 2.20585 0 1.5
3 1.47057 1.47057 1.47057 0 1.5
4 1.10293 1.10293 1.10293 0 1.5
7 0.310219 0.294114 0.597684 0.294475 1.5
7 0.098038 0.098038 0.575374 0.477336 1.5
7 0.259512 0.259512 0.556509 0.296997 1.5
7 0.232195 0.232195 0.531042 0.298846 1.33333
6 0.258516 0.245095 0.615143 0.367845 1.5
6 0.232195 0.232195 0.54623 0.314035 1.5
3 0.919439 0.919439 0.919439 0 1.5
4 0.68958 0.68958 0.68958 0 1.5
1 0.866069 0.866069 0.866069 0 1.5
1 0.226424 0.226424 0.226424 0 1.5
1 0.162141 0.162141 0.162141 0 1.5
1 0.150907 0.150907 0.150907 0 1.5
1 0.0915183 0.0915183 0.117155 0.0256365 1.5
1 0.103364 0.103364 0.103364 0 1.5
1 0.0777325 0.0777325 0.0968687 0.0191361 1.5
1 0.0939163 0.0939163 0.0939163 0 1.5
1 0.0727944 0.0727944 0.0727944 0 1.5
1 0.0683842 0.0683842 0.0683842 0 1.5
1 0.0676586 0.0676586 0.0676586 0 1.5
1 0.0439356 0.0439356 0.0439356 0 1.5
1 0.0234997 0.0234997 0.0379972 0.0144975 1.5
1 0.0373153 0.0373153 0.0373153 0 1.5
1 0.0171424 0.0171424 0.0336091 0.0164667 1.5
1 0.0300227 0.0300227 0.0300227 0 1.5
1 0.0284968 0.0284968 0.0284968 0 1.5
1 0.0256314 0.0256314 0.0256314 0 1.5
1 0.014371 0.014371 0.0243546 0.00998357 1.5
1 0.0214529 0.0214529 0.0214529 0 1.5
1 0.0161735 0.0161735 0.0166081 0.000434603 1.5
1 0.00157107 0.00157107 0.00157107 0 1.5
1 0.000579233 0.000579233 0.000579233 0 1.5
1 4.84418e-23 4.84418e-23 4.84418e-23 0 1.5
1 5.90803e-26 5.90803e-26 5.90803e-26 0 1.5
1 5.73142e-27 5.73142e-27 5.73142e-27 0 1.5

6 0.735285 0.735285 0.735285 0 1.5
6 0.735285 0.735285 0.735285 0 1.5
6 0.735285 0.735285 0.735285 0 1.5
3 1.47057 1.47057 1.47057 0 1.5
7 0.258516 0.258516 0.618458 0.359942 1.5
7 0.275732 0.275732 0.592876 0.317144 1.5
7 0.275732 0.275732 0.591558 0.315826 1.5
7 0.315122 0.315122 0.585243 0.270121 1.5
6 0.220585 0.220585 0.661813 0.441228 1.5
6 0.259512 0.259512 0.649349 0.389837 1.5
6 0.220585 0.220585 0.625241 0.404655 1.5
6 0.232665 0.232665 0.580454 0.34779 1.5
4 0.68958 0.68958 0.68958 0 1.5
3 0.919439 0.919439 0.919439 0 1.5
1 0.866069 0.866069 0.866069 0 1.5
1 0.274555 0.274555 0.274555 0 1.5
1 0.226424 0.226424 0.226424 0 1.5
1 0.162141 0.162141 0.162141 0 1.5
1 0.155465 0.155465 0.155465 0 1.5
1 0.150907 0.150907 0.150907 0 1.5
1 0.103364 0.103364 0.103364 0 1.5
1 0.0939163 0.0939163 0.0939163 0 1.5
1 0.0727944 0.0727944 0.0727944 0 1.5
1 0.0683842 0.0683842 0.0683842 0 1.5
1 0.0676586 0.0676586 0.0676586 0 1.5
1 0.0469994 0.0469994 0.0469994 0 1.5
1 0.0439356 0.0439356 0.0439356 0 1.5
1 0.0373153 0.0373153 0.0373153 0 1.5
1 0.0342848 0.0342848 0.0342848 0 1.5
1 0.0300227 0.0300227 0.0300227 0 1.5
1 0.0284968 0.0284968 0.0284968 0 1.5
1 0.014371 0.014371 0.0250975 0.0107264 1.5
1 0.0239919 0.0239919 0.0239919 0 1.5
1 0.0223022 0.0223022 0.0223022 0 1.5
1 0.0100163 0.0100163 0.0100163 0 1.5

2 2.32665 2.32665 2.32665 0 1.5
1 4.41171 4.41171 4.41171 0 1.5
7 0.551464 0.551464 0.630244 0.0787805 1.5
7 0.441171 0.441171 0.630244 0.189073 1.5
5 0.882342 0.882342 0.882342 0 1.5
6 0.357945 0.357945 0.716033 0.358088 1.5
6 0.193887 0.183821 0.709767 0.520938 1.5
6 0.339362 0.339362 0.687417 0.348055 1.5
6 0.294114 0.294114 0.686637 0.392523 1.5
6 0.315122 0.315122 0.682901 0.367779 1.5
6 0.339362 0.339362 0.678841 0.339479 1.5
6 0.122455 0.122455 0.664474 0.542019 1.5
5 0.423026 0.401064 0.646778 0.241481 1.33333
4 0.68958 0.68958 0.68958 0 1.5
3 0.919439 0.919439 0.919439 0 1.5
1 0.866069 0.866069 0.866069 0 1.5
1 0.226424 0.226424 0.226424 0 1.5
1 0.137277 0.137277 0.17407 0.0367927 1.5
1 0.162141 0.162141 0.162141 0 1.5
1 0.155465 0.155465 0.155465 0 1.5
1 0.150907 0.150907 0.150907 0 1.5
1 0.103364 0.103364 0.103364 0 1.5
1 0.0939163 0.0939163 0.0939163 0 1.5
1 0.0727944 0.0727944 0.0727944 0 1.5
1 0.0676586 0.0676586 0.0676586 0 1.5
1 0.0469994 0.0469994 0.0469994 0 1.5
1 0.0439356 0.0439356 0.0439356 0 1.5
1 0.0410199 0.0410199 0.0410199 0 1.5
1 0.0373153 0.0373153 0.0373153 0 1.5
1 0.0342848 0.0342848 0.0342848 0 1.5
1 0.0341921 0.0341921 0.0341921 0 1.5
1 0.0300227 0.0300227 0.0300227 0 1.5
1 0.028742 0.028742 0.028742 0 1.5
1 0.0284968 0.0284968 0.0284968 0 1.5
1 0.0239919 0.0239919 0.0239919 0 1.5
1 0.0223022 0.0223022 0.0223022 0 1.5
1 0.0215761 0.0215761 0.0215761 0 1.5
1 0.0100163 0.0100163 0.0100163 0 1.5
1 0.00603499 0.00603499 0.00603499 0 1.5
1 0.00230875 0.00230875 0.00230875 0 1.33333

5 0.882342 0.882342 0.882342 0 1.5
8 0.367642 0.367642 0.551464 0.183821 1.5
2 2.20585 2.20585 2.20585 0 1.5
8 0.258516 0.258516 0.549847 0.291331 1.5
8 0.315122 0.315122 0.512074 0.196952 1.5
7 0.339362 0.339362 0.58224 0.242878 1.5
7 0.176468 0.176468 0.529529 0.353061 1.5
6 0.735285 8.58889e-05 0.612752 0.273992 1.5
6 0.142313 0.142313 0.593747 0.451434 1.33333
6 0.15511 0.15511 0.544092 0.388982 1.5
3 0.919439 0.919439 0.919439 0 1.5
4 0.68958 0.68958 0.68958 0 1.5
5 0.882342 0.00117382 0.532583 0.428387 1.5
1 0.866069 0.866069 0.866069 0 1.5
1 0.274555 0.274555 0.274555 0 1.5
1 0.226424 0.226424 0.226424 0 1.5
1 0.162357 0.162357 0.162357 0 1.5
1 0.162141 0.162141 0.162141 0 1.5
1 0.155465 0.155465 0.155465 0 1.5
1 0.150907 0.150907 0.150907 0 1.5
1 0.103364 0.103364 0.103364 0 1.5
1 0.0939163 0.0939163 0.0939163 0 1.5
1 0.0727944 0.0727944 0.0727944 0 1.5
1 0.0683842 0.0683842 0.0683842 0 1.5
1 0.0676586 0.0676586 0.0676586 0 1.5
1 0.0469994 0.0469994 0.0469994 0 1.5
1 0.0439356 0.0439356 0.0439356 0 1.5
1 0.0250057 0.0250057 0.0417784 0.0167727 1.5
1 0.0410199 0.0410199 0.0410199 0 1.5
1 0.0373153 0.0373153 0.0373153 0 1.5
1 0.0342848 0.0342848 0.0342848 0 1.5
1 0.0300227 0.0300227 0.0300227 0 1.5
1 0.0284968 0.0284968 0.0284968 0 1.5
1 0.0256314 0.0256314 0.0256314 0 1.5
1 0.0239919 0.0239919 0.0239919 0 1.5
1 0.0223022 0.0223022 0.0223022 0 1.5
1 0.0100163 0.0100163 0.0100163 0 1.5
1 0.00976619 0.00976619 0.00976619 0 1.5
1 0.00603499 0.00603499 0.00603499 0 1.5

8 0.581661 0.581661 0.581661 0 1.5
2 2.32665 2.32665 2.32665 0 1.5
5 0.930658 0.882342 0.920995 0.0193265 1.5
7 0.630244 0.630244 0.630244 1.11022e-16 1.5
2 2.20585 2.20585 2.20585 0 1.5
7 0.441171 0.441171 0.630244 0.189073 1.5
7 0.441171 0.441171 0.630244 0.189073 1.5
2 2.20585 2.20585 2.20585 0 1.5
7 0.0816983 0.0816983 0.595278 0.51358 1.5
6 0.100266 0.100266 0.652357 0.55209 1.5
6 0.735285 0.000152795 0.612763 0.273968 1.5
4 0.68958 0.68958 0.68958 0 1.5
3 0.919439 0.919439 0.919439 0 1.5
3 0.367642 0.367642 0.628507 0.260865 1.5
1 0.866069 0.866069 0.866069 0 1.5
1 0.226424 0.226424 0.226424 0 1.5
1 0.162357 0.162357 0.162357 0 1.5
1 0.162141 0.162141 0.162141 0 1.5
1 0.155465 0.155465 0.155465 0 1.5
1 0.103364 0.103364 0.103364 0 1.5
1 0.0939163 0.0939163 0.0939163 0 1.5
1 0.075017 0.075017 0.075017 0 1.5
1 0.0727944 0.0727944 0.0727944 0 1.5
1 0.0439356 0.0439356 0.0439356 0 1.5
1 0.0410199 0.0410199 0.0410199 0 1.5
1 0.0338293 0.0338293 0.040172 0.00634275 1.5
1 0.0373153 0.0373153 0.0373153 0 1.5
1 0.0342848 0.0342848 0.0342848 0 1.5
1 0.0300227 0.0300227 0.0300227 0 1.5
1 0.0284968 0.0284968 0.0284968 0 1.5
1 0.0256314 0.0256314 0.0256314 0 1.5
1 0.011996 0.011996 0.0239919 0.011996 1.5
1 0.0227947 0.0227947 0.0227947 0 1.5
1 0.0223022 0.0223022 0.0223022 0 1.5
1 0.0104703 0.0104703 0.0104703 0 1.5
1 0.0100163 0.0100163 0.0100163 0 1.5
1 0.000289616 0.000289616 0.000338617 4.90001e-05 1.5
1 4.84418e-23 4.84418e-23 4.84418e-23 0 1.5
1 5.90803e-26 5.90803e-26 5.90803e-26 0 1.5
1 5.73142e-27 5.73142e-27 5.73142e-27 0 1.5
1 0 0 0 0 1.5

7 0.630244 0.630244 0.630244 1.11022e-16 1.5
1 4.41171 4.41171 4.41171 0 1.5
4 1.10293 1.10293 1.10293 0 1.5
7 0.551464 0.551464 0.630244 0.0787805 1.5
7 0.551464 0.551464 0.630244 0.0787805 1.5
5 0.882342 0.882342 0.882342 0 1.5
5 0.882342 0.882342 0.882342 0 1.5
3 1.47057 1.47057 1.47057 0 1.5
7 0.112822 0.103406 0.621815 0.517074 1.5
7 0.0846053 0.0846053 0.568293 0.483687 1.5
6 0.630244 0.630244 0.630266 2.18279e-05 1.33333
4 0.68958 0.68958 0.68958 0 1.5
3 0.919439 0.919439 0.919439 0 1.5
1 0.866069 0.866069 0.866069 0 1.5
1 0.226424 0.226424 0.226424 0 1.5
1 0.162357 0.162357 0.162357 0 1.5
1 0.162141 0.162141 0.162141 0 1.5
1 0.103364 0.103364 0.103364 0 1.5
1 0.0777325 0.0777325 0.0968687 0.0191361 1.5
1 0.0939163 0.0939163 0.0939163 0 1.5
1 0.0727944 0.0727944 0.0727944 0 1.5
1 0.0683842 0.0683842 0.0683842 0 1.5
1 0.0676586 0.0676586 0.0676586 0 1.5
1 0.064871 0.064871 0.064871 0 1.5
1 0.0439356 0.0439356 0.0439356 0 1.5
1 0.0250057 0.0250057 0.0412329 0.0162273 1.5
1 0.0410199 0.0410199 0.0410199 0 1.5
1 0.0373153 0.0373153 0.0373153 0 1.5
1 0.0126519 0.0126519 0.0355085 0.0228566 1.5
1 0.0318605 0.0318605 0.0318605 0 1.5
1 0.0300227 0.0300227 0.0300227 0 1.5
1 0.0284968 0.0284968 0.0284968 0 1.5
1 0.0256314 0.0256314 0.0256314 0 1.5
1 0.0239919 0.0239919 0.0239919 0 1.5
1 0.0223022 0.0223022 0.0223022 0 1.5
1 0.00999672 0.00999672 0.0220051 0.0120084 1.5
1 0.0146371 0.0146371 0.0146371 0 1.5
1 0.0104703 0.0104703 0.0104703 0 1.5
1 0.0100163 0.0100163 0.0100163 0 1.5
1 0.00565888 0.00565888 0.00565888 0 1.5
1 0.000673087 0.000673087 0.000673087 0 1.5
1 0.000607293 0.000607293 0.000607293 0 1.5
1 0.000579233 0.000579233 0.000579233 0 1.5
1 4.84418e-23 4.84418e-23 4.84418e-23 0 1.5
1 5.90803e-26 5.90803e-26 5.90803e-26 0 1.5
1 5.73142e-27 5.73142e-27 5.73142e-27 0 1.5
1 0 0 0 0 1.5

7 0.725282 0.664756 0.673402 0.0211798 1.5
7 0.664756 0.664756 0.664756 1.11022e-16 1.5
7 0.630244 0.630244 0.630244 1.11022e-16 1.5
7 0.630244 0.630244 0.630244 1.11022e-16 1.5
8 0.49019 0.49019 0.551464 0.0612737 1.5
5 0.882342 0.882342 0.882342 0 1.5
3 1.47057 1.47057 1.47057 0 1.5
7 0.630244 6.92026e-24 0.540209 0.22054 1.5
7 0.0882342 0.0882342 0.507433 0.419199 1.5
7 0.0959067 0.0959067 0.507306 0.4114 1.5
4 0.68958 0.68958 0.68958 0 1.5
3 0.919439 0.919439 0.919439 0 1.5
1 0.866069 0.866069 0.866069 0 1.5
1 0.226424 0.226424 0.226424 0 1.5
1 0.0602774 0.0602774 0.180832 0.120555 1.5
1 0.162357 0.162357 0.162357 0 1.5
1 0.162141 0.162141 0.162141 0 1.5
1 0.155465 0.155465 0.155465 0 1.5
1 0.103364 0.103364 0.103364 0 1.5
1 0.0939163 0.0939163 0.0939163 0 1.5
1 0.0925882 0.0925882 0.0925882 0 1.5
1 0.075017 0.075017 0.075017 0 1.5
1 0.0727944 0.0727944 0.0727944 0 1.5
1 0.0686968 0.0686968 0.0686968 0 1.5
1 0.0683842 0.0683842 0.0683842 0 1.5
1 0.0676586 0.0676586 0.0676586 0 1.5
1 0.064871 0.064871 0.064871 0 1.5
1 0.0439356 0.0439356 0.0439356 0 1.5
1 0.0410199 0.0410199 0.0410199 0 1.5
1 0.0379558 0.0379558 0.0379558 0 1.5
1 0.0373153 0.0373153 0.0373153 0 1.5
1 0.0109916 0.0109916 0.0329749 0.0219833 1.5
1 0.0318605 0.0318605 0.0318605 0 1.5
1 0.0300227 0.0300227 0.0300227 0 1.5
1 0.0299902 0.0299902 0.0299902 0 1.5
1 0.0284968 0.0284968 0.0284968 0 1.5
1 0.0256314 0.0256314 0.0256314 0 1.5
1 0.0239919 0.0239919 0.0239919 0 1.5
1 0.0223022 0.0223022 0.0223022 0 1.5
1 0.0146371 0.0146371 0.0146371 0 1.5
1 0.0104703 0.0104703 0.0104703 0 1.5

7 0.630244 0.630244 0.630244 1.11022e-16 1.5
7 0.630244 0.630244 0.630244 1.11022e-16 1.5
7 0.630244 0.630244 0.630244 1.11022e-16 1.5
6 0.735285 0.735285 0.735285 0 1.5
6 0.735285 0.735285 0.735285 0 1.5
5 0.882342 0.882342 0.882342 0 1.5
4 1.10293 1.10293 1.10293 0 1.5
6 0.735285 0.735285 0.735285 0 1.5
2 2.20585 2.20585 2.20585 0 1.5
7 0.0877979 0.0877979 0.6146 0.526803 1.5
7 0.115386 0.115386 0.573993 0.458607 1.5
3 0.919439 0.919439 0.919439 0 1.5
4 0.68958 0.68958 0.68958 0 1.5
1 0.866069 0.866069 0.866069 0 1.5
1 0.226424 0.226424 0.226424 0 1.5
1 0.180832 0.180832 0.180832 0 1.5
1 0.162357 0.162357 0.162357 0 1.5
1 0.162141 0.162141 0.162141 0 1.5
1 0.103364 0.103364 0.103364 0 1.5
1 0.0939163 0.0939163 0.0939163 0 1.5
1 0.0925882 0.0925882 0.0925882 0 1.5
1 0.0727944 0.0727944 0.0727944 0 1.5
1 0.0518217 0.0518217 0.07243 0.0206083 1.5
1 0.0686968 0.0686968 0.0686968 0 1.5
1 0.0683842 0.0683842 0.0683842 0 1.5
1 0.0676586 0.0676586 0.0676586 0 1.5
1 0.0375085 0.0375085 0.0657252 0.0282167 1.5
1 0.0324355 0.0324355 0.064871 0.0324355 1.5
1 0.0410199 0.0410199 0.0410199 0 1.5
1 0.0274442 0.0274442 0.0394978 0.0120536 1.5
1 0.0379558 0.0379558 0.0379558 0 1.5
1 0.0373153 0.0373153 0.0373153 0 1.5
1 0.0329749 0.0329749 0.0329749 0 1.5
1 0.0276288 0.0276288 0.0305633 0.00293455 1.5
1 0.0300227 0.0300227 0.0300227 0 1.5
1 0.0299902 0.0299902 0.0299902 0 1.5
1 0.0284968 0.0284968 0.0284968 0 1.5
1 0.0256314 0.0256314 0.0256314 0 1.5
1 0.0106202 0.0106202 0.0247006 0.0140804 1.5
1 0.0239919 0.0239919 0.0239919 0 1.5
1 0.0219678 0.0219678 0.022746 0.000778256 1.33333
1 0.0223022 0.0223022 0.0223022 0 1.5
1 0.0146371 0.0146371 0.0146371 0 1.5

7 0.725282 0.725282 0.725282 0 1.5
7 0.664756 0.664756 0.664756 1.11022e-16 1.5
7 0.630244 0.630244 0.630244 1.11022e-16 1.5
6 0.735285 0.735285 0.735285 0 1.5
8 0.551464 0.551464 0.551464 0 1.5
5 0.882342 0.882342 0.882342 0 1.5
6 0.735285 0.735285 0.735285 0 1.5
7 0.0816983 0.0816983 0.585186 0.503488 1.5
7 0.0882342 0.0882342 0.567396 0.479162 1.5
5 0.882342 0.00422722 0.706719 0.351246 1.5
3 0.919439 0.919439 0.919439 0 1.5
4 0.68958 0.68958 0.68958 0 1.5
1 0.866069 0.866069 0.866069 0 1.5
1 0.226424 0.226424 0.226424 0 1.5
1 0.180832 0.180832 0.180832 0 1.5
1 0.162357 0.162357 0.162357 0 1.5
1 0.162141 0.162141 0.162141 0 1.5
1 0.155465 0.155465 0.155465 0 1.5
1 0.109777 0.109777 0.109777 0 1.5
1 0.103364 0.103364 0.103364 0 1.5
1 0.0939163 0.0939163 0.0939163 0 1.5
1 0.0925882 0.0925882 0.0925882 0 1.5
1 0.075017 0.075017 0.075017 0 1.5
1 0.0727944 0.0727944 0.0727944 0 1.5
1 0.0683842 0.0683842 0.0683842 0 1.5
1 0.0676586 0.0676586 0.0676586 0 1.5
1 0.064871 0.064871 0.064871 0 1.5
1 0.0552576 0.0552576 0.0552576 0 1.5
1 0.0228989 0.0228989 0.0545374 0.0316385 1.5
1 0.0439356 0.0439356 0.0439356 0 1.5
1 0.0410199 0.0410199 0.0410199 0 1.5
1 0.0379558 0.0379558 0.0379558 0 1.5
1 0.0373153 0.0373153 0.0373153 0 1.5
1 0.0164875 0.0164875 0.0329749 0.0164875 1.5
1 0.0318605 0.0318605 0.0318605 0 1.5
1 0.0300227 0.0300227 0.0300227 0 1.5
1 0.0299902 0.0299902 0.0299902 0 1.5
1 0.0284968 0.0284968 0.0284968 0 1.5
1 0.0256314 0.0256314 0.0256314 0 1.5
1 0.0239919 0.0239919 0.0239919 0 1.5
1 0.0223022 0.0223022 0.0223022 0 1.5

8 0.0923086 0.0923086 0.566378 0.47407 1.5
7 0.103406 0.103406 0.63828 0.534874 1.5
7 0.630244 0.630244 0.630244 1.11022e-16 1.5
7 0.630244 0.630244 0.630244 1.11022e-16 1.5
7 0.630244 0.630244 0.630244 1.11022e-16 1.5
4 1.10293 1.10293 1.10293 0 1.5
5 0.882342 0.882342 0.882342 0 1.5
6 0.735285 0.735285 0.735285 0 1.5
6 0.735285 0.735285 0.735285 0 1.5
4 1.10293 1.10293 1.10293 0 1.5
5 0.882342 0.00422722 0.706719 0.351246 1.5
3 0.919439 0.919439 0.919439 0 1.5
4 0.68958 0.68958 0.68958 0 1.5
1 0.866069 0.866069 0.866069 0 1.5
1 0.197063 0.197063 0.243357 0.0462941 1.33333
1 0.226424 0.226424 0.226424 0 1.5
1 0.180832 0.180832 0.180832 0 1.5
1 0.162357 0.162357 0.162357 0 1.5
1 0.162141 0.162141 0.162141 0 1.5
1 0.155465 0.155465 0.155465 0 1.5
1 0.109777 0.109777 0.109777 0 1.5
1 0.103364 0.103364 0.103364 0 1.5
1 0.0939163 0.0939163 0.0939163 0 1.5
1 0.0686968 0.0686968 0.0686968 0 1.5
1 0.0683842 0.0683842 0.0683842 0 1.5
1 0.0676586 0.0676586 0.0676586 0 1.5
1 0.064871 0.064871 0.064871 0 1.5
1 0.0250057 0.0250057 0.0626279 0.0376222 1.5
1 0.0552576 0.0552576 0.0552576 0 1.5
1 0.0363972 0.0363972 0.0440573 0.00766008 1.5
1 0.0439356 0.0439356 0.0439356 0 1.5
1 0.0410199 0.0410199 0.0410199 0 1.5
1 0.0379558 0.0379558 0.0379558 0 1.5
1 0.0373153 0.0373153 0.0373153 0 1.5
1 0.0329749 0.0329749 0.0329749 0 1.5
1 0.0318605 0.0318605 0.0318605 0 1.5
1 0.0300227 0.0300227 0.0300227 0 1.5
1 0.0284968 0.0284968 0.0284968 0 1.5
1 0.0256314 0.0256314 0.0256314 0 1.5
1 0.0239919 0.0239919 0.0239919 0 1.5
1 0.0223022 0.0223022 0.0223022 0 1.5

1 5.07698 5.07698 5.07698 0 1.5
7 0.630244 0.630244 0.630244 1.11022e-16 1.5
7 0.630244 0.630244 0.630244 1.11022e-16 1.5
7 0.630244 0.630244 0.630244 1.11022e-16 1.5
6 0.735285 0.735285 0.735285 0 1.5
4 1.10293 1.10293 1.10293 0 1.5
5 0.882342 0.882342 0.882342 0 1.5
6 0.735285 0.735285 0.735285 0 1.5
4 1.10293 1.10293 1.10293 0 1.5
6 0.105757 0.105757 0.688143 0.582386 1.5
6 0.0860504 0.0860504 0.674428 0.588377 1.5
5 0.882342 0.00422722 0.706719 0.351246 1.5
4 0.68958 0.68958 0.68958 0 1.5
3 0.919439 0.919439 0.919439 0 1.5
1 0.866069 0.866069 0.866069 0 1.5
1 0.226424 0.226424 0.226424 0 1.5
1 0.180832 0.180832 0.180832 0 1.5
1 0.162357 0.162357 0.162357 0 1.5
1 0.162141 0.162141 0.162141 0 1.5
1 0.0985315 0.0985315 0.125719 0.0271878 1.33333
1 0.109777 0.109777 0.109777 0 1.5
1 0.103364 0.103364 0.103364 0 1.5
1 0.0939163 0.0939163 0.0939163 0 1.5
1 0.0765907 0.0765907 0.0765907 0 1.5
1 0.0727944 0.0727944 0.0727944 0 1.5
1 0.0518217 0.0518217 0.07243 0.0206083 1.5
1 0.0686968 0.0686968 0.0686968 0 1.5
1 0.0683842 0.0683842 0.0683842 0 1.5
1 0.0676586 0.0676586 0.0676586 0 1.5
1 0.0375085 0.0375085 0.0657252 0.0282167 1.5
1 0.0552576 0.0552576 0.0552576 0 1.5
1 0.0410199 0.0410199 0.0410199 0 1.5
1 0.0220754 0.0220754 0.0380056 0.0159302 1.5
1 0.0373153 0.0373153 0.0373153 0 1.5
1 0.0324355 0.0324355 0.0331656 0.000730078 1.33333
1 0.0329749 0.0329749 0.0329749 0 1.5
1 0.0309124 0.0309124 0.0309124 0 1.5
1 0.0300227 0.0300227 0.0300227 0 1.5
1 0.0284968 0.0284968 0.0284968 0 1.5
1 0.0256314 0.0256314 0.0256314 0 1.5
1 0.0239919 0.0239919 0.0239919 0 1.5
1 0.0223022 0.0223022 0.0223022 0 1.5
1 4.99702e-05 4.99702e-05 4.99702e-05 0 1.5
1 2.37661e-05 2.37661e-05 4.75323e-05 2.37661e-05 1.5

6 0.846163 0.846163 0.846163 1.11022e-16 1.5
6 0.775548 0.775548 0.775548 0 1.5
7 0.630244 0.630244 0.630244 1.11022e-16 1.5
6 0.735285 0.735285 0.735285 0 1.5
7 0.551464 0.551464 0.630244 0.0787805 1.5
5 0.882342 0.882342 0.882342 0 1.5
6 0.735285 0.735285 0.735285 0 1.5
4 1.10293 1.10293 1.10293 0 1.5
7 0.110369 0.110369 0.613376 0.503007 1.5
7 0.0816983 0.0816983 0.5757 0.494001 1.5
6 0.551464 0.551464 0.643815 0.0923509 1.5
3 0.919439 0.919439 0.919439 0 1.5
4 0.68958 0.68958 0.68958 0 1.5
1 0.866069 0.866069 0.866069 0 1.5
1 0.226424 0.226424 0.226424 0 1.5
1 0.180832 0.180832 0.180832 0 1.5
1 0.136651 0.136651 0.174946 0.0382954 1.5
1 0.162357 0.162357 0.162357 0 1.5
1 0.162141 0.162141 0.162141 0 1.5
1 0.155465 0.155465 0.155465 0 1.5
1 0.131375 0.131375 0.141658 0.010283 1.5
1 0.0853621 0.0853621 0.122871 0.0375085 1.5
1 0.109777 0.109777 0.109777 0 1.5
1 0.103364 0.103364 0.103364 0 1.5
1 0.0939163 0.0939163 0.0939163 0 1.5
1 0.0727944 0.0727944 0.0727944 0 1.5
1 0.0686968 0.0686968 0.0686968 0 1.5
1 0.0683842 0.0683842 0.0683842 0 1.5
1 0.0676586 0.0676586 0.0676586 0 1.5
1 0.064871 0.064871 0.064871 0 1.5
1 0.0552576 0.0552576 0.0552576 0 1.5
1 0.0441508 0.0441508 0.0441508 0 1.5
1 0.0410199 0.0410199 0.0410199 0 1.5
1 0.0373153 0.0373153 0.0373153 0 1.5
1 0.0329749 0.0329749 0.0329749 0 1.5
1 0.0309124 0.0309124 0.0309124 0 1.5
1 0.0300227 0.0300227 0.0300227 0 1.5
1 0.0284968 0.0284968 0.0284968 0 1.5
1 0.0256314 0.0256314 0.0256314 0 1.5
1 0.0239919 0.0239919 0.0239919 0 1.5

6 0.846163 0.846163 0.846163 1.11022e-16 1.5
6 0.091241 0.091241 0.745137 0.653896 1.5
6 0.630244 0.630244 0.735285 0.105041 1.5
6 0.630244 0.630244 0.735285 0.105041 1.5
2 2.20585 2.20585 2.20585 0 1.5
6 0.735285 0.735285 0.735285 0 1.5
5 0.882342 0.882342 0.882342 0 1.5
5 0.882342 0.882342 0.882342 0 1.5
6 0.735285 0.735285 0.735285 0 1.5
6 0.735285 0.735285 0.735285 0 1.5
1 4.41171 4.41171 4.41171 0 1.5
3 1.47057 1.47057 1.47057 0 1.5
6 0.110369 0.110369 0.717669 0.6073 1.5
4 0.68958 0.68958 0.68958 0 1.5
3 0.919439 0.919439 0.919439 0 1.5
1 0.866069 0.866069 0.866069 0 1.5
1 0.394126 0.394126 0.394126 0 1.33333
1 0.226424 0.226424 0.226424 0 1.5
1 0.180832 0.180832 0.180832 0 1.5
1 0.170724 0.170724 0.170724 0 1.5
1 0.162357 0.162357 0.162357 0 1.5
1 0.162141 0.162141 0.162141 0 1.5
1 0.155465 0.155465 0.155465 0 1.5
1 0.136651 0.136651 0.139842 0.00319094 1.5
1 0.0548884 0.0548884 0.109777 0.0548884 1.5
1 0.103364 0.103364 0.103364 0 1.5
1 0.0939163 0.0939163 0.0939163 0 1.5
1 0.0727944 0.0727944 0.0727944 0 1.5
1 0.0686968 0.0686968 0.0686968 0 1.5
1 0.0683842 0.0683842 0.0683842 0 1.5
1 0.0676586 0.0676586 0.0676586 0 1.5
1 0.0216237 0.0216237 0.064871 0.0432473 1.5
1 0.0552576 0.0552576 0.0552576 0 1.5
1 0.0410199 0.0410199 0.0410199 0 1.5
1 0.0147169 0.0147169 0.0392383 0.0245213 1.5
1 0.0373153 0.0373153 0.0373153 0 1.5
1 0.0126519 0.0126519 0.0363543 0.0237024 1.5
1 0.0329749 0.0329749 0.0329749 0 1.5
1 0.0309124 0.0309124 0.0309124 0 1.5
1 0.0300227 0.0300227 0.0300227 0 1.5
1 0.0284968 0.0284968 0.0284968 0 1.5
1 0.0256314 0.0256314 0.0256314 0 1.5
1 0.0239919 0.0239919 0.0239919 0 1.5
1 0.0146371 0.0146371 0.0146371 0 1.5
1 0.0030175 0.0030175 0.00603499 0.0030175 1.5

6 0.846163 0.846163 0.846163 1.11022e-16 1.5
7 0.0976341 0.0976341 0.651211 0.553577 1.5
7 0.630244 0.630244 0.630244 1.11022e-16 1.5
6 0.735285 0.735285 0.735285 0 1.5
4 1.10293 1.10293 1.10293 0 1.5
6 0.735285 0.735285 0.735285 0 1.5
3 1.47057 1.47057 1.47057 0 1.5
5 0.882342 0.882342 0.882342 0 1.5
6 0.735285 0.735285 0.735285 0 1.5
3 1.47057 1.47057 1.47057 0 1.5
7 0.103406 0.103406 0.620589 0.517182 1.5
6 0.630244 0.630244 0.632471 0.00222671 1.5
3 0.919439 0.919439 0.919439 0 1.5
4 0.68958 0.68958 0.68958 0 1.5
1 0.866069 0.866069 0.866069 0 1.5
1 0.273302 0.273302 0.273302 0 1.5
1 0.226424 0.226424 0.226424 0 1.5
1 0.180832 0.180832 0.180832 0 1.5
1 0.170724 0.170724 0.170724 0 1.5
1 0.162357 0.162357 0.162357 0 1.5
1 0.162141 0.162141 0.162141 0 1.5
1 0.155465 0.155465 0.155465 0 1.5
1 0.0548884 0.0548884 0.109777 0.0548884 1.5
1 0.0788252 0.0788252 0.109652 0.0308271 1.5
1 0.103364 0.103364 0.103364 0 1.5
1 0.0939163 0.0939163 0.0939163 0 1.5
1 0.0727944 0.0727944 0.0727944 0 1.5
1 0.0686968 0.0686968 0.0686968 0 1.5
1 0.0683842 0.0683842 0.0683842 0 1.5
1 0.0676586 0.0676586 0.0676586 0 1.5
1 0.064871 0.064871 0.064871 0 1.5
1 0.0441508 0.0441508 0.0441508 0 1.5
1 0.0410199 0.0410199 0.0410199 0 1.5
1 0.0373153 0.0373153 0.0373153 0 1.5
1 0.0329749 0.0329749 0.0329749 0 1.5
1 0.0300227 0.0300227 0.0300227 0 1.5
1 0.0284968 0.0284968 0.0284968 0 1.5
1 0.0276288 0.0276288 0.0280773 0.00044848 1.5
1 0.0154562 0.0154562 0.0256549 0.0101987 1.5
1 0.0256314 0.0256314 0.0256314 0 1.5
1 0.0239919 0.0239919 0.0239919 0 1.5
1 0.0203973 0.0203973 0.0203973 0 1.5

1 5.07698 5.07698 5.07698 0 1.5
8 0.0940181 0.0940181 0.597293 0.503275 1.5
7 0.664756 0.664756 0.664756 1.11022e-16 1.5
7 0.630244 0.630244 0.630244 1.11022e-16 1.5
7 0.630244 0.630244 0.630244 1.11022e-16 1.5
6 0.735285 0.735285 0.735285 0 1.5
6 0.735285 0.735285 0.735285 0 1.5
2 2.20585 2.20585 2.20585 0 1.5
6 0.735285 0.735285 0.735285 0 1.5
3 1.47057 1.47057 1.47057 0 1.5
7 0.095792 0.095792 0.588815 0.493023 1.33333
4 0.68958 0.68958 0.68958 0 1.5
3 0.919439 0.919439 0.919439 0 1.5
1 0.866069 0.866069 0.866069 0 1.5
1 0.273302 0.273302 0.273302 0 1.5
1 0.226424 0.226424 0.226424 0 1.5
1 0.197063 0.197063 0.213639 0.0165756 1.33333
1 0.0970254 0.0970254 0.187442 0.0904161 1.5
1 0.170724 0.170724 0.170724 0 1.5
1 0.162357 0.162357 0.162357 0 1.5
1 0.162141 0.162141 0.162141 0 1.5
1 0.109777 0.109777 0.109777 0 1.5
1 0.103364 0.103364 0.103364 0 1.5
1 0.0939163 0.0939163 0.0939163 0 1.5
1 0.0777325 0.0777325 0.0931887 0.0154562 1.5
1 0.0727944 0.0727944 0.0727944 0 1.5
1 0.0686968 0.0686968 0.0686968 0 1.5
1 0.0683842 0.0683842 0.0683842 0 1.5
1 0.0676586 0.0676586 0.0676586 0 1.5
1 0.0664381 0.0664381 0.0664381 0 1.5
1 0.064871 0.064871 0.064871 0 1.5
1 0.0564333 0.0564333 0.0564333 0 1.5
1 0.0552576 0.0552576 0.0552576 0 1.5
1 0.0441508 0.0441508 0.0441508 0 1.5
1 0.0410199 0.0410199 0.0410199 0 1.5
1 0.0373153 0.0373153 0.0373153 0 1.5
1 0.0329749 0.0329749 0.0329749 0 1.5
1 0.0300227 0.0300227 0.0300227 0 1.5
1 0.0284968 0.0284968 0.0284968 0 1.5
1 0.0256314 0.0256314 0.0256314 0 1.5
1 0.0239919 0.0239919 0.0239919 0 1.5
1 0.0103041 0.0103041 0.0239024 0.0135982 1.5
1 0.00306298 0.00306298 0.00612596 0.00306298 1.5
1 0.000864711 0.000864711 0.00172942 0.000864711 1.5
1 0.000440595 0.000440595 0.00088119 0.000440595 1.5
1 2.37661e-05 2.37661e-05 4.75323e-05 2.37661e-05 1.5

8 0.338465 0.338465 0.634622 0.296157 1.5
7 0.664756 0.664756 0.664756 1.11022e-16 1.5
3 1.47057 1.47057 1.47057 0 1.5
7 0.49019 0.49019 0.630244 0.140054 1.5
4 1.10293 1.10293 1.10293 0 1.5
6 0.735285 0.735285 0.735285 0 1.5
5 0.882342 0.882342 0.882342 0 1.5
1 4.41171 4.41171 4.41171 0 1.5
5 0.882342 0.882342 0.882342 0 1.5
4 1.10293 1.10293 1.10293 0 1.5
7 0.067693 0.067693 0.619496 0.551803 1.5
4 0.68958 0.68958 0.68958 0 1.5
3 0.919439 0.919439 0.919439 0 1.5
2 0.195268 0.195268 0.706954 0.511685 1.5
1 0.866069 0.866069 0.866069 0 1.5
1 0.226424 0.226424 0.226424 0 1.5
1 0.162357 0.162357 0.162357 0 1.5
1 0.162141 0.162141 0.162141 0 1.5
1 0.109777 0.109777 0.109777 0 1.5
1 0.103364 0.103364 0.103364 0 1.5
1 0.0939163 0.0939163 0.0939163 0 1.5
1 0.0777325 0.0777325 0.0931887 0.0154562 1.5
1 0.0656876 0.0656876 0.0872068 0.0215192 1.33333
1 0.0686968 0.0686968 0.0686968 0 1.5
1 0.0683842 0.0683842 0.0683842 0 1.5
1 0.0676586 0.0676586 0.0676586 0 1.5
1 0.064871 0.064871 0.064871 0 1.5
1 0.0552576 0.0552576 0.0552576 0 1.5
1 0.0410199 0.0410199 0.0410199 0 1.5
1 0.0373153 0.0373153 0.0373153 0 1.5
1 0.0329749 0.0329749 0.0329749 0 1.5
1 0.0300227 0.0300227 0.0300227 0 1.5
1 0.0284968 0.0284968 0.0284968 0 1.5
1 0.0256314 0.0256314 0.0256314 0 1.5
1 0.0239919 0.0239919 0.0239919 0 1.5
1 0.0203973 0.0203973 0.0203973 0 1.5
1 0.00204199 0.00204199 0.00612596 0.00408397 1.5
1 0.00172942 0.00172942 0.00172942 0 1.5
1 4.75323e-05 4.75323e-05 4.75323e-05 0 1.5

2 2.53849 2.53849 2.53849 0 1.5
4 1.26924 1.26924 1.26924 0 1.5
7 0.0890697 0.0890697 0.636381 0.547311 1.5
1 4.41171 4.41171 4.41171 0 1.5
6 0.735285 0.735285 0.735285 0 1.5
6 0.735285 0.735285 0.735285 0 1.5
6 0.735285 0.735285 0.735285 0 1.5
6 0.735285 0.735285 0.735285 0 1.5
2 2.20585 2.20585 2.20585 0 1.5
3 1.47057 1.47057 1.47057 0 1.5
5 0.882342 0.882342 0.882342 0 1.5
7 0.0894864 0.0894864 0.626558 0.537072 1.5
3 0.919439 0.919439 0.919439 0 1.5
4 0.68958 0.68958 0.68958 0 1.5
1 0.866069 0.866069 0.866069 0 1.5
1 0.226424 0.226424 0.226424 0 1.5
1 0.194051 0.194051 0.194051 0 1.5
1 0.162357 0.162357 0.162357 0 1.5
1 0.162141 0.162141 0.162141 0 1.5
1 0.155465 0.155465 0.155465 0 1.5
1 0.0985315 0.0985315 0.115663 0.0171313 1.5
1 0.109777 0.109777 0.109777 0 1.5
1 0.103364 0.103364 0.103364 0 1.5
1 0.0939163 0.0939163 0.0939163 0 1.5
1 0.0686968 0.0686968 0.0686968 0 1.5
1 0.0683842 0.0683842 0.0683842 0 1.5
1 0.0676586 0.0676586 0.0676586 0 1.5
1 0.064871 0.064871 0.064871 0 1.5
1 0.0552576 0.0552576 0.0552576 0 1.5
1 0.0410199 0.0410199 0.0410199 0 1.5
1 0.0373153 0.0373153 0.0373153 0 1.5
1 0.0329749 0.0329749 0.0329749 0 1.5
1 0.0300227 0.0300227 0.0300227 0 1.5
1 0.0284968 0.0284968 0.0284968 0 1.5
1 0.0256314 0.0256314 0.0256314 0 1.5
1 0.0239919 0.0239919 0.0239919 0 1.5
1 0.0203973 0.0203973 0.0203973 0 1.5
1 0.00659718 0.00659718 0.00961467 0.0030175 1.5
1 0.00306298 0.00306298 0.00612596 0.00306298 1.5
1 0.00186623 0.00186623 0.00186623 0 1.5
1 0.00172942 0.00172942 0.00172942 0 1.5
1 0.000588603 0.000588603 0.000588603 0 1.5
1 4.75323e-05 4.75323e-05 4.75323e-05 0 1.5

6 0.846163 0.846163 0.846163 1.11022e-16 1.5
7 0.115386 0.115386 0.676368 0.560982 1.5
7 0.664756 0.664756 0.664756 1.11022e-16 1.5
4 1.10293 1.10293 1.10293 0 1.5
6 0.735285 0.735285 0.735285 0 1.5
6 0.735285 0.735285 0.735285 0 1.5
6 0.735285 0.735285 0.735285 0 1.5
4 1.10293 1.10293 1.10293 0 1.5
4 1.10293 1.10293 1.10293 0 1.5
2 2.20585 2.20585 2.20585 0 1.5
3 1.47057 1.47057 1.47057 0 1.5
5 0.103612 0.103612 0.665827 0.562215 1.5
4 0.68958 0.68958 0.68958 0 1.5
3 0.919439 0.919439 0.919439 0 1.5
1 0.866069 0.866069 0.866069 0 1.5
1 0.394126 0.394126 0.394126 0 1.33333
1 0.226424 0.226424 0.226424 0 1.5
1 0.194051 0.194051 0.194051 0 1.5
1 0.162357 0.162357 0.162357 0 1.5
1 0.162141 0.162141 0.162141 0 1.5
1 0.155465 0.155465 0.155465 0 1.5
1 0.109777 0.109777 0.109777 0 1.5
1 0.103364 0.103364 0.103364 0 1.5
1 0.0939163 0.0939163 0.0939163 0 1.5
1 0.0686968 0.0686968 0.0686968 0 1.5
1 0.0683842 0.0683842 0.0683842 0 1.5
1 0.0676586 0.0676586 0.0676586 0 1.5
1 0.064871 0.064871 0.064871 0 1.5
1 0.0564333 0.0564333 0.0564333 0 1.5
1 0.0552576 0.0552576 0.0552576 0 1.5
1 0.0410199 0.0410199 0.0410199 0 1.5
1 0.0379558 0.0379558 0.0379558 0 1.5
1 0.0373153 0.0373153 0.0373153 0 1.5
1 0.0331513 0.0331513 0.0331513 0 1.5
1 0.0329749 0.0329749 0.0329749 0 1.5
1 0.0300227 0.0300227 0.0300227 0 1.5
1 0.0284968 0.0284968 0.0284968 0 1.5
1 0.0256314 0.0256314 0.0256314 0 1.5
1 0.0239919 0.0239919 0.0239919 0 1.5
1 0.0101987 0.0101987 0.0203973 0.0101987 1.5
1 0.0124987 0.0124987 0.0190959 0.00659718 1.33333
1 0.00685983 0.00685983 0.0137197 0.00685983 1.5
1 0.00319094 0.00319094 0.00638188 0.00319094 1.5
1 0.00612596 0.00612596 0.00612596 0 1.5
1 0.00186623 0.00186623 0.00186623 0 1.5
1 0.00172942 0.00172942 0.00172942 0 1.5
1 0.000864711 0.000864711 0.00172942 0.000864711 1.5
1 0.00088119 0.00088119 0.00088119 0 1.5

5 1.0154 1.0154 1.0154 0 1.5
7 0.664756 0.664756 0.664756 1.11022e-16 1.5
7 0.0906603 0.0906603 0.660682 0.570021 1.5
7 0.630244 0.630244 0.630244 1.11022e-16 1.5
4 1.10293 1.10293 1.10293 0 1.5
5 0.882342 0.882342 0.882342 0 1.5
5 0.882342 0.882342 0.882342 0 1.5
6 0.735285 0.735285 0.735285 0 1.5
1 4.41171 4.41171 4.41171 0 1.5
3 1.47057 1.47057 1.47057 0 1.5
7 0.108021 0.108021 0.621631 0.513611 1.5
5 0.882342 2.47736e-05 0.705878 0.352927 1.5
4 0.68958 0.68958 0.68958 0 1.5
3 0.919439 0.919439 0.919439 0 1.5
1 0.866069 0.866069 0.866069 0 1.5
1 0.226424 0.226424 0.226424 0 1.5
1 0.19855 0.19855 0.19855 0 1.5
1 0.0970254 0.0970254 0.194051 0.0970254 1.5
1 0.162357 0.162357 0.162357 0 1.5
1 0.162141 0.162141 0.162141 0 1.5
1 0.155465 0.155465 0.155465 0 1.5
1 0.152635 0.152635 0.152635 0 1.5
1 0.109777 0.109777 0.109777 0 1.5
1 0.103364 0.103364 0.103364 0 1.5
1 0.0939163 0.0939163 0.0939163 0 1.5
1 0.0656876 0.0656876 0.0927555 0.0270678 1.5
1 0.0686968 0.0686968 0.0686968 0 1.5
1 0.0683842 0.0683842 0.0683842 0 1.5
1 0.0676586 0.0676586 0.0676586 0 1.5
1 0.064871 0.064871 0.064871 0 1.5
1 0.0564333 0.0564333 0.0564333 0 1.5
1 0.0552576 0.0552576 0.0552576 0 1.5
1 0.0410199 0.0410199 0.0410199 0 1.5
1 0.0373153 0.0373153 0.0373153 0 1.5
1 0.0329749 0.0329749 0.0329749 0 1.5
1 0.0300227 0.0300227 0.0300227 0 1.5
1 0.0284968 0.0284968 0.0284968 0 1.5
1 0.0256314 0.0256314 0.0256314 0 1.5
1 0.0239919 0.0239919 0.0239919 0 1.5
1 0.012314 0.012314 0.0225127 0.0101987 1.5
1 0.0137197 0.0137197 0.0137197 0 1.5
1 0.00638188 0.00638188 0.00638188 0 1.5
1 0.00306298 0.00306298 0.00601342 0.00295044 1.5
1 0.00186623 0.00186623 0.00186623 0 1.5
1 0.00172942 0.00172942 0.00172942 0 1.5
1 0.00172942 0.00172942 0.00172942 0 1.5

8 0.362641 0.362641 0.634622 0.271981 1.5
1 4.65329 4.65329 4.65329 0 1.5
7 0.105757 0.105757 0.649648 0.543891 1.5
1 4.41171 4.41171 4.41171 0 1.5
6 0.735285 0.735285 0.735285 0 1.5
6 0.735285 0.735285 0.735285 0 1.5
6 0.735285 0.735285 0.735285 0 1.5
2 2.20585 2.20585 2.20585 0 1.5
5 0.882342 0.882342 0.882342 0 1.5
2 2.20585 2.20585 2.20585 0 1.5
6 0.0906603 0.0906603 0.697583 0.606923 1.5
6 0.551464 0.551464 0.643377 0.0919132 1.5
3 0.919439 0.919439 0.919439 0 1.5
4 0.68958 0.68958 0.68958 0 1.5
1 0.433034 0.433034 0.435682 0.0026475 1.5
1 0.394126 0.394126 0.394126 0 1.33333
1 0.226424 0.226424 0.226424 0 1.5
1 0.19855 0.19855 0.19855 0 1.5
1 0.194051 0.194051 0.194051 0 1.5
1 0.162357 0.162357 0.162357 0 1.5
1 0.162141 0.162141 0.162141 0 1.5
1 0.152635 0.152635 0.152635 0 1.5
1 0.0777325 0.0777325 0.141729 0.0639965 1.5
1 0.0548884 0.0548884 0.109777 0.0548884 1.5
1 0.103364 0.103364 0.103364 0 1.5
1 0.0939163 0.0939163 0.0939163 0 1.5
1 0.0686968 0.0686968 0.0686968 0 1.5
1 0.0683842 0.0683842 0.0683842 0 1.5
1 0.0676586 0.0676586 0.0676586 0 1.5
1 0.0282167 0.0282167 0.0564333 0.0282167 1.5
1 0.0276288 0.0276288 0.0552576 0.0276288 1.5
1 0.049256 0.049256 0.049256 0 1.33333
1 0.0441508 0.0441508 0.0441508 0 1.5
1 0.0216237 0.0216237 0.0435605 0.0219369 1.5
1 0.0410199 0.0410199 0.0410199 0 1.5
1 0.0379558 0.0379558 0.0379558 0 1.5
1 0.0373153 0.0373153 0.0373153 0 1.5
1 0.0329749 0.0329749 0.0329749 0 1.5
1 0.0300227 0.0300227 0.0300227 0 1.5
1 0.0284968 0.0284968 0.0284968 0 1.5
1 0.0256314 0.0256314 0.0256314 0 1.5
1 0.0239919 0.0239919 0.0239919 0 1.5
1 0.0215218 0.0215218 0.0215218 0 1.5
1 0.0137197 0.0137197 0.0137197 0 1.5
1 0.00638188 0.00638188 0.00638188 0 1.5
1 0.00612596 0.00612596 0.00612596 0 1.5
1 0.00186623 0.00186623 0.00186623 0 1.5
1 0.00172942 0.00172942 0.00172942 0 1.5
1 0.00172942 0.00172942 0.00172942 0 1.5
1 0.00128403 0.00128403 0.00128403 0 1.33333

6 0.846163 0.846163 0.846163 1.11022e-16 1.5
1 4.65329 4.65329 4.65329 0 1.5
4 1.10293 1.10293 1.10293 0 1.5
6 0.735285 0.735285 0.735285 0 1.5
6 0.735285 0.735285 0.735285 0 1.5
4 1.10293 1.10293 1.10293 0 1.5
2 2.20585 2.20585 2.20585 0 1.5
5 0.882342 0.882342 0.882342 0 1.5
2 2.20585 2.20585 2.20585 0 1.5
5 0.882342 0.882342 0.882342 0 1.5
7 0.0890697 0.0890697 0.628244 0.539174 1.5
6 0.116332 0.116332 0.698286 0.581954 1.5
4 0.68958 0.68958 0.68958 0 1.5
3 0.919439 0.919439 0.919439 0 1.5
1 0.866069 0.866069 0.866069 0 1.5
1 0.226424 0.226424 0.226424 0 1.5
1 0.194051 0.194051 0.194051 0 1.5
1 0.162357 0.162357 0.162357 0 1.5
1 0.162141 0.162141 0.162141 0 1.5
1 0.155465 0.155465 0.155465 0 1.5
1 0.131375 0.131375 0.155078 0.0237024 1.5
1 0.0763174 0.0763174 0.152635 0.0763174 1.5
1 0.0661832 0.0661832 0.132366 0.0661832 1.5
1 0.109777 0.109777 0.109777 0 1.5
1 0.103364 0.103364 0.103364 0 1.5
1 0.0939163 0.0939163 0.0939163 0 1.5
1 0.0686968 0.0686968 0.0686968 0 1.5
1 0.0683842 0.0683842 0.0683842 0 1.5
1 0.0676586 0.0676586 0.0676586 0 1.5
1 0.0332409 0.0332409 0.0664819 0.0332409 1.5
1 0.0216237 0.0216237 0.064871 0.0432473 1.5
1 0.0564333 0.0564333 0.0564333 0 1.5
1 0.0552576 0.0552576 0.0552576 0 1.5
1 0.0441508 0.0441508 0.0441508 0 1.5
1 0.0410199 0.0410199 0.0410199 0 1.5
1 0.0373153 0.0373153 0.0373153 0 1.5
1 0.024628 0.024628 0.0348267 0.0101987 1.33333
1 0.0329749 0.0329749 0.0329749 0 1.5
1 0.0300227 0.0300227 0.0300227 0 1.5
1 0.0286033 0.0286033 0.0286033 0 1.5
1 0.0284968 0.0284968 0.0284968 0 1.5
1 0.0256314 0.0256314 0.0256314 0 1.5
1 0.0239919 0.0239919 0.0239919 0 1.5
1 0.0230663 0.0230663 0.0230663 0 1.5
1 0.0215218 0.0215218 0.0215218 0 1.5
1 0.0137197 0.0137197 0.0137197 0 1.5
1 0.0072893 0.0072893 0.00853345 0.00124416 1.5
1 0.00638188 0.00638188 0.00638188 0 1.5
1 0.00612596 0.00612596 0.00612596 0 1.5
1 0.00203036 0.00203036 0.00609109 0.00406072 1.5
1 0.00172942 0.00172942 0.00172942 0 1.5
1 0.00172942 0.00172942 0.00172942 0 1.5
1 0.000642015 0.000642015 0.000667 2.49851e-05 1.5
1 0.000509675 0.000509675 0.000509675 0 1.5

