5 1 0.151691 0.151691 0.151691 0 12
1 1 0 0 0 0 0
2 1 0 0 0 0 12
3 1 0 0 0 0 12
4 1 0 0 0 0 12

5 34 0.017836 0.00163108 0.00478342 0.0038283 1.5
6 1 0.151691 0.151691 0.151691 0 15
7 1 0.151691 0.151691 0.151691 0 15
1 1 0 0 0 0 0
2 1 0 0 0 0 12
3 1 0 0 0 0 12
4 1 0 0 0 0 12

5 100 0.0118482 0.0010835 0.00149673 0.00111381 15

5 35 0.0276458 0.00252818 0.00474583 0.00444529 15
8 32 0.00421416 0.00421363 0.00474038 0.000526704 15
9 32 0.00151691 0.00151691 0.00474033 0.00322343 12
10 1 0 0 0 0 15
11 1 0 0 0 0 12

5 22 0.0162623 0.00148716 0.00786283 0.0065854 15
9 19 0.00329762 0.00329762 0.00798372 0.0046861 12
13 3 0.0505636 0.0505636 0.0505636 0 15
16 1 0.151691 0.151691 0.151691 0 18
8 19 0.00352814 0.00352769 0.00796367 0.00443581 15
15 1 0.00333655 0.00333655 0.00333655 0 15
10 1 0 0 0 0 15
11 1 0 0 0 0 12
14 1 0 0 0 0 15
17 1 0 0 0 0 3

5 24 0.0276458 0.00252818 0.00804688 0.00774132 1.5
13 18 0.00509003 0.00505636 0.00842913 0.00337091 15
8 18 0.00842833 0.00842726 0.00842768 5.21277e-07 15
16 3 0.0505636 0.0505636 0.0505636 0 18
9 18 0.00316022 0.00316022 0.0083964 0.00523618 12
15 1 0.00333655 0.00333655 0.00333655 0 15
18 1 9.68065e-06 9.68065e-06 9.68065e-06 0 12
10 1 0 0 0 0 15
11 1 0 0 0 0 12
14 1 0 0 0 0 15
17 1 0 0 0 0 3

5 100 0.00887033 0.00081118 0.00157237 0.00146958 15

5 27 0.0276458 0.00252818 0.0104441 0.0102651 15
19 14 0.00142711 0.00141785 0.010838 0.0094175 15
20 4 0.0379275 0.0379227 0.0379263 2.08357e-06 18
21 14 0.00758453 0.00758453 0.010835 0.00325051 18
22 3 0.0505636 0.0505636 0.0505636 0 18
23 1 0.151691 0.151691 0.151691 0 18
24 1 0 0 0 0 12
25 1 0 0 0 0 15
26 1 0 0 0 0 18

5 23 0.0202287 0.00184989 0.016018 0.00983145 15
31 1 0.315865 0.315865 0.315865 0 18
28 1 0.154797 0.154797 0.154797 0 18
27 7 0.0218144 0.0218144 0.0218144 0 15
19 9 0.00421416 0.00421416 0.0168563 0.0126421 15
21 9 0.00523071 0.00523071 0.0168545 0.0116238 18
23 2 0.0758453 0.0758453 0.0758453 0 15
30 1 0.151691 0.151691 0.151691 0 18
25 1 6.56383e-05 6.56383e-05 6.56383e-05 0 18
24 1 0 0 0 0 12
26 1 0 0 0 0 18
29 1 0 0 0 0 15
32 1 0 0 0 0 3

5 35 0.0325245 0.00297433 0.0239801 0.0125366 15
31 20 0.197823 0.0126346 0.0246775 0.0404567 18
28 6 0.0128997 0.0128997 0.0257995 0.0128997 18
27 6 0.00545361 0.00545361 0.0254029 0.0199492 15
19 6 0.01167 0.01167 0.025285 0.013615 18
23 1 0.151691 0.151691 0.151691 0 18
30 1 0.151691 0.151691 0.151691 0 18
21 6 0.00892298 0.00892298 0.0252048 0.0162818 18
33 2 0.0589348 0.0589348 0.0589348 0 6
25 1 0.000131277 0.000131277 0.000131277 0 18
24 1 0 0 0 0 15
26 1 0 0 0 0 18
29 1 0 0 0 0 15
32 1 0 0 0 0 3

5 37 0.0207344 0.0131174 0.0245755 0.00458842 1.5
31 20 0.110221 0.00658052 0.0255944 0.0313575 18
28 6 0.0119075 0.0119075 0.0257995 0.013892 18
27 6 0.0152701 0.0152701 0.0254502 0.0101801 15
23 5 0.0303381 0.0303381 0.0303381 0 18
30 1 0.151691 0.151691 0.151691 0 18
21 6 0.0252818 0.0252818 0.0252818 0 18
19 6 0.0108364 0.0108364 0.0252364 0.0144 18
33 2 0.0589348 0.0589348 0.0589348 0 6
25 1 0.000131277 0.000131277 0.000131277 0 18
34 1 1.54108e-05 1.54108e-05 1.54108e-05 0 18
24 1 0 0 0 0 12
26 1 0 0 0 0 18
29 1 0 0 0 0 15
32 1 0 0 0 0 3
35 1 0 0 0 0 18

5 100 0.0274126 0.00163661 0.00857028 0.00375038 1.5
31 1 7.04378e-27 7.04378e-27 2.11313e-26 1.40876e-26 1.5

5 95 0.0278454 0.00873027 0.0152778 0.00695374 1.5
36 1 0.0241228 0.0241228 0.0241228 0 1.5
38 1 0.0108194 0.0108194 0.0216387 0.0108194 1.5
40 1 0.0195439 0.0195439 0.0195439 0 1.33333
37 1 0.000314217 0.000314217 0.000942652 0.000628435 1.5
39 1 2.94548e-23 2.94548e-23 2.94548e-23 0 1.5
31 1 2.11313e-26 2.11313e-26 2.11313e-26 0 1.5

5 50 0.0284442 0.00891801 0.0358532 0.0238644 1.5
44 1 1.65875 1.65875 1.65875 0 1.5
36 1 0.0241228 0.0241228 0.0241228 0 1.5
38 1 0.00721291 0.00721291 0.0216387 0.0144258 1.5
40 1 0.00977195 0.00977195 0.0174138 0.00764183 1.33333
37 1 0.000942652 0.000942652 0.000942652 0 1.5
39 1 2.94548e-23 2.94548e-23 2.94548e-23 0 1.5
42 1 1.44915e-25 1.44915e-25 1.44915e-25 0 1.5
31 1 1.05657e-26 1.05657e-26 2.11313e-26 1.05657e-26 1.5
43 1 1.98763e-27 1.98763e-27 1.98763e-27 0 1.5

5 54 0.0440885 0.0138229 0.0423454 0.020563 1.5
44 18 0.10621 0.0921528 0.0929338 0.00321993 1.5
31 1 0.0643975 0.0643975 0.0643975 0 1.5
51 1 0.0597239 0.0597239 0.0597239 0 1.5
40 1 0.0195439 0.0195439 0.0340213 0.0144774 1.5
36 1 0.0241228 0.0241228 0.0241228 0 1.5
47 1 0.0220345 0.0220345 0.0220345 0 1.5
38 1 0.0216387 0.0216387 0.0216387 0 1.5
37 1 0.000471326 0.000471326 0.000942652 0.000471326 1.5
48 1 9.272e-05 9.272e-05 9.272e-05 0 1.5
39 1 2.94548e-23 2.94548e-23 2.94548e-23 0 1.5
42 1 1.44915e-25 1.44915e-25 1.44915e-25 0 1.5
50 1 2.11313e-26 2.11313e-26 2.11313e-26 0 1.5
45 1 3.2276e-27 3.2276e-27 9.68279e-27 6.45519e-27 1.5
49 1 9.68279e-27 9.68279e-27 9.68279e-27 0 1.5
43 1 1.98763e-27 1.98763e-27 1.98763e-27 0 1.5
46 1 0 0 0 0 1.5

5 62 0.0587154 0.0131647 0.0493379 0.0147042 1.5
44 33 0.0455185 0.0394941 0.0494338 0.00968194 1.5
31 1 0.0643975 0.0643975 0.0643975 0 1.5
51 1 0.0597239 0.0597239 0.0597239 0 1.5
40 1 0.0390878 0.0390878 0.0390878 0 1.33333
36 1 0.0241228 0.0241228 0.0241228 0 1.5
47 1 0.0220345 0.0220345 0.0220345 0 1.5
38 1 0.0216387 0.0216387 0.0216387 0 1.5

5 67 0.0517352 0.0345844 0.0651441 0.0280726 18
44 25 0.0398287 0.0345573 0.0656597 0.0305179 1.5
31 1 0.193192 0.193192 0.193192 0 1.5
57 1 0.102144 0.102144 0.102144 0 1.5
51 1 0.0597239 0.0597239 0.0597239 0 1.5
40 1 0.0390878 0.0390878 0.0390878 0 1.33333
36 1 0.0241228 0.0241228 0.0241228 0 1.5
47 1 0.0220345 0.0220345 0.0220345 0 1.5
38 1 0.0216387 0.0216387 0.0216387 0 1.5
58 1 5.03925e-24 5.03925e-24 5.03925e-24 0 1.5
55 1 1.44915e-25 1.44915e-25 1.44915e-25 0 1.5

5 67 0.0387337 0.0276996 0.0636347 0.0353731 18
44 10 1.19494 1.54108e-06 0.204073 0.400635 18

5 95 0.0746836 0.0330664 0.0548258 0.0209446 18
44 2 0.0168545 0.0168545 0.0758453 0.0589908 18
60 2 0.0396224 0.0396224 0.0594336 0.0198112 6
59 1 3.85271e-06 3.85271e-06 1.54108e-05 1.15581e-05 18
61 1 0 0 0 0 18

5 95 0.0632242 0.0279927 0.0550205 0.0252311 18
44 2 0.0303381 0.0303381 0.0758453 0.0455072 18
60 2 0.0297168 0.0297168 0.0594336 0.0297168 6
59 1 7.70541e-06 7.70541e-06 1.54108e-05 7.70541e-06 18
61 1 0 0 0 0 18

5 95 0.0622363 0.0275553 0.0569694 0.0256045 18
44 2 0.0758453 0.0758453 0.0758453 0 18
60 2 0.0297168 0.0297168 0.0594336 0.0297168 6
59 1 1.54108e-05 1.54108e-05 1.54108e-05 0 18
61 1 0 0 0 0 18

5 91 0.0639004 0.0282921 0.0649022 0.028234 18
62 1 0.29877 0.29877 0.29877 0 15
44 2 0.0505636 0.0505636 0.0758453 0.0252818 18
60 1 0.0396224 0.0396224 0.118867 0.0792449 6
59 1 3.33035e-06 3.33035e-06 1.5659e-05 1.23287e-05 18
61 1 0 0 0 0 18

5 90 0.0671313 0.0415626 0.0728349 0.0291427 18
62 2 0.149385 0.145297 0.147341 0.00204419 15
44 2 0.0505636 0.0505636 0.0758453 0.0252818 18
60 2 0.0591574 0.0297168 0.0741539 0.0331629 6
61 1 0.0798116 0.0798116 0.0798116 0 18
59 1 2.77529e-06 2.77529e-06 1.60313e-05 1.3256e-05 18

5 89 0.0656668 0.0402073 0.0814751 0.0361189 18
62 2 0.149385 0.145297 0.147341 0.00204419 15
60 2 0.118315 0.0594336 0.0888742 0.0294406 6
61 1 0.159623 0.159623 0.159623 0 18
44 1 0.0379227 0.0379227 0.151691 0.113768 18
64 1 0.038439 0.038439 0.038439 0 15
59 1 8.32587e-06 8.32587e-06 1.66517e-05 8.32587e-06 18
63 1 1.66517e-05 1.66517e-05 1.66517e-05 0 18

5 87 0.0675011 0.0430029 0.0912819 0.0394258 18
61 2 0.159623 0.159623 0.159623 0 18
60 3 0.163014 0.0473259 0.103231 0.0572269 6
62 2 0.149385 0.145297 0.147341 0.00204419 15
44 1 0.0758453 0.0758453 0.151691 0.0758453 18
64 1 0.0607349 0.0607349 0.0899308 0.0291959 21
59 1 4.16294e-06 4.16294e-06 1.60313e-05 1.18683e-05 18

5 77 0.0663884 0.0656559 0.116349 0.050636 18
65 1 1.33385 1.33385 1.33385 0 18
60 3 0.271689 0.0788766 0.143148 0.0908929 6
61 2 0.0638492 0.0638492 0.159623 0.0957739 18
62 2 0.149385 0.145297 0.147341 0.00204419 18
44 1 0.0758453 0.0758453 0.151691 0.0758453 18
59 1 8.32587e-06 8.32587e-06 1.60313e-05 7.70541e-06 18

5 80 0.073675 0.072862 0.14156 0.0685464 18
65 1 1.33385 1.33385 1.33385 0 18
60 4 0.101884 0.101884 0.167615 0.0657311 6
62 2 0.149385 0.145297 0.147341 0.00204419 15
61 1 0.0532077 0.0532077 0.236925 0.183717 18
44 1 0.0758453 0.0758453 0.151691 0.0758453 18
59 1 4.16294e-06 4.16294e-06 1.57211e-05 1.15581e-05 18

5 79 0.069044 0.0682821 0.137815 0.0692547 18
65 1 1.33385 1.33385 1.33385 0 18
60 5 0.116438 0.116438 0.163014 0.0465753 6
62 2 0.149385 0.145297 0.147341 0.00204419 15
61 1 0.106415 0.106415 0.235873 0.129457 18
44 1 0.151691 0.151691 0.151691 0 18
59 1 1.66517e-05 1.66517e-05 1.66517e-05 0 18

5 80 0.0714952 0.0707063 0.141708 0.0703715 18
65 1 1.33385 1.33385 1.33385 0 18
60 5 0.135845 0.135845 0.163014 0.0271689 6
61 1 0.0638492 0.0638492 0.221722 0.157873 18
62 1 0.0995901 0.0995901 0.196731 0.0971406 15
44 1 0.0379227 0.0379227 0.151691 0.113768 18
59 1 8.32587e-06 8.32587e-06 1.60313e-05 7.70541e-06 18

5 79 0.0698422 0.0698422 0.139992 0.0701498 18
65 1 1.33385 1.33385 1.33385 0 18
60 5 0.135845 0.135845 0.156172 0.0203271 6
62 1 0.29877 0.29877 0.29877 0 15
61 1 0.106415 0.106415 0.237976 0.131561 18
44 1 0.0505636 0.0505636 0.151691 0.101127 18
59 1 5.55058e-06 5.55058e-06 1.58245e-05 1.02739e-05 18

5 57 0.0710747 0.0710747 0.197075 0.126 18
66 1 5.54599 5.54599 5.54599 0 18
65 1 1.33385 1.33385 1.33385 0 18
60 3 0.135845 0.135845 0.260286 0.124442 6
62 1 0.29877 0.29877 0.29877 0 15
61 1 0.159623 0.159623 0.259871 0.100248 18
44 1 0.0505636 0.0505636 0.151691 0.101127 18
59 1 3.33035e-06 3.33035e-06 1.5659e-05 1.23287e-05 18

5 68 0.0800179 0.0800179 0.161329 0.081311 18
66 2 2.19988 0.0897042 1.14479 1.05509 18
65 1 1.33385 1.33385 1.33385 0 18
60 4 0.163014 0.121962 0.183241 0.0352938 6
62 1 0.29877 0.29877 0.29877 0 15
61 1 0.106415 0.106415 0.24008 0.133664 18
44 1 0.0758453 0.0758453 0.151691 0.0758453 18
59 1 1.66517e-05 1.66517e-05 1.66517e-05 0 18

5 67 0.073675 0.073675 0.160292 0.0866167 18
66 2 2.19988 0.0897042 1.14479 1.05509 18
65 1 1.33385 1.33385 1.33385 0 18
60 4 0.163014 0.121962 0.183241 0.0352938 6
61 1 0.319246 0.319246 0.319246 0 18
62 1 0.29877 0.29877 0.29877 0 15
44 1 0.0505636 0.0505636 0.151691 0.101127 18
59 1 8.32587e-06 8.32587e-06 1.60313e-05 7.70541e-06 18

5 69 0.223667 0.0769598 0.169828 0.0924199 18
66 2 2.19988 0.0897042 1.14479 1.05509 18
65 1 1.33385 1.33385 1.33385 0 18
60 4 0.163014 0.121962 0.183241 0.0352938 6
62 1 0.29877 0.29877 0.29877 0 15
61 1 0.0638492 0.0638492 0.224247 0.160397 18
44 1 0.0379227 0.0379227 0.151691 0.113768 18
59 1 5.55058e-06 5.55058e-06 1.58245e-05 1.02739e-05 18

5 68 0.212822 0.0732285 0.15923 0.0848333 18
66 2 2.19988 0.0897042 1.14479 1.05509 15
65 1 1.33385 1.33385 1.33385 0 18
60 4 0.163014 0.121962 0.183241 0.0352938 6
62 1 0.29877 0.29877 0.29877 0 15
61 1 0.106415 0.106415 0.24008 0.133664 18
44 1 0.151691 0.151691 0.151691 0 18
67 1 0.0109771 0.0109771 0.0109771 0 15
59 1 1.66517e-05 1.66517e-05 1.66517e-05 0 18

5 73 0.21154 0.0727873 0.161125 0.0854345 18
66 3 1.46658 0.0598028 0.541993 0.653987 18
65 1 1.33385 1.33385 1.33385 0 18
60 4 0.163014 0.121962 0.183241 0.0352938 6
61 1 0.319246 0.319246 0.319246 0 18
44 1 0.0758453 0.0758453 0.151691 0.0758453 18
67 1 0.0109771 0.0109771 0.0109771 0 15
59 1 1.66517e-05 1.66517e-05 1.66517e-05 0 18

5 73 0.207785 0.0714952 0.190625 0.101904 18
66 2 2.19988 0.0897042 1.14479 1.05509 15
65 1 1.33385 1.33385 1.33385 0 18
60 3 0.163014 0.163014 0.244322 0.0813083 6
68 1 0.29877 0.29877 0.29877 0 15
61 1 0.159623 0.159623 0.259871 0.100248 18
44 1 0.0758453 0.0758453 0.151691 0.0758453 18
67 1 0.0109771 0.0109771 0.0109771 0 15
59 1 8.32587e-06 8.32587e-06 1.60313e-05 7.70541e-06 18

5 81 0.212822 0.0732285 0.222852 0.0943674 18
66 3 1.46658 0.0598028 0.541993 0.653987 18
65 1 1.33385 1.33385 1.33385 0 18
60 3 0.203767 0.203767 0.254585 0.0508177 6
61 1 0.0798116 0.0798116 0.230184 0.150372 18
44 1 0.0505636 0.0505636 0.151691 0.101127 18
67 1 0.00548855 0.00548855 0.00806543 0.00257688 15
59 1 8.32587e-06 8.32587e-06 1.60313e-05 7.70541e-06 18

5 81 0.204161 0.204161 0.296728 0.0925667 1.5
66 2 2.19988 0.0897042 1.14479 1.05509 15
65 1 1.33385 1.33385 1.33385 0 18
60 2 0.271689 0.271689 0.407534 0.135845 6
61 1 0.319246 0.319246 0.319246 0 18
69 1 0.29877 0.29877 0.29877 0 15
44 1 0.0303381 0.0303381 0.151691 0.121353 18
70 1 0.151691 0.151691 0.151691 0 18
67 1 0.0109771 0.0109771 0.0109771 0 15
59 1 4.16294e-06 4.16294e-06 1.57211e-05 1.15581e-05 18
71 1 1.54108e-05 1.54108e-05 1.54108e-05 0 18

5 100 0.181946 0.181946 0.288091 0.106145 15

5 98 0.183852 0.183852 0.332859 0.149007 18
73 1 0.0805023 0.0805023 0.241507 0.161005 6
72 1 0.194892 0.194892 0.198813 0.00392161 15
74 1 0.0758453 0.0758453 0.151691 0.0758453 18

5 98 0.18008 0.18008 0.338207 0.158127 18
73 1 0.241507 0.241507 0.241507 0 6
76 1 0.0576297 0.0576297 0.172889 0.115259 18
74 1 0.0758453 0.0758453 0.151691 0.0758453 18

5 98 0.181009 0.181009 0.330723 0.149714 18
73 1 0.241507 0.241507 0.241507 0 6
76 1 0.0432223 0.0432223 0.172889 0.129667 18
74 1 0.151691 0.151691 0.151691 0 18

5 98 0.181946 0.181946 0.324942 0.142996 18
73 1 0.120753 0.120753 0.241507 0.120753 6
76 1 0.0864445 0.0864445 0.172889 0.0864445 18
74 1 0.0758453 0.0758453 0.151691 0.0758453 18

5 98 0.184819 0.184819 0.316904 0.132085 18
73 1 0.0603767 0.0603767 0.241507 0.18113 6
76 1 0.0864445 0.0864445 0.172889 0.0864445 18
74 1 0.0379227 0.0379227 0.151691 0.113768 18

5 98 0.18008 0.18008 0.326081 0.146001 18
73 1 0.241507 0.241507 0.241507 0 6
76 1 0.0864445 0.0864445 0.172889 0.0864445 18
74 1 0.151691 0.151691 0.151691 0 18

5 98 0.18008 0.18008 0.339966 0.159886 1.5
73 1 0.120753 0.120753 0.241507 0.120753 6
76 1 0.172889 0.172889 0.172889 0 18
74 1 0.0758453 0.0758453 0.151691 0.0758453 18

5 100 0.174705 0.174705 0.303502 0.128797 18

5 98 0.181009 0.181009 0.334372 0.153364 18
83 1 0.120753 0.120753 0.241507 0.120753 6
84 1 0.172889 0.172889 0.172889 0 18
82 1 0.151691 0.151691 0.151691 0 18

5 98 0.181946 0.181946 0.325807 0.14386 18
83 1 0.0805023 0.0805023 0.241507 0.161005 6
84 1 0.0576297 0.0576297 0.172889 0.115259 18
82 1 0.151691 0.151691 0.151691 0 18

5 98 0.181009 0.181009 0.330979 0.14997 18
83 1 0.120753 0.120753 0.241507 0.120753 6
84 1 0.0864445 0.0864445 0.172889 0.0864445 18
82 1 0.0505636 0.0505636 0.151691 0.101127 18

5 98 0.183852 0.183852 0.328914 0.145062 18
83 1 0.0402512 0.0402512 0.241507 0.201256 6
84 1 0.172889 0.172889 0.172889 0 18
82 1 0.0758453 0.0758453 0.151691 0.0758453 18

5 98 0.181009 0.181009 0.325144 0.144136 21
83 1 0.0805023 0.0805023 0.241507 0.161005 6
84 1 0.172889 0.172889 0.172889 0 18
82 1 0.0758453 0.0758453 0.151691 0.0758453 18

5 98 0.185797 0.185797 0.328001 0.142204 18
83 1 0.120753 0.120753 0.241507 0.120753 6
84 1 0.0864445 0.0864445 0.172889 0.0864445 18
82 1 0.0303381 0.0303381 0.151691 0.121353 18

5 98 0.181009 0.181009 0.325261 0.144253 18
83 1 0.120753 0.120753 0.241507 0.120753 6
84 1 0.0576297 0.0576297 0.172889 0.115259 18
82 1 0.151691 0.151691 0.151691 0 18

5 98 0.183852 0.183852 0.319054 0.135203 18
83 1 0.120753 0.120753 0.241507 0.120753 6
84 1 0.0576297 0.0576297 0.172889 0.115259 18
82 1 0.0758453 0.0758453 0.151691 0.0758453 18

5 98 0.185797 0.185797 0.333724 0.147927 18
83 1 0.120753 0.120753 0.241507 0.120753 6
84 1 0.0864445 0.0864445 0.172889 0.0864445 18
82 1 0.0758453 0.0758453 0.151691 0.0758453 18

5 98 0.184819 0.184819 0.330179 0.14536 18
83 1 0.0603767 0.0603767 0.241507 0.18113 6
84 1 0.0576297 0.0576297 0.172889 0.115259 18
82 1 0.0505636 0.0505636 0.151691 0.101127 18

5 98 0.181009 0.181009 0.332493 0.151485 18
83 1 0.0805023 0.0805023 0.241507 0.161005 6
84 1 0.0576297 0.0576297 0.172889 0.115259 18
82 1 0.151691 0.151691 0.151691 0 18

5 98 0.184819 0.184819 0.33008 0.145261 18
83 1 0.120753 0.120753 0.241507 0.120753 6
84 1 0.0576297 0.0576297 0.172889 0.115259 18
82 1 0.0505636 0.0505636 0.151691 0.101127 18

5 98 0.182894 0.182894 0.324762 0.141868 18
83 1 0.120753 0.120753 0.241507 0.120753 6
84 1 0.0864445 0.0864445 0.172889 0.0864445 18
82 1 0.0379227 0.0379227 0.151691 0.113768 18

5 98 0.187784 0.187784 0.33344 0.145655 18
83 1 0.120753 0.120753 0.241507 0.120753 6
84 1 0.0576297 0.0576297 0.172889 0.115259 18
82 1 0.0379227 0.0379227 0.151691 0.113768 18

5 88 0.183852 0.183852 0.368136 0.184284 18
101 1 3.49688 3.49688 3.49688 0 15
83 1 0.0805023 0.0805023 0.241507 0.161005 6
84 1 0.0576297 0.0576297 0.172889 0.115259 18
82 1 0.0758453 0.0758453 0.151691 0.0758453 18
102 1 1.54108e-05 1.54108e-05 1.54108e-05 0 18

5 88 0.199521 0.199521 0.374917 0.175396 18
101 1 3.49688 3.49688 3.49688 0 15
83 1 0.0805023 0.0805023 0.241507 0.161005 6
84 1 0.0288148 0.0288148 0.172889 0.144074 18
103 1 0.154267 0.154267 0.154267 0 18
82 1 0.0758453 0.0758453 0.151691 0.0758453 18
102 1 3.85271e-06 3.85271e-06 1.54108e-05 1.15581e-05 18

5 88 0.201814 0.201814 0.366959 0.165145 18
101 1 3.49688 3.49688 3.49688 0 15
83 1 0.0402512 0.0402512 0.241507 0.201256 6
84 1 0.0864445 0.0864445 0.172889 0.0864445 18
82 1 0.0189613 0.0189613 0.151691 0.132729 18
103 1 0.0771335 0.0771335 0.0813736 0.00424007 18
102 1 1.54108e-05 1.54108e-05 1.54108e-05 0 18

5 88 0.191889 0.191889 0.355532 0.163643 18
101 1 3.49688 3.49688 3.49688 0 15
83 1 0.0805023 0.0805023 0.241507 0.161005 6
84 1 0.0576297 0.0576297 0.172889 0.115259 18
103 1 0.154267 0.154267 0.154267 0 18
82 1 0.0758453 0.0758453 0.151691 0.0758453 18
102 1 1.54108e-05 1.54108e-05 1.54108e-05 0 18

5 88 0.196177 0.196177 0.365617 0.16944 18
101 1 3.49688 3.49688 3.49688 0 15
83 1 0.0603767 0.0603767 0.241507 0.18113 6
84 1 0.0576297 0.0576297 0.172889 0.115259 18
103 1 0.154267 0.154267 0.154267 0 18
82 1 0.0379227 0.0379227 0.151691 0.113768 18
102 1 7.70541e-06 7.70541e-06 1.54108e-05 7.70541e-06 18

5 87 0.260116 0.260116 0.358891 0.0987747 18
101 9 0.0699376 0.0699376 0.380773 0.310836 15
83 1 0.241507 0.241507 0.241507 0 6
84 1 0.172889 0.172889 0.172889 0 18
103 1 0.154267 0.154267 0.154267 0 18
82 1 0.151691 0.151691 0.151691 0 18
105 1 0.0505636 0.0505636 0.151691 0.101127 15

5 87 0.254461 0.254461 0.355672 0.101211 18
101 9 0.0713649 0.0713649 0.388542 0.317177 15
83 1 0.241507 0.241507 0.241507 0 6
84 1 0.0576297 0.0576297 0.172889 0.115259 18
106 1 0.0878047 0.0878047 0.166532 0.0787277 12
103 1 0.154267 0.154267 0.154267 0 18
82 1 0.0758453 0.0758453 0.151691 0.0758453 18

5 87 0.242177 0.242177 0.36568 0.123503 18
101 9 0.0744017 0.0744017 0.380431 0.306029 15
83 1 0.120753 0.120753 0.241507 0.120753 6
106 1 0.175609 0.175609 0.175609 0 12
84 1 0.172889 0.172889 0.172889 0 18
103 1 0.154267 0.154267 0.154267 0 18
82 1 0.151691 0.151691 0.151691 0 18

5 87 0.252631 0.252631 0.360874 0.108244 21
101 9 0.121568 0.0760191 0.369932 0.289206 15
83 1 0.241507 0.241507 0.241507 0 6
106 1 0.175609 0.175609 0.175609 0 12
84 1 0.0864445 0.0864445 0.172889 0.0864445 18
103 1 0.154267 0.154267 0.154267 0 18
82 1 0.0505636 0.0505636 0.151691 0.101127 18

5 86 0.231024 0.231024 0.359984 0.12896 18
101 10 0.164474 0.102849 0.356274 0.230759 15
83 1 0.120753 0.120753 0.241507 0.120753 6
106 1 0.175609 0.175609 0.175609 0 12
84 1 0.0864445 0.0864445 0.172889 0.0864445 18
103 1 0.154267 0.154267 0.154267 0 18
82 1 0.0505636 0.0505636 0.151691 0.101127 18

5 85 0.262057 0.262057 0.373375 0.111318 18
101 11 0.111669 0.107541 0.380608 0.272695 15
123 1 0.270503 0.270503 0.270503 0 18
83 1 0.120753 0.120753 0.241507 0.120753 6
106 1 0.175609 0.175609 0.175609 0 12
84 1 0.0576297 0.0576297 0.172889 0.115259 18
103 1 0.154267 0.154267 0.154267 0 18

5 82 0.262057 0.262057 0.381022 0.118964 18
101 14 0.101874 0.0981072 0.38658 0.287402 18
123 1 0.270503 0.270503 0.270503 0 18
83 1 0.120753 0.120753 0.241507 0.120753 6
106 1 0.175609 0.175609 0.175609 0 12
84 1 0.0864445 0.0864445 0.172889 0.0864445 18
103 1 0.154267 0.154267 0.154267 0 18

5 82 0.258203 0.258203 0.39056 0.132357 18
101 14 0.109562 0.109562 0.396821 0.287258 18
123 1 0.270503 0.270503 0.270503 0 18
83 1 0.0805023 0.0805023 0.241507 0.161005 6
106 1 0.175609 0.175609 0.175609 0 12
84 1 0.172889 0.172889 0.172889 0 18
103 1 0.154267 0.154267 0.154267 0 18

5 82 0.256319 0.256319 0.378241 0.121923 18
101 13 0.109562 0.109562 0.398535 0.288972 18
123 1 0.270503 0.270503 0.270503 0 18
83 1 0.120753 0.120753 0.241507 0.120753 6
106 1 0.175609 0.175609 0.175609 0 12
84 1 0.0864445 0.0864445 0.172889 0.0864445 18
135 1 0.151691 0.151691 0.151691 0 18
134 1 0.0831403 0.0831403 0.0831403 0 6

5 81 0.242177 0.242177 0.366292 0.124115 18
101 15 0.12904 0.12904 0.371492 0.242452 18
123 1 0.270503 0.270503 0.270503 0 18
83 1 0.120753 0.120753 0.241507 0.120753 6
106 1 0.175609 0.175609 0.175609 0 12
84 1 0.172889 0.172889 0.172889 0 18
135 1 0.0758453 0.0758453 0.151691 0.0758453 18

5 82 0.256319 0.256319 0.384488 0.128169 18
101 15 0.107534 0.107534 0.387121 0.279587 18
123 1 0.270503 0.270503 0.270503 0 18
83 1 0.241507 0.241507 0.241507 0 6
106 1 0.175609 0.175609 0.175609 0 12
84 1 0.0864445 0.0864445 0.172889 0.0864445 18

5 83 0.240518 0.240518 0.382512 0.141993 18
101 14 0.118506 0.118506 0.3937 0.275193 18
123 1 0.270503 0.270503 0.270503 0 18
83 1 0.120753 0.120753 0.241507 0.120753 6
106 1 0.175609 0.175609 0.175609 0 12
84 1 0.172889 0.172889 0.172889 0 18

5 82 0.274341 0.274341 0.378099 0.103758 18
101 15 0.0936583 0.0936583 0.380903 0.287245 18
123 1 0.270503 0.270503 0.270503 0 18
83 1 0.0603767 0.0603767 0.241507 0.18113 6
106 1 0.175609 0.175609 0.175609 0 12
84 1 0.0864445 0.0864445 0.172889 0.0864445 18

5 82 0.258203 0.258203 0.384402 0.126199 18
101 14 0.107534 0.107534 0.395687 0.288153 18
123 1 0.270503 0.270503 0.270503 0 18
83 1 0.120753 0.120753 0.241507 0.120753 6
106 1 0.175609 0.175609 0.175609 0 12
84 1 0.0864445 0.0864445 0.172889 0.0864445 18
144 1 0.0758453 0.0758453 0.151691 0.0758453 18

5 83 0.272214 0.272214 0.393606 0.121391 18
101 14 0.0951936 0.0951936 0.404104 0.30891 18
123 1 0.270503 0.270503 0.270503 0 18
83 1 0.241507 0.241507 0.241507 0 6
106 1 0.175609 0.175609 0.175609 0 12
84 1 0.0576297 0.0576297 0.172889 0.115259 18

5 83 0.245564 0.245564 0.399543 0.153979 18
101 14 0.113859 0.113859 0.414772 0.300913 18
123 1 0.270503 0.270503 0.270503 0 18
83 1 0.0805023 0.0805023 0.241507 0.161005 6
106 1 0.175609 0.175609 0.175609 0 12
84 1 0.172889 0.172889 0.172889 0 18

5 83 0.250826 0.250826 0.383852 0.133026 18
101 14 0.127352 0.105578 0.396646 0.289567 18
123 1 0.270503 0.270503 0.270503 0 18
83 1 0.241507 0.241507 0.241507 0 6
106 1 0.175609 0.175609 0.175609 0 12
84 1 0.0864445 0.0864445 0.172889 0.0864445 18

