1 0.176684 0.176684 0.176684 0 12
1 0.136546 0.136546 0.136546 0 12
1 0.116192 0.116192 0.116192 0 12
1 0.0819285 0.0819285 0.0819285 0 0
1 0.0623863 0.0623863 0.0623863 0 12

1 0.241292 0.241292 0.241292 0 3
2 0.106583 0.0883421 0.0974626 0.00912052 12
12 0.0102727 0.00430937 0.0148573 0.00918046 1.5
1 0.176684 0.176684 0.176684 0 12
9 0.00910303 0.00910303 0.0151717 0.00606869 12
1 0.136546 0.136546 0.136546 0 15
1 0.136546 0.136546 0.136546 0 15
7 0.00580958 0.00580958 0.0164647 0.0106551 12
7 0.0370633 0.00585204 0.0150563 0.0119081 0
4 0.00693181 0.00693181 0.0155966 0.00866477 12

40 0.0129721 0.00271274 0.00664402 0.00236007 1.5
16 0.0142977 0.00417341 0.0117707 0.00275949 15
23 0.00490527 0.00198522 0.00607409 0.00396984 15

100 0.0028988 0.00113139 0.0021969 0.000771615 15

3 0.172962 0.172962 0.172962 0 0
8 0.0545712 0.0251593 0.0346151 0.00966866 0
9 0.00434208 0.0042119 0.0293166 0.0250469 1.5
5 0.0518051 0.0518051 0.0518051 0 18
1 0.249406 0.249406 0.249406 0 15
8 0.00512086 0.00349805 0.0306267 0.026705 6
7 0.0326804 0.0326804 0.0326804 0 12
2 0.114381 0.114381 0.114381 0 12
1 0.18606 0.18606 0.18606 0 18
1 0.136546 0.136546 0.136546 0 15
1 0.104468 0.104468 0.104468 0 3
1 0.0258033 0.0258033 0.0258033 0 15

44 0.0101742 0.00217122 0.00886848 0.0020015 0
19 0.0229773 0.00684365 0.0135804 0.00373862 0
26 0.00485484 0.00331633 0.00904297 0.00547466 15

15 0.00612703 0.00540506 0.0272761 0.0218237 0
10 0.00651596 0.00557944 0.0269217 0.0209564 0
2 0.134183 0.134183 0.134183 0 6
1 0.259026 0.259026 0.259026 0 18
10 0.0185018 0.0185018 0.0259026 0.00740073 18
2 0.166366 0.0924913 0.129429 0.0369372 12
1 0.255358 0.255358 0.255358 0 6
3 0.0945786 0.0582381 0.0796595 0.015532 15
1 0.14615 0.14615 0.14615 0 12
1 0.136546 0.136546 0.136546 0 15
1 0.0623863 0.0623863 0.0623863 0 12

12 0.013679 0.0120671 0.036997 0.0245369 0
10 0.0155918 0.013446 0.0366125 0.021467 3
6 0.0554553 0.0554553 0.0554553 0 12
7 0.0195599 0.019169 0.0381562 0.0189318 6
1 0.259026 0.259026 0.259026 0 18
7 0.0161891 0.0161891 0.0370036 0.0208145 18
6 0.0212798 0.0212798 0.0408937 0.0196139 6
3 0.0945786 0.0582381 0.0796595 0.015532 15
6 0.0185026 0.0152368 0.0395505 0.0238005 18
1 0.189688 0.189688 0.189688 0 18
1 0.153585 0.153585 0.153585 0 18
1 0.14615 0.14615 0.14615 0 12
1 0.136546 0.136546 0.136546 0 15
1 0.136546 0.136546 0.136546 0 18
1 0.0623863 0.0623863 0.0623863 0 12
1 0.0575845 0.0575845 0.0575845 0 15

10 0.0242539 0.0242539 0.0420702 0.0178164 0
10 0.0168056 0.0148253 0.040825 0.0250291 0
7 0.0166366 0.0166366 0.0420251 0.0253885 12
7 0.017928 0.0126981 0.0411799 0.0243914 6
6 0.0168266 0.0157862 0.0450309 0.0289438 6
5 0.0518051 0.0518051 0.0518051 0 18
6 0.0172684 0.0172684 0.0431709 0.0259026 18
5 0.0226894 0.0215855 0.0471227 0.0253203 18
5 0.035467 0.0323106 0.0466767 0.0131945 15
1 0.189688 0.189688 0.189688 0 18
1 0.153585 0.153585 0.153585 0 18
2 0.0682728 0.0682728 0.0682728 0 12
2 0.0682728 0.0682728 0.0682728 0 18
1 0.136546 0.136546 0.136546 0 15
1 0.135238 0.135238 0.135238 0 15
2 0.0730749 0.0613503 0.0672126 0.00586226 12
1 0.112157 0.112157 0.112157 0 18
1 0.0623863 0.0623863 0.0623863 0 12
1 0.0402384 0.0402384 0.0402384 0 3
1 0.0285985 0.0285985 0.0285985 0 6

10 0.00933643 0.00823628 0.0415896 0.0323648 3
1 0.329329 0.329329 0.329329 0 3
7 0.0195724 0.0195724 0.0423202 0.0227477 12
7 0.0178783 0.0171149 0.0389876 0.0214189 6
6 0.0218258 0.0198835 0.0443757 0.0232154 15
6 0.0171136 0.0143903 0.0438701 0.0287967 18
6 0.0185018 0.0185018 0.0413649 0.0228631 18
6 0.019925 0.019925 0.0407706 0.0208456 18
1 0.189688 0.189688 0.189688 0 18
2 0.129242 0.0322584 0.0807504 0.048492 15
2 0.0767927 0.0767927 0.0767927 0 18
2 0.0682728 0.0682728 0.0682728 0 12
2 0.0682728 0.0682728 0.0682728 0 18
2 0.0682728 0.0682728 0.0682728 0 15
1 0.135238 0.135238 0.135238 0 15
3 0.0487166 0.0409002 0.0435057 0.00368466 12
1 0.112157 0.112157 0.112157 0 18
2 0.0665575 0.0142992 0.0404283 0.0261291 6
1 0.0623863 0.0623863 0.0623863 0 12
1 0.0402384 0.0402384 0.0402384 0 3

1 0.392644 0.392644 0.392644 0 15
9 0.013071 0.013071 0.041875 0.028804 1.5
8 0.0237665 0.0237665 0.0389668 0.0152002 12
7 0.0121742 0.0119189 0.0390584 0.0271033 6
6 0.0177335 0.0177335 0.0435965 0.025863 15
6 0.0205363 0.0172684 0.0433412 0.0251104 15
6 0.0235478 0.0235478 0.0431709 0.0196231 18
6 0.0235478 0.0235478 0.0431709 0.0196231 18
5 0.0316146 0.0316146 0.0379375 0.00632292 18
2 0.0767927 0.0767927 0.0767927 0 18
3 0.0455152 0.0455152 0.0455152 0 12
2 0.0682728 0.0682728 0.0682728 0 18
3 0.0455152 0.0455152 0.0455152 0 15
3 0.0487166 0.0409002 0.0435057 0.00368466 12
2 0.0646212 0.0161292 0.0565044 0.0291208 15
1 0.112157 0.112157 0.112157 0 18
2 0.0443716 0.0443716 0.049138 0.00476641 6
2 0.0450792 0.0349552 0.0443178 0.00664218 15
1 0.0623863 0.0623863 0.0623863 0 12
1 0.0402384 0.0402384 0.0402384 0 3

59 0.0062574 0.00275559 0.00541836 0.00187259 15
40 0.0040577 0.00284904 0.00550912 0.00191088 18

12 0.00683948 0.00683948 0.0326723 0.0258328 15
10 0.0166366 0.0166366 0.0332732 0.0166366 12
9 0.00755084 0.00755084 0.0357459 0.028195 21
8 0.0158918 0.0158918 0.0357566 0.0198648 6
7 0.04174 0.0280297 0.0397814 0.00479761 0
5 0.0544547 0.0544547 0.0544547 0 15
3 0.0863418 0.0863418 0.0863418 0 18
2 0.129254 0.125239 0.127246 0.00200789 3
1 0.247968 0.247968 0.247968 0 12
1 0.233622 0.233622 0.233622 0 3
2 0.129513 0.0393953 0.084454 0.0450587 18
1 0.136546 0.136546 0.136546 0 15
1 0.0455661 0.0455661 0.0455661 0 0

10 0.013679 0.013679 0.039935 0.026256 1.5
2 0.190018 0.190018 0.190018 0 18
9 0.0186973 0.0186973 0.0398634 0.0211661 15
8 0.0175122 0.0175122 0.0415914 0.0240793 12
7 0.00973933 0.00973933 0.041108 0.0313687 6
7 0.0194481 0.0194481 0.0388962 0.0194481 15
6 0.0215855 0.0215855 0.0431709 0.0215855 18
6 0.0267682 0.0250477 0.0425684 0.0167059 3
1 0.254048 0.254048 0.254048 0 15
1 0.247968 0.247968 0.247968 0 12
1 0.233622 0.233622 0.233622 0 3
2 0.0981038 0.0981038 0.0981038 0 3
2 0.0682728 0.0682728 0.0682728 0 15
1 0.1322 0.1322 0.1322 0 15
1 0.0561292 0.0561292 0.0561292 0 15
1 0.0455661 0.0455661 0.0455661 0 0
1 0.0416964 0.0416964 0.0416964 0 12

71 0.00356482 0.00201655 0.00452989 0.00194044 12
1 0.125564 0.125564 0.125564 0 1.5

52 0.00576662 0.00326207 0.00752512 0.00229963 1.5
47 0.0056092 0.00542908 0.00748061 0.00190722 18

88 0.00345775 0.00208853 0.00499015 0.00205534 1.5
11 0.0117992 0.00233556 0.00534037 0.00358578 1.5

40 0.003652 0.00330447 0.0123923 0.00906225 1.5
3 0.124914 0.0431988 0.0704586 0.0385054 1.5
1 0.184756 0.184756 0.184756 0 1.5
1 0.116268 0.116268 0.116268 0 1.5
1 0.110731 0.110731 0.110731 0 1.5
2 0.015456 0.00513822 0.0180045 0.00927455 1.5
2 0.00456488 0.00456488 0.0159771 0.0114122 1.5
2 0.0133262 0.0133262 0.0133262 0 1.5
1 0.0010703 0.0010703 0.0010703 0 1.5

34 0.00764772 0.00691994 0.015316 0.00829305 1.5
12 0.0143915 0.00414308 0.0158846 0.00730261 1.33333
12 0.014212 0.014212 0.0153822 0.00117028 1.5
3 0.0418547 0.0409849 0.0414804 0.000365278 1.5
3 0.0387559 0.0387559 0.0387559 0 1.5
1 0.110731 0.110731 0.110731 0 1.5
1 0.107674 0.107674 0.107674 0 1.5
1 0.0694144 0.0694144 0.0694144 0 1.5
2 0.01932 0.00642278 0.0192942 0.00910148 1.5
2 0.00639084 0.00639084 0.0159771 0.00958626 1.5
1 0.00666311 0.00666311 0.0266524 0.0199893 1.5
1 0.0010703 0.0010703 0.0010703 0 1.5

26 0.00833406 0.00754096 0.0188969 0.0112078 1.5
6 0.0767545 0.0227521 0.0429219 0.0243617 1.33333
13 0.0164128 0.0138793 0.0195372 0.00534682 1.33333
11 0.0175708 0.00739023 0.0184171 0.00994692 1.5
6 0.0123034 0.00960038 0.0212094 0.0111371 1.5
2 0.0553656 0.0553656 0.0553656 0 1.5
5 0.0126427 0.00894366 0.0214626 0.0118443 1.5
1 0.0694144 0.0694144 0.0694144 0 1.5
1 0.0669595 0.0669595 0.0669595 0 1.5
1 0.0638728 0.0638728 0.0638728 0 1.5
1 0.0159771 0.0159771 0.0319542 0.0159771 1.5
1 0.0266524 0.0266524 0.0266524 0 1.5
1 0.0128456 0.0128456 0.0256911 0.0128456 1.5
1 0.0010703 0.0010703 0.0010703 0 1.5

18 0.00878455 0.00794858 0.0267892 0.0182875 1.5
9 0.0511696 0.0118981 0.0394516 0.0166569 1.33333
12 0.0152809 0.0129221 0.0272536 0.0137798 1.33333
9 0.0316277 0.00972398 0.0273213 0.0128113 1.5
1 0.208655 0.208655 0.208655 0 1.33333
5 0.0306932 0.0136513 0.0303124 0.0144525 1.33333
4 0.0228492 0.0179377 0.0326635 0.0135877 1.5
3 0.054785 0.0369104 0.0428686 0.00842616 1.5
4 0.0168513 0.0166097 0.0291273 0.0124577 1.5
1 0.111734 0.111734 0.111734 0 1.33333
3 0.0545633 0.00639084 0.0346661 0.0201228 1.5
1 0.0669595 0.0669595 0.0669595 0 1.5
1 0.0638728 0.0638728 0.0638728 0 1.5
2 0.0347072 0.0187809 0.0267441 0.00796313 1.5
1 0.0266524 0.0266524 0.0266524 0 1.5
1 0.00856371 0.00856371 0.0256911 0.0171274 1.5
1 0.0246857 0.0246857 0.0246857 0 1.33333
1 0.00315249 0.00315249 0.00315249 0 1.33333
1 0.0010703 0.0010703 0.0010703 0 1.5

17 0.013831 0.013831 0.0333464 0.0195154 1.5
10 0.0170441 0.0144131 0.0328258 0.0174081 1.33333
9 0.0200229 0.0200229 0.0332748 0.0132519 1.33333
8 0.0261272 0.014763 0.0341477 0.0167358 1.5
2 0.230263 0.0148212 0.122542 0.107721 1.33333
6 0.0157742 0.0149039 0.0331399 0.0178812 1.33333
4 0.0279029 0.0141912 0.0357178 0.0189651 1.33333
2 0.124843 0.0128456 0.0688442 0.0559986 1.5
4 0.0266574 0.0209273 0.0343397 0.0108277 1.5
1 0.136513 0.136513 0.136513 0 1.33333
3 0.054785 0.0369104 0.0428686 0.00842616 1.5
3 0.0682042 0.00798855 0.0406698 0.024727 1.5
3 0.0294897 0.0290669 0.0388968 0.00969101 1.5
2 0.055867 0.0187809 0.0373239 0.018543 1.33333
1 0.0733734 0.0733734 0.0733734 0 1.33333
1 0.0694144 0.0694144 0.0694144 0 1.5
1 0.0669595 0.0669595 0.0669595 0 1.5
1 0.0638728 0.0638728 0.0638728 0 1.5
1 0.0133262 0.0133262 0.0266524 0.0133262 1.5
1 0.0123429 0.0123429 0.0233629 0.01102 1.33333
1 0.00315249 0.00315249 0.00315249 0 1.33333
1 0.0010703 0.0010703 0.0010703 0 1.5

14 0.0175691 0.0175691 0.0424821 0.024913 1.5
10 0.0191886 0.0191886 0.0438991 0.0247105 1.33333
8 0.0400617 0.0226367 0.0446264 0.0161219 1.5
8 0.0468961 0.0165673 0.0431806 0.00982068 1.25
8 0.0162191 0.0158266 0.0418458 0.0259704 1.33333
6 0.0927283 0.00626031 0.0498711 0.0358765 1.5
5 0.0164725 0.0143065 0.0413517 0.0264578 1.33333
4 0.0296014 0.0244536 0.0498908 0.0221699 1.33333
2 0.106817 0.0682564 0.0875366 0.0192803 1.33333
3 0.030313 0.0277429 0.0532297 0.0246599 1.5
3 0.0327145 0.0319889 0.0491064 0.0168791 1.33333
2 0.119164 0.0133262 0.066245 0.0529188 1.5
3 0.054785 0.0369104 0.0428686 0.00842616 1.5
2 0.0393197 0.0387559 0.0584157 0.01938 1.5
2 0.0756562 0.0159771 0.0458166 0.0298395 1.5
1 0.0366867 0.0366867 0.0733734 0.0366867 1.33333
1 0.0694144 0.0694144 0.0694144 0 1.5
1 0.0669595 0.0669595 0.0669595 0 1.5
1 0.0638728 0.0638728 0.0638728 0 1.5
1 0.0246857 0.0246857 0.0246857 0 1.33333
1 0.0110009 0.0110009 0.0220019 0.0110009 1.33333
1 0.00315249 0.00315249 0.00315249 0 1.33333
1 0.0010703 0.0010703 0.0010703 0 1.5

8 0.0209696 0.0209696 0.0607222 0.0397526 1.5
5 0.120185 0.0494442 0.0878704 0.028293 1.5
1 0.418625 0.418625 0.418625 0 1.5
6 0.0143915 0.0143915 0.0644237 0.0500323 1.33333
6 0.0283834 0.0276966 0.0641606 0.0363505 1.33333
6 0.0298208 0.0231195 0.0556952 0.0291984 1.5
2 0.162808 0.161168 0.161988 0.000819662 1.33333
5 0.018037 0.0177126 0.0585391 0.0406971 1.33333
3 0.102311 0.0896633 0.093879 0.00596198 1.33333
3 0.101918 0.0832286 0.0894584 0.00881034 1.5
1 0.241198 0.241198 0.241198 0 1.33333
1 0.212624 0.212624 0.212624 0 1.5
3 0.0220838 0.0220838 0.0606133 0.0385295 1.33333
2 0.106817 0.0682564 0.0875366 0.0192803 1.33333
2 0.0794425 0.0594956 0.0739111 0.010918 1.5
2 0.054785 0.0369104 0.0643029 0.0205054 1.5
2 0.0266574 0.0266574 0.0611933 0.0345359 1.33333
2 0.0294897 0.0290669 0.0582777 0.0290002 1.5
2 0.0289489 0.0279335 0.0563747 0.0279381 1.33333
1 0.0756562 0.0756562 0.0916333 0.0159771 1.5
1 0.0366867 0.0366867 0.0733734 0.0366867 1.33333
1 0.0669595 0.0669595 0.0669595 0 1.5
1 0.0638728 0.0638728 0.0638728 0 1.5
1 0.0231381 0.0231381 0.0587969 0.0356587 1.5
1 0.0403825 0.0403825 0.0403825 0 1.33333
1 0.0400302 0.0400302 0.0400302 0 1.5
1 0.0246857 0.0246857 0.0246857 0 1.33333
1 0.0220019 0.0220019 0.0220019 0 1.33333
1 0.00315249 0.00315249 0.00315249 0 1.33333
1 0.000938358 0.000938358 0.000938358 0 1.5
1 9.75535e-06 9.75535e-06 9.75535e-06 0 1.33333

7 0.0309551 0.0309551 0.0750453 0.0440903 1.25
6 0.0809422 0.0627528 0.0781519 0.0122903 1.5
1 0.43927 0.43927 0.43927 0 1.5
6 0.0378445 0.0369288 0.0700118 0.0329321 1.33333
5 0.0353486 0.0240081 0.0743094 0.0414777 1.5
5 0.0390801 0.0383772 0.0734946 0.0348379 1.33333
5 0.0270898 0.0270898 0.0727928 0.0457029 1.33333
5 0.0618189 0.0618189 0.0714475 0.0096286 1.33333
4 0.0250473 0.0247951 0.0733387 0.0483546 1.33333
4 0.0507314 0.0418625 0.0691 0.0253132 1.33333
3 0.0499371 0.0499371 0.0832286 0.0332914 1.5
3 0.0384271 0.0384271 0.0822739 0.0438467 1.33333
3 0.0682042 0.0595819 0.080204 0.0154193 1.5
3 0.0813734 0.0736128 0.0761996 0.00365837 1.33333
2 0.106312 0.106312 0.106312 0 1.5
3 0.0344569 0.0344569 0.0704041 0.0359472 1.33333
1 0.205341 0.205341 0.205341 0 1.33333
2 0.106817 0.0682564 0.0875366 0.0192803 1.33333
2 0.0799722 0.0799722 0.0799722 0 1.33333
1 0.151312 0.151312 0.151312 0 1.5
2 0.0821775 0.0553656 0.0687715 0.0134059 1.5
1 0.0589795 0.0589795 0.117113 0.0581338 1.5
1 0.0733734 0.0733734 0.0733734 0 1.33333
1 0.0694144 0.0694144 0.0694144 0 1.5
1 0.0669595 0.0669595 0.0669595 0 1.5
1 0.0638728 0.0638728 0.0638728 0 1.5
1 0.04153 0.04153 0.04153 0 1.33333
1 0.0403825 0.0403825 0.0403825 0 1.33333
1 0.0400302 0.0400302 0.0400302 0 1.5
1 0.0321985 0.0321985 0.0321985 0 1.33333
1 0.0308831 0.0308831 0.0308831 0 1.33333
1 0.0246857 0.0246857 0.0246857 0 1.33333
1 0.00768959 0.00768959 0.0223575 0.0146679 1.33333
1 0.00157624 0.00157624 0.00198899 0.000412748 1.33333
1 0.000938358 0.000938358 0.000938358 0 1.5
1 9.75535e-06 9.75535e-06 9.75535e-06 0 1.33333

10 0.0496411 0.00871185 0.0426774 0.0113723 1.33333
9 0.0312641 0.0307018 0.0440279 0.0131414 1.33333
9 0.00656623 0.00656623 0.0429472 0.0363809 1.5
8 0.0227067 0.0221573 0.0440479 0.0218227 1.33333
7 0.0407019 0.0402921 0.0426288 0.00199061 1.33333
2 0.172745 0.113103 0.142924 0.0298208 1.33333
2 0.167036 0.107015 0.137026 0.0300102 1.25
6 0.0448316 0.0448316 0.0448316 0 1.33333
1 0.205341 0.205341 0.205341 0 1.33333
1 0.175661 0.175661 0.175661 0 1.33333
2 0.106817 0.0682564 0.0875366 0.0192803 1.33333
2 0.0799722 0.0799722 0.0799722 0 1.33333
3 0.0368064 0.0368064 0.0529662 0.0161598 1.33333
2 0.0873262 0.0700073 0.0786667 0.0086595 1.33333
1 0.0366867 0.0366867 0.0733734 0.0366867 1.33333
1 0.04153 0.04153 0.04153 0 1.33333
1 0.0201913 0.0201913 0.0399706 0.0197794 1.33333
1 0.0321985 0.0321985 0.0321985 0 1.33333
1 0.0308831 0.0308831 0.0308831 0 1.33333
1 0.0246857 0.0246857 0.0246857 0 1.33333
1 0.0230688 0.0230688 0.0230688 0 1.33333
1 0.00315249 0.00315249 0.00315249 0 1.33333
1 0.00131461 0.00131461 0.00131461 0 1.33333
1 9.75535e-06 9.75535e-06 9.75535e-06 0 1.33333

10 0.0191193 0.0191193 0.0446769 0.0255576 1.33333
10 0.023448 0.0230263 0.0418491 0.0186973 1.33333
9 0.0261269 0.0242383 0.0430575 0.0184163 1.25
7 0.0302756 0.0295431 0.0458151 0.0161694 1.25
7 0.0269667 0.0191538 0.0446065 0.0244896 1.33333
6 0.0575816 0.0353656 0.0472521 0.0103588 1.33333
6 0.0243469 0.0206915 0.0454409 0.0241785 1.33333
3 0.0813734 0.0736128 0.0761996 0.00365837 1.33333
4 0.0550216 0.0229647 0.0491094 0.0163088 1.2
4 0.0410681 0.0410681 0.0473209 0.0062528 1.33333
1 0.174652 0.174652 0.174652 0 1.33333
4 0.0251697 0.0178028 0.042606 0.023182 1.33333
1 0.150184 0.150184 0.150184 0 1.33333
3 0.0250944 0.0250944 0.0482943 0.0231999 1.33333
1 0.0895881 0.0895881 0.0895881 0 1.33333
1 0.0733734 0.0733734 0.0733734 0 1.33333
1 0.04153 0.04153 0.04153 0 1.33333
1 0.0404808 0.0404808 0.0404808 0 1.33333
1 0.0403825 0.0403825 0.0403825 0 1.33333
1 0.0321985 0.0321985 0.0321985 0 1.33333
1 0.0308831 0.0308831 0.0308831 0 1.33333
1 0.02813 0.02813 0.02813 0 1.33333
1 0.0246857 0.0246857 0.0246857 0 1.33333
1 0.0230688 0.0230688 0.0230688 0 1.33333
1 0.00157624 0.00157624 0.00223355 0.000657304 1.33333
1 9.75535e-06 9.75535e-06 9.75535e-06 0 1.33333
1 0 0 0 0 1.33333

14 0.0180571 0.0180571 0.0295943 0.0115371 1.5
12 0.0223315 0.0219298 0.030935 0.00887326 1.33333
12 0.0091928 0.00852827 0.0295168 0.0208244 1.33333
9 0.0101874 0.0072359 0.0300324 0.021857 1.33333
9 0.034549 0.0149298 0.0293352 0.00728421 1.33333
1 0.218682 0.218682 0.218682 0 1.33333
1 0.174652 0.174652 0.174652 0 1.33333
2 0.075092 0.075092 0.075092 0 1.33333
1 0.140846 0.140846 0.140846 0 1.33333
3 0.045605 0.022397 0.0364752 0.00985715 1.33333
1 0.0691841 0.0691841 0.0691841 0 1.33333
1 0.04153 0.04153 0.04153 0 1.33333
1 0.0411367 0.0411367 0.0411367 0 1.33333
1 0.0404808 0.0404808 0.0404808 0 1.33333
1 0.0403825 0.0403825 0.0403825 0 1.33333
1 0.0321985 0.0321985 0.0321985 0 1.33333
1 0.0308831 0.0308831 0.0308831 0 1.33333
1 0.02813 0.02813 0.02813 0 1.33333
1 0.0133888 0.0133888 0.0257317 0.0123429 1.33333
1 0.0237321 0.0237321 0.0237321 0 1.25
1 0.0230688 0.0230688 0.0230688 0 1.33333
1 9.75535e-06 9.75535e-06 9.75535e-06 0 1.33333

12 0.0196987 0.0196987 0.0443809 0.0246822 1.5
9 0.0151278 0.0148557 0.045925 0.0308579 1.33333
8 0.0248206 0.0230263 0.0481179 0.0244341 1.33333
7 0.0229217 0.0162808 0.0493057 0.0284401 1.33333
1 0.306752 0.306752 0.306752 0 1.33333
1 0.297987 0.297987 0.297987 0 1.33333
6 0.0172745 0.0172745 0.0447425 0.027468 1.33333
2 0.173795 0.0412209 0.107508 0.0662869 1.33333
4 0.036484 0.0349305 0.0444399 0.0087671 1.5
3 0.024298 0.024298 0.0522832 0.0279852 1.33333
1 0.151312 0.151312 0.151312 0 1.5
3 0.037546 0.037546 0.0500613 0.0125153 1.33333
3 0.0594362 0.0444296 0.0494318 0.00707416 1.33333
3 0.0469485 0.0401157 0.0446709 0.00322102 1.33333
3 0.0681407 0.0313204 0.0435938 0.0173573 1.25
1 0.0895881 0.0895881 0.0895881 0 1.33333
1 0.0733734 0.0733734 0.0733734 0 1.33333
1 0.0471151 0.0471151 0.0471151 0 1.33333
1 0.04153 0.04153 0.04153 0 1.33333
1 0.0411367 0.0411367 0.0411367 0 1.33333
1 0.0404808 0.0404808 0.0404808 0 1.33333
1 0.0403825 0.0403825 0.0403825 0 1.33333
1 0.0321985 0.0321985 0.0321985 0 1.33333
1 0.0308831 0.0308831 0.0308831 0 1.33333
1 0.02813 0.02813 0.02813 0 1.33333
1 0.0267776 0.0267776 0.0267776 0 1.33333
1 0.0237321 0.0237321 0.0237321 0 1.25
1 0.0115344 0.0115344 0.0225353 0.0110009 1.33333
1 0.00245241 0.00245241 0.00245241 0 1.33333
1 0.000825495 0.000825495 0.000825495 0 1.33333
1 0.000536382 0.000536382 0.000536382 0 1.25
1 0.000188587 0.000188587 0.000188587 0 1.33333
1 4.87768e-06 4.87768e-06 9.75535e-06 4.87768e-06 1.33333

11 0.0232163 0.0232163 0.0507769 0.0275606 1.5
9 0.0246821 0.0246821 0.0505722 0.02589 1.33333
8 0.0330941 0.0307018 0.0532108 0.0216429 1.33333
7 0.0381701 0.034549 0.049873 0.0148608 1.33333
6 0.017632 0.017632 0.0521271 0.0344951 1.33333
5 0.0216428 0.0186242 0.0575283 0.0377846 1.33333
1 0.249686 0.249686 0.249686 0 1.5
1 0.23595 0.23595 0.23595 0 1.33333
4 0.0255627 0.0255627 0.0559862 0.0304235 1.5
1 0.212624 0.212624 0.212624 0 1.5
3 0.036447 0.036447 0.0538806 0.0174336 1.33333
1 0.154345 0.154345 0.154345 0 1.33333
3 0.0478336 0.0352114 0.0513416 0.0112792 1.33333
3 0.0504374 0.0504374 0.0504374 0 1.5
3 0.0204434 0.0134348 0.0496387 0.0337812 1.33333
2 0.0445771 0.0333222 0.0701777 0.031731 1.33333
1 0.0811474 0.0811474 0.0900345 0.00888714 1.25
1 0.0895881 0.0895881 0.0895881 0 1.33333
1 0.0733734 0.0733734 0.0733734 0 1.33333
1 0.015705 0.015705 0.0471151 0.03141 1.33333
1 0.04153 0.04153 0.04153 0 1.33333
1 0.0411367 0.0411367 0.0411367 0 1.33333
1 0.0404808 0.0404808 0.0404808 0 1.33333
1 0.0403825 0.0403825 0.0403825 0 1.33333
1 0.0371897 0.0371897 0.0371897 0 1.33333
1 0.0321985 0.0321985 0.0321985 0 1.33333
1 0.0308831 0.0308831 0.0308831 0 1.33333
1 0.02813 0.02813 0.02813 0 1.33333
1 0.0267776 0.0267776 0.0267776 0 1.33333
1 0.0237321 0.0237321 0.0237321 0 1.25
1 0.0230688 0.0230688 0.0230688 0 1.33333
1 0.0012262 0.0012262 0.00245241 0.0012262 1.33333
1 0.000825495 0.000825495 0.000825495 0 1.33333
1 0.000188587 0.000188587 0.000188587 0 1.33333
1 9.75535e-06 9.75535e-06 9.75535e-06 0 1.33333

1 0.496411 0.496411 0.496411 0 1.33333
7 0.0191193 0.0191193 0.0695892 0.0504699 1.5
6 0.0458433 0.0458433 0.0700666 0.0242233 1.33333
6 0.0213164 0.0213164 0.0673868 0.0460704 1.33333
5 0.0303286 0.0255848 0.0705901 0.042887 1.33333
5 0.0254467 0.0230326 0.0680707 0.0431176 1.33333
1 0.326157 0.326157 0.326157 0 1.33333
5 0.0346285 0.0297987 0.0624225 0.0291118 1.33333
4 0.0282489 0.0180443 0.0654994 0.0450041 1.33333
4 0.0499371 0.0499371 0.0624214 0.0124843 1.5
1 0.243442 0.243442 0.243442 0 1.33333
1 0.22334 0.22334 0.22334 0 1.33333
3 0.0786499 0.0433856 0.0668952 0.0166238 1.33333
3 0.0177187 0.0177187 0.0650732 0.0473545 1.5
3 0.0546705 0.0546705 0.0635235 0.00885295 1.33333
1 0.158473 0.158473 0.158473 0 1.5
2 0.0637781 0.0469485 0.0788376 0.0249369 1.33333
2 0.0891543 0.0666445 0.0778994 0.0112549 1.33333
2 0.0504374 0.0504374 0.0756562 0.0252187 1.5
1 0.141014 0.141014 0.141014 0 1.33333
2 0.102624 0.0366867 0.0696552 0.0329685 1.33333
1 0.0895881 0.0895881 0.0895881 0 1.33333
1 0.0471151 0.0471151 0.0471151 0 1.33333
1 0.04153 0.04153 0.04153 0 1.33333
1 0.0411367 0.0411367 0.0411367 0 1.33333
1 0.0404808 0.0404808 0.0404808 0 1.33333
1 0.0403825 0.0403825 0.0403825 0 1.33333
1 0.0371897 0.0371897 0.0371897 0 1.33333
1 0.0359695 0.0359695 0.0359695 0 1.33333
1 0.0321985 0.0321985 0.0321985 0 1.33333
1 0.0308831 0.0308831 0.0308831 0 1.33333
1 0.02813 0.02813 0.02813 0 1.33333
1 0.0267776 0.0267776 0.0267776 0 1.33333
1 0.0237321 0.0237321 0.0237321 0 1.25
1 0.0230688 0.0230688 0.0230688 0 1.33333
1 0.00129365 0.00129365 0.00251985 0.0012262 1.33333
1 0.000825495 0.000825495 0.000825495 0 1.33333
1 0.000609078 0.000609078 0.000609078 0 1.33333
1 0.000188587 0.000188587 0.000188587 0 1.33333
1 2.3275e-05 2.3275e-05 2.3275e-05 0 1.33333
1 9.75535e-06 9.75535e-06 9.75535e-06 0 1.33333

1 0.545915 0.545915 0.545915 0 1.33333
6 0.0250022 0.0250022 0.0755482 0.050546 1.25
6 0.0390801 0.0390801 0.0737871 0.034707 1.33333
6 0.0382028 0.0382028 0.0692199 0.0310171 1.33333
5 0.0198564 0.0198564 0.0732713 0.0534149 1.33333
5 0.0347001 0.0347001 0.068732 0.0340319 1.33333
4 0.0432856 0.0426679 0.0842898 0.0413142 1.33333
4 0.0382099 0.0362396 0.0737346 0.0370122 1.33333
4 0.103967 0.0608605 0.071637 0.0186655 1.33333
2 0.240116 0.0322255 0.136171 0.103945 1.33333
3 0.0523879 0.0511254 0.0762829 0.0247439 1.33333
3 0.0744468 0.0744468 0.0744468 0 1.33333
3 0.0424555 0.0294937 0.0730973 0.0363854 1.33333
3 0.072894 0.072894 0.072894 0 1.33333
3 0.053156 0.053156 0.0708747 0.0177187 1.5
2 0.0249686 0.0249686 0.101844 0.0768754 1.5
1 0.200772 0.200772 0.200772 0 1.33333
2 0.0478336 0.0478336 0.0921969 0.0443633 1.33333
2 0.0891543 0.0666445 0.0778994 0.0112549 1.33333
1 0.154345 0.154345 0.154345 0 1.33333
2 0.0756562 0.0756562 0.0756562 0 1.5
2 0.102624 0.0366867 0.0696552 0.0329685 1.33333
1 0.101328 0.101328 0.101328 0 1.33333
1 0.0895881 0.0895881 0.0895881 0 1.33333
1 0.0625909 0.0625909 0.0625909 0 1.33333
1 0.038747 0.038747 0.0593153 0.0205684 1.33333
1 0.0339615 0.0339615 0.0525563 0.0185948 1.33333
1 0.0471151 0.0471151 0.0471151 0 1.33333
1 0.04153 0.04153 0.04153 0 1.33333
1 0.0404808 0.0404808 0.0404808 0 1.33333
1 0.0403825 0.0403825 0.0403825 0 1.33333
1 0.0390616 0.0390616 0.0390616 0 1.33333
1 0.0359695 0.0359695 0.0359695 0 1.33333
1 0.0325695 0.0325695 0.0325695 0 1.33333
1 0.0162223 0.0162223 0.0323216 0.0160992 1.33333
1 0.0308831 0.0308831 0.0308831 0 1.33333
1 0.02813 0.02813 0.02813 0 1.33333
1 0.0267776 0.0267776 0.0267776 0 1.33333
1 0.0237321 0.0237321 0.0237321 0 1.25
1 0.0230688 0.0230688 0.0230688 0 1.33333
1 0.0025873 0.0025873 0.0025873 0 1.33333
1 0.000825495 0.000825495 0.000825495 0 1.33333
1 0.000304539 0.000304539 0.000609078 0.000304539 1.33333
1 0.000188587 0.000188587 0.000188587 0 1.33333
1 4.26886e-05 4.26886e-05 4.75663e-05 4.87768e-06 1.33333
1 2.3275e-05 2.3275e-05 2.3275e-05 0 1.33333

13 0.0360739 0.0344758 0.035951 0.000425839 1.33333
17 0.0269667 0.00497454 0.0225233 0.00808987 1.33333
9 0.0606572 0.00847466 0.0363094 0.0222525 1.33333
18 0.0144457 0.00693755 0.017564 0.00701275 1.33333
11 0.00451283 0.00347001 0.0179262 0.0138358 1.33333

11 0.0500044 0.0500044 0.0554764 0.00547205 1.5
4 0.124103 0.061677 0.108496 0.0270311 1.33333
3 0.160077 0.104776 0.141643 0.0260694 1.33333
2 0.210621 0.210621 0.210621 0 1.33333
3 0.138622 0.138622 0.138622 0 1.33333
2 0.203434 0.203434 0.203434 0 1.33333
1 0.389535 0.389535 0.389535 0 1.33333
2 0.19085 0.19085 0.19085 0 1.33333
6 0.0104189 0.0104189 0.0590185 0.0485995 1.33333
6 0.00937922 0.00937922 0.0569428 0.0475635 1.25
5 0.0308767 0.0286979 0.0567262 0.0271777 1.33333
5 0.0218366 0.0218366 0.0543259 0.0324893 1.33333
1 0.151312 0.151312 0.151312 0 1.5
1 0.106296 0.106296 0.106296 0 1.33333
1 0.102133 0.102133 0.102133 0 1.33333
1 0.0700507 0.0700507 0.0700507 0 1.33333
1 0.0328503 0.0328503 0.0328503 0 1.33333
1 0.000776724 0.000776724 0.00118947 0.000412748 1.33333
1 3.01263e-05 3.01263e-05 3.01263e-05 0 1.33333

9 0.0203143 0.0203143 0.0557644 0.0354501 1.5
8 0.0382028 0.0382028 0.0573041 0.0191014 1.33333
6 0.0649226 0.0649226 0.0649226 0 1.33333
7 0.0287324 0.0246821 0.0543697 0.0280235 1.33333
6 0.0297047 0.0297047 0.0600031 0.0302984 1.33333
6 0.0369881 0.0369881 0.0570236 0.0200355 1.33333
1 0.341343 0.341343 0.341343 0 1.33333
6 0.0451283 0.022428 0.0546299 0.0169725 1.33333
5 0.0424555 0.0394596 0.0638416 0.0232301 1.33333
5 0.0436574 0.0436574 0.0636754 0.020018 1.33333
5 0.0570493 0.0477126 0.0611205 0.0121298 1.33333
5 0.0324032 0.0324032 0.058017 0.0256139 1.33333
1 0.249686 0.249686 0.249686 0 1.5
1 0.164921 0.164921 0.164921 0 1.33333
1 0.162217 0.162217 0.162217 0 1.33333
1 0.151312 0.151312 0.151312 0 1.5
1 0.102133 0.102133 0.102133 0 1.33333
1 0.100818 0.100818 0.100818 0 1.33333
1 0.0700507 0.0700507 0.0700507 0 1.33333
1 0.0346686 0.0346686 0.0346686 0 1.33333
1 0.00155345 0.00155345 0.00155345 0 1.33333
1 0.000604243 0.000604243 0.000604243 0 1.25
1 3.01263e-05 3.01263e-05 3.01263e-05 0 1.33333

8 0.0406285 0.0406285 0.0660647 0.0254362 1.5
7 0.0282489 0.0282489 0.0640258 0.0357769 1.33333
6 0.0496411 0.0401014 0.0644984 0.0168271 1.33333
6 0.0521068 0.0521068 0.0632114 0.0111046 1.33333
6 0.0388996 0.0339057 0.0622021 0.027527 1.33333
6 0.0319897 0.0319897 0.0617504 0.0297607 1.33333
5 0.0702069 0.0702069 0.0714082 0.00120129 1.33333
5 0.0305728 0.0269667 0.0701836 0.0425202 1.33333
5 0.0324613 0.0324613 0.0631119 0.0306506 1.33333
4 0.037927 0.037927 0.0759075 0.0379804 1.33333
4 0.0909858 0.0262157 0.0709276 0.0340806 1.33333
4 0.0268467 0.022453 0.0682874 0.0447764 1.33333
4 0.0283037 0.026683 0.0640667 0.0365823 1.33333
1 0.249686 0.249686 0.249686 0 1.5
1 0.195286 0.195286 0.195286 0 1.33333
1 0.186042 0.186042 0.186042 0 1.33333
1 0.162217 0.162217 0.162217 0 1.33333
1 0.151312 0.151312 0.151312 0 1.5
1 0.102133 0.102133 0.102133 0 1.33333
1 0.100818 0.100818 0.100818 0 1.33333
1 0.0700507 0.0700507 0.0700507 0 1.33333
1 0.0358639 0.0358639 0.0698254 0.0339615 1.33333
1 0.0549738 0.0549738 0.0685231 0.0135493 1.33333
1 0.0270889 0.0270889 0.0531216 0.0260327 1.33333
1 0.0174648 0.0174648 0.0347991 0.0173343 1.33333
1 0.00794016 0.00794016 0.00794016 0 1.33333
1 0.00091354 0.00091354 0.00169026 0.000776724 1.33333
1 8.4785e-05 8.4785e-05 8.4785e-05 0 1.33333
1 3.01263e-05 3.01263e-05 3.01263e-05 0 1.33333
1 9.75535e-06 9.75535e-06 9.75535e-06 0 1.33333

6 0.0270857 0.0270857 0.0847733 0.0576876 1.5
5 0.0390801 0.0390801 0.0881675 0.0490875 1.33333
5 0.0371242 0.0327452 0.0869763 0.0533841 1.33333
4 0.114099 0.0954252 0.100094 0.00808583 1.33333
5 0.0300145 0.0300145 0.0800605 0.0500461 1.33333
5 0.0354123 0.0354123 0.0779071 0.0424948 1.33333
5 0.0319897 0.0319897 0.0751422 0.0431525 1.33333
4 0.0254128 0.0247789 0.0930707 0.0681339 1.33333
4 0.0292007 0.0292007 0.0888706 0.05967 1.33333
4 0.0487633 0.0487633 0.0853358 0.0365725 1.33333
4 0.0359073 0.0312976 0.0849738 0.0514231 1.33333
4 0.084911 0.080049 0.08248 0.002431 1.33333
4 0.109183 0.0336091 0.0792608 0.0385967 1.33333
2 0.124843 0.124843 0.124843 0 1.5
1 0.212624 0.212624 0.212624 0 1.5
1 0.195286 0.195286 0.195286 0 1.33333
1 0.186042 0.186042 0.186042 0 1.33333
1 0.18377 0.18377 0.18377 0 1.33333
1 0.164921 0.164921 0.164921 0 1.33333
1 0.162217 0.162217 0.162217 0 1.33333
2 0.0756562 0.0756562 0.0756562 0 1.5
1 0.117974 0.117974 0.117974 0 1.33333
1 0.110618 0.110618 0.110618 0 1.33333
1 0.106438 0.106438 0.106438 0 1.33333
1 0.102133 0.102133 0.102133 0 1.33333
1 0.100818 0.100818 0.100818 0 1.33333
1 0.0812668 0.0812668 0.0812668 0 1.33333
1 0.0770687 0.0770687 0.0770687 0 1.33333
1 0.0717278 0.0717278 0.0717278 0 1.33333
1 0.0700507 0.0700507 0.0700507 0 1.33333
1 0.0351179 0.0351179 0.0351179 0 1.33333
1 0.0349295 0.0349295 0.0349295 0 1.33333
1 0.0261249 0.0261249 0.0261249 0 1.33333
1 0.0240099 0.0240099 0.0240099 0 1.33333
1 0.00794016 0.00794016 0.00794016 0 1.33333
1 0.000609027 0.000609027 0.00164263 0.00103361 1.33333
1 8.4785e-05 8.4785e-05 8.4785e-05 0 1.33333
1 3.01263e-05 3.01263e-05 3.01263e-05 0 1.33333
1 9.75535e-06 9.75535e-06 9.75535e-06 0 1.33333

5 0.060029 0.060029 0.092766 0.032737 1.33333
5 0.0240762 0.0240762 0.0901954 0.0661192 1.25
4 0.0777992 0.0678115 0.106711 0.0342715 1.33333
4 0.0334972 0.0334972 0.104588 0.0710909 1.33333
4 0.0577487 0.050937 0.104013 0.0514578 1.33333
4 0.0462074 0.0462074 0.100057 0.0538499 1.33333
4 0.0413676 0.0413676 0.0980921 0.0567245 1.33333
4 0.0556479 0.0556479 0.0973838 0.0417359 1.33333
3 0.0285247 0.0285247 0.110593 0.0820686 1.33333
3 0.0341343 0.0341343 0.107643 0.0735085 1.33333
3 0.0392744 0.0382947 0.1061 0.0674806 1.33333
3 0.0496286 0.0496286 0.0990427 0.0494141 1.33333
3 0.0424555 0.0424555 0.0948261 0.0523706 1.33333
1 0.278819 0.278819 0.278819 0 1.33333
1 0.269609 0.269609 0.269609 0 1.33333
1 0.253234 0.253234 0.253234 0 1.33333
2 0.124843 0.124843 0.124843 0 1.5
2 0.110139 0.0612566 0.112355 0.0361663 1.33333
1 0.212624 0.212624 0.212624 0 1.5
1 0.195286 0.195286 0.195286 0 1.33333
1 0.186042 0.186042 0.186042 0 1.33333
1 0.184674 0.184674 0.184674 0 1.33333
1 0.164921 0.164921 0.164921 0 1.33333
1 0.162217 0.162217 0.162217 0 1.33333
1 0.0756562 0.0756562 0.151312 0.0756562 1.5
1 0.133445 0.133445 0.133445 0 1.33333
1 0.126621 0.126621 0.126621 0 1.33333
1 0.117974 0.117974 0.117974 0 1.33333
1 0.110618 0.110618 0.110618 0 1.33333
1 0.106438 0.106438 0.106438 0 1.33333
1 0.102199 0.102199 0.102199 0 1.33333
1 0.102133 0.102133 0.102133 0 1.33333
1 0.100818 0.100818 0.100818 0 1.33333
1 0.0812668 0.0812668 0.0812668 0 1.33333
1 0.0770687 0.0770687 0.0770687 0 1.33333
1 0.0717278 0.0717278 0.0717278 0 1.33333
1 0.0700507 0.0700507 0.0700507 0 1.33333
1 0.0351179 0.0351179 0.0351179 0 1.33333
1 0.0174648 0.0174648 0.0347991 0.0173343 1.33333
1 0.0328503 0.0328503 0.0328503 0 1.33333
1 0.0261249 0.0261249 0.0261249 0 1.33333
1 0.0240099 0.0240099 0.0240099 0 1.33333
1 0.00794016 0.00794016 0.00794016 0 1.33333
1 0.00182708 0.00182708 0.00182708 0 1.33333
1 8.4785e-05 8.4785e-05 8.4785e-05 0 1.33333
1 3.01263e-05 3.01263e-05 3.01263e-05 0 1.33333
1 9.75535e-06 9.75535e-06 9.75535e-06 0 1.33333

6 0.0577487 0.050937 0.0775408 0.0255947 1.33333
5 0.0480232 0.0480232 0.086824 0.0388008 1.33333
5 0.0540023 0.0526552 0.0845177 0.0315977 1.33333
5 0.0390801 0.0390801 0.0816868 0.0426067 1.33333
5 0.109183 0.0314589 0.0780591 0.038049 1.33333
4 0.0154775 0.0154775 0.0897081 0.0742305 1.5
1 0.358139 0.358139 0.358139 0 1.33333
4 0.0551568 0.0551568 0.0894218 0.034265 1.33333
4 0.0679288 0.0679288 0.084911 0.0169822 1.33333
4 0.0583494 0.0508586 0.0808375 0.0245758 1.33333
3 0.0432817 0.0432817 0.0958119 0.0525301 1.33333
3 0.0760658 0.0760658 0.0925742 0.0165084 1.33333
3 0.0674023 0.0674023 0.0898697 0.0224674 1.33333
3 0.0361762 0.0361762 0.0844112 0.048235 1.33333
2 0.0253472 0.0253472 0.104987 0.0796402 1.33333
1 0.186042 0.186042 0.186042 0 1.33333
1 0.184674 0.184674 0.184674 0 1.33333
1 0.175661 0.175661 0.175661 0 1.33333
1 0.162217 0.162217 0.162217 0 1.33333
1 0.133445 0.133445 0.133445 0 1.33333
1 0.0698432 0.0698432 0.133154 0.0633105 1.33333
1 0.0824607 0.0824607 0.128601 0.0461404 1.33333
1 0.124769 0.124769 0.124769 0 1.33333
1 0.117974 0.117974 0.117974 0 1.33333
1 0.110618 0.110618 0.110618 0 1.33333
1 0.108233 0.108233 0.108233 0 1.33333
1 0.106438 0.106438 0.106438 0 1.33333
1 0.0530993 0.0530993 0.104199 0.0510995 1.33333
1 0.102133 0.102133 0.102133 0 1.33333
1 0.100818 0.100818 0.100818 0 1.33333
1 0.0812668 0.0812668 0.0812668 0 1.33333
1 0.0770687 0.0770687 0.0770687 0 1.33333
1 0.0717278 0.0717278 0.0717278 0 1.33333
1 0.0700507 0.0700507 0.0700507 0 1.33333
1 0.0272402 0.0272402 0.0391958 0.0119556 1.33333
1 0.0351179 0.0351179 0.0351179 0 1.33333
1 0.0349295 0.0349295 0.0349295 0 1.33333
1 0.0328503 0.0328503 0.0328503 0 1.33333
1 0.032007 0.032007 0.032007 0 1.33333
1 0.0261249 0.0261249 0.0261249 0 1.33333
1 0.0253237 0.0253237 0.0253237 0 1.33333
1 0.0213632 0.0213632 0.0213632 0 1.33333
1 0.0120049 0.0120049 0.0204173 0.00841234 1.33333
1 0.00794016 0.00794016 0.00794016 0 1.33333
1 0.00290708 0.00290708 0.00290708 0 1.33333
1 0.00182708 0.00182708 0.00182708 0 1.33333
1 8.4785e-05 8.4785e-05 8.4785e-05 0 1.33333
1 3.01263e-05 3.01263e-05 3.01263e-05 0 1.33333
1 9.75535e-06 9.75535e-06 9.75535e-06 0 1.33333

6 0.0812571 0.0812571 0.0992296 0.0179725 1.5
4 0.0686045 0.0686045 0.110998 0.0423933 1.33333
4 0.0399799 0.0352641 0.110268 0.0720382 1.33333
4 0.0359073 0.0359073 0.107241 0.0713336 1.33333
4 0.0682394 0.0682394 0.100046 0.0318062 1.33333
4 0.02931 0.02931 0.0955869 0.0662769 1.33333
3 0.0992822 0.0493416 0.11553 0.0404509 1.33333
3 0.0566073 0.0566073 0.113215 0.0566073 1.33333
3 0.0540023 0.0526552 0.111185 0.0580846 1.33333
3 0.0649226 0.0649226 0.104943 0.0400203 1.33333
3 0.0570493 0.0570493 0.102217 0.0451681 1.33333
3 0.0524217 0.0397932 0.102087 0.0583891 1.33333
1 0.252925 0.252925 0.252925 0 1.33333
2 0.0337011 0.0337011 0.121661 0.0879594 1.33333
2 0.159204 0.0824607 0.120832 0.0383714 1.33333
1 0.238721 0.238721 0.238721 0 1.33333
2 0.0900552 0.0573639 0.109081 0.0389656 1.33333
2 0.0281371 0.0281371 0.106911 0.0787737 1.33333
2 0.0461686 0.0461686 0.0923371 0.0461686 1.33333
1 0.18377 0.18377 0.18377 0 1.33333
1 0.167204 0.167204 0.167204 0 1.33333
1 0.162217 0.162217 0.162217 0 1.33333
1 0.0585537 0.0585537 0.146764 0.0882101 1.33333
1 0.139686 0.139686 0.139686 0 1.33333
1 0.0464698 0.0464698 0.139002 0.0925323 1.33333
1 0.133445 0.133445 0.133445 0 1.33333
1 0.0623846 0.0623846 0.124769 0.0623846 1.33333
1 0.0671569 0.0671569 0.122466 0.0553092 1.33333
1 0.117974 0.117974 0.117974 0 1.33333
1 0.0532188 0.0532188 0.106438 0.0532188 1.33333
1 0.102133 0.102133 0.102133 0 1.33333
1 0.100818 0.100818 0.100818 0 1.33333
1 0.0360777 0.0360777 0.0973948 0.0613171 1.33333
1 0.0712036 0.0712036 0.0876288 0.0164252 1.33333
1 0.0812668 0.0812668 0.0812668 0 1.33333
1 0.0774939 0.0774939 0.0774939 0 1.33333
1 0.0661974 0.0661974 0.076879 0.0106816 1.33333
1 0.0717278 0.0717278 0.0717278 0 1.33333
1 0.0700507 0.0700507 0.0700507 0 1.33333
1 0.0625909 0.0625909 0.0625909 0 1.33333
1 0.0385344 0.0385344 0.0565191 0.0179847 1.33333
1 0.0544804 0.0544804 0.0544804 0 1.33333
1 0.0351179 0.0351179 0.0351179 0 1.33333
1 0.0349295 0.0349295 0.0349295 0 1.33333
1 0.032007 0.032007 0.032007 0 1.33333
1 0.0261249 0.0261249 0.0261249 0 1.33333
1 0.0256456 0.0256456 0.0256456 0 1.33333
1 0.0253237 0.0253237 0.0253237 0 1.33333
1 0.0240099 0.0240099 0.0240099 0 1.33333
1 0.00794016 0.00794016 0.00794016 0 1.33333
1 0.00290708 0.00290708 0.00290708 0 1.33333
1 0.00182708 0.00182708 0.00182708 0 1.33333
1 0.000647986 0.000647986 0.000704509 5.65233e-05 1.33333
1 3.01263e-05 3.01263e-05 3.01263e-05 0 1.33333
1 1.20617e-05 1.20617e-05 2.36992e-05 1.16375e-05 1.33333
1 9.75535e-06 9.75535e-06 9.75535e-06 0 1.33333

5 0.103948 0.0916866 0.0979093 0.0054864 1.33333
4 0.11724 0.11724 0.11724 0 1.33333
3 0.152132 0.152132 0.152132 0 1.33333
4 0.0116082 0.0116082 0.109129 0.097521 1.25
3 0.144006 0.140414 0.141611 0.00169342 1.25
3 0.16547 0.082236 0.137726 0.0392371 1.33333
4 0.093359 0.093359 0.101768 0.00840944 1.33333
3 0.129845 0.129845 0.129845 0 1.33333
3 0.0104398 0.0104398 0.125553 0.115113 1.33333
3 0.157265 0.0969494 0.124531 0.0248918 1.33333
3 0.136479 0.0393236 0.117202 0.0476382 1.33333
1 0.278819 0.278819 0.278819 0 1.33333
2 0.134805 0.134805 0.134805 0 1.33333
2 0.0679288 0.0679288 0.127831 0.0599026 1.33333
2 0.126617 0.126617 0.126617 0 1.33333
1 0.252925 0.252925 0.252925 0 1.33333
2 0.159204 0.0824607 0.120832 0.0383714 1.33333
1 0.238721 0.238721 0.238721 0 1.33333
2 0.106312 0.106312 0.106312 0 1.5
1 0.0615581 0.0615581 0.184674 0.123116 1.33333
1 0.18377 0.18377 0.18377 0 1.33333
1 0.167204 0.167204 0.167204 0 1.33333
1 0.162217 0.162217 0.162217 0 1.33333
1 0.114728 0.114728 0.156298 0.0415703 1.33333
1 0.142407 0.142407 0.142407 0 1.33333
1 0.139686 0.139686 0.139686 0 1.33333
1 0.133445 0.133445 0.133445 0 1.33333
1 0.132395 0.132395 0.132395 0 1.33333
1 0.124769 0.124769 0.124769 0 1.33333
1 0.0393245 0.0393245 0.117974 0.0786491 1.33333
1 0.110618 0.110618 0.110618 0 1.33333
1 0.108233 0.108233 0.108233 0 1.33333
1 0.106438 0.106438 0.106438 0 1.33333
1 0.102133 0.102133 0.102133 0 1.33333
1 0.100818 0.100818 0.100818 0 1.33333
1 0.0812668 0.0812668 0.0812668 0 1.33333
1 0.0774939 0.0774939 0.0774939 0 1.33333
1 0.0770687 0.0770687 0.0770687 0 1.33333
1 0.0717278 0.0717278 0.0717278 0 1.33333
1 0.0700507 0.0700507 0.0700507 0 1.33333
1 0.0625909 0.0625909 0.0625909 0 1.33333
1 0.0544804 0.0544804 0.0544804 0 1.33333
1 0.0351179 0.0351179 0.0351179 0 1.33333
1 0.0349295 0.0349295 0.0349295 0 1.33333
1 0.032007 0.032007 0.032007 0 1.33333
1 0.0261249 0.0261249 0.0261249 0 1.33333
1 0.0256456 0.0256456 0.0256456 0 1.33333
1 0.0253237 0.0253237 0.0253237 0 1.33333
1 0.0240099 0.0240099 0.0240099 0 1.33333
1 0.00794016 0.00794016 0.00794016 0 1.33333
1 0.00290708 0.00290708 0.00290708 0 1.33333
1 0.00194396 0.00194396 0.00194396 0 1.33333
1 0.00182708 0.00182708 0.00182708 0 1.33333
1 3.01263e-05 3.01263e-05 3.01263e-05 0 1.33333
1 2.41235e-05 2.41235e-05 2.41235e-05 0 1.33333
1 9.75535e-06 9.75535e-06 9.75535e-06 0 1.33333

4 0.116699 0.116699 0.116699 0 1.33333
4 0.114099 0.0863724 0.107167 0.0120058 1.33333
5 0.0590961 0.0436574 0.0838087 0.028478 1.5
3 0.16547 0.082236 0.137726 0.0392371 1.33333
3 0.129845 0.129845 0.129845 0 1.33333
4 0.0104214 0.0104214 0.0941265 0.0837051 1.25
4 0.0130728 0.0118122 0.0929037 0.0807782 1.33333
2 0.169822 0.169822 0.169822 0 1.33333
3 0.109183 0.0378533 0.104413 0.0386249 1.33333
3 0.0943591 0.0581697 0.0906295 0.0218221 1.33333
2 0.134805 0.134805 0.134805 0 1.33333
2 0.126617 0.126617 0.126617 0 1.33333
1 0.252925 0.252925 0.252925 0 1.33333
2 0.159204 0.0824607 0.120832 0.0383714 1.33333
1 0.233998 0.233998 0.233998 0 1.33333
1 0.229456 0.229456 0.229456 0 1.33333
2 0.0540023 0.0526552 0.100941 0.0476173 1.33333
1 0.184674 0.184674 0.184674 0 1.33333
1 0.18377 0.18377 0.18377 0 1.33333
1 0.175661 0.175661 0.175661 0 1.33333
1 0.167204 0.167204 0.167204 0 1.33333
1 0.0645248 0.0645248 0.164775 0.10025 1.33333
1 0.162217 0.162217 0.162217 0 1.33333
1 0.0683391 0.0683391 0.161241 0.0929021 1.33333
1 0.0689481 0.0689481 0.146605 0.0776564 1.33333
1 0.133445 0.133445 0.133445 0 1.33333
1 0.132395 0.132395 0.132395 0 1.33333
1 0.124769 0.124769 0.124769 0 1.33333
1 0.117974 0.117974 0.117974 0 1.33333
1 0.110618 0.110618 0.110618 0 1.33333
1 0.106438 0.106438 0.106438 0 1.33333
1 0.100818 0.100818 0.100818 0 1.33333
1 0.0812668 0.0812668 0.0812668 0 1.33333
1 0.0774939 0.0774939 0.0774939 0 1.33333
1 0.0770687 0.0770687 0.0770687 0 1.33333
1 0.0358639 0.0358639 0.0717278 0.0358639 1.33333
1 0.0350254 0.0350254 0.0700507 0.0350254 1.33333
1 0.0510664 0.0510664 0.0700129 0.0189465 1.33333
1 0.0625909 0.0625909 0.0625909 0 1.33333
1 0.0544804 0.0544804 0.0544804 0 1.33333
1 0.0349295 0.0349295 0.0349295 0 1.33333
1 0.032007 0.032007 0.032007 0 1.33333
1 0.0253237 0.0253237 0.0253237 0 1.33333
1 0.00794016 0.00794016 0.00794016 0 1.33333
1 0.00290708 0.00290708 0.00290708 0 1.33333
1 0.00194396 0.00194396 0.00194396 0 1.33333
1 0.00182708 0.00182708 0.00182708 0 1.33333
1 3.01263e-05 3.01263e-05 3.01263e-05 0 1.33333
1 1.20617e-05 1.20617e-05 1.70027e-05 4.94092e-06 1.33333
1 9.75535e-06 9.75535e-06 9.75535e-06 0 1.33333

5 0.0958672 0.0866231 0.104408 0.0156078 1.33333
5 0.0650057 0.0468961 0.0934178 0.0328429 1.33333
1 0.421241 0.421241 0.421241 0 1.33333
3 0.129845 0.129845 0.129845 0 1.33333
3 0.157265 0.0969494 0.124531 0.0248918 1.33333
2 0.240116 0.127871 0.183994 0.0561222 1.33333
4 0.00975783 0.0097249 0.0915155 0.0817824 1.33333
1 0.341696 0.341696 0.341696 0 1.33333
3 0.16547 0.082236 0.109981 0.0392371 1.33333
3 0.0130398 0.0130398 0.104481 0.0914411 1.33333
3 0.181972 0.0524315 0.099164 0.0587152 1.33333
1 0.278819 0.278819 0.278819 0 1.33333
2 0.126617 0.126617 0.126617 0 1.33333
1 0.252925 0.252925 0.252925 0 1.33333
1 0.238721 0.238721 0.238721 0 1.33333
2 0.114728 0.114728 0.114728 0 1.33333
2 0.216009 0.0133581 0.114684 0.101325 1.33333
2 0.0679288 0.0679288 0.10582 0.0378909 1.33333
1 0.206844 0.206844 0.206844 0 1.33333
2 0.0636814 0.0369004 0.0971963 0.0487793 1.33333
1 0.184674 0.184674 0.184674 0 1.33333
2 0.0918848 0.0918848 0.0918848 0 1.33333
1 0.167204 0.167204 0.167204 0 1.33333
1 0.0878305 0.0878305 0.159134 0.0713033 1.33333
1 0.0811085 0.0811085 0.150322 0.0692134 1.33333
1 0.0539218 0.0539218 0.14951 0.0955882 1.33333
1 0.13545 0.13545 0.13545 0 1.33333
1 0.133445 0.133445 0.133445 0 1.33333
1 0.132395 0.132395 0.132395 0 1.33333
1 0.117974 0.117974 0.117974 0 1.33333
1 0.110618 0.110618 0.110618 0 1.33333
1 0.106438 0.106438 0.106438 0 1.33333
1 0.0666445 0.0666445 0.10236 0.0357156 1.33333
1 0.102133 0.102133 0.102133 0 1.33333
1 0.100818 0.100818 0.100818 0 1.33333
1 0.0812668 0.0812668 0.0812668 0 1.33333
1 0.0774939 0.0774939 0.0774939 0 1.33333
1 0.0770687 0.0770687 0.0770687 0 1.33333
1 0.0717278 0.0717278 0.0717278 0 1.33333
1 0.0312954 0.0312954 0.0562029 0.0249075 1.33333
1 0.0544804 0.0544804 0.0544804 0 1.33333
1 0.0393278 0.0393278 0.0393278 0 1.33333
1 0.0349295 0.0349295 0.0349295 0 1.33333
1 0.032007 0.032007 0.032007 0 1.33333
1 0.0253237 0.0253237 0.0253237 0 1.33333
1 0.0217733 0.0217733 0.0217733 0 1.33333
1 0.00794016 0.00794016 0.00794016 0 1.33333
1 0.00145354 0.00145354 0.00267974 0.0012262 1.33333
1 0.00182708 0.00182708 0.00182708 0 1.33333
1 0.000971979 0.000971979 0.00111075 0.000138774 1.33333
1 3.01263e-05 3.01263e-05 3.01263e-05 0 1.33333
1 2.41235e-05 2.41235e-05 2.41235e-05 0 1.33333
1 9.75535e-06 9.75535e-06 9.75535e-06 0 1.33333

3 0.155598 0.155598 0.155598 0 1.33333
3 0.156125 0.140414 0.146848 0.00672166 1.25
3 0.181972 0.0630889 0.142344 0.0560418 1.33333
3 0.16547 0.082236 0.137726 0.0392371 1.33333
3 0.129845 0.129845 0.129845 0 1.33333
4 0.0162514 0.0162514 0.0966504 0.080399 1.5
4 0.114099 0.031365 0.0934152 0.0358247 1.33333
3 0.157265 0.0969494 0.124531 0.0248918 1.33333
3 0.00974921 0.00974921 0.122028 0.112279 1.5
3 0.0781601 0.0781601 0.117538 0.0393775 1.5
1 0.341696 0.341696 0.341696 0 1.33333
2 0.169822 0.169822 0.169822 0 1.33333
3 0.120058 0.0547725 0.0947904 0.0326185 1.33333
1 0.278819 0.278819 0.278819 0 1.33333
1 0.269609 0.269609 0.269609 0 1.33333
2 0.126617 0.126617 0.126617 0 1.33333
1 0.252925 0.252925 0.252925 0 1.33333
2 0.159204 0.0922509 0.125727 0.0334763 1.33333
1 0.233998 0.233998 0.233998 0 1.33333
2 0.114728 0.114728 0.114728 0 1.33333
1 0.206844 0.206844 0.206844 0 1.33333
1 0.184674 0.184674 0.184674 0 1.33333
1 0.0918848 0.0918848 0.18377 0.0918848 1.33333
1 0.167204 0.167204 0.167204 0 1.33333
1 0.162217 0.162217 0.162217 0 1.33333
1 0.13545 0.13545 0.13545 0 1.33333
1 0.133445 0.133445 0.133445 0 1.33333
1 0.0667135 0.0667135 0.133358 0.0666445 1.33333
1 0.132395 0.132395 0.132395 0 1.33333
1 0.117974 0.117974 0.117974 0 1.33333
1 0.110618 0.110618 0.110618 0 1.33333
1 0.106438 0.106438 0.106438 0 1.33333
1 0.102133 0.102133 0.102133 0 1.33333
1 0.100818 0.100818 0.100818 0 1.33333
1 0.0812668 0.0812668 0.0812668 0 1.33333
1 0.0770687 0.0770687 0.0770687 0 1.33333
1 0.0717278 0.0717278 0.0717278 0 1.33333
1 0.0625909 0.0625909 0.0625909 0 1.33333
1 0.0544804 0.0544804 0.0544804 0 1.33333
1 0.0258313 0.0258313 0.0532558 0.0274245 1.33333
1 0.0393278 0.0393278 0.0393278 0 1.33333
1 0.0349295 0.0349295 0.0349295 0 1.33333
1 0.032007 0.032007 0.032007 0 1.33333
1 0.0267163 0.0267163 0.0267163 0 1.33333
1 0.0253237 0.0253237 0.0253237 0 1.33333
1 0.0217733 0.0217733 0.0217733 0 1.33333
1 0.00794016 0.00794016 0.00794016 0 1.33333
1 0.00290708 0.00290708 0.00290708 0 1.33333
1 0.00194396 0.00194396 0.00194396 0 1.33333
1 0.00182708 0.00182708 0.00182708 0 1.33333
1 3.01263e-05 3.01263e-05 3.01263e-05 0 1.33333
1 2.41235e-05 2.41235e-05 2.41235e-05 0 1.33333
1 9.75535e-06 9.75535e-06 9.75535e-06 0 1.33333

3 0.16547 0.082236 0.137726 0.0392371 1.33333
3 0.129845 0.129845 0.129845 0 1.33333
4 0.114099 0.031365 0.0934152 0.0358247 1.33333
5 0.00767829 0.00765238 0.0721185 0.0644486 1.25
3 0.157265 0.0969494 0.117055 0.0284331 1.33333
3 0.160077 0.07303 0.106118 0.0384794 1.33333
3 0.181972 0.0524315 0.099164 0.0587152 1.33333
4 0.0166681 0.0166681 0.0729249 0.0562568 1.33333
1 0.269609 0.269609 0.269609 0 1.33333
3 0.0844112 0.0844112 0.0844112 0 1.33333
1 0.252925 0.252925 0.252925 0 1.33333
2 0.159204 0.0922509 0.125727 0.0334763 1.33333
1 0.238721 0.238721 0.238721 0 1.33333
2 0.114728 0.114728 0.114728 0 1.33333
3 0.0302739 0.0302739 0.0750366 0.0447628 1.33333
1 0.193575 0.193575 0.193575 0 1.33333
1 0.184674 0.184674 0.184674 0 1.33333
2 0.0612566 0.0612566 0.0842406 0.022984 1.33333
1 0.167204 0.167204 0.167204 0 1.33333
1 0.162217 0.162217 0.162217 0 1.33333
1 0.13545 0.13545 0.13545 0 1.33333
1 0.134009 0.134009 0.134009 0 1.33333
1 0.133445 0.133445 0.133445 0 1.33333
1 0.133427 0.133427 0.133427 0 1.33333
1 0.132395 0.132395 0.132395 0 1.33333
1 0.0424785 0.0424785 0.120436 0.0779577 1.33333
1 0.117974 0.117974 0.117974 0 1.33333
1 0.100818 0.100818 0.100818 0 1.33333
1 0.0355521 0.0355521 0.077338 0.041786 1.33333
1 0.0770687 0.0770687 0.0770687 0 1.33333
1 0.0625909 0.0625909 0.0625909 0 1.33333
1 0.0544804 0.0544804 0.0544804 0 1.33333
1 0.0349295 0.0349295 0.0349295 0 1.33333
1 0.0253237 0.0253237 0.0253237 0 1.33333
1 0.0217733 0.0217733 0.0217733 0 1.33333
1 0.00794016 0.00794016 0.00794016 0 1.33333
1 0.00290708 0.00290708 0.00290708 0 1.33333
1 0.00194396 0.00194396 0.00194396 0 1.33333
1 0.00091354 0.00091354 0.00133955 0.000426006 1.25
1 3.01263e-05 3.01263e-05 3.01263e-05 0 1.33333
1 0 0 0 0 1.33333

3 0.191734 0.191734 0.191734 0 1.33333
3 0.156125 0.156125 0.156125 0 1.25
5 0.0812571 0.0584217 0.0927942 0.0185143 1.5
4 0.114099 0.031365 0.0934152 0.0358247 1.33333
4 0.0110314 0.0110314 0.0853559 0.0743246 1.33333
3 0.160077 0.07303 0.106118 0.0384794 1.33333
3 0.00973838 0.00973838 0.105447 0.0957089 1.33333
3 0.117949 0.0727121 0.101566 0.0203773 1.33333
2 0.177978 0.119361 0.148669 0.0293086 1.33333
1 0.269609 0.269609 0.269609 0 1.33333
3 0.0844112 0.0844112 0.0844112 0 1.33333
1 0.252925 0.252925 0.252925 0 1.33333
2 0.159204 0.0922509 0.125727 0.0334763 1.33333
2 0.114728 0.114728 0.114728 0 1.33333
2 0.0967873 0.0967873 0.0967873 0 1.33333
1 0.191334 0.191334 0.191334 0 1.33333
1 0.184674 0.184674 0.184674 0 1.33333
2 0.0918848 0.0918848 0.0918848 0 1.33333
1 0.175661 0.175661 0.175661 0 1.33333
2 0.0630889 0.0524315 0.0839759 0.0267518 1.33333
1 0.167204 0.167204 0.167204 0 1.33333
1 0.162217 0.162217 0.162217 0 1.33333
1 0.143523 0.143523 0.143523 0 1.33333
1 0.13545 0.13545 0.13545 0 1.33333
1 0.134009 0.134009 0.134009 0 1.33333
1 0.133445 0.133445 0.133445 0 1.33333
1 0.133427 0.133427 0.133427 0 1.33333
1 0.041545 0.041545 0.124635 0.0830901 1.33333
1 0.0637177 0.0637177 0.118464 0.0547462 1.25
1 0.117974 0.117974 0.117974 0 1.33333
1 0.110618 0.110618 0.110618 0 1.33333
1 0.0773043 0.0773043 0.104544 0.0272402 1.25
1 0.102199 0.102199 0.102199 0 1.33333
1 0.100818 0.100818 0.100818 0 1.33333
1 0.0887312 0.0887312 0.0996179 0.0108866 1.33333
1 0.0661974 0.0661974 0.0772049 0.0110075 1.33333
1 0.0770687 0.0770687 0.0770687 0 1.33333
1 0.067923 0.067923 0.067923 0 1.33333
1 0.0625909 0.0625909 0.0625909 0 1.33333
1 0.0349295 0.0349295 0.0349295 0 1.33333
1 0.028679 0.028679 0.028679 0 1.33333
1 0.0253237 0.0253237 0.0253237 0 1.33333
1 0.0168247 0.0168247 0.0168247 0 1.33333
1 0.00794016 0.00794016 0.00794016 0 1.33333
1 0.00290708 0.00290708 0.00290708 0 1.33333
1 0.00194396 0.00194396 0.00194396 0 1.33333
1 0.00091354 0.00091354 0.000956229 4.26886e-05 1.33333
1 3.01263e-05 3.01263e-05 3.01263e-05 0 1.33333
1 2.17336e-06 2.17336e-06 2.17336e-06 0 1.33333
1 0 0 0 0 1.33333

5 0.0122384 0.0122384 0.0849874 0.0727491 1.25
5 0.0154775 0.0111518 0.0828926 0.0683021 1.25
3 0.129845 0.129845 0.129845 0 1.33333
3 0.157265 0.0969494 0.124531 0.0248918 1.33333
4 0.124103 0.061677 0.0928899 0.0312129 1.33333
2 0.272957 0.0946333 0.183795 0.089162 1.33333
4 0.0760658 0.0510244 0.0877891 0.0209997 1.33333
3 0.160077 0.07303 0.106118 0.0384794 1.33333
2 0.177978 0.119361 0.148669 0.0293086 1.33333
1 0.269609 0.269609 0.269609 0 1.33333
3 0.0844112 0.0844112 0.0844112 0 1.33333
1 0.252925 0.252925 0.252925 0 1.33333
2 0.159204 0.0922509 0.125727 0.0334763 1.33333
2 0.114728 0.114728 0.114728 0 1.33333
2 0.0967873 0.0967873 0.0967873 0 1.33333
1 0.191334 0.191334 0.191334 0 1.33333
1 0.184674 0.184674 0.184674 0 1.33333
2 0.0918848 0.0918848 0.0918848 0 1.33333
1 0.177462 0.177462 0.177462 0 1.33333
1 0.167204 0.167204 0.167204 0 1.33333
1 0.162217 0.162217 0.162217 0 1.33333
1 0.0946973 0.0946973 0.145797 0.0510995 1.33333
1 0.143523 0.143523 0.143523 0 1.33333
1 0.143183 0.143183 0.143183 0 1.33333
1 0.13545 0.13545 0.13545 0 1.33333
1 0.133445 0.133445 0.133445 0 1.33333
1 0.133427 0.133427 0.133427 0 1.33333
1 0.132395 0.132395 0.132395 0 1.33333
1 0.124635 0.124635 0.124635 0 1.33333
1 0.0190673 0.0190673 0.118653 0.0995856 1.33333
1 0.110618 0.110618 0.110618 0 1.33333
1 0.100818 0.100818 0.100818 0 1.33333
1 0.0773043 0.0773043 0.0899661 0.0126619 1.33333
1 0.0424785 0.0424785 0.081803 0.0393245 1.33333
1 0.0770687 0.0770687 0.0770687 0 1.33333
1 0.067923 0.067923 0.067923 0 1.33333
1 0.0625909 0.0625909 0.0625909 0 1.33333
1 0.0407161 0.0407161 0.0407161 0 1.33333
1 0.0349295 0.0349295 0.0349295 0 1.33333
1 0.028679 0.028679 0.028679 0 1.33333
1 0.0168247 0.0168247 0.0168247 0 1.33333
1 0.00794016 0.00794016 0.00794016 0 1.33333
1 0.00290708 0.00290708 0.00290708 0 1.33333
1 0.00112465 0.00112465 0.00203819 0.00091354 1.33333
1 0.00194396 0.00194396 0.00194396 0 1.33333
1 3.01263e-05 3.01263e-05 3.01263e-05 0 1.33333
1 2.17336e-06 2.17336e-06 2.17336e-06 0 1.33333

5 0.00663323 0.00663323 0.0937211 0.0870879 1.33333
3 0.129845 0.129845 0.129845 0 1.33333
4 0.124103 0.061677 0.0928899 0.0312129 1.33333
2 0.272957 0.0946333 0.183795 0.089162 1.33333
4 0.0360289 0.0360289 0.0808727 0.0448439 1.25
2 0.177978 0.119361 0.148669 0.0293086 1.33333
1 0.269609 0.269609 0.269609 0 1.33333
3 0.117949 0.0727121 0.0898089 0.0214201 1.33333
1 0.255743 0.255743 0.255743 0 1.33333
3 0.0844112 0.0844112 0.0844112 0 1.33333
1 0.252925 0.252925 0.252925 0 1.33333
2 0.159204 0.0922509 0.125727 0.0334763 1.33333
1 0.241117 0.241117 0.241117 0 1.33333
2 0.139409 0.0967873 0.118098 0.021311 1.33333
2 0.114728 0.114728 0.114728 0 1.33333
1 0.218149 0.218149 0.218149 0 1.33333
1 0.191334 0.191334 0.191334 0 1.33333
1 0.189395 0.189395 0.189395 0 1.33333
1 0.184674 0.184674 0.184674 0 1.33333
2 0.0918848 0.0918848 0.0918848 0 1.33333
1 0.177462 0.177462 0.177462 0 1.33333
1 0.167204 0.167204 0.167204 0 1.33333
1 0.162217 0.162217 0.162217 0 1.33333
1 0.154609 0.154609 0.154609 0 1.25
1 0.143523 0.143523 0.143523 0 1.33333
1 0.143183 0.143183 0.143183 0 1.33333
1 0.13545 0.13545 0.13545 0 1.33333
1 0.133445 0.133445 0.133445 0 1.33333
1 0.132395 0.132395 0.132395 0 1.33333
1 0.067984 0.067984 0.131702 0.0637177 1.33333
1 0.124635 0.124635 0.124635 0 1.33333
1 0.112745 0.112745 0.112745 0 1.25
1 0.110618 0.110618 0.110618 0 1.33333
1 0.100818 0.100818 0.100818 0 1.33333
1 0.095552 0.095552 0.095552 0 1.25
1 0.0770687 0.0770687 0.0770687 0 1.33333
1 0.067923 0.067923 0.067923 0 1.33333
1 0.0625909 0.0625909 0.0625909 0 1.33333
1 0.0205684 0.0205684 0.0409264 0.020358 1.33333
1 0.0349295 0.0349295 0.0349295 0 1.33333
1 0.028679 0.028679 0.028679 0 1.33333
1 0.0168247 0.0168247 0.0168247 0 1.33333
1 0.00794016 0.00794016 0.00794016 0 1.33333
1 0.00290708 0.00290708 0.00290708 0 1.33333
1 0.0022493 0.0022493 0.0022493 0 1.33333
1 0.00194396 0.00194396 0.00194396 0 1.33333
1 3.01263e-05 3.01263e-05 3.01263e-05 0 1.33333
1 2.17336e-06 2.17336e-06 2.17336e-06 0 1.33333

6 0.0135428 0.0135428 0.0817828 0.0682399 1.5
4 0.124103 0.061677 0.108496 0.0270311 1.33333
3 0.157265 0.0969494 0.124531 0.0248918 1.33333
2 0.272957 0.0946333 0.183795 0.089162 1.33333
4 0.00751914 0.00721362 0.0809655 0.0736756 1.33333
2 0.177978 0.119361 0.148669 0.0293086 1.33333
1 0.269609 0.269609 0.269609 0 1.33333
1 0.255743 0.255743 0.255743 0 1.33333
3 0.0844112 0.0844112 0.0844112 0 1.33333
1 0.252925 0.252925 0.252925 0 1.33333
2 0.159204 0.0922509 0.125727 0.0334763 1.33333
3 0.0929396 0.0645248 0.083468 0.0133948 1.33333
2 0.114728 0.114728 0.114728 0 1.33333
1 0.218149 0.218149 0.218149 0 1.33333
1 0.191334 0.191334 0.191334 0 1.33333
1 0.189395 0.189395 0.189395 0 1.33333
1 0.184674 0.184674 0.184674 0 1.33333
2 0.0918848 0.0918848 0.0918848 0 1.33333
1 0.177462 0.177462 0.177462 0 1.33333
2 0.0878305 0.0878305 0.0878305 0 1.33333
1 0.167204 0.167204 0.167204 0 1.33333
1 0.162217 0.162217 0.162217 0 1.33333
1 0.154609 0.154609 0.154609 0 1.25
1 0.0803724 0.0803724 0.144457 0.0640847 1.33333
1 0.143183 0.143183 0.143183 0 1.33333
1 0.135968 0.135968 0.135968 0 1.25
1 0.13545 0.13545 0.13545 0 1.33333
1 0.133445 0.133445 0.133445 0 1.33333
1 0.132395 0.132395 0.132395 0 1.33333
1 0.124635 0.124635 0.124635 0 1.33333
1 0.0717614 0.0717614 0.119995 0.0482337 1.33333
1 0.112745 0.112745 0.112745 0 1.25
1 0.110618 0.110618 0.110618 0 1.33333
1 0.100818 0.100818 0.100818 0 1.33333
1 0.095552 0.095552 0.095552 0 1.25
1 0.0770687 0.0770687 0.0770687 0 1.33333
1 0.067923 0.067923 0.067923 0 1.33333
1 0.0625909 0.0625909 0.0625909 0 1.33333
1 0.0519592 0.0519592 0.0519592 0 1.33333
1 0.0411367 0.0411367 0.0411367 0 1.33333
1 0.0349295 0.0349295 0.0349295 0 1.33333
1 0.028679 0.028679 0.028679 0 1.33333
1 0.0110181 0.0110181 0.0220363 0.0110181 1.33333
1 0.0168247 0.0168247 0.0168247 0 1.33333
1 0.00794016 0.00794016 0.00794016 0 1.33333
1 0.00290708 0.00290708 0.00290708 0 1.33333
1 0.0022493 0.0022493 0.0022493 0 1.33333
1 0.00194396 0.00194396 0.00194396 0 1.33333
1 3.01263e-05 3.01263e-05 3.01263e-05 0 1.33333
1 1.08668e-06 1.08668e-06 2.17336e-06 1.08668e-06 1.33333

8 0.0122652 0.0122652 0.0556956 0.0434303 1.5
3 0.157265 0.0969494 0.124531 0.0248918 1.33333
2 0.272957 0.0946333 0.183795 0.089162 1.33333
5 0.0812067 0.0243393 0.0678534 0.0217946 1.33333
6 0.00954637 0.00954637 0.0560834 0.0465371 1.33333
2 0.177978 0.119361 0.148669 0.0293086 1.33333
1 0.269609 0.269609 0.269609 0 1.33333
1 0.255743 0.255743 0.255743 0 1.33333
3 0.0844112 0.0844112 0.0844112 0 1.33333
1 0.252925 0.252925 0.252925 0 1.33333
2 0.159204 0.0922509 0.125727 0.0334763 1.33333
2 0.114728 0.114728 0.114728 0 1.33333
3 0.0929396 0.0645248 0.0739964 0.0133948 1.33333
3 0.0624214 0.0378281 0.0637445 0.0161816 1.5
1 0.184674 0.184674 0.184674 0 1.33333
2 0.0918848 0.0918848 0.0918848 0 1.33333
1 0.177462 0.177462 0.177462 0 1.33333
1 0.167204 0.167204 0.167204 0 1.33333
1 0.162217 0.162217 0.162217 0 1.33333
2 0.0637781 0.0637781 0.0793751 0.015597 1.33333
1 0.154609 0.154609 0.154609 0 1.25
2 0.0946973 0.0510995 0.0728984 0.0217989 1.33333
1 0.00893027 0.00893027 0.0712924 0.0623622 1.33333

7 0.0125011 0.0125011 0.0726286 0.0601275 1.5
5 0.0827352 0.041118 0.0743119 0.0219842 1.33333
3 0.143835 0.037956 0.108542 0.0499119 1.33333
4 0.0676722 0.0649226 0.0759239 0.0103824 1.33333
4 0.0112332 0.0112332 0.0740238 0.0627906 1.33333
2 0.177978 0.116999 0.147488 0.0304895 1.33333
1 0.269609 0.269609 0.269609 0 1.33333
1 0.255743 0.255743 0.255743 0 1.33333
3 0.0844112 0.0844112 0.0844112 0 1.33333
1 0.252925 0.252925 0.252925 0 1.33333
2 0.159204 0.0922509 0.125727 0.0334763 1.33333
2 0.124843 0.124843 0.124843 0 1.5
1 0.241117 0.241117 0.241117 0 1.33333
2 0.114728 0.114728 0.114728 0 1.33333
3 0.0929396 0.0645248 0.0739964 0.0133948 1.33333
2 0.106312 0.106312 0.106312 0 1.5
2 0.106312 0.106312 0.106312 0 1.5
2 0.0956672 0.0956672 0.0956672 0 1.33333
1 0.184674 0.184674 0.184674 0 1.33333
2 0.0918848 0.0918848 0.0918848 0 1.33333
1 0.177462 0.177462 0.177462 0 1.33333
1 0.167204 0.167204 0.167204 0 1.33333
1 0.162217 0.162217 0.162217 0 1.33333
1 0.151312 0.151312 0.151312 0 1.5
1 0.142407 0.142407 0.142407 0 1.33333
1 0.0630889 0.0630889 0.125183 0.0620943 1.33333
1 0.0473487 0.0473487 0.094213 0.0468643 1.33333
1 0.0564755 0.0564755 0.0735725 0.017097 1.33333
1 0.0515362 0.0515362 0.0705205 0.0189843 1.33333

7 0.0125011 0.0125011 0.0724678 0.0599667 1.5
4 0.117949 0.117949 0.117949 0 1.33333
4 0.0103419 0.0103419 0.0811174 0.0707755 1.33333
2 0.177978 0.116999 0.147488 0.0304895 1.33333
3 0.0580048 0.0556479 0.0935102 0.0370933 1.33333
1 0.269609 0.269609 0.269609 0 1.33333
1 0.255743 0.255743 0.255743 0 1.33333
3 0.0844112 0.0844112 0.0844112 0 1.33333
1 0.252925 0.252925 0.252925 0 1.33333
2 0.159204 0.0922509 0.125727 0.0334763 1.33333
3 0.0624214 0.0624214 0.0832286 0.0208071 1.5
1 0.241117 0.241117 0.241117 0 1.33333
2 0.114728 0.114728 0.114728 0 1.33333
3 0.143835 0.037956 0.0735567 0.0496958 1.33333
2 0.0425248 0.0425248 0.106312 0.0637872 1.5
2 0.106312 0.106312 0.106312 0 1.5
2 0.0645248 0.0645248 0.0967873 0.0322624 1.33333
2 0.0956672 0.0956672 0.0956672 0 1.33333
1 0.189395 0.189395 0.189395 0 1.33333
1 0.189267 0.189267 0.189267 0 1.33333
1 0.184674 0.184674 0.184674 0 1.33333
2 0.0918848 0.0918848 0.0918848 0 1.33333
1 0.177462 0.177462 0.177462 0 1.33333
1 0.169426 0.169426 0.169426 0 1.33333
1 0.167204 0.167204 0.167204 0 1.33333
1 0.162217 0.162217 0.162217 0 1.33333
1 0.154609 0.154609 0.154609 0 1.25
1 0.151312 0.151312 0.151312 0 1.5
1 0.142407 0.142407 0.142407 0 1.33333
1 0.141381 0.141381 0.141381 0 1.33333
1 0.116268 0.116268 0.116268 0 1.5
1 0.067923 0.067923 0.067923 0 1.33333
1 8.53772e-05 8.53772e-05 8.53772e-05 0 1.33333

5 0.0135428 0.0135428 0.0839701 0.0704273 1.5
3 0.135344 0.129845 0.131678 0.00259242 1.33333
5 0.00943591 0.00943591 0.0754324 0.0659965 1.33333
4 0.124103 0.061677 0.0928899 0.0312129 1.33333
2 0.246431 0.0712036 0.158817 0.0876137 1.33333
4 0.0863011 0.0233274 0.0762511 0.0278564 1.33333
3 0.0991602 0.0584995 0.0930238 0.0203786 1.33333
1 0.269609 0.269609 0.269609 0 1.33333
3 0.0844112 0.0844112 0.0844112 0 1.33333
1 0.252925 0.252925 0.252925 0 1.33333
2 0.159204 0.0922509 0.125727 0.0334763 1.33333
3 0.0624214 0.0624214 0.0832286 0.0208071 1.5
1 0.241117 0.241117 0.241117 0 1.33333
2 0.114728 0.114728 0.114728 0 1.33333
2 0.127871 0.09121 0.109541 0.0183307 1.5
2 0.106312 0.106312 0.106312 0 1.5
2 0.106312 0.106312 0.106312 0 1.5
2 0.0967873 0.0967873 0.0967873 0 1.33333
2 0.0956672 0.0956672 0.0956672 0 1.33333
1 0.189395 0.189395 0.189395 0 1.33333
1 0.189267 0.189267 0.189267 0 1.33333
1 0.184674 0.184674 0.184674 0 1.33333
2 0.0918848 0.0918848 0.0918848 0 1.33333
1 0.177462 0.177462 0.177462 0 1.33333
1 0.167204 0.167204 0.167204 0 1.33333
1 0.162217 0.162217 0.162217 0 1.33333
1 0.154609 0.154609 0.154609 0 1.25
2 0.0756562 0.0756562 0.0756562 0 1.5
1 0.141381 0.141381 0.141381 0 1.33333
1 0.116268 0.116268 0.116268 0 1.5
1 0.0524736 0.0524736 0.104947 0.0524736 1.33333
1 0.0847132 0.0847132 0.0939563 0.00924304 1.33333
1 0.067923 0.067923 0.067923 0 1.33333
1 0.0498868 0.0498868 0.0498868 0 1.33333
1 0.000916177 0.000916177 0.000916177 0 1.33333
1 8.53772e-05 8.53772e-05 8.53772e-05 0 1.33333

7 0.0118192 0.0118192 0.0756533 0.0638341 1.25
6 0.0786325 0.0204503 0.0689355 0.0216832 1.33333
5 0.0781601 0.0719176 0.0783025 0.00494656 1.33333
4 0.0991602 0.0596803 0.0842046 0.0147554 1.33333
4 0.0992822 0.0493416 0.0817254 0.0260476 1.33333
2 0.246431 0.0712036 0.158817 0.0876137 1.33333
4 0.0101508 0.0101508 0.0765931 0.0664423 1.33333
1 0.269609 0.269609 0.269609 0 1.33333
1 0.252925 0.252925 0.252925 0 1.33333
2 0.159204 0.0922509 0.125727 0.0334763 1.33333
3 0.0832286 0.0832286 0.0832286 0 1.5
1 0.241117 0.241117 0.241117 0 1.33333
2 0.139409 0.0967873 0.118098 0.021311 1.33333
2 0.114728 0.114728 0.114728 0 1.33333
3 0.0422056 0.0422056 0.072609 0.0304033 1.5
2 0.106312 0.106312 0.106312 0 1.5
2 0.106312 0.106312 0.106312 0 1.5
2 0.0956672 0.0956672 0.0956672 0 1.33333
1 0.189395 0.189395 0.189395 0 1.33333
1 0.189267 0.189267 0.189267 0 1.33333
1 0.18377 0.18377 0.18377 0 1.33333
1 0.177462 0.177462 0.177462 0 1.33333
1 0.169426 0.169426 0.169426 0 1.33333
2 0.0284159 0.0205194 0.0787704 0.0544461 1.33333
1 0.154609 0.154609 0.154609 0 1.25
2 0.0756562 0.0756562 0.0756562 0 1.5
1 0.0320224 0.0320224 0.0689719 0.0369495 1.33333
1 0.067923 0.067923 0.067923 0 1.33333
1 0.0498868 0.0498868 0.0498868 0 1.33333
1 0.0346686 0.0346686 0.0346686 0 1.33333
1 0.000916177 0.000916177 0.000916177 0 1.33333
1 8.53772e-05 8.53772e-05 8.53772e-05 0 1.33333

6 0.00915573 0.00915573 0.0701288 0.0609731 1.5
4 0.101508 0.101508 0.101508 0 1.33333
3 0.164287 0.0474691 0.125348 0.0550686 1.33333
4 0.124103 0.061677 0.0928899 0.0312129 1.33333
5 0.0793281 0.0477442 0.0697566 0.0115921 1.33333
5 0.0115072 0.0115072 0.0670035 0.0554963 1.33333
5 0.0937922 0.0233274 0.0641081 0.0334094 1.33333
2 0.139409 0.139409 0.139409 0 1.33333
1 0.269609 0.269609 0.269609 0 1.33333
1 0.252925 0.252925 0.252925 0 1.33333
1 0.241117 0.241117 0.241117 0 1.33333
3 0.0511486 0.0506467 0.0800079 0.0291948 1.33333
2 0.114728 0.114728 0.114728 0 1.33333
3 0.106136 0.0528244 0.0734869 0.0233563 1.5
1 0.194117 0.194117 0.194117 0 1.33333
2 0.0956672 0.0956672 0.0956672 0 1.33333
1 0.189395 0.189395 0.189395 0 1.33333
1 0.189267 0.189267 0.189267 0 1.33333
1 0.18377 0.18377 0.18377 0 1.33333
1 0.177462 0.177462 0.177462 0 1.33333
1 0.169426 0.169426 0.169426 0 1.33333
1 0.12809 0.12809 0.12809 0 1.33333
1 0.0390473 0.0390473 0.0814003 0.0423531 1.5
1 0.067923 0.067923 0.067923 0 1.33333
1 0.0515362 0.0515362 0.0672589 0.0157228 1.33333
1 0.0498868 0.0498868 0.0498868 0 1.33333
1 0.0346686 0.0346686 0.0346686 0 1.33333
1 0.000916177 0.000916177 0.000916177 0 1.33333
1 0.000527405 0.000527405 0.000527405 0 1.33333
1 8.53772e-05 8.53772e-05 8.53772e-05 0 1.33333

7 0.0118192 0.0118192 0.0685223 0.056703 1.33333
5 0.0943591 0.0943591 0.0943591 0 1.33333
3 0.151709 0.151709 0.151709 0 1.33333
4 0.124103 0.061677 0.0928899 0.0312129 1.33333
5 0.0793281 0.0467996 0.0695676 0.0119515 1.33333
5 0.0122468 0.0104111 0.0668198 0.0560464 1.33333
5 0.0937922 0.0233274 0.0641081 0.0334094 1.33333
4 0.0985724 0.0245404 0.0686768 0.0365759 1.33333
1 0.269609 0.269609 0.269609 0 1.33333
1 0.252925 0.252925 0.252925 0 1.33333
1 0.241117 0.241117 0.241117 0 1.33333
2 0.124843 0.106312 0.115577 0.00926541 1.5
3 0.0530678 0.0422056 0.0765881 0.0310319 1.33333
3 0.0764852 0.0385218 0.0638308 0.0178961 1.33333
2 0.0956672 0.0956672 0.0956672 0 1.33333
1 0.189395 0.189395 0.189395 0 1.33333
1 0.189267 0.189267 0.189267 0 1.33333
1 0.18377 0.18377 0.18377 0 1.33333
1 0.177462 0.177462 0.177462 0 1.33333
2 0.0697047 0.0508468 0.0879684 0.0292539 1.33333
1 0.169426 0.169426 0.169426 0 1.33333
1 0.158473 0.158473 0.158473 0 1.5
1 0.154609 0.154609 0.154609 0 1.25
1 0.0320224 0.0320224 0.119442 0.0874192 1.5
1 0.067923 0.067923 0.067923 0 1.33333
1 0.0498868 0.0498868 0.0498868 0 1.33333
1 0.0173343 0.0173343 0.0274407 0.0101064 1.33333
1 0.000916177 0.000916177 0.000916177 0 1.33333
1 0.000527405 0.000527405 0.000527405 0 1.33333
1 8.53772e-05 8.53772e-05 8.53772e-05 0 1.33333
1 1.04014e-05 1.04014e-05 1.04014e-05 0 1.33333
1 1.08668e-06 1.08668e-06 2.17336e-06 1.08668e-06 1.33333

20 0.0118192 0.0118192 0.0223185 0.0104993 1.5
4 0.124103 0.061677 0.108496 0.0270311 1.33333
17 0.00943591 0.00943591 0.0225822 0.0131463 1.33333
5 0.0793281 0.0477442 0.0697566 0.0115921 1.33333
6 0.0758545 0.0216152 0.0495071 0.0263927 1.33333
9 0.010268 0.00845903 0.0239252 0.0146112 1.33333
1 0.0607664 0.0607664 0.0607664 0 1.5

