1 1 0.181586 0.181586 0.181586 0 0
5 1 0.151691 0.151691 0.151691 0 12
2 1 0 0 0 0 12
3 1 0 0 0 0 12
4 1 0 0 0 0 12

6 1 0.378333 0.378333 0.378333 0 3
1 21 0.00619026 0.00297681 0.0078872 0.00471835 0
5 19 0.00459669 0.00459669 0.00793126 0.00333458 12
7 1 0.0835109 0.0835109 0.0835109 0 3
2 1 0 0 0 0 12
3 1 0 0 0 0 12
4 1 0 0 0 0 12

6 35 0.00793366 0.00600528 0.00922969 0.00318555 3
1 19 0.00879531 0.00490772 0.00951393 0.00436327 0
5 16 0.00433402 0.00433402 0.00948067 0.00514665 12
10 1 0.151691 0.151691 0.151691 0 15
7 1 0.0835109 0.0835109 0.0835109 0 3
8 1 0.0209425 0.0209425 0.0209425 0 15
2 1 0 0 0 0 12
3 1 0 0 0 0 12
4 1 0 0 0 0 12
9 1 0 0 0 0 15

6 36 0.00624776 0.00472916 0.00968473 0.00488361 3
1 19 0.00692397 0.00386353 0.00947056 0.00524393 0
5 16 0.00421363 0.00421363 0.00948067 0.00526704 12
10 1 0.151691 0.151691 0.151691 0 15
7 1 0.0835109 0.0835109 0.0835109 0 3
8 2 0.0104712 0.0104712 0.0104712 0 15
3 1 0.00775272 0.00775272 0.00775272 0 12
2 1 0 0 0 0 12
4 1 0 0 0 0 12
9 1 0 0 0 0 15

12 1 0.45747 0.45747 0.45747 0 15
6 23 0.00588024 0.00445097 0.0150347 0.0102713 3
1 12 0.00677972 0.00378304 0.0158127 0.0110807 0
10 2 0.0758453 0.0758453 0.0758453 0 15
5 10 0.00583426 0.00583426 0.0151691 0.00933481 12
7 1 0.0835109 0.0835109 0.0835109 0 3
11 1 0.0360263 0.0360263 0.0360263 0 3
3 1 0.0232581 0.0232581 0.0232581 0 12
8 1 0.00349041 0.00349041 0.0209425 0.0174521 15
2 1 0 0 0 0 12
4 1 0 0 0 0 12
9 1 0 0 0 0 15

13 1 0.45747 0.45747 0.45747 0 15
6 20 0.00943058 0.00713836 0.0193275 0.011122 3
12 18 0.00863152 0.00863152 0.0189611 0.0103296 1.5
1 11 0.0130171 0.00813358 0.0196129 0.00869504 0
5 8 0.0151691 0.0151691 0.0189613 0.00379227 12
10 2 0.0758453 0.0758453 0.0758453 0 15
7 1 0.0835109 0.0835109 0.0835109 0 3
11 1 0.0360263 0.0360263 0.0360263 0 3
3 1 0.0232581 0.0232581 0.0232581 0 12
8 1 0.00523562 0.00523562 0.0209425 0.0157069 15
2 1 0 0 0 0 12
4 1 0 0 0 0 12
9 1 0 0 0 0 15

6 38 0.0116237 0.00879844 0.0104717 0.00143287 3
13 32 0.0106388 0.0071801 0.010623 0.000859215 15
12 29 0.00564778 0.00564778 0.0104971 0.00484932 15

12 28 0.0103971 0.0103971 0.0163382 0.00594117 15
13 27 0.0067275 0.0067275 0.0161862 0.00945873 15
6 23 0.00636511 0.00617063 0.0165814 0.0104024 3
16 1 0.237744 0.237744 0.237744 0 6
15 1 0.0708475 0.0708475 0.0708475 0 18
14 1 0.0104712 0.0104712 0.0209425 0.0104712 15
17 1 0 0 0 0 15

6 26 0.0171858 0.0166607 0.0192441 0.00256517 3
13 24 0.00714797 0.00714797 0.018845 0.011697 15
12 21 0.005865 0.005865 0.019028 0.013163 15
15 2 0.228735 0.0354237 0.132079 0.0966557 15
16 1 0.237744 0.237744 0.237744 0 6
14 1 0.0104712 0.0104712 0.0209425 0.0104712 15
17 1 0 0 0 0 15

15 2 0.228735 0.228735 0.228735 0 15
12 21 0.0138627 0.0138627 0.0217843 0.00792156 15
13 21 0.00816911 0.00816911 0.0211392 0.0129701 15
6 19 0.00652625 0.00632684 0.0215875 0.0152085 3
16 1 0.237744 0.237744 0.237744 0 6
18 1 0.0708475 0.0708475 0.0708475 0 18
14 1 0.00698083 0.00698083 0.0209425 0.0139617 15
17 1 0 0 0 0 15

6 21 0.0245511 0.0112672 0.0229211 0.00336402 3
12 22 0.00994501 0.00994501 0.0207941 0.0108491 15
13 21 0.00994501 0.00994501 0.0214922 0.0115472 15
15 17 0.00973341 0.00973341 0.0209926 0.0112592 15
16 1 0.237744 0.237744 0.237744 0 6
18 1 0.0708475 0.0708475 0.0708475 0 18
14 1 0.0104712 0.0104712 0.0209425 0.0104712 15
17 1 0 0 0 0 15

15 17 0.02691 0.02691 0.02691 6.93889e-18 15
13 23 0.00879751 0.00879751 0.019609 0.0108115 15
12 22 0.0106388 0.0106388 0.0201283 0.00948945 15
6 19 0.00805584 0.0078097 0.0200734 0.0120828 3
19 1 0.123946 0.123946 0.123946 0 12
18 1 0.0708475 0.0708475 0.0708475 0 18
14 1 0.0104712 0.0104712 0.0209425 0.0104712 15
17 1 0 0 0 0 15

6 21 0.0245511 0.016874 0.0237144 0.00200938 3
12 21 0.00953063 0.00953063 0.0217843 0.0122537 15
13 21 0.00994501 0.00994501 0.0217843 0.0118393 15
15 15 0.00749951 0.00749951 0.0213907 0.0138912 15
20 1 0.151691 0.151691 0.151691 0 15
19 1 0.123946 0.123946 0.123946 0 12
18 1 0.0708475 0.0708475 0.0708475 0 18
14 1 0.00698083 0.00698083 0.0209425 0.0139617 15
17 1 0 0 0 0 15

15 17 0.02691 0.02691 0.02691 6.93889e-18 15
13 21 0.0103971 0.0103971 0.021104 0.0107069 15
6 20 0.00859289 0.00859289 0.0210991 0.0125062 3
12 19 0.00863152 0.00863152 0.0220493 0.0134178 15
20 3 0.0505636 0.0505636 0.0505636 0 15
19 1 0.123946 0.123946 0.123946 0 12
18 1 0.0708475 0.0708475 0.0708475 0 18
14 1 0.00698083 0.00698083 0.0209425 0.0139617 15
17 1 0 0 0 0 15

6 22 0.0114572 0.0114572 0.0222241 0.0107669 3
12 21 0.0207941 0.0207941 0.0217843 0.000990195 15
13 21 0.00933613 0.00933613 0.021465 0.0121289 15
15 17 0.00854602 0.00847167 0.022294 0.013818 15
20 3 0.0505636 0.0505636 0.0505636 0 15
19 1 0.123946 0.123946 0.123946 0 12
18 1 0.0708475 0.0708475 0.0708475 0 18
14 1 0.0104712 0.0104712 0.0209425 0.0104712 15
17 1 0 0 0 0 15

15 16 0.0285919 0.0285919 0.0285919 1.04083e-17 15
13 18 0.0106388 0.0106388 0.0253238 0.014685 15
12 18 0.00914941 0.00914941 0.0246725 0.0155231 15
6 17 0.00769513 0.00769513 0.0246288 0.0169337 3
21 1 0.270779 0.270779 0.270779 0 18
20 4 0.0379227 0.0379227 0.0379227 0 15
19 1 0.123946 0.123946 0.123946 0 12
18 1 0.0708475 0.0708475 0.0708475 0 18
14 1 0.00698083 0.00698083 0.0209425 0.0139617 15
17 1 0 0 0 0 15

6 21 0.0177784 0.0177784 0.023684 0.00590558 3
12 19 0.00994501 0.00994501 0.0240774 0.0141324 15
13 18 0.0108922 0.0108922 0.0240595 0.0131674 15
15 14 0.00994501 0.00994501 0.0242571 0.0143121 15
21 1 0.270779 0.270779 0.270779 0 18
20 6 0.0189613 0.0189613 0.0252818 0.00632045 15
19 1 0.123946 0.123946 0.123946 0 12
18 1 0.0708475 0.0708475 0.0708475 0 18
14 1 0.0104712 0.0104712 0.0209425 0.0104712 15
17 1 0 0 0 0 15

15 19 0.0207941 0.0207941 0.0240774 0.00328328 15
12 18 0.0114368 0.0114368 0.0249521 0.0135154 15
13 18 0.0106388 0.0106388 0.0245901 0.0139512 15
6 17 0.00818371 0.00818371 0.024684 0.0165003 3
21 1 0.270779 0.270779 0.270779 0 18
20 6 0.0252818 0.0252818 0.0252818 0 15
19 1 0.123946 0.123946 0.123946 0 12
18 1 0.0708475 0.0708475 0.0708475 0 18
14 1 0.0104712 0.0104712 0.0209425 0.0104712 15
17 1 0 0 0 0 15

6 19 0.0206229 0.0206229 0.026796 0.0061731 3
13 17 0.0114368 0.0114368 0.0266941 0.0152574 15
12 17 0.00953063 0.00953063 0.0266306 0.0171 15
15 12 0.00816911 0.00816911 0.0277768 0.0196077 1.5
21 1 0.270779 0.270779 0.270779 0 18
18 2 0.205914 0.0354237 0.120669 0.0852451 18
19 2 0.0937384 0.0619729 0.0778556 0.0158827 12
20 5 0.0216701 0.0216701 0.0303381 0.00866804 15
14 1 0.0209425 0.0209425 0.0209425 0 15
17 1 0 0 0 0 15

12 27 0.01173 0.01173 0.0166359 0.00490593 15
13 26 0.00953063 0.00953063 0.0165395 0.00700889 15
6 25 0.0101093 0.0101093 0.0163821 0.00627284 3
15 19 0.01173 0.01173 0.0167865 0.00505646 15

6 27 0.0139344 0.0139344 0.0180831 0.00414869 3
15 19 0.0240774 0.0240774 0.0240774 1.04083e-17 15
13 25 0.00714797 0.00714797 0.0180833 0.0109353 15
12 21 0.00653529 0.00653529 0.0180001 0.0114648 1.5
22 1 0.00523562 0.00523562 0.0209425 0.0157069 15
23 1 0 0 0 0 15

13 26 0.01173 0.01173 0.017595 0.005865 15
6 25 0.0072616 0.0072616 0.0181575 0.0108959 3
15 25 0.00788742 0.00788742 0.0180815 0.0101941 15
12 22 0.017595 0.00583426 0.0176274 0.00251451 15

6 22 0.00920667 0.00920667 0.0219253 0.0127186 3
12 20 0.0217843 0.0217843 0.0228735 0.00108922 15
15 20 0.0106388 0.0106388 0.0225 0.0118611 15
13 17 0.00626672 0.00626672 0.0223614 0.0160947 1.5
26 1 0.200456 0.200456 0.200456 0 18
24 2 0.0758453 0.0758453 0.0758453 0 15
27 1 0.0620482 0.0620482 0.0620482 0 6
25 1 0 0 0 0 15

12 27 0.010166 0.010166 0.0165664 0.00640038 15
15 27 0.00994501 0.00994501 0.0163737 0.00642865 15
6 26 0.00818371 0.00818371 0.0163779 0.00819417 1.5
13 18 0.015249 0.00736211 0.01706 0.00288485 15

6 35 0.00769513 0.00769513 0.0126444 0.00494929 3
15 34 0.00762451 0.00762451 0.0126412 0.00501667 15
12 30 0.00644324 0.00644324 0.0126254 0.00618219 18

12 24 0.015249 0.015249 0.0190613 0.00381225 15
15 23 0.00726143 0.00726143 0.0193992 0.0121378 15
6 23 0.00510469 0.00510469 0.0193446 0.0142399 1.5
32 1 0.20564 0.20564 0.20564 0 9
31 1 0.168926 0.168926 0.168926 0 0
29 1 0.151691 0.151691 0.151691 0 15
28 1 0.0209425 0.0209425 0.0209425 0 15
30 1 0 0 0 0 15

15 36 0.0089503 0.00847167 0.0124755 0.00399136 15
12 32 0.00726143 0.00726143 0.0123943 0.00513285 1.5
6 31 0.0088892 0.0088892 0.0125247 0.00363554 15

12 52 0.00481844 0.00427542 0.00866416 0.00407373 15
15 47 0.00525344 0.0049725 0.00850936 0.00353111 15

33 24 0.00636511 0.00636511 0.0199377 0.0135726 3
34 1 0.45747 0.45747 0.45747 0 15
15 23 0.00947679 0.00897001 0.0197915 0.0107999 15
12 20 0.00726143 0.00726143 0.0197629 0.0125015 1.5
36 1 0.151691 0.151691 0.151691 0 15
35 1 0.0209425 0.0209425 0.0209425 0 15
37 1 0 0 0 0 15

15 28 0.0120387 0.0120387 0.0160272 0.00398851 18
34 26 0.0134254 0.0127075 0.0161849 0.00345259 18
33 24 0.00781172 0.00781172 0.015784 0.00797229 3
12 20 0.0147571 0.0147571 0.0157066 0.000949462 15

33 29 0.0101093 0.0101093 0.0168774 0.00676815 3
34 26 0.00994501 0.00994501 0.0174672 0.00752218 15
15 23 0.00508754 0.00481548 0.0170737 0.0122348 15
38 1 0.151691 0.151691 0.151691 0 15
41 1 0.128306 0.128306 0.128306 0 6
40 1 0.0677529 0.0677529 0.0677529 0 18
39 1 0 0 0 0 15

15 14 0.0326765 0.0326765 0.0326765 6.93889e-18 15
40 12 0.0381225 0.0381225 0.0381225 6.93889e-18 15
34 17 0.00792322 0.00749951 0.0258971 0.0183483 15
33 15 0.00599504 0.00599504 0.0272879 0.0212929 3
42 1 0.376139 0.376139 0.376139 0 18
38 1 0.151691 0.151691 0.151691 0 15
43 1 0.144174 0.144174 0.144174 0 12
41 1 0.128306 0.128306 0.128306 0 6
39 1 0 0 0 0 15

33 17 0.0177784 0.0177784 0.0279952 0.0102168 3
40 16 0.0142959 0.0142959 0.0284956 0.0141996 15
34 16 0.015249 0.015249 0.0278627 0.0126137 15
42 4 0.0940347 0.0940347 0.0940347 0 18
15 12 0.00792322 0.00749951 0.0290753 0.0214355 15
38 1 0.151691 0.151691 0.151691 0 15
43 1 0.144174 0.144174 0.144174 0 12
44 1 0.141415 0.141415 0.141415 0 21
41 1 0.128306 0.128306 0.128306 0 6
45 1 0.0209425 0.0209425 0.0209425 0 15
39 1 0 0 0 0 15

15 4 0.114368 0.114368 0.114368 0 15
40 16 0.0130706 0.0130706 0.028005 0.0149344 15
34 15 0.0109845 0.0103971 0.0288946 0.0182258 15
33 14 0.0109697 0.0109697 0.0287134 0.0177438 3
42 13 0.017595 0.0144669 0.0288012 0.0134496 18
41 2 0.0881915 0.064153 0.0761723 0.0120192 6
38 3 0.0505636 0.0505636 0.0505636 0 15
43 1 0.144174 0.144174 0.144174 0 12
44 1 0.141415 0.141415 0.141415 0 21
45 1 0.00523562 0.00523562 0.0209425 0.0157069 15
39 1 0 0 0 0 15

47 1 0.483316 0.483316 0.483316 0 18
33 14 0.0177784 0.0177784 0.0339666 0.0161882 3
40 13 0.01173 0.01173 0.0349968 0.0232668 15
34 13 0.025415 0.025415 0.0337541 0.00833906 15
42 9 0.0417932 0.0417932 0.0417932 0 18
15 10 0.00805527 0.00805527 0.0334674 0.0254122 1.5
41 2 0.0881915 0.064153 0.0761723 0.0120192 6
38 4 0.0303381 0.0303381 0.0379227 0.00758453 15
43 1 0.144174 0.144174 0.144174 0 12
44 1 0.141415 0.141415 0.141415 0 21
46 1 0.0780325 0.0780325 0.0780325 0 0
45 1 0.0104712 0.0104712 0.0209425 0.0104712 15
48 1 0.0209425 0.0209425 0.0209425 0 18
39 1 0 0 0 0 15

33 26 0.0177784 0.00815901 0.0171489 0.00311058 3
34 26 0.0112399 0.0106388 0.0169969 0.00606501 15
42 21 0.0179114 0.0103095 0.0175494 0.00161889 18
47 19 0.00767168 0.00726143 0.0172625 0.00974397 15
15 5 0.0110239 0.00948067 0.0200158 0.0102451 15

49 13 0.0371782 0.0371782 0.0371782 0 18
34 19 0.00644422 0.00644422 0.0235093 0.0170651 18
33 17 0.00736534 0.00736534 0.0237572 0.0163918 3
42 16 0.0157748 0.0129703 0.0245669 0.0102903 15
53 1 0.238428 0.238428 0.238428 0 0
50 1 0.176383 0.176383 0.176383 0 6
51 5 0.0303381 0.0303381 0.0303381 0 15
54 1 0.0209425 0.0209425 0.0209425 0 18
52 1 0 0 0 0 15

33 17 0.0303279 0.0303279 0.0303279 6.93889e-18 3
34 16 0.00986359 0.00986359 0.0302073 0.0203437 18
49 14 0.00589715 0.0058941 0.0294917 0.0235974 18
55 9 0.0537018 0.0417932 0.0431164 0.00374251 18
57 2 0.166377 0.141242 0.15381 0.0125676 6
53 1 0.238428 0.238428 0.238428 0 0
50 1 0.176383 0.176383 0.176383 0 6
51 5 0.0303381 0.0303381 0.0303381 0 15
56 1 0.151691 0.151691 0.151691 0 18
54 1 0.0041885 0.0041885 0.0209425 0.016754 18
52 1 0 0 0 0 15
58 1 0 0 0 0 15

60 1 0.483316 0.483316 0.483316 0 18
49 14 0.0345226 0.0326765 0.0343907 0.000475451 15
34 13 0.00743949 0.00743563 0.0352165 0.0277806 18
33 12 0.0083157 0.0083157 0.0345401 0.0262244 3
55 10 0.0483316 0.0376139 0.0397574 0.00428709 18
57 2 0.166377 0.141242 0.15381 0.0125676 6
53 1 0.238428 0.238428 0.238428 0 0
50 1 0.176383 0.176383 0.176383 0 6
51 4 0.0303381 0.0303381 0.0379227 0.00758453 15
56 4 0.0379227 0.0379227 0.0379227 0 18
54 1 0.0209425 0.0209425 0.0209425 0 18
59 1 0.0209425 0.0209425 0.0209425 0 15
52 1 0 0 0 0 15
58 1 0 0 0 0 15

33 12 0.0429645 0.0429645 0.0429645 0 3
61 12 0.0107407 0.0100691 0.0397001 0.0295757 18
34 11 0.0345226 0.0345226 0.0412333 0.00671072 18
58 8 0.0604145 0 0.0528627 0.0199802 18
60 10 0.00929936 0.00929454 0.0391739 0.0298789 1.5
62 8 0.0470174 0.0470174 0.0470174 6.93889e-18 18
57 5 0.066551 0.036698 0.0585696 0.0116083 6
53 1 0.238428 0.238428 0.238428 0 0
50 1 0.176383 0.176383 0.176383 0 6
51 3 0.0379227 0.0379227 0.0505636 0.0126409 15
56 3 0.0189613 0.0189613 0.0505636 0.0316022 18
63 1 0.111671 0.111671 0.111671 0 18
54 1 0.0104712 0.0104712 0.0209425 0.0104712 18
59 1 0.0209425 0.0209425 0.0209425 0 15
52 1 0 0 0 0 15

34 11 0.0439378 0.0439378 0.0439378 6.93889e-18 18
61 28 0.00747182 0.00700458 0.0167542 0.00968415 18
33 25 0.0088892 0.0088892 0.0168542 0.007965 3
60 16 0.0120829 0.00940347 0.0172351 0.00646258 18

33 17 0.0206229 0.0206229 0.0303279 0.00970491 3
61 17 0.00726134 0.00680727 0.0287776 0.021624 18
64 9 0.0537018 0.0537018 0.0537018 6.93889e-18 18
34 14 0.00805944 0.00805527 0.0295956 0.0215398 18
60 7 0.0537341 0.0537341 0.0537341 6.93889e-18 18
65 2 0.166377 0.166377 0.166377 0 6
66 4 0.0379227 0.0379227 0.0379227 0 18
67 2 0.0558357 0.0558357 0.0558357 0 18

61 15 0.00793162 0.00793162 0.0326976 0.0247659 18
64 9 0.0537018 0.0537018 0.0537018 6.93889e-18 18
34 12 0.0402763 0.0402763 0.0402763 0 18
33 12 0.0083157 0.0083157 0.0336276 0.0253119 1.5
60 7 0.0537341 0.0537341 0.0537341 6.93889e-18 18
65 4 0.0831887 0.0797603 0.0823316 0.00148456 6
69 1 0.252229 0.252229 0.252229 0 15
66 4 0.0379227 0.0379227 0.0379227 0 18
67 2 0.0558357 0.0558357 0.0558357 0 18
68 1 0.00698083 0.00698083 0.0209425 0.0139617 15
71 1 0.0104712 0.0104712 0.0209425 0.0104712 18
70 1 0 0 0 0 15

34 12 0.0402763 0.0402763 0.0402763 0 18
64 26 0.00825627 0.0081918 0.016871 0.00867672 18
61 24 0.00818342 0.00818342 0.0166182 0.00843475 18
33 19 0.0147307 0.0107468 0.017194 0.00437564 3

33 12 0.0429645 0.0429645 0.0429645 0 3
61 20 0.0206222 0.0206222 0.0257133 0.00509108 18
64 19 0.00825627 0.0081918 0.0248397 0.0166411 18
34 15 0.00644422 0.00644422 0.0251613 0.0187171 21
72 7 0.0537341 0.0537341 0.0537341 6.93889e-18 18
74 1 0.18349 0.18349 0.18349 0 6
73 1 0.0104712 0.0104712 0.0209425 0.0104712 18

61 15 0.0101089 0.0101089 0.0338835 0.0237745 18
64 15 0.0256379 0.0254377 0.0322478 0.00678373 18
34 15 0.0322211 0.0322211 0.0322211 1.38778e-17 18
33 12 0.0072616 0.0072616 0.0332207 0.0259591 3
72 7 0.0537341 0.0537341 0.0537341 6.93889e-18 18
74 3 0.106347 0.0611634 0.0912858 0.0212998 6
77 1 0.196875 0.196875 0.196875 0 9
76 2 0.0758453 0.0758453 0.0758453 0 18
78 2 0.0758453 0.0758453 0.0758453 0 15
79 1 0.111671 0.111671 0.111671 0 18
73 1 0.0209425 0.0209425 0.0209425 0 18
75 1 0.0104712 0.0104712 0.0209425 0.0104712 15

33 12 0.0429645 0.0429645 0.0429645 0 3
34 15 0.0322211 0.0322211 0.0322211 1.38778e-17 18
64 14 0.00885672 0.00878757 0.0337207 0.0249084 18
61 13 0.00747182 0.00747182 0.032957 0.0254851 18
72 7 0.0537341 0.0537341 0.0537341 6.93889e-18 18
74 3 0.106347 0.0611634 0.0912858 0.0212998 6
77 1 0.196875 0.196875 0.196875 0 9
76 3 0.0505636 0.0505636 0.0505636 0 18
78 2 0.0758453 0.0758453 0.0758453 0 15
79 3 0.0223343 0.0223343 0.0372238 0.0148895 18
73 1 0.0104712 0.0104712 0.0209425 0.0104712 18
75 1 0.0209425 0.0209425 0.0209425 0 15

61 13 0.0396581 0.0396581 0.0396581 0 18
64 15 0.0324747 0.030498 0.0321907 0.000467377 18
34 14 0.0109845 0.0109845 0.0329796 0.0219952 18
33 13 0.00716074 0.00716074 0.0340423 0.0268815 1.5
72 7 0.0537341 0.0537341 0.0537341 6.93889e-18 18
74 4 0.0797603 0.0458725 0.0690036 0.0138661 6
77 1 0.196875 0.196875 0.196875 0 9
76 4 0.0379227 0.0379227 0.0379227 0 18
78 4 0.0379227 0.0379227 0.0379227 0 15
79 3 0.0186119 0.0186119 0.0372238 0.0186119 18
73 1 0.00698083 0.00698083 0.0209425 0.0139617 18
75 1 0.0104712 0.0104712 0.0209425 0.0104712 15

34 14 0.0345226 0.0345226 0.0345226 6.93889e-18 18
64 28 0.00936769 0.00929454 0.0168785 0.00755271 18
61 23 0.0075817 0.0075817 0.0171913 0.00960957 18
33 18 0.0112081 0.00817693 0.0164847 0.00614281 18

80 13 0.0396595 0.0396595 0.0396595 6.93889e-18 3
61 18 0.0224155 0.0224155 0.028642 0.00622651 18
81 1 0.463061 0.463061 0.463061 0 15
64 16 0.00632623 0.00632623 0.0287375 0.0224113 18
34 13 0.00767168 0.00767168 0.0296019 0.0219302 18
33 4 0.0940347 0.0940347 0.0940347 0 18
83 1 0.111671 0.111671 0.111671 0 18
82 1 0.0209425 0.0209425 0.0209425 0 18

61 20 0.00859259 0.00859259 0.0250957 0.0165031 18
64 16 0.030445 0.030445 0.030445 6.93889e-18 18
81 14 0.0345226 0.0330758 0.0344192 0.000372599 18
80 17 0.00758196 0.00758196 0.0245059 0.016924 3
33 4 0.0940347 0.0940347 0.0940347 0 18
83 1 0.111671 0.111671 0.111671 0 18
82 1 0.0209425 0.0209425 0.0209425 0 18
86 1 0.0209425 0.0209425 0.0209425 0 15
84 1 0 0 0 0 15
85 1 0 0 0 0 15

80 17 0.0303279 0.0303279 0.0303279 6.93889e-18 3
81 13 0.0371782 0.0371782 0.0371782 0 18
64 15 0.00798557 0.00798557 0.0310087 0.0230231 18
87 1 0.463061 0.463061 0.463061 0 15
61 13 0.00736508 0.00736508 0.0309105 0.0235454 18
33 4 0.0940347 0.0940347 0.0940347 0 18
88 1 0.151691 0.151691 0.151691 0 18
83 2 0.0558357 0.0558357 0.0558357 0 18
82 1 0.00523562 0.00523562 0.0209425 0.0157069 18
86 1 0.0209425 0.0209425 0.0209425 0 15
84 1 0 0 0 0 15
85 1 0 0 0 0 15

61 13 0.0396581 0.0396581 0.0396581 0 18
64 14 0.0286541 0.0286541 0.0346537 0.00599961 18
81 14 0.00878757 0.00878757 0.0334701 0.0246826 18
87 1 0.463061 0.463061 0.463061 0 15
80 13 0.00781172 0.00781172 0.0345148 0.0267031 3
33 4 0.0940347 0.0940347 0.0940347 0 18
88 1 0.151691 0.151691 0.151691 0 18
90 2 0.0758453 0.0758453 0.0758453 0 15
89 2 0.071037 0.0429174 0.0569772 0.0140598 6
83 2 0.0558357 0.0558357 0.0558357 0 18
82 1 0.0209425 0.0209425 0.0209425 0 18
86 1 0.00698083 0.00698083 0.0209425 0.0139617 15
84 1 0 0 0 0 15
85 1 0 0 0 0 15

