1 0.151691 0.151691 0.151691 0 12
1 9.1295e-28 9.1295e-28 9.1295e-28 0 0
1 0 0 0 0 12
1 0 0 0 0 12
1 0 0 0 0 12

96 0.00158011 0.00105832 0.00155203 0.000103624 12
1 4.56475e-28 4.56475e-28 4.56475e-28 0 0
1 0 0 0 0 12
1 0 0 0 0 12
1 0 0 0 0 12

100 0.000785962 0.000785962 0.00145789 0.000671924 12
1 9.1295e-28 9.1295e-28 9.1295e-28 0 0

1 0.151691 0.151691 0.151691 0 15
1 0.151691 0.151691 0.151691 0 15
33 0.000797838 0.000794192 0.00454824 0.00375394 12
1 9.1295e-28 9.1295e-28 9.1295e-28 0 0
1 0 0 0 0 12
1 0 0 0 0 12
1 0 0 0 0 12

28 0.00399186 0.00399186 0.00541752 0.00142566 12
28 0.00379227 0.00379227 0.00541752 0.00162526 15
27 0.00287523 0.00286209 0.00542813 0.00256555 15
2 0.0456175 0.0456175 0.0456175 0 15
1 9.1295e-28 9.1295e-28 9.1295e-28 0 0
1 0 0 0 0 12
1 0 0 0 0 12
1 0 0 0 0 12
1 0 0 0 0 15

21 0.00232185 0.00229834 0.00722449 0.00492502 15
21 0.00369977 0.00369977 0.00722337 0.00352359 15
2 0.0758453 0.0758453 0.0758453 0 15
20 0.00217696 0.00216701 0.0072239 0.00505639 12
3 0.0363888 0.0304117 0.0324041 0.00281765 15
1 0.00442429 0.00442429 0.00442429 0 12
1 4.56475e-28 4.56475e-28 4.56475e-28 0 0
1 4.41876e-29 4.41876e-29 4.41876e-29 0 15
1 0 0 0 0 12
1 0 0 0 0 12
1 0 0 0 0 15

1 0.153302 0.153302 0.153302 0 15
8 0.0189613 0.0189613 0.0189613 3.46945e-18 15
12 0.00842726 0.00842726 0.0126409 0.00421363 12
1 0.151691 0.151691 0.151691 0 18
1 0.151691 0.151691 0.151691 0 18
12 0.00304774 0.00303381 0.0125863 0.00955136 15
12 0.00193978 0.00192014 0.0122018 0.0102768 15
3 0.0363888 0.0304117 0.0324041 0.00281765 15
1 0.015903 0.015903 0.015903 0 15
1 0.00884858 0.00884858 0.00884858 0 12
1 0.00294953 0.00294953 0.00294953 0 15
1 9.1295e-28 9.1295e-28 9.1295e-28 0 0
1 1.47292e-29 1.47292e-29 4.41876e-29 2.94584e-29 15
1 0 0 0 0 12
1 0 0 0 0 12
1 0 0 0 0 15

1 0.441779 0.441779 0.441779 0 15
1 0.154156 0.154156 0.154156 0 12
3 0.0510808 0.0510808 0.0510808 0 15
8 0.007615 0.00758453 0.0189651 0.0113768 15
8 0.00758453 0.00758453 0.0189613 0.0113768 18
1 0.151691 0.151691 0.151691 0 18
8 0.00507957 0.00505636 0.0188985 0.0138364 12
8 0.0033709 0.0033709 0.0188735 0.0155026 18
7 0.00824532 0.00730008 0.0190609 0.0116305 1.5
3 0.0363888 0.0304117 0.0324041 0.00281765 15
1 0.0341168 0.0341168 0.0341168 0 3
1 0.0170514 0.0170514 0.0170514 0 18
1 0.00795152 0.00795152 0.0123758 0.00442429 15
1 0.00442429 0.00442429 0.00884858 0.00442429 15
1 4.56475e-28 4.56475e-28 4.56475e-28 0 0
1 4.41876e-29 4.41876e-29 4.41876e-29 0 15
1 0 0 0 0 12
1 0 0 0 0 12
1 0 0 0 0 15

24 0.01194 0.01194 0.0129871 0.00104709 15
9 0.0170269 0.0170269 0.0170269 0 15
11 0.00770778 0.00758453 0.0138168 0.00613165 15
11 0.00842726 0.00842726 0.0137901 0.0053628 18
3 0.0505636 0.0505636 0.0505636 0 15
11 0.00606763 0.00606763 0.0137901 0.00772243 18
11 0.00846595 0.00842726 0.0137182 0.00527121 15
5 0.00836118 0.00567784 0.013953 0.00766231 15

15 0.00712547 0.00712547 0.0249625 0.017837 15
1 0.348231 0.348231 0.348231 0 6
1 0.251487 0.251487 0.251487 0 3
1 0.225752 0.225752 0.225752 0 18
5 0.0346303 0.0306603 0.0314543 0.001588 15
6 0.00770778 0.00770778 0.0255899 0.0178821 12
6 0.00531571 0.00528422 0.0255472 0.0202472 15
6 0.0138534 0.0138455 0.0253411 0.0114917 15
6 0.0126409 0.0126409 0.0252818 0.0126409 15
6 0.00948067 0.00948067 0.0252818 0.0158011 18
6 0.00583426 0.00583426 0.0252818 0.0194475 18
1 0.0747556 0.0747556 0.0747556 0 3

13 0.0212686 0.0193462 0.0269349 0.00745844 6
13 0.00904869 0.0090159 0.0268462 0.0178277 15
2 0.149091 0.149091 0.149091 0 18
9 0.0147933 0.0147933 0.027943 0.0131496 3
8 0.0250835 0.0250835 0.028219 0.00313544 18
5 0.00865758 0.00766509 0.0312558 0.0230004 15
3 0.0510808 0.0510808 0.0510808 0 15
5 0.0253978 0.0253833 0.0304687 0.00507667 15
5 0.010277 0.010277 0.0304254 0.0201483 12
5 0.0252818 0.0252818 0.0303381 0.00505636 15
5 0.0252818 0.0252818 0.0303381 0.00505636 18
5 0.0252818 0.0252818 0.0303381 0.00505636 18
1 0.0747556 0.0747556 0.0747556 0 3
1 0.00442429 0.00442429 0.00884858 0.00442429 15

14 0.0138558 0.0138056 0.0300538 0.0162411 15
10 0.0200809 0.0198788 0.0298384 0.0099396 18
8 0.0139715 0.0139715 0.0314339 0.0174624 3
8 0.00956334 0.00791433 0.0301106 0.0216776 6
8 0.0173655 0.0173655 0.0281538 0.0107883 18
5 0.0192391 0.0192391 0.0328659 0.0136268 15
5 0.0308311 0.0308311 0.0308311 0 12
5 0.0304774 0.03046 0.0304705 8.52144e-06 15
5 0.0303381 0.0303381 0.0303381 0 15
5 0.0303381 0.0303381 0.0303381 0 18
5 0.0252818 0.0252818 0.0303381 0.00505636 18
5 0.00957764 0.00957764 0.0302609 0.0206832 15
2 0.0545833 0.0545833 0.0545833 0 15
1 0.0983674 0.0983674 0.0983674 0 18
1 0.0747556 0.0747556 0.0747556 0 3
1 0.00294953 0.00294953 0.00884858 0.00589905 15

3 0.179924 0.0922815 0.15071 0.0413149 15
9 0.0210393 0.0191418 0.0402402 0.0204855 6
9 0.0123163 0.0122716 0.0392521 0.0269507 1.5
7 0.0143435 0.0141992 0.0413576 0.0271173 18
6 0.0100805 0.0100595 0.041918 0.031855 3
6 0.0225752 0.0225752 0.0376253 0.0150501 18
2 0.149231 0.0373778 0.0933046 0.0559268 3
4 0.0133194 0.0133194 0.0429062 0.0295868 15
4 0.0128463 0.0128463 0.0385021 0.0256558 12
4 0.0255404 0.0255404 0.0382459 0.0127055 18
4 0.0117221 0.0117221 0.0380834 0.0263613 15
4 0.0303381 0.0303381 0.0379227 0.00758453 18
4 0.0303381 0.0303381 0.0379227 0.00758453 18
4 0.0303381 0.0303381 0.0379227 0.00758453 15
1 0.149734 0.149734 0.149734 0 18
2 0.0363888 0.0363888 0.0545833 0.0181944 15
1 0.102199 0.102199 0.102199 0 6
2 0.0491837 0.0446891 0.0469364 0.0022473 21
1 0.00884365 0.00884365 0.0176873 0.00884365 18
1 0.00884858 0.00884858 0.00884858 0 15
1 4.41876e-29 4.41876e-29 4.41876e-29 0 15
1 0 0 0 0 15

24 0.0224905 0 0.0168659 0.00852828 15
21 0.0200375 0.0182302 0.0187466 0.000816425 6
23 0.0039983 0.00292596 0.0103878 0.007092 3

2 0.269885 0.269885 0.269885 0 15
17 0.0170533 0.0170533 0.026067 0.00901368 15
14 0.00779235 0.00708954 0.027443 0.0198376 6
13 0.00683254 0.00683254 0.0257167 0.0188842 15
1 0.221007 0.221007 0.221007 0 3
1 0.179566 0.179566 0.179566 0 18
1 0.151691 0.151691 0.151691 0 15
1 0.149734 0.149734 0.149734 0 18
1 0.109167 0.109167 0.109167 0 15
1 0.046688 0.046688 0.046688 0 3
1 0.00884858 0.00884858 0.00884858 0 15

15 0.0199915 0.0199915 0.0359847 0.0159932 15
12 0.0138558 0.0138558 0.0360741 0.0222183 15
11 0.0168315 0.0168315 0.0371441 0.0203126 9
9 0.0137669 0.0134943 0.0364601 0.0229357 15
2 0.261796 0.0486368 0.155216 0.10658 9
1 0.298463 0.298463 0.298463 0 3
6 0.0170006 0.0170006 0.0354877 0.0184871 3
1 0.151691 0.151691 0.151691 0 15
1 0.151691 0.151691 0.151691 0 21
1 0.149734 0.149734 0.149734 0 18
2 0.0897832 0.0446891 0.0672361 0.0225471 18
3 0.0272916 0.0272916 0.0363888 0.00909721 15
1 0.0883395 0.0883395 0.0883395 0 6
1 0.046688 0.046688 0.046688 0 3
1 0.0346833 0.0346833 0.0346833 0 18
1 0.00884858 0.00884858 0.00884858 0 15

15 0.0275339 0.0269885 0.0346609 0.00763725 15
13 0.0152892 0.0152892 0.0341066 0.0188174 15
13 0.0134943 0.0134943 0.0338216 0.0203273 15
11 0.0145442 0.0116885 0.0363027 0.0225732 6
8 0.0175967 0.0175566 0.0373128 0.0197512 3
6 0.0315725 0.0315725 0.0368345 0.00526208 3
1 0.171154 0.171154 0.171154 0 6
2 0.0758453 0.0758453 0.0758453 0 15
1 0.151691 0.151691 0.151691 0 21
2 0.0748669 0.0707134 0.0727901 0.00207675 18
3 0.0598555 0.0241323 0.0379268 0.0156771 21
3 0.0272916 0.0272916 0.0363888 0.00909721 15
1 0.0883395 0.0883395 0.0883395 0 6
1 0.023344 0.023344 0.046688 0.023344 3
1 0.0346833 0.0346833 0.0346833 0 18
1 0.00442429 0.00442429 0.00884858 0.00442429 15

15 0.0179924 0.0179924 0.0359847 0.0179924 15
13 0.0201382 0.0201382 0.037465 0.0173268 6
12 0.0164217 0.0164217 0.0359097 0.019488 15
8 0.0134312 0.0131651 0.0383172 0.0251189 15
8 0.0135974 0.0135665 0.0362104 0.0226323 3
2 0.269885 0.0173416 0.143614 0.126272 18
5 0.013813 0.013813 0.0387355 0.0249225 3
1 0.171154 0.171154 0.171154 0 6
1 0.151691 0.151691 0.151691 0 21
3 0.0505636 0.0505636 0.0505636 0 15
2 0.0748669 0.0707134 0.0727901 0.00207675 21
3 0.0598555 0.0241323 0.0379268 0.0156771 18
3 0.0363888 0.0363888 0.0363888 0 15
1 0.0883395 0.0883395 0.0883395 0 6
1 0.046688 0.046688 0.046688 0 3
1 0.00527146 0.00527146 0.0105429 0.00527146 15
1 0.00884858 0.00884858 0.00884858 0 15

13 0.0423598 0.0415208 0.0415854 0.000223566 15
12 0.0139053 0.0137787 0.0381343 0.0243451 6
11 0.0123163 0.0123163 0.0371496 0.0248333 15
10 0.0145884 0.0145884 0.0379299 0.0233414 15
8 0.0385551 0.0300004 0.0389467 0.00342214 18
8 0.0199429 0.0198975 0.0373362 0.0174103 3
5 0.0442015 0.0442015 0.0442015 0 3
1 0.171154 0.171154 0.171154 0 6
3 0.0505636 0.0505636 0.0505636 0 15
1 0.151691 0.151691 0.151691 0 21
2 0.0748669 0.0707134 0.0727901 0.00207675 18
3 0.0598555 0.0241323 0.0379268 0.0156771 18
3 0.0272916 0.0272916 0.0363888 0.00909721 15
1 0.0883395 0.0883395 0.0883395 0 6
1 0.046688 0.046688 0.046688 0 3
1 0.00351431 0.00351431 0.0105429 0.00702861 15
1 0.00294953 0.00294953 0.00884858 0.00589905 15

13 0.0359847 0.0359847 0.0415208 0.00553611 15
11 0.028409 0.028409 0.0445325 0.0161235 15
11 0.0160122 0.0158664 0.0444145 0.0285349 6
10 0.0184744 0.0184744 0.0431773 0.0247029 15
9 0.0112383 0.0110157 0.0436013 0.0325609 15
7 0.0230111 0.0230111 0.0426974 0.0196863 3
4 0.0184173 0.0184173 0.0484001 0.0299829 3
1 0.171154 0.171154 0.171154 0 6
1 0.151967 0.151967 0.151967 0 12
1 0.151691 0.151691 0.151691 0 21
3 0.0505636 0.0505636 0.0505636 0 15
2 0.0748669 0.0707134 0.0727901 0.00207675 18
1 0.137931 0.137931 0.137931 0 15
2 0.0598555 0.0297927 0.0568902 0.0192752 21
2 0.0363888 0.0363888 0.0545833 0.0181944 15
1 0.0883395 0.0883395 0.0883395 0 6
1 0.046688 0.046688 0.046688 0 3
1 0.0105429 0.0105429 0.0105429 0 15
1 0.00884858 0.00884858 0.00884858 0 15

11 0.0250308 0.024535 0.0485702 0.0239458 15
11 0.0254162 0.0237996 0.0477661 0.0238041 6
10 0.0207604 0.0207604 0.050442 0.0296816 15
9 0.0170533 0.0170533 0.0478113 0.030758 15
8 0.0110157 0.0110157 0.0526123 0.0415966 1.5
1 0.328102 0.328102 0.328102 0 18
6 0.0271949 0.0271949 0.049847 0.0226521 3
4 0.0368345 0.0368345 0.0552518 0.0184173 3
1 0.171154 0.171154 0.171154 0 6
1 0.151967 0.151967 0.151967 0 12
1 0.151691 0.151691 0.151691 0 21
3 0.0505636 0.0505636 0.0505636 0 15
1 0.151691 0.151691 0.151691 0 15
2 0.0748669 0.0707134 0.0727901 0.00207675 18
1 0.137931 0.137931 0.137931 0 15
2 0.0897832 0.0446891 0.0672361 0.0225471 18
2 0.0545833 0.0545833 0.0545833 0 15
1 0.0883395 0.0883395 0.0883395 0 6
1 0.046688 0.046688 0.046688 0 3
1 0.00527146 0.00527146 0.0105429 0.00527146 15
1 0.00884858 0.00884858 0.00884858 0 15

22 0.024535 0.024535 0.024535 1.04083e-17 15
21 0.0266265 0.024933 0.0251051 0.000495975 6
20 0.0184744 0.0184744 0.0221693 0.00369488 15
16 0.0131114 0.0128517 0.0223419 0.00942592 15
12 0.00782277 0.00782277 0.022686 0.0148632 15

18 0.0203955 0.0199915 0.0301444 0.0099977 15
12 0.0449809 0.0449809 0.0449809 1.38778e-17 15
17 0.0116491 0.0109082 0.0304407 0.0193861 6
15 0.0093064 0.0093064 0.0296353 0.0203289 15
14 0.0110846 0.0110846 0.0299413 0.0188567 15
3 0.0994876 0.0216839 0.0676728 0.033307 3
1 0.151691 0.151691 0.151691 0 18
1 0.109167 0.109167 0.109167 0 15
1 0.00884858 0.00884858 0.00884858 0 15

17 0.0249617 0.024535 0.0317763 0.00721689 15
17 0.015507 0.015422 0.0315513 0.0161243 15
16 0.0121556 0.011487 0.0314799 0.0194937 6
14 0.0316704 0.0316704 0.0316704 0 15
12 0.00966102 0.00966102 0.0320973 0.0224363 15
2 0.149231 0.12277 0.136001 0.0132305 3
1 0.151691 0.151691 0.151691 0 18
2 0.0545833 0.0545833 0.0545833 0 15
1 0.0650518 0.0650518 0.0650518 0 3
1 0.0105429 0.0105429 0.0105429 0 15
1 0.00884858 0.00884858 0.00884858 0 15

12 0.0458898 0.0458898 0.0458898 0 15
13 0.0164468 0.0163567 0.0415347 0.0251642 15
13 0.0142488 0.0130036 0.0408536 0.027753 6
11 0.0147795 0.0147795 0.0401481 0.0253685 15
2 0.210003 0.210003 0.210003 0 18
9 0.0109832 0.0107954 0.0413454 0.0305291 1.5
1 0.289895 0.289895 0.289895 0 6
3 0.0994876 0.0216839 0.0676728 0.033307 3
2 0.0758453 0.0758453 0.0758453 0 18
1 0.151691 0.151691 0.151691 0 15
2 0.0545833 0.0545833 0.0545833 0 15
1 0.101832 0.101832 0.101832 0 15
1 0.00351431 0.00351431 0.0105429 0.00702861 15
1 0.00884858 0.00884858 0.00884858 0 15

20 0.0191468 0.0174736 0.027323 0.00976696 6
20 0.0175079 0.017412 0.0270221 0.00957669 15
16 0.0211136 0.0211136 0.0277116 0.00659801 15
15 0.0122373 0.0122373 0.027217 0.0149797 15
12 0.0350005 0.00401292 0.0302835 0.0106043 18
12 0.0177148 0.017412 0.0267961 0.00935929 6

12 0.0457631 0.0449809 0.0450461 0.000216195 15
16 0.0120982 0.0119949 0.0330647 0.0210304 15
16 0.0196671 0.0196671 0.0326744 0.0130074 15
14 0.01114 0.0101665 0.0328239 0.022514 6
13 0.0130224 0.0116681 0.0342108 0.0224415 15
11 0.0350005 0.00938418 0.0330365 0.00737319 18
1 0.151691 0.151691 0.151691 0 15
1 0.151691 0.151691 0.151691 0 15
1 0.046688 0.046688 0.046688 0 3
1 0.0372509 0.0372509 0.0372509 0 6
1 0.00884858 0.00884858 0.00884858 0 15

15 0.0151227 0.0150763 0.036109 0.0210297 15
15 0.0235653 0.021506 0.0360812 0.0140275 6
15 0.0134312 0.0134312 0.0355596 0.0221284 15
12 0.0309282 0.0277116 0.0372169 0.00927989 15
11 0.0124809 0.0122675 0.0381074 0.0258013 15
11 0.0350005 0.0350005 0.0358536 0.000853108 18
2 0.0758453 0.0758453 0.0758453 0 15
1 0.151691 0.151691 0.151691 0 15
1 0.151691 0.151691 0.151691 0 18
2 0.0545833 0.0545833 0.0545833 0 15
1 0.0134961 0.0134961 0.0469608 0.0334647 3
1 0.0372509 0.0372509 0.0372509 0 6
1 0.00884858 0.00884858 0.00884858 0 15

14 0.0261504 0.0257034 0.0386509 0.012853 15
13 0.0197645 0.0180942 0.0410709 0.0220931 6
13 0.0141199 0.0141199 0.039671 0.0255511 12
10 0.0118352 0.0117988 0.0422309 0.0304285 1.5
10 0.0381823 0.0381823 0.0420006 0.00381823 18
10 0.0197941 0.0177354 0.0419705 0.0240371 15
1 0.328102 0.328102 0.328102 0 18
3 0.0379227 0.0379227 0.0505636 0.0126409 15
2 0.0758453 0.0758453 0.0758453 0 15
1 0.151691 0.151691 0.151691 0 18
2 0.0272916 0.0272916 0.0545833 0.0272916 15
1 0.0539845 0.0539845 0.0539845 0 3
1 0.0372509 0.0372509 0.0372509 0 6
1 0.00884858 0.00884858 0.00884858 0 15

29 0.0197645 0.0180942 0.0199831 0.00118283 6
15 0.036183 0.036183 0.036183 1.38778e-17 15
21 0.00632963 0.00632963 0.0202626 0.013933 15
20 0.0112073 0.0110157 0.0201036 0.00900218 15

17 0.0274579 0.0269885 0.0319997 0.00476844 15
17 0.0131114 0.0131114 0.0319218 0.0188104 15
16 0.0135686 0.0135686 0.0320261 0.0184575 15
15 0.00806182 0.00806182 0.0324098 0.024348 6
1 0.420006 0.420006 0.420006 0 18
1 0.151691 0.151691 0.151691 0 18
1 0.1409 0.1409 0.1409 0 18
1 0.139318 0.139318 0.139318 0 6
1 0.109167 0.109167 0.109167 0 15
1 0.0325259 0.0325259 0.0595182 0.0269923 3

18 0.0191468 0.0191468 0.0340388 0.014892 6
16 0.0150763 0.0150763 0.0339216 0.0188453 15
16 0.0137669 0.0137669 0.0332756 0.0195086 15
13 0.0101696 0.0101696 0.0332745 0.0231049 15
1 0.420006 0.420006 0.420006 0 18
1 0.151691 0.151691 0.151691 0 18
1 0.151691 0.151691 0.151691 0 15
1 0.1409 0.1409 0.1409 0 18
1 0.139318 0.139318 0.139318 0 6
1 0.109167 0.109167 0.109167 0 15
1 0.0650518 0.0650518 0.0650518 0 3
1 0.00527146 0.00527146 0.0105429 0.00527146 15

17 0.0142828 0.0142828 0.0314881 0.0172053 15
16 0.0177148 0.0177148 0.0327141 0.0149993 15
16 0.0115603 0.0115603 0.0311296 0.0195693 6
15 0.0152966 0.0152966 0.0327199 0.0174233 18
1 0.420006 0.420006 0.420006 0 18
1 0.151691 0.151691 0.151691 0 18
2 0.0758453 0.0758453 0.0758453 0 15
1 0.139318 0.139318 0.139318 0 6
1 0.109167 0.109167 0.109167 0 15
1 0.0216839 0.0216839 0.0576736 0.0359897 3
1 0.00876405 0.00876405 0.0175281 0.00876405 18
1 0.00527146 0.00527146 0.0105429 0.00527146 15

16 0.0180205 0.0180205 0.036476 0.0184555 6
15 0.0172087 0.0172087 0.0357442 0.0185355 15
15 0.0144515 0.0144515 0.0349543 0.0205028 15
2 0.210003 0.210003 0.210003 0 18
11 0.0100508 0.0100508 0.0371069 0.027056 15
1 0.328102 0.328102 0.328102 0 18
2 0.0758453 0.0758453 0.0758453 0 18
2 0.0758453 0.0758453 0.0758453 0 15
1 0.139318 0.139318 0.139318 0 6
2 0.0545833 0.0545833 0.0545833 0 15
1 0.0650518 0.0650518 0.0650518 0 3
1 0.0175281 0.0175281 0.0175281 0 18
1 0.00351431 0.00351431 0.0105429 0.00702861 15

15 0.0339216 0.0339216 0.036183 0.00226144 15
15 0.0148832 0.0148832 0.0354382 0.020555 15
15 0.0156902 0.0156902 0.0353309 0.0196407 15
13 0.0127645 0.0127645 0.0349096 0.0221451 6
11 0.0221056 0.0221056 0.0366808 0.0145753 18
2 0.164051 0.164051 0.164051 0 18
2 0.0758453 0.0758453 0.0758453 0 18
3 0.0505636 0.0505636 0.0505636 0 15
1 0.139318 0.139318 0.139318 0 6
3 0.0272916 0.0272916 0.0363888 0.00909721 15
1 0.0650518 0.0650518 0.0650518 0 3
1 0.0175281 0.0175281 0.0175281 0 18
1 0.0105429 0.0105429 0.0105429 0 15

17 0.0211275 0.0211275 0.0353325 0.014205 6
15 0.0177148 0.0177148 0.0366105 0.0188957 15
14 0.0144915 0.0144915 0.0368003 0.0223088 15
11 0.012403 0.012061 0.0373106 0.0252187 15
11 0.0221056 0.0221056 0.0365588 0.0144533 18
2 0.164051 0.164051 0.164051 0 18
2 0.0758453 0.0758453 0.0758453 0 18
4 0.0379227 0.0379227 0.0379227 0 15
1 0.139318 0.139318 0.139318 0 6
3 0.0272916 0.0272916 0.0363888 0.00909721 15
1 0.0325259 0.0325259 0.0595182 0.0269923 3
1 0.0175281 0.0175281 0.0175281 0 18
1 0.00210858 0.00210858 0.0105429 0.00843434 15

15 0.0150847 0.0148832 0.0363764 0.0214798 15
15 0.0285655 0.0285655 0.036163 0.00759747 15
15 0.0119382 0.0119382 0.034779 0.0228407 15
13 0.0133195 0.0133195 0.0360075 0.022688 6
12 0.0323081 0.0323081 0.0350005 0.00269234 18
2 0.164051 0.164051 0.164051 0 18
2 0.0758453 0.0758453 0.0758453 0 18
4 0.0303381 0.0303381 0.0379227 0.00758453 15
1 0.139318 0.139318 0.139318 0 6
3 0.0181944 0.0181944 0.0363888 0.0181944 15
1 0.0216839 0.0216839 0.053173 0.0314891 3
1 0.0175281 0.0175281 0.0175281 0 18
1 0.00527146 0.00527146 0.0105429 0.00527146 15

15 0.0185666 0.0185666 0.0399233 0.0213566 6
14 0.0189365 0.0189365 0.0392255 0.0202891 15
14 0.0150763 0.0150763 0.0384214 0.0233452 15
11 0.0221056 0.0221056 0.0381823 0.0160768 18
9 0.0121334 0.0119713 0.0417963 0.0297891 15
1 0.34005 0.34005 0.34005 0 0
3 0.109367 0.109367 0.109367 0 18
2 0.0758453 0.0758453 0.0758453 0 18
4 0.0303381 0.0303381 0.0379227 0.00758453 15
1 0.139318 0.139318 0.139318 0 6
2 0.0272916 0.0272916 0.0545833 0.0272916 15
1 0.016263 0.016263 0.0581502 0.0418873 3
1 0.0175281 0.0175281 0.0175281 0 18
1 0.0105429 0.0105429 0.0105429 0 15

12 0.0458898 0.0452288 0.0458347 0.000182705 15
14 0.0180044 0.0175079 0.0388384 0.0212603 15
13 0.0156902 0.0156902 0.038545 0.0228548 15
10 0.0113463 0.0113463 0.0419407 0.0305945 6
10 0.0168002 0.0168002 0.0395478 0.0227476 18
1 0.34005 0.34005 0.34005 0 0
4 0.0820255 0.0820255 0.0820255 0 18
3 0.0505636 0.0505636 0.0505636 0 18
3 0.0379227 0.0379227 0.0505636 0.0126409 15
1 0.14242 0.14242 0.14242 0 12
1 0.139318 0.139318 0.139318 0 6
2 0.0363888 0.0363888 0.0545833 0.0181944 15
1 0.0325259 0.0325259 0.0527672 0.0202413 3
1 0.0175281 0.0175281 0.0175281 0 18
1 0.00527146 0.00527146 0.0105429 0.00527146 15

15 0.0226925 0.0226925 0.0399732 0.0172806 6
13 0.0246702 0.0246702 0.0417496 0.0170794 15
13 0.0228816 0.0228816 0.0407348 0.0178532 15
11 0.0139534 0.0137669 0.0420875 0.0282529 15
9 0.014483 0.014483 0.0436895 0.0292066 18
4 0.0820255 0.0820255 0.0820255 0 18
7 0.0425062 0.0425062 0.0444064 0.00190017 0
3 0.0379227 0.0379227 0.0505636 0.0126409 18
3 0.0379227 0.0379227 0.0505636 0.0126409 15
1 0.151691 0.151691 0.151691 0 12
1 0.139318 0.139318 0.139318 0 6
2 0.0363888 0.0363888 0.0545833 0.0181944 15
1 0.0650518 0.0650518 0.0650518 0 3
1 0.00876405 0.00876405 0.0175281 0.00876405 18
1 0.00175715 0.00175715 0.0105429 0.00878577 15
1 0.00542483 0.00542483 0.00542483 0 12

13 0.0275339 0.0275339 0.042354 0.0148201 15
13 0.0159467 0.015507 0.041224 0.0253787 15
13 0.0213351 0.0152544 0.0407504 0.0250773 15
10 0.0133195 0.0133195 0.0421765 0.028857 9
9 0.0233336 0.0233336 0.0440697 0.0207361 18
7 0.0485785 0.0485785 0.0485785 6.93889e-18 0
5 0.0656204 0.0656204 0.0656204 0 18
1 0.151691 0.151691 0.151691 0 12
3 0.0379227 0.0379227 0.0505636 0.0126409 15
3 0.0379227 0.0379227 0.0505636 0.0126409 18
1 0.139318 0.139318 0.139318 0 6
1 0.112161 0.112161 0.112161 0 18
2 0.0363888 0.0363888 0.0545833 0.0181944 15
1 0.0650518 0.0650518 0.0650518 0 3
1 0.00876405 0.00876405 0.0175281 0.00876405 18
1 0.0105429 0.0105429 0.0105429 0 15
1 0.00542483 0.00542483 0.00542483 0 12

15 0.0235653 0.0235653 0.0407695 0.0172042 6
9 0.0603392 0.0447956 0.0585931 0.00487819 15
13 0.0203955 0.0203392 0.0403381 0.0199947 15
11 0.0114636 0.00833038 0.0403655 0.031763 15
9 0.0190912 0.0190912 0.0433249 0.0242337 18
6 0.0546837 0.0546837 0.0546837 0 18
8 0.034005 0.034005 0.0395079 0.00550295 0
2 0.0758453 0.0758453 0.0758453 0 12
3 0.0505636 0.0505636 0.0505636 0 15
3 0.0505636 0.0505636 0.0505636 0 18
1 0.139318 0.139318 0.139318 0 6
2 0.0545833 0.0545833 0.0545833 0 15
1 0.016263 0.016263 0.0524089 0.036146 3
1 0.0175281 0.0175281 0.0175281 0 18
1 0.0105429 0.0105429 0.0105429 0 15
1 0.00542483 0.00542483 0.00542483 0 12

16 0.0219447 0.0156902 0.0354423 0.0187333 15
15 0.0139534 0.0139534 0.034353 0.0203996 15
12 0.0190912 0.0190912 0.0345626 0.0154715 18
11 0.012254 0.012254 0.0352544 0.0230004 1.5
8 0.0425062 0.0425062 0.0425062 0 0
9 0.0273418 0.0273418 0.0364558 0.00911395 18
2 0.0758453 0.0758453 0.0758453 0 12
4 0.0303381 0.0303381 0.0379227 0.00758453 15
3 0.0505636 0.0505636 0.0505636 0 18
1 0.139318 0.139318 0.139318 0 6
3 0.0363888 0.0363888 0.0363888 0 15
1 0.0325259 0.0325259 0.0527672 0.0202413 3
1 0.0175281 0.0175281 0.0175281 0 18
1 0.0105429 0.0105429 0.0105429 0 15
1 0.00542483 0.00542483 0.00542483 0 12

31 0.0174417 0.0164704 0.0177985 0.000424376 15
25 0.0147705 0.0105607 0.0180728 0.00699695 15
23 0.0150002 0.0150002 0.0182611 0.00326091 18
19 0.0101061 0.00806182 0.0180592 0.00990028 6

1 0.768064 0.768064 0.768064 0 18
18 0.0340388 0.0340388 0.0340388 6.93889e-18 6
17 0.0156799 0.0109832 0.0331708 0.0196542 15
15 0.00664447 0.00664447 0.0331866 0.0265421 15
13 0.0105001 0.0105001 0.0316367 0.0211366 18
3 0.0505636 0.0505636 0.0505636 0 15
1 0.109167 0.109167 0.109167 0 15
1 0.028369 0.028369 0.028369 0 3

30 0.0244999 0.0174417 0.0234504 0.00295588 18
25 0.0153175 0.0153175 0.0230203 0.00770288 6
24 0.00911625 0.00893097 0.0236693 0.0147307 18
4 0.0379227 0.0379227 0.0379227 0 15
1 0.109167 0.109167 0.109167 0 15
2 0.0637827 0.0402812 0.052032 0.0117507 0
1 0.0141845 0.0141845 0.0267918 0.0126073 3
1 0.0175281 0.0175281 0.0175281 0 18
1 0.0161093 0.0161093 0.0161093 0 18

23 0.0142545 0.0139648 0.0324925 0.0185027 18
19 0.0124444 0.0121915 0.0333764 0.0211187 15
18 0.0115603 0.0115603 0.032984 0.0214237 6
3 0.186045 0.159805 0.177298 0.0123695 15
2 0.180144 0.0545833 0.117364 0.0627803 18
4 0.0303381 0.0303381 0.0379227 0.00758453 18
1 0.151691 0.151691 0.151691 0 18
2 0.0637827 0.0402812 0.052032 0.0117507 3
1 0.0125932 0.0125932 0.0304544 0.0178612 6
1 0.0175281 0.0175281 0.0175281 0 18
1 0.0161093 0.0161093 0.0161093 0 18

25 0.0163333 0.0160013 0.0302782 0.0141318 18
20 0.0115294 0.0112951 0.0303522 0.0190222 18
20 0.0149439 0.0149439 0.0294151 0.0144712 6
5 0.0720576 0.0218333 0.0620127 0.0200897 18
2 0.140116 0.0498658 0.094991 0.0451253 15
4 0.0379227 0.0379227 0.0379227 0 15
1 0.151691 0.151691 0.151691 0 18
2 0.0637827 0.0402812 0.052032 0.0117507 3
1 0.0377795 0.0377795 0.0377795 0 6
1 0.00876405 0.00876405 0.0175281 0.00876405 18
1 0.0161093 0.0161093 0.0161093 0 18

23 0.0147924 0.0144918 0.0319439 0.0173872 18
20 0.0139999 0.0137154 0.0324523 0.018481 18
18 0.0120137 0.0120137 0.0318906 0.0198769 6
8 0.0694244 0.0136458 0.0441608 0.0140268 18
1 0.301437 0.301437 0.301437 0 9
4 0.0252818 0.0252818 0.0379227 0.0126409 18
1 0.151691 0.151691 0.151691 0 18
2 0.0637827 0.0402812 0.052032 0.0117507 0
1 0.0377795 0.0377795 0.0377795 0 6
1 0.0175281 0.0175281 0.0175281 0 18
1 0.00805463 0.00805463 0.0161093 0.00805463 18

24 0.0150769 0.0150769 0.0318869 0.01681 18
20 0.0115294 0.0112951 0.0320399 0.0205811 18
18 0.0175057 0.0175057 0.0319861 0.0144805 6
9 0.0617106 0.0121296 0.0393405 0.0117577 18
1 0.301437 0.301437 0.301437 0 9
4 0.0303381 0.0303381 0.0379227 0.00758453 15
1 0.151691 0.151691 0.151691 0 18
2 0.0637827 0.0402812 0.052032 0.0117507 0
1 0.0377795 0.0377795 0.0377795 0 6
1 0.00876405 0.00876405 0.0175281 0.00876405 18
1 0.00402732 0.00402732 0.015814 0.0117866 18

23 0.0174222 0.0174222 0.0324805 0.0150584 18
20 0.0113623 0.0113623 0.032229 0.0208667 18
18 0.0145881 0.0145881 0.0324893 0.0179012 6
10 0.0555395 0.0109167 0.0374197 0.0117158 18
1 0.301437 0.301437 0.301437 0 9
4 0.0252818 0.0252818 0.0379227 0.0126409 15
1 0.151691 0.151691 0.151691 0 18
2 0.0637827 0.0402812 0.052032 0.0117507 3
1 0.0195364 0.0195364 0.0384262 0.0188898 6
1 0.00876405 0.00876405 0.0175281 0.00876405 18
1 0.00805463 0.00805463 0.0155186 0.00746401 18

23 0.0195999 0.0195999 0.0322622 0.0126622 18
20 0.0112 0.0112 0.0326537 0.0214537 18
19 0.0142488 0.0142488 0.0321439 0.0178951 6
11 0.0504905 0.00992423 0.0355154 0.011205 18
1 0.301437 0.301437 0.301437 0 9
4 0.0303381 0.0303381 0.0379227 0.00758453 18
3 0.0505636 0.0505636 0.0505636 0 18
2 0.0637827 0.0402812 0.052032 0.0117507 3
1 0.0130243 0.0130243 0.0390728 0.0260485 6
1 0.00876405 0.00876405 0.0175281 0.00876405 18
1 0.00805463 0.00805463 0.0155186 0.00746401 18

23 0.0170434 0.0170434 0.031428 0.0143846 18
20 0.0112 0.0112 0.032686 0.0214861 18
18 0.0157102 0.0157102 0.0327582 0.017048 6
12 0.0396711 0.0257348 0.0328412 0.00699249 18
1 0.301437 0.301437 0.301437 0 9
4 0.0379227 0.0379227 0.0379227 0 15
4 0.0379227 0.0379227 0.0379227 0 18
2 0.0637827 0.0402812 0.052032 0.0117507 0
1 0.0195364 0.0195364 0.0384262 0.0188898 6
1 0.0058427 0.0058427 0.0175281 0.0116854 18
1 0.0161093 0.0161093 0.0161093 0 18

22 0.0150769 0.0150769 0.0356362 0.0205594 18
17 0.0142545 0.0142545 0.036894 0.0226395 18
16 0.0133195 0.0133195 0.0357932 0.0224737 6
12 0.0326703 0.0211934 0.0360827 0.00995814 18
1 0.328102 0.328102 0.328102 0 18
1 0.301437 0.301437 0.301437 0 9
4 0.0303381 0.0303381 0.0379227 0.00758453 15
4 0.0303381 0.0303381 0.0379227 0.00758453 18
2 0.0637827 0.0402812 0.052032 0.0117507 0
1 0.0390728 0.0390728 0.0390728 0 6
1 0.0175281 0.0175281 0.0175281 0 18
1 0.0161093 0.0161093 0.0161093 0 18

20 0.0170434 0.0170434 0.0379168 0.0208734 18
18 0.0130666 0.0130666 0.0367551 0.0236885 18
16 0.0180205 0.0180205 0.0382936 0.0202731 6
13 0.0222158 0.0222158 0.0373197 0.0151039 18
1 0.328102 0.328102 0.328102 0 18
1 0.301437 0.301437 0.301437 0 9
4 0.0379227 0.0379227 0.0379227 0 15
4 0.0252818 0.0252818 0.0379227 0.0126409 18
2 0.0637827 0.0402812 0.052032 0.0117507 0
1 0.0390728 0.0390728 0.0390728 0 6
1 0.0175281 0.0175281 0.0175281 0 18
1 0.0161093 0.0161093 0.0161093 0 18

21 0.0163333 0.0163333 0.0365705 0.0202372 18
16 0.0128524 0.0128524 0.0363982 0.0235458 18
15 0.0175057 0.0175057 0.0386552 0.0211496 6
14 0.0292313 0.0292313 0.0363084 0.00707707 18
2 0.164051 0.164051 0.164051 0 18
1 0.301437 0.301437 0.301437 0 9
3 0.113962 0.0268542 0.0611127 0.0379137 3
4 0.0303381 0.0303381 0.0379227 0.00758453 15
4 0.0379227 0.0379227 0.0379227 0 18
1 0.0390728 0.0390728 0.0390728 0 6
1 0.0175281 0.0175281 0.0175281 0 18
1 0.00805463 0.00805463 0.0155186 0.00746401 18

20 0.0217777 0.0217777 0.0374178 0.0156401 18
17 0.0132881 0.0132881 0.0379381 0.02465 18
15 0.0165594 0.0165594 0.0388402 0.0222808 6
14 0.017916 0.017916 0.0391878 0.0212718 18
2 0.164051 0.164051 0.164051 0 18
1 0.301437 0.301437 0.301437 0 9
3 0.113962 0.0268542 0.0611127 0.0379137 3
4 0.0379227 0.0379227 0.0379227 0 15
4 0.0379227 0.0379227 0.0379227 0 18
1 0.0130243 0.0130243 0.0390728 0.0260485 6
1 0.0175281 0.0175281 0.0175281 0 18
1 0.00805463 0.00805463 0.0155186 0.00746401 18

20 0.0211891 0.0211891 0.0389477 0.0177586 18
16 0.0128524 0.0128524 0.0391798 0.0263274 18
15 0.0142488 0.0142488 0.0393603 0.0251115 6
14 0.0264474 0.0264474 0.0396711 0.0132237 18
2 0.164051 0.164051 0.164051 0 18
1 0.301437 0.301437 0.301437 0 9
3 0.113962 0.0268542 0.0611127 0.0379137 0
4 0.0252818 0.0252818 0.0379227 0.0126409 18
4 0.0379227 0.0379227 0.0379227 0 18
1 0.0390728 0.0390728 0.0390728 0 6
1 0.00876405 0.00876405 0.0175281 0.00876405 18
1 0.00805463 0.00805463 0.0155186 0.00746401 18

19 0.0182325 0.0182325 0.0394994 0.0212669 18
17 0.0142545 0.0142545 0.0393089 0.0250544 18
15 0.0175057 0.0175057 0.040076 0.0225703 6
14 0.0205702 0.0205702 0.0396711 0.0191009 18
2 0.164051 0.164051 0.164051 0 18
1 0.301437 0.301437 0.301437 0 9
3 0.113962 0.0268542 0.0611127 0.0379137 0
3 0.0379227 0.0379227 0.0505636 0.0126409 15
3 0.0379227 0.0379227 0.0505636 0.0126409 18
1 0.143302 0.143302 0.143302 0 6
1 0.0097682 0.0097682 0.0389623 0.0291941 6
1 0.0175281 0.0175281 0.0175281 0 18
1 0.00805463 0.00805463 0.0155186 0.00746401 18

20 0.0191219 0.0191219 0.0391999 0.020078 18
15 0.0142545 0.0142545 0.0411333 0.0268788 18
15 0.0180205 0.0180205 0.0389219 0.0209014 6
14 0.017916 0.017916 0.0396711 0.0217551 18
4 0.0820255 0.0820255 0.0820255 0 18
1 0.301437 0.301437 0.301437 0 9
3 0.113962 0.0268542 0.0611127 0.0379137 3
3 0.0505636 0.0505636 0.0505636 0 15
3 0.0505636 0.0505636 0.0505636 0 18
1 0.143302 0.143302 0.143302 0 6
1 0.0130243 0.0130243 0.0360781 0.0230539 6
1 0.0175281 0.0175281 0.0175281 0 18
1 0.0161093 0.0161093 0.0161093 0 18

18 0.0237575 0.0237575 0.0424072 0.0186497 18
15 0.0130666 0.0130666 0.0418309 0.0287643 18
13 0.0213614 0.0213614 0.0414229 0.0200616 18
13 0.0153175 0.0153175 0.0413441 0.0260266 6
4 0.0820255 0.0820255 0.0820255 0 18
1 0.301437 0.301437 0.301437 0 9
1 0.251245 0.251245 0.251245 0 18
3 0.113962 0.0268542 0.0611127 0.0379137 3
3 0.0379227 0.0379227 0.0505636 0.0126409 15
3 0.0303381 0.0303381 0.0505636 0.0202254 18
1 0.143302 0.143302 0.143302 0 6
1 0.0195364 0.0195364 0.0384262 0.0188898 6
1 0.0175281 0.0175281 0.0175281 0 18
1 0.0161093 0.0161093 0.0161093 0 18

16 0.0217777 0.0217777 0.0466294 0.0248517 18
14 0.0142545 0.0142545 0.0473776 0.0331231 18
13 0.0218821 0.0218821 0.0471306 0.0252485 6
12 0.0185132 0.0185132 0.0462829 0.0277698 18
2 0.217252 0.145703 0.181477 0.0357746 18
5 0.0656204 0.0656204 0.0656204 0 18
1 0.301437 0.301437 0.301437 0 9
2 0.125623 0.125623 0.125623 0 18
3 0.113962 0.0268542 0.0611127 0.0379137 0
3 0.0252818 0.0252818 0.0505636 0.0252818 18
3 0.0505636 0.0505636 0.0505636 0 18
1 0.143302 0.143302 0.143302 0 6
1 0.0195364 0.0195364 0.0352275 0.0156911 6
1 0.0175281 0.0175281 0.0175281 0 18
1 0.00536976 0.00536976 0.0153218 0.00995202 18

15 0.0217777 0.0217777 0.0488098 0.0270321 18
13 0.0159999 0.0159999 0.0488376 0.0328377 18
12 0.0191468 0.0191468 0.0494355 0.0302887 6
11 0.0198355 0.0198355 0.0484027 0.0285671 18
7 0.062072 0.0416294 0.0474701 0.00923505 18
6 0.0546837 0.0546837 0.0546837 0 18
1 0.301437 0.301437 0.301437 0 9
4 0.0628113 0.0628113 0.0628113 0 18
1 0.238166 0.238166 0.238166 0 21
3 0.113962 0.0268542 0.0611127 0.0379137 3
3 0.0505636 0.0505636 0.0505636 0 15
3 0.0505636 0.0505636 0.0505636 0 18
1 0.143302 0.143302 0.143302 0 6
1 0.0390728 0.0390728 0.0390728 0 6
1 0.0347155 0.0347155 0.0347155 0 15
1 0.0175281 0.0175281 0.0175281 0 18
1 0.0161093 0.0161093 0.0161093 0 18

15 0.0244999 0.0244999 0.0522665 0.0277666 18
11 0.0201025 0.0201025 0.0529067 0.0328042 18
11 0.0235653 0.0235653 0.0526603 0.029095 6
10 0.017916 0.017916 0.0524828 0.0345668 15
6 0.0271565 0.0259609 0.057312 0.030358 18
6 0.0218735 0.0218735 0.052784 0.0309105 18
1 0.301437 0.301437 0.301437 0 9
2 0.201155 0.0716511 0.136403 0.064752 6
4 0.0628113 0.0628113 0.0628113 0 18
1 0.238166 0.238166 0.238166 0 21
3 0.113962 0.0268542 0.0611127 0.0379137 3
3 0.0505636 0.0505636 0.0505636 0 15
3 0.0505636 0.0505636 0.0505636 0 18
1 0.135038 0.135038 0.135038 0 15
2 0.0849357 0.0195364 0.052236 0.0326996 6
1 0.0173578 0.0173578 0.0326403 0.0152826 15
1 0.0175281 0.0175281 0.0175281 0 18
1 0.00805463 0.00805463 0.0155186 0.00746401 18

16 0.0301537 0.0301537 0.0478975 0.0177438 18
12 0.0185666 0.0185666 0.0471885 0.0286219 6
11 0.0147924 0.0147924 0.0507106 0.0359182 1.5
10 0.0198355 0.0198355 0.0482337 0.0283981 18
9 0.031036 0.031036 0.0479746 0.0169386 18
1 0.301437 0.301437 0.301437 0 9
2 0.201155 0.0716511 0.136403 0.064752 6
4 0.0628113 0.0628113 0.0628113 0 18
1 0.238166 0.238166 0.238166 0 21
3 0.113962 0.0268542 0.0611127 0.0379137 3
3 0.0505636 0.0505636 0.0505636 0 15
3 0.0303381 0.0303381 0.0505636 0.0202254 18
1 0.135038 0.135038 0.135038 0 15
2 0.0424678 0.0424678 0.052023 0.00955513 6
1 0.0347155 0.0347155 0.0347155 0 15
1 0.0175281 0.0175281 0.0175281 0 18
1 0.00805463 0.00805463 0.0155186 0.00746401 18

28 0.0218821 0.0044166 0.0205794 0.00422241 6
33 0.0156799 0.0156799 0.0161643 0.000484381 18
29 0.00761162 0.00539219 0.0158714 0.00876516 3

27 0.0217777 0.0217777 0.0283921 0.00661441 18
26 0.0105946 0.0105946 0.0281934 0.0175988 18
10 0.0555395 0.0555395 0.0555395 0 18
18 0.00928331 0.00928331 0.028242 0.0189587 6
2 0.0758453 0.0758453 0.0758453 0 18
1 0.0313821 0.0313821 0.0313821 0 6
1 0.014928 0.014928 0.014928 0 18

28 0.0132881 0.0132881 0.0273164 0.0140283 18
18 0.0340388 0.0340388 0.0340388 6.93889e-18 6
22 0.0103158 0.0103158 0.0273248 0.017009 1.5
19 0.0213614 0.0213614 0.0284678 0.00710641 18
2 0.0758453 0.0758453 0.0758453 0 18
1 0.0127329 0.0127329 0.0356497 0.0229168 6
1 0.014928 0.014928 0.014928 0 18

36 0.0110422 0.0110422 0.0194547 0.00841252 18
32 0.0112 0.0112 0.0189824 0.00778247 18
30 0.012254 0.012254 0.0195723 0.0073183 6

25 0.0112 0.0112 0.0306697 0.0194697 18
21 0.00880896 0.00880896 0.0306195 0.0218105 1.5
20 0.0204233 0.0204233 0.0306349 0.0102116 6
1 0.555395 0.555395 0.555395 0 18
1 0.215829 0.215829 0.215829 0 15
4 0.0379227 0.0379227 0.0379227 0 18
1 0.0377795 0.0377795 0.0377795 0 6
1 0.00746401 0.00746401 0.014928 0.00746401 18

51 0.0110422 0.0110422 0.0131252 0.002083 18
48 0.00761162 0.00594853 0.0128858 0.00535385 18

28 0.0104533 0.0104533 0.0275086 0.0170553 18
25 0.0067586 0.0067586 0.0270084 0.0202498 1.5
2 0.306349 0.306349 0.306349 0 6
2 0.277698 0.277698 0.277698 0 18
1 0.0377795 0.0377795 0.0377795 0 6
1 0.00497601 0.00497601 0.014928 0.00995202 18

51 0.0108888 0.0108888 0.0133052 0.00241638 18
48 0.00901146 0.00901146 0.0135218 0.00451036 18

35 0.0110422 0.0110422 0.0218886 0.0108464 18
30 0.00637396 0.00637396 0.0221805 0.0158065 18
1 0.555395 0.555395 0.555395 0 18
1 0.151691 0.151691 0.151691 0 18
1 0.0192845 0.0192845 0.0349756 0.0156911 6
1 0.014928 0.014928 0.014928 0 18

33 0.0112 0.0112 0.0230543 0.0118543 18
28 0.00890906 0.00890906 0.0232083 0.0142992 18
2 0.277698 0.277698 0.277698 0 18
1 0.151691 0.151691 0.151691 0 18
1 0.137263 0.137263 0.137263 0 15
1 0.00964313 0.00964313 0.034266 0.0246228 6
1 0.00497601 0.00497601 0.014928 0.00995202 18

26 0.01225 0.01225 0.029447 0.017197 18
22 0.00880896 0.00880896 0.0298344 0.0210254 18
1 0.589832 0.589832 0.589832 0 18
3 0.185132 0.185132 0.185132 0 18
4 0.0379227 0.0379227 0.0379227 0 18
1 0.137263 0.137263 0.137263 0 15
1 0.0128575 0.0128575 0.0359343 0.0230768 6
1 0.00746401 0.00746401 0.014928 0.00746401 18

26 0.0112 0.0112 0.0288691 0.0176692 18
22 0.0104533 0.0104533 0.0283848 0.0179315 18
1 0.589832 0.589832 0.589832 0 18
3 0.185132 0.185132 0.185132 0 18
4 0.0379227 0.0379227 0.0379227 0 18
1 0.0624509 0.0624509 0.0624509 0 15
1 0.0128575 0.0128575 0.0377697 0.0249121 6
1 0.00746401 0.00746401 0.014928 0.00746401 18

25 0.0118787 0.0118787 0.0298934 0.0180146 18
23 0.0103158 0.0103158 0.0300049 0.0196891 18
1 0.589832 0.589832 0.589832 0 18
5 0.111079 0.111079 0.111079 0 18
4 0.0379227 0.0379227 0.0379227 0 18
1 0.0723881 0.0723881 0.0723881 0 15
1 0.0624509 0.0624509 0.0624509 0 15
1 0.0385725 0.0385725 0.0385725 0 6
1 0.00373201 0.00373201 0.014928 0.011196 18

26 0.0113623 0.0113623 0.0287674 0.0174051 18
23 0.0108888 0.0108888 0.0281081 0.0172192 18
1 0.589832 0.589832 0.589832 0 18
6 0.0925659 0.0925659 0.0925659 0 18
5 0.0252818 0.0252818 0.0303381 0.00505636 18
1 0.0624509 0.0624509 0.0624509 0 15
1 0.0128575 0.0128575 0.0359114 0.0230539 6
1 0.00373201 0.00373201 0.014928 0.011196 18

26 0.0112 0.0112 0.0291721 0.0179722 18
24 0.0108888 0.0108888 0.0290745 0.0181856 18
1 0.589832 0.589832 0.589832 0 18
8 0.0694244 0.0694244 0.0694244 0 18
5 0.0189613 0.0189613 0.0303381 0.0113768 18
1 0.0624509 0.0624509 0.0624509 0 15
1 0.0385725 0.0385725 0.0385725 0 6
1 0.00497601 0.00497601 0.014928 0.00995202 18

25 0.0108888 0.0108888 0.0290914 0.0182025 18
24 0.0107397 0.0107397 0.0290307 0.018291 18
1 0.589832 0.589832 0.589832 0 18
9 0.0617106 0.0617106 0.0617106 0 18
5 0.0252818 0.0252818 0.0303381 0.00505636 18
1 0.0624509 0.0624509 0.0624509 0 15
1 0.00964313 0.00964313 0.0380987 0.0284556 6
1 0.014928 0.014928 0.014928 0 18

27 0.0105946 0.0105946 0.0285408 0.0179463 18
1 0.589832 0.589832 0.589832 0 18
21 0.0113623 0.0113623 0.0280677 0.0167055 18
11 0.0504905 0.0504905 0.0504905 2.08167e-17 18
5 0.0303381 0.0303381 0.0303381 0 18
1 0.0624509 0.0624509 0.0624509 0 15
1 0.0128575 0.0128575 0.0379068 0.0250492 6
1 0.00497601 0.00497601 0.014928 0.00995202 18

22 0.0356362 0.0168332 0.0347815 0.00391665 18
22 0.0100512 0.0100512 0.0286491 0.0185978 18
20 0.013717 0.013717 0.0282248 0.0145078 18
13 0.0427227 0.0427227 0.0427227 6.93889e-18 18
5 0.0303381 0.0303381 0.0303381 0 18
1 0.0624509 0.0624509 0.0624509 0 15
1 0.0149092 0.0149092 0.0448031 0.0298939 6
1 0.014928 0.014928 0.014928 0 18

26 0.0132881 0.0132881 0.0293703 0.0160823 18
23 0.0101818 0.0101818 0.0289854 0.0188036 18
19 0.0280872 0.0280872 0.0297267 0.00163949 18
15 0.0370264 0.0370264 0.0370264 1.38778e-17 18
5 0.0216701 0.0216701 0.0303381 0.00866804 18
1 0.0624509 0.0624509 0.0624509 0 15
1 0.037273 0.037273 0.0559571 0.0186841 6
1 0.00497601 0.00497601 0.014928 0.00995202 18

24 0.0128524 0.0128524 0.0321203 0.0192679 18
20 0.00967898 0.00967898 0.0327138 0.0230348 18
18 0.0310438 0.0310438 0.0327684 0.00172466 18
17 0.0326703 0.0326703 0.0326703 1.38778e-17 18
4 0.0252818 0.0252818 0.0379227 0.0126409 18
1 0.118932 0.118932 0.118932 0 15
1 0.109468 0.109468 0.109468 0 15
1 0.099062 0.099062 0.099062 0 15
1 0.0624509 0.0624509 0.0624509 0 15
1 0.037273 0.037273 0.0560099 0.0187369 6
1 0.014928 0.014928 0.014928 0 18

24 0.0147924 0.0147924 0.0320975 0.0173051 18
20 0.0092235 0.0092235 0.0316267 0.0224032 15
18 0.0327684 0.0327684 0.0327684 1.38778e-17 18
17 0.0308553 0.0308553 0.0326703 0.00181502 18
4 0.0379227 0.0379227 0.0379227 0 18
1 0.118932 0.118932 0.118932 0 15
1 0.109468 0.109468 0.109468 0 15
1 0.099062 0.099062 0.099062 0 15
1 0.0624509 0.0624509 0.0624509 0 15
1 0.0248487 0.0248487 0.0496036 0.0247549 6
1 0.00373201 0.00373201 0.014928 0.011196 18

24 0.0120615 0.0120615 0.0315772 0.0195158 18
19 0.0108888 0.0108888 0.0327703 0.0218815 18
17 0.034696 0.034696 0.034696 6.93889e-18 18
17 0.0292313 0.0292313 0.0326703 0.00343898 18
4 0.0379227 0.0379227 0.0379227 0 18
1 0.109468 0.109468 0.109468 0 15
1 0.106503 0.106503 0.106503 0 21
2 0.049531 0.0478857 0.0487083 0.00082266 15
1 0.0624509 0.0624509 0.0624509 0 15
1 0.037273 0.037273 0.0561628 0.0188898 6
1 0.0029856 0.0029856 0.014928 0.0119424 18

25 0.0132881 0.0132881 0.0313599 0.0180718 18
21 0.00979996 0.00979996 0.0319006 0.0221007 1.5
17 0.034696 0.034696 0.034696 6.93889e-18 18
18 0.0308553 0.0308553 0.0308553 0 18
4 0.0379227 0.0379227 0.0379227 0 18
1 0.109468 0.109468 0.109468 0 15
1 0.099062 0.099062 0.099062 0 15
1 0.0624509 0.0624509 0.0624509 0 15
1 0.0186365 0.0186365 0.0448417 0.0262052 6
1 0.00497601 0.00497601 0.014928 0.00995202 18

52 0.0107397 0.0107397 0.0140746 0.00333488 18
47 0.00670083 0.00670083 0.013885 0.00718414 18

45 0.00852171 0.00852171 0.0169071 0.0083854 18
41 0.00761162 0.00761162 0.0168072 0.00919556 18
2 0.0758453 0.0758453 0.0758453 0 18
1 0.0385725 0.0385725 0.0385725 0 6
1 0.014928 0.014928 0.014928 0 18

29 0.00956094 0.00956094 0.0265859 0.017025 18
26 0.00861535 0.00861535 0.0267575 0.0181422 1.5
4 0.138849 0.138849 0.138849 0 18
1 0.353361 0.353361 0.353361 0 18
3 0.0505636 0.0505636 0.0505636 0 18
1 0.00964313 0.00964313 0.0378442 0.028201 6
1 0.0029856 0.0029856 0.014928 0.0119424 18

