5 1 0.151691 0.151691 0.151691 0 12
1 1 1.04389e-28 1.04389e-28 1.04389e-28 0 0
2 1 0 0 0 0 12
3 1 0 0 0 0 12
4 1 0 0 0 0 12

6 1 0.151691 0.151691 0.151691 0 15
5 49 0.00164881 0.00164881 0.00298709 0.00133828 12
1 1 3.47962e-29 3.47962e-29 3.47962e-29 0 0
2 1 0 0 0 0 12
3 1 0 0 0 0 12
4 1 0 0 0 0 12

5 51 0.00202254 0.00202254 0.00296974 0.000947195 12
6 48 0.00244662 0.00244662 0.00303072 0.000584098 15
1 1 1.04389e-28 1.04389e-28 1.04389e-28 0 0
2 1 0 0 0 0 12

12 1 0.151691 0.151691 0.151691 0 18
6 33 0.00202254 0.00202254 0.00459669 0.00257414 15
5 32 0.00126409 0.00126409 0.00462496 0.00336087 12
1 1 1.04389e-28 1.04389e-28 1.04389e-28 0 0
2 1 0 0 0 0 12
9 1 0 0 0 0 3
10 1 0 0 0 0 12
11 1 0 0 0 0 15

13 4 0.0379227 0.0379227 0.0379227 0 12
5 25 0.00541752 0.00541752 0.00606763 0.000650103 12
6 25 0.00210682 0.00210682 0.0060508 0.00394399 15
12 23 0.00261536 0.00261536 0.00603677 0.00342141 18
14 1 0.000825895 0.000825895 0.000825895 0 18
16 1 0.000152861 0.000152861 0.000152861 0 18
1 1 1.04389e-28 1.04389e-28 1.04389e-28 0 0
2 1 0 0 0 0 12
9 1 0 0 0 0 3
10 1 0 0 0 0 12
11 1 0 0 0 0 15
15 1 0 0 0 0 15
17 1 0 0 0 0 18

12 20 0.00659525 0.00659525 0.00758453 0.000989287 18
5 1 0.151691 0.151691 0.151691 0 12
18 1 0.151691 0.151691 0.151691 0 15
6 20 0.00297433 0.00297433 0.00758453 0.00461021 15
13 19 0.00158011 0.00158011 0.00772761 0.0061475 12
14 1 0.000275298 0.000275298 0.000275298 0 15
16 1 0.000152861 0.000152861 0.000152861 0 18
1 1 5.21943e-29 5.21943e-29 5.21943e-29 0 0
2 1 0 0 0 0 12
9 1 0 0 0 0 3
10 1 0 0 0 0 12
11 1 0 0 0 0 15
15 1 0 0 0 0 15
17 1 0 0 0 0 18
19 1 0 0 0 0 12

6 20 0.00505636 0.00505636 0.00758453 0.00252818 15
18 1 0.151691 0.151691 0.151691 0 18
13 2 0.0758453 0.0758453 0.0758453 0 12
5 20 0.00192604 0.00189613 0.00756289 0.00566527 12
12 19 0.00352769 0.00352769 0.00775033 0.00422264 18
14 1 0.000825895 0.000825895 0.000825895 0 18
16 1 0.000152861 0.000152861 0.000152861 0 18
1 1 5.21943e-29 5.21943e-29 5.21943e-29 0 0
21 1 0 0 0 0 15
20 1 0 0 0 0 15
19 1 0 0 0 0 12
17 1 0 0 0 0 18
15 1 0 0 0 0 15
11 1 0 0 0 0 15
10 1 0 0 0 0 12
9 1 0 0 0 0 3
2 1 0 0 0 0 12

12 16 0.00842726 0.00842726 0.00948067 0.00105341 18
5 10 0.0151691 0.0151691 0.0151691 0 12
22 1 0.151691 0.151691 0.151691 0 15
13 16 0.00489325 0.00489325 0.00948067 0.00458742 12
18 16 0.00375813 0.00369977 0.00938879 0.00568539 15
6 16 0.00270876 0.00270876 0.00927193 0.00656317 15
14 1 0.000825895 0.000825895 0.000825895 0 18
23 1 0.000451181 0.000451181 0.000451181 0 18
16 1 0.000152861 0.000152861 0.000152861 0 18
1 1 5.21943e-29 5.21943e-29 5.21943e-29 0 0
21 1 0 0 0 0 15
20 1 0 0 0 0 15
19 1 0 0 0 0 15
17 1 0 0 0 0 18
15 1 0 0 0 0 15
10 1 0 0 0 0 12
9 1 0 0 0 0 3
2 1 0 0 0 0 12

26 1 0.272227 0.272227 0.272227 0 15
27 1 0.151691 0.151691 0.151691 0 18
18 11 0.00948067 0.00948067 0.0137901 0.00430939 18
6 11 0.00948067 0.00948067 0.0137901 0.00430939 15
13 11 0.00489325 0.00489325 0.0137901 0.00889681 12
5 11 0.00280152 0.00275801 0.0137491 0.0109871 15
12 10 0.00316022 0.00316022 0.0140431 0.0108828 18
25 1 0.118687 0.118687 0.118687 0 6
14 1 0.000825895 0.000825895 0.000825895 0 18
23 1 0.000451181 0.000451181 0.000451181 0 18
10 1 0.000262722 0.000262722 0.000262722 0 12
16 1 0.000152861 0.000152861 0.000152861 0 18
1 1 1.04389e-28 1.04389e-28 1.04389e-28 0 0
21 1 0 0 0 0 15
20 1 0 0 0 0 15
17 1 0 0 0 0 18
15 1 0 0 0 0 15
9 1 0 0 0 0 3
2 1 0 0 0 0 12
24 1 0 0 0 0 12

30 1 0.289685 0.289685 0.289685 0 6
26 14 0.00924583 0.0064816 0.0160188 0.00931997 15
18 1 0.154084 0.154084 0.154084 0 15
6 9 0.00697609 0.00689503 0.0168635 0.00995952 15
27 9 0.00369977 0.00369977 0.0168545 0.0131547 18
5 9 0.0151691 0.0151691 0.0168545 0.00168545 12
12 9 0.0151691 0.0151691 0.0168545 0.00168545 18
13 9 0.00606763 0.00606763 0.016739 0.0106714 12
25 1 0.118687 0.118687 0.118687 0 6
14 1 0.000825895 0.000825895 0.000825895 0 18
10 1 0.000788167 0.000788167 0.000788167 0 12
23 1 0.000451181 0.000451181 0.000451181 0 18
16 1 0.000152861 0.000152861 0.000152861 0 18
1 1 1.04389e-28 1.04389e-28 1.04389e-28 0 0
21 1 0 0 0 0 15
20 1 0 0 0 0 15
17 1 0 0 0 0 18
15 1 0 0 0 0 15
9 1 0 0 0 0 3
2 1 0 0 0 0 12
24 1 0 0 0 0 12
28 1 0 0 0 0 12
29 1 0 0 0 0 15

32 1 0.275634 0.275634 0.275634 0 18
26 14 0.0121352 0.0085071 0.0192212 0.0103736 15
30 10 0.0131675 0.0131675 0.0202651 0.00709759 6
18 8 0.00302125 0.00302125 0.0190253 0.0160041 12
6 8 0.00807758 0.00798372 0.0189965 0.0109777 15
13 8 0.0168545 0.0168545 0.0189613 0.00210682 12
27 1 0.151691 0.151691 0.151691 0 15
12 8 0.0168545 0.0168545 0.0189613 0.00210682 18
5 8 0.0137901 0.0137901 0.0188797 0.00508965 15
25 1 0.118687 0.118687 0.118687 0 6
31 1 0.0522816 0.0522816 0.0522816 0 3
20 1 0.00765111 0.00765111 0.0153022 0.00765111 15
14 1 0.000825895 0.000825895 0.000825895 0 18
10 1 0.000394083 0.000394083 0.000524867 0.000130784 12
23 1 0.000451181 0.000451181 0.000451181 0 18
16 1 0.000152861 0.000152861 0.000152861 0 18
1 1 1.04389e-28 1.04389e-28 1.04389e-28 0 0
21 1 0 0 0 0 15
17 1 0 0 0 0 18
15 1 0 0 0 0 15
9 1 0 0 0 0 3
2 1 0 0 0 0 12
24 1 0 0 0 0 12
28 1 0 0 0 0 12

30 15 0.0131675 0.0131675 0.0191531 0.00598558 6
26 15 0.0117674 0.00824931 0.0189625 0.00987522 15
32 9 0.00889142 0.00889142 0.0187259 0.00983451 18
18 8 0.00550298 0.00550298 0.0191587 0.0136557 15
13 8 0.00892298 0.00892298 0.0189613 0.0100384 12
12 8 0.0189613 0.0189613 0.0189613 3.46945e-18 18
5 1 0.151691 0.151691 0.151691 0 15
6 8 0.010835 0.010835 0.0189613 0.00812629 15
27 7 0.0216701 0.0216701 0.0216701 3.46945e-18 15
25 1 0.118687 0.118687 0.118687 0 6
31 1 0.0522816 0.0522816 0.0522816 0 3
20 1 0.0114767 0.0114767 0.0229533 0.0114767 18
14 1 0.000825895 0.000825895 0.000825895 0 18
10 1 0.000394083 0.000394083 0.000524867 0.000130784 12
23 1 0.000451181 0.000451181 0.000451181 0 18
16 1 0.000152861 0.000152861 0.000152861 0 18
1 1 1.04389e-28 1.04389e-28 1.04389e-28 0 0
21 1 0 0 0 0 15
17 1 0 0 0 0 18
15 1 0 0 0 0 15
9 1 0 0 0 0 3
2 1 0 0 0 0 12
24 1 0 0 0 0 12
28 1 0 0 0 0 12
33 1 0 0 0 0 15

26 15 0.0121352 0.0093812 0.0200571 0.00984391 15
32 13 0.0172271 0.0172271 0.0212026 0.00397549 18
30 11 0.00629749 0.00629749 0.0211819 0.0148844 6
18 7 0.0070038 0.0070038 0.0220119 0.0150081 15
13 7 0.0101127 0.0101127 0.0216701 0.0115574 12
5 4 0.0379227 0.0379227 0.0379227 0 15
6 6 0.0252818 0.0252818 0.0252818 0 15
27 7 0.0216701 0.0216701 0.0216701 3.46945e-18 15
12 7 0.00583426 0.00583426 0.0216701 0.0158358 15
25 1 0.118687 0.118687 0.118687 0 6
34 1 0.0640624 0.0640624 0.0640624 0 15
31 1 0.0522816 0.0522816 0.0522816 0 3
20 1 0.0114767 0.0114767 0.0229533 0.0114767 18
14 1 0.000825895 0.000825895 0.000825895 0 18
10 1 0.000394083 0.000394083 0.000524867 0.000130784 12
23 1 0.000451181 0.000451181 0.000451181 0 18
16 1 0.000152861 0.000152861 0.000152861 0 18
1 1 1.04389e-28 1.04389e-28 1.04389e-28 0 0
21 1 0 0 0 0 15
17 1 0 0 0 0 18
15 1 0 0 0 0 15
9 1 0 0 0 0 3
2 1 0 0 0 0 12
24 1 0 0 0 0 12
28 1 0 0 0 0 12
33 1 0 0 0 0 15

30 12 0.0152466 0.0152466 0.0232725 0.00802598 6
32 12 0.00899316 0.00656271 0.0232464 0.0164215 18
26 12 0.011095 0.0085771 0.0226977 0.0120022 15
13 6 0.00842726 0.00842726 0.0252818 0.0168545 12
5 6 0.0116685 0.0116685 0.0252818 0.0136133 15
6 6 0.0168545 0.0168545 0.0252818 0.00842726 15
12 6 0.0252818 0.0252818 0.0252818 0 18
35 1 0.151691 0.151691 0.151691 0 18
27 6 0.0216701 0.0216701 0.0252818 0.00361168 15
18 6 0.00963022 0.00963022 0.0250877 0.0154575 15
34 2 0.090549 0.0320312 0.0612901 0.0292589 15
25 1 0.118687 0.118687 0.118687 0 6
31 1 0.0522816 0.0522816 0.0522816 0 3
37 1 0.0409448 0.0409448 0.0409448 0 3
20 1 0.0114767 0.0114767 0.0229533 0.0114767 18
14 1 0.000825895 0.000825895 0.000825895 0 18
23 1 0.000451181 0.000451181 0.000451181 0 18
10 1 0.000157633 0.000157633 0.00035745 0.000199817 15
16 1 0.000152861 0.000152861 0.000152861 0 18
1 1 1.04389e-28 1.04389e-28 1.04389e-28 0 0
21 1 0 0 0 0 15
17 1 0 0 0 0 18
15 1 0 0 0 0 15
9 1 0 0 0 0 3
2 1 0 0 0 0 12
24 1 0 0 0 0 12
28 1 0 0 0 0 12
33 1 0 0 0 0 15
36 1 0 0 0 0 15

26 17 0.0149356 0.0149356 0.0219866 0.00705099 12
32 12 0.0171688 0.0125288 0.0232493 0.0102777 18
30 10 0.00784869 0.00782931 0.0226018 0.0147705 6
18 6 0.0256806 0.0256806 0.0256806 0 15
12 7 0.00892298 0.00892298 0.0216701 0.0127471 18
5 7 0.0101127 0.0101127 0.0216701 0.0115574 15
27 6 0.0252818 0.0252818 0.0252818 0 15
6 7 0.010835 0.010835 0.0216701 0.010835 15
13 6 0.00689503 0.00689503 0.0250738 0.0181788 12
34 2 0.090549 0.0320312 0.0612901 0.0292589 15
25 2 0.0593436 0.0593436 0.0593436 0 6
31 1 0.0522816 0.0522816 0.0522816 0 3
37 1 0.0409448 0.0409448 0.0409448 0 3
20 1 0.0229533 0.0229533 0.0229533 0 18
23 1 0.000250749 0.000250749 0.000865043 0.000614294 18
14 1 0.000825895 0.000825895 0.000825895 0 18
10 1 0.000788167 0.000788167 0.000788167 0 12
38 1 0.000446751 0.000446751 0.000446751 0 18
16 1 7.64305e-05 7.64305e-05 0.000152861 7.64305e-05 18
1 1 1.04389e-28 1.04389e-28 1.04389e-28 0 0
21 1 0 0 0 0 15
17 1 0 0 0 0 18
15 1 0 0 0 0 15
9 1 0 0 0 0 3
2 1 0 0 0 0 12
24 1 0 0 0 0 12
28 1 0 0 0 0 12
33 1 0 0 0 0 15
36 1 0 0 0 0 15

21 5 0.0755425 0.0755425 0.0755425 0 18
30 11 0.0116161 0.0115874 0.0262849 0.0146897 6
26 10 0.0077665 0.0077665 0.0280453 0.0202788 1.5
32 10 0.0120428 0.0106013 0.0275652 0.0168253 18
18 5 0.0118526 0.0118526 0.0307799 0.0189273 15
12 5 0.00922527 0.00892298 0.0303986 0.0214155 18
5 5 0.00842726 0.00842726 0.0303381 0.0219109 15
27 5 0.0137901 0.0137901 0.0303381 0.0165481 15
13 5 0.0252818 0.0252818 0.0303381 0.00505636 12
6 5 0.0216701 0.0216701 0.0303381 0.00866804 15
39 1 0.122698 0.122698 0.122698 0 18
34 2 0.090549 0.0320312 0.0612901 0.0292589 15
25 2 0.0593436 0.0593436 0.0593436 0 6
31 1 0.0522816 0.0522816 0.0522816 0 3
37 1 0.0409448 0.0409448 0.0409448 0 3
20 1 0.0229533 0.0229533 0.0229533 0 18
14 1 0.000825895 0.000825895 0.000825895 0 18
10 1 0.000788167 0.000788167 0.000788167 0 12
23 1 0.000501498 0.000501498 0.000724874 0.000223375 18
16 1 0.000152861 0.000152861 0.000152861 0 18
1 1 1.04389e-28 1.04389e-28 1.04389e-28 0 0
17 1 0 0 0 0 18
15 1 0 0 0 0 15
9 1 0 0 0 0 3
24 1 0 0 0 0 12
28 1 0 0 0 0 12
33 1 0 0 0 0 15
36 1 0 0 0 0 15

30 25 0.0116161 0.00429343 0.0110751 0.00157901 6
21 34 0.00609214 0.00444571 0.00708769 0.00165909 18
26 26 0.00392247 0.00316277 0.0071666 0.0032766 15

26 34 0.0114213 0.0114213 0.0114213 0 15
21 30 0.00517415 0.00517415 0.0115165 0.00634236 18
30 21 0.00434015 0.00408007 0.0115665 0.00746505 6
41 4 0.0379227 0.0379227 0.0379227 0 18
40 1 0.0114767 0.0114767 0.0114767 0 18
42 1 0.000446751 0.000446751 0.000446751 0 18

21 26 0.0053959 0.0053959 0.0145274 0.00913152 18
26 22 0.0049155 0.0049155 0.0148717 0.00995619 15
44 1 0.300003 0.300003 0.300003 0 15
30 19 0.0106259 0.0100138 0.0148843 0.0048355 6
41 4 0.0379227 0.0379227 0.0379227 0 18
40 1 0.00765111 0.00765111 0.00765111 0 18
42 1 0.000446751 0.000446751 0.000446751 0 18
43 1 0 0 0 0 15

26 27 0.007925 0.007925 0.0143824 0.00645741 15
44 22 0.031688 0.0136365 0.0150252 0.00447055 15
21 19 0.00574659 0.0053199 0.0150912 0.00974926 18
30 18 0.0146738 0.0138286 0.0149305 0.0010656 6
41 5 0.0303381 0.0303381 0.0303381 0 18
40 1 0.0114767 0.0114767 0.0114767 0 18
42 1 0.000223375 0.000223375 0.000446751 0.000223375 18
43 1 0 0 0 0 15
45 1 0 0 0 0 15

21 19 0.00968494 0.00968494 0.0196498 0.00996487 18
48 1 0.331578 0.331578 0.331578 0 9
44 16 0.015844 0.00681826 0.0202691 0.0123567 15
26 16 0.00582868 0.0055475 0.0194567 0.0138801 15
30 15 0.011852 0.0111693 0.0194122 0.00819255 6
41 6 0.0252818 0.0252818 0.0252818 0 18
46 1 0.102625 0.102625 0.102625 0 3
40 1 0.0229533 0.0229533 0.0229533 0 18
42 1 0.000334332 0.000334332 0.000632166 0.000297834 18
47 1 0.000130784 0.000130784 0.000261567 0.000130784 15
43 1 0 0 0 0 15
45 1 0 0 0 0 15

26 21 0.0160592 0.015533 0.0185167 0.00296079 15
44 19 0.0211253 0.00909101 0.0179533 0.0079755 15
48 17 0.0080678 0.00753587 0.0186076 0.0110265 9
21 17 0.00691539 0.00640191 0.0182451 0.0118136 1.5
50 2 0.0758453 0.0758453 0.0758453 0 15
41 7 0.0216701 0.0216701 0.0216701 3.46945e-18 18
46 1 0.102625 0.102625 0.102625 0 3
40 1 0.019165 0.019165 0.0306417 0.0114767 21
42 1 0.001003 0.001003 0.001003 0 18
51 1 0.000285049 0.000285049 0.000285049 0 15
47 1 0.000261567 0.000261567 0.000261567 0 15
43 1 0 0 0 0 15
45 1 0 0 0 0 15
49 1 0 0 0 0 18

44 29 0.0162124 0.00697682 0.0123585 0.00500798 15
48 27 0.00865812 0.00808727 0.0122935 0.00408692 9
26 24 0.00703462 0.00669526 0.0122768 0.00554927 15
21 19 0.00770842 0.00770842 0.0126774 0.00496895 18

26 20 0.0123639 0.0117674 0.0195556 0.00765196 15
21 19 0.0198796 0.0198796 0.0198796 1.04083e-17 18
44 17 0.00968243 0.00416671 0.0197555 0.0115318 15
48 17 0.00514468 0.00496615 0.0196048 0.0145023 9
55 1 0.315338 0.315338 0.315338 0 21
53 3 0.0565942 0.0377297 0.050306 0.0088928 3
52 1 0.00616638 0.00616638 0.00616638 0 3
54 1 0 0 0 0 15

44 28 0.0170033 0.0170033 0.0218835 0.00488016 18
21 17 0.00839362 0.00839362 0.0213091 0.0129155 18
48 16 0.0107571 0.0107571 0.0215532 0.0107962 9
55 1 0.315338 0.315338 0.315338 0 21
26 13 0.00769826 0.00757508 0.0228876 0.0152748 15
53 3 0.0565942 0.0377297 0.050306 0.0088928 3
56 1 0.03833 0.03833 0.03833 0 21
52 1 0.00616638 0.00616638 0.00616638 0 3
54 1 0 0 0 0 15

44 26 0.00917283 0.00917283 0.0241656 0.0149928 18
26 9 0.0446088 0.0446088 0.0446088 0 15
21 15 0.010737 0.00993981 0.0253934 0.0152451 18
48 14 0.00871953 0.00845198 0.0243164 0.0158455 9
55 5 0.0630677 0.0630677 0.0630677 0 21
58 1 0.151691 0.151691 0.151691 0 18
53 3 0.0565942 0.0377297 0.050306 0.0088928 3
56 1 0.019165 0.019165 0.03833 0.019165 21
52 1 0.00616638 0.00616638 0.00616638 0 3
57 1 0.000446751 0.000446751 0.000446751 0 18
54 1 0 0 0 0 15
59 1 0 0 0 0 18

60 1 1.3809 1.3809 1.3809 0 15
44 13 0.00942074 0.00942074 0.0442229 0.0348022 18
61 1 0.40273 0.40273 0.40273 0 21
26 9 0.0125462 0.0125462 0.0427062 0.03016 15
21 9 0.0120002 0.0120002 0.042546 0.0305457 18
48 8 0.0192748 0.0186833 0.0445207 0.0256908 9
55 6 0.0525564 0.0525564 0.0525564 0 21
58 2 0.0758453 0.0758453 0.0758453 0 18
53 3 0.0565942 0.0377297 0.050306 0.0088928 3
56 1 0.03833 0.03833 0.03833 0 21
52 1 0.00616638 0.00616638 0.00616638 0 3
57 1 0.000223375 0.000223375 0.000446751 0.000223375 18
54 1 0 0 0 0 15
59 1 0 0 0 0 18

60 24 0.0276181 0.0276181 0.0398229 0.0122048 15
44 17 0.0217855 0.0217855 0.0407183 0.0189328 18
61 10 0.0163203 0.0163203 0.0405686 0.0242482 21
26 10 0.020074 0.020074 0.0401479 0.020074 15
48 8 0.0457775 0.0443729 0.044724 0.000608235 9
55 6 0.0525564 0.0525564 0.0525564 0 21
65 1 0.176881 0.176881 0.176881 0 12
62 1 0.151691 0.151691 0.151691 0 15
58 3 0.0505636 0.0505636 0.0505636 0 18
53 3 0.0565942 0.0377297 0.050306 0.0088928 3
64 1 0.111732 0.111732 0.111732 0 15
56 1 0.03833 0.03833 0.03833 0 21
52 1 0.00616638 0.00616638 0.00616638 0 3
57 1 0.000446751 0.000446751 0.000446751 0 18
63 1 0.000142524 0.000142524 0.000285049 0.000142524 15
54 1 0 0 0 0 15
59 1 0 0 0 0 18

60 23 0.024659 0.024659 0.0494055 0.0247465 15
44 14 0.0183457 0.0183457 0.0489503 0.0306046 18
61 8 0.0151114 0.0151114 0.051001 0.0358896 15
26 8 0.0191181 0.0191181 0.0501849 0.0310668 15
67 1 0.382865 0.382865 0.382865 0 15
48 7 0.018311 0.0177492 0.0505779 0.0323477 9
55 6 0.0525564 0.0525564 0.0525564 0 21
68 1 0.223759 0.223759 0.223759 0 15
65 1 0.176881 0.176881 0.176881 0 12
53 3 0.0424456 0.0420584 0.051749 0.00943419 3
62 1 0.151691 0.151691 0.151691 0 15
58 3 0.0505636 0.0505636 0.0505636 0 18
64 1 0.111732 0.111732 0.111732 0 15
69 1 0.0290022 0.0290022 0.0580044 0.0290022 3
56 1 0.03833 0.03833 0.03833 0 21
52 1 0.00616638 0.00616638 0.00616638 0 3
66 1 0.000519332 0.000519332 0.000519332 0 21
57 1 0.000446751 0.000446751 0.000446751 0 18
63 1 0.000285049 0.000285049 0.000285049 0 15
54 1 0 0 0 0 18
59 1 0 0 0 0 18

71 1 1.3809 1.3809 1.3809 0 15
60 19 0.0215766 0.0215766 0.0596625 0.0380859 15
44 11 0.0199181 0.0199181 0.0607297 0.0408115 18
26 6 0.0267653 0.0267653 0.0669132 0.0401479 15
61 6 0.0120926 0.0120002 0.0662895 0.0542739 15
48 6 0.0523172 0.0523172 0.0607692 0.00845198 9
55 5 0.0525564 0.0525564 0.0630677 0.0105113 21
65 1 0.176881 0.176881 0.176881 0 12
53 2 0.0565942 0.0565942 0.0846331 0.0280389 3
62 2 0.0758453 0.0758453 0.0758453 0 15
58 2 0.0379227 0.0379227 0.0758453 0.0379227 18
70 2 0.0758453 0.0758453 0.0758453 0 15
64 1 0.111732 0.111732 0.111732 0 15
54 1 0.0768511 0.0768511 0.0768511 0 15
69 1 0.0580044 0.0580044 0.0580044 0 3
56 1 0.03833 0.03833 0.03833 0 21
52 1 0.00616638 0.00616638 0.00616638 0 3
66 1 0.000519332 0.000519332 0.000519332 0 21
57 1 0.000446751 0.000446751 0.000446751 0 18
63 1 0.000142524 0.000142524 0.000285049 0.000142524 15
59 1 0 0 0 0 18

72 1 1.3809 1.3809 1.3809 0 15
60 19 0.0313842 0.0313842 0.0726791 0.041295 15
71 15 0.0438457 0.0354078 0.0728281 0.0366482 15
44 9 0.0211253 0.0211253 0.0774595 0.0563341 18
61 5 0.045683 0.0453342 0.0816713 0.0362676 15
26 5 0.0286771 0.0286771 0.0802958 0.0516187 15
48 5 0.0610367 0.0610367 0.0732441 0.0122073 9
55 4 0.0630677 0.0630677 0.0788346 0.0157669 21
65 1 0.176881 0.176881 0.176881 0 12
53 2 0.0339565 0.0339565 0.0844266 0.0504701 6
62 2 0.0758453 0.0758453 0.0758453 0 15
58 2 0.0758453 0.0758453 0.0758453 0 18
70 2 0.0758453 0.0758453 0.0758453 0 15
64 1 0.111732 0.111732 0.111732 0 15
69 1 0.0290872 0.0290872 0.0580894 0.0290022 3
56 1 0.03833 0.03833 0.03833 0 21
52 1 0.00616638 0.00616638 0.00616638 0 3
66 1 0.000519332 0.000519332 0.000519332 0 21
57 1 0.000446751 0.000446751 0.000446751 0 18
63 1 0.000285049 0.000285049 0.000285049 0 15
59 1 0 0 0 0 18

60 20 0.0345226 0.0345226 0.0678707 0.0333481 15
71 19 0.049845 0.0445453 0.0690739 0.0242786 15
72 11 0.0449996 0.0363396 0.0728618 0.0358215 15
44 10 0.0278854 0.0278854 0.0678239 0.0399385 18
61 5 0.0822294 0.0816016 0.0817271 0.000251129 15
26 5 0.0573542 0.0573542 0.0802958 0.0229417 15
48 5 0.0732441 0.0732441 0.0732441 0 9
55 4 0.0788346 0.0788346 0.0788346 0 21
65 1 0.176881 0.176881 0.176881 0 12
53 2 0.0565942 0.0565942 0.0846331 0.0280389 3
70 2 0.0505636 0.0505636 0.0758453 0.0252818 15
58 2 0.0758453 0.0758453 0.0758453 0 18
62 2 0.0758453 0.0758453 0.0758453 0 15
64 1 0.111732 0.111732 0.111732 0 15
73 1 0.0872693 0.0872693 0.0872693 0 12
69 1 0.0145436 0.0145436 0.0579346 0.043391 3
56 1 0.03833 0.03833 0.03833 0 21
52 1 0.00616638 0.00616638 0.00616638 0 3
66 1 0.000519332 0.000519332 0.000519332 0 21
57 1 0.000446751 0.000446751 0.000446751 0 18
63 1 9.50163e-05 9.50163e-05 0.000285049 0.000190033 15
59 1 0 0 0 0 18

74 19 0.0657573 0.0657573 0.0726791 0.00692182 15
71 19 0.0367904 0.0328787 0.0717353 0.0384637 15
60 15 0.0263074 0.0212447 0.074942 0.0527237 15
44 9 0.0379345 0.0331969 0.0779859 0.0442876 18
61 5 0.0513934 0.051001 0.08168 0.030601 15
26 5 0.0802958 0.0802958 0.0802958 0 15
48 5 0.0732441 0.0732441 0.0732441 0 9
55 4 0.0788346 0.0788346 0.0788346 0 21
65 1 0.176881 0.176881 0.176881 0 12
53 2 0.0848912 0.0848912 0.0848912 0 3
62 2 0.0758453 0.0758453 0.0758453 0 15
58 2 0.0505636 0.0505636 0.0758453 0.0252818 18
70 2 0.0758453 0.0758453 0.0758453 0 15
64 1 0.111732 0.111732 0.111732 0 15
73 1 0.0872693 0.0872693 0.0872693 0 12
69 1 0.0290872 0.0290872 0.0580145 0.0289273 3
56 1 0.03833 0.03833 0.03833 0 21
52 1 0.00616638 0.00616638 0.00616638 0 3
66 1 0.000519332 0.000519332 0.000519332 0 21
57 1 0.000446751 0.000446751 0.000446751 0 18
63 1 5.70098e-05 5.70098e-05 0.000285049 0.000228039 15
75 1 0.000142524 0.000142524 0.000285049 0.000142524 18
59 1 0 0 0 0 18

60 18 0.0600393 0.0600393 0.0767169 0.0166776 15
71 17 0.0359348 0.032114 0.0781236 0.0451397 15
74 16 0.0289828 0.0234051 0.0760305 0.0506058 15
44 9 0.0306394 0.0268129 0.0765199 0.0484651 18
61 5 0.045683 0.0453342 0.0816713 0.0362676 15
26 5 0.0802958 0.0802958 0.0802958 0 15
48 4 0.0732441 0.0732441 0.0915551 0.018311 9
55 4 0.0788346 0.0788346 0.0788346 0 21
76 1 0.210601 0.210601 0.210601 0 18
65 1 0.176881 0.176881 0.176881 0 12
53 2 0.0565942 0.0565942 0.0846331 0.0280389 6
62 2 0.0758453 0.0758453 0.0758453 0 15
58 2 0.0758453 0.0758453 0.0758453 0 18
70 2 0.0379227 0.0379227 0.0758453 0.0379227 15
64 1 0.111732 0.111732 0.111732 0 15
73 1 0.0872693 0.0872693 0.0872693 0 12
69 1 0.0193915 0.0193915 0.0581744 0.038783 3
56 1 0.03833 0.03833 0.03833 0 21
52 1 0.00616638 0.00616638 0.00616638 0 3
66 1 0.000519332 0.000519332 0.000519332 0 21
57 1 0.000223375 0.000223375 0.000446751 0.000223375 15
63 1 0.000285049 0.000285049 0.000285049 0 15
75 1 0.000285049 0.000285049 0.000285049 0 18
59 1 0 0 0 0 18

74 18 0.0627683 0.0627683 0.0767169 0.0139485 15
71 17 0.0359348 0.032114 0.0764859 0.0426166 15
60 16 0.0240843 0.0194493 0.0762788 0.0524962 15
44 9 0.0379345 0.0331969 0.0811443 0.0443063 18
61 5 0.0685245 0.0680013 0.0817062 0.0136019 15
26 5 0.0802958 0.0802958 0.0802958 0 15
48 4 0.0915551 0.0915551 0.0915551 0 9
55 4 0.0788346 0.0788346 0.0788346 0 21
65 1 0.176881 0.176881 0.176881 0 12
53 2 0.0848912 0.0848912 0.0848912 0 3
70 2 0.0758453 0.0758453 0.0758453 0 15
58 2 0.0758453 0.0758453 0.0758453 0 18
62 2 0.0758453 0.0758453 0.0758453 0 15
64 1 0.111732 0.111732 0.111732 0 15
76 1 0.105301 0.105301 0.105301 0 18
73 1 0.0872693 0.0872693 0.0872693 0 12
69 1 0.0290872 0.0290872 0.0580145 0.0289273 3
56 1 0.03833 0.03833 0.03833 0 21
52 1 0.00616638 0.00616638 0.00616638 0 3
66 1 0.000519332 0.000519332 0.000519332 0 21
57 1 0.000446751 0.000446751 0.000446751 0 18
63 1 0.000142524 0.000142524 0.000285049 0.000142524 15
75 1 0.000285049 0.000285049 0.000285049 0 18

71 18 0.0535454 0.0351181 0.0807251 0.0447826 15
60 3 0.460301 0.460301 0.460301 0 15
74 16 0.0201175 0.0201175 0.0824352 0.0623177 15
44 9 0.0531083 0.0531083 0.0829337 0.0298254 18
26 5 0.0573542 0.0573542 0.0802958 0.0229417 15
61 4 0.0587353 0.0582868 0.0957686 0.0373702 15
48 4 0.0915551 0.0915551 0.0915551 0 9
55 3 0.0525564 0.0525564 0.0965093 0.0439529 18
78 1 0.273021 0.273021 0.273021 0 21
77 1 0.210601 0.210601 0.210601 0 18
65 1 0.176881 0.176881 0.176881 0 12
62 1 0.0758453 0.0758453 0.151691 0.0758453 15
58 1 0.0758453 0.0758453 0.151691 0.0758453 18
70 1 0.0379227 0.0379227 0.151691 0.113768 15
53 1 0.0565942 0.0565942 0.138881 0.0822865 3
64 1 0.111732 0.111732 0.111732 0 15
73 1 0.0872693 0.0872693 0.0872693 0 12
79 1 0.0644717 0.0644717 0.0644717 0 15
69 1 0.0581744 0.0581744 0.0581744 0 3
56 1 0.03833 0.03833 0.03833 0 21
52 1 0.00616638 0.00616638 0.00616638 0 3
66 1 0.000519332 0.000519332 0.000519332 0 21
57 1 0.000446751 0.000446751 0.000446751 0 18
63 1 9.50163e-05 9.50163e-05 0.000285049 0.000190033 15
75 1 0.000285049 0.000285049 0.000285049 0 18

60 24 0.0263074 0.0263074 0.0651318 0.0388244 15
71 19 0.0453077 0.0297153 0.0666303 0.0362619 15
44 11 0.0362102 0.0362102 0.0702568 0.0340466 18
61 4 0.102787 0.102002 0.102198 0.00033982 15
26 6 0.0401479 0.0401479 0.0669132 0.0267653 15
48 4 0.0915551 0.0915551 0.0915551 0 9
55 3 0.105113 0.105113 0.105113 0 21
77 1 0.210601 0.210601 0.210601 0 18
65 1 0.176881 0.176881 0.176881 0 12
53 1 0.169782 0.169782 0.169782 0 3
70 1 0.151691 0.151691 0.151691 0 15
58 1 0.151691 0.151691 0.151691 0 18
62 1 0.151691 0.151691 0.151691 0 15
64 1 0.111732 0.111732 0.111732 0 15
73 1 0.0872693 0.0872693 0.0872693 0 12
79 1 0.0644717 0.0644717 0.0644717 0 15
69 1 0.0290872 0.0290872 0.0580442 0.028957 3
56 1 0.03833 0.03833 0.03833 0 21
52 1 0.00616638 0.00616638 0.00616638 0 3
75 1 0.000816465 0.000816465 0.000958989 0.000142524 18
66 1 0.000519332 0.000519332 0.000519332 0 21
57 1 0.000446751 0.000446751 0.000446751 0 18
63 1 0.000142524 0.000142524 0.000285049 0.000142524 15

71 19 0.04712 0.0309039 0.0800122 0.0483905 15
60 17 0.0271426 0.0271426 0.0789243 0.0517817 15
77 2 0.854992 0.105301 0.480146 0.374846 15
44 9 0.0362102 0.0362102 0.0856703 0.0494601 18
61 5 0.037377 0.037377 0.0818869 0.0445099 15
80 1 0.395973 0.395973 0.395973 0 18
26 4 0.0364981 0.0364981 0.0942327 0.0577346 15
48 4 0.0915551 0.0915551 0.0915551 0 9
55 3 0.105113 0.105113 0.105113 0 21
81 1 0.178666 0.178666 0.178666 0 3
65 1 0.176881 0.176881 0.176881 0 12
53 1 0.169782 0.169782 0.169782 0 3
70 1 0.0758453 0.0758453 0.151691 0.0758453 15
58 1 0.0758453 0.0758453 0.151691 0.0758453 18
62 1 0.151691 0.151691 0.151691 0 15
64 1 0.111732 0.111732 0.111732 0 15
73 1 0.0872693 0.0872693 0.0872693 0 12
79 1 0.0644717 0.0644717 0.0644717 0 15
69 1 0.0581744 0.0581744 0.0581744 0 3
56 1 0.03833 0.03833 0.03833 0 21
52 1 0.00616638 0.00616638 0.00616638 0 3
75 1 0.00163293 0.00163293 0.00163293 0 18
66 1 0.000519332 0.000519332 0.000519332 0 21
57 1 0.000148917 0.000148917 0.000446751 0.000297834 15
63 1 0.000285049 0.000285049 0.000285049 0 15

77 8 0.421958 0.213748 0.239774 0.0688589 15
60 17 0.0541401 0.053437 0.0937868 0.0403088 15
71 12 0.0373968 0.0245269 0.0924805 0.063952 15
44 8 0.0317204 0.0295046 0.0998551 0.0700773 18
61 4 0.0513934 0.0513934 0.102787 0.0513934 15
26 4 0.10037 0.10037 0.10037 0 15
80 1 0.395973 0.395973 0.395973 0 18
48 4 0.0915551 0.0915551 0.0915551 0 9
55 3 0.105113 0.105113 0.105113 0 21
82 2 0.0440134 0.0263252 0.108065 0.0734302 15
81 1 0.178666 0.178666 0.178666 0 3
65 1 0.176881 0.176881 0.176881 0 12
53 1 0.169782 0.169782 0.169782 0 3
70 1 0.0758453 0.0758453 0.151691 0.0758453 15
58 1 0.151691 0.151691 0.151691 0 18
62 1 0.151691 0.151691 0.151691 0 15
64 1 0.111732 0.111732 0.111732 0 15
73 1 0.0872693 0.0872693 0.0872693 0 12
79 1 0.0644717 0.0644717 0.0644717 0 15
69 1 0.0145862 0.0145862 0.05812 0.0435339 3
56 1 0.03833 0.03833 0.03833 0 21
52 1 0.00616638 0.00616638 0.00616638 0 3
75 1 0.00163293 0.00163293 0.00163293 0 18
66 1 0.000519332 0.000519332 0.000519332 0 21
57 1 0.000446751 0.000446751 0.000446751 0 18
63 1 9.50163e-05 9.50163e-05 0.000285049 0.000190033 15

60 18 0.0509554 0.0502936 0.0950358 0.0447057 15
71 18 0.0692941 0.0454469 0.0943725 0.0398036 15
77 15 0.0843915 0.0427496 0.0917007 0.0420888 15
44 8 0.0503795 0.0468603 0.100898 0.0527453 18
61 4 0.0513934 0.0513934 0.102787 0.0513934 15
80 1 0.395973 0.395973 0.395973 0 18
26 4 0.0236164 0.0236164 0.0977108 0.0740944 15
48 4 0.0915551 0.0915551 0.0915551 0 9
55 3 0.105113 0.105113 0.105113 0 21
82 2 0.176054 0.105301 0.140677 0.0353764 15
81 1 0.178666 0.178666 0.178666 0 3
65 1 0.176881 0.176881 0.176881 0 12
53 1 0.169782 0.169782 0.169782 0 3
62 1 0.151691 0.151691 0.151691 0 15
58 1 0.151691 0.151691 0.151691 0 18
70 1 0.0758453 0.0758453 0.151691 0.0758453 15
64 1 0.111732 0.111732 0.111732 0 15
73 1 0.0872693 0.0872693 0.0872693 0 12
79 1 0.0644717 0.0644717 0.0644717 0 15
69 1 0.0583447 0.0583447 0.0583447 0 3
56 1 0.03833 0.03833 0.03833 0 21
52 1 0.00616638 0.00616638 0.00616638 0 3
75 1 0.00163293 0.00163293 0.00163293 0 18
66 1 0.000519332 0.000519332 0.000519332 0 21
57 1 0.000446751 0.000446751 0.000446751 0 18
63 1 9.50163e-05 9.50163e-05 0.000285049 0.000190033 15

77 21 0.102293 0.0518177 0.0931617 0.0330139 15
71 20 0.073625 0.0482874 0.093588 0.0291651 15
60 15 0.0262498 0.0259088 0.0922067 0.0662525 15
44 8 0.0503795 0.0468603 0.0935234 0.0440501 18
26 4 0.0669132 0.0669132 0.10037 0.0334566 15
61 4 0.0513934 0.0513934 0.0954552 0.0440618 15
48 4 0.0915551 0.0915551 0.0915551 0 9
55 3 0.105113 0.105113 0.105113 0 21
82 2 0.176054 0.105301 0.140677 0.0353764 15
81 1 0.178666 0.178666 0.178666 0 3
65 1 0.176881 0.176881 0.176881 0 12
53 1 0.169782 0.169782 0.169782 0 3
70 1 0.0379227 0.0379227 0.151691 0.113768 15
58 1 0.151691 0.151691 0.151691 0 18
62 1 0.151691 0.151691 0.151691 0 15
64 1 0.111732 0.111732 0.111732 0 15
73 1 0.0872693 0.0872693 0.0872693 0 12
79 1 0.0644717 0.0644717 0.0644717 0 15
69 1 0.0194482 0.0194482 0.0582011 0.0387529 3
56 1 0.03833 0.03833 0.03833 0 21
52 1 0.00616638 0.00616638 0.00616638 0 3
75 1 0.00163293 0.00163293 0.00163293 0 18
66 1 0.000519332 0.000519332 0.000519332 0 21
57 1 0.000446751 0.000446751 0.000446751 0 18
63 1 0.000142524 0.000142524 0.000285049 0.000142524 15

71 20 0.0574634 0.0574634 0.100366 0.0429026 15
77 18 0.056261 0.056261 0.101974 0.0457129 15
60 17 0.0455917 0.0449996 0.100796 0.0555884 15
44 8 0.0430176 0.0389296 0.106208 0.0667808 18
61 4 0.102787 0.102787 0.102787 0 15
26 4 0.10037 0.10037 0.10037 0 15
48 3 0.0915551 0.0915551 0.122073 0.0305184 9
55 3 0.105113 0.105113 0.105113 0 21
83 1 0.304354 0.304354 0.304354 0 18
82 2 0.176054 0.105301 0.140677 0.0353764 15
81 1 0.178666 0.178666 0.178666 0 3
65 1 0.176881 0.176881 0.176881 0 12
70 1 0.151691 0.151691 0.151691 0 15
58 1 0.151691 0.151691 0.151691 0 18
62 1 0.151691 0.151691 0.151691 0 15
53 1 0.0848912 0.0848912 0.112578 0.0276864 3
64 1 0.111732 0.111732 0.111732 0 15
73 1 0.0872693 0.0872693 0.0872693 0 12
79 1 0.0644717 0.0644717 0.0644717 0 15
69 1 0.0583447 0.0583447 0.0583447 0 3
56 1 0.03833 0.03833 0.03833 0 21
52 1 0.00616638 0.00616638 0.00616638 0 3
75 1 0.00163293 0.00163293 0.00163293 0 18
66 1 0.000519332 0.000519332 0.000519332 0 21
57 1 0.000446751 0.000446751 0.000446751 0 18
63 1 0.000142524 0.000142524 0.000285049 0.000142524 15

77 28 0.0767196 0.0767196 0.113121 0.0364011 15
83 20 0.0535454 0.0535454 0.115469 0.0619231 15
60 15 0.0481245 0.0474995 0.113609 0.0656931 15
44 7 0.0430176 0.0389296 0.115434 0.0759341 18
61 3 0.0685245 0.0685245 0.137049 0.0685245 15
48 3 0.122073 0.122073 0.122073 0 9
26 3 0.0802958 0.0802958 0.115998 0.0357017 15
55 2 0.105113 0.105113 0.157669 0.0525564 21
82 2 0.176054 0.105301 0.140677 0.0353764 18
79 1 0.149394 0.149394 0.18163 0.0322359 15
81 1 0.178666 0.178666 0.178666 0 3
65 1 0.176881 0.176881 0.176881 0 12
53 1 0.169782 0.169782 0.169782 0 3
70 1 0.0758453 0.0758453 0.151691 0.0758453 15
58 1 0.0758453 0.0758453 0.151691 0.0758453 18
62 1 0.151691 0.151691 0.151691 0 15
64 1 0.111732 0.111732 0.111732 0 15
71 1 0.0405668 0.0405668 0.0943946 0.0538278 1.5
73 1 0.0872693 0.0872693 0.0872693 0 12
69 1 0.0291723 0.0291723 0.058159 0.0289866 3
56 1 0.03833 0.03833 0.03833 0 21
52 1 0.00616638 0.00616638 0.00616638 0 3
75 1 0.00163293 0.00163293 0.00163293 0 18
66 1 0.000519332 0.000519332 0.000519332 0 21
57 1 0.000446751 0.000446751 0.000446751 0 18
63 1 0.000142524 0.000142524 0.000285049 0.000142524 15

83 27 0.0512174 0.0512174 0.0856029 0.0343855 15
77 26 0.0291005 0.0291005 0.0850675 0.055967 15
44 7 0.135198 0.12235 0.124186 0.00449587 18
61 3 0.137049 0.137049 0.137049 0 15
26 3 0.133826 0.133826 0.133826 0 15
48 3 0.122073 0.122073 0.122073 0 9
55 2 0.157669 0.157669 0.157669 0 21
82 2 0.176054 0.105301 0.140677 0.0353764 18
81 1 0.178666 0.178666 0.178666 0 3
65 1 0.176881 0.176881 0.176881 0 12
53 1 0.169782 0.169782 0.169782 0 3
79 1 0.154166 0.154166 0.154166 0 12
70 1 0.0379227 0.0379227 0.151691 0.113768 18
62 1 0.151691 0.151691 0.151691 0 15
64 1 0.111732 0.111732 0.111732 0 15
71 1 0.0109087 0.0109087 0.0241243 0.0132156 3

82 30 0.0661894 0.0661894 0.108477 0.0422878 15
84 3 1.12522 0.0290898 0.759844 0.516721 12
83 18 0.0280476 0.0280476 0.106905 0.0788577 15
44 7 0.0525771 0.0475806 0.114475 0.0662035 18
61 3 0.0685245 0.0685245 0.137049 0.0685245 15
48 3 0.122073 0.122073 0.122073 0 9
26 3 0.10037 0.10037 0.112857 0.0124875 15
81 2 0.1298 0.0893329 0.109567 0.0202337 3
65 1 0.176881 0.176881 0.176881 0 12
79 1 0.154166 0.154166 0.154166 0 12
85 1 0.151691 0.151691 0.151691 0 15
70 1 0.151691 0.151691 0.151691 0 15
62 1 0.151691 0.151691 0.151691 0 15
64 1 0.111732 0.111732 0.111732 0 15
53 1 0.0848912 0.0848912 0.11118 0.0262889 3
86 1 0.00163293 0.00163293 0.00163293 0 18
87 1 0.000285049 0.000285049 0.000285049 0 15

82 34 0.0351631 0.0351631 0.08331 0.0481469 15
83 25 0.062 0.062 0.083637 0.021637 15
44 7 0.135198 0.12235 0.124186 0.00449587 18
61 3 0.137049 0.137049 0.137049 0 15
26 3 0.133826 0.133826 0.133826 0 15
48 3 0.122073 0.122073 0.122073 0 9
81 2 0.1298 0.0893329 0.109567 0.0202337 3
65 1 0.176881 0.176881 0.176881 0 12
79 1 0.154166 0.154166 0.154166 0 12
85 1 0.0758453 0.0758453 0.151691 0.0758453 15
62 1 0.151691 0.151691 0.151691 0 15
89 1 0.141629 0.141629 0.141629 0 15
64 1 0.111732 0.111732 0.111732 0 15
53 1 0.0565942 0.0565942 0.0925198 0.0359257 3
84 1 0.00727244 0.00727244 0.0870648 0.0797924 12
86 1 0.00163293 0.00163293 0.00163293 0 18
87 1 0.000142524 0.000142524 0.000285049 0.000142524 15
88 1 0.000285049 0.000285049 0.000285049 0 12

90 21 0.160746 0.0055489 0.14638 0.0442973 15
82 23 0.0602797 0.0602797 0.128814 0.0685343 15
83 17 0.0413333 0.0413333 0.129693 0.0883592 15
84 2 1.178 0.0436346 0.610817 0.567183 12
44 6 0.0430176 0.0389296 0.137091 0.0974917 18
61 3 0.102787 0.102787 0.137049 0.0342622 15
48 2 0.122073 0.122073 0.18311 0.0610367 9
26 2 0.10037 0.10037 0.169286 0.0689162 15
89 1 0.153239 0.153239 0.224054 0.0708144 15
81 1 0.1298 0.1298 0.219133 0.0893329 3
65 1 0.176881 0.176881 0.176881 0 12
53 1 0.169782 0.169782 0.169782 0 3
79 1 0.154166 0.154166 0.154166 0 12
85 1 0.0505636 0.0505636 0.151691 0.101127 15
62 1 0.151691 0.151691 0.151691 0 15
64 1 0.111732 0.111732 0.111732 0 15
86 1 0.00163293 0.00163293 0.00163293 0 18
87 1 5.70098e-05 5.70098e-05 0.000285049 0.000228039 15
88 1 0.000285049 0.000285049 0.000285049 0 12

90 33 0.0288518 0.0288518 0.0838956 0.0550438 15
83 27 0.0692941 0.0692941 0.0850123 0.0157182 15
44 6 0.157731 0.142742 0.14524 0.00558621 18
61 3 0.137049 0.137049 0.137049 0 15
48 2 0.18311 0.18311 0.18311 0 9
89 1 0.306479 0.306479 0.306479 0 15
81 1 0.259601 0.259601 0.259601 0 3
26 3 0.0802958 0.0353763 0.0842491 0.0284008 15
79 1 0.154166 0.154166 0.154166 0 12
85 1 0.0379227 0.0379227 0.151691 0.113768 15
62 1 0.151691 0.151691 0.151691 0 15
92 1 0.0946279 0.0946279 0.117175 0.0225474 18
64 1 0.111732 0.111732 0.111732 0 15
53 1 0.0424456 0.0424456 0.0832765 0.0408309 3
91 1 0.0683479 0.0683479 0.0683479 0 12
86 1 0.00163293 0.00163293 0.00163293 0 18
87 1 0.000142524 0.000142524 0.000285049 0.000142524 15
88 1 0.000285049 0.000285049 0.000285049 0 12

90 31 0.0397137 0.0397137 0.0958267 0.0561131 15
83 24 0.0467635 0.0436296 0.0965385 0.0527821 15
44 9 0.0498099 0.0450764 0.0962131 0.0501235 18
61 3 0.137049 0.137049 0.137049 0 15
48 2 0.18311 0.18311 0.18311 0 9
26 3 0.133826 0.0499501 0.105868 0.0395397 15
89 1 0.306479 0.306479 0.306479 0 15
81 1 0.259601 0.259601 0.259601 0 3
94 1 0.229116 0.229116 0.229116 0 15
95 2 0.0992118 0.0992118 0.0992118 0 6
92 1 0.189256 0.189256 0.189256 0 18
93 1 0.176881 0.176881 0.176881 0 12
79 1 0.154166 0.154166 0.154166 0 12
62 1 0.151691 0.151691 0.151691 0 15
85 1 0.0758453 0.0758453 0.151691 0.0758453 15
53 1 0.0848912 0.0848912 0.112578 0.0276864 3
64 1 0.111732 0.111732 0.111732 0 15
91 1 0.0683479 0.0683479 0.0683479 0 12
86 1 0.00163293 0.00163293 0.00163293 0 18
87 1 9.50163e-05 9.50163e-05 0.000285049 0.000190033 15
88 1 0.000285049 0.000285049 0.000285049 0 12

90 32 0.0432777 0.0432777 0.092909 0.0496313 1.5
83 24 0.0407295 0.038 0.094805 0.0566939 15
44 9 0.0556698 0.0503795 0.0928369 0.0407704 18
61 3 0.137049 0.137049 0.137049 0 15
48 2 0.18311 0.18311 0.18311 0 9
96 1 0.320041 0.320041 0.320041 0 15
89 1 0.306479 0.306479 0.306479 0 15
26 2 0.10037 0.10037 0.137832 0.0374626 15
81 1 0.259601 0.259601 0.259601 0 3
94 1 0.229116 0.229116 0.229116 0 15
95 2 0.0661412 0.0661412 0.0944383 0.0282971 6
93 1 0.176881 0.176881 0.176881 0 12
92 1 0.0946279 0.0946279 0.171711 0.0770832 12
62 1 0.151691 0.151691 0.151691 0 15
85 1 0.0505636 0.0505636 0.151691 0.101127 15
64 1 0.111732 0.111732 0.111732 0 15
91 1 0.0683479 0.0683479 0.0683479 0 12
86 1 0.000816465 0.000816465 0.00163293 0.000816465 18
87 1 9.50163e-05 9.50163e-05 0.000285049 0.000190033 15
88 1 0.000285049 0.000285049 0.000285049 0 12

90 99 0.0181487 0.0126667 0.0214849 0.00524354 15
83 1 2.9586e-06 2.9586e-06 2.9586e-06 0 1.5

90 59 0.0229637 0.0229637 0.0505714 0.0276077 15
83 40 0.0636917 0.0444528 0.0516891 0.00745919 15

90 53 0.0226554 0.0226554 0.0584378 0.0357824 15
83 41 0.0750147 0.0523555 0.0589702 0.00741928 15
99 2 0.0758453 0.0758453 0.0758453 0 15
97 1 0.134047 0.134047 0.134047 0 15
98 1 0.000142524 0.000142524 0.000285049 0.000142524 15

90 50 0.0263724 0.0263724 0.064126 0.0377536 15
83 36 0.0602797 0.0420714 0.0655907 0.0218255 15
100 1 0.395158 0.395158 0.395158 0 15
99 2 0.0505636 0.0505636 0.0758453 0.0252818 15
97 2 0.0446822 0.0446822 0.0670234 0.0223411 15
101 1 0.0538354 0.0538354 0.105013 0.0511779 18
102 1 0.0553728 0.0553728 0.0553728 0 3
98 1 9.50163e-05 9.50163e-05 0.000285049 0.000190033 15

90 50 0.024821 0.024821 0.0606135 0.0357925 15
83 41 0.0785038 0.0547907 0.0608352 0.00813866 15
103 1 0.161506 0.161506 0.161506 0 15
99 2 0.0758453 0.0758453 0.0758453 0 15
97 2 0.0299701 0.0268093 0.0686037 0.0402451 15
102 1 0.0110746 0.0110746 0.0552773 0.0442028 3
98 1 0.000142524 0.000142524 0.000285049 0.000142524 15

90 49 0.0286073 0.0286073 0.0596527 0.0310454 15
83 41 0.0535819 0.0373968 0.0596129 0.0201868 15
103 1 0.161506 0.161506 0.161506 0 15
99 2 0.0303381 0.0303381 0.0758453 0.0455072 15
97 2 0.0214072 0.0191495 0.0681522 0.0478871 15
102 1 0.0184576 0.0184576 0.0553149 0.0368573 3
98 1 0.000285049 0.000285049 0.000285049 0 15

90 51 0.0246399 0.0246399 0.0602572 0.0356173 15
83 42 0.0703263 0.0490833 0.0603912 0.0104204 15
99 2 0.0379227 0.0379227 0.0758453 0.0379227 15
97 2 0.0374626 0.0335117 0.0689988 0.0335698 15
104 1 0.0654603 0.0654603 0.0654603 0 18
102 1 0.0553728 0.0553728 0.0553728 0 3
98 1 0.000142524 0.000142524 0.000285049 0.000142524 15

90 48 0.0274444 0.0274444 0.0654159 0.0379715 15
83 39 0.056261 0.0392667 0.0651409 0.0207398 15
105 2 0.08085 0.0622052 0.0936584 0.0240142 12
104 2 0.11931 0.0327301 0.0760202 0.0432901 18
99 2 0.0379227 0.0379227 0.0758453 0.0379227 15
97 2 0.0749252 0.0670234 0.0709743 0.0039509 15
106 1 0.138721 0.138721 0.138721 0 15
102 1 0.0276864 0.0276864 0.055286 0.0275996 3
98 1 0.000142524 0.000142524 0.000285049 0.000142524 15

90 45 0.0263724 0.0263724 0.0637641 0.0373918 18
83 43 0.0661894 0.0461961 0.0635419 0.0122627 15
106 2 0.0831897 0.0693606 0.0762751 0.00691458 15
104 2 0.11931 0.0327301 0.0760202 0.0432901 18
99 2 0.0758453 0.0758453 0.0758453 0 15
97 2 0.0374626 0.0335117 0.0689988 0.0335698 15
102 1 0.0110746 0.0110746 0.0542126 0.043138 3
105 1 0.0333912 0.0333912 0.0333912 0 18
98 1 9.50163e-05 9.50163e-05 0.000285049 0.000190033 15

105 23 0.0718226 0.0718226 0.143676 0.0718535 15
107 21 0.112522 0.112522 0.141261 0.0287386 15
83 19 0.0468842 0.0468842 0.140577 0.0936933 15
106 8 0.421958 0.0173401 0.277431 0.187198 15
90 14 0.116402 0.116402 0.141345 0.0249433 1.5
104 1 0.238621 0.238621 0.238621 0 18
99 1 0.0505636 0.0505636 0.151691 0.101127 15
97 1 0.0749252 0.0749252 0.141949 0.0670234 15
108 1 0.0654603 0.0654603 0.0654603 0 18
102 1 0.0553728 0.0553728 0.0553728 0 3
98 1 5.70098e-05 5.70098e-05 0.000285049 0.000228039 15

83 36 0.0937684 0.0937684 0.0937684 4.16334e-17 15
105 45 0.0242853 0.0242853 0.0671365 0.0428512 1.5
107 2 0.0615278 0.0462404 0.0770043 0.024351 15
90 1 0.0183554 0.0183554 0.101602 0.0832465 15

105 50 0.0475445 0.0475445 0.0574114 0.0098669 15
83 49 0.0298731 0.0298731 0.056966 0.0270929 15

83 49 0.0475445 0.0475445 0.0680242 0.0204797 15
105 45 0.027898 0.027898 0.0677464 0.0398484 15
111 1 0.151691 0.151691 0.151691 0 15
110 1 0.0670234 0.0670234 0.134047 0.0670234 15
112 1 0.0551991 0.0551991 0.0551991 0 3
109 1 9.50163e-05 9.50163e-05 0.000285049 0.000190033 15

105 51 0.0613757 0.0613757 0.0659823 0.00460667 15
83 43 0.0260103 0.0255732 0.0663102 0.0407269 15
111 2 0.0505636 0.0505636 0.0758453 0.0252818 15
110 2 0.0446822 0.0446822 0.0670234 0.0223411 15
112 1 0.0185492 0.0185492 0.0554216 0.0368724 3
109 1 0.000142524 0.000142524 0.000285049 0.000142524 15

83 48 0.0536463 0.0527447 0.0692702 0.0165072 15
105 42 0.027898 0.027898 0.0696046 0.0417065 15
113 1 0.186461 0.186461 0.186461 0 12
111 2 0.0379227 0.0379227 0.0758453 0.0379227 15
110 1 0.0335117 0.0335117 0.134047 0.100535 15
114 1 0.0847851 0.0847851 0.0847851 0 15
112 1 0.0186282 0.0186282 0.0555771 0.0369489 3
109 1 0.000142524 0.000142524 0.000285049 0.000142524 15

105 47 0.0527447 0.0527447 0.0708767 0.018132 15
83 43 0.029345 0.0288518 0.0697145 0.0408513 15
113 1 0.186461 0.186461 0.186461 0 12
111 2 0.0252818 0.0252818 0.0758453 0.0505636 15
110 1 0.0446822 0.0446822 0.134047 0.0893645 15
114 1 0.0847851 0.0847851 0.0847851 0 15
112 1 0.0279423 0.0279423 0.0556513 0.0277091 3
109 1 9.50163e-05 9.50163e-05 0.000285049 0.000190033 15

83 49 0.0647804 0.0636917 0.0689133 0.0052016 15
105 42 0.0250049 0.0250049 0.0686787 0.0436738 1.5
113 1 0.186461 0.186461 0.186461 0 12
111 2 0.0758453 0.0758453 0.0758453 0 15
110 1 0.134047 0.134047 0.134047 0 15
112 1 0.0186282 0.0186282 0.0554362 0.036808 3
109 1 0.000142524 0.000142524 0.000285049 0.000142524 15

83 52 0.029598 0.0291005 0.0568053 0.0276858 15
105 47 0.0416748 0.0416748 0.0572079 0.0155331 15

115 50 0.0582011 0.0582011 0.0664068 0.00820574 15
83 45 0.0256221 0.0251915 0.0662499 0.0409917 18
118 1 0.151691 0.151691 0.151691 0 15
117 1 0.0750616 0.0750616 0.0750616 0 15
116 1 0.0139762 0.0139762 0.0555765 0.0416003 3
119 1 0.000285049 0.000285049 0.000285049 0 15

120 26 0.076297 0.0750147 0.128171 0.0524206 15
117 20 0.168783 0.00375308 0.154458 0.043523 15
83 9 0.375074 0.0320725 0.336962 0.107795 18
115 23 0.0298731 0.0298731 0.129004 0.0991306 15
118 1 0.0758453 0.0758453 0.151691 0.0758453 15
121 1 0.0670234 0.0670234 0.134047 0.0670234 15
116 1 0.0186349 0.0186349 0.055701 0.0370661 3
122 1 0.0428761 0.0428761 0.0428761 0 15
119 1 7.12622e-05 7.12622e-05 0.000285049 0.000213787 15

115 23 0.146768 0.146768 0.146768 0 15
120 43 0.0240095 0.023606 0.0711377 0.0472317 15
124 1 0.184584 0.184584 0.184584 0 18
118 1 0.151691 0.151691 0.151691 0 15
121 1 0.0406042 0.0406042 0.141139 0.100535 15
123 1 0.0250205 0.0250205 0.0750616 0.0500411 15
116 1 0.0186349 0.0186349 0.0518841 0.0332492 6
122 1 0.0428761 0.0428761 0.0428761 0 15
119 1 7.12622e-05 7.12622e-05 0.000285049 0.000213787 15

120 47 0.0451758 0.0451758 0.0700566 0.0248807 15
115 42 0.0392519 0.0392519 0.0710936 0.0318417 15
124 1 0.184584 0.184584 0.184584 0 18
118 1 0.151691 0.151691 0.151691 0 15
121 2 0.0406042 0.0335117 0.0705696 0.0336988 18
123 1 0.0924274 0.0924274 0.129958 0.0375308 15
116 1 0.0559047 0.0559047 0.0559047 0 3
122 1 0.0428761 0.0428761 0.0428761 0 15
119 1 0.000285049 0.000285049 0.000285049 0 15

115 47 0.0444166 0.0444166 0.069245 0.0248284 15
120 41 0.0330131 0.0330131 0.0701516 0.0371385 15
123 1 0.184855 0.184855 0.184855 0 12
124 1 0.184584 0.184584 0.184584 0 18
118 2 0.0758453 0.0758453 0.0758453 0 15
121 2 0.0406042 0.0335117 0.0705696 0.0336988 15
116 1 0.0139762 0.0139762 0.0555351 0.0415589 3
122 1 0.0428761 0.0428761 0.0428761 0 15
119 1 7.12622e-05 7.12622e-05 0.000285049 0.000213787 15

120 44 0.042917 0.042917 0.0743034 0.0313863 15
115 38 0.0344455 0.0344455 0.0736778 0.0392322 15
127 1 0.224476 0.224476 0.224476 0 15
125 1 0.193368 0.193368 0.193368 0 12
123 1 0.184855 0.184855 0.184855 0 12
124 1 0.184584 0.184584 0.184584 0 18
118 2 0.0758453 0.0758453 0.0758453 0 15
121 1 0.0541389 0.0541389 0.143503 0.0893645 18
116 1 0.0140056 0.0140056 0.0557576 0.0417519 3
122 1 0.0428761 0.0428761 0.0428761 0 15
126 1 0.0351598 0.0351598 0.0351598 0 15
119 1 7.12622e-05 7.12622e-05 0.000285049 0.000213787 15

115 43 0.0416748 0.0416748 0.0757769 0.034102 15
120 39 0.0361407 0.0361407 0.0753077 0.039167 15
127 1 0.224476 0.224476 0.224476 0 15
125 1 0.193368 0.193368 0.193368 0 12
123 1 0.184855 0.184855 0.184855 0 12
124 1 0.184584 0.184584 0.184584 0 18
118 2 0.0758453 0.0758453 0.0758453 0 15
121 1 0.0812083 0.0812083 0.148232 0.0670234 18
116 1 0.0140056 0.0140056 0.0555812 0.0415755 3
122 1 0.0428761 0.0428761 0.0428761 0 15
126 1 0.0351598 0.0351598 0.0351598 0 15
119 1 9.50163e-05 9.50163e-05 0.000285049 0.000190033 15

120 46 0.0423872 0.0423872 0.0739153 0.0315281 15
115 37 0.036692 0.036692 0.0745968 0.0379048 15
127 1 0.224476 0.224476 0.224476 0 15
125 1 0.193368 0.193368 0.193368 0 12
123 1 0.184855 0.184855 0.184855 0 12
124 1 0.184584 0.184584 0.184584 0 18
118 2 0.0303381 0.0303381 0.0758453 0.0455072 15
121 2 0.0812083 0.0670234 0.0741158 0.00709249 15
116 1 0.0186742 0.0186742 0.0557481 0.0370739 3
122 1 0.0428761 0.0428761 0.0428761 0 15
126 1 0.0351598 0.0351598 0.0351598 0 15
119 1 7.12622e-05 7.12622e-05 0.000285049 0.000213787 15

115 43 0.0392519 0.0392519 0.0748646 0.0356127 15
120 39 0.0369179 0.0369179 0.0741437 0.0372258 15
127 1 0.224476 0.224476 0.224476 0 15
123 1 0.184855 0.184855 0.184855 0 12
124 1 0.184584 0.184584 0.184584 0 18
128 1 0.156178 0.156178 0.156178 0 12
118 2 0.0505636 0.0505636 0.0758453 0.0252818 15
121 1 0.0541389 0.0541389 0.143503 0.0893645 15
126 1 0.0695629 0.0695629 0.0871428 0.0175799 15
116 1 0.0560225 0.0560225 0.0560225 0 3
122 1 0.0428761 0.0428761 0.0428761 0 15
119 1 0.000142524 0.000142524 0.000285049 0.000142524 15

120 43 0.0399228 0.0399228 0.0756674 0.0357446 15
115 39 0.0370952 0.0370952 0.0751487 0.0380535 15
127 1 0.224476 0.224476 0.224476 0 15
123 2 0.107729 0.0924274 0.100078 0.00765097 12
124 1 0.184584 0.184584 0.184584 0 18
128 1 0.156178 0.156178 0.156178 0 12
118 2 0.0505636 0.0505636 0.0758453 0.0252818 15
121 1 0.0541389 0.0541389 0.143503 0.0893645 15
126 1 0.139126 0.139126 0.139126 0 15
116 1 0.0280113 0.0280113 0.0556108 0.0275996 3
122 1 0.0428761 0.0428761 0.0428761 0 15
119 1 0.000285049 0.000285049 0.000285049 0 15

115 44 0.0375074 0.0375074 0.0715533 0.034046 15
120 40 0.0385771 0.0385771 0.0720965 0.0335194 15
127 1 0.224476 0.224476 0.224476 0 15
123 2 0.0718195 0.0616182 0.0974828 0.0311839 18
128 1 0.156178 0.156178 0.156178 0 12
118 2 0.0379227 0.0379227 0.0758453 0.0379227 15
121 2 0.0812083 0.0670234 0.0741158 0.00709249 15
126 1 0.139126 0.139126 0.139126 0 15
116 1 0.0560225 0.0560225 0.0560225 0 3
122 1 0.0428761 0.0428761 0.0428761 0 15
119 1 0.000285049 0.000285049 0.000285049 0 15

120 45 0.042917 0.042917 0.0735106 0.0305936 15
115 40 0.0344455 0.0344455 0.0735164 0.0390709 1.5
127 1 0.224476 0.224476 0.224476 0 15
129 2 0.107729 0.0924274 0.100078 0.00765097 12
128 1 0.156178 0.156178 0.156178 0 12
118 2 0.0379227 0.0379227 0.0758453 0.0379227 15
121 2 0.0812083 0.0670234 0.0741158 0.00709249 15
116 1 0.00936801 0.00936801 0.0555168 0.0461488 3
122 1 0.0428761 0.0428761 0.0428761 0 15
119 1 0.000285049 0.000285049 0.000285049 0 15

120 51 0.0346804 0.0346804 0.0552919 0.0206115 15
115 48 0.0348006 0.0348006 0.0557679 0.0209672 15

115 49 0.0370952 0.0370952 0.0661565 0.0290613 15
120 43 0.0343336 0.0343336 0.0673241 0.0329905 15
134 1 0.151691 0.151691 0.151691 0 15
133 2 0.0670234 0.0670234 0.0670234 0 15
130 1 0.133794 0.133794 0.133794 0 12
131 1 0.0275996 0.0275996 0.0551991 0.0275996 3
132 1 0.000142524 0.000142524 0.000285049 0.000142524 15

120 48 0.0377293 0.0377293 0.0700811 0.0323518 15
115 44 0.0359113 0.0359113 0.0702295 0.0343182 15
134 2 0.0758453 0.0758453 0.0758453 0 15
133 1 0.0335117 0.0335117 0.134047 0.100535 15
130 1 0.133794 0.133794 0.133794 0 12
135 1 0.0658258 0.0658258 0.0658258 0 12
131 1 0.0186346 0.0186346 0.0554341 0.0367994 3
132 1 0.000142524 0.000142524 0.000285049 0.000142524 15

115 48 0.0450088 0.0450088 0.0677504 0.0227416 15
120 43 0.0309312 0.0309312 0.068994 0.0380628 1.5
134 2 0.0505636 0.0505636 0.0758453 0.0252818 15
133 1 0.0268093 0.0268093 0.134047 0.107237 15
130 1 0.133794 0.133794 0.133794 0 12
135 1 0.0658258 0.0658258 0.0658258 0 12
131 1 0.027952 0.027952 0.0559039 0.027952 3
132 1 0.000285049 0.000285049 0.000285049 0 15

115 50 0.0350343 0.0344455 0.0595268 0.0250696 15
120 49 0.0343336 0.0343336 0.0592696 0.0249359 15

120 50 0.0381485 0.0381485 0.0651866 0.0270381 15
115 43 0.0357642 0.0351631 0.0653469 0.0301561 15
137 2 0.0505636 0.0505636 0.0758453 0.0252818 15
136 2 0.0268093 0.0268093 0.0670234 0.040214 15
139 1 0.0186346 0.0186346 0.055541 0.0369063 3
138 1 0.000142524 0.000142524 0.000285049 0.000142524 15

115 48 0.0381485 0.0375074 0.0675267 0.0299797 15
120 46 0.0350343 0.0350343 0.0675339 0.0324996 15
137 2 0.0303381 0.0303381 0.0758453 0.0455072 15
136 2 0.0670234 0.0670234 0.0670234 0 15
139 1 0.0186346 0.0186346 0.055669 0.0370343 3
138 1 0.000285049 0.000285049 0.000285049 0 15

120 49 0.0390155 0.0390155 0.0678258 0.0288103 15
115 45 0.0339937 0.0334224 0.0692215 0.0357109 15
137 2 0.0505636 0.0505636 0.0758453 0.0252818 15
136 1 0.0335117 0.0335117 0.134047 0.100535 15
139 1 0.027952 0.027952 0.055523 0.0275711 3
138 1 0.000142524 0.000142524 0.000285049 0.000142524 15

115 49 0.0423872 0.0416748 0.0672631 0.0253578 15
120 44 0.0312124 0.0312124 0.0675459 0.0363335 15
137 2 0.0505636 0.0505636 0.0758453 0.0252818 15
136 2 0.0670234 0.0670234 0.0670234 0 15
139 1 0.027952 0.027952 0.055523 0.0275711 3
138 1 0.000285049 0.000285049 0.000285049 0 15

