1 0.151691 0.151691 0.151691 0 12
1 0 0 0 0 0
1 0 0 0 0 12
1 0 0 0 0 12
1 0 0 0 0 12

1 0.151691 0.151691 0.151691 0 15
1 0.151691 0.151691 0.151691 0 15
1 0.151691 0.151691 0.151691 0 15
24 0.00166693 0.00166693 0.00621919 0.00455226 12
1 0 0 0 0 0
1 0 0 0 0 12
1 0 0 0 0 12
1 0 0 0 0 12

25 0.0716585 0.00406039 0.00842974 0.013233 15
18 0.00474033 0.00474033 0.00842726 0.00368693 12
1 0.151691 0.151691 0.151691 0 15
18 0.00583426 0.00583426 0.00839937 0.00256511 15
18 0.00561817 0.00561817 0.00838477 0.0027666 15
1 0 0 0 0 0
1 0 0 0 0 12
1 0 0 0 0 12
1 0 0 0 0 12
1 0 0 0 0 15
1 0 0 0 0 15
1 0 0 0 0 15

23 0.0451183 0.00280909 0.00827832 0.00928171 15
16 0.00948067 0.00948067 0.00948067 0 15
18 0.00842726 0.00842726 0.00842726 0 15
19 0.00379227 0.00379227 0.00798372 0.00419145 15
18 0.00352769 0.00352769 0.00838954 0.00486185 12
1 0.000173539 0.000173539 0.000173539 0 15
1 0 0 0 0 15
1 0 0 0 0 15
1 0 0 0 0 3
1 0 0 0 0 3
1 0 0 0 0 15
1 0 0 0 0 15

16 0.0374829 0.0023337 0.0115648 0.010669 15
13 0.00523071 0.00523071 0.0116685 0.0064378 15
13 0.00948067 0.00948067 0.0116685 0.00218785 12
1 0.151691 0.151691 0.151691 0 12
1 0.151691 0.151691 0.151691 0 18
13 0.00421363 0.00421363 0.0116685 0.00745488 15
13 0.00379227 0.00379227 0.0116685 0.00787625 15
1 0.00844429 0.00844429 0.00844429 0 15
1 0.000173539 0.000173539 0.000173539 0 15
1 0 0 0 0 15
1 0 0 0 0 15
1 0 0 0 0 3
1 0 0 0 0 3
1 0 0 0 0 15
1 0 0 0 0 15
1 0 0 0 0 3

19 0.0487278 0.00303381 0.0117364 0.0145026 1.5
13 0.00309573 0.00309573 0.0116685 0.00857279 12
2 0.0758453 0.0758453 0.0758453 0 15
8 0.0189613 0.0189613 0.0189613 0 18
13 0.0116685 0.0116685 0.0116685 0 15
13 0.0116685 0.0116685 0.0116685 0 15
13 0.00489325 0.00489325 0.0116685 0.00677527 15
1 0.00844429 0.00844429 0.00844429 0 15
1 0.00217336 0.00217336 0.00217336 0 18
1 0.000173539 0.000173539 0.000173539 0 15
1 0.000149722 0.000149722 0.000149722 0 15
1 0 0 0 0 3
1 0 0 0 0 3
1 0 0 0 0 15
1 0 0 0 0 15
1 0 0 0 0 3
1 0 0 0 0 15
1 0 0 0 0 12
1 0 0 0 0 15
1 0 0 0 0 15

100 0.0125587 0.000781911 0.00167834 0.00207846 15

31 0.044298 0.00275801 0.0137566 0.0173763 12
11 0.00350164 0.0033709 0.0138019 0.0104192 18
8 0.0189613 0.0189613 0.0189613 0 15
11 0.0101127 0.0101127 0.0137901 0.00367735 15
11 0.00489325 0.00489325 0.0137901 0.00889681 15
11 0.00388951 0.00388951 0.013706 0.00981654 18
2 0.0761864 0.0727697 0.0744781 0.00170834 12
1 0.0158301 0.0158301 0.0158301 0 6
1 0.000149722 0.000149722 0.000149722 0 18
1 0 0 0 0 15
1 0 0 0 0 15

34 0.0234268 0.00155645 0.0145882 0.011251 1.5
10 0.00656557 0.00632045 0.0153161 0.00884944 18
10 0.00632045 0.00632045 0.0151691 0.00884862 15
3 0.0505636 0.0505636 0.0505636 0 15
1 0.151691 0.151691 0.151691 0 18
9 0.0169303 0.0161711 0.016787 0.00021905 12
10 0.0101127 0.0101127 0.015054 0.00494124 15
1 0.0158301 0.0158301 0.0158301 0 6
1 0.00527797 0.00527797 0.00527797 0 3
1 0.000149722 0.000149722 0.000149722 0 18
1 0 0 0 0 12
1 0 0 0 0 15
1 0 0 0 0 15
1 0 0 0 0 15
1 0 0 0 0 15

93 0.0137649 0.00085701 0.00523982 0.00586924 15
6 0.021187 0 0.00594447 0.00857228 1.5

85 0.0163516 0.00108638 0.0108818 0.00747944 1.5
14 0.00315147 0.00315147 0.0110685 0.00791708 15

69 0.0136876 0.0136876 0.0182442 0.00455666 1.5
21 0.116019 0 0.0264339 0.0435472 1.5

7 0.348056 0.348056 0.348056 0 1.5
43 0.0169194 0.0169194 0.0520723 0.0351529 1.33333
3 0.0141269 0.0130382 0.0561792 0.0424184 1.5
1 0.0228524 0.0228524 0.0915559 0.0687035 1.5
1 0.017898 0.017898 0.0727821 0.0548842 1.5
1 0.0478464 0.0478464 0.0488222 0.000975728 1.5
1 0.0181124 0.0181124 0.0352519 0.0171395 1.5
1 0.025061 0.025061 0.025061 0 1.5
1 0.0088514 0.0088514 0.00961822 0.000766818 1.5
1 0.000238939 0.000238939 0.000238939 0 1.33333
1 0.000131994 0.000131994 0.000131994 0 1.5
1 4.28026e-05 4.28026e-05 4.28026e-05 0 1.5

11 0.22149 0.22149 0.22149 5.55112e-17 1.5
2 1.21819 1.21819 1.21819 0 1.5
4 0.609097 0.609097 0.609097 0 1.5
7 0.348056 0.348056 0.348056 0 1.5
15 0.0308404 0.0308404 0.148397 0.117556 1.5
13 0.0609097 0.0609097 0.151791 0.0908815 1.5
1 0.143249 0.143249 0.196943 0.053694 1.5
1 0.169496 0.169496 0.169496 0 1.5
1 0.109219 0.109219 0.109219 0 1.5
1 0.108674 0.108674 0.108674 0 1.5
1 0.0528025 0.0528025 0.0528025 0 1.5
1 0.0125305 0.0125305 0.0202751 0.00774459 1.5
1 0.0201473 0.0201473 0.0201473 0 1.5
1 0.0191178 0.0191178 0.0191178 0 1.5
1 0.00955888 0.00955888 0.00969135 0.000132461 1.33333
1 0.00153364 0.00153364 0.00153364 0 1.5
1 0.000636429 0.000636429 0.00129793 0.000661502 1.5
1 0.000238939 0.000238939 0.000238939 0 1.33333
1 0.000131994 0.000131994 0.000131994 0 1.5
1 4.28026e-05 4.28026e-05 4.28026e-05 0 1.5

1 2.43639 2.43639 2.43639 0 1.5
18 0.110745 0.110745 0.12413 0.0133854 1.5
18 0.121819 0.121819 0.121824 4.67293e-06 1.5
18 0.025919 0.025919 0.121146 0.0952268 1.5
4 0.609097 0.00641358 0.458426 0.26097 1.5
1 0.286498 0.286498 0.286498 0 1.5
1 0.169496 0.169496 0.169496 0 1.5
1 0.169496 0.169496 0.169496 0 1.5
1 0.161273 0.161273 0.161273 0 1.5
1 0.109219 0.109219 0.109219 0 1.5
1 0.0543371 0.0543371 0.0776863 0.0233493 1.5
1 0.0528025 0.0528025 0.0528025 0 1.5
1 0.0154585 0.0154585 0.0401 0.0246414 1.5
1 0.0202611 0.0202611 0.0202611 0 1.5
1 0.0100737 0.0100737 0.0200438 0.00997015 1.5
1 0.00955888 0.00955888 0.0191178 0.00955888 1.5
1 0.00292718 0.00292718 0.00292718 0 1.5
1 0.00190929 0.00190929 0.00190929 0 1.5
1 0.000766818 0.000766818 0.00153364 0.000766818 1.5
1 0.00153364 0.00153364 0.00153364 0 1.5
1 0.000534313 0.000534313 0.000534313 0 1.5
1 0.000131994 0.000131994 0.000131994 0 1.5
1 4.28026e-05 4.28026e-05 4.28026e-05 0 1.5

14 0.143317 0.143317 0.174028 0.0307108 1.5
4 0.609097 0.609097 0.609097 0 1.5
14 0.0487278 0.0487278 0.174028 0.1253 1.5
14 0.110745 0.110745 0.166264 0.0555189 1.5
13 0.187415 1.4966e-05 0.172999 0.0499362 1.5
13 0.0716585 0.0716585 0.171077 0.0994185 1.5
3 0.81213 0.00855144 0.276411 0.37881 1.5
1 0.286498 0.286498 0.286498 0 1.5
1 0.169496 0.169496 0.169496 0 1.5
1 0.0806363 0.0806363 0.161273 0.0806363 1.5
1 0.0564987 0.0564987 0.145137 0.0886381 1.5
1 0.109219 0.109219 0.109219 0 1.5
1 0.108674 0.108674 0.108674 0 1.5
1 0.0846301 0.0846301 0.0846301 0 1.5
1 0.053694 0.053694 0.0638245 0.0101305 1.5
1 0.0618342 0.0618342 0.0618342 0 1.5
1 0.0528025 0.0528025 0.0528025 0 1.5
1 0.0326513 0.0326513 0.0326513 0 1.5
1 0.022069 0.022069 0.022069 0 1.5
1 0.0205674 0.0205674 0.0205674 0 1.5
1 0.0201473 0.0201473 0.0201473 0 1.5
1 0.0193205 0.0193205 0.0193205 0 1.5
1 0.0191178 0.0191178 0.0191178 0 1.5
1 0.0177028 0.0177028 0.0177028 0 1.5
1 0.00146359 0.00146359 0.00292718 0.00146359 1.5
1 0.00190929 0.00190929 0.00190929 0 1.5
1 0.000766818 0.000766818 0.00153364 0.000766818 1.5
1 0.000766818 0.000766818 0.00153364 0.000766818 1.5
1 0.000766818 0.000766818 0.00103397 0.000267156 1.5
1 7.88806e-05 7.88806e-05 7.88806e-05 0 1.5
1 6.59972e-05 6.59972e-05 6.63475e-05 3.50339e-07 1.5
1 4.28026e-05 4.28026e-05 4.28026e-05 0 1.5

1 2.43639 2.43639 2.43639 0 1.5
1 2.43639 2.43639 2.43639 0 1.5
12 0.187415 0.187415 0.203032 0.0156179 1.5
11 0.0785932 0.0785932 0.214397 0.135804 1.5
11 0.0840134 0.0840134 0.206224 0.122211 1.5
11 0.052965 0.052965 0.202431 0.149466 1.5
10 0.0902366 0.0902366 0.207556 0.11732 1.5
9 0.187415 0.187415 0.212958 0.0255433 1.5
1 0.0847481 0.0847481 0.169496 0.0847481 1.5
1 0.161273 0.161273 0.161273 0 1.5
1 0.143249 0.143249 0.149949 0.00670004 1.5
1 0.0847481 0.0847481 0.112814 0.0280663 1.5
1 0.0546094 0.0546094 0.109219 0.0546094 1.5
1 0.108674 0.108674 0.108674 0 1.5
1 0.107388 0.107388 0.107388 0 1.5
1 0.0846301 0.0846301 0.0846301 0 1.5
1 0.0618342 0.0618342 0.0618342 0 1.5
1 0.0528025 0.0528025 0.0528025 0 1.5
1 0.0520761 0.0520761 0.0520761 0 1.5
1 0.0442781 0.0442781 0.0442781 0 1.5
1 0.0394734 0.0394734 0.0394734 0 1.5
1 0.0339457 0.0339457 0.0339457 0 1.5
1 0.0326513 0.0326513 0.0326513 0 1.5
1 0.031062 0.031062 0.031062 0 1.5
1 0.025863 0.025863 0.025863 0 1.5
1 0.022069 0.022069 0.022069 0 1.5
1 0.0205674 0.0205674 0.0205674 0 1.5
1 0.0201473 0.0201473 0.0201473 0 1.5
1 0.0193205 0.0193205 0.0193205 0 1.5
1 0.0191178 0.0191178 0.0191178 0 1.5
1 0.0088514 0.0088514 0.0177028 0.0088514 1.5
1 0.00292718 0.00292718 0.00292718 0 1.5
1 0.00153364 0.00153364 0.00153364 0 1.5
1 0.000766818 0.000766818 0.00153364 0.000766818 1.5
1 0.00153364 0.00153364 0.00153364 0 1.5
1 0.000954643 0.000954643 0.000992252 3.7609e-05 1.5
1 0.000131994 0.000131994 0.000131994 0 1.5
1 7.88806e-05 7.88806e-05 7.88806e-05 0 1.5
1 2.14013e-05 2.14013e-05 4.10317e-05 1.96303e-05 1.5

2 1.21819 1.21819 1.21819 0 1.5
3 0.81213 0.81213 0.81213 0 1.5
1 2.43639 2.43639 2.43639 0 1.5
10 0.174028 0.174028 0.243639 0.0696111 1.5
10 0.121819 0.121819 0.231472 0.109653 1.5
10 0.152274 0.152274 0.228451 0.0761765 1.33333
10 0.0518381 0.0518381 0.228402 0.176564 1.5
9 0.0870139 0.0870139 0.251388 0.164375 1.5
9 0.10593 0.10593 0.236117 0.130187 1.5
1 0.286498 0.286498 0.286498 0 1.5
1 0.0965978 0.0965978 0.181346 0.0847481 1.5
1 0.169496 0.169496 0.169496 0 1.5
1 0.161273 0.161273 0.161273 0 1.5
1 0.109219 0.109219 0.109219 0 1.5
1 0.108674 0.108674 0.108674 0 1.5
1 0.107388 0.107388 0.107388 0 1.5
1 0.0846301 0.0846301 0.0846301 0 1.5
1 0.0321899 0.0321899 0.058228 0.0260381 1.5
1 0.0528025 0.0528025 0.0528025 0 1.5
1 0.0309171 0.0309171 0.0494009 0.0184838 1.5
1 0.0442781 0.0442781 0.0442781 0 1.5
1 0.0242009 0.0242009 0.0439376 0.0197367 1.5
1 0.0339457 0.0339457 0.0339457 0 1.5
1 0.0326513 0.0326513 0.0326513 0 1.5
1 0.031062 0.031062 0.031062 0 1.5
1 0.0308 0.0308 0.0308 0 1.5
1 0.027333 0.027333 0.027333 0 1.5
1 0.025863 0.025863 0.025863 0 1.5
1 0.0110345 0.0110345 0.022069 0.0110345 1.5
1 0.0205674 0.0205674 0.0205674 0 1.5
1 0.0202611 0.0202611 0.0202611 0 1.5
1 0.0201473 0.0201473 0.0201473 0 1.5
1 0.00966025 0.00966025 0.0193205 0.00966025 1.5
1 0.0191178 0.0191178 0.0191178 0 1.5
1 0.0177028 0.0177028 0.0177028 0 1.5
1 0.00796786 0.00796786 0.0159357 0.00796786 1.5
1 0.00292718 0.00292718 0.00292718 0 1.5
1 0.00190929 0.00190929 0.00190929 0 1.5
1 0.00153364 0.00153364 0.00153364 0 1.5
1 0.00153364 0.00153364 0.00153364 0 1.5
1 0.00153364 0.00153364 0.00153364 0 1.5
1 0.00109292 0.00109292 0.00109292 0 1.5
1 0.000131994 0.000131994 0.000131994 0 1.5
1 7.88806e-05 7.88806e-05 7.88806e-05 0 1.5
1 4.28026e-05 4.28026e-05 4.28026e-05 0 1.5

2 1.21819 1.21819 1.21819 0 1.5
1 2.43639 2.43639 2.43639 0 1.5
8 0.304549 0.304549 0.304549 0 1.5
1 2.43639 2.43639 2.43639 0 1.5
8 0.304549 0.304549 0.304549 0 1.5
8 0.27071 0.27071 0.304549 0.0338387 1.5
8 0.0468536 0.0468536 0.275628 0.228775 1.5
8 0.27071 0.27071 0.271054 0.000344268 1.5
7 0.27071 0.27071 0.309418 0.0387084 1.5
7 0.07383 0.07383 0.287228 0.213398 1.5
7 0.162426 0.162426 0.279867 0.117441 1.5
1 0.331642 0.331642 0.331642 0 1.5
1 0.0643985 0.0643985 0.173551 0.109153 1.5
1 0.169496 0.169496 0.169496 0 1.5
1 0.161273 0.161273 0.161273 0 1.5
1 0.149899 0.149899 0.149899 0 1.5
1 0.109219 0.109219 0.109219 0 1.5
1 0.107388 0.107388 0.107388 0 1.5
1 0.0970837 0.0970837 0.0970837 0 1.5
1 0.0846301 0.0846301 0.0846301 0 1.5
1 0.0643798 0.0643798 0.0643798 0 1.33333
1 0.0528025 0.0528025 0.0528025 0 1.5
1 0.0484019 0.0484019 0.0484019 0 1.5
1 0.0238748 0.0238748 0.0462772 0.0224024 1.33333
1 0.0206114 0.0206114 0.0452564 0.0246451 1.5
1 0.0339457 0.0339457 0.0339457 0 1.5
1 0.0326513 0.0326513 0.0326513 0 1.5
1 0.0316195 0.0316195 0.0316195 0 1.5
1 0.031062 0.031062 0.031062 0 1.5
1 0.027333 0.027333 0.027333 0 1.5
1 0.025863 0.025863 0.025863 0 1.5
1 0.022069 0.022069 0.022069 0 1.5
1 0.0205674 0.0205674 0.0205674 0 1.5
1 0.0202611 0.0202611 0.0202611 0 1.5
1 0.0177028 0.0177028 0.0177028 0 1.5
1 0.0159357 0.0159357 0.0159357 0 1.5
1 0.0135975 0.0135975 0.0135975 0 1.5
1 0.00966025 0.00966025 0.0113382 0.00167798 1.5
1 0.00346247 0.00346247 0.00422929 0.000766818 1.5
1 0.00292718 0.00292718 0.00292718 0 1.5
1 0.00292718 0.00292718 0.00292718 0 1.5
1 0.00153364 0.00153364 0.00153364 0 1.5
1 0.00153364 0.00153364 0.00153364 0 1.5
1 0.00109292 0.00109292 0.00109292 0 1.5
1 0.00105375 0.00105375 0.00105375 0 1.5
1 0.000131994 0.000131994 0.000131994 0 1.5
1 7.88806e-05 7.88806e-05 7.88806e-05 0 1.5

9 0.162426 0.162426 0.27071 0.108284 1.5
1 2.43639 2.43639 2.43639 0 1.5
1 2.43639 2.43639 2.43639 0 1.5
4 0.609097 0.609097 0.609097 0 1.5
1 2.43639 2.43639 2.43639 0 1.5
9 0.10593 0.10593 0.25912 0.15319 1.5
8 0.0553725 0.0553725 0.276968 0.221595 1.5
8 0.0937073 0.0937073 0.269462 0.175754 1.5
8 0.152274 0.152274 0.266663 0.114389 1.5
8 0.152274 0.152274 0.266516 0.114242 1.5
1 0.165821 0.165821 0.296488 0.130667 1.5
1 0.143249 0.143249 0.196943 0.053694 1.5
1 0.193196 0.193196 0.193196 0 1.5
1 0.169496 0.169496 0.169496 0 1.5
1 0.161273 0.161273 0.161273 0 1.5
1 0.149899 0.149899 0.149899 0 1.5
1 0.109219 0.109219 0.109219 0 1.5
1 0.0970837 0.0970837 0.0970837 0 1.5
1 0.0846301 0.0846301 0.0846301 0 1.5
1 0.0618342 0.0618342 0.0618342 0 1.5
1 0.0568136 0.0568136 0.0568136 0 1.5
1 0.0528025 0.0528025 0.0528025 0 1.5
1 0.0339457 0.0339457 0.0339457 0 1.5
1 0.0326513 0.0326513 0.0326513 0 1.5
1 0.0242009 0.0242009 0.0319455 0.00774459 1.5
1 0.0312875 0.0312875 0.0312875 0 1.5
1 0.031062 0.031062 0.031062 0 1.5
1 0.0154 0.0154 0.0308 0.0154 1.5
1 0.0173164 0.0173164 0.0301269 0.0128106 1.5
1 0.027333 0.027333 0.027333 0 1.5
1 0.025863 0.025863 0.025863 0 1.5
1 0.0257581 0.0257581 0.0257581 0 1.5
1 0.0110345 0.0110345 0.022069 0.0110345 1.5
1 0.0205674 0.0205674 0.0205674 0 1.5
1 0.0202611 0.0202611 0.0202611 0 1.5
1 0.0197633 0.0197633 0.0197633 0 1.5
1 0.0177028 0.0177028 0.0177028 0 1.5
1 0.016095 0.016095 0.0167687 0.000673756 1.33333
1 0.0159357 0.0159357 0.0159357 0 1.5
1 0.0154892 0.0154892 0.0154892 0 1.5
1 0.0135975 0.0135975 0.0135975 0 1.5
1 0.00966025 0.00966025 0.0104271 0.000766818 1.5
1 0.00692495 0.00692495 0.00692495 0 1.5
1 0.00647669 0.00647669 0.00647669 0 1.5
1 0.00292718 0.00292718 0.00292718 0 1.5
1 0.00292718 0.00292718 0.00292718 0 1.5
1 0.00153364 0.00153364 0.00153364 0 1.5
1 0.00109292 0.00109292 0.00109292 0 1.5
1 0.000351249 0.000351249 0.00105375 0.000702498 1.5
1 0.00105375 0.00105375 0.00105375 0 1.5
1 0.000131994 0.000131994 0.000131994 0 1.5
1 7.52179e-05 7.52179e-05 7.52179e-05 0 1.5

7 0.243639 0.243639 0.348056 0.104417 1.5
5 0.487278 0.487278 0.487278 0 1.5
4 0.609097 0.609097 0.609097 0 1.5
5 0.487278 0.487278 0.487278 0 1.5
5 0.487278 0.487278 0.487278 0 1.5
7 0.304549 0.304549 0.348056 0.0435069 1.5
7 0.348056 0.348056 0.348056 0 1.5
1 2.43639 2.43639 2.43639 0 1.5
7 0.0676775 0.0676775 0.319603 0.251926 1.5
7 0.110745 0.110745 0.317564 0.206819 1.5
6 0.174028 0.174028 0.349687 0.17566 1.5
6 0.0974555 0.0974555 0.333952 0.236496 1.5
2 0.81213 0.0482181 0.43048 0.381956 1.5
1 0.286498 0.286498 0.286498 0 1.5
1 0.193196 0.193196 0.193196 0 1.5
1 0.166211 0.166211 0.166211 0 1.5
1 0.0806363 0.0806363 0.160971 0.0803348 1.5
1 0.0847481 0.0847481 0.157965 0.0732165 1.5
1 0.0749494 0.0749494 0.149899 0.0749494 1.5
1 0.137721 0.137721 0.137721 0 1.5
1 0.110547 0.110547 0.116198 0.00565041 1.5
1 0.109219 0.109219 0.109219 0 1.5
1 0.0970837 0.0970837 0.0970837 0 1.5
1 0.0900834 0.0900834 0.0900834 0 1.5
1 0.0846301 0.0846301 0.0846301 0 1.5
1 0.0677741 0.0677741 0.0677741 0 1.5
1 0.0643798 0.0643798 0.0643798 0 1.33333
1 0.0618342 0.0618342 0.0618342 0 1.5
1 0.0528025 0.0528025 0.0528025 0 1.5
1 0.0484019 0.0484019 0.0484019 0 1.5
1 0.0284068 0.0284068 0.0394413 0.0110345 1.5
1 0.0374111 0.0374111 0.0374111 0 1.5
1 0.0346327 0.0346327 0.0346327 0 1.5
1 0.0339457 0.0339457 0.0339457 0 1.5
1 0.0326513 0.0326513 0.0326513 0 1.5
1 0.0312875 0.0312875 0.0312875 0 1.5
1 0.031062 0.031062 0.031062 0 1.5
1 0.0308 0.0308 0.0308 0 1.5
1 0.027333 0.027333 0.027333 0 1.5
1 0.025863 0.025863 0.025863 0 1.5
1 0.0257581 0.0257581 0.0257581 0 1.5
1 0.0240771 0.0240771 0.0240771 0 1.5
1 0.0205674 0.0205674 0.0205674 0 1.5
1 0.0202611 0.0202611 0.0202611 0 1.5
1 0.0197633 0.0197633 0.0197633 0 1.5

8 0.22149 0.22149 0.304549 0.0830587 1.5
1 2.43639 2.43639 2.43639 0 1.5
3 0.81213 0.81213 0.81213 0 1.5
1 2.43639 2.43639 2.43639 0 1.5
8 0.27071 0.27071 0.304549 0.0338387 1.5
8 0.27071 0.27071 0.304549 0.0338387 1.5
4 0.609097 0.609097 0.609097 0 1.5
7 0.0870139 0.0870139 0.323481 0.236467 1.5
7 0.203032 0.203032 0.319241 0.116209 1.5
6 0.0338387 0.0338387 0.350303 0.316465 1.5
5 0.487278 0.0302149 0.395865 0.182825 1.5
3 0.81213 0.0482181 0.557492 0.360111 1.33333
1 0.331642 0.331642 0.331642 0 1.5
1 0.286498 0.286498 0.286498 0 1.5
1 0.193196 0.193196 0.193196 0 1.5
1 0.169496 0.169496 0.169496 0 1.5
1 0.166211 0.166211 0.166211 0 1.5
1 0.161273 0.161273 0.161273 0 1.5
1 0.149899 0.149899 0.149899 0 1.5
1 0.137721 0.137721 0.137721 0 1.5
1 0.109219 0.109219 0.109219 0 1.5
1 0.0970837 0.0970837 0.0970837 0 1.5
1 0.0900834 0.0900834 0.0900834 0 1.5
1 0.0846301 0.0846301 0.0846301 0 1.5
1 0.0677741 0.0677741 0.0677741 0 1.5
1 0.0643798 0.0643798 0.0643798 0 1.33333
1 0.0618342 0.0618342 0.0618342 0 1.5
1 0.0528025 0.0528025 0.0528025 0 1.5
1 0.0484019 0.0484019 0.0484019 0 1.5
1 0.0284068 0.0284068 0.0394413 0.0110345 1.5
1 0.0374111 0.0374111 0.0374111 0 1.5
1 0.0346327 0.0346327 0.0346327 0 1.5
1 0.0339457 0.0339457 0.0339457 0 1.5
1 0.0326513 0.0326513 0.0326513 0 1.5
1 0.0312875 0.0312875 0.0312875 0 1.5
1 0.031062 0.031062 0.031062 0 1.5
1 0.0272272 0.0272272 0.0272272 0 1.5
1 0.025863 0.025863 0.025863 0 1.5
1 0.0257581 0.0257581 0.0257581 0 1.5
1 0.0136665 0.0136665 0.0243134 0.0106469 1.5
1 0.0240771 0.0240771 0.0240771 0 1.5
1 0.0205674 0.0205674 0.0205674 0 1.5
1 0.0101305 0.0101305 0.0202611 0.0101305 1.5
1 0.0197633 0.0197633 0.0197633 0 1.5
1 0.0193205 0.0193205 0.0193205 0 1.5
1 0.0105398 0.0105398 0.0167234 0.00618361 1.33333
1 0.00420023 0.00420023 0.00420023 0 1.33333
1 0.00153364 0.00153364 0.00153364 0 1.5
1 0.00153364 0.00153364 0.00153364 0 1.5
1 0.00141992 0.00141992 0.00141992 0 1.5

1 2.43639 2.43639 2.43639 0 1.5
9 0.203032 0.203032 0.27071 0.0676775 1.5
9 0.27071 0.27071 0.27071 0 1.5
8 0.110745 0.110745 0.291564 0.180819 1.5
8 0.0641155 0.0641155 0.288548 0.224432 1.5
8 0.128231 0.128231 0.274479 0.146248 1.5
8 0.121819 0.121819 0.274461 0.152642 1.5
7 0.187415 0.187415 0.30469 0.117276 1.5
7 0.348056 0.000208401 0.298363 0.121721 1.5
6 0.203032 0.203032 0.306968 0.103935 1.5
2 1.21819 2.56573e-05 0.60911 0.609084 1.5
1 0.331642 0.331642 0.331642 0 1.5
1 0.286498 0.286498 0.286498 0 1.5
1 0.227883 0.227883 0.227883 0 1.5
1 0.193196 0.193196 0.193196 0 1.5
1 0.169496 0.169496 0.169496 0 1.5
1 0.166211 0.166211 0.166211 0 1.5
1 0.161273 0.161273 0.161273 0 1.5
1 0.149899 0.149899 0.149899 0 1.5
1 0.137721 0.137721 0.137721 0 1.5
1 0.0970837 0.0970837 0.0970837 0 1.5
1 0.0900834 0.0900834 0.0900834 0 1.5
1 0.0546094 0.0546094 0.0851988 0.0305894 1.5
1 0.0846301 0.0846301 0.0846301 0 1.5
1 0.0677741 0.0677741 0.0677741 0 1.5
1 0.0643798 0.0643798 0.0643798 0 1.33333
1 0.0618342 0.0618342 0.0618342 0 1.5
1 0.0568136 0.0568136 0.0568136 0 1.5
1 0.0566625 0.0566625 0.0566625 0 1.5
1 0.0528025 0.0528025 0.0528025 0 1.5
1 0.0484019 0.0484019 0.0484019 0 1.5
1 0.0374111 0.0374111 0.0374111 0 1.5
1 0.0346327 0.0346327 0.0346327 0 1.5
1 0.0339457 0.0339457 0.0339457 0 1.5
1 0.0326513 0.0326513 0.0326513 0 1.5
1 0.0312875 0.0312875 0.0312875 0 1.5
1 0.031062 0.031062 0.031062 0 1.5
1 0.0308 0.0308 0.0308 0 1.5
1 0.015162 0.015162 0.0280936 0.0129315 1.5

8 0.243639 0.243639 0.304549 0.0609097 1.5
1 2.43639 2.43639 2.43639 0 1.5
8 0.101516 0.101516 0.304549 0.203032 1.5
8 0.27071 0.27071 0.304549 0.0338387 1.5
8 0.121819 0.121819 0.289607 0.167787 1.5
8 0.121819 0.121819 0.28933 0.167511 1.5
7 0.10593 0.10593 0.318952 0.213022 1.5
7 0.128231 0.128231 0.312643 0.184412 1.5
7 0.152274 0.152274 0.305799 0.153525 1.5
6 0.121819 0.121819 0.324892 0.203073 1.5
4 0.609097 0.000364702 0.456914 0.263589 1.5
1 0.331642 0.331642 0.331642 0 1.5
1 0.286498 0.286498 0.286498 0 1.5
1 0.227883 0.227883 0.227883 0 1.5
1 0.193196 0.193196 0.193196 0 1.5
1 0.169496 0.169496 0.169496 0 1.5
1 0.166211 0.166211 0.166211 0 1.5
1 0.13048 0.13048 0.16267 0.0321899 1.33333
1 0.161273 0.161273 0.161273 0 1.5
1 0.161273 0.161273 0.161273 0 1.5
1 0.0749494 0.0749494 0.149899 0.0749494 1.5
1 0.137721 0.137721 0.137721 0 1.5
1 0.109219 0.109219 0.109219 0 1.5
1 0.0970837 0.0970837 0.0970837 0 1.5
1 0.0900834 0.0900834 0.0900834 0 1.5
1 0.0846301 0.0846301 0.0846301 0 1.5
1 0.0677741 0.0677741 0.0677741 0 1.5
1 0.0618342 0.0618342 0.0618342 0 1.5
1 0.0568136 0.0568136 0.0568136 0 1.5
1 0.0561325 0.0561325 0.0561325 0 1.5
1 0.0528025 0.0528025 0.0528025 0 1.5
1 0.0484019 0.0484019 0.0484019 0 1.5
1 0.044699 0.044699 0.044699 0 1.5
1 0.0283313 0.0283313 0.0434933 0.015162 1.5
1 0.0374111 0.0374111 0.0374111 0 1.5
1 0.0346327 0.0346327 0.0346327 0 1.5
1 0.0339457 0.0339457 0.0339457 0 1.5
1 0.0326513 0.0326513 0.0326513 0 1.5
1 0.0312875 0.0312875 0.0312875 0 1.5
1 0.031062 0.031062 0.031062 0 1.5

1 2.43639 2.43639 2.43639 0 1.5
2 1.21819 1.21819 1.21819 0 1.5
7 0.348056 0.348056 0.348056 0 1.5
7 0.348056 0.348056 0.348056 0 1.5
8 0.121819 0.121819 0.289475 0.167656 1.5
8 0.135355 0.135355 0.287646 0.152292 1.33333
8 0.243639 0.243639 0.275952 0.0323133 1.5
7 0.110745 0.110745 0.301536 0.190791 1.5
7 0.135355 0.135355 0.290624 0.155269 1.5
7 0.0497222 0.0497222 0.285976 0.236253 1.5
5 0.406065 0.000243135 0.324908 0.162329 1.5
1 0.316993 0.316993 0.316993 0 1.5
1 0.286498 0.286498 0.286498 0 1.5
1 0.227883 0.227883 0.227883 0 1.5
1 0.193196 0.193196 0.193196 0 1.5
1 0.166211 0.166211 0.166211 0 1.5
1 0.161273 0.161273 0.161273 0 1.5
1 0.0806363 0.0806363 0.160971 0.0803348 1.5
1 0.149899 0.149899 0.149899 0 1.5
1 0.137721 0.137721 0.137721 0 1.5
1 0.0847481 0.0847481 0.132957 0.048209 1.5
1 0.110547 0.110547 0.111112 0.000564455 1.33333
1 0.109219 0.109219 0.109219 0 1.5
1 0.0970837 0.0970837 0.0970837 0 1.5
1 0.0403182 0.0403182 0.0912404 0.0509223 1.5
1 0.0900834 0.0900834 0.0900834 0 1.5
1 0.0846301 0.0846301 0.0846301 0 1.5
1 0.0677741 0.0677741 0.0677741 0 1.5
1 0.0618342 0.0618342 0.0618342 0 1.5
1 0.0566625 0.0566625 0.0566625 0 1.5
1 0.0561604 0.0561604 0.0561604 0 1.5
1 0.0561325 0.0561325 0.0561325 0 1.5
1 0.0528025 0.0528025 0.0528025 0 1.5
1 0.0484019 0.0484019 0.0484019 0 1.5
1 0.044699 0.044699 0.044699 0 1.5
1 0.0284068 0.0284068 0.0445047 0.0160979 1.5
1 0.0374111 0.0374111 0.0374111 0 1.5
1 0.0346327 0.0346327 0.0346327 0 1.5
1 0.0339457 0.0339457 0.0339457 0 1.5
1 0.0326513 0.0326513 0.0326513 0 1.5
1 0.0312875 0.0312875 0.0312875 0 1.5
1 0.031062 0.031062 0.031062 0 1.5
1 0.00153364 0.00153364 0.00153364 0 1.5
1 3.92607e-05 3.92607e-05 3.92607e-05 0 1.5

1 2.43639 2.43639 2.43639 0 1.5
1 2.43639 2.43639 2.43639 0 1.5
7 0.348056 0.348056 0.348056 0 1.5
8 0.174028 0.174028 0.304549 0.130521 1.5
8 0.203032 0.203032 0.304549 0.101516 1.5
7 0.348056 0.348056 0.348056 0 1.5
7 0.187415 0.187415 0.323362 0.135947 1.5
7 0.22149 0.22149 0.317251 0.0957606 1.5
7 0.0676775 0.0676775 0.300949 0.233272 1.5
7 0.0974555 0.0974555 0.292527 0.195071 1.33333
6 0.121819 0.121819 0.327092 0.205273 1.5
5 0.203032 0.203032 0.298046 0.0950135 1.5
1 0.316993 0.316993 0.316993 0 1.5
1 0.193196 0.193196 0.193196 0 1.5
1 0.0806363 0.0806363 0.161273 0.0806363 1.5
1 0.0806363 0.0806363 0.160971 0.0803348 1.5
1 0.149899 0.149899 0.149899 0 1.5
1 0.0829106 0.0829106 0.119568 0.0366574 1.5
1 0.0485418 0.0485418 0.0970837 0.0485418 1.5
1 0.0900834 0.0900834 0.0900834 0 1.5
1 0.0546094 0.0546094 0.078107 0.0234977 1.5
1 0.0564987 0.0564987 0.0749361 0.0184374 1.5
1 0.0688603 0.0688603 0.0703239 0.00146359 1.5
1 0.0677741 0.0677741 0.0677741 0 1.5
1 0.0618342 0.0618342 0.0618342 0 1.5
1 0.0330194 0.0330194 0.0610857 0.0280663 1.5
1 0.0568136 0.0568136 0.0568136 0 1.5
1 0.0566625 0.0566625 0.0566625 0 1.5
1 0.0561604 0.0561604 0.0561604 0 1.5
1 0.0528025 0.0528025 0.0528025 0 1.5
1 0.044699 0.044699 0.044699 0 1.5
1 0.0375057 0.0375057 0.0375057 0 1.5
1 0.0374111 0.0374111 0.0374111 0 1.5
1 0.0346327 0.0346327 0.0346327 0 1.5
1 0.0339457 0.0339457 0.0339457 0 1.5
1 0.0326513 0.0326513 0.0326513 0 1.5
1 0.0312875 0.0312875 0.0312875 0 1.5
1 0.031062 0.031062 0.031062 0 1.5
1 0.0193205 0.0193205 0.0193205 0 1.5
1 0.0159357 0.0159357 0.0159357 0 1.5
1 0.00153364 0.00153364 0.00153364 0 1.5
1 3.92607e-05 3.92607e-05 3.92607e-05 0 1.5

1 2.43639 2.43639 2.43639 0 1.5
3 0.81213 0.81213 0.81213 0 1.5
6 0.406065 0.406065 0.406065 0 1.5
7 0.187415 0.187415 0.348056 0.160641 1.5
7 0.304549 0.304549 0.348056 0.0435069 1.5
7 0.174028 0.174028 0.348056 0.174028 1.5
7 0.0974555 0.0974555 0.348056 0.2506 1.5
7 0.101516 0.101516 0.319749 0.218232 1.5
6 0.135355 0.135355 0.365245 0.229891 1.5
6 0.152274 0.152274 0.35689 0.204615 1.5
6 0.348056 0.348056 0.348111 5.56504e-05 1.5
5 0.143317 0.143317 0.345898 0.202581 1.5
4 0.135355 0.135355 0.345808 0.210453 1.5
1 0.331642 0.331642 0.331642 0 1.5
1 0.26395 0.26395 0.26395 0 1.5
1 0.193196 0.193196 0.193196 0 1.5
1 0.169496 0.169496 0.169496 0 1.5
1 0.166211 0.166211 0.166211 0 1.5
1 0.161273 0.161273 0.161273 0 1.5
1 0.161273 0.161273 0.161273 0 1.5
1 0.149899 0.149899 0.149899 0 1.5
1 0.114262 0.114262 0.114262 0 1.5
1 0.109219 0.109219 0.109219 0 1.5
1 0.0970837 0.0970837 0.0970837 0 1.5
1 0.0688603 0.0688603 0.0969405 0.0280802 1.5
1 0.0900834 0.0900834 0.0900834 0 1.5
1 0.0677741 0.0677741 0.0677741 0 1.5
1 0.0660388 0.0660388 0.0660388 0 1.5
1 0.0568136 0.0568136 0.0568136 0 1.5
1 0.0528025 0.0528025 0.0528025 0 1.5
1 0.044699 0.044699 0.044699 0 1.5
1 0.0405372 0.0405372 0.0405372 0 1.5
1 0.037458 0.037458 0.037458 0 1.5
1 0.0374111 0.0374111 0.0374111 0 1.5
1 0.0339457 0.0339457 0.0339457 0 1.5
1 0.0326513 0.0326513 0.0326513 0 1.5
1 0.0312875 0.0312875 0.0312875 0 1.5
1 0.031062 0.031062 0.031062 0 1.5
1 0.0251086 0.0251086 0.0251086 0 1.5
1 0.0193205 0.0193205 0.0193205 0 1.5
1 0.0159357 0.0159357 0.0159357 0 1.5
1 0.00692495 0.00692495 0.00692495 0 1.5

6 0.10593 0.10593 0.406065 0.300135 1.5
6 0.243639 0.243639 0.406065 0.162426 1.5
2 1.21819 1.21819 1.21819 0 1.5
3 0.81213 0.81213 0.81213 0 1.5
6 0.406065 0.406065 0.406065 0 1.5
6 0.406065 0.406065 0.406065 0 1.5
6 0.304549 0.304549 0.406065 0.101516 1.5
6 0.152274 0.152274 0.406065 0.25379 1.5
6 0.22149 0.22149 0.371433 0.149943 1.5
6 0.121819 0.121819 0.366562 0.244743 1.5
6 0.152274 0.152274 0.355372 0.203098 1.5
5 0.143317 0.143317 0.401375 0.258058 1.5
5 0.243639 0.243639 0.389882 0.146243 1.33333
5 0.143317 0.143317 0.37459 0.231273 1.5
1 0.331642 0.331642 0.331642 0 1.5
1 0.26395 0.26395 0.26395 0 1.5
1 0.197626 0.197626 0.197626 0 1.5
1 0.193196 0.193196 0.193196 0 1.5
1 0.169496 0.169496 0.169496 0 1.5
1 0.166211 0.166211 0.166211 0 1.5
1 0.161273 0.161273 0.161273 0 1.5
1 0.161273 0.161273 0.161273 0 1.5
1 0.0777971 0.0777971 0.155594 0.0777971 1.5
1 0.149899 0.149899 0.149899 0 1.5
1 0.137721 0.137721 0.137721 0 1.5
1 0.114262 0.114262 0.114262 0 1.5
1 0.109219 0.109219 0.109219 0 1.5
1 0.0970837 0.0970837 0.0970837 0 1.5
1 0.0900834 0.0900834 0.0900834 0 1.5
1 0.0677741 0.0677741 0.0677741 0 1.5
1 0.0660388 0.0660388 0.0660388 0 1.5
1 0.0568136 0.0568136 0.0568136 0 1.5
1 0.0528025 0.0528025 0.0528025 0 1.5
1 0.0394253 0.0394253 0.0511115 0.0116862 1.5
1 0.044699 0.044699 0.044699 0 1.5
1 0.0405372 0.0405372 0.0405372 0 1.5
1 0.037458 0.037458 0.037458 0 1.5
1 0.0374111 0.0374111 0.0374111 0 1.5
1 0.0339457 0.0339457 0.0339457 0 1.5
1 0.0326513 0.0326513 0.0326513 0 1.5
1 0.0312875 0.0312875 0.0312875 0 1.5

6 0.243639 0.243639 0.406065 0.162426 1.5
1 2.43639 2.43639 2.43639 0 1.5
1 2.43639 2.43639 2.43639 0 1.5
4 0.609097 0.609097 0.609097 0 1.5
2 1.21819 1.21819 1.21819 0 1.5
6 0.406065 0.406065 0.406065 0 1.5
6 0.348056 0.348056 0.406065 0.0580093 1.5
5 0.162426 0.162426 0.454849 0.292423 1.5
5 0.10593 0.10593 0.445024 0.339095 1.5
5 0.143317 0.143317 0.431101 0.287784 1.33333
5 0.174028 0.174028 0.417708 0.24368 1.5
5 0.128231 0.128231 0.414938 0.286707 1.5
5 0.187415 0.187415 0.413183 0.225768 1.5
5 0.187415 0.187415 0.412376 0.224962 1.5
5 0.143317 0.143317 0.403306 0.259989 1.5
2 0.487278 0.487278 0.504497 0.0172193 1.5
1 0.331642 0.331642 0.331642 0 1.5
1 0.26395 0.26395 0.26395 0 1.5
1 0.197626 0.197626 0.197626 0 1.5
1 0.193196 0.193196 0.193196 0 1.5
1 0.169496 0.169496 0.169496 0 1.5
1 0.166211 0.166211 0.166211 0 1.5
1 0.161273 0.161273 0.161273 0 1.5
1 0.161273 0.161273 0.161273 0 1.5
1 0.155594 0.155594 0.155594 0 1.5
1 0.149899 0.149899 0.149899 0 1.5
1 0.137721 0.137721 0.137721 0 1.5
1 0.114262 0.114262 0.114262 0 1.5
1 0.0780399 0.0780399 0.111927 0.033887 1.5
1 0.11075 0.11075 0.11075 0 1.33333
1 0.109219 0.109219 0.109219 0 1.5
1 0.0970837 0.0970837 0.0970837 0 1.5
1 0.0854549 0.0854549 0.0854549 0 1.5
1 0.0788507 0.0788507 0.0788507 0 1.5
1 0.0660388 0.0660388 0.0660388 0 1.5
1 0.0568136 0.0568136 0.0568136 0 1.5
1 0.0528025 0.0528025 0.0528025 0 1.5
1 0.0405372 0.0405372 0.0405372 0 1.5
1 0.0376012 0.0376012 0.0376012 0 1.5
1 0.037458 0.037458 0.037458 0 1.5
1 0.0369942 0.0369942 0.0369942 0 1.5
1 0.0339457 0.0339457 0.0339457 0 1.5
1 0.0326513 0.0326513 0.0326513 0 1.5
1 0.0312875 0.0312875 0.0312875 0 1.5
1 0.0251086 0.0251086 0.0251086 0 1.5
1 0.0159357 0.0159357 0.0159357 0 1.5
1 0.0154892 0.0154892 0.0154892 0 1.5
1 0.000677919 0.000677919 0.000677919 0 1.5
1 3.92607e-05 3.92607e-05 3.92607e-05 0 1.5

7 0.243639 0.243639 0.348056 0.104417 1.5
2 1.21819 1.21819 1.21819 0 1.5
4 0.609097 0.609097 0.609097 0 1.5
5 0.487278 0.487278 0.487278 0 1.5
7 0.27071 0.27071 0.348056 0.0773457 1.5
4 0.609097 0.609097 0.609097 0 1.5
3 0.81213 0.81213 0.81213 0 1.5
6 0.143317 0.143317 0.382179 0.238862 1.5
6 0.174028 0.174028 0.378812 0.204785 1.5
6 0.135355 0.135355 0.341231 0.205876 1.5
5 0.121819 0.121819 0.392242 0.270422 1.5
5 0.27071 0.27071 0.380678 0.109968 1.5
5 0.081213 0.081213 0.365069 0.283856 1.5
4 0.22149 0.22149 0.388336 0.166846 1.33333
1 0.26395 0.26395 0.26395 0 1.5
1 0.0988128 0.0988128 0.197626 0.0988128 1.5
1 0.193196 0.193196 0.193196 0 1.5
1 0.169496 0.169496 0.169496 0 1.5
1 0.166211 0.166211 0.166211 0 1.5
1 0.161273 0.161273 0.161273 0 1.5
1 0.155594 0.155594 0.155594 0 1.5
1 0.110547 0.110547 0.154201 0.0436539 1.5
1 0.149899 0.149899 0.149899 0 1.5
1 0.137721 0.137721 0.137721 0 1.5
1 0.109219 0.109219 0.109219 0 1.5
1 0.0970837 0.0970837 0.0970837 0 1.5
1 0.0854549 0.0854549 0.0854549 0 1.5
1 0.0788507 0.0788507 0.0788507 0 1.5
1 0.0660388 0.0660388 0.0660388 0 1.5
1 0.0646548 0.0646548 0.0646548 0 1.5
1 0.0568136 0.0568136 0.0568136 0 1.5
1 0.0528025 0.0528025 0.0528025 0 1.5
1 0.0405372 0.0405372 0.0405372 0 1.5
1 0.0376012 0.0376012 0.0376012 0 1.5
1 0.037458 0.037458 0.037458 0 1.5
1 0.0369942 0.0369942 0.0369942 0 1.5
1 0.0339457 0.0339457 0.0339457 0 1.5
1 0.0326513 0.0326513 0.0326513 0 1.5
1 0.0312875 0.0312875 0.0312875 0 1.5
1 0.0251086 0.0251086 0.0251086 0 1.5
1 0.0218699 0.0218699 0.0218699 0 1.5
1 0.0203818 0.0203818 0.0203818 0 1.5
1 0.0159357 0.0159357 0.0159357 0 1.5
1 0.00774459 0.00774459 0.0154892 0.00774459 1.5
1 0.014188 0.014188 0.014188 0 1.5
1 0.0082724 0.0082724 0.00911146 0.000839065 1.33333

3 0.81213 0.81213 0.81213 0 1.5
2 1.21819 1.21819 1.21819 0 1.5
5 0.487278 0.487278 0.487278 0 1.5
6 0.406065 0.406065 0.406065 0 1.5
6 0.174028 0.174028 0.406065 0.232037 1.5
6 0.174028 0.174028 0.406065 0.232037 1.5
6 0.187415 0.187415 0.37488 0.187465 1.5
6 0.203032 0.203032 0.37255 0.169517 1.33333
6 0.27071 0.27071 0.360996 0.0902859 1.5
6 0.143317 0.143317 0.358456 0.215139 1.5
6 0.162426 0.162426 0.353753 0.191327 1.5
5 0.187415 0.187415 0.412459 0.225045 1.5
5 0.27071 0.27071 0.379073 0.108363 1.5
5 0.116019 0.116019 0.373353 0.257335 1.5
1 0.22149 0.22149 0.695743 0.474254 1.5
1 0.331642 0.331642 0.331642 0 1.5
1 0.26395 0.26395 0.26395 0 1.5
1 0.103703 0.103703 0.203635 0.0999326 1.5
1 0.197626 0.197626 0.197626 0 1.5
1 0.193196 0.193196 0.193196 0 1.5
1 0.169496 0.169496 0.169496 0 1.5
1 0.166211 0.166211 0.166211 0 1.5
1 0.161273 0.161273 0.161273 0 1.5
1 0.156333 0.156333 0.156333 0 1.5
1 0.137721 0.137721 0.137721 0 1.5
1 0.057131 0.057131 0.114262 0.057131 1.5
1 0.109219 0.109219 0.109219 0 1.5
1 0.0995547 0.0995547 0.0995547 0 1.5
1 0.0970837 0.0970837 0.0970837 0 1.5
1 0.0854549 0.0854549 0.0854549 0 1.5
1 0.0660388 0.0660388 0.0660388 0 1.5
1 0.0646548 0.0646548 0.0646548 0 1.5
1 0.0568136 0.0568136 0.0568136 0 1.5
1 0.0528025 0.0528025 0.0528025 0 1.5
1 0.0435689 0.0435689 0.0435689 0 1.5
1 0.0405372 0.0405372 0.0405372 0 1.5
1 0.0188006 0.0188006 0.0376012 0.0188006 1.5
1 0.018729 0.018729 0.037458 0.018729 1.5
1 0.0369942 0.0369942 0.0369942 0 1.5
1 0.0339457 0.0339457 0.0339457 0 1.5
1 0.0326513 0.0326513 0.0326513 0 1.5
1 0.0312875 0.0312875 0.0312875 0 1.5

6 0.162426 0.162426 0.406065 0.243639 1.5
1 2.43639 2.43639 2.43639 0 1.5
1 2.43639 2.43639 2.43639 0 1.5
6 0.27071 0.27071 0.406065 0.135355 1.5
5 0.487278 0.487278 0.487278 0 1.5
3 0.81213 0.81213 0.81213 0 1.5
5 0.487278 0.487278 0.487278 0 1.5
6 0.406065 0.406065 0.406065 0 1.5
6 0.187415 0.187415 0.406065 0.21865 1.5
5 0.174028 0.174028 0.452532 0.278504 1.5
5 0.143317 0.143317 0.432608 0.289291 1.5
5 0.152274 0.152274 0.428249 0.275975 1.5
5 0.143317 0.143317 0.405359 0.262042 1.5
4 0.162426 0.162426 0.487677 0.325251 1.5
4 0.135355 0.135355 0.474304 0.338949 1.33333
4 0.187415 0.187415 0.427545 0.24013 1.5
1 0.331642 0.331642 0.331642 0 1.5
1 0.311109 0.311109 0.311109 0 1.5
1 0.26395 0.26395 0.26395 0 1.5
1 0.197626 0.197626 0.197626 0 1.5
1 0.169496 0.169496 0.169496 0 1.5
1 0.166211 0.166211 0.166211 0 1.5
1 0.161273 0.161273 0.161273 0 1.5
1 0.158975 0.158975 0.158975 0 1.5
1 0.156333 0.156333 0.156333 0 1.5
1 0.137721 0.137721 0.137721 0 1.5
1 0.109219 0.109219 0.109219 0 1.5
1 0.057131 0.057131 0.108158 0.0510266 1.5
1 0.0995547 0.0995547 0.0995547 0 1.5
1 0.0970837 0.0970837 0.0970837 0 1.5
1 0.0854549 0.0854549 0.0854549 0 1.5
1 0.0660388 0.0660388 0.0660388 0 1.5
1 0.0646548 0.0646548 0.0646548 0 1.5
1 0.0568136 0.0568136 0.0568136 0 1.5
1 0.0528025 0.0528025 0.0528025 0 1.5
1 0.0435689 0.0435689 0.0435689 0 1.5
1 0.0405372 0.0405372 0.0405372 0 1.5
1 0.0376012 0.0376012 0.0376012 0 1.5
1 0.037458 0.037458 0.037458 0 1.5
1 0.0369942 0.0369942 0.0369942 0 1.5
1 0.0339457 0.0339457 0.0339457 0 1.5
1 0.0312875 0.0312875 0.0312875 0 1.5
1 0.0305845 0.0305845 0.0305845 0 1.5
1 0.0239754 0.0239754 0.0239754 0 1.5
1 0.0142286 0.0142286 0.0142286 0 1.5
1 0.00692495 0.00692495 0.00692495 0 1.5

5 0.22149 0.22149 0.487278 0.265788 1.5
5 0.243639 0.243639 0.487278 0.243639 1.5
5 0.27071 0.27071 0.487278 0.216568 1.5
1 2.43639 2.43639 2.43639 0 1.5
5 0.487278 0.487278 0.487278 0 1.5
5 0.187415 0.187415 0.487278 0.299863 1.5
3 0.81213 0.81213 0.81213 0 1.5
5 0.487278 0.487278 0.487278 0 1.5
4 0.609097 0.609097 0.609097 0 1.5
4 0.609097 0.609097 0.609097 0 1.5
5 0.128231 0.128231 0.463179 0.334948 1.5
5 0.187415 0.187415 0.450003 0.262589 1.5
5 0.143317 0.143317 0.432007 0.288691 1.5
4 0.121819 0.121819 0.518635 0.396816 1.5
4 0.406065 0.406065 0.507713 0.101649 1.5
4 0.487278 0.487278 0.488807 0.00152923 1.5
4 0.174028 0.174028 0.444609 0.270581 1.5
1 0.458913 0.458913 0.458913 0 1.5
1 0.331642 0.331642 0.331642 0 1.5
1 0.311109 0.311109 0.311109 0 1.5
1 0.26395 0.26395 0.26395 0 1.5
1 0.219064 0.219064 0.219064 0 1.5
1 0.197626 0.197626 0.197626 0 1.5
1 0.169496 0.169496 0.169496 0 1.5
1 0.161273 0.161273 0.161273 0 1.5
1 0.158975 0.158975 0.158975 0 1.5
1 0.156333 0.156333 0.156333 0 1.5
1 0.137721 0.137721 0.137721 0 1.5
1 0.0554035 0.0554035 0.131532 0.0761281 1.5
1 0.114262 0.114262 0.114262 0 1.5
1 0.109219 0.109219 0.109219 0 1.5
1 0.0995547 0.0995547 0.0995547 0 1.5
1 0.0970837 0.0970837 0.0970837 0 1.5
1 0.0854549 0.0854549 0.0854549 0 1.5
1 0.0660388 0.0660388 0.0660388 0 1.5
1 0.0646548 0.0646548 0.0646548 0 1.5
1 0.0568136 0.0568136 0.0568136 0 1.5
1 0.0528025 0.0528025 0.0528025 0 1.5
1 0.0511841 0.0511841 0.0511841 0 1.5
1 0.0435689 0.0435689 0.0435689 0 1.5
1 0.0405372 0.0405372 0.0405372 0 1.5
1 0.0376012 0.0376012 0.0376012 0 1.5
1 0.037458 0.037458 0.037458 0 1.5
1 0.0369942 0.0369942 0.0369942 0 1.5
1 0.0346327 0.0346327 0.0346327 0 1.5

5 0.135355 0.135355 0.487278 0.351923 1.5
4 0.609097 0.609097 0.609097 0 1.5
4 0.609097 0.609097 0.609097 0 1.5
4 0.609097 0.609097 0.609097 0 1.5
4 0.609097 0.609097 0.609097 0 1.5
5 0.406065 0.406065 0.487278 0.081213 1.5
5 0.406065 0.406065 0.487278 0.081213 1.5
5 0.187415 0.187415 0.487278 0.299863 1.5
5 0.304549 0.304549 0.487278 0.182729 1.5
5 0.152274 0.152274 0.487278 0.335003 1.5
5 0.174028 0.174028 0.452497 0.278469 1.5
5 0.174028 0.174028 0.452477 0.278449 1.33333
5 0.22149 0.22149 0.442981 0.221491 1.5
5 0.243639 0.243639 0.438581 0.194942 1.5
4 0.27071 0.27071 0.545636 0.274926 1.5
4 0.348056 0.348056 0.522139 0.174083 1.5
4 0.243639 0.243639 0.491157 0.247518 1.5
1 0.458913 0.458913 0.458913 0 1.5
1 0.331642 0.331642 0.331642 0 1.5
1 0.311109 0.311109 0.311109 0 1.5
1 0.192601 0.192601 0.272088 0.0794873 1.5
1 0.26395 0.26395 0.26395 0 1.5
1 0.219064 0.219064 0.219064 0 1.5
1 0.197626 0.197626 0.197626 0 1.5
1 0.169496 0.169496 0.169496 0 1.5
1 0.166211 0.166211 0.166211 0 1.5
1 0.161273 0.161273 0.161273 0 1.5
1 0.156333 0.156333 0.156333 0 1.5
1 0.137721 0.137721 0.137721 0 1.5
1 0.0693121 0.0693121 0.123921 0.0546094 1.5
1 0.114262 0.114262 0.114262 0 1.5
1 0.0995547 0.0995547 0.0995547 0 1.5
1 0.0485418 0.0485418 0.0970837 0.0485418 1.5
1 0.0854549 0.0854549 0.0854549 0 1.5
1 0.0722651 0.0722651 0.0722651 0 1.5
1 0.0660388 0.0660388 0.0660388 0 1.5
1 0.0646548 0.0646548 0.0646548 0 1.5
1 0.0568136 0.0568136 0.0568136 0 1.5
1 0.0561604 0.0561604 0.0561604 0 1.5
1 0.0528025 0.0528025 0.0528025 0 1.5

5 0.135355 0.135355 0.487278 0.351923 1.5
4 0.609097 0.609097 0.609097 0 1.5
5 0.187415 0.187415 0.487278 0.299863 1.5
5 0.348056 0.348056 0.487278 0.139222 1.5
5 0.27071 0.27071 0.487278 0.216568 1.5
5 0.203032 0.203032 0.487278 0.284245 1.5
5 0.203032 0.203032 0.487278 0.284245 1.5
4 0.609097 0.609097 0.609097 0 1.5
1 2.43639 2.43639 2.43639 0 1.5
5 0.487278 0.487278 0.487278 0 1.5
5 0.487278 0.487278 0.487278 0 1.5
5 0.135355 0.135355 0.46021 0.324855 1.5
5 0.187415 0.187415 0.449817 0.262403 1.5
5 0.243639 0.243639 0.439384 0.195745 1.5
4 0.243639 0.243639 0.498378 0.254739 1.5
4 0.121819 0.121819 0.489151 0.367331 1.5
3 0.243639 0.243639 0.573891 0.330252 1.5
1 0.458913 0.458913 0.458913 0 1.5
1 0.385201 0.385201 0.385201 0 1.5
1 0.331642 0.331642 0.331642 0 1.5
1 0.311109 0.311109 0.311109 0 1.5
1 0.26395 0.26395 0.26395 0 1.5
1 0.219064 0.219064 0.219064 0 1.5
1 0.197626 0.197626 0.197626 0 1.5
1 0.169496 0.169496 0.169496 0 1.5
1 0.166211 0.166211 0.166211 0 1.5
1 0.161273 0.161273 0.161273 0 1.5
1 0.156333 0.156333 0.156333 0 1.5
1 0.083357 0.083357 0.152217 0.0688603 1.5
1 0.0693121 0.0693121 0.138624 0.0693121 1.5
1 0.114262 0.114262 0.114262 0 1.5
1 0.0995547 0.0995547 0.0995547 0 1.5
1 0.0854549 0.0854549 0.0854549 0 1.5
1 0.0722651 0.0722651 0.0722651 0 1.5
1 0.0692982 0.0692982 0.0692982 0 1.5
1 0.0660388 0.0660388 0.0660388 0 1.5
1 0.0646548 0.0646548 0.0646548 0 1.5
1 0.0568136 0.0568136 0.0568136 0 1.5
1 0.0561604 0.0561604 0.0561604 0 1.5
1 0.0528025 0.0528025 0.0528025 0 1.5
1 0.0246554 0.0246554 0.0246554 0 1.5
1 0.0197633 0.0197633 0.0197633 0 1.5
1 0.0159357 0.0159357 0.0159357 0 1.5

5 0.243639 0.243639 0.487278 0.243639 1.5
3 0.81213 0.81213 0.81213 0 1.5
5 0.487278 0.487278 0.487278 0 1.5
5 0.487278 0.487278 0.487278 0 1.5
4 0.609097 0.609097 0.609097 0 1.5
4 0.609097 0.609097 0.609097 0 1.5
5 0.152274 0.152274 0.458607 0.306333 1.33333
5 0.187415 0.187415 0.449841 0.262426 1.5
5 0.203032 0.203032 0.449174 0.246142 1.5
5 0.22149 0.22149 0.443188 0.221698 1.5
5 0.243639 0.243639 0.438553 0.194914 1.5
5 0.152274 0.152274 0.428276 0.276002 1.5
4 0.174028 0.174028 0.522426 0.348398 1.33333
4 0.174028 0.174028 0.522392 0.348364 1.5
4 0.348056 0.348056 0.522152 0.174096 1.5
4 0.348056 0.348056 0.522111 0.174056 1.5
4 0.187415 0.187415 0.4284 0.240986 1.33333
1 0.458913 0.458913 0.458913 0 1.5
1 0.385201 0.385201 0.385201 0 1.5
1 0.331642 0.331642 0.331642 0 1.5
1 0.311109 0.311109 0.311109 0 1.5
1 0.26395 0.26395 0.26395 0 1.5
1 0.219064 0.219064 0.219064 0 1.5
1 0.197626 0.197626 0.197626 0 1.5
1 0.195588 0.195588 0.195588 0 1.5
1 0.166714 0.166714 0.166714 0 1.5
1 0.166211 0.166211 0.166211 0 1.5
1 0.161273 0.161273 0.161273 0 1.5
1 0.156333 0.156333 0.156333 0 1.5
1 0.0847481 0.0847481 0.140752 0.0560036 1.5
1 0.138624 0.138624 0.138624 0 1.5
1 0.11842 0.11842 0.11842 0 1.5
1 0.114262 0.114262 0.114262 0 1.5
1 0.0995547 0.0995547 0.0995547 0 1.5
1 0.0854549 0.0854549 0.0854549 0 1.5
1 0.0722651 0.0722651 0.0722651 0 1.5
1 0.0692982 0.0692982 0.0692982 0 1.5
1 0.0660388 0.0660388 0.0660388 0 1.5
1 0.0646548 0.0646548 0.0646548 0 1.5
1 0.0568136 0.0568136 0.0568136 0 1.5
1 0.0561604 0.0561604 0.0561604 0 1.5
1 0.0528025 0.0528025 0.0528025 0 1.5

2 1.21819 1.21819 1.21819 0 1.5
5 0.487278 0.487278 0.487278 0 1.5
5 0.487278 0.487278 0.487278 0 1.5
4 0.609097 0.609097 0.609097 0 1.5
4 0.609097 0.609097 0.609097 0 1.5
4 0.609097 0.609097 0.609097 0 1.5
5 0.487278 0.487278 0.487278 0 1.5
5 0.487278 0.487278 0.487278 0 1.5
5 0.487278 0.487278 0.487278 0 1.5
5 0.487278 0.487278 0.487278 0 1.5
5 0.487278 0.487278 0.487278 0 1.5
5 0.27071 0.27071 0.433575 0.162865 1.5
5 0.0487278 0.0487278 0.400164 0.351436 1.33333
4 0.0518381 0.0518381 0.48093 0.429091 1.5
4 0.27071 0.27071 0.4798 0.20909 1.5
2 0.187415 0.187415 0.414117 0.226702 1.5
1 0.458913 0.458913 0.458913 0 1.5
1 0.385201 0.385201 0.385201 0 1.5
1 0.331642 0.331642 0.331642 0 1.5
1 0.311109 0.311109 0.311109 0 1.5
1 0.26395 0.26395 0.26395 0 1.5
1 0.219064 0.219064 0.219064 0 1.5
1 0.197626 0.197626 0.197626 0 1.5
1 0.195588 0.195588 0.195588 0 1.5
1 0.175758 0.175758 0.175758 0 1.5
1 0.169496 0.169496 0.169496 0 1.5
1 0.166714 0.166714 0.166714 0 1.5
1 0.166211 0.166211 0.166211 0 1.5
1 0.138624 0.138624 0.138624 0 1.5
1 0.0995547 0.0995547 0.0995547 0 1.5
1 0.0876175 0.0876175 0.0876175 0 1.5
1 0.0854549 0.0854549 0.0854549 0 1.5
1 0.0722651 0.0722651 0.0722651 0 1.5
1 0.0692982 0.0692982 0.0692982 0 1.5
1 0.0660388 0.0660388 0.0660388 0 1.5
1 0.0646548 0.0646548 0.0646548 0 1.5
1 0.0561604 0.0561604 0.0561604 0 1.5
1 0.0528025 0.0528025 0.0528025 0 1.5
1 0.0305845 0.0305845 0.0305845 0 1.5
1 0.000596969 0.000596969 0.000596969 0 1.5

5 0.243639 0.243639 0.487278 0.243639 1.5
4 0.609097 0.609097 0.609097 0 1.5
1 2.43639 2.43639 2.43639 0 1.5
5 0.487278 0.487278 0.487278 0 1.5
4 0.609097 0.609097 0.609097 0 1.5
4 0.609097 0.609097 0.609097 0 1.5
4 0.609097 0.609097 0.609097 0 1.5
5 0.487278 0.487278 0.487278 0 1.5
5 0.487278 0.487278 0.487278 0 1.5
5 0.487278 0.487278 0.487278 0 1.5
4 0.609097 0.609097 0.609097 0 1.5
4 0.609097 0.609097 0.609097 0 1.5
2 1.21819 1.21819 1.21819 0 1.5
4 0.0507581 0.0507581 0.497834 0.447076 1.5
4 0.054142 0.054142 0.488401 0.434259 1.33333
3 0.304549 0.304549 0.512531 0.207982 1.5
1 0.458913 0.458913 0.458913 0 1.5
1 0.385201 0.385201 0.385201 0 1.5
1 0.331642 0.331642 0.331642 0 1.5
1 0.311109 0.311109 0.311109 0 1.5
1 0.26395 0.26395 0.26395 0 1.5
1 0.219064 0.219064 0.219064 0 1.5
1 0.197626 0.197626 0.197626 0 1.5
1 0.195588 0.195588 0.195588 0 1.5
1 0.175758 0.175758 0.175758 0 1.5
1 0.169496 0.169496 0.169496 0 1.5
1 0.166714 0.166714 0.166714 0 1.5
1 0.166211 0.166211 0.166211 0 1.5
1 0.138624 0.138624 0.138624 0 1.5
1 0.0995547 0.0995547 0.0995547 0 1.5
1 0.0854549 0.0854549 0.0854549 0 1.5
1 0.0722651 0.0722651 0.0722651 0 1.5
1 0.0692982 0.0692982 0.0692982 0 1.5
1 0.0646548 0.0646548 0.0646548 0 1.5
1 0.0574228 0.0574228 0.0574228 0 1.5
1 0.0561604 0.0561604 0.0561604 0 1.5
1 0.0528025 0.0528025 0.0528025 0 1.5
1 0.0220129 0.0220129 0.0330085 0.0109956 1.5
1 0.00818282 0.00818282 0.0163656 0.00818282 1.5
1 0.0125038 0.0125038 0.0125038 0 1.5
1 0.000383409 0.000383409 0.00153364 0.00115023 1.5
1 0.000473308 0.000473308 0.00141992 0.000946616 1.5
1 0.00010178 0.00010178 0.00010178 0 1.5

3 0.81213 0.81213 0.81213 0 1.5
1 2.43639 2.43639 2.43639 0 1.5
5 0.487278 0.487278 0.487278 0 1.5
4 0.609097 0.609097 0.609097 0 1.5
4 0.609097 0.609097 0.609097 0 1.5
4 0.609097 0.609097 0.609097 0 1.5
5 0.487278 0.487278 0.487278 0 1.5
5 0.487278 0.487278 0.487278 0 1.5
5 0.487278 0.487278 0.487278 0 1.5
4 0.609097 0.609097 0.609097 0 1.5
4 0.609097 0.609097 0.609097 0 1.5
2 1.21819 1.21819 1.21819 0 1.5
4 0.609097 0.609097 0.609097 0 1.5
5 0.0518381 0.0518381 0.466555 0.414717 1.5
5 0.0497222 0.0497222 0.447515 0.397793 1.5
3 0.348056 0.348056 0.49529 0.147234 1.33333
1 0.458913 0.458913 0.458913 0 1.5
1 0.385201 0.385201 0.385201 0 1.5
1 0.331642 0.331642 0.331642 0 1.5
1 0.227883 0.227883 0.227883 0 1.5
1 0.219064 0.219064 0.219064 0 1.5
1 0.197626 0.197626 0.197626 0 1.5
1 0.0977941 0.0977941 0.195588 0.0977941 1.5
1 0.175758 0.175758 0.175758 0 1.5
1 0.169496 0.169496 0.169496 0 1.5
1 0.166714 0.166714 0.166714 0 1.5
1 0.166211 0.166211 0.166211 0 1.5
1 0.131975 0.131975 0.150318 0.0183432 1.33333
1 0.118276 0.118276 0.118276 0 1.5
1 0.0995547 0.0995547 0.0995547 0 1.5
1 0.0854549 0.0854549 0.0854549 0 1.5
1 0.0722651 0.0722651 0.0722651 0 1.5
1 0.0692982 0.0692982 0.0692982 0 1.5
1 0.0330194 0.0330194 0.0653468 0.0323274 1.5
1 0.0574228 0.0574228 0.0574228 0 1.5
1 0.0561604 0.0561604 0.0561604 0 1.5
1 0.0528025 0.0528025 0.0528025 0 1.5
1 0.0375914 0.0375914 0.0375914 0 1.5
1 0.0219568 0.0219568 0.0219568 0 1.5
1 0.0163656 0.0163656 0.0163656 0 1.5
1 0.0125038 0.0125038 0.0125038 0 1.5
1 0.00853928 0.00853928 0.00978795 0.00124867 1.5
1 0.00205806 0.00205806 0.00823224 0.00617418 1.5
1 0.00153364 0.00153364 0.00153364 0 1.5
1 0.00141992 0.00141992 0.00141992 0 1.5
1 0.00010178 0.00010178 0.00010178 0 1.5

3 0.81213 0.81213 0.81213 0 1.5
5 0.487278 0.487278 0.487278 0 1.5
5 0.487278 0.487278 0.487278 0 1.5
4 0.609097 0.609097 0.609097 0 1.5
4 0.609097 0.609097 0.609097 0 1.5
4 0.609097 0.609097 0.609097 0 1.5
5 0.487278 0.487278 0.487278 0 1.5
5 0.487278 0.487278 0.487278 0 1.5
5 0.487278 0.487278 0.487278 0 1.5
4 0.609097 0.609097 0.609097 0 1.5
4 0.609097 0.609097 0.609097 0 1.5
2 1.21819 1.21819 1.21819 0 1.5
4 0.609097 0.609097 0.609097 0 1.5
5 0.487278 0.487278 0.487278 0 1.5
5 0.0641155 0.0641155 0.436198 0.372083 1.33333
4 0.054142 0.054142 0.488429 0.434287 1.5
1 0.458913 0.458913 0.458913 0 1.5
1 0.385201 0.385201 0.385201 0 1.5
1 0.331642 0.331642 0.331642 0 1.5
1 0.26395 0.26395 0.26395 0 1.5
1 0.227883 0.227883 0.227883 0 1.5
1 0.219064 0.219064 0.219064 0 1.5
1 0.197626 0.197626 0.197626 0 1.5
1 0.195588 0.195588 0.195588 0 1.5
1 0.0878791 0.0878791 0.175758 0.0878791 1.5
1 0.169496 0.169496 0.169496 0 1.5
1 0.166211 0.166211 0.166211 0 1.5
1 0.083357 0.083357 0.151117 0.06776 1.33333
1 0.0679719 0.0679719 0.135944 0.0679719 1.5
1 0.0995547 0.0995547 0.0995547 0 1.5
1 0.0326918 0.0326918 0.0980755 0.0653837 1.5
1 0.0854549 0.0854549 0.0854549 0 1.5
1 0.0722651 0.0722651 0.0722651 0 1.5
1 0.0692982 0.0692982 0.0692982 0 1.5
1 0.0660388 0.0660388 0.0660388 0 1.5
1 0.0591379 0.0591379 0.0591544 1.6474e-05 1.33333
1 0.0574228 0.0574228 0.0574228 0 1.5
1 0.0567275 0.0567275 0.0567275 0 1.5
1 0.0561604 0.0561604 0.0561604 0 1.5
1 0.0528025 0.0528025 0.0528025 0 1.5
1 0.0375914 0.0375914 0.0375914 0 1.5
1 0.0125179 0.0125179 0.0375538 0.0250359 1.5
1 0.0185614 0.0185614 0.0371227 0.0185614 1.5
1 0.0305845 0.0305845 0.0305845 0 1.5
1 0.0219568 0.0219568 0.0219568 0 1.5
1 0.010935 0.010935 0.0218699 0.010935 1.5
1 0.0170786 0.0170786 0.0170786 0 1.5
1 0.0168892 0.0168892 0.0168892 0 1.5
1 0.0163656 0.0163656 0.0163656 0 1.5

4 0.609097 0.609097 0.609097 0 1.5
5 0.487278 0.487278 0.487278 0 1.5
4 0.609097 0.609097 0.609097 0 1.5
5 0.487278 0.487278 0.487278 0 1.5
4 0.609097 0.609097 0.609097 0 1.5
5 0.487278 0.487278 0.487278 0 1.5
5 0.487278 0.487278 0.487278 0 1.5
5 0.487278 0.487278 0.487278 0 1.5
4 0.609097 0.609097 0.609097 0 1.5
4 0.609097 0.609097 0.609097 0 1.5
2 1.21819 1.21819 1.21819 0 1.5
4 0.609097 0.609097 0.609097 0 1.5
5 0.487278 0.487278 0.487278 0 1.5
5 0.0518381 0.0518381 0.435916 0.384078 1.5
4 0.052965 0.052965 0.479274 0.426309 1.5
3 0.348056 0.348056 0.467301 0.119246 1.5
1 0.458913 0.458913 0.458913 0 1.5
1 0.385201 0.385201 0.385201 0 1.5
1 0.331642 0.331642 0.331642 0 1.5
1 0.26395 0.26395 0.26395 0 1.5
1 0.227883 0.227883 0.227883 0 1.5
1 0.219064 0.219064 0.219064 0 1.5
1 0.197626 0.197626 0.197626 0 1.5
1 0.195588 0.195588 0.195588 0 1.5
1 0.180182 0.180182 0.180182 0 1.5
1 0.175758 0.175758 0.175758 0 1.5
1 0.169496 0.169496 0.169496 0 1.5
1 0.166211 0.166211 0.166211 0 1.5
1 0.138624 0.138624 0.138624 0 1.5
1 0.135944 0.135944 0.135944 0 1.5
1 0.083357 0.083357 0.133134 0.0497773 1.5
1 0.118276 0.118276 0.118276 0 1.5
1 0.0980755 0.0980755 0.0980755 0 1.5
1 0.0854549 0.0854549 0.0854549 0 1.5
1 0.0722651 0.0722651 0.0722651 0 1.5
1 0.0692982 0.0692982 0.0692982 0 1.5
1 0.0660388 0.0660388 0.0660388 0 1.5
1 0.0574228 0.0574228 0.0574228 0 1.5
1 0.0567275 0.0567275 0.0567275 0 1.5
1 0.0561604 0.0561604 0.0561604 0 1.5
1 0.0528025 0.0528025 0.0528025 0 1.5
1 0.0376012 0.0376012 0.0376012 0 1.5
1 0.0375914 0.0375914 0.0375914 0 1.5
1 0.0375538 0.0375538 0.0375538 0 1.5
1 0.0312875 0.0312875 0.0312875 0 1.5
1 0.0219568 0.0219568 0.0219568 0 1.5
1 0.0218699 0.0218699 0.0218699 0 1.5
1 0.0205674 0.0205674 0.0205674 0 1.5
1 0.0170786 0.0170786 0.0170786 0 1.5

3 0.81213 0.81213 0.81213 0 1.5
4 0.609097 0.609097 0.609097 0 1.5
5 0.487278 0.487278 0.487278 0 1.5
4 0.609097 0.609097 0.609097 0 1.5
5 0.487278 0.487278 0.487278 0 1.5
5 0.487278 0.487278 0.487278 0 1.5
5 0.487278 0.487278 0.487278 0 1.5
4 0.609097 0.609097 0.609097 0 1.5
4 0.609097 0.609097 0.609097 0 1.5
2 1.21819 1.21819 1.21819 0 1.5
4 0.609097 0.609097 0.609097 0 1.5
5 0.487278 0.487278 0.487278 0 1.5
5 0.487278 0.487278 0.487278 0 1.5
4 0.609097 0.609097 0.609097 0 1.5
5 0.0566602 0.0566602 0.475962 0.419302 1.5
4 0.0435069 0.0435069 0.501051 0.457544 1.5
1 0.458913 0.458913 0.458913 0 1.5
1 0.385201 0.385201 0.385201 0 1.5
1 0.331642 0.331642 0.331642 0 1.5
1 0.279743 0.279743 0.279743 0 1.5
1 0.26395 0.26395 0.26395 0 1.5
1 0.227883 0.227883 0.227883 0 1.5
1 0.219064 0.219064 0.219064 0 1.5
1 0.0989846 0.0989846 0.197969 0.0989846 1.5
1 0.197626 0.197626 0.197626 0 1.5
1 0.195588 0.195588 0.195588 0 1.5
1 0.180182 0.180182 0.180182 0 1.5
1 0.175758 0.175758 0.175758 0 1.5
1 0.169496 0.169496 0.169496 0 1.5
1 0.166714 0.166714 0.166714 0 1.5
1 0.166211 0.166211 0.166211 0 1.5
1 0.138624 0.138624 0.138624 0 1.5
1 0.135944 0.135944 0.135944 0 1.5
1 0.118276 0.118276 0.118276 0 1.5
1 0.0980755 0.0980755 0.0980755 0 1.5
1 0.0686304 0.0686304 0.0902213 0.0215908 1.33333
1 0.0854549 0.0854549 0.0854549 0 1.5
1 0.0722651 0.0722651 0.0722651 0 1.5
1 0.0692982 0.0692982 0.0692982 0 1.5
1 0.0660388 0.0660388 0.0660388 0 1.5
1 0.0574228 0.0574228 0.0574228 0 1.5
1 0.0567275 0.0567275 0.0567275 0 1.5
1 0.0561604 0.0561604 0.0561604 0 1.5
1 0.0528025 0.0528025 0.0528025 0 1.5
1 0.0376012 0.0376012 0.0376012 0 1.5
1 0.0375914 0.0375914 0.0375914 0 1.5
1 0.0312875 0.0312875 0.0312875 0 1.5
1 0.0187769 0.0187769 0.0294336 0.0106567 1.5
1 0.0123277 0.0123277 0.0246554 0.0123277 1.5

1 2.43639 2.43639 2.43639 0 1.5
4 0.609097 0.609097 0.609097 0 1.5
5 0.487278 0.487278 0.487278 0 1.5
4 0.609097 0.609097 0.609097 0 1.5
5 0.487278 0.487278 0.487278 0 1.5
5 0.487278 0.487278 0.487278 0 1.5
4 0.609097 0.609097 0.609097 0 1.5
2 1.21819 1.21819 1.21819 0 1.5
4 0.609097 0.609097 0.609097 0 1.5
4 0.609097 0.609097 0.609097 0 1.5
5 0.487278 0.487278 0.487278 0 1.5
5 0.487278 0.487278 0.487278 0 1.5
5 0.487278 0.487278 0.487278 0 1.5
4 0.609097 0.609097 0.609097 0 1.5
3 0.81213 0.81213 0.81213 0 1.5
4 0.0468536 0.0468536 0.574358 0.527504 1.5
4 0.0518381 0.0518381 0.53219 0.480352 1.5
1 0.458913 0.458913 0.458913 0 1.5
1 0.385201 0.385201 0.385201 0 1.5
1 0.331642 0.331642 0.331642 0 1.5
1 0.279743 0.279743 0.279743 0 1.5
1 0.26395 0.26395 0.26395 0 1.5
1 0.227883 0.227883 0.227883 0 1.5
1 0.219064 0.219064 0.219064 0 1.5
1 0.197969 0.197969 0.197969 0 1.5
1 0.197626 0.197626 0.197626 0 1.5
1 0.195588 0.195588 0.195588 0 1.5
1 0.180182 0.180182 0.180182 0 1.5
1 0.169496 0.169496 0.169496 0 1.5
1 0.0555713 0.0555713 0.166714 0.111143 1.5
1 0.166211 0.166211 0.166211 0 1.5
1 0.138624 0.138624 0.138624 0 1.5
1 0.137261 0.137261 0.137261 0 1.33333
1 0.135944 0.135944 0.135944 0 1.5
1 0.118276 0.118276 0.118276 0 1.5
1 0.109219 0.109219 0.109219 0 1.5
1 0.0980755 0.0980755 0.0980755 0 1.5
1 0.0878791 0.0878791 0.088098 0.000218837 1.33333
1 0.0854549 0.0854549 0.0854549 0 1.5
1 0.0722651 0.0722651 0.0722651 0 1.5
1 0.0692982 0.0692982 0.0692982 0 1.5
1 0.0660388 0.0660388 0.0660388 0 1.5
1 0.0574228 0.0574228 0.0574228 0 1.5
1 0.0567275 0.0567275 0.0567275 0 1.5
1 0.0561604 0.0561604 0.0561604 0 1.5
1 0.0528025 0.0528025 0.0528025 0 1.5
1 0.0376012 0.0376012 0.0376012 0 1.5
1 0.0375914 0.0375914 0.0375914 0 1.5
1 0.0375538 0.0375538 0.0375538 0 1.5
1 0.0185614 0.0185614 0.0371227 0.0185614 1.5

4 0.609097 0.609097 0.609097 0 1.5
5 0.487278 0.487278 0.487278 0 1.5
4 0.609097 0.609097 0.609097 0 1.5
5 0.487278 0.487278 0.487278 0 1.5
5 0.487278 0.487278 0.487278 0 1.5
4 0.609097 0.609097 0.609097 0 1.5
2 1.21819 1.21819 1.21819 0 1.5
4 0.609097 0.609097 0.609097 0 1.5
4 0.609097 0.609097 0.609097 0 1.5
5 0.487278 0.487278 0.487278 0 1.5
5 0.487278 0.487278 0.487278 0 1.5
5 0.487278 0.487278 0.487278 0 1.5
4 0.609097 0.609097 0.609097 0 1.5
4 0.609097 0.609097 0.609097 0 1.5
4 0.0497222 0.0497222 0.497788 0.448066 1.5
4 0.052965 0.052965 0.486046 0.433081 1.5
1 0.458913 0.458913 0.458913 0 1.5
1 0.385201 0.385201 0.385201 0 1.5
1 0.331642 0.331642 0.331642 0 1.5
1 0.26395 0.26395 0.26395 0 1.5
1 0.227883 0.227883 0.227883 0 1.5
1 0.219064 0.219064 0.219064 0 1.5
1 0.197969 0.197969 0.197969 0 1.5
1 0.197626 0.197626 0.197626 0 1.5
1 0.195588 0.195588 0.195588 0 1.5
1 0.180182 0.180182 0.180182 0 1.5
1 0.175758 0.175758 0.175758 0 1.5
1 0.169496 0.169496 0.169496 0 1.5
1 0.166714 0.166714 0.166714 0 1.5
1 0.166211 0.166211 0.166211 0 1.5
1 0.150869 0.150869 0.155236 0.00436643 1.5
1 0.138624 0.138624 0.138624 0 1.5
1 0.135944 0.135944 0.135944 0 1.5
1 0.118276 0.118276 0.118276 0 1.5
1 0.117824 0.117824 0.117824 0 1.5
1 0.109219 0.109219 0.109219 0 1.5
1 0.0980755 0.0980755 0.0980755 0 1.5
1 0.0854549 0.0854549 0.0854549 0 1.5
1 0.0722651 0.0722651 0.0722651 0 1.5
1 0.0457536 0.0457536 0.0721749 0.0264213 1.33333
1 0.0692982 0.0692982 0.0692982 0 1.5
1 0.0660388 0.0660388 0.0660388 0 1.5
1 0.0574228 0.0574228 0.0574228 0 1.5
1 0.0567275 0.0567275 0.0567275 0 1.5
1 0.0561604 0.0561604 0.0561604 0 1.5
1 0.0528025 0.0528025 0.0528025 0 1.5
1 0.0417645 0.0417645 0.0417645 0 1.5
1 0.0376012 0.0376012 0.0376012 0 1.5
1 0.0375914 0.0375914 0.0375914 0 1.5

4 0.609097 0.609097 0.609097 0 1.5
4 0.609097 0.609097 0.609097 0 1.5
5 0.487278 0.487278 0.487278 0 1.5
5 0.487278 0.487278 0.487278 0 1.5
4 0.609097 0.609097 0.609097 0 1.5
2 1.21819 1.21819 1.21819 0 1.5
4 0.609097 0.609097 0.609097 0 1.5
4 0.609097 0.609097 0.609097 0 1.5
5 0.487278 0.487278 0.487278 0 1.5
5 0.487278 0.487278 0.487278 0 1.5
5 0.487278 0.487278 0.487278 0 1.5
4 0.609097 0.609097 0.609097 0 1.5
4 0.609097 0.609097 0.609097 0 1.5
4 0.609097 0.609097 0.609097 0 1.5
4 0.0420067 0.0420067 0.538494 0.496487 1.5
4 0.0658483 0.0658483 0.511685 0.445836 1.5
1 0.458913 0.458913 0.458913 0 1.5
1 0.385201 0.385201 0.385201 0 1.5
1 0.331642 0.331642 0.331642 0 1.5
1 0.301739 0.301739 0.301739 0 1.5
1 0.26395 0.26395 0.26395 0 1.5
1 0.227883 0.227883 0.227883 0 1.5
1 0.219064 0.219064 0.219064 0 1.5
1 0.20639 0.20639 0.20639 0 1.5
1 0.197969 0.197969 0.197969 0 1.5
1 0.197626 0.197626 0.197626 0 1.5
1 0.195588 0.195588 0.195588 0 1.5
1 0.180182 0.180182 0.180182 0 1.5
1 0.0585861 0.0585861 0.175758 0.117172 1.5
1 0.169496 0.169496 0.169496 0 1.5
1 0.166714 0.166714 0.166714 0 1.5
1 0.166211 0.166211 0.166211 0 1.5
1 0.138624 0.138624 0.138624 0 1.5
1 0.137261 0.137261 0.137261 0 1.33333
1 0.0453146 0.0453146 0.13498 0.0896652 1.5
1 0.118276 0.118276 0.118276 0 1.5
1 0.117824 0.117824 0.117824 0 1.5
1 0.109219 0.109219 0.109219 0 1.5
1 0.103247 0.103247 0.103247 0 1.5
1 0.100153 0.100153 0.100153 0 1.5
1 0.0980755 0.0980755 0.0980755 0 1.5
1 0.0876175 0.0876175 0.0876175 0 1.5
1 0.0854549 0.0854549 0.0854549 0 1.5
1 0.0722651 0.0722651 0.0722651 0 1.5
1 0.0692982 0.0692982 0.0692982 0 1.5
1 0.0660388 0.0660388 0.0660388 0 1.5
1 0.0574228 0.0574228 0.0574228 0 1.5
1 0.0567275 0.0567275 0.0567275 0 1.5
1 0.0561604 0.0561604 0.0561604 0 1.5
1 0.0528025 0.0528025 0.0528025 0 1.5

4 0.609097 0.609097 0.609097 0 1.5
4 0.609097 0.609097 0.609097 0 1.5
5 0.487278 0.487278 0.487278 0 1.5
5 0.487278 0.487278 0.487278 0 1.5
4 0.609097 0.609097 0.609097 0 1.5
2 1.21819 1.21819 1.21819 0 1.5
4 0.609097 0.609097 0.609097 0 1.5
4 0.609097 0.609097 0.609097 0 1.5
5 0.487278 0.487278 0.487278 0 1.5
5 0.487278 0.487278 0.487278 0 1.5
5 0.487278 0.487278 0.487278 0 1.5
4 0.609097 0.609097 0.609097 0 1.5
4 0.609097 0.609097 0.609097 0 1.5
4 0.609097 0.609097 0.609097 0 1.5
4 0.0658483 0.0658483 0.549369 0.48352 1.5
4 0.0427437 0.0427437 0.49277 0.450026 1.5
1 0.458913 0.458913 0.458913 0 1.5
1 0.385201 0.385201 0.385201 0 1.5
1 0.331642 0.331642 0.331642 0 1.5
1 0.311109 0.311109 0.311109 0 1.5
1 0.301739 0.301739 0.301739 0 1.5
1 0.26395 0.26395 0.26395 0 1.5
1 0.227883 0.227883 0.227883 0 1.5
1 0.219064 0.219064 0.219064 0 1.5
1 0.20639 0.20639 0.20639 0 1.5
1 0.197969 0.197969 0.197969 0 1.5
1 0.197626 0.197626 0.197626 0 1.5
1 0.195588 0.195588 0.195588 0 1.5
1 0.0600607 0.0600607 0.180182 0.120121 1.5
1 0.175758 0.175758 0.175758 0 1.5
1 0.169496 0.169496 0.169496 0 1.5
1 0.166714 0.166714 0.166714 0 1.5
1 0.166211 0.166211 0.166211 0 1.5
1 0.138624 0.138624 0.138624 0 1.5
1 0.137261 0.137261 0.137261 0 1.33333
1 0.135944 0.135944 0.135944 0 1.5
1 0.0768756 0.0768756 0.135787 0.0589119 1.5
1 0.118276 0.118276 0.118276 0 1.5
1 0.109219 0.109219 0.109219 0 1.5
1 0.103247 0.103247 0.103247 0 1.5
1 0.102639 0.102639 0.102639 0 1.5
1 0.100153 0.100153 0.100153 0 1.5
1 0.0980755 0.0980755 0.0980755 0 1.5
1 0.0303687 0.0303687 0.0911062 0.0607375 1.5
1 0.0876175 0.0876175 0.0876175 0 1.5
1 0.0854549 0.0854549 0.0854549 0 1.5
1 0.0722651 0.0722651 0.0722651 0 1.5
1 0.0692982 0.0692982 0.0692982 0 1.5
1 0.0660388 0.0660388 0.0660388 0 1.5
1 0.0574228 0.0574228 0.0574228 0 1.5

4 0.609097 0.609097 0.609097 0 1.5
5 0.487278 0.487278 0.487278 0 1.5
5 0.487278 0.487278 0.487278 0 1.5
4 0.609097 0.609097 0.609097 0 1.5
2 1.21819 1.21819 1.21819 0 1.5
4 0.609097 0.609097 0.609097 0 1.5
4 0.609097 0.609097 0.609097 0 1.5
5 0.487278 0.487278 0.487278 0 1.5
5 0.487278 0.487278 0.487278 0 1.5
5 0.487278 0.487278 0.487278 0 1.5
4 0.609097 0.609097 0.609097 0 1.5
4 0.609097 0.609097 0.609097 0 1.5
4 0.609097 0.609097 0.609097 0 1.5
4 0.609097 0.609097 0.609097 0 1.5
4 0.052965 0.052965 0.560667 0.507702 1.33333
4 0.0566602 0.0566602 0.524412 0.467752 1.5
1 0.458913 0.458913 0.458913 0 1.5
1 0.385201 0.385201 0.385201 0 1.5
1 0.356148 0.356148 0.356148 0 1.5
1 0.331642 0.331642 0.331642 0 1.5
1 0.311109 0.311109 0.311109 0 1.5
1 0.279743 0.279743 0.279743 0 1.5
1 0.26395 0.26395 0.26395 0 1.5
1 0.227883 0.227883 0.227883 0 1.5
1 0.219064 0.219064 0.219064 0 1.5
1 0.20639 0.20639 0.20639 0 1.5
1 0.197969 0.197969 0.197969 0 1.5
1 0.197626 0.197626 0.197626 0 1.5
1 0.195588 0.195588 0.195588 0 1.5
1 0.180182 0.180182 0.180182 0 1.5
1 0.0878791 0.0878791 0.175758 0.0878791 1.5
1 0.169496 0.169496 0.169496 0 1.5
1 0.166714 0.166714 0.166714 0 1.5
1 0.166211 0.166211 0.166211 0 1.5
1 0.153751 0.153751 0.153751 0 1.5
1 0.138624 0.138624 0.138624 0 1.5
1 0.137261 0.137261 0.137261 0 1.33333
1 0.0453161 0.0453161 0.135948 0.0906323 1.5
1 0.0679719 0.0679719 0.135944 0.0679719 1.5
1 0.118276 0.118276 0.118276 0 1.5
1 0.109219 0.109219 0.109219 0 1.5
1 0.0344156 0.0344156 0.103247 0.0688311 1.5
1 0.102639 0.102639 0.102639 0 1.5
1 0.100153 0.100153 0.100153 0 1.5
1 0.0980755 0.0980755 0.0980755 0 1.5
1 0.0911062 0.0911062 0.0911062 0 1.5
1 0.0292058 0.0292058 0.0876175 0.0584117 1.5
1 0.0854549 0.0854549 0.0854549 0 1.5
1 0.0722651 0.0722651 0.0722651 0 1.5
1 0.0692982 0.0692982 0.0692982 0 1.5

4 0.609097 0.609097 0.609097 0 1.5
5 0.487278 0.487278 0.487278 0 1.5
4 0.609097 0.609097 0.609097 0 1.5
2 1.21819 1.21819 1.21819 0 1.5
4 0.609097 0.609097 0.609097 0 1.5
4 0.609097 0.609097 0.609097 0 1.5
5 0.487278 0.487278 0.487278 0 1.5
5 0.487278 0.487278 0.487278 0 1.5
5 0.487278 0.487278 0.487278 0 1.5
4 0.609097 0.609097 0.609097 0 1.5
4 0.609097 0.609097 0.609097 0 1.5
4 0.609097 0.609097 0.609097 0 1.5
4 0.609097 0.609097 0.609097 0 1.5
5 0.0487278 0.0487278 0.448558 0.39983 1.5
4 0.0487278 0.0487278 0.538059 0.489331 1.5
3 0.406065 0.406065 0.554708 0.148644 1.5
1 0.458913 0.458913 0.458913 0 1.5
1 0.385201 0.385201 0.385201 0 1.5
1 0.356148 0.356148 0.356148 0 1.5
1 0.331642 0.331642 0.331642 0 1.5
1 0.311109 0.311109 0.311109 0 1.5
1 0.301739 0.301739 0.301739 0 1.5
1 0.26395 0.26395 0.26395 0 1.5
1 0.227883 0.227883 0.227883 0 1.5
1 0.219064 0.219064 0.219064 0 1.5
1 0.20639 0.20639 0.20639 0 1.5
1 0.197969 0.197969 0.197969 0 1.5
1 0.197626 0.197626 0.197626 0 1.5
1 0.195588 0.195588 0.195588 0 1.5
1 0.090091 0.090091 0.180182 0.090091 1.5
1 0.175758 0.175758 0.175758 0 1.5
1 0.169496 0.169496 0.169496 0 1.5
1 0.166714 0.166714 0.166714 0 1.5
1 0.166211 0.166211 0.166211 0 1.5
1 0.153751 0.153751 0.153751 0 1.5
1 0.138624 0.138624 0.138624 0 1.5
1 0.137261 0.137261 0.137261 0 1.33333
1 0.135944 0.135944 0.135944 0 1.5
1 0.118276 0.118276 0.118276 0 1.5
1 0.109219 0.109219 0.109219 0 1.5
1 0.053694 0.053694 0.107388 0.053694 1.5
1 0.102639 0.102639 0.102639 0 1.5
1 0.100153 0.100153 0.100153 0 1.5
1 0.0980755 0.0980755 0.0980755 0 1.5
1 0.0911062 0.0911062 0.0911062 0 1.5
1 0.0876175 0.0876175 0.0876175 0 1.5
1 0.0854549 0.0854549 0.0854549 0 1.5
1 0.0722651 0.0722651 0.0722651 0 1.5
1 0.0692982 0.0692982 0.0692982 0 1.5
1 0.0156438 0.0156438 0.0312875 0.0156438 1.5
1 0.0241788 0.0241788 0.0241788 0 1.5

3 0.81213 0.81213 0.81213 0 1.5
4 0.609097 0.609097 0.609097 0 1.5
4 0.609097 0.609097 0.609097 0 1.5
2 1.21819 1.21819 1.21819 0 1.5
4 0.609097 0.609097 0.609097 0 1.5
4 0.609097 0.609097 0.609097 0 1.5
5 0.487278 0.487278 0.487278 0 1.5
5 0.487278 0.487278 0.487278 0 1.5
5 0.487278 0.487278 0.487278 0 1.5
4 0.609097 0.609097 0.609097 0 1.5
4 0.609097 0.609097 0.609097 0 1.5
4 0.609097 0.609097 0.609097 0 1.5
4 0.609097 0.609097 0.609097 0 1.5
5 0.487278 0.487278 0.487278 0 1.5
5 0.0566602 0.0566602 0.464724 0.408064 1.5
4 0.0427437 0.0427437 0.514348 0.471605 1.5
1 0.458913 0.458913 0.458913 0 1.5
1 0.385201 0.385201 0.385201 0 1.5
1 0.356148 0.356148 0.356148 0 1.5
1 0.331642 0.331642 0.331642 0 1.5
1 0.311109 0.311109 0.311109 0 1.5
1 0.279743 0.279743 0.279743 0 1.5
1 0.26395 0.26395 0.26395 0 1.5
1 0.219064 0.219064 0.219064 0 1.5
1 0.197969 0.197969 0.197969 0 1.5
1 0.197626 0.197626 0.197626 0 1.5
1 0.195588 0.195588 0.195588 0 1.5
1 0.180182 0.180182 0.180182 0 1.5
1 0.175758 0.175758 0.175758 0 1.5
1 0.169496 0.169496 0.169496 0 1.5
1 0.083357 0.083357 0.166714 0.083357 1.5
1 0.166211 0.166211 0.166211 0 1.5
1 0.166211 0.166211 0.166211 0 1.5
1 0.153751 0.153751 0.153751 0 1.5
1 0.138624 0.138624 0.138624 0 1.5
1 0.137261 0.137261 0.137261 0 1.33333
1 0.0679719 0.0679719 0.135944 0.0679719 1.5
1 0.113941 0.113941 0.124629 0.0106874 1.5
1 0.118276 0.118276 0.118276 0 1.5
1 0.103195 0.103195 0.115982 0.0127868 1.33333
1 0.109219 0.109219 0.109219 0 1.5
1 0.107388 0.107388 0.107388 0 1.5
1 0.102639 0.102639 0.102639 0 1.5
1 0.100153 0.100153 0.100153 0 1.5
1 0.0980755 0.0980755 0.0980755 0 1.5
1 0.0911062 0.0911062 0.0911062 0 1.5
1 0.0876175 0.0876175 0.0876175 0 1.5
1 0.0854549 0.0854549 0.0854549 0 1.5
1 0.0722651 0.0722651 0.0722651 0 1.5
1 0.0692982 0.0692982 0.0692982 0 1.5
1 0.0185614 0.0185614 0.0371227 0.0185614 1.5

1 2.43639 2.43639 2.43639 0 1.5
4 0.609097 0.609097 0.609097 0 1.5
5 0.487278 0.487278 0.487278 0 1.5
5 0.487278 0.487278 0.487278 0 1.5
4 0.609097 0.609097 0.609097 0 1.5
4 0.609097 0.609097 0.609097 0 1.5
4 0.609097 0.609097 0.609097 0 1.5
5 0.487278 0.487278 0.487278 0 1.5
5 0.487278 0.487278 0.487278 0 1.5
5 0.487278 0.487278 0.487278 0 1.5
1 2.43639 2.43639 2.43639 0 1.5
4 0.609097 0.609097 0.609097 0 1.5
4 0.609097 0.609097 0.609097 0 1.5
4 0.0507581 0.0507581 0.534694 0.483936 1.5
4 0.052965 0.052965 0.503294 0.450329 1.5
3 0.81213 0.0503099 0.55819 0.359125 1.33333
3 0.348056 0.348056 0.464853 0.116797 1.5
1 0.458913 0.458913 0.458913 0 1.5
1 0.385201 0.385201 0.385201 0 1.5
1 0.356148 0.356148 0.356148 0 1.5
1 0.331642 0.331642 0.331642 0 1.5
1 0.311109 0.311109 0.311109 0 1.5
1 0.301739 0.301739 0.301739 0 1.5
1 0.26395 0.26395 0.26395 0 1.5
1 0.227883 0.227883 0.227883 0 1.5
1 0.219064 0.219064 0.219064 0 1.5
1 0.20639 0.20639 0.20639 0 1.5
1 0.197969 0.197969 0.197969 0 1.5
1 0.197626 0.197626 0.197626 0 1.5
1 0.195588 0.195588 0.195588 0 1.5
1 0.090091 0.090091 0.180182 0.090091 1.5
1 0.175758 0.175758 0.175758 0 1.5
1 0.169496 0.169496 0.169496 0 1.5
1 0.166714 0.166714 0.166714 0 1.5
1 0.166211 0.166211 0.166211 0 1.5
1 0.166211 0.166211 0.166211 0 1.5
1 0.153751 0.153751 0.153751 0 1.5
1 0.138624 0.138624 0.138624 0 1.5
1 0.137261 0.137261 0.137261 0 1.33333
1 0.135944 0.135944 0.135944 0 1.5
1 0.118276 0.118276 0.118276 0 1.5
1 0.109219 0.109219 0.109219 0 1.5
1 0.107388 0.107388 0.107388 0 1.5
1 0.102639 0.102639 0.102639 0 1.5
1 0.100153 0.100153 0.100153 0 1.5
1 0.0980755 0.0980755 0.0980755 0 1.5
1 0.0911062 0.0911062 0.0911062 0 1.5
1 0.0876175 0.0876175 0.0876175 0 1.5
1 0.0854549 0.0854549 0.0854549 0 1.5
1 0.0787826 0.0787826 0.0787826 0 1.33333
1 0.0722651 0.0722651 0.0722651 0 1.5
1 0.0692982 0.0692982 0.0692982 0 1.5
1 0.0188006 0.0188006 0.0376012 0.0188006 1.5

3 0.81213 0.81213 0.81213 0 1.5
5 0.487278 0.487278 0.487278 0 1.5
5 0.487278 0.487278 0.487278 0 1.5
4 0.609097 0.609097 0.609097 0 1.5
4 0.609097 0.609097 0.609097 0 1.5
4 0.609097 0.609097 0.609097 0 1.5
5 0.487278 0.487278 0.487278 0 1.5
5 0.487278 0.487278 0.487278 0 1.5
5 0.487278 0.487278 0.487278 0 1.5
1 2.43639 2.43639 2.43639 0 1.5
4 0.609097 0.609097 0.609097 0 1.5
4 0.609097 0.609097 0.609097 0 1.5
2 1.21819 1.21819 1.21819 0 1.5
4 0.487278 0.487278 0.494824 0.00754648 1.33333
4 0.0553725 0.0553725 0.492756 0.437383 1.5
4 0.0566602 0.0566602 0.44182 0.38516 1.5
1 0.458913 0.458913 0.458913 0 1.5
1 0.385201 0.385201 0.385201 0 1.5
1 0.356148 0.356148 0.356148 0 1.5
1 0.331642 0.331642 0.331642 0 1.5
1 0.279743 0.279743 0.279743 0 1.5
1 0.26395 0.26395 0.26395 0 1.5
1 0.219064 0.219064 0.219064 0 1.5
1 0.155554 0.155554 0.213118 0.0575641 1.5
1 0.20639 0.20639 0.20639 0 1.5
1 0.197969 0.197969 0.197969 0 1.5
1 0.197626 0.197626 0.197626 0 1.5
1 0.195588 0.195588 0.195588 0 1.5
1 0.175758 0.175758 0.175758 0 1.5
1 0.169496 0.169496 0.169496 0 1.5
1 0.166714 0.166714 0.166714 0 1.5
1 0.0600607 0.0600607 0.166585 0.106524 1.5
1 0.166211 0.166211 0.166211 0 1.5
1 0.153751 0.153751 0.153751 0 1.5
1 0.138624 0.138624 0.138624 0 1.5
1 0.137261 0.137261 0.137261 0 1.33333
1 0.135944 0.135944 0.135944 0 1.5
1 0.118276 0.118276 0.118276 0 1.5
1 0.0831053 0.0831053 0.116241 0.0331357 1.5
1 0.109219 0.109219 0.109219 0 1.5
1 0.107388 0.107388 0.107388 0 1.5
1 0.102639 0.102639 0.102639 0 1.5
1 0.100153 0.100153 0.100153 0 1.5
1 0.0980755 0.0980755 0.0980755 0 1.5
1 0.0911062 0.0911062 0.0911062 0 1.5
1 0.0759609 0.0759609 0.0902108 0.0142499 1.5
1 0.0876175 0.0876175 0.0876175 0 1.5
1 0.0854549 0.0854549 0.0854549 0 1.5
1 0.0722651 0.0722651 0.0722651 0 1.5
1 0.0692982 0.0692982 0.0692982 0 1.5
1 0.048209 0.048209 0.0591874 0.0109784 1.5
1 0.0262609 0.0262609 0.0481732 0.0219124 1.33333
1 0.014523 0.014523 0.0435689 0.0290459 1.5
1 0.0376012 0.0376012 0.0376012 0 1.5

5 0.487278 0.487278 0.487278 0 1.5
4 0.609097 0.609097 0.609097 0 1.5
4 0.609097 0.609097 0.609097 0 1.5
4 0.609097 0.609097 0.609097 0 1.5
5 0.487278 0.487278 0.487278 0 1.5
5 0.487278 0.487278 0.487278 0 1.5
5 0.487278 0.487278 0.487278 0 1.5
1 2.43639 2.43639 2.43639 0 1.5
4 0.609097 0.609097 0.609097 0 1.5
4 0.609097 0.609097 0.609097 0 1.5
2 1.21819 1.21819 1.21819 0 1.5
4 0.609097 0.609097 0.609097 0 1.5
4 0.609097 0.609097 0.609097 0 1.5
4 0.0477723 0.0477723 0.550282 0.50251 1.5
4 0.0487278 0.0487278 0.537136 0.488408 1.33333
4 0.487278 0.487278 0.494343 0.00706538 1.5
1 0.458913 0.458913 0.458913 0 1.5
1 0.385201 0.385201 0.385201 0 1.5
1 0.356148 0.356148 0.356148 0 1.5
1 0.331642 0.331642 0.331642 0 1.5
1 0.311109 0.311109 0.311109 0 1.5
1 0.279743 0.279743 0.279743 0 1.5
1 0.26395 0.26395 0.26395 0 1.5
1 0.227883 0.227883 0.227883 0 1.5
1 0.219064 0.219064 0.219064 0 1.5
1 0.20639 0.20639 0.20639 0 1.5
1 0.197969 0.197969 0.197969 0 1.5
1 0.197626 0.197626 0.197626 0 1.5
1 0.195588 0.195588 0.195588 0 1.5
1 0.180182 0.180182 0.180182 0 1.5
1 0.175758 0.175758 0.175758 0 1.5
1 0.169496 0.169496 0.169496 0 1.5
1 0.166714 0.166714 0.166714 0 1.5
1 0.166211 0.166211 0.166211 0 1.5
1 0.166211 0.166211 0.166211 0 1.5
1 0.153751 0.153751 0.153751 0 1.5
1 0.149899 0.149899 0.149899 0 1.5
1 0.138624 0.138624 0.138624 0 1.5
1 0.137261 0.137261 0.137261 0 1.33333
1 0.135944 0.135944 0.135944 0 1.5
1 0.118276 0.118276 0.118276 0 1.5
1 0.109219 0.109219 0.109219 0 1.5
1 0.107388 0.107388 0.107388 0 1.5
1 0.102639 0.102639 0.102639 0 1.5
1 0.100153 0.100153 0.100153 0 1.5
1 0.0980755 0.0980755 0.0980755 0 1.5
1 0.096418 0.096418 0.096418 0 1.5
1 0.0911062 0.0911062 0.0911062 0 1.5
1 0.0876175 0.0876175 0.0876175 0 1.5
1 0.0854549 0.0854549 0.0854549 0 1.5
1 0.0787826 0.0787826 0.0787826 0 1.33333
1 0.0722651 0.0722651 0.0722651 0 1.5
1 0.0692982 0.0692982 0.0692982 0 1.5
1 0.0435689 0.0435689 0.0435689 0 1.5

1 2.43639 2.43639 2.43639 0 1.5
4 0.609097 0.609097 0.609097 0 1.5
3 0.81213 0.81213 0.81213 0 1.5
4 0.609097 0.609097 0.609097 0 1.5
4 0.609097 0.609097 0.609097 0 1.5
2 1.21819 1.21819 1.21819 0 1.5
4 0.609097 0.609097 0.609097 0 1.5
4 0.609097 0.609097 0.609097 0 1.5
1 2.43639 2.43639 2.43639 0 1.5
5 0.487278 0.487278 0.487278 0 1.5
5 0.487278 0.487278 0.487278 0 1.5
5 0.406065 0.406065 0.487278 0.081213 1.5
4 0.609097 0.609097 0.609097 0 1.5
4 0.609097 0.609097 0.609097 0 1.5
4 0.0459696 0.0459696 0.541386 0.495416 1.5
4 0.0487278 0.0487278 0.523879 0.475151 1.5
1 0.243639 0.243639 0.805884 0.562245 1.5
1 0.458913 0.458913 0.458913 0 1.5
1 0.385201 0.385201 0.385201 0 1.5
1 0.356148 0.356148 0.356148 0 1.5
1 0.331642 0.331642 0.331642 0 1.5
1 0.311109 0.311109 0.311109 0 1.5
1 0.279743 0.279743 0.279743 0 1.5
1 0.26395 0.26395 0.26395 0 1.5
1 0.227883 0.227883 0.227883 0 1.5
1 0.219064 0.219064 0.219064 0 1.5
1 0.20639 0.20639 0.20639 0 1.5
1 0.197969 0.197969 0.197969 0 1.5
1 0.195588 0.195588 0.195588 0 1.5
1 0.180182 0.180182 0.180182 0 1.5
1 0.175758 0.175758 0.175758 0 1.5
1 0.169496 0.169496 0.169496 0 1.5
1 0.166714 0.166714 0.166714 0 1.5
1 0.166211 0.166211 0.166211 0 1.5
1 0.166211 0.166211 0.166211 0 1.5
1 0.0768756 0.0768756 0.153751 0.0768756 1.5
1 0.149899 0.149899 0.149899 0 1.5
1 0.138624 0.138624 0.138624 0 1.5
1 0.135944 0.135944 0.135944 0 1.5
1 0.118276 0.118276 0.118276 0 1.5
1 0.109219 0.109219 0.109219 0 1.5
1 0.107388 0.107388 0.107388 0 1.5
1 0.102639 0.102639 0.102639 0 1.5
1 0.100153 0.100153 0.100153 0 1.5
1 0.0980755 0.0980755 0.0980755 0 1.5
1 0.096418 0.096418 0.096418 0 1.5
1 0.0876175 0.0876175 0.0876175 0 1.5
1 0.0854549 0.0854549 0.0854549 0 1.5
1 0.0692982 0.0692982 0.0692982 0 1.5
1 0.0435689 0.0435689 0.0435689 0 1.5
1 0.0102837 0.0102837 0.0205674 0.0102837 1.5
1 4.28026e-05 4.28026e-05 4.28026e-05 0 1.5

