5 1 0.151691 0.151691 0.151691 0 12
1 1 8.11099e-28 8.11099e-28 8.11099e-28 0 0
2 1 0 0 0 0 12
3 1 0 0 0 0 12
4 1 0 0 0 0 12

5 94 0.00162805 0.00117849 0.00157232 0.000123195 12
1 1 4.05549e-28 4.05549e-28 4.05549e-28 0 0
2 1 0 0 0 0 12
3 1 0 0 0 0 12
4 1 0 0 0 0 12

5 100 0.000822841 0.00081118 0.00143728 0.000625696 12
1 1 4.05549e-28 4.05549e-28 4.05549e-28 0 0

5 100 0.000793151 0.000781911 0.00149238 0.000709765 12
1 1 4.05549e-28 4.05549e-28 4.05549e-28 0 0

12 1 0.151691 0.151691 0.151691 0 15
5 47 0.000809848 0.000798372 0.00315552 0.00235378 12
11 3 0.0130825 0 0.00436085 0.00616717 12
1 1 4.05549e-28 4.05549e-28 4.05549e-28 0 0
9 1 0 0 0 0 12
10 1 0 0 0 0 12

13 29 0.0053059 0.00523071 0.00527806 2.23768e-05 12
5 28 0.0054653 0.00541752 0.00541923 8.8654e-06 12
12 28 0.00168546 0.00168545 0.00517185 0.0034864 15
14 1 0.0424016 0.0424016 0.0424016 0 15
11 2 0.0130825 0 0.00654127 0.00654127 12
1 1 8.11099e-28 8.11099e-28 8.11099e-28 0 0
9 1 0 0 0 0 12
10 1 0 0 0 0 12

13 74 0.000874268 0.000861879 0.00201864 0.00115045 12
14 1 0.0424016 0.0424016 0.0424016 0 15
11 3 0.00784953 0 0.00261651 0.0037003 12
1 1 2.70366e-28 2.70366e-28 2.70366e-28 0 0
10 1 1.54844e-34 1.54844e-34 1.54844e-34 0 12
9 1 0 0 0 0 12

17 1 0.153871 0.153871 0.153871 0 15
18 1 0.153036 0.153036 0.153036 0 12
16 1 0.153028 0.153028 0.153028 0 15
15 18 0.00722337 0.00722337 0.00842726 0.00120389 15
13 18 0.00106118 0.00106118 0.0082535 0.00719232 12
14 1 0.0424016 0.0424016 0.0424016 0 15
11 1 0.00784953 0.00784953 0.00784953 0 12
1 1 4.05549e-28 4.05549e-28 4.05549e-28 0 0
10 1 6.19376e-34 6.19376e-34 6.19376e-34 0 12
9 1 0 0 0 0 12

18 21 0.00269949 0.00269949 0.00730265 0.00460315 12
19 1 0.153036 0.153036 0.153036 0 18
17 19 0.00205162 0.00205162 0.00761521 0.00556359 15
16 1 0.134338 0.134338 0.134338 0 15
20 1 0.062449 0.062449 0.062449 0 15
14 1 0.0424016 0.0424016 0.0424016 0 15
11 1 0.0392476 0.0392476 0.0392476 0 12
1 1 8.11099e-28 8.11099e-28 8.11099e-28 0 0
22 1 8.47315e-34 8.47315e-34 8.47315e-34 0 3
10 1 2.06459e-34 2.06459e-34 2.06459e-34 0 12
9 1 0 0 0 0 12
21 1 0 0 0 0 3

23 1 0.153871 0.153871 0.153871 0 15
17 17 0.00404924 0.00404924 0.00900551 0.00495626 15
19 17 0.00527711 0.00527711 0.00900214 0.00372502 18
18 16 0.00279766 0.00279766 0.00899708 0.00619942 12
16 15 0.00930051 0.00839613 0.00901616 0.000603492 15
20 2 0.0312245 0.0136111 0.0224178 0.00880669 15
14 1 0.0424016 0.0424016 0.0424016 0 15
11 1 0.0392476 0.0392476 0.0392476 0 12
1 1 8.11099e-28 8.11099e-28 8.11099e-28 0 0
22 1 8.47315e-34 8.47315e-34 8.47315e-34 0 3
10 1 3.09688e-34 3.09688e-34 3.09688e-34 0 12
9 1 0 0 0 0 12
21 1 0 0 0 0 3
24 1 0 0 0 0 15

28 1 0.154494 0.154494 0.154494 0 18
17 13 0.00415868 0.00415868 0.0118362 0.00767756 15
26 1 0.153871 0.153871 0.153871 0 15
18 13 0.00341936 0.00341936 0.0118362 0.00841689 12
19 13 0.00413612 0.00413612 0.0117117 0.00757558 18
16 3 0.0496027 0.0447794 0.0463871 0.00227376 18
23 10 0.00404924 0.00404924 0.0125947 0.00854541 1.5
25 1 0.062449 0.062449 0.062449 0 15
20 2 0.0196238 0.0136111 0.0166175 0.00300634 12
14 1 0.0212008 0.0212008 0.0212008 0 15
1 1 8.11099e-28 8.11099e-28 8.11099e-28 0 0
22 1 8.47315e-34 8.47315e-34 8.47315e-34 0 3
10 1 3.09688e-34 3.09688e-34 3.09688e-34 0 12
9 1 0 0 0 0 12
21 1 0 0 0 0 3
24 1 0 0 0 0 15
27 1 0 0 0 0 15

26 15 0.00905125 0.00905125 0.0102581 0.00120683 15
18 15 0.00439632 0.00439632 0.0102581 0.00586176 12
17 15 0.00591812 0.00591812 0.0102576 0.00433947 15
19 15 0.00588601 0.00588601 0.0102024 0.00431641 18
16 3 0.0496027 0.0447794 0.0463871 0.00227376 15
28 12 0.00725678 0.00454393 0.00980839 0.00509387 18
23 9 0.0118671 0.0064113 0.010221 0.00363351 15

29 2 0.142405 0.142405 0.142405 0 18
32 1 0.183713 0.183713 0.183713 0 15
28 8 0.0205609 0.0128745 0.0202725 0.00692098 18
23 7 0.0219816 0.0219816 0.0219816 0 15
30 1 0.153871 0.153871 0.153871 0 18
18 8 0.00496359 0.00496359 0.0192339 0.0142703 12
19 8 0.00402727 0.00402727 0.0190918 0.0150645 18
17 8 0.00591812 0.00591812 0.0190639 0.0131458 15
26 7 0.00290323 0.00290323 0.0208729 0.0179697 15
16 7 0.018601 0.0167923 0.0202247 0.00256045 15
33 2 0.0474174 0.0381156 0.0427665 0.00465089 18
34 1 0.0685977 0.0685977 0.0685977 0 15
31 1 0.0136111 0.0136111 0.021039 0.00742789 15

35 1 0.284811 0.284811 0.284811 0 18
29 9 0.00918744 0.00918744 0.0227793 0.0135919 1.5
32 7 0.0262447 0.0262447 0.0262447 0 15
28 7 0.0129858 0.00813124 0.0234575 0.0141107 18
30 7 0.0139883 0.0139883 0.0219816 0.00799331 18
17 7 0.0109908 0.0109908 0.0219816 0.0109908 15
26 7 0.0219816 0.0219816 0.0219816 0 15
18 7 0.0102581 0.0102581 0.0219816 0.0117235 12
19 6 0.00637651 0.00637651 0.0253769 0.0190004 18
23 6 0.00809848 0.00809848 0.0253245 0.0172261 15
16 6 0.0212583 0.0191912 0.0237678 0.00334367 15
36 1 0.106449 0.106449 0.106449 0 3
33 2 0.0474174 0.0381156 0.0427665 0.00465089 18
34 1 0.0685977 0.0685977 0.0685977 0 15
31 1 0.0136111 0.0136111 0.0272223 0.0136111 15

35 26 0.0126535 0 0.00677047 0.00496924 18
29 49 0.00191148 0.00103687 0.00348862 0.00199573 18

35 20 0.00265316 0.00229686 0.00978178 0.00743256 18
39 2 0.0897918 0.0897918 0.0897918 0 15
38 19 0.00592621 0.00592621 0.00939111 0.0034649 15
37 16 0.0154207 0.00965585 0.0107368 0.00225008 18
29 1 0.151691 0.151691 0.151691 0 18
40 1 0.0596868 0.0596868 0.0596868 0 6

41 13 0.0109543 0.0109543 0.0219085 0.0109543 18
45 1 0.284811 0.284811 0.284811 0 18
46 1 0.179584 0.179584 0.179584 0 15
38 8 0.00496521 0.00496521 0.0224142 0.017449 15
39 7 0.00897918 0.00897918 0.0243721 0.0153929 15
37 7 0.00735086 0.00704944 0.0241277 0.0170356 18
43 1 0.167564 0.167564 0.167564 0 3
35 7 0.0121849 0.0105485 0.0236302 0.0116931 1.5
29 1 0.151691 0.151691 0.151691 0 18
44 1 0.151691 0.151691 0.151691 0 15
40 4 0.0459395 0.0149217 0.0326474 0.0136568 6
47 1 0.0762312 0.0762312 0.0762312 0 18
42 3 0.0171494 0.0171494 0.0228659 0.00571648 15

45 17 0.0171903 0.0135624 0.016967 0.00330335 18
37 14 0.01608 0.0154207 0.0168689 0.00139129 18
41 13 0.00620739 0.00537379 0.0169503 0.0108753 18
38 11 0.00874822 0.00874822 0.0167011 0.00795293 15
46 9 0.0199537 0.0199537 0.0199537 0 15
39 11 0.0138141 0.0138141 0.0163258 0.00251166 15
35 10 0.0178007 0.00948067 0.0167719 0.00469771 15
43 6 0.0279273 0.0279273 0.0279273 0 3

41 6 0.0474685 0.0474685 0.0474685 0 18
48 5 0.0569622 0.0569622 0.0569622 0 18
45 10 0.00508445 0.00463369 0.0268985 0.0221741 18
37 10 0.00659692 0.00632642 0.024717 0.0182308 18
51 1 0.212043 0.212043 0.212043 0 18
39 7 0.00945177 0.00945177 0.0256548 0.016203 15
46 7 0.00945177 0.00945177 0.0255921 0.0161404 15
38 7 0.011482 0.011482 0.0252336 0.0137516 15
43 6 0.0239377 0.0239377 0.0279273 0.00398962 3
35 1 0.151691 0.151691 0.151691 0 15
50 4 0.0379227 0.0379227 0.0379227 0 18
49 3 0.0612527 0.0239498 0.0488184 0.0175847 6

45 4 0.0902489 0.0902489 0.0902489 0 18
48 10 0.0101718 0.0101718 0.0275172 0.0173454 18
37 9 0.0102912 0.0102912 0.027313 0.0170218 18
41 9 0.00785423 0.00783314 0.0257559 0.0179204 18
51 8 0.0176703 0.0176703 0.0265054 0.00883514 18
38 7 0.0167011 0.0167011 0.0262447 0.00954351 15
39 7 0.0119722 0.0119722 0.0256548 0.0136826 15
46 6 0.0138141 0.0138141 0.029502 0.0156879 12
43 6 0.0279273 0.0279273 0.0279273 0 3
35 1 0.151691 0.151691 0.151691 0 15
50 5 0.0303381 0.0303381 0.0303381 0 18
49 4 0.0459395 0.0179623 0.0331937 0.0128664 6
52 1 0.0685977 0.0685977 0.0685977 0 15

48 12 0.0129459 0.0129459 0.0237342 0.0107883 18
45 12 0.00611857 0.00611857 0.0234849 0.0173663 18
37 11 0.0122514 0.0122514 0.0233891 0.0111377 18
51 9 0.0141362 0.0141362 0.0235604 0.00942415 18
38 8 0.0130597 0.0122475 0.0230656 0.0107199 15
46 7 0.0256548 0.0256548 0.0256548 3.46945e-18 15
39 7 0.0136634 0.0119722 0.0255227 0.013322 15
43 6 0.0279273 0.0279273 0.0279273 0 3
35 2 0.0758453 0.0758453 0.0758453 0 15
50 6 0.0216701 0.0216701 0.0252818 0.00361168 18
49 5 0.0306263 0.0119749 0.0245798 0.00797929 6
52 2 0.0342989 0.0342989 0.0342989 0 15

45 14 0.0120332 0.0120332 0.0250898 0.0130566 18
37 10 0.00887173 0.00887173 0.0252776 0.0164059 18
51 8 0.0117802 0.0117802 0.0260511 0.0142709 21
48 8 0.00813745 0.00813745 0.0244124 0.0162749 18
38 7 0.0115232 0.0108066 0.0265518 0.0154421 15
46 7 0.00995322 0.00780799 0.026434 0.0178628 15
53 1 0.183713 0.183713 0.183713 0 18
39 7 0.0179584 0.0179584 0.0256548 0.00769644 15
43 6 0.0279273 0.0279273 0.0279273 0 3
50 6 0.0189613 0.0189613 0.0252818 0.00632045 18
35 3 0.0505636 0.0505636 0.0505636 0 15
49 5 0.0367516 0.0143699 0.0271083 0.00927273 6
52 2 0.0342989 0.0342989 0.0342989 0 15

48 11 0.01499 0.01499 0.0252928 0.0103027 18
45 11 0.00880478 0.00880478 0.024711 0.0159063 1.5
37 10 0.01072 0.01072 0.0252997 0.0145797 18
51 8 0.0100973 0.0100973 0.0256661 0.0155688 18
46 7 0.0136906 0.0102475 0.0275694 0.0167025 15
53 7 0.0153094 0.0153094 0.0262447 0.0109353 18
39 7 0.0256548 0.0256548 0.0256548 3.46945e-18 15
38 7 0.0160461 0.011482 0.0247055 0.0121088 15
43 6 0.0279273 0.0279273 0.0279273 0 3
35 3 0.0505636 0.0505636 0.0505636 0 15
50 6 0.0216701 0.0216701 0.0252818 0.00361168 18
49 5 0.0367516 0.0143699 0.0271083 0.00927273 6
52 3 0.0297921 0.0228659 0.0251746 0.00326503 15

45 52 0.00234413 0.00148652 0.00423961 0.00228712 6
48 37 0.00769759 0 0.00540912 0.00351833 18

54 19 0.00681124 0.00681124 0.0184648 0.0116536 18
48 16 0.00810906 0.00678121 0.0178837 0.0110242 18
57 1 0.256738 0.256738 0.256738 0 15
56 14 0.00547404 0.00547404 0.0182924 0.0128184 18
55 10 0.0273812 0.0228924 0.0242627 0.00204267 15
59 1 0.151691 0.151691 0.151691 0 18
60 1 0.121177 0.121177 0.121177 0 3
58 1 0.0762312 0.0762312 0.0762312 0 18
45 1 0.00408119 0.00408119 0.0136138 0.00953256 1.5

48 16 0.0109865 0.00918744 0.0177973 0.00840608 18
54 14 0.00604056 0.00591796 0.0185701 0.0126434 15
56 14 0.0076581 0.00695352 0.0179419 0.0109396 18
57 13 0.0151022 0.0151022 0.0187163 0.0036141 15
55 12 0.0228176 0.0168279 0.0201529 0.00198276 15
59 1 0.151691 0.151691 0.151691 0 18
45 2 0.0758453 0.0673397 0.0715925 0.00425284 15
60 1 0.121177 0.121177 0.121177 0 3
58 2 0.0381156 0.0381156 0.0381156 0 18

61 16 0.0136472 0.0133702 0.0220504 0.00864602 18
57 12 0.010792 0.00950881 0.0215018 0.0118913 15
56 11 0.00708374 0.006432 0.0225228 0.0159743 18
48 11 0.00830685 0.0069466 0.0219332 0.0143842 18
55 11 0.00883264 0.00738465 0.021512 0.0130752 15
59 1 0.151691 0.151691 0.151691 0 18
45 1 0.151691 0.151691 0.151691 0 15
63 2 0.0697824 0.0697824 0.0697824 0 15
62 1 0.134679 0.134679 0.134679 0 6
60 1 0.121177 0.121177 0.121177 0 3
58 3 0.0254104 0.0254104 0.0254104 0 18

48 13 0.0162181 0.0135624 0.0237471 0.00843563 18
61 13 0.00783988 0.00768076 0.0224641 0.0147468 1.5
55 11 0.00912706 0.00912706 0.0233444 0.0142173 15
57 11 0.010792 0.00950881 0.0228046 0.0130719 15
56 10 0.00977068 0.00887173 0.0244952 0.0150905 18
59 3 0.0505636 0.0505636 0.0505636 0 18
45 1 0.151691 0.151691 0.151691 0 15
64 2 0.128369 0.013301 0.070835 0.0575339 15
63 2 0.0697824 0.0697824 0.0697824 0 15
62 1 0.134679 0.134679 0.134679 0 6
60 3 0.0421697 0.0100124 0.0308582 0.014758 3
58 3 0.0190578 0.0190578 0.0254104 0.0063526 18

61 54 0.00281278 0.00209017 0.00477476 0.00230647 15
48 42 0.00810906 0 0.00503069 0.00344419 1.5

48 72 0.00520956 0.00272465 0.00437882 0.00152232 6
61 27 0.00399084 0.00399084 0.00453661 0.000545766 15

65 4 0.162799 0.0190578 0.126864 0.0622417 15
66 19 0.00250663 0.00245575 0.0184959 0.0160119 18
67 4 0.0851452 0.0851452 0.0851452 0 18
61 15 0.0104944 0.0104944 0.01889 0.00839555 15
68 4 0.0386234 0.0386234 0.0386234 0 18
69 2 0.0758453 0.0758453 0.0758453 0 18
48 1 0.00536329 0.00536329 0.0107266 0.00536329 1.5

65 24 0.0162799 0.0162799 0.0184623 0.00218242 15
66 19 0.0087732 0.0087732 0.0189351 0.0101619 18
67 17 0.0113527 0.0113527 0.0194252 0.00807255 18
61 14 0.011334 0.011334 0.019151 0.00781701 15
68 5 0.0308987 0.0308987 0.0308987 0 18
69 3 0.0505636 0.0505636 0.0505636 0 18
48 4 0.0592776 0.014749 0.0346525 0.0172066 6

65 20 0.0103364 0.0103364 0.0233254 0.0129889 15
66 16 0.00921186 0.00921186 0.0226075 0.0133956 18
67 15 0.00920488 0.00920488 0.0224681 0.0132632 18
61 11 0.00977068 0.00977068 0.0239322 0.0141616 15
70 1 0.23711 0.23711 0.23711 0 15
71 2 0.0830536 0.0804273 0.0817405 0.00131314 15
68 5 0.0308987 0.0308987 0.0308987 0 18
69 5 0.0303381 0.0303381 0.0303381 0 18
48 3 0.0307422 0.0196654 0.02705 0.00522168 6
72 1 0.0112721 0.0112721 0.0112721 0 18

65 24 0.0105032 0.0105032 0.023295 0.0127919 15
66 15 0.00944806 0.00944806 0.023816 0.0143679 18
67 14 0.0111165 0.00946057 0.0239315 0.0143589 18
61 11 0.011334 0.011334 0.0250822 0.0137482 15
70 1 0.23711 0.23711 0.23711 0 15
71 1 0.160855 0.160855 0.160855 0 15
68 5 0.0308987 0.0308987 0.0308987 0 18
69 5 0.0303381 0.0303381 0.0303381 0 15
48 3 0.0230567 0.0189764 0.0266129 0.00527923 3
72 1 0.0112721 0.0112721 0.0112721 0 18

65 19 0.00930279 0.00930279 0.0248522 0.0155494 15
66 14 0.0115148 0.0115148 0.0245608 0.013046 18
67 13 0.0117704 0.0100171 0.0250363 0.0148916 18
61 11 0.0118062 0.0118062 0.0250651 0.0132589 15
70 1 0.23711 0.23711 0.23711 0 15
73 1 0.18082 0.18082 0.18082 0 15
71 1 0.160855 0.160855 0.160855 0 15
68 5 0.0308987 0.0308987 0.0308987 0 18
69 6 0.0216701 0.0216701 0.0252818 0.00361168 18
48 3 0.0230567 0.0189764 0.028022 0.00661144 6
72 1 0.0112721 0.0112721 0.0112721 0 18

65 21 0.0112275 0.0112275 0.0265199 0.0152924 15
66 13 0.00969669 0.00969669 0.0271587 0.017462 18
67 12 0.0121271 0.0103206 0.0274192 0.016811 18
61 10 0.0157417 0.0157417 0.0269569 0.0112153 15
70 4 0.0592776 0.0592776 0.0592776 0 15
73 1 0.18082 0.18082 0.18082 0 15
71 1 0.160855 0.160855 0.160855 0 15
68 6 0.0193117 0.0193117 0.0257489 0.00643723 18
69 5 0.0216701 0.0216701 0.0303381 0.00866804 18
48 3 0.0184453 0.0184453 0.0285661 0.0101207 3
74 1 0.0508509 0.0508509 0.0508509 0 15
72 1 0.0112721 0.0112721 0.0112721 0 18

65 19 0.00971934 0.00971934 0.0277458 0.0180265 15
66 12 0.0122825 0.0122825 0.0287705 0.0164881 18
67 12 0.0137998 0.0117442 0.0281114 0.0155437 18
61 10 0.0118062 0.0118062 0.0277034 0.0158972 15
70 6 0.0395184 0.0250933 0.0371142 0.00537594 15
68 6 0.052154 0.0220705 0.0307628 0.0117995 18
73 1 0.18082 0.18082 0.18082 0 15
71 1 0.160855 0.160855 0.160855 0 15
75 1 0.151691 0.151691 0.151691 0 18
69 5 0.0216701 0.0216701 0.0303381 0.00866804 15
48 3 0.0307422 0.0307422 0.0307422 0 6
74 1 0.0508509 0.0508509 0.0508509 0 15
72 1 0.0112721 0.0112721 0.0112721 0 18

65 15 0.0112275 0.0112275 0.0308186 0.0195911 15
67 12 0.0287909 0.0212863 0.0314248 0.00658874 18
66 11 0.0167488 0.0167488 0.0324396 0.0156907 18
76 10 0.0227054 0.0227054 0.0314929 0.00878756 18
61 8 0.0108981 0.0108981 0.0321811 0.0212831 15
70 7 0.0352835 0.0131728 0.0342839 0.0195488 15
68 6 0.0456347 0.0193117 0.0344985 0.0139482 18
73 1 0.18082 0.18082 0.18082 0 15
71 1 0.160855 0.160855 0.160855 0 15
75 2 0.0758453 0.0758453 0.0758453 0 18
69 5 0.0303381 0.0303381 0.0303381 0 18
48 3 0.0252674 0.0230567 0.0314791 0.00775589 6
74 1 0.0508509 0.0508509 0.0508509 0 15
72 1 0.0112721 0.0112721 0.0112721 0 18

65 15 0.0203499 0.0203499 0.0352731 0.0149232 1.5
67 11 0.0143955 0.0125061 0.0350988 0.0224275 18
66 10 0.0105278 0.0105278 0.0353389 0.024811 18
76 9 0.017029 0.017029 0.0378423 0.0208133 18
61 7 0.0149131 0.0149131 0.039101 0.0241879 15
70 7 0.030243 0.011291 0.0362305 0.0232002 15
68 6 0.0456347 0.0193117 0.0367017 0.0137924 18
73 1 0.18082 0.18082 0.18082 0 15
77 1 0.171685 0.171685 0.171685 0 18
71 1 0.160855 0.160855 0.160855 0 15
75 3 0.0505636 0.0505636 0.0505636 0 18
69 4 0.0303381 0.0303381 0.0379227 0.00758453 18
78 1 0.14203 0.14203 0.14203 0 15
48 2 0.0336898 0.0307422 0.0475872 0.0154416 6
72 1 0.0112721 0.0112721 0.0112721 0 18

65 100 0.00363796 0.00190269 0.00350015 0.00111698 18

80 2 0.317551 0.317551 0.317551 0 15
79 22 0.0101749 0.0101749 0.0284939 0.018319 15
81 14 0.00940112 0.00816725 0.0292321 0.0204268 18
82 11 0.0331889 0.0330809 0.0331398 5.37514e-05 15
83 12 0.0179253 0.0179253 0.0283817 0.0104564 18
65 11 0.00741102 0.0068236 0.0276938 0.0208175 18
84 1 0.0759055 0.0759055 0.0759055 0 3

79 21 0.0162799 0.0162799 0.0310093 0.0147294 15
80 14 0.012453 0.012453 0.0320432 0.0195902 15
81 13 0.0112355 0.0112355 0.0319956 0.0207601 18
65 10 0.0368474 0.0368474 0.0368474 6.93889e-18 18
82 12 0.0304232 0.0303242 0.0303819 4.87849e-05 15
83 10 0.0261985 0.0261985 0.0326068 0.00640828 18
86 1 0.151691 0.151691 0.151691 0 18
87 1 0.151691 0.151691 0.151691 0 15
85 2 0.0392995 0.0392995 0.0392995 0 15
84 2 0.0379527 0.0379527 0.0379527 0 3

80 17 0.0192455 0.0192455 0.0364978 0.0172523 15
79 14 0.0122867 0.0122867 0.0376472 0.0253605 15
81 12 0.0170613 0.0170613 0.0366723 0.019611 18
82 9 0.0152116 0.0152116 0.0390559 0.0238443 15
65 9 0.0153531 0.0153531 0.0381224 0.0227693 18
83 9 0.0340581 0.0340581 0.0378423 0.00378423 18
88 1 0.251088 0.251088 0.251088 0 18
86 2 0.0758453 0.0758453 0.0758453 0 18
87 3 0.0505636 0.0505636 0.0505636 0 15
85 3 0.0759229 0.0196497 0.0449574 0.0273241 15
89 1 0.125605 0.125605 0.125605 0 3
84 2 0.0252674 0.0189764 0.0410982 0.0192353 3

79 15 0.0217065 0.0217065 0.0410402 0.0193337 18
80 12 0.01095 0.01095 0.0395176 0.0285676 15
81 11 0.0191939 0.0191939 0.0414499 0.0222559 18
65 9 0.024565 0.024565 0.0399987 0.0154338 18
82 9 0.0127612 0.0121693 0.0394777 0.0272433 15
83 8 0.0378423 0.0378423 0.0425726 0.00473029 18
88 1 0.251088 0.251088 0.251088 0 18
91 1 0.171685 0.171685 0.171685 0 18
90 1 0.156137 0.156137 0.156137 0 6
85 3 0.101231 0.0261997 0.05121 0.0353699 15
86 3 0.0505636 0.0505636 0.0505636 0 18
87 3 0.0379227 0.0379227 0.0505636 0.0126409 15
89 1 0.125605 0.125605 0.125605 0 3
84 2 0.0505347 0.0379527 0.0442437 0.006291 6

80 16 0.0186795 0.0186795 0.0387473 0.0200679 15
79 11 0.0135666 0.0135666 0.0405431 0.0269765 15
81 11 0.016452 0.016452 0.040012 0.02356 18
82 9 0.0225197 0.0214752 0.0406803 0.0190919 15
65 9 0.0204708 0.0204708 0.0392131 0.0187423 18
83 9 0.0227054 0.0227054 0.0378423 0.0151369 18
88 1 0.251088 0.251088 0.251088 0 18
90 1 0.156137 0.156137 0.156137 0 6
85 3 0.101231 0.0261997 0.05121 0.0353699 12
86 4 0.0379227 0.0379227 0.0379227 0 18
87 4 0.0303381 0.0303381 0.0379227 0.00758453 15
89 1 0.125605 0.125605 0.125605 0 3
92 1 0.100144 0.100144 0.100144 0 15
84 2 0.0336898 0.0253018 0.0421467 0.013328 3

79 15 0.025046 0.025046 0.043413 0.0183671 15
80 11 0.0138066 0.0138066 0.0432392 0.0294326 15
81 10 0.0139592 0.0139592 0.0450211 0.0310619 18
65 8 0.0175464 0.0175464 0.0460593 0.0285129 18
82 8 0.0182303 0.0173847 0.0460575 0.0282532 15
83 7 0.0261985 0.0261985 0.0486544 0.0224559 18
85 1 0.303692 0.303692 0.303692 0 12
88 1 0.251088 0.251088 0.251088 0 18
94 1 0.200262 0.200262 0.200262 0 12
90 1 0.156137 0.156137 0.156137 0 6
86 3 0.0303381 0.0303381 0.0505636 0.0202254 18
87 3 0.0252818 0.0252818 0.0505636 0.0252818 15
89 1 0.125605 0.125605 0.125605 0 3
92 1 0.100144 0.100144 0.100144 0 15
84 2 0.0336898 0.0336898 0.0463407 0.0126509 6
93 1 0.0392995 0.0392995 0.078599 0.0392995 15

80 14 0.0288683 0.0288683 0.0453645 0.0164962 15
79 10 0.0120592 0.0120592 0.0470308 0.0349716 15
81 9 0.0158846 0.0158846 0.0485875 0.0327028 18
82 8 0.0201492 0.0201492 0.0458875 0.0257382 15
65 8 0.0184237 0.0184237 0.0438407 0.0254169 18
83 7 0.0378423 0.0378423 0.0486544 0.0108121 18
85 1 0.303692 0.303692 0.303692 0 12
88 1 0.251088 0.251088 0.251088 0 18
94 2 0.100131 0.0842307 0.0921807 0.00795006 12
90 1 0.156137 0.156137 0.156137 0 6
95 2 0.0772468 0.0772468 0.0772468 0 18
86 3 0.0505636 0.0505636 0.0505636 0 18
87 3 0.0505636 0.0505636 0.0505636 0 15
89 1 0.125605 0.125605 0.125605 0 3
92 2 0.0386234 0.0329454 0.0608203 0.0251964 15
84 2 0.0505347 0.0505347 0.0505347 0 6
93 1 0.078599 0.078599 0.078599 0 15

79 13 0.0325598 0.0325598 0.0481254 0.0155656 15
80 10 0.0162847 0.0162847 0.0482246 0.0319399 15
81 9 0.024245 0.024245 0.0497582 0.0255132 18
82 8 0.0225197 0.0225197 0.0478544 0.0253347 18
65 7 0.014739 0.014739 0.0488371 0.0340981 18
83 7 0.0200342 0.0200342 0.0476264 0.0275922 18
85 6 0.0178642 0.0178642 0.0483494 0.0304852 12
88 1 0.251088 0.251088 0.251088 0 18
94 2 0.100131 0.0842307 0.0921807 0.00795006 12
96 1 0.163194 0.163194 0.163194 0 15
90 2 0.0780684 0.0780684 0.0780684 0 6
95 3 0.0514979 0.0514979 0.0514979 0 18
86 3 0.0505636 0.0505636 0.0505636 0 18
87 3 0.0505636 0.0505636 0.0505636 0 15
92 1 0.131782 0.131782 0.131782 0 18
89 2 0.0628023 0.0628023 0.0628023 0 3
84 2 0.0505347 0.0505347 0.0505347 0 6
93 1 0.078599 0.078599 0.078599 0 15

80 14 0.0264626 0.0264626 0.0453645 0.0189019 15
79 10 0.0197332 0.0197332 0.0469661 0.0272329 15
81 9 0.0191939 0.0191939 0.0482885 0.0290946 18
82 8 0.0225197 0.0225197 0.0457986 0.0232789 18
65 7 0.0282177 0.021675 0.0509972 0.0284798 18
83 7 0.0148079 0.0148079 0.0477941 0.0329862 18
85 6 0.0253076 0.0253076 0.0506153 0.0253076 12
88 4 0.062772 0.062772 0.062772 0 18
94 2 0.100131 0.0842307 0.0921807 0.00795006 12
96 3 0.0407985 0.0407985 0.054398 0.0135995 15
90 2 0.0780684 0.0780684 0.0780684 0 6
95 3 0.0257489 0.0257489 0.0514979 0.0257489 18
86 3 0.0505636 0.0505636 0.0505636 0 18
87 3 0.0505636 0.0505636 0.0505636 0 15
89 2 0.0628023 0.0628023 0.0628023 0 3
92 2 0.0658909 0.0500719 0.0579814 0.0079095 15
84 2 0.0505347 0.0505347 0.0505347 0 6
93 1 0.078599 0.078599 0.078599 0 15

79 13 0.0217065 0.0217065 0.0479487 0.0262421 15
81 9 0.0191939 0.0191939 0.0497015 0.0305076 18
80 8 0.0181458 0.0181458 0.0499009 0.0317551 15
82 7 0.0212686 0.0212686 0.0537348 0.0324661 18
65 7 0.023985 0.0184237 0.0511821 0.0304994 21
83 7 0.0283817 0.0283817 0.0486544 0.0202727 18
97 1 0.306761 0.306761 0.306761 0 15
85 6 0.0216923 0.0216923 0.0476277 0.0259354 12
88 4 0.062772 0.062772 0.062772 0 18
94 2 0.100131 0.0842307 0.0921807 0.00795006 12
96 3 0.054398 0.054398 0.054398 0 15
90 2 0.0780684 0.0780684 0.0780684 0 6
95 3 0.0514979 0.0514979 0.0514979 0 18
86 3 0.0303381 0.0303381 0.0505636 0.0202254 18
87 3 0.0505636 0.0505636 0.0505636 0 15
89 2 0.0418682 0.0418682 0.0628023 0.0209341 3
92 2 0.0263563 0.0200287 0.0532357 0.0302092 15
84 1 0.0336898 0.0336898 0.0926815 0.0589917 3
93 1 0.078599 0.078599 0.078599 0 15

80 12 0.0423402 0.0423402 0.0508221 0.00848188 15
98 9 0.0533001 0.0533001 0.0533001 6.93889e-18 18
79 8 0.0158828 0.0158828 0.0555899 0.039707 1.5
81 8 0.0209389 0.0209389 0.0513407 0.0304018 18
82 7 0.0201492 0.0201492 0.0546908 0.0345415 18
65 7 0.0368474 0.0368474 0.0526392 0.0157918 18
83 6 0.0212863 0.0212863 0.0567634 0.0354772 18
97 5 0.023597 0.023597 0.0592615 0.0356645 15
85 5 0.0433845 0.0433845 0.0560512 0.0126667 12
88 4 0.062772 0.062772 0.062772 0 18
90 4 0.0761659 0.0390342 0.0551747 0.0165009 6
94 3 0.0500654 0.0417462 0.0549724 0.0110199 15
96 3 0.054398 0.054398 0.054398 0 15
86 3 0.0252818 0.0252818 0.0505636 0.0252818 18
95 2 0.0257489 0.0257489 0.070825 0.0450761 18
89 2 0.0628023 0.0628023 0.0628023 0 3
84 1 0.101069 0.101069 0.101069 0 6
93 1 0.078599 0.078599 0.078599 0 15
92 1 0.0257721 0.0257721 0.0257721 0 12

98 35 0.0126237 0.00443319 0.0112513 0.00184849 18
80 34 0.0167132 0 0.0111938 0.00739943 15
79 30 0.00566257 0.00400569 0.0114555 0.00656252 15

79 22 0.0295998 0.0295998 0.0295998 1.38778e-17 15
80 19 0.012453 0.012453 0.0293771 0.0169241 15
100 15 0.0287909 0.0287909 0.0296273 0.00083634 18
102 2 0.23985 0.104223 0.172037 0.0678139 18
98 10 0.00470295 0.00470295 0.0312148 0.0265119 18
99 3 0.0561538 0.0561538 0.0561538 0 12
101 1 0.151691 0.151691 0.151691 0 15
103 1 0.131782 0.131782 0.131782 0 18
104 1 0.101069 0.101069 0.101069 0 6

80 24 0.0176417 0.0176417 0.0262013 0.00855958 15
79 21 0.012523 0.012523 0.0265912 0.0140682 1.5
100 17 0.0118117 0.0118117 0.0260455 0.0142339 18
102 14 0.0123 0.0123 0.0275273 0.0152273 12
104 3 0.101555 0.0253018 0.0535154 0.034141 6
105 2 0.0858425 0.07157 0.0787063 0.00713626 18
101 1 0.151691 0.151691 0.151691 0 15
103 2 0.0658909 0.0500719 0.0579814 0.0079095 15

79 51 0.00571224 0.0042079 0.00986103 0.00423647 15
80 48 0.00907289 0.00907289 0.00992783 0.000854936 15

80 31 0.00846803 0.00846803 0.0199571 0.0114891 15
79 30 0.00566257 0.00566257 0.0201278 0.0144652 15
106 6 0.0799501 0.0526478 0.0753997 0.010175 18
108 1 0.125605 0.125605 0.125605 0 3
109 1 0.100144 0.100144 0.100144 0 15
107 1 0.078599 0.078599 0.078599 0 15

79 26 0.0110757 0.00930279 0.0249139 0.0155467 15
80 22 0.00747179 0.00747179 0.0249369 0.0174651 15
106 6 0.0799501 0.0526478 0.0753997 0.010175 18
112 1 0.163194 0.163194 0.163194 0 15
110 1 0.151691 0.151691 0.151691 0 15
111 1 0.151691 0.151691 0.151691 0 15
108 2 0.0628023 0.0628023 0.0628023 0 3
109 1 0.100144 0.100144 0.100144 0 15
107 3 0.0261997 0.0261997 0.0261997 0 15

80 26 0.0115473 0.0115473 0.024427 0.0128797 15
79 22 0.0109197 0.00917177 0.0244442 0.0151973 15
106 17 0.0177667 0.0177667 0.0249209 0.00715424 15
112 1 0.163194 0.163194 0.163194 0 15
110 1 0.151691 0.151691 0.151691 0 15
111 1 0.151691 0.151691 0.151691 0 15
108 2 0.0628023 0.0628023 0.0628023 0 3
109 1 0.100144 0.100144 0.100144 0 15
107 3 0.0261997 0.0261997 0.0261997 0 15
113 1 0 0 0 0 12

79 26 0.0155059 0.0130239 0.024258 0.011047 15
80 22 0.00870003 0.00870003 0.0239987 0.0152987 15
106 19 0.0126237 0.0126237 0.0239994 0.0113757 18
112 2 0.081597 0.081597 0.081597 0 15
110 2 0.0758453 0.0758453 0.0758453 0 15
111 2 0.0758453 0.0758453 0.0758453 0 15
108 3 0.0418682 0.0418682 0.0418682 0 3
109 1 0.100144 0.100144 0.100144 0 15
107 3 0.0261997 0.0261997 0.0261997 0 15
113 1 0 0 0 0 12

80 25 0.01095 0.01095 0.0249993 0.0140493 15
79 23 0.0127098 0.0106753 0.0252599 0.0141218 1.5
106 18 0.0123 0.0123 0.0261287 0.0138286 18
112 2 0.081597 0.081597 0.081597 0 15
110 5 0.0303381 0.0303381 0.0303381 0 15
111 3 0.0505636 0.0505636 0.0505636 0 15
108 5 0.0251209 0.0251209 0.0251209 0 3
109 2 0.0500719 0.0500719 0.0500719 0 15
107 3 0.0196497 0.0196497 0.0261997 0.00654992 15
114 1 0.0491586 0.0491586 0.0491586 0 15
113 1 0 0 0 0 12

80 52 0.0109846 0.00882087 0.0103818 0.00154811 15
79 47 0.00668359 0.00561375 0.0102225 0.00433685 12

115 39 0.0110757 0.00930279 0.0170383 0.00692355 15
80 32 0.00648273 0.00520576 0.0172105 0.0119289 15
116 1 0.183775 0.183775 0.183775 0 15
117 3 0.054398 0.054398 0.054398 0 15
118 2 0.0392995 0.0392995 0.0392995 0 15
119 1 0.0331514 0.0331514 0.0331514 0 18

80 31 0.0141231 0.0113411 0.0205603 0.00890915 15
115 31 0.00724577 0.00724577 0.0200755 0.0128297 18
116 1 0.183775 0.183775 0.183775 0 15
117 5 0.0326388 0.0326388 0.0326388 0 15
122 1 0.122033 0.122033 0.122033 0 3
120 2 0.0500719 0.0500719 0.0500719 0 15
118 2 0.0392995 0.0392995 0.0392995 0 15
121 2 0.0253018 0.0151886 0.0278396 0.00912375 6
119 1 0.0331514 0.0331514 0.0331514 0 18

115 31 0.0117469 0.0117469 0.0248333 0.0130864 18
80 22 0.00909072 0.00730003 0.0252393 0.0172293 15
116 3 0.0612584 0.0612584 0.0612584 0 15
117 6 0.027199 0.027199 0.027199 0 15
123 1 0.151691 0.151691 0.151691 0 18
125 1 0.151691 0.151691 0.151691 0 15
122 2 0.0623032 0.0610167 0.0616599 0.000643221 3
120 2 0.0500719 0.0500719 0.0500719 0 15
124 1 0.093505 0.093505 0.093505 0 18
118 3 0.0261997 0.0261997 0.0261997 0 15
121 2 0.0253018 0.0151886 0.0278396 0.00912375 6
119 1 0.0331514 0.0331514 0.0331514 0 18

80 23 0.0164769 0.0132313 0.0288509 0.0131037 15
115 21 0.0102013 0.0102013 0.0292378 0.0190365 18
116 6 0.0141366 0.0141366 0.0306292 0.0164927 15
117 5 0.0125534 0.0125534 0.0326388 0.0200854 15
123 3 0.0505636 0.0505636 0.0505636 0 18
125 1 0.151691 0.151691 0.151691 0 15
127 1 0.142914 0.142914 0.142914 0 18
122 2 0.0623032 0.0610167 0.0616599 0.000643221 3
128 1 0.113823 0.113823 0.113823 0 15
120 3 0.0200287 0.0200287 0.0333812 0.0133525 18
126 1 0.0976603 0.0976603 0.0976603 0 3
124 2 0.0467525 0.0467525 0.0467525 0 18
129 1 0.084855 0.084855 0.084855 0 12
118 2 0.0196497 0.0196497 0.0357978 0.0161481 15
121 1 0.0253018 0.0253018 0.0556791 0.0303773 6
119 1 0.0331514 0.0331514 0.0331514 0 18

115 24 0.0152019 0.0152019 0.0317942 0.0165923 18
80 20 0.0138753 0.0138753 0.0319238 0.0180485 15
116 6 0.0338616 0.00918877 0.0347414 0.023329 15
117 5 0.0434043 0.0163194 0.0380558 0.0195882 15
130 1 0.151691 0.151691 0.151691 0 15
123 4 0.0168545 0.0168545 0.0379227 0.0210682 18
125 4 0.0216701 0.0216701 0.0367015 0.0150314 15
127 2 0.0730649 0.0714571 0.072261 0.000803887 18
122 2 0.0623032 0.0610167 0.0616599 0.000643221 3
128 1 0.113823 0.113823 0.113823 0 15
120 3 0.0333812 0.0333812 0.0333812 0 18
126 1 0.0976603 0.0976603 0.0976603 0 3
124 2 0.0311683 0.0311683 0.0467525 0.0155842 18
129 1 0.084855 0.084855 0.084855 0 12
118 2 0.0392995 0.0392995 0.0392995 0 15
121 1 0.0253018 0.0253018 0.0556791 0.0303773 3
119 1 0.0331514 0.0331514 0.0331514 0 18

80 21 0.0161407 0.0161407 0.0352708 0.0191302 15
115 20 0.0123063 0.0123063 0.0356883 0.023382 18
116 5 0.0141366 0.0141366 0.0367551 0.0226185 15
117 5 0.0289362 0.0108796 0.0362501 0.0229266 15
130 4 0.0189613 0.0189613 0.0379227 0.0189613 15
125 4 0.0379227 0.0379227 0.0379227 0 15
131 2 0.0758453 0.0758453 0.0758453 0 15
123 4 0.0216701 0.0216701 0.0379227 0.0162526 18
127 2 0.0730649 0.0714571 0.072261 0.000803887 18
122 2 0.0623032 0.0610167 0.0616599 0.000643221 3
128 1 0.113823 0.113823 0.113823 0 15
120 2 0.0333812 0.0333812 0.0500719 0.0166906 18
126 1 0.0976603 0.0976603 0.0976603 0 3
124 2 0.0311683 0.0311683 0.0467525 0.0155842 18
129 1 0.084855 0.084855 0.084855 0 12
118 2 0.0392995 0.0392995 0.0392995 0 15
132 1 0.078599 0.078599 0.078599 0 15
121 1 0.0379527 0.0379527 0.0607357 0.022783 6
119 1 0.0331514 0.0331514 0.0331514 0 18

115 22 0.016152 0.016152 0.0341346 0.0179826 18
80 20 0.0116308 0.0116308 0.0333135 0.0216827 15
117 6 0.0434043 0.0163194 0.0362273 0.0167746 15
116 5 0.0153146 0.0153146 0.0367551 0.0214405 15
125 4 0.0126409 0.0126409 0.0379227 0.0252818 15
123 4 0.0379227 0.0379227 0.0379227 0 18
130 4 0.0168545 0.0168545 0.0370832 0.0202287 15
127 2 0.0730649 0.0714571 0.072261 0.000803887 18
122 2 0.0623032 0.0610167 0.0616599 0.000643221 3
128 2 0.0569114 0.0497781 0.0533448 0.00356666 18
120 2 0.0500719 0.0500719 0.0500719 0 18
126 1 0.0976603 0.0976603 0.0976603 0 3
124 2 0.0467525 0.0467525 0.0467525 0 18
129 1 0.084855 0.084855 0.084855 0 12
132 1 0.078599 0.078599 0.078599 0 15
121 1 0.0759055 0.0759055 0.0759055 0 3
118 2 0.0261997 0.0261997 0.0346306 0.00843091 15
119 1 0.0331514 0.0331514 0.0331514 0 18

80 22 0.0158179 0.0158179 0.0342119 0.0183941 15
115 20 0.0123063 0.0123063 0.0345701 0.0222638 18
117 6 0.0310031 0.0116567 0.0375488 0.0180092 15
116 5 0.0153146 0.0153146 0.0367551 0.0214405 15
122 3 0.086752 0.0406778 0.0563217 0.0215203 3
123 4 0.0189613 0.0189613 0.0379227 0.0189613 18
125 4 0.0137901 0.0137901 0.0379227 0.0241326 15
130 4 0.0379227 0.0379227 0.0379227 0 15
127 2 0.0730649 0.0714571 0.072261 0.000803887 18
128 3 0.0379409 0.0331854 0.0358283 0.00197731 15
120 2 0.0500719 0.0500719 0.0500719 0 18
126 1 0.0976603 0.0976603 0.0976603 0 3
124 2 0.0467525 0.0467525 0.0467525 0 18
129 1 0.084855 0.084855 0.084855 0 12
132 1 0.078599 0.078599 0.078599 0 15
118 2 0.0392995 0.0392995 0.0392995 0 15
121 1 0.0379527 0.0379527 0.0607357 0.022783 6
119 1 0.0331514 0.0331514 0.0331514 0 18

115 22 0.0155059 0.0155059 0.0342896 0.0187837 18
80 17 0.0125538 0.0125538 0.0344066 0.0218527 15
117 8 0.0289362 0.0146687 0.0371461 0.0110513 15
116 5 0.0167068 0.0167068 0.0367551 0.0200482 15
122 4 0.0260256 0.0137959 0.0410228 0.0188152 3
123 4 0.0151691 0.0151691 0.0379227 0.0227536 18
125 4 0.0379227 0.0379227 0.0379227 0 15
130 4 0.0379227 0.0379227 0.0379227 0 15
129 2 0.103014 0.0424275 0.072721 0.0302935 15
127 2 0.0730649 0.0714571 0.072261 0.000803887 18
128 3 0.0379409 0.0331854 0.0358283 0.00197731 18
120 2 0.0500719 0.0500719 0.0500719 0 18
126 1 0.0976603 0.0976603 0.0976603 0 3
124 2 0.0467525 0.0467525 0.0467525 0 18
132 1 0.078599 0.078599 0.078599 0 15
118 2 0.0392995 0.0392995 0.0392995 0 15
121 1 0.0759055 0.0759055 0.0759055 0 3
119 1 0.0331514 0.0331514 0.0331514 0 18

80 20 0.0202793 0.0202793 0.0395446 0.0192653 15
115 16 0.0127098 0.0127098 0.0402155 0.0275057 18
117 10 0.0271277 0.0271277 0.0389387 0.011811 15
122 6 0.0377268 0.021688 0.0391298 0.0159324 3
116 4 0.0141366 0.0141366 0.0459438 0.0318073 15
133 1 0.151691 0.151691 0.151691 0 18
130 3 0.0379227 0.0379227 0.0505636 0.0126409 15
123 3 0.0252818 0.0252818 0.0505636 0.0252818 18
125 3 0.010835 0.010835 0.0503363 0.0395012 15
129 2 0.103014 0.0424275 0.072721 0.0302935 15
127 2 0.0730649 0.0714571 0.072261 0.000803887 18
128 2 0.0379409 0.0363585 0.0537424 0.0166116 18
120 2 0.0500719 0.0500719 0.0500719 0 18
126 1 0.0976603 0.0976603 0.0976603 0 3
118 2 0.0436079 0.0261997 0.0480036 0.0157279 15
124 2 0.0467525 0.0467525 0.0467525 0 18
132 2 0.0392995 0.0392995 0.0392995 0 15
121 1 0.0759055 0.0759055 0.0759055 0 3
119 1 0.0331514 0.0331514 0.0331514 0 18

115 18 0.0193824 0.0193824 0.0417547 0.0223722 18
80 16 0.0118044 0.0118044 0.0404089 0.0286045 15
117 9 0.025532 0.025532 0.0440308 0.0184988 15
122 7 0.0348248 0.0200197 0.042023 0.0170931 3
116 6 0.0790893 0.0183775 0.0407478 0.0257301 15
129 1 0.206029 0.206029 0.206029 0 15
134 2 0.0758453 0.0758453 0.0758453 0 15
125 3 0.0505636 0.0505636 0.0505636 0 15
130 3 0.0505636 0.0505636 0.0505636 0 15
133 3 0.0151691 0.0151691 0.0505636 0.0353945 18
127 2 0.0730649 0.0714571 0.072261 0.000803887 18
128 2 0.0569114 0.0545377 0.0557246 0.00118686 15
118 2 0.0654119 0.0392995 0.0523557 0.0130562 15
120 2 0.0500719 0.0500719 0.0500719 0 18
126 1 0.0976603 0.0976603 0.0976603 0 3
124 2 0.0311683 0.0311683 0.0467525 0.0155842 18
132 1 0.0392995 0.0392995 0.078599 0.0392995 15
121 1 0.0379527 0.0379527 0.0607357 0.022783 6
119 1 0.0331514 0.0331514 0.0331514 0 18

80 16 0.0232615 0.0232615 0.0494308 0.0261692 15
116 3 0.263631 0.263631 0.263631 0 15
115 12 0.0146282 0.0146282 0.0509571 0.0363288 1.5
117 8 0.0163818 0.0160757 0.0528096 0.0366958 15
122 6 0.0348248 0.0200197 0.0512102 0.0243785 3
129 4 0.0326966 0.0171691 0.0553891 0.0349902 15
135 3 0.0183775 0.0183775 0.0612584 0.0428809 15
134 3 0.0252818 0.0252818 0.0505636 0.0252818 15
130 3 0.0505636 0.0505636 0.0505636 0 15
133 3 0.0505636 0.0505636 0.0505636 0 18
127 2 0.0730649 0.0714571 0.072261 0.000803887 18
136 1 0.14302 0.14302 0.14302 0 0
128 2 0.0284557 0.0284557 0.056318 0.0278623 15
118 2 0.0654119 0.0392995 0.0523557 0.0130562 15
137 1 0.10168 0.10168 0.10168 0 18
120 2 0.0500719 0.0500719 0.0500719 0 18
126 1 0.0976603 0.0976603 0.0976603 0 3
124 1 0.0467525 0.0467525 0.093505 0.0467525 18
132 1 0.078599 0.078599 0.078599 0 15
121 1 0.0759055 0.0759055 0.0759055 0 3
119 1 0.0331514 0.0331514 0.0331514 0 18

116 22 0.0359497 0.00753682 0.0346582 0.00591836 15
80 34 0.0171933 0.0171933 0.017895 0.000701708 1.5
115 22 0.00717867 0.00717867 0.0180369 0.0108582 15

80 53 0.00767857 0.00767857 0.0140923 0.00641373 15
116 46 0.0105452 0.0105452 0.0143443 0.00379902 15

116 38 0.0131815 0.0131815 0.020813 0.00763142 15
80 34 0.00608379 0.00608379 0.02097 0.0148862 1.5
140 3 0.0505636 0.0505636 0.0505636 0 15
141 1 0.147574 0.147574 0.147574 0 15
138 3 0.0364816 0.0328649 0.0340705 0.0017049 3
139 1 0.095281 0.095281 0.095281 0 21
142 1 0.0505855 0.0505855 0.0505855 0 15

116 52 0.00783062 0.00783062 0.0137479 0.00591732 15
80 47 0.00988616 0.00988616 0.0137362 0.00385004 15

80 45 0.0118044 0.0118044 0.0173384 0.00553403 15
116 39 0.00617885 0.00617885 0.0173676 0.0111888 15
144 1 0.151691 0.151691 0.151691 0 15
143 3 0.0364816 0.0328649 0.0340705 0.0017049 3

116 34 0.0127563 0.0127563 0.0230254 0.0102691 15
80 31 0.00706154 0.00706154 0.0228763 0.0158147 15
147 1 0.302177 0.302177 0.302177 0 18
144 2 0.0758453 0.0758453 0.0758453 0 15
146 1 0.147574 0.147574 0.147574 0 15
143 4 0.0136806 0.0136806 0.0266831 0.0130025 3
145 2 0.0252927 0.0252927 0.0252927 0 15

80 34 0.0111393 0.0111393 0.0224123 0.011273 15
116 30 0.00878769 0.00878769 0.022259 0.0134713 15
147 1 0.302177 0.302177 0.302177 0 18
144 2 0.0758453 0.0758453 0.0758453 0 15
146 1 0.147574 0.147574 0.147574 0 15
143 4 0.0182408 0.0182408 0.026457 0.00821623 3
145 2 0.0126464 0.0126464 0.0252927 0.0126464 15

116 35 0.0116308 0.0116308 0.022027 0.0103962 15
80 29 0.00888643 0.00888643 0.0225461 0.0136596 15
147 1 0.302177 0.302177 0.302177 0 18
144 3 0.0505636 0.0505636 0.0505636 0 15
146 1 0.147574 0.147574 0.147574 0 15
143 4 0.0182408 0.0182408 0.026457 0.00821623 3
145 2 0.00843091 0.00843091 0.0252927 0.0168618 15

80 34 0.0123577 0.0123577 0.0222138 0.00985615 15
116 30 0.00815353 0.00815353 0.0219667 0.0138131 15
147 1 0.302177 0.302177 0.302177 0 18
144 3 0.0505636 0.0505636 0.0505636 0 15
146 1 0.147574 0.147574 0.147574 0 15
143 4 0.0187307 0.0182408 0.0270316 0.00867091 3
145 2 0.0168618 0.0168618 0.0252927 0.00843091 15

116 35 0.0347805 0.0125538 0.0222961 0.00983117 15
80 30 0.00841375 0.00841375 0.0225099 0.0140962 15
147 1 0.302177 0.302177 0.302177 0 18
144 5 0.0303381 0.0303381 0.0303381 0 15
146 3 0.0491913 0.0491913 0.0491913 0 15
143 4 0.028096 0.0273612 0.0275449 0.0003182 3
145 2 0.0101171 0.0101171 0.0252927 0.0151756 15

80 34 0.0127563 0.0127563 0.0224519 0.00969555 15
116 31 0.0228247 0.00823846 0.022361 0.0135827 1.5
147 1 0.302177 0.302177 0.302177 0 18
144 6 0.0216701 0.0216701 0.0252818 0.00361168 15
146 4 0.0368935 0.0368935 0.0368935 0 15
143 4 0.0224768 0.0218889 0.0274435 0.00541362 3
145 2 0.0101171 0.0101171 0.0252927 0.0151756 15

116 50 0.0246199 0.00888643 0.0132117 0.00494202 15
80 49 0.00850422 0.00850422 0.0132344 0.00473022 18

80 44 0.0138682 0.00500565 0.0189526 0.0128004 15
148 26 0.0397786 0.0057661 0.0299908 0.00886134 15
150 2 0.0758453 0.0758453 0.0758453 0 15
149 1 0.114221 0.114221 0.114221 0 21
116 1 0.00421545 0.00421545 0.0126464 0.00843091 1.5

80 40 0.0199197 0.00718993 0.0223593 0.0117469 15
149 35 0.0413428 0.0149225 0.0222872 0.00794129 15
148 4 0.146365 0.0181774 0.0703418 0.0472453 15
150 2 0.0758453 0.0758453 0.0758453 0 15
116 4 0.0323254 0.0101171 0.0238231 0.00825772 15

80 44 0.023561 0.0111209 0.0231986 0.00873571 12
149 34 0.0273896 0.00988616 0.0231408 0.0126983 15
152 2 0.0809512 0.0737869 0.0773691 0.00358212 12
150 2 0.0758453 0.0758453 0.0758453 0 15
151 4 0.0273612 0.0177197 0.0230412 0.00437764 0
116 3 0.0404067 0.0126464 0.0261153 0.0137485 15

80 42 0.0365195 0.0365195 0.0419726 0.00545308 12
153 24 0.0220052 0.0220052 0.0416225 0.0196173 15
149 21 0.032704 0.0118044 0.0414148 0.0249096 15
152 3 0.0539675 0.0491913 0.0507833 0.00225151 12
150 3 0.0379227 0.0379227 0.0505636 0.0126409 15
151 2 0.0218889 0.0218889 0.0439538 0.0220649 3
116 2 0.0538756 0.0168618 0.0437996 0.0203368 15

80 42 0.0202886 0.0202886 0.0466701 0.0263815 1.5
149 22 0.0995986 0.0359497 0.0548173 0.0278907 15
153 21 0.0198893 0.0198893 0.0461678 0.0262785 15
150 3 0.0505636 0.0505636 0.0505636 0 15
152 3 0.0404756 0.0368935 0.0503853 0.0124132 12
151 1 0.0273612 0.0273612 0.0901618 0.0628006 3
116 1 0.0404067 0.0404067 0.0697068 0.0293001 15

80 100 0.0113532 0.0113532 0.0144359 0.00308267 12

154 18 0.121732 0.00214802 0.115088 0.027392 12
80 43 0.0124498 0.0124498 0.0453554 0.0329056 12
155 2 0.0809512 0.0809512 0.0809512 0 12
156 1 0.151691 0.151691 0.151691 0 12
158 1 0.0708788 0.0708788 0.0708788 0 0
157 1 0.0166537 0.0166537 0.0333074 0.0166537 12

80 49 0.0331995 0.0331995 0.044088 0.0108885 12
154 39 0.0248996 0.0248996 0.0442873 0.0193876 12
155 3 0.0539675 0.0539675 0.0539675 0 12
156 2 0.0758453 0.0758453 0.0758453 0 12
158 1 0.0366576 0.0366576 0.072097 0.0354394 0
159 1 0.0386643 0.0386643 0.0386643 0 18
157 1 0.00832685 0.00832685 0.0333074 0.0249805 12

154 47 0.0376356 0.0337103 0.0453606 0.0115806 12
80 42 0.0187279 0.0187279 0.0449448 0.0262168 1.5
155 3 0.0404756 0.0404756 0.0539675 0.0134919 12
156 3 0.0379227 0.0379227 0.0505636 0.0126409 12
158 1 0.0366576 0.0366576 0.072097 0.0354394 0
159 1 0.0386643 0.0386643 0.0386643 0 18
157 1 0.0111025 0.0111025 0.0333074 0.0222049 12

154 52 0.0202175 0.0181088 0.0379589 0.0198116 12
80 47 0.0284567 0.0284567 0.0379814 0.00952469 12

80 47 0.039128 0.039128 0.0466206 0.0074926 12
154 40 0.0179876 0.0161115 0.0474841 0.031327 12
160 1 0.166994 0.166994 0.166994 0 15
161 3 0.0404756 0.0404756 0.0539675 0.0134919 12
162 1 0.151691 0.151691 0.151691 0 12
163 1 0.0753641 0.0753641 0.0753641 0 0

154 46 0.0349474 0.0313024 0.0458869 0.0144451 12
80 44 0.0201025 0.0201025 0.0460348 0.0259323 12
161 3 0.0202378 0.0202378 0.0539675 0.0337297 12
162 1 0.151691 0.151691 0.151691 0 12
163 1 0.0251214 0.0251214 0.0723739 0.0472526 0
164 1 0.0166537 0.0166537 0.0333074 0.0166537 12

80 44 0.0398394 0.0398394 0.0489982 0.00915874 12
154 41 0.0186742 0.0167265 0.0487215 0.0319028 12
165 1 0.252043 0.252043 0.252043 0 15
161 3 0.0539675 0.0539675 0.0539675 0 12
162 2 0.0758453 0.0758453 0.0758453 0 12
163 1 0.0753641 0.0753641 0.0753641 0 0
164 1 0.0111025 0.0111025 0.0333074 0.0222049 12

154 44 0.0344552 0.0308615 0.0492583 0.0180996 12
80 41 0.0206714 0.0206714 0.0490267 0.0283553 12
165 1 0.252043 0.252043 0.252043 0 15
161 3 0.0231289 0.0231289 0.0539675 0.0308385 12
162 3 0.0379227 0.0379227 0.0505636 0.0126409 12
163 1 0.0376821 0.0376821 0.072068 0.034386 0
164 1 0.0166537 0.0166537 0.0333074 0.0166537 12

80 47 0.0421379 0.0421379 0.0466206 0.00448275 12
154 43 0.0200518 0.0179604 0.0467595 0.0283266 12
161 3 0.0539675 0.0539675 0.0539675 0 12
162 3 0.0216701 0.0216701 0.0505636 0.0288935 12
163 1 0.018841 0.018841 0.070271 0.0514299 0
164 1 0.00555123 0.00555123 0.0333074 0.0277562 12

154 45 0.0382237 0.034237 0.0462251 0.0110663 12
80 43 0.0179604 0.0179604 0.0456279 0.0276675 12
161 3 0.0404756 0.0404756 0.0539675 0.0134919 12
162 3 0.0505636 0.0505636 0.0505636 0 12
166 1 0.0903747 0.0903747 0.0903747 0 15
163 1 0.0251214 0.0251214 0.0718647 0.0467433 0
164 1 0.0333074 0.0333074 0.0333074 0 12

80 43 0.0347805 0.0347805 0.0502168 0.0154363 12
154 40 0.0212723 0.0190536 0.0511451 0.0306676 12
167 1 0.209963 0.209963 0.209963 0 15
161 3 0.0404756 0.0404756 0.0539675 0.0134919 12
166 2 0.107555 0.0451873 0.0763711 0.0311838 15
162 3 0.0303381 0.0303381 0.0505636 0.0202254 12
163 1 0.0417589 0.0417589 0.0794409 0.0376821 0
164 1 0.00666148 0.00666148 0.0333074 0.0266459 12

154 48 0.0376356 0.0337103 0.045623 0.00885685 12
80 40 0.023389 0.0193909 0.0458734 0.02639 12
161 3 0.0404756 0.0404756 0.0539675 0.0134919 12
162 3 0.0379227 0.0379227 0.0505636 0.0126409 12
168 1 0.0903747 0.0903747 0.0903747 0 15
163 1 0.028656 0.028656 0.0785182 0.0498622 0
164 1 0.00832685 0.00832685 0.0333074 0.0249805 12

154 44 0.0207315 0.0207315 0.0492873 0.0285558 12
80 42 0.0426283 0.0353414 0.0500855 0.0146129 12
161 3 0.0231289 0.0231289 0.0539675 0.0308385 12
162 3 0.0303381 0.0303381 0.0505636 0.0202254 12
169 1 0.113575 0.113575 0.113575 0 18
168 1 0.0903747 0.0903747 0.0903747 0 15
163 1 0.042984 0.042984 0.0847429 0.0417589 0
164 1 0.0333074 0.0333074 0.0333074 0 12

80 44 0.0426283 0.0353414 0.0499649 0.0144986 12
154 42 0.0209087 0.0209087 0.0501263 0.0292177 1.5
161 3 0.0404756 0.0404756 0.0539675 0.0134919 12
162 3 0.0379227 0.0379227 0.0505636 0.0126409 12
169 1 0.113575 0.113575 0.113575 0 18
168 1 0.0903747 0.0903747 0.0903747 0 15
163 1 0.0171936 0.0171936 0.0829502 0.0657566 0
164 1 0.0166537 0.0166537 0.0333074 0.0166537 12

80 51 0.0220246 0.0182597 0.0398633 0.0214005 12
154 48 0.0321884 0.0321884 0.0399758 0.00778747 12

154 49 0.0359752 0.0359752 0.048576 0.0126008 12
80 40 0.0214874 0.0178144 0.0488201 0.030483 12
170 3 0.0323805 0.0323805 0.0539675 0.021587 12
172 1 0.151691 0.151691 0.151691 0 12
173 1 0.0835177 0.0835177 0.0835177 0 0
171 1 0.0333074 0.0333074 0.0333074 0 12

154 44 0.0192623 0.0192623 0.0514245 0.0321621 12
80 43 0.0471956 0.039128 0.0514368 0.0107798 12
170 3 0.0323805 0.0323805 0.0539675 0.021587 12
172 3 0.0505636 0.0505636 0.0505636 0 12
174 1 0.130899 0.130899 0.130899 0 12
173 1 0.0835177 0.0835177 0.0835177 0 0
171 1 0.0166537 0.0166537 0.0333074 0.0166537 12

80 45 0.0367077 0.0304329 0.0495221 0.0171946 12
154 42 0.0222392 0.0222392 0.0491125 0.0268732 12
170 3 0.0539675 0.0539675 0.0539675 0 12
172 3 0.0505636 0.0505636 0.0505636 0 12
174 1 0.130899 0.130899 0.130899 0 12
173 1 0.0171936 0.0171936 0.0804966 0.063303 0
171 1 0.0166537 0.0166537 0.0333074 0.0166537 12

154 48 0.0382237 0.0382237 0.0503933 0.0121696 12
80 40 0.0222097 0.0205573 0.0512953 0.0294655 12
170 3 0.0323805 0.0323805 0.0539675 0.021587 12
172 3 0.0505636 0.0505636 0.0505636 0 12
174 1 0.130899 0.130899 0.130899 0 12
173 1 0.042984 0.042984 0.085968 0.042984 0
171 1 0.0166537 0.0166537 0.0333074 0.0166537 12

80 46 0.0440492 0.0440492 0.0556084 0.0115592 12
154 38 0.0216636 0.0200518 0.0558605 0.0357673 12
175 1 0.278093 0.278093 0.278093 0 15
170 2 0.0404756 0.0404756 0.0809512 0.0404756 12
172 2 0.0379227 0.0379227 0.0758453 0.0379227 12
174 1 0.130899 0.130899 0.130899 0 12
173 1 0.085968 0.085968 0.085968 0 0
171 1 0.00832685 0.00832685 0.0333074 0.0249805 12

80 42 0.0216636 0.0216636 0.0561969 0.0345333 12
154 41 0.0463676 0.0429178 0.0557916 0.0128007 12
175 1 0.278093 0.278093 0.278093 0 15
170 2 0.0539675 0.0539675 0.0809512 0.0269837 12
172 2 0.0379227 0.0379227 0.0758453 0.0379227 12
174 1 0.130899 0.130899 0.130899 0 12
173 1 0.042984 0.042984 0.085968 0.042984 0
171 1 0.0166537 0.0166537 0.0333074 0.0166537 12

154 42 0.0412961 0.0382237 0.0567235 0.0182974 12
80 39 0.0238104 0.0238104 0.0570705 0.0332601 12
175 1 0.278093 0.278093 0.278093 0 15
176 1 0.187251 0.187251 0.187251 0 12
170 2 0.0539675 0.0539675 0.0809512 0.0269837 12
172 2 0.0303381 0.0303381 0.0758453 0.0455072 12
174 1 0.130899 0.130899 0.130899 0 12
173 1 0.028656 0.028656 0.0794228 0.0507668 0
171 1 0.0166537 0.0166537 0.0333074 0.0166537 12

80 44 0.0447958 0.0447958 0.058202 0.0134062 12
154 37 0.0229822 0.0212723 0.0588634 0.0371367 12
175 1 0.278093 0.278093 0.278093 0 15
176 1 0.187251 0.187251 0.187251 0 12
170 2 0.0404756 0.0404756 0.0809512 0.0404756 12
172 2 0.0379227 0.0379227 0.0758453 0.0379227 12
174 1 0.130899 0.130899 0.130899 0 12
173 1 0.028656 0.028656 0.0794228 0.0507668 0
171 1 0.0166537 0.0166537 0.0333074 0.0166537 12

154 41 0.038867 0.0359752 0.058833 0.021284 12
80 36 0.0256597 0.0256597 0.0594725 0.0338127 15
175 1 0.278093 0.278093 0.278093 0 15
177 1 0.222596 0.222596 0.222596 0 15
176 1 0.187251 0.187251 0.187251 0 12
170 2 0.0323805 0.0323805 0.0809512 0.0485707 12
172 2 0.0505636 0.0505636 0.0758453 0.0252818 12
174 1 0.130899 0.130899 0.130899 0 12
173 1 0.028656 0.028656 0.0794228 0.0507668 0
171 1 0.00832685 0.00832685 0.0333074 0.0249805 12

80 42 0.0406608 0.0406608 0.0620702 0.0214094 12
154 36 0.025171 0.025171 0.0623256 0.0371546 12
175 1 0.278093 0.278093 0.278093 0 15
177 1 0.222596 0.222596 0.222596 0 15
176 1 0.187251 0.187251 0.187251 0 12
170 2 0.0809512 0.0809512 0.0809512 0 12
172 2 0.0303381 0.0303381 0.0758453 0.0455072 12
174 1 0.130899 0.130899 0.130899 0 12
173 1 0.021492 0.021492 0.0824875 0.0609955 0
171 1 0.0166537 0.0166537 0.0333074 0.0166537 12

154 45 0.0394471 0.0394471 0.0539303 0.0144833 12
80 44 0.025171 0.025171 0.0545386 0.0293676 12
170 3 0.0323805 0.0323805 0.0539675 0.021587 12
172 2 0.0758453 0.0758453 0.0758453 0 12
174 1 0.130899 0.130899 0.130899 0 12
173 1 0.021492 0.021492 0.0792237 0.0577316 0
171 1 0.00832685 0.00832685 0.0333074 0.0249805 12

80 46 0.0377565 0.0377565 0.0559367 0.0181802 12
154 41 0.0235978 0.0235978 0.0565785 0.0329807 12
170 2 0.0323805 0.0323805 0.0809512 0.0485707 12
172 2 0.0379227 0.0379227 0.0758453 0.0379227 12
174 1 0.130899 0.130899 0.130899 0 12
173 1 0.042984 0.042984 0.0808687 0.0378847 0
178 1 0.0758852 0.0758852 0.0758852 0 15
171 1 0.0166537 0.0166537 0.0333074 0.0166537 12

154 45 0.0480537 0.0480537 0.0540338 0.0059801 12
80 43 0.0211436 0.0211436 0.0542288 0.0330852 12
170 3 0.0323805 0.0323805 0.0539675 0.021587 12
172 2 0.0379227 0.0379227 0.0758453 0.0379227 12
174 1 0.130899 0.130899 0.130899 0 12
173 1 0.028656 0.028656 0.0794228 0.0507668 0
178 1 0.0758852 0.0758852 0.0758852 0 15
171 1 0.0333074 0.0333074 0.0333074 0 12

80 48 0.0406608 0.0406608 0.0535731 0.0129123 12
154 39 0.0225893 0.0225893 0.0545886 0.0319992 12
170 3 0.0323805 0.0323805 0.0539675 0.021587 12
172 2 0.0505636 0.0505636 0.0758453 0.0252818 12
174 1 0.130899 0.130899 0.130899 0 12
173 1 0.028656 0.028656 0.0792959 0.0506398 0
178 1 0.0758852 0.0758852 0.0758852 0 15
171 1 0.0166537 0.0166537 0.0333074 0.0166537 12

154 45 0.050826 0.050826 0.0554671 0.00464105 12
80 43 0.02673 0.0203304 0.0560636 0.0355975 12
170 2 0.0539675 0.0539675 0.0809512 0.0269837 12
172 2 0.0505636 0.0505636 0.0758453 0.0252818 12
174 1 0.130899 0.130899 0.130899 0 12
173 1 0.021492 0.021492 0.0786047 0.0571127 0
178 1 0.0758852 0.0758852 0.0758852 0 15
171 1 0.0166537 0.0166537 0.0333074 0.0166537 12

80 44 0.0518642 0.0394471 0.059621 0.0199776 12
154 38 0.023389 0.023389 0.0605845 0.0371956 12
179 1 0.370085 0.370085 0.370085 0 15
170 2 0.0809512 0.0809512 0.0809512 0 12
172 2 0.0379227 0.0379227 0.0758453 0.0379227 12
174 1 0.130899 0.130899 0.130899 0 12
173 1 0.028656 0.028656 0.0813274 0.0526713 0
178 1 0.0758852 0.0758852 0.0758852 0 15
171 1 0.00832685 0.00832685 0.0333074 0.0249805 12

154 43 0.0433271 0.0433271 0.0589214 0.0155943 15
80 39 0.0307513 0.023389 0.0596448 0.0360858 12
179 1 0.370085 0.370085 0.370085 0 15
170 2 0.0404756 0.0404756 0.0809512 0.0404756 12
172 2 0.0252818 0.0252818 0.0758453 0.0505636 12
174 1 0.130899 0.130899 0.130899 0 12
173 1 0.085968 0.085968 0.085968 0 0
178 1 0.0758852 0.0758852 0.0758852 0 15
171 1 0.0111025 0.0111025 0.0333074 0.0222049 12

80 46 0.057915 0.0440492 0.0556633 0.011492 12
154 42 0.0227841 0.0227841 0.0554979 0.0327139 12
170 2 0.0404756 0.0404756 0.0809512 0.0404756 12
172 2 0.0505636 0.0505636 0.0758453 0.0252818 12
174 1 0.130899 0.130899 0.130899 0 12
173 1 0.021492 0.021492 0.0779479 0.0564559 0
178 1 0.0758852 0.0758852 0.0758852 0 15
171 1 0.0166537 0.0166537 0.0333074 0.0166537 12

154 46 0.0406608 0.0406608 0.0557993 0.0151385 12
80 42 0.0284828 0.0216636 0.0563072 0.0342017 12
170 2 0.0809512 0.0809512 0.0809512 0 12
172 2 0.0758453 0.0758453 0.0758453 0 12
174 1 0.130899 0.130899 0.130899 0 12
173 1 0.042984 0.042984 0.0810591 0.0380751 0
178 1 0.0758852 0.0758852 0.0758852 0 15
171 1 0.0333074 0.0333074 0.0333074 0 12

80 47 0.0518642 0.0394471 0.0557263 0.0157813 12
154 41 0.0227841 0.0227841 0.0552995 0.0325154 12
170 2 0.0809512 0.0809512 0.0809512 0 12
172 2 0.0505636 0.0505636 0.0758453 0.0252818 12
174 1 0.130899 0.130899 0.130899 0 12
173 1 0.028656 0.028656 0.0803751 0.0517191 0
178 1 0.0758852 0.0758852 0.0758852 0 15
171 1 0.0111025 0.0111025 0.0333074 0.0222049 12

154 45 0.0433271 0.0433271 0.0568973 0.0135702 12
80 42 0.0282512 0.0214874 0.0567587 0.0345356 12
170 2 0.0539675 0.0539675 0.0809512 0.0269837 12
172 2 0.0379227 0.0379227 0.0758453 0.0379227 12
174 1 0.130899 0.130899 0.130899 0 12
173 1 0.085968 0.085968 0.085968 0 0
178 1 0.0758852 0.0758852 0.0758852 0 15
171 1 0.0166537 0.0166537 0.0333074 0.0166537 12

80 44 0.0620518 0.0471956 0.0611025 0.0129287 12
154 38 0.0222097 0.0222097 0.0610552 0.0388455 12
180 2 0.233288 0.134333 0.183811 0.0494775 15
170 2 0.0539675 0.0539675 0.0809512 0.0269837 12
172 2 0.0216701 0.0216701 0.0758453 0.0541752 12
174 1 0.130899 0.130899 0.130899 0 12
173 1 0.042984 0.042984 0.0769149 0.0339308 0
178 1 0.0252951 0.0252951 0.0446714 0.0193763 15
171 1 0.0166537 0.0166537 0.0333074 0.0166537 12

154 42 0.0426283 0.0426283 0.0602897 0.0176614 12
80 40 0.0307513 0.023389 0.0603818 0.0345947 12
174 2 0.235591 0.0654493 0.15052 0.085071 12
181 1 0.262688 0.262688 0.262688 0 15
170 2 0.0404756 0.0404756 0.0809512 0.0404756 12
172 2 0.0758453 0.0758453 0.0758453 0 12
173 1 0.028656 0.028656 0.0781004 0.0494443 0
178 1 0.0758852 0.0758852 0.0758852 0 15
171 1 0.00832685 0.00832685 0.0333074 0.0249805 12

80 44 0.0503609 0.0383037 0.0634111 0.0202683 12
154 38 0.0327821 0.0249335 0.0642214 0.0390606 15
174 2 0.235591 0.0654493 0.15052 0.085071 12
181 1 0.262688 0.262688 0.262688 0 15
170 2 0.0539675 0.0539675 0.0809512 0.0269837 12
172 2 0.0252818 0.0252818 0.0758453 0.0505636 12
173 1 0.085968 0.085968 0.085968 0 0
178 1 0.0758852 0.0758852 0.0758852 0 15
171 1 0.0111025 0.0111025 0.0333074 0.0222049 12

80 31 0.0294483 0.0294483 0.0865556 0.0571073 12
182 31 0.0599121 0.0455682 0.086275 0.0398456 12
181 2 1.73745 0.131344 0.934397 0.803053 15
183 1 0.371083 0.371083 0.371083 0 15
174 2 0.235591 0.0654493 0.15052 0.085071 12
170 1 0.0323805 0.0323805 0.161902 0.129522 12
172 1 0.0505636 0.0505636 0.151691 0.101127 12
173 1 0.085968 0.085968 0.085968 0 0
178 1 0.0758852 0.0758852 0.0758852 0 15
171 1 0.0333074 0.0333074 0.0333074 0 12

80 43 0.0413679 0.0413679 0.0713946 0.0300268 12
182 35 0.0476014 0.0362048 0.071712 0.0342653 12
183 1 0.371083 0.371083 0.371083 0 15
174 2 0.235591 0.0654493 0.15052 0.085071 12
181 1 0.262688 0.262688 0.262688 0 15
170 2 0.0809512 0.0809512 0.0809512 0 12
172 2 0.0758453 0.0758453 0.0758453 0 12
173 1 0.085968 0.085968 0.085968 0 0
178 1 0.0758852 0.0758852 0.0758852 0 15
171 1 0.00666148 0.00666148 0.0333074 0.0266459 12

80 43 0.0334125 0.0334125 0.0715589 0.0381464 12
182 36 0.0569656 0.0433271 0.072607 0.0271698 12
183 1 0.371083 0.371083 0.371083 0 15
174 2 0.235591 0.0654493 0.15052 0.085071 12
181 1 0.262688 0.262688 0.262688 0 15
170 2 0.0323805 0.0323805 0.0809512 0.0485707 12
172 2 0.0379227 0.0379227 0.0758453 0.0379227 12
178 1 0.0758852 0.0758852 0.0758852 0 15
173 1 0.014328 0.014328 0.0745562 0.0602282 0
171 1 0.00832685 0.00832685 0.0333074 0.0249805 12

80 41 0.03159 0.03159 0.0718968 0.0403068 12
182 36 0.0569656 0.0433271 0.0736805 0.0272646 12
183 1 0.371083 0.371083 0.371083 0 15
174 2 0.235591 0.0654493 0.15052 0.085071 12
181 1 0.262688 0.262688 0.262688 0 15
170 2 0.0323805 0.0323805 0.0809512 0.0485707 12
184 1 0.161619 0.161619 0.161619 0 15
172 2 0.0379227 0.0379227 0.0758453 0.0379227 12
173 1 0.085968 0.085968 0.085968 0 0
178 1 0.0379426 0.0379426 0.0547393 0.0167967 15
171 1 0.0166537 0.0166537 0.0333074 0.0166537 12

80 43 0.0307513 0.0307513 0.0715546 0.0408033 12
182 37 0.0560468 0.0426283 0.071789 0.0252751 12
183 1 0.371083 0.371083 0.371083 0 15
181 1 0.262688 0.262688 0.262688 0 15
170 2 0.0404756 0.0404756 0.0809512 0.0404756 12
172 2 0.0505636 0.0505636 0.0758453 0.0252818 12
174 1 0.130899 0.130899 0.130899 0 12
173 1 0.085968 0.085968 0.085968 0 0
178 1 0.0758852 0.0758852 0.0758852 0 15
171 1 0.0166537 0.0166537 0.0333074 0.0166537 12

80 41 0.0307513 0.0307513 0.0708686 0.0401173 12
182 41 0.0560468 0.0453259 0.0708519 0.0214883 12
183 1 0.371083 0.371083 0.371083 0 15
181 1 0.262688 0.262688 0.262688 0 15
170 2 0.0539675 0.0539675 0.0809512 0.0269837 12
172 2 0.0505636 0.0505636 0.0758453 0.0252818 12
174 1 0.130899 0.130899 0.130899 0 12
173 1 0.085968 0.085968 0.085968 0 0
178 1 0.0758852 0.0758852 0.0758852 0 15
171 1 0.00832685 0.00832685 0.0333074 0.0249805 12

80 41 0.0361969 0.0361969 0.0733947 0.0371978 12
182 40 0.0469581 0.0379758 0.0739071 0.0299281 12
183 1 0.371083 0.371083 0.371083 0 15
181 1 0.262688 0.262688 0.262688 0 15
170 3 0.0529859 0.0202378 0.0757995 0.0370946 12
172 2 0.0303381 0.0303381 0.0758453 0.0455072 12
174 1 0.130899 0.130899 0.130899 0 12
173 1 0.042984 0.042984 0.0823727 0.0393887 0
178 1 0.0758852 0.0758852 0.0758852 0 15
171 1 0.0111025 0.0111025 0.0333074 0.0222049 12

182 40 0.0551571 0.0446065 0.076798 0.0226037 12
80 39 0.0330467 0.03159 0.0773591 0.0457323 12
183 1 0.371083 0.371083 0.371083 0 15
170 4 0.105972 0.0404756 0.0895978 0.0283607 12
181 1 0.262688 0.262688 0.262688 0 15
172 2 0.0379227 0.0379227 0.0758453 0.0379227 12
174 1 0.130899 0.130899 0.130899 0 12
178 1 0.0758852 0.0758852 0.0758852 0 15
173 1 0.028656 0.028656 0.0738971 0.0452411 0
171 1 0.00832685 0.00832685 0.0333074 0.0249805 12

80 43 0.0519306 0.0496414 0.0781373 0.0283422 12
182 38 0.0340676 0.0340676 0.0790996 0.0450319 12
183 1 0.371083 0.371083 0.371083 0 15
170 3 0.0605554 0.0605554 0.0913939 0.0308385 12
181 1 0.262688 0.262688 0.262688 0 15
172 1 0.0758453 0.0758453 0.151691 0.0758453 12
174 1 0.130899 0.130899 0.130899 0 12
173 1 0.0219021 0.0219021 0.0825275 0.0606254 0
178 1 0.0379426 0.0379426 0.0630717 0.0251291 15
171 1 0.0333074 0.0333074 0.0333074 0 12

182 39 0.0655641 0.0655641 0.0857918 0.0202277 12
80 34 0.0300425 0.0287182 0.0864677 0.0575566 12
185 1 0.661142 0.661142 0.661142 0 15
170 3 0.141296 0.141296 0.141296 0 12
183 1 0.371083 0.371083 0.371083 0 15
181 1 0.262688 0.262688 0.262688 0 15
172 1 0.0303381 0.0303381 0.151691 0.121353 12
174 1 0.130899 0.130899 0.130899 0 12
173 1 0.0438042 0.0438042 0.0777351 0.0339308 0
178 1 0.0758852 0.0758852 0.0758852 0 15
171 1 0.0166537 0.0166537 0.0333074 0.0166537 12

80 44 0.0567991 0.0542953 0.0794871 0.0247003 12
182 36 0.0361969 0.0361969 0.0807441 0.0445472 12
185 2 0.330571 0.185542 0.258056 0.0725146 15
170 3 0.0706479 0.0706479 0.0976316 0.0269837 12
181 1 0.262688 0.262688 0.262688 0 15
172 1 0.0303381 0.0303381 0.151691 0.121353 12
174 1 0.130899 0.130899 0.130899 0 12
178 1 0.0758852 0.0758852 0.0758852 0 15
173 1 0.0175217 0.0175217 0.0750496 0.0575279 0
171 1 0.0111025 0.0111025 0.0333074 0.0222049 12

182 44 0.0569656 0.0569656 0.0756093 0.0186437 12
80 40 0.0321694 0.0307513 0.0758713 0.0443812 12
170 3 0.141296 0.141296 0.141296 0 12
181 1 0.262688 0.262688 0.262688 0 15
172 2 0.0505636 0.0505636 0.0758453 0.0252818 12
174 1 0.130899 0.130899 0.130899 0 12
173 1 0.0146014 0.0146014 0.0799298 0.0653284 0
178 1 0.0758852 0.0758852 0.0758852 0 15
171 1 0.0166537 0.0166537 0.0333074 0.0166537 12

80 45 0.0577007 0.0551571 0.0790852 0.0220915 12
182 39 0.0318798 0.0318798 0.0781481 0.0462683 12
170 4 0.0847775 0.0323805 0.0797734 0.0240895 12
181 1 0.262688 0.262688 0.262688 0 15
172 1 0.0303381 0.0303381 0.151691 0.121353 12
174 1 0.130899 0.130899 0.130899 0 12
173 1 0.0175217 0.0175217 0.0783877 0.060866 0
178 1 0.0758852 0.0758852 0.0758852 0 15
186 1 0.0625251 0.0625251 0.0625251 0 15
187 1 0.0393561 0.0393561 0.0393561 0 18
171 1 0.0166537 0.0166537 0.0333074 0.0166537 12

182 40 0.06435 0.06435 0.0868725 0.0225225 12
80 37 0.0308063 0.0308063 0.0872938 0.0564875 12
186 3 0.225149 0.0208417 0.110635 0.0852199 15
170 3 0.0847775 0.0847775 0.106364 0.021587 12
181 1 0.262688 0.262688 0.262688 0 15
190 1 0.189055 0.189055 0.189055 0 18
189 1 0.188926 0.188926 0.188926 0 15
188 1 0.0962745 0.0962745 0.160397 0.0641221 15
172 1 0.0505636 0.0505636 0.151691 0.101127 12
174 1 0.130899 0.130899 0.130899 0 12
173 1 0.0438042 0.0438042 0.0876085 0.0438042 0
178 1 0.0758852 0.0758852 0.0758852 0 15
187 1 0.0393561 0.0393561 0.0393561 0 18
171 1 0.0166537 0.0166537 0.0333074 0.0166537 12

80 41 0.0550779 0.0550779 0.0848338 0.0297559 12
182 33 0.0330943 0.0330943 0.0857019 0.0526076 12
170 3 0.141296 0.141296 0.141296 0 12
186 3 0.225149 0.0208417 0.110635 0.0852199 18
188 1 0.288824 0.288824 0.288824 0 15
181 1 0.262688 0.262688 0.262688 0 15
190 1 0.189055 0.189055 0.189055 0 18
172 1 0.0758453 0.0758453 0.151691 0.0758453 12
191 1 0.142703 0.142703 0.142703 0 18
174 1 0.130899 0.130899 0.130899 0 12
173 1 0.0292028 0.0292028 0.0846648 0.0554619 0
178 1 0.0758852 0.0758852 0.0758852 0 15
187 1 0.0393561 0.0393561 0.0393561 0 18
171 1 0.00832685 0.00832685 0.0333074 0.0249805 12

182 44 0.0569656 0.0569656 0.0764487 0.0194831 12
80 38 0.0324566 0.0324566 0.0776146 0.045158 18
170 4 0.105972 0.0404756 0.0895978 0.0283607 12
181 1 0.262688 0.262688 0.262688 0 15
172 1 0.0758453 0.0758453 0.151691 0.0758453 12
191 1 0.142703 0.142703 0.142703 0 18
174 1 0.130899 0.130899 0.130899 0 12
173 1 0.0219021 0.0219021 0.0876085 0.0657064 0
178 1 0.0758852 0.0758852 0.0758852 0 15
187 1 0.0393561 0.0393561 0.0393561 0 18
171 1 0.0166537 0.0166537 0.0333074 0.0166537 12

80 44 0.0595925 0.0595925 0.0787384 0.0191459 12
182 39 0.0310259 0.0310259 0.0782393 0.0472134 12
170 4 0.0847775 0.0323805 0.0797734 0.0240895 12
181 1 0.262688 0.262688 0.262688 0 15
172 1 0.0758453 0.0758453 0.151691 0.0758453 12
191 1 0.142703 0.142703 0.142703 0 18
174 1 0.130899 0.130899 0.130899 0 12
173 1 0.0219021 0.0219021 0.0809851 0.059083 0
178 1 0.0758852 0.0758852 0.0758852 0 15
171 1 0.00832685 0.00832685 0.0333074 0.0249805 12
187 1 0.019678 0.019678 0.0216248 0.00194681 18

182 43 0.0588966 0.0588966 0.0794988 0.0206022 12
80 41 0.0318872 0.0318872 0.078818 0.0469308 12
181 1 0.262688 0.262688 0.262688 0 15
170 3 0.0529859 0.0529859 0.0867156 0.0337297 12
172 1 0.0758453 0.0758453 0.151691 0.0758453 12
191 1 0.142703 0.142703 0.142703 0 18
174 1 0.130899 0.130899 0.130899 0 12
173 1 0.0292028 0.0292028 0.0876085 0.0584056 0
178 1 0.0758852 0.0758852 0.0758852 0 15
187 1 0.0393561 0.0393561 0.0393561 0 18
171 1 0.0111025 0.0111025 0.0333074 0.0222049 12
192 1 0.0209506 0.0209506 0.0209506 0 12

80 44 0.0526832 0.0526832 0.0813812 0.028698 12
182 39 0.0318798 0.0318798 0.081895 0.0500152 12
170 3 0.0847775 0.0847775 0.106364 0.021587 12
181 1 0.262688 0.262688 0.262688 0 15
172 1 0.0758453 0.0758453 0.151691 0.0758453 12
191 1 0.142703 0.142703 0.142703 0 18
174 1 0.130899 0.130899 0.130899 0 12
173 1 0.0292028 0.0292028 0.0846648 0.0554619 0
178 1 0.0758852 0.0758852 0.0758852 0 15
187 1 0.0393561 0.0393561 0.0393561 0 18
171 1 0.0166537 0.0166537 0.0333074 0.0166537 12
192 1 0.0209506 0.0209506 0.0209506 0 12

182 43 0.0604416 0.0588966 0.0757544 0.0168235 12
80 41 0.0302928 0.0302928 0.0766863 0.0463935 12
170 4 0.105972 0.0404756 0.0895978 0.0283607 12
181 1 0.262688 0.262688 0.262688 0 15
172 1 0.151691 0.151691 0.151691 0 12
191 1 0.142703 0.142703 0.142703 0 18
173 1 0.0292028 0.0292028 0.0846648 0.0554619 0
178 1 0.0758852 0.0758852 0.0758852 0 15
187 1 0.0393561 0.0393561 0.0393561 0 18
171 1 0.0111025 0.0111025 0.0333074 0.0222049 12
192 1 0.0209506 0.0209506 0.0209506 0 12

80 46 0.0542558 0.0542558 0.0790248 0.024769 12
182 39 0.0324187 0.03159 0.079294 0.0476619 12
170 4 0.105972 0.0404756 0.0895978 0.0283607 12
181 1 0.262688 0.262688 0.262688 0 15
172 1 0.0252818 0.0252818 0.151691 0.126409 12
191 1 0.142703 0.142703 0.142703 0 18
173 1 0.0292028 0.0292028 0.0827138 0.0535109 0
178 1 0.0758852 0.0758852 0.0758852 0 15
187 1 0.0393561 0.0393561 0.0393561 0 18
171 1 0.0333074 0.0333074 0.0333074 0 12
192 1 0.0209506 0.0209506 0.0209506 0 12

182 44 0.0648374 0.06318 0.077778 0.0145267 12
80 41 0.0297962 0.0297962 0.0780573 0.0482611 12
181 1 0.262688 0.262688 0.262688 0 15
170 3 0.0529859 0.0529859 0.0867156 0.0337297 12
172 1 0.0758453 0.0758453 0.151691 0.0758453 12
191 1 0.142703 0.142703 0.142703 0 18
173 1 0.0438042 0.0438042 0.0876085 0.0438042 0
178 1 0.0758852 0.0758852 0.0758852 0 15
187 1 0.0393561 0.0393561 0.0393561 0 18
171 1 0.0111025 0.0111025 0.0333074 0.0222049 12
192 1 0.0209506 0.0209506 0.0209506 0 12

80 46 0.0605857 0.0605857 0.0777793 0.0171936 12
182 38 0.0299669 0.0292008 0.0766958 0.0474549 12
170 4 0.105972 0.0404756 0.0895978 0.0283607 12
181 2 0.131344 0.0948616 0.113103 0.0182412 15
172 1 0.0758453 0.0758453 0.151691 0.0758453 12
191 1 0.142703 0.142703 0.142703 0 18
173 1 0.0876085 0.0876085 0.0876085 0 0
178 1 0.0758852 0.0758852 0.0758852 0 15
187 1 0.0393561 0.0393561 0.0393561 0 18
171 1 0.00832685 0.00832685 0.0333074 0.0249805 12
192 1 0.0209506 0.0209506 0.0209506 0 12

182 43 0.0648374 0.06318 0.0792564 0.0159664 12
80 42 0.0310696 0.0310696 0.0796362 0.0485667 12
170 4 0.0847775 0.0323805 0.0797734 0.0240895 12
181 2 0.131344 0.0948616 0.113103 0.0182412 15
172 1 0.0216701 0.0216701 0.151691 0.130021 12
191 1 0.0713513 0.0713513 0.125663 0.0543115 18
173 1 0.0219021 0.0219021 0.0805783 0.0586762 0
178 1 0.0758852 0.0758852 0.0758852 0 15
187 1 0.0393561 0.0393561 0.0393561 0 18
171 1 0.0166537 0.0166537 0.0333074 0.0166537 12
192 1 0.0209506 0.0209506 0.0209506 0 12

80 46 0.0460144 0.0460144 0.0745414 0.0285269 12
182 39 0.0353075 0.0344049 0.0747159 0.0401964 12
170 3 0.0706479 0.0706479 0.0976316 0.0269837 12
181 2 0.131344 0.0948616 0.113103 0.0182412 15
172 2 0.0758453 0.0758453 0.0758453 0 12
191 1 0.142703 0.142703 0.142703 0 18
173 1 0.0292028 0.0292028 0.0876085 0.0584056 0
178 1 0.0758852 0.0758852 0.0758852 0 15
187 1 0.0393561 0.0393561 0.0393561 0 18
171 1 0.0333074 0.0333074 0.0333074 0 12
192 1 0.0209506 0.0209506 0.0209506 0 12

80 44 0.0336587 0.0336587 0.0727729 0.0391142 12
182 43 0.0488501 0.0476014 0.072446 0.0246457 12
170 4 0.0847775 0.0323805 0.0797734 0.0240895 12
181 1 0.189723 0.189723 0.189723 0 15
172 2 0.0505636 0.0505636 0.0758453 0.0252818 12
173 1 0.0146014 0.0146014 0.0834162 0.0688148 0
178 1 0.0758852 0.0758852 0.0758852 0 15
171 1 0.0333074 0.0333074 0.0333074 0 12

182 45 0.0396228 0.03861 0.0744061 0.035372 12
80 42 0.0403905 0.0403905 0.0733227 0.0329322 1.5
170 3 0.0706479 0.0706479 0.0976316 0.0269837 12
181 1 0.189723 0.189723 0.189723 0 15
172 2 0.0505636 0.0505636 0.0758453 0.0252818 12
173 1 0.0876085 0.0876085 0.0876085 0 0
178 1 0.0758852 0.0758852 0.0758852 0 15
193 1 0.0678849 0.0678849 0.0678849 0 15
171 1 0.00832685 0.00832685 0.0333074 0.0249805 12

182 51 0.0375374 0.0365779 0.0631495 0.025841 12
80 48 0.0356386 0.0356386 0.0630927 0.0274541 12

80 50 0.0390875 0.0390875 0.0690423 0.0299547 12
182 44 0.0360208 0.0360208 0.0694393 0.0334185 12
196 2 0.0809512 0.0809512 0.0809512 0 12
194 2 0.0758453 0.0758453 0.0758453 0 12
195 1 0.0292028 0.0292028 0.0809517 0.0517489 0

182 48 0.0405234 0.0405234 0.0713166 0.0307933 12
80 44 0.0363514 0.0363514 0.0716127 0.0352613 12
196 2 0.0809512 0.0809512 0.0809512 0 12
194 2 0.0379227 0.0379227 0.0758453 0.0379227 12
195 1 0.0438042 0.0438042 0.0776233 0.0338191 0
198 1 0.0689946 0.0689946 0.0689946 0 12
197 1 0.0166537 0.0166537 0.0333074 0.0166537 12

80 49 0.0408443 0.0408443 0.0720235 0.0311792 12
182 43 0.0363883 0.0363883 0.0729503 0.036562 12
196 2 0.0809512 0.0809512 0.0809512 0 12
194 2 0.0379227 0.0379227 0.0758453 0.0379227 12
195 1 0.0876085 0.0876085 0.0876085 0 0
198 1 0.0689946 0.0689946 0.0689946 0 12
197 1 0.00832685 0.00832685 0.0333074 0.0249805 12

182 46 0.0419536 0.0419536 0.0735641 0.0316105 12
80 43 0.0356386 0.0356386 0.0744635 0.0388249 12
199 1 0.203089 0.203089 0.203089 0 15
196 2 0.0539675 0.0539675 0.0809512 0.0269837 12
194 2 0.0379227 0.0379227 0.0758453 0.0379227 12
195 1 0.0876085 0.0876085 0.0876085 0 0
198 1 0.0689946 0.0689946 0.0689946 0 12
197 1 0.0166537 0.0166537 0.0333074 0.0166537 12

80 47 0.0422691 0.0422691 0.0754711 0.033202 12
182 42 0.0360208 0.0360208 0.0760739 0.0400531 12
199 1 0.203089 0.203089 0.203089 0 15
196 2 0.0809512 0.0809512 0.0809512 0 12
194 2 0.0505636 0.0505636 0.0758453 0.0252818 12
195 1 0.0292028 0.0292028 0.0809517 0.0517489 0
198 1 0.0689946 0.0689946 0.0689946 0 12
197 1 0.0166537 0.0166537 0.0333074 0.0166537 12

182 47 0.0409891 0.0409891 0.0726037 0.0316146 12
80 41 0.0374757 0.0374757 0.0732399 0.0357642 12
200 1 0.256364 0.256364 0.256364 0 15
196 2 0.0539675 0.0539675 0.0809512 0.0269837 12
194 2 0.0505636 0.0505636 0.0758453 0.0252818 12
195 1 0.0438042 0.0438042 0.0876085 0.0438042 0
198 1 0.0344973 0.0344973 0.0591833 0.024686 12
197 1 0.0166537 0.0166537 0.0333074 0.0166537 12

80 47 0.0478308 0.0478308 0.0754087 0.0275779 12
182 41 0.033642 0.033642 0.0757473 0.0421053 12
200 1 0.256364 0.256364 0.256364 0 15
196 2 0.0539675 0.0539675 0.0809512 0.0269837 12
194 2 0.0758453 0.0758453 0.0758453 0 12
201 1 0.0972188 0.0972188 0.0972188 0 12
195 1 0.0438042 0.0438042 0.0776233 0.0338191 0
198 1 0.0689946 0.0689946 0.0689946 0 12
197 1 0.00832685 0.00832685 0.0333074 0.0249805 12

182 46 0.0429645 0.0429645 0.0739074 0.0309429 12
80 41 0.0367186 0.0367186 0.0745623 0.0378437 12
200 1 0.256364 0.256364 0.256364 0 15
196 2 0.0539675 0.0539675 0.0809512 0.0269837 12
194 2 0.0505636 0.0505636 0.0758453 0.0252818 12
201 1 0.0972188 0.0972188 0.0972188 0 12
195 1 0.0292028 0.0292028 0.0742949 0.0450921 0
198 1 0.0689946 0.0689946 0.0689946 0 12
197 1 0.0111025 0.0111025 0.0333074 0.0222049 12

80 48 0.0408443 0.0408443 0.0734151 0.0325708 12
182 39 0.0379368 0.0379368 0.0741048 0.0361681 12
200 1 0.256364 0.256364 0.256364 0 15
196 2 0.0539675 0.0539675 0.0809512 0.0269837 12
194 2 0.0758453 0.0758453 0.0758453 0 12
201 1 0.0972188 0.0972188 0.0972188 0 12
195 1 0.0438042 0.0438042 0.0876085 0.0438042 0
198 1 0.0689946 0.0689946 0.0689946 0 12
197 1 0.0111025 0.0111025 0.0333074 0.0222049 12

182 48 0.0383447 0.0383447 0.0727583 0.0344136 12
80 40 0.0399466 0.0399466 0.0730285 0.0330818 12
200 2 0.128182 0.105725 0.116954 0.0112286 15
196 2 0.0809512 0.0809512 0.0809512 0 12
194 2 0.0505636 0.0505636 0.0758453 0.0252818 12
195 1 0.0292028 0.0292028 0.0809517 0.0517489 0
198 1 0.0689946 0.0689946 0.0689946 0 12
197 1 0.0333074 0.0333074 0.0333074 0 12

80 47 0.0432755 0.0432755 0.0756633 0.0323878 12
182 42 0.0375374 0.0375374 0.0746589 0.0371215 12
200 2 0.128182 0.105725 0.116954 0.0112286 15
196 2 0.0323805 0.0323805 0.0809512 0.0485707 12
194 2 0.0505636 0.0505636 0.0758453 0.0252818 12
195 1 0.0292028 0.0292028 0.0742949 0.0450921 0
198 1 0.0689946 0.0689946 0.0689946 0 12
197 1 0.00832685 0.00832685 0.0333074 0.0249805 12

182 47 0.0445757 0.0445757 0.0733243 0.0287486 12
80 42 0.0346204 0.0346204 0.0723765 0.0377561 12
200 2 0.128182 0.105725 0.116954 0.0112286 15
196 2 0.0539675 0.0539675 0.0809512 0.0269837 12
194 2 0.0758453 0.0758453 0.0758453 0 12
195 1 0.0438042 0.0438042 0.0776233 0.0338191 0
198 1 0.0689946 0.0689946 0.0689946 0 12
197 1 0.0111025 0.0111025 0.0333074 0.0222049 12

80 48 0.0460144 0.0460144 0.0721817 0.0261672 12
182 40 0.0360208 0.0360208 0.0727832 0.0367625 12
200 2 0.0854548 0.0704833 0.0887404 0.0131171 12
196 2 0.0539675 0.0539675 0.0809512 0.0269837 12
194 2 0.0189613 0.0189613 0.0758453 0.056884 12
202 1 0.0904083 0.0904083 0.0904083 0 12
195 1 0.0292028 0.0292028 0.0876085 0.0584056 0
198 1 0.0689946 0.0689946 0.0689946 0 12
197 1 0.0333074 0.0333074 0.0333074 0 12

