1 0.151691 0.151691 0.151691 0 12
1 0 0 0 0 0
1 0 0 0 0 12
1 0 0 0 0 12
1 0 0 0 0 12

100 0.00150189 0 0.00139562 0.000321568 12
1 0 0 0 0 0

100 0.000770006 0.000770004 0.00138647 0.000616471 1.5
1 0 0 0 0 0

100 0.000764507 0.00075468 0.00144532 0.000690539 12

1 0.151691 0.151691 0.151691 0 18
49 0.000784009 0.000773932 0.00298265 0.00220851 12
1 0 0 0 0 0
1 0 0 0 0 12

1 0.188161 0.188161 0.188161 0 18
1 0.162274 0.162274 0.162274 0 6
1 0.151691 0.151691 0.151691 0 15
18 0.00232827 0.00229834 0.00839885 0.00609884 12
18 0.00197309 0.00194475 0.00807492 0.00612859 18
1 0.000187646 0.000187646 0.000562939 0.000375293 18
1 0 0 0 0 0
1 0 0 0 0 12

17 0.00649095 0.00649095 0.00950724 0.00301629 6
16 0.00348446 0.00348446 0.00982544 0.00634098 1.33333
13 0.0118385 0.0116685 0.0116816 4.53038e-05 18
16 0.00591022 0.00583426 0.00948545 0.00364646 12
16 0.00892298 0.00892298 0.00948067 0.000557686 15
1 0.151691 0.151691 0.151691 0 15
1 0.00028147 0.00028147 0.000562939 0.00028147 18
1 2.34465e-06 2.34465e-06 2.34465e-06 0 18
1 4.05757e-08 4.05757e-08 4.05757e-08 0 15
1 0 0 0 0 0
1 0 0 0 0 12

51 0.00151169 0.00110723 0.0029692 0.00166792 18
47 0.00349743 0 0.00307549 0.000878385 6

21 0.00298871 0.00295043 0.00765825 0.004706 6
8 0.0192376 0.0189613 0.0191685 0.00011963 18
18 0.00853699 0.00842726 0.00843341 2.51237e-05 15
1 0.151691 0.151691 0.151691 0 15
18 0.00202252 0.00166514 0.00779887 0.00607682 1.5
1 1.17233e-06 1.17233e-06 2.34465e-06 1.17233e-06 18
1 4.05757e-08 4.05757e-08 4.05757e-08 0 15

25 0.0059228 0.00583426 0.00613578 0.000235846 18
25 0.00523071 0.00523071 0.0060254 0.000794688 15
24 0.00415537 0.00279392 0.00599666 0.00266828 12
24 0.00285228 0.00279782 0.00592273 0.00311965 6

15 0.0081083 0.00599673 0.0132596 0.00688586 18
1 0.197892 0.197892 0.197892 0 18
12 0.00689302 0.00676141 0.0135484 0.00676156 6
1 0.153901 0.153901 0.153901 0 15
9 0.017074 0.017074 0.017074 3.46945e-18 12
4 0.0379227 0.0379227 0.0379227 0 18
11 0.00275801 0.00275801 0.0137628 0.0110048 15
10 0.00240614 0.0024047 0.0141751 0.01177 18
1 0.010314 0.010314 0.010314 0 15
1 0.000562939 0.000562939 0.000562939 0 18
1 1.04136e-06 1.04136e-06 1.06165e-06 2.02878e-08 12
1 0 0 0 0 3
1 0 0 0 0 0

16 0.0141472 0.008604 0.0115986 0.00296869 18
14 0.0114522 0.00440641 0.0121743 0.00707166 18
14 0.00612713 0.00601014 0.0116188 0.00558103 6
13 0.00641637 0.00641254 0.0118234 0.00540997 18
13 0.00548807 0.00548807 0.011701 0.00621296 12
6 0.0252818 0.0252818 0.0252818 0 18
6 0.0252818 0.0252818 0.0252818 0 15
1 0.010314 0.010314 0.010314 0 15
1 0.000562939 0.000562939 0.000562939 0 18
1 2.2632e-06 2.2632e-06 4.52641e-06 2.2632e-06 18
1 2.08272e-06 2.08272e-06 2.08272e-06 0 12
1 0 0 0 0 3
1 0 0 0 0 0

13 0.00737336 0.00313076 0.0153757 0.0112068 18
1 0.197892 0.197892 0.197892 0 18
10 0.00612713 0.00601014 0.0158443 0.00976019 6
10 0.00855005 0.00855005 0.0153901 0.00684004 15
10 0.00569133 0.00569133 0.0153666 0.00967526 12
1 0.153666 0.153666 0.153666 0 15
10 0.0102662 0.0102662 0.0153532 0.00508705 18
6 0.0252818 0.0252818 0.0252818 0 18
6 0.0252818 0.0252818 0.0252818 0 15
2 0.0313772 0.000187646 0.0158639 0.015595 18
1 0.010314 0.010314 0.010314 0 15
1 1.1316e-06 1.1316e-06 2.89009e-06 1.75849e-06 18
1 2.34465e-06 2.34465e-06 2.34465e-06 0 15
1 2.08272e-06 2.08272e-06 2.08272e-06 0 12
1 0 0 0 0 0
1 0 0 0 0 3
1 0 0 0 0 12

16 0.0117012 0.00581683 0.014648 0.00699302 24
13 0.0141351 0.0141351 0.0151783 0.00104313 18
11 0.00870697 0.00865153 0.0148311 0.00613421 6
10 0.0128055 0.0128055 0.0153666 0.0025611 15
10 0.00698481 0.00698481 0.0153666 0.00838177 12
10 0.00394854 0.00394854 0.0153137 0.0113652 15
6 0.0252818 0.0252818 0.0252818 0 18
6 0.0252818 0.0252818 0.0252818 0 15
2 0.0470658 0.00028147 0.0236736 0.0233921 18
1 0.010314 0.010314 0.010314 0 15
1 4.52641e-06 4.52641e-06 4.52641e-06 0 18
1 2.34465e-06 2.34465e-06 2.34465e-06 0 15
1 1.04136e-06 1.04136e-06 1.04136e-06 0 12
1 0 0 0 0 0
1 0 0 0 0 3
1 0 0 0 0 12
1 0 0 0 0 12

15 0.0234024 0.00746534 0.0204834 0.00652046 24
14 0.0161806 0.0154946 0.0218353 0.00585887 21
1 0.267574 0.267574 0.267574 0 24
9 0.00686087 0.00507415 0.0216227 0.0163597 18
8 0.00751966 0.00751966 0.0206431 0.0131235 6
7 0.00855516 0.00855516 0.0219807 0.0134256 18
7 0.00668112 0.00668112 0.0219523 0.0152711 12
7 0.00698481 0.00698481 0.0219523 0.0149675 15
6 0.0252818 0.0252818 0.0252818 0 15
6 0.0252818 0.0252818 0.0252818 0 15
1 0.0313772 0.0313772 0.0317277 0.000350539 18
1 0.010314 0.010314 0.010314 0 15
1 4.52641e-06 4.52641e-06 4.52641e-06 0 18
1 2.34465e-06 2.34465e-06 2.34465e-06 0 15
1 2.08272e-06 2.08272e-06 2.08272e-06 0 12
1 0 0 0 0 0
1 0 0 0 0 3
1 0 0 0 0 12
1 0 0 0 0 12

1 0.53788 0.53788 0.53788 0 3
1 0.339794 0.339794 0.339794 0 18
11 0.0106186 0.0106186 0.0294778 0.0188592 21
10 0.00803366 0.00803366 0.0302325 0.0221989 1.5
7 0.0131928 0.0131928 0.0282703 0.0150775 18
5 0.0104283 0.00827162 0.0329891 0.0243014 6
5 0.0109995 0.0109995 0.0307657 0.0197662 18
5 0.0219523 0.0219523 0.0307332 0.0087809 12
5 0.0219523 0.0219523 0.0307332 0.0087809 18
5 0.0252818 0.0252818 0.0303381 0.00505636 15
5 0.0252818 0.0252818 0.0303381 0.00505636 15
2 0.11427 0 0.057135 0.057135 0
1 0.0470658 0.0470658 0.0473472 0.00028147 21
1 0.010314 0.010314 0.010314 0 15
1 1.5088e-06 1.5088e-06 3.79916e-06 2.29035e-06 18
1 2.34465e-06 2.34465e-06 2.34465e-06 0 15
1 2.08272e-06 2.08272e-06 2.08272e-06 0 12
1 0 0 0 0 3
1 0 0 0 0 12
1 0 0 0 0 12

45 0.011038 0 0.00786873 0.00455191 1.5
37 0.00471936 0.00471936 0.0078294 0.00311004 18
16 0.00425646 0.00314271 0.00792269 0.00443682 3

97 0.00408736 0.00180741 0.0034941 0.00113176 1.5
2 0.0048679 0.00299118 0.00485315 0.00131666 1.5

100 0.00386143 0.00270291 0.00404047 0.00132669 1.5

73 0.00390063 0.00273226 0.00655738 0.00377397 1.5
1 0.16931 0.16931 0.16931 0 1.5
1 9.00114e-30 9.00114e-30 9.00114e-30 0 1.5
1 0 0 0 0 1.5

100 0.00436605 0.00305827 0.00444986 0.00135121 1.5

62 0.00410922 0.00287837 0.00788494 0.0048563 3
2 0.0893153 0.0535972 0.0714563 0.0178591 1.5
2 0.132963 0 0.0664816 0.0664816 1.5
2 0.00856949 0.00856949 0.00856949 0 1.5
1 1.12322e-27 1.12322e-27 1.12322e-27 0 1.5
1 0 0 0 0 1.5
1 0 0 0 0 1.5
1 0 0 0 0 1.5
1 0 0 0 0 1.5

74 0.00452014 0.00318155 0.00647985 0.00301102 1.5
3 0.0572048 0.0505636 0.053431 0.00278598 15

92 0.00441623 0.00310841 0.0055754 0.00205766 0
3 0.0286828 0 0.0141161 0.0117141 1.5

73 0.00417622 0.00325544 0.0079397 0.00389334 0
11 0.0642331 2.1315e-07 0.0185611 0.0170135 6

1 0.706564 0.706564 0.706564 0 6
32 0.0068963 0.00454689 0.0218524 0.0172178 0
3 0.145153 0.0525247 0.114277 0.0436655 15
3 0.0505636 0.0505636 0.0505636 0 15
3 0.0460132 0.036296 0.0424836 0.00438978 3
1 0.108873 0.108873 0.108873 0 6
1 0.000119964 0.000119964 0.000239929 0.000119964 15
1 1.17233e-06 1.17233e-06 1.67721e-06 5.04881e-07 15

28 0.0137713 0.0121972 0.0271293 0.0148249 0
21 0.0211905 0.0128466 0.0275078 0.0130567 1.5
1 0.42597 0.42597 0.42597 0 15
11 0.0395873 0.0143249 0.0281044 0.0125789 15
3 0.0505636 0.0505636 0.0505636 0 15
1 0.151691 0.151691 0.151691 0 18
2 0.0690198 0.0677126 0.0683662 0.000653645 3
2 0.054444 0.0544365 0.0544402 3.72262e-06 6
1 0.0358597 0.0358597 0.0358597 0 18
1 0.000119964 0.000119964 0.000239929 0.000119964 15
1 5.86163e-07 5.86163e-07 1.21255e-06 6.26387e-07 15

60 0.0138747 0.00914791 0.0112978 0.00217003 0
39 0.00882478 0.00494841 0.0114982 0.00404743 15

3 0.25886 0.25884 0.25885 8.22307e-06 0
26 0.00863315 0.00573235 0.0285196 0.0206748 0
25 0.0266014 0.0157014 0.0282317 0.0122767 6
10 0.0477588 0.043546 0.0439673 0.00126386 15
2 0.0758453 0.0758453 0.0758453 0 15
1 0.000424718 0.000424718 0.000424718 0 18
1 2.68154e-08 2.68154e-08 8.04463e-08 5.36309e-08 18

28 0.0184748 0.0179304 0.0368043 0.0188548 6
20 0.0291994 0.0172333 0.0365395 0.0184466 6
17 0.0242945 0.0209879 0.0382787 0.0171136 0
1 0.420601 0.420601 0.420601 0 18
11 0.0367376 0.0334969 0.0380068 0.00431698 15
2 0.155477 0.0657075 0.110592 0.0448848 6
3 0.0505636 0.0505636 0.0505636 0 15
1 0.00166277 0.00166277 0.0019264 0.000263634 15
1 8.04463e-08 8.04463e-08 8.04463e-08 0 15

38 0.00750537 0.00728422 0.0213929 0.0140736 6
11 0.0434171 0.0395873 0.0399354 0.00110101 15
2 0.210301 0.210301 0.210301 0 18
4 0.0379227 0.0379227 0.0379227 0 15
2 0.0758453 0.0758453 0.0758453 0 18
1 0.131415 0.131415 0.131415 0 6
1 0.00831383 0.00831383 0.00831383 0 18
1 8.04463e-08 8.04463e-08 8.04463e-08 0 15
1 4.02232e-08 4.02232e-08 8.04463e-08 4.02232e-08 18

34 0.0142959 0.0138747 0.0279564 0.0139629 9
1 0.420601 0.420601 0.420601 0 18
13 0.0132663 0.0120961 0.0295414 0.0172704 15
12 0.0191182 0.0191182 0.0300071 0.0108888 18
2 0.210301 0 0.10515 0.10515 18
5 0.0252818 0.0252818 0.0303381 0.00505636 15
3 0.0505636 0.0505636 0.0505636 0 18
2 0.0737107 0.0657075 0.0697091 0.0040016 6
1 0.00415691 0.00415691 0.00436927 0.000212359 18
1 8.04463e-08 8.04463e-08 8.04463e-08 0 15
1 4.02232e-08 4.02232e-08 8.04463e-08 4.02232e-08 18

30 0.0141278 0.0137115 0.0342568 0.0202791 6
2 0.507382 0.155646 0.331514 0.175868 3
12 0.0233667 0.0233667 0.0350501 0.0116834 18
1 0.420601 0.420601 0.420601 0 18
11 0.00936448 0.00853843 0.0357792 0.027018 18
4 0.0252818 0.0252818 0.0379227 0.0126409 15
4 0.0379227 0.0379227 0.0379227 0 18
1 0.131415 0.131415 0.131415 0 6
1 0.00207846 0.00207846 0.0023046 0.000226144 15
1 8.04463e-08 8.04463e-08 8.04463e-08 0 15
1 4.02232e-08 4.02232e-08 8.04463e-08 4.02232e-08 18

40 0.0113289 0.0112321 0.0217097 0.0104184 9
17 0.0280934 0.0247413 0.0257441 0.00115618 15
17 0.0145035 0.0145035 0.0221818 0.00767832 18
5 0.0303381 0.0303381 0.0303381 0 18
6 0.0252818 0.0252818 0.0252818 0 18
1 0.131415 0.131415 0.131415 0 6
1 0.00831383 0.00831383 0.00831383 0 18
1 0.000424718 0.000424718 0.000424718 0 18
1 8.04463e-08 8.04463e-08 8.04463e-08 0 15
1 8.04463e-08 8.04463e-08 8.04463e-08 0 18

5 5.12956 8.49436e-05 2.05251 2.5124 18
1 1.13259 1.13259 1.13259 0 6
7 0.0128551 0.01238 0.150292 0.137808 6
3 0.0170567 0.0170567 0.146517 0.12946 15
2 0.032354 0.032354 0.210301 0.177947 18
2 0.01402 0.01402 0.204562 0.190542 18
1 0.135725 0.135725 0.201433 0.0657075 6
1 0.0126409 0.0126409 0.151691 0.13905 18
1 8.04463e-08 8.04463e-08 8.04463e-08 0 15
1 8.04463e-08 8.04463e-08 8.04463e-08 0 18

77 0.281844 4.66723e-06 0.113853 0.137928 21
9 0.0779339 0.070787 0.124145 0.049109 3
2 0.210301 0.210301 0.210301 0 18
3 0.10515 0.10515 0.1402 0.0350501 18
2 0.0955177 0.0955177 0.143276 0.0477588 18
1 0.0758453 0.0758453 0.151691 0.0758453 18
1 0.151691 0.151691 0.151691 0 15
1 3.78799e-07 3.78799e-07 4.19022e-07 4.02232e-08 18
1 8.04463e-08 8.04463e-08 8.04463e-08 0 15

69 0.168736 5.46962e-05 0.123073 0.0726976 18
1 1.24694 1.24694 1.24694 0 9
9 0.0720727 0.0706388 0.131412 0.0604578 3
3 0.0530654 0.0467335 0.144422 0.0935146 15
3 0.0841203 0.0841203 0.1402 0.0560802 18
1 0.226922 0.226922 0.226922 0 3
1 0.0303381 0.0303381 0.151691 0.121353 18
1 0.0181267 0.0181267 0.0183878 0.000261134 18
1 3.78799e-07 3.78799e-07 4.19022e-07 4.02232e-08 18
1 8.04463e-08 8.04463e-08 8.04463e-08 0 15

83 0.179355 0.179355 0.189587 0.0102322 21
6 0.0461831 0.0461831 0.203874 0.157691 9
2 0.238794 0.238794 0.238794 0 15
1 0.420601 0.420601 0.420601 0 18
2 0.1402 0.1402 0.210301 0.0701002 18
1 0.226922 0.226922 0.226922 0 3
1 0.0303381 0.0303381 0.151691 0.121353 21
1 0.0871429 0.0871429 0.0871429 0 18
1 0.0725068 0.0725068 0.0725068 0 18
1 1.26266e-07 1.26266e-07 4.73108e-07 3.46842e-07 21

89 0.144903 0.144903 0.254613 0.10971 21
4 0.103912 0.103912 0.283282 0.17937 9
1 0.238794 0.238794 0.477588 0.238794 15
1 0.210301 0.210301 0.420601 0.210301 18
1 0.210301 0.210301 0.24843 0.0381292 21
1 0.226922 0.226922 0.226922 0 3
1 0.151691 0.151691 0.151691 0 18
1 0.0725068 0.0725068 0.0725068 0 18
1 7.57598e-07 7.57598e-07 7.57598e-07 0 21

90 0.146559 0.146559 0.268713 0.122154 21
3 0.207824 0.207824 0.303906 0.0960825 9
1 0.477588 0.477588 0.477588 0 15
1 0.420601 0.420601 0.420601 0 18
1 0.226922 0.226922 0.226922 0 3
1 0.0303381 0.0303381 0.151691 0.121353 21
1 0.0841203 0.0841203 0.145127 0.0610067 21
1 0.0725068 0.0725068 0.0725068 0 18
1 4.36686e-05 4.36686e-05 4.36686e-05 0 15
1 1.894e-07 1.894e-07 7.57598e-07 5.68199e-07 21

88 0.137154 0.137154 0.269648 0.132494 21
3 0.415648 0.415648 0.415648 0 9
1 0.477588 0.477588 0.477588 0 15
1 0.420601 0.420601 0.420601 0 18
1 0.420601 0.420601 0.420601 0 18
1 0.226922 0.226922 0.226922 0 3
1 0.0505636 0.0505636 0.151691 0.101127 21
1 0.0725068 0.0725068 0.0725068 0 18
1 4.36686e-05 4.36686e-05 4.36686e-05 0 15
1 3.78799e-07 3.78799e-07 7.57598e-07 3.78799e-07 21

88 0.137891 0.137891 0.25906 0.121168 21
3 0.415648 0.415648 0.415648 0 9
1 0.477588 0.477588 0.477588 0 15
1 0.420601 0.420601 0.420601 0 18
1 0.210301 0.210301 0.24843 0.0381292 18
1 0.226922 0.226922 0.226922 0 3
1 0.0758453 0.0758453 0.151691 0.0758453 18
1 0.0725068 0.0725068 0.0725068 0 18
1 4.36686e-05 4.36686e-05 4.36686e-05 0 15
1 7.57598e-07 7.57598e-07 7.57598e-07 0 21

90 0.141701 0.141701 0.272971 0.13127 21
3 0.311736 0.311736 0.331842 0.0201059 9
1 0.477588 0.477588 0.477588 0 15
1 0.420601 0.420601 0.420601 0 18
1 0.226922 0.226922 0.226922 0 3
1 0.1402 0.1402 0.191039 0.050839 21
1 0.0379227 0.0379227 0.151691 0.113768 21
1 0.0725068 0.0725068 0.0725068 0 18
1 4.36686e-05 4.36686e-05 4.36686e-05 0 15
1 3.78799e-07 3.78799e-07 7.57598e-07 3.78799e-07 21

90 0.138637 0.138637 0.267544 0.128908 21
3 0.249389 0.249389 0.281558 0.0321695 9
1 0.477588 0.477588 0.477588 0 15
1 0.420601 0.420601 0.420601 0 18
1 0.226922 0.226922 0.226922 0 3
1 0.1402 0.1402 0.191039 0.050839 18
1 0.0758453 0.0758453 0.151691 0.0758453 18
1 0.0725068 0.0725068 0.0725068 0 18
1 4.36686e-05 4.36686e-05 4.36686e-05 0 15
1 7.57598e-07 7.57598e-07 7.57598e-07 0 21

90 0.137154 0.137154 0.266109 0.128955 21
3 0.249389 0.249389 0.281558 0.0321695 9
1 0.477588 0.477588 0.477588 0 15
1 0.420601 0.420601 0.420601 0 18
1 0.210301 0.210301 0.24843 0.0381292 18
1 0.226922 0.226922 0.226922 0 3
1 0.151691 0.151691 0.151691 0 18
1 0.0725068 0.0725068 0.0725068 0 18
1 4.36686e-05 4.36686e-05 4.36686e-05 0 15
1 7.57598e-07 7.57598e-07 7.57598e-07 0 21

90 0.143284 0.143284 0.267106 0.123822 21
3 0.311736 0.311736 0.331842 0.0201059 9
1 0.477588 0.477588 0.477588 0 15
1 0.420601 0.420601 0.420601 0 18
1 0.226922 0.226922 0.226922 0 3
1 0.10515 0.10515 0.162344 0.0571938 21
1 0.0303381 0.0303381 0.151691 0.121353 21
1 0.0362534 0.0362534 0.0393523 0.00309887 18
1 4.36686e-05 4.36686e-05 4.36686e-05 0 15
1 2.52533e-07 2.52533e-07 7.57598e-07 5.05065e-07 21

89 0.138637 0.138637 0.268357 0.12972 21
3 0.311736 0.311736 0.331842 0.0201059 9
1 0.477588 0.477588 0.477588 0 15
1 0.420601 0.420601 0.420601 0 18
1 0.420601 0.420601 0.420601 0 18
1 0.226922 0.226922 0.226922 0 3
1 0.151691 0.151691 0.151691 0 18
1 0.0362534 0.0362534 0.0404163 0.00416284 18
1 0.000173345 0.000173345 0.000226516 5.31713e-05 15
1 3.78799e-07 3.78799e-07 7.57598e-07 3.78799e-07 21

90 0.142488 0.142488 0.267649 0.125161 21
3 0.249389 0.249389 0.281558 0.0321695 9
1 0.477588 0.477588 0.477588 0 15
1 0.420601 0.420601 0.420601 0 18
1 0.210301 0.210301 0.24843 0.0381292 21
1 0.226922 0.226922 0.226922 0 3
1 0.0303381 0.0303381 0.151691 0.121353 21
1 0.0725068 0.0725068 0.0725068 0 18
1 0.000260017 0.000260017 0.000277754 1.77373e-05 15
1 3.78799e-07 3.78799e-07 7.57598e-07 3.78799e-07 21

88 0.136424 0.136424 0.262915 0.12649 21
3 0.415648 0.415648 0.415648 0 9
1 0.477588 0.477588 0.477588 0 15
1 0.420601 0.420601 0.420601 0 18
1 0.420601 0.420601 0.420601 0 18
1 0.226922 0.226922 0.226922 0 3
1 0.151691 0.151691 0.151691 0 18
1 0.0725068 0.0725068 0.0725068 0 18
1 0.000260017 0.000260017 0.000363435 0.000103417 15
1 3.78799e-07 3.78799e-07 7.57598e-07 3.78799e-07 21

90 0.143284 0.143284 0.255367 0.112083 21
3 0.311736 0.311736 0.331842 0.0201059 9
1 0.477588 0.477588 0.477588 0 15
1 0.420601 0.420601 0.420601 0 18
1 0.226922 0.226922 0.226922 0 3
1 0.0379227 0.0379227 0.151691 0.113768 21
1 0.0841203 0.0841203 0.145127 0.0610067 21
1 0.0725068 0.0725068 0.0725068 0 18
1 0.000520034 0.000520034 0.000520034 0 15
1 3.78799e-07 3.78799e-07 7.57598e-07 3.78799e-07 21

90 0.142488 0.142488 0.265158 0.122671 21
3 0.249389 0.249389 0.281558 0.0321695 9
1 0.477588 0.477588 0.477588 0 15
1 0.420601 0.420601 0.420601 0 18
1 0.226922 0.226922 0.226922 0 3
1 0.1402 0.1402 0.191039 0.050839 21
1 0.0758453 0.0758453 0.151691 0.0758453 21
1 0.0725068 0.0725068 0.0725068 0 18
1 0.000260017 0.000260017 0.00038728 0.000127263 15
1 1.5152e-07 1.5152e-07 7.57598e-07 6.06078e-07 21

90 0.137891 0.137891 0.271203 0.133312 21
3 0.311736 0.311736 0.331842 0.0201059 9
1 0.477588 0.477588 0.477588 0 15
1 0.420601 0.420601 0.420601 0 18
1 0.210301 0.210301 0.24843 0.0381292 21
1 0.226922 0.226922 0.226922 0 3
1 0.151691 0.151691 0.151691 0 18
1 0.0725068 0.0725068 0.0725068 0 18
1 0.000520034 0.000520034 0.000520034 0 15
1 2.52533e-07 2.52533e-07 7.57598e-07 5.05065e-07 21

89 0.137891 0.137891 0.266538 0.128647 21
3 0.415648 0.415648 0.415648 0 9
1 0.477588 0.477588 0.477588 0 15
1 0.420601 0.420601 0.420601 0 18
1 0.226922 0.226922 0.226922 0 3
1 0.1402 0.1402 0.191039 0.050839 21
1 0.0758453 0.0758453 0.151691 0.0758453 21
1 0.0725068 0.0725068 0.0725068 0 18
1 0.000520034 0.000520034 0.000520034 0 15
1 3.78799e-07 3.78799e-07 7.57598e-07 3.78799e-07 21

89 0.140152 0.140152 0.272092 0.13194 21
3 0.415648 0.415648 0.415648 0 9
1 0.477588 0.477588 0.477588 0 15
1 0.420601 0.420601 0.420601 0 18
1 0.226922 0.226922 0.226922 0 3
1 0.10515 0.10515 0.162344 0.0571938 18
1 0.0758453 0.0758453 0.151691 0.0758453 18
1 0.0725068 0.0725068 0.0725068 0 18
1 0.000260017 0.000260017 0.00040276 0.000142743 15
1 3.78799e-07 3.78799e-07 7.57598e-07 3.78799e-07 21

91 0.146559 0.146559 0.267792 0.121233 21
2 0.155868 0.155868 0.309199 0.153331 9
1 0.477588 0.477588 0.477588 0 15
1 0.420601 0.420601 0.420601 0 18
1 0.210301 0.210301 0.24843 0.0381292 18
1 0.226922 0.226922 0.226922 0 3
1 0.0758453 0.0758453 0.151691 0.0758453 18
1 0.0362534 0.0362534 0.0442827 0.00802924 18
1 0.000260017 0.000260017 0.000352464 9.24472e-05 15
1 1.26266e-07 1.26266e-07 7.57598e-07 6.31332e-07 21

91 0.142488 0.142488 0.255681 0.113193 21
2 0.311736 0.311736 0.372054 0.0603178 9
1 0.477588 0.477588 0.477588 0 15
1 0.420601 0.420601 0.420601 0 18
1 0.226922 0.226922 0.226922 0 3
1 0.0758453 0.0758453 0.151691 0.0758453 21
1 0.0841203 0.0841203 0.145127 0.0610067 21
1 0.0362534 0.0362534 0.0365394 0.00028602 18
1 0.000520034 0.000520034 0.000520034 0 15
1 1.894e-07 1.894e-07 7.57598e-07 5.68199e-07 21

90 0.138637 0.138637 0.256358 0.117721 21
3 0.415648 0.0804238 0.303906 0.158026 9
1 0.477588 0.477588 0.477588 0 15
1 0.420601 0.420601 0.420601 0 18
1 0.210301 0.210301 0.24843 0.0381292 21
1 0.226922 0.226922 0.226922 0 3
1 0.151691 0.151691 0.151691 0 18
1 0.0725068 0.0725068 0.0725068 0 18
1 0.000260017 0.000260017 0.000278785 1.87684e-05 15
1 1.894e-07 1.894e-07 7.57598e-07 5.68199e-07 21

91 0.144223 0.142488 0.256925 0.114419 21
2 0.311736 0.311736 0.372054 0.0603178 9
1 0.477588 0.477588 0.477588 0 15
1 0.420601 0.420601 0.420601 0 18
1 0.226922 0.226922 0.226922 0 3
1 0.10515 0.10515 0.162344 0.0571938 21
1 0.0379227 0.0379227 0.151691 0.113768 18
1 0.0362534 0.0362534 0.0406253 0.00437188 18
1 0.000520034 0.000520034 0.000520034 0 15
1 2.52533e-07 2.52533e-07 7.57598e-07 5.05065e-07 21

90 0.140325 0.138637 0.27116 0.132504 1.5
2 0.311736 0.311736 0.372054 0.0603178 9
1 0.477588 0.477588 0.477588 0 15
1 0.420601 0.420601 0.420601 0 18
1 0.420601 0.420601 0.420601 0 18
1 0.226922 0.226922 0.226922 0 3
1 0.151691 0.151691 0.151691 0 18
1 0.0725068 0.0725068 0.0725068 0 18
1 0.000520034 0.000520034 0.000520034 0 15
1 1.5152e-07 1.5152e-07 7.57598e-07 6.06078e-07 21

100 0.129801 0.128239 0.221242 0.0929716 21

98 0.133816 0.132205 0.234872 0.102602 21
1 0.241271 0.241271 0.241271 0 9
1 0.0505636 0.0505636 0.151691 0.101127 21
1 0.0762584 0.0762584 0.0762584 0 21

98 0.138825 0.137154 0.249684 0.11236 21
1 0.0815536 0.0815536 0.242401 0.160848 9
1 0.0303381 0.0303381 0.151691 0.121353 21
1 0.0762584 0.0762584 0.0762584 0 21

97 0.138086 0.136424 0.234535 0.0978725 21
1 0.0611652 0.0611652 0.242966 0.181801 9
1 0.0379227 0.0379227 0.151691 0.113768 21
1 0.0381292 0.0381292 0.0762584 0.0381292 21
1 2.52533e-07 2.52533e-07 7.57598e-07 5.05065e-07 21

97 0.135917 0.134282 0.233495 0.0989117 21
1 0.12233 0.12233 0.242966 0.120636 9
1 0.0505636 0.0505636 0.151691 0.101127 21
1 0.0381292 0.0381292 0.0762584 0.0381292 21
1 0.0343719 0.0343719 0.0343719 0 15

97 0.137356 0.135703 0.239802 0.103574 21
1 0.0815536 0.0815536 0.243531 0.161977 9
1 0.0505636 0.0505636 0.151691 0.101127 21
1 0.0190646 0.0190646 0.0762584 0.0571938 21
1 0.0343719 0.0343719 0.0343719 0 15

97 0.139571 0.137891 0.24411 0.10527 21
1 0.12233 0.12233 0.242966 0.120636 9
1 0.0505636 0.0505636 0.151691 0.101127 21
1 0.0204895 0.0204895 0.0814962 0.0610067 21
1 0.0343719 0.0343719 0.0343719 0 15

97 0.135917 0.135917 0.243143 0.107226 21
1 0.244661 0.244661 0.244661 0 9
1 0.0505636 0.0505636 0.151691 0.101127 21
1 0.0341491 0.0341491 0.102447 0.0682983 21
1 0.0343719 0.0343719 0.0343719 0 15

97 0.135209 0.135209 0.247013 0.111803 21
1 0.0815536 0.0815536 0.244661 0.163107 9
1 0.0758453 0.0758453 0.151691 0.0758453 21
1 0.102447 0.102447 0.102447 0 21
1 0.0343719 0.0343719 0.0343719 0 15

97 0.175407 0.175407 0.240575 0.0651683 21
1 0.16421 0.16421 0.422819 0.258609 9
1 0.151691 0.151691 0.151691 0 21
1 0.0341491 0.0341491 0.102447 0.0682983 21
1 0.0343719 0.0343719 0.0343719 0 15

76 0.17423 0.17423 0.319858 0.145628 21
22 0.162081 0.160789 0.320877 0.160029 9
1 0.151691 0.151691 0.151691 0 21
1 0.0512237 0.0512237 0.0822241 0.0310005 21
1 0.0343719 0.0343719 0.0343719 0 15

74 0.190884 0.190884 0.309193 0.118309 21
24 0.132402 0.130811 0.306314 0.175349 9
1 0.0758453 0.0758453 0.151691 0.0758453 21
1 0.102447 0.102447 0.102447 0 21
1 0.0343719 0.0343719 0.0343719 0 15

73 0.204411 0.204411 0.302241 0.0978295 21
25 0.116593 0.115192 0.304347 0.188785 9
1 0.151691 0.151691 0.151691 0 21
1 0.0512237 0.0512237 0.0822241 0.0310005 21
1 0.0343719 0.0343719 0.0343719 0 15

75 0.209357 0.209357 0.304374 0.0950173 21
23 0.113379 0.111853 0.314104 0.201303 9
1 0.0505636 0.0505636 0.151691 0.101127 21
1 0.102447 0.102447 0.102447 0 21
1 0.0343719 0.0343719 0.0343719 0 15

75 0.202814 0.202814 0.314377 0.111563 21
23 0.117211 0.116118 0.320259 0.203816 9
1 0.151691 0.151691 0.151691 0 21
1 0.0512237 0.0512237 0.102447 0.0512237 21
1 0.0343719 0.0343719 0.0343719 0 15

75 0.209357 0.209357 0.317255 0.107898 21
23 0.117211 0.116593 0.330321 0.213551 9
1 0.0505636 0.0505636 0.151691 0.101127 21
1 0.0256118 0.0256118 0.102447 0.0768355 21
1 0.0343719 0.0343719 0.0343719 0 15

74 0.207682 0.207682 0.311452 0.10377 21
24 0.153752 0.113379 0.314088 0.198961 9
1 0.0505636 0.0505636 0.151691 0.101127 21
1 0.102447 0.102447 0.102447 0 21
1 0.0343719 0.0343719 0.0343719 0 15

74 0.206033 0.206033 0.309299 0.103265 21
24 0.153752 0.113379 0.308144 0.189587 9
1 0.0758453 0.0758453 0.151691 0.0758453 21
1 0.0512237 0.0512237 0.102447 0.0512237 21
1 0.0343719 0.0343719 0.0343719 0 15

75 0.225741 0.225741 0.325202 0.0994614 1.5
23 0.132611 0.0981641 0.335531 0.231062 9
1 0.0758453 0.0758453 0.151691 0.0758453 21
1 0.0512237 0.0512237 0.0822241 0.0310005 21
1 0.0343719 0.0343719 0.0343719 0 15

100 0.129801 0.129801 0.170848 0.0410466 21
1 0 0 0 0 1.5

99 0.131112 0.131112 0.181048 0.0499357 21
1 0.0815536 0.0815536 0.166266 0.0847127 21

98 0.17423 0.17423 0.241875 0.067645 21
1 0.178206 0.178206 0.413928 0.235722 9
1 5.77766e-07 5.77766e-07 5.77766e-07 0 21

72 0.170791 0.170791 0.324118 0.153327 21
26 0.282528 0.21215 0.323754 0.109333 9
1 0.0758453 0.0758453 0.151691 0.0758453 21
1 0.102447 0.102447 0.102447 0 21
1 1.92589e-07 1.92589e-07 5.77766e-07 3.85177e-07 21

72 0.212789 0.212789 0.331689 0.1189 21
26 0.162551 0.122059 0.332716 0.206396 9
1 0.151691 0.151691 0.151691 0 21
1 0.0341491 0.0341491 0.0908114 0.0566623 21
1 2.88883e-07 2.88883e-07 5.77766e-07 2.88883e-07 21

72 0.218153 0.218153 0.31984 0.101687 21
27 0.160354 0.12041 0.320044 0.192313 9
1 0.151691 0.151691 0.151691 0 21
1 0.0170746 0.0170746 0.0908114 0.0737368 21

71 0.204411 0.204411 0.32827 0.123859 21
27 0.174503 0.137688 0.335985 0.18592 6
1 0.0379227 0.0379227 0.151691 0.113768 21
1 0.0512237 0.0512237 0.0849934 0.0337697 21

