1 0.151691 0.151691 0.151691 0 12
1 0 0 0 0 0
1 0 0 0 0 12
1 0 0 0 0 12
1 0 0 0 0 12

1 0.151691 0.151691 0.151691 0 15
49 0.00158011 0.00158011 0.00299887 0.00141876 1.5
1 0 0 0 0 0
1 0 0 0 0 12
1 0 0 0 0 12
1 0 0 0 0 12

51 0.00226404 0.00226404 0.00278497 0.000520934 15
48 0.00174357 0.00174357 0.00279698 0.00105341 12

16 0.00226404 0.00226404 0.00948067 0.00721663 12
1 0.151691 0.151691 0.151691 0 15
2 0.0758453 0.0758453 0.0758453 0 18
1 0.151691 0.151691 0.151691 0 18
1 0.148284 0.148284 0.148284 0 3
16 0.00122331 0.00122331 0.00924976 0.00802645 1.5
1 0 0 0 0 12
1 0 0 0 0 15
1 0 0 0 0 15

17 0.00892298 0.00892298 0.00892298 3.46945e-18 15
17 0.00798372 0.00798372 0.00892298 0.000939261 18
17 0.00505636 0.00505636 0.00889129 0.00383494 18
6 0.0247141 0.0247141 0.0247141 0 3
16 0.00322746 0.00322746 0.00900961 0.00578215 12
14 0.0123276 0.00722337 0.00913582 0.00203074 15

1 0.265409 0.265409 0.265409 0 18
1 0.25888 0.25888 0.25888 0 6
1 0.203736 0.203736 0.203736 0 6
7 0.00433402 0.00433402 0.0216701 0.0173361 18
7 0.00632045 0.00632045 0.0216701 0.0153497 12
7 0.0126409 0.0126409 0.0216701 0.00902921 15
1 0.151691 0.151691 0.151691 0 12
1 0.151691 0.151691 0.151691 0 18
7 0.00446149 0.00446149 0.0216253 0.0171638 18
7 0.00580966 0.00478337 0.0212379 0.0163119 3
7 0.0033709 0.0033709 0.0198284 0.0164575 15
1 0.0501307 0.0501307 0.0501307 0 18

11 0.0200983 0.0152282 0.0239776 0.00811932 9
1 0.242293 0.242293 0.242293 0 18
8 0.020324 0.0172781 0.024126 0.00558809 0
8 0.00737246 0.00737246 0.0224889 0.0151164 1.5
6 0.00689503 0.00689503 0.0252818 0.0183867 12
6 0.0101127 0.0101127 0.0252818 0.0151691 15
1 0.151691 0.151691 0.151691 0 15
1 0.151691 0.151691 0.151691 0 18
6 0.0216701 0.0216701 0.0252818 0.00361168 15
6 0.0216701 0.0216701 0.0252818 0.00361168 18
6 0.00842726 0.00842726 0.024999 0.0165717 18
6 0.0247141 0.0247141 0.0247141 0 3
1 0.0884888 0.0884888 0.0884888 0 12
1 0.0501307 0.0501307 0.0501307 0 18
1 0 0 0 0 12
1 0 0 0 0 15
1 0 0 0 0 12

18 0.0134607 0.0115354 0.0133537 0.000441017 18
27 0.0141604 0.00341637 0.00769559 0.00254698 6
22 0.00232815 0.00232815 0.00779322 0.00546507 6
6 0.0247141 0.0247141 0.0247141 0 3

25 0.011126 0.00616381 0.0115053 0.00448606 6
23 0.00510401 0.00510401 0.0114585 0.00635447 18
15 0.00721025 0.00390795 0.0120897 0.00800414 1.5
11 0.0321898 0.0134804 0.0151812 0.00537856 3
3 0.0505636 0.0505636 0.0505636 0 18
3 0.0282481 0.0282481 0.0282481 0 18

36 0.00744322 0.0054165 0.0074686 0.00199694 18
34 0.00614858 0.00340632 0.00753955 0.0030387 6
28 0.00812792 0.00440532 0.00749043 0.0029269 3

1 0.354087 0.354087 0.354087 0 3
21 0.00677235 0.00585963 0.0164926 0.010059 6
16 0.0159656 0.00865331 0.0160573 0.0069259 18
15 0.00465882 0.00276467 0.0160621 0.012817 18
1 0.151691 0.151691 0.151691 0 18
1 0.145773 0.145773 0.145773 0 0
2 0.0423721 0.0423721 0.0423721 0 18

23 0.0106579 0.0100389 0.0188613 0.0085112 9
17 0.0166855 0.00982995 0.0183356 0.00620296 18
14 0.0124177 0.00673035 0.0188571 0.0104569 18
11 0.0102571 0.00931809 0.0197483 0.0103484 1.5
1 0.188008 0.188008 0.188008 0 15
3 0.0505636 0.0505636 0.0505636 0 18
1 0.145773 0.145773 0.145773 0 0
4 0.021186 0.021186 0.021186 0 18
1 0.0218639 0.0218639 0.0218639 0 15
1 0 0 0 0 15

29 0.00773555 0.00753697 0.0131531 0.00560266 3
27 0.0104769 0.00780661 0.0129815 0.00416014 18
22 0.0139699 0.00757165 0.0133399 0.00461715 18
19 0.0100719 0.00907916 0.0134861 0.00427225 15

6 0.079934 0.0301324 0.0716337 0.01856 9
19 0.00715092 0.00709915 0.0202931 0.0131749 18
19 0.00649017 0.00649017 0.0198288 0.0133387 3
18 0.0206739 0.0186362 0.0199934 0.0012613 3
15 0.0124177 0.00673035 0.0201784 0.0091775 18
1 0.0847442 0.0847442 0.0847442 0 15

18 0.0159731 0.0159731 0.024847 0.00887394 18
18 0.0214528 0.0214528 0.0241708 0.00271802 15
16 0.0279397 0.0146956 0.0247227 0.00557326 18
16 0.00577836 0.00577836 0.0246046 0.0188262 1.5
15 0.0145483 0.0131143 0.0238776 0.0105056 3
1 0.151691 0.151691 0.151691 0 21
1 0.113977 0.113977 0.113977 0 3
1 0.0847442 0.0847442 0.0847442 0 15

30 0.0131481 0.0073209 0.013904 0.00141314 18
30 0.00517826 0.00517826 0.0137798 0.00860151 18
29 0.00749381 0.00749381 0.0136442 0.00615035 9
1 0.126518 0.126518 0.126518 0 18

18 0.0145335 0.0145335 0.0262899 0.0117564 9
17 0.006724 0.006724 0.0256228 0.0188988 15
3 0.17238 0.0738016 0.131731 0.0420588 18
15 0.00573024 0.00551896 0.0250945 0.0195616 18
1 0.227943 0.227943 0.227943 0 18
1 0.151691 0.151691 0.151691 0 18
1 0.151691 0.151691 0.151691 0 15
1 0.126788 0.126788 0.126788 0 18
1 0.0847442 0.0847442 0.0847442 0 18
1 0.0847442 0.0847442 0.0847442 0 15

16 0.0145047 0.0139699 0.02804 0.0139714 18
1 0.447036 0.447036 0.447036 0 18
16 0.0102388 0.0102388 0.0274278 0.017189 15
11 0.00972429 0.00959208 0.0289445 0.0193404 1.5
3 0.135756 0.075981 0.095906 0.0281782 18
10 0.027218 0.0116529 0.0286731 0.0120813 18
2 0.0758453 0.0758453 0.0758453 0 18
2 0.0758453 0.0758453 0.0758453 0 15
3 0.0282481 0.0282481 0.0282481 0 21
3 0.0282481 0.0256541 0.0273834 0.0012228 15

29 0.0132502 0.0132502 0.0155327 0.00228241 15
23 0.0194363 0.006805 0.018086 0.00353481 18
23 0.00886013 0.00872007 0.0155266 0.00679532 9
20 0.00940257 0.00812792 0.0160397 0.00765557 18

20 0.0116026 0.0114191 0.0227146 0.0112694 9
17 0.0273029 0.0262962 0.0265923 0.000458688 18
18 0.00876511 0.00757687 0.023298 0.0155294 18
17 0.00643583 0.00643583 0.0227833 0.0163474 15
4 0.0569858 0.0569858 0.0569858 0 18
1 0.16996 0.16996 0.16996 0 3
2 0.0758453 0.0758453 0.0758453 0 15

18 0.00940257 0.00843907 0.0251551 0.0162414 18
17 0.012082 0.012082 0.0261824 0.0141003 18
17 0.0195873 0.0195873 0.0256571 0.00606983 15
15 0.00955505 0.009404 0.0263571 0.0169158 9
4 0.0569858 0.0569858 0.0569858 0 18
1 0.16996 0.16996 0.16996 0 3
4 0.0379227 0.0379227 0.0379227 0 21
2 0.0758453 0.0758453 0.0758453 0 18
2 0.0423721 0.0423721 0.0423721 0 18

16 0.0162436 0.0159868 0.0300806 0.0139635 9
15 0.0126132 0.0109033 0.0295645 0.0185244 18
15 0.0128717 0.0128717 0.0290893 0.0162176 15
12 0.0100808 0.00891623 0.0303386 0.0213277 18
1 0.255059 0.255059 0.255059 0 15
4 0.0569858 0.0569858 0.0569858 0 18
1 0.16996 0.16996 0.16996 0 3
4 0.0379227 0.0379227 0.0379227 0 21
3 0.0505636 0.0505636 0.0505636 0 18
2 0.0423721 0.0423721 0.0423721 0 18
1 0.0847442 0.0847442 0.0847442 0 15

19 0.00943043 0.00834099 0.0251339 0.0166816 18
18 0.0121759 0.0121759 0.0250282 0.0128523 15
13 0.00955505 0.00953362 0.0254574 0.0159139 9
7 0.0471174 0.0364371 0.0379628 0.00373735 15
4 0.0569858 0.0569858 0.0569858 0 18
1 0.16996 0.16996 0.16996 0 3
5 0.0303381 0.0303381 0.0303381 0 21
3 0.0505636 0.0505636 0.0505636 0 18
3 0.0282481 0.0282481 0.0282481 0 18
1 0.0847442 0.0847442 0.0847442 0 15

19 0.0139231 0.0138918 0.0244895 0.0105746 9
18 0.0121759 0.0121759 0.0245915 0.0124156 15
16 0.00974478 0.00861902 0.0256834 0.0166512 18
10 0.0149919 0.0115936 0.0252877 0.0133931 15
7 0.0325633 0.0325633 0.0325633 6.93889e-18 18
1 0.16996 0.16996 0.16996 0 3
5 0.0303381 0.0303381 0.0303381 0 15
3 0.0505636 0.0505636 0.0505636 0 18
3 0.0282481 0.0282481 0.0282481 0 18
1 0.0847442 0.0847442 0.0847442 0 15

15 0.0158023 0.0139768 0.0354149 0.0197395 18
6 0.0861902 0.0670605 0.0830019 0.00712922 18
12 0.0104769 0.0104769 0.0373215 0.0268446 15
11 0.0110752 0.0110752 0.0366962 0.0256211 9
1 0.383486 0.383486 0.383486 0 6
7 0.0143401 0.0110895 0.035754 0.0242268 15
6 0.0208082 0.0207221 0.0380049 0.0172684 18
1 0.16996 0.16996 0.16996 0 3
3 0.0505636 0.0505636 0.0505636 0 18
4 0.0216701 0.0216701 0.0379227 0.0162526 21
1 0.089819 0.089819 0.089819 0 12
2 0.021186 0.021186 0.0423721 0.021186 18
2 0.0423721 0.0423721 0.0423721 0 21

13 0.0211873 0.0211873 0.0363419 0.0151546 9
13 0.0142607 0.0142607 0.0348497 0.020589 18
12 0.0121759 0.0121759 0.0371864 0.0250105 15
12 0.0206857 0.0206857 0.0370038 0.0163181 18
11 0.0350241 0.0318442 0.0351048 0.00301215 6
8 0.0473349 0.025327 0.0364986 0.0108002 18
7 0.0412277 0.0318824 0.0355824 0.00403573 15
1 0.16996 0.16996 0.16996 0 3
4 0.0379227 0.0379227 0.0379227 0 18
4 0.0303381 0.0303381 0.0379227 0.00758453 15
1 0.089819 0.089819 0.089819 0 12
2 0.0423721 0.0423721 0.0423721 0 18
2 0.0282481 0.0282481 0.0423721 0.014124 21

13 0.0254212 0.0254212 0.043822 0.0184009 18
1 0.517141 0.517141 0.517141 0 18
12 0.0194896 0.017238 0.0424994 0.0250814 18
10 0.0166855 0.0166855 0.0441266 0.0274411 15
9 0.0245242 0.0142032 0.0442394 0.0285611 3
8 0.0108291 0.0108291 0.0456033 0.0347742 9
7 0.0327703 0.017607 0.0432611 0.0164703 18
6 0.0471174 0.0364371 0.04429 0.00726102 15
1 0.16996 0.16996 0.16996 0 3
3 0.0252818 0.0252818 0.0505636 0.0252818 18
3 0.0379227 0.0379227 0.0505636 0.0126409 21
1 0.089819 0.089819 0.089819 0 12
2 0.0282481 0.0282481 0.0423721 0.014124 18
2 0.0423721 0.0423721 0.0423721 0 21

9 0.0541453 0.0541453 0.0541453 1.38778e-17 9
11 0.0359746 0.027218 0.0442322 0.0164124 18
11 0.0135974 0.0135974 0.0439999 0.0304025 18
11 0.022488 0.01989 0.0433476 0.023007 18
10 0.0187712 0.0187712 0.0437607 0.0249895 15
10 0.0287893 0.0171532 0.0429895 0.0223319 6
9 0.0426014 0.022889 0.0421212 0.00648567 18
6 0.0471174 0.0364371 0.0433179 0.00647001 15
1 0.16996 0.16996 0.16996 0 3
3 0.0505636 0.0505636 0.0505636 0 15
3 0.0216701 0.0216701 0.0505636 0.0288935 18
1 0.089819 0.089819 0.089819 0 12
2 0.0282481 0.0282481 0.0423721 0.014124 18
2 0.0423721 0.0423721 0.0423721 0 15

14 0.0175261 0.014992 0.0380969 0.0229333 18
13 0.0153865 0.013609 0.0393517 0.0249381 18
13 0.0264862 0.0168116 0.0386992 0.0158152 3
11 0.0204776 0.0204776 0.0397012 0.0192236 21
9 0.0473349 0.0254323 0.0439755 0.00662915 18
9 0.0128239 0.0128239 0.0387809 0.025957 9
6 0.0549703 0.0425099 0.0445866 0.00464372 15
1 0.16996 0.16996 0.16996 0 3
3 0.0505636 0.0505636 0.0505636 0 15
3 0.0505636 0.0505636 0.0505636 0 18
1 0.089819 0.089819 0.089819 0 12
2 0.0423721 0.0423721 0.0423721 0 18
2 0.0423721 0.0423721 0.0423721 0 21

14 0.0348502 0.0348502 0.0472967 0.0124465 6
11 0.0171967 0.0171967 0.0493369 0.0321402 18
10 0.0487307 0.0487307 0.0487307 6.93889e-18 9
10 0.0189866 0.0162413 0.0473743 0.0308695 18
9 0.0180203 0.0180203 0.0500565 0.0320361 15
8 0.0163851 0.0156642 0.048109 0.0318149 18
8 0.040402 0.0382081 0.047035 0.00848915 3
1 0.297233 0.297233 0.297233 0 18
5 0.0366469 0.0283399 0.0524426 0.022686 18
2 0.140557 0.0449095 0.0927333 0.0478238 12
3 0.0379227 0.0379227 0.0505636 0.0126409 21
3 0.0303381 0.0303381 0.0505636 0.0202254 18
1 0.0423721 0.0423721 0.0847442 0.0423721 21
1 0.0282481 0.0282481 0.0650937 0.0368457 18

4 0.170879 0.146172 0.152349 0.0106987 18
12 0.0343933 0.0343933 0.0487239 0.0143306 18
11 0.0216551 0.0216551 0.049736 0.0280809 18
10 0.0169783 0.0169783 0.0493907 0.0324123 1.5
10 0.0194923 0.0194923 0.0484307 0.0289384 9
7 0.0606264 0.0600413 0.0602085 0.0002643 3
8 0.0160896 0.0160896 0.0526581 0.0365685 15
8 0.0236674 0.0236674 0.0506891 0.0270217 18
5 0.0659644 0.0510119 0.0540024 0.005981 15
3 0.0379227 0.0379227 0.0505636 0.0126409 15
3 0.0303381 0.0303381 0.0505636 0.0202254 18
1 0.089819 0.089819 0.089819 0 12
1 0.0423721 0.0423721 0.0847442 0.0423721 15
1 0.021186 0.021186 0.0700063 0.0488203 18

30 0.0194896 0.0194896 0.0194896 3.46945e-18 18
24 0.0243619 0.0243619 0.0243619 0 18
22 0.00668843 0.00557383 0.0200349 0.0134262 3
17 0.0225679 0.0188609 0.0194192 0.00112474 1.5

30 0.0127106 0.0127106 0.0194896 0.00677898 18
29 0.0102883 0.00973756 0.0198889 0.0101222 6
23 0.00769325 0.00769325 0.0199821 0.0122889 18
3 0.128155 0.0579239 0.104636 0.0330307 6

5 0.139921 0.136703 0.13799 0.00157623 21
20 0.00919659 0.00919659 0.0313583 0.0221617 6
19 0.0254212 0.0254212 0.030773 0.00535182 18
16 0.00730858 0.00730858 0.031835 0.0245264 18
1 0.426014 0.426014 0.426014 0 18
1 0.151691 0.151691 0.151691 0 18
1 0.0085976 0.0085976 0.0257928 0.0171952 18

27 0.0135134 0.0135134 0.0236339 0.0101205 6
24 0.0177178 0.0177178 0.0238189 0.00610109 18
22 0.0101392 0.00990604 0.0231535 0.0130996 21
4 0.106503 0.0363716 0.0877989 0.0297531 18
3 0.0505636 0.0505636 0.0505636 0 18
3 0.0169488 0.0169488 0.024318 0.00736913 18

27 0.0205766 0.0201034 0.0256659 0.00521613 21
22 0.00827693 0.00827693 0.0257393 0.0174623 6
22 0.0104408 0.0104408 0.0253359 0.0148951 18
4 0.106503 0.0363716 0.0877989 0.0297531 18
4 0.0379227 0.0379227 0.0379227 0 18
3 0.021186 0.021186 0.0282481 0.00706202 18
1 0.0761746 0.0761746 0.0761746 0 15

26 0.0132431 0.0132431 0.0248516 0.0116085 6
24 0.0135974 0.0135974 0.0242945 0.0106971 18
22 0.00945411 0.00945411 0.0242314 0.0147773 21
7 0.0608591 0.0207838 0.0486439 0.0176551 21
5 0.0303381 0.0303381 0.0303381 0 21
3 0.0282481 0.0282481 0.0282481 0 18
1 0.0761746 0.0761746 0.0761746 0 15

28 0.0159001 0.0159001 0.0245555 0.00865537 21
24 0.0106307 0.0106307 0.0239739 0.0133433 18
21 0.00973756 0.00973756 0.0238925 0.0141549 6
8 0.0532517 0.0181858 0.0395162 0.0165474 21
6 0.0252818 0.0252818 0.0252818 0 21
1 0.0761746 0.0761746 0.0761746 0 15
2 0.014124 0.014124 0.0325469 0.0184228 18

24 0.0200653 0.0200653 0.0270284 0.00696314 6
23 0.00842897 0.00842897 0.0264964 0.0180675 21
21 0.011244 0.011244 0.0272519 0.0160079 18
10 0.0426014 0.0145486 0.0308179 0.0133036 21
1 0.160913 0.160913 0.160913 0 3
5 0.0189613 0.0189613 0.0303381 0.0113768 18
2 0.0423721 0.0423721 0.0423721 0 18
1 0.0761746 0.0761746 0.0761746 0 15

27 0.0139921 0.0139921 0.0259113 0.0119192 21
21 0.0142607 0.0142607 0.0266737 0.0124131 18
20 0.00945935 0.00945935 0.0260411 0.0165817 6
12 0.0355012 0.0121239 0.0270578 0.0105779 18
1 0.160913 0.160913 0.160913 0 3
5 0.0216701 0.0216701 0.0303381 0.00866804 18
3 0.018188 0.018188 0.0294872 0.0112992 18
1 0.0761746 0.0761746 0.0761746 0 15

25 0.0183932 0.0183932 0.0264862 0.008093 6
22 0.00932806 0.00932806 0.0266267 0.0172987 21
21 0.0129556 0.0108275 0.0269214 0.0159989 18
12 0.0355012 0.0121239 0.0270578 0.0105779 21
1 0.160913 0.160913 0.160913 0 3
5 0.0252818 0.0252818 0.0303381 0.00505636 18
2 0.018188 0.018188 0.0383357 0.0201477 21
1 0.0761746 0.0761746 0.0761746 0 15

25 0.0129556 0.0129556 0.0259006 0.0129449 21
23 0.0205766 0.0171967 0.0257151 0.00827945 18
20 0.00859941 0.00859941 0.0260394 0.01744 6
12 0.0327703 0.0111913 0.0275871 0.00899559 18
1 0.160913 0.160913 0.160913 0 3
5 0.0252818 0.0252818 0.0303381 0.00505636 18
3 0.0303133 0.0303133 0.0303133 0 21
1 0.0761746 0.0761746 0.0761746 0 15

23 0.0111048 0.0111048 0.0263497 0.0152448 21
23 0.015049 0.015049 0.0261301 0.0110811 6
22 0.0124929 0.0104408 0.0262488 0.0155441 18
12 0.0304296 0.0103919 0.0264826 0.00848665 21
1 0.160913 0.160913 0.160913 0 3
5 0.0216701 0.0216701 0.0303381 0.00866804 18
1 0.0761746 0.0761746 0.0761746 0 15
2 0.022735 0.022735 0.0373265 0.0145916 21

24 0.0118242 0.0118242 0.0271874 0.0153633 6
21 0.0109313 0.0109313 0.027524 0.0165927 21
21 0.0166572 0.0139211 0.0275026 0.0129825 18
13 0.0327703 0.0111913 0.0270141 0.00868586 18
1 0.160913 0.160913 0.160913 0 3
5 0.0216701 0.0216701 0.0303381 0.00866804 18
3 0.018188 0.018188 0.0299002 0.0117123 18
1 0.0761746 0.0761746 0.0761746 0 15

24 0.0137177 0.0137177 0.028492 0.0147743 21
21 0.0199887 0.0167053 0.0280236 0.0103403 21
18 0.00934316 0.00932612 0.0280733 0.0187462 1.5
12 0.0284009 0.00969909 0.0284341 0.00550884 18
2 0.154363 0.0412303 0.0977968 0.0565665 3
5 0.0189613 0.0189613 0.0303381 0.0113768 18
2 0.0804567 0.0437917 0.0621242 0.0183325 3
3 0.022735 0.022735 0.0303133 0.00757832 21
1 0.0761746 0.0761746 0.0761746 0 15

37 0.0148852 0.0124401 0.0167834 0.0034427 21
34 0.0109313 0.0109313 0.0169411 0.00600979 1.5
27 0.00861512 0.00859941 0.0170681 0.00846753 6

53 0.00653836 0.00653836 0.0111878 0.00464945 6
46 0.00812832 0.00642513 0.0112376 0.00385119 18

39 0.00597952 0.00597952 0.0177823 0.0118027 21
38 0.0117409 0.0111048 0.0175166 0.0063799 21
3 0.0505636 0.0505636 0.0505636 0 21
2 0.0727432 0.0727432 0.0727432 0 21
1 0.0909399 0.0909399 0.0909399 0 21
1 1.35051e-29 1.35051e-29 1.35051e-29 0 1.5

36 0.0129768 0.0122738 0.0190731 0.00674356 21
31 0.00608351 0.00608351 0.0191897 0.0131062 21
2 0.108787 0.108787 0.108787 0 9
5 0.0303381 0.0303381 0.0303381 0 21
2 0.0727432 0.0727432 0.0727432 0 21
3 0.0303133 0.0303133 0.0303133 0 21

35 0.0102883 0.0102883 0.0193443 0.00905603 21
32 0.00770497 0.00728754 0.0192669 0.0118505 21
3 0.0725245 0.0723899 0.0724796 6.3448e-05 9
7 0.0216701 0.0216701 0.0216701 3.46945e-18 21
2 0.0727432 0.0727432 0.0727432 0 21
3 0.0303133 0.0303133 0.0303133 0 21

36 0.0115574 0.0109313 0.0196109 0.00835502 21
31 0.00713882 0.00713882 0.0197319 0.0125931 21
5 0.0435147 0.0430808 0.0434118 0.000168414 9
7 0.0216701 0.0216701 0.0216701 3.46945e-18 21
4 0.0363716 0.0363716 0.0363716 0 21
4 0.022735 0.022735 0.022735 0 21

32 0.0118577 0.0118577 0.0217986 0.00994088 21
29 0.00739677 0.00739677 0.0218094 0.0144127 21
2 0.155516 0.0705509 0.113034 0.0424827 18
8 0.0271967 0.0269255 0.0270678 0.000121537 9
7 0.0151691 0.0151691 0.0216701 0.00650103 21
4 0.0363716 0.0363716 0.0363716 0 21
4 0.022735 0.022735 0.022735 0 21

31 0.010418 0.010418 0.0238423 0.0134244 21
25 0.00874505 0.00874505 0.0239614 0.0152163 21
3 0.103678 0.047034 0.0847964 0.0267021 18
9 0.0217573 0.0215404 0.0240832 0.00239506 9
2 0.102474 0.0673694 0.0849216 0.0175521 18
6 0.0168545 0.0168545 0.0252818 0.00842726 21
5 0.0290973 0.0290973 0.0290973 0 21
3 0.0151566 0.0151566 0.0303133 0.0151566 21

22 0.0116601 0.0116601 0.0307186 0.0190585 21
20 0.00902045 0.00902045 0.0318417 0.0228212 21
1 0.486817 0.486817 0.486817 0 18
8 0.032454 0.0141102 0.0326033 0.00666631 18
7 0.0217573 0.021717 0.0309951 0.00924354 9
2 0.102474 0.0673694 0.0849216 0.0175521 21
4 0.0216701 0.0216701 0.0379227 0.0162526 21
4 0.0290973 0.0290973 0.0363716 0.00727432 21
1 0.111011 0.111011 0.111011 0 21
2 0.018188 0.018188 0.0454699 0.027282 21
1 0.089642 0.089642 0.089642 0 6

23 0.0147935 0.0147935 0.0316721 0.0168785 21
19 0.0116601 0.0116601 0.0316112 0.0199511 21
15 0.0231818 0.0231818 0.0314226 0.00824081 18
9 0.0249646 0.0239256 0.0333377 0.00919135 18
6 0.0271967 0.0271967 0.0362086 0.00901195 9
2 0.102474 0.0673694 0.0849216 0.0175521 21
4 0.0379227 0.0379227 0.0379227 0 21
4 0.0207838 0.0207838 0.0363716 0.0155878 21
2 0.0796064 0.044821 0.0622137 0.0173927 6
1 0.111011 0.111011 0.111011 0 21
2 0.022735 0.022735 0.0454699 0.022735 21

22 0.0155468 0.0155468 0.0318002 0.0162534 21
18 0.01104 0.01104 0.0317991 0.0207591 21
15 0.0135227 0.0135227 0.0319406 0.0184179 15
9 0.021636 0.0207355 0.0333777 0.0123493 18
7 0.0310819 0.030772 0.0310376 0.000108452 9
2 0.102474 0.0673694 0.0849216 0.0175521 18
4 0.0379227 0.0379227 0.0379227 0 21
1 0.151691 0.151691 0.151691 0 18
4 0.0242477 0.0242477 0.0363716 0.0121239 21
2 0.0796064 0.044821 0.0622137 0.0173927 6
2 0.0454699 0.0454699 0.0454699 0 21

20 0.0172018 0.0172018 0.0339291 0.0167274 15
16 0.0118577 0.0118577 0.0338051 0.0219474 1.5
14 0.011064 0.011064 0.033438 0.022374 18
9 0.0249646 0.0239256 0.0352519 0.0106449 18
6 0.0271967 0.0271967 0.036217 0.00902036 9
2 0.102474 0.0673694 0.0849216 0.0175521 18
1 0.157553 0.157553 0.157553 0 15
4 0.0303381 0.0303381 0.0379227 0.00758453 21
1 0.151691 0.151691 0.151691 0 18
4 0.0363716 0.0363716 0.0363716 0 21
2 0.0796064 0.044821 0.0622137 0.0173927 6
2 0.0303133 0.0303133 0.0454699 0.0151566 21
1 0.0909399 0.0909399 0.0909399 0 18

58 0.012753 0 0.0108791 0.0042334 21
41 0.00596514 0.00564197 0.0109822 0.00530957 18

37 0.0130581 0.0122738 0.018651 0.00635732 21
30 0.00551998 0.00551998 0.0183913 0.0128713 21
2 0.107702 0.107702 0.107702 0 9
2 0.0727432 0.0727432 0.0727432 0 21
3 0.0525175 0.0288166 0.0446172 0.0111727 15
1 0.0909399 0.0909399 0.0909399 0 21

35 0.01072 0.01072 0.0204017 0.00968173 21
30 0.00800334 0.00752263 0.0205894 0.0130195 21
3 0.0725245 0.0718013 0.0720424 0.000340904 9
3 0.0484955 0.0484955 0.0484955 0 21
3 0.0525175 0.0288166 0.0446172 0.0111727 18
1 0.102914 0.102914 0.102914 0 18
3 0.0303133 0.0303133 0.0303133 0 21

31 0.0109457 0.0102883 0.0226216 0.0121879 21
30 0.00902045 0.00902045 0.0225824 0.0135619 21
8 0.0271967 0.0269255 0.0270272 0.000131288 9
3 0.0505636 0.0505636 0.0505636 0 21
6 0.0181858 0.0181858 0.0242477 0.00606193 21
3 0.0525175 0.0288166 0.0446172 0.0111727 15
1 0.102914 0.102914 0.102914 0 18
4 0.018188 0.018188 0.022735 0.00454699 21

34 0.0102733 0.0102733 0.0207814 0.0105081 21
30 0.00897079 0.00842897 0.0207725 0.0119708 21
10 0.0217573 0.0215404 0.0216272 0.000106283 9
3 0.0505636 0.0505636 0.0505636 0 21
7 0.0181858 0.0181858 0.0207838 0.00259797 21
3 0.0525175 0.0288166 0.0446172 0.0111727 15
4 0.0129914 0.0129914 0.022735 0.00974356 21

34 0.010487 0.0104833 0.0202587 0.00977504 21
29 0.00860089 0.00860089 0.0206242 0.0120234 21
10 0.0167364 0.0165695 0.0216071 0.00497153 9
4 0.0379227 0.0379227 0.0379227 0 21
7 0.0207838 0.0207838 0.0207838 0 21
3 0.0525175 0.0288166 0.0446172 0.0111727 15
4 0.0129914 0.0129914 0.022735 0.00974356 21

29 0.00973259 0.00973259 0.0248853 0.0151527 21
25 0.00908019 0.00907696 0.0248935 0.0158155 21
1 0.389018 0.389018 0.389018 0 18
8 0.0217573 0.0215404 0.027034 0.00538619 9
4 0.0379227 0.0379227 0.0379227 0 21
5 0.013226 0.013226 0.0290973 0.0158712 21
3 0.0525175 0.0288166 0.0446172 0.0111727 15
3 0.022735 0.022735 0.0303133 0.00757832 21

25 0.0106368 0.010633 0.0286323 0.0179959 21
20 0.00924596 0.00924596 0.0293885 0.0201426 21
1 0.395215 0.395215 0.395215 0 21
1 0.389018 0.389018 0.389018 0 18
7 0.0241748 0.0239338 0.0309097 0.00683926 9
5 0.0303381 0.0303381 0.0303381 0 21
5 0.0290973 0.0290973 0.0290973 0 21
3 0.0525175 0.0288166 0.0446172 0.0111727 18
3 0.022735 0.022735 0.0303133 0.00757832 21

35 0.0130758 0.012753 0.0196019 0.00683988 21
32 0.00919229 0.00919229 0.0195066 0.0103143 21
10 0.0217573 0.0211047 0.0215836 0.00018959 9
7 0.0151691 0.0151691 0.0216701 0.00650103 21
7 0.0207838 0.0207838 0.0207838 0 21
4 0.022735 0.022735 0.022735 0 21

34 0.0101997 0.0101997 0.0211821 0.0109825 21
28 0.00871723 0.00850203 0.0208246 0.0123073 21
10 0.0197794 0.0191861 0.0215401 0.00192633 9
1 0.155334 0.155334 0.155334 0 15
7 0.0189613 0.0189613 0.0216701 0.00270876 21
7 0.0145486 0.0145486 0.0207838 0.00623513 21
4 0.018188 0.018188 0.022735 0.00454699 21

29 0.010389 0.0101326 0.0250949 0.0149008 21
27 0.00966981 0.00966981 0.0247644 0.0150946 21
8 0.015541 0.015386 0.0268392 0.011376 9
1 0.160602 0.160602 0.160602 0 21
1 0.155334 0.155334 0.155334 0 15
1 0.153387 0.153387 0.153387 0 18
6 0.0189613 0.0189613 0.0252818 0.00632045 21
5 0.0161652 0.0161652 0.0290973 0.0129321 21
3 0.0129914 0.0129914 0.0303133 0.0173219 21

32 0.0116677 0.011455 0.0227415 0.0112799 21
26 0.00936295 0.00913181 0.0232888 0.0140089 1.5
9 0.0217573 0.0215404 0.0239818 0.00234744 9
2 0.0803011 0.077667 0.078984 0.00131704 21
1 0.153387 0.153387 0.153387 0 18
6 0.0151691 0.0151691 0.0252818 0.0101127 21
6 0.0207838 0.0207838 0.0242477 0.00346396 21
4 0.018188 0.018188 0.022735 0.00454699 21

52 0.00881859 0.00865786 0.0114933 0.00282637 21
47 0.00758399 0.00739677 0.011466 0.00391056 21

38 0.00902855 0.00902855 0.0198712 0.0108427 18
33 0.00683242 0.00670789 0.0196809 0.012943 21
1 0.213195 0.213195 0.213195 0 18
1 0.211047 0.211047 0.211047 0 9
2 0.0551374 0.0551374 0.0551374 0 18

35 0.0111529 0.0109496 0.0205139 0.00949501 18
31 0.00798314 0.00798314 0.0202152 0.012232 18
1 0.211047 0.211047 0.211047 0 9
1 0.151691 0.151691 0.151691 0 21
4 0.0275687 0.0275687 0.0275687 0 18
1 0.100087 0.100087 0.100087 0 15
4 0.018188 0.0169385 0.0221102 0.00426904 18

38 0.0105333 0.0105333 0.0197583 0.00922494 18
31 0.00842665 0.00827306 0.0197969 0.0114051 21
1 0.211047 0.211047 0.211047 0 9
4 0.0379227 0.0379227 0.0379227 0 21
5 0.0290973 0.0220549 0.0234634 0.00281693 18
4 0.018188 0.0169385 0.0221102 0.00426904 21

33 0.0108343 0.0108343 0.022898 0.0120637 18
27 0.00824346 0.00824346 0.0229751 0.0147316 18
2 0.12719 0.105523 0.116357 0.0108334 9
1 0.17765 0.17765 0.17765 0 15
4 0.0379227 0.0379227 0.0379227 0 21
1 0.122549 0.122549 0.122549 0 15
5 0.0181858 0.0137843 0.0229352 0.00845592 18
3 0.018188 0.018188 0.0294803 0.0112923 21

32 0.0111529 0.0111529 0.0234599 0.012307 18
29 0.00861817 0.00861817 0.0236338 0.0150156 18
2 0.12719 0.105523 0.116357 0.0108334 9
1 0.17765 0.17765 0.17765 0 15
5 0.0303381 0.0303381 0.0303381 0 21
1 0.122549 0.122549 0.122549 0 15
4 0.0242477 0.0183791 0.0290358 0.00953444 18
3 0.018188 0.018188 0.0294803 0.0112923 21

32 0.01185 0.01185 0.0226445 0.0107945 18
28 0.00833405 0.00833405 0.0226681 0.0143341 1.5
4 0.0635951 0.0527617 0.0607091 0.0045908 6
2 0.0892496 0.0888251 0.0890373 0.000212247 18
6 0.0252818 0.0252818 0.0252818 0 18
1 0.122549 0.122549 0.122549 0 15
5 0.0290973 0.0220549 0.0234634 0.00281693 18
3 0.022735 0.022735 0.0297927 0.00705769 21

53 0.00892234 0.00892234 0.0127423 0.00381995 18
46 0.00789999 0.00789999 0.0130087 0.0051087 21

