5 1 0.151691 0.151691 0.151691 0 12
1 1 0.0368827 0.0368827 0.0368827 0 0
2 1 0 0 0 0 12
3 1 0 0 0 0 12
4 1 0 0 0 0 12

6 1 0.274944 0.274944 0.274944 0 3
7 1 0.151691 0.151691 0.151691 0 15
5 23 0.00202254 0.00202254 0.00640259 0.00438005 12
1 6 0.00913017 0.00204904 0.0069584 0.00456847 0
2 1 0 0 0 0 12
3 1 0 0 0 0 12
4 1 0 0 0 0 12

6 19 0.00751573 0.0043642 0.0128983 0.00836505 3
9 1 0.233108 0.233108 0.233108 0 15
12 1 0.185227 0.185227 0.185227 0 3
7 12 0.00689503 0.00689503 0.0126409 0.00574586 18
5 12 0.00433402 0.00433402 0.0126409 0.00830687 12
10 1 0.151691 0.151691 0.151691 0 15
8 1 0.0717403 0.0717403 0.0717403 0 6
1 4 0.0273905 0.00614712 0.0145315 0.00969856 0
2 1 0 0 0 0 12
3 1 0 0 0 0 12
4 1 0 0 0 0 12
11 1 0 0 0 0 15

6 18 0.00860893 0.00499899 0.0133964 0.00798799 1.5
9 16 0.0122438 0.0116554 0.0138776 0.00219003 15
12 15 0.0199813 0.00926136 0.0131353 0.00400016 3
5 11 0.00798372 0.00798372 0.0137901 0.00580634 12
7 11 0.00561817 0.00561817 0.0137901 0.00817189 15
10 2 0.0758453 0.0758453 0.0758453 0 15
8 1 0.0717403 0.0717403 0.0717403 0 6
1 4 0.0410858 0.00922068 0.017187 0.013798 0
13 2 0.0255918 0.0255918 0.0255918 0 15
2 1 0 0 0 0 12
3 1 0 0 0 0 12
4 1 0 0 0 0 12
11 1 0 0 0 0 15

6 100 0.00298029 0.00100667 0.00196201 0.00068823 15

15 23 0.0107044 0.00450728 0.012427 0.00737449 3
6 19 0.00637644 0.00271056 0.0125386 0.00840744 1.5
14 16 0.00850269 0.003941 0.0121977 0.00758024 3
19 1 0.164236 0.164236 0.164236 0 6
16 1 0.151691 0.151691 0.151691 0 12
17 1 0.119896 0.119896 0.119896 0 3
21 1 0.0511836 0.0511836 0.0511836 0 15
18 1 0 0 0 0 15
20 1 0 0 0 0 15

15 61 0.00742012 0.00315111 0.00528004 0.00161338 0
6 38 0.00525824 0.0024372 0.00534993 0.00211641 3

23 2 0.207617 0.207617 0.207617 0 12
15 20 0.00458135 0.00315661 0.0159999 0.0124098 1.5
6 19 0.021033 0.00982033 0.0164691 0.00535493 6
22 15 0.0102032 0.00971285 0.0158348 0.00583266 18
25 1 0.151691 0.151691 0.151691 0 12
26 2 0.0535878 0.0535878 0.0535878 0 12
24 1 0 0 0 0 15

23 51 0.0058965 0.00446488 0.00684473 0.00186841 15
15 48 0.0102568 0.00365487 0.00682373 0.00220976 18

28 11 0.062473 0.0547715 0.0603583 0.00230699 0
29 17 0.00992791 0.00888059 0.0229541 0.0138945 6
23 17 0.00418606 0.00418606 0.0228529 0.0186668 18
27 7 0.0608267 0.00568667 0.0528364 0.0192496 12
33 1 0.151691 0.151691 0.151691 0 12
32 1 0.130987 0.130987 0.130987 0 12
30 1 0.107176 0.107176 0.107176 0 12
31 1 0 0 0 0 18
34 1 0 0 0 0 18

28 22 0.00723371 0.00687338 0.0213147 0.0141801 0
29 19 0.0114553 0.0102468 0.0207209 0.01017 6
27 15 0.0283858 0.00265378 0.024844 0.00870408 15
23 1 0.257712 0.257712 0.257712 0 18
33 1 0.151691 0.151691 0.151691 0 12
32 1 0.130987 0.130987 0.130987 0 12
30 1 0.107176 0.107176 0.107176 0 12
36 1 0.0897293 0.0897293 0.0897293 0 3
35 1 0.0686526 0.0686526 0.0686526 0 6
31 1 0 0 0 0 18
34 1 0 0 0 0 18

28 25 0.013211 0.0120562 0.0226342 0.0105342 0
29 17 0.0111689 0.00999066 0.0230254 0.0124941 6
27 17 0.0152174 0.0132192 0.0226641 0.00931859 15
23 11 0.010738 0.010738 0.0228344 0.0120964 18
33 3 0.0505636 0.0505636 0.0505636 0 12
32 2 0.0654935 0.0654935 0.0654935 0 12
30 1 0.107176 0.107176 0.107176 0 12
36 1 0.0897293 0.0897293 0.0897293 0 3
35 1 0.0686526 0.0686526 0.0686526 0 6
34 2 0.0459781 0 0.0229891 0.0229891 18
31 1 0 0 0 0 18

28 24 0.0110739 0.0101059 0.0252236 0.0149607 0
29 17 0.0114553 0.0114553 0.0244099 0.0129546 6
27 16 0.0115942 0.0100718 0.0253628 0.0149838 15
23 10 0.0171808 0.0171808 0.0257712 0.00859039 18
33 4 0.0379227 0.0379227 0.0379227 0 15
37 2 0.0758453 0.0758453 0.0758453 0 18
32 3 0.0436624 0.0436624 0.0436624 0 12
30 1 0.107176 0.107176 0.107176 0 12
36 1 0.0897293 0.0897293 0.0897293 0 3
35 1 0.0686526 0.0686526 0.0686526 0 6
34 1 0.0459781 0.0459781 0.0459781 0 18
31 1 0 0 0 0 18

28 23 0.0109134 0.00995946 0.0258861 0.0156834 0
29 16 0.0114553 0.0114553 0.0261182 0.0146629 6
27 16 0.0139131 0.0121653 0.0258182 0.0132376 15
23 10 0.0143173 0.0143173 0.0257712 0.0114538 18
33 5 0.0303381 0.0303381 0.0303381 0 12
37 2 0.0758453 0.0758453 0.0758453 0 18
32 5 0.0218312 0.0218312 0.0261974 0.00436624 12
30 3 0.0386548 0.0357252 0.0376783 0.00138103 12
34 1 0.0919562 0.0919562 0.0919562 0 18
36 1 0.0897293 0.0897293 0.0897293 0 3
35 1 0.0686526 0.0686526 0.0686526 0 6
31 1 0 0 0 0 18

28 23 0.0127631 0.0116475 0.0273517 0.015035 0
29 16 0.00930741 0.00930741 0.0271491 0.0178417 6
27 16 0.011877 0.0103851 0.0267693 0.015656 15
23 9 0.018408 0.018408 0.0286346 0.0102267 18
38 1 0.157842 0.157842 0.157842 0 3
33 5 0.0303381 0.0303381 0.0303381 0 12
37 2 0.0758453 0.0758453 0.0758453 0 18
32 4 0.0261974 0.0261974 0.0327468 0.00654935 12
34 2 0.0459781 0.0459781 0.0459781 0 18
36 1 0.0897293 0.0897293 0.0897293 0 3
30 3 0.0289911 0.0267939 0.0282587 0.00103578 12
35 1 0.0686526 0.0686526 0.0686526 0 6
31 1 0 0 0 0 18

28 22 0.0114095 0.0114095 0.0281672 0.0167577 0
27 16 0.0121739 0.0121739 0.0278543 0.0156804 15
29 15 0.0139611 0.0139611 0.0284841 0.014523 6
23 9 0.0143173 0.0143173 0.0286346 0.0143173 18
33 5 0.0168545 0.0168545 0.0303381 0.0134836 15
37 2 0.0758453 0.0758453 0.0758453 0 18
38 2 0.0789209 0.065719 0.07232 0.00660097 3
32 4 0.0327468 0.0327468 0.0327468 0 12
30 4 0.0231929 0.0231929 0.0285516 0.00535878 12
34 2 0.0459781 0.0459781 0.0459781 0 18
36 1 0.0897293 0.0897293 0.0897293 0 3
39 1 0.072454 0.072454 0.072454 0 12
35 1 0.0686526 0.0686526 0.0686526 0 6
31 1 0 0 0 0 18

28 19 0.011585 0.011585 0.0326987 0.0211137 0
27 15 0.013161 0.013161 0.0324638 0.0193028 15
29 13 0.0135381 0.0135381 0.0330673 0.0195292 6
23 8 0.0128856 0.0128856 0.0312686 0.018383 18
30 5 0.126555 0.0231929 0.0438654 0.041345 15
36 2 0.161502 0.0448646 0.103184 0.0583189 0
33 4 0.0303381 0.0303381 0.0379227 0.00758453 12
37 3 0.0505636 0.0505636 0.0505636 0 18
38 2 0.0789209 0.065719 0.07232 0.00660097 3
32 4 0.0218312 0.0218312 0.0327468 0.0109156 12
40 1 0.0968482 0.0968482 0.0968482 0 0
34 2 0.0306521 0.0306521 0.0459781 0.015326 18
39 1 0.072454 0.072454 0.072454 0 12
35 1 0.0686526 0.0686526 0.0686526 0 6
31 1 0 0 0 0 18

28 19 0.0129726 0.0121456 0.0303168 0.0181287 0
27 15 0.0121739 0.0121739 0.031773 0.0195991 15
29 14 0.0144115 0.0144115 0.0308585 0.016447 6
23 8 0.016107 0.016107 0.0320917 0.0159847 18
36 2 0.161502 0.0448646 0.103184 0.0583189 3
32 5 0.0911023 0.0261974 0.0391784 0.0259619 12
30 5 0.0703085 0.0128849 0.0346776 0.0251764 12
33 4 0.0379227 0.0379227 0.0379227 0 12
37 4 0.0379227 0.0379227 0.0379227 0 18
38 2 0.0789209 0.065719 0.07232 0.00660097 3
40 1 0.0968482 0.0968482 0.0968482 0 0
34 2 0.0459781 0.0459781 0.0459781 0 18
35 1 0.0686526 0.0686526 0.0686526 0 6
31 1 0 0 0 0 18

28 17 0.0157706 0.0147652 0.0351551 0.0203321 0
27 14 0.0124861 0.0124861 0.0339366 0.0214505 15
29 12 0.0154054 0.0154054 0.0353547 0.0199494 6
23 7 0.0143173 0.0143173 0.0355086 0.0211913 18
41 1 0.240465 0.240465 0.240465 0 15
30 5 0.126555 0.0231929 0.0438654 0.041345 12
36 6 0.0215336 0.0215336 0.0356905 0.0141568 0
32 5 0.0759186 0.0218312 0.0370149 0.0220711 15
33 4 0.0379227 0.0379227 0.0379227 0 12
37 4 0.0379227 0.0379227 0.0379227 0 18
38 2 0.0789209 0.065719 0.07232 0.00660097 3
40 1 0.0968482 0.0968482 0.0968482 0 0
34 2 0.0459781 0.0459781 0.0459781 0 18
35 1 0.0686526 0.0686526 0.0686526 0 6
42 1 0.0452326 0.0452326 0.0452326 0 18
31 1 0 0 0 0 18

28 17 0.0138672 0.0129832 0.0351818 0.0220964 0
27 13 0.0157083 0.0157083 0.0367833 0.021075 15
29 12 0.0148919 0.0148919 0.0371233 0.0222315 6
36 6 0.0538341 0.0538341 0.0538341 0 0
41 7 0.0536109 0.0343521 0.0371034 0.00673917 15
23 7 0.0128856 0.0128856 0.0350516 0.022166 18
32 5 0.0911023 0.0261974 0.0391784 0.0259619 15
30 4 0.0703085 0.0128849 0.043347 0.0296257 12
33 4 0.0379227 0.0379227 0.0379227 0 15
37 4 0.0379227 0.0379227 0.0379227 0 18
38 2 0.0789209 0.065719 0.07232 0.00660097 3
40 1 0.0968482 0.0968482 0.0968482 0 0
34 2 0.0459781 0.0459781 0.0459781 0 18
35 1 0.0686526 0.0686526 0.0686526 0 6
42 1 0.0452326 0.0452326 0.0452326 0 18
31 1 0 0 0 0 18

28 16 0.0151755 0.014208 0.0392801 0.0248338 0
27 12 0.0187291 0.0187291 0.0405798 0.0218507 15
29 10 0.0178702 0.0178702 0.0412909 0.0234207 6
36 8 0.0201878 0.0201878 0.0403756 0.0201878 0
41 6 0.0288674 0.0184973 0.0435342 0.0221269 15
23 6 0.0128856 0.0128856 0.0429519 0.0300664 18
30 5 0.105463 0.0193274 0.04042 0.0346703 15
32 5 0.0911023 0.0261974 0.0391784 0.0259619 12
43 1 0.190954 0.190954 0.190954 0 18
37 3 0.0303381 0.0303381 0.0505636 0.0202254 18
33 3 0.0379227 0.0379227 0.0505636 0.0126409 12
38 2 0.0789209 0.065719 0.07232 0.00660097 3
44 1 0.13786 0.13786 0.13786 0 15
40 1 0.0968482 0.0968482 0.0968482 0 0
34 2 0.0229891 0.0229891 0.0459781 0.0229891 18
35 1 0.0686526 0.0686526 0.0686526 0 6
42 1 0.0452326 0.0452326 0.0452326 0 18
31 1 0 0 0 0 18

28 16 0.0164143 0.0153679 0.0395109 0.0234945 0
27 12 0.0187291 0.0187291 0.0405798 0.0218507 15
29 11 0.0165465 0.0165465 0.039651 0.0231045 6
36 7 0.0152099 0.0134585 0.0436497 0.0299472 0
41 7 0.039771 0.0200387 0.0419857 0.0160098 15
30 6 0.0903967 0.0165663 0.0444588 0.0345635 15
23 6 0.018408 0.018408 0.0429519 0.024544 18
32 5 0.0650731 0.0187124 0.0447417 0.0239136 12
43 1 0.190954 0.190954 0.190954 0 18
37 3 0.0505636 0.0505636 0.0505636 0 18
33 3 0.0379227 0.0379227 0.0505636 0.0126409 12
38 2 0.0789209 0.065719 0.07232 0.00660097 3
40 1 0.0968482 0.0968482 0.0968482 0 0
34 2 0.0459781 0.0459781 0.0459781 0 18
35 1 0.0686526 0.0686526 0.0686526 0 6
42 1 0.0452326 0.0452326 0.0452326 0 18
31 1 0 0 0 0 18

28 15 0.01915 0.01915 0.0458893 0.0267393 0
27 11 0.0139131 0.0139131 0.0442689 0.0303558 15
30 9 0.0632777 0.013786 0.0478525 0.0233552 15
29 9 0.0165465 0.0165465 0.0461287 0.0295822 6
36 7 0.0214729 0.0190003 0.0472032 0.0271708 0
41 7 0.0280736 0.0220751 0.0465378 0.0236989 15
32 6 0.0650731 0.0187124 0.0450115 0.0233892 12
23 5 0.0429519 0.0429519 0.0515423 0.00859039 18
43 1 0.190954 0.190954 0.190954 0 18
46 1 0.151691 0.151691 0.151691 0 15
33 3 0.0303381 0.0303381 0.0505636 0.0202254 12
37 3 0.0505636 0.0505636 0.0505636 0 18
38 2 0.0789209 0.065719 0.07232 0.00660097 3
45 2 0.0231929 0.0231929 0.0579822 0.0347893 12
40 1 0.0968482 0.0968482 0.0968482 0 0
34 2 0.0459781 0.0459781 0.0459781 0 18
35 1 0.0686526 0.0686526 0.0686526 0 6
42 1 0.0452326 0.0452326 0.0452326 0 18
31 1 0 0 0 0 18

28 12 0.0167562 0.0167562 0.0444634 0.0277071 3
27 11 0.0202899 0.0202899 0.043736 0.0234461 15
29 10 0.0263859 0.0262798 0.0446862 0.0183959 6
41 8 0.026514 0.0208487 0.0483259 0.0261761 18
30 8 0.0351543 0.0351543 0.0478607 0.0127064 15
36 8 0.0202799 0.0202799 0.0435865 0.0233066 0
32 6 0.0267948 0.0267948 0.0441025 0.0173077 12
23 5 0.0368159 0.0368159 0.0515423 0.0147264 18
43 1 0.190954 0.190954 0.190954 0 18
37 3 0.0505636 0.0505636 0.0505636 0 18
33 2 0.0758453 0.0758453 0.0758453 0 12
46 3 0.0379227 0.0379227 0.0505636 0.0126409 15
47 1 0.145905 0.145905 0.145905 0 15
38 2 0.0789209 0.065719 0.07232 0.00660097 3
40 1 0.0968482 0.0968482 0.0968482 0 0
34 2 0.0306521 0.0306521 0.0459781 0.015326 18
35 1 0.0686526 0.0686526 0.0686526 0 6
42 1 0.0452326 0.0452326 0.0452326 0 18
31 1 0 0 0 0 18

30 12 0.0372222 0.0372222 0.0485434 0.0113212 15
27 9 0.0194783 0.0194783 0.0494168 0.0299385 15
28 9 0.013405 0.013405 0.0492554 0.0358504 1.5
32 9 0.0325365 0.0325365 0.0480368 0.0155003 15
29 8 0.0195026 0.0194242 0.0525027 0.0330589 6
41 8 0.0238626 0.0187638 0.0500963 0.0282538 18
23 5 0.0515423 0.0515423 0.0515423 0 18
43 1 0.190954 0.190954 0.190954 0 18
50 1 0.183512 0.183512 0.183512 0 18
37 3 0.0505636 0.0505636 0.0505636 0 18
33 3 0.0379227 0.0379227 0.0505636 0.0126409 15
46 1 0.151691 0.151691 0.151691 0 15
48 1 0.151691 0.151691 0.151691 0 18
49 1 0.148144 0.148144 0.148144 0 3
47 1 0.145905 0.145905 0.145905 0 15
38 2 0.0789209 0.065719 0.07232 0.00660097 3
40 1 0.0968482 0.0968482 0.0968482 0 0
34 1 0.0459781 0.0459781 0.0919562 0.0459781 18
35 1 0.0686526 0.0686526 0.0686526 0 6
42 1 0.0452326 0.0452326 0.0452326 0 18
36 1 0.0210598 0.0210598 0.0210598 0 0
31 1 0 0 0 0 18

27 23 0.0211721 0.00196664 0.020337 0.00391659 15
28 32 0.00724594 0.00429956 0.0134676 0.00735339 6
30 32 0.013756 0.0039894 0.0132857 0.00289563 1.5

30 58 0.00681609 0.00536251 0.0103619 0.00405312 0
27 41 0.00794745 0.00705736 0.0102198 0.00312211 15

30 24 0.00751681 0.00751681 0.0289414 0.0214246 0
53 3 0.210926 0.210926 0.210926 0 15
51 21 0.0171021 0.0171021 0.0281529 0.0110508 15
27 17 0.0105867 0.0101449 0.0287225 0.0185004 15
52 4 0.158194 0 0.0962373 0.0665299 18

30 20 0.0125672 0.0125672 0.0351714 0.0226042 0
51 18 0.0175771 0.0175771 0.0351543 0.0175771 15
53 16 0.016225 0.016225 0.0356528 0.0194277 15
27 14 0.0254082 0.0243479 0.0350099 0.0104439 15
52 6 0.105463 0 0.0779264 0.0411169 15
55 1 0.455511 0.455511 0.455511 0 15
54 3 0.0505636 0.0505636 0.0505636 0 15

30 19 0.013405 0.013405 0.0365426 0.0231376 0
51 17 0.0191751 0.0191751 0.0365631 0.017388 15
53 17 0.0180793 0.0180793 0.0361587 0.0180793 15
52 7 0.0903967 0 0.0701658 0.0336578 12
27 12 0.0153989 0.0147563 0.0385967 0.0236281 18
55 4 0.113878 0.113878 0.113878 0 15
54 4 0.0303381 0.0303381 0.0379227 0.00758453 15
56 1 0.0933201 0.0933201 0.0933201 0 18

30 18 0.0141105 0.0141105 0.0364958 0.0223853 0
53 17 0.0158194 0.0158194 0.0365277 0.0207083 15
51 17 0.0147157 0.0147157 0.0358149 0.0210992 15
57 14 0.0451983 0.00938026 0.0389814 0.0121112 15
27 12 0.0423469 0.0405798 0.0411688 0.000833031 15
55 7 0.0650731 0.0187124 0.0579557 0.0160654 15
54 4 0.0303381 0.0303381 0.0379227 0.00758453 15
56 1 0.0933201 0.0933201 0.0933201 0 18
52 1 0 0 0 0 12

51 17 0.0180793 0.0180793 0.0372222 0.0191428 15
53 17 0.0150661 0.0150661 0.0372222 0.022156 15
30 17 0.0157706 0.0157706 0.0369569 0.0211864 0
57 14 0.0175771 0.0175771 0.0382728 0.0206957 15
27 13 0.0390895 0.0374583 0.0379602 0.000752858 18
55 7 0.0650731 0.0187124 0.0579557 0.0160654 15
54 4 0.0252818 0.0252818 0.0379227 0.0126409 15
56 1 0.0933201 0.0933201 0.0933201 0 18

30 22 0.0236559 0.0236559 0.036559 0.0129032 0
57 16 0.027512 0.027512 0.037829 0.010317 15
53 15 0.0129138 0.0129138 0.0380764 0.0251626 15
27 13 0.0338775 0.0324638 0.0378933 0.00503688 15
51 13 0.011505 0.011505 0.0374994 0.0259944 1.5
55 8 0.0569389 0.0163734 0.0514897 0.0133097 12
54 4 0.0303381 0.0303381 0.0379227 0.00758453 15
56 1 0.0933201 0.0933201 0.0933201 0 18

30 25 0.0129726 0.0129726 0.0277581 0.0147856 0
53 21 0.016225 0.016225 0.0286992 0.0124742 15
57 21 0.0204122 0.0204122 0.0284015 0.00798939 15
27 16 0.0181487 0.0173913 0.0283543 0.0106853 18
51 14 0.0197743 0.0142347 0.0292665 0.00999032 15

30 17 0.0123738 0.0123738 0.0381407 0.0257669 1.5
51 13 0.0486751 0.0486751 0.0486751 0 15
53 16 0.0109099 0.0109099 0.0383153 0.0274054 15
57 16 0.0147157 0.0147157 0.0382723 0.0235565 15
27 13 0.0317602 0.0304348 0.03807 0.00705444 15
58 1 0.455511 0.455511 0.455511 0 15
59 1 0.151691 0.151691 0.151691 0 15

30 100 0.00454406 0.00357501 0.00578818 0.00194745 15

60 21 0.0136322 0.0136322 0.0375543 0.0239221 0
62 16 0.00973503 0.00973503 0.0385021 0.028767 15
61 15 0.0204122 0.0204122 0.037652 0.0172399 18
68 1 0.486958 0.486958 0.486958 0 15
30 12 0.0166587 0.016225 0.0380957 0.0218349 15
63 1 0.176674 0.176674 0.176674 0 3
65 1 0.15179 0.15179 0.15179 0 18
64 1 0.151691 0.151691 0.151691 0 12
67 1 0.130987 0.130987 0.130987 0 12
66 1 0.125247 0.125247 0.125247 0 0

60 17 0.0146236 0.0146236 0.03893 0.0243064 0
61 15 0.0421851 0.0421851 0.0421851 0 15
69 16 0.0191751 0.0191751 0.0377161 0.018541 15
62 16 0.013756 0.013756 0.037579 0.023823 12
68 10 0.0324638 0.0324638 0.0399186 0.00745474 15
63 1 0.176674 0.176674 0.176674 0 3
65 1 0.15179 0.15179 0.15179 0 18
64 1 0.151691 0.151691 0.151691 0 12
67 1 0.130987 0.130987 0.130987 0 12
66 1 0.125247 0.125247 0.125247 0 0
30 1 0.121975 0.121975 0.121975 0 15

60 18 0.0182795 0.0182795 0.0367939 0.0185143 0
65 17 0.0143813 0.0143813 0.035939 0.0215577 15
69 17 0.013756 0.013756 0.0352107 0.0214547 15
61 16 0.0243376 0.0243376 0.0358374 0.0114999 15
68 13 0.0347827 0.0347827 0.0374583 0.00267559 15
63 1 0.176674 0.176674 0.176674 0 3
64 1 0.151691 0.151691 0.151691 0 12
67 3 0.0436624 0.0436624 0.0436624 0 12
66 1 0.125247 0.125247 0.125247 0 0

60 17 0.0113282 0.0113282 0.0394942 0.028166 1.5
61 16 0.0395485 0.0395485 0.0395485 0 15
69 16 0.0351543 0.0351543 0.0395485 0.00439428 15
65 16 0.0117181 0.0117181 0.0378095 0.0260914 15
68 12 0.0347827 0.0347827 0.0379182 0.0031355 15
67 4 0.0759186 0.0218312 0.0462686 0.0258393 12
63 1 0.176674 0.176674 0.176674 0 3
64 4 0.0303381 0.0303381 0.0379227 0.00758453 15
66 1 0.125247 0.125247 0.125247 0 0
70 1 0.0946109 0.0946109 0.0946109 0 0

60 100 0.00427819 0.00336583 0.00592925 0.002098 15

71 22 0.00796336 0.00796336 0.0354843 0.0275209 0
72 18 0.0100441 0.0100441 0.0351543 0.0251102 15
73 2 0.316388 0.316388 0.316388 0 15
76 1 0.455511 0.455511 0.455511 0 15
60 11 0.0218199 0.0218199 0.0345729 0.012753 15
75 2 0.243479 0.0199033 0.131691 0.111788 15
77 1 0.151691 0.151691 0.151691 0 12
74 1 0.147348 0.147348 0.147348 0 0

71 19 0.0113282 0.0113282 0.0361671 0.024839 0
73 3 0.210926 0.210926 0.210926 0 15
60 12 0.0527314 0.0527314 0.0527314 1.38778e-17 15
72 16 0.0102061 0.0102061 0.0375165 0.0273104 15
76 3 0.151837 0.0436624 0.115779 0.0509941 15
75 3 0.162319 0.0132689 0.112636 0.070263 15
77 3 0.0505636 0.0505636 0.0505636 0 15
74 1 0.147348 0.147348 0.147348 0 0

71 19 0.01149 0.01149 0.0353128 0.0238228 0
72 16 0.0395485 0.0395485 0.0395485 0 15
60 12 0.0527314 0.0527314 0.0527314 1.38778e-17 15
73 16 0.0143813 0.0143813 0.0349504 0.0205692 15
76 6 0.0759186 0.0218312 0.0578894 0.025497 15
75 4 0.121739 0.00995167 0.0658455 0.0558939 12
77 4 0.0252818 0.0252818 0.0379227 0.0126409 12
74 1 0.147348 0.147348 0.147348 0 0
78 1 0 0 0 0 15

71 20 0.010724 0.010724 0.0360612 0.0253372 0
60 13 0.0486751 0.0486751 0.0486751 0 15
73 16 0.0395485 0.0395485 0.0395485 0 15
72 17 0.0111013 0.0111013 0.0362374 0.0251361 15
76 7 0.0650731 0.0187124 0.0452042 0.0229426 12
75 5 0.0973915 0.00796134 0.0616194 0.0438117 12
77 4 0.0379227 0.0379227 0.0379227 0 15
74 1 0.147348 0.147348 0.147348 0 0
78 1 0 0 0 0 15

71 17 0.0111708 0.0111708 0.0393939 0.0282231 0
72 16 0.0372222 0.0372222 0.0395485 0.00232639 15
60 16 0.0119392 0.0119392 0.0383822 0.026443 15
73 15 0.0372222 0.0372222 0.0397036 0.00248148 15
75 7 0.0695654 0.00568667 0.0421888 0.0316118 15
76 7 0.0569389 0.0163734 0.0418927 0.0202105 12
81 1 0.239121 0.239121 0.239121 0 0
77 4 0.0252818 0.0252818 0.0379227 0.0126409 15
74 1 0.147348 0.147348 0.147348 0 0
79 1 0.0900788 0.0900788 0.0900788 0 21
80 1 0.0294292 0.0294292 0.0294292 0 6

71 17 0.01149 0.01149 0.0384951 0.0270051 0
73 15 0.0421851 0.0421851 0.0421851 0 15
60 16 0.0372222 0.0372222 0.0381961 0.00097395 15
72 15 0.0109099 0.0109099 0.0384666 0.0275567 15
76 8 0.0569389 0.0163734 0.0417268 0.0196387 15
75 7 0.0608697 0.00497584 0.037626 0.0276694 12
81 1 0.239121 0.239121 0.239121 0 0
77 4 0.0252818 0.0252818 0.0379227 0.0126409 12
74 1 0.147348 0.147348 0.147348 0 0
79 1 0.0900788 0.0900788 0.0900788 0 21
80 1 0.0294292 0.0294292 0.0294292 0 6

71 18 0.0110178 0.0110178 0.0387501 0.0277323 0
72 15 0.0421851 0.0421851 0.0421851 0 15
60 15 0.0372222 0.0372222 0.0397036 0.00248148 15
73 15 0.011505 0.011505 0.0392988 0.0277938 15
76 9 0.0506124 0.0145541 0.038593 0.016998 15
75 7 0.0695654 0.00568667 0.0421888 0.0316118 12
81 1 0.239121 0.239121 0.239121 0 0
77 3 0.0252818 0.0252818 0.0505636 0.0252818 12
74 1 0.147348 0.147348 0.147348 0 0
79 1 0.0900788 0.0900788 0.0900788 0 21
80 1 0.0294292 0.0294292 0.0294292 0 6

71 17 0.00980852 0.00980852 0.0391521 0.0293435 0
60 16 0.0395485 0.0395485 0.0395485 0 15
73 16 0.0395485 0.0395485 0.0395485 0 15
72 15 0.0134633 0.0134633 0.0394191 0.0259558 15
76 9 0.0455511 0.0130987 0.0397949 0.01357 15
75 7 0.0695654 0.00568667 0.0421888 0.0316118 12
81 1 0.239121 0.239121 0.239121 0 0
77 3 0.0379227 0.0379227 0.0505636 0.0126409 15
74 1 0.147348 0.147348 0.147348 0 0
79 1 0.0900788 0.0900788 0.0900788 0 21
80 1 0.0294292 0.0294292 0.0294292 0 6

71 16 0.010181 0.010181 0.0402732 0.0300922 0
73 16 0.0395485 0.0395485 0.0395485 0 15
72 15 0.0421851 0.0421851 0.0421851 0 15
60 15 0.0119392 0.0119392 0.0403825 0.0284433 15
76 10 0.0455511 0.0130987 0.0390606 0.012981 15
75 7 0.0695654 0.00568667 0.0421888 0.0316118 15
81 1 0.239121 0.239121 0.239121 0 0
77 3 0.0505636 0.0505636 0.0505636 0 15
74 1 0.147348 0.147348 0.147348 0 0
79 1 0.0900788 0.0900788 0.0900788 0 21
80 1 0.0294292 0.0294292 0.0294292 0 6

71 17 0.0131852 0.0131852 0.0392407 0.0260555 0
72 15 0.0421851 0.0421851 0.0421851 0 15
60 16 0.0395485 0.0395485 0.0395485 0 15
73 15 0.00944443 0.00944443 0.0394095 0.0299651 15
76 10 0.0455511 0.0130987 0.0390606 0.012981 12
81 1 0.239121 0.239121 0.239121 0 0
75 6 0.0541064 0.00442297 0.0397567 0.0235252 15
77 3 0.0379227 0.0379227 0.0505636 0.0126409 15
74 1 0.147348 0.147348 0.147348 0 0
79 1 0.0900788 0.0900788 0.0900788 0 21
80 1 0.0294292 0.0294292 0.0294292 0 6

71 16 0.0125672 0.0125672 0.0403783 0.0278112 1.5
60 16 0.0395485 0.0395485 0.0395485 0 15
73 16 0.0372222 0.0372222 0.0395485 0.00232639 15
72 15 0.0105463 0.0105463 0.0410432 0.0304969 15
76 10 0.0414101 0.0119079 0.0396507 0.00893041 15
75 8 0.0541064 0.00442297 0.0422384 0.0215207 15
81 1 0.239121 0.239121 0.239121 0 0
77 3 0.0303381 0.0303381 0.0505636 0.0202254 12
74 1 0.147348 0.147348 0.147348 0 0
79 1 0.0900788 0.0900788 0.0900788 0 21
80 1 0.0294292 0.0294292 0.0294292 0 6

71 100 0.00427819 0.00336583 0.0057992 0.00197507 15

82 23 0.0082704 0.00796336 0.033176 0.0251994 0
84 3 0.210926 0.210926 0.210926 0 15
83 19 0.00958753 0.00958753 0.0329196 0.023332 15
71 13 0.0301322 0.0301322 0.0346657 0.0045335 1.5
85 4 0.113878 0.0327468 0.0935951 0.0351308 15
87 2 0.243479 0.0199033 0.131691 0.111788 15
86 3 0.0505636 0.0505636 0.0505636 0 15

82 28 0.00938551 0.00903707 0.0246608 0.0156114 0
83 19 0.033304 0.033304 0.033304 0 15
84 24 0.0171021 0.0171021 0.0243064 0.00720429 15
71 20 0.0287626 0.00689503 0.0243306 0.00778333 15

82 21 0.0101867 0.00980852 0.0317564 0.0219122 0
84 20 0.0171021 0.0171021 0.0316388 0.0145368 15
83 18 0.0105463 0.0105463 0.032095 0.0215487 15
88 2 0.243479 0.243479 0.243479 0 15
89 4 0.113878 0.0327468 0.0935951 0.0351308 15
92 1 0.194187 0.194187 0.194187 0 0
90 4 0.0379227 0.0379227 0.0379227 0 15
91 1 0 0 0 0 12

