1 0.151691 0.151691 0.151691 0 12
1 0 0 0 0 0
1 0 0 0 0 12
1 0 0 0 0 12
1 0 0 0 0 12

1 0.151691 0.151691 0.151691 0 15
1 0.151691 0.151691 0.151691 0 15
1 0.151691 0.151691 0.151691 0 15
24 0.00158011 0.00158011 0.0061095 0.00452939 12
1 0 0 0 0 0
1 0 0 0 0 12
1 0 0 0 0 12
1 0 0 0 0 12

16 0.00523071 0.00523071 0.00948067 0.00424995 15
1 0.151691 0.151691 0.151691 0 18
1 0.151691 0.151691 0.151691 0 18
16 0.00541752 0.00541752 0.00948067 0.00406314 15
16 0.00583426 0.00583426 0.00948067 0.00364641 12
15 0.00410776 0.00409975 0.00903486 0.00493458 15
1 0.000442336 0.000442336 0.000442336 0 15
1 7.35388e-05 7.35388e-05 7.35388e-05 0 15
1 0 0 0 0 0
1 0 0 0 0 12
1 0 0 0 0 12
1 0 0 0 0 12
1 0 0 0 0 3
1 0 0 0 0 15
1 0 0 0 0 15

12 0.0101325 0.0101127 0.0126425 0.00252818 15
12 0.00659525 0.00659525 0.0126409 0.00604564 18
12 0.0038895 0.0038895 0.0126409 0.00875139 15
12 0.00689503 0.00689503 0.0126409 0.00574586 12
1 0.151691 0.151691 0.151691 0 15
12 0.00798372 0.00798372 0.0126409 0.00465717 18
1 0.151691 0.151691 0.151691 0 18
12 0.00352769 0.00352769 0.0121125 0.0085848 1.5
1 0.000442336 0.000442336 0.000442336 0 15
1 7.35388e-05 7.35388e-05 7.35388e-05 0 15
1 0 0 0 0 0
1 0 0 0 0 12
1 0 0 0 0 12
1 0 0 0 0 12
1 0 0 0 0 3
1 0 0 0 0 15
1 0 0 0 0 15
1 0 0 0 0 3

13 0.00949532 0.00948067 0.0116696 0.00218785 15
13 0.00523071 0.00523071 0.0116685 0.0064378 15
13 0.00523071 0.00523071 0.0116685 0.0064378 12
13 0.0101127 0.0101127 0.0116685 0.0015558 18
1 0.151691 0.151691 0.151691 0 18
13 0.00474033 0.00474033 0.0115791 0.00683872 18
12 0.00379968 0.00379227 0.0116823 0.00788817 15
7 0.0125972 0.00689503 0.011653 0.00441945 3

1 0.300877 0.300877 0.300877 0 18
1 0.277139 0.277139 0.277139 0 6
7 0.013817 0.0137901 0.0216817 0.00788005 15
7 0.00659525 0.00659525 0.0216701 0.0150749 12
7 0.0038895 0.0038895 0.0216701 0.0177806 21
7 0.0126409 0.0126409 0.0216701 0.00902921 18
7 0.0116685 0.0116685 0.0216701 0.0100016 18
1 0.151691 0.151691 0.151691 0 18
5 0.0303381 0.0303381 0.0303381 0 15
7 0.00541752 0.00541752 0.0216701 0.0162526 15
6 0.00330272 0.00329762 0.0227739 0.0194737 15
1 0.0352758 0.0352758 0.0352758 0 18
1 0.000264931 0.000264931 0.000264931 0 18
1 4.71105e-05 4.71105e-05 4.71105e-05 0 15
1 0 0 0 0 0
1 0 0 0 0 15

1 0.300877 0.300877 0.300877 0 18
11 0.0125992 0.0125972 0.0244546 0.0118572 6
8 0.00915839 0.00911749 0.0254984 0.0163758 18
6 0.00844374 0.00844374 0.0253065 0.0168628 15
6 0.0253209 0.0252818 0.0253013 1.95392e-05 18
6 0.00892298 0.00892298 0.0252818 0.0163588 18
6 0.0189613 0.0189613 0.0252818 0.00632045 18
2 0.0758453 0.0758453 0.0758453 0 18
5 0.0303381 0.0303381 0.0303381 0 15
6 0.0252818 0.0252818 0.0252818 0 15
6 0.00798372 0.00798372 0.0252818 0.0172981 18
6 0.00948067 0.00948067 0.0249715 0.0154908 12
1 0.0838797 0.0838797 0.0838797 0 18
1 0.0826808 0.0826808 0.0826808 0 18
1 0.0352758 0.0352758 0.0352758 0 18
1 0.000264931 0.000264931 0.000264931 0 18
1 4.71105e-05 4.71105e-05 4.71105e-05 0 15
1 0 0 0 0 0
1 0 0 0 0 15
1 0 0 0 0 3

12 0.0250731 0.0250731 0.0250731 6.93889e-18 18
12 0.0173239 0.0173212 0.0230946 0.00577317 6
10 0.00872571 0.0083577 0.0240065 0.0155936 18
6 0.00660814 0.00660814 0.0253097 0.0187016 15
6 0.00844029 0.00844029 0.0253057 0.0168654 18
6 0.0189613 0.0189613 0.0252818 0.00632045 15
6 0.0101127 0.0101127 0.0252818 0.0151691 18
6 0.0252818 0.0252818 0.0252818 0 18
2 0.0758453 0.0758453 0.0758453 0 12
6 0.010835 0.010835 0.0252818 0.0144467 18
6 0.010835 0.010835 0.0252818 0.0144467 18
1 0.0838797 0.0838797 0.0838797 0 18
1 0.0826808 0.0826808 0.0826808 0 18
1 0.0529246 0.0529246 0.0529246 0 6
1 0.000481175 0.000481175 0.00096235 0.000481175 18
1 0.000132466 0.000132466 0.000264931 0.000132466 18
1 7.70665e-05 7.70665e-05 7.70665e-05 0 15
1 4.71105e-05 4.71105e-05 4.71105e-05 0 15
1 0 0 0 0 0
1 0 0 0 0 15
1 0 0 0 0 3
1 0 0 0 0 15

12 0.0200585 0.0200585 0.0246857 0.00462726 18
11 0.0106609 0.0106592 0.024899 0.0142394 6
10 0.00654428 0.0062964 0.0252642 0.0189432 18
6 0.00844374 0.00844374 0.0253312 0.0168875 15
6 0.0138114 0.0138114 0.0253209 0.0115095 15
6 0.0116685 0.0116685 0.0252818 0.0136133 18
2 0.0758453 0.0758453 0.0758453 0 12
4 0.0379227 0.0379227 0.0379227 0 18
2 0.0758453 0.0758453 0.0758453 0 12
6 0.010835 0.010835 0.0252818 0.0144467 15
6 0.0216701 0.0216701 0.0252818 0.00361168 18
6 0.0116685 0.0116685 0.0250529 0.0133844 18
1 0.0838797 0.0838797 0.0838797 0 18
2 0.0413404 0.0413404 0.0413404 0 18
1 0.0529246 0.0529246 0.0529246 0 6
1 0.00096235 0.00096235 0.00096235 0 18
1 0.000442336 0.000442336 0.000442336 0 18
1 0.000264931 0.000264931 0.000264931 0 18
1 0.000264931 0.000264931 0.000264931 0 18
1 7.70665e-05 7.70665e-05 7.70665e-05 0 15
1 4.71105e-05 4.71105e-05 4.71105e-05 0 15
1 0 0 0 0 0
1 0 0 0 0 15
1 0 0 0 0 3
1 0 0 0 0 15

1 0.302227 0.302227 0.302227 0 18
10 0.0125992 0.0125972 0.0277153 0.0151167 6
10 0.0048327 0.00464965 0.0264537 0.0217493 18
2 0.188401 0 0.0942006 0.0942006 3
5 0.00949532 0.00949532 0.030385 0.0208897 15
5 0.0118382 0.0116685 0.0303721 0.0186697 18
5 0.0126409 0.0126409 0.0303381 0.0176972 18
5 0.0137901 0.0137901 0.0303381 0.0165481 12
5 0.0303381 0.0303381 0.0303381 0 12
3 0.0505636 0.0505636 0.0505636 0 15
5 0.0252818 0.0252818 0.0303381 0.00505636 18
5 0.0252818 0.0252818 0.0303381 0.00505636 18
5 0.013817 0.013817 0.0298852 0.0160681 15
1 0.0838797 0.0838797 0.0838797 0 18
2 0.0413404 0.0413404 0.0413404 0 18
1 0.0529246 0.0529246 0.0529246 0 6
1 0.00096235 0.00096235 0.00096235 0 18
1 0.000221168 0.000221168 0.000442336 0.000221168 18
1 8.83104e-05 8.83104e-05 0.000264931 0.000176621 18
1 0.000264931 0.000264931 0.000264931 0 18
1 7.70665e-05 7.70665e-05 7.70665e-05 0 15
1 2.35553e-05 2.35553e-05 4.71105e-05 2.35553e-05 15
1 0 0 0 0 0
1 0 0 0 0 15
1 0 0 0 0 15

10 0.0201485 0.0201485 0.0302227 0.0100742 18
10 0.0139556 0.010266 0.029199 0.017544 6
7 0.0448751 0.0101922 0.0399204 0.0121365 18
6 0.00888903 0.00888903 0.0285299 0.0196408 1.5
5 0.0256494 0.0252818 0.0304117 0.00505849 18
5 0.0303974 0.0303974 0.0303974 0 15
5 0.0108518 0.0108518 0.030385 0.0195332 15
5 0.0126409 0.0126409 0.0303381 0.0176972 18
1 0.151691 0.151691 0.151691 0 15
5 0.0303381 0.0303381 0.0303381 0 18
5 0.0303381 0.0303381 0.0303381 0 18
3 0.0505636 0.0505636 0.0505636 0 15
5 0.0151691 0.0151691 0.0303381 0.0151691 15
5 0.010835 0.010835 0.0299152 0.0190802 12
1 0.0838797 0.0838797 0.0838797 0 18
2 0.0413404 0.0413404 0.0413404 0 18
2 0.0687056 0 0.0343528 0.0343528 3
1 0.0529246 0.0529246 0.0529246 0 6
1 0.00096235 0.00096235 0.00096235 0 18
1 0.000442336 0.000442336 0.000442336 0 18
1 0.000264931 0.000264931 0.000264931 0 18
1 0.000264931 0.000264931 0.000264931 0 18
1 7.70665e-05 7.70665e-05 7.70665e-05 0 15
1 4.71105e-05 4.71105e-05 4.71105e-05 0 15
1 0 0 0 0 0
1 0 0 0 0 15
1 0 0 0 0 15
1 0 0 0 0 15

17 0.018478 0.00419677 0.0167978 0.00460125 18
16 0.0174248 0.0173239 0.0173554 4.67861e-05 6
24 0.0107938 0.00402644 0.00996471 0.00230347 18
17 0.00364348 0.0022896 0.0096699 0.00707805 15

9 0.0534377 0.0418276 0.0431482 0.0036379 3
11 0.0274752 0.0274752 0.0274752 1.04083e-17 18
19 0.00599927 0.00568974 0.0140235 0.00831757 6
18 0.00307966 0.00307966 0.0137717 0.010692 18
1 0.143448 0.143448 0.143448 0 18
1 0.000442336 0.000442336 0.000442336 0 18
1 0.000264931 0.000264931 0.000264931 0 18

22 0.0136576 0.0136576 0.0139117 0.000254099 18
21 0.00888903 0.00888903 0.0141397 0.00525066 18
21 0.00511637 0.00400854 0.0138586 0.00969668 3
1 0.151691 0.151691 0.151691 0 18
1 0.143448 0.143448 0.143448 0 18
1 0.0838797 0.0838797 0.0838797 0 18
1 0.0826808 0.0826808 0.0826808 0 18
1 0.0117224 0.0117224 0.0117224 0 15
1 0.000442336 0.000442336 0.000442336 0 18
1 0.000442336 0.000442336 0.000442336 0 15
1 0.000132466 0.000132466 0.000264931 0.000132466 18

25 0.0109304 0.00856369 0.0157447 0.00659361 3
19 0.0081683 0.0081683 0.0159067 0.00773839 18
17 0.00498612 0.00498612 0.0158903 0.0109042 18
9 0.0101127 0.0101127 0.0168545 0.00674181 18
1 0.151691 0.151691 0.151691 0 15
3 0.0478159 0.000320783 0.0319842 0.0223894 18
1 0.0838797 0.0838797 0.0838797 0 18
1 0.0540605 0.0540605 0.0540605 0 6
2 0.0413404 0.00586119 0.0236008 0.0177396 15
1 0.00784898 0.00784898 0.00784898 0 15
1 0.000442336 0.000442336 0.000442336 0 18
1 0.000442336 0.000442336 0.000442336 0 15
1 0.000132466 0.000132466 0.000264931 0.000132466 18

19 0.00811925 0.00620471 0.0184662 0.0108527 1.5
16 0.00713921 0.00713921 0.0190162 0.011877 18
15 0.00702854 0.00702854 0.0188932 0.0118646 18
1 0.240309 0.240309 0.240309 0 15
8 0.0101127 0.0101127 0.0189613 0.00884862 18
1 0.151691 0.151691 0.151691 0 15
4 0.0358619 0.000240588 0.0269566 0.0154245 18
1 0.0838797 0.0838797 0.0838797 0 18
1 0.0826808 0.0826808 0.0826808 0 18
2 0.0270302 0.026218 0.0266241 0.000406108 6
1 0.0117224 0.0117224 0.0117224 0 15
1 0.00784898 0.00784898 0.00784898 0 15
1 0.000442336 0.000442336 0.000442336 0 18
1 0.000221168 0.000221168 0.000379589 0.000158421 15
1 6.62328e-05 6.62328e-05 0.000264931 0.000198698 18

100 0.00293841 0.00174698 0.00275971 0.00074854 18

28 0.00708621 0.00667971 0.0165786 0.00977015 3
18 0.00944459 0.00944459 0.0167904 0.0073458 18
14 0.00380282 0.0035295 0.0177522 0.0142033 18
1 0.20914 0.20914 0.20914 0 6
2 0.0758453 0.0758453 0.0758453 0 18
1 0.151691 0.151691 0.151691 0 15
2 0.0717238 0.000481175 0.0361025 0.0356213 18
1 0.0576272 0.0576272 0.0576272 0 15

21 0.00680276 0.00660366 0.0203907 0.0137453 3
15 0.0102561 0.00951895 0.0205603 0.0109938 18
14 0.0105073 0.00863506 0.0197922 0.011034 15
2 0.179667 0.0726632 0.126165 0.0535021 0
5 0.041828 0.041828 0.041828 0 6
4 0.0379227 0.0379227 0.0379227 0 18
1 0.151691 0.151691 0.151691 0 15
2 0.0717238 0.000481175 0.0361025 0.0356213 18
2 0.0421461 0.0288136 0.0354798 0.00666626 15
2 0.0180202 0.0174787 0.0263982 0.00865304 6
1 0.00360454 0.00360454 0.00360454 0 15
1 0.000158421 0.000158421 0.000316842 0.000158421 15
1 0.000132466 0.000132466 0.000264931 0.000132466 18

18 0.00962654 0.0093448 0.0235424 0.0140177 3
13 0.00769207 0.00713921 0.0239001 0.0167073 18
13 0.0114924 0.00944459 0.0229747 0.0132357 18
12 0.0239557 0.00968842 0.022811 0.00663573 0
1 0.233224 0.233224 0.233224 0 12
8 0.0261425 0.0261425 0.0261425 0 6
4 0.0379227 0.0379227 0.0379227 0 18
1 0.151691 0.151691 0.151691 0 15
2 0.0717238 0.000481175 0.0361025 0.0356213 18
2 0.0421461 0.0288136 0.0354798 0.00666626 15
2 0.0270302 0.026218 0.0266241 0.000406108 6
1 0.00120151 0.00120151 0.00360454 0.00240302 15
1 0.000316842 0.000316842 0.000316842 0 15
1 8.83104e-05 8.83104e-05 0.000264931 0.000176621 18

14 0.00809852 0.00809852 0.0270842 0.0189857 1.5
11 0.0131342 0.0107938 0.028539 0.016722 18
11 0.0112817 0.0104708 0.0271983 0.0165943 18
11 0.0154232 0.0143734 0.0269402 0.012475 0
5 0.0671654 0.0466448 0.0507489 0.00820823 12
1 0.233224 0.233224 0.233224 0 12
7 0.0232378 0.0232378 0.0298771 0.00663937 6
4 0.0379227 0.0379227 0.0379227 0 18
1 0.151691 0.151691 0.151691 0 15
1 0.131803 0.131803 0.131803 0 18
3 0.0478159 0.000320783 0.0319842 0.0223894 18
2 0.0421461 0.0288136 0.0354798 0.00666626 18
2 0.0270302 0.026218 0.0266241 0.000406108 6
1 0.00673287 0.00673287 0.00673287 0 12
1 0.00360454 0.00360454 0.00360454 0 15
1 0.000158421 0.000158421 0.000316842 0.000158421 15
1 0.000264931 0.000264931 0.000264931 0 18

100 0.00288252 0.0017075 0.00285259 0.000790719 6

24 0.00927649 0.00927649 0.0211992 0.0119227 3
17 0.0105158 0.00855559 0.0211706 0.0120469 0
16 0.00817236 0.00817236 0.0211905 0.0130182 18
15 0.0120149 0.00923898 0.021486 0.0117235 18
13 0.0266742 0.0116726 0.0228871 0.0049625 12
1 0.151691 0.151691 0.151691 0 15
1 0.0519656 0.0519656 0.0519656 0 6
1 0.01879 0.01879 0.01879 0 1.5
1 0.00360454 0.00360454 0.00360454 0 15
1 0.00096235 0.00096235 0.00096235 0 18
1 0.000309657 0.000309657 0.000309657 0 18

20 0.00700345 0.00698914 0.0218538 0.014864 3
17 0.0111391 0.00894625 0.0220792 0.0123516 0
16 0.0109133 0.00967779 0.0224714 0.0127199 18
15 0.02873 0.0200527 0.0227048 0.00276675 18
10 0.0335827 0.0192381 0.0302265 0.0052705 12
2 0.0758453 0.0758453 0.0758453 0 15
6 0.0385295 0.000400504 0.0249924 0.0146006 12
1 0.0519656 0.0519656 0.0519656 0 6

13 0.00838118 0.00836405 0.0296033 0.0212316 1.5
13 0.0111391 0.00960745 0.0295218 0.0191017 0
13 0.0153227 0.0122585 0.0285754 0.0154224 15
1 0.344142 0.344142 0.344142 0 6
11 0.012379 0.0102561 0.0296143 0.0188492 18
10 0.0335827 0.0192381 0.0302265 0.0052705 12
3 0.115588 0.0505813 0.0939194 0.0306446 12
3 0.0505636 0.0505636 0.0505636 0 15
1 0.151691 0.151691 0.151691 0 12
1 0.0519656 0.0519656 0.0519656 0 6
1 0.00360454 0.00360454 0.00360454 0 15
1 0.000309657 0.000309657 0.000309657 0 18

98 0.00595255 0.00216327 0.00358139 0.00104431 18
1 0.00541442 0.00541442 0.00541442 0 1.5

57 0.00760852 0.00332078 0.00754139 0.00371734 3
42 0.00787374 0.00557206 0.00753117 0.00158982 18

1 1.01193 1.01193 1.01193 0 3
9 0.0519822 0.0519822 0.0519822 6.93889e-18 0
14 0.00385132 0.00384456 0.031756 0.0279096 3
13 0.0106054 0.00851947 0.0306339 0.0212288 18
1 0.306003 0.306003 0.306003 0 18
1 0.211641 0.211641 0.211641 0 12
2 0.0758453 0.0758453 0.0758453 0 15
1 0.00360454 0.00360454 0.00360454 0 15
1 0.000158421 0.000158421 0.000316842 0.000158421 15

24 0.0210819 0.0210819 0.0298588 0.00877687 3
17 0.0182938 0.0182698 0.0300427 0.0117709 3
15 0.0167086 0.0167086 0.0309201 0.0142115 0
15 0.0199872 0.01768 0.030067 0.0121048 15
2 0.153001 0.132668 0.142835 0.0101666 18
1 0.211641 0.211641 0.211641 0 12
2 0.0758453 0.0758453 0.0758453 0 15
3 0.0505636 0.0505636 0.0505636 0 15
1 0.00360454 0.00360454 0.00360454 0 15
1 0.000532901 0.000532901 0.000532901 0 15
1 0.000158421 0.000158421 0.000316842 0.000158421 15
1 0.000278481 0.000278481 0.000278481 0 15

26 0.016445 0.0160624 0.0338402 0.0177632 1.5
7 0.0742381 0.0742381 0.0742381 1.38778e-17 18
15 0.0142399 0.0142099 0.0338798 0.0196657 3
13 0.0167086 0.0167086 0.0347021 0.0179935 0
12 0.01352 0.01352 0.0339186 0.0203986 15
1 0.211641 0.211641 0.211641 0 12
2 0.0758453 0.0758453 0.0758453 0 15
4 0.0303381 0.0303381 0.0379227 0.00758453 15
1 0.00673287 0.00673287 0.00673287 0 12
1 0.00360454 0.00360454 0.00360454 0 15
1 0.000266451 0.000266451 0.000532901 0.000266451 15
1 0.000316842 0.000316842 0.000316842 0 15
1 0.00013924 0.00013924 0.000278481 0.00013924 15

100 0.00560018 0.00276527 0.0061027 0.00210309 15

36 0.0092366 0.008649 0.028083 0.0193575 3
2 0.280653 0.280653 0.280653 0 3
18 0.0244177 0.0243686 0.0284464 0.00406104 3
18 0.0108264 0.0108264 0.0276276 0.0168013 21
2 0.0758453 0.0758453 0.0758453 0 15
1 5.32901e-05 5.32901e-05 5.32901e-05 0 1.5

33 0.0124949 0.0103259 0.0286002 0.0179248 3
18 0.0288704 0.0288704 0.0288704 6.93889e-18 18
18 0.0213655 0.0213225 0.0284467 0.00710753 3
18 0.0200466 0.0200466 0.0280726 0.00802593 3
2 0.0758453 0.0758453 0.0758453 0 15
5 0.0454105 0.000961839 0.0303119 0.0160785 12

26 0.0155 0.0131143 0.0328368 0.019444 3
17 0.0311837 0.0311837 0.033018 0.00183433 3
15 0.0140376 0.0138411 0.0341543 0.0202912 3
15 0.0112971 0.0112971 0.0333707 0.0220736 18
2 0.158937 0.155981 0.157459 0.00147786 6
2 0.105821 0.105821 0.105821 0 12
4 0.0303381 0.0303381 0.0379227 0.00758453 15
1 0.151691 0.151691 0.151691 0 15
1 0.00673287 0.00673287 0.00673287 0 12
1 9.28269e-05 9.28269e-05 0.000263741 0.000170914 18

22 0.0174929 0.0152498 0.0397837 0.024209 3
13 0.0119427 0.0119427 0.0410483 0.0291056 3
13 0.0273509 0.0273509 0.0399744 0.0126235 18
13 0.0167546 0.0165367 0.0394509 0.0228795 3
1 0.425715 0.425715 0.425715 0 15
2 0.158937 0.155981 0.157459 0.00147786 6
3 0.070547 0.070547 0.070547 0 12
3 0.0379227 0.0379227 0.0505636 0.0126409 15
1 0.151691 0.151691 0.151691 0 15
1 0.151691 0.151691 0.151691 0 12
1 0.00673287 0.00673287 0.00673287 0 12
1 0.00360454 0.00360454 0.00360454 0 15
1 9.28269e-05 9.28269e-05 0.000278481 0.000185654 15

17 0.0191329 0.0168857 0.0487716 0.0308373 3
11 0.0175408 0.0175408 0.0496309 0.0320901 3
10 0.0195658 0.0189916 0.0514759 0.0322801 3
10 0.0187248 0.0179195 0.050818 0.0328189 18
2 0.218837 0.218837 0.218837 0 12
1 0.425715 0.425715 0.425715 0 15
1 0.340109 0.340109 0.340109 0 6
2 0.158937 0.155981 0.157459 0.00147786 6
3 0.070547 0.070547 0.070547 0 12
1 0.151691 0.151691 0.151691 0 12
2 0.0758453 0.0758453 0.0758453 0 15
3 0.0505636 0.0505636 0.0505636 0 15
1 0.1405 0.1405 0.1405 0 18
1 0.00336644 0.00336644 0.00673287 0.00336644 12
1 0.00180227 0.00180227 0.00360454 0.00180227 15
1 0.00122985 0.00122985 0.00122985 0 15
1 0.00013924 0.00013924 0.000278481 0.00013924 15

17 0.0278296 0.0277921 0.0548973 0.027072 3
10 0.0233878 0.0233878 0.054333 0.0309452 3
9 0.0207757 0.0207757 0.0574458 0.0366701 3
9 0.0236096 0.0225942 0.0560297 0.0332125 18
1 0.416855 0.416855 0.416855 0 18
7 0.0304082 0.0304082 0.0574682 0.02706 15
7 0.0291782 0.0291782 0.054553 0.0253748 12
1 0.340109 0.340109 0.340109 0 6
2 0.158937 0.155981 0.157459 0.00147786 6
3 0.0529103 0.0529103 0.070547 0.0176368 12
1 0.171693 0.171693 0.171693 0 15
2 0.0303381 0.0303381 0.0758453 0.0455072 15
2 0.0758453 0.0758453 0.0758453 0 15
1 0.151691 0.151691 0.151691 0 12
1 0.1405 0.1405 0.1405 0 18
1 0.00673287 0.00673287 0.00673287 0 12
1 0.00360454 0.00360454 0.00360454 0 15
1 0.000614925 0.000614925 0.00122985 0.000614925 15
1 0.000278481 0.000278481 0.000278481 0 15

17 0.0244541 0.0231038 0.056122 0.0329205 1.5
10 0.0255139 0.0255139 0.0561306 0.0306167 3
9 0.0217208 0.0207867 0.0582597 0.036957 18
9 0.0236087 0.0236087 0.0577103 0.0341015 3
7 0.0547091 0.0547091 0.0625247 0.00781559 12
7 0.0250421 0.0250421 0.0608165 0.0357744 15
7 0.0378959 0.0378959 0.0595507 0.0216548 18
1 0.340109 0.340109 0.340109 0 6
2 0.158937 0.155981 0.157459 0.00147786 6
3 0.070547 0.070547 0.070547 0 12
1 0.171693 0.171693 0.171693 0 15
2 0.0758453 0.0758453 0.0758453 0 15
2 0.0505636 0.0505636 0.0758453 0.0252818 15
2 0.0758453 0.0758453 0.0758453 0 12
1 0.1405 0.1405 0.1405 0 18
1 0.00673287 0.00673287 0.00673287 0 12
1 0.00360454 0.00360454 0.00360454 0 15
1 0.00122985 0.00122985 0.00122985 0 15
1 0.000278481 0.000278481 0.000278481 0 15

100 0.00704384 0.00282278 0.00576105 0.00229258 3

33 0.0185152 0.0174929 0.036817 0.0190962 3
2 0.27151 0.27151 0.27151 0 18
14 0.0179446 0.0179101 0.0371019 0.0191894 3
14 0.0146762 0.0146762 0.0368571 0.0221809 18
1 0.416855 0.416855 0.416855 0 18
11 0.0093551 0.0093551 0.0361916 0.0268365 3
1 0.00122985 0.00122985 0.00122985 0 15

1 2.38397 2.38397 2.38397 0 9
17 0.021665 0.014728 0.0632088 0.0479655 3
8 0.0510278 0.0510278 0.0701633 0.0191354 3
8 0.0387872 0.0387872 0.0678776 0.0290904 18
8 0.0179446 0.0179101 0.0646384 0.0467154 3
8 0.0208854 0.0208854 0.0633225 0.0424371 18
1 0.416855 0.416855 0.416855 0 18
1 0.151691 0.151691 0.151691 0 15
1 0.151691 0.151691 0.151691 0 18
1 0.00360454 0.00360454 0.00360454 0 15
1 0.00122985 0.00122985 0.00122985 0 15
1 0.000316842 0.000316842 0.000316842 0 15
1 0.000256371 0.000256371 0.000256371 0 18

31 0.0384511 0.0384511 0.0642055 0.0257544 9
19 0.0392747 0.0392747 0.0645273 0.0252526 3
9 0.0350816 0.0350816 0.0623673 0.0272857 3
8 0.0678776 0.0678776 0.0678776 0 18
8 0.0650493 0.0649241 0.064971 6.06104e-05 3
7 0.0258581 0.0258581 0.0707499 0.0448917 18
1 0.416855 0.416855 0.416855 0 18
1 0.16891 0.16891 0.16891 0 3
1 0.151691 0.151691 0.151691 0 15
1 0.151691 0.151691 0.151691 0 18
1 0.00360454 0.00360454 0.00360454 0 15
1 0.00122985 0.00122985 0.00122985 0 15
1 0.000316842 0.000316842 0.000316842 0 15
1 0.000256371 0.000256371 0.000256371 0 18
1 0 0 0 0 12

33 0.0285821 0.0280467 0.0659496 0.037881 9
17 0.0308587 0.0308587 0.0682317 0.037373 3
7 0.0775744 0.0775744 0.0775744 0 18
8 0.033018 0.033018 0.0678625 0.0348445 3
7 0.0473085 0.0472175 0.0742509 0.0269815 3
7 0.0319424 0.0319424 0.0691441 0.0372017 18
1 0.416855 0.416855 0.416855 0 18
1 0.211641 0.211641 0.211641 0 12
1 0.151691 0.151691 0.151691 0 15
1 0.151691 0.151691 0.151691 0 18
1 0.151691 0.151691 0.151691 0 21
1 0.00360454 0.00360454 0.00360454 0 15
1 0.00122985 0.00122985 0.00122985 0 15
1 0.000316842 0.000316842 0.000316842 0 15
1 0.000278481 0.000278481 0.000278481 0 15
1 0.000278481 0.000278481 0.000278481 0 21
1 0.000256371 0.000256371 0.000256371 0 18
1 0 0 0 0 12

32 0.0250461 0.024577 0.0682946 0.0436726 9
18 0.0308587 0.0308587 0.0698931 0.0390344 3
8 0.0701633 0.0701633 0.0701633 1.38778e-17 3
7 0.0775744 0.0775744 0.0775744 0 18
7 0.074342 0.0741989 0.0742807 7.0807e-05 3
7 0.0362014 0.0362014 0.0680201 0.0318187 18
1 0.416855 0.416855 0.416855 0 18
1 0.211641 0.211641 0.211641 0 12
1 0.151691 0.151691 0.151691 0 21
1 0.151691 0.151691 0.151691 0 18
2 0.0758453 0.0758453 0.0758453 0 15
1 0.00360454 0.00360454 0.00360454 0 15
1 0.00122985 0.00122985 0.00122985 0 15
1 0.000316842 0.000316842 0.000316842 0 15
1 0.00013924 0.00013924 0.000278481 0.00013924 15
1 0.00013924 0.00013924 0.000278481 0.00013924 21
1 0.000256371 0.000256371 0.000256371 0 18
1 0 0 0 0 12

31 0.0550227 0.0277206 0.0671872 0.0387428 9
19 0.0339572 0.0332325 0.0681981 0.0349279 3
7 0.0775744 0.0775744 0.0775744 0 18
7 0.0295424 0.0295424 0.0748617 0.0453193 3
7 0.074342 0.0741989 0.0742807 7.0807e-05 3
7 0.0339388 0.0339388 0.072726 0.0387872 18
1 0.416855 0.416855 0.416855 0 18
1 0.211641 0.211641 0.211641 0 12
2 0.0758453 0.0758453 0.0758453 0 15
2 0.0758453 0.0758453 0.0758453 0 18
2 0.0758453 0.0758453 0.0758453 0 21
1 0.0149701 0.0149701 0.0149701 0 6
1 0.00360454 0.00360454 0.00360454 0 15
1 0.000614925 0.000614925 0.00122985 0.000614925 15
1 0.000316842 0.000316842 0.000316842 0 15
1 0.00013924 0.00013924 0.000278481 0.00013924 15
1 0.000278481 0.000278481 0.000278481 0 21
1 0.000256371 0.000256371 0.000256371 0 18
1 0 0 0 0 12

2 1.09046 1.09046 1.09046 0 21
22 0.0704811 0.0299265 0.0899765 0.0553476 9
14 0.0307984 0.0301411 0.0909112 0.0606766 3
6 0.0467755 0.0467755 0.0920903 0.0453148 3
6 0.033046 0.0258581 0.0917014 0.0647008 18
6 0.0775744 0.0775744 0.0905034 0.0129291 18
5 0.074342 0.0741989 0.103993 0.0296796 3
3 0.138952 0.138952 0.138952 0 18
1 0.211641 0.211641 0.211641 0 12
1 0.151691 0.151691 0.151691 0 12
1 0.0758453 0.0758453 0.151691 0.0758453 21
1 0.0758453 0.0758453 0.151691 0.0758453 18
1 0.0758453 0.0758453 0.151691 0.0758453 15
1 0.0149701 0.0149701 0.0149701 0 6
1 0.00360454 0.00360454 0.00360454 0 15
1 0.00122985 0.00122985 0.00122985 0 15
1 0.000316842 0.000316842 0.000316842 0 15
1 0.00013924 0.00013924 0.000278481 0.00013924 15
1 0.000278481 0.000278481 0.000278481 0 21
1 0.000128185 0.000128185 0.000256371 0.000128185 18
1 0 0 0 0 12
1 0 0 0 0 15

32 0.141213 0.0476368 0.0911898 0.0374487 9
15 0.0589438 0.0589438 0.0910241 0.0320803 21
14 0.0378382 0.0370305 0.090483 0.0531079 3
6 0.0510278 0.0510278 0.093551 0.0425232 3
6 0.0905034 0.0905034 0.0905034 0 18
5 0.104079 0.103878 0.104039 8.01257e-05 3
4 0.0867458 0.0678776 0.106533 0.0349084 18
3 0.138952 0.138952 0.138952 0 18
1 0.211641 0.211641 0.211641 0 12
1 0.151691 0.151691 0.151691 0 15
1 0.151691 0.151691 0.151691 0 18
1 0.0303381 0.0303381 0.151691 0.121353 21
1 0.151691 0.151691 0.151691 0 12
1 0.0149701 0.0149701 0.0149701 0 6
1 0.00360454 0.00360454 0.00360454 0 15
1 0.00122985 0.00122985 0.00122985 0 15
1 0.000316842 0.000316842 0.000316842 0 15
1 0.000278481 0.000278481 0.000278481 0 15
1 5.56961e-05 5.56961e-05 0.000278481 0.000222785 21
1 0.000256371 0.000256371 0.000256371 0 18
1 0 0 0 0 12
1 0 0 0 0 15

29 0.0643025 0.0216917 0.0811043 0.0465877 9
26 0.0838815 0.0838815 0.0838815 4.16334e-17 21
4 0.173492 0.135755 0.145189 0.0163404 18
6 0.033018 0.033018 0.0905929 0.0575749 3
5 0.104079 0.103878 0.104039 8.01257e-05 3
5 0.0452517 0.0452517 0.0842144 0.0389627 18
3 0.138952 0.138952 0.138952 0 18
1 0.211641 0.211641 0.211641 0 12
1 0.151691 0.151691 0.151691 0 12
1 0.0505636 0.0505636 0.151691 0.101127 21
1 0.151691 0.151691 0.151691 0 18
1 0.151691 0.151691 0.151691 0 15
1 0.146822 0.146822 0.146822 0 3
1 0.0960987 0.0960987 0.0960987 0 0
1 0.0149701 0.0149701 0.0149701 0 6
1 0.00673287 0.00673287 0.00673287 0 12
1 0.00360454 0.00360454 0.00360454 0 15
1 0.00122985 0.00122985 0.00122985 0 15
1 0.000316842 0.000316842 0.000316842 0 15
1 0.000278481 0.000278481 0.000278481 0 15
1 0.00013924 0.00013924 0.000278481 0.00013924 21
1 0.000256371 0.000256371 0.000256371 0 18
1 0 0 0 0 12
1 0 0 0 0 15

37 0.112529 0.0576461 0.0941933 0.0195908 6
22 0.032551 0.032551 0.0937808 0.0612298 21
6 0.0561306 0.0561306 0.093551 0.0374204 3
5 0.108604 0.108604 0.108604 0 18
5 0.0433662 0.0433662 0.0967074 0.0533412 3
4 0.053382 0.053382 0.108736 0.0553542 21
3 0.138952 0.138952 0.138952 0 18
2 0.105821 0.105821 0.105821 0 12
1 0.151905 0.151905 0.15939 0.00748505 9
1 0.0758453 0.0758453 0.151691 0.0758453 12
1 0.0758453 0.0758453 0.151691 0.0758453 21
1 0.151691 0.151691 0.151691 0 18
1 0.151691 0.151691 0.151691 0 15
1 0.146822 0.146822 0.146822 0 3
1 0.0960987 0.0960987 0.0960987 0 0
1 0.00673287 0.00673287 0.00673287 0 12
1 0.00360454 0.00360454 0.00360454 0 15
1 0.00122985 0.00122985 0.00122985 0 15
1 0.000316842 0.000316842 0.000316842 0 15
1 0.000278481 0.000278481 0.000278481 0 15
1 0.000278481 0.000278481 0.000278481 0 21
1 0.000256371 0.000256371 0.000256371 0 18
1 0 0 0 0 12
1 0 0 0 0 15

41 0.0809201 0.053168 0.1033 0.0461064 6
21 0.0419408 0.0419408 0.103853 0.0619126 21
5 0.0510278 0.0510278 0.112261 0.0612334 3
5 0.138793 0 0.111035 0.0555173 21
5 0.104079 0.104079 0.104079 0 3
4 0.0362014 0.0362014 0.110532 0.0743304 18
3 0.138952 0.138952 0.138952 0 18
1 0.303811 0.303811 0.303811 0 9
2 0.105821 0.105821 0.105821 0 12
1 0.151691 0.151691 0.151691 0 15
1 0.0758453 0.0758453 0.151691 0.0758453 18
1 0.151691 0.151691 0.151691 0 21
1 0.151691 0.151691 0.151691 0 12
1 0.146822 0.146822 0.146822 0 3
1 0.00224429 0.00224429 0.00673287 0.00448858 12
1 0.00360454 0.00360454 0.00360454 0 15
1 0.00131327 0.00131327 0.0019282 0.000614925 15
1 0.000316842 0.000316842 0.000316842 0 15
1 0.000278481 0.000278481 0.000278481 0 15
1 0.000278481 0.000278481 0.000278481 0 21
1 0.000256371 0.000256371 0.000256371 0 18
1 0 0 0 0 15

45 0.0637335 0.0420837 0.0978294 0.0493562 6
20 0.0464026 0.0464026 0.100879 0.0544762 21
5 0.112261 0.112261 0.112261 0 3
5 0.104079 0.104079 0.104079 0 3
5 0.0630879 0.0493655 0.100602 0.0406307 21
3 0.138952 0.138952 0.138952 0 18
1 0.303811 0.303811 0.303811 0 9
2 0.105821 0.105821 0.105821 0 12
1 0.151691 0.151691 0.151691 0 12
1 0.151691 0.151691 0.151691 0 21
1 0.151691 0.151691 0.151691 0 18
1 0.151691 0.151691 0.151691 0 15
1 0.146822 0.146822 0.146822 0 3
1 0.00673287 0.00673287 0.00673287 0 12
1 0.00360454 0.00360454 0.00360454 0 15
1 0.00262654 0.00262654 0.00262654 0 15
1 0.000316842 0.000316842 0.000316842 0 15
1 0.000278481 0.000278481 0.000278481 0 15
1 0.000278481 0.000278481 0.000278481 0 21
1 0.000256371 0.000256371 0.000256371 0 18
1 0 0 0 0 15

47 0.0619101 0.0481922 0.102313 0.0528348 9
20 0.054523 0.054523 0.106619 0.0520957 21
5 0.112261 0.112261 0.112261 0 3
5 0.104079 0.104079 0.104079 0 3
4 0.0867458 0.0867458 0.120848 0.0341021 21
3 0.138952 0.138952 0.138952 0 18
1 0.303811 0.303811 0.303811 0 9
2 0.105821 0.105821 0.105821 0 12
1 0.151691 0.151691 0.151691 0 15
1 0.151691 0.151691 0.151691 0 18
1 0.0303381 0.0303381 0.151691 0.121353 21
1 0.151691 0.151691 0.151691 0 12
1 0.146822 0.146822 0.146822 0 3
1 0.00673287 0.00673287 0.00673287 0 12
1 0.00360454 0.00360454 0.00360454 0 15
1 0.00262654 0.00262654 0.00262654 0 15
1 0.000316842 0.000316842 0.000316842 0 15
1 0.00013924 0.00013924 0.000278481 0.00013924 15
1 0.000278481 0.000278481 0.000278481 0 21
1 0.000256371 0.000256371 0.000256371 0 18
1 0 0 0 0 15

48 0.0641016 0.0498981 0.107379 0.0556227 9
21 0.225774 0.0464026 0.110811 0.067397 21
5 0.112261 0.112261 0.112261 0 3
4 0.104079 0.104079 0.130099 0.0260197 3
4 0.0991381 0.0991381 0.112192 0.0130535 21
3 0.138952 0.138952 0.138952 0 18
1 0.303811 0.303811 0.303811 0 9
1 0.105821 0.105821 0.211641 0.105821 12
1 0.151691 0.151691 0.151691 0 12
1 0.0758453 0.0758453 0.151691 0.0758453 21
1 0.151691 0.151691 0.151691 0 18
1 0.0505636 0.0505636 0.151691 0.101127 15
1 0.146822 0.146822 0.146822 0 3
1 0.00673287 0.00673287 0.00673287 0 12
1 0.00360454 0.00360454 0.00360454 0 15
1 0.00262654 0.00262654 0.00262654 0 15
1 0.000316842 0.000316842 0.000316842 0 15
1 0.00013924 0.00013924 0.000278481 0.00013924 15
1 0.000278481 0.000278481 0.000278481 0 21
1 0.000256371 0.000256371 0.000256371 0 18
1 0 0 0 0 15

46 0.0584152 0.0454717 0.114478 0.0649722 9
22 0.252652 0.0519267 0.115532 0.073126 21
4 0.173492 0.173492 0.173492 0 21
4 0.112261 0.112261 0.140327 0.0280653 3
4 0.130099 0.130099 0.130099 0 3
3 0.138952 0.138952 0.138952 0 18
1 0.303811 0.303811 0.303811 0 9
1 0.211641 0.211641 0.211641 0 12
1 0.151691 0.151691 0.151691 0 15
1 0.151691 0.151691 0.151691 0 18
1 0.0758453 0.0758453 0.151691 0.0758453 18
1 0.151691 0.151691 0.151691 0 12
1 0.146822 0.146822 0.146822 0 3
1 0.00673287 0.00673287 0.00673287 0 12
1 0.00360454 0.00360454 0.00360454 0 15
1 0.00262654 0.00262654 0.00262654 0 15
1 0.000316842 0.000316842 0.000316842 0 15
1 0.00013924 0.00013924 0.000278481 0.00013924 18
1 0.00013924 0.00013924 0.000278481 0.00013924 21
1 0.000256371 0.000256371 0.000256371 0 18
1 0 0 0 0 15

46 0.0780027 0.0474494 0.120096 0.0627998 9
24 0.241168 0.0495664 0.121467 0.0813439 21
5 0.138793 0.0365498 0.118345 0.0408974 21
4 0.140327 0.140327 0.140327 0 3
4 0.130099 0.130099 0.130099 0 3
3 0.138952 0.138952 0.138952 0 18
1 0.303811 0.303811 0.303811 0 9
1 0.211641 0.211641 0.211641 0 12
1 0.151691 0.151691 0.151691 0 12
1 0.0758453 0.0758453 0.151691 0.0758453 21
1 0.151691 0.151691 0.151691 0 18
1 0.151691 0.151691 0.151691 0 15
1 0.146822 0.146822 0.146822 0 3
1 0.00673287 0.00673287 0.00673287 0 12
1 0.00360454 0.00360454 0.00360454 0 15
1 0.00262654 0.00262654 0.00262654 0 15
1 0.000316842 0.000316842 0.000316842 0 15
1 6.96202e-05 6.96202e-05 0.000278481 0.00020886 21
1 0.000256371 0.000256371 0.000256371 0 18
1 0 0 0 0 15

47 0.0843273 0.0648818 0.121027 0.0553156 1.5
24 0.192934 0.0396531 0.12212 0.0792525 21
4 0.140327 0.140327 0.140327 0 3
4 0.115661 0.115661 0.131974 0.0163132 21
4 0.130099 0.130099 0.130099 0 3
3 0.138952 0.138952 0.138952 0 18
1 0.303811 0.303811 0.303811 0 9
1 0.211641 0.211641 0.211641 0 12
1 0.151691 0.151691 0.151691 0 15
1 0.151691 0.151691 0.151691 0 18
1 0.0758453 0.0758453 0.151691 0.0758453 21
1 0.151691 0.151691 0.151691 0 12
1 0.146822 0.146822 0.146822 0 3
1 0.00673287 0.00673287 0.00673287 0 12
1 0.00360454 0.00360454 0.00360454 0 15
1 0.00262654 0.00262654 0.00262654 0 15
1 0.000316842 0.000316842 0.000316842 0 15
1 0.00013924 0.00013924 0.000278481 0.00013924 21
1 0.000278481 0.000278481 0.000278481 0 15
1 0.000256371 0.000256371 0.000256371 0 18
1 0 0 0 0 15

100 0.0530569 0.0360094 0.0462775 0.00963815 15
1 0 0 0 0 1.5

100 0.0549813 0.0373155 0.0732158 0.0314965 6
1 3.77957e-33 3.77957e-33 3.77957e-33 0 1.5

52 0.204065 5.3554e-06 0.184745 0.0592357 18
40 0.062821 0.048614 0.16283 0.11122 9

55 0.0862715 0.0862715 0.166708 0.0804363 1.5
42 0.161385 0.124888 0.169413 0.0367655 9
1 0.052192 0.052192 0.208768 0.156576 18
1 0.0505636 0.0505636 0.151691 0.101127 18
1 6.96202e-05 6.96202e-05 0.000278481 0.00020886 18

100 0.0530569 0.0530569 0.0870114 0.0339544 9

98 0.0570505 0.0570505 0.103808 0.0467575 18
1 0.0379227 0.0379227 0.151691 0.113768 18
1 0.000278481 0.000278481 0.000278481 0 18
1 0 0 0 0 1.5

93 0.0544174 0.0544174 0.106054 0.0516362 18
2 0.280942 0.280942 0.280942 0 6
1 0.0505636 0.0505636 0.151691 0.101127 18
1 0.000278481 0.000278481 0.000278481 0 18

90 0.0570505 0.0570505 0.107411 0.0503607 18
5 0.112377 0.112377 0.112377 0 6
1 0.208768 0.208768 0.208768 0 18
1 0.0505636 0.0505636 0.151691 0.101127 18
1 0.104367 0.104367 0.104367 0 15
1 0.000278481 0.000278481 0.000278481 0 18

90 0.0576706 0.0576706 0.108747 0.0510759 18
5 0.0936473 0.0936473 0.112377 0.0187295 6
1 0.0695893 0.0695893 0.208768 0.139179 18
1 0.151691 0.151691 0.151691 0 18
1 0.104367 0.104367 0.104367 0 15
1 0.00154219 0.00154219 0.00154219 0 15
1 9.28269e-05 9.28269e-05 0.000278481 0.000185654 18

90 0.0583043 0.0583043 0.106119 0.0478149 18
5 0.0802691 0.0802691 0.112377 0.0321076 6
1 0.052192 0.052192 0.208768 0.156576 18
1 0.0758453 0.0758453 0.151691 0.0758453 18
1 0.104367 0.104367 0.104367 0 15
1 0.00154219 0.00154219 0.00154219 0 15
1 9.28269e-05 9.28269e-05 0.000278481 0.000185654 18

90 0.0579857 0.0579857 0.111796 0.0538107 18
5 0.0936473 0.0936473 0.112377 0.0187295 6
1 0.0695893 0.0695893 0.208768 0.139179 18
1 0.0758453 0.0758453 0.151691 0.0758453 18
1 0.104367 0.104367 0.104367 0 15
1 0.00154219 0.00154219 0.00154219 0 15
1 6.96202e-05 6.96202e-05 0.000278481 0.00020886 18

90 0.0579857 0.0579857 0.111099 0.053113 18
5 0.0936473 0.0936473 0.112377 0.0187295 6
1 0.0417536 0.0417536 0.208768 0.167014 18
1 0.0505636 0.0505636 0.151691 0.101127 18
1 0.104367 0.104367 0.104367 0 15
1 0.00154219 0.00154219 0.00154219 0 15
1 0.000278481 0.000278481 0.000278481 0 18

90 0.0570505 0.0570505 0.107915 0.0508645 18
5 0.0936473 0.0936473 0.112377 0.0187295 6
1 0.052192 0.052192 0.208768 0.156576 18
1 0.151691 0.151691 0.151691 0 18
1 0.104367 0.104367 0.104367 0 15
1 0.00154219 0.00154219 0.00154219 0 15
1 0.000278481 0.000278481 0.000278481 0 18

89 0.0620498 0.0579857 0.108515 0.0504859 18
5 0.112377 0.112377 0.112377 0 6
1 0.104384 0.104384 0.208768 0.104384 18
1 0.154091 0.154091 0.154091 0 18
1 0.0758453 0.0758453 0.151691 0.0758453 18
1 0.104367 0.104367 0.104367 0 15
1 0.00154219 0.00154219 0.00154219 0 15
1 5.56961e-05 5.56961e-05 0.000278481 0.000222785 18

89 0.0617126 0.0576706 0.110215 0.0525012 18
5 0.112377 0.112377 0.112377 0 6
1 0.104384 0.104384 0.208768 0.104384 18
1 0.154091 0.154091 0.154091 0 18
1 0.0505636 0.0505636 0.151691 0.101127 18
1 0.104367 0.104367 0.104367 0 15
1 0.00154219 0.00154219 0.00154219 0 15
1 9.28269e-05 9.28269e-05 0.000278481 0.000185654 18

89 0.0623907 0.0583043 0.110823 0.0522977 18
5 0.0936473 0.0936473 0.112377 0.0187295 6
1 0.0695893 0.0695893 0.208768 0.139179 18
1 0.154091 0.154091 0.154091 0 18
1 0.0758453 0.0758453 0.151691 0.0758453 18
1 0.104367 0.104367 0.104367 0 15
1 0.00154219 0.00154219 0.00154219 0 15
1 6.96202e-05 6.96202e-05 0.000278481 0.00020886 18

88 0.0623907 0.0583043 0.107663 0.0489564 1.5
5 0.0949733 0.0802691 0.115318 0.0326419 6
1 0.0695893 0.0695893 0.208768 0.139179 18
1 0.154091 0.154091 0.154091 0 18
1 0.151691 0.151691 0.151691 0 18
1 0.104367 0.104367 0.104367 0 15
1 0.00154219 0.00154219 0.00154219 0 15
1 6.96202e-05 6.96202e-05 0.000278481 0.00020886 18

100 0.0570609 0.0533236 0.0901663 0.0361985 18

91 0.0591412 0.0552677 0.110211 0.0536554 18
3 0.221604 0.187295 0.198731 0.0161738 6
1 0.104384 0.104384 0.208768 0.104384 18
1 0.0505636 0.0505636 0.151691 0.101127 18

90 0.0607225 0.0567454 0.109465 0.0500136 18
5 0.132963 0.112377 0.116494 0.00823436 6
1 0.208768 0.208768 0.208768 0 18
1 0.151691 0.151691 0.151691 0 18
1 0.105154 0.105154 0.105154 0 18
1 0.000278481 0.000278481 0.000278481 0 18

90 0.0617126 0.0617126 0.116521 0.0548083 18
4 0.110802 0.0936473 0.14476 0.0474092 6
1 0.0738983 0.0738983 0.217386 0.143488 18
1 0.151691 0.151691 0.151691 0 18
1 0.105154 0.105154 0.105154 0 18
1 0.0760182 0.0760182 0.0760182 0 15
1 0.000107627 0.000107627 0.000308081 0.000200454 18

89 0.0607225 0.0607225 0.110725 0.0500028 18
4 0.166203 0.140471 0.146904 0.0111424 6
2 0.0738983 0.0738983 0.110847 0.0369492 18
1 0.151691 0.151691 0.151691 0 18
1 0.105154 0.105154 0.105154 0 18
1 0.0760182 0.0760182 0.0760182 0 15
1 0.000721946 0.000721946 0.000721946 0 15
1 0.000322881 0.000322881 0.000322881 0 18

90 0.061379 0.061379 0.116873 0.0554943 18
4 0.166203 0.140471 0.146904 0.0111424 6
1 0.110847 0.110847 0.221695 0.110847 18
1 0.0303381 0.0303381 0.151691 0.121353 18
1 0.105154 0.105154 0.105154 0 18
1 0.0760182 0.0760182 0.0760182 0 15
1 0.000721946 0.000721946 0.000721946 0 15
1 0.000322881 0.000322881 0.000322881 0 18

89 0.0617126 0.0617126 0.117345 0.0556329 18
5 0.110802 0.0936473 0.12267 0.0205286 6
1 0.110847 0.110847 0.221695 0.110847 18
1 0.0758453 0.0758453 0.151691 0.0758453 18
1 0.105154 0.105154 0.105154 0 18
1 0.0760182 0.0760182 0.0760182 0 15
1 0.000360973 0.000360973 0.000679687 0.000318714 15
1 0.000161441 0.000161441 0.000322881 0.000161441 18

90 0.063084 0.063084 0.115249 0.0521646 18
5 0.110802 0.0936473 0.126101 0.0199469 6
1 0.044339 0.044339 0.221695 0.177356 18
1 0.0758453 0.0758453 0.151691 0.0758453 18
1 0.0760182 0.0760182 0.0760182 0 15
1 0.052577 0.052577 0.0527999 0.000222946 18
1 0.000721946 0.000721946 0.000721946 0 15
1 0.000107627 0.000107627 0.000322881 0.000215254 18

89 0.0623907 0.0623907 0.117808 0.0554176 1.5
5 0.0664813 0.0664813 0.130904 0.0644227 6
1 0.110847 0.110847 0.221695 0.110847 18
1 0.0758453 0.0758453 0.151691 0.0758453 18
1 0.0685591 0.0685591 0.106568 0.0380091 15
1 0.105154 0.105154 0.105154 0 18
1 0.000721946 0.000721946 0.000721946 0 15
1 0.000322881 0.000322881 0.000322881 0 18

100 0.0567756 0.0567756 0.0966839 0.0399083 18

91 0.0582313 0.0582313 0.119165 0.0609333 18
1 0.664813 0.664813 0.664813 0 6
1 0.221695 0.221695 0.221695 0 18
1 0.0758453 0.0758453 0.151691 0.0758453 18
1 0.000322881 0.000322881 0.000322881 0 18

90 0.111008 0.0603995 0.111997 0.0513105 18
2 0.332407 0.332407 0.332407 0 6
1 0.221695 0.221695 0.221695 0 18
1 0.151691 0.151691 0.151691 0 18
1 0.0310164 0.0310164 0.0310164 0 15
1 0.000161441 0.000161441 0.000322881 0.000161441 18

90 0.113421 0.0617126 0.114864 0.0528553 18
4 0.166203 0.166203 0.166203 0 6
1 0.0554237 0.0554237 0.221695 0.166271 18
1 0.151691 0.151691 0.151691 0 18
1 0.0310164 0.0310164 0.0310164 0 15
1 0.000161441 0.000161441 0.000322881 0.000161441 18

90 0.111602 0.0607225 0.119332 0.0579662 18
5 0.132963 0.132963 0.132963 0 6
1 0.221695 0.221695 0.221695 0 18
1 0.0505636 0.0505636 0.151691 0.101127 18
1 0.0310164 0.0310164 0.0310164 0 15
1 0.000322881 0.000322881 0.000322881 0 18

90 0.113421 0.0617126 0.119223 0.0568744 18
5 0.0949733 0.0949733 0.132963 0.0379893 6
1 0.0738983 0.0738983 0.221695 0.147797 18
1 0.151691 0.151691 0.151691 0 18
1 0.0310164 0.0310164 0.0310164 0 15
1 0.000107627 0.000107627 0.000322881 0.000215254 18

90 0.115301 0.0627354 0.119971 0.0566002 1.5
5 0.110802 0.110802 0.132963 0.0221604 6
1 0.0554237 0.0554237 0.221695 0.166271 18
1 0.0505636 0.0505636 0.151691 0.101127 18
1 0.0310164 0.0310164 0.0310164 0 15
1 8.07203e-05 8.07203e-05 0.000322881 0.000242161 18

100 0.104872 0.0570609 0.0947116 0.0371234 18

96 0.107023 0.0582313 0.1144 0.0552992 18
1 0.0738983 0.0738983 0.221695 0.147797 18
1 0.151691 0.151691 0.151691 0 18
1 0.000322881 0.000322881 0.000322881 0 18

91 0.110421 0.06008 0.119553 0.0578558 18
1 0.664813 0.664813 0.664813 0 6
1 0.110847 0.110847 0.221695 0.110847 18
1 0.0758453 0.0758453 0.151691 0.0758453 18
1 0.00389756 0.00389756 0.00389756 0 18
1 0.000688273 0.000688273 0.000688273 0 15
1 0.000107627 0.000107627 0.000322881 0.000215254 18

91 0.114668 0.0623907 0.117795 0.0529212 1.5
3 0.221604 0.221604 0.221604 0 6
1 0.0554237 0.0554237 0.216047 0.160624 18
1 0.0505636 0.0505636 0.151691 0.101127 18
1 0.00389756 0.00389756 0.00389756 0 18
1 0.000762364 0.000762364 0.0011065 0.000344136 15
1 0.000161441 0.000161441 0.000322881 0.000161441 18

100 0.104872 0.0570609 0.104205 0.0434652 18

92 0.107575 0.0585315 0.130056 0.0609307 18
1 0.664813 0.664813 0.664813 0 6
1 0.0738983 0.0738983 0.214165 0.140267 18
1 0.151691 0.151691 0.151691 0 18
1 0.000322881 0.000322881 0.000322881 0 18

92 0.112202 0.061049 0.139481 0.057197 18
4 0.166203 0.166203 0.166203 0 6
1 0.110847 0.110847 0.2104 0.0995525 18
1 0.151691 0.151691 0.151691 0 18
1 0.00011001 0.00011001 0.000325264 0.000215254 18

93 0.113421 0.0617126 0.162995 0.0520495 18
3 0.132963 0.132963 0.201055 0.0680923 6
1 0.110847 0.110847 0.221695 0.110847 18
1 0.0379227 0.0379227 0.151691 0.113768 18
1 8.25072e-05 8.25072e-05 0.000328242 0.000245735 18

94 0.111008 0.111008 0.198387 0.0873786 18
3 0.221604 0.221604 0.221604 0 6
1 0.0738983 0.0738983 0.206635 0.132737 18
1 0.0758453 0.0758453 0.151691 0.0758453 18
1 0.00011001 0.00011001 0.000330029 0.000220019 18

95 0.115607 0.112808 0.201639 0.0888018 18
2 0.166203 0.166203 0.293876 0.127673 6
1 0.221695 0.221695 0.221695 0 18
1 0.0379227 0.0379227 0.151691 0.113768 18
1 0.0224889 0.0224889 0.0224889 0 15
1 6.60058e-05 6.60058e-05 0.000330029 0.000264023 18

95 0.113763 0.111008 0.2006 0.0895632 18
2 0.110802 0.110802 0.229659 0.118857 6
1 0.0738983 0.0738983 0.19834 0.124442 15
1 0.151691 0.151691 0.151691 0 18
1 0.0224889 0.0224889 0.0224889 0 15
1 0.000165014 0.000165014 0.000330029 0.000165014 18

95 0.111976 0.109265 0.200011 0.0906904 18
2 0.221604 0.221604 0.281033 0.0594285 6
1 0.221695 0.221695 0.221695 0 18
1 0.0505636 0.0505636 0.151691 0.101127 18
1 0.0224889 0.0224889 0.0224889 0 15
1 0.000165014 0.000165014 0.000330029 0.000165014 18

94 0.116236 0.113421 0.208388 0.0949071 18
2 0.221604 0.221604 0.281033 0.0594285 6
1 0.044339 0.044339 0.203623 0.159284 18
1 0.180066 0.180066 0.180066 0 18
1 0.151691 0.151691 0.151691 0 18
1 0.0224889 0.0224889 0.0224889 0 15
1 5.50048e-05 5.50048e-05 0.000330029 0.000275024 18

94 0.115607 0.112808 0.204526 0.0916006 18
2 0.166203 0.166203 0.255346 0.0891427 6
1 0.0738983 0.0738983 0.19834 0.124442 18
1 0.180066 0.180066 0.180066 0 18
1 0.0505636 0.0505636 0.151691 0.101127 18
1 0.0696591 0.0696591 0.0809036 0.0112445 15
1 0.00011001 0.00011001 0.000330029 0.000220019 15

94 0.114986 0.112202 0.205775 0.0933688 18
2 0.132963 0.132963 0.239934 0.106971 6
1 0.221695 0.221695 0.221695 0 18
1 0.180066 0.180066 0.180066 0 18
1 0.0758453 0.0758453 0.151691 0.0758453 18
1 0.0464394 0.0464394 0.0807494 0.0343099 18
1 0.00011001 0.00011001 0.000330029 0.000220019 18

93 0.130478 0.113421 0.212776 0.098797 18
2 0.332407 0.332407 0.332407 0 6
1 0.044339 0.044339 0.203623 0.159284 18
1 0.180066 0.180066 0.180066 0 18
1 0.0252818 0.0252818 0.151691 0.126409 18
1 0.139318 0.139318 0.139318 0 15
1 0.000165014 0.000165014 0.000330029 0.000165014 18

93 0.125696 0.109265 0.21174 0.101503 18
2 0.221604 0.221604 0.281033 0.0594285 6
1 0.221695 0.221695 0.221695 0 18
1 0.180066 0.180066 0.180066 0 18
1 0.151691 0.151691 0.151691 0 18
1 0.139318 0.139318 0.139318 0 15
1 0.00458014 0.00458014 0.00458014 0 12
1 0.000330029 0.000330029 0.000330029 0 18

93 0.129772 0.112808 0.205779 0.0910655 18
2 0.332407 0.332407 0.332407 0 6
1 0.0554237 0.0554237 0.198532 0.143108 18
1 0.180066 0.180066 0.180066 0 18
1 0.0505636 0.0505636 0.151691 0.101127 18
1 0.139318 0.139318 0.139318 0 15
1 0.00168473 0.00168473 0.00412593 0.0024412 15
1 0.000165014 0.000165014 0.000330029 0.000165014 18

94 0.13264 0.118162 0.206694 0.0882488 15
2 0.221604 0.221604 0.253956 0.0323514 6
1 0.0554237 0.0554237 0.198532 0.143108 18
1 0.0505636 0.0505636 0.151691 0.101127 18
1 0.0696591 0.0696591 0.117997 0.0483375 15
1 0.0900332 0.0900332 0.0926174 0.00258416 18
1 0.00505419 0.00505419 0.00505419 0 15

93 0.132209 0.113763 0.212168 0.0979466 15
2 0.332407 0.332407 0.332407 0 6
1 0.0738983 0.0738983 0.190046 0.116148 15
1 0.180066 0.180066 0.180066 0 18
1 0.0758453 0.0758453 0.151691 0.0758453 15
1 0.139318 0.139318 0.139318 0 15
1 8.25072e-05 8.25072e-05 0.000330029 0.000247522 15

95 0.13363 0.114986 0.210262 0.0945466 15
2 0.166203 0.166203 0.21473 0.0485272 3
1 0.110847 0.110847 0.197958 0.0871108 18
1 0.0900332 0.0900332 0.174758 0.0847253 18
1 0.151691 0.151691 0.151691 0 18
1 0.0696591 0.0696591 0.0965316 0.0268725 15

94 0.174608 0.111976 0.206204 0.0929234 15
2 0.166203 0.166203 0.21473 0.0485272 3
1 0.110847 0.110847 0.197958 0.0871108 15
1 0.180066 0.180066 0.180066 0 18
1 0.0758453 0.0758453 0.151691 0.0758453 18
1 0.139318 0.139318 0.139318 0 15

93 0.175527 0.112565 0.210986 0.0961002 15
2 0.332407 0.332407 0.332407 0 6
1 0.0738983 0.0738983 0.190046 0.116148 18
1 0.180066 0.180066 0.180066 0 18
1 0.0758453 0.0758453 0.151691 0.0758453 18
1 0.139318 0.139318 0.139318 0 15
1 0.000330029 0.000330029 0.000330029 0 15

94 0.182241 0.116871 0.219485 0.0980715 15
2 0.221604 0.221604 0.253167 0.0315623 6
1 0.0554237 0.0554237 0.190934 0.13551 15
1 0.180066 0.180066 0.180066 0 18
1 0.0303381 0.0303381 0.151691 0.121353 18
1 0.139318 0.139318 0.139318 0 15
1 0.00011001 0.00011001 0.000330029 0.000220019 15

94 0.178343 0.114371 0.217868 0.0960209 15
2 0.221604 0.221604 0.253378 0.0317733 3
1 0.0738983 0.0738983 0.190046 0.116148 15
1 0.180066 0.180066 0.180066 0 18
1 0.0505636 0.0505636 0.151691 0.101127 18
1 0.139318 0.139318 0.139318 0 15
1 0.00011001 0.00011001 0.000330029 0.000220019 15

94 0.176455 0.113161 0.22773 0.100066 15
2 0.332407 0.332407 0.332407 0 6
1 0.0554237 0.0554237 0.184682 0.129258 15
1 0.0758453 0.0758453 0.151691 0.0758453 18
1 0.139318 0.139318 0.139318 0 15
1 0.0900332 0.0900332 0.096407 0.00637382 18
1 0.000330029 0.000330029 0.000330029 0 15

94 0.178343 0.128384 0.237183 0.105277 15
2 0.221604 0.221604 0.253378 0.0317733 6
1 0.0982144 0.0982144 0.188248 0.0900332 18
1 0.0738983 0.0738983 0.188169 0.11427 15
1 0.0758453 0.0758453 0.151691 0.0758453 18
1 0.139318 0.139318 0.139318 0 15
1 0.00011001 0.00011001 0.000330029 0.000220019 15

95 0.178343 0.128384 0.241389 0.106 15
2 0.221604 0.221604 0.253378 0.0317733 6
1 0.196429 0.196429 0.196429 0 18
1 0.0738983 0.0738983 0.195566 0.121668 18
1 0.151691 0.151691 0.151691 0 18
1 0.0696591 0.0696591 0.132223 0.0625641 15

95 0.176455 0.127026 0.253804 0.110304 15
2 0.221604 0.221604 0.253378 0.0317733 6
1 0.196429 0.196429 0.196429 0 18
1 0.0738983 0.0738983 0.195566 0.121668 15
1 0.0505636 0.0505636 0.151691 0.101127 15
1 0.139318 0.139318 0.139318 0 15

95 0.175527 0.126357 0.277978 0.116241 15
1 0.221604 0.221604 0.506755 0.285151 6
1 0.0738983 0.0738983 0.202963 0.129065 15
1 0.196429 0.196429 0.196429 0 18
1 0.151691 0.151691 0.151691 0 18
1 0.139318 0.139318 0.139318 0 15
1 0.000165014 0.000165014 0.000330029 0.000165014 15

95 0.177394 0.177394 0.30516 0.127767 15
1 0.664813 0.664813 0.664813 0 6
1 0.196429 0.196429 0.196429 0 18
1 0.0738983 0.0738983 0.188975 0.115076 15
1 0.0379227 0.0379227 0.151691 0.113768 15
1 0.139318 0.139318 0.139318 0 15
1 0.0563155 0.0563155 0.0563155 0 15

96 0.176455 0.176455 0.318169 0.141714 15
1 0.332407 0.332407 0.433126 0.100719 3
1 0.110847 0.110847 0.207646 0.0967984 15
1 0.196429 0.196429 0.196429 0 18
1 0.0379227 0.0379227 0.151691 0.113768 15
1 0.139318 0.139318 0.139318 0 15

95 0.177394 0.177394 0.325771 0.148377 15
1 0.332407 0.332407 0.433126 0.100719 3
1 0.311748 0.311748 0.311748 0 15
1 0.0738983 0.0738983 0.202963 0.129065 18
1 0.196429 0.196429 0.196429 0 18
1 0.0505636 0.0505636 0.151691 0.101127 15
1 0.139318 0.139318 0.139318 0 15

95 0.175527 0.175527 0.323493 0.147967 15
1 0.221604 0.221604 0.355897 0.134292 3
1 0.311748 0.311748 0.311748 0 15
1 0.221695 0.221695 0.221695 0 18
1 0.0982144 0.0982144 0.174298 0.0760836 18
1 0.0758453 0.0758453 0.151691 0.0758453 15
1 0.139318 0.139318 0.139318 0 15

95 0.176455 0.176455 0.3144 0.137944 15
1 0.332407 0.332407 0.433126 0.100719 3
1 0.311748 0.311748 0.311748 0 15
1 0.221695 0.221695 0.221695 0 18
1 0.196429 0.196429 0.196429 0 18
1 0.0505636 0.0505636 0.151691 0.101127 15
1 0.139318 0.139318 0.139318 0 15

94 0.174608 0.174608 0.326377 0.151769 15
1 0.664813 0.664813 0.664813 0 6
1 0.311748 0.311748 0.311748 0 15
1 0.0738983 0.0738983 0.202963 0.129065 18
1 0.196429 0.196429 0.196429 0 18
1 0.0505636 0.0505636 0.151691 0.101127 18
1 0.139318 0.139318 0.139318 0 15

94 0.177394 0.177394 0.322975 0.145581 15
1 0.664813 0.664813 0.664813 0 6
1 0.311748 0.311748 0.311748 0 15
1 0.110847 0.110847 0.207646 0.0967984 18
1 0.196429 0.196429 0.196429 0 18
1 0.0505636 0.0505636 0.151691 0.101127 15
1 0.139318 0.139318 0.139318 0 15
1 0.00011001 0.00011001 0.000330029 0.000220019 15

95 0.175527 0.175527 0.323356 0.147829 15
1 0.221604 0.221604 0.355897 0.134292 6
1 0.311748 0.311748 0.311748 0 15
1 0.221695 0.221695 0.221695 0 18
1 0.196429 0.196429 0.196429 0 18
1 0.151691 0.151691 0.151691 0 18
1 0.139318 0.139318 0.139318 0 15

95 0.179301 0.179301 0.328549 0.149247 15
1 0.332407 0.332407 0.433126 0.100719 6
1 0.311748 0.311748 0.311748 0 15
1 0.0369492 0.0369492 0.19828 0.161331 15
1 0.196429 0.196429 0.196429 0 18
1 0.0505636 0.0505636 0.151691 0.101127 15
1 0.0696591 0.0696591 0.117091 0.0474314 15

95 0.172798 0.172798 0.327813 0.155014 15
1 0.221604 0.221604 0.355897 0.134292 3
1 0.311748 0.311748 0.311748 0 15
1 0.221695 0.221695 0.221695 0 18
1 0.196429 0.196429 0.196429 0 18
1 0.151691 0.151691 0.151691 0 18
1 0.139318 0.139318 0.139318 0 15

96 0.178343 0.178343 0.317028 0.138686 15
1 0.166203 0.166203 0.317282 0.151079 3
1 0.221695 0.221695 0.221695 0 18
1 0.155874 0.155874 0.200372 0.0444984 15
1 0.196429 0.196429 0.196429 0 18
1 0.0758453 0.0758453 0.151691 0.0758453 18

96 0.174608 0.174608 0.330275 0.155667 15
1 0.221604 0.221604 0.355897 0.134292 3
1 0.311748 0.311748 0.311748 0 15
1 0.221695 0.221695 0.221695 0 18
1 0.196429 0.196429 0.196429 0 18
1 0.0758453 0.0758453 0.151691 0.0758453 15

96 0.281644 0.176455 0.322824 0.145665 1.5
1 0.166203 0.166203 0.317282 0.151079 6
1 0.221695 0.221695 0.221695 0 18
1 0.155874 0.155874 0.20315 0.0472764 15
1 0.0758453 0.0758453 0.151691 0.0758453 18
1 0.0982144 0.0982144 0.100919 0.00270477 18

100 0.264829 0.165921 0.29326 0.126733 15

98 0.275806 0.172798 0.31523 0.14176 1.5
1 0.193597 0.193597 0.193597 0 15
1 0.0379227 0.0379227 0.151691 0.113768 15
1 0.000165014 0.000165014 0.000330029 0.000165014 15

100 0.264829 0.165921 0.296994 0.130456 15

97 0.277243 0.173698 0.317665 0.143281 15
1 0.100719 0.100719 0.201438 0.100719 3
1 0.0645323 0.0645323 0.193597 0.129065 15
1 0.151691 0.151691 0.151691 0 15
1 0.112533 0.112533 0.112533 0 15

97 0.280161 0.175527 0.323019 0.146094 15
1 0.0503596 0.0503596 0.201438 0.151079 3
1 0.0645323 0.0645323 0.193597 0.129065 15
1 0.151691 0.151691 0.151691 0 15
1 0.112533 0.112533 0.112533 0 15

97 0.277243 0.173698 0.317871 0.14141 15
1 0.100719 0.100719 0.201438 0.100719 3
1 0.193597 0.193597 0.193597 0 15
1 0.0758453 0.0758453 0.151691 0.0758453 15
1 0.112533 0.112533 0.112533 0 15

98 0.284656 0.178343 0.334447 0.150272 15
1 0.0503596 0.0503596 0.201438 0.151079 3
1 0.0645323 0.0645323 0.193597 0.129065 15
1 0.0505636 0.0505636 0.151691 0.101127 15

98 0.278694 0.174608 0.341802 0.153464 15
1 0.0671461 0.0671461 0.201438 0.134292 3
1 0.0967984 0.0967984 0.193597 0.0967984 15
1 0.0505636 0.0505636 0.151691 0.101127 15

98 0.272978 0.171026 0.354117 0.158117 15
1 0.201438 0.201438 0.201438 0 3
1 0.0645323 0.0645323 0.190485 0.125953 15
1 0.151691 0.151691 0.151691 0 15

98 0.278694 0.174608 0.379266 0.148693 15
1 0.0505009 0.0505009 0.20158 0.151079 3
1 0.0967984 0.0967984 0.18893 0.0921313 15
1 0.0758453 0.0758453 0.151691 0.0758453 15

98 0.280161 0.280161 0.430567 0.150406 15
1 0.0505009 0.0505009 0.202004 0.151503 3
1 0.193597 0.193597 0.193597 0 15
1 0.151691 0.151691 0.151691 0 15

98 0.283142 0.283142 0.480933 0.197791 15
1 0.0404007 0.0404007 0.202004 0.161603 3
1 0.193597 0.193597 0.193597 0 15
1 0.0505636 0.0505636 0.151691 0.101127 15

98 0.280161 0.280161 0.494073 0.213912 18
1 0.0505009 0.0505009 0.202004 0.151503 3
1 0.0967984 0.0967984 0.18893 0.0921313 15
1 0.0505636 0.0505636 0.151691 0.101127 15

98 0.275806 0.275806 0.510075 0.234269 15
1 0.0673346 0.0673346 0.202004 0.134669 3
1 0.0967984 0.0967984 0.18893 0.0921313 15
1 0.0758453 0.0758453 0.151691 0.0758453 15

98 0.281644 0.281644 0.505931 0.224288 15
1 0.0673346 0.0673346 0.202004 0.134669 3
1 0.0483992 0.0483992 0.186596 0.138197 15
1 0.0505636 0.0505636 0.151691 0.101127 15

98 0.286186 0.286186 0.513986 0.2278 15
1 0.0404007 0.0404007 0.202004 0.161603 3
1 0.0645323 0.0645323 0.187374 0.122842 15
1 0.0505636 0.0505636 0.151691 0.101127 15

98 0.284656 0.284656 0.517185 0.23253 15
1 0.101002 0.101002 0.202004 0.101002 3
1 0.0645323 0.0645323 0.187374 0.122842 15
1 0.0505636 0.0505636 0.151691 0.101127 15

98 0.275806 0.275806 0.493963 0.218157 15
1 0.0505009 0.0505009 0.202004 0.151503 3
1 0.0645323 0.0645323 0.187374 0.122842 15
1 0.151691 0.151691 0.151691 0 15

98 0.281644 0.281644 0.520885 0.239242 15
1 0.0505009 0.0505009 0.202004 0.151503 3
1 0.0967984 0.0967984 0.18893 0.0921313 15
1 0.0758453 0.0758453 0.151691 0.0758453 15

98 0.278694 0.278694 0.490745 0.212051 15
1 0.101002 0.101002 0.202004 0.101002 3
1 0.0387194 0.0387194 0.186129 0.14741 15
1 0.0758453 0.0758453 0.151691 0.0758453 15

98 0.277243 0.277243 0.501624 0.224381 15
1 0.101002 0.101002 0.202004 0.101002 3
1 0.0483992 0.0483992 0.186596 0.138197 15
1 0.0758453 0.0758453 0.151691 0.0758453 15

98 0.275806 0.275806 0.505998 0.230192 15
1 0.0673346 0.0673346 0.202004 0.134669 3
1 0.0967984 0.0967984 0.18893 0.0921313 15
1 0.0758453 0.0758453 0.151691 0.0758453 15

98 0.281644 0.281644 0.500291 0.218648 15
1 0.0505009 0.0505009 0.202004 0.151503 3
1 0.0967984 0.0967984 0.18893 0.0921313 15
1 0.0303381 0.0303381 0.151691 0.121353 15

98 0.271585 0.271585 0.479409 0.207824 15
1 0.202004 0.202004 0.202004 0 3
1 0.193597 0.193597 0.193597 0 15
1 0.0758453 0.0758453 0.151691 0.0758453 15

98 0.278694 0.278694 0.506742 0.228047 15
1 0.295195 0.295195 0.295195 0 15
1 0.202004 0.202004 0.202004 0 3
1 0.0967984 0.0967984 0.18893 0.0921313 15

98 0.277243 0.277243 0.520615 0.243372 15
1 0.101002 0.101002 0.202004 0.101002 3
1 0.147598 0.147598 0.195238 0.0476408 15
1 0.0967984 0.0967984 0.18893 0.0921313 15

98 0.283142 0.283142 0.503698 0.220556 15
1 0.295195 0.295195 0.295195 0 15
1 0.0673346 0.0673346 0.202004 0.134669 3
1 0.193597 0.193597 0.193597 0 15

98 0.277243 0.277243 0.496381 0.219138 15
1 0.295195 0.295195 0.295195 0 15
1 0.0673346 0.0673346 0.202004 0.134669 3
1 0.193597 0.193597 0.193597 0 15

98 0.278694 0.278694 0.504971 0.226276 15
1 0.295195 0.295195 0.295195 0 15
1 0.101002 0.101002 0.202004 0.101002 3
1 0.0645323 0.0645323 0.187374 0.122842 15

98 0.277243 0.277243 0.506587 0.229344 15
1 0.295195 0.295195 0.295195 0 15
1 0.202004 0.202004 0.202004 0 3
1 0.0645323 0.0645323 0.187374 0.122842 15

98 0.274385 0.274385 0.507767 0.233382 15
1 0.295195 0.295195 0.295195 0 15
1 0.0673346 0.0673346 0.202004 0.134669 3
1 0.193597 0.193597 0.193597 0 15

98 0.272978 0.272978 0.484946 0.211969 15
1 0.295195 0.295195 0.295195 0 15
1 0.101002 0.101002 0.202004 0.101002 3
1 0.0967984 0.0967984 0.18893 0.0921313 15

98 0.281644 0.281644 0.496895 0.215251 15
1 0.147598 0.147598 0.202978 0.0553798 15
1 0.101002 0.101002 0.202004 0.101002 3
1 0.0645323 0.0645323 0.187374 0.122842 15

96 0.364593 0.364593 0.491722 0.127128 15
1 0.384114 0.384114 0.384114 0 15
1 0.298392 0.298392 0.298392 0 3
1 0.00745499 0.00745499 0.292004 0.284549 15
1 0.0673346 0.0673346 0.202004 0.134669 3
1 0.0967984 0.0967984 0.18893 0.0921313 15

97 0.367108 0.367108 0.515602 0.148494 15
1 0.196346 0.196346 0.392692 0.196346 3
1 0.00817264 0.00817264 0.36678 0.358608 15
1 0.298392 0.298392 0.298392 0 3
1 0.101002 0.101002 0.202004 0.101002 3

97 0.359666 0.359666 0.507983 0.148316 15
1 0.00818108 0.00818108 0.390761 0.38258 3
1 0.384114 0.384114 0.384114 0 15
1 0.298392 0.298392 0.298392 0 3
1 0.202004 0.202004 0.202004 0 3

97 0.364593 0.364593 0.492425 0.127831 15
1 0.00876848 0.00876848 0.389822 0.381053 3
1 0.192057 0.192057 0.384114 0.192057 15
1 0.298392 0.298392 0.298392 0 3
1 0.101002 0.101002 0.202004 0.101002 3

96 0.347913 0.347913 0.507387 0.159474 15
1 0.0109952 0.0109952 0.386237 0.375242 3
1 0.192057 0.192057 0.384114 0.192057 15
1 0.298392 0.298392 0.298392 0 3
1 0.0673346 0.0673346 0.202004 0.134669 3
1 0.161829 0.161829 0.161829 0 3

96 0.359666 0.359666 0.50736 0.147694 15
1 0.19627 0.19627 0.388327 0.192057 15
1 0.00966384 0.00966384 0.384523 0.37486 3
1 0.298392 0.298392 0.298392 0 3
1 0.101002 0.101002 0.202004 0.101002 3
1 0.184263 0.184263 0.184263 0 15

96 0.357253 0.357253 0.499094 0.141841 15
1 0.199734 0.199734 0.397843 0.198109 3
1 0.00892135 0.00892135 0.388016 0.379095 15
1 0.298392 0.298392 0.298392 0 3
1 0.101002 0.101002 0.202004 0.101002 3
1 0.184263 0.184263 0.184263 0 15

96 0.380219 0.380219 0.504842 0.124623 15
1 0.00768964 0.00768964 0.399271 0.391581 3
1 0.39254 0.39254 0.39254 0 15
1 0.298392 0.298392 0.298392 0 3
1 0.202004 0.202004 0.202004 0 3
1 0.0921313 0.0921313 0.184263 0.0921313 15

97 0.362113 0.362113 0.499924 0.137811 15
1 0.00894864 0.00894864 0.399924 0.390975 3
1 0.39254 0.39254 0.39254 0 15
1 0.149196 0.149196 0.265583 0.116387 3
1 0.202004 0.202004 0.202004 0 3

96 0.354871 0.354871 0.502744 0.147873 15
1 0.00915202 0.00915202 0.393592 0.38444 3
1 0.19627 0.19627 0.39254 0.19627 15
1 0.298392 0.298392 0.298392 0 3
1 0.202004 0.202004 0.202004 0 3
1 0.184263 0.184263 0.184263 0 15

96 0.369657 0.369657 0.508295 0.138637 15
1 0.00856799 0.00856799 0.396129 0.387561 3
1 0.19627 0.19627 0.39254 0.19627 15
1 0.298392 0.298392 0.298392 0 3
1 0.202004 0.202004 0.202004 0 3
1 0.184263 0.184263 0.184263 0 15

96 0.372242 0.372242 0.496602 0.12436 1.5
1 0.39254 0.39254 0.39254 0 15
1 0.00952313 0.00952313 0.389419 0.379896 3
1 0.298392 0.298392 0.298392 0 3
1 0.0673346 0.0673346 0.202004 0.134669 3
1 0.184263 0.184263 0.184263 0 15

100 0.266153 0.266153 0.337693 0.0715394 15
1 0 0 0 0 1.5

99 0.267491 0.267491 0.389986 0.122496 1.5
1 0.0921313 0.0921313 0.167977 0.0758453 15

100 0.266153 0.266153 0.35712 0.0909673 15

99 0.275806 0.275806 0.493469 0.217662 15
1 0.0673346 0.0673346 0.202004 0.134669 3
1 0.0758453 0.0758453 0.151691 0.0758453 15

98 0.374864 0.374864 0.505218 0.130354 15
1 0.00395589 0.00395589 0.202075 0.198119 3
1 0.0614209 0.0614209 0.184263 0.122842 15
1 0.0505636 0.0505636 0.151691 0.101127 15

