5 1 0.151691 0.151691 0.151691 0 12
1 1 0 0 0 0 0
2 1 0 0 0 0 12
3 1 0 0 0 0 12
4 1 0 0 0 0 12

5 96 0.00158011 0.000308557 0.00153701 0.000161512 12
1 1 0 0 0 0 0
2 1 0 0 0 0 12
3 1 0 0 0 0 12
4 1 0 0 0 0 12

6 1 0.151691 0.151691 0.151691 0 15
7 1 0.151691 0.151691 0.151691 0 15
5 32 0.000806865 0.000806865 0.00454477 0.00373791 12
1 1 0 0 0 0 0
2 1 0 0 0 0 12
3 1 0 0 0 0 12
4 1 0 0 0 0 12

5 19 0.00433402 0.00433402 0.00798372 0.0036497 12
7 19 0.0033709 0.0033709 0.00798372 0.00461282 15
10 2 0.0758453 0.0758453 0.0758453 0 15
14 1 0.151691 0.151691 0.151691 0 18
6 18 0.0033709 0.0033709 0.00818683 0.00481592 1.5
9 1 0.0391721 0.0391721 0.0391721 0 15
1 1 0 0 0 0 0
2 1 0 0 0 0 12
3 1 0 0 0 0 12
4 1 0 0 0 0 12
8 1 0 0 0 0 15
11 1 0 0 0 0 3
12 1 0 0 0 0 15
13 1 0 0 0 0 15

7 22 0.00344752 0.00344752 0.00689503 0.00344752 15
14 13 0.0116685 0.0105306 0.011581 0.000303229 18
5 21 0.00463119 0.00244662 0.00711798 0.00459096 1.5
10 13 0.0116685 0.00880126 0.011448 0.000764034 15
6 11 0.00421363 0.00421363 0.00736507 0.00315144 15

7 33 0.00448647 0.00237017 0.00454052 0.0021036 15
14 33 0.00433402 0.00391135 0.00453331 0.000265448 18
5 32 0.00187272 0.00187272 0.00445867 0.00258594 18

5 11 0.0137901 0.0137901 0.0137901 0 12
15 1 0.151691 0.151691 0.151691 0 18
16 11 0.0137901 0.0137901 0.0137901 0 12
17 2 0.0758453 0.0758453 0.0758453 0 15
18 7 0.0216701 0.0216701 0.0216701 3.46945e-18 15
7 10 0.00312102 0.00164881 0.0151072 0.0130341 15
14 10 0.0023337 0.0023337 0.0150216 0.0126879 18
22 3 0.0483744 0.0483744 0.0483744 0 18
21 1 0.11525 0.11525 0.11525 0 18
20 2 0.0344642 0.0195861 0.0270251 0.00743906 15
19 1 0.000917339 0.000917339 0.00183468 0.000917339 18
23 1 0 0 0 0 15

30 1 0.171452 0.171452 0.171452 0 18
5 10 0.00574268 0.00303381 0.0157977 0.0112173 1.5
18 9 0.00632045 0.00632045 0.0168545 0.0105341 15
17 9 0.00798372 0.00798372 0.0168545 0.0088708 15
7 9 0.010835 0.010835 0.0168545 0.00601947 15
15 7 0.0216701 0.0216701 0.0216701 3.46945e-18 18
14 9 0.00798372 0.00798372 0.0167027 0.00871899 18
16 5 0.0303381 0.0254873 0.029368 0.00194033 12
22 9 0.0145123 0.0145123 0.0161248 0.00161248 18
21 1 0.11525 0.11525 0.11525 0 18
20 2 0.0344642 0.0195861 0.0270251 0.00743906 15
19 1 0.00183468 0.00183468 0.00183468 0 18
27 1 3.65865e-06 3.65865e-06 3.65865e-06 0 15
23 1 0 0 0 0 15
24 1 0 0 0 0 15
25 1 0 0 0 0 12
26 1 0 0 0 0 15
28 1 0 0 0 0 12
29 1 0 0 0 0 15

30 38 0.0113194 0 0.00477131 0.00266808 18
5 42 0.00121597 0.00107582 0.00324095 0.0021619 15

31 1 0.171452 0.171452 0.171452 0 18
30 12 0.0036764 0.00245413 0.0138433 0.0112923 18
32 11 0.0126409 0.0126409 0.0137901 0.00114917 15
34 11 0.0126409 0.0126409 0.0137901 0.00114917 18
33 10 0.0151691 0.0151691 0.0151691 0 15
35 2 0.0758453 0.0758453 0.0758453 0 12
36 10 0.0151691 0.0151691 0.0151691 0 18
5 11 0.010835 0.010835 0.0137901 0.00295501 15
38 1 0.124024 0.124024 0.124024 0 18
37 1 3.65865e-06 3.65865e-06 3.65865e-06 0 15

31 15 0.00915189 0.00610923 0.0139397 0.00749648 18
34 10 0.00689503 0.00689503 0.0151691 0.00827404 18
33 10 0.00632045 0.00632045 0.0151691 0.00884862 15
36 10 0.00842726 0.00842726 0.0151691 0.00674181 18
35 10 0.0101127 0.0101127 0.0151691 0.00505636 12
5 10 0.0101127 0.0101127 0.0151691 0.00505636 15
32 10 0.00722337 0.00722337 0.015034 0.00781063 12
42 1 0.145123 0.145123 0.145123 0 18
38 1 0.124024 0.124024 0.124024 0 18
44 1 0.00456122 0.00456122 0.00456122 0 3
39 1 5.19374e-06 5.19374e-06 5.19374e-06 0 18
37 1 3.65865e-06 3.65865e-06 3.65865e-06 0 15
40 1 0 0 0 0 3
41 1 0 0 0 0 15
43 1 0 0 0 0 12

31 12 0.00935084 0.00624204 0.0185444 0.0113611 1.5
46 1 0.171452 0.171452 0.171452 0 18
5 8 0.0101127 0.0101127 0.0189613 0.00884862 15
32 6 0.0252818 0.0252818 0.0252818 0 15
45 3 0.0505636 0.0505636 0.0505636 0 18
35 8 0.00583426 0.00583426 0.0189613 0.0131271 12
36 8 0.00541752 0.00541752 0.0188939 0.0134763 18
34 8 0.00883059 0.00842726 0.0188532 0.0103764 18
33 8 0.00489325 0.00489325 0.0185874 0.0136942 15
42 1 0.145123 0.145123 0.145123 0 18
38 1 0.124024 0.124024 0.124024 0 18
44 1 0.00456122 0.00456122 0.00456122 0 3
39 1 5.19374e-06 5.19374e-06 5.19374e-06 0 18
37 1 3.65865e-06 3.65865e-06 3.65865e-06 0 15
40 1 0 0 0 0 3
41 1 0 0 0 0 15
43 1 0 0 0 0 12

31 100 0.00253023 0.000892298 0.00158361 0.000651793 1.5

31 100 0.0021615 0.000762265 0.0018272 0.000824823 18
47 1 7.8383e-27 7.8383e-27 7.8383e-27 0 1.5

31 51 0.00441744 0.0023337 0.00438391 0.000760196 1.33333
47 48 0.00316278 0.00126068 0.00432752 0.00228329 18

31 61 0.00226389 0.00151123 0.00425932 0.00234595 18
47 9 0.0319038 0 0.0177251 0.0158523 1.5

31 56 0.00265518 0.00265518 0.00559736 0.00294218 1.33333
47 8 0.0537673 1.41706e-06 0.0295622 0.0248442 18

31 100 0.00294004 0.00263889 0.00344916 0.000807817 18
47 1 0 0 0 0 1.5

47 8 0.0537673 0.0537673 0.0537673 6.93889e-18 18
31 47 0.00248304 0.0022287 0.00825708 0.00602175 18

48 32 0.0110292 0.0110292 0.0134418 0.00241264 18
31 32 0.00754629 0.00754629 0.0134418 0.00589554 18
47 24 0.0087132 0.0078207 0.0136974 0.00583312 18
50 2 0.0758453 0.0758453 0.0758453 0 18
51 1 2.99224e-05 2.99224e-05 2.99224e-05 0 18
49 1 1.13365e-05 1.13365e-05 1.13365e-05 0 18

47 30 0.014338 0.014338 0.014338 3.46945e-18 18
31 30 0.00693772 0.00693772 0.0141675 0.00722975 18
48 25 0.00570507 0.0051207 0.0141479 0.0089988 18
50 2 0.0758453 0.0758453 0.0758453 0 18
52 1 0.00328303 0.00328303 0.019661 0.0163779 6
51 1 9.97415e-06 9.97415e-06 2.99224e-05 1.99483e-05 18
49 1 2.26729e-06 2.26729e-06 1.13365e-05 9.06918e-06 18

31 30 0.00693772 0.00693772 0.014338 0.00740023 18
48 28 0.0153621 0.00640042 0.015042 0.00166308 18
47 26 0.00532473 0.00477932 0.0140678 0.0092629 18
50 3 0.0505636 0.0505636 0.0505636 0 18
52 1 0.00984908 0.00984908 0.0196972 0.00984816 6
51 1 1.49612e-05 1.49612e-05 2.99224e-05 1.49612e-05 18
49 1 3.77882e-06 3.77882e-06 1.13365e-05 7.55765e-06 18

47 25 0.014338 0.014338 0.0172055 0.00286759 18
48 25 0.00589231 0.00589231 0.0167805 0.0108882 18
31 22 0.00606615 0.00544479 0.016676 0.0111898 18
53 1 0.274818 0.274818 0.274818 0 15
50 3 0.0505636 0.0505636 0.0505636 0 18
52 1 0.0196982 0.0196982 0.0196982 0 6
51 1 1.49612e-05 1.49612e-05 2.99224e-05 1.49612e-05 18
49 1 1.13365e-05 1.13365e-05 1.13365e-05 0 18

31 24 0.0134418 0.0134418 0.0178801 0.00443823 18
48 24 0.00741618 0.00741618 0.0176854 0.0102692 18
47 19 0.00656474 0.00589231 0.0180764 0.0121322 1.5
53 1 0.274818 0.274818 0.274818 0 15
50 6 0.0252818 0.0252818 0.0252818 0 18
55 1 0.107263 0.107263 0.107263 0 12
52 1 0.00393964 0.00393964 0.0196954 0.0157558 6
54 1 0.0118764 0.0118764 0.0118764 0 15
51 1 2.99224e-05 2.99224e-05 2.99224e-05 0 18
49 1 1.13365e-05 1.13365e-05 1.13365e-05 0 18

48 37 0.00745767 0.00741618 0.0112606 0.00384334 18
31 33 0.00638968 0.00573518 0.0111934 0.00540132 18
47 28 0.00935084 0.00935084 0.0111185 0.00176771 18

47 28 0.0148324 0.0148324 0.0153621 0.000529727 18
31 28 0.00896122 0.00896122 0.0153286 0.00636739 18
48 24 0.00416718 0.00374034 0.0157897 0.011951 18
59 1 0.151691 0.151691 0.151691 0 18
57 1 0.121657 0.121657 0.121657 0 12
58 1 0.00984906 0.00984906 0.0196972 0.00984816 6
56 1 1.49612e-05 1.49612e-05 2.45738e-05 9.61258e-06 15

48 16 0.0270341 0.0268837 0.0269025 4.97387e-05 18
31 27 0.00754629 0.00754629 0.0159134 0.00836712 18
47 24 0.00484066 0.00434483 0.0159925 0.0114638 18
59 4 0.0379227 0.0379227 0.0379227 0 18
57 1 0.121657 0.121657 0.121657 0 12
58 1 0.00984906 0.00984906 0.0196963 0.00984728 6
56 1 7.48061e-06 7.48061e-06 2.99224e-05 2.24418e-05 18
60 1 1.13365e-05 1.13365e-05 1.13365e-05 0 18

47 6 0.0716898 0.0716898 0.0716898 0 18
31 30 0.00768105 0.00768105 0.014338 0.00665691 18
48 26 0.00479226 0.00442291 0.0144755 0.00994039 1.5
59 7 0.0216701 0.0216701 0.0216701 3.46945e-18 18
58 1 0.00984906 0.00984906 0.0196972 0.00984816 6
56 1 9.97415e-06 9.97415e-06 2.99224e-05 1.99483e-05 18
60 1 1.13365e-05 1.13365e-05 1.13365e-05 0 18

31 48 0.00632557 0.00632557 0.00896122 0.00263565 18
47 42 0.00526622 0.0047268 0.00906421 0.0041582 15
48 9 0.0116685 2.30173e-06 0.00924467 0.00454961 18

65 1 0.442291 0.442291 0.442291 0 15
61 19 0.0229152 0.00602179 0.0217934 0.00371836 15
31 23 0.00294004 0.00271344 0.0173889 0.014528 18
47 2 0.191121 0.0572196 0.124171 0.0669509 15
62 8 0.0189613 0.0189613 0.0189613 3.46945e-18 18
63 1 0.0196981 0.0196981 0.0196981 0 6
64 1 1.49612e-05 1.49612e-05 2.99224e-05 1.49612e-05 18
48 1 3.77882e-06 3.77882e-06 1.13365e-05 7.55765e-06 18

61 31 0.00713372 0.00693772 0.0136493 0.00659735 15
65 26 0.00614392 0.00614392 0.0138602 0.00771626 15
67 1 0.254773 0.254773 0.254773 0 15
62 9 0.0168545 0.0168545 0.0168545 0 18
66 1 0.142078 0.142078 0.142078 0 15
63 1 0.0196981 0.0196981 0.0196981 0 6
64 1 1.49612e-05 1.49612e-05 2.99224e-05 1.49612e-05 18
48 1 5.66824e-06 5.66824e-06 1.13365e-05 5.66824e-06 18

61 28 0.003498 0.003498 0.0146924 0.0111944 15
67 10 0.0428448 0.010903 0.0257566 0.00716422 15
65 1 0.254773 0.254773 0.254773 0 15
62 10 0.0151691 0.0151691 0.0151691 0 18
68 1 0.151691 0.151691 0.151691 0 15
66 1 0.142078 0.142078 0.142078 0 15
64 2 0.0753703 1.49612e-05 0.0376926 0.0376777 15
63 1 0.00499257 0.00499257 0.0196607 0.0146681 3
48 1 2.26729e-06 2.26729e-06 1.13365e-05 9.06918e-06 18

61 24 0.00704744 0.00704744 0.0168905 0.00984304 15
67 16 0.017852 0.0106155 0.0169006 0.00568024 21
70 1 0.254773 0.254773 0.254773 0 15
65 14 0.0159233 0.0159233 0.0177742 0.0018509 18
68 9 0.0101127 0.0101127 0.0168545 0.00674181 15
62 9 0.00722337 0.00722337 0.0168545 0.00963115 18
66 1 0.142078 0.142078 0.142078 0 15
64 1 0.0301481 0.0301481 0.0301678 1.9659e-05 15
63 1 0.0199703 0.0199703 0.0199703 0 3
48 1 5.66824e-06 5.66824e-06 1.13365e-05 5.66824e-06 15
69 1 1.13365e-05 1.13365e-05 1.13365e-05 0 15

72 1 1.40768 1.40768 1.40768 0 15
61 11 0.00812247 0.00812247 0.0335549 0.0254324 1.5
67 8 0.0138209 0.00821848 0.0354195 0.0231267 15
70 8 0.0199888 0.0127386 0.0327529 0.0192578 15
65 7 0.00849243 0.00849243 0.0359759 0.0274834 15
66 3 0.14986 0.0102522 0.0691573 0.0590421 15
68 4 0.0151691 0.0151691 0.0379227 0.0227536 15
62 4 0.0151691 0.0151691 0.0379227 0.0227536 18
64 2 0.0753703 9.61258e-06 0.0376899 0.0376803 15
63 1 0.0199703 0.0199703 0.0199703 0 3
71 1 0.00614368 0.00614368 0.018416 0.0122723 3
48 1 5.66824e-06 5.66824e-06 1.13365e-05 5.66824e-06 15
69 1 1.88941e-06 1.88941e-06 1.13365e-05 9.44706e-06 15

72 68 0.0482037 0 0.0176433 0.00839657 15
61 20 0.00570507 0.00570507 0.0153475 0.00964243 15

72 60 0.028598 0.00902358 0.0190723 0.0098819 15
61 22 0.021783 0.021783 0.021783 0 15
76 1 0.151691 0.151691 0.151691 0 15
74 3 0.0356421 0.0356421 0.0356421 0 3
75 1 5.86787e-05 5.86787e-05 5.86787e-05 0 15
73 1 2.26729e-06 2.26729e-06 1.13365e-05 9.06918e-06 15

72 65 0.0307675 0.00970813 0.0211485 0.0110385 15
61 22 0.0154589 0.0154589 0.0216779 0.00621903 15
76 2 0.0758453 0.0758453 0.0758453 0 15
74 3 0.0356421 0.0356421 0.0356421 0 3
75 1 2.93393e-05 2.93393e-05 5.86787e-05 2.93393e-05 15
73 1 2.26729e-06 2.26729e-06 1.13365e-05 9.06918e-06 15

72 66 0.0288511 0.0089661 0.0227146 0.0121291 18
61 21 0.021783 0.021783 0.0228203 0.00103729 15
76 3 0.0505636 0.0505636 0.0505636 0 15
74 4 0.0267316 0.0267316 0.0267316 0 3
77 1 0.000769108 0.000769108 0.000769108 0 15
75 1 1.46697e-05 1.46697e-05 5.86787e-05 4.4009e-05 15
73 1 3.77882e-06 3.77882e-06 1.13365e-05 7.55765e-06 15

72 67 0.029036 0.00902358 0.0266461 0.0125967 15
61 18 0.019169 0.019169 0.0266237 0.00745462 15
76 4 0.0379227 0.0379227 0.0379227 0 15
74 4 0.0213852 0.0213852 0.0267316 0.00534631 3
78 1 0.0709739 0.0709739 0.0709739 0 18
75 1 0.0494743 0.0494743 0.0495134 3.91191e-05 15
77 1 0.000384554 0.000384554 0.000671719 0.000287165 15
73 1 1.13365e-05 1.13365e-05 1.13365e-05 0 15

72 70 0.0283101 0.0192111 0.0339062 0.0103711 15
61 14 0.0252224 0.0252224 0.0342304 0.009008 15
76 4 0.0379227 0.0379227 0.0379227 0 15
79 1 0.151691 0.151691 0.151691 0 15
74 3 0.0152752 0.0152752 0.0356421 0.0203669 3
75 2 0.0742114 6.41866e-05 0.0371378 0.0370736 21
80 1 0.0199703 0.0199703 0.0199703 0 3
77 1 0.000769108 0.000769108 0.000769108 0 15
73 1 5.66824e-06 5.66824e-06 1.13365e-05 5.66824e-06 15

72 78 0.0298013 0.020987 0.0453656 0.0188087 21
61 10 0.0281898 0.0281898 0.0479226 0.0197328 15
76 3 0.0303381 0.0303381 0.0505636 0.0202254 15
79 1 0.151691 0.151691 0.151691 0 15
74 1 0.0267316 0.0267316 0.0894334 0.0627019 3
75 1 0.0742114 0.0742114 0.0742756 6.41866e-05 21
80 1 0.0199703 0.0199703 0.0199703 0 3
77 1 0.000769108 0.000769108 0.000769108 0 15
73 1 5.66824e-06 5.66824e-06 7.21623e-06 1.54799e-06 18

72 78 0.0287495 0.0262429 0.0502182 0.023832 18
61 9 0.0479226 0.0479226 0.0532473 0.00532473 15
76 3 0.0505636 0.0505636 0.0505636 0 15
79 1 0.151691 0.151691 0.151691 0 15
81 1 0.134607 0.134607 0.134607 0 18
75 1 0.0742114 0.0742114 0.0743347 0.000123273 18
74 1 0.0267316 0.0267316 0.0540631 0.0273315 6
80 1 0.0199703 0.0199703 0.0199703 0 3
77 1 0.000769108 0.000769108 0.000769108 0 15
73 1 2.83412e-06 2.83412e-06 5.82719e-06 2.99307e-06 18

72 79 0.0280886 0.0256396 0.0525047 0.0266272 18
61 9 0.0532473 0.0532473 0.0532473 6.93889e-18 15
76 2 0.0505636 0.0505636 0.0758453 0.0252818 15
79 1 0.151691 0.151691 0.151691 0 15
81 1 0.134607 0.134607 0.134607 0 18
74 1 0.106926 0.106926 0.106926 0 3
75 1 0.0494743 0.0494743 0.0496386 0.000164364 18
80 1 0.0199703 0.0199703 0.0199703 0 3
77 1 0.000769108 0.000769108 0.000769108 0 15
73 1 3.77882e-06 3.77882e-06 6.44409e-06 2.66526e-06 18

72 77 0.0276125 0.0255911 0.0537884 0.0281466 18
61 8 0.0532473 0.0532473 0.0599032 0.00665591 15
76 2 0.0505636 0.0505636 0.0758453 0.0252818 18
79 1 0.151691 0.151691 0.151691 0 15
75 1 0.148423 0.148423 0.148423 0 18
81 1 0.134607 0.134607 0.134607 0 18
74 1 0.106926 0.106926 0.106926 0 3
80 1 0.0199703 0.0199703 0.0199703 0 3
77 1 0.000769108 0.000769108 0.000769108 0 15
73 1 5.66824e-06 5.66824e-06 7.65649e-06 1.98825e-06 15

72 78 0.0285813 0.026489 0.0550969 0.0285044 18
61 8 0.0599032 0.0599032 0.0599032 1.38778e-17 15
76 2 0.0505636 0.0505636 0.0758453 0.0252818 15
79 1 0.151691 0.151691 0.151691 0 15
75 1 0.148423 0.148423 0.148423 0 18
81 2 0.0673034 0.0670725 0.067188 0.000115467 18
74 1 0.0356421 0.0356421 0.0602788 0.0246367 6
80 1 0.0199703 0.0199703 0.0199703 0 3
77 1 0.000769108 0.000769108 0.000769108 0 15
73 1 3.77882e-06 3.77882e-06 6.42983e-06 2.651e-06 18

72 79 0.0282509 0.0261828 0.0539811 0.0275451 18
61 8 0.0599032 0.0599032 0.0599032 1.38778e-17 15
76 2 0.0505636 0.0505636 0.0758453 0.0252818 15
79 1 0.151691 0.151691 0.151691 0 15
81 2 0.0673034 0.0670725 0.067188 0.000115467 18
74 1 0.106926 0.106926 0.106926 0 3
75 1 0.0371057 0.0371057 0.0372911 0.000185361 18
80 1 0.0199703 0.0199703 0.0199703 0 3
77 1 0.000769108 0.000769108 0.000769108 0 15
73 1 5.66824e-06 5.66824e-06 7.65649e-06 1.98825e-06 15

72 78 0.0280886 0.0260323 0.053416 0.0269232 18
61 8 0.0599032 0.0599032 0.0599032 1.38778e-17 15
76 2 0.0379227 0.0379227 0.0758453 0.0379227 15
79 1 0.151691 0.151691 0.151691 0 15
75 1 0.148423 0.148423 0.148423 0 18
81 2 0.0673034 0.0670725 0.067188 0.000115467 18
74 1 0.0534631 0.0534631 0.0719406 0.0184775 3
80 1 0.0199703 0.0199703 0.0199703 0 3
77 1 0.000769108 0.000769108 0.000769108 0 15
73 1 3.77882e-06 3.77882e-06 6.42983e-06 2.651e-06 18

72 79 0.0287495 0.0266448 0.0538393 0.0262563 18
61 8 0.0599032 0.0599032 0.0599032 1.38778e-17 15
76 2 0.0379227 0.0379227 0.0758453 0.0379227 18
79 1 0.151691 0.151691 0.151691 0 15
75 1 0.148423 0.148423 0.148423 0 18
81 1 0.044869 0.044869 0.0912419 0.0463729 18
74 1 0.0356421 0.0356421 0.0586856 0.0230435 3
80 1 0.0199703 0.0199703 0.0199703 0 3
77 1 0.000384554 0.000384554 0.000581357 0.000196803 15
73 1 3.77882e-06 3.77882e-06 6.42983e-06 2.651e-06 18

72 80 0.0290917 0.026962 0.0559381 0.0269569 18
61 8 0.0599032 0.0599032 0.0599032 1.38778e-17 15
76 2 0.0303381 0.0303381 0.0758453 0.0455072 18
79 1 0.151691 0.151691 0.151691 0 15
81 2 0.0729343 0.0673034 0.0701189 0.00281543 18
74 1 0.0356421 0.0356421 0.0594822 0.0238401 3
75 1 0.0494743 0.0494743 0.0496366 0.000162376 18
80 1 0.0199703 0.0199703 0.0199703 0 3
77 1 0.000769108 0.000769108 0.000769108 0 15
73 1 2.83412e-06 2.83412e-06 5.82719e-06 2.99307e-06 18

72 80 0.0276125 0.0276125 0.056108 0.0284955 18
61 8 0.0599032 0.0599032 0.0599032 1.38778e-17 15
76 2 0.0758453 0.0758453 0.0758453 0 15
79 1 0.151691 0.151691 0.151691 0 15
81 2 0.0729343 0.0673034 0.0701189 0.00281543 18
74 1 0.0534631 0.0534631 0.0707457 0.0172826 3
75 1 0.0494743 0.0494743 0.0496366 0.000162376 18
80 1 0.0199703 0.0199703 0.0199703 0 3
77 1 0.000769108 0.000769108 0.000769108 0 15
73 1 1.13365e-05 1.13365e-05 1.13365e-05 0 15

72 81 0.0287495 0.0287495 0.0564887 0.0277393 18
61 8 0.0599032 0.0599032 0.0599032 1.38778e-17 15
76 2 0.0758453 0.0758453 0.0758453 0 15
79 1 0.151691 0.151691 0.151691 0 15
81 2 0.0729343 0.0673034 0.0701189 0.00281543 18
74 1 0.0534631 0.0534631 0.0707457 0.0172826 3
75 1 0.0494743 0.0494743 0.0496343 0.000159987 18
80 1 0.0199703 0.0199703 0.0199703 0 3
77 1 0.000769108 0.000769108 0.000769108 0 15
82 1 0.000561913 0.000561913 0.000561913 0 12
73 1 1.6195e-06 1.6195e-06 5.0646e-06 3.44511e-06 18

72 80 0.0282509 0.0282509 0.0559322 0.0276813 18
61 8 0.0599032 0.0599032 0.0599032 1.38778e-17 15
76 2 0.0379227 0.0379227 0.0758453 0.0379227 18
79 1 0.151691 0.151691 0.151691 0 15
81 2 0.0729343 0.0673034 0.0701189 0.00281543 18
74 1 0.106926 0.106926 0.106926 0 3
75 1 0.0494743 0.0494743 0.0496343 0.000159987 18
80 1 0.0199703 0.0199703 0.0199703 0 3
77 1 0.000769108 0.000769108 0.000769108 0 15
82 1 0.000561913 0.000561913 0.000561913 0 12
73 1 2.26729e-06 2.26729e-06 5.48273e-06 3.21543e-06 18

72 80 0.0277694 0.0277694 0.0564058 0.0286364 18
61 8 0.0599032 0.0599032 0.0599032 1.38778e-17 15
76 2 0.0505636 0.0505636 0.0758453 0.0252818 15
79 1 0.151691 0.151691 0.151691 0 15
81 2 0.0729343 0.0673034 0.0701189 0.00281543 18
74 1 0.106926 0.106926 0.106926 0 3
75 1 0.0742114 0.0742114 0.0743314 0.000119991 18
80 1 0.0199703 0.0199703 0.0199703 0 3
77 1 0.000769108 0.000769108 0.000769108 0 15
82 1 0.000561913 0.000561913 0.000561913 0 12
73 1 3.77882e-06 3.77882e-06 6.45835e-06 2.67953e-06 15

72 80 0.027928 0.027928 0.0575525 0.0296244 18
61 8 0.0599032 0.0599032 0.0599032 1.38778e-17 15
76 2 0.0758453 0.0758453 0.0758453 0 15
79 1 0.151691 0.151691 0.151691 0 15
81 2 0.0729343 0.0673034 0.0701189 0.00281543 18
74 1 0.106926 0.106926 0.106926 0 3
75 1 0.0494743 0.0494743 0.0496343 0.000159987 18
80 1 0.0199703 0.0199703 0.0199703 0 3
77 1 0.000769108 0.000769108 0.000769108 0 15
82 1 0.000561913 0.000561913 0.000561913 0 12
73 1 2.83412e-06 2.83412e-06 5.84859e-06 3.01447e-06 18

72 79 0.0277694 0.0277694 0.0549343 0.027165 18
61 8 0.0599032 0.0599032 0.0599032 1.38778e-17 15
76 2 0.0758453 0.0758453 0.0758453 0 15
79 1 0.151691 0.151691 0.151691 0 15
75 1 0.148423 0.148423 0.148423 0 18
81 2 0.0729343 0.0673034 0.0701189 0.00281543 18
74 1 0.0267316 0.0267316 0.0526555 0.0259239 6
80 1 0.0199703 0.0199703 0.0199703 0 3
77 1 0.000769108 0.000769108 0.000769108 0 15
82 1 0.000561913 0.000561913 0.000561913 0 12
73 1 5.66824e-06 5.66824e-06 7.67788e-06 2.00965e-06 15

72 81 0.0282509 0.0282509 0.0565788 0.0283279 18
61 8 0.0599032 0.0599032 0.0599032 1.38778e-17 15
76 2 0.0505636 0.0505636 0.0758453 0.0252818 18
79 1 0.151691 0.151691 0.151691 0 15
81 2 0.0729343 0.0673034 0.0701189 0.00281543 18
74 1 0.0534631 0.0534631 0.0707457 0.0172826 6
75 1 0.0371057 0.0371057 0.0372857 0.000179986 18
80 1 0.0199703 0.0199703 0.0199703 0 3
77 1 0.000769108 0.000769108 0.000769108 0 15
82 1 0.000561913 0.000561913 0.000561913 0 12
73 1 5.66824e-06 5.66824e-06 7.67788e-06 2.00965e-06 18

72 79 0.0277694 0.0277694 0.0569793 0.0292099 1.5
61 8 0.0599032 0.0599032 0.0599032 1.38778e-17 15
76 2 0.0758453 0.0758453 0.0758453 0 15
79 1 0.151691 0.151691 0.151691 0 15
75 1 0.148423 0.148423 0.148423 0 18
81 2 0.0729343 0.0673034 0.0701189 0.00281543 18
74 1 0.0267316 0.0267316 0.0526555 0.0259239 3
80 1 0.0199703 0.0199703 0.0199703 0 3
77 1 0.000769108 0.000769108 0.000769108 0 15
82 1 0.000561913 0.000561913 0.000561913 0 12
73 1 3.77882e-06 3.77882e-06 6.45835e-06 2.67953e-06 18

72 100 0.0246839 0.0246839 0.0410898 0.016406 18

72 96 0.0254553 0.0254553 0.0480807 0.0226254 18
84 3 0.0379227 0.0379227 0.0505636 0.0126409 18
85 1 0.0345652 0.0345652 0.0345652 0 6
83 1 0.000119991 0.000119991 0.000239981 0.000119991 18

72 96 0.0277111 0.0255885 0.0472314 0.0216219 18
84 3 0.0379227 0.0379227 0.0505636 0.0126409 18
85 1 0.00864131 0.00864131 0.0345652 0.0259239 6
83 1 0.000119991 0.000119991 0.000239981 0.000119991 18

72 96 0.0283039 0.0261359 0.047586 0.0214287 1.5
84 3 0.0252818 0.0252818 0.0505636 0.0252818 18
85 1 0.00864131 0.00864131 0.0345652 0.0259239 6
83 1 0.000119991 0.000119991 0.000239981 0.000119991 18

72 100 0.0263325 0.0243155 0.0423061 0.0179384 18

72 96 0.0271427 0.0250636 0.0483297 0.0231678 18
90 1 0.151691 0.151691 0.151691 0 18
89 1 0.0172826 0.0172826 0.0345652 0.0172826 6
88 1 0.000119991 0.000119991 0.000239981 0.000119991 18

72 92 0.0277111 0.0255885 0.0484918 0.0227824 18
90 3 0.0505636 0.0505636 0.0505636 0 18
91 1 0.148004 0.148004 0.148004 0 18
89 1 0.0635674 0.0635674 0.08085 0.0172826 6
88 1 0.000119991 0.000119991 0.000239981 0.000119991 18

72 92 0.0281533 0.0259969 0.0491184 0.0229313 18
90 3 0.0379227 0.0379227 0.0505636 0.0126409 18
91 1 0.148004 0.148004 0.148004 0 18
89 1 0.0423783 0.0423783 0.0654218 0.0230435 6
88 1 0.000239981 0.000239981 0.000239981 0 18
92 1 4.01929e-06 4.01929e-06 4.01929e-06 0 18

72 91 0.0284561 0.0262764 0.0514847 0.0248024 18
90 2 0.0505636 0.0505636 0.0758453 0.0252818 18
91 2 0.0740022 0.0559242 0.0649632 0.009039 18
89 1 0.127135 0.127135 0.127135 0 6
88 1 0.000239981 0.000239981 0.000239981 0 18
92 1 6.69882e-07 6.69882e-07 3.95337e-06 3.28349e-06 18

72 92 0.0287654 0.026562 0.0499242 0.0225664 18
90 3 0.0505636 0.0505636 0.0505636 0 18
91 2 0.0740022 0.0559242 0.0649632 0.009039 18
89 1 0.0635674 0.0635674 0.08085 0.0172826 6
88 1 7.99937e-05 7.99937e-05 0.000239981 0.000159987 18
92 1 1.00482e-06 1.00482e-06 3.92042e-06 2.91559e-06 18

72 91 0.028542 0.0258593 0.0509186 0.0234917 18
90 3 0.0252818 0.0252818 0.0505636 0.0252818 18
91 2 0.0740022 0.0559242 0.0649632 0.009039 18
89 1 0.127135 0.127135 0.127135 0 6
88 1 0.000239981 0.000239981 0.000239981 0 18
92 1 4.01929e-06 4.01929e-06 4.01929e-06 0 18

72 88 0.0298035 0.0292421 0.0542945 0.0250457 18
93 1 0.225317 0.225317 0.225317 0 15
90 2 0.0505636 0.0505636 0.0758453 0.0252818 18
91 2 0.0740022 0.0559242 0.0649632 0.009039 18
89 1 0.0211891 0.0211891 0.0962783 0.0750891 6
88 1 0.000212002 0.000212002 0.000331992 0.000119991 18
92 1 1.00482e-06 1.00482e-06 3.72266e-06 2.71784e-06 18

72 88 0.0388089 0.0380779 0.0554098 0.0173218 18
93 3 0.00523993 0.00523993 0.0717766 0.0665367 15
90 2 0.0303381 0.0303381 0.0758453 0.0455072 18
91 2 0.0740022 0.0559242 0.0649632 0.009039 18
89 2 0.0635674 0.0635674 0.0635674 0 6
88 1 0.000362187 0.000362187 0.000865709 0.000503522 18
92 1 3.37265e-05 3.37265e-05 3.57361e-05 2.00965e-06 15

72 88 0.0377233 0.0370128 0.0564617 0.0194387 18
93 4 0.00608964 0.00608964 0.0563292 0.0502396 15
90 2 0.0379227 0.0379227 0.0758453 0.0379227 18
91 2 0.0740022 0.0559242 0.0649632 0.009039 18
89 2 0.0317837 0.0317837 0.0635674 0.0317837 6
95 1 0.008121 0.008121 0.024363 0.016242 3
88 1 0.000543281 0.000543281 0.000755283 0.000212002 15
92 1 6.74529e-05 6.74529e-05 6.74529e-05 0 15

72 88 0.0298035 0.0292421 0.0456733 0.0164219 18
90 2 0.0758453 0.0758453 0.0758453 0 18
91 2 0.0740022 0.0559242 0.0649632 0.009039 18
89 2 0.0424476 0.0423783 0.0636021 0.0211892 6
93 1 0.0670788 0.0670788 0.0890764 0.0219976 18
95 1 0.008121 0.008121 0.024363 0.016242 3
88 1 0.000543281 0.000543281 0.00108656 0.000543281 15
96 1 0.000212002 0.000212002 0.000424004 0.000212002 18
92 1 3.37265e-05 3.37265e-05 6.74529e-05 3.37265e-05 15
97 1 3.62378e-06 3.62378e-06 3.62378e-06 0 18

72 85 0.037989 0.0372734 0.054626 0.0173395 1.5
93 1 0.201236 0.201236 0.201236 0 18
98 1 0.151691 0.151691 0.151691 0 18
90 2 0.00344752 0.00344752 0.0754638 0.0720163 15
91 2 0.0740022 0.0559242 0.0649632 0.009039 18
89 2 0.0424476 0.0423783 0.0636021 0.0211892 6
95 1 0.024363 0.024363 0.024363 0 3
88 1 0.00108656 0.00108656 0.00108656 0 15
96 1 0.000212002 0.000212002 0.000424004 0.000212002 18
92 1 6.74529e-05 6.74529e-05 6.74529e-05 0 15
97 1 1.81189e-06 1.81189e-06 3.62378e-06 1.81189e-06 18

72 100 0.0272446 0.0267315 0.0336598 0.00691902 1.5

72 100 0.0269722 0.0264641 0.048906 0.0224239 18

72 96 0.0279504 0.027424 0.05008 0.0226307 18
101 1 0.151691 0.151691 0.151691 0 18
99 1 0.000106001 0.000106001 0.000410837 0.000304836 18
100 1 1.81189e-06 1.81189e-06 3.62157e-06 1.80968e-06 18

72 94 0.0354897 0.0348212 0.050769 0.0159085 18
101 3 0.00361168 0.00361168 0.0505636 0.0469519 18
102 2 0.0423783 0.0423783 0.0635674 0.0211891 6
99 1 0.000424004 0.000424004 0.000424004 0 18
100 1 3.62378e-06 3.62378e-06 3.62378e-06 0 18

72 94 0.0385317 0.0378059 0.0539966 0.0161241 18
101 2 0.00280909 0.00280909 0.0755688 0.0727597 18
102 2 0.0318357 0.0318357 0.0636194 0.0317837 6
99 1 0.000424004 0.000424004 0.000424004 0 18
100 1 1.81189e-06 1.81189e-06 3.62157e-06 1.80968e-06 18

72 94 0.0354897 0.0348596 0.0512994 0.0164002 1.5
101 2 0.00399186 0.00399186 0.075844 0.0718522 18
102 2 0.0254685 0.0254685 0.0636506 0.038182 6
99 1 0.000212002 0.000212002 0.000424004 0.000212002 18
100 1 1.20793e-06 1.20793e-06 3.62083e-06 2.41291e-06 18

72 100 0.0269722 0.0264933 0.0390811 0.012536 18

72 94 0.0278064 0.0273127 0.0529775 0.025571 1.5
103 2 0.0758453 0.0758453 0.0758453 0 18
104 2 0.0666183 0.0636714 0.0651448 0.00147344 6
105 1 0.000406448 0.000406448 0.000406448 0 18
106 1 3.61936e-06 3.61936e-06 3.61936e-06 0 18

72 100 0.0269722 0.0264933 0.0342157 0.00760075 18

107 94 0.0298035 0.0292744 0.0560893 0.0265685 18
109 1 0.151691 0.151691 0.151691 0 18
108 2 0.0222061 0.0222061 0.0651448 0.0429387 6
72 1 0.0182783 0.0182783 0.0182783 0 1.5

107 91 0.0374614 0.0367963 0.0529602 0.0157654 18
108 3 0.0706261 0.0333091 0.0568512 0.0208023 6
109 2 0.00316022 0.00316022 0.0748997 0.0717395 18
72 2 0.10967 0.000203224 0.0549366 0.0547334 18

107 91 0.0399588 0.0392494 0.0549979 0.01519 18
108 3 0.00594714 0.00523156 0.0624878 0.056905 6
109 2 0.0505636 0.0505636 0.0758453 0.0252818 15
72 2 0.0731133 0.0731133 0.0731811 6.77414e-05 18
111 1 0.00021859 0.00021859 0.00021859 0 15
110 1 1.74367e-06 1.74367e-06 3.48734e-06 1.74367e-06 18

107 83 0.0377233 0.0377233 0.0572013 0.019478 18
108 5 0.00797059 0.00669053 0.0605768 0.0536327 6
112 1 0.29411 0.29411 0.29411 0 9
72 3 0.0731133 0.0731133 0.0731133 0 18
109 2 0.0379227 0.0379227 0.0758453 0.0379227 15
110 1 3.48734e-06 3.48734e-06 3.48734e-06 0 18

