1 0.151691 0.151691 0.151691 0 12
1 0 0 0 0 0
1 0 0 0 0 12
1 0 0 0 0 12
1 0 0 0 0 12

1 0.151691 0.151691 0.151691 0 15
48 0.00163636 0.00161373 0.00302418 0.00140998 12
1 0 0 0 0 0
1 0 0 0 0 12
1 0 0 0 0 12
1 0 0 0 0 12

1 0.151691 0.151691 0.151691 0 15
33 0.0020509 0.00202254 0.00458686 0.00256346 12
31 0.00229834 0.00229834 0.00464777 0.00234943 1.5
1 0.00245233 0.00245233 0.00490466 0.00245233 15
1 2.0104e-05 2.0104e-05 2.0104e-05 0 15
1 0 0 0 0 0
1 0 0 0 0 12
1 0 0 0 0 12
1 0 0 0 0 12
1 0 0 0 0 3
1 0 0 0 0 15

37 0.00216701 0.00216701 0.00408605 0.00191904 12
36 0.00274675 0.00270876 0.00403537 0.00132446 15
25 0.00322746 0.00322746 0.00416314 0.000935682 15

19 0.00632045 0.00632045 0.00798372 0.00166328 15
1 0.151691 0.151691 0.151691 0 21
19 0.00286209 0.00286209 0.00798372 0.00512163 15
18 0.00144997 0.00139166 0.0080338 0.00663451 12
1 0.114355 0.114355 0.114355 0 15
1 0.0700033 0.0700033 0.0700033 0 15
1 2.27937e-05 2.27937e-05 4.55873e-05 2.27937e-05 15
1 0 0 0 0 12
1 0 0 0 0 12
1 0 0 0 0 12

14 0.00752601 0.00722337 0.0108567 0.00361252 12
14 0.00313914 0.00309573 0.0108537 0.00773935 15
14 0.00562335 0.00561817 0.0108358 0.00521688 21
1 0.151691 0.151691 0.151691 0 12
13 0.00275801 0.00275801 0.0111782 0.00842022 15
1 0.129525 0.129525 0.129525 0 9
1 0.114355 0.114355 0.114355 0 15
1 0.0700033 0.0700033 0.0700033 0 15
1 0.0144886 0.0144886 0.0144886 0 3
1 4.55873e-05 4.55873e-05 4.55873e-05 0 15
1 0 0 0 0 12
1 0 0 0 0 12
1 0 0 0 0 12
1 0 0 0 0 15

1 0.18229 0.18229 0.18229 0 21
12 0.00523071 0.00523071 0.0126409 0.00741018 15
12 0.00798372 0.00798372 0.0126409 0.00465717 15
12 0.00489325 0.00489325 0.0126409 0.00774764 21
12 0.00219509 0.00213636 0.0123156 0.0101744 12
1 0.129525 0.129525 0.129525 0 9
1 0.114355 0.114355 0.114355 0 15
1 0.0720212 0.0720212 0.0720212 0 3
2 0.0350016 0.0350016 0.0350016 0 15
1 0.0144886 0.0144886 0.0144886 0 3
1 0.00067783 0.00067783 0.00067783 0 21
1 4.55873e-05 4.55873e-05 4.55873e-05 0 15
1 0 0 0 0 12
1 0 0 0 0 12
1 0 0 0 0 12
1 0 0 0 0 15

11 0.00728164 0.00651034 0.0147547 0.00813617 1.5
5 0.0316092 0.0307635 0.031271 0.000414304 12
1 0.153818 0.153818 0.153818 0 15
10 0.00256363 0.00256363 0.0152471 0.0126834 12
1 0.151691 0.151691 0.151691 0 18
10 0.00427271 0.00421363 0.0151319 0.0109124 21
9 0.0168545 0.0128454 0.0164091 0.00125996 15
1 0.114355 0.114355 0.114355 0 15
7 0.0185035 0.00601896 0.0156928 0.00466397 9
1 0.0720212 0.0720212 0.0720212 0 3
2 0.0350016 0.0350016 0.0350016 0 15
1 0.0144886 0.0144886 0.0144886 0 3
1 0.000225943 0.000225943 0.00067783 0.000451887 21
1 4.55873e-05 4.55873e-05 4.55873e-05 0 15
1 0 0 0 0 12
1 0 0 0 0 12
1 0 0 0 0 12
1 0 0 0 0 15

100 0.00146032 0.000919337 0.00136182 0.000396594 15

11 0.00648857 0.00492675 0.0168292 0.0113982 21
4 0.0395116 0.0395116 0.0395116 0 15
9 0.0018815 0.0018815 0.0171536 0.0152721 12
9 0.00854543 0.00854543 0.0170909 0.00854543 15
9 0.0102545 0.0101127 0.0168703 0.00674196 21
7 0.0216701 0.0216701 0.0216701 3.46945e-18 15
9 0.0116685 0.0116685 0.0168545 0.00518601 18
5 0.0303381 0.0303381 0.0303381 0 18
1 0.151691 0.151691 0.151691 0 18
7 0.0301191 0.0140925 0.018383 0.00595439 1.5
1 0.0902714 0.0902714 0.0902714 0 3
1 0.0421327 0.0421327 0.0421327 0 9
1 4.55873e-05 4.55873e-05 4.55873e-05 0 21
1 2.46939e-05 2.46939e-05 2.46939e-05 0 15
1 0 0 0 0 12
1 0 0 0 0 0
1 0 0 0 0 15
1 0 0 0 0 15

12 0.00750241 0.00609887 0.0133002 0.00669442 21
12 0.00878034 0.00878034 0.0131705 0.00439017 12
12 0.00752601 0.00752601 0.0130846 0.00555855 15
11 0.00668773 0.00668773 0.0139834 0.0072957 15
11 0.010987 0.010835 0.0138315 0.00295579 21
11 0.0105364 0.0101127 0.0138286 0.00367937 18
11 0.00583426 0.00583426 0.0137901 0.00795581 15
11 0.010835 0.010835 0.0137901 0.00295501 15
4 0.0150595 0.00761506 0.0140141 0.0035001 0

1 0.240952 0.240952 0.240952 0 15
1 0.219343 0.219343 0.219343 0 6
8 0.00648857 0.00648857 0.0229129 0.0164243 21
1 0.18229 0.18229 0.18229 0 21
6 0.00658526 0.00658526 0.026341 0.0197558 15
6 0.00509826 0.00509826 0.0263375 0.0212392 12
1 0.153818 0.153818 0.153818 0 18
6 0.00569695 0.00569695 0.0255668 0.0198699 15
6 0.00668773 0.00668773 0.0253897 0.0187019 18
6 0.0105364 0.0101127 0.0253524 0.0151699 18
1 0.151691 0.151691 0.151691 0 18
6 0.0151691 0.0151691 0.0252818 0.0101127 15
6 0.0137901 0.0137901 0.0252818 0.0114917 15
3 0.0406136 0.0138596 0.0228882 0.0125345 9
1 0.000338915 0.000338915 0.00067783 0.000338915 21
1 2.46939e-05 2.46939e-05 2.46939e-05 0 15
1 0 0 0 0 0
1 0 0 0 0 15
1 0 0 0 0 15
1 0 0 0 0 15
1 0 0 0 0 12

10 0.0120039 0.0120039 0.0240077 0.0120039 21
8 0.0243714 0.0122558 0.0241906 0.00422298 6
7 0.0108593 0.0101272 0.0247497 0.0145202 21
7 0.0121574 0.0121574 0.022578 0.0104206 15
7 0.0105364 0.0105364 0.0224975 0.0119611 12
6 0.0109874 0.010987 0.0256364 0.0146493 15
6 0.0256363 0.0256363 0.0256363 0 15
6 0.026341 0.0252818 0.0254583 0.00039476 18
6 0.0216701 0.0216701 0.0252818 0.00361168 15
3 0.0505636 0.0505636 0.0505636 0 15
4 0.0379227 0.0379227 0.0379227 0 18
6 0.0109524 0.0109524 0.0252039 0.0142515 15
6 0.0139834 0.0139834 0.0243534 0.01037 18
2 0.0243682 0.00851479 0.0290417 0.0148862 9
1 0.0273892 0.0273892 0.0273892 0 15
1 0.00067783 0.00067783 0.00067783 0 21
1 2.27937e-05 2.27937e-05 4.55873e-05 2.27937e-05 21
1 2.46939e-05 2.46939e-05 2.46939e-05 0 15
1 0 0 0 0 0
1 0 0 0 0 15
1 0 0 0 0 15
1 0 0 0 0 15
1 0 0 0 0 12

6 0.0401587 0.0401587 0.0401587 0 15
8 0.0124384 0.0121857 0.0259395 0.0137179 6
6 0.00510802 0.00510802 0.0291188 0.0240108 21
6 0.011289 0.011289 0.026341 0.015052 15
6 0.00752601 0.00752601 0.0259879 0.0184619 15
6 0.0102549 0.0102545 0.0256365 0.0153818 15
6 0.0256363 0.0256363 0.0256363 0 18
6 0.00961361 0.00961361 0.0254359 0.0158223 15
6 0.0105364 0.0101127 0.025423 0.0151704 18
1 0.151691 0.151691 0.151691 0 21
1 0.151691 0.151691 0.151691 0 18
6 0.0189613 0.0189613 0.0252818 0.00632045 15
5 0.0303381 0.0303381 0.0303381 0 15
1 0.147512 0.147512 0.147512 0 15
2 0.0977338 0.00823127 0.0529825 0.0447513 18
2 0.0406136 0.0141913 0.0344981 0.0149961 9
1 0.0273892 0.0273892 0.0273892 0 15
1 0.0048459 0.0048459 0.0048459 0 18
1 0.000285541 0.000285541 0.000737428 0.000451887 21
1 4.55873e-05 4.55873e-05 4.55873e-05 0 21
1 2.46939e-05 2.46939e-05 2.46939e-05 0 15
1 2.0104e-05 2.0104e-05 2.0104e-05 0 18
1 0 0 0 0 0
1 0 0 0 0 15
1 0 0 0 0 15
1 0 0 0 0 15
1 0 0 0 0 12

8 0.0218252 0.0218252 0.0300096 0.00818445 21
7 0.0139932 0.0137089 0.0305481 0.0167797 6
1 0.195468 0.195468 0.195468 0 21
5 0.0175607 0.0175607 0.0316092 0.0140486 15
5 0.0121574 0.0121574 0.0315818 0.0194244 12
5 0.0175607 0.0168545 0.0309031 0.0134866 15
5 0.0118326 0.0118326 0.030764 0.0189314 15
5 0.0153818 0.0153818 0.0307635 0.0153818 18
5 0.0121574 0.0116685 0.0306651 0.0186708 18
5 0.00752976 0.00752976 0.0305429 0.0230131 1.5
5 0.00809567 0.00809567 0.0303685 0.0222728 15
5 0.0252818 0.0252818 0.0303381 0.00505636 18
3 0.0505636 0.0505636 0.0505636 0 15
1 0.147512 0.147512 0.147512 0 15
5 0.0216701 0.0216701 0.0292587 0.00758861 21
2 0.120476 0 0.0602381 0.0602381 15
1 0.104747 0.104747 0.104747 0 15
2 0.0609205 0.021287 0.0411037 0.0198167 9
1 0.0332951 0.0332951 0.0332951 0 3
1 0.0273892 0.0273892 0.0273892 0 15
1 0.0180934 0.0180934 0.0180934 0 3
1 0.0164625 0.0164625 0.0164625 0 18
1 0.0048459 0.0048459 0.0048459 0 18
1 0.000856624 0.000856624 0.000856624 0 21
1 4.55873e-05 4.55873e-05 4.55873e-05 0 21
1 4.55873e-05 4.55873e-05 4.55873e-05 0 18
1 4.55873e-05 4.55873e-05 4.55873e-05 0 15
1 2.46939e-05 2.46939e-05 2.46939e-05 0 15
1 2.46939e-05 2.46939e-05 2.46939e-05 0 18
1 2.0104e-05 2.0104e-05 2.0104e-05 0 18
1 0 0 0 0 15
1 0 0 0 0 15
1 0 0 0 0 12
1 0 0 0 0 15
1 0 0 0 0 0

13 0.0167502 0.0156673 0.0170253 0.00124042 6
11 0.0177698 0.0177698 0.0177698 3.46945e-18 21
10 0.00705835 0.00600193 0.0175722 0.011469 21
9 0.0158046 0.0158046 0.0175607 0.00175607 15
8 0.0197558 0.0189613 0.0194579 0.000384607 15
9 0.0170916 0.0170916 0.0170916 0 15
7 0.021974 0.021974 0.021974 3.46945e-18 18
9 0.00752601 0.00752601 0.0169494 0.00942339 12
8 0.0189613 0.0189613 0.0189613 0 15
6 0.00376488 0.00376488 0.0186267 0.0148619 15

5 0.0481905 0.0481905 0.0481905 0 15
11 0.00742984 0.00631782 0.0194597 0.0129468 21
9 0.00586257 0.00550419 0.0189261 0.0133378 6
8 0.00929684 0.00929684 0.0197558 0.0104589 12
8 0.00790231 0.00790231 0.0197293 0.011827 15
8 0.00790231 0.00790231 0.0195174 0.0116151 18
8 0.009614 0.009614 0.019228 0.00961395 15
8 0.0090481 0.0090481 0.0192272 0.0101791 18
8 0.0189613 0.0189613 0.0189613 0 18
1 0.124752 0.124752 0.124752 0 15
2 0.120476 0 0.0602381 0.0602381 12
1 0.0180934 0.0180934 0.0180934 0 3
1 0.00242295 0.00242295 0.00242295 0 18
1 4.55873e-05 4.55873e-05 4.55873e-05 0 18
1 2.46939e-05 2.46939e-05 2.46939e-05 0 15
1 0 0 0 0 15

10 0.01338 0.00923374 0.024545 0.0143041 21
1 0.240952 0.240952 0.240952 0 15
9 0.0156335 0.0146778 0.0239941 0.0090353 6
7 0.00624722 0.00617827 0.0243916 0.0182035 15
1 0.158046 0.158046 0.158046 0 15
6 0.00878034 0.00878034 0.026341 0.0175607 15
6 0.00831822 0.00831822 0.026341 0.0180228 15
6 0.00831822 0.00831822 0.0259111 0.0175929 12
6 0.0170916 0.0170916 0.0256373 0.00854578 15
6 0.0192272 0.0192272 0.0256363 0.00640907 18
1 0.151691 0.151691 0.151691 0 21
6 0.0189613 0.0189613 0.0252818 0.00632045 15
1 0.124752 0.124752 0.124752 0 15
1 0.06493 0.06493 0.06493 0 21
1 0.0332951 0.0332951 0.0332951 0 3
1 0.0180934 0.0180934 0.0180934 0 3
1 0.0016153 0.0016153 0.0016153 0 18
1 2.27937e-05 2.27937e-05 4.55873e-05 2.27937e-05 18
1 4.55873e-05 4.55873e-05 4.55873e-05 0 15
1 2.46939e-05 2.46939e-05 2.46939e-05 0 15
1 1.5379e-05 1.5379e-05 1.5379e-05 0 15
1 0 0 0 0 15
1 0 0 0 0 12
1 0 0 0 0 12
1 0 0 0 0 15
1 0 0 0 0 3

9 0.0219048 0.0219048 0.0267725 0.00486773 15
1 0.240952 0.240952 0.240952 0 15
8 0.0168336 0.0126817 0.0288615 0.0156846 18
8 0.00977096 0.00935324 0.0280654 0.0185566 6
8 0.0105418 0.00855558 0.0280276 0.0187518 1.5
6 0.0113462 0.011289 0.0263506 0.015052 12
6 0.00632185 0.00632185 0.026341 0.0200192 15
6 0.0131705 0.0131705 0.026341 0.0131705 15
5 0.0219749 0.0219749 0.0307648 0.00878994 15
5 0.0256363 0.0256363 0.0307635 0.00512726 18
5 0.022578 0.0216701 0.0305197 0.00867564 18
2 0.0758453 0.0758453 0.0758453 0 21
1 0.124752 0.124752 0.124752 0 15
1 0.104747 0.104747 0.104747 0 15
1 0.06493 0.06493 0.06493 0 21
1 0.0332951 0.0332951 0.0332951 0 3
1 0.00904668 0.00904668 0.0180934 0.00904668 3
1 0.0016153 0.0016153 0.0016153 0 18
1 4.55873e-05 4.55873e-05 4.55873e-05 0 18
1 4.55873e-05 4.55873e-05 4.55873e-05 0 15
1 1.2347e-05 1.2347e-05 2.46939e-05 1.2347e-05 15
1 1.5379e-05 1.5379e-05 1.5379e-05 0 15
1 0 0 0 0 15
1 0 0 0 0 12
1 0 0 0 0 15
1 0 0 0 0 3

11 0.0290763 0.0219048 0.0232087 0.00276602 15
12 0.0200794 0.0200794 0.0200794 0 15
21 0.0109347 0.00863376 0.0110377 0.00210917 3
19 0.0073578 0.00708684 0.0112471 0.00412069 15
13 0.00409244 0.00282334 0.0117692 0.00852933 15

11 0.037204 0.0256667 0.0299657 0.00360358 21
1 0.315066 0.315066 0.315066 0 15
1 0.282334 0.282334 0.282334 0 21
10 0.0104762 0.0104762 0.0240952 0.013619 15
10 0.010107 0.00633792 0.0237706 0.0168272 3
10 0.00708684 0.00708684 0.0235092 0.0164224 15
9 0.0051587 0.00393855 0.023883 0.0191657 15
1 0.151691 0.151691 0.151691 0 15
1 0.151691 0.151691 0.151691 0 18
4 0.0261868 0.0261868 0.0261868 0 15
1 4.55873e-05 4.55873e-05 4.55873e-05 0 15

1 0.347879 0.347879 0.347879 0 21
6 0.0533065 0.0498018 0.0527224 0.00130612 18
10 0.0150031 0.0150031 0.0314756 0.0164725 18
8 0.0199201 0.0176459 0.0344755 0.0165624 21
8 0.021847 0.0130279 0.0321642 0.0163502 6
8 0.0136415 0.011596 0.0310173 0.0186806 21
1 0.240952 0.240952 0.240952 0 15
7 0.0100066 0.0096381 0.0341699 0.0244425 15
7 0.0092674 0.0092674 0.03137 0.0221026 15
2 0.0758453 0.0758453 0.0758453 0 15
1 0.151691 0.151691 0.151691 0 18
2 0.0758453 0.0758453 0.0758453 0 21
3 0.0174579 0.0174579 0.0349158 0.0174579 15
1 0.0573961 0.0573961 0.0573961 0 9
1 6.07661e-05 6.07661e-05 6.07661e-05 0 18
1 2.27937e-05 2.27937e-05 4.55873e-05 2.27937e-05 15

11 0.0132014 0.0112219 0.029001 0.0169081 21
11 0.0116691 0.0116691 0.0286424 0.0169732 15
10 0.0196623 0.0142152 0.0279219 0.0119744 3
9 0.00780095 0.00780095 0.0284909 0.02069 18
7 0.0344218 0.0344218 0.0344218 0 15
1 0.210209 0.210209 0.210209 0 3
1 0.209512 0.209512 0.209512 0 21
5 0.0163697 0.0139152 0.031962 0.0174474 1.5
2 0.0758453 0.0758453 0.0758453 0 15
2 0.0758453 0.0758453 0.0758453 0 18
3 0.0505636 0.0505636 0.0505636 0 21
1 0.13996 0.13996 0.13996 0 18
3 0.0349158 0.0349158 0.0349158 0 15
1 0.0573961 0.0573961 0.0573961 0 9
1 6.07661e-05 6.07661e-05 6.07661e-05 0 18
1 4.55873e-05 4.55873e-05 4.55873e-05 0 15

15 0.021847 0.0157946 0.0214923 0.00418041 6
15 0.0133266 0.0133266 0.0207266 0.00739993 18
15 0.0112524 0.0112524 0.0204828 0.00923041 15
12 0.0113679 0.01011 0.0210008 0.00974395 21
12 0.0213226 0.0160635 0.0205176 0.00427083 15
7 0.0299303 0.0299303 0.0299303 3.46945e-18 21
7 0.0300298 0.0171054 0.0281835 0.0045226 3
8 0.0120366 0.0102317 0.021221 0.0103412 15

1 0.409244 0.409244 0.409244 0 21
13 0.0163697 0.0163697 0.0312016 0.0148319 21
8 0.0511554 0.0434848 0.0463942 0.00368821 21
10 0.0126026 0.0126026 0.0305956 0.017993 15
10 0.0114161 0.00888442 0.03037 0.021246 18
8 0.00756242 0.00756242 0.0330475 0.0254851 3
8 0.0133266 0.0100397 0.0313517 0.0201423 15
6 0.0209512 0.0209512 0.034878 0.0139268 21
6 0.0300298 0.0300298 0.0328807 0.0028509 3
1 0.151691 0.151691 0.151691 0 15
2 0.0758453 0.0758453 0.0758453 0 15

12 0.0141118 0.0141118 0.0341036 0.0199918 21
11 0.028089 0.028089 0.0357496 0.00766063 3
10 0.0163697 0.0163697 0.0343669 0.0179972 21
9 0.0168336 0.0168336 0.0346465 0.0178129 18
9 0.0136985 0.0136985 0.0340658 0.0203672 15
8 0.0399799 0.0301191 0.0338169 0.00477386 18
7 0.0128431 0.0127889 0.0359268 0.0231225 21
6 0.0350348 0.0350348 0.0350348 0 3
6 0.0232791 0.0232791 0.0341809 0.0109018 21
1 0.151691 0.151691 0.151691 0 15
2 0.0758453 0.0758453 0.0758453 0 15
1 0.151691 0.151691 0.151691 0 21
1 0.0996916 0.0996916 0.0996916 0 18
1 0.056567 0.056567 0.056567 0 9
1 2.61555e-05 2.61555e-05 2.61555e-05 0 18
1 1.2451e-05 1.2451e-05 1.2451e-05 0 21

10 0.0367273 0.0341036 0.0411867 0.00686599 21
10 0.0140445 0.0140445 0.0390776 0.0250331 3
10 0.0170518 0.0170518 0.0384167 0.0213649 21
8 0.0164391 0.0127936 0.0421054 0.0266245 18
7 0.0150031 0.0150031 0.043324 0.0283208 15
7 0.0127889 0.0127889 0.0431226 0.0303337 1.5
7 0.0228457 0.0172109 0.0392516 0.0173235 18
1 0.256974 0.256974 0.256974 0 15
5 0.0350348 0.0350348 0.0420417 0.00700696 3
5 0.0349187 0.0349187 0.0419024 0.00698374 21
2 0.0758453 0.0758453 0.0758453 0 21
2 0.0758453 0.0758453 0.0758453 0 15
1 0.151691 0.151691 0.151691 0 15
1 0.0996916 0.0996916 0.0996916 0 18
1 0.093763 0.093763 0.093763 0 18
1 0.0282835 0.0282835 0.0564428 0.0281593 9
1 0.0219076 0.0219076 0.0438151 0.0219076 18
1 0.0106416 0.0106416 0.0106416 0 15
1 4.93982e-05 4.93982e-05 4.93982e-05 0 18
1 1.51958e-05 1.51958e-05 3.26328e-05 1.7437e-05 18
1 1.2451e-05 1.2451e-05 1.2451e-05 0 21

19 0.0177932 0.0177932 0.0207498 0.00295657 21
18 0.0177932 0.0177932 0.0211223 0.0033291 21
18 0.0170976 0.0170976 0.0206944 0.00359679 3
17 0.00899445 0.00838731 0.020742 0.0122498 18
13 0.0242358 0.0242358 0.0242358 0 15
10 0.00615075 0.00615075 0.0204428 0.014292 9

1 0.410978 0.410978 0.410978 0 18
12 0.0107696 0.0107696 0.0341036 0.0233341 21
8 0.055091 0.0257632 0.0504411 0.00947448 18
11 0.00983114 0.00983114 0.0355906 0.0257595 3
11 0.0120876 0.0120876 0.0355442 0.0234566 18
8 0.0399799 0.0399799 0.0399799 0 18
2 0.15992 0.15992 0.15992 0 18
9 0.0242358 0.0242358 0.0350073 0.0107715 15
8 0.00818487 0.00818487 0.036117 0.0279321 21
1 0.093763 0.093763 0.093763 0 18

12 0.0186808 0.0186808 0.0342482 0.0155674 18
8 0.0511554 0.0511554 0.0511554 6.93889e-18 21
12 0.020987 0.0194878 0.0324721 0.0117483 18
11 0.0151248 0.0151248 0.0345163 0.0193914 3
1 0.372826 0.372826 0.372826 0 21
9 0.00533738 0.00533738 0.0357358 0.0303984 18
2 0.15992 0.15992 0.15992 0 18
9 0.0350073 0.0350073 0.0350073 0 15
1 0.151691 0.151691 0.151691 0 18
2 0.0468815 0.0468815 0.0468815 0 18
1 0.0562763 0.0562763 0.0562763 0 9
1 2.44307e-06 2.44307e-06 2.44307e-06 0 18

15 0.0284996 0.0200331 0.0295647 0.00921249 18
13 0.0216304 0.0216304 0.030465 0.00883462 18
12 0.0151248 0.0151248 0.0316399 0.0165151 3
12 0.00998155 0.00998155 0.0313575 0.021376 15
5 0.0639678 0.0639678 0.0639678 0 18
9 0.0350073 0.0350073 0.0350073 0 15
8 0.0117422 0.0117422 0.0326809 0.0209387 18
1 0.151691 0.151691 0.151691 0 18
5 0.0303381 0.0303381 0.0303381 0 21
2 0.0468815 0.0468815 0.0468815 0 18
1 0.0562763 0.0562763 0.0562763 0 9
1 4.93982e-05 4.93982e-05 4.93982e-05 0 18
1 6.22551e-06 6.22551e-06 7.44704e-06 1.22154e-06 21

10 0.0141118 0.0141118 0.0392849 0.025173 21
10 0.0178748 0.0178748 0.0390161 0.0211413 3
10 0.0152214 0.0152214 0.0389727 0.0237512 18
9 0.0136302 0.00958104 0.0408411 0.0299212 18
1 0.353306 0.353306 0.353306 0 12
9 0.0178686 0.013906 0.03906 0.0216674 18
1 0.319839 0.319839 0.319839 0 18
8 0.0196916 0.0196916 0.0393832 0.0196916 15
1 0.296228 0.296228 0.296228 0 18
4 0.0216701 0.0216701 0.0379227 0.0162526 18
2 0.0758453 0.0758453 0.0758453 0 18
2 0.0498458 0.0498458 0.0498458 0 18
2 0.0468815 0.0468815 0.0468815 0 18
1 0.0562763 0.0562763 0.0562763 0 9
1 0.0251215 0.0251215 0.0251215 0 6
1 2.46991e-05 2.46991e-05 4.74928e-05 2.27937e-05 18
1 6.22551e-06 6.22551e-06 1.2451e-05 6.22551e-06 21

12 0.0329995 0.0231962 0.0418915 0.0143091 18
9 0.0178686 0.0178686 0.0450277 0.0271591 18
9 0.018726 0.018726 0.0433409 0.0246149 3
9 0.0105379 0.0105379 0.0415495 0.0310116 18
1 0.319839 0.319839 0.319839 0 18
1 0.296228 0.296228 0.296228 0 18
6 0.0533065 0.0285694 0.0491837 0.00921897 18
6 0.0350073 0.0350073 0.0471993 0.012192 15
6 0.0120366 0.0120366 0.0451126 0.033076 21
1 0.209512 0.209512 0.209512 0 21
3 0.0505636 0.0505636 0.0505636 0 18
3 0.0303381 0.0303381 0.0505636 0.0202254 21
2 0.0758453 0.0758453 0.0758453 0 12
2 0.0498458 0.0498458 0.0498458 0 18
2 0.0468815 0.0468815 0.0468815 0 18
1 0.0562763 0.0562763 0.0562763 0 9
1 0.0438151 0.0438151 0.0438151 0 18
1 0.0251215 0.0251215 0.0251215 0 6
1 4.93982e-05 4.93982e-05 4.93982e-05 0 18
1 1.2451e-05 1.2451e-05 1.2451e-05 0 21

1 0.719155 0.719155 0.719155 0 6
9 0.0184409 0.0184409 0.0504584 0.0320175 18
8 0.0256861 0.0256861 0.0513723 0.0256861 18
6 0.0682073 0.0682073 0.0682073 0 21
7 0.018726 0.018726 0.0543258 0.0355998 3
7 0.0152214 0.0152214 0.0533391 0.0381177 18
6 0.0827856 0.0329142 0.0576832 0.0248249 18
6 0.0319839 0.0319839 0.0521108 0.0201269 21
6 0.0196916 0.0196916 0.0520758 0.0323842 15
6 0.0199899 0.0199899 0.0517605 0.0317705 18
1 0.209512 0.209512 0.209512 0 21
2 0.0758453 0.0758453 0.0758453 0 12
3 0.0505636 0.0505636 0.0505636 0 21
3 0.0505636 0.0505636 0.0505636 0 18
2 0.0498458 0.0498458 0.0498458 0 18
1 0.0312543 0.0312543 0.093763 0.0625087 18
1 0.0562763 0.0562763 0.0562763 0 9
1 0.0125607 0.0125607 0.0251215 0.0125607 6
1 4.93982e-05 4.93982e-05 4.93982e-05 0 18
1 7.6895e-06 7.6895e-06 1.5379e-05 7.6895e-06 15
1 1.2451e-05 1.2451e-05 1.2451e-05 0 21

12 0.0250796 0.0250796 0.0475931 0.0225134 18
8 0.0216304 0.0216304 0.0513723 0.0297418 18
8 0.0186808 0.0186808 0.0513723 0.0326914 18
8 0.0255777 0.0255777 0.0511554 0.0255777 21
8 0.0267401 0.0256841 0.0494026 0.0235891 1.5
7 0.0677337 0.0269298 0.0526995 0.0232146 21
7 0.0302497 0.0302497 0.0515351 0.0212854 3
6 0.0533065 0.0533065 0.0533065 0 18
6 0.052511 0.052511 0.052511 0 15
6 0.0355377 0.0355377 0.0505092 0.0149715 18
3 0.0523781 0.0523781 0.0526329 0.00025489 18
3 0.0505636 0.0505636 0.0505636 0 18
3 0.0505636 0.0505636 0.0505636 0 21
2 0.0758453 0.0758453 0.0758453 0 12
2 0.0498458 0.0498458 0.0498458 0 18
1 0.0281593 0.0281593 0.0562975 0.0281381 9
1 0.0468815 0.0468815 0.0469415 6.003e-05 18
1 0.0251215 0.0251215 0.0251215 0 6
1 2.46991e-05 2.46991e-05 4.93982e-05 2.46991e-05 18
1 2.61555e-05 2.61555e-05 2.61555e-05 0 18
1 1.5379e-05 1.5379e-05 1.5379e-05 0 15
1 1.2451e-05 1.2451e-05 1.2451e-05 0 21

20 0.0205489 0.0205489 0.0205489 0 18
20 0.018602 0.018602 0.0199275 0.00132555 21
20 0.0171241 0.0171241 0.0194177 0.00229366 18
19 0.0169457 0.0169457 0.0192789 0.00233322 18
18 0.0121862 0.00773285 0.0201451 0.0120938 18

13 0.0871781 0.0553196 0.0581202 0.00842774 6
5 0.149014 0.149014 0.149014 0 21
17 0.0221684 0.0164998 0.0363297 0.019351 18
11 0.00998155 0.00998155 0.0368872 0.0269057 21
11 0.0108152 0.0108152 0.0361584 0.0253432 18
8 0.00708583 0.00708583 0.0363149 0.029229 1.5
1 0.151691 0.151691 0.151691 0 18
1 0.093763 0.093763 0.093763 0 18
1 6.22551e-06 6.22551e-06 1.2451e-05 6.22551e-06 21

24 0.0191044 0.0191044 0.0305666 0.0114622 21
21 0.0216 0.0160767 0.0312942 0.0139423 21
17 0.0236107 0.0149824 0.030557 0.0147102 6
11 0.0373616 0.0373616 0.0373616 6.93889e-18 18
13 0.0255777 0.0255777 0.0314803 0.00590255 21
8 0.0273985 0.0273985 0.0324409 0.00504237 18

20 0.0290594 0.0184399 0.0357388 0.0155535 3
19 0.0210529 0.0125398 0.0344688 0.019176 18
18 0.0158567 0.0114626 0.0356646 0.023979 18
8 0.0513723 0.0513723 0.0513723 0 18
11 0.0314803 0.0314803 0.037204 0.00572369 21
11 0.0256861 0.0256861 0.0357092 0.0100231 18
1 0.151691 0.151691 0.151691 0 18
1 0.0539697 0.0539697 0.0539697 0 6
1 2.82671e-05 2.82671e-05 2.82671e-05 0 21

18 0.0206401 0.0165177 0.0422596 0.0248849 18
18 0.0290594 0.019198 0.0421092 0.0191654 6
17 0.0219295 0.0158526 0.0426471 0.0259977 21
9 0.0373616 0.0373616 0.0456642 0.00830259 18
9 0.037204 0.037204 0.0454715 0.00826755 21
9 0.0316137 0.0316137 0.0440829 0.0124692 18
1 0.26312 0.26312 0.26312 0 3
1 0.151691 0.151691 0.151691 0 18
1 0.151691 0.151691 0.151691 0 21
1 0.0193535 0.0193535 0.0566969 0.0373434 6
1 0.0299779 0.0299779 0.056138 0.0261602 1.5
1 0.000954286 0.000954286 0.000954286 0 18
1 2.82671e-05 2.82671e-05 2.82671e-05 0 21

22 0.0231289 0.01528 0.0398241 0.0171436 6
19 0.0224062 0.0161972 0.0410195 0.022757 21
17 0.0223967 0.0179234 0.0408333 0.0214379 21
9 0.0456642 0.0456642 0.0456642 6.93889e-18 18
10 0.0228321 0.0228321 0.0410978 0.0182657 18
9 0.0454715 0.0454715 0.0454715 0 21
1 0.151691 0.151691 0.151691 0 18
2 0.0758453 0.0758453 0.0758453 0 21
1 0.029367 0.029367 0.0583973 0.0290303 6
1 0.0379227 0.0379227 0.0381754 0.000252705 18

20 0.0205942 0.0202378 0.0466066 0.0263482 6
18 0.0284499 0.0227676 0.048128 0.0218947 18
17 0.0198209 0.0167748 0.0478152 0.0285555 21
8 0.0410978 0.0410978 0.0513723 0.0102745 18
8 0.0241752 0.0241752 0.0513723 0.0271971 18
8 0.0454715 0.0454715 0.0511554 0.00568394 21
1 0.173216 0.173216 0.173216 0 21
2 0.0758453 0.0758453 0.0758453 0 21
2 0.0758453 0.0758453 0.0758453 0 21
1 0.151691 0.151691 0.151691 0 18
1 0.0688885 0.0688885 0.0688885 0 3
1 0.029367 0.029367 0.0508908 0.0215237 9
1 0.000954349 0.000954349 0.000954349 0 21

20 0.0271233 0.0271233 0.0487287 0.0216054 18
19 0.019139 0.019139 0.0482551 0.029116 18
18 0.0205942 0.0202378 0.0488977 0.0285976 6
8 0.0513723 0.0513723 0.0513723 0 18
8 0.0373616 0.0373616 0.0513723 0.0140106 18
8 0.0511554 0.0511554 0.0511554 6.93889e-18 21
1 0.173216 0.173216 0.173216 0 21
3 0.0505636 0.0505636 0.0505636 0 18
2 0.0758453 0.0758453 0.0758453 0 21
1 0.151691 0.151691 0.151691 0 18
1 0.0688885 0.0688885 0.0688885 0 3
1 0.0587341 0.0587341 0.0587341 0 6
1 0.000954349 0.000954349 0.000954349 0 21
1 1.26612e-05 1.26612e-05 2.53224e-05 1.26612e-05 18

22 0.0262108 0.0257572 0.0491665 0.0232764 6
19 0.0206401 0.0206401 0.0503153 0.0296752 18
16 0.0202095 0.0202095 0.0483368 0.0281273 18
8 0.0513723 0.0513723 0.0513723 0 18
8 0.0293556 0.0293556 0.0513723 0.0220167 18
8 0.0511554 0.0511554 0.0511554 6.93889e-18 21
1 0.173216 0.173216 0.173216 0 21
3 0.0505636 0.0505636 0.0505636 0 21
3 0.0505636 0.0505636 0.0505636 0 21
1 0.151691 0.151691 0.151691 0 18
1 0.0688885 0.0688885 0.0688885 0 3
1 0.0587341 0.0587341 0.0587341 0 6
1 0.00948998 0.00948998 0.00996715 0.000477175 21
1 0.000477143 0.000477143 0.000954286 0.000477143 18
1 1.26612e-05 1.26612e-05 2.53224e-05 1.26612e-05 18

21 0.0332479 0.0332479 0.046377 0.013129 18
21 0.0217734 0.0202432 0.0458796 0.0255656 18
21 0.0261201 0.0172206 0.0448043 0.0270064 1.5
8 0.0513723 0.0513723 0.0513723 0 18
8 0.0171241 0.0171241 0.049685 0.0325609 18
1 0.173216 0.173216 0.173216 0 21
3 0.0505636 0.0505636 0.0505636 0 21
3 0.0505636 0.0505636 0.0505636 0 21
1 0.151691 0.151691 0.151691 0 18
1 0.0688885 0.0688885 0.0688885 0 3
1 0.0587341 0.0587341 0.0587341 0 6
1 0.01898 0.01898 0.01898 0 18
1 0.000954286 0.000954286 0.000954286 0 18
1 2.53224e-05 2.53224e-05 2.53224e-05 0 18

38 0.0226444 0.0210529 0.0267267 0.00563762 18
31 0.0179061 0.0174693 0.027495 0.010012 18
29 0.0207702 0.0138949 0.0275529 0.0129565 6

30 0.0574643 0.00256962 0.0396554 0.00923591 6
28 0.0162532 0.0158567 0.0365455 0.0206467 18
23 0.0120649 0.0111984 0.0366241 0.0253524 18
1 0.161139 0.161139 0.161139 0 15
1 0.151691 0.151691 0.151691 0 18
1 0.151691 0.151691 0.151691 0 18
1 0.019578 0.019578 0.058678 0.0391 6
1 0.01898 0.01898 0.01898 0 18
1 0.00506759 0.00506759 0.00506759 0 18
1 0.000954286 0.000954286 0.000954286 0 18

26 0.0354406 0.0328952 0.0396199 0.00656552 18
26 0.0165072 0.0161045 0.0387005 0.0225038 18
25 0.0215491 0.014416 0.039348 0.0224486 1.5
1 0.269864 0.269864 0.269864 0 3
1 0.161139 0.161139 0.161139 0 15
1 0.151691 0.151691 0.151691 0 18
1 0.151691 0.151691 0.151691 0 18
1 0.0587341 0.0587341 0.0587341 0 6
1 0.00506759 0.00506759 0.00506759 0 18
1 0.00379599 0.00379599 0.00503226 0.00123627 18
1 0.000954286 0.000954286 0.000954286 0 18

36 0.035653 0.021357 0.0285978 0.00595292 12
35 0.017319 0.0168965 0.0287964 0.0117327 18
28 0.0162014 0.0150378 0.0285052 0.0133484 18

37 0.0246699 0.014416 0.0366502 0.0163041 6
28 0.0405036 0.0375945 0.0379038 0.000892881 18
28 0.014315 0.0142765 0.0371276 0.0228498 18
2 0.0758453 0.0758453 0.0758453 0 18
1 0.000920973 0.000920973 0.00124872 0.000327751 18
1 1.26612e-05 1.26612e-05 2.42252e-05 1.1564e-05 18
1 0 0 0 0 1.5

37 0.0201387 0.0175911 0.0368069 0.0188584 6
28 0.0378324 0.0377306 0.0377343 1.88827e-05 18
28 0.0177203 0.0164476 0.0372348 0.0205677 18
3 0.0505636 0.0505636 0.0505636 0 18
1 0.000613982 0.000613982 0.00105098 0.000437001 18
1 0.000954286 0.000954286 0.000954286 0 18
1 2.53224e-05 2.53224e-05 2.53224e-05 0 18

38 0.0214366 0.0181466 0.0411177 0.0220337 1.5
26 0.0405036 0.0375945 0.0410407 0.00310701 18
25 0.016297 0.0162532 0.0411632 0.0249082 18
1 0.269618 0.269618 0.269618 0 6
3 0.0505636 0.0505636 0.0505636 0 18
1 0.00402704 0.00402704 0.00943987 0.00541283 18
1 0.000954286 0.000954286 0.000954286 0 18
1 1.26612e-05 1.26612e-05 2.42252e-05 1.1564e-05 18

100 0.0104435 0.00543234 0.0126733 0.00397134 6
1 0 0 0 0 1.5

64 0.01184 0.0111012 0.0264552 0.0151893 6
29 0.0391069 7.97516e-07 0.0322397 0.013661 18

37 0.0128891 0.012205 0.0465653 0.0340643 6
21 0.0540048 0.0539152 0.0539664 4.43459e-05 18
3 0.353102 0.312683 0.326156 0.0190537 18
1 0.464598 0.464598 0.464598 0 6
2 0.0758453 0.0758453 0.0758453 0 18
2 0.0467863 0.0412891 0.0630211 0.0191813 3
1 0.000895069 0.000895069 0.000895069 0 21
1 5.78199e-06 5.78199e-06 2.3128e-05 1.7346e-05 18

38 0.0228455 0.0207747 0.0465031 0.0253815 6
24 0.0252022 0.0252022 0.0472176 0.0220154 18
17 0.0623122 0.000868856 0.0483989 0.0194302 18
1 0.464598 0.464598 0.464598 0 6
2 0.0758453 0.0758453 0.0758453 0 18
2 0.0701794 0.0619336 0.0660565 0.00412293 3
1 0.058587 0.058587 0.058587 0 6
1 0.0428084 0.0428084 0.0428084 0 12
1 0.00506759 0.00506759 0.00506759 0 18
1 0.000895069 0.000895069 0.000895069 0 21
1 1.1564e-05 1.1564e-05 2.3128e-05 1.1564e-05 18

36 0.0241147 0.0220685 0.0472993 0.0245966 6
23 0.0182919 0.0182919 0.0485364 0.0302444 18
18 0.0504432 0.044669 0.0491658 0.00374496 15
1 0.464598 0.464598 0.464598 0 6
2 0.127822 0.0495747 0.0886984 0.0391237 15
3 0.0303381 0.0303381 0.0505636 0.0202254 18
1 0.123867 0.123867 0.123867 0 3
1 0.058587 0.058587 0.058587 0 6
1 0.0428084 0.0428084 0.0428084 0 12
1 0.0025338 0.0025338 0.00506759 0.0025338 18
1 0.000895069 0.000895069 0.000895069 0 21
1 1.59835e-05 1.59835e-05 2.75474e-05 1.1564e-05 18

35 0.0226035 0.0205705 0.0493314 0.0285071 6
22 0.0231449 0.0231449 0.0495478 0.0264029 18
18 0.0441378 0.0390854 0.050544 0.00928274 18
1 0.464598 0.464598 0.464598 0 6
1 0.255644 0.255644 0.255644 0 18
3 0.0379227 0.0379227 0.0505636 0.0126409 18
1 0.123867 0.123867 0.123867 0 3
1 0.058587 0.058587 0.058587 0 6
1 0.0428084 0.0428084 0.0428084 0 12
1 0.0025338 0.0025338 0.00506759 0.0025338 18
1 0.000298356 0.000298356 0.000735357 0.000437001 21
1 1.06556e-05 1.06556e-05 2.60743e-05 1.54186e-05 18

36 0.0235552 0.0214366 0.047891 0.0258264 6
23 0.0222373 0.0222373 0.0484065 0.0261693 18
19 0.0441378 0.0390854 0.0484929 0.00720444 21
1 0.464598 0.464598 0.464598 0 6
3 0.0379227 0.0379227 0.0505636 0.0126409 18
2 0.0758453 0.0758453 0.0758453 0 18
1 0.123867 0.123867 0.123867 0 3
1 0.058587 0.058587 0.058587 0 6
1 0.0428084 0.0428084 0.0428084 0 12
1 0.00506759 0.00506759 0.00506759 0 18
1 0.00123374 0.00123374 0.0017506 0.000516857 21
1 0.000954286 0.000954286 0.000954286 0 18
1 3.19669e-05 3.19669e-05 3.19669e-05 0 18

38 0.0228341 0.0214785 0.0498068 0.0277672 6
22 0.0218096 0.0218096 0.0511818 0.0293722 18
19 0.0481503 0.0426386 0.0501001 0.00532658 18
1 0.464598 0.464598 0.464598 0 6
3 0.0505636 0.0505636 0.0505636 0 18
2 0.0758453 0.0758453 0.0758453 0 18
2 0.0619336 0.0607572 0.0613454 0.000588171 3
1 0.0293231 0.0293231 0.0586166 0.0292935 6
1 0.0428084 0.0428084 0.0428084 0 12
1 0.00506759 0.00506759 0.00506759 0 18
1 0.00370123 0.00370123 0.00370123 0 18
1 0.000318095 0.000318095 0.000954286 0.000636191 18
1 1.06556e-05 1.06556e-05 2.60743e-05 1.54186e-05 18

36 0.0205298 0.0199112 0.0497123 0.0296549 6
22 0.025775 0.025775 0.0494148 0.0236398 18
20 0.0504432 0.044669 0.0500783 0.0036387 18
1 0.464598 0.464598 0.464598 0 6
3 0.0303381 0.0303381 0.0505636 0.0202254 18
3 0.0379227 0.0379227 0.0505636 0.0126409 18
1 0.123867 0.123867 0.123867 0 3
1 0.0293231 0.0293231 0.0586461 0.0293231 6
1 0.0428084 0.0428084 0.0428084 0 12
1 0.0025338 0.0025338 0.00506759 0.0025338 18
1 0.00370123 0.00370123 0.00370123 0 18
1 0.000954286 0.000954286 0.000954286 0 18
1 3.19669e-05 3.19669e-05 3.19669e-05 0 18

40 0.0264135 0.0249462 0.0515755 0.0261894 6
21 0.0195535 0.0195535 0.0515169 0.0319634 18
19 0.0392336 0.0347426 0.0522075 0.014788 18
1 0.464598 0.464598 0.464598 0 6
2 0.0303381 0.0303381 0.0758453 0.0455072 18
2 0.0505636 0.0505636 0.0758453 0.0252818 18
1 0.123867 0.123867 0.123867 0 3
1 0.0586461 0.0586461 0.0586461 0 6
1 0.0428084 0.0428084 0.0428084 0 12
1 0.00534103 0.00534103 0.00719164 0.00185061 18
1 0.0025338 0.0025338 0.00506759 0.0025338 18
1 0.000954286 0.000954286 0.000954286 0 18
1 1.06556e-05 1.06556e-05 2.60743e-05 1.54186e-05 18

38 0.022211 0.0215168 0.0508054 0.0292141 1.5
21 0.0231449 0.0231449 0.0513418 0.0281969 18
20 0.0529653 0.0469025 0.0506202 0.00289164 18
2 0.232299 0.160262 0.196281 0.0360187 3
3 0.0505636 0.0505636 0.0505636 0 18
3 0.0505636 0.0505636 0.0505636 0 18
1 0.123867 0.123867 0.123867 0 3
1 0.0293231 0.0293231 0.0586461 0.0293231 6
1 0.0428084 0.0428084 0.0428084 0 12
1 0.00534103 0.00534103 0.00963714 0.00429611 18
1 0.0025338 0.0025338 0.00506759 0.0025338 18
1 0.000954286 0.000954286 0.000954286 0 18
1 1.59835e-05 1.59835e-05 2.75474e-05 1.1564e-05 18

100 0.0119686 0.00587617 0.0140595 0.00428685 6
1 0 0 0 0 1.5

66 0.0148073 0.0143445 0.0301359 0.0156674 6
33 0.0252022 0.0252022 0.0304407 0.00523847 18

37 0.0147699 0.0142649 0.0554227 0.0410569 6
20 0.0354406 0.0354406 0.056705 0.0212644 18
1 1.1341 1.1341 1.1341 0 18
1 0.970044 0.970044 0.970044 0 18
2 0.0758453 0.0758453 0.0758453 0 18
1 0.00534103 0.00534103 0.0106821 0.00534103 18
1 2.22944e-05 2.22944e-05 2.22944e-05 0 18

34 0.0259691 0.0252525 0.0596083 0.0342255 6
7 0.162014 0.162014 0.162014 0 18
18 0.0222373 0.0222373 0.0585809 0.0363436 18
4 0.242511 0.242511 0.242511 0 18
1 0.441678 0.441678 0.441678 0 6
2 0.0758453 0.0758453 0.0758453 0 18
1 0.0106821 0.0106821 0.0106821 0 18
1 0.0016892 0.0016892 0.00506759 0.00337839 18
1 0.000954286 0.000954286 0.000954286 0 18
1 1.11472e-05 1.11472e-05 2.22944e-05 1.11472e-05 18

33 0.0268544 0.0262493 0.0604138 0.0340813 6
18 0.0365839 0.0365839 0.0613771 0.0247932 18
18 0.0306514 0.0306514 0.0602961 0.0296448 18
4 0.242511 0.242511 0.242511 0 18
1 0.441678 0.441678 0.441678 0 6
2 0.0505636 0.0505636 0.0758453 0.0252818 18
1 0.151691 0.151691 0.151691 0 18
1 0.0282922 0.0282922 0.0282922 0 18
1 0.0106821 0.0106821 0.0106821 0 18
1 0.00506759 0.00506759 0.00506759 0 18
1 0.000954286 0.000954286 0.000954286 0 18
1 2.22944e-05 2.22944e-05 2.22944e-05 0 18

34 0.0310946 0.030394 0.0615853 0.0309469 1.5
18 0.0263744 0.0263744 0.0630056 0.0366311 18
18 0.0246544 0.0246544 0.0613505 0.0366961 18
4 0.242511 0.242511 0.242511 0 18
1 0.441678 0.441678 0.441678 0 6
2 0.0505636 0.0505636 0.0758453 0.0252818 18
2 0.0758453 0.0758453 0.0758453 0 18
1 0.0282922 0.0282922 0.0282922 0 18
1 0.0106821 0.0106821 0.0106821 0 18
1 0.0016892 0.0016892 0.00506759 0.00337839 18
1 0.000954286 0.000954286 0.000954286 0 18
1 2.22944e-05 2.22944e-05 2.22944e-05 0 18

100 0.0131368 0.00616359 0.0150301 0.00457695 18

45 0.01781 0.0168799 0.0514169 0.034508 6
21 0.0354406 0.0354406 0.0523881 0.0169475 18
2 0.485022 0.485022 0.485022 0 18
11 0.0493087 0.0493087 0.0538565 0.00454777 18
2 0.0758453 0.0758453 0.0758453 0 18
1 0.0106821 0.0106821 0.0106821 0 18

37 0.0218719 0.0207297 0.0561157 0.0352416 6
11 0.1031 0.1031 0.1031 0 18
19 0.0236271 0.0236271 0.0569361 0.033309 18
2 0.485022 0.485022 0.485022 0 18
2 0.0505636 0.0505636 0.0758453 0.0252818 18
1 0.0666205 0.0666205 0.0666205 0 18
1 0.0106821 0.0106821 0.0106821 0 18
1 1.11472e-05 1.11472e-05 2.22944e-05 1.11472e-05 18

36 0.0257052 0.0243628 0.0570335 0.0323958 6
20 0.0472542 0.0472542 0.056705 0.00945083 18
18 0.0290795 0.0290795 0.058315 0.0292355 21
4 0.242511 0.242511 0.242511 0 18
2 0.0758453 0.0758453 0.0758453 0 18
1 0.151691 0.151691 0.151691 0 18
1 0.0666205 0.0666205 0.0666205 0 18
1 0.0593581 0.0593581 0.0593581 0 6
1 0.00534103 0.00534103 0.0106821 0.00534103 18
1 0.00506759 0.00506759 0.00506759 0 18
1 0.000954286 0.000954286 0.000954286 0 18
1 2.22944e-05 2.22944e-05 2.22944e-05 0 18

35 0.0254429 0.0241142 0.0577862 0.0330241 6
20 0.0354406 0.0354406 0.056705 0.0212644 18
19 0.0283525 0.0283525 0.0571632 0.0288107 18
4 0.242511 0.242511 0.242511 0 18
2 0.0505636 0.0505636 0.0758453 0.0252818 18
1 0.151691 0.151691 0.151691 0 18
1 0.0666205 0.0666205 0.0666205 0 18
1 0.0593581 0.0593581 0.0593581 0 6
1 0.00534103 0.00534103 0.0106821 0.00534103 18
1 0.00506759 0.00506759 0.00506759 0 18
1 0.000954286 0.000954286 0.000954286 0 18
1 7.43146e-06 7.43146e-06 2.22944e-05 1.48629e-05 18

36 0.0250169 0.0239324 0.0568139 0.0323563 6
19 0.0420037 0.0420037 0.0592792 0.0172755 18
19 0.027661 0.027661 0.0569837 0.0293227 18
4 0.242511 0.242511 0.242511 0 18
2 0.0758453 0.0758453 0.0758453 0 18
2 0.0758453 0.0758453 0.0758453 0 18
1 0.0666205 0.0666205 0.0666205 0 18
1 0.0593581 0.0593581 0.0593581 0 6
1 0.0106821 0.0106821 0.0106821 0 18
1 0.00506759 0.00506759 0.00506759 0 18
1 0.000238572 0.000238572 0.000954286 0.000715715 18
1 1.11472e-05 1.11472e-05 2.22944e-05 1.11472e-05 18

1 2.6576 2.6576 2.6576 0 6
24 0.027363 0.0262463 0.0894933 0.0631571 6
13 0.0378033 0.0378033 0.0872155 0.0494122 18
13 0.0263744 0.0263744 0.0871534 0.060779 18
4 0.242511 0.242511 0.242511 0 18
1 0.154185 0.154185 0.154185 0 3
1 0.0505636 0.0505636 0.151691 0.101127 18
1 0.0758453 0.0758453 0.151691 0.0758453 18
1 0.0666205 0.0666205 0.0666205 0 18
1 0.029679 0.029679 0.0593581 0.029679 6
1 0.00534103 0.00534103 0.0106821 0.00534103 18
1 0.00506759 0.00506759 0.00506759 0 18
1 0.000954286 0.000954286 0.000954286 0 18
1 1.41936e-05 1.41936e-05 2.53407e-05 1.11472e-05 18

37 0.0265519 0.0245235 0.0618587 0.0368044 6
14 0.0810072 0.0810072 0.0810072 1.38778e-17 18
18 0.045364 0.045364 0.0617438 0.0163798 18
5 0.200371 0.194009 0.195281 0.00254475 18
1 0.154185 0.154185 0.154185 0 3
2 0.0758453 0.0758453 0.0758453 0 18
1 0.151691 0.151691 0.151691 0 18
1 0.0666205 0.0666205 0.0666205 0 18
1 0.0593581 0.0593581 0.0593581 0 6
1 0.00678961 0.00678961 0.0230393 0.0162497 18
1 0.00506759 0.00506759 0.00506759 0 18
1 0.000954286 0.000954286 0.000954286 0 18
1 1.41936e-05 1.41936e-05 2.83871e-05 1.41936e-05 18

38 0.033506 0.0316381 0.0631156 0.0314298 6
18 0.0283525 0.0283525 0.0630056 0.0346531 18
17 0.0283657 0.027661 0.0621836 0.0344816 18
6 0.166976 0.161674 0.163441 0.00249918 18
1 0.154185 0.154185 0.154185 0 3
2 0.0758453 0.0758453 0.0758453 0 18
2 0.0758453 0.0758453 0.0758453 0 18
1 0.0666205 0.0666205 0.0666205 0 18
1 0.0593581 0.0593581 0.0593581 0 6
1 0.00905281 0.00905281 0.0271584 0.0181056 18
1 0.00506759 0.00506759 0.00506759 0 18
1 0.000954286 0.000954286 0.000954286 0 18
1 2.83871e-05 2.83871e-05 2.83871e-05 0 18

39 0.0284293 0.0268444 0.0626014 0.0357172 6
17 0.025775 0.025775 0.0653534 0.0395784 18
17 0.050565 0.0493087 0.0640617 0.0146821 18
7 0.143122 0.138578 0.140525 0.0022488 18
1 0.154185 0.154185 0.154185 0 3
2 0.0758453 0.0758453 0.0758453 0 18
2 0.0379227 0.0379227 0.0758453 0.0379227 18
1 0.0666205 0.0666205 0.0666205 0 18
1 0.019786 0.019786 0.0593581 0.039572 6
1 0.0271584 0.0271584 0.0271584 0 18
1 0.0025338 0.0025338 0.00506759 0.0025338 18
1 0.000954286 0.000954286 0.000954286 0 18
1 1.41936e-05 1.41936e-05 2.83871e-05 1.41936e-05 18

37 0.0290155 0.0273979 0.0663306 0.0388899 6
17 0.0290795 0.0290795 0.0662229 0.0371434 18
16 0.0430739 0.0420037 0.0688063 0.026737 18
7 0.143122 0.138578 0.140525 0.0022488 18
1 0.239259 0.239259 0.239259 0 6
1 0.154185 0.154185 0.154185 0 3
2 0.0505636 0.0505636 0.0758453 0.0252818 18
2 0.0505636 0.0505636 0.0758453 0.0252818 18
1 0.0666205 0.0666205 0.0666205 0 18
1 0.0593581 0.0593581 0.0593581 0 6
1 0.00905281 0.00905281 0.0271584 0.0181056 18
1 0.0016892 0.0016892 0.00506759 0.00337839 18
1 0.000477143 0.000477143 0.000954286 0.000477143 18
1 9.46237e-06 9.46237e-06 2.83871e-05 1.89247e-05 18

35 0.0284293 0.0268444 0.0647944 0.0378612 6
17 0.0484581 0.0472542 0.0667826 0.0194597 18
17 0.0252022 0.0252022 0.0644067 0.0392045 18
7 0.143122 0.138578 0.140525 0.0022488 18
1 0.239259 0.239259 0.239259 0 6
1 0.154185 0.154185 0.154185 0 3
2 0.0758453 0.0758453 0.0758453 0 18
2 0.0758453 0.0758453 0.0758453 0 18
1 0.0666205 0.0666205 0.0666205 0 18
1 0.0593581 0.0593581 0.0593581 0 6
1 0.0135792 0.0135792 0.0271584 0.0135792 18
1 0.00506759 0.00506759 0.00506759 0 18
1 0.000477143 0.000477143 0.000954286 0.000477143 18
1 2.83871e-05 2.83871e-05 2.83871e-05 0 18

35 0.0304031 0.0285763 0.0644134 0.0356035 6
17 0.0354406 0.0354406 0.066116 0.0306754 18
16 0.0306051 0.0298447 0.0658583 0.0359194 18
7 0.143122 0.138578 0.140525 0.0022488 18
1 0.239259 0.239259 0.239259 0 6
1 0.154185 0.154185 0.154185 0 3
2 0.0758453 0.0758453 0.0758453 0 18
2 0.0758453 0.0758453 0.0758453 0 18
1 0.0666205 0.0666205 0.0666205 0 18
1 0.019786 0.019786 0.0588835 0.0390974 6
1 0.0135792 0.0135792 0.0271584 0.0135792 18
1 0.0016892 0.0016892 0.00506759 0.00337839 18
1 0.000477143 0.000477143 0.000954286 0.000477143 18
1 2.83871e-05 2.83871e-05 2.83871e-05 0 18

35 0.0317877 0.0298607 0.0654307 0.0349452 6
16 0.0726872 0.0708813 0.071107 0.000597256 18
17 0.0195535 0.0195535 0.0648681 0.0453146 18
8 0.125232 0.121255 0.123244 0.00198809 18
1 0.239259 0.239259 0.239259 0 6
2 0.0567605 0.052091 0.0801233 0.0258033 3
2 0.0758453 0.0758453 0.0758453 0 18
2 0.0758453 0.0758453 0.0758453 0 18
1 0.0666205 0.0666205 0.0666205 0 18
1 0.0593581 0.0593581 0.0593581 0 6
1 0.0535449 0.0535449 0.0535449 0 12
1 0.0135792 0.0135792 0.0271584 0.0135792 18
1 0.00506759 0.00506759 0.00506759 0 18
1 0.000954286 0.000954286 0.000954286 0 18
1 2.83871e-05 2.83871e-05 2.83871e-05 0 18

33 0.031089 0.0292044 0.0687722 0.038221 6
16 0.0667118 0.0667118 0.0708813 0.00416949 18
15 0.0215369 0.0210019 0.0716064 0.0504268 18
8 0.125232 0.121255 0.123244 0.00198809 18
1 0.370475 0.370475 0.370475 0 18
1 0.239259 0.239259 0.239259 0 6
2 0.0851408 0.0781365 0.0816386 0.00350212 3
2 0.0758453 0.0758453 0.0758453 0 18
2 0.0758453 0.0758453 0.0758453 0 18
1 0.0666205 0.0666205 0.0666205 0 18
1 0.0593581 0.0593581 0.0593581 0 6
1 0.0535449 0.0535449 0.0535449 0 12
1 0.0271584 0.0271584 0.0271584 0 18
1 0.00101352 0.00101352 0.00506759 0.00405407 18
1 0.000477143 0.000477143 0.000954286 0.000477143 18
1 2.83871e-05 2.83871e-05 2.83871e-05 0 18

34 0.0325184 0.0323506 0.0714596 0.0390777 6
16 0.0726872 0.0708813 0.0714456 0.000837072 18
15 0.0202518 0.0202518 0.0734991 0.0532473 18
9 0.111317 0.107783 0.109746 0.00175625 18
1 0.370475 0.370475 0.370475 0 18
1 0.239259 0.239259 0.239259 0 6
2 0.0851408 0.0781365 0.0816386 0.00350212 3
2 0.0379227 0.0379227 0.0758453 0.0379227 18
2 0.0758453 0.0758453 0.0758453 0 18
1 0.0666205 0.0666205 0.0666205 0 18
1 0.029679 0.029679 0.0593581 0.029679 6
1 0.0535449 0.0535449 0.0535449 0 12
1 0.0271584 0.0271584 0.0271584 0 18
1 0.0025338 0.0025338 0.00506759 0.0025338 18
1 0.000954286 0.000954286 0.000954286 0 18
1 2.83871e-05 2.83871e-05 2.83871e-05 0 18

35 0.0340856 0.0339097 0.0706129 0.0366364 6
15 0.0756067 0.0756067 0.0756067 1.38778e-17 18
14 0.018758 0.0182919 0.0736409 0.0549498 18
9 0.111317 0.107783 0.109746 0.00175625 18
1 0.370475 0.370475 0.370475 0 18
1 0.239259 0.239259 0.239259 0 6
2 0.0851408 0.0781365 0.0816386 0.00350212 3
2 0.0505636 0.0505636 0.0758453 0.0252818 18
2 0.0758453 0.0758453 0.0758453 0 18
1 0.0593581 0.0593581 0.0593581 0 6
1 0.0535449 0.0535449 0.0535449 0 12
1 0.0333102 0.0333102 0.0466145 0.0133042 18
1 0.00905281 0.00905281 0.0271584 0.0181056 18
1 0.00506759 0.00506759 0.00506759 0 18
1 0.000954286 0.000954286 0.000954286 0 18
1 1.41936e-05 1.41936e-05 2.83871e-05 1.41936e-05 18

34 0.0345012 0.0343232 0.0709888 0.0365268 6
14 0.0830711 0.0810072 0.0827762 0.000722222 18
15 0.0177203 0.0177203 0.0716576 0.0539373 18
10 0.100185 0.0970044 0.0989129 0.00155834 18
1 0.370475 0.370475 0.370475 0 18
1 0.239259 0.239259 0.239259 0 6
2 0.0851408 0.0781365 0.0816386 0.00350212 3
2 0.0758453 0.0758453 0.0758453 0 18
2 0.0505636 0.0505636 0.0758453 0.0252818 18
1 0.0666205 0.0666205 0.0666205 0 18
1 0.029679 0.029679 0.0593581 0.029679 6
1 0.0535449 0.0535449 0.0535449 0 12
1 0.0271584 0.0271584 0.0271584 0 18
1 0.00506759 0.00506759 0.00506759 0 18
1 0.000954286 0.000954286 0.000954286 0 18
1 1.41936e-05 1.41936e-05 2.83871e-05 1.41936e-05 18

36 0.0384489 0.0382092 0.0691477 0.0309288 6
15 0.0756067 0.0756067 0.0756067 1.38778e-17 18
16 0.0181718 0.0181718 0.0693565 0.0511847 18
12 0.0834878 0.080837 0.0826042 0.00124959 18
1 0.370475 0.370475 0.370475 0 18
2 0.0851408 0.0781365 0.0816386 0.00350212 3
2 0.0505636 0.0505636 0.0758453 0.0252818 18
2 0.0758453 0.0758453 0.0758453 0 18
1 0.0666205 0.0666205 0.0666205 0 18
1 0.019786 0.019786 0.058865 0.039079 6
1 0.0535449 0.0535449 0.0535449 0 12
1 0.0135792 0.0135792 0.0271584 0.0135792 18
1 0.00506759 0.00506759 0.00506759 0 18
1 0.000238572 0.000238572 0.000954286 0.000715715 18
1 9.46237e-06 9.46237e-06 2.83871e-05 1.89247e-05 18

35 0.0305937 0.0304031 0.0683254 0.0379065 6
17 0.0646108 0.0630056 0.0682226 0.00372541 18
16 0.0213981 0.0213981 0.0690059 0.0476078 18
12 0.0834878 0.080837 0.0826042 0.00124959 18
1 0.370475 0.370475 0.370475 0 18
2 0.0851408 0.0781365 0.0816386 0.00350212 3
2 0.0758453 0.0758453 0.0758453 0 18
2 0.0758453 0.0758453 0.0758453 0 18
1 0.0666205 0.0666205 0.0666205 0 18
1 0.029679 0.029679 0.0593581 0.029679 6
1 0.0535449 0.0535449 0.0535449 0 12
1 0.0135792 0.0135792 0.0271584 0.0135792 18
1 0.0025338 0.0025338 0.00506759 0.0025338 18
1 0.000954286 0.000954286 0.000954286 0 18
1 2.83871e-05 2.83871e-05 2.83871e-05 0 18

34 0.032332 0.0321305 0.0662027 0.0340383 6
16 0.0708813 0.0708813 0.0708813 0 18
17 0.0207678 0.0207678 0.0666785 0.0459107 18
14 0.0715609 0.0692888 0.0709118 0.00102643 18
1 0.370475 0.370475 0.370475 0 18
2 0.0851408 0.0781365 0.0816386 0.00350212 3
2 0.0303381 0.0303381 0.0758453 0.0455072 18
2 0.0505636 0.0505636 0.0758453 0.0252818 18
1 0.0666205 0.0666205 0.0666205 0 18
1 0.0593581 0.0593581 0.0593581 0 6
1 0.0535449 0.0535449 0.0535449 0 12
1 0.0135792 0.0135792 0.0271584 0.0135792 18
1 0.00506759 0.00506759 0.00506759 0 18
1 0.000477143 0.000477143 0.000954286 0.000477143 18
1 2.83871e-05 2.83871e-05 2.83871e-05 0 18

36 0.0359004 0.0332836 0.0680136 0.0345964 1.5
17 0.0684115 0.0684115 0.0684115 2.77556e-17 18
16 0.0185918 0.0185918 0.0696731 0.0510813 18
14 0.0667902 0.0646696 0.070955 0.0047005 18
1 0.370475 0.370475 0.370475 0 18
2 0.0851408 0.0781365 0.0816386 0.00350212 3
2 0.0505636 0.0505636 0.0758453 0.0252818 18
2 0.0758453 0.0758453 0.0758453 0 18
1 0.0666205 0.0666205 0.0666205 0 18
1 0.029679 0.029679 0.0593581 0.029679 6
1 0.0535449 0.0535449 0.0535449 0 12
1 0.0271584 0.0271584 0.0271584 0 18
1 0.0025338 0.0025338 0.00506759 0.0025338 18
1 0.000954286 0.000954286 0.000954286 0 18
1 2.83871e-05 2.83871e-05 2.83871e-05 0 18

100 0.01549 0.00590353 0.0160117 0.00516949 18

55 0.0206185 0.0191156 0.0491593 0.0297803 6
23 0.0290749 0.0290749 0.0496576 0.0205827 18
1 1.00185 1.00185 1.00185 0 18
1 0.0271584 0.0271584 0.0271584 0 18
1 0.000954286 0.000954286 0.000954286 0 18
1 2.83871e-05 2.83871e-05 2.83871e-05 0 18
1 0 0 0 0 1.5

52 0.0331689 0.0309263 0.0489744 0.0176003 9
22 0.0145374 0.0145374 0.0500237 0.0354862 18
2 0.500927 0.500927 0.500927 0 18
3 0.152975 0.0195658 0.0686538 0.0598917 6
1 0.0271584 0.0271584 0.0271584 0 18
1 0.000238572 0.000238572 0.000954286 0.000715715 18
1 2.83871e-05 2.83871e-05 2.83871e-05 0 18

50 0.0294928 0.0273579 0.0502056 0.0221657 9
22 0.0173581 0.0173581 0.0504202 0.033062 18
2 0.500927 0.500927 0.500927 0 18
1 0.151691 0.151691 0.151691 0 18
1 0.100262 0.100262 0.100262 0 6
1 0.0293487 0.0293487 0.0586441 0.0292954 6
1 0.0135792 0.0135792 0.0271584 0.0135792 18
1 0.000477143 0.000477143 0.000954286 0.000477143 18
1 2.83871e-05 2.83871e-05 2.83871e-05 0 18

48 0.0309364 0.0273064 0.0525684 0.024066 9
22 0.0181718 0.0181718 0.0519485 0.0337767 18
3 0.333951 0.333951 0.333951 0 18
1 0.151691 0.151691 0.151691 0 18
1 0.151691 0.151691 0.151691 0 18
1 0.100262 0.100262 0.100262 0 6
1 0.0586974 0.0586974 0.0586974 0 6
1 0.0271584 0.0271584 0.0271584 0 18
1 0.00506759 0.00506759 0.00506759 0 18
1 0.000954286 0.000954286 0.000954286 0 18
1 2.83871e-05 2.83871e-05 2.83871e-05 0 18

49 0.0328113 0.0306243 0.0545412 0.0236436 1.5
21 0.0176211 0.0176211 0.0538836 0.0362624 18
3 0.333951 0.333951 0.333951 0 18
2 0.0758453 0.0758453 0.0758453 0 18
2 0.0758453 0.0758453 0.0758453 0 18
1 0.100262 0.100262 0.100262 0 6
1 0.0586974 0.0586974 0.0586974 0 6
1 0.0493069 0.0493069 0.0493069 0 18
1 0.0135792 0.0135792 0.0271584 0.0135792 18
1 0.00506759 0.00506759 0.00506759 0 18
1 0.000954286 0.000954286 0.000954286 0 18
1 1.41936e-05 1.41936e-05 2.83871e-05 1.41936e-05 18

100 0.0182823 0.00632063 0.0185666 0.00491586 18

73 0.0202647 0.0183827 0.0414292 0.0228371 9
22 0.0363436 0.0363436 0.0429515 0.00660793 18
1 0.151691 0.151691 0.151691 0 18
1 2.83871e-05 2.83871e-05 2.83871e-05 0 18

