1 0.0522536 0.0522536 0.0522536 0 2
1 1e-08 1e-08 1e-08 0 0
1 1e-08 1e-08 1e-08 0 2
1 1e-08 1e-08 1e-08 0 2
1 1e-08 1e-08 1e-08 0 2

94 0.0132419 0.000355962 0.00178261 0.00368007 2.66667
1 3.33333e-09 3.33333e-09 1e-08 6.66667e-09 0
1 5e-09 5e-09 1e-08 5e-09 2
1 3.33333e-09 3.33333e-09 1e-08 6.66667e-09 2
1 3.33333e-09 3.33333e-09 1e-08 6.66667e-09 2

2 0.622369 0.622369 0.622369 0 2.66667
2 0.612279 0.612279 0.612279 0 2.66667
1 1.22454 1.22454 1.22454 0 2.66667
1 1.22454 1.22454 1.22454 0 2.66667
1 1.22454 1.22454 1.22454 0 2.66667
1 1.22454 1.22454 1.22454 0 2.66667
2 0.612272 0.612272 0.612272 0 2.66667
1 1.22454 1.22454 1.22454 0 2.66667
1 1.22454 1.22454 1.22454 0 2.66667
1 1.22454 1.22454 1.22454 0 2.66667
1 1.22453 1.22453 1.22453 0 2.66667
2 0.612272 0.61221 0.612241 3.10645e-05 2.66667
1 1.22443 1.22443 1.22443 0 2.66667
1 1.22436 1.22436 1.22436 0 2.66667
2 0.612164 0.612164 0.612164 0 2.66667
4 0.244909 0.244909 0.244909 2.13466e-07 2.66667
2 0.408181 3.33333e-09 0.204091 0.204091 0
1 0.339825 0.339825 0.339825 0 2.66667
1 0.00784885 0.00784885 0.0662135 0.0583647 2
1 0.0522536 0.0522536 0.0522536 0 2.5
1 1e-08 1e-08 1e-08 0 2.66667
1 3.33333e-09 3.33333e-09 1e-08 6.66667e-09 2
1 2.5e-09 2.5e-09 1e-08 7.5e-09 2
1 2.5e-09 2.5e-09 1e-08 7.5e-09 2

8 0.760643 0.153068 0.229015 0.200936 2.66667
6 0.204093 0.204093 0.204093 2.77556e-17 2.66667
4 0.306136 0.306136 0.306136 0 2.66667
6 0.204091 0.204091 0.204091 0 2.66667
6 0.174904 0.174904 0.204055 0.0291507 2.66667
6 0.136061 0.13606 0.186899 0.0508388 2.66667
5 0.0941957 0.0941957 0.223265 0.129069 2.66667
5 0.13606 0.13606 0.218858 0.0827978 0.666667
5 0.153068 0.153068 0.214295 0.0612272 2.66667
5 0.153068 0.153068 0.214295 0.0612272 2.66667
5 0.174935 0.174935 0.209922 0.034987 2.66667
5 0.244906 2e-09 0.195925 0.0979623 2.66667
5 0.244871 2e-09 0.195897 0.0979486 2.66667
4 0.153054 0.153054 0.231214 0.0781605 2.8
4 0.306136 2.5e-09 0.229602 0.132561 2.66667
4 0.124474 0.124474 0.188498 0.0640239 2.66667
1 0.339825 0.339825 0.339825 0 2.66667
1 0.306136 0.306136 0.306136 7.5e-09 0.666667
1 0.20407 0.20407 0.212779 0.00870895 2.5
1 0.0174239 0.0174239 0.0174239 6.66667e-09 2
1 1e-08 1e-08 1e-08 0 2
1 1e-08 1e-08 1e-08 0 2

9 1.33044 0.111322 0.250378 0.383149 2.66667
6 0.234044 0.0470979 0.27435 0.163199 2.66667
6 0.396811 0.0941967 0.254529 0.157467 2.66667
6 0.391437 0.102046 0.250168 0.136463 2.66667
5 0.26008 0.204072 0.256088 0.0465588 2.66667
4 0.311184 0.311184 0.311184 0 2.66667
1 1.22456 1.22456 1.22456 0 0.8
5 0.111322 0.111322 0.244909 0.133587 2.66667
5 0.122454 0.122454 0.244909 0.122454 2.66667
1 1.22454 1.22454 1.22454 0 0.8
5 0.13606 0.13606 0.244909 0.108848 2.66667
1 1.22442 1.22442 1.22442 0 2.66667
4 0.111322 0.111322 0.29741 0.186088 2.66667
4 0.13606 0.13606 0.273573 0.137512 2.66667
4 0.13604 0.13604 0.272079 0.13604 2.66667
3 0.0680183 0.0680183 0.317419 0.2494 2.66667
3 0.306136 0.306136 0.306136 8.33333e-10 2.66667
3 0.0874664 0.0874664 0.291555 0.204088 2.8
3 0.102045 0.102045 0.288749 0.186703 2.66667
1 0.339825 0.339825 0.339825 0 2.66667
1 0.0522716 0.0522716 0.0522716 0 2.8
1 0.0522702 0.0522702 0.0522702 0 2.8
1 1e-08 1e-08 1e-08 0 2
1 1e-08 1e-08 1e-08 0 2
1 1e-08 1e-08 1e-08 0 0.666667
1 1e-08 1e-08 1e-08 0 2.66667

11 0.731742 0.0612272 0.288861 0.301958 2.66667
8 0.434653 0.0874675 0.282927 0.174965 2.66667
6 0.335517 0.0874676 0.285213 0.13818 2.66667
6 0.286586 0.068031 0.28252 0.151693 2.66667
4 0.173387 0.136048 0.324777 0.171082 2.66667
1 1.24316 1.24316 1.24316 0 0.8
3 0.408181 0.408181 0.408181 0 2.66667
3 0.408181 0.408181 0.408181 0 2.66667
4 0.306136 0.306136 0.306136 0 2.66667
4 0.306136 0.306136 0.306136 0 2.66667
4 0.174935 0.174935 0.306136 0.131201 0.857143
3 0.408176 0.408176 0.408176 0 2.66667
4 0.306089 0.306089 0.306089 0 2.66667
3 0.40811 0.40811 0.40811 0 2.66667
4 0.102045 0.102045 0.280625 0.178579 2.66667
3 0.0816363 0.0816363 0.353757 0.272121 2.66667
3 0.0941976 0.0941967 0.315316 0.221118 0.8
3 0.076534 0.076534 0.307963 0.231429 2.66667
3 0.306105 0.306105 0.306105 8.33333e-10 2.66667
3 0.113158 0.113158 0.304414 0.191256 2.66667
1 0.339825 0.339825 0.339825 0 2.66667
1 0.0522716 0.0522716 0.0522716 0 2.8
1 5e-09 5e-09 1e-08 5e-09 2
1 1e-08 1e-08 1e-08 0 2
1 1e-08 1e-08 1e-08 0 0.666667
1 1e-08 1e-08 1e-08 0 3.16667

12 0.66522 0.0556611 0.34319 0.302383 2.66667
9 0.243406 0.243406 0.353917 0.110511 2.66667
8 0.644818 1.25e-09 0.37981 0.26912 2.66667
7 0.671035 0.0405069 0.389103 0.255358 2.66667
4 0.290307 0.0874675 0.356846 0.235649 2.66667
4 0.156048 0.156048 0.348114 0.192066 0.666667
4 0.505253 0.13604 0.330373 0.189657 2.66667
3 0.414913 0.414913 0.414913 1.50771e-12 2.66667
3 0.306145 0.306139 0.408189 0.102046 0.8
3 0.408181 0.408181 0.408181 0 2.66667
3 0.408181 0.408181 0.408181 0 2.66667
3 0.306136 0.306136 0.408181 0.102045 2.66667
3 0.204091 0.204091 0.408181 0.204091 0.8
3 0.136059 0.136059 0.408176 0.272118 2.66667
3 0.40814 0.40814 0.40814 0 2.66667
3 0.258746 0.174904 0.377755 0.179314 2.66667
3 0.122454 0.122454 0.367363 0.244909 0.666667
2 0.13606 0.13606 0.479116 0.343055 2.66667
2 0.0874675 0.0874675 0.437337 0.34987 2.66667
2 0.747276 3.33333e-09 0.373638 0.373638 2.66667
2 0.138129 0.138129 0.343563 0.205434 0.8
1 0.339825 0.339825 0.339825 0 2.66667
1 0.0522716 0.0522716 0.0522716 0 2.8
1 1e-08 1e-08 1e-08 0 2
1 1e-08 1e-08 1e-08 0 0.666667
1 1e-08 1e-08 1e-08 0 3.16667
1 1e-08 1e-08 1e-08 0 0.666667
1 1e-08 1e-08 1e-08 0 0.666667

4 5.86916 0.311184 1.70068 2.40667 2.66667
12 0.276597 0.276597 0.438146 0.161549 2.66667
9 0.542031 0.0453535 0.452276 0.246102 2.66667
6 0.180663 0.180663 0.442643 0.26198 2.8
5 1.36584 0.204093 0.477262 0.466489 0.8
4 0.505253 0.13604 0.490696 0.250991 2.66667
4 0.257927 0.257927 0.460825 0.202898 2.66667
4 0.451588 0.13606 0.429885 0.208331 2.66667
3 0.60374 0.40811 0.47332 0.0922212 2.66667
3 0.173387 0.173387 0.462364 0.288978 0.666667
2 0.621579 0.621579 0.621579 0 0.8
2 0.612272 0.612272 0.612272 0 2.66667
2 0.612272 0.612272 0.612272 0 2.66667
2 0.174935 0.174935 0.612272 0.437337 2.66667
2 0.408176 0.408176 0.612265 0.204088 2.66667
2 0.40814 0.40814 0.61221 0.20407 2.66667
2 0.13606 0.13606 0.547146 0.411085 3.16667
2 0.122454 0.122454 0.489818 0.367363 2.66667
2 0.122454 0.122454 0.487097 0.364642 0.8
2 0.306136 0.306136 0.459204 0.153068 0.666667
1 0.339825 0.339825 0.339825 0 2.66667
1 0.0522716 0.0522716 0.0522716 0 2.8
1 1e-08 1e-08 1e-08 0 2
1 1e-08 1e-08 1e-08 0 3.16667
1 1e-08 1e-08 1e-08 0 0.666667
1 1e-08 1e-08 1e-08 0 0.8

1 14.6348 14.6348 14.6348 0 0.666667
13 0.731742 0.333082 0.724625 0.108809 2.66667
8 1.30426 0.0691521 0.764501 0.622434 2.66667
7 0.276597 0.276597 0.751443 0.474846 2.66667
6 0.431319 0.271502 0.721775 0.378961 2.66667
5 0.213511 0.213511 0.812591 0.59908 2.66667
4 0.303152 0.303152 0.709229 0.406077 2.66667
2 2.57927 5e-09 1.28964 1.28964 2.8
3 0.40643 0.40643 0.747739 0.34131 2.66667
2 0.260113 0.260081 0.780257 0.52016 0.666667
2 0.52016 0.52016 0.78024 0.26008 2.66667
1 0.621579 0.621579 1.24316 0.621579 0.8
1 0.612272 0.612272 1.22454 0.612272 2.66667
1 0.612272 0.612272 1.22454 0.612272 2.66667
1 0.612272 0.612272 1.22454 0.612272 2.66667
1 0.612272 0.612272 1.22454 0.612272 2.66667
1 0.612272 0.612272 1.22454 0.612272 2.66667
1 0.612272 0.612272 1.22454 0.612272 0.8
1 0.612272 0.612272 1.22454 0.612272 2.66667
1 0.612265 0.612265 1.22453 0.612265 2.66667
1 0.61221 0.61221 1.22442 0.61221 2.66667
1 0.258746 0.258746 1.0422 0.783458 2.66667
1 0.339825 0.339825 0.339825 0 2.66667
1 0.0522716 0.0522716 0.0522716 0 2.8
1 0.0522716 0.0522716 0.0522716 0 2.8
1 0.0522711 0.0522711 0.0522711 0 0.8
1 0.0522708 0.0522708 0.0522708 0 0.8
1 0.0260128 0.0260128 0.0465103 0.0204975 2.8
1 1e-08 1e-08 1e-08 0 0.8
1 1e-08 1e-08 1e-08 0 0.666667
1 1e-08 1e-08 1e-08 0 2
1 5e-09 5e-09 1e-08 5e-09 2.66667
1 5e-09 5e-09 1e-08 5e-09 2.66667
1 1e-08 1e-08 1e-08 0 2.8

1 14.6348 14.6348 14.6348 0 2.8
16 0.311471 0.304892 0.792316 0.487015 2.66667
11 1.06712 0.056579 0.842953 0.452986 2.66667
8 1.02438 1.25e-09 0.811768 0.376953 0.8
7 0.380321 0.380321 0.814974 0.434653 3.16667
5 0.303152 0.303152 0.848824 0.545673 2.66667
3 1.35477 1.35477 1.35477 0 2.66667
4 0.313631 0.313149 0.973607 0.660337 2.66667
4 0.573172 0.573172 0.789935 0.216763 2.66667
1 1.81122 1.81122 1.81122 0 2.66667
1 0.312136 0.312136 1.25888 0.946744 1.16667
1 1.24316 1.24316 1.24316 0 0.8
1 1.22454 1.22454 1.22454 0 2.66667
1 1.22454 1.22454 1.22454 0 2.66667
1 1.22454 1.22454 1.22454 0 2.66667
1 1.22454 1.22454 1.22454 0 2.66667
1 1.22454 1.22454 1.22454 0 2.66667
1 1.22454 1.22454 1.22454 0 2.66667
1 1.22453 1.22453 1.22453 0 2.66667
1 1.22442 1.22442 1.22442 0 2.66667
1 0.339825 0.339825 0.339825 0 2.66667
1 0.0522716 0.0522716 0.0522716 0 2.8
1 0.0522716 0.0522716 0.0522716 0 2.8
1 0.0522708 0.0522708 0.0522708 0 0.8
1 0.0520256 0.0520256 0.0520256 0 2.8
1 0.00580791 0.00580791 0.0094997 0.00369179 2.66667
1 1e-08 1e-08 1e-08 0 0.8
1 5e-09 5e-09 1e-08 5e-09 2.66667
1 5e-09 5e-09 1e-08 5e-09 2.66667
1 1e-08 1e-08 1e-08 0 2.66667
1 1e-08 1e-08 1e-08 0 2.8
1 1e-08 1e-08 1e-08 0 3.16667
1 1e-08 1e-08 1e-08 0 2.8
1 1e-08 1e-08 1e-08 0 2.66667

17 1.17383 0.0622369 0.919755 0.471578 0.666667
15 0.430437 0.430436 0.947063 0.516626 0.666667
11 0.636297 0.636297 0.930696 0.294399 2.8
4 3.86417 0.00830646 2.17693 1.72122 0.8
6 0.409753 0.409753 0.919885 0.510133 2.66667
1 5.15854 5.15854 5.15854 0 2.8
5 0.304257 0.304257 0.913334 0.609077 3.16667
4 0.522718 0.521916 1.04471 0.522189 2.66667
4 0.324805 0.324805 1.00388 0.679075 2.66667
3 0.580614 0.580614 0.967689 0.387076 2.66667
1 1.56068 1.56068 1.56068 0 1.16667
1 1.24316 1.24316 1.24316 0 0.8
1 1.22454 1.22454 1.22454 0 2.66667
1 1.22454 1.22454 1.22454 0 2.66667
1 1.22454 1.22454 1.22454 0 2.66667
1 1.22454 1.22454 1.22454 0 2.66667
1 1.22454 1.22454 1.22454 0 2.66667
1 1.22454 1.22454 1.22454 0 2.66667
1 1.22453 1.22453 1.22453 0 2.66667
1 1.22442 1.22442 1.22442 0 2.66667
1 0.90561 0.90561 0.931746 0.0261358 2.66667
1 0.433749 0.433749 0.433749 0 2.8
1 0.339825 0.339825 0.339825 0 2.66667
1 0.0522716 0.0522716 0.0522716 0 2.8
1 0.0522708 0.0522708 0.0522708 0 0.8
1 0.0173419 0.0173419 0.0173419 6.66667e-09 2.66667
1 1e-08 1e-08 1e-08 0 2.8
1 1e-08 1e-08 1e-08 0 0.8
1 1e-08 1e-08 1e-08 0 2.66667
1 1e-08 1e-08 1e-08 0 0.666667
1 1e-08 1e-08 1e-08 0 2.66667
1 1e-08 1e-08 1e-08 0 2.8
1 5e-09 5e-09 1e-08 5e-09 2.66667
1 1e-08 1e-08 1e-08 0 2
1 1e-08 1e-08 1e-08 0 0.666667
1 1e-08 1e-08 1e-08 0 0.8
1 5e-09 5e-09 1e-08 5e-09 2.8

15 1.90897 0.690489 1.20798 0.531697 2.66667
1 14.6348 14.6348 14.6348 0 2.66667
11 0.562878 0.562878 1.2281 0.66522 2.8
10 0.297242 0.281439 1.16984 0.882222 0.666667
6 1.02438 1.02438 1.19511 0.17073 0.8
4 0.644818 0.644818 1.28964 0.644818 2.8
1 5.15854 5.15854 5.15854 0 2.8
4 1.21703 1.21703 1.21703 5e-10 3.16667
3 1.13682 1.13682 1.51576 0.378939 2.66667
3 1.35477 1.35477 1.35477 0 2.66667
3 1.01419 1.01419 1.35225 0.338063 2.66667
3 0.940892 0.940892 1.25404 0.313149 2.66667
3 1.17072 1.16914 1.19334 0.0231558 2.8
2 2.34863 0.0261354 1.18738 1.16125 1.16667
1 1.81122 1.81122 1.81122 0 2.66667
1 1.56068 1.56068 1.56068 0 1.16667
1 1.22454 1.22454 1.22454 0 2.66667
1 1.22454 1.22454 1.22454 0 2.66667
1 1.22454 1.22454 1.22454 0 2.66667
1 1.22454 1.22454 1.22454 0 2.66667
1 1.22454 1.22454 1.22454 0 2.66667
1 1.22454 1.22454 1.22454 0 2.66667
1 1.22453 1.22453 1.22453 0 2.66667
1 1.22442 1.22442 1.22442 0 2.66667
1 0.339825 0.339825 0.339825 0 2.66667
1 0.211953 0.211953 0.211953 5e-09 2.8
1 0.0522716 0.0522716 0.0522716 0 2.8
1 0.0173419 0.0173419 0.0380333 0.0206915 2.8
1 0.00916436 0.00916436 0.00916436 5e-09 0.8
1 1e-08 1e-08 1e-08 0 3.16667
1 1e-08 1e-08 1e-08 0 3.16667
1 1e-08 1e-08 1e-08 0 2.66667
1 5e-09 5e-09 1e-08 5e-09 0.8
1 1e-08 1e-08 1e-08 0 2.8
1 1e-08 1e-08 1e-08 0 0.8
1 1e-08 1e-08 1e-08 0 2.8
1 1e-08 1e-08 1e-08 0 0.8
1 1e-08 1e-08 1e-08 0 0.666667
1 5e-09 5e-09 1e-08 5e-09 2.8
1 1e-08 1e-08 1e-08 0 2.66667
1 1e-08 1e-08 1e-08 0 2.66667
1 1e-08 1e-08 1e-08 0 2.66667
1 1e-08 1e-08 1e-08 0 0.666667

20 1.75419 0.634504 1.13471 0.506838 2.66667
12 0.872605 0.830529 1.14348 0.298107 0.8
11 0.542031 0.542031 1.20685 0.66482 2.8
10 0.696901 0.696897 1.18513 0.488235 2.66667
2 4.09753 4.09753 4.09753 0 2.8
6 0.482066 0.482062 1.12864 0.646576 0.8
4 0.553195 0.553195 1.24552 0.692322 2.66667
4 0.468959 0.468959 1.1696 0.700642 2.8
4 0.64961 0.64961 1.13682 0.487208 2.66667
3 0.451588 0.451588 1.35477 0.903177 2.66667
3 0.940892 0.940892 1.25404 0.31315 1.16667
1 1.81122 1.81122 1.81122 0 2.66667
1 1.56068 1.56068 1.56068 0 1.16667
1 1.22454 1.22454 1.22454 0 2.66667
1 1.22454 1.22454 1.22454 0 2.66667
1 1.22454 1.22454 1.22454 0 2.66667
1 1.22454 1.22454 1.22454 0 2.66667
1 1.22454 1.22454 1.22454 0 2.66667
1 1.22454 1.22454 1.22454 0 2.66667
1 1.22453 1.22453 1.22453 0 2.66667
1 1.22442 1.22442 1.22442 0 2.66667
1 0.339825 0.339825 0.339825 0 2.66667
1 0.0522716 0.0522716 0.0522716 0 2.8
1 0.0522708 0.0522708 0.0522708 0 0.8
1 0.0522571 0.0522571 0.0522571 0 2.85714
1 0.00610957 0.00610957 0.00610958 6.66667e-09 0.8
1 1e-08 1e-08 1e-08 0 2.85714
1 1e-08 1e-08 1e-08 0 2.8
1 1e-08 1e-08 1e-08 0 0.8
1 1e-08 1e-08 1e-08 0 2.8
1 1e-08 1e-08 1e-08 0 2.66667
1 1e-08 1e-08 1e-08 0 0.666667
1 1e-08 1e-08 1e-08 0 2.66667

20 1.20195 0.434753 1.10439 0.653044 2.66667
12 0.517635 0.429349 1.14111 0.703657 0.8
11 1.12576 1.12576 1.12576 1.3986e-10 2.66667
9 0.479393 0.44348 1.13749 0.690115 2.8
6 0.390278 0.390241 1.23618 0.845936 0.8
4 1.52129 1.52129 1.52129 0 2.66667
3 2.73169 3.33333e-09 1.8211 1.28771 0.8
4 1.28964 1.28964 1.28964 0 2.8
4 1.13682 1.13682 1.13682 0 2.66667
3 1.35477 1.35477 1.35477 0 2.66667
3 1.17611 1.17611 1.18047 0.0043559 0.8
1 1.81122 1.81122 1.81122 0 2.66667
1 1.56068 1.56068 1.56068 0 1.16667
1 1.22454 1.22454 1.22454 0 2.66667
1 1.22454 1.22454 1.22454 0 2.66667
1 1.22454 1.22454 1.22454 0 2.66667
1 1.22454 1.22454 1.22454 0 2.66667
1 1.22454 1.22454 1.22454 0 2.66667
1 1.22454 1.22454 1.22454 0 2.66667
1 1.22453 1.22453 1.22453 0 2.66667
1 1.22442 1.22442 1.22442 0 2.66667
1 0.339825 0.339825 0.339825 0 2.66667
1 0.0522716 0.0522716 0.0522716 0 2.8
1 0.0205545 0.0205545 0.0205545 0 3.16667
1 1e-08 1e-08 1e-08 0 2.66667
1 1e-08 1e-08 1e-08 0 0.666667
1 1e-08 1e-08 1e-08 0 0.666667
1 1e-08 1e-08 1e-08 0 2.66667
1 1e-08 1e-08 1e-08 0 0.666667
1 1e-08 1e-08 1e-08 0 2.66667
1 1e-08 1e-08 1e-08 0 2.8
1 1e-08 1e-08 1e-08 0 0.8
1 1e-08 1e-08 1e-08 0 2.8

1 23.4766 23.4766 23.4766 0 0.8
1 23.4766 23.4766 23.4766 0 2.8
13 1.41098 0.510362 1.66986 1.07141 0.666667
8 1.04535 1.04535 1.69869 0.653341 2.85714
8 0.745394 0.618263 1.61891 0.979844 0.8
7 0.427566 0.395536 1.70959 1.30004 2.66667
1 8.19483 8.19483 8.19483 0 1.3
4 0.356381 0.35631 1.73082 1.37447 0.8
3 0.434653 0.434653 1.88433 1.44968 2.66667
3 1.28964 1.28964 1.71951 0.429879 2.8
2 1.56815 1.56815 2.35223 0.784076 2.66667
2 1.13682 1.13682 2.27364 1.13682 2.66667
2 1.35477 1.35477 2.03215 0.677383 2.66667
1 1.81122 1.81122 1.81122 0 2.66667
1 1.56068 1.56068 1.56068 0 1.16667
1 1.22454 1.22454 1.22454 0 2.66667
1 1.22454 1.22454 1.22454 0 2.66667
1 1.22454 1.22454 1.22454 0 2.66667
1 1.22454 1.22454 1.22454 0 2.66667
1 1.22454 1.22454 1.22454 0 2.66667
1 1.22454 1.22454 1.22454 0 2.66667
1 1.22453 1.22453 1.22453 0 2.66667
1 1.22442 1.22442 1.22442 0 2.66667
1 0.339825 0.339825 0.339825 0 2.66667
1 0.0522716 0.0522716 0.0522716 0 2.8
1 0.0102773 0.0102773 0.018129 0.00785174 3.16667
1 1e-08 1e-08 1e-08 0 2.66667
1 1e-08 1e-08 1e-08 0 0.666667
1 1e-08 1e-08 1e-08 0 0.666667
1 1e-08 1e-08 1e-08 0 2.66667
1 1e-08 1e-08 1e-08 0 0.666667
1 1e-08 1e-08 1e-08 0 2.66667
1 1e-08 1e-08 1e-08 0 2.8
1 1e-08 1e-08 1e-08 0 0.8
1 1e-08 1e-08 1e-08 0 2.8
1 1e-08 1e-08 1e-08 0 2.66667
1 1e-08 1e-08 1e-08 0 2.85714

14 0.552363 0.521703 1.65467 1.13078 0.666667
10 6.49051 1e-09 2.04112 2.92577 0.666667
12 1.23563 1.23561 1.64857 0.412951 2.8
8 1.31424 0.628274 1.6873 0.969813 0.8
7 0.545516 0.508042 1.8435 1.3088 2.8
6 1.62609 1.62609 1.62609 5.55556e-10 2.66667
1 8.1963 8.1963 8.1963 0 2.85714
2 4.09838 4.09792 4.09815 0.000230538 0.8
2 4.09756 4.09741 4.09749 7.29459e-05 1.3
3 2.02838 2.02838 2.02838 0 3.16667
3 1.71951 1.71951 1.71951 0 2.8
2 2.35223 2.35223 2.35223 0 2.66667
2 2.27364 2.27364 2.27364 0 2.66667
2 2.03215 2.03215 2.03215 0 2.66667
1 1.81122 1.81122 1.81122 0 2.66667
1 1.56068 1.56068 1.56068 0 1.16667
1 1.22454 1.22454 1.22454 0 2.66667
1 1.22454 1.22454 1.22454 0 2.66667
1 1.22454 1.22454 1.22454 0 2.66667
1 1.22454 1.22454 1.22454 0 2.66667
1 1.22454 1.22454 1.22454 0 2.66667
1 1.22454 1.22454 1.22454 0 2.66667
1 1.22453 1.22453 1.22453 0 2.66667
1 1.22442 1.22442 1.22442 0 2.66667
1 0.339825 0.339825 0.339825 0 2.66667
1 0.0522716 0.0522716 0.0522716 0 2.8
1 0.0522553 0.0522553 0.0522553 0 2.8
1 1e-08 1e-08 1e-08 0 2.85714
1 1e-08 1e-08 1e-08 0 3.66667
1 1e-08 1e-08 1e-08 0 2.8
1 1e-08 1e-08 1e-08 0 2.66667
1 1e-08 1e-08 1e-08 0 2.8
1 1e-08 1e-08 1e-08 0 0.8
1 1e-08 1e-08 1e-08 0 2.8
1 1e-08 1e-08 1e-08 0 2.66667
1 1e-08 1e-08 1e-08 0 0.666667
1 1e-08 1e-08 1e-08 0 2.66667
1 1e-08 1e-08 1e-08 0 0.666667
1 1e-08 1e-08 1e-08 0 2.66667

13 0.981726 0.978193 1.62107 0.642605 2.8
12 1.15902 0.419238 1.62462 0.960816 0.666667
4 16.2263 2.5e-09 4.05657 7.02618 3.16667
9 1.29587 0.719089 1.64032 0.876097 2.66667
9 2.34686 1.12192 1.63852 0.47567 0.8
8 1.21957 1.21957 1.67691 0.457339 2.66667
4 1.17096 1.17073 1.7562 0.585355 0.8
4 0.63052 0.630485 1.73381 1.10331 2.8
3 2.02838 2.02838 2.02838 0 3.16667
3 1.71951 1.71951 1.71951 0 2.8
2 2.35223 2.35223 2.35223 0 2.66667
2 2.27364 2.27364 2.27364 0 2.66667
2 2.04871 2.04871 2.04871 2.5e-09 0.8
2 2.03215 2.03215 2.03215 0 2.66667
1 1.81122 1.81122 1.81122 0 2.66667
1 1.56068 1.56068 1.56068 0 1.16667
1 1.22454 1.22454 1.22454 0 2.66667
1 1.22454 1.22454 1.22454 0 2.66667
1 1.22454 1.22454 1.22454 0 2.66667
1 1.22454 1.22454 1.22454 0 2.66667
1 1.22454 1.22454 1.22454 0 2.66667
1 1.22454 1.22454 1.22454 0 2.66667
1 1.22453 1.22453 1.22453 0 2.66667
1 1.22442 1.22442 1.22442 0 2.66667
1 0.339825 0.339825 0.339825 0 2.66667
1 0.0522716 0.0522716 0.0522716 0 2.8
1 0.0522553 0.0522553 0.0522553 0 2.8
1 1e-08 1e-08 1e-08 0 2.66667
1 1e-08 1e-08 1e-08 0 2.66667
1 1e-08 1e-08 1e-08 0 0.8
1 1e-08 1e-08 1e-08 0 2.66667
1 1e-08 1e-08 1e-08 0 2.66667
1 5e-09 5e-09 1e-08 5e-09 0.8
1 5e-09 5e-09 1e-08 5e-09 2.66667
1 1e-08 1e-08 1e-08 0 0.666667
1 1e-08 1e-08 1e-08 0 2.66667
1 1e-08 1e-08 1e-08 0 0.666667
1 1e-08 1e-08 1e-08 0 2.66667

19 3.41606 5.26316e-10 2.15751 1.64783 2.66667
10 2.50606 1e-09 1.96297 0.983026 0.8
9 2.3376 0.778065 1.93616 0.915471 0.8
9 0.692983 0.690489 1.91386 1.22282 2.85714
7 0.712731 0.395499 1.91917 1.36166 2.66667
5 1.67745 1.67695 2.12795 0.450795 1.66667
3 0.683128 0.683063 2.29052 1.60744 0.857143
3 1.63929 1.63926 2.18567 0.546396 2.88889
3 1.63902 1.63897 2.18533 0.546322 0.8
1 6.21339 6.21339 6.21339 0 3.3
3 1.21703 1.21703 2.02838 0.811352 3.16667
2 1.71951 1.71951 2.57927 0.859757 2.8
2 2.35223 2.35223 2.35223 0 2.66667
2 2.27364 2.27364 2.27364 0 2.66667
2 2.03215 2.03215 2.03215 0 2.66667
1 1.81122 1.81122 1.81122 0 2.66667
1 1.56068 1.56068 1.56068 0 1.16667
1 1.22454 1.22454 1.22454 0 2.66667
1 1.22454 1.22454 1.22454 0 2.66667
1 1.22454 1.22454 1.22454 0 2.66667
1 1.22454 1.22454 1.22454 0 2.66667
1 1.22454 1.22454 1.22454 0 2.66667
1 1.22454 1.22454 1.22454 0 2.66667
1 1.22453 1.22453 1.22453 0 2.66667
1 1.22442 1.22442 1.22442 0 2.66667
1 0.339825 0.339825 0.339825 0 2.66667
1 0.0522716 0.0522716 0.0522716 0 2.8
1 0.0522553 0.0522553 0.0522553 0 2.8
1 0.0261356 0.0261356 0.0261356 5e-09 2.66667
1 0.00509526 0.00509526 0.00509526 5e-09 0.8
1 1e-08 1e-08 1e-08 0 2.85714
1 1e-08 1e-08 1e-08 0 3.3
1 1e-08 1e-08 1e-08 0 3.16667
1 1e-08 1e-08 1e-08 0 2.66667
1 1e-08 1e-08 1e-08 0 0.666667
1 1e-08 1e-08 1e-08 0 2.66667

25 2.1635 0.000434178 2.07698 0.423873 3.16667
12 2.44891 0.872143 2.10516 0.80016 0.666667
10 1.47259 1.46729 2.05847 0.590118 2.8
9 0.663474 0.621408 2.20068 1.57297 0.666667
7 1.90062 1.05466 2.15844 0.743601 3.16667
1 6.86865 6.86865 6.86865 0 3.16667
3 0.966674 0.819646 2.2347 1.3678 2.85714
3 0.910838 0.910817 2.1296 1.21877 2.8
3 2.02838 2.02838 2.02838 0 3.16667
2 2.73161 2.73161 2.73161 1.66667e-09 1.8
2 2.57927 2.57927 2.57927 0 2.8
2 2.35223 2.35223 2.35223 0 2.66667
2 2.27364 2.27364 2.27364 0 2.66667
2 1.98649 1.29118 2.15662 0.623669 3.3
2 2.03215 2.03215 2.03215 0 2.66667
1 1.81122 1.81122 1.81122 0 2.66667
1 1.56068 1.56068 1.56068 0 1.16667
1 1.22454 1.22454 1.22454 0 2.66667
1 1.22454 1.22454 1.22454 0 2.66667
1 1.22454 1.22454 1.22454 0 2.66667
1 1.22454 1.22454 1.22454 0 2.66667
1 1.22454 1.22454 1.22454 0 2.66667
1 1.22454 1.22454 1.22454 0 2.66667
1 1.22453 1.22453 1.22453 0 2.66667
1 1.22442 1.22442 1.22442 0 2.66667
1 0.384156 0.384156 0.384156 9.09091e-09 3.66667
1 0.339825 0.339825 0.339825 0 2.66667
1 0.0522716 0.0522716 0.0522716 0 2.8
1 0.0522712 0.0522712 0.0522712 0 2.8
1 0.0522553 0.0522553 0.0522553 0 2.8
1 1e-08 1e-08 1e-08 0 2.8

23 0.99854 0.99854 2.0521 1.05356 3.16667
12 1.46935 0.81455 2.11939 1.09272 0.8
12 1.89564 1.77545 1.98804 0.191109 0.8
10 0.981726 0.978194 2.06119 1.08087 2.8
6 4.42316 1.66667e-09 2.68346 1.69564 2.8
4 7.12731 2.5e-09 2.79216 2.99776 2.8
3 3.22225 2.73215 2.89552 0.231033 2.88889
4 2.04871 2.04871 2.04871 2.00239e-07 1.8
2 0.760643 0.760643 2.66552 1.90487 3.16667
2 2.35223 2.35223 2.35223 0 2.66667
2 2.27364 2.27364 2.27364 0 2.66667
2 2.03215 2.03215 2.03215 0 2.66667
1 0.745231 0.745231 3.94027 3.19504 2.85714
1 1.81122 1.81122 1.81122 0 2.66667
1 1.56068 1.56068 1.56068 0 1.16667
1 1.22454 1.22454 1.22454 0 2.66667
1 1.22454 1.22454 1.22454 0 2.66667
1 1.22454 1.22454 1.22454 0 2.66667
1 1.22454 1.22454 1.22454 0 2.66667
1 1.22454 1.22454 1.22454 0 2.66667
1 1.22454 1.22454 1.22454 0 2.66667
1 1.22453 1.22453 1.22453 0 2.66667
1 1.22442 1.22442 1.22442 0 2.66667
1 0.339825 0.339825 0.339825 0 2.66667
1 0.0522716 0.0522716 0.0522716 0 2.8
1 0.0522712 0.0522712 0.0522712 0 2.8
1 0.0522553 0.0522553 0.0522553 0 2.8
1 0.0513353 0.0513353 0.0513353 0 2.85714
1 5e-09 5e-09 1e-08 5e-09 0.8
1 1e-08 1e-08 1e-08 0 3.16667
1 1e-08 1e-08 1e-08 0 2.8

26 1.13869 1.13869 2.07925 0.940563 3.16667
10 2.85092 1e-09 2.31447 0.917064 2.8
10 2.1428 1.369 2.11657 0.528935 0.8
9 0.63188 0.608489 2.21549 1.59145 0.8
8 0.872646 0.872645 2.23452 1.36187 2.8
1 11.919 11.919 11.919 0 3.3
4 6.14808 2.5e-09 2.42148 2.27262 2.8
4 2.41669 2.04911 2.14107 0.159124 2.8
3 2.04871 2.04871 2.73161 0.682902 1.8
2 3.04257 3.04257 3.04257 0 3.16667
2 2.35223 2.35223 2.35223 0 2.66667
2 2.27364 2.27364 2.27364 0 2.66667
1 2.03215 2.03215 4.0643 2.03215 2.66667
1 1.81122 1.81122 1.81122 0 2.66667
1 1.56068 1.56068 1.56068 0 1.16667
1 1.22454 1.22454 1.22454 0 2.66667
1 1.22454 1.22454 1.22454 0 2.66667
1 1.22454 1.22454 1.22454 0 2.66667
1 1.22454 1.22454 1.22454 0 2.66667
1 1.22454 1.22454 1.22454 0 2.66667
1 1.22454 1.22454 1.22454 0 2.66667
1 1.22453 1.22453 1.22453 0 2.66667
1 1.22442 1.22442 1.22442 0 2.66667
1 0.339825 0.339825 0.339825 0 2.66667
1 0.0522716 0.0522716 0.0522716 0 2.8
1 0.0522712 0.0522712 0.0522712 0 2.8
1 0.0522553 0.0522553 0.0522553 0 2.8
1 1e-08 1e-08 1e-08 0 3.16667
1 5e-09 5e-09 1e-08 5e-09 2.66667
1 1e-08 1e-08 1e-08 0 3.16667
1 1e-08 1e-08 1e-08 0 3.3
1 1e-08 1e-08 1e-08 0 2.66667

24 1.18009 1.18009 2.36631 1.18621 3.16667
16 6.19685 1.42852 2.40732 1.15325 1.3
9 1.10579 1.10579 2.42366 1.31787 0.8
9 1.15889 1.14037 2.31415 1.17174 2.66667
8 0.983693 0.942457 2.34664 1.39909 2.8
1 14.6209 14.6209 14.6209 0 0.8
4 2.45923 1.1919 2.40265 1.04893 3.3
3 2.41669 2.04911 2.85477 0.704658 2.85714
3 2.73161 2.73161 2.73161 0 1.3
2 3.04257 3.04257 3.04257 0 3.16667
2 2.35223 2.35223 2.35223 0 2.66667
1 2.27364 2.27364 4.54727 2.27364 2.66667
1 4.0643 4.0643 4.0643 0 2.66667
1 1.81122 1.81122 1.81122 0 2.66667
1 1.56068 1.56068 1.56068 0 1.16667
1 1.22454 1.22454 1.22454 0 2.66667
1 1.22454 1.22454 1.22454 0 2.66667
1 1.22454 1.22454 1.22454 0 2.66667
1 1.22454 1.22454 1.22454 0 2.66667
1 1.22454 1.22454 1.22454 0 2.66667
1 1.22454 1.22454 1.22454 0 2.66667
1 1.22453 1.22453 1.22453 0 2.66667
1 1.22442 1.22442 1.22442 0 2.66667
1 0.339825 0.339825 0.339825 0 2.66667
1 0.0522716 0.0522716 0.0522716 0 2.8
1 0.0522712 0.0522712 0.0522712 0 2.8
1 0.0522553 0.0522553 0.0522553 0 2.8
1 1e-08 1e-08 1e-08 0 3.3
1 1e-08 1e-08 1e-08 0 2.8
1 1e-08 1e-08 1e-08 0 3.3
1 1e-08 1e-08 1e-08 0 2.66667

22 1.22462 1.22462 2.62851 1.40388 3.16667
14 3.23926 1.1688 2.5825 1.30607 2.8
6 4.42316 4.09872 4.35894 0.118479 0.8
9 1.37964 1.35758 2.64487 1.28242 2.8
7 1.04739 1.02441 2.64523 1.61756 2.8
7 1.56112 1.56112 2.61885 1.05774 2.8
4 6.14808 2.97974 3.77182 1.37193 3.3
3 3.22225 2.73215 2.89564 0.230948 2.88889
3 2.73161 2.73161 2.73161 0 1.3
2 6.63474 2.5e-09 3.31737 3.31737 0.857143
2 3.04257 3.04257 3.04257 0 3.16667
1 2.35223 2.35223 4.70446 2.35223 2.66667
1 4.54727 4.54727 4.54727 0 2.66667
1 4.0643 4.0643 4.0643 0 2.66667
1 1.81122 1.81122 1.81122 0 2.66667
1 1.56068 1.56068 1.56068 0 1.16667
1 1.22454 1.22454 1.22454 0 2.66667
1 1.22454 1.22454 1.22454 0 2.66667
1 1.22454 1.22454 1.22454 0 2.66667
1 1.22454 1.22454 1.22454 0 2.66667
1 1.22454 1.22454 1.22454 0 2.66667
1 1.22454 1.22454 1.22454 0 2.66667
1 1.22453 1.22453 1.22453 0 2.66667
1 1.22442 1.22442 1.22442 0 2.66667
1 0.339825 0.339825 0.339825 0 2.66667
1 0.0522716 0.0522716 0.0522716 0 2.8
1 0.0522553 0.0522553 0.0522553 0 2.8
1 1e-08 1e-08 1e-08 0 3.3
1 1e-08 1e-08 1e-08 0 2.8
1 1e-08 1e-08 1e-08 0 3.3
1 1e-08 1e-08 1e-08 0 3.16667

20 1.15902 1.15902 2.75522 1.59621 3.16667
14 2.85055 1.02854 2.74404 1.45606 0.8
1 26.1564 26.1564 26.1564 0 0.8
8 0.986543 0.982925 2.82744 1.84407 0.8
8 1.50562 1.47259 2.76936 1.2886 2.8
8 3.56366 1.25e-09 2.71354 1.4747 2.66667
2 12.2962 5.95948 9.12782 3.16834 3.3
5 3.11108 1.48987 3.05006 0.698651 2.8
3 3.22225 2.73215 2.89564 0.230948 2.8
3 2.73161 2.73161 2.73161 0 1.3
2 3.04257 3.04257 3.04257 0 3.16667
1 4.70446 4.70446 4.70446 0 2.66667
1 4.54727 4.54727 4.54727 0 2.66667
1 4.0643 4.0643 4.0643 0 2.66667
1 1.81122 1.81122 1.81122 0 2.66667
1 1.56068 1.56068 1.56068 0 1.16667
1 1.22454 1.22454 1.22454 0 2.66667
1 1.22454 1.22454 1.22454 0 2.66667
1 1.22454 1.22454 1.22454 0 2.66667
1 1.22454 1.22454 1.22454 0 2.66667
1 1.22454 1.22454 1.22454 0 2.66667
1 1.22454 1.22454 1.22454 0 2.66667
1 1.22453 1.22453 1.22453 0 2.66667
1 1.22442 1.22442 1.22442 0 2.66667
1 0.339825 0.339825 0.339825 0 2.66667
1 0.0522716 0.0522716 0.0522716 0 2.8
1 0.0522553 0.0522553 0.0522553 0 2.8
1 0.0282302 0.0282302 0.0282302 0 0.8
1 1e-08 1e-08 1e-08 0 3.3
1 1e-08 1e-08 1e-08 0 2.8
1 1e-08 1e-08 1e-08 0 3.3
1 1e-08 1e-08 1e-08 0 3.16667
1 1e-08 1e-08 1e-08 0 0.8
1 1e-08 1e-08 1e-08 0 2.8

23 1.41098 1.41098 2.46915 1.05817 3.16667
15 2.85055 1.02854 2.48186 1.16592 2.8
10 2.04146 2.04146 2.44175 0.400291 2.8
7 1.90062 1.90062 2.49577 0.595156 2.66667
6 1.50562 1.47259 2.82325 1.33974 2.8
6 3.80524 0.00742319 2.6131 1.67699 2.8
6 3.11108 1.48987 2.55255 0.751264 2.8
3 3.22225 2.73215 2.89564 0.230948 2.8
3 2.73161 2.73161 2.73161 0 1.3
3 8.03044 3.33333e-09 2.67995 3.78337 2.85714
2 3.04257 3.04257 3.04257 0 3.16667
1 4.70446 4.70446 4.70446 0 2.66667
1 4.54727 4.54727 4.54727 0 2.66667
1 4.0643 4.0643 4.0643 0 2.66667
1 1.81858 1.81858 1.82266 0.00407922 0.857143
1 1.81122 1.81122 1.81122 0 2.66667
1 1.56068 1.56068 1.56068 0 1.16667
1 1.22454 1.22454 1.22454 0 2.66667
1 1.22454 1.22454 1.22454 0 2.66667
1 1.22454 1.22454 1.22454 0 2.66667
1 1.22454 1.22454 1.22454 0 2.66667
1 1.22454 1.22454 1.22454 0 2.66667
1 1.22454 1.22454 1.22454 0 2.66667
1 1.22453 1.22453 1.22453 0 2.66667
1 1.22442 1.22442 1.22442 0 2.66667
1 0.339825 0.339825 0.339825 0 2.66667
1 0.0522716 0.0522716 0.0522716 0 2.8
1 0.0522553 0.0522553 0.0522553 0 2.8

21 3.56319 1.33306 2.5402 0.918129 2.8
20 1.22462 1.22462 2.57933 1.35471 3.16667
10 2.03637 2.03637 2.64729 0.610912 2.66667
7 0.682992 0.680487 2.78137 2.10016 2.85714
7 1.3827 1.33833 2.54756 1.19504 2.8
5 2.94518 2.94518 2.94523 4.65379e-05 2.8
1 14.5486 14.5486 14.5486 0 0.857143
3 2.41669 2.04939 2.96972 0.703407 2.88889
3 2.73161 2.73161 2.73161 0 1.3
2 3.04257 3.04257 3.04257 0 3.16667
1 4.70446 4.70446 4.70446 0 2.66667
1 4.54727 4.54727 4.54727 0 2.66667
1 4.0643 4.0643 4.0643 0 2.66667
1 1.81122 1.81122 1.81122 0 2.66667
1 1.56068 1.56068 1.56068 0 1.16667
1 1.22454 1.22454 1.22454 0 2.66667
1 1.22454 1.22454 1.22454 0 2.66667
1 1.22454 1.22454 1.22454 0 2.66667
1 1.22454 1.22454 1.22454 0 2.66667
1 1.22454 1.22454 1.22454 0 2.66667
1 1.22454 1.22454 1.22454 0 2.66667
1 1.22453 1.22453 1.22453 0 2.66667
1 1.22442 1.22442 1.22442 0 2.66667
1 0.339825 0.339825 0.339825 0 2.66667
1 0.0522716 0.0522716 0.0522716 0 2.8
1 0.0522553 0.0522553 0.0522553 0 2.8
1 0.0282302 0.0282302 0.0282302 0 0.8
1 1e-08 1e-08 1e-08 0 2.8
1 1e-08 1e-08 1e-08 0 3.16667

18 2.49344 0.955695 2.91531 1.29142 2.8
18 1.44234 1.44234 2.88554 1.4432 3.16667
9 1.36712 1.35758 3.01296 1.65432 2.66667
9 4.46402 2.00749 2.95501 1.00152 2.8
6 3.92691 3.92691 3.92691 0 2.8
7 1.47982 1.47439 3.07808 1.60214 2.8
5 4.52961 0.00470503 3.26018 1.64466 0.8
2 7.27432 2.13169 4.70301 2.57132 0.857143
3 3.22225 2.73251 3.04891 0.224064 2.88889
2 2.73161 2.73161 4.09741 1.3658 1.3
2 3.04257 3.04257 3.04257 0 3.16667
1 4.70446 4.70446 4.70446 0 2.66667
1 4.54727 4.54727 4.54727 0 2.66667
1 4.0643 4.0643 4.0643 0 2.66667
1 1.81122 1.81122 1.81122 0 2.66667
1 1.56068 1.56068 1.56068 0 1.16667
1 1.22454 1.22454 1.22454 0 2.66667
1 1.22454 1.22454 1.22454 0 2.66667
1 1.22454 1.22454 1.22454 0 2.66667
1 1.22454 1.22454 1.22454 0 2.66667
1 1.22454 1.22454 1.22454 0 2.66667
1 1.22454 1.22454 1.22454 0 2.66667
1 1.22453 1.22453 1.22453 0 2.66667
1 1.22442 1.22442 1.22442 0 2.66667
1 0.339825 0.339825 0.339825 0 2.66667
1 0.0522716 0.0522716 0.0522716 0 2.8
1 0.0522553 0.0522553 0.0522553 0 2.8
1 1e-08 1e-08 1e-08 0 2.8
1 5e-09 5e-09 1e-08 5e-09 2.8
1 1e-08 1e-08 1e-08 0 3.16667

20 2.45257 1.43966 2.98378 1.17605 2.8
18 1.44234 1.44234 2.9807 1.53836 3.16667
1 27.1777 27.1777 27.1777 0 0.8
8 3.475 0.947821 3.23163 2.02968 2.8
4 6.63474 5.86916 6.44335 0.331507 0.8
7 2.08625 2.03637 2.91983 0.874458 2.66667
6 1.30897 1.30897 3.05373 1.74476 2.8
2 7.27432 2.13169 4.70301 2.57132 0.8
3 3.22225 2.73251 3.04891 0.224064 2.8
2 4.09741 4.09741 4.09741 0 1.8
2 3.04257 3.04257 3.04257 0 3.16667
1 4.70446 4.70446 4.70446 0 2.66667
1 4.54727 4.54727 4.54727 0 2.66667
1 4.0643 4.0643 4.0643 0 2.66667
1 1.81122 1.81122 1.81122 0 2.66667
1 1.56068 1.56068 1.56068 0 1.16667
1 1.22454 1.22454 1.22454 0 2.66667
1 1.22454 1.22454 1.22454 0 2.66667
1 1.22454 1.22454 1.22454 0 2.66667
1 1.22454 1.22454 1.22454 0 2.66667
1 1.22454 1.22454 1.22454 0 2.66667
1 1.22454 1.22454 1.22454 0 2.66667
1 1.22453 1.22453 1.22453 0 2.66667
1 1.22442 1.22442 1.22442 0 2.66667
1 0.339825 0.339825 0.339825 0 2.66667
1 0.0522716 0.0522716 0.0522716 0 2.8
1 0.0522553 0.0522553 0.0522553 0 2.8
1 0.0282302 0.0282302 0.0282302 0 0.8
1 1e-08 1e-08 1e-08 0 2.8
1 1e-08 1e-08 1e-08 0 3.16667
1 1e-08 1e-08 1e-08 0 3.3

23 3.05319 1.79223 3.06189 0.811681 2.8
16 1.38096 1.38096 3.04264 1.66168 3.16667
12 5.12105 1.39679 3.00558 1.5563 2.8
6 3.92691 3.92691 3.92691 2.91421e-06 2.8
7 1.82547 1.78183 3.29934 1.49977 2.66667
7 1.18164 1.18164 3.0912 1.90956 0.8
1 14.5486 14.5486 14.5486 0 0.857143
3 3.22225 2.73251 3.04891 0.224064 2.8
2 4.09741 4.09741 4.09741 0 1.3
2 6.65917 2.5e-09 3.32958 3.32958 0.857143
2 3.04257 3.04257 3.04257 0 3.16667
1 4.70446 4.70446 4.70446 0 2.66667
1 4.54727 4.54727 4.54727 0 2.66667
1 4.0643 4.0643 4.0643 0 2.66667
1 1.81122 1.81122 1.81122 0 2.66667
1 1.56068 1.56068 1.56068 0 1.16667
1 1.22454 1.22454 1.22454 0 2.66667
1 1.22454 1.22454 1.22454 0 2.66667
1 1.22454 1.22454 1.22454 0 2.66667
1 1.22454 1.22454 1.22454 0 2.66667
1 1.22454 1.22454 1.22454 0 2.66667
1 1.22454 1.22454 1.22454 0 2.66667
1 1.22453 1.22453 1.22453 0 2.66667
1 1.22442 1.22442 1.22442 0 2.66667
1 0.339825 0.339825 0.339825 0 2.66667
1 0.0522716 0.0522716 0.0522716 0 2.8
1 0.0522553 0.0522553 0.0522553 0 2.8
1 0.0282302 0.0282302 0.0282302 0 0.8
1 1e-08 1e-08 1e-08 0 2.8
1 1e-08 1e-08 1e-08 0 3.16667
1 1e-08 1e-08 1e-08 0 3.3

24 2.62468 1.82894 3.23579 1.01644 2.8
17 2.31804 2.31804 3.27253 0.954487 3.16667
12 3.13871 0.861661 3.26507 1.40919 2.8
7 1.32761 1.30498 3.45241 2.13453 2.66667
6 2.05265 1.94126 3.57755 1.61825 2.8
6 5.40967 1.96345 3.5426 1.62372 0.8
1 14.5486 14.5486 14.5486 0 0.857143
2 13.5888 0.0141151 6.80147 6.78736 0.8
2 3.22225 3.19195 4.57336 1.36634 2.88889
2 4.09741 4.09741 4.09741 0 1.3
1 3.04257 3.04257 6.08514 3.04257 3.16667
1 4.70446 4.70446 4.70446 0 2.66667
1 4.54727 4.54727 4.54727 0 2.66667
1 4.0643 4.0643 4.0643 0 2.66667
1 1.81122 1.81122 1.81122 0 2.66667
1 1.56068 1.56068 1.56068 0 1.16667
1 1.22454 1.22454 1.22454 0 2.66667
1 1.22454 1.22454 1.22454 0 2.66667
1 1.22454 1.22454 1.22454 0 2.66667
1 1.22454 1.22454 1.22454 0 2.66667
1 1.22454 1.22454 1.22454 0 2.66667
1 1.22454 1.22454 1.22454 0 2.66667
1 1.22453 1.22453 1.22453 0 2.66667
1 1.22442 1.22442 1.22442 0 2.66667
1 0.339825 0.339825 0.339825 0 2.66667
1 0.0522716 0.0522716 0.0522716 0 2.8
1 0.0522553 0.0522553 0.0522553 0 2.8
1 1e-08 1e-08 1e-08 0 2.8
1 1e-08 1e-08 1e-08 0 2.66667
1 1e-08 1e-08 1e-08 0 2.8
1 1e-08 1e-08 1e-08 0 2.66667
1 1e-08 1e-08 1e-08 0 3.16667

22 2.5357 1.89307 3.58325 1.28618 2.8
16 5.40556 0.266175 3.75922 1.67296 2.8
15 1.871 1.24818 3.70177 2.41708 3.16667
8 6.49161 2.35615 3.99211 1.87806 0.857143
3 9.05922 8.90383 9.00743 0.0732521 2.8
5 1.59651 1.50987 4.24475 2.70055 0.8
4 2.08625 2.08625 3.78328 1.69702 3.16667
1 14.5486 14.5486 14.5486 0 0.857143
2 4.83337 4.78793 4.81065 0.0227202 2.88889
2 4.09741 4.09741 4.09741 0 1.8
1 6.08514 6.08514 6.08514 0 3.16667
1 4.70446 4.70446 4.70446 0 2.66667
1 4.54727 4.54727 4.54727 0 2.66667
1 4.0643 4.0643 4.0643 0 2.66667
1 1.81122 1.81122 1.81122 0 2.66667
1 1.56068 1.56068 1.56068 0 1.16667
1 1.22454 1.22454 1.22454 0 2.66667
1 1.22454 1.22454 1.22454 0 2.66667
1 1.22454 1.22454 1.22454 0 2.66667
1 1.22454 1.22454 1.22454 0 2.66667
1 1.22454 1.22454 1.22454 0 2.66667
1 1.22454 1.22454 1.22454 0 2.66667
1 1.22453 1.22453 1.22453 0 2.66667
1 1.22442 1.22442 1.22442 0 2.66667
1 0.339825 0.339825 0.339825 0 2.66667
1 0.0522716 0.0522716 0.0522716 0 2.8
1 0.0522553 0.0522553 0.0522553 0 2.8
1 1e-08 1e-08 1e-08 0 0.8
1 1e-08 1e-08 1e-08 0 3.3
1 1e-08 1e-08 1e-08 0 0.8
1 1e-08 1e-08 1e-08 0 2.66667
1 1e-08 1e-08 1e-08 0 2.8

25 3.25232 3.09843 3.94994 0.823038 2.8
11 1.90897 1.90897 3.9281 2.01913 3.16667
11 1.946 1.68307 3.8751 2.00424 2.8
4 7.30188 7.30188 7.30188 0 2.66667
3 26.9248 3.33333e-09 8.98074 12.6884 2.8
7 2.82244 1.02441 3.81288 1.9639 0.8
1 26.539 26.539 26.539 0 0.8
5 2.21055 2.09059 4.25316 2.09142 2.8
1 14.5486 14.5486 14.5486 0 0.857143
2 4.83337 4.78793 4.81065 0.0227202 2.88889
2 4.09741 4.09741 4.09741 0 1.3
1 6.08514 6.08514 6.08514 0 3.16667
1 4.70446 4.70446 4.70446 0 2.66667
1 4.54727 4.54727 4.54727 0 2.66667
1 4.0643 4.0643 4.0643 0 2.66667
1 1.81122 1.81122 1.81122 0 2.66667
1 1.56068 1.56068 1.56068 0 1.16667
1 1.22454 1.22454 1.22454 0 2.66667
1 1.22454 1.22454 1.22454 0 2.66667
1 1.22454 1.22454 1.22454 0 2.66667
1 1.22454 1.22454 1.22454 0 2.66667
1 1.22454 1.22454 1.22454 0 2.66667
1 1.22454 1.22454 1.22454 0 2.66667
1 1.22453 1.22453 1.22453 0 2.66667
1 1.22442 1.22442 1.22442 0 2.66667
1 0.339825 0.339825 0.339825 0 2.66667
1 0.0522716 0.0522716 0.0522716 0 2.8
1 1e-08 1e-08 1e-08 0 0.8
1 1e-08 1e-08 1e-08 0 3.3
1 1e-08 1e-08 1e-08 0 0.8
1 1e-08 1e-08 1e-08 0 2.66667
1 1e-08 1e-08 1e-08 0 2.8

23 2.13724 2.03611 3.45667 1.39057 2.8
18 4.38417 2.16387 3.52277 0.657909 2.8
16 3.6034 2.40389 3.45542 0.985007 3.16667
4 16.229 5.89037 8.54032 4.43937 2.85714
7 2.08625 2.08625 3.87447 1.78822 2.66667
5 1.43686 1.35888 3.54935 2.14403 0.8
1 14.5486 14.5486 14.5486 0 0.857143
2 4.83337 4.78793 4.81065 0.0227202 2.8
2 4.09741 4.09741 4.09741 0 1.8
1 6.08514 6.08514 6.08514 0 3.16667
1 4.70446 4.70446 4.70446 0 2.66667
1 4.54727 4.54727 4.54727 0 2.66667
1 4.0643 4.0643 4.0643 0 2.66667
1 1.81122 1.81122 1.81122 0 2.66667
1 1.56068 1.56068 1.56068 0 1.16667
1 1.22454 1.22454 1.22454 0 2.66667
1 1.22454 1.22454 1.22454 0 2.66667
1 1.22454 1.22454 1.22454 0 2.66667
1 1.22454 1.22454 1.22454 0 2.66667
1 1.22454 1.22454 1.22454 0 2.66667
1 1.22454 1.22454 1.22454 0 2.66667
1 1.22453 1.22453 1.22453 0 2.66667
1 1.22442 1.22442 1.22442 0 2.66667
1 0.63089 0.63089 0.657018 0.0261276 2.8
1 0.339825 0.339825 0.339825 0 2.66667
1 0.0522716 0.0522716 0.0522716 0 2.8
1 1e-08 1e-08 1e-08 0 0.8
1 1e-08 1e-08 1e-08 0 3.3
1 1e-08 1e-08 1e-08 0 0.8
1 1e-08 1e-08 1e-08 0 2.66667
1 1e-08 1e-08 1e-08 0 2.8

26 3.40015 3.23926 4.0339 0.748824 2.8
16 6.57625 0.0303407 4.01939 1.81603 2.8
13 2.26279 2.26279 4.21614 1.95335 2.8
13 2.86153 1.90897 4.07432 1.98649 3.3
6 4.10531 3.88252 4.18358 0.185191 0.8
6 1.46038 1.46038 4.13835 2.67797 2.66667
1 14.5486 14.5486 14.5486 0 0.857143
2 4.83337 4.78793 4.81065 0.0227202 2.88889
2 4.09741 4.09741 4.09741 0 1.8
1 8.02876 8.02876 8.02876 6.66667e-09 0.857143
1 6.08514 6.08514 6.08514 0 3.16667
1 4.70446 4.70446 4.70446 0 2.66667
1 4.54727 4.54727 4.54727 0 2.66667
1 4.0643 4.0643 4.0643 0 2.66667
1 1.81122 1.81122 1.81122 0 2.66667
1 1.56068 1.56068 1.56068 0 1.16667
1 1.26178 1.26178 1.26178 0 2.85714
1 1.22454 1.22454 1.22454 0 2.66667
1 1.22454 1.22454 1.22454 0 2.66667
1 1.22454 1.22454 1.22454 0 2.66667
1 1.22454 1.22454 1.22454 0 2.66667
1 1.22454 1.22454 1.22454 0 2.66667
1 1.22454 1.22454 1.22454 0 2.66667
1 1.22453 1.22453 1.22453 0 2.66667
1 1.22442 1.22442 1.22442 0 2.66667

28 2.41301 2.29883 3.79012 1.45557 2.8
19 1.75367 1.29733 3.89018 2.50369 2.8
16 4.05657 0.504916 3.83459 0.859718 3.16667
6 2.05265 2.05265 4.04711 1.99445 0.8
1 24.0863 24.0863 24.0863 0 0.857143
5 2.92075 2.92075 4.09146 1.1707 2.66667
1 14.5486 14.5486 14.5486 0 0.857143
2 4.83337 4.78793 4.81065 0.0227202 2.8
2 4.09741 4.09741 4.09741 0 1.8
1 6.08514 6.08514 6.08514 0 3.16667
1 4.70446 4.70446 4.70446 0 2.66667
1 4.54727 4.54727 4.54727 0 2.66667
1 4.0643 4.0643 4.0643 0 2.66667
1 1.81122 1.81122 1.81122 0 2.66667
1 1.56068 1.56068 1.56068 0 1.16667
1 1.26178 1.26178 1.26178 0 2.85714
1 1.22454 1.22454 1.22454 0 2.66667
1 1.22454 1.22454 1.22454 0 2.66667
1 1.22454 1.22454 1.22454 0 2.66667
1 1.22454 1.22454 1.22454 0 2.66667
1 1.22454 1.22454 1.22454 0 2.66667
1 1.22454 1.22454 1.22454 0 2.66667
1 1.22453 1.22453 1.22453 0 2.66667
1 1.22442 1.22442 1.22442 0 2.66667
1 0.031803 0.031803 0.031803 6.66667e-09 3.85714

20 2.23293 2.12728 4.05503 1.88095 2.8
20 2.4816 1.83585 4.03861 2.00331 2.8
14 1.80292 1.80292 3.89546 2.09254 3.16667
1 29.2075 29.2075 29.2075 0 2.66667
4 7.30188 7.30188 7.30188 0 2.66667
6 2.21055 2.21055 4.053 1.84245 0.8
2 12.0431 12.0431 12.0431 0 0.857143
1 14.5486 14.5486 14.5486 0 0.857143
2 4.83337 4.78793 4.81065 0.0227202 2.88889
2 4.09741 4.09741 4.09741 0 1.3
1 6.08514 6.08514 6.08514 0 3.16667
1 4.70446 4.70446 4.70446 0 2.66667
1 4.54727 4.54727 4.54727 0 2.66667
1 4.0643 4.0643 4.0643 0 2.66667
1 1.81122 1.81122 1.81122 0 2.66667
1 1.56068 1.56068 1.56068 0 1.16667
1 1.26178 1.26178 1.26178 0 2.85714
1 1.22454 1.22454 1.22454 0 2.66667
1 1.22454 1.22454 1.22454 0 2.66667
1 1.22454 1.22454 1.22454 0 2.66667
1 1.22454 1.22454 1.22454 0 2.66667
1 1.22454 1.22454 1.22454 0 2.66667
1 1.22454 1.22454 1.22454 0 2.66667
1 1.22453 1.22453 1.22453 0 2.66667
1 1.22442 1.22442 1.22442 0 2.66667

27 3.47922 3.3146 3.83548 0.449215 2.8
21 2.34866 1.7375 3.78447 1.55643 2.8
13 2.23811 2.23811 3.809 1.57089 3.16667
6 4.78952 4.78952 4.78952 0 0.8
2 12.0431 12.0431 12.0431 0 0.857143
5 0.9817 0.973584 4.25683 3.28163 2.66667
1 14.5486 14.5486 14.5486 0 0.857143
2 4.83337 4.78793 4.81065 0.0227202 2.88889
2 4.09741 4.09741 4.09741 0 1.3
1 6.08514 6.08514 6.08514 0 3.16667
1 4.70446 4.70446 4.70446 0 2.66667
1 4.54727 4.54727 4.54727 0 2.66667
1 4.0643 4.0643 4.0643 0 2.66667
1 1.81122 1.81122 1.81122 0 2.66667
1 1.56068 1.56068 1.56068 0 1.16667
1 1.26178 1.26178 1.26178 0 2.85714
1 1.22454 1.22454 1.22454 0 2.66667
1 1.22454 1.22454 1.22454 0 2.66667
1 1.22454 1.22454 1.22454 0 2.66667
1 1.22454 1.22454 1.22454 0 2.66667
1 1.22454 1.22454 1.22454 0 2.66667
1 1.22454 1.22454 1.22454 0 2.66667
1 1.22453 1.22453 1.22453 0 2.66667
1 1.22442 1.22442 1.22442 0 2.66667
1 1e-08 1e-08 1e-08 0 3.3

25 2.49344 2.37546 3.81803 1.35865 2.8
22 2.85924 2.72257 3.95978 1.11706 2.8
14 2.09371 2.09371 4.03788 1.94416 3.16667
7 3.68138 3.65094 4.17685 0.521672 2.66667
6 2.39476 2.39476 4.3904 1.99563 0.8
5 1.73168 1.72045 4.12426 2.40157 0.857143
1 14.5486 14.5486 14.5486 0 0.857143
2 4.83337 4.78793 4.81065 0.0227202 2.8
2 4.09741 4.09741 4.09741 0 1.8
1 6.08514 6.08514 6.08514 0 3.16667
1 4.70446 4.70446 4.70446 0 2.66667
1 4.54727 4.54727 4.54727 0 2.66667
1 4.0643 4.0643 4.0643 0 2.66667
1 1.81122 1.81122 1.81122 0 2.66667
1 1.56068 1.56068 1.56068 0 1.16667
1 1.26178 1.26178 1.26178 0 2.85714
1 1.22454 1.22454 1.22454 0 2.66667
1 1.22454 1.22454 1.22454 0 2.66667
1 1.22454 1.22454 1.22454 0 2.66667
1 1.22454 1.22454 1.22454 0 2.66667
1 1.22454 1.22454 1.22454 0 2.66667
1 1.22454 1.22454 1.22454 0 2.66667
1 1.22453 1.22453 1.22453 0 2.66667
1 1.22442 1.22442 1.22442 0 2.66667
1 1e-08 1e-08 1e-08 0 3.3
1 1e-08 1e-08 1e-08 0 3.16667

27 3.03518 2.79841 3.96365 1.15734 2.8
25 2.23293 2.23293 3.99598 1.76305 2.8
11 1.96682 1.96682 4.29125 2.32443 3.16667
6 4.78952 4.78952 4.78952 0 0.8
5 4.84869 4.81726 4.82355 0.0125741 0.857143
5 1.40243 1.39083 4.45763 3.05984 2.66667
1 14.5486 14.5486 14.5486 0 0.857143
2 4.83337 4.78793 4.81065 0.0227202 2.88889
2 4.09741 4.09741 4.09741 0 1.8
1 6.08514 6.08514 6.08514 0 3.16667
1 4.70446 4.70446 4.70446 0 2.66667
1 4.54727 4.54727 4.54727 0 2.66667
1 4.0643 4.0643 4.0643 0 2.66667
1 1.81122 1.81122 1.81122 0 2.66667
1 1.56068 1.56068 1.56068 0 1.16667
1 1.26178 1.26178 1.26178 0 2.85714
1 1.22454 1.22454 1.22454 0 2.66667
1 1.22454 1.22454 1.22454 0 2.66667
1 1.22454 1.22454 1.22454 0 2.66667
1 1.22454 1.22454 1.22454 0 2.66667
1 1.22454 1.22454 1.22454 0 2.66667
1 1.22454 1.22454 1.22454 0 2.66667
1 1.22453 1.22453 1.22453 0 2.66667
1 1.22442 1.22442 1.22442 0 2.66667
1 1e-08 1e-08 1e-08 0 2.8
1 1e-08 1e-08 1e-08 0 0.666667

27 2.37471 2.37471 4.04383 1.66913 2.8
24 2.12916 1.96306 4.00193 2.01886 2.8
13 2.49635 2.49635 4.05647 1.56012 3.16667
5 5.8902 5.84151 5.87072 0.0238554 2.66667
5 4.84869 4.81726 4.82355 0.0125741 0.857143
5 2.87371 2.87371 4.05504 1.18133 0.8
1 14.5486 14.5486 14.5486 0 0.857143
2 4.83337 4.78793 4.81065 0.0227202 2.88889
2 4.09741 4.09741 4.09741 0 1.8
1 6.08514 6.08514 6.08514 0 3.16667
1 4.70446 4.70446 4.70446 0 2.66667
1 4.54727 4.54727 4.54727 0 2.66667
1 4.0643 4.0643 4.0643 0 2.66667
1 1.81122 1.81122 1.81122 0 2.66667
1 1.56068 1.56068 1.56068 0 1.16667
1 1.26178 1.26178 1.26178 0 2.85714
1 1.22454 1.22454 1.22454 0 2.66667
1 1.22454 1.22454 1.22454 0 2.66667
1 1.22454 1.22454 1.22454 0 2.66667
1 1.22454 1.22454 1.22454 0 2.66667
1 1.22454 1.22454 1.22454 0 2.66667
1 1.22454 1.22454 1.22454 0 2.66667
1 1.22453 1.22453 1.22453 0 2.66667
1 1.22442 1.22442 1.22442 0 2.66667
1 1e-08 1e-08 1e-08 0 2.8
1 1e-08 1e-08 1e-08 0 0.666667

28 2.23293 2.23293 4.32594 2.09301 2.8
26 2.79713 2.57892 4.31134 1.70067 2.8
10 1.80292 1.80292 4.39479 2.59187 3.16667
5 5.74743 5.74743 5.74743 0 0.8
6 2.45425 2.45425 4.48255 2.0283 2.66667
5 4.84869 4.81726 4.82355 0.0125741 0.857143
1 14.5486 14.5486 14.5486 0 0.857143
2 4.83337 4.78793 4.81065 0.0227202 2.8
1 4.09741 4.09741 8.19483 4.09741 1.8
1 6.08514 6.08514 6.08514 0 3.16667
1 4.70446 4.70446 4.70446 0 2.66667
1 4.54727 4.54727 4.54727 0 2.66667
1 4.0643 4.0643 4.0643 0 2.66667
1 1.81122 1.81122 1.81122 0 2.66667
1 1.56068 1.56068 1.56068 0 1.16667
1 1.26178 1.26178 1.26178 0 2.85714
1 1.22454 1.22454 1.22454 0 2.66667
1 1.22454 1.22454 1.22454 0 2.66667
1 1.22454 1.22454 1.22454 0 2.66667
1 1.22454 1.22454 1.22454 0 2.66667
1 1.22454 1.22454 1.22454 0 2.66667
1 1.22454 1.22454 1.22454 0 2.66667
1 1.22453 1.22453 1.22453 0 2.66667
1 1.22442 1.22442 1.22442 0 2.66667
1 0.0472045 0.0472045 0.0472045 0 3.3
1 1e-08 1e-08 1e-08 0 2.8

20 2.26677 2.26677 5.24909 2.98232 2.8
19 2.00921 1.85247 5.22808 3.31873 3.3
2 58.7872 5e-09 29.3936 29.3936 2.8
8 8.11314 1.25e-09 7.099 2.68317 3.16667
8 3.81795 3.81795 5.32191 1.50396 3.16667
5 4.9085 4.9085 5.8902 0.9817 2.66667
5 5.74743 5.74743 5.74743 0 0.8
4 4.84869 4.81726 6.02943 1.20439 0.857143
1 14.5486 14.5486 14.5486 0 0.857143
1 4.83337 4.83337 9.6213 4.78793 2.8
1 8.19483 8.19483 8.19483 0 1.3
1 6.08514 6.08514 6.08514 0 3.16667
1 4.70446 4.70446 4.70446 0 2.66667
1 4.54727 4.54727 4.54727 0 2.66667
1 4.0643 4.0643 4.0643 0 2.66667
1 1.81122 1.81122 1.81122 0 2.66667
1 1.56068 1.56068 1.56068 0 1.16667
1 1.26178 1.26178 1.26178 0 2.85714
1 1.22454 1.22454 1.22454 0 2.66667
1 1.22454 1.22454 1.22454 0 2.66667
1 1.22454 1.22454 1.22454 0 2.66667
1 1.22454 1.22454 1.22454 0 2.66667
1 1.22454 1.22454 1.22454 0 2.66667
1 1.22454 1.22454 1.22454 0 2.66667
1 1.22453 1.22453 1.22453 0 2.66667
1 1.22442 1.22442 1.22442 0 2.66667
1 0.0472045 0.0472045 0.0472045 0 3.3
1 1e-08 1e-08 1e-08 0 2.8

24 3.05319 3.05319 5.19366 2.14047 2.8
6 19.5957 1.73582 16.6191 6.656 2.8
16 2.69158 2.4816 5.32674 2.70025 2.8
10 1.44234 1.44234 5.33664 3.89431 3.16667
5 5.8902 5.8902 5.8902 0 2.66667
5 5.74743 5.74743 5.74743 0 0.8
4 6.06087 6.02157 6.0314 0.0170147 0.857143
1 14.5486 14.5486 14.5486 0 0.857143
1 9.66674 9.66674 9.66674 0 2.88889
1 8.19483 8.19483 8.19483 0 1.3
1 6.08514 6.08514 6.08514 0 3.16667
1 4.70446 4.70446 4.70446 0 2.66667
1 4.54727 4.54727 4.54727 0 2.66667
1 4.0643 4.0643 4.0643 0 2.66667
1 1.81122 1.81122 1.81122 0 2.66667
1 1.56068 1.56068 1.56068 0 1.16667
1 1.26178 1.26178 1.26178 0 2.85714
1 1.22454 1.22454 1.22454 0 2.66667
1 1.22454 1.22454 1.22454 0 2.66667
1 1.22454 1.22454 1.22454 0 2.66667
1 1.22454 1.22454 1.22454 0 2.66667
1 1.22454 1.22454 1.22454 0 2.66667
1 1.22454 1.22454 1.22454 0 2.66667
1 1.22453 1.22453 1.22453 0 2.66667
1 1.22442 1.22442 1.22442 0 2.66667
1 0.0642118 0.0642118 0.0642118 5e-09 0.8
1 0.0472045 0.0472045 0.0472045 0 3.3
1 1e-08 1e-08 1e-08 0 2.8
1 1e-08 1e-08 1e-08 0 3.35714
1 1e-08 1e-08 1e-08 0 2.8

28 2.62468 2.62468 4.45533 1.83065 2.8
21 2.09603 2.03791 4.55669 2.51604 2.8
10 2.70438 2.70438 4.63111 1.92673 3.16667
5 5.74743 5.74743 5.74743 0 0.8
5 3.68138 3.68138 5.1552 1.47382 2.66667
4 6.06087 6.02157 6.0314 0.0170147 0.857143
1 23.4783 23.4783 23.4783 0 0.857143
1 14.5486 14.5486 14.5486 0 0.857143
1 9.66674 9.66674 9.66674 0 2.88889
1 8.19483 8.19483 8.19483 0 1.3
1 6.08514 6.08514 6.08514 0 3.16667
1 4.70446 4.70446 4.70446 0 2.66667
1 4.54727 4.54727 4.54727 0 2.66667
1 4.0643 4.0643 4.0643 0 2.66667
1 2.74654 2.74654 3.9781 1.23155 0.8
1 1.81122 1.81122 1.81122 0 2.66667
1 1.56068 1.56068 1.56068 0 1.16667
1 1.26178 1.26178 1.26178 0 2.85714
1 1.22454 1.22454 1.22454 0 2.66667
1 1.22454 1.22454 1.22454 0 2.66667
1 1.22454 1.22454 1.22454 0 2.66667
1 1.22454 1.22454 1.22454 0 2.66667
1 1.22454 1.22454 1.22454 0 2.66667
1 1.22454 1.22454 1.22454 0 2.66667
1 1.22453 1.22453 1.22453 0 2.66667
1 1.22442 1.22442 1.22442 0 2.66667
1 0.128424 0.128424 0.128424 0 0.8
1 1e-08 1e-08 1e-08 0 2.8
1 1e-08 1e-08 1e-08 0 3.35714

26 3.41214 3.31753 4.69923 1.37714 0.8
25 1.94294 1.94294 4.64916 2.70622 2.8
13 3.41606 3.41606 4.72993 1.31387 3.16667
5 3.27233 3.27233 5.23699 1.96465 2.66667
4 4.84869 4.81726 5.22907 0.404176 1.16667
4 1.81128 1.79607 4.88644 3.08658 0.857143
1 14.5486 14.5486 14.5486 0 0.857143
2 11.7391 0.00614848 5.87264 5.86649 0.8
1 9.66674 9.66674 9.66674 0 2.88889
1 8.23963 8.23963 8.23963 0 2.85714
1 8.19483 8.19483 8.19483 0 1.3
1 4.03933 4.03933 8.07865 4.03932 3.3
1 6.08514 6.08514 6.08514 0 3.16667
1 4.70446 4.70446 4.70446 0 2.66667
1 4.54727 4.54727 4.54727 0 2.66667
1 4.0643 4.0643 4.0643 0 2.66667
1 1.81122 1.81122 1.81122 0 2.66667
1 1.56068 1.56068 1.56068 0 1.16667
1 1.26178 1.26178 1.26178 0 2.85714
1 1.22454 1.22454 1.22454 0 2.66667
1 1.22454 1.22454 1.22454 0 2.66667
1 1.22454 1.22454 1.22454 0 2.66667
1 1.22454 1.22454 1.22454 0 2.66667
1 1.22454 1.22454 1.22454 0 2.66667
1 1.22454 1.22454 1.22454 0 2.66667
1 1.22453 1.22453 1.22453 0 2.66667
1 1.22442 1.22442 1.22442 0 2.66667
1 0.0642118 0.0642118 0.0642118 4.02456e-16 0.8
1 1e-08 1e-08 1e-08 0 2.8

27 2.5357 2.5357 4.16816 1.63246 2.8
24 2.09949 2.03791 4.25991 2.21198 0.8
12 1.85443 1.85443 4.21094 2.35651 3.16667
5 5.8902 5.8902 5.8902 0 2.66667
4 7.24512 7.18429 7.19949 0.026342 0.8
4 6.06087 6.02157 6.0314 0.0170147 0.857143
1 14.5486 14.5486 14.5486 0 0.857143
1 9.66674 9.66674 9.66674 0 2.88889
1 8.19483 8.19483 8.19483 0 1.3
1 6.08514 6.08514 6.08514 0 3.16667
1 4.70446 4.70446 4.70446 0 2.66667
1 4.54727 4.54727 4.54727 0 2.66667
1 4.0643 4.0643 4.0643 0 2.66667
1 2.60254 2.60254 2.60254 0 2.85714
1 1.81122 1.81122 1.81122 0 2.66667
1 1.56068 1.56068 1.56068 0 1.16667
1 1.26178 1.26178 1.26178 0 2.85714
1 1.22454 1.22454 1.22454 0 2.66667
1 1.22454 1.22454 1.22454 0 2.66667
1 1.22454 1.22454 1.22454 0 2.66667
1 1.22454 1.22454 1.22454 0 2.66667
1 1.22454 1.22454 1.22454 0 2.66667
1 1.22454 1.22454 1.22454 0 2.66667
1 1.22453 1.22453 1.22453 0 2.66667
1 1.22442 1.22442 1.22442 0 2.66667
1 1e-08 1e-08 1e-08 0 2.8
1 1e-08 1e-08 1e-08 0 2.8
1 1e-08 1e-08 1e-08 0 3.16667
1 1e-08 1e-08 1e-08 0 2.8
1 4.66638e-33 4.66638e-33 4.66638e-33 0 0.857143

26 2.16821 2.16821 4.34353 2.17532 2.8
24 2.57627 2.45955 4.35739 1.87622 0.8
13 2.49635 2.49635 4.41662 1.92027 3.16667
4 7.24512 7.18429 7.19949 0.026342 0.8
4 6.06087 6.02157 6.0314 0.0170147 0.857143
5 2.31915 1.9634 4.81815 2.78724 2.66667
1 14.5486 14.5486 14.5486 0 0.857143
1 9.66674 9.66674 9.66674 0 2.88889
1 8.19483 8.19483 8.19483 0 1.3
1 6.08514 6.08514 6.08514 0 3.16667
1 4.70446 4.70446 4.70446 0 2.66667
1 4.54727 4.54727 4.54727 0 2.66667
1 4.0643 4.0643 4.0643 0 2.66667
1 2.60254 2.60254 2.60254 0 2.85714
1 1.81122 1.81122 1.81122 0 2.66667
1 1.56068 1.56068 1.56068 0 1.16667
1 1.26178 1.26178 1.26178 0 2.85714
1 1.22454 1.22454 1.22454 0 2.66667
1 1.22454 1.22454 1.22454 0 2.66667
1 1.22454 1.22454 1.22454 0 2.66667
1 1.22454 1.22454 1.22454 0 2.66667
1 1.22454 1.22454 1.22454 0 2.66667
1 1.22454 1.22454 1.22454 0 2.66667
1 1.22453 1.22453 1.22453 0 2.66667
1 1.22442 1.22442 1.22442 0 2.66667
1 1e-08 1e-08 1e-08 0 2.8
1 1e-08 1e-08 1e-08 0 2.8
1 1e-08 1e-08 1e-08 0 3.16667
1 1e-08 1e-08 1e-08 0 2.8
1 4.66638e-33 4.66638e-33 4.66638e-33 0 0.857143

24 2.0494 2.0494 4.41518 2.36578 2.8
23 2.3718 2.26434 4.37694 2.07886 0.8
13 2.40389 2.40389 4.45752 2.05363 3.16667
1 34.7873 34.7873 34.7873 0 0.666667
6 4.14007 4.10531 4.80111 0.684414 0.8
4 6.06087 6.02157 6.0314 0.0170147 0.857143
1 14.5486 14.5486 14.5486 0 0.857143
1 9.66674 9.66674 9.66674 0 2.88889
1 8.23963 8.23963 8.23963 0 2.85714
1 8.19483 8.19483 8.19483 0 1.3
1 6.08514 6.08514 6.08514 0 3.16667
1 4.70446 4.70446 4.70446 0 2.66667
1 4.54727 4.54727 4.54727 0 2.66667
1 4.0643 4.0643 4.0643 0 2.66667
1 1.81122 1.81122 1.81122 0 2.66667
1 1.56068 1.56068 1.56068 0 1.16667
1 1.26178 1.26178 1.26178 0 2.85714
1 1.22454 1.22454 1.22454 0 2.66667
1 1.22454 1.22454 1.22454 0 2.66667
1 1.22454 1.22454 1.22454 0 2.66667
1 1.22454 1.22454 1.22454 0 2.66667
1 1.22454 1.22454 1.22454 0 2.66667
1 1.22454 1.22454 1.22454 0 2.66667
1 1.22453 1.22453 1.22453 0 2.66667
1 1.22442 1.22442 1.22442 0 2.66667
1 0.0033056 0.0033056 0.0033056 0 3.3
1 1e-08 1e-08 1e-08 0 2.8
1 1e-08 1e-08 1e-08 0 2.8
1 1e-08 1e-08 1e-08 0 3.16667
1 1e-08 1e-08 1e-08 0 2.8
1 4.66638e-33 4.66638e-33 4.66638e-33 0 0.857143

23 2.41301 2.41301 4.90208 2.48907 2.8
23 3.17923 3.03518 4.84895 1.74769 0.8
11 1.66423 1.66423 4.84141 3.17718 3.16667
1 49.3026 49.3026 49.3026 0 0.857143
6 4.83008 4.78952 4.80304 0.0191183 0.8
4 6.06087 6.02157 6.0314 0.0170147 0.857143
5 3.47873 3.47873 4.78399 1.30526 0.666667
1 14.5486 14.5486 14.5486 0 0.857143
1 9.66674 9.66674 9.66674 0 2.88889
1 8.23963 8.23963 8.23963 0 2.85714
1 8.19483 8.19483 8.19483 0 1.3
1 6.08514 6.08514 6.08514 0 3.16667
1 4.70446 4.70446 4.70446 0 2.66667
1 4.54727 4.54727 4.54727 0 2.66667
1 4.0643 4.0643 4.0643 0 2.66667
1 1.81122 1.81122 1.81122 0 2.66667
1 1.56068 1.56068 1.56068 0 1.16667
1 1.26178 1.26178 1.26178 0 2.85714
1 1.22454 1.22454 1.22454 0 2.66667
1 1.22454 1.22454 1.22454 0 2.66667
1 1.22454 1.22454 1.22454 0 2.66667
1 1.22454 1.22454 1.22454 0 2.66667
1 1.22454 1.22454 1.22454 0 2.66667
1 1.22454 1.22454 1.22454 0 2.66667
1 1.22453 1.22453 1.22453 0 2.66667
1 1.22442 1.22442 1.22442 0 2.66667
1 1e-08 1e-08 1e-08 0 2.8
1 1e-08 1e-08 1e-08 0 2.8
1 5e-09 5e-09 1e-08 5e-09 3.16667
1 1e-08 1e-08 1e-08 0 2.8
1 1e-08 1e-08 1e-08 0 3.3
1 1e-08 1e-08 1e-08 0 1.3
1 1e-08 1e-08 1e-08 0 0.857143

22 2.5326 2.47522 4.74395 2.25267 0.8
20 2.23293 2.23293 4.76807 2.53514 2.8
12 2.95023 2.95023 4.6712 1.72097 3.16667
4 18.462 0.0109259 13.5819 7.84555 0.857143
5 6.95745 6.95745 6.95745 0 0.666667
5 2.07003 2.05265 5.28124 3.2165 0.8
4 6.06087 6.02157 6.0314 0.0170147 0.857143
1 14.5486 14.5486 14.5486 0 0.857143
1 9.66674 9.66674 9.66674 0 2.88889
1 8.19483 8.19483 8.19483 0 1.3
1 6.08514 6.08514 6.08514 0 3.16667
1 4.70446 4.70446 4.70446 0 2.66667
1 4.54727 4.54727 4.54727 0 2.66667
1 4.0643 4.0643 4.0643 0 2.66667
1 2.60254 2.60254 2.60254 0 2.85714
1 1.81122 1.81122 1.81122 0 2.66667
1 1.56068 1.56068 1.56068 0 1.16667
1 1.26178 1.26178 1.26178 0 2.85714
1 1.22454 1.22454 1.22454 0 2.66667
1 1.22454 1.22454 1.22454 0 2.66667
1 1.22454 1.22454 1.22454 0 2.66667
1 1.22454 1.22454 1.22454 0 2.66667
1 1.22454 1.22454 1.22454 0 2.66667
1 1.22454 1.22454 1.22454 0 2.66667
1 1.22453 1.22453 1.22453 0 2.66667
1 1.22442 1.22442 1.22442 0 2.66667
1 1e-08 1e-08 1e-08 0 2.8
1 1e-08 1e-08 1e-08 0 2.8
1 1e-08 1e-08 1e-08 0 3.16667
1 1e-08 1e-08 1e-08 0 2.8
1 1e-08 1e-08 1e-08 0 0.857143

24 2.99213 2.99213 4.75362 1.76149 2.8
23 2.87353 2.80842 4.7505 1.91295 1.3
10 1.85443 1.85443 4.9519 3.09746 3.16667
8 5.27486 4.98518 5.16516 0.134913 0.857143
7 4.34841 4.34841 4.96961 0.621201 0.666667
4 7.24512 7.18429 7.22198 0.0253255 0.8
4 6.06087 6.02157 6.0314 0.0170147 0.857143
1 14.5486 14.5486 14.5486 0 0.857143
1 9.66674 9.66674 9.66674 0 2.88889
1 8.19483 8.19483 8.19483 0 1.3
1 6.08514 6.08514 6.08514 0 3.16667
1 4.70446 4.70446 4.70446 0 2.66667
1 4.54727 4.54727 4.54727 0 2.66667
1 4.0643 4.0643 4.0643 0 2.66667
1 2.60254 2.60254 2.60254 0 2.85714
1 1.81122 1.81122 1.81122 0 2.66667
1 1.56068 1.56068 1.56068 0 1.16667
1 1.26178 1.26178 1.26178 0 2.85714
1 1.22454 1.22454 1.22454 0 2.66667
1 1.22454 1.22454 1.22454 0 2.66667
1 1.22454 1.22454 1.22454 0 2.66667
1 1.22454 1.22454 1.22454 0 2.66667
1 1.22454 1.22454 1.22454 0 2.66667
1 1.22454 1.22454 1.22454 0 2.66667
1 1.22453 1.22453 1.22453 0 2.66667
1 1.22442 1.22442 1.22442 0 2.66667
1 1e-08 1e-08 1e-08 0 2.8
1 1e-08 1e-08 1e-08 0 2.8

22 2.7671 2.72156 4.87106 2.124 3.3
21 2.49344 2.49344 5.0425 2.54906 2.8
12 3.57377 3.50277 5.20618 1.68831 0.857143
10 3.24526 3.24526 5.19241 1.94715 3.16667
6 2.1742 2.1742 5.07314 2.89894 0.666667
4 7.24512 7.18429 7.22198 0.0253255 0.8
4 6.06087 6.02157 6.0314 0.0170147 0.857143
1 14.5486 14.5486 14.5486 0 0.857143
1 9.66674 9.66674 9.66674 0 2.88889
1 8.23963 8.23963 8.23963 0 2.85714
1 8.19483 8.19483 8.19483 0 1.3
1 6.08514 6.08514 6.08514 0 3.16667
1 4.70446 4.70446 4.70446 0 2.66667
1 4.54727 4.54727 4.54727 0 2.66667
1 4.0643 4.0643 4.0643 0 2.66667
1 1.81122 1.81122 1.81122 0 2.66667
1 1.56068 1.56068 1.56068 0 1.16667
1 1.26178 1.26178 1.26178 0 2.85714
1 1.22454 1.22454 1.22454 0 2.66667
1 1.22454 1.22454 1.22454 0 2.66667
1 1.22454 1.22454 1.22454 0 2.66667
1 1.22454 1.22454 1.22454 0 2.66667
1 1.22454 1.22454 1.22454 0 2.66667
1 1.22454 1.22454 1.22454 0 2.66667
1 1.22453 1.22453 1.22453 0 2.66667
1 1.22442 1.22442 1.22442 0 2.66667
1 1e-08 1e-08 1e-08 0 2.8
1 1e-08 1e-08 1e-08 0 2.8
1 1e-08 1e-08 1e-08 0 0.857143

21 2.7671 2.75971 5.34503 2.57828 1.3
20 2.5357 2.5357 5.23098 2.69528 2.8
12 3.91665 2.73476 5.33772 2.52117 0.857143
9 3.09072 3.09072 5.53736 2.44664 3.3
6 5.79788 5.79788 5.79788 0 0.666667
4 7.24512 7.18429 7.22198 0.0253255 2.8
2 24.893 5e-09 12.4465 12.4465 1.3
4 6.06087 6.02157 6.0314 0.0170147 0.857143
1 14.5486 14.5486 14.5486 0 0.857143
1 9.66674 9.66674 9.66674 0 2.88889
1 8.23963 8.23963 8.23963 0 2.85714
1 8.19483 8.19483 8.19483 0 1.3
1 6.08514 6.08514 6.08514 0 3.16667
1 4.70446 4.70446 4.70446 0 2.66667
1 4.54727 4.54727 4.54727 0 2.66667
1 4.0643 4.0643 4.0643 0 2.66667
1 1.81122 1.81122 1.81122 0 2.66667
1 1.56068 1.56068 1.56068 0 1.16667
1 1.26178 1.26178 1.26178 0 2.85714
1 1.22454 1.22454 1.22454 0 2.66667
1 1.22454 1.22454 1.22454 0 2.66667
1 1.22454 1.22454 1.22454 0 2.66667
1 1.22454 1.22454 1.22454 0 2.66667
1 1.22454 1.22454 1.22454 0 2.66667
1 1.22454 1.22454 1.22454 0 2.66667
1 1.22453 1.22453 1.22453 0 2.66667
1 1.22442 1.22442 1.22442 0 2.66667
1 0.210911 0.210911 0.210911 0 3.3
1 1e-08 1e-08 1e-08 0 2.8
1 1e-08 1e-08 1e-08 0 2.8
1 1e-08 1e-08 1e-08 0 0.857143

22 2.49344 2.49344 5.25134 2.7579 2.8
21 2.7671 2.7671 5.28799 2.52089 1.3
12 3.91665 2.73511 5.38733 2.56509 0.857143
11 3.81795 3.81795 5.55338 1.73543 3.16667
6 3.86525 3.86525 5.79788 1.93263 0.666667
4 7.24512 7.18429 7.22198 0.0253255 2.8
4 6.06087 6.02157 6.0314 0.0170147 0.857143
1 14.5486 14.5486 14.5486 0 0.857143
1 9.66674 9.66674 9.66674 0 2.88889
1 8.23963 8.23963 8.23963 0 2.85714
1 8.19483 8.19483 8.19483 0 1.3
1 6.08514 6.08514 6.08514 0 3.16667
1 4.70446 4.70446 4.70446 0 2.66667
1 4.54727 4.54727 4.54727 0 2.66667
1 4.0643 4.0643 4.0643 0 2.66667
1 1.81122 1.81122 1.81122 0 2.66667
1 1.56068 1.56068 1.56068 0 1.16667
1 1.26178 1.26178 1.26178 0 2.85714
1 1.22454 1.22454 1.22454 0 2.66667
1 1.22454 1.22454 1.22454 0 2.66667
1 1.22454 1.22454 1.22454 0 2.66667
1 1.22454 1.22454 1.22454 0 2.66667
1 1.22454 1.22454 1.22454 0 2.66667
1 1.22454 1.22454 1.22454 0 2.66667
1 1.22453 1.22453 1.22453 0 2.66667
1 1.22442 1.22442 1.22442 0 2.66667
1 0.00241367 0.00241367 0.00241367 0 3.3
1 1e-08 1e-08 1e-08 0 2.8

22 3.11299 3.11299 4.9615 1.84851 1.3
20 2.37471 2.37471 4.98736 2.61266 2.8
13 3.91665 2.7352 4.94201 2.04968 0.857143
10 2.82196 2.82196 5.10939 2.28743 3.16667
6 5.79788 5.79788 5.79788 0 0.666667
4 7.24512 7.18429 7.22198 0.0253255 0.8
4 6.06087 6.02157 6.0314 0.0170147 0.857143
1 14.5486 14.5486 14.5486 0 0.857143
1 9.66674 9.66674 9.66674 0 2.88889
1 8.23963 8.23963 8.23963 0 2.85714
1 8.19483 8.19483 8.19483 0 1.3
1 6.08514 6.08514 6.08514 0 3.16667
1 4.70446 4.70446 4.70446 0 2.66667
1 4.54727 4.54727 4.54727 0 2.66667
1 4.0643 4.0643 4.0643 0 2.66667
1 1.81122 1.81122 1.81122 0 2.66667
1 1.56068 1.56068 1.56068 0 1.16667
1 1.26178 1.26178 1.26178 0 2.85714
1 1.22454 1.22454 1.22454 0 2.66667
1 1.22454 1.22454 1.22454 0 2.66667
1 1.22454 1.22454 1.22454 0 2.66667
1 1.22454 1.22454 1.22454 0 2.66667
1 1.22454 1.22454 1.22454 0 2.66667
1 1.22454 1.22454 1.22454 0 2.66667
1 1.22453 1.22453 1.22453 0 2.66667
1 1.22442 1.22442 1.22442 0 2.66667
1 0.00241367 0.00241367 0.00241367 0 3.3
1 1e-08 1e-08 1e-08 0 2.8
1 1e-08 1e-08 1e-08 0 0.888889

21 2.10456 2.10456 5.22126 3.1167 3.35714
19 2.16821 2.16821 5.44569 3.27748 2.8
13 8.13457 5.68079 6.09702 0.870116 1.35714
10 6.49051 6.49051 6.49051 8.88178e-16 3.16667
6 5.79788 5.79788 5.79788 0 0.666667
4 7.24512 7.18429 7.22198 0.0253255 0.8
4 6.06087 6.02157 6.0314 0.0170147 0.857143
1 14.5486 14.5486 14.5486 0 0.857143
1 9.66674 9.66674 9.66674 0 2.88889
1 8.23963 8.23963 8.23963 0 2.85714
1 8.19483 8.19483 8.19483 0 1.3
1 6.08514 6.08514 6.08514 0 3.16667
1 4.70446 4.70446 4.70446 0 2.66667
1 4.54727 4.54727 4.54727 0 2.66667
1 4.0643 4.0643 4.0643 0 2.66667
1 1.81122 1.81122 1.81122 0 2.66667
1 1.56068 1.56068 1.56068 0 1.16667
1 1.22454 1.22454 1.22454 0 2.66667
1 1.22454 1.22454 1.22454 0 2.66667
1 1.22454 1.22454 1.22454 0 2.66667
1 1.22454 1.22454 1.22454 0 2.66667
1 1.22454 1.22454 1.22454 0 2.66667
1 1.22454 1.22454 1.22454 0 2.66667
1 1.22453 1.22453 1.22453 0 2.66667
1 1.22442 1.22442 1.22442 0 2.66667
1 0.693202 0.693202 0.693202 0 1.3
1 0.63089 0.63089 0.657397 0.0265068 2.8
1 0.210911 0.210911 0.210911 0 3.3
1 1e-08 1e-08 1e-08 0 2.8
1 1e-08 1e-08 1e-08 0 0.888889

19 2.66828 2.66828 6.20823 3.53996 1.3
16 2.10713 2.10713 6.22213 4.11499 2.8
11 9.61359 6.71367 7.27879 1.10156 0.857143
2 37.9012 36.9298 37.4155 0.485699 0.857143
10 5.90046 5.90046 5.90063 0.000164109 3.16667
5 5.79788 5.79788 6.95745 1.15958 0.666667
4 7.24512 7.18429 7.22198 0.0253255 2.8
4 6.06087 6.02157 6.0314 0.0170147 0.857143
1 14.5486 14.5486 14.5486 0 0.857143
1 9.66674 9.66674 9.66674 0 2.88889
1 8.19483 8.19483 8.19483 0 1.3
1 6.08514 6.08514 6.08514 0 3.16667
1 4.70446 4.70446 4.70446 0 2.66667
1 4.54727 4.54727 4.54727 0 2.66667
1 4.11982 4.11982 4.11982 5e-09 2.85714
1 4.0643 4.0643 4.0643 0 2.66667
1 1.81122 1.81122 1.81122 0 2.66667
1 1.56068 1.56068 1.56068 0 1.16667
1 1.26178 1.26178 1.26178 0 2.85714
1 1.22454 1.22454 1.22454 0 2.66667
1 1.22454 1.22454 1.22454 0 2.66667
1 1.22454 1.22454 1.22454 0 2.66667
1 1.22454 1.22454 1.22454 0 2.66667
1 1.22454 1.22454 1.22454 0 2.66667
1 1.22454 1.22454 1.22454 0 2.66667
1 1.22453 1.22453 1.22453 0 2.66667
1 1.22442 1.22442 1.22442 0 2.66667
1 0.210911 0.210911 0.210911 0 3.3
1 0.00306381 0.00306381 0.00633266 0.00326886 1.3
1 1e-08 1e-08 1e-08 0 2.8
1 1e-08 1e-08 1e-08 0 0.888889

20 2.49039 2.49039 5.15479 2.6644 1.3
19 2.0494 2.0494 5.08775 3.03834 2.8
13 8.13457 5.68079 6.09702 0.870116 0.857143
10 6.49051 6.49051 6.49051 8.88178e-16 3.16667
5 6.95745 6.95745 6.95745 0 0.666667
4 7.24512 7.18429 7.22198 0.0253255 0.8
4 6.06087 6.02157 6.0314 0.0170147 0.857143
1 14.5486 14.5486 14.5486 0 0.857143
1 9.66674 9.66674 9.66674 0 2.88889
1 8.19483 8.19483 8.19483 0 1.3
1 6.08514 6.08514 6.08514 0 3.16667
1 4.70446 4.70446 4.70446 0 2.66667
1 4.54727 4.54727 4.54727 0 2.66667
1 4.11982 4.11982 4.18953 0.0697102 2.85714
1 4.0643 4.0643 4.0643 0 2.66667
1 1.81122 1.81122 1.81122 0 2.66667
1 1.56068 1.56068 1.56068 0 1.16667
1 1.26178 1.26178 1.26178 0 2.85714
1 1.22454 1.22454 1.22454 0 2.66667
1 1.22454 1.22454 1.22454 0 2.66667
1 1.22454 1.22454 1.22454 0 2.66667
1 1.22454 1.22454 1.22454 0 2.66667
1 1.22454 1.22454 1.22454 0 2.66667
1 1.22454 1.22454 1.22454 0 2.66667
1 1.22453 1.22453 1.22453 0 2.66667
1 1.22442 1.22442 1.22442 0 2.66667
1 0.768284 0.768284 0.768284 0 2.8
1 0.00241367 0.00241367 0.00241367 0 3.3
1 1e-08 1e-08 1e-08 0 2.8
1 1e-08 1e-08 1e-08 0 0.888889
1 1e-08 1e-08 1e-08 0 1.3

22 2.2353 2.2302 5.32709 3.09666 1.3
19 2.13724 2.13724 5.54396 3.40673 2.8
10 10.5749 7.38503 8.08207 1.24816 1.35714
10 6.49051 6.49051 6.49051 8.88178e-16 3.16667
5 6.95745 6.95745 6.95745 0 0.666667
4 7.24512 7.18429 7.22198 0.0253255 0.8
4 6.06087 6.02157 6.0314 0.0170147 0.857143
1 14.5486 14.5486 14.5486 0 0.857143
1 9.66674 9.66674 9.66674 0 2.88889
1 8.19483 8.19483 8.19483 0 1.3
1 6.08514 6.08514 6.08514 0 3.16667
1 4.70446 4.70446 4.70446 0 2.66667
1 4.54727 4.54727 4.54727 0 2.66667
1 4.11982 4.11982 4.19101 0.071195 2.85714
1 4.0643 4.0643 4.0643 0 2.66667
1 1.81122 1.81122 1.81122 0 2.66667
1 1.56068 1.56068 1.56068 0 1.16667
1 1.26178 1.26178 1.26178 0 2.85714
1 1.22454 1.22454 1.22454 0 2.66667
1 1.22454 1.22454 1.22454 0 2.66667
1 1.22454 1.22454 1.22454 0 2.66667
1 1.22454 1.22454 1.22454 0 2.66667
1 1.22454 1.22454 1.22454 0 2.66667
1 1.22454 1.22454 1.22454 0 2.66667
1 1.22453 1.22453 1.22453 0 2.66667
1 1.22442 1.22442 1.22442 0 2.66667
1 0.256095 0.256095 0.271641 0.0155468 2.85714
1 0.00241367 0.00241367 0.00241367 0 3.3
1 1e-08 1e-08 1e-08 0 2.8
1 1e-08 1e-08 1e-08 0 0.888889
1 1e-08 1e-08 1e-08 0 1.3
1 1e-08 1e-08 1e-08 0 2.8
1 1e-08 1e-08 1e-08 0 2.8

18 1.9706 1.9661 6.17911 4.21276 1.8
16 2.23293 2.23293 6.18122 3.94828 2.8
8 13.2187 9.23129 10.2898 1.69231 0.857143
2 37.9012 36.9298 37.4155 0.485699 0.857143
10 6.49051 6.49051 6.49051 8.88178e-16 3.16667
5 6.95745 6.95745 6.95745 0 0.666667
4 7.24512 7.18429 7.22198 0.0253255 0.8
4 6.06087 6.02157 6.0314 0.0170147 0.857143
1 14.5486 14.5486 14.5486 0 0.857143
1 9.66674 9.66674 9.66674 0 2.88889
1 8.23963 8.23963 8.23963 0 2.85714
1 8.19483 8.19483 8.19483 0 1.3
1 6.08514 6.08514 6.08514 0 3.16667
1 4.70446 4.70446 4.70446 0 2.66667
1 4.54727 4.54727 4.54727 0 2.66667
1 4.0643 4.0643 4.0643 0 2.66667
1 1.81122 1.81122 1.81122 0 2.66667
1 1.56068 1.56068 1.56068 0 1.16667
1 1.26178 1.26178 1.26178 0 2.85714
1 1.22454 1.22454 1.22454 0 2.66667
1 1.22454 1.22454 1.22454 0 2.66667
1 1.22454 1.22454 1.22454 0 2.66667
1 1.22454 1.22454 1.22454 0 2.66667
1 1.22454 1.22454 1.22454 0 2.66667
1 1.22454 1.22454 1.22454 0 2.66667
1 1.22453 1.22453 1.22453 0 2.66667
1 1.22442 1.22442 1.22442 0 2.66667
1 0.00241367 0.00241367 0.00241367 0 3.3
1 1e-08 1e-08 1e-08 0 2.8
1 1e-08 1e-08 1e-08 0 2.8
1 1e-08 1e-08 1e-08 0 0.888889
1 1e-08 1e-08 1e-08 0 1.3

20 2.26917 2.26399 5.57783 3.31331 1.3
18 2.37471 2.37471 5.79103 3.41632 2.8
10 10.5749 7.38503 8.08207 1.24816 0.857143
10 6.49051 6.49051 6.49051 8.88178e-16 3.16667
5 6.95745 6.95745 6.95745 0 0.666667
4 7.24512 7.18429 7.22198 0.0253255 0.8
3 27.3545 3.33333e-09 9.53067 12.6135 2.8
4 6.06087 6.02157 6.0314 0.0170147 0.857143
1 14.5486 14.5486 14.5486 0 0.857143
1 9.66674 9.66674 9.66674 0 2.88889
1 8.23963 8.23963 8.23963 0 2.85714
1 8.19483 8.19483 8.19483 0 1.3
1 6.08514 6.08514 6.08514 0 3.16667
1 4.70446 4.70446 4.70446 0 2.66667
1 4.54727 4.54727 4.54727 0 2.66667
1 4.0643 4.0643 4.0643 0 2.66667
1 1.81122 1.81122 1.81122 0 2.66667
1 1.56068 1.56068 1.56068 0 1.16667
1 1.22454 1.22454 1.22454 0 2.66667
1 1.22454 1.22454 1.22454 0 2.66667
1 1.22454 1.22454 1.22454 0 2.66667
1 1.22454 1.22454 1.22454 0 2.66667
1 1.22454 1.22454 1.22454 0 2.66667
1 1.22454 1.22454 1.22454 0 2.66667
1 1.22453 1.22453 1.22453 0 2.66667
1 1.22442 1.22442 1.22442 0 2.66667
1 0.399981 0.399981 0.399981 0 3.3
1 0.0229225 0.0229225 0.0229225 0 1.3
1 5e-09 5e-09 1e-08 5e-09 2.8
1 1e-08 1e-08 1e-08 0 2.8
1 1e-08 1e-08 1e-08 0 0.888889
1 1e-08 1e-08 1e-08 0 1.3
1 1e-08 1e-08 1e-08 0 2.8

13 3.25232 3.25232 8.66851 5.41619 2.8
1 105.749 105.749 105.749 0 1.35714
11 2.05158 2.0469 8.71419 6.66601 1.35714
11 13.6006 9.09091e-10 8.61665 6.51464 2.8
9 16.6229 1.11111e-09 9.37106 8.11556 2.8
9 10.5749 7.3851 8.70539 1.27318 0.857143
7 6.49051 6.49051 9.27216 2.78165 3.16667
2 41.0318 1.85619 21.444 19.5878 2.8
4 6.95745 6.95745 8.69682 1.73936 0.666667
3 7.24512 7.21339 9.6293 2.39481 0.8
2 6.06087 6.02158 12.0628 6.0216 0.857143
1 14.5486 14.5486 14.5486 0 0.857143
1 9.66674 9.66674 9.66674 0 2.88889
1 8.19483 8.19483 8.19483 0 1.3
1 6.08514 6.08514 6.08514 0 3.16667
1 4.70446 4.70446 4.70446 0 2.66667
1 4.54727 4.54727 4.54727 0 2.66667
1 4.0643 4.0643 4.0643 0 2.66667
1 2.60254 2.60254 2.60254 0 2.85714
1 1.81122 1.81122 1.81122 0 2.66667
1 1.56068 1.56068 1.56068 0 1.16667
1 1.22454 1.22454 1.22454 0 2.66667
1 1.22454 1.22454 1.22454 0 2.66667
1 1.22454 1.22454 1.22454 0 2.66667
1 1.22454 1.22454 1.22454 0 2.66667
1 1.22454 1.22454 1.22454 0 2.66667
1 1.22454 1.22454 1.22454 0 2.66667
1 1.22453 1.22453 1.22453 0 2.66667
1 1.22442 1.22442 1.22442 0 2.66667
1 0.00241367 0.00241367 0.00241367 0 3.3
1 1e-08 1e-08 1e-08 0 2.8
1 1e-08 1e-08 1e-08 0 0.888889
1 1e-08 1e-08 1e-08 0 1.3
1 1e-08 1e-08 1e-08 0 2.8
1 1e-08 1e-08 1e-08 0 3.3

11 13.615 13.584 13.5924 0.0138327 1.3
16 1.82447 1.82447 6.60567 4.7812 2.8
11 2.42982 1.99528 6.8711 4.79354 1.35714
2 37.9012 36.9298 37.4155 0.485699 0.857143
7 9.27216 9.27216 9.27216 1.77636e-15 3.16667
4 8.69682 8.69682 8.69682 0 0.666667
3 9.66016 9.61785 9.64606 0.0199427 2.8
2 12.1217 12.0432 12.0824 0.0392898 0.857143
1 14.5486 14.5486 14.5486 0 0.857143
1 9.66674 9.66674 9.66674 0 2.88889
1 8.23963 8.23963 8.23963 0 2.85714
1 8.19483 8.19483 8.19483 0 1.3
1 6.08514 6.08514 6.08514 0 3.16667
1 4.70446 4.70446 4.70446 0 2.66667
1 4.54727 4.54727 4.54727 0 2.66667
1 4.0643 4.0643 4.0643 0 2.66667
1 1.81122 1.81122 1.81122 0 2.66667
1 1.56068 1.56068 1.56068 0 1.16667
1 1.22454 1.22454 1.22454 0 2.66667
1 1.22454 1.22454 1.22454 0 2.66667
1 1.22454 1.22454 1.22454 0 2.66667
1 1.22454 1.22454 1.22454 0 2.66667
1 1.22454 1.22454 1.22454 0 2.66667
1 1.22454 1.22454 1.22454 0 2.66667
1 1.22453 1.22453 1.22453 0 2.66667
1 1.22442 1.22442 1.22442 0 2.66667
1 0.00241367 0.00241367 0.00241367 0 3.3
1 1e-08 1e-08 1e-08 0 1.3
1 1e-08 1e-08 1e-08 0 3.3
1 1e-08 1e-08 1e-08 0 2.8
1 1e-08 1e-08 1e-08 0 0.888889
1 1e-08 1e-08 1e-08 0 2.8
1 1.42857e-09 1.42857e-09 1e-08 8.57143e-09 2.8
1 1e-08 1e-08 1e-08 0 2.8

11 11.7073 9.6136 10.0233 0.780988 1.35714
16 2.2001 2.2001 6.13627 3.93617 2.8
15 2.49609 2.49039 6.101 3.60719 1.3
2 37.9012 36.9298 37.4155 0.485699 0.857143
7 9.27216 9.27216 9.27216 1.77636e-15 3.16667
4 8.69682 8.69682 8.69682 0 0.666667
3 9.66016 9.61785 9.64606 0.0199427 2.8
2 12.1217 12.0432 12.0824 0.0392898 0.857143
1 14.5486 14.5486 14.5486 0 0.857143
1 9.66674 9.66674 9.66674 0 2.88889
1 8.19483 8.19483 8.19483 0 1.3
1 6.08514 6.08514 6.08514 0 3.16667
1 4.70446 4.70446 4.70446 0 2.66667
1 4.54727 4.54727 4.54727 0 2.66667
1 4.0643 4.0643 4.0643 0 2.66667
1 2.60254 2.60254 2.60254 0 2.85714
1 1.81122 1.81122 1.81122 0 2.66667
1 1.56068 1.56068 1.56068 0 1.16667
1 1.22454 1.22454 1.22454 0 2.66667
1 1.22454 1.22454 1.22454 0 2.66667
1 1.22454 1.22454 1.22454 0 2.66667
1 1.22454 1.22454 1.22454 0 2.66667
1 1.22454 1.22454 1.22454 0 2.66667
1 1.22454 1.22454 1.22454 0 2.66667
1 1.22453 1.22453 1.22453 0 2.66667
1 1.22442 1.22442 1.22442 0 2.66667
1 0.00241367 0.00241367 0.00241367 0 3.3
1 1e-08 1e-08 1e-08 0 1.3
1 1e-08 1e-08 1e-08 0 3.3
1 1e-08 1e-08 1e-08 0 2.8
1 1e-08 1e-08 1e-08 0 0.888889
1 1e-08 1e-08 1e-08 0 2.8
1 1e-08 1e-08 1e-08 0 3.35714

16 9.36033 6.25e-10 8.7673 2.26373 0.8
15 2.23293 2.23293 6.46862 4.23568 2.8
14 2.27888 1.79374 6.46196 4.43535 1.35714
2 37.9012 36.9298 37.4155 0.485699 0.857143
7 9.27216 9.27216 9.27216 1.77636e-15 3.16667
4 8.69682 8.69682 8.69682 0 0.666667
3 9.66016 9.61785 9.64606 0.0199427 0.8
2 12.1217 12.0432 12.0824 0.0392898 0.857143
1 14.5486 14.5486 14.5486 0 0.857143
1 9.66674 9.66674 9.66674 0 2.88889
1 8.23963 8.23963 8.23963 0 2.85714
1 8.19483 8.19483 8.19483 0 1.3
1 6.08514 6.08514 6.08514 0 3.16667
1 4.70446 4.70446 4.70446 0 2.66667
1 4.54727 4.54727 4.54727 0 2.66667
1 4.0643 4.0643 4.0643 0 2.66667
1 1.81122 1.81122 1.81122 0 2.66667
1 1.56068 1.56068 1.56068 0 1.16667
1 1.22454 1.22454 1.22454 0 2.66667
1 1.22454 1.22454 1.22454 0 2.66667
1 1.22454 1.22454 1.22454 0 2.66667
1 1.22454 1.22454 1.22454 0 2.66667
1 1.22454 1.22454 1.22454 0 2.66667
1 1.22454 1.22454 1.22454 0 2.66667
1 1.22453 1.22453 1.22453 0 2.66667
1 1.22442 1.22442 1.22442 0 2.66667
1 0.00241367 0.00241367 0.00241367 0 3.3
1 1e-08 1e-08 1e-08 0 1.3
1 1e-08 1e-08 1e-08 0 3.3
1 1e-08 1e-08 1e-08 0 2.8
1 1e-08 1e-08 1e-08 0 0.888889
1 1e-08 1e-08 1e-08 0 2.8

14 9.76661 7.68745 8.6999 0.741288 1.38889
18 2.5357 2.5357 6.31774 3.78204 2.8
14 2.11139 2.10937 6.47729 4.36778 1.35714
2 37.9012 36.9298 37.4155 0.485699 0.857143
7 9.27216 9.27216 9.27216 1.77636e-15 3.16667
4 8.69682 8.69682 8.69682 0 0.666667
3 9.66016 9.61785 9.64606 0.0199427 0.8
2 12.1217 12.0432 12.0824 0.0392898 0.857143
1 14.5486 14.5486 14.5486 0 0.857143
1 9.66674 9.66674 9.66674 0 2.88889
1 8.23963 8.23963 8.23963 0 2.85714
1 8.19483 8.19483 8.19483 0 1.3
1 6.08514 6.08514 6.08514 0 3.16667
1 4.70446 4.70446 4.70446 0 2.66667
1 4.54727 4.54727 4.54727 0 2.66667
1 4.0643 4.0643 4.0643 0 2.66667
1 1.81122 1.81122 1.81122 0 2.66667
1 1.56068 1.56068 1.56068 0 1.16667
1 1.22454 1.22454 1.22454 0 2.66667
1 1.22454 1.22454 1.22454 0 2.66667
1 1.22454 1.22454 1.22454 0 2.66667
1 1.22454 1.22454 1.22454 0 2.66667
1 1.22454 1.22454 1.22454 0 2.66667
1 1.22454 1.22454 1.22454 0 2.66667
1 1.22453 1.22453 1.22453 0 2.66667
1 1.22442 1.22442 1.22442 0 2.66667
1 0.00241367 0.00241367 0.00241367 0 3.3
1 1e-08 1e-08 1e-08 0 1.3
1 1e-08 1e-08 1e-08 0 3.3
1 1e-08 1e-08 1e-08 0 2.8
1 1e-08 1e-08 1e-08 0 0.888889
1 1e-08 1e-08 1e-08 0 2.8
1 1e-08 1e-08 1e-08 0 2.85714

14 10.7077 10.6975 10.6982 0.00263354 0.8
15 2.23293 2.23293 6.93529 4.70236 3.3
13 2.54103 2.22036 7.12523 4.84324 1.38889
7 9.27216 9.27216 9.27216 1.77636e-15 3.16667
3 25.2675 0.0101274 16.6325 11.7568 0.857143
3 46.8597 3.33333e-09 15.6199 22.0899 1.35714
4 8.69682 8.69682 8.69682 0 0.666667
3 9.66016 9.61785 9.64606 0.0199427 0.8
2 12.1217 12.0432 12.0824 0.0392898 0.857143
1 14.5486 14.5486 14.5486 0 0.857143
1 9.66674 9.66674 9.66674 0 2.88889
1 8.23963 8.23963 8.23963 0 2.85714
1 8.19483 8.19483 8.19483 0 1.3
1 6.08514 6.08514 6.08514 0 3.16667
1 4.70446 4.70446 4.70446 0 2.66667
1 4.54727 4.54727 4.54727 0 2.66667
1 4.0643 4.0643 4.0643 0 2.66667
1 1.81122 1.81122 1.81122 0 2.66667
1 1.56068 1.56068 1.56068 0 1.16667
1 1.22454 1.22454 1.22454 0 2.66667
1 1.22454 1.22454 1.22454 0 2.66667
1 1.22454 1.22454 1.22454 0 2.66667
1 1.22454 1.22454 1.22454 0 2.66667
1 1.22454 1.22454 1.22454 0 2.66667
1 1.22454 1.22454 1.22454 0 2.66667
1 1.22453 1.22453 1.22453 0 2.66667
1 1.22442 1.22442 1.22442 0 2.66667
1 0.399981 0.399981 0.399981 0 3.3
1 1e-08 1e-08 1e-08 0 1.3
1 1e-08 1e-08 1e-08 0 3.3
1 1e-08 1e-08 1e-08 0 2.8
1 1e-08 1e-08 1e-08 0 0.888889
1 1e-08 1e-08 1e-08 0 2.8
1 1e-08 1e-08 1e-08 0 2.85714
1 1e-08 1e-08 1e-08 0 1.38889
1 5e-09 5e-09 1e-08 5e-09 3.35714

13 11.3221 9.90621 10.1845 0.433692 1.35714
14 2.30164 2.30164 7.88842 5.58678 2.8
13 2.3795 2.37723 7.97608 5.59851 0.8
1 93.8144 93.8144 93.8144 0 2.85714
2 70.2895 5e-09 35.1447 35.1447 3.35714
7 9.27216 9.27216 9.27216 1.77636e-15 3.16667
3 25.2675 3.33333e-09 16.6291 11.7615 1.35714
4 8.69682 8.69682 8.69682 0 0.666667
3 9.66016 9.61785 9.64606 0.0199427 0.8
2 12.1217 12.0432 12.0824 0.0392898 0.857143
1 14.5486 14.5486 14.5486 0 0.857143
1 9.66674 9.66674 9.66674 0 2.88889
1 8.23963 8.23963 8.23963 0 2.85714
1 8.19483 8.19483 8.19483 0 1.3
1 6.08514 6.08514 6.08514 0 3.16667
1 4.70446 4.70446 4.70446 0 2.66667
1 4.54727 4.54727 4.54727 0 2.66667
1 4.0643 4.0643 4.0643 0 2.66667
1 1.81122 1.81122 1.81122 0 2.66667
1 1.56068 1.56068 1.56068 0 1.16667
1 1.22454 1.22454 1.22454 0 2.66667
1 1.22454 1.22454 1.22454 0 2.66667
1 1.22454 1.22454 1.22454 0 2.66667
1 1.22454 1.22454 1.22454 0 2.66667
1 1.22454 1.22454 1.22454 0 2.66667
1 1.22454 1.22454 1.22454 0 2.66667
1 1.22453 1.22453 1.22453 0 2.66667
1 1.22442 1.22442 1.22442 0 2.66667
1 0.0303823 0.0303823 0.0303823 0 1.38889
1 0.00241367 0.00241367 0.00241367 0 3.3
1 1e-08 1e-08 1e-08 0 3.3
1 1e-08 1e-08 1e-08 0 2.8
1 1e-08 1e-08 1e-08 0 0.888889
1 1e-08 1e-08 1e-08 0 2.8
1 1e-08 1e-08 1e-08 0 2.85714
1 1e-08 1e-08 1e-08 0 1.38889
1 1e-08 1e-08 1e-08 0 3.35714
1 1e-08 1e-08 1e-08 0 1.3

13 11.5314 11.5204 11.5221 0.00397328 0.8
1 149.607 149.607 149.607 0 2.8
12 2.26677 2.26677 8.83904 6.57227 2.8
11 2.2998 2.13645 8.76971 6.58191 1.35714
1 73.8596 73.8596 73.8596 0 0.857143
7 9.27216 9.27216 9.27216 1.77636e-15 3.16667
2 37.9012 0.0151912 18.9582 18.943 0.857143
4 8.69682 8.69682 8.69682 0 0.666667
3 9.66016 9.61785 9.64606 0.0199427 0.8
2 12.1217 12.0432 12.0824 0.0392898 0.857143
1 14.5486 14.5486 14.5486 0 0.857143
1 9.66674 9.66674 9.66674 0 2.88889
1 8.23963 8.23963 8.23963 0 2.85714
1 8.19483 8.19483 8.19483 0 1.3
1 6.08514 6.08514 6.08514 0 3.16667
1 4.70446 4.70446 4.70446 0 2.66667
1 4.54727 4.54727 4.54727 0 2.66667
1 4.0643 4.0643 4.0643 0 2.66667
1 1.81122 1.81122 1.81122 0 2.66667
1 1.56068 1.56068 1.56068 0 1.16667
1 1.22454 1.22454 1.22454 0 2.66667
1 1.22454 1.22454 1.22454 0 2.66667
1 1.22454 1.22454 1.22454 0 2.66667
1 1.22454 1.22454 1.22454 0 2.66667
1 1.22454 1.22454 1.22454 0 2.66667
1 1.22454 1.22454 1.22454 0 2.66667
1 1.22453 1.22453 1.22453 0 2.66667
1 1.22442 1.22442 1.22442 0 2.66667
1 0.210911 0.210911 0.210911 0 3.3
1 1e-08 1e-08 1e-08 0 3.3
1 1e-08 1e-08 1e-08 0 2.8
1 1e-08 1e-08 1e-08 0 0.888889
1 1e-08 1e-08 1e-08 0 2.8
1 1e-08 1e-08 1e-08 0 2.85714
1 1e-08 1e-08 1e-08 0 1.38889
1 1e-08 1e-08 1e-08 0 1.3
1 1e-08 1e-08 1e-08 0 1.38889

11 13.3982 12.4302 12.7435 0.361441 1.35714
16 2.62997 2.62746 6.69302 4.06477 2.8
15 2.16821 2.16821 6.90307 4.73486 2.8
2 37.9012 36.9298 37.4155 0.485699 0.857143
7 9.27216 9.27216 9.27216 1.77636e-15 3.16667
4 8.69682 8.69682 8.69682 0 0.666667
3 9.66016 9.61785 9.64606 0.0199427 0.8
2 12.1217 12.0432 12.0824 0.0392898 0.857143
1 14.5486 14.5486 14.5486 0 0.857143
1 9.66674 9.66674 9.66674 0 2.88889
1 8.23963 8.23963 8.23963 0 2.85714
1 8.19483 8.19483 8.19483 0 1.3
1 6.08514 6.08514 6.08514 0 3.16667
1 4.70446 4.70446 4.70446 0 2.66667
1 4.54727 4.54727 4.54727 0 2.66667
1 4.0643 4.0643 4.0643 0 2.66667
1 1.81122 1.81122 1.81122 0 2.66667
1 1.56068 1.56068 1.56068 0 1.16667
1 1.22454 1.22454 1.22454 0 2.66667
1 1.22454 1.22454 1.22454 0 2.66667
1 1.22454 1.22454 1.22454 0 2.66667
1 1.22454 1.22454 1.22454 0 2.66667
1 1.22454 1.22454 1.22454 0 2.66667
1 1.22454 1.22454 1.22454 0 2.66667
1 1.22453 1.22453 1.22453 0 2.66667
1 1.22442 1.22442 1.22442 0 2.66667
1 0.399981 0.399981 0.399981 0 3.3
1 0.0303823 0.0303823 0.0303823 0 1.38889
1 1e-08 1e-08 1e-08 0 3.3
1 1e-08 1e-08 1e-08 0 2.8
1 1e-08 1e-08 1e-08 0 0.888889
1 1e-08 1e-08 1e-08 0 2.8
1 1e-08 1e-08 1e-08 0 2.85714
1 1e-08 1e-08 1e-08 0 1.38889
1 1e-08 1e-08 1e-08 0 1.3
1 1e-08 1e-08 1e-08 0 1.38889

15 9.97377 9.97377 9.97377 0 2.8
18 2.88285 2.8801 6.27139 3.38961 0.8
14 2.44412 2.30457 6.27928 3.89273 1.38889
1 73.8596 73.8596 73.8596 0 0.857143
8 8.32824 0.12315 6.68708 2.95382 0.8
4 8.69682 8.69682 8.69682 0 0.666667
3 9.66016 9.61785 9.64606 0.0199427 0.8
2 8.08116 8.02877 8.07068 0.0305483 0.857143
1 14.5486 14.5486 14.5486 0 0.857143
1 9.66674 9.66674 9.66674 0 2.88889
1 8.19483 8.19483 8.19483 0 1.3
1 6.08514 6.08514 6.08514 0 3.16667
1 4.70446 4.70446 4.70446 0 2.66667
1 4.54727 4.54727 4.54727 0 2.66667
1 4.0643 4.0643 4.0643 0 2.66667
1 2.60254 2.60254 2.60254 0 2.85714
1 1.81122 1.81122 1.81122 0 2.66667
1 1.56068 1.56068 1.56068 0 1.16667
1 1.22454 1.22454 1.22454 0 2.66667
1 1.22454 1.22454 1.22454 0 2.66667
1 1.22454 1.22454 1.22454 0 2.66667
1 1.22454 1.22454 1.22454 0 2.66667
1 1.22454 1.22454 1.22454 0 2.66667
1 1.22454 1.22454 1.22454 0 2.66667
1 1.22453 1.22453 1.22453 0 2.66667
1 1.22442 1.22442 1.22442 0 2.66667
1 0.399981 0.399981 0.399981 0 3.3
1 0.070645 0.070645 0.0870117 0.0163667 1.40909
1 2.5e-09 2.5e-09 1e-08 7.5e-09 0.8
1 1e-08 1e-08 1e-08 0 2.8
1 1e-08 1e-08 1e-08 0 0.888889
1 1e-08 1e-08 1e-08 0 2.8
1 1e-08 1e-08 1e-08 0 2.85714
1 1e-08 1e-08 1e-08 0 1.3
1 1e-08 1e-08 1e-08 0 1.38889

15 9.93942 6.66667e-10 9.03921 2.42753 1.38889
19 1.87386 1.87386 5.91175 4.03789 0.857143
17 2.49344 2.49344 5.89953 3.40609 2.8
1 73.8596 73.8596 73.8596 0 0.857143
4 8.69682 8.69682 8.69682 0 0.666667
3 9.66016 9.61785 9.64606 0.0199427 0.8
2 12.1217 12.0432 12.0824 0.0392898 0.857143
1 14.5486 14.5486 14.5486 0 0.857143
1 9.66674 9.66674 9.66674 0 2.88889
1 8.23963 8.23963 8.23963 0 2.85714
1 8.19483 8.19483 8.19483 0 1.3
1 6.08514 6.08514 6.08514 0 3.16667
1 4.70446 4.70446 4.70446 0 2.66667
1 4.54727 4.54727 4.54727 0 2.66667
1 4.0643 4.0643 4.0643 0 2.66667
1 1.81122 1.81122 1.81122 0 2.66667
1 1.56068 1.56068 1.56068 0 1.16667
1 1.22454 1.22454 1.22454 0 2.66667
1 1.22454 1.22454 1.22454 0 2.66667
1 1.22454 1.22454 1.22454 0 2.66667
1 1.22454 1.22454 1.22454 0 2.66667
1 1.22454 1.22454 1.22454 0 2.66667
1 1.22454 1.22454 1.22454 0 2.66667
1 1.22453 1.22453 1.22453 0 2.66667
1 1.22442 1.22442 1.22442 0 2.66667
1 0.210911 0.210911 0.210911 0 3.3
1 0.14129 0.14129 0.14129 0 1.40909
1 1e-08 1e-08 1e-08 0 3.3
1 1e-08 1e-08 1e-08 0 2.8
1 1e-08 1e-08 1e-08 0 0.888889
1 1e-08 1e-08 1e-08 0 2.8
1 1e-08 1e-08 1e-08 0 2.85714
1 1e-08 1e-08 1e-08 0 1.3
1 1e-08 1e-08 1e-08 0 2.85714

