1 0.0522538 0.0522538 0.0522538 0 2
1 1e-08 1e-08 1e-08 0 0
1 1e-08 1e-08 1e-08 0 2
1 1e-08 1e-08 1e-08 0 2
1 1e-08 1e-08 1e-08 0 2

96 0.0127536 0.000411177 0.00156762 0.00337302 2
1 5e-09 5e-09 1e-08 5e-09 0
1 5e-09 5e-09 1e-08 5e-09 2
1 3.33333e-09 3.33333e-09 1e-08 6.66667e-09 2
1 5e-09 5e-09 1e-08 5e-09 2

1 1.22435 1.22435 1.22435 0 3.16667
13 0.00776308 0.00658237 0.0141536 0.00748316 2
1 3.33333e-09 3.33333e-09 1e-08 6.66667e-09 0
1 1e-08 1e-08 1e-08 0 2
1 2e-09 2e-09 1e-08 8e-09 2
1 2.5e-09 2.5e-09 1e-08 7.5e-09 2

20 0.0722386 0.00261292 0.0564791 0.0182511 2.66667
49 0.229179 0.0134543 0.0227535 0.0308647 3.16667
1 1e-08 1e-08 1e-08 0 0
1 1e-08 1e-08 1e-08 0 2
1 1e-08 1e-08 1e-08 0 2
1 1e-08 1e-08 1e-08 0 2
1 1e-08 1e-08 1e-08 0 3.3
1 5e-09 5e-09 1e-08 5e-09 1.16667

8 3.83805 1.25e-09 0.585508 1.23043 2.66667
4 0.361193 0.360983 0.361036 9.08245e-05 2.66667
7 0.234329 0.0137567 0.202163 0.166169 3.16667
5 0.244867 0.244867 0.244867 0 2.66667
3 0.408107 0.408107 0.408107 0 2.66667
4 0.30608 0.30608 0.30608 0 2.66667
2 0.612161 0.612161 0.612161 0 2.66667
5 0.222295 0.174903 0.219362 0.039787 2.66667
4 0.306086 0.0130685 0.232832 0.12688 2.66667
4 0.17622 0.176112 0.223471 0.0473319 2.66667
4 0.0765201 0.0765201 0.218942 0.142422 2.66667
4 0.148965 0.102027 0.217766 0.105972 2.66667
2 0.612161 5e-09 0.30608 0.30608 2
2 0.612161 5e-09 0.30608 0.30608 0
2 0.612149 5e-09 0.306074 0.306074 1.16667
1 0.0516601 0.0516601 0.0516601 0 3.3
1 1e-08 1e-08 1e-08 0 3.3
1 1e-08 1e-08 1e-08 0 2
1 1e-08 1e-08 1e-08 0 2
1 1e-08 1e-08 1e-08 0 2.8
1 1e-08 1e-08 1e-08 0 3.3
1 1e-08 1e-08 1e-08 0 3.16667
1 1e-08 1e-08 1e-08 0 2.8

28 1.14057 0.0161634 0.205084 0.333878 2.66667
16 1.30346 6.25e-10 0.250237 0.402158 3.16667
6 0.364258 0.111302 0.228455 0.120462 2.66667
6 0.0941786 0.0941786 0.204054 0.109875 2.66667
5 0.144477 0.144477 0.23108 0.0866025 2.66667
5 0.129672 0.102027 0.228406 0.110624 2.66667
5 0.174903 0.174903 0.211377 0.0364742 2.66667
5 0.102028 0.102028 0.204927 0.102899 2.66667
5 0.204054 0.204054 0.204054 3.33333e-10 2.66667
4 0.255369 0.174903 0.240612 0.0573821 2.66667
4 0.123354 0.123278 0.218404 0.0950691 2.66667
3 0.136038 0.136038 0.230603 0.0945644 2.66667
1 1e-08 1e-08 1e-08 0 2
1 5e-09 5e-09 1e-08 5e-09 0
1 1e-08 1e-08 1e-08 0 3.3
1 5e-09 5e-09 1e-08 5e-09 2.66667
1 3.33333e-09 3.33333e-09 1e-08 6.66667e-09 2.8
1 1e-08 1e-08 1e-08 0 2.8
1 1e-08 1e-08 1e-08 0 3.3
1 1e-08 1e-08 1e-08 0 2.8
1 1e-08 1e-08 1e-08 0 3.16667

33 0.73585 0.0197471 0.252131 0.257693 2.66667
10 0.548824 0.0650961 0.24954 0.207874 3.16667
6 0.333904 0.102027 0.264341 0.138481 0.666667
5 0.16053 0.160437 0.288861 0.12835 2.66667
4 0.446895 0.30608 0.341284 0.0609746 2.66667
4 0.172896 0.172896 0.308932 0.136036 2.66667
4 0.308195 0.308195 0.308195 0 2.66667
3 0.408115 0.408115 0.408115 0 2.66667
4 0.174905 0.174905 0.306083 0.131179 2.66667
4 0.244864 0.244864 0.30608 0.0612161 2.66667
2 1.18208 0.0261361 0.604109 0.577973 1.3
4 0.136036 0.136036 0.272071 0.136036 2.66667
4 0.0941786 0.0941786 0.261002 0.166823 2.66667
1 0.0261373 0.0261373 0.0522746 0.0261373 2.8
1 0.0174252 0.0174252 0.0332144 0.0157892 2.8
1 1e-08 1e-08 1e-08 0 2.8
1 1e-08 1e-08 1e-08 0 2.8
1 1e-08 1e-08 1e-08 0 2.8
1 5e-09 5e-09 1e-08 5e-09 2.66667
1 1e-08 1e-08 1e-08 0 2.8
1 5e-09 5e-09 1e-08 5e-09 2.66667
1 5e-09 5e-09 1e-08 5e-09 3.16667
1 1e-08 1e-08 1e-08 0 3.16667
1 1e-08 1e-08 1e-08 0 2.8
1 1e-08 1e-08 1e-08 0 3.3
1 1e-08 1e-08 1e-08 0 2.8
1 1e-08 1e-08 1e-08 0 2

39 0.592503 0.0159003 0.329596 0.195318 2.66667
17 0.906753 0.10755 0.327124 0.337457 3.16667
6 0.364258 0.111302 0.360517 0.143917 2.66667
4 0.131343 0.131267 0.36104 0.229717 2.66667
3 0.102795 0.102795 0.411075 0.30828 2.66667
3 0.102029 0.102029 0.408115 0.306086 2.66667
3 0.30608 0.30608 0.408107 0.102027 2.66667
3 0.30608 0.30608 0.408107 0.102027 2.66667
3 0.30608 0.30608 0.408107 0.102027 2.66667
2 1.18208 0.0261361 0.604109 0.577973 1.3
3 0.178758 0.122432 0.364036 0.205774 2.66667
3 0.194508 0.194508 0.328337 0.133828 2.66667
2 0.122433 0.122433 0.431131 0.308697 2.66667
1 0.0522757 0.0522757 0.0522757 0 2.8
1 1e-08 1e-08 1e-08 0 2.8
1 1e-08 1e-08 1e-08 0 2.8
1 5e-09 5e-09 1e-08 5e-09 2
1 1e-08 1e-08 1e-08 0 2.8
1 1e-08 1e-08 1e-08 0 3.16667
1 1e-08 1e-08 1e-08 0 3.16667
1 1e-08 1e-08 1e-08 0 2.8
1 1e-08 1e-08 1e-08 0 3.3
1 1e-08 1e-08 1e-08 0 2.8

52 0.485348 0.326642 0.385321 0.0667289 2.66667
10 0.548824 0.0650961 0.395821 0.258608 3.3
7 0.250428 0.250428 0.415859 0.165431 2.66667
3 0.59586 0.408107 0.533276 0.0885076 2.66667
3 0.518689 0.518689 0.518689 0 2.66667
3 0.206396 0.206396 0.415102 0.208706 2.66667
3 0.154193 0.154193 0.411148 0.256956 2.66667
2 0.612167 0.612167 0.612167 0 2.66667
3 0.408107 0.408107 0.408107 0 2.66667
3 0.408107 0.408107 0.408107 0 2.66667
2 0.174907 0.174907 0.528453 0.353547 2.8
2 0.204054 0.204054 0.408107 0.204054 2.66667
1 0.0104418 0.0104418 0.0104418 5e-09 2.8
1 1e-08 1e-08 1e-08 0 2.8
1 1e-08 1e-08 1e-08 0 2.8
1 1e-08 1e-08 1e-08 0 2.8
1 1e-08 1e-08 1e-08 0 3.16667
1 1e-08 1e-08 1e-08 0 3.16667
1 1e-08 1e-08 1e-08 0 2.8
1 1e-08 1e-08 1e-08 0 2.8

55 0.407346 0.274146 0.508513 0.212548 2.66667
15 0.834213 0.113225 0.507379 0.320465 3.16667
7 0.235697 0.235697 0.506576 0.270879 2.66667
3 0.29793 0.29793 0.533276 0.235346 2.66667
2 0.311213 0.311213 0.622426 0.311213 2.66667
2 0.308385 0.308385 0.616675 0.30829 2.66667
2 0.612173 0.612173 0.612173 0 2.66667
2 0.612167 0.612167 0.612167 0 2.66667
2 0.408107 0.408107 0.612161 0.204054 2.66667
2 0.408107 0.408107 0.612161 0.204054 2.66667
2 0.612161 0.612161 0.612161 0 2.66667
2 0.206396 0.206396 0.522948 0.316552 2.8
1 0.0104418 0.0104418 0.0110546 0.000612809 3.16667
1 1e-08 1e-08 1e-08 0 2.8
1 1e-08 1e-08 1e-08 0 2.66667
1 1e-08 1e-08 1e-08 0 2.66667
1 1e-08 1e-08 1e-08 0 3.16667

49 0.330599 0.222495 0.520085 0.26104 2.66667
19 0.925074 0.173345 0.533963 0.290048 3.16667
7 0.572406 0.572406 0.572406 0 2.66667
3 0.59586 0.59586 0.59586 0 0.666667
2 0.778033 0.778033 0.778033 0 2.66667
2 0.722386 0.722386 0.722386 0 2.66667
2 0.61677 0.61677 0.61677 0 2.66667
2 0.612173 0.612173 0.612173 0 2.66667
2 0.612167 0.612167 0.612167 0 2.66667
2 0.612161 0.612161 0.612161 0 2.66667
2 0.612161 0.612161 0.612161 0 2.66667
2 0.612161 0.612161 0.612161 0 2.66667
1 0.0208835 0.0208835 0.0208835 0 3.16667
1 1e-08 1e-08 1e-08 0 2.8
1 1e-08 1e-08 1e-08 0 2.66667
1 1e-08 1e-08 1e-08 0 2.66667
1 1e-08 1e-08 1e-08 0 3.16667
1 1e-08 1e-08 1e-08 0 2.66667
1 1e-08 1e-08 1e-08 0 3.16667

1 30.71 30.71 30.71 0 1.16667
33 0.458366 0.42638 0.880456 0.45314 3.16667
12 0.551108 0.44373 0.944471 0.4845 3.16667
5 0.90099 0.222602 0.892526 0.59921 2.66667
2 0.59586 0.59586 0.89379 0.29793 2.66667
1 0.778033 0.778033 1.55607 0.778033 2.66667
1 0.722386 0.722386 1.44477 0.722386 2.66667
1 0.61677 0.61677 1.23354 0.61677 2.66667
1 0.612173 0.612173 1.22435 0.612173 2.66667
1 0.612167 0.612167 1.22433 0.612167 2.66667
1 0.612161 0.612161 1.22432 0.612161 2.66667
1 0.612161 0.612161 1.22432 0.612161 2.66667
1 0.612161 0.612161 1.22432 0.612161 2.66667
1 0.0104418 0.0104418 0.0208129 0.0103711 3.16667
1 1e-08 1e-08 1e-08 0 2.8
1 1e-08 1e-08 1e-08 0 2.66667
1 1e-08 1e-08 1e-08 0 2.66667
1 1e-08 1e-08 1e-08 0 3.16667
1 1e-08 1e-08 1e-08 0 2.66667
1 1e-08 1e-08 1e-08 0 3.16667
1 1e-08 1e-08 1e-08 0 3.16667

1 45.6227 45.6227 45.6227 0 2.8
24 1.31396 0.642573 1.77449 1.11006 2.66667
14 0.844612 0.568704 1.75557 1.16931 1.16667
12 2.15851 1.73794 1.80804 0.156735 3.16667
5 9.80903 2e-09 3.92361 4.80543 2.66667
3 3.24356 0.801369 2.14968 1.26918 2.66667
1 0.89379 0.89379 1.78758 0.89379 2.66667
1 1.55607 1.55607 1.55607 0 2.66667
1 1.44393 1.44393 1.44393 0 2.66667
1 1.23278 1.23278 1.23278 0 2.66667
1 1.22435 1.22435 1.22435 0 2.66667
1 1.22433 1.22433 1.22433 0 2.66667
1 1.22432 1.22432 1.22432 0 2.66667
1 1.22432 1.22432 1.22432 0 2.66667
1 1.22432 1.22432 1.22432 0 2.66667
1 1e-08 1e-08 1e-08 0 3.16667
1 1e-08 1e-08 1e-08 0 2.8
1 1e-08 1e-08 1e-08 0 2.66667
1 1e-08 1e-08 1e-08 0 3.16667
1 1e-08 1e-08 1e-08 0 2.66667
1 1e-08 1e-08 1e-08 0 3.16667
1 1e-08 1e-08 1e-08 0 3.16667
1 1e-08 1e-08 1e-08 0 2.8
1 1e-08 1e-08 1e-08 0 2.66667
1 1e-08 1e-08 1e-08 0 1.16667
1 1e-08 1e-08 1e-08 0 2.66667

29 2.48115 0.894563 1.38433 0.513015 2.85714
26 0.608303 0.608303 1.3755 0.767195 2.66667
7 4.3884 1.42857e-09 3.1339 1.98205 1.66667
12 1.23343 0.99311 1.45428 0.430538 3.3
3 5.40594 1.33561 2.69239 1.91877 2.66667
1 1.78758 1.78758 1.78758 0 2.66667
1 1.55607 1.55607 1.55607 0 2.66667
1 1.44477 1.44477 1.44477 0 2.66667
1 1.23354 1.23354 1.23354 0 2.66667
1 1.22435 1.22435 1.22435 0 2.66667
1 1.22433 1.22433 1.22433 0 2.66667
1 1.22432 1.22432 1.22432 0 2.66667
1 1.22432 1.22432 1.22432 0 2.66667
1 1.22432 1.22432 1.22432 0 2.66667
1 5e-09 5e-09 1e-08 5e-09 2.66667
1 1e-08 1e-08 1e-08 0 2.8
1 1e-08 1e-08 1e-08 0 2.66667
1 1e-08 1e-08 1e-08 0 3.16667
1 1e-08 1e-08 1e-08 0 2.66667
1 1e-08 1e-08 1e-08 0 3.16667
1 1e-08 1e-08 1e-08 0 3.16667
1 1e-08 1e-08 1e-08 0 2.8
1 1e-08 1e-08 1e-08 0 2.66667
1 1e-08 1e-08 1e-08 0 1.16667
1 1e-08 1e-08 1e-08 0 2.66667
1 1e-08 1e-08 1e-08 0 3.3

23 1.88864 0.680936 2.01807 1.20882 2.8
20 2.10017 0.814691 2.02154 1.14779 2.66667
2 22.8114 0.0309998 11.4212 11.3902 2.8
2 22.8114 5e-09 11.4057 11.4057 1.35714
11 1.99247 1.60425 1.96652 0.327869 3.16667
10 1.69003 1.13754 1.9949 0.818976 1.16667
3 5.40594 1.33561 2.69239 1.91877 2.66667
1 1.78758 1.78758 1.78758 0 2.66667
1 1.55607 1.55607 1.55607 0 2.66667
1 1.44393 1.44393 1.44393 0 2.66667
1 1.23278 1.23278 1.23278 0 2.66667
1 1.22435 1.22435 1.22435 0 2.66667
1 1.22433 1.22433 1.22433 0 2.66667
1 1.22432 1.22432 1.22432 0 2.66667
1 1.22432 1.22432 1.22432 0 2.66667
1 1.22432 1.22432 1.22432 0 2.66667
1 1e-08 1e-08 1e-08 0 3.66667
1 1e-08 1e-08 1e-08 0 2.8
1 1e-08 1e-08 1e-08 0 3.8
1 1e-08 1e-08 1e-08 0 3.3
1 1e-08 1e-08 1e-08 0 2.66667
1 1e-08 1e-08 1e-08 0 1.16667
1 5e-09 5e-09 1e-08 5e-09 2.66667
1 5e-09 5e-09 1e-08 5e-09 2.8
1 1e-08 1e-08 1e-08 0 3.16667
1 1e-08 1e-08 1e-08 0 3.16667
1 5e-09 5e-09 1e-08 5e-09 2.66667
1 1e-08 1e-08 1e-08 0 3.16667
1 1e-08 1e-08 1e-08 0 2.66667
1 1e-08 1e-08 1e-08 0 2.8
1 5e-09 5e-09 1e-08 5e-09 2.66667

19 2.30607 0.894563 2.22447 1.25824 0.666667
15 1.35205 0.7108 2.24622 1.44515 2.66667
14 9.03848 7.14286e-10 2.31533 2.74918 2.8
10 4.56308 3.07136 3.22074 0.447449 1.16667
7 18.077 1.42857e-09 4.51414 6.27554 1.35714
10 2.15851 1.73794 2.2117 0.397444 3.16667
3 5.40594 1.33561 2.69239 1.91877 2.66667
1 1.78758 1.78758 1.78758 0 2.66667
1 1.55607 1.55607 1.55607 0 2.66667
1 1.44393 1.44393 1.44393 0 2.66667
1 1.23278 1.23278 1.23278 0 2.66667
1 1.22435 1.22435 1.22435 0 2.66667
1 1.22433 1.22433 1.22433 0 2.66667
1 1.22432 1.22432 1.22432 0 2.66667
1 1.22432 1.22432 1.22432 0 2.66667
1 1.22432 1.22432 1.22432 0 2.66667
1 0.0522639 0.0522639 0.0522639 0 2.8
1 1e-08 1e-08 1e-08 0 0.8
1 5e-09 5e-09 1e-08 5e-09 2.66667
1 1e-08 1e-08 1e-08 0 2.8
1 1e-08 1e-08 1e-08 0 2.66667
1 1e-08 1e-08 1e-08 0 3.16667
1 1e-08 1e-08 1e-08 0 2.66667
1 1e-08 1e-08 1e-08 0 3.16667
1 1e-08 1e-08 1e-08 0 3.16667
1 1e-08 1e-08 1e-08 0 2.8
1 3.33333e-09 3.33333e-09 1e-08 6.66667e-09 2.66667
1 1e-08 1e-08 1e-08 0 1.16667
1 1e-08 1e-08 1e-08 0 2.66667
1 5e-09 5e-09 1e-08 5e-09 3.3

36 1.36757 0.530497 1.27426 0.641343 1.16667
29 2.53077 0.0399347 1.25468 0.616167 2.66667
10 2.59021 2.08553 2.23693 0.231272 3.16667
3 5.40594 1.33561 2.69239 1.91877 2.66667
1 1.78758 1.78758 1.78758 0 2.66667
1 1.55607 1.55607 1.55607 0 2.66667
1 1.44477 1.44477 1.44477 0 2.66667
1 1.23354 1.23354 1.23354 0 2.66667
1 1.22435 1.22435 1.22435 0 2.66667
1 1.22433 1.22433 1.22433 0 2.66667
1 1.22432 1.22432 1.22432 0 2.66667
1 1.22432 1.22432 1.22432 0 2.66667
1 1.22432 1.22432 1.22432 0 2.66667
1 0.0154849 0.0154849 0.0309697 0.0154847 2.8
1 0.0174213 0.0174213 0.0174213 6.66667e-09 2.66667
1 0.0135104 0.0135104 0.0135104 7.5e-09 1.66667
1 0.0130682 0.0130682 0.0130682 7.5e-09 3.3
1 0.000610098 0.000610098 0.000610106 7.5e-09 2.85714
1 9.09091e-10 9.09091e-10 1e-08 9.09091e-09 1.35714
1 1e-08 1e-08 1e-08 0 1.16667
1 1e-08 1e-08 1e-08 0 2.8
1 5e-09 5e-09 1e-08 5e-09 2.85714
1 1e-08 1e-08 1e-08 0 2.66667
1 1e-08 1e-08 1e-08 0 3.3
1 1e-08 1e-08 1e-08 0 2.66667
1 1e-08 1e-08 1e-08 0 1.16667
1 1e-08 1e-08 1e-08 0 2.8

13 4.20033 1.62938 4.70174 2.14873 2.66667
5 19.3714 2e-09 11.3649 8.30782 1.35714
7 16.8016 0.000968644 8.02859 5.05142 2.66667
6 12.4178 0.213471 8.77908 4.39419 2.8
10 1.57072 0.994792 4.60243 3.31768 2.66667
1 45.6227 45.6227 45.6227 0 2.66667
2 22.8114 1.40839 12.1099 10.7015 2.66667
5 7.60514 0.00900691 4.66014 3.60847 1.16667
2 22.8114 0.0261363 11.4187 11.3926 3.3
4 11.3183 2e-09 5.11071 5.16923 2.8
4 0.80944 0.80944 4.63595 3.82651 3.16667
1 5.40594 5.40594 8.07717 2.67123 2.66667
1 1.78758 1.78758 1.78758 0 2.66667
1 1.55607 1.55607 1.55607 0 2.66667
1 1.44477 1.44477 1.44477 0 2.66667
1 1.23354 1.23354 1.23354 0 2.66667
1 1.22435 1.22435 1.22435 0 2.66667
1 1.22433 1.22433 1.22433 0 2.66667
1 1.22432 1.22432 1.22432 0 2.66667
1 1.22432 1.22432 1.22432 0 2.66667
1 1.22432 1.22432 1.22432 0 2.66667
1 0.0522639 0.0522639 0.0522639 0 2.8
1 5e-09 5e-09 1e-08 5e-09 2.66667
1 1e-08 1e-08 1e-08 0 2.66667
1 1e-08 1e-08 1e-08 0 3.3
1 1e-08 1e-08 1e-08 0 1.16667
1 1e-08 1e-08 1e-08 0 2.8
1 1e-08 1e-08 1e-08 0 2.8
1 1e-08 1e-08 1e-08 0 2.66667
1 1e-08 1e-08 1e-08 0 2.8

26 1.28376 0.897033 2.3267 1.20372 2.66667
3 15.2103 15.2103 15.2103 0 1.16667
11 8.48104 9.09091e-10 3.35108 2.71093 2.8
13 5.69748 5.41068e-09 2.31 2.39306 1.35714
4 6.47552 6.47552 6.47552 0 3.16667
1 16.2178 16.2178 16.2178 0 2.66667
1 1.78758 1.78758 1.78758 0 2.66667
1 1.55607 1.55607 1.55607 0 2.66667
1 1.44477 1.44477 1.44477 0 2.66667
1 1.27444 1.27444 1.27444 0 1.16667
1 1.23354 1.23354 1.23354 0 2.66667
1 1.22435 1.22435 1.22435 0 2.66667
1 1.22433 1.22433 1.22433 0 2.66667
1 1.22432 1.22432 1.22432 0 2.66667
1 1.22432 1.22432 1.22432 0 2.66667
1 1.22432 1.22432 1.22432 0 2.66667
1 0.0628687 0.0628687 0.0628687 0 1.3
1 0.0522726 0.0522726 0.0522726 0 3.3
1 0.0522639 0.0522639 0.0522639 0 2.8
1 0.0309674 0.0309674 0.0309674 0 0.8
1 0.0270207 0.0270207 0.0270207 5e-09 1.16667
1 0.0130688 0.0130688 0.020811 0.00774225 2.66667
1 0.00226017 0.00226017 0.00452034 0.00226017 1.16667
1 0.00010461 0.00010461 0.000104615 5e-09 2.85714
1 1e-08 1e-08 1e-08 0 2.8
1 1e-08 1e-08 1e-08 0 2.8
1 1e-08 1e-08 1e-08 0 3.3
1 3.33333e-09 3.33333e-09 1e-08 6.66667e-09 0.666667
1 1e-08 1e-08 1e-08 0 2.8
1 5e-09 5e-09 1e-08 5e-09 2.8
1 1e-08 1e-08 1e-08 0 3.3
1 5e-09 5e-09 1e-08 5e-09 2.66667
1 1e-08 1e-08 1e-08 0 0.8

31 3.92679 2.94118e-10 2.85243 1.15619 2.66667
17 2.38752 1.76022 2.95374 0.994479 2.85714
3 15.2076 15.1577 15.1909 0.0235198 3.35714
12 1.30374 1.30374 2.96839 1.66465 1.16667
8 1.61888 1.61888 2.85934 1.24046 3.16667
1 16.2178 16.2178 16.2178 0 2.66667
3 3.25848 1.01389 3.1527 1.25966 1.35714
1 1.78758 1.78758 1.78758 0 2.66667
1 1.55607 1.55607 1.55607 0 2.66667
1 1.44477 1.44477 1.44477 0 2.66667
1 1.23354 1.23354 1.23354 0 2.66667
1 1.22435 1.22435 1.22435 0 2.66667
1 1.22433 1.22433 1.22433 0 2.66667
1 1.22432 1.22432 1.22432 0 2.66667
1 1.22432 1.22432 1.22432 0 2.66667
1 1.22432 1.22432 1.22432 0 2.66667
1 0.637219 0.637219 0.640609 0.00339026 1.16667
1 0.0522751 0.0522751 0.0522751 0 2.8
1 0.0522639 0.0522639 0.0522639 0 2.8
1 0.0261363 0.0261363 0.0261363 5e-09 3.3
1 0.00010461 0.00010461 0.000104615 5e-09 2.66667
1 1e-08 1e-08 1e-08 0 2.8
1 1e-08 1e-08 1e-08 0 2.8
1 1e-08 1e-08 1e-08 0 3.3
1 1e-08 1e-08 1e-08 0 2.8
1 1e-08 1e-08 1e-08 0 2.8
1 5e-09 5e-09 1e-08 5e-09 0.666667
1 1e-08 1e-08 1e-08 0 2.66667
1 1e-08 1e-08 1e-08 0 2.66667
1 1e-08 1e-08 1e-08 0 2.85714
1 1e-08 1e-08 1e-08 0 2.66667
1 1e-08 1e-08 1e-08 0 1.3

1 93.2914 93.2914 93.2914 0 1.35714
20 1.25954 1.10952 4.02116 2.85174 1.16667
9 10.7619 1.11111e-09 7.34987 4.84441 1.35714
9 1.82523 1.82523 4.05632 2.23108 1.16667
5 25.3077 2e-09 5.45068 9.95706 3.3
5 2.15859 2.15851 4.74951 2.59099 3.16667
4 11.4047 2.5e-09 5.24422 5.28408 1.35714
3 19.4079 3.33333e-09 6.4693 9.14897 2.8
1 16.2178 16.2178 16.2178 0 2.66667
1 1.78758 1.78758 1.78758 0 2.66667
1 1.55607 1.55607 1.55607 0 2.66667
1 1.44477 1.44477 1.44477 0 2.66667
1 1.23354 1.23354 1.23354 0 2.66667
1 1.22435 1.22435 1.22435 0 2.66667
1 1.22433 1.22433 1.22433 0 2.66667
1 1.22432 1.22432 1.22432 0 2.66667
1 1.22432 1.22432 1.22432 0 2.66667
1 1.22432 1.22432 1.22432 0 2.66667
1 0.318609 0.318609 0.318609 7.5e-09 2.66667
1 0.0522538 0.0522538 0.0522538 0 3.3
1 0.0174248 0.0174248 0.052178 0.0347531 2.8
1 0.0261376 0.0261376 0.0261376 5e-09 2.8
1 0.026132 0.026132 0.026132 5e-09 2.8
1 0.000209221 0.000209221 0.000209221 0 2.85714
1 1e-08 1e-08 1e-08 0 2.8
1 1e-08 1e-08 1e-08 0 2.8
1 1e-08 1e-08 1e-08 0 3.3
1 1e-08 1e-08 1e-08 0 2.8
1 1e-08 1e-08 1e-08 0 2.8
1 1e-08 1e-08 1e-08 0 2.66667
1 1e-08 1e-08 1e-08 0 2.66667
1 3.33333e-09 3.33333e-09 1e-08 6.66667e-09 2.66667
1 1e-08 1e-08 1e-08 0 1.3
1 1e-08 1e-08 1e-08 0 3.16667

7 16.8013 0.00746779 14.4022 5.87663 2.66667
4 29.4023 2.5e-09 22.0517 12.7316 2.66667
17 4.17221 1.42596 4.55343 1.46408 2.66667
16 1.91725 1.46753 4.68501 3.04403 1.35714
11 4.51924 2.10393 4.79179 0.851065 1.35714
5 5.18061 5.18042 5.18045 7.54271e-05 3.16667
1 16.2178 16.2178 16.2178 0 2.66667
1 3.47972 3.47972 3.49478 0.015061 2.8
1 1.78758 1.78758 1.78758 0 2.66667
1 1.55607 1.55607 1.55607 0 2.66667
1 1.44393 1.44393 1.44393 0 2.66667
1 1.27444 1.27444 1.27444 0 1.16667
1 1.23278 1.23278 1.23278 0 2.66667
1 1.22435 1.22435 1.22435 0 2.66667
1 1.22433 1.22433 1.22433 0 2.66667
1 1.22432 1.22432 1.22432 0 2.66667
1 1.22432 1.22432 1.22432 0 2.66667
1 1.22432 1.22432 1.22432 0 2.66667
1 0.0522751 0.0522751 0.0522751 0 2.8
1 0.0261372 0.0261372 0.048091 0.0219538 2.8
1 0.0174179 0.0174179 0.0174179 6.66667e-09 2.8
1 0.000813464 0.000813464 0.000813471 6.66667e-09 2.66667
1 0.000209221 0.000209221 0.000209221 0 2.85714
1 1e-08 1e-08 1e-08 0 3.3
1 2.5e-09 2.5e-09 1e-08 7.5e-09 2.85714
1 1e-08 1e-08 1e-08 0 3.16667
1 1e-08 1e-08 1e-08 0 1.3
1 5e-09 5e-09 1e-08 5e-09 2.66667
1 1e-08 1e-08 1e-08 0 2.66667
1 1e-08 1e-08 1e-08 0 2.8
1 1e-08 1e-08 1e-08 0 2.8
1 1e-08 1e-08 1e-08 0 3.3
1 1e-08 1e-08 1e-08 0 2.8
1 1e-08 1e-08 1e-08 0 3.3

5 25.3077 0.000488079 20.2463 10.1229 1.8
23 1.2028 1.13999 4.36756 3.19641 2.8
10 12.6539 0.00169972 7.46489 5.83114 2.8
14 6.65993 8.7678e-05 4.49233 1.60238 1.35714
6 7.60514 1.66667e-09 6.33762 2.83427 1.16667
5 5.18061 5.18042 5.18045 7.54271e-05 3.16667
1 16.2178 16.2178 16.2178 0 2.66667
1 1.78758 1.78758 1.78758 0 2.66667
1 1.55607 1.55607 1.55607 0 2.66667
1 1.44393 1.44393 1.44393 0 2.66667
1 1.27444 1.27444 1.27444 0 1.16667
1 1.23278 1.23278 1.23278 0 2.66667
1 1.22435 1.22435 1.22435 0 2.66667
1 1.22433 1.22433 1.22433 0 2.66667
1 1.22432 1.22432 1.22432 0 2.66667
1 1.22432 1.22432 1.22432 0 2.66667
1 1.22432 1.22432 1.22432 0 2.66667
1 0.0261269 0.0261269 0.0269729 0.000845964 2.8
1 0.000209221 0.000209221 0.000209221 0 2.85714
1 1e-08 1e-08 1e-08 0 2.66667
1 1e-08 1e-08 1e-08 0 1.16667
1 1.66667e-09 1.66667e-09 1e-08 8.33333e-09 2.8
1 1e-08 1e-08 1e-08 0 2.8
1 1e-08 1e-08 1e-08 0 3.3
1 1e-08 1e-08 1e-08 0 2.8
1 1e-08 1e-08 1e-08 0 2.8
1 1e-08 1e-08 1e-08 0 2.66667
1 1e-08 1e-08 1e-08 0 1.16667
1 1e-08 1e-08 1e-08 0 1.3
1 1e-08 1e-08 1e-08 0 3.16667
1 1e-08 1e-08 1e-08 0 2.85714
1 1e-08 1e-08 1e-08 0 3.3

2 58.8047 58.8047 58.8047 0 2.8
11 11.9417 9.09091e-10 7.73351 5.58026 2.66667
17 1.21672 1.21672 4.33216 3.11544 1.38889
15 4.17221 3.67529 4.46267 0.489055 2.8
5 5.18061 5.18042 5.18045 7.54271e-05 3.16667
2 22.8154 5e-09 11.4077 11.4077 1.16667
1 16.2178 16.2178 16.2178 0 2.66667
1 1.78758 1.78758 1.78758 0 2.66667
1 1.55607 1.55607 1.55607 0 2.66667
1 1.44477 1.44477 1.44477 0 2.66667
1 1.27444 1.27444 1.27444 0 1.16667
1 1.23354 1.23354 1.23354 0 2.66667
1 1.22435 1.22435 1.22435 0 2.66667
1 1.22433 1.22433 1.22433 0 2.66667
1 1.22432 1.22432 1.22432 0 2.66667
1 1.22432 1.22432 1.22432 0 2.66667
1 1.22432 1.22432 1.22432 0 2.66667
1 0.0522745 0.0522745 0.0522745 0 2.8
1 0.0522538 0.0522538 0.0522538 0 3.3
1 0.0516553 0.0516553 0.0516553 0 1.35714
1 0.00277018 0.00277018 0.00333481 0.000564633 2.8
1 0.000209221 0.000209221 0.000209221 0 2.85714
1 1e-08 1e-08 1e-08 0 3.3
1 5e-09 5e-09 1e-08 5e-09 2.8
1 1e-08 1e-08 1e-08 0 2.8
1 1e-08 1e-08 1e-08 0 2.66667
1 1e-08 1e-08 1e-08 0 1.16667
1 1e-08 1e-08 1e-08 0 1.3
1 1e-08 1e-08 1e-08 0 3.16667
1 1e-08 1e-08 1e-08 0 3.3
1 1e-08 1e-08 1e-08 0 2.8
1 1e-08 1e-08 1e-08 0 2.8
1 5e-09 5e-09 1e-08 5e-09 1.16667
1 1e-08 1e-08 1e-08 0 2.8
1 1e-08 1e-08 1e-08 0 2.66667

15 3.95433 3.95433 6.78879 2.83446 1.8
15 5.05226 5.05226 6.48283 1.43057 2.66667
13 2.42747 2.42747 6.82557 4.3981 2.8
10 12.6539 1e-09 7.60745 5.44451 2.8
2 63.2693 5e-09 31.6347 31.6347 3.85714
2 58.8047 0.0149708 29.4098 29.3948 3.35714
3 39.1797 3.33333e-09 18.13 16.1277 1.16667
1 25.903 25.903 25.903 0 1.16667
3 2.15859 2.15851 7.91545 5.75692 3.16667
2 22.7365 0.0454442 11.391 11.3455 1.3
1 16.2178 16.2178 16.2178 0 2.66667
1 2.70719 2.70719 2.82813 0.120939 2.66667
1 1.78758 1.78758 1.78758 0 2.66667
1 1.55607 1.55607 1.55607 0 2.66667
1 1.44477 1.44477 1.44477 0 2.66667
1 1.27444 1.27444 1.27444 0 1.16667
1 1.23354 1.23354 1.23354 0 2.66667
1 1.22435 1.22435 1.22435 0 2.66667
1 1.22433 1.22433 1.22433 0 2.66667
1 1.22432 1.22432 1.22432 0 2.66667
1 1.22432 1.22432 1.22432 0 2.66667
1 1.22432 1.22432 1.22432 0 2.66667
1 0.0522538 0.0522538 0.0522538 0 3.3
1 0.0424515 0.0424515 0.0424515 0 2.8
1 0.0258277 0.0258277 0.0299829 0.00415526 2.8
1 0.0012202 0.0012202 0.0012202 5e-09 1.8
1 0.000209221 0.000209221 0.000209221 0 2.85714
1 1e-08 1e-08 1e-08 0 1.16667
1 1e-08 1e-08 1e-08 0 1.3
1 1e-08 1e-08 1e-08 0 3.16667
1 1e-08 1e-08 1e-08 0 3.3
1 1e-08 1e-08 1e-08 0 2.8
1 1e-08 1e-08 1e-08 0 2.8
1 1e-08 1e-08 1e-08 0 1.16667
1 1e-08 1e-08 1e-08 0 2.66667
1 1e-08 1e-08 1e-08 0 2.66667
1 1e-08 1e-08 1e-08 0 2.8
1 1e-08 1e-08 1e-08 0 2.8
1 1e-08 1e-08 1e-08 0 3.3

1 117.609 117.609 117.609 0 2.8
23 2.02289 2.02289 4.85902 2.83613 2.66667
16 2.48115 2.48115 5.01649 2.53534 1.8
12 3.92679 3.4591 4.86492 1.31059 2.8
2 12.9515 12.9515 12.9515 0 1.16667
2 12.951 12.951 12.951 0 3.16667
2 22.8154 5e-09 11.4077 11.4077 1.16667
1 16.2178 16.2178 16.2178 0 2.66667
1 1.78758 1.78758 1.78758 0 2.66667
1 1.55607 1.55607 1.55607 0 2.66667
1 1.44477 1.44477 1.44477 0 2.66667
1 1.27444 1.27444 1.27444 0 1.16667
1 1.23354 1.23354 1.23354 0 2.66667
1 1.22435 1.22435 1.22435 0 2.66667
1 1.22433 1.22433 1.22433 0 2.66667
1 1.22432 1.22432 1.22432 0 2.66667
1 1.22432 1.22432 1.22432 0 2.66667
1 1.22432 1.22432 1.22432 0 2.66667
1 0.0522538 0.0522538 0.0522538 0 3.3
1 0.026132 0.026132 0.0519596 0.0258277 1.35714
1 0.0483054 0.0483054 0.0483054 6.66667e-09 3.35714
1 0.0174248 0.0174248 0.0174248 6.66667e-09 2.8
1 0.00244039 0.00244039 0.00244039 0 2.8
1 0.000420729 0.000420729 0.000420729 0 2.85714
1 1e-08 1e-08 1e-08 0 2.66667
1 1e-08 1e-08 1e-08 0 2.66667
1 1e-08 1e-08 1e-08 0 1.16667
1 1e-08 1e-08 1e-08 0 3.3
1 1e-08 1e-08 1e-08 0 2.8
1 1e-08 1e-08 1e-08 0 2.8
1 1e-08 1e-08 1e-08 0 2.66667
1 1e-08 1e-08 1e-08 0 2.66667
1 1e-08 1e-08 1e-08 0 1.16667
1 1e-08 1e-08 1e-08 0 2.8
1 1e-08 1e-08 1e-08 0 2.8
1 1e-08 1e-08 1e-08 0 3.3
1 1e-08 1e-08 1e-08 0 3.16667
1 1e-08 1e-08 1e-08 0 1.3
1 1e-08 1e-08 1e-08 0 1.16667

40 1.44643 1.33511 2.65573 1.31795 2.8
37 2.69231 0.970869 2.65489 0.279301 1.3
4 6.47576 6.47552 6.47564 0.000117855 3.16667
1 16.2178 16.2178 16.2178 0 2.66667
1 1.78758 1.78758 1.78758 0 2.66667
1 1.55607 1.55607 1.55607 0 2.66667
1 1.44477 1.44477 1.44477 0 2.66667
1 1.27444 1.27444 1.27444 0 1.16667
1 1.23354 1.23354 1.23354 0 2.66667
1 1.22435 1.22435 1.22435 0 2.66667
1 1.22433 1.22433 1.22433 0 2.66667
1 1.22432 1.22432 1.22432 0 2.66667
1 1.22432 1.22432 1.22432 0 2.66667
1 1.22432 1.22432 1.22432 0 2.66667
1 0.144916 0.144916 0.144916 0 2.85714
1 0.0522745 0.0522745 0.0522745 0 2.8
1 0.0522538 0.0522538 0.0522538 0 3.3
1 0.0295358 0.0295358 0.0295358 0 2.8
1 0.026132 0.026132 0.026132 5e-09 2.66667
1 0.000813464 0.000813464 0.000953711 0.000140246 2.8
1 1e-08 1e-08 1e-08 0 1.16667
1 1e-08 1e-08 1e-08 0 1.3
1 1e-08 1e-08 1e-08 0 3.16667

31 1.52256 1.40538 3.86865 2.45788 2.66667
26 1.86086 1.86086 3.88151 2.02065 1.3
2 65.6794 5e-09 32.8397 32.8397 2.66667
1 25.903 25.903 25.903 0 1.16667
3 8.63434 8.63403 8.63413 0.000148153 1.16667
1 16.2178 16.2178 16.2178 0 2.66667
3 15.2103 3.33333e-09 5.0759 7.16609 1.16667
1 1.78758 1.78758 1.78758 0 2.66667
1 1.55607 1.55607 1.55607 0 2.66667
1 1.44393 1.44393 1.44393 0 2.66667
1 1.27444 1.27444 1.27444 0 1.16667
1 1.23278 1.23278 1.23278 0 2.66667
1 1.22435 1.22435 1.22435 0 2.66667
1 1.22433 1.22433 1.22433 0 2.66667
1 1.22432 1.22432 1.22432 0 2.66667
1 1.22432 1.22432 1.22432 0 2.66667
1 1.22432 1.22432 1.22432 0 2.66667
1 0.0724582 0.0724582 0.0736784 0.0012202 2.8
1 0.0522745 0.0522745 0.0522745 0 2.8
1 0.0522639 0.0522639 0.0522639 0 2.66667
1 0.0522538 0.0522538 0.0522538 0 3.3
1 0.0147679 0.0147679 0.0147679 5e-09 2.8
1 1e-08 1e-08 1e-08 0 1.16667
1 1e-08 1e-08 1e-08 0 1.3
1 1e-08 1e-08 1e-08 0 3.16667
1 1.66667e-09 1.66667e-09 1e-08 8.33333e-09 2.66667
1 1e-08 1e-08 1e-08 0 2.66667
1 1e-08 1e-08 1e-08 0 3.8

29 1.64367 1.51717 3.80211 2.27448 2.66667
22 1.86086 1.86086 3.80497 1.94411 1.8
3 43.7863 3.33333e-09 27.6631 19.6501 2.66667
2 12.9515 12.9515 12.9515 0 1.16667
2 12.951 12.951 12.951 0 3.16667
1 16.2178 16.2178 16.2178 0 2.66667
3 15.2103 3.33333e-09 5.07009 7.1702 1.16667
1 1.78758 1.78758 1.78758 0 2.66667
1 1.55607 1.55607 1.55607 0 2.66667
1 1.44477 1.44477 1.44477 0 2.66667
1 1.27444 1.27444 1.27444 0 1.16667
1 1.23354 1.23354 1.23354 0 2.66667
1 1.22435 1.22435 1.22435 0 2.66667
1 1.22433 1.22433 1.22433 0 2.66667
1 1.22432 1.22432 1.22432 0 2.66667
1 1.22432 1.22432 1.22432 0 2.66667
1 1.22432 1.22432 1.22432 0 2.66667
1 0.0522745 0.0522745 0.0522745 0 2.8
1 0.0522639 0.0522639 0.0522639 0 2.66667
1 0.0522538 0.0522538 0.0522538 0 3.3
1 0.0483054 0.0483054 0.0483054 6.66667e-09 2.66667
1 1e-08 1e-08 1e-08 0 1.16667
1 1e-08 1e-08 1e-08 0 1.3
1 1e-08 1e-08 1e-08 0 3.16667
1 1e-08 1e-08 1e-08 0 2.66667
1 1e-08 1e-08 1e-08 0 2.8

31 2.06633 1.9073 3.75862 1.83194 2.66667
28 2.25962 2.25962 3.78184 1.52222 1.8
18 5.97085 4.54545e-10 3.95698 2.60327 3.3
2 12.9515 12.9515 12.9515 0 1.16667
2 12.951 12.951 12.951 0 3.16667
1 16.2178 16.2178 16.2178 0 2.66667
1 1.78758 1.78758 1.78758 0 2.66667
1 1.55607 1.55607 1.55607 0 2.66667
1 1.44393 1.44393 1.44393 0 2.66667
1 1.27444 1.27444 1.27444 0 1.16667
1 1.23278 1.23278 1.23278 0 2.66667
1 1.22435 1.22435 1.22435 0 2.66667
1 1.22433 1.22433 1.22433 0 2.66667
1 1.22432 1.22432 1.22432 0 2.66667
1 1.22432 1.22432 1.22432 0 2.66667
1 1.22432 1.22432 1.22432 0 2.66667
1 0.144916 0.144916 0.144916 0 2.85714
1 0.0522745 0.0522745 0.0522745 0 2.8
1 0.0522538 0.0522538 0.0522538 0 3.3
1 0.0174213 0.0174213 0.0174213 6.66667e-09 2.66667
1 5e-09 5e-09 1e-08 5e-09 0.666667
1 5e-09 5e-09 1e-08 5e-09 1.16667
1 1e-08 1e-08 1e-08 0 1.3
1 1e-08 1e-08 1e-08 0 3.16667
1 5e-09 5e-09 1e-08 5e-09 2.66667

1 117.594 117.594 117.594 0 0.8
20 1.68028 1.53461 5.41297 3.86135 2.66667
14 10.3317 0.00356795 7.34928 3.95537 3.3
17 1.94675 1.94675 5.61364 3.66689 1.85714
3 15.2105 3.33333e-09 10.1402 7.17024 0.666667
2 12.9515 12.9515 12.9515 0 1.16667
2 12.951 12.951 12.951 0 3.16667
1 16.2178 16.2178 16.2178 0 2.66667
1 1.78758 1.78758 1.78758 0 2.66667
1 1.55607 1.55607 1.55607 0 2.66667
1 1.44393 1.44393 1.44393 0 2.66667
1 1.27444 1.27444 1.27444 0 1.16667
1 1.23278 1.23278 1.23278 0 2.66667
1 1.22435 1.22435 1.22435 0 2.66667
1 1.22433 1.22433 1.22433 0 2.66667
1 1.22432 1.22432 1.22432 0 2.66667
1 1.22432 1.22432 1.22432 0 2.66667
1 1.22432 1.22432 1.22432 0 2.66667
1 0.144916 0.144916 0.144916 0 2.85714
1 0.0522639 0.0522639 0.0522639 0 2.66667
1 0.0261269 0.0261269 0.0522538 0.0261269 3.3
1 0.0130686 0.0130686 0.0131565 8.78601e-05 2.8
1 1e-08 1e-08 1e-08 0 1.16667
1 1e-08 1e-08 1e-08 0 1.3
1 1e-08 1e-08 1e-08 0 3.16667
1 2.5e-09 2.5e-09 1e-08 7.5e-09 2.66667
1 1e-08 1e-08 1e-08 0 2.66667

1 117.609 117.609 117.609 0 2.8
21 3.61539 3.61539 4.85089 1.2355 1.8
19 1.91739 1.73391 5.01675 3.21197 2.66667
17 3.08631 2.86814 4.85938 1.96677 0.8
2 12.9515 12.9515 12.9515 0 1.16667
2 12.951 12.951 12.951 0 3.16667
1 16.2178 16.2178 16.2178 0 2.66667
1 1.78758 1.78758 1.78758 0 2.66667
1 1.55607 1.55607 1.55607 0 2.66667
1 1.44393 1.44393 1.44393 0 2.66667
1 1.27444 1.27444 1.27444 0 1.16667
1 1.23278 1.23278 1.23278 0 2.66667
1 1.22435 1.22435 1.22435 0 2.66667
1 1.22433 1.22433 1.22433 0 2.66667
1 1.22432 1.22432 1.22432 0 2.66667
1 1.22432 1.22432 1.22432 0 2.66667
1 1.22432 1.22432 1.22432 0 2.66667
1 0.144916 0.144916 0.144916 0 2.85714
1 0.0522745 0.0522745 0.0522745 0 2.8
1 0.0522639 0.0522639 0.0522639 0 2.66667
1 0.0522538 0.0522538 0.0522538 0 3.3
1 1e-08 1e-08 1e-08 0 1.16667
1 1e-08 1e-08 1e-08 0 1.3
1 1e-08 1e-08 1e-08 0 3.16667
1 1e-08 1e-08 1e-08 0 2.66667
1 1e-08 1e-08 1e-08 0 0.666667
1 1e-08 1e-08 1e-08 0 0.666667

1 117.609 117.609 117.609 0 2.8
19 5.88047 0.0680162 5.57389 1.29775 0.8
19 2.27138 2.05401 5.39287 3.22397 2.8
16 2.10898 2.10898 5.39708 3.2881 1.3
8 18.0804 1.25e-09 8.4469 8.49739 2.66667
4 6.47576 6.47552 6.47564 0.000117855 1.16667
1 16.2178 16.2178 16.2178 0 2.66667
1 1.78758 1.78758 1.78758 0 2.66667
1 1.55607 1.55607 1.55607 0 2.66667
1 1.44477 1.44477 1.44477 0 2.66667
1 1.27444 1.27444 1.27444 0 1.16667
1 1.23354 1.23354 1.23354 0 2.66667
1 1.22435 1.22435 1.22435 0 2.66667
1 1.22433 1.22433 1.22433 0 2.66667
1 1.22432 1.22432 1.22432 0 2.66667
1 1.22432 1.22432 1.22432 0 2.66667
1 1.22432 1.22432 1.22432 0 2.66667
1 0.144916 0.144916 0.144916 0 2.85714
1 0.0271778 0.0271778 0.0525682 0.0253904 2.8
1 0.0522639 0.0522639 0.0522639 0 2.66667
1 0.0522538 0.0522538 0.0522538 0 3.3
1 1e-08 1e-08 1e-08 0 1.16667
1 1e-08 1e-08 1e-08 0 1.3
1 1e-08 1e-08 1e-08 0 3.16667
1 5e-09 5e-09 1e-08 5e-09 2.66667
1 1e-08 1e-08 1e-08 0 0.666667
1 1e-08 1e-08 1e-08 0 0.666667
1 1e-08 1e-08 1e-08 0 3.85714
1 1e-08 1e-08 1e-08 0 2.66667

22 2.50236 2.2629 4.97167 2.58087 2.8
20 2.38752 2.21875 5.10381 2.86023 2.85714
17 4.21796 4.21796 5.07484 0.85688 1.3
7 20.8835 1.42857e-09 11.3772 9.31943 2.66667
7 20.6633 1.42857e-09 5.37665 8.55707 2.85714
2 12.9515 12.9515 12.9515 0 1.16667
2 12.951 12.951 12.951 0 3.16667
1 16.2178 16.2178 16.2178 0 2.66667
1 1.78758 1.78758 1.78758 0 2.66667
1 1.55607 1.55607 1.55607 0 2.66667
1 1.44393 1.44393 1.44393 0 2.66667
1 1.27444 1.27444 1.27444 0 1.16667
1 1.23278 1.23278 1.23278 0 2.66667
1 1.22435 1.22435 1.22435 0 2.66667
1 1.22433 1.22433 1.22433 0 2.66667
1 1.22432 1.22432 1.22432 0 2.66667
1 1.22432 1.22432 1.22432 0 2.66667
1 1.22432 1.22432 1.22432 0 2.66667
1 0.144916 0.144916 0.144916 0 2.85714
1 0.0711896 0.0711896 0.0973216 0.026132 2.66667
1 0.0522745 0.0522745 0.0522745 0 2.8
1 0.0522722 0.0522722 0.0522722 0 0.857143
1 0.0522538 0.0522538 0.0522538 0 3.3
1 1e-08 1e-08 1e-08 0 1.16667
1 1e-08 1e-08 1e-08 0 1.3
1 1e-08 1e-08 1e-08 0 3.16667
1 3.33333e-09 3.33333e-09 1e-08 6.66667e-09 2.66667
1 1e-08 1e-08 1e-08 0 0.666667
1 1e-08 1e-08 1e-08 0 0.666667
1 1e-08 1e-08 1e-08 0 3.85714
1 1e-08 1e-08 1e-08 0 2.8

22 3.28088 3.07887 5.96922 2.78581 2.66667
16 3.56392 3.56376 6.09939 2.5355 2.85714
5 23.5221 2e-09 17.2753 9.13834 0.8
13 2.48115 2.48115 6.05392 3.57277 1.3
10 5.22088 4.24227 6.2176 1.31277 2.66667
1 45.6413 45.6413 45.6413 0 1.3
2 12.9515 12.9515 12.9515 0 1.16667
2 12.951 12.951 12.951 0 3.16667
1 16.2178 16.2178 16.2178 0 2.66667
1 1.78758 1.78758 1.78758 0 2.66667
1 1.55607 1.55607 1.55607 0 2.66667
1 1.44393 1.44393 1.44393 0 2.66667
1 1.27444 1.27444 1.27444 0 1.16667
1 1.23278 1.23278 1.23278 0 2.66667
1 1.22435 1.22435 1.22435 0 2.66667
1 1.22433 1.22433 1.22433 0 2.66667
1 1.22432 1.22432 1.22432 0 2.66667
1 1.22432 1.22432 1.22432 0 2.66667
1 1.22432 1.22432 1.22432 0 2.66667
1 0.144916 0.144916 0.144916 0 2.85714
1 0.142379 0.142379 0.142379 0 2.66667
1 0.0522745 0.0522745 0.0522745 0 2.8
1 0.0522722 0.0522722 0.0522722 0 0.857143
1 0.0522538 0.0522538 0.0522538 0 3.3
1 0.0299457 0.0299457 0.0299457 0 2.85714
1 1e-08 1e-08 1e-08 0 2.8
1 1e-08 1e-08 1e-08 0 3.3
1 1e-08 1e-08 1e-08 0 2.8
1 1e-08 1e-08 1e-08 0 2.8
1 5e-09 5e-09 1e-08 5e-09 0.8
1 5e-09 5e-09 1e-08 5e-09 2.8
1 1e-08 1e-08 1e-08 0 2.8
1 1e-08 1e-08 1e-08 0 3.85714
1 1e-08 1e-08 1e-08 0 0.666667
1 1e-08 1e-08 1e-08 0 0.666667
1 5e-09 5e-09 1e-08 5e-09 2.66667
1 1e-08 1e-08 1e-08 0 3.16667
1 1e-08 1e-08 1e-08 0 1.3

22 2.27138 2.22528 5.378 3.12448 2.66667
18 4.51924 4.51924 5.30118 0.781947 1.8
17 2.61354 2.61354 5.40581 2.79227 2.8
16 7.02993 5.55556e-10 5.36999 2.58472 0.8
5 15.8167 2e-09 9.49004 7.74858 0.857143
2 12.9515 12.9515 12.9515 0 1.16667
2 12.951 12.951 12.951 0 3.16667
1 16.2178 16.2178 16.2178 0 2.66667
1 1.78758 1.78758 1.78758 0 2.66667
1 1.55607 1.55607 1.55607 0 2.66667
1 1.44477 1.44477 1.44477 0 2.66667
1 1.27444 1.27444 1.27444 0 1.16667
1 1.23354 1.23354 1.23354 0 2.66667
1 1.22435 1.22435 1.22435 0 2.66667
1 1.22433 1.22433 1.22433 0 2.66667
1 1.22432 1.22432 1.22432 0 2.66667
1 1.22432 1.22432 1.22432 0 2.66667
1 1.22432 1.22432 1.22432 0 2.66667
1 0.144916 0.144916 0.144916 0 2.85714
1 0.0474597 0.0474597 0.0574416 0.00998189 2.66667
1 0.0522755 0.0522755 0.0522755 0 0.857143
1 0.0522745 0.0522745 0.0522745 0 2.8
1 0.0522722 0.0522722 0.0522722 0 0.857143
1 0.052268 0.052268 0.052268 0 2.85714
1 0.0522538 0.0522538 0.0522538 0 3.3
1 0.0148781 0.0148781 0.0148781 5e-09 0.857143

25 3.07582 3.07582 5.21247 2.13664 2.66667
19 2.35221 2.35219 5.32619 2.974 0.8
14 2.1817 2.1817 5.24538 3.06368 1.85714
2 58.8047 5e-09 29.4023 29.4023 0.857143
3 39.1616 0.0174252 18.1259 16.114 0.857143
9 11.7608 1e-09 5.22654 5.84345 0.8
4 6.47576 6.47552 6.47564 0.000117855 3.16667
1 16.2178 16.2178 16.2178 0 2.66667
1 1.78758 1.78758 1.78758 0 2.66667
1 1.55607 1.55607 1.55607 0 2.66667
1 1.44393 1.44393 1.44393 0 2.66667
1 1.27444 1.27444 1.27444 0 1.16667
1 1.23278 1.23278 1.23278 0 2.66667
1 1.22435 1.22435 1.22435 0 2.66667
1 1.22433 1.22433 1.22433 0 2.66667
1 1.22432 1.22432 1.22432 0 2.66667
1 1.22432 1.22432 1.22432 0 2.66667
1 1.22432 1.22432 1.22432 0 2.66667
1 0.144916 0.144916 0.144916 0 2.85714
1 0.0522722 0.0522722 0.0522722 0 0.857143
1 0.0522538 0.0522538 0.0522538 0 3.3
1 0.0261372 0.0261372 0.0261373 5e-09 2.66667
1 0.026134 0.026134 0.026134 5e-09 2.85714
1 0.0160075 0.0160075 0.0160075 0 0.8
1 1e-08 1e-08 1e-08 0 2.8
1 1e-08 1e-08 1e-08 0 2.8
1 1e-08 1e-08 1e-08 0 2.8
1 5e-09 5e-09 1e-08 5e-09 2.66667
1 1e-08 1e-08 1e-08 0 2.85714
1 1e-08 1e-08 1e-08 0 3.3

16 2.50236 2.50236 8.51052 6.00816 2.66667
10 11.7609 1e-09 10.5848 3.52828 2.85714
12 5.75176 5.75176 8.73967 2.98792 1.85714
10 3.45913 3.4591 8.23198 4.77287 0.8
3 39.2031 3.33333e-09 26.1354 18.4805 2.8
8 11.5035 0.0325557 8.68135 4.89464 1.3
7 5.88047 5.88047 9.25322 3.37276 0.857143
2 58.7424 0.00470774 29.3735 29.3688 1.8
3 29.4023 2.5e-09 9.95054 13.7557 2.85714
1 25.903 25.903 25.903 0 1.16667
3 8.63434 8.63403 8.63413 0.000148153 1.16667
1 16.2178 16.2178 16.2178 0 2.66667
1 1.78758 1.78758 1.78758 0 2.66667
1 1.55607 1.55607 1.55607 0 2.66667
1 1.44477 1.44477 1.44477 0 2.66667
1 1.27444 1.27444 1.27444 0 1.16667
1 1.23354 1.23354 1.23354 0 2.66667
1 1.22435 1.22435 1.22435 0 2.66667
1 1.22433 1.22433 1.22433 0 2.66667
1 1.22432 1.22432 1.22432 0 2.66667
1 1.22432 1.22432 1.22432 0 2.66667
1 1.22432 1.22432 1.22432 0 2.66667
1 0.144916 0.144916 0.144916 0 2.85714
1 0.0522722 0.0522722 0.0522722 0 0.857143
1 0.052268 0.052268 0.052268 0 2.85714
1 0.0522538 0.0522538 0.0522538 0 3.3
1 0.0174248 0.0174248 0.0174248 6.66667e-09 2.66667
1 0.0160075 0.0160075 0.0160075 0 0.8
1 1e-08 1e-08 1e-08 0 2.8
1 1e-08 1e-08 1e-08 0 2.8
1 5e-09 5e-09 1e-08 5e-09 2.66667
1 1e-08 1e-08 1e-08 0 0.8
1 1e-08 1e-08 1e-08 0 3.88889
1 1e-08 1e-08 1e-08 0 2.8
1 1e-08 1e-08 1e-08 0 2.66667
1 1e-08 1e-08 1e-08 0 1.85714
1 1e-08 1e-08 1e-08 0 2.85714

12 3.35544 3.35544 9.30148 5.94604 2.66667
12 7.84144 7.84062 9.14422 1.30349 0.8
11 3.45913 3.4591 8.79377 5.33467 2.8
5 23.5219 2e-09 18.8175 9.40875 0.857143
10 3.08631 3.08631 9.29744 6.21113 1.3
2 73.8197 5e-09 36.9098 36.9098 2.66667
5 23.5219 2e-09 14.0685 11.4871 3.35714
5 7.35058 7.35058 10.2911 2.94052 2.8
1 45.6413 45.6413 45.6413 0 1.3
3 39.1616 0.00313849 13.0567 18.4589 1.8
2 12.9515 12.9515 12.9515 0 1.16667
2 12.951 12.951 12.951 0 3.16667
1 16.2178 16.2178 16.2178 0 2.66667
1 1.78758 1.78758 1.78758 0 2.66667
1 1.55607 1.55607 1.55607 0 2.66667
1 1.44393 1.44393 1.44393 0 2.66667
1 1.27444 1.27444 1.27444 0 1.16667
1 1.23278 1.23278 1.23278 0 2.66667
1 1.22435 1.22435 1.22435 0 2.66667
1 1.22433 1.22433 1.22433 0 2.66667
1 1.22432 1.22432 1.22432 0 2.66667
1 1.22432 1.22432 1.22432 0 2.66667
1 1.22432 1.22432 1.22432 0 2.66667
1 0.144916 0.144916 0.144916 0 2.85714
1 0.0522722 0.0522722 0.0522722 0 0.857143
1 0.052268 0.052268 0.052268 0 2.85714
1 0.0522538 0.0522538 0.0522538 0 3.3
1 0.0261372 0.0261372 0.0261373 5e-09 2.8
1 0.0258986 0.0258986 0.0258986 0 2.85714
1 0.0120668 0.0120668 0.0120668 0 2.85714
1 0.00716592 0.00716592 0.00716592 5e-09 2.85714
1 1e-08 1e-08 1e-08 0 2.66667
1 1e-08 1e-08 1e-08 0 0.8
1 5e-09 5e-09 1e-08 5e-09 2.8
1 1e-08 1e-08 1e-08 0 2.66667
1 5e-09 5e-09 1e-08 5e-09 3.35714
1 1e-08 1e-08 1e-08 0 2.8
1 1e-08 1e-08 1e-08 0 2.85714
1 1e-08 1e-08 1e-08 0 2.8

18 4.61373 4.61373 5.75713 1.1434 2.66667
18 2.64002 2.40021 5.6126 3.19953 2.8
16 4.20033 4.20033 5.78658 1.58625 2.85714
14 5.50168 3.36427 5.57461 0.594905 1.85714
8 8.20219 5.55556e-10 6.15164 3.55165 2.66667
6 16.8167 1.42857e-09 5.60064 7.91922 1.8
2 12.9515 12.9515 12.9515 0 1.16667
2 12.951 12.951 12.951 0 3.16667
1 16.2178 16.2178 16.2178 0 2.66667
2 15.1577 3.33333e-09 7.57884 7.57884 1.85714
1 1.78758 1.78758 1.78758 0 2.66667
1 1.55607 1.55607 1.55607 0 2.66667
1 1.44393 1.44393 1.44393 0 2.66667
1 1.27444 1.27444 1.27444 0 1.16667
1 1.23278 1.23278 1.23278 0 2.66667
1 1.22435 1.22435 1.22435 0 2.66667
1 1.22433 1.22433 1.22433 0 2.66667
1 1.22432 1.22432 1.22432 0 2.66667
1 1.22432 1.22432 1.22432 0 2.66667
1 1.22432 1.22432 1.22432 0 2.66667
1 0.144916 0.144916 0.144916 0 2.85714
1 0.0522745 0.0522745 0.0522745 0 2.8
1 0.0522722 0.0522722 0.0522722 0 0.857143
1 0.052268 0.052268 0.052268 0 2.85714

1 147.639 147.639 147.639 0 2.66667
6 22.8785 19.601 20.1476 1.2213 0.8
12 3.08002 2.80024 9.59067 6.76755 2.8
12 2.54551 2.54551 9.28551 6.74001 2.66667
5 23.5219 2e-09 18.8175 9.40875 2.85714
9 3.79978 3.72173 9.9741 6.24375 1.88889
8 5.32526 4.20037 10.1205 5.79094 0.8
2 58.8047 5e-09 29.4023 29.4023 2.85714
2 12.9515 12.9515 12.9515 0 1.16667
2 12.951 12.951 12.951 0 3.16667
1 16.2178 16.2178 16.2178 0 2.66667
1 1.78758 1.78758 1.78758 0 2.66667
1 1.55607 1.55607 1.55607 0 2.66667
1 1.44393 1.44393 1.44393 0 2.66667
1 1.27444 1.27444 1.27444 0 1.16667
1 1.23278 1.23278 1.23278 0 2.66667
1 1.22435 1.22435 1.22435 0 2.66667
1 1.22433 1.22433 1.22433 0 2.66667
1 1.22432 1.22432 1.22432 0 2.66667
1 1.22432 1.22432 1.22432 0 2.66667
1 1.22432 1.22432 1.22432 0 2.66667
1 0.144916 0.144916 0.144916 0 2.85714
1 0.0522745 0.0522745 0.0522745 0 2.8
1 0.0522722 0.0522722 0.0522722 0 0.857143
1 0.052268 0.052268 0.052268 0 2.85714
1 2.5e-09 2.5e-09 1e-08 7.5e-09 2.85714
1 1e-08 1e-08 1e-08 0 2.8
1 1e-08 1e-08 1e-08 0 1.88889

18 2.46066 2.46066 6.45396 3.9933 2.66667
17 3.1064 2.45021 6.35818 3.8723 0.8
5 29.9943 2e-09 20.8987 10.7353 2.8
15 8.07454 0.000152525 6.38455 3.10483 1.35714
13 6.80847 6.18996 6.6976 0.488692 2.85714
3 39.2031 3.33333e-09 13.0677 18.4805 2.85714
2 12.9515 12.9515 12.9515 0 1.16667
2 12.951 12.951 12.951 0 3.16667
1 16.2178 16.2178 16.2178 0 2.66667
1 1.78758 1.78758 1.78758 0 2.66667
1 1.55607 1.55607 1.55607 0 2.66667
1 1.44477 1.44477 1.44477 0 2.66667
1 1.27444 1.27444 1.27444 0 1.16667
1 1.23354 1.23354 1.23354 0 2.66667
1 1.22435 1.22435 1.22435 0 2.66667
1 1.22433 1.22433 1.22433 0 2.66667
1 1.22432 1.22432 1.22432 0 2.66667
1 1.22432 1.22432 1.22432 0 2.66667
1 1.22432 1.22432 1.22432 0 2.66667
1 0.144916 0.144916 0.144916 0 2.85714
1 0.0522745 0.0522745 0.0522745 0 2.8
1 0.0522722 0.0522722 0.0522722 0 0.857143
1 0.052268 0.052268 0.052268 0 2.85714
1 0.0023816 0.0023816 0.0023816 0 0.8
1 1e-08 1e-08 1e-08 0 2.8
1 1e-08 1e-08 1e-08 0 2.85714
1 1e-08 1e-08 1e-08 0 2.92308
1 1e-08 1e-08 1e-08 0 3.3
1 1e-08 1e-08 1e-08 0 2.85714
1 1e-08 1e-08 1e-08 0 0.8

15 3.43347 3.43347 7.98213 4.54866 2.66667
14 4.16587 3.26695 8.42419 4.91718 0.8
11 5.88047 5.88047 8.5534 2.67294 2.90909
3 39.2031 3.33333e-09 26.0321 18.4079 2.90909
5 29.8215 0.0273583 15.4435 12.6763 0.857143
9 5.71964 4.90352 8.20202 2.74239 2.8
8 4.03727 3.95433 8.42619 4.45127 1.35714
3 39.1928 0.330101 13.4746 18.187 0.8
3 39.2034 3.33333e-09 13.0678 18.4807 0.8
2 12.9515 12.9515 12.9515 0 1.16667
2 12.951 12.951 12.951 0 3.16667
1 16.2178 16.2178 16.2178 0 2.66667
1 1.78758 1.78758 1.78758 0 2.66667
1 1.55607 1.55607 1.55607 0 2.66667
1 1.44393 1.44393 1.44393 0 2.66667
1 1.27444 1.27444 1.27444 0 1.16667
1 1.23278 1.23278 1.23278 0 2.66667
1 1.22435 1.22435 1.22435 0 2.66667
1 1.22433 1.22433 1.22433 0 2.66667
1 1.22432 1.22432 1.22432 0 2.66667
1 1.22432 1.22432 1.22432 0 2.66667
1 1.22432 1.22432 1.22432 0 2.66667
1 0.144916 0.144916 0.144916 0 2.85714
1 0.0522745 0.0522745 0.0522745 0 2.8
1 0.0522722 0.0522722 0.0522722 0 0.857143
1 0.052268 0.052268 0.052268 0 2.85714
1 0.0330957 0.0330957 0.0330957 6.66667e-09 2.8
1 0.0023816 0.0023816 0.0023816 0 0.8
1 1e-08 1e-08 1e-08 0 2.85714
1 1e-08 1e-08 1e-08 0 3.3
1 1e-08 1e-08 1e-08 0 2.85714
1 1e-08 1e-08 1e-08 0 0.8
1 1e-08 1e-08 1e-08 0 2.66667

9 14.3547 1.11111e-09 12.5632 4.44338 1.85714
16 3.43347 3.43347 7.02762 3.59415 2.66667
14 2.72675 2.35963 6.85982 4.28083 2.8
11 3.06359 2.55672 7.47831 4.87768 2.85714
11 13.5552 9.09091e-10 7.27344 5.1677 0.875
5 27.4543 2e-09 15.6902 12.8831 2.8
3 39.2031 3.33333e-09 13.2488 18.3538 2.85714
2 12.9515 12.9515 12.9515 0 1.16667
2 12.951 12.951 12.951 0 3.16667
1 16.2178 16.2178 16.2178 0 2.66667
1 1.87493 1.87493 1.87493 0 0.8
1 1.78758 1.78758 1.78758 0 2.66667
1 1.55607 1.55607 1.55607 0 2.66667
1 1.44477 1.44477 1.44477 0 2.66667
1 1.27444 1.27444 1.27444 0 1.16667
1 1.23354 1.23354 1.23354 0 2.66667
1 1.22435 1.22435 1.22435 0 2.66667
1 1.22433 1.22433 1.22433 0 2.66667
1 1.22432 1.22432 1.22432 0 2.66667
1 1.22432 1.22432 1.22432 0 2.66667
1 1.22432 1.22432 1.22432 0 2.66667
1 0.144916 0.144916 0.144916 0 2.85714
1 0.0522745 0.0522745 0.0522745 0 2.8
1 0.0522722 0.0522722 0.0522722 0 0.857143
1 0.052268 0.052268 0.052268 0 2.85714
1 1e-08 1e-08 1e-08 0 2.8
1 1e-08 1e-08 1e-08 0 3.3
1 1e-08 1e-08 1e-08 0 2.85714
1 1e-08 1e-08 1e-08 0 0.8
1 1e-08 1e-08 1e-08 0 2.66667

4 36.9098 36.9098 36.9098 0 2.66667
13 5.67844 5.67844 10.0465 4.36803 2.66667
11 3.06064 3.06064 10.2177 7.15709 0.8
8 14.7012 0.0867242 12.874 4.83315 2.90909
3 49.2131 0.615685 33.014 22.9091 2.66667
3 39.5889 8.21721 29.0021 14.698 0.857143
8 6.4057 5.34588 10.1656 4.70033 2.90909
7 4.03727 3.95433 10.3829 6.38128 1.35714
6 9.94049 7.84031 10.1675 2.08049 0.875
2 12.9515 12.9515 12.9515 0 1.16667
2 12.951 12.951 12.951 0 3.16667
1 16.2178 16.2178 16.2178 0 2.66667
1 1.78758 1.78758 1.78758 0 2.66667
1 1.55607 1.55607 1.55607 0 2.66667
1 1.44393 1.44393 1.44393 0 2.66667
1 1.27444 1.27444 1.27444 0 1.16667
1 1.23278 1.23278 1.23278 0 2.66667
1 1.22435 1.22435 1.22435 0 2.66667
1 1.22433 1.22433 1.22433 0 2.66667
1 1.22432 1.22432 1.22432 0 2.66667
1 1.22432 1.22432 1.22432 0 2.66667
1 1.22432 1.22432 1.22432 0 2.66667
1 0.624977 0.624977 0.624977 6.66667e-09 2.85714
1 0.144916 0.144916 0.144916 0 2.85714
1 0.0992871 0.0992871 0.0992871 0 2.8
1 0.0522745 0.0522745 0.0522745 0 2.8
1 0.0522722 0.0522722 0.0522722 0 0.857143
1 0.052268 0.052268 0.052268 0 2.85714
1 0.0202787 0.0202787 0.0202787 0 2.8
1 5e-09 5e-09 1e-08 5e-09 2.66667
1 5e-09 5e-09 1e-08 5e-09 2.66667
1 1e-08 1e-08 1e-08 0 2.85714
1 1e-08 1e-08 1e-08 0 0.8
1 1e-08 1e-08 1e-08 0 1.88889
1 1e-08 1e-08 1e-08 0 1.3

3 49.2131 49.2131 49.2131 0 2.66667
12 5.76813 5.76813 11.7926 6.02451 0.8
1 126.539 126.539 126.539 0 1.88889
2 58.8548 58.8047 58.8297 0.0250597 2.85714
7 18.4561 1.42857e-09 15.7111 6.41618 1.85714
6 19.6016 1.66667e-09 16.3346 7.30507 2.88889
7 2.20357 2.20357 12.6316 10.428 2.66667
7 7.10035 5.6174 12.5261 6.68186 0.857143
7 5.70912 4.52344 12.5056 7.78019 2.90909
3 46.9751 3.33333e-09 28.7261 20.5587 2.85714
2 12.9515 12.9515 12.9515 0 1.16667
2 12.951 12.951 12.951 0 3.16667
1 16.2178 16.2178 16.2178 0 2.66667
1 1.87493 1.87493 1.87493 0 0.8
1 1.78758 1.78758 1.78758 0 2.66667
1 1.55607 1.55607 1.55607 0 2.66667
1 1.44393 1.44393 1.44393 0 2.66667
1 1.27444 1.27444 1.27444 0 1.16667
1 1.23278 1.23278 1.23278 0 2.66667
1 1.22435 1.22435 1.22435 0 2.66667
1 1.22433 1.22433 1.22433 0 2.66667
1 1.22432 1.22432 1.22432 0 2.66667
1 1.22432 1.22432 1.22432 0 2.66667
1 1.22432 1.22432 1.22432 0 2.66667
1 0.144916 0.144916 0.144916 0 2.85714
1 0.0496436 0.0496436 0.0597829 0.0101394 2.8
1 0.0522745 0.0522745 0.0522745 0 2.8
1 0.0522722 0.0522722 0.0522722 0 0.857143
1 0.052268 0.052268 0.052268 0 2.85714
1 1e-08 1e-08 1e-08 0 2.8
1 1e-08 1e-08 1e-08 0 2.85714
1 1e-08 1e-08 1e-08 0 0.8
1 1e-08 1e-08 1e-08 0 1.3
1 1e-08 1e-08 1e-08 0 3.3
1 1e-08 1e-08 1e-08 0 3.88889
1 1e-08 1e-08 1e-08 0 3.85714

16 4.10109 4.10109 8.15823 4.05714 2.66667
4 37.1093 29.4023 31.8238 3.15672 2.93333
1 122.826 122.826 122.826 0 0.857143
14 3.40844 3.40844 8.0989 4.69046 0.8
11 3.36313 3.36027 8.24883 4.88779 2.90909
7 20.1322 1.42857e-09 12.4768 7.97095 3.35714
9 5.74193 5.27244 8.08037 2.68519 1.88889
3 6.47576 6.47552 8.63418 2.15851 1.16667
1 16.2178 16.2178 16.2178 0 2.66667
1 1.87493 1.87493 1.87493 0 0.8
1 1.78758 1.78758 1.78758 0 2.66667
1 1.55607 1.55607 1.55607 0 2.66667
1 1.44393 1.44393 1.44393 0 2.66667
1 1.27444 1.27444 1.27444 0 1.16667
1 1.23278 1.23278 1.23278 0 2.66667
1 1.22435 1.22435 1.22435 0 2.66667
1 1.22433 1.22433 1.22433 0 2.66667
1 1.22432 1.22432 1.22432 0 2.66667
1 1.22432 1.22432 1.22432 0 2.66667
1 1.22432 1.22432 1.22432 0 2.66667
1 0.144916 0.144916 0.144916 0 2.85714
1 0.0992871 0.0992871 0.0992871 0 2.8
1 0.0522745 0.0522745 0.0522745 0 2.8
1 0.0522722 0.0522722 0.0522722 0 0.857143
1 0.052268 0.052268 0.052268 0 2.85714
1 4.64984e-06 4.64984e-06 7.26943e-06 2.61959e-06 1.88889
1 1e-08 1e-08 1e-08 0 2.8
1 1e-08 1e-08 1e-08 0 2.85714
1 1e-08 1e-08 1e-08 0 0.8
1 1e-08 1e-08 1e-08 0 3.88889
1 1e-08 1e-08 1e-08 0 3.85714
1 1e-08 1e-08 1e-08 0 2.85714
1 1e-08 1e-08 1e-08 0 0.857143

14 10.7122 10.7122 10.7122 1.77636e-15 0.8
9 15.3118 14.0599 14.3955 0.345602 1.35714
13 2.27138 2.27138 9.54283 7.27146 2.66667
2 61.4129 58.7578 60.0854 1.32753 0.857143
2 64.2281 46.1222 55.1751 9.05295 2.92308
11 8.80783 7.35058 9.48947 2.0479 2.85714
9 2.91053 2.33931 9.23989 6.6852 0.923077
2 12.9515 12.9515 12.9515 0 1.16667
1 25.9021 25.9021 25.9021 0 3.16667
1 16.2178 16.2178 16.2178 0 2.66667
1 1.87493 1.87493 1.87493 0 0.8
1 1.78758 1.78758 1.78758 0 2.66667
1 1.55607 1.55607 1.55607 0 2.66667
1 1.44393 1.44393 1.44393 0 2.66667
1 1.33504 1.33504 1.33504 5e-09 2.90909
1 1.27444 1.27444 1.27444 0 1.16667
1 1.23278 1.23278 1.23278 0 2.66667
1 1.22435 1.22435 1.22435 0 2.66667
1 1.22433 1.22433 1.22433 0 2.66667
1 1.22432 1.22432 1.22432 0 2.66667
1 1.22432 1.22432 1.22432 0 2.66667
1 1.22432 1.22432 1.22432 0 2.66667
1 0.144916 0.144916 0.144916 0 2.85714
1 0.0992871 0.0992871 0.0992871 0 2.8
1 0.0522722 0.0522722 0.0522722 0 0.857143
1 0.052268 0.052268 0.052268 0 2.85714
1 0.0261372 0.0261372 0.0261373 5e-09 2.8
1 1.85994e-05 1.85994e-05 1.85994e-05 0 1.85714
1 1e-08 1e-08 1e-08 0 2.8
1 1e-08 1e-08 1e-08 0 2.85714
1 1e-08 1e-08 1e-08 0 0.8
1 1e-08 1e-08 1e-08 0 3.88889
1 1e-08 1e-08 1e-08 0 3.85714
1 1e-08 1e-08 1e-08 0 2.85714
1 1e-08 1e-08 1e-08 0 0.857143

13 11.3569 11.3569 11.3569 1.77636e-15 2.66667
1 146.885 146.885 146.885 0 2.93333
3 42.8165 41.5904 42.1193 0.514536 2.94118
1 122.826 122.826 122.826 0 0.857143
11 12.8114 10.6918 10.8869 0.608579 2.85714
8 17.4538 0.33376 13.4843 5.23983 2.93333
8 2.27229 2.27229 11.3934 9.1211 0.8
6 2.37597 2.22746 10.8808 8.62878 1.85714
2 58.8102 5e-09 29.4051 29.4051 0.8
2 8.63434 8.63434 12.9514 4.31701 3.16667
1 16.2178 16.2178 16.2178 0 2.66667
1 1.87493 1.87493 1.87493 0 0.8
1 1.78758 1.78758 1.78758 0 2.66667
1 1.55607 1.55607 1.55607 0 2.66667
1 1.44393 1.44393 1.44393 0 2.66667
1 1.27444 1.27444 1.27444 0 1.16667
1 1.23354 1.23354 1.23354 0 2.66667
1 1.22435 1.22435 1.22435 0 2.66667
1 1.22433 1.22433 1.22433 0 2.66667
1 1.22432 1.22432 1.22432 0 2.66667
1 1.22432 1.22432 1.22432 0 2.66667
1 1.22432 1.22432 1.22432 0 2.66667
1 0.144916 0.144916 0.144916 0 2.85714
1 0.0992871 0.0992871 0.0992871 0 2.8
1 0.0522745 0.0522745 0.0522745 0 2.8
1 0.0522722 0.0522722 0.0522722 0 0.857143
1 0.052268 0.052268 0.052268 0 2.85714
1 1e-08 1e-08 1e-08 0 2.8
1 1e-08 1e-08 1e-08 0 2.85714
1 1e-08 1e-08 1e-08 0 0.8
1 1e-08 1e-08 1e-08 0 3.88889
1 1e-08 1e-08 1e-08 0 3.85714
1 1e-08 1e-08 1e-08 0 0.857143

8 18.7464 18.7464 18.7464 0 0.8
1 140.925 140.925 140.925 0 2.85714
6 22.9677 21.5321 21.7714 0.535023 1.85714
1 122.826 122.826 122.826 0 0.857143
1 119.305 119.305 119.305 0 2.92308
9 11.771 11.7609 13.071 1.30678 2.85714
9 2.38128 2.38128 12.8077 10.4264 2.66667
2 64.2281 46.1222 55.1751 9.05295 2.92308
7 2.51589 2.48187 12.5426 10.0513 2.93333
1 25.903 25.903 25.903 0 1.16667
1 25.903 25.903 25.903 0 1.16667
1 23.5241 23.5241 23.5439 0.0198574 0.8
1 16.2178 16.2178 16.2178 0 2.66667
1 2.67008 2.67008 2.67008 0 2.90909
1 1.87493 1.87493 1.87493 0 0.8
1 1.78758 1.78758 1.78758 0 2.66667
1 1.55607 1.55607 1.55607 0 2.66667
1 1.44477 1.44477 1.44477 0 2.66667
1 1.27444 1.27444 1.27444 0 1.16667
1 1.23354 1.23354 1.23354 0 2.66667
1 1.22435 1.22435 1.22435 0 2.66667
1 1.22433 1.22433 1.22433 0 2.66667
1 1.22432 1.22432 1.22432 0 2.66667
1 1.22432 1.22432 1.22432 0 2.66667
1 1.22432 1.22432 1.22432 0 2.66667
1 0.144916 0.144916 0.144916 0 2.85714
1 0.0522745 0.0522745 0.0522745 0 2.8
1 0.0522722 0.0522722 0.0522722 0 0.857143
1 0.052268 0.052268 0.052268 0 2.85714
1 1e-08 1e-08 1e-08 0 2.8
1 1e-08 1e-08 1e-08 0 2.85714
1 1e-08 1e-08 1e-08 0 0.8
1 1e-08 1e-08 1e-08 0 2.85714

9 16.4044 16.4044 16.4044 0 2.66667
6 24.4809 19.6922 22.6043 1.93119 2.93333
7 19.6866 16.7179 18.3836 0.80167 1.85714
1 122.826 122.826 122.826 0 0.857143
11 2.67806 2.67806 10.783 8.10497 0.8
1 117.62 117.62 117.62 0 0.8
7 19.799 0.38144 14.6263 6.10707 2.85714
8 2.52961 2.38856 10.5292 8.06649 2.85714
2 12.9515 12.9515 12.9515 0 1.16667
1 16.2178 16.2178 16.2178 0 2.66667
1 1.87493 1.87493 1.87493 0 0.8
1 1.78758 1.78758 1.78758 0 2.66667
1 1.55607 1.55607 1.55607 0 2.66667
1 1.44393 1.44393 1.44393 0 2.66667
1 1.27444 1.27444 1.27444 0 1.16667
1 1.23278 1.23278 1.23278 0 2.66667
1 1.22435 1.22435 1.22435 0 2.66667
1 1.22433 1.22433 1.22433 0 2.66667
1 1.22432 1.22432 1.22432 0 2.66667
1 1.22432 1.22432 1.22432 0 2.66667
1 1.22432 1.22432 1.22432 0 2.66667
1 0.144916 0.144916 0.144916 0 2.85714
1 0.0522745 0.0522745 0.0522745 0 2.8
1 0.0522722 0.0522722 0.0522722 0 0.857143
1 0.052268 0.052268 0.052268 0 2.85714
1 1e-08 1e-08 1e-08 0 2.8
1 1e-08 1e-08 1e-08 0 2.85714
1 1e-08 1e-08 1e-08 0 0.8
1 1e-08 1e-08 1e-08 0 2.85714

11 13.6338 13.6338 13.6338 0 0.8
6 24.8745 23.4875 24.2878 0.592434 2.85714
6 22.9677 21.5321 21.7714 0.535023 0.857143
1 122.826 122.826 122.826 0 0.857143
3 39.5067 39.2365 39.3266 0.127362 2.85714
1 117.62 117.62 117.62 0 0.8
1 117.025 117.025 117.025 0 9.22337e+18
8 2.38128 2.38128 14.1087 11.7274 2.66667
7 2.71988 2.66968 13.1762 10.4975 2.93333
3 42.8187 0.890026 24.8189 17.6233 2.92308
2 73.0971 5e-09 36.5485 36.5485 2.85714
1 12.9515 12.9515 25.903 12.9515 1.16667
1 16.2178 16.2178 16.2178 0 2.66667
1 1.87493 1.87493 1.87493 0 0.8
1 1.78758 1.78758 1.78758 0 2.66667
1 1.55607 1.55607 1.55607 0 2.66667
1 1.44477 1.44477 1.44477 0 2.66667
1 1.27444 1.27444 1.27444 0 1.16667
1 1.23354 1.23354 1.23354 0 2.66667
1 1.22435 1.22435 1.22435 0 2.66667
1 1.22433 1.22433 1.22433 0 2.66667
1 1.22432 1.22432 1.22432 0 2.66667
1 1.22432 1.22432 1.22432 0 2.66667
1 1.22432 1.22432 1.22432 0 2.66667
1 0.144916 0.144916 0.144916 0 2.85714
1 0.0522745 0.0522745 0.0522745 0 2.8
1 0.0522722 0.0522722 0.0522722 0 0.857143
1 0.052268 0.052268 0.052268 0 2.85714
1 1e-08 1e-08 1e-08 0 2.8
1 1e-08 1e-08 1e-08 0 0.8
1 1e-08 1e-08 1e-08 0 2.85714

8 18.4549 18.4549 18.4549 0 2.66667
7 21.3705 16.8791 19.0093 1.87938 2.93333
7 19.6866 16.7179 18.3836 0.80167 0.857143
11 6.52049 6.52049 11.54 5.01949 0.8
1 122.826 122.826 122.826 0 0.857143
3 39.7683 39.2365 39.4138 0.250682 2.92308
1 117.608 117.608 117.608 0 2.85714
7 2.33198 2.31491 12.5351 10.2094 2.85714
6 4.6866 4.6866 12.5258 7.83919 3.3
1 25.903 25.903 25.903 0 1.16667
1 16.2178 16.2178 16.2178 0 2.66667
1 2.67008 2.67008 2.67008 0 2.90909
1 1.87493 1.87493 1.87493 0 0.8
1 1.78758 1.78758 1.78758 0 2.66667
1 1.55607 1.55607 1.55607 0 2.66667
1 1.44393 1.44393 1.44393 0 2.66667
1 1.27444 1.27444 1.27444 0 1.16667
1 1.23278 1.23278 1.23278 0 2.66667
1 1.22435 1.22435 1.22435 0 2.66667
1 1.22433 1.22433 1.22433 0 2.66667
1 1.22432 1.22432 1.22432 0 2.66667
1 1.22432 1.22432 1.22432 0 2.66667
1 1.22432 1.22432 1.22432 0 2.66667
1 0.144916 0.144916 0.144916 0 2.85714
1 0.0522745 0.0522745 0.0522745 0 2.8
1 0.0522722 0.0522722 0.0522722 0 0.857143
1 0.052268 0.052268 0.052268 0 2.85714
1 1e-08 1e-08 1e-08 0 2.8
1 1e-08 1e-08 1e-08 0 0.8
1 1e-08 1e-08 1e-08 0 2.85714
1 1e-08 1e-08 1e-08 0 2.85714
1 1e-08 1e-08 1e-08 0 2.88889

14 8.82184 8.82184 10.7122 1.89039 0.8
1 149.247 149.247 149.247 0 2.85714
7 19.6866 16.7179 18.3836 0.80167 1.85714
8 18.6367 1.25e-09 15.7858 6.10146 2.85714
1 122.826 122.826 122.826 0 0.857143
11 2.46066 2.46066 10.5103 8.04966 2.66667
4 29.8262 0.667519 22.3371 12.512 2.90909
8 2.77025 2.54213 11.0361 8.33967 2.93333
1 25.903 25.903 25.903 0 1.16667
1 16.2178 16.2178 16.2178 0 2.66667
1 1.87493 1.87493 1.87493 0 0.8
1 1.78758 1.78758 1.78758 0 2.66667
1 1.55607 1.55607 1.55607 0 2.66667
1 1.44393 1.44393 1.44393 0 2.66667
1 1.27444 1.27444 1.27444 0 1.16667
1 1.23278 1.23278 1.23278 0 2.66667
1 1.22435 1.22435 1.22435 0 2.66667
1 1.22433 1.22433 1.22433 0 2.66667
1 1.22432 1.22432 1.22432 0 2.66667
1 1.22432 1.22432 1.22432 0 2.66667
1 1.22432 1.22432 1.22432 0 2.66667
1 0.144916 0.144916 0.144916 0 2.85714
1 0.0522745 0.0522745 0.0522745 0 2.8
1 0.0522722 0.0522722 0.0522722 0 0.857143
1 0.052268 0.052268 0.052268 0 2.85714
1 1e-08 1e-08 1e-08 0 2.8
1 1e-08 1e-08 1e-08 0 0.8
1 1e-08 1e-08 1e-08 0 2.85714
1 1e-08 1e-08 1e-08 0 2.88889
1 1e-08 1e-08 1e-08 0 2.8

11 13.4218 13.4218 13.4218 1.77636e-15 2.66667
8 18.6992 14.7692 17.5456 1.27056 2.93333
6 22.9677 21.5321 21.7714 0.535023 1.85714
1 122.826 122.826 122.826 0 0.857143
2 58.8548 58.8548 58.8548 0 2.85714
1 117.025 117.025 117.025 0 9.22337e+18
9 2.30725 2.30725 12.7654 10.4581 0.857143
7 2.66512 2.66512 12.6471 9.98198 2.85714
2 59.6524 1.33504 30.4937 29.1587 2.90909
2 58.804 5e-09 29.402 29.402 2.85714
1 25.903 25.903 25.903 0 1.16667
1 16.2178 16.2178 16.2178 0 2.66667
1 1.87493 1.87493 1.87493 0 0.8
1 1.78758 1.78758 1.78758 0 2.66667
1 1.55607 1.55607 1.55607 0 2.66667
1 1.44477 1.44477 1.44477 0 2.66667
1 1.27444 1.27444 1.27444 0 1.16667
1 1.23354 1.23354 1.23354 0 2.66667
1 1.22435 1.22435 1.22435 0 2.66667
1 1.22433 1.22433 1.22433 0 2.66667
1 1.22432 1.22432 1.22432 0 2.66667
1 1.22432 1.22432 1.22432 0 2.66667
1 1.22432 1.22432 1.22432 0 2.66667
1 0.144916 0.144916 0.144916 0 2.85714
1 0.0522745 0.0522745 0.0522745 0 2.8
1 0.0522722 0.0522722 0.0522722 0 0.857143
1 0.052268 0.052268 0.052268 0 2.85714
1 1e-08 1e-08 1e-08 0 2.8
1 1e-08 1e-08 1e-08 0 0.8
1 1e-08 1e-08 1e-08 0 2.85714
1 1e-08 1e-08 1e-08 0 2.88889
1 1e-08 1e-08 1e-08 0 2.8

10 14.9971 11.7025 14.6677 0.988381 0.8
8 18.6558 14.7012 18.1615 1.30789 2.85714
6 22.9677 21.5321 21.7714 0.535023 0.857143
1 122.826 122.826 122.826 0 0.857143
2 58.8548 58.8548 58.8548 0 2.85714
11 2.54551 2.54551 9.80945 7.26395 2.66667
7 2.49322 2.44809 10.8501 8.37008 2.93333
2 58.804 5e-09 29.402 29.402 2.85714
1 25.903 25.903 25.903 0 1.16667
1 16.2178 16.2178 16.2178 0 2.66667
1 2.67008 2.67008 2.67008 0 2.90909
1 1.87493 1.87493 1.87493 0 0.8
1 1.78758 1.78758 1.78758 0 2.66667
1 1.55607 1.55607 1.55607 0 2.66667
1 1.44393 1.44393 1.44393 0 2.66667
1 1.27444 1.27444 1.27444 0 1.16667
1 1.23278 1.23278 1.23278 0 2.66667
1 1.22435 1.22435 1.22435 0 2.66667
1 1.22433 1.22433 1.22433 0 2.66667
1 1.22432 1.22432 1.22432 0 2.66667
1 1.22432 1.22432 1.22432 0 2.66667
1 1.22432 1.22432 1.22432 0 2.66667
1 0.144916 0.144916 0.144916 0 2.85714
1 0.0522745 0.0522745 0.0522745 0 2.8
1 0.0522722 0.0522722 0.0522722 0 0.857143
1 0.052268 0.052268 0.052268 0 2.85714
1 1e-08 1e-08 1e-08 0 2.8
1 1e-08 1e-08 1e-08 0 0.8
1 1e-08 1e-08 1e-08 0 2.85714
1 1e-08 1e-08 1e-08 0 2.88889
1 1e-08 1e-08 1e-08 0 2.8
1 1e-08 1e-08 1e-08 0 2.8

7 21.3705 16.8791 20.6714 1.55075 2.93333
12 12.3033 8.33333e-10 11.278 3.40045 2.66667
11 11.5363 9.00194 11.5905 1.76922 1.85714
11 7.49856 7.49856 11.5263 4.02774 0.8
1 122.826 122.826 122.826 0 0.857143
2 58.8548 58.8548 58.8548 0 2.85714
9 2.67082 2.66512 10.9253 8.25959 2.85714
7 4.83778 4.83778 11.5289 6.69108 0.8
2 58.804 5e-09 29.402 29.402 2.85714
1 25.903 25.903 25.903 0 1.16667
1 16.2178 16.2178 16.2178 0 2.66667
1 2.67008 2.67008 2.67008 0 2.90909
1 1.87493 1.87493 1.87493 0 0.8
1 1.78758 1.78758 1.78758 0 2.66667
1 1.55607 1.55607 1.55607 0 2.66667
1 1.44393 1.44393 1.44393 0 2.66667
1 1.27444 1.27444 1.27444 0 1.16667
1 1.23278 1.23278 1.23278 0 2.66667
1 1.22435 1.22435 1.22435 0 2.66667
1 1.22433 1.22433 1.22433 0 2.66667
1 1.22432 1.22432 1.22432 0 2.66667
1 1.22432 1.22432 1.22432 0 2.66667
1 1.22432 1.22432 1.22432 0 2.66667
1 0.144916 0.144916 0.144916 0 2.85714
1 0.0522745 0.0522745 0.0522745 0 2.8
1 0.0522722 0.0522722 0.0522722 0 0.857143
1 0.052268 0.052268 0.052268 0 2.85714
1 0.0299405 0.0299405 0.0299405 0 9.22337e+18
1 0.00606847 0.00606847 0.00606847 0 9.22337e+18
1 5e-09 5e-09 1e-08 5e-09 2.8
1 1e-08 1e-08 1e-08 0 2.88889
1 1e-08 1e-08 1e-08 0 2.8
1 1e-08 1e-08 1e-08 0 2.8
1 1e-08 1e-08 1e-08 0 0.8
1 1e-08 1e-08 1e-08 0 2.8

15 7.14149 7.14149 9.85713 2.71564 0.8
10 14.9566 11.7608 14.6115 0.950272 2.85714
7 19.6866 16.7179 18.3836 0.80167 1.85714
1 122.826 122.826 122.826 0 0.857143
2 58.8548 58.8548 58.8548 0 2.85714
11 2.07943 2.07943 10.0346 7.95516 2.66667
7 3.11653 3.08351 10.9382 7.8348 2.93333
2 58.5445 0.0149703 29.2797 29.2648 9.22337e+18
1 25.903 25.903 25.903 0 1.16667
1 16.2178 16.2178 16.2178 0 2.66667
1 2.67008 2.67008 2.67008 0 2.90909
1 1.87493 1.87493 1.87493 0 0.8
1 1.78758 1.78758 1.78758 0 2.66667
1 1.55607 1.55607 1.55607 0 2.66667
1 1.44477 1.44477 1.44477 0 2.66667
1 1.27444 1.27444 1.27444 0 1.16667
1 1.23354 1.23354 1.23354 0 2.66667
1 1.22435 1.22435 1.22435 0 2.66667
1 1.22433 1.22433 1.22433 0 2.66667
1 1.22432 1.22432 1.22432 0 2.66667
1 1.22432 1.22432 1.22432 0 2.66667
1 1.22432 1.22432 1.22432 0 2.66667
1 0.144916 0.144916 0.144916 0 2.85714
1 0.0522745 0.0522745 0.0522745 0 2.8
1 0.0522722 0.0522722 0.0522722 0 0.857143
1 0.052268 0.052268 0.052268 0 2.85714
1 0.00606847 0.00606847 0.00606847 0 9.22337e+18
1 1e-08 1e-08 1e-08 0 2.85714
1 5e-09 5e-09 1e-08 5e-09 2.85714
1 1e-08 1e-08 1e-08 0 2.8
1 1e-08 1e-08 1e-08 0 2.8
1 1e-08 1e-08 1e-08 0 0.8
1 1e-08 1e-08 1e-08 0 2.8

7 21.3705 21.144 21.2807 0.104872 2.93333
1 147.639 147.639 147.639 0 2.66667
10 13.4218 13.4218 13.4218 9.09086e-11 2.8
6 22.9677 21.5321 21.7714 0.535023 0.857143
10 5.17142 5.17142 12.5706 7.39919 9.22337e+18
1 122.826 122.826 122.826 0 0.857143
2 58.8548 58.8548 58.8548 0 2.85714
7 2.822 2.81598 13.7427 10.925 2.85714
6 3.40844 3.40844 13.9794 10.571 0.8
4 29.402 2.5e-09 14.701 14.701 2.85714
1 25.903 25.903 25.903 0 1.16667
1 16.2178 16.2178 16.2178 0 2.66667
1 2.67008 2.67008 2.67008 0 2.90909
1 1.87493 1.87493 1.87493 0 0.8
1 1.78758 1.78758 1.78758 0 2.66667
1 1.55607 1.55607 1.55607 0 2.66667
1 1.44393 1.44393 1.44393 0 2.66667
1 1.27444 1.27444 1.27444 0 1.16667
1 1.23278 1.23278 1.23278 0 2.66667
1 1.22435 1.22435 1.22435 0 2.66667
1 1.22433 1.22433 1.22433 0 2.66667
1 1.22432 1.22432 1.22432 0 2.66667
1 1.22432 1.22432 1.22432 0 2.66667
1 1.22432 1.22432 1.22432 0 2.66667
1 0.144916 0.144916 0.144916 0 2.85714
1 0.0522745 0.0522745 0.0522745 0 2.8
1 0.0522722 0.0522722 0.0522722 0 0.857143
1 0.052268 0.052268 0.052268 0 2.85714
1 1e-08 1e-08 1e-08 0 2.85714
1 1e-08 1e-08 1e-08 0 2.8
1 1e-08 1e-08 1e-08 0 2.8
1 1e-08 1e-08 1e-08 0 0.8

14 9.99809 9.99809 10.7122 0.714149 0.8
6 24.9277 24.8745 24.8922 0.0250748 2.85714
7 21.4245 18.4561 19.0559 1.05605 1.85714
3 49.7489 39.2365 42.7407 4.95559 2.85714
12 2.63642 2.63642 10.2697 7.63333 2.66667
2 61.4129 58.8047 60.1088 1.30412 0.857143
7 2.62444 2.60285 11.2658 8.64448 2.93333
4 29.402 2.5e-09 14.701 14.701 2.85714
1 25.903 25.903 25.903 0 1.16667
1 16.2178 16.2178 16.2178 0 2.66667
1 2.67008 2.67008 2.67008 0 2.90909
1 1.87493 1.87493 1.87493 0 0.8
1 1.78758 1.78758 1.78758 0 2.66667
1 1.55607 1.55607 1.55607 0 2.66667
1 1.44393 1.44393 1.44393 0 2.66667
1 1.27444 1.27444 1.27444 0 1.16667
1 1.23278 1.23278 1.23278 0 2.66667
1 1.22435 1.22435 1.22435 0 2.66667
1 1.22433 1.22433 1.22433 0 2.66667
1 1.22432 1.22432 1.22432 0 2.66667
1 1.22432 1.22432 1.22432 0 2.66667
1 1.22432 1.22432 1.22432 0 2.66667
1 0.144916 0.144916 0.144916 0 2.85714
1 0.0522745 0.0522745 0.0522745 0 2.8
1 0.0522722 0.0522722 0.0522722 0 0.857143
1 0.052268 0.052268 0.052268 0 2.85714
1 0.0443121 0.0443121 0.0443121 0 2.8
1 1e-08 1e-08 1e-08 0 2.66667
1 1e-08 1e-08 1e-08 0 2.66667
1 1e-08 1e-08 1e-08 0 0.8
1 1e-08 1e-08 1e-08 0 2.8
1 1e-08 1e-08 1e-08 0 2.8
1 1e-08 1e-08 1e-08 0 2.85714
1 1e-08 1e-08 1e-08 0 2.8

7 21.3705 21.1947 21.3454 0.0615214 2.93333
12 12.3033 12.3033 12.3033 0 2.66667
6 22.9677 21.5321 21.7714 0.535023 1.85714
2 61.4129 58.8047 60.1088 1.30412 0.857143
2 58.8548 58.8548 58.8548 0 2.85714
11 2.20546 2.20546 9.96867 7.76321 0.8
10 2.76974 2.76383 10.0674 7.29886 2.85714
4 29.402 2.5e-09 14.701 14.701 2.85714
1 25.903 25.903 25.903 0 1.16667
1 16.2178 16.2178 16.2178 0 2.66667
1 2.67008 2.67008 2.67008 0 2.90909
1 1.87493 1.87493 1.87493 0 0.8
1 1.78758 1.78758 1.78758 0 2.66667
1 1.55607 1.55607 1.55607 0 2.66667
1 1.44393 1.44393 1.44393 0 2.66667
1 1.27444 1.27444 1.27444 0 1.16667
1 1.23278 1.23278 1.23278 0 2.66667
1 1.22435 1.22435 1.22435 0 2.66667
1 1.22433 1.22433 1.22433 0 2.66667
1 1.22432 1.22432 1.22432 0 2.66667
1 1.22432 1.22432 1.22432 0 2.66667
1 1.22432 1.22432 1.22432 0 2.66667
1 0.144916 0.144916 0.144916 0 2.85714
1 0.0522745 0.0522745 0.0522745 0 2.8
1 0.0522722 0.0522722 0.0522722 0 0.857143
1 0.052268 0.052268 0.052268 0 2.85714
1 0.0443121 0.0443121 0.0443121 0 2.8
1 1e-08 1e-08 1e-08 0 2.66667
1 1e-08 1e-08 1e-08 0 2.66667
1 1e-08 1e-08 1e-08 0 0.8
1 1e-08 1e-08 1e-08 0 2.8
1 1e-08 1e-08 1e-08 0 2.8
1 1e-08 1e-08 1e-08 0 2.85714
1 1e-08 1e-08 1e-08 0 2.8

11 13.6338 13.6338 13.6338 0 0.8
10 14.9566 14.9247 14.9502 0.012766 2.85714
6 22.9677 21.5321 21.7714 0.535023 1.85714
2 61.4129 58.8047 60.1088 1.30412 0.857143
2 58.8548 58.8548 58.8548 0 2.85714
11 2.50236 2.50236 10.461 7.95863 2.66667
9 2.53548 2.53548 10.1013 7.56583 2.93333
4 29.402 2.5e-09 14.701 14.701 2.85714
1 25.903 25.903 25.903 0 1.16667
1 16.2178 16.2178 16.2178 0 2.66667
1 2.67008 2.67008 2.67008 0 2.90909
1 1.87493 1.87493 1.87493 0 0.8
1 1.78758 1.78758 1.78758 0 2.66667
1 1.55607 1.55607 1.55607 0 2.66667
1 1.44393 1.44393 1.44393 0 2.66667
1 1.27444 1.27444 1.27444 0 1.16667
1 1.23278 1.23278 1.23278 0 2.66667
1 1.22435 1.22435 1.22435 0 2.66667
1 1.22433 1.22433 1.22433 0 2.66667
1 1.22432 1.22432 1.22432 0 2.66667
1 1.22432 1.22432 1.22432 0 2.66667
1 1.22432 1.22432 1.22432 0 2.66667
1 0.144916 0.144916 0.144916 0 2.85714
1 0.0522745 0.0522745 0.0522745 0 2.8
1 0.0522722 0.0522722 0.0522722 0 0.857143
1 0.052268 0.052268 0.052268 0 2.85714
1 0.0443121 0.0443121 0.0443121 0 2.8
1 1e-08 1e-08 1e-08 0 2.66667
1 1e-08 1e-08 1e-08 0 2.66667
1 1e-08 1e-08 1e-08 0 0.8
1 1e-08 1e-08 1e-08 0 2.8
1 1e-08 1e-08 1e-08 0 2.8
1 1e-08 1e-08 1e-08 0 2.85714
1 1e-08 1e-08 1e-08 0 2.8
1 1e-08 1e-08 1e-08 0 0.666667

9 16.6215 16.6215 16.6215 0 2.93333
11 13.4218 13.4218 13.4218 1.77636e-15 2.66667
6 22.9677 21.5321 21.7714 0.535023 0.857143
1 122.826 122.826 122.826 0 0.857143
2 58.8548 58.8548 58.8548 0 2.85714
11 2.23838 2.23838 10.0922 7.85386 0.8
9 2.71938 2.71938 10.7659 8.04653 2.85714
4 29.402 2.5e-09 14.701 14.701 2.85714
1 25.903 25.903 25.903 0 1.16667
1 16.2178 16.2178 16.2178 0 2.66667
1 2.67008 2.67008 2.67008 0 2.90909
1 1.87493 1.87493 1.87493 0 0.8
1 1.78758 1.78758 1.78758 0 2.66667
1 1.55607 1.55607 1.55607 0 2.66667
1 1.44477 1.44477 1.44477 0 2.66667
1 1.27444 1.27444 1.27444 0 1.16667
1 1.23354 1.23354 1.23354 0 2.66667
1 1.22435 1.22435 1.22435 0 2.66667
1 1.22433 1.22433 1.22433 0 2.66667
1 1.22432 1.22432 1.22432 0 2.66667
1 1.22432 1.22432 1.22432 0 2.66667
1 1.22432 1.22432 1.22432 0 2.66667
1 0.144916 0.144916 0.144916 0 2.85714
1 0.0522745 0.0522745 0.0522745 0 2.8
1 0.0522722 0.0522722 0.0522722 0 0.857143
1 0.052268 0.052268 0.052268 0 2.85714
1 0.0443121 0.0443121 0.0443121 0 2.8
1 1e-08 1e-08 1e-08 0 2.66667
1 1e-08 1e-08 1e-08 0 2.66667
1 1e-08 1e-08 1e-08 0 0.8
1 1e-08 1e-08 1e-08 0 2.8
1 1e-08 1e-08 1e-08 0 2.8
1 1e-08 1e-08 1e-08 0 2.85714
1 1e-08 1e-08 1e-08 0 2.8
1 1e-08 1e-08 1e-08 0 0.666667

11 13.6338 13.6338 13.6338 0 0.8
9 16.6184 16.6184 16.6184 0 2.85714
6 22.9677 21.5321 21.7714 0.535023 1.85714
11 2.38128 2.38128 11.5427 9.16139 2.66667
1 122.826 122.826 122.826 0 0.857143
2 58.8548 58.8548 58.8548 0 2.85714
8 2.71988 2.71988 11.4591 8.73926 2.93333
2 58.8047 1.33504 30.0698 28.7348 2.90909
4 29.402 2.5e-09 14.701 14.701 2.85714
1 25.903 25.903 25.903 0 1.16667
1 16.2178 16.2178 16.2178 0 2.66667
1 1.87493 1.87493 1.87493 0 0.8
1 1.78758 1.78758 1.78758 0 2.66667
1 1.55607 1.55607 1.55607 0 2.66667
1 1.44477 1.44477 1.44477 0 2.66667
1 1.27444 1.27444 1.27444 0 1.16667
1 1.23354 1.23354 1.23354 0 2.66667
1 1.22435 1.22435 1.22435 0 2.66667
1 1.22433 1.22433 1.22433 0 2.66667
1 1.22432 1.22432 1.22432 0 2.66667
1 1.22432 1.22432 1.22432 0 2.66667
1 1.22432 1.22432 1.22432 0 2.66667
1 0.144916 0.144916 0.144916 0 2.85714
1 0.0522745 0.0522745 0.0522745 0 2.8
1 0.0522722 0.0522722 0.0522722 0 0.857143
1 0.052268 0.052268 0.052268 0 2.85714
1 0.0443121 0.0443121 0.0443121 0 2.8
1 5e-09 5e-09 1e-08 5e-09 2.8
1 1e-08 1e-08 1e-08 0 0.666667
1 1e-08 1e-08 1e-08 0 2.8
1 1e-08 1e-08 1e-08 0 2.85714
1 1e-08 1e-08 1e-08 0 2.8
1 1e-08 1e-08 1e-08 0 2.8
1 1e-08 1e-08 1e-08 0 0.8
1 1e-08 1e-08 1e-08 0 2.66667
1 1e-08 1e-08 1e-08 0 2.66667

