1 0.0522538 0.0522538 0.0522538 0 2
1 1e-08 1e-08 1e-08 0 0
1 1e-08 1e-08 1e-08 0 2
1 1e-08 1e-08 1e-08 0 2
1 1e-08 1e-08 1e-08 0 2

99 0.0123653 7.72572e-05 0.00147699 0.00322864 2
1 1e-08 1e-08 1e-08 0 0
1 1e-08 1e-08 1e-08 0 2

1 1.22408 1.22408 1.22408 0 3.16667
11 0.00658151 0.00658151 0.0148459 0.00826436 2
1 0.0522538 0.0522538 0.0522538 0 3
1 1.66667e-09 1.66667e-09 1e-08 8.33333e-09 0
1 2.5e-09 2.5e-09 1e-08 7.5e-09 2
1 3.33333e-09 3.33333e-09 1e-08 6.66667e-09 2

57 0.521971 0.0133052 0.0261139 0.0668847 3.16667
19 0.0644295 0.0027502 0.057937 0.0189287 2.66667
1 1e-08 1e-08 1e-08 0 0
1 1e-08 1e-08 1e-08 0 2
1 1e-08 1e-08 1e-08 0 2
1 1e-08 1e-08 1e-08 0 3.3
1 1e-08 1e-08 1e-08 0 3.16667

19 0.421239 0.0107376 0.103759 0.13476 3.16667
7 0.17488 0.17488 0.17488 2.77556e-17 2.66667
1 1.22416 1.22416 1.22416 0 2.66667
10 0.122416 0.122416 0.122416 0 2.66667
1 1.22408 1.22408 1.22408 0 3.3
10 0.0532244 0.0532244 0.101581 0.0483565 2.66667
4 0.30604 2.5e-09 0.22953 0.132519 2.66667
2 0.612041 0.0261362 0.319088 0.292952 3.3
5 0.17488 0.00746805 0.110902 0.0820692 2.66667
1 0.0174179 0.0174179 0.0522538 0.0348359 3
1 1e-08 1e-08 1e-08 0 3.16667
1 1e-08 1e-08 1e-08 0 3.3
1 1e-08 1e-08 1e-08 0 2
1 5e-09 5e-09 1e-08 5e-09 2
1 1e-08 1e-08 1e-08 0 0
1 1e-08 1e-08 1e-08 0 3.66667
1 1e-08 1e-08 1e-08 0 2.66667
1 1e-08 1e-08 1e-08 0 3.8

40 1.09139 0.000702315 0.135555 0.318875 3.16667
8 0.140514 0.0556437 0.150015 0.0883401 2.66667
7 0.0453393 0.0453393 0.149802 0.104462 2.66667
7 0.061208 0.061208 0.149057 0.0878487 2.66667
7 0.0644295 0.0644295 0.138456 0.0740268 2.66667
7 0.225845 0.111287 0.135421 0.0408325 2.66667
1 0.778259 0.778259 0.778259 0 3.16667
5 0.244832 0.0104553 0.151081 0.114821 2.66667
2 0.612041 0.0261362 0.319088 0.292952 3.3
4 0.204014 1.66667e-09 0.15301 0.0883404 3.3
1 0.0522538 0.0522538 0.0522538 0 3
1 5e-09 5e-09 1e-08 5e-09 3.16667
1 1e-08 1e-08 1e-08 0 3.3
1 1e-08 1e-08 1e-08 0 2
1 1e-08 1e-08 1e-08 0 2
1 1e-08 1e-08 1e-08 0 0
1 1e-08 1e-08 1e-08 0 3.66667
1 1e-08 1e-08 1e-08 0 2.66667
1 1e-08 1e-08 1e-08 0 3.8
1 1e-08 1e-08 1e-08 0 3.3

44 0.657826 0.0167682 0.160291 0.256851 3.16667
8 0.155268 0.07651 0.163146 0.0751321 2.66667
7 0.193206 0.07651 0.165332 0.0765328 2.66667
6 0.0644295 0.0644295 0.172271 0.107841 2.66667
6 0.102013 0.102013 0.170022 0.0680089 2.66667
6 0.0680089 0.0680089 0.170022 0.102013 2.66667
4 0.244816 0.0243781 0.189707 0.0954525 3.3
4 0.244832 0.0104553 0.188852 0.101522 2.66667
2 0.61208 5e-09 0.30604 0.30604 0
3 0.0874562 0.0874344 0.189937 0.102495 3.3
2 0.389129 0.026112 0.207621 0.181509 3.16667
1 0.0522724 0.0522724 0.0522724 0 2.8
1 0.0522664 0.0522664 0.0522664 0 2.8
1 0.0522538 0.0522538 0.0522538 0 3
1 1e-08 1e-08 1e-08 0 2
1 1e-08 1e-08 1e-08 0 3.3
1 1e-08 1e-08 1e-08 0 3.66667
1 1e-08 1e-08 1e-08 0 2.66667
1 1e-08 1e-08 1e-08 0 3.8
1 1e-08 1e-08 1e-08 0 3.3

35 0.505611 0.0220095 0.350711 0.228888 3.16667
5 9.60426 0.00618069 2.15626 3.73037 3.66667
5 0.193206 0.193206 0.369565 0.176359 2.66667
1 1.22439 1.22439 1.22439 0 1.16667
3 0.15302 0.15302 0.408054 0.255033 2.66667
3 0.112922 0.112922 0.394164 0.281242 2.66667
3 0.17488 0.17488 0.34976 0.17488 2.66667
3 0.0941662 0.0941662 0.346574 0.252408 2.66667
2 0.30602 0.30602 0.474267 0.168246 3.3
2 0.30604 0.30604 0.465595 0.159555 2.8
2 0.30604 0.30604 0.465594 0.159553 2.66667
1 0.61208 0.61208 0.61208 5e-09 3.66667
1 0.25942 0.25942 0.276828 0.017408 3.16667
1 0.0522538 0.0522538 0.0522538 0 3
1 0.0520542 0.0520542 0.0520542 0 2.8
1 0.042689 0.042689 0.042689 0 2.8
1 0.0261364 0.0261364 0.0261364 5e-09 0.8
1 1e-08 1e-08 1e-08 0 3.3
1 1e-08 1e-08 1e-08 0 2.66667
1 1e-08 1e-08 1e-08 0 2.66667
1 1e-08 1e-08 1e-08 0 2.66667
1 5e-09 5e-09 1e-08 5e-09 3.16667
1 1e-08 1e-08 1e-08 0 3.3
1 1e-08 1e-08 1e-08 0 3.8
1 1e-08 1e-08 1e-08 0 2.66667
1 5e-09 5e-09 1e-08 5e-09 3.3
1 1e-08 1e-08 1e-08 0 2

6 8.00551 1.66667e-09 4.06196 3.94456 3.16667
37 1.15926 0.461743 0.577402 0.148877 3.16667
4 0.496858 0.496858 0.621073 0.124215 2.66667
3 0.193206 0.193206 0.6906 0.497394 2.66667
2 0.408054 0.408054 0.61208 0.204027 2.66667
2 0.61208 0.61208 0.61208 0 2.66667
2 0.612041 0.612041 0.612041 0 3.3
1 0.17488 0.17488 1.05675 0.881868 2.66667
1 0.244877 0.244877 0.97951 0.734632 1.16667
1 0.778259 0.778259 0.778259 0 3.16667
1 0.15302 0.15302 0.771607 0.618587 2.66667
1 0.0522538 0.0522538 0.0522538 0 3
1 0.0494998 0.0494998 0.0494998 5e-09 3.66667
1 0.042689 0.042689 0.042689 0 2.8
1 5e-09 5e-09 1e-08 5e-09 3.16667
1 1e-08 1e-08 1e-08 0 2.66667
1 5e-09 5e-09 1e-08 5e-09 2.66667
1 3.33333e-09 3.33333e-09 1e-08 6.66667e-09 3.16667
1 1e-08 1e-08 1e-08 0 3.3
1 1e-08 1e-08 1e-08 0 3.8
1 1e-08 1e-08 1e-08 0 2.66667
1 5e-09 5e-09 1e-08 5e-09 3.16667
1 5e-09 5e-09 1e-08 5e-09 2
1 5e-09 5e-09 1e-08 5e-09 3.8

31 3.54597 2.94118e-10 1.39277 0.70661 3.16667
29 1.56575 0.623653 1.39263 0.756212 3.16667
9 5.33701 0.00580802 2.37479 2.64861 3.16667
3 16.0071 0.408027 5.60772 7.35347 3.3
4 6.00413 1.25e-09 1.51594 2.59138 3.16667
1 0.772824 0.772824 2.32866 1.55584 2.66667
1 0.248429 0.248429 1.74423 1.4958 2.66667
1 1.22439 1.22439 1.22439 0 1.16667
1 0.61208 0.61208 1.22416 0.61208 2.66667
1 0.61208 0.61208 1.22416 0.61208 2.66667
1 1.22416 1.22416 1.22416 0 2.66667
1 1.22416 1.22416 1.22416 0 2.66667
1 0.3894 0.3894 0.3894 5e-09 3.16667
1 0.131693 0.131693 0.202407 0.0707135 3.16667
1 0.0522721 0.0522721 0.0522721 0 3.3
1 0.0522538 0.0522538 0.0522538 0 3
1 0.042689 0.042689 0.042689 0 2.8
1 0.0270127 0.0270127 0.0411654 0.0141527 3.16667
1 1e-08 1e-08 1e-08 0 3.16667
1 1e-08 1e-08 1e-08 0 3.8
1 1e-08 1e-08 1e-08 0 2
1 1e-08 1e-08 1e-08 0 3.3
1 1e-08 1e-08 1e-08 0 2.66667
1 1e-08 1e-08 1e-08 0 3.8
1 1e-08 1e-08 1e-08 0 3.3
1 1e-08 1e-08 1e-08 0 2.66667
1 1e-08 1e-08 1e-08 0 2.66667
1 1e-08 1e-08 1e-08 0 3.8

46 0.941899 0.375166 0.965686 0.557489 3.16667
16 2.18332 4.54545e-10 0.990215 1.05297 3.3
4 12.0053 2.5e-09 3.07784 5.1558 3.3
12 2.82478 0.00307485 1.00843 1.30027 3.3
1 3.0913 3.0913 3.0913 0 2.66667
1 2.48429 2.48429 2.48429 0 2.66667
1 1.22416 1.22416 1.22416 0 2.66667
1 1.22416 1.22416 1.22416 0 2.66667
1 1.22416 1.22416 1.22416 0 2.66667
1 1.22416 1.22416 1.22416 0 2.66667
1 0.778259 0.778259 0.778259 0 3.16667
1 0.263386 0.263386 0.263386 0 3.16667
1 0.0562443 0.0562443 0.105744 0.0494998 3.66667
1 0.0522538 0.0522538 0.0522538 0 3
1 0.042689 0.042689 0.042689 0 2.8
1 0.0174241 0.0174241 0.0174241 6.66667e-09 2.66667
1 5e-09 5e-09 1e-08 5e-09 3.3
1 1e-08 1e-08 1e-08 0 3.16667
1 1e-08 1e-08 1e-08 0 3.8
1 1e-08 1e-08 1e-08 0 2
1 1e-08 1e-08 1e-08 0 2.66667
1 1e-08 1e-08 1e-08 0 3.8
1 1e-08 1e-08 1e-08 0 2.66667
1 1e-08 1e-08 1e-08 0 2.66667
1 1e-08 1e-08 1e-08 0 3.3
1 1e-08 1e-08 1e-08 0 3.3
1 1e-08 1e-08 1e-08 0 3.3

4 30.1408 1.45568 22.9695 12.421 3.16667
25 0.855191 0.34066 1.7801 1.25914 3.16667
3 16.0054 0.0174097 5.47699 7.44645 1.16667
4 1.65591 1.65591 1.8521 0.196192 3.3
1 3.0913 3.0913 3.0913 0 2.66667
1 2.48429 2.48429 2.48429 0 2.66667
1 1.22416 1.22416 1.22416 0 2.66667
1 1.22416 1.22416 1.22416 0 2.66667
1 1.22416 1.22416 1.22416 0 2.66667
1 1.22416 1.22416 1.22416 0 2.66667
1 0.778259 0.778259 0.778259 0 3.16667
1 0.612041 0.612041 0.612041 5e-09 3.3
1 0.0562443 0.0562443 0.0562443 5e-09 3.8
1 0.0522538 0.0522538 0.0522538 0 3
1 0.042689 0.042689 0.042689 0 2.8
1 1e-08 1e-08 1e-08 0 3.3
1 1e-08 1e-08 1e-08 0 3.3
1 1e-08 1e-08 1e-08 0 3.3
1 1e-08 1e-08 1e-08 0 2.66667
1 1e-08 1e-08 1e-08 0 2.66667
1 1e-08 1e-08 1e-08 0 3.8
1 1e-08 1e-08 1e-08 0 2.66667
1 1e-08 1e-08 1e-08 0 2
1 1e-08 1e-08 1e-08 0 3.3
1 5e-09 5e-09 1e-08 5e-09 3.3

41 1.29679 1.29638 1.96084 0.664443 3.3
25 3.76818 1.50103 1.95536 0.748362 3.16667
4 12.0053 2.5e-09 9.00399 5.19846 3.3
6 8.00272 0.00870484 2.77105 3.7 1.16667
1 3.0913 3.0913 3.0913 0 2.66667
1 2.48429 2.48429 2.48429 0 2.66667
1 1.22416 1.22416 1.22416 0 2.66667
1 1.22416 1.22416 1.22416 0 2.66667
1 1.22416 1.22416 1.22416 0 2.66667
1 1.22416 1.22416 1.22416 0 2.66667
1 1.22408 1.22408 1.22408 0 3.3
1 0.778259 0.778259 0.778259 0 3.16667
1 0.112489 0.112489 0.112489 0 3.3
1 0.0522538 0.0522538 0.0522538 0 3
1 0.042689 0.042689 0.042689 0 2.8
1 1e-08 1e-08 1e-08 0 3.3
1 1e-08 1e-08 1e-08 0 3.3
1 1e-08 1e-08 1e-08 0 2.66667
1 1e-08 1e-08 1e-08 0 2.66667
1 1e-08 1e-08 1e-08 0 3.8
1 1e-08 1e-08 1e-08 0 2.66667
1 1e-08 1e-08 1e-08 0 2
1 1e-08 1e-08 1e-08 0 3.3
1 5e-09 5e-09 1e-08 5e-09 3.16667
1 1e-08 1e-08 1e-08 0 3.3

1 120.563 120.563 120.563 0 3.3
27 1.72233 1.72233 4.08273 2.3604 3.16667
14 2.11581 1.04023 4.20167 2.26045 1.16667
2 24.0106 24.0106 24.0106 0 3.3
4 2.00089 2.00089 5.00222 3.00133 3.3
4 8.00272 0.204065 4.15657 3.89969 1.16667
4 8.00355 1.66667e-09 4.05278 3.95143 3.3
1 3.0913 3.0913 3.0913 0 2.66667
1 2.48429 2.48429 2.48429 0 2.66667
1 1.22416 1.22416 1.22416 0 2.66667
1 1.22416 1.22416 1.22416 0 2.66667
1 1.22416 1.22416 1.22416 0 2.66667
1 1.22416 1.22416 1.22416 0 2.66667
1 0.7788 0.7788 0.7788 0 3.16667
1 0.0562443 0.0562443 0.0562443 5e-09 3.16667
1 0.0522538 0.0522538 0.0522538 0 3
1 0.042689 0.042689 0.042689 0 2.8
1 0.0181178 0.0181178 0.0195357 0.00141789 3.8
1 0.0129239 0.0129239 0.0129239 5e-09 3.3
1 1e-08 1e-08 1e-08 0 2.66667
1 1e-08 1e-08 1e-08 0 2.66667
1 1e-08 1e-08 1e-08 0 2.66667
1 1e-08 1e-08 1e-08 0 2
1 1e-08 1e-08 1e-08 0 3.3
1 5e-09 5e-09 1e-08 5e-09 3.16667
1 5e-09 5e-09 1e-08 5e-09 3.66667
1 3.33333e-09 3.33333e-09 1e-08 6.66667e-09 3.16667
1 1e-08 1e-08 1e-08 0 3.3
1 1e-08 1e-08 1e-08 0 3.3
1 1e-08 1e-08 1e-08 0 3.3

1 120.563 120.563 120.563 0 3.8
3 40.1877 40.1877 40.1877 0 3.3
16 1.49059 1.48843 5.96872 4.47998 3.66667
14 8.61436 3.42974 6.22637 2.412 3.16667
12 2.80379 2.80379 6.19116 3.38736 3.3
7 5.3357 5.3357 6.09794 0.762243 3.3
2 24.0106 0.612041 12.3113 11.6993 3.3
1 5.6965 5.6965 5.6965 5e-09 3.66667
1 3.0913 3.0913 3.0913 0 2.66667
1 2.48429 2.48429 2.48429 0 2.66667
1 0.612194 0.612194 1.22439 0.612194 1.16667
1 1.22416 1.22416 1.22416 0 2.66667
1 1.22416 1.22416 1.22416 0 2.66667
1 1.22416 1.22416 1.22416 0 2.66667
1 1.22416 1.22416 1.22416 0 2.66667
1 0.208934 0.208934 0.208934 0 3.16667
1 0.112489 0.112489 0.112489 0 3.3
1 0.0522538 0.0522538 0.0522538 0 3
1 0.042689 0.042689 0.042689 0 2.8
1 1e-08 1e-08 1e-08 0 2.66667
1 1e-08 1e-08 1e-08 0 2.66667
1 1e-08 1e-08 1e-08 0 2.66667
1 1e-08 1e-08 1e-08 0 2
1 1e-08 1e-08 1e-08 0 3.3
1 5e-09 5e-09 1e-08 5e-09 3.16667
1 1e-08 1e-08 1e-08 0 3.3
1 1e-08 1e-08 1e-08 0 3.66667
1 1e-08 1e-08 1e-08 0 3.3
1 1e-08 1e-08 1e-08 0 3.3
1 1e-08 1e-08 1e-08 0 3.16667

19 1.72483 1.7226 5.63916 3.91611 3.8
18 4.63704 4.63704 5.9279 1.29086 3.3
2 60.5915 24.0082 42.2998 18.2917 1.16667
14 4.30583 4.30583 5.82131 1.51548 3.8
9 13.3959 1.11111e-09 6.06071 6.56692 3.16667
3 16.0071 16.0071 16.0071 0 3.3
5 8.60605 3.43009 6.54062 2.93147 3.3
2 24.0106 0.612041 12.3113 11.6993 3.3
1 11.393 11.393 11.393 0 3.66667
1 3.0913 3.0913 3.0913 0 2.66667
1 2.48429 2.48429 2.48429 0 2.66667
1 1.22416 1.22416 1.22416 0 2.66667
1 1.22416 1.22416 1.22416 0 2.66667
1 1.22416 1.22416 1.22416 0 2.66667
1 1.22416 1.22416 1.22416 0 2.66667
1 0.208934 0.208934 0.208934 0 3.16667
1 0.112489 0.112489 0.112489 0 3.3
1 0.0522538 0.0522538 0.0522538 0 3
1 0.042689 0.042689 0.042689 0 2.8
1 1e-08 1e-08 1e-08 0 2.66667
1 1e-08 1e-08 1e-08 0 2.66667
1 1e-08 1e-08 1e-08 0 2.66667
1 1e-08 1e-08 1e-08 0 2
1 1e-08 1e-08 1e-08 0 3.16667
1 1e-08 1e-08 1e-08 0 3.3
1 5e-09 5e-09 1e-08 5e-09 3.16667
1 1e-08 1e-08 1e-08 0 3.3
1 1e-08 1e-08 1e-08 0 3.3
1 1e-08 1e-08 1e-08 0 3.16667
1 1e-08 1e-08 1e-08 0 3.35714
1 1e-08 1e-08 1e-08 0 1.3

20 2.80853 2.80468 5.89038 3.08482 3.16667
18 4.64653 4.4653 5.96484 1.48933 3.3
16 2.46047 2.46047 5.91228 3.4518 3.3
11 7.15892 2.82449 5.97529 2.28978 1.16667
2 60.2816 5e-09 30.1408 30.1408 3.35714
10 12.0563 1e-09 6.01131 6.00884 3.3
8 7.53519 3.00133 5.9707 2.53547 3.16667
1 11.393 11.393 11.393 0 3.66667
1 3.0913 3.0913 3.0913 0 2.66667
1 2.48429 2.48429 2.48429 0 2.66667
1 1.22416 1.22416 1.22416 0 2.66667
1 1.22416 1.22416 1.22416 0 2.66667
1 1.22416 1.22416 1.22416 0 2.66667
1 1.22416 1.22416 1.22416 0 2.66667
1 0.208934 0.208934 0.208934 0 3.16667
1 0.112489 0.112489 0.112489 0 3.3
1 0.0522538 0.0522538 0.0522538 0 3
1 0.042689 0.042689 0.042689 0 2.8
1 0.014963 0.014963 0.029926 0.014963 3.3
1 0.000925148 0.000925148 0.000925153 5e-09 3.16667
1 1e-08 1e-08 1e-08 0 3.3
1 1e-08 1e-08 1e-08 0 1.3
1 1e-08 1e-08 1e-08 0 1.3

1 132.78 132.78 132.78 0 3.3
8 15.4069 1.25e-09 13.2844 5.02192 1.3
17 1.07228 1.03195 6.14047 5.10323 3.16667
14 3.67838 3.65343 6.16897 2.51377 3.3
10 12.0563 1e-09 6.01131 6.00884 3.16667
3 16.0071 16.0071 16.0071 0 3.3
5 6.864 6.85947 6.86361 0.00187564 1.16667
1 11.393 11.393 11.393 0 3.66667
1 3.0913 3.0913 3.0913 0 2.66667
1 2.48429 2.48429 2.48429 0 2.66667
1 1.22416 1.22416 1.22416 0 2.66667
1 1.22416 1.22416 1.22416 0 2.66667
1 1.22416 1.22416 1.22416 0 2.66667
1 1.22416 1.22416 1.22416 0 2.66667
1 0.208934 0.208934 0.208934 0 3.16667
1 0.112489 0.112489 0.112489 0 3.3
1 0.0522538 0.0522538 0.0522538 0 3
1 0.042689 0.042689 0.042689 0 2.8
1 0.0299263 0.0299263 0.0299263 0 3.3
1 0.00108278 0.00108278 0.00108278 0 1.3
1 1e-08 1e-08 1e-08 0 3.3
1 1e-08 1e-08 1e-08 0 1.3
1 1e-08 1e-08 1e-08 0 1.3
1 1.66667e-09 1.66667e-09 1e-08 8.33333e-09 3.35714

17 5.45462 5.24947 6.86963 1.59717 3.16667
15 3.92244 3.88913 6.74702 2.85206 3.3
5 24.1476 0.0104545 19.3132 9.65136 3.3
14 3.00623 2.95595 6.756 3.78909 1.16667
10 6.02816 5.97752 7.21135 1.18836 3.16667
2 60.6933 5e-09 30.3466 30.3466 1.8
1 48.0213 48.0213 48.0213 0 3.3
6 4.14938 3.84302 7.15312 3.05693 3.3
1 11.393 11.393 11.393 0 3.66667
1 3.0913 3.0913 3.0913 0 2.66667
1 2.48429 2.48429 2.48429 0 2.66667
1 1.22416 1.22416 1.22416 0 2.66667
1 1.22416 1.22416 1.22416 0 2.66667
1 1.22416 1.22416 1.22416 0 2.66667
1 1.22416 1.22416 1.22416 0 2.66667
1 0.7788 0.7788 0.7788 0 3.16667
1 0.112489 0.112489 0.112489 0 3.3
1 0.0522538 0.0522538 0.0522538 0 3
1 0.042689 0.042689 0.042689 0 2.8
1 0.0283748 0.0283748 0.0283748 0 3.16667
1 0.00165594 0.00165594 0.00165594 0 3.16667
1 1e-08 1e-08 1e-08 0 3.66667
1 1e-08 1e-08 1e-08 0 1.3
1 1e-08 1e-08 1e-08 0 1.3
1 1e-08 1e-08 1e-08 0 3.35714
1 1e-08 1e-08 1e-08 0 3.3
1 1e-08 1e-08 1e-08 0 3.35714
1 1e-08 1e-08 1e-08 0 3.3

18 6.16277 6.05969 6.77418 0.669482 1.3
15 8.03754 0.220764 7.51642 1.94985 3.16667
15 1.74245 1.6836 6.76235 5.05829 1.16667
15 3.92244 3.88913 6.50403 2.60763 3.35714
7 17.2233 1.42857e-09 12.2618 7.75363 3.16667
1 48.0213 48.0213 48.0213 0 3.3
5 26.556 2.87219 8.29254 9.16367 3.3
3 11.0351 0.386882 7.48772 5.01964 1.8
1 5.6965 5.6965 5.6965 5e-09 3.16667
1 3.0913 3.0913 3.0913 0 2.66667
1 2.48429 2.48429 2.48429 0 2.66667
1 1.22416 1.22416 1.22416 0 2.66667
1 1.22416 1.22416 1.22416 0 2.66667
1 1.22416 1.22416 1.22416 0 2.66667
1 1.22416 1.22416 1.22416 0 2.66667
1 0.778259 0.778259 0.778259 0 3.16667
1 0.0562443 0.0562443 0.0562443 5e-09 3.3
1 0.0522538 0.0522538 0.0522538 0 3
1 0.042689 0.042689 0.042689 0 2.8
1 0.0283748 0.0283748 0.0283748 0 3.16667
1 0.0147803 0.0147803 0.0147803 0 3.3
1 0.00515283 0.00515283 0.00515283 5e-09 3.3
1 0.00253423 0.00253423 0.00253423 0 1.16667
1 0.00165594 0.00165594 0.00165594 0 3.16667
1 1e-08 1e-08 1e-08 0 3.35714
1 1e-08 1e-08 1e-08 0 3.3
1 1e-08 1e-08 1e-08 0 3.35714
1 1e-08 1e-08 1e-08 0 3.3
1 1e-08 1e-08 1e-08 0 3.16667
1 1e-08 1e-08 1e-08 0 3.3

1 122.539 122.539 122.539 0 1.85714
17 2.14921 2.10742 6.19316 4.07622 1.16667
17 4.50354 4.4653 6.08776 1.62023 3.35714
14 2.04344 2.04344 6.42203 4.37859 3.16667
13 5.01825 4.84895 6.44019 1.50852 3.66667
6 22.13 2.39349 9.17472 8.61569 3.3
2 24.0106 0.59389 12.3023 11.7084 3.3
1 5.6965 5.6965 5.6965 5e-09 3.16667
1 3.0913 3.0913 3.0913 0 2.66667
1 2.48429 2.48429 2.48429 0 2.66667
1 1.22416 1.22416 1.22416 0 2.66667
1 1.22416 1.22416 1.22416 0 2.66667
1 1.22416 1.22416 1.22416 0 2.66667
1 1.22416 1.22416 1.22416 0 2.66667
1 0.208934 0.208934 0.208934 0 3.16667
1 0.112489 0.112489 0.112489 0 3.3
1 0.0522538 0.0522538 0.0522538 0 3
1 0.042689 0.042689 0.042689 0 2.8
1 0.0283748 0.0283748 0.0283748 0 3.16667
1 0.00320648 0.00320648 0.00320648 0 3.3
1 0.00165594 0.00165594 0.00165594 0 3.16667
1 5e-09 5e-09 1e-08 5e-09 3.16667
1 1e-08 1e-08 1e-08 0 3.35714
1 1e-08 1e-08 1e-08 0 3.3
1 5e-09 5e-09 1e-08 5e-09 3.3
1 1e-08 1e-08 1e-08 0 3.3
1 1e-08 1e-08 1e-08 0 3.3

16 3.0375 2.93465 7.63638 4.66742 1.8
1 120.563 120.563 120.563 0 3.8
14 4.82252 4.82252 7.58181 2.75929 3.3
12 10.0474 8.33333e-10 8.37289 3.74346 3.35714
12 3.65343 3.65343 7.92177 4.26834 3.16667
12 2.86462 2.84973 7.64388 4.7929 3.3
3 40.9922 4.89254e-06 13.675 19.3162 3.8
2 24.0106 0.59389 12.3023 11.7084 3.3
2 4.58114 4.58114 8.88942 4.30828 3.3
1 11.393 11.393 11.393 0 3.66667
1 3.0913 3.0913 3.0913 0 2.66667
1 2.48429 2.48429 2.48429 0 2.66667
1 1.22416 1.22416 1.22416 0 2.66667
1 1.22416 1.22416 1.22416 0 2.66667
1 1.22416 1.22416 1.22416 0 2.66667
1 1.22416 1.22416 1.22416 0 2.66667
1 0.7788 0.7788 0.7788 0 3.16667
1 0.594141 0.594141 0.594141 0 3.3
1 0.112489 0.112489 0.112489 0 3.3
1 0.0522538 0.0522538 0.0522538 0 3
1 0.042689 0.042689 0.042689 0 2.8
1 0.0319914 0.0319914 0.0343093 0.00231798 1.16667
1 0.0283748 0.0283748 0.0283748 0 3.16667
1 0.00165594 0.00165594 0.00165594 0 3.16667
1 1e-08 1e-08 1e-08 0 3.16667
1 1e-08 1e-08 1e-08 0 3.35714
1 1e-08 1e-08 1e-08 0 3.3
1 1e-08 1e-08 1e-08 0 3.3
1 1e-08 1e-08 1e-08 0 3.3
1 1e-08 1e-08 1e-08 0 3.3
1 1e-08 1e-08 1e-08 0 3.8
1 1e-08 1e-08 1e-08 0 3.16667

12 10.2116 8.33333e-10 9.36059 2.82232 1.85714
15 4.82252 4.82252 7.40974 2.58722 3.16667
14 4.90674 4.74492 7.83793 3.04533 1.8
13 9.65048 7.69231e-10 8.15195 3.47407 3.66667
12 2.69428 2.31852 7.57229 5.22327 3.8
11 3.26081 3.01408 7.43919 4.38682 3.3
2 66.3901 7.18047 36.7853 29.6048 3.3
2 24.0106 0.59389 12.3023 11.7084 3.3
1 11.393 11.393 11.393 0 3.66667
1 3.0913 3.0913 3.0913 0 2.66667
1 2.48429 2.48429 2.48429 0 2.66667
1 1.22416 1.22416 1.22416 0 2.66667
1 1.22416 1.22416 1.22416 0 2.66667
1 1.22416 1.22416 1.22416 0 2.66667
1 1.22416 1.22416 1.22416 0 2.66667
1 0.778259 0.778259 0.778259 0 3.16667
1 0.594141 0.594141 0.594141 0 3.3
1 0.229097 0.229097 0.229097 0 3.85714
1 0.112489 0.112489 0.112489 0 3.3
1 0.0639827 0.0639827 0.0639827 0 3.66667
1 0.0522538 0.0522538 0.0522538 0 3
1 0.042689 0.042689 0.042689 0 2.8
1 0.0283748 0.0283748 0.0283748 0 3.16667
1 0.00165594 0.00165594 0.00165594 0 3.16667
1 1e-08 1e-08 1e-08 0 3.16667
1 5e-09 5e-09 1e-08 5e-09 3.35714
1 1e-08 1e-08 1e-08 0 3.3
1 1e-08 1e-08 1e-08 0 3.3

2 60.4587 60.3425 60.4006 0.0580824 1.8
14 3.34898 3.34898 8.13348 4.7845 3.16667
13 5.00367 4.30583 8.66636 4.30989 3.8
13 8.69549 8.03754 8.12579 0.209461 3.35714
12 4.48058 4.48058 8.30805 3.82747 3.66667
11 4.06546 3.8703 8.69272 4.73789 1.8
11 4.64074 3.95286 8.68774 4.67533 1.85714
2 24.0106 0.59389 12.3023 11.7084 3.3
2 11.4529 7.18047 9.31666 2.13619 3.3
1 11.393 11.393 11.393 0 3.66667
1 3.0913 3.0913 3.0913 0 2.66667
1 2.48429 2.48429 2.48429 0 2.66667
1 1.22416 1.22416 1.22416 0 2.66667
1 1.22416 1.22416 1.22416 0 2.66667
1 1.22416 1.22416 1.22416 0 2.66667
1 1.22416 1.22416 1.22416 0 2.66667
1 0.7788 0.7788 0.7788 0 3.16667
1 0.229097 0.229097 0.229097 0 3.85714
1 0.112489 0.112489 0.112489 0 3.3
1 0.0639827 0.0639827 0.0639827 0 3.66667
1 0.0522538 0.0522538 0.0522538 0 3
1 0.042689 0.042689 0.042689 0 2.8
1 0.0283748 0.0283748 0.0283748 0 3.16667
1 0.00320648 0.00320648 0.00320648 0 3.3
1 0.00165594 0.00165594 0.00165594 0 3.16667
1 1e-08 1e-08 1e-08 0 3.16667
1 1e-08 1e-08 1e-08 0 3.35714
1 1e-08 1e-08 1e-08 0 3.3
1 1e-08 1e-08 1e-08 0 3.3
1 1e-08 1e-08 1e-08 0 3.3

6 21.6825 21.1771 21.374 0.220867 1.8
4 31.2455 31.1635 31.184 0.0355112 1.8
11 13.0784 11.1399 11.3194 0.556341 1.85714
10 5.43957 5.0237 11.0949 6.02958 3.8
10 3.68989 3.68989 11.0059 7.31601 3.66667
9 4.00294 3.45478 11.0089 7.41737 3.3
8 4.26307 4.01877 12.225 8.176 3.35714
8 4.4653 4.4653 11.7218 7.25649 3.16667
5 26.0865 6.87139e-05 16.3995 11.0877 3.38889
2 66.3901 11.4529 38.9215 27.4686 3.3
2 24.0106 0.59389 12.3023 11.7084 3.3
1 11.393 11.393 11.393 0 3.66667
1 3.0913 3.0913 3.0913 0 2.66667
1 2.48429 2.48429 2.48429 0 2.66667
1 1.22416 1.22416 1.22416 0 2.66667
1 1.22416 1.22416 1.22416 0 2.66667
1 1.22416 1.22416 1.22416 0 2.66667
1 1.22416 1.22416 1.22416 0 2.66667
1 0.7788 0.7788 0.7788 0 3.16667
1 0.229097 0.229097 0.229097 0 3.85714
1 0.112489 0.112489 0.112489 0 3.3
1 0.0639827 0.0639827 0.0639827 0 3.66667
1 0.0522538 0.0522538 0.0522538 0 3
1 0.042689 0.042689 0.042689 0 2.8
1 0.0283748 0.0283748 0.0283748 0 3.16667
1 0.00320648 0.00320648 0.00320648 0 3.3
1 0.00165594 0.00165594 0.00165594 0 3.16667
1 1e-08 1e-08 1e-08 0 3.16667
1 1e-08 1e-08 1e-08 0 3.35714
1 1e-08 1e-08 1e-08 0 3.3
1 1e-08 1e-08 1e-08 0 3.3
1 1e-08 1e-08 1e-08 0 3.3

1 120.55 120.55 120.55 0 3.85714
1 120.111 120.111 120.111 0 1.3
9 5.2546 4.85695 13.1824 8.0454 3.8
7 18.2703 7.84147 16.0328 3.36356 3.8
8 4.82524 4.82524 13.2413 8.41606 3.66667
8 3.11502 2.82815 13.2112 10.3119 1.8
8 15.0704 0.00040081 13.1866 4.98393 2.66667
7 20.891 1.42857e-09 14.947 7.05263 1.8
8 5.32826 4.53847 13.0132 8.37819 2.35714
7 14.0103 12.0569 14.0813 1.86964 3.3
6 11.6785 10.9603 12.9096 1.8486 3.35714
1 30.5149 30.5149 30.5149 0 1.3
1 24.0106 24.0106 24.6045 0.59389 3.3
1 11.4529 11.4529 18.6333 7.18047 3.3
1 11.393 11.393 11.393 0 3.66667
1 3.0913 3.0913 3.0913 0 2.66667
1 2.48429 2.48429 2.48429 0 2.66667
1 1.22416 1.22416 1.22416 0 2.66667
1 1.22416 1.22416 1.22416 0 2.66667
1 1.22416 1.22416 1.22416 0 2.66667
1 1.22416 1.22416 1.22416 0 2.66667
1 0.778259 0.778259 0.778259 0 3.16667
1 0.229097 0.229097 0.229097 0 3.85714
1 0.112489 0.112489 0.112489 0 3.3
1 0.0639827 0.0639827 0.0639827 0 3.66667
1 0.0522538 0.0522538 0.0522538 0 3
1 0.042689 0.042689 0.042689 0 2.8
1 0.0283748 0.0283748 0.0283748 0 3.16667
1 0.00165594 0.00165594 0.00165594 0 3.16667
1 0.000343569 0.000343569 0.000343569 0 3.8
1 1e-08 1e-08 1e-08 0 3.16667
1 1e-08 1e-08 1e-08 0 3.35714
1 1e-08 1e-08 1e-08 0 3.3
1 1e-08 1e-08 1e-08 0 3.3
1 1e-08 1e-08 1e-08 0 3.3
1 1e-08 1e-08 1e-08 0 3.38889

1 137.869 137.869 137.869 0 1.8
10 11.0664 9.42605 12.4912 2.87375 2.35714
1 120.563 120.563 120.563 0 3.85714
9 8.36375 8.36375 12.9742 4.6105 3.66667
8 3.43568 3.43552 12.9148 9.47922 3.8
8 5.93169 5.48072 12.834 7.02583 3.8
8 4.82227 4.31324 12.6994 8.05702 1.8
7 15.9212 9.23227 14.1445 2.10033 1.8
4 31.973 2.5e-09 23.9716 13.84 3.35714
6 4.43143 4.01182 14.3773 10.2554 1.85714
4 30.1408 2.5e-09 15.0664 15.0664 2.8
1 48.0213 48.0213 48.0213 0 3.3
1 22.9057 22.9057 22.9057 0 3.3
1 11.393 11.393 11.393 0 3.66667
1 3.0913 3.0913 3.0913 0 2.66667
1 2.48429 2.48429 2.48429 0 2.66667
1 1.22416 1.22416 1.22416 0 2.66667
1 1.22416 1.22416 1.22416 0 2.66667
1 1.22416 1.22416 1.22416 0 2.66667
1 1.22416 1.22416 1.22416 0 2.66667
1 0.7788 0.7788 0.7788 0 3.16667
1 0.229097 0.229097 0.229097 0 3.85714
1 0.112489 0.112489 0.112489 0 3.3
1 0.0639827 0.0639827 0.0639827 0 3.66667
1 0.0522538 0.0522538 0.0522538 0 3
1 0.042689 0.042689 0.042689 0 2.8
1 0.0283748 0.0283748 0.0283748 0 3.16667
1 0.00165594 0.00165594 0.00165594 0 3.16667
1 0.00106883 0.00106883 0.00106883 6.66667e-09 3.3
1 0.000343569 0.000343569 0.000343569 0 3.8
1 1e-08 1e-08 1e-08 0 3.3
1 1e-08 1e-08 1e-08 0 3.3
1 1e-08 1e-08 1e-08 0 3.35714
1 5e-09 5e-09 1e-08 5e-09 3.3
1 1e-08 1e-08 1e-08 0 1.8

1 146.237 146.237 146.237 0 1.85714
1 140.103 140.103 140.103 0 3.8
1 132.78 132.78 132.78 0 3.3
3 43.6178 43.6178 43.6178 0 1.8
8 6.26678 6.26678 15.2271 8.96028 1.8
8 7.19315 6.12729 14.1848 7.63633 1.85714
7 3.34759 3.34743 15.256 11.9085 3.3
7 4.66062 4.48058 14.9893 10.4389 3.66667
7 4.40028 4.09162 14.6856 10.4659 1.8
6 9.83785 9.27409 15.6828 6.20519 3.85714
2 63.946 5e-09 31.973 31.973 3.3
1 48.0213 48.0213 48.0213 0 3.3
2 40.1877 0.00106883 20.0944 20.0933 3.16667
1 11.393 11.393 11.393 0 3.66667
1 3.0913 3.0913 3.0913 0 2.66667
1 2.48429 2.48429 2.48429 0 2.66667
1 1.22416 1.22416 1.22416 0 2.66667
1 1.22416 1.22416 1.22416 0 2.66667
1 1.22416 1.22416 1.22416 0 2.66667
1 1.22416 1.22416 1.22416 0 2.66667
1 0.778259 0.778259 0.778259 0 3.16667
1 0.229097 0.229097 0.229097 0 3.85714
1 0.112489 0.112489 0.112489 0 3.3
1 0.0639827 0.0639827 0.0639827 0 3.66667
1 0.0522538 0.0522538 0.0522538 0 3
1 0.042689 0.042689 0.042689 0 2.8
1 0.0283748 0.0283748 0.0283748 0 3.16667
1 0.00165594 0.00165594 0.00165594 0 3.16667
1 0.000343569 0.000343569 0.000343569 0 3.8
1 1e-08 1e-08 1e-08 0 3.3
1 1e-08 1e-08 1e-08 0 3.3
1 5e-09 5e-09 1e-08 5e-09 3.35714
1 1e-08 1e-08 1e-08 0 3.16667
1 1e-08 1e-08 1e-08 0 3.38889
1 1e-08 1e-08 1e-08 0 3.3

6 21.3153 20.0939 20.5458 0.545102 3.85714
11 5.58497 5.03282 11.1394 5.8866 1.8
10 5.18899 5.18899 11.5206 6.33156 3.8
10 12.5456 0.00295846 11.2237 3.74568 3.66667
9 6.26678 6.26678 11.6923 5.42556 1.8
8 6.85062 5.92658 12.1527 5.72513 1.85714
7 18.65 4.90813e-05 13.2876 8.40286 3.8
7 8.60219 8.00134 11.6162 3.11655 1.85714
2 63.946 5e-09 31.973 31.973 3.3
2 60.2816 5e-09 30.1408 30.1408 3.16667
4 9.4843 7.10938 12.1004 3.37058 3.3
1 48.0213 48.0213 48.0213 0 3.3
1 11.393 11.393 11.393 0 3.66667
1 3.0913 3.0913 3.0913 0 2.66667
1 2.48429 2.48429 2.48429 0 2.66667
1 1.22416 1.22416 1.22416 0 2.66667
1 1.22416 1.22416 1.22416 0 2.66667
1 1.22416 1.22416 1.22416 0 2.66667
1 1.22416 1.22416 1.22416 0 2.66667
1 0.778259 0.778259 0.778259 0 3.16667
1 0.229097 0.229097 0.229097 0 3.85714
1 0.112489 0.112489 0.112489 0 3.3
1 0.0639827 0.0639827 0.0639827 0 3.66667
1 0.0522538 0.0522538 0.0522538 0 3
1 0.042689 0.042689 0.042689 0 2.8
1 0.0283748 0.0283748 0.0283748 0 3.16667
1 0.00320648 0.00320648 0.00320648 0 3.3
1 0.00165594 0.00165594 0.00165594 0 3.16667
1 1e-08 1e-08 1e-08 0 3.3
1 1e-08 1e-08 1e-08 0 3.3
1 1e-08 1e-08 1e-08 0 3.35714
1 1e-08 1e-08 1e-08 0 3.16667
1 1e-08 1e-08 1e-08 0 3.3

12 10.4455 9.71591 10.3408 0.224399 1.85714
11 5.74455 5.74455 10.8532 5.10863 1.8
11 7.81624 6.9289 10.4086 3.12484 2.38889
10 5.38857 5.38857 10.6466 5.25803 3.8
9 4.66271 4.48058 10.926 6.38177 3.8
9 6.12317 5.65845 10.8413 4.94404 1.8
8 4.46701 4.17289 10.6062 6.26898 3.85714
4 33.195 3.59023 16.8486 12.5623 3.3
2 63.946 5e-09 31.973 31.973 3.35714
2 60.2816 5e-09 30.1408 30.1408 3.16667
1 48.0213 48.0213 48.0213 0 3.3
1 11.393 11.393 11.393 0 3.66667
1 3.0913 3.0913 3.0913 0 2.66667
1 2.48429 2.48429 2.48429 0 2.66667
1 1.22416 1.22416 1.22416 0 2.66667
1 1.22416 1.22416 1.22416 0 2.66667
1 1.22416 1.22416 1.22416 0 2.66667
1 1.22416 1.22416 1.22416 0 2.66667
1 0.594141 0.594141 0.594141 0 3.3
1 0.229097 0.229097 0.229097 0 3.85714
1 0.208934 0.208934 0.208934 0 3.16667
1 0.131908 0.131908 0.132022 0.000114526 3.8
1 0.112489 0.112489 0.112489 0 3.3
1 0.083351 0.083351 0.083351 0 3.8
1 0.0639827 0.0639827 0.0639827 0 3.66667
1 0.0522538 0.0522538 0.0522538 0 3
1 0.042689 0.042689 0.042689 0 2.8
1 0.0283748 0.0283748 0.0283748 0 3.16667
1 0.00165594 0.00165594 0.00165594 0 3.16667
1 1e-08 1e-08 1e-08 0 3.3
1 1e-08 1e-08 1e-08 0 3.3
1 1e-08 1e-08 1e-08 0 3.35714
1 1e-08 1e-08 1e-08 0 3.16667

6 21.5905 20.0939 21.0002 0.557333 3.85714
9 6.09321 6.09321 13.8542 7.76099 1.85714
9 5.65216 5.47481 13.6637 8.11443 1.85714
9 6.79667 6.7243 13.6226 6.85071 3.8
9 4.3679 4.23105 12.6523 8.38336 1.85714
9 4.59564 4.59564 12.5915 7.99585 1.8
8 7.00514 7.00514 13.1576 6.15245 3.8
5 25.5818 2e-09 15.3425 12.5271 3.35714
1 67.516 67.516 67.516 0 1.35714
2 65.2779 5e-09 32.639 32.639 3.8
2 61.1107 5e-09 30.5553 30.5553 3.85714
2 60.2816 5e-09 30.1408 30.1408 3.16667
1 48.0213 48.0213 48.0213 0 3.3
2 17.7216 4.58114 14.0235 7.17058 3.66667
1 3.79767 3.79767 3.79767 6.66667e-09 3.66667
1 3.0913 3.0913 3.0913 0 2.66667
1 2.48429 2.48429 2.48429 0 2.66667
1 1.22416 1.22416 1.22416 0 2.66667
1 1.22416 1.22416 1.22416 0 2.66667
1 1.22416 1.22416 1.22416 0 2.66667
1 1.22416 1.22416 1.22416 0 2.66667
1 0.778259 0.778259 0.778259 0 3.16667
1 0.395723 0.395723 0.395723 0 3.8
1 0.229097 0.229097 0.229097 0 3.85714
1 0.112489 0.112489 0.112489 0 3.3
1 0.0639827 0.0639827 0.0639827 0 3.66667
1 0.0522538 0.0522538 0.0522538 0 3
1 0.042689 0.042689 0.042689 0 2.8
1 0.0283748 0.0283748 0.0283748 0 3.16667
1 0.00320648 0.00320648 0.00320648 0 3.3
1 0.00165594 0.00165594 0.00165594 0 3.16667
1 1e-08 1e-08 1e-08 0 3.3
1 1e-08 1e-08 1e-08 0 3.3
1 1e-08 1e-08 1e-08 0 3.35714
1 1e-08 1e-08 1e-08 0 3.16667
1 1e-08 1e-08 1e-08 0 3.88889

10 9.18476 8.89657 13.3093 4.28484 1.88889
10 6.96367 6.96367 12.9557 5.99204 1.85714
9 7.6594 7.6594 13.5376 5.87821 1.8
9 7.8431 7.59107 13.4719 5.79545 1.85714
8 6.52714 6.45684 13.5819 7.11583 3.8
8 5.60411 5.60411 13.4391 7.83502 3.8
3 48.3072 3.33333e-09 31.9454 22.591 1.8
6 3.59657 3.20316 13.7276 10.4049 3.35714
4 32.2059 2.60746 20.5619 11.9518 3.35714
3 44.26 0.00945827 24.6018 18.3991 3.3
2 65.2779 5e-09 32.639 32.639 3.8
2 60.2816 5e-09 30.1408 30.1408 3.38889
1 48.0213 48.0213 48.0213 0 3.3
1 11.393 11.393 11.393 0 3.66667
1 3.0913 3.0913 3.0913 0 2.66667
1 2.48429 2.48429 2.48429 0 2.66667
1 1.22416 1.22416 1.22416 0 2.66667
1 1.22416 1.22416 1.22416 0 2.66667
1 1.22416 1.22416 1.22416 0 2.66667
1 1.22416 1.22416 1.22416 0 2.66667
1 0.778259 0.778259 0.778259 0 3.16667
1 0.395723 0.395723 0.395723 0 3.8
1 0.229097 0.229097 0.229097 0 3.85714
1 0.112489 0.112489 0.112489 0 3.3
1 0.0319914 0.0319914 0.0581178 0.0261264 3.8
1 0.0522538 0.0522538 0.0522538 0 3
1 0.042689 0.042689 0.042689 0 2.8
1 0.00320648 0.00320648 0.00320648 0 3.3
1 0.00165594 0.00165594 0.00165594 0 3.16667
1 1e-08 1e-08 1e-08 0 3.3
1 1e-08 1e-08 1e-08 0 3.3
1 1e-08 1e-08 1e-08 0 3.35714
1 1e-08 1e-08 1e-08 0 3.16667
1 1e-08 1e-08 1e-08 0 3.8

9 5.3221 5.21145 15.3644 10.1003 1.85714
9 8.24134 8.24134 14.6513 6.40993 3.3
9 5.93377 5.86985 14.3412 8.45695 3.8
8 16.1929 15.9821 16.1068 0.0929003 3.38889
8 6.3894 6.23003 15.8416 9.52922 1.8
1 121.754 121.754 121.754 0 1.88889
8 7.6594 7.6594 15.1681 7.50873 1.8
8 5.04266 5.04266 15.1663 10.1236 1.85714
5 13.1747 12.1428 14.8149 2.07259 1.85714
4 27.4138 2.08597 16.862 9.98053 1.85714
2 65.2779 5e-09 32.639 32.639 3.8
2 60.2816 5e-09 30.1408 30.1408 3.16667
2 49.7656 7.18047 28.473 21.2926 3.3
1 48.0213 48.0213 48.0213 0 3.3
1 11.393 11.393 11.393 0 3.66667
1 3.0913 3.0913 3.0913 0 2.66667
1 2.48429 2.48429 2.48429 0 2.66667
1 1.22427 1.22427 1.22427 0 1.85714
1 1.22416 1.22416 1.22416 0 2.66667
1 1.22416 1.22416 1.22416 0 2.66667
1 1.22416 1.22416 1.22416 0 2.66667
1 1.22416 1.22416 1.22416 0 2.66667
1 0.395723 0.395723 0.395723 0 3.8
1 0.229097 0.229097 0.229097 0 3.85714
1 0.208934 0.208934 0.208934 0 3.16667
1 0.112489 0.112489 0.112489 0 3.3
1 0.0639827 0.0639827 0.0639827 0 3.66667
1 0.0522538 0.0522538 0.0522538 0 3
1 0.042689 0.042689 0.042689 0 2.8
1 0.0283748 0.0283748 0.0283748 0 3.16667
1 0.00320648 0.00320648 0.00320648 0 3.3
1 0.00165594 0.00165594 0.00165594 0 3.16667
1 0.000622545 0.000622545 0.00062255 5e-09 3.88889
1 1e-08 1e-08 1e-08 0 3.3
1 1e-08 1e-08 1e-08 0 3.3
1 1e-08 1e-08 1e-08 0 3.35714
1 1e-08 1e-08 1e-08 0 3.16667
1 1e-08 1e-08 1e-08 0 3.8
1 1e-08 1e-08 1e-08 0 3.8

11 9.91758 9.74914 13.0711 3.30695 1.85714
10 7.09614 6.97091 13.0371 5.99617 1.85714
10 6.3894 6.30094 12.8923 6.5712 1.85714
9 8.68701 8.10996 13.5808 5.4098 1.8
9 8.09645 8.00789 13.4021 5.32479 3.38889
8 6.09143 6.09143 13.7547 7.66328 3.3
7 8.76403 7.16202 13.8969 6.19421 1.88889
6 4.83492 4.78712 14.6329 9.81435 3.8
5 21.4706 1.73831 14.4191 7.2672 3.85714
2 65.2779 5e-09 32.639 32.639 3.8
2 60.2816 5e-09 30.1408 30.1408 3.38889
2 49.7656 7.18047 28.473 21.2926 2.8
1 48.0213 48.0213 48.0213 0 3.3
1 11.393 11.393 11.393 0 3.66667
1 3.0913 3.0913 3.0913 0 2.66667
1 2.48429 2.48429 2.48429 0 2.66667
1 1.41496 1.41496 2.42037 1.00541 1.85714
1 1.22427 1.22427 1.22427 0 1.85714
1 1.22416 1.22416 1.22416 0 2.66667
1 1.22416 1.22416 1.22416 0 2.66667
1 1.22416 1.22416 1.22416 0 2.66667
1 1.22416 1.22416 1.22416 0 2.66667
1 0.778259 0.778259 0.778259 0 3.16667
1 0.395723 0.395723 0.395723 0 3.8
1 0.229097 0.229097 0.229097 0 3.85714
1 0.112489 0.112489 0.112489 0 3.3
1 0.0639827 0.0639827 0.0639827 0 3.66667
1 0.0522538 0.0522538 0.0522538 0 3
1 0.042689 0.042689 0.042689 0 2.8
1 0.0283748 0.0283748 0.0283748 0 3.16667
1 0.00478944 0.00478944 0.00478944 0 1.85714
1 0.00320648 0.00320648 0.00320648 0 3.3

1 146.544 146.544 146.544 0 1.88889
6 21.7571 21.542 21.6835 0.0798791 3.85714
9 6.75295 6.67156 13.7155 7.03491 3.8
9 4.16124 4.12524 13.2016 9.06086 1.88889
9 5.31299 5.22276 12.9315 7.68875 1.85714
8 4.96875 4.84031 14.1249 9.26006 1.8
8 7.03234 6.5652 13.101 6.47922 1.8
7 4.31811 4.31811 13.5144 9.19632 3.38889
2 61.1107 5.21492 33.1628 27.9479 3.85714
2 65.2779 5e-09 32.639 32.639 3.8
2 60.2816 5e-09 30.1408 30.1408 3.38889
2 49.7656 7.18047 28.473 21.2926 2.8
1 48.0213 48.0213 48.0213 0 3.3
1 11.393 11.393 11.393 0 3.66667
1 3.0913 3.0913 3.0913 0 2.66667
1 2.48429 2.48429 2.48429 0 2.66667
1 1.22427 1.22427 1.22427 0 1.85714
1 1.22416 1.22416 1.22416 0 2.66667
1 1.22416 1.22416 1.22416 0 2.66667
1 1.22416 1.22416 1.22416 0 2.66667
1 1.22416 1.22416 1.22416 0 2.66667
1 0.778259 0.778259 0.778259 0 3.16667
1 0.395723 0.395723 0.395723 0 3.8
1 0.229097 0.229097 0.229097 0 3.85714
1 0.112489 0.112489 0.112489 0 3.3
1 0.0639827 0.0639827 0.0639827 0 3.66667
1 0.0522538 0.0522538 0.0522538 0 3
1 0.042689 0.042689 0.042689 0 2.8
1 0.0283748 0.0283748 0.0283748 0 3.16667
1 0.00478944 0.00478944 0.00478944 0 1.85714
1 0.00320648 0.00320648 0.00320648 0 3.3
1 1e-08 1e-08 1e-08 0 3.85714

10 10.7003 10.6078 12.7197 2.07727 1.85714
10 8.28125 8.06718 12.5134 4.37351 2.35714
10 3.54199 3.48184 12.1636 8.66973 3.3
9 7.77259 7.25628 12.9191 5.6065 1.8
8 9.96486 9.96486 12.486 2.5211 3.85714
8 6.21689 6.20259 12.2838 6.07325 3.8
7 18.6504 1.25e-09 13.347 8.36024 1.85714
6 24.7939 1.66667e-09 14.3801 11.091 1.88889
6 10.5931 9.80013 14.0896 3.79181 1.90909
2 65.2779 5e-09 32.639 32.639 3.8
2 60.2816 5e-09 30.1408 30.1408 3.16667
2 49.7656 7.18047 28.473 21.2926 2.8
1 48.0213 48.0213 48.0213 0 3.3
1 11.393 11.393 11.393 0 3.66667
1 3.0913 3.0913 3.0913 0 2.66667
1 2.48429 2.48429 2.48429 0 2.66667
1 1.22427 1.22427 1.22427 0 1.85714
1 1.22416 1.22416 1.22416 0 2.66667
1 1.22416 1.22416 1.22416 0 2.66667
1 1.22416 1.22416 1.22416 0 2.66667
1 1.22416 1.22416 1.22416 0 2.66667
1 0.778259 0.778259 0.778259 0 3.16667
1 0.395723 0.395723 0.395723 0 3.8
1 0.229097 0.229097 0.229097 0 3.85714
1 0.112489 0.112489 0.112489 0 3.3
1 0.0939244 0.0939244 0.0939244 0 1.90909
1 0.0639827 0.0639827 0.0639827 0 3.66667
1 0.0522538 0.0522538 0.0522538 0 3
1 0.042689 0.042689 0.042689 0 2.8
1 0.0283748 0.0283748 0.0283748 0 3.16667
1 0.00478944 0.00478944 0.00478944 0 1.85714
1 0.00320648 0.00320648 0.00320648 0 3.3
1 1e-08 1e-08 1e-08 0 3.85714

10 6.42084 5.99432 13.0921 6.9976 1.8
8 18.538 0.016915 15.8296 5.99302 1.88889
10 7.43818 7.31186 12.3587 5.00932 1.85714
9 7.09821 6.91473 12.3593 5.31836 1.85714
8 7.08399 6.96367 13.1774 6.14337 1.88889
8 3.84115 3.821 13.1702 9.34431 1.85714
8 6.87136 6.87055 12.209 5.33824 3.85714
7 6.16872 6.16872 12.7997 6.63098 3.85714
2 72.7576 0.0469622 36.4023 36.3553 1.90909
2 65.2779 5e-09 32.639 32.639 3.8
2 60.2816 5e-09 30.1408 30.1408 3.38889
2 44.304 11.4529 27.8784 16.4256 3.3
1 48.0213 48.0213 48.0213 0 3.3
1 11.393 11.393 11.393 0 3.66667
1 3.0913 3.0913 3.0913 0 2.66667
1 2.48429 2.48429 2.48429 0 2.66667
1 1.22428 1.22428 1.22428 0 1.85714
1 1.22416 1.22416 1.22416 0 2.66667
1 1.22416 1.22416 1.22416 0 2.66667
1 1.22416 1.22416 1.22416 0 2.66667
1 1.22416 1.22416 1.22416 0 2.66667
1 0.7788 0.7788 0.7788 0 3.16667
1 0.633069 0.633069 0.633069 0 1.8
1 0.395723 0.395723 0.395723 0 3.8
1 0.229097 0.229097 0.229097 0 3.85714
1 0.112489 0.112489 0.112489 0 3.3
1 0.0639827 0.0639827 0.0639827 0 3.66667
1 0.0522538 0.0522538 0.0522538 0 3
1 0.042689 0.042689 0.042689 0 2.8
1 0.0283748 0.0283748 0.0283748 0 3.16667
1 0.00478944 0.00478944 0.00478944 0 1.85714
1 0.00320648 0.00320648 0.00320648 0 3.3
1 1e-08 1e-08 1e-08 0 3.85714

11 6.48098 6.3894 11.2739 4.80497 1.85714
10 7.49023 7.45095 11.6559 4.19163 1.85714
10 3.23399 3.20585 11.4492 8.2223 1.88889
10 6.24705 6.106 11.3794 5.22388 1.88889
9 6.87136 6.87068 12.2255 5.35442 3.85714
9 5.67997 5.30729 12.1762 6.73319 1.8
8 12.9543 0.0633791 11.3433 4.26328 3.35714
2 72.9476 0.316534 36.6321 36.3155 1.8
2 65.2779 5e-09 32.639 32.639 3.8
2 60.2816 5e-09 30.1408 30.1408 3.38889
2 44.304 11.4529 27.8784 16.4256 3.3
1 48.0213 48.0213 48.0213 0 3.3
1 11.393 11.393 11.393 0 3.66667
1 3.0913 3.0913 3.0913 0 2.66667
1 2.48429 2.48429 2.48429 0 2.66667
1 1.22428 1.22428 1.22428 0 1.85714
1 1.22416 1.22416 1.22416 0 2.66667
1 1.22416 1.22416 1.22416 0 2.66667
1 1.22416 1.22416 1.22416 0 2.66667
1 1.22416 1.22416 1.22416 0 2.66667
1 0.7788 0.7788 0.7788 0 3.16667
1 0.395723 0.395723 0.395723 0 3.8
1 0.229097 0.229097 0.229097 0 3.85714
1 0.112489 0.112489 0.112489 0 3.3
1 0.0639827 0.0639827 0.0639827 0 3.66667
1 0.0522538 0.0522538 0.0522538 0 3
1 0.042689 0.042689 0.042689 0 2.8
1 0.0283748 0.0283748 0.0283748 0 3.16667
1 0.00478944 0.00478944 0.00478944 0 1.85714
1 0.00320648 0.00320648 0.00320648 0 3.3
1 1e-08 1e-08 1e-08 0 3.85714
1 1e-08 1e-08 1e-08 0 3.85714

1 147.209 147.209 147.209 0 1.85714
1 146.981 146.981 146.981 0 1.92308
8 6.21094 6.21094 16.0773 9.86639 2.35714
8 6.24657 6.12742 15.0946 8.90586 1.88889
7 5.43983 5.43978 15.7627 10.3229 3.85714
6 6.71269 6.27225 16.6246 10.0361 1.85714
6 8.32248 8.28908 16.5874 8.28719 1.85714
6 4.82692 4.79883 16.3609 11.5573 1.85714
5 7.19684 7.19684 15.8326 8.6358 3.85714
1 71.4359 71.4359 71.4359 0 3.3
2 65.2812 0.0571322 32.6692 32.612 3.88889
2 65.2779 5e-09 32.639 32.639 3.8
2 60.2816 5e-09 30.1408 30.1408 3.16667
2 44.304 11.4529 27.8784 16.4256 2.8
3 48.6317 0.091673 16.3115 22.8539 1.8
1 48.0213 48.0213 48.0213 0 3.3
1 11.393 11.393 11.393 0 3.66667
1 3.0913 3.0913 3.0913 0 2.66667
1 2.48429 2.48429 2.48429 0 2.66667
1 1.22428 1.22428 1.22428 0 1.85714
1 1.22416 1.22416 1.22416 0 2.66667
1 1.22416 1.22416 1.22416 0 2.66667
1 1.22416 1.22416 1.22416 0 2.66667
1 1.22416 1.22416 1.22416 0 2.66667
1 0.7788 0.7788 0.7788 0 3.16667
1 0.594141 0.594141 0.594141 0 3.3
1 0.395723 0.395723 0.395723 0 3.8
1 0.229097 0.229097 0.229097 0 3.85714
1 0.112489 0.112489 0.112489 0 3.3
1 0.0639827 0.0639827 0.0639827 0 3.66667
1 0.0522538 0.0522538 0.0522538 0 3
1 0.042689 0.042689 0.042689 0 2.8
1 0.0283748 0.0283748 0.0283748 0 3.16667
1 0.00478944 0.00478944 0.00478944 0 1.85714
1 1e-08 1e-08 1e-08 0 3.85714
1 1e-08 1e-08 1e-08 0 1.88889

9 10.0739 10.0427 14.4875 4.44127 3.35714
9 5.35427 5.29327 14.366 9.0476 1.88889
9 4.98781 4.91594 13.6306 8.67332 1.88889
8 11.7767 11.7767 14.6961 2.91941 3.35714
8 7.88132 7.84539 13.9199 6.07005 1.85714
7 7.77259 7.77259 14.8753 7.10268 1.85714
2 65.2812 35.718 50.4996 14.7816 3.88889
7 8.32248 8.28908 14.2602 5.95678 1.85714
6 18.7411 3.57482 15.4512 5.43871 1.88889
3 43.1811 3.33333e-09 25.3807 18.4255 3.88889
2 65.2779 5e-09 32.639 32.639 3.8
2 60.2816 5e-09 30.1408 30.1408 3.38889
2 49.7656 7.18047 28.473 21.2926 2.8
1 48.0213 48.0213 48.0213 0 3.3
1 11.393 11.393 11.393 0 3.66667
1 9.84851 9.84851 9.90564 0.0571322 3.88889
1 3.0913 3.0913 3.0913 0 2.66667
1 2.48429 2.48429 2.48429 0 2.66667
1 1.22428 1.22428 1.22428 0 1.85714
1 1.22416 1.22416 1.22416 0 2.66667
1 1.22416 1.22416 1.22416 0 2.66667
1 1.22416 1.22416 1.22416 0 2.66667
1 1.22416 1.22416 1.22416 0 2.66667
1 0.7788 0.7788 0.7788 0 3.16667
1 0.395723 0.395723 0.395723 0 3.8
1 0.229097 0.229097 0.229097 0 3.85714
1 0.112489 0.112489 0.112489 0 3.3
1 0.0639827 0.0639827 0.0639827 0 3.66667
1 0.0522538 0.0522538 0.0522538 0 3
1 0.042689 0.042689 0.042689 0 2.8
1 0.0283748 0.0283748 0.0283748 0 3.16667
1 0.00478944 0.00478944 0.00478944 0 1.85714
1 0.00320648 0.00320648 0.00320648 0 3.3
1 0.000153755 0.000153755 0.000153755 0 1.88889
1 1e-08 1e-08 1e-08 0 3.85714
1 1e-08 1e-08 1e-08 0 1.85714

11 8.77357 8.76838 12.3436 3.57479 1.85714
11 4.53438 4.50799 11.9468 7.43357 1.85714
10 9.36279 9.32521 12.8968 3.55662 1.85714
10 4.68529 4.63449 12.8747 8.2185 1.88889
7 4.18708 4.17881 13.3793 9.19934 3.35714
7 4.51587 4.50193 12.9135 8.40758 3.35714
3 39.7904 3.33333e-09 25.1272 17.8501 1.8
5 24.0834 0.322275 13.4535 7.583 3.3
2 65.2779 5e-09 32.639 32.639 3.8
2 60.2816 5e-09 30.1408 30.1408 3.38889
1 59.0771 59.0771 59.0771 0 1.8
2 49.7656 7.18047 28.473 21.2926 3.3
1 48.0213 48.0213 48.0213 0 3.3
1 13.7256 13.7256 13.751 0.0253779 1.90909
1 11.393 11.393 11.393 0 3.66667
1 3.0913 3.0913 3.0913 0 2.66667
1 2.48429 2.48429 2.48429 0 2.66667
1 1.22427 1.22427 1.22427 0 1.85714
1 1.22416 1.22416 1.22416 0 2.66667
1 1.22416 1.22416 1.22416 0 2.66667
1 1.22416 1.22416 1.22416 0 2.66667
1 1.22416 1.22416 1.22416 0 2.66667
1 0.7788 0.7788 0.7788 0 3.16667
1 0.594141 0.594141 0.594141 0 3.3
1 0.395723 0.395723 0.395723 0 3.8
1 0.229097 0.229097 0.229097 0 3.85714
1 0.112489 0.112489 0.112489 0 3.3
1 0.0639827 0.0639827 0.0639827 0 3.66667
1 0.0522538 0.0522538 0.0522538 0 3
1 0.042689 0.042689 0.042689 0 2.8
1 0.0283748 0.0283748 0.0283748 0 3.16667
1 0.00478944 0.00478944 0.00478944 0 1.85714
1 0.000153755 0.000153755 0.000153755 0 1.88889
1 0.0001343 0.0001343 0.0001343 0 3.3
1 1e-08 1e-08 1e-08 0 3.85714

11 6.24705 6.20913 12.2087 5.97039 1.88889
10 5.16229 5.12978 13.1797 8.03491 3.85714
2 65.2779 65.2779 65.2779 0 3.85714
10 5.98981 5.9625 12.945 6.97673 1.85714
10 4.99349 4.97345 12.6274 7.63751 1.85714
7 7.21108 7.19684 13.605 6.40614 3.85714
6 9.35873 9.32542 14.0183 4.67766 3.88889
6 13.0507 11.9145 13.9468 1.82381 1.85714
2 65.2779 5e-09 32.639 32.639 3.8
2 60.2816 5e-09 30.1408 30.1408 3.38889
2 44.304 11.4529 27.8784 16.4256 3.3
1 48.0213 48.0213 48.0213 0 3.3
3 10.0348 5.95299 13.0098 6.01247 3.3
1 11.393 11.393 11.393 0 3.66667
1 5.24321 5.24321 5.24321 5e-09 1.88889
1 3.0913 3.0913 3.0913 0 2.66667
1 2.48429 2.48429 2.48429 0 2.66667
1 1.22428 1.22428 1.22428 0 1.85714
1 1.22416 1.22416 1.22416 0 2.66667
1 1.22416 1.22416 1.22416 0 2.66667
1 1.22416 1.22416 1.22416 0 2.66667
1 1.22416 1.22416 1.22416 0 2.66667
1 0.395723 0.395723 0.395723 0 3.8
1 0.229097 0.229097 0.229097 0 3.85714
1 0.208934 0.208934 0.208934 0 3.16667
1 0.112489 0.112489 0.112489 0 3.3
1 0.0639827 0.0639827 0.0639827 0 3.66667
1 0.0593486 0.0593486 0.0593486 0 1.85714
1 0.0522538 0.0522538 0.0522538 0 3
1 0.042689 0.042689 0.042689 0 2.8
1 0.0283748 0.0283748 0.0283748 0 3.16667
1 0.00478944 0.00478944 0.00478944 0 1.85714
1 0.00320648 0.00320648 0.00320648 0 3.3
1 7.04748e-05 7.04748e-05 7.04748e-05 0 1.85714
1 1e-08 1e-08 1e-08 0 3.85714

10 14.9805 14.9203 14.9697 0.0217028 1.85714
10 14.9745 14.9062 14.9267 0.0312857 1.85714
1 141.723 141.723 141.723 0 1.38889
7 18.7175 18.6508 18.6769 0.0301714 3.35714
7 18.5428 18.5062 18.5114 0.0128083 3.85714
8 2.72598 2.72538 15.2291 12.5033 1.88889
6 21.7512 19.8575 20.2788 0.665468 1.8
7 2.77234 2.76689 14.8311 12.061 1.85714
4 32.6406 17.859 24.6157 6.81597 3.88889
2 65.2779 5e-09 32.639 32.639 3.8
2 60.2816 5e-09 30.1408 30.1408 3.16667
2 44.304 11.4529 27.8784 16.4256 2.8
1 48.0213 48.0213 48.0213 0 3.3
2 14.9896 14.6226 21.603 6.7994 1.92308
1 11.393 11.393 11.393 0 3.66667
1 3.0913 3.0913 3.0913 0 2.66667
1 2.48429 2.48429 2.48429 0 2.66667
1 1.22427 1.22427 1.22427 0 1.85714
1 1.22416 1.22416 1.22416 0 2.66667
1 1.22416 1.22416 1.22416 0 2.66667
1 1.22416 1.22416 1.22416 0 2.66667
1 1.22416 1.22416 1.22416 0 2.66667
1 0.778259 0.778259 0.778259 0 3.16667
1 0.594141 0.594141 0.594141 0 3.3
1 0.395723 0.395723 0.395723 0 3.8
1 0.229097 0.229097 0.229097 0 3.85714
1 0.112489 0.112489 0.112489 0 3.3
1 0.0639827 0.0639827 0.0639827 0 3.66667
1 0.0593486 0.0593486 0.0593486 0 1.85714
1 0.0522538 0.0522538 0.0522538 0 3
1 0.042689 0.042689 0.042689 0 2.8
1 0.0283748 0.0283748 0.0283748 0 3.16667
1 0.00478944 0.00478944 0.00478944 0 1.85714
1 0.00373764 0.00373764 0.00373764 0 1.93333
1 7.04748e-05 7.04748e-05 7.04748e-05 0 1.85714
1 1e-08 1e-08 1e-08 0 3.85714
1 1e-08 1e-08 1e-08 0 1.35714

10 14.9929 14.6226 14.9544 0.110634 1.92308
8 18.7133 17.7153 18.575 0.325189 1.85714
8 16.3778 16.3195 16.3395 0.0257401 3.85714
7 18.5428 18.5062 18.5114 0.0128083 3.85714
6 21.7512 19.8575 20.2788 0.665468 1.8
2 66.3901 44.304 55.347 11.0431 2.8
8 2.88086 2.88086 13.7189 10.838 1.85714
7 2.20213 2.20213 14.4644 12.2623 1.85714
3 40.1391 23.812 29.2543 7.69666 3.3
2 65.2779 5e-09 32.639 32.639 3.8
2 60.2816 5e-09 30.1408 30.1408 3.16667
1 48.0213 48.0213 48.0213 0 3.3
1 11.393 11.393 11.393 0 3.66667
1 3.0913 3.0913 3.0913 0 2.66667
1 2.48429 2.48429 2.48429 0 2.66667
1 1.22427 1.22427 1.22427 0 1.85714
1 1.22416 1.22416 1.22416 0 2.66667
1 1.22416 1.22416 1.22416 0 2.66667
1 1.22416 1.22416 1.22416 0 2.66667
1 1.22416 1.22416 1.22416 0 2.66667
1 0.7788 0.7788 0.7788 0 3.16667
1 0.395723 0.395723 0.395723 0 3.8
1 0.229097 0.229097 0.229097 0 3.85714
1 0.112489 0.112489 0.112489 0 3.3
1 0.0639827 0.0639827 0.0639827 0 3.66667
1 0.0593486 0.0593486 0.0593486 0 1.85714
1 0.0522538 0.0522538 0.0522538 0 3
1 0.042689 0.042689 0.042689 0 2.8
1 0.0283748 0.0283748 0.0283748 0 3.16667
1 0.00478944 0.00478944 0.00478944 0 1.85714
1 0.00373764 0.00373764 0.00373764 0 1.93333
1 0.00320648 0.00320648 0.00320648 0 3.3
1 7.04748e-05 7.04748e-05 7.04748e-05 0 1.85714
1 1e-08 1e-08 1e-08 0 1.35714
1 1e-08 1e-08 1e-08 0 3.85714

8 18.7256 18.7256 18.7256 0 1.85714
7 21.3922 21.3922 21.3922 0 1.85714
7 18.7175 18.6508 18.6769 0.0301714 3.35714
7 18.5428 18.5062 18.5114 0.0128083 3.85714
6 21.7512 19.8575 20.2788 0.665468 1.85714
7 3.12352 3.12283 14.7416 11.6183 1.92308
4 32.6406 17.859 24.6157 6.81597 3.3
6 2.88114 2.87758 15.3036 12.4247 1.88889
6 8.81936 8.81935 13.9835 5.16411 1.88889
1 81.3892 81.3892 81.3892 0 1.88889
2 65.2779 5e-09 32.639 32.639 3.8
2 60.2816 5e-09 30.1408 30.1408 3.38889
2 44.304 7.18047 25.7422 18.5617 3.3
1 48.0213 48.0213 48.0213 0 3.3
1 11.393 11.393 11.393 0 3.66667
1 3.0913 3.0913 3.0913 0 2.66667
1 2.48429 2.48429 2.48429 0 2.66667
1 1.22428 1.22428 1.22428 0 1.85714
1 1.22416 1.22416 1.22416 0 2.66667
1 1.22416 1.22416 1.22416 0 2.66667
1 1.22416 1.22416 1.22416 0 2.66667
1 1.22416 1.22416 1.22416 0 2.66667
1 0.7788 0.7788 0.7788 0 3.16667
1 0.594141 0.594141 0.594141 0 3.3
1 0.395723 0.395723 0.395723 0 3.8
1 0.229097 0.229097 0.229097 0 3.85714
1 0.112489 0.112489 0.112489 0 3.3
1 0.0639827 0.0639827 0.0639827 0 3.66667
1 0.0593486 0.0593486 0.0593486 0 1.85714
1 0.0522538 0.0522538 0.0522538 0 3
1 0.042689 0.042689 0.042689 0 2.8
1 0.0283748 0.0283748 0.0283748 0 3.16667
1 0.00478944 0.00478944 0.00478944 0 1.85714
1 7.04748e-05 7.04748e-05 7.04748e-05 0 1.85714
1 9.97823e-06 9.97823e-06 9.97823e-06 0 1.35714
1 2.00983e-08 2.00983e-08 2.00983e-08 0 1.38889
1 1e-08 1e-08 1e-08 0 3.85714

11 10.7092 10.7068 13.184 2.4752 1.92308
8 16.3778 16.3195 16.3395 0.0257401 3.35714
7 18.5428 18.5062 18.5114 0.0128083 3.35714
7 21.4028 0.00051874 18.3308 7.48332 1.35714
6 21.7512 19.8575 20.2788 0.665468 1.85714
2 66.3901 44.304 55.347 11.0431 2.8
8 2.77306 2.77306 13.429 10.656 1.85714
7 2.45774 2.45581 13.6917 11.2356 1.85714
3 40.1391 23.812 29.2543 7.69666 3.3
2 65.2779 5e-09 32.639 32.639 3.8
2 60.2816 5e-09 30.1408 30.1408 3.38889
1 48.0213 48.0213 48.0213 0 3.3
1 11.393 11.393 11.393 0 3.66667
1 3.0913 3.0913 3.0913 0 2.66667
1 2.48429 2.48429 2.48429 0 2.66667
1 1.22427 1.22427 1.22427 0 1.85714
1 1.22416 1.22416 1.22416 0 2.66667
1 1.22416 1.22416 1.22416 0 2.66667
1 1.22416 1.22416 1.22416 0 2.66667
1 1.22416 1.22416 1.22416 0 2.66667
1 0.7788 0.7788 0.7788 0 3.16667
1 0.395723 0.395723 0.395723 0 3.8
1 0.229097 0.229097 0.229097 0 3.85714
1 0.112489 0.112489 0.112489 0 3.3
1 0.0639827 0.0639827 0.0639827 0 3.66667
1 0.0593486 0.0593486 0.0593486 0 1.85714
1 0.0522538 0.0522538 0.0522538 0 3
1 0.042689 0.042689 0.042689 0 2.8
1 0.0283748 0.0283748 0.0283748 0 3.16667
1 0.00478944 0.00478944 0.00478944 0 1.85714
1 0.00320648 0.00320648 0.00320648 0 3.3
1 7.04748e-05 7.04748e-05 7.04748e-05 0 1.85714
1 9.97823e-06 9.97823e-06 9.97823e-06 0 1.35714
1 1e-08 1e-08 1e-08 0 3.85714

7 21.4174 21.4007 21.4031 0.00586844 1.85714
8 18.7181 18.7181 18.7181 3.55271e-15 1.85714
6 24.9699 24.9391 24.9502 0.0103147 1.35714
7 18.5428 18.5062 18.5114 0.0128083 3.85714
6 21.7512 19.8575 20.2788 0.665468 1.85714
7 2.14146 2.11226 14.0119 11.8899 3.35714
7 16.6588 0.00820548 13.9133 5.70211 1.92308
6 3.25933 3.25933 15.4911 12.2318 1.90909
3 40.1391 23.812 29.2543 7.69666 3.3
2 65.2779 5e-09 32.639 32.639 3.8
2 60.2816 5e-09 30.1408 30.1408 3.16667
2 44.304 11.4529 27.8784 16.4256 2.8
1 48.0213 48.0213 48.0213 0 3.3
1 11.393 11.393 11.393 0 3.66667
1 3.0913 3.0913 3.0913 0 2.66667
1 2.48429 2.48429 2.48429 0 2.66667
1 1.22427 1.22427 1.22427 0 1.85714
1 1.22416 1.22416 1.22416 0 2.66667
1 1.22416 1.22416 1.22416 0 2.66667
1 1.22416 1.22416 1.22416 0 2.66667
1 1.22416 1.22416 1.22416 0 2.66667
1 0.7788 0.7788 0.7788 0 3.16667
1 0.395723 0.395723 0.395723 0 3.8
1 0.229097 0.229097 0.229097 0 3.85714
1 0.112489 0.112489 0.112489 0 3.3
1 0.0639827 0.0639827 0.0639827 0 3.66667
1 0.0593486 0.0593486 0.0593486 0 1.85714
1 0.0522538 0.0522538 0.0522538 0 3
1 0.042689 0.042689 0.042689 0 2.8
1 0.0283748 0.0283748 0.0283748 0 3.16667
1 0.00478944 0.00478944 0.00478944 0 1.85714
1 0.00320648 0.00320648 0.00320648 0 3.3
1 7.04748e-05 7.04748e-05 7.04748e-05 0 1.85714
1 9.97823e-06 9.97823e-06 9.97823e-06 0 1.35714
1 2.00983e-08 2.00983e-08 2.00983e-08 0 1.38889
1 1e-08 1e-08 1e-08 0 3.85714
1 1e-08 1e-08 1e-08 0 3.85714
1 1e-08 1e-08 1e-08 0 1.88889

6 24.9699 24.9391 24.9502 0.0103147 1.35714
1 146.47 146.47 146.47 0 1.88889
10 12.4941 12.0988 13.5802 1.13306 1.88889
7 18.9672 18.7086 18.7956 0.10931 3.85714
7 18.5428 18.5062 18.5114 0.0128083 3.35714
6 21.7512 19.8575 20.2788 0.665468 1.8
7 2.4987 2.49674 14.6499 12.1529 1.85714
6 2.72352 2.72264 14.8415 12.1187 1.85714
3 40.1391 23.812 29.2543 7.69666 3.3
2 65.2779 5e-09 32.639 32.639 3.8
2 60.2816 5e-09 30.1408 30.1408 3.38889
2 49.7656 7.18047 28.473 21.2926 3.3
1 48.0213 48.0213 48.0213 0 3.3
1 11.393 11.393 11.393 0 3.66667
1 3.0913 3.0913 3.0913 0 2.66667
1 2.48429 2.48429 2.48429 0 2.66667
1 1.22427 1.22427 1.22427 0 1.85714
1 1.22416 1.22416 1.22416 0 2.66667
1 1.22416 1.22416 1.22416 0 2.66667
1 1.22416 1.22416 1.22416 0 2.66667
1 1.22416 1.22416 1.22416 0 2.66667
1 0.778259 0.778259 0.778259 0 3.16667
1 0.395723 0.395723 0.395723 0 3.8
1 0.229097 0.229097 0.229097 0 3.85714
1 0.112489 0.112489 0.112489 0 3.3
1 0.0639827 0.0639827 0.0639827 0 3.66667
1 0.0593486 0.0593486 0.0593486 0 1.85714
1 0.0522538 0.0522538 0.0522538 0 3
1 0.042689 0.042689 0.042689 0 2.8
1 0.0283748 0.0283748 0.0283748 0 3.16667
1 0.00478944 0.00478944 0.00478944 0 1.85714
1 0.00363118 0.00363118 0.00363118 0 1.38889
1 0.00320648 0.00320648 0.00320648 0 3.3
1 7.04748e-05 7.04748e-05 7.04748e-05 0 1.85714
1 9.97823e-06 9.97823e-06 9.97823e-06 0 1.35714
1 1e-08 1e-08 1e-08 0 3.85714
1 1e-08 1e-08 1e-08 0 3.85714
1 1e-08 1e-08 1e-08 0 1.88889

7 21.4174 21.4007 21.4031 0.00586844 1.85714
6 24.9656 19.2479 23.0227 2.66946 1.85714
7 18.9672 18.7086 18.7956 0.10931 3.35714
7 18.5428 18.5062 18.5114 0.0128083 3.85714
9 2.34093 2.33916 13.3772 11.0369 1.88889
8 2.82885 2.82822 13.4799 10.6512 3.88889
7 18.6439 0.00847837 14.8999 6.10229 1.85714
3 40.1391 23.812 29.2543 7.69666 3.3
2 65.2779 5e-09 32.639 32.639 3.8
2 60.2816 5e-09 30.1408 30.1408 3.16667
2 44.304 11.4529 27.8784 16.4256 3.3
1 48.0213 48.0213 48.0213 0 3.3
1 11.393 11.393 11.393 0 3.66667
1 3.0913 3.0913 3.0913 0 2.66667
1 2.48429 2.48429 2.48429 0 2.66667
1 1.22427 1.22427 1.22427 0 1.85714
1 1.22416 1.22416 1.22416 0 2.66667
1 1.22416 1.22416 1.22416 0 2.66667
1 1.22416 1.22416 1.22416 0 2.66667
1 1.22416 1.22416 1.22416 0 2.66667
1 0.594141 0.594141 0.594141 0 3.3
1 0.395723 0.395723 0.395723 0 3.8
1 0.229097 0.229097 0.229097 0 3.85714
1 0.208934 0.208934 0.208934 0 3.16667
1 0.112489 0.112489 0.112489 0 3.3
1 0.0639827 0.0639827 0.0639827 0 3.66667
1 0.0522538 0.0522538 0.0522538 0 3
1 0.042689 0.042689 0.042689 0 2.8
1 0.0283748 0.0283748 0.0283748 0 3.16667
1 0.00478944 0.00478944 0.00478944 0 1.85714
1 0.00363118 0.00363118 0.00363118 0 1.38889
1 7.04748e-05 7.04748e-05 7.04748e-05 0 1.85714
1 9.97823e-06 9.97823e-06 9.97823e-06 0 1.35714
1 1e-08 1e-08 1e-08 0 3.85714
1 1e-08 1e-08 1e-08 0 3.85714
1 1e-08 1e-08 1e-08 0 1.88889

8 18.7411 18.737 18.7403 0.00138163 1.88889
10 14.9819 0.000363118 13.4801 4.49326 1.35714
7 18.9672 18.7086 18.7956 0.10931 3.35714
7 18.5428 18.5062 18.5114 0.0128083 3.35714
6 21.7512 19.8575 20.2788 0.665468 1.85714
8 2.41631 2.41524 13.2965 10.8807 3.85714
8 2.99844 2.99609 13.1137 10.117 1.85714
3 40.1391 23.812 29.2543 7.69666 3.3
2 65.2779 5e-09 32.639 32.639 3.8
2 60.2816 5e-09 30.1408 30.1408 3.16667
2 49.7656 7.18047 28.473 21.2926 3.3
1 48.0213 48.0213 48.0213 0 3.3
1 11.393 11.393 11.393 0 3.66667
1 3.0913 3.0913 3.0913 0 2.66667
1 2.48429 2.48429 2.48429 0 2.66667
1 1.22428 1.22428 1.22428 0 1.85714
1 1.22416 1.22416 1.22416 0 2.66667
1 1.22416 1.22416 1.22416 0 2.66667
1 1.22416 1.22416 1.22416 0 2.66667
1 1.22416 1.22416 1.22416 0 2.66667
1 0.7788 0.7788 0.7788 0 3.16667
1 0.594141 0.594141 0.594141 0 3.3
1 0.395723 0.395723 0.395723 0 3.8
1 0.229097 0.229097 0.229097 0 3.85714
1 0.112489 0.112489 0.112489 0 3.3
1 0.0639827 0.0639827 0.0639827 0 3.66667
1 0.0593486 0.0593486 0.0593486 0 1.85714
1 0.0522538 0.0522538 0.0522538 0 3
1 0.042689 0.042689 0.042689 0 2.8
1 0.0283748 0.0283748 0.0283748 0 3.16667
1 0.00478944 0.00478944 0.00478944 0 1.85714
1 7.04748e-05 7.04748e-05 7.04748e-05 0 1.85714
1 9.97823e-06 9.97823e-06 9.97823e-06 0 1.35714
1 1e-08 1e-08 1e-08 0 3.85714
1 1e-08 1e-08 1e-08 0 3.85714
1 1e-08 1e-08 1e-08 0 1.88889
1 1e-08 1e-08 1e-08 0 1.85714

8 18.7403 18.7256 18.7293 0.00635409 1.85714
8 18.7264 14.4381 17.651 1.85499 1.85714
7 18.9672 18.7086 18.7956 0.10931 3.35714
7 18.5428 18.5062 18.5114 0.0128083 3.35714
7 18.6439 0.00847837 14.8999 6.10229 1.85714
7 2.20484 2.20484 13.432 11.2272 1.92308
7 3.40748 3.40499 12.9471 9.54109 3.85714
3 40.1391 23.812 29.2543 7.69666 3.3
2 65.2779 5e-09 32.639 32.639 3.8
2 60.2816 5e-09 30.1408 30.1408 3.38889
2 44.304 11.4529 27.8784 16.4256 2.8
3 48.3798 3.33333e-09 16.1266 22.8065 1.93333
1 48.0213 48.0213 48.0213 0 3.3
1 11.393 11.393 11.393 0 3.66667
1 3.0913 3.0913 3.0913 0 2.66667
1 2.48429 2.48429 2.48429 0 2.66667
1 1.22427 1.22427 1.22427 0 1.85714
1 1.22416 1.22416 1.22416 0 2.66667
1 1.22416 1.22416 1.22416 0 2.66667
1 1.22416 1.22416 1.22416 0 2.66667
1 1.22416 1.22416 1.22416 0 2.66667
1 0.395723 0.395723 0.395723 0 3.8
1 0.229097 0.229097 0.229097 0 3.85714
1 0.208934 0.208934 0.208934 0 3.16667
1 0.112489 0.112489 0.112489 0 3.3
1 0.0639827 0.0639827 0.0639827 0 3.66667
1 0.0522538 0.0522538 0.0522538 0 3
1 0.042689 0.042689 0.042689 0 2.8
1 0.0283748 0.0283748 0.0283748 0 3.16667
1 0.00478944 0.00478944 0.00478944 0 1.85714
1 0.00320648 0.00320648 0.00320648 0 3.3
1 0.000518812 0.000518812 0.000661697 0.000142885 1.38889
1 7.04748e-05 7.04748e-05 7.04748e-05 0 1.85714
1 9.97823e-06 9.97823e-06 9.97823e-06 0 1.35714
1 1e-08 1e-08 1e-08 0 3.85714
1 1e-08 1e-08 1e-08 0 3.85714
1 1e-08 1e-08 1e-08 0 1.88889
1 1e-08 1e-08 1e-08 0 1.85714
1 1e-08 1e-08 1e-08 0 3.40909

7 21.4184 21.4028 21.4095 0.00774474 1.85714
7 18.9672 18.7086 18.7956 0.10931 3.35714
7 18.5428 18.5062 18.5114 0.0128083 3.35714
10 14.9929 1e-09 11.9462 5.97478 1.93333
7 18.6439 0.00847837 14.8999 6.10229 1.85714
8 2.53918 2.53805 12.7427 10.2041 1.85714
8 2.63021 2.63021 12.4329 9.80271 1.85714
3 40.1391 23.812 29.2543 7.69666 3.3
2 65.2779 5e-09 32.639 32.639 3.8
2 60.2816 5e-09 30.1408 30.1408 3.38889
2 44.304 11.4529 27.8784 16.4256 2.8
1 48.0213 48.0213 48.0213 0 3.3
1 11.393 11.393 11.393 0 3.66667
1 3.0913 3.0913 3.0913 0 2.66667
1 2.48429 2.48429 2.48429 0 2.66667
1 1.22427 1.22427 1.22427 0 1.85714
1 1.22416 1.22416 1.22416 0 2.66667
1 1.22416 1.22416 1.22416 0 2.66667
1 1.22416 1.22416 1.22416 0 2.66667
1 1.22416 1.22416 1.22416 0 2.66667
1 0.7788 0.7788 0.7788 0 3.16667
1 0.395723 0.395723 0.395723 0 3.8
1 0.229097 0.229097 0.229097 0 3.85714
1 0.112489 0.112489 0.112489 0 3.3
1 0.0639827 0.0639827 0.0639827 0 3.66667
1 0.0522538 0.0522538 0.0522538 0 3
1 0.042689 0.042689 0.042689 0 2.8
1 0.0283748 0.0283748 0.0283748 0 3.16667
1 0.00478944 0.00478944 0.00478944 0 1.85714
1 0.00320648 0.00320648 0.00320648 0 3.3
1 0.000518812 0.000518812 0.000518817 5e-09 3.40909
1 7.04748e-05 7.04748e-05 7.04748e-05 0 1.85714
1 9.97823e-06 9.97823e-06 9.97823e-06 0 1.35714
1 1e-08 1e-08 1e-08 0 3.85714
1 1e-08 1e-08 1e-08 0 3.85714
1 1e-08 1e-08 1e-08 0 1.88889
1 1e-08 1e-08 1e-08 0 1.85714

7 21.4184 21.4168 21.4182 0.000573689 1.88889
8 18.7403 18.7403 18.7403 0 1.85714
8 18.7242 18.4228 18.6843 0.0988655 1.85714
7 18.5428 18.5062 18.5114 0.0128083 3.88889
4 30.1539 29.7863 29.9283 0.139989 1.85714
2 66.3901 44.304 55.347 11.0431 2.8
7 2.54117 2.54117 15.4205 12.8793 1.85714
6 2.41531 2.41401 14.7504 12.3361 3.35714
3 40.1391 23.812 29.2543 7.69666 3.3
3 43.5024 0.0197829 27.9158 19.7708 1.8
2 65.2779 5e-09 32.639 32.639 3.8
2 60.2816 5e-09 30.1408 30.1408 3.38889
3 48.3798 3.33333e-09 16.1266 22.8065 3.92308
1 48.0213 48.0213 48.0213 0 3.3
1 11.393 11.393 11.393 0 3.66667
1 3.0913 3.0913 3.0913 0 2.66667
1 2.48429 2.48429 2.48429 0 2.66667
1 1.22427 1.22427 1.22427 0 1.85714
1 1.22416 1.22416 1.22416 0 2.66667
1 1.22416 1.22416 1.22416 0 2.66667
1 1.22416 1.22416 1.22416 0 2.66667
1 1.22416 1.22416 1.22416 0 2.66667
1 0.7788 0.7788 0.7788 0 3.16667
1 0.395723 0.395723 0.395723 0 3.8
1 0.229097 0.229097 0.229097 0 3.85714
1 0.112489 0.112489 0.112489 0 3.3
1 0.0639827 0.0639827 0.0639827 0 3.66667
1 0.0522538 0.0522538 0.0522538 0 3
1 0.042689 0.042689 0.042689 0 2.8
1 0.0283748 0.0283748 0.0283748 0 3.16667
1 0.00478944 0.00478944 0.00478944 0 1.85714
1 0.00320648 0.00320648 0.00320648 0 3.3
1 0.00103762 0.00103762 0.00103762 0 1.38889
1 7.04748e-05 7.04748e-05 7.04748e-05 0 1.85714
1 9.97823e-06 9.97823e-06 9.97823e-06 0 1.35714
1 1e-08 1e-08 1e-08 0 3.85714
1 1e-08 1e-08 1e-08 0 3.85714
1 1e-08 1e-08 1e-08 0 1.88889
1 1e-08 1e-08 1e-08 0 1.85714

7 21.4184 21.4184 21.4184 0 1.85714
8 18.7242 18.4228 18.6843 0.0988655 1.85714
6 22.1404 22.1284 22.1304 0.00446179 3.40909
7 18.5428 18.5062 18.5114 0.0128083 3.85714
6 21.7512 19.8575 20.2788 0.665468 1.8
8 2.54117 2.54117 13.0161 10.4749 1.90909
3 40.1391 23.812 29.2543 7.69666 3.3
6 2.72608 2.72586 14.4022 11.6763 1.85714
2 65.2779 5e-09 32.639 32.639 3.8
2 60.2816 5e-09 30.1408 30.1408 3.38889
2 44.304 11.4529 27.8784 16.4256 2.8
3 48.3798 3.33333e-09 16.1266 22.8065 3.92308
1 48.0213 48.0213 48.0213 0 3.3
1 11.393 11.393 11.393 0 3.66667
1 3.0913 3.0913 3.0913 0 2.66667
1 2.48429 2.48429 2.48429 0 2.66667
1 1.22427 1.22427 1.22427 0 1.85714
1 1.22416 1.22416 1.22416 0 2.66667
1 1.22416 1.22416 1.22416 0 2.66667
1 1.22416 1.22416 1.22416 0 2.66667
1 1.22416 1.22416 1.22416 0 2.66667
1 0.7788 0.7788 0.7788 0 3.16667
1 0.395723 0.395723 0.395723 0 3.8
1 0.229097 0.229097 0.229097 0 3.85714
1 0.112489 0.112489 0.112489 0 3.3
1 0.0639827 0.0639827 0.0639827 0 3.66667
1 0.0593486 0.0593486 0.0593486 0 1.85714
1 0.0522538 0.0522538 0.0522538 0 3
1 0.042689 0.042689 0.042689 0 2.8
1 0.0283748 0.0283748 0.0283748 0 3.16667
1 0.00478944 0.00478944 0.00478944 0 1.85714
1 0.00320648 0.00320648 0.00320648 0 3.3
1 0.00103762 0.00103762 0.00103762 0 1.38889
1 7.04748e-05 7.04748e-05 7.04748e-05 0 1.85714
1 9.97823e-06 9.97823e-06 9.97823e-06 0 1.35714
1 1e-08 1e-08 1e-08 0 3.85714
1 1e-08 1e-08 1e-08 0 3.85714
1 1e-08 1e-08 1e-08 0 1.88889
1 1e-08 1e-08 1e-08 0 1.85714
1 1e-08 1e-08 1e-08 0 3.88889

8 18.7411 18.7397 18.741 0.000474676 1.88889
6 24.9891 24.987 24.9874 0.000775045 1.85714
6 22.1404 22.1284 22.1304 0.00446179 3.85714
7 18.5428 18.5062 18.5114 0.0128083 3.85714
6 21.7512 19.8575 20.2788 0.665468 1.8
2 66.3901 44.304 55.347 11.0431 2.8
7 2.77647 2.77396 14.3686 11.5942 1.88889
7 2.45785 2.45785 13.6718 11.214 1.85714
3 40.1391 23.812 29.2543 7.69666 3.3
2 65.2779 5e-09 32.639 32.639 3.8
2 60.2816 5e-09 30.1408 30.1408 3.38889
1 48.0213 48.0213 48.0213 0 3.3
3 46.9155 3.33333e-09 15.6385 22.1162 1.92308
1 11.393 11.393 11.393 0 3.66667
1 3.0913 3.0913 3.0913 0 2.66667
1 2.48429 2.48429 2.48429 0 2.66667
1 1.22428 1.22428 1.22428 0 1.85714
1 1.22416 1.22416 1.22416 0 2.66667
1 1.22416 1.22416 1.22416 0 2.66667
1 1.22416 1.22416 1.22416 0 2.66667
1 1.22416 1.22416 1.22416 0 2.66667
1 0.594141 0.594141 0.594141 0 3.3
1 0.395723 0.395723 0.395723 0 3.8
1 0.229097 0.229097 0.229097 0 3.85714
1 0.208934 0.208934 0.208934 0 3.16667
1 0.112489 0.112489 0.112489 0 3.3
1 0.0639827 0.0639827 0.0639827 0 3.66667
1 0.0593486 0.0593486 0.0593486 0 1.85714
1 0.0522538 0.0522538 0.0522538 0 3
1 0.042689 0.042689 0.042689 0 2.8
1 0.0283748 0.0283748 0.0283748 0 3.16667
1 0.00478944 0.00478944 0.00478944 0 1.85714
1 0.00103762 0.00103762 0.00103762 0 1.38889
1 7.04748e-05 7.04748e-05 7.04748e-05 0 1.85714
1 9.97823e-06 9.97823e-06 9.97823e-06 0 1.35714
1 1e-08 1e-08 1e-08 0 3.85714
1 1e-08 1e-08 1e-08 0 3.85714
1 1e-08 1e-08 1e-08 0 1.88889
1 1e-08 1e-08 1e-08 0 1.85714
1 1e-08 1e-08 1e-08 0 3.88889

7 21.4184 21.4184 21.4184 0 1.85714
7 21.4016 16.5007 19.9974 2.2115 1.85714
7 18.5428 18.5062 18.5114 0.0128083 3.35714
6 21.7512 19.8575 20.2788 0.665468 1.8
7 18.9775 1.42857e-09 16.2591 6.63774 3.40909
8 2.37983 2.37983 13.1135 10.7337 1.88889
8 2.9403 2.93965 12.9234 9.98354 1.85714
3 40.1391 23.812 29.2543 7.69666 3.3
2 65.2779 5e-09 32.639 32.639 3.8
2 60.2816 5e-09 30.1408 30.1408 3.38889
2 44.304 11.4529 27.8784 16.4256 3.3
3 48.3798 3.33333e-09 16.1266 22.8065 1.92308
1 48.0213 48.0213 48.0213 0 3.3
1 11.393 11.393 11.393 0 3.66667
1 3.0913 3.0913 3.0913 0 2.66667
1 2.48429 2.48429 2.48429 0 2.66667
1 1.22427 1.22427 1.22427 0 1.85714
1 1.22416 1.22416 1.22416 0 2.66667
1 1.22416 1.22416 1.22416 0 2.66667
1 1.22416 1.22416 1.22416 0 2.66667
1 1.22416 1.22416 1.22416 0 2.66667
1 0.7788 0.7788 0.7788 0 3.16667
1 0.594141 0.594141 0.594141 0 3.3
1 0.395723 0.395723 0.395723 0 3.8
1 0.229097 0.229097 0.229097 0 3.85714
1 0.112489 0.112489 0.112489 0 3.3
1 0.0639827 0.0639827 0.0639827 0 3.66667
1 0.0593486 0.0593486 0.0593486 0 1.85714
1 0.0522538 0.0522538 0.0522538 0 3
1 0.042689 0.042689 0.042689 0 2.8
1 0.0283748 0.0283748 0.0283748 0 3.16667
1 0.00478944 0.00478944 0.00478944 0 1.85714
1 0.00103762 0.00103762 0.00103762 0 1.38889
1 7.04748e-05 7.04748e-05 7.04748e-05 0 1.85714
1 9.97823e-06 9.97823e-06 9.97823e-06 0 1.35714
1 1e-08 1e-08 1e-08 0 3.85714
1 1e-08 1e-08 1e-08 0 3.85714
1 1e-08 1e-08 1e-08 0 1.85714
1 1e-08 1e-08 1e-08 0 3.88889

8 18.7444 18.7403 18.7414 0.00138756 1.85714
8 18.7411 18.7397 18.7408 0.000623325 1.88889
6 22.1404 22.1284 22.1304 0.00446179 3.35714
7 18.5428 18.5062 18.5114 0.0128083 3.88889
6 21.7512 19.8575 20.2788 0.665468 1.85714
2 66.3901 44.304 55.347 11.0431 2.8
7 2.49686 2.49656 14.56 12.0634 1.85714
7 2.77646 2.77646 14.5559 11.7795 1.85714
3 40.1391 23.812 29.2543 7.69666 3.3
2 65.2779 5e-09 32.639 32.639 3.8
2 60.2816 5e-09 30.1408 30.1408 3.38889
1 48.0213 48.0213 48.0213 0 3.3
3 46.9162 3.33333e-09 15.6387 22.1165 1.93333
1 11.393 11.393 11.393 0 3.66667
1 3.0913 3.0913 3.0913 0 2.66667
1 2.48429 2.48429 2.48429 0 2.66667
1 1.22428 1.22428 1.22428 0 1.85714
1 1.22416 1.22416 1.22416 0 2.66667
1 1.22416 1.22416 1.22416 0 2.66667
1 1.22416 1.22416 1.22416 0 2.66667
1 1.22416 1.22416 1.22416 0 2.66667
1 0.395723 0.395723 0.395723 0 3.8
1 0.229097 0.229097 0.229097 0 3.85714
1 0.208934 0.208934 0.208934 0 3.16667
1 0.112489 0.112489 0.112489 0 3.3
1 0.0639827 0.0639827 0.0639827 0 3.66667
1 0.0593486 0.0593486 0.0593486 0 1.85714
1 0.0522538 0.0522538 0.0522538 0 3
1 0.042689 0.042689 0.042689 0 2.8
1 0.0283748 0.0283748 0.0283748 0 3.16667
1 0.00478944 0.00478944 0.00478944 0 1.85714
1 0.00320648 0.00320648 0.00320648 0 3.3
1 0.00103762 0.00103762 0.00103762 0 1.38889
1 7.04748e-05 7.04748e-05 7.04748e-05 0 1.85714
1 9.97823e-06 9.97823e-06 9.97823e-06 0 1.35714
1 1e-08 1e-08 1e-08 0 3.85714
1 1e-08 1e-08 1e-08 0 3.85714
1 1e-08 1e-08 1e-08 0 1.85714
1 1e-08 1e-08 1e-08 0 3.88889
1 1e-08 1e-08 1e-08 0 1.88889

7 21.4184 21.4184 21.4184 0 1.85714
7 21.3991 21.0546 21.3389 0.11905 1.85714
7 18.5428 18.5062 18.5114 0.0128083 3.88889
9 14.7602 7.93732 13.0862 2.78467 3.40909
9 2.54161 2.54131 12.6691 10.1277 1.85714
7 18.6439 0.00847837 14.8999 6.10229 1.8
8 2.63034 2.63034 12.0668 9.43651 1.88889
2 65.2779 5e-09 32.639 32.639 3.8
2 60.2816 5e-09 30.1408 30.1408 3.16667
2 49.7656 7.18047 28.473 21.2926 3.3
1 48.0213 48.0213 48.0213 0 3.3
3 46.9162 3.33333e-09 15.6387 22.1165 1.92308
1 11.393 11.393 11.393 0 3.66667
1 3.0913 3.0913 3.0913 0 2.66667
1 2.48429 2.48429 2.48429 0 2.66667
1 1.22428 1.22428 1.22428 0 1.85714
1 1.22416 1.22416 1.22416 0 2.66667
1 1.22416 1.22416 1.22416 0 2.66667
1 1.22416 1.22416 1.22416 0 2.66667
1 1.22416 1.22416 1.22416 0 2.66667
1 0.7788 0.7788 0.7788 0 3.16667
1 0.395723 0.395723 0.395723 0 3.8
1 0.229097 0.229097 0.229097 0 3.85714
1 0.112489 0.112489 0.112489 0 3.3
1 0.0639827 0.0639827 0.0639827 0 3.66667
1 0.0522538 0.0522538 0.0522538 0 3
1 0.042689 0.042689 0.042689 0 2.8
1 0.0283748 0.0283748 0.0283748 0 3.16667
1 0.00478944 0.00478944 0.00478944 0 1.85714
1 0.00320648 0.00320648 0.00320648 0 3.3
1 0.00103762 0.00103762 0.00103762 0 1.38889
1 7.04748e-05 7.04748e-05 7.04748e-05 0 1.85714
1 9.97823e-06 9.97823e-06 9.97823e-06 0 1.35714
1 1e-08 1e-08 1e-08 0 3.85714
1 1e-08 1e-08 1e-08 0 3.85714
1 1e-08 1e-08 1e-08 0 1.85714
1 1e-08 1e-08 1e-08 0 3.88889
1 1e-08 1e-08 1e-08 0 1.88889

9 16.6617 16.6597 16.6606 0.000978994 1.85714
8 18.7411 18.7397 18.7408 0.000621102 1.88889
6 22.1404 22.1284 22.1304 0.00446179 3.38889
7 18.5428 18.5062 18.5114 0.0128083 3.85714
6 21.7512 19.8575 20.2788 0.665468 1.8
8 2.88065 2.88065 14.318 11.4373 1.85714
8 2.41821 2.41821 14.0847 11.6665 1.85714
3 40.1391 23.812 29.2543 7.69666 3.3
2 65.2779 5e-09 32.639 32.639 3.8
2 60.2816 5e-09 30.1408 30.1408 3.16667
2 44.304 11.4529 27.8784 16.4256 2.8
1 48.0213 48.0213 48.0213 0 3.3
3 46.9155 3.33333e-09 15.6385 22.1162 1.93333
1 11.393 11.393 11.393 0 3.66667
1 3.0913 3.0913 3.0913 0 2.66667
1 2.48429 2.48429 2.48429 0 2.66667
1 1.22427 1.22427 1.22427 0 1.85714
1 1.22416 1.22416 1.22416 0 2.66667
1 1.22416 1.22416 1.22416 0 2.66667
1 1.22416 1.22416 1.22416 0 2.66667
1 1.22416 1.22416 1.22416 0 2.66667
1 0.778259 0.778259 0.778259 0 3.16667
1 0.395723 0.395723 0.395723 0 3.8
1 0.229097 0.229097 0.229097 0 3.85714
1 0.112489 0.112489 0.112489 0 3.3
1 0.0639827 0.0639827 0.0639827 0 3.66667
1 0.0593486 0.0593486 0.0593486 0 1.85714
1 0.0522538 0.0522538 0.0522538 0 3
1 0.042689 0.042689 0.042689 0 2.8
1 0.0283748 0.0283748 0.0283748 0 3.16667
1 0.00478944 0.00478944 0.00478944 0 1.85714
1 0.00320648 0.00320648 0.00320648 0 3.3
1 0.00103762 0.00103762 0.00103762 0 1.38889
1 7.04748e-05 7.04748e-05 7.04748e-05 0 1.85714
1 9.97823e-06 9.97823e-06 9.97823e-06 0 1.35714
1 1e-08 1e-08 1e-08 0 3.85714
1 1e-08 1e-08 1e-08 0 3.85714
1 1e-08 1e-08 1e-08 0 1.85714
1 1e-08 1e-08 1e-08 0 3.88889
1 1e-08 1e-08 1e-08 0 1.88889

