5 93 1.22429 0.0522538 0.19267 0.190641 2
1 1 2.5e-09 2.5e-09 1e-08 7.5e-09 0
2 1 3.33333e-09 3.33333e-09 1e-08 6.66667e-09 2
3 1 5e-09 5e-09 1e-08 5e-09 2
4 1 3.33333e-09 3.33333e-09 1e-08 6.66667e-09 2

5 80 0.530324 0.022118 0.240193 0.237565 2
4 3 0.169511 1e-08 0.0565036 0.046135 2
1 1 1e-08 1e-08 1e-08 0 0
2 1 3.33333e-09 3.33333e-09 1e-08 6.66667e-09 2
3 1 1e-08 1e-08 1e-08 0 2

5 35 0.272367 0.266144 0.421168 0.413553 2
2 3 1.22429 1e-08 0.408098 0.333211 2
7 1 0.169511 0.169511 0.169511 0 2.66667
4 10 0.765143 6.25e-09 0.129486 0.118554 2.66667
6 1 0.0522538 0.0522538 0.0522538 0 3
1 1 5e-09 5e-09 1e-08 5e-09 0.5
3 1 5e-09 5e-09 1e-08 5e-09 2

5 37 21.0147 0.566236 1.90293 1.86779 2.66667
11 1 1.22429 1.22429 1.22429 0 3.66667
8 1 1.22423 1.22423 1.22423 0 2.66667
2 10 1.22683 0.33089 0.545019 0.503689 2
7 2 0.0177802 0.0154101 0.147974 0.139678 2.66667
6 1 0.0522538 0.0522538 0.0522538 0 3
4 1 2.5e-09 2.5e-09 1e-08 7.5e-09 2
1 1 1e-08 1e-08 1e-08 0 0
3 1 5e-09 5e-09 1e-08 5e-09 2
9 1 1e-08 1e-08 1e-08 0 2.66667
10 1 1e-08 1e-08 1e-08 0 2.66667
12 1 1e-08 1e-08 1e-08 0 0.666667

13 15 45.4372 1e-08 12.8998 12.1107 2.66667
14 2 23.1781 0.0270515 11.6026 8.19469 2.66667
2 4 1.8157 0.489718 1.55579 1.35809 2.66667
21 3 1.22429 1.22429 1.22429 0.816196 2.66667
18 1 1.22429 1.22429 1.22429 0 2.66667
17 2 1.22429 1.22429 1.22429 0.612147 2.66667
16 2 1.22429 1.22429 1.22429 0.612147 2.66667
11 3 0.0722821 0.0722821 1.16072 1.13662 2.8
15 2 0.349197 0.306074 1.09282 0.929064 2.66667
19 2 0.489718 0.489718 0.979436 0.734577 2.8
8 2 0.0700247 0.0699559 0.94892 0.913924 2.8
20 2 0.816196 0.816196 0.816196 0.408098 2.66667
23 1 0.680756 0.680756 0.680756 5e-09 2.8
5 1 0.244859 0.244859 0.646415 0.401556 2.8
6 1 0.612147 0.612147 0.638274 0.0261269 2.66667
1 1 0.408098 0.408098 0.408098 6.66667e-09 0
7 1 0.0977912 0.0977912 0.182547 0.0847553 0.666667
3 1 5e-09 5e-09 1e-08 5e-09 2
4 1 5e-09 5e-09 1e-08 5e-09 2.66667
22 1 1e-08 1e-08 1e-08 0 3.8
24 1 1e-08 1e-08 1e-08 0 3.8

13 36 27.2623 0.734577 13.5467 13.1824 2.66667
14 25 16.5558 7.14286e-09 9.30793 8.94159 2.66667
18 5 9.77772 1.22429 2.93498 2.44566 2.66667
2 3 1.23798 0.333898 1.31229 1.10967 2.66667
11 3 0.680756 0.626445 1.27099 1.05618 2.8
15 3 1.04759 0.918221 1.26742 0.947188 2.66667
8 2 1.22543 1.22423 1.22483 0.612415 2.66667
16 3 0.918221 0.918221 1.22429 0.918221 2.66667
19 3 1.22429 1.22429 1.22429 0.816196 2.8
5 1 1.22429 1.22429 1.22429 0 2.66667
21 2 0.506941 0.489718 0.988047 0.738895 2.66667
17 2 0.612147 0.612147 0.918221 0.612147 2.66667
1 1 0.612147 0.612147 0.709938 0.0977912 0.666667
26 1 0.0309767 0.0309767 0.0309767 0 2.8
27 1 0.0276987 0.0276987 0.0276987 0 2.8
3 1 1e-08 1e-08 1e-08 0 2
4 1 1e-08 1e-08 1e-08 0 2.66667
22 1 1e-08 1e-08 1e-08 0 3.8
24 1 1e-08 1e-08 1e-08 0 3.8
25 1 1e-08 1e-08 1e-08 0 2.66667

28 3 23.1781 23.1781 23.1781 15.4521 2.66667
13 25 18.3215 18.3215 20.5174 19.7845 2.66667
14 24 23.1781 1e-08 20.2323 19.3915 2.66667
18 5 3.25924 2.79002 4.33852 3.70563 2.66667
2 2 1.13481 0.306074 1.63866 1.29512 2.66667
21 1 0.633676 0.633676 1.24582 0.612147 2.66667
8 1 0.204239 0.204239 1.22483 1.02059 2.66667
16 1 0.136033 0.136033 1.22429 1.08826 2.66667
5 1 1.22429 1.22429 1.22429 0 2.66667
17 1 0.612147 0.612147 1.22429 0.612147 2.66667
1 1 1.22429 1.22429 1.22429 0 0.666667
11 1 0.152806 0.152806 1.17266 1.01985 2.8
19 1 0.244859 0.244859 0.98989 0.745032 2.66667
15 1 0.199541 0.199541 0.931247 0.731706 2.66667
27 1 0.0603637 0.0603637 0.218951 0.158587 2.85714
29 1 0.013384 0.013384 0.0404891 0.0271051 2.8
26 1 0.0309767 0.0309767 0.0309767 0 2.8
30 1 0.0157084 0.0157084 0.0157084 5e-09 2.8
4 1 1e-08 1e-08 1e-08 0 2.66667
22 1 1e-08 1e-08 1e-08 0 3.8
24 1 1e-08 1e-08 1e-08 0 3.8
25 1 1e-08 1e-08 1e-08 0 2.66667
3 1 1e-08 1e-08 1e-08 0 2
31 1 3.33333e-09 3.33333e-09 1e-08 6.66667e-09 2.66667
32 1 5e-09 5e-09 1e-08 5e-09 2.85714
33 1 1e-08 1e-08 1e-08 0 2.66667
34 1 1e-08 1e-08 1e-08 0 2.66667

13 47 36.8198 36.8198 39.1717 38.3883 2.66667
28 23 7.10794 7.10794 19.4321 19.1231 2.66667
18 10 6.98408 5.97862 8.57658 7.89838 2.66667
2 3 4.53925 1.22429 3.43427 2.34802 2.66667
15 1 1.39679 1.39679 1.39679 0 2.66667
35 1 1.37526 1.37526 1.37526 0 2.8
21 1 0.633676 0.633676 1.26735 0.633676 2.66667
8 1 1.22543 1.22543 1.22543 0 2.66667
16 1 1.22429 1.22429 1.22429 0 2.66667
5 1 1.22429 1.22429 1.22429 0 2.66667
17 1 1.22429 1.22429 1.22429 0 2.66667
1 1 1.22429 1.22429 1.22429 0 0.666667
19 1 1.22429 1.22429 1.22429 0 2.8
14 1 0.1328 0.1328 0.14961 0.0168093 2.8
26 1 0.0309767 0.0309767 0.0309767 0 2.8
39 1 1e-08 1e-08 1e-08 0 2.66667
38 1 1e-08 1e-08 1e-08 0 0.666667
37 1 1e-08 1e-08 1e-08 0 2.8
36 1 1e-08 1e-08 1e-08 0 2.66667
3 1 1e-08 1e-08 1e-08 0 2
25 1 1e-08 1e-08 1e-08 0 2.66667
24 1 1e-08 1e-08 1e-08 0 3.8

13 45 20.4468 20.4468 37.7564 37.302 2.66667
28 26 17.4885 12.8219 22.3995 21.8995 2.66667
18 9 4.72171 3.82606 8.13637 7.70025 2.66667
2 3 4.53925 1.22429 3.43427 2.34802 2.66667
15 1 1.39679 1.39679 1.39679 0 2.66667
35 1 1.37526 1.37526 1.37526 0 2.8
21 1 1.26735 1.26735 1.26735 0 2.66667
8 1 1.22543 1.22543 1.22543 0 2.66667
16 1 1.22429 1.22429 1.22429 0 2.66667
5 1 1.22429 1.22429 1.22429 0 2.66667
17 1 1.22429 1.22429 1.22429 0 2.66667
1 1 1.22429 1.22429 1.22429 0 0.666667
19 1 1.22429 1.22429 1.22429 0 2.8
45 1 0.0522747 0.0522747 0.0522747 0 0.8
26 1 0.0309767 0.0309767 0.0309767 0 2.8
39 1 5e-09 5e-09 1e-08 5e-09 2.66667
38 1 5e-09 5e-09 1e-08 5e-09 0.666667
37 1 5e-09 5e-09 1e-08 5e-09 2.8
36 1 1e-08 1e-08 1e-08 0 2.66667
3 1 5e-09 5e-09 1e-08 5e-09 2.66667
25 1 5e-09 5e-09 1e-08 5e-09 2.66667
24 1 1e-08 1e-08 1e-08 0 3.8

13 46 19.0046 19.001 40.9206 40.5075 2.66667
28 25 13.8657 10.1658 22.6608 22.2424 2.66667
18 9 12.0666 9.77772 10.032 8.91772 2.66667
2 3 4.53925 1.22429 3.43427 2.34802 2.66667
15 1 1.39679 1.39679 1.39679 0 2.66667
35 1 1.37526 1.37526 1.37526 0 2.8
21 1 1.26735 1.26735 1.26735 0 2.66667
8 1 1.22543 1.22543 1.22543 0 2.66667
19 1 1.22429 1.22429 1.22429 0 2.8
1 1 1.22429 1.22429 1.22429 0 0.666667
17 1 1.22429 1.22429 1.22429 0 2.66667
5 1 1.22429 1.22429 1.22429 0 2.66667
16 1 1.22429 1.22429 1.22429 0 2.66667
46 1 0.0522747 0.0522747 0.0522747 0 2.8
45 1 0.0261373 0.0261373 0.0422024 0.016065 0.8
26 1 0.0309767 0.0309767 0.0309767 0 2.8
39 1 1e-08 1e-08 1e-08 0 2.66667
38 1 1e-08 1e-08 1e-08 0 0.666667
37 1 1e-08 1e-08 1e-08 0 2.8
36 1 1e-08 1e-08 1e-08 0 2.66667
3 1 1e-08 1e-08 1e-08 0 2
25 1 1e-08 1e-08 1e-08 0 2.66667

50 2 45.4458 45.4234 45.4346 22.7173 0.666667
13 24 18.9471 9.91358 42.8515 42.4111 2.66667
26 3 45.4458 0.0309767 30.3047 21.4262 2.8
28 13 9.34044 6.84807 22.367 21.7814 0.666667
18 5 6.70367 5.43207 10.032 8.89534 2.66667
45 3 17.3836 0.0392046 5.82869 4.74848 0.8
2 1 1.51308 1.51308 3.43427 1.92118 2.66667
15 1 1.39679 1.39679 1.39679 0 2.66667
35 1 1.37526 1.37526 1.37526 0 2.8
21 1 1.26735 1.26735 1.26735 0 2.66667
8 1 1.22543 1.22543 1.22543 0 2.66667
19 1 1.22429 1.22429 1.22429 0 2.8
1 1 1.22429 1.22429 1.22429 0 0.666667
17 1 1.22429 1.22429 1.22429 0 2.66667
5 1 1.22429 1.22429 1.22429 0 2.66667
16 1 1.22429 1.22429 1.22429 0 2.66667
51 1 0.353296 0.353296 0.353296 0 2.66667
49 1 0.0103266 0.0103266 0.0175311 0.0072045 2.8
54 1 5e-09 5e-09 1e-08 5e-09 2.66667
53 1 1e-08 1e-08 1e-08 0 2.66667
52 1 1e-08 1e-08 1e-08 0 2.66667
25 1 1e-08 1e-08 1e-08 0 2.66667
3 1 3.33333e-09 3.33333e-09 1e-08 6.66667e-09 2.66667
36 1 5e-09 5e-09 1e-08 5e-09 2.66667
37 1 1e-08 1e-08 1e-08 0 2.8
38 1 1e-08 1e-08 1e-08 0 0.666667
39 1 1e-08 1e-08 1e-08 0 2.66667

50 30 33.8342 17.7028 39.1162 38.4814 2.66667
13 28 36.3498 36.3498 36.3531 35.0549 2.66667
28 16 29.7542 0.049198 21.0789 19.7688 0.666667
18 5 12.0666 9.77772 10.2355 8.19044 2.66667
26 3 13.6312 0.009293 4.55302 3.715 2.8
2 1 4.53925 4.53925 4.53925 0 2.66667
15 1 1.39679 1.39679 1.39679 0 2.66667
35 1 1.37526 1.37526 1.37526 0 2.8
21 1 1.26735 1.26735 1.26735 0 2.66667
8 1 1.22543 1.22543 1.22543 0 2.66667
16 1 1.22429 1.22429 1.22429 0 2.66667
5 1 1.22429 1.22429 1.22429 0 2.66667
17 1 1.22429 1.22429 1.22429 0 2.66667
1 1 1.22429 1.22429 1.22429 0 0.666667
19 1 1.22429 1.22429 1.22429 0 2.8
51 1 0.353296 0.353296 0.353296 0 2.66667
59 1 1e-08 1e-08 1e-08 0 0.8
58 1 1e-08 1e-08 1e-08 0 2.66667
57 1 1e-08 1e-08 1e-08 0 3.16667
56 1 1e-08 1e-08 1e-08 0 0.666667
55 1 1e-08 1e-08 1e-08 0 0.666667
39 1 5e-09 5e-09 1e-08 5e-09 0.666667
37 1 1e-08 1e-08 1e-08 0 2.8
36 1 5e-09 5e-09 1e-08 5e-09 2.66667

13 1 45.4372 45.4372 45.4372 0 2.66667
50 21 15.8579 8.29879 44.0142 43.5033 2.66667
60 3 45.4372 1.25955 30.7113 21.6191 0.8
28 9 7.48748 5.48955 18.638 17.8557 2.66667
26 5 45.4372 0.0309767 18.1935 15.2195 2.8
56 3 45.4552 1e-08 15.1517 12.3713 1.16667
18 6 19.4284 6.51848 12.438 10.9355 2.66667
2 1 4.53925 4.53925 4.53925 0 2.66667
15 1 1.39679 1.39679 1.39679 0 2.66667
35 1 1.37526 1.37526 1.37526 0 2.8
21 1 1.26735 1.26735 1.26735 0 2.66667
8 1 1.22543 1.22543 1.22543 0 2.66667
16 1 1.22429 1.22429 1.22429 0 2.66667
5 1 1.22429 1.22429 1.22429 0 2.66667
17 1 1.22429 1.22429 1.22429 0 2.66667
1 1 1.22429 1.22429 1.22429 0 0.666667
19 1 1.22429 1.22429 1.22429 0 2.8
51 1 0.353296 0.353296 0.353296 0 2.66667
64 1 0.0522694 0.0522694 0.0522694 0 2.66667
58 1 3.33333e-09 3.33333e-09 1e-08 6.66667e-09 2.66667
57 1 1e-08 1e-08 1e-08 0 3.16667
59 1 1e-08 1e-08 1e-08 0 0.8
55 1 5e-09 5e-09 1e-08 5e-09 1.16667
39 1 1e-08 1e-08 1e-08 0 2.66667
37 1 1e-08 1e-08 1e-08 0 2.8
36 1 5e-09 5e-09 1e-08 5e-09 2.66667
61 1 1e-08 1e-08 1e-08 0 2.66667
62 1 1e-08 1e-08 1e-08 0 2.66667
63 1 1e-08 1e-08 1e-08 0 2.66667
65 1 1e-08 1e-08 1e-08 0 2.8

50 17 86.841 1e-08 72.6421 68.3813 0.666667
26 2 45.4372 45.4372 45.4372 22.7186 2.8
13 11 7.93588 7.93498 32.4703 31.7489 2.8
60 9 16.3639 16.3574 27.5954 25.7777 1.3
28 8 14.0571 14.0506 23.6585 21.9021 2.66667
66 1 23.1781 23.1781 23.1781 0 0.8
57 2 45.4372 1e-08 22.7186 16.0645 2.8
56 5 38.2974 0.0261288 16.7574 13.7287 0.8
18 4 16.6529 5.58727 11.8013 9.61385 2.66667
2 1 4.53925 4.53925 4.53925 0 2.66667
15 1 1.39679 1.39679 1.39679 0 2.66667
35 1 1.37526 1.37526 1.37526 0 2.8
21 1 1.26735 1.26735 1.26735 0 2.66667
8 1 1.22543 1.22543 1.22543 0 2.66667
16 1 1.22429 1.22429 1.22429 0 2.66667
5 1 1.22429 1.22429 1.22429 0 2.66667
17 1 1.22429 1.22429 1.22429 0 2.66667
1 1 1.22429 1.22429 1.22429 0 0.666667
19 1 1.22429 1.22429 1.22429 0 2.8
51 1 0.353296 0.353296 0.353296 0 2.66667
67 1 0.0309767 0.0309767 0.0309767 0 2.8
58 1 5e-09 5e-09 1e-08 5e-09 2.66667
59 1 1e-08 1e-08 1e-08 0 0.8
39 1 1e-08 1e-08 1e-08 0 2.66667
37 1 1e-08 1e-08 1e-08 0 2.8
36 1 1e-08 1e-08 1e-08 0 2.66667
61 1 1e-08 1e-08 1e-08 0 2.66667
62 1 1e-08 1e-08 1e-08 0 2.66667
65 1 1e-08 1e-08 1e-08 0 2.8
68 1 1e-08 1e-08 1e-08 0 1.16667
69 1 1e-08 1e-08 1e-08 0 2.66667
70 1 1e-08 1e-08 1e-08 0 2.66667
71 1 1e-08 1e-08 1e-08 0 2.8
72 1 1e-08 1e-08 1e-08 0 0.666667

51 13 86.841 1e-08 59.7368 55.1992 2.66667
50 15 16.7002 16.6961 47.0306 45.9173 0.8
60 6 45.4372 1e-08 37.8644 31.6796 0.8
26 11 23.8005 23.8005 34.6292 32.4655 2.8
28 2 31.6138 31.6138 31.6138 15.8069 2.66667
66 7 11.07 8.1129 23.3951 21.875 0.8
58 6 31.6138 1e-08 21.0759 17.738 2.66667
18 4 29.1426 9.77772 15.7634 11.9815 2.66667
57 4 30.2915 6.66667e-09 15.1454 11.9735 2.8
2 1 4.53925 4.53925 4.53925 0 2.66667
73 1 1.61006 1.61006 1.6362 0.0261373 2.66667
15 1 1.39679 1.39679 1.39679 0 2.66667
35 1 1.37526 1.37526 1.37526 0 2.8
21 1 1.26735 1.26735 1.26735 0 2.66667
8 1 1.22543 1.22543 1.22543 0 2.66667
19 1 1.22429 1.22429 1.22429 0 2.8
1 1 1.22429 1.22429 1.22429 0 0.666667
17 1 1.22429 1.22429 1.22429 0 2.66667
5 1 1.22429 1.22429 1.22429 0 2.66667
16 1 1.22429 1.22429 1.22429 0 2.66667
67 1 0.0309767 0.0309767 0.0309767 0 2.8
74 1 1e-08 1e-08 1e-08 0 2.66667
13 1 5e-09 5e-09 1e-08 5e-09 2.8
72 1 1e-08 1e-08 1e-08 0 0.666667
70 1 5e-09 5e-09 1e-08 5e-09 2.66667
69 1 1e-08 1e-08 1e-08 0 2.66667
65 1 1e-08 1e-08 1e-08 0 2.8
62 1 1e-08 1e-08 1e-08 0 2.66667
61 1 1e-08 1e-08 1e-08 0 2.66667
36 1 5e-09 5e-09 1e-08 5e-09 2.66667
37 1 1e-08 1e-08 1e-08 0 2.8
39 1 1e-08 1e-08 1e-08 0 2.66667
59 1 1e-08 1e-08 1e-08 0 0.8

51 20 26.3155 26.3155 53.2643 51.9485 2.66667
50 19 71.7382 37.5351 51.0612 48.4898 1.3
26 15 25.2504 25.2429 40.3893 38.7064 2.8
28 11 15.1196 15.1196 28.8648 27.4903 2.66667
57 4 45.4372 1e-08 22.7181 17.9602 2.8
75 6 31.6284 1e-08 15.8118 13.4374 0.8
18 4 29.1426 9.77772 15.7634 11.9815 2.66667
66 3 23.1797 0.03213 15.4639 10.9321 0.857143
2 1 4.53925 4.53925 4.53925 0 2.66667
15 1 1.39679 1.39679 1.39679 0 2.66667
35 1 1.37526 1.37526 1.37526 0 2.8
21 1 1.26735 1.26735 1.26735 0 2.66667
8 1 1.22543 1.22543 1.22543 0 2.66667
19 1 1.22429 1.22429 1.22429 0 2.8
1 1 1.22429 1.22429 1.22429 0 0.666667
17 1 1.22429 1.22429 1.22429 0 2.66667
5 1 1.22429 1.22429 1.22429 0 2.66667
16 1 1.22429 1.22429 1.22429 0 2.66667
76 1 0.205715 0.205715 0.205715 0 3.16667
67 1 0.0154883 0.0154883 0.0154883 5e-09 2.66667
80 1 1e-08 1e-08 1e-08 0 2.8
79 1 1e-08 1e-08 1e-08 0 2.66667
78 1 1e-08 1e-08 1e-08 0 0.666667
77 1 1e-08 1e-08 1e-08 0 2.8
58 1 2.5e-09 2.5e-09 1e-08 7.5e-09 2.66667
59 1 1e-08 1e-08 1e-08 0 0.8
39 1 1e-08 1e-08 1e-08 0 2.66667

51 22 35.3797 35.3797 71.602 69.9938 2.66667
81 3 86.841 0.0293064 57.9038 40.9418 0.8
50 14 56.5908 17.67 46.9823 45.1737 1.3
26 12 20.9773 20.971 40.645 38.8974 3.35714
28 8 9.36705 9.36705 26.9303 25.7594 2.66667
75 5 17.5749 17.5442 17.565 14.052 0.8
18 4 29.1426 9.77772 15.7634 11.9815 2.66667
66 3 23.1797 0.03213 15.4639 10.9321 0.857143
57 3 8.01834 8.01834 10.691 8.01821 2.8
2 1 4.53925 4.53925 4.53925 0 2.66667
15 1 1.39679 1.39679 1.39679 0 2.66667
35 1 1.37526 1.37526 1.37526 0 2.8
21 1 1.26735 1.26735 1.26735 0 2.66667
8 1 1.22543 1.22543 1.22543 0 2.66667
16 1 1.22429 1.22429 1.22429 0 2.66667
5 1 1.22429 1.22429 1.22429 0 2.66667
17 1 1.22429 1.22429 1.22429 0 2.66667
1 1 1.22429 1.22429 1.22429 0 0.666667
19 1 1.22429 1.22429 1.22429 0 2.8
76 1 0.205715 0.205715 0.205715 0 3.16667
67 1 0.0154883 0.0154883 0.0154883 5e-09 2.8
80 1 1e-08 1e-08 1e-08 0 2.8
79 1 1e-08 1e-08 1e-08 0 2.66667
78 1 5e-09 5e-09 1e-08 5e-09 0.666667
59 1 1e-08 1e-08 1e-08 0 0.8
39 1 1e-08 1e-08 1e-08 0 0.666667
82 1 1e-08 1e-08 1e-08 0 2.66667
83 1 5e-09 5e-09 1e-08 5e-09 0.666667

51 18 49.6426 32.5654 80.7362 78.8747 2.8
50 15 121.266 37.8644 69.9828 65.6917 1.3
26 10 18.9387 18.9322 45.4397 43.5462 2.8
89 1 45.4372 45.4372 45.4372 0 0.857143
57 3 45.4372 45.4372 45.4372 30.2915 2.85714
81 10 21.1971 21.1807 44.866 42.7477 0.8
28 6 17.2439 17.2439 28.7398 25.8658 2.66667
75 5 19.7717 19.7372 25.5596 21.6074 0.857143
84 5 20.6533 20.6533 24.7927 20.6621 3.3
18 3 21.857 9.04995 15.7634 11.5012 2.66667
2 1 4.53925 4.53925 4.53925 0 2.66667
15 1 1.39679 1.39679 1.39679 0 2.66667
35 1 1.37526 1.37526 1.37526 0 2.8
21 1 1.26735 1.26735 1.26735 0 2.66667
8 1 1.22543 1.22543 1.22543 0 2.66667
19 1 1.22429 1.22429 1.22429 0 2.8
1 1 1.22429 1.22429 1.22429 0 0.666667
17 1 1.22429 1.22429 1.22429 0 2.66667
5 1 1.22429 1.22429 1.22429 0 2.66667
16 1 1.22429 1.22429 1.22429 0 2.66667
86 1 0.318661 0.318661 0.318661 0 2.8
76 1 0.205715 0.205715 0.205715 0 3.16667
87 1 0.0501117 0.0501117 0.0501117 5e-09 0.857143
67 1 0.0309767 0.0309767 0.0309767 0 2.8
85 1 0.00163747 0.00163747 0.00163747 0 3.35714
80 1 1e-08 1e-08 1e-08 0 2.8
79 1 1e-08 1e-08 1e-08 0 2.66667
78 1 3.33333e-09 3.33333e-09 1e-08 6.66667e-09 0.666667
59 1 1e-08 1e-08 1e-08 0 0.8
39 1 1e-08 1e-08 1e-08 0 1.16667
88 1 1e-08 1e-08 1e-08 0 3.8

51 15 79.4281 52.1046 78.4512 74.8575 2.8
81 14 64.2876 63.9881 73.1605 68.5879 0.8
50 13 41.125 24.542 68.1955 65.6359 2.8
26 9 16.2827 8.52202 45.0962 43.6724 3.35714
96 2 86.841 1e-08 43.4205 30.7029 2.66667
91 3 63.5606 1e-08 41.5761 29.4005 2.8
57 6 24.784 24.784 33.047 28.9164 2.85714
75 5 31.6348 31.5796 31.617 25.2936 0.8
28 6 31.6138 31.6138 31.6138 26.3448 2.66667
18 3 29.1426 12.0666 17.7586 12.1393 2.66667
89 2 22.7186 5e-09 11.3593 8.03225 0.857143
2 1 4.53925 4.53925 4.53925 0 2.66667
15 1 1.39679 1.39679 1.39679 0 2.66667
35 1 1.37526 1.37526 1.37526 0 2.8
21 1 1.26735 1.26735 1.26735 0 2.66667
8 1 1.22543 1.22543 1.22543 0 2.66667
19 1 1.22429 1.22429 1.22429 0 2.8
16 1 1.22429 1.22429 1.22429 0 2.66667
1 1 1.22429 1.22429 1.22429 0 0.666667
17 1 1.22429 1.22429 1.22429 0 2.66667
5 1 1.22429 1.22429 1.22429 0 2.66667
93 1 0.500227 0.500227 0.500227 0 2.8
76 1 0.205715 0.205715 0.205715 0 3.16667
87 1 0.100223 0.100223 0.100223 0 1.35714
67 1 0.0309767 0.0309767 0.0309767 0 2.8
85 1 0.00163747 0.00163747 0.00163747 0 3.35714
80 1 1e-08 1e-08 1e-08 0 2.8
79 1 1e-08 1e-08 1e-08 0 2.66667
78 1 5e-09 5e-09 1e-08 5e-09 1.16667
59 1 1e-08 1e-08 1e-08 0 0.8
88 1 1e-08 1e-08 1e-08 0 3.8
90 1 1e-08 1e-08 1e-08 0 0.666667
92 1 1e-08 1e-08 1e-08 0 0.8
94 1 1e-08 1e-08 1e-08 0 2.66667

97 9 145.519 0.222904 108.606 96.6911 1.16667
51 10 47.2786 31.0146 93.3466 89.5981 2.66667
100 1 86.841 86.841 86.841 0 2.8
81 8 19.3883 19.298 77.2126 74.798 0.888889
98 2 137.409 1e-08 68.7047 48.5816 1.85714
50 6 43.6558 41.2228 57.9393 50.7988 1.8
26 5 72.3484 37.8757 52.3468 43.48 2.8
96 5 18.8785 18.8785 47.2853 43.5096 2.66667
91 5 48.245 31.6524 47.0849 38.1227 1.3
87 2 86.841 0.100223 43.4706 30.703 1.35714
57 4 15.1457 15.1457 41.6508 37.8644 3.35714
99 4 63.5606 1e-08 40.0831 30.7703 2.8
75 3 18.9809 18.9771 31.617 25.2909 0.8
28 3 15.8069 15.8069 31.6138 26.3448 2.66667
89 2 45.4372 1e-08 22.7186 16.0645 0.857143
18 2 19.4284 8.0444 17.7586 11.2561 2.66667
2 1 4.53925 4.53925 4.53925 0 2.66667
15 1 1.39679 1.39679 1.39679 0 2.66667
35 1 1.37526 1.37526 1.37526 0 2.8
21 1 1.26735 1.26735 1.26735 0 2.66667
8 1 1.22543 1.22543 1.22543 0 2.66667
19 1 1.22429 1.22429 1.22429 0 2.8
16 1 1.22429 1.22429 1.22429 0 2.66667
1 1 1.22429 1.22429 1.22429 0 0.666667
5 1 1.22429 1.22429 1.22429 0 2.66667
17 1 1.22429 1.22429 1.22429 0 2.66667
76 1 0.102857 0.102857 0.102857 5e-09 3.16667
67 1 0.0309767 0.0309767 0.0309767 0 2.8
106 1 0.0309767 0.0309767 0.0309767 0 2.8
103 1 0.0293039 0.0293039 0.0293039 0 0.8
107 1 0.0293037 0.0293037 0.0293037 0 2.8
85 1 0.00163747 0.00163747 0.00163747 0 3.35714
105 1 1e-08 1e-08 1e-08 0 2.85714
104 1 5e-09 5e-09 1e-08 5e-09 2.66667
102 1 1e-08 1e-08 1e-08 0 2.8
101 1 1e-08 1e-08 1e-08 0 2.85714
108 1 1e-08 1e-08 1e-08 0 2.8
94 1 1e-08 1e-08 1e-08 0 2.66667
92 1 1e-08 1e-08 1e-08 0 0.8
90 1 1e-08 1e-08 1e-08 0 0.666667
88 1 5e-09 5e-09 1e-08 5e-09 3.8
59 1 1e-08 1e-08 1e-08 0 0.8
78 1 1e-08 1e-08 1e-08 0 1.16667
79 1 1e-08 1e-08 1e-08 0 2.66667
80 1 1e-08 1e-08 1e-08 0 2.8
93 1 1e-08 1e-08 1e-08 0 1.35714

98 7 138.97 1e-08 98.5954 84.9786 1.8
97 12 31.9053 31.1827 88.4916 85.888 1.16667
51 10 50.9155 34.8326 79.3802 74.4511 2.8
81 9 71.3843 71.0517 71.1466 63.2417 0.888889
100 9 48.8481 48.8481 68.7257 63.2981 2.85714
96 7 67.543 7.77778e-09 57.894 49.7382 2.66667
26 6 26.1646 26.0523 49.3461 45.001 2.8
57 4 45.4372 45.4372 45.4372 34.0779 2.8
99 5 63.5606 1e-08 43.4614 35.1108 2.8
75 3 31.6348 31.6284 31.6306 21.087 0.8
28 3 31.6138 31.6138 31.6138 21.0759 2.66667
89 2 45.4372 1e-08 22.7186 16.0645 0.857143
18 2 29.1426 12.0666 20.6046 11.1518 2.66667
2 1 4.53925 4.53925 4.53925 0 2.66667
15 1 1.39679 1.39679 1.39679 0 2.66667
35 1 1.37526 1.37526 1.37526 0 2.8
21 1 1.26735 1.26735 1.26735 0 2.66667
8 1 1.22543 1.22543 1.22543 0 2.66667
17 1 1.22429 1.22429 1.22429 0 2.66667
5 1 1.22429 1.22429 1.22429 0 2.66667
1 1 1.22429 1.22429 1.22429 0 0.666667
16 1 1.22429 1.22429 1.22429 0 2.66667
19 1 1.22429 1.22429 1.22429 0 2.8
109 1 0.055726 0.055726 0.0572834 0.00155739 1.85714
91 1 0.0200447 0.0200447 0.030905 0.0108603 1.35714
67 1 0.0154883 0.0154883 0.0154883 5e-09 2.8
85 1 0.00163747 0.00163747 0.00163747 0 3.35714
111 1 1e-08 1e-08 1e-08 0 1.8
110 1 1e-08 1e-08 1e-08 0 2.8
80 1 1e-08 1e-08 1e-08 0 2.8
79 1 1e-08 1e-08 1e-08 0 2.66667
78 1 1e-08 1e-08 1e-08 0 1.16667
59 1 1e-08 1e-08 1e-08 0 0.8
88 1 1e-08 1e-08 1e-08 0 3.8
90 1 1e-08 1e-08 1e-08 0 0.666667

118 1 138.936 138.936 138.936 0 3.85714
97 13 118.234 107.6 133.961 124.929 1.3
51 12 79.4281 79.4281 119.145 112.526 2.66667
115 1 87.2474 87.2474 87.2474 0 2.85714
81 8 43.6237 43.454 81.4906 76.0535 2.8
98 8 29.7783 29.1039 79.8151 76.156 1.8
100 8 33.0823 33.0823 78.5704 74.4352 2.8
96 6 17.5287 16.8079 66.0417 63.2184 2.66667
57 3 14.6678 13.1479 35.1383 30.4188 2.85714
75 3 31.6348 31.6284 31.6306 21.087 0.8
28 3 31.6138 31.6138 31.6138 21.0759 2.66667
89 2 45.4372 1e-08 22.7186 16.0645 0.857143
18 2 29.1426 12.0666 20.6046 11.1518 2.66667
109 1 8.30283 8.30283 16.6614 8.35855 0.666667
2 1 4.53925 4.53925 4.53925 0 2.66667
15 1 1.39679 1.39679 1.39679 0 2.66667
35 1 1.37526 1.37526 1.37526 0 2.8
21 1 1.26735 1.26735 1.26735 0 2.66667
8 1 1.22543 1.22543 1.22543 0 2.66667
17 1 1.22429 1.22429 1.22429 0 2.66667
5 1 1.22429 1.22429 1.22429 0 2.66667
1 1 1.22429 1.22429 1.22429 0 0.666667
16 1 1.22429 1.22429 1.22429 0 2.66667
19 1 1.22429 1.22429 1.22429 0 2.8
91 1 0.100223 0.100223 0.100223 0 1.35714
67 1 0.0309767 0.0309767 0.0309767 0 2.8
85 1 0.00163747 0.00163747 0.00163747 0 3.35714
111 1 1e-08 1e-08 1e-08 0 1.8
80 1 1e-08 1e-08 1e-08 0 2.8
79 1 1e-08 1e-08 1e-08 0 2.66667
78 1 1e-08 1e-08 1e-08 0 1.16667
59 1 1e-08 1e-08 1e-08 0 0.8
88 1 1e-08 1e-08 1e-08 0 3.8
90 1 1e-08 1e-08 1e-08 0 0.666667
112 1 1e-08 1e-08 1e-08 0 2.66667
113 1 1e-08 1e-08 1e-08 0 1.35714
114 1 1e-08 1e-08 1e-08 0 3.3
116 1 1e-08 1e-08 1e-08 0 2.66667
117 1 1e-08 1e-08 1e-08 0 2.85714
99 1 3.33333e-09 3.33333e-09 1e-08 6.66667e-09 2.8

97 13 44.0087 43.9942 120.596 117.212 1.35714
51 12 54.778 54.778 106.759 102.194 2.66667
118 10 51.3419 47.9089 90.5032 85.5354 3.85714
100 4 86.841 86.841 86.841 65.1308 2.85714
96 1 86.841 86.841 86.841 0 3.35714
120 1 82.3824 82.3824 82.3824 0 0.857143
81 8 25.8511 25.7505 77.2784 74.0534 2.85714
115 7 24.5041 24.4293 62.7496 59.2582 2.85714
119 1 33.2113 33.2113 33.2113 0 3.35714
75 3 31.6348 31.6284 31.6306 21.087 0.8
28 3 31.6138 31.6138 31.6138 21.0759 2.66667
89 2 45.4372 1e-08 22.7186 16.0645 0.857143
18 2 29.1426 12.0666 20.6046 11.1518 2.66667
2 1 4.53925 4.53925 4.53925 0 2.66667
15 1 1.39679 1.39679 1.39679 0 2.66667
35 1 1.37526 1.37526 1.37526 0 2.8
21 1 1.26735 1.26735 1.26735 0 2.66667
8 1 1.22543 1.22543 1.22543 0 2.66667
19 1 1.22429 1.22429 1.22429 0 2.8
16 1 1.22429 1.22429 1.22429 0 2.66667
1 1 1.22429 1.22429 1.22429 0 0.666667
5 1 1.22429 1.22429 1.22429 0 2.66667
17 1 1.22429 1.22429 1.22429 0 2.66667
109 1 0.100223 0.100223 0.100223 0 1.35714
67 1 0.0309767 0.0309767 0.0309767 0 2.8
85 1 0.00163747 0.00163747 0.00163747 0 3.35714
122 1 1e-08 1e-08 1e-08 0 1.3
121 1 1e-08 1e-08 1e-08 0 3.85714
99 1 1e-08 1e-08 1e-08 0 2.8
117 1 1e-08 1e-08 1e-08 0 2.85714
116 1 5e-09 5e-09 1e-08 5e-09 2.66667
113 1 1e-08 1e-08 1e-08 0 1.35714
90 1 1e-08 1e-08 1e-08 0 0.666667
88 1 1e-08 1e-08 1e-08 0 3.8
59 1 1e-08 1e-08 1e-08 0 0.8
78 1 1e-08 1e-08 1e-08 0 1.16667
79 1 1e-08 1e-08 1e-08 0 2.66667
80 1 1e-08 1e-08 1e-08 0 2.8
111 1 1e-08 1e-08 1e-08 0 1.8

97 11 47.0105 45.7346 126.358 122.138 1.3
51 10 49.0297 49.0297 113.001 108.098 2.66667
118 10 74.4303 69.4678 108.615 101.437 3.85714
115 7 87.5146 87.2474 87.2856 74.8162 2.85714
81 3 87.2474 87.2474 87.2474 58.165 2.85714
124 1 87.2474 87.2474 87.2474 0 2.85714
125 1 87.2474 87.2474 87.2474 0 2.85714
100 7 50.6573 50.6573 79.6067 72.3699 2.85714
96 6 20.9316 20.8418 69.5383 66.0622 3.35714
120 5 18.9668 18.8931 59.1591 55.3745 1.35714
119 1 33.2113 33.2113 33.2113 0 3.35714
75 2 21.0899 21.0856 31.6306 21.0867 0.8
28 2 21.0759 21.0759 31.6138 21.0759 2.66667
89 2 45.4372 1e-08 22.7186 16.0645 0.857143
18 1 14.5713 14.5713 20.6046 6.0333 2.66667
2 1 4.53925 4.53925 4.53925 0 2.66667
15 1 1.39679 1.39679 1.39679 0 2.66667
35 1 1.37526 1.37526 1.37526 0 2.8
21 1 1.26735 1.26735 1.26735 0 2.66667
8 1 1.22543 1.22543 1.22543 0 2.66667
17 1 1.22429 1.22429 1.22429 0 2.66667
5 1 1.22429 1.22429 1.22429 0 2.66667
1 1 1.22429 1.22429 1.22429 0 0.666667
19 1 1.22429 1.22429 1.22429 0 2.8
16 1 1.22429 1.22429 1.22429 0 2.66667
109 1 0.100223 0.100223 0.100223 0 1.35714
127 1 0.0588332 0.0588332 0.0588332 0 1.35714
67 1 0.0309767 0.0309767 0.0309767 0 2.8
126 1 0.00790444 0.00790444 0.00790444 0 3.3
85 1 0.00163747 0.00163747 0.00163747 0 3.35714
121 1 1e-08 1e-08 1e-08 0 3.85714
99 1 1e-08 1e-08 1e-08 0 2.8
117 1 1e-08 1e-08 1e-08 0 2.85714
116 1 1e-08 1e-08 1e-08 0 2.66667
90 1 1e-08 1e-08 1e-08 0 0.666667
88 1 1e-08 1e-08 1e-08 0 3.8
59 1 1e-08 1e-08 1e-08 0 0.8
78 1 1e-08 1e-08 1e-08 0 1.16667
79 1 1e-08 1e-08 1e-08 0 2.66667
80 1 1e-08 1e-08 1e-08 0 2.8
111 1 1e-08 1e-08 1e-08 0 1.8
123 1 1e-08 1e-08 1e-08 0 2.8
122 1 1e-08 1e-08 1e-08 0 1.3

51 14 97.5433 97.5433 125.585 118.617 2.66667
118 13 77.4075 75.2389 114.542 108.727 3.85714
97 12 57.9015 57.6354 110.811 106.003 1.3
96 6 87.2152 86.841 86.9034 72.4195 3.35714
100 5 86.841 86.841 86.841 69.4728 2.85714
81 7 19.3005 19.0854 68.1866 65.4521 2.85714
125 5 29.0825 28.947 49.7275 43.9327 2.88889
115 5 17.5029 17.4495 48.8847 45.3905 2.85714
119 1 33.2113 33.2113 33.2113 0 3.35714
75 2 31.6348 31.6284 31.6316 15.8158 0.8
28 2 31.6138 31.6138 31.6138 15.8069 2.66667
18 1 29.1426 29.1426 29.1426 0 2.66667
89 2 45.4372 1e-08 22.7186 16.0645 0.857143
2 1 4.53925 4.53925 4.53925 0 2.66667
15 1 1.39679 1.39679 1.39679 0 2.66667
35 1 1.37526 1.37526 1.37526 0 2.8
21 1 1.26735 1.26735 1.26735 0 2.66667
8 1 1.22543 1.22543 1.22543 0 2.66667
16 1 1.22429 1.22429 1.22429 0 2.66667
19 1 1.22429 1.22429 1.22429 0 2.8
1 1 1.22429 1.22429 1.22429 0 0.666667
5 1 1.22429 1.22429 1.22429 0 2.66667
17 1 1.22429 1.22429 1.22429 0 2.66667
109 1 0.100223 0.100223 0.100223 0 1.35714
67 1 0.0309767 0.0309767 0.0309767 0 2.8
126 1 0.00790444 0.00790444 0.00790444 0 3.3
85 1 0.00163747 0.00163747 0.00163747 0 3.35714
128 1 1e-08 1e-08 1e-08 0 2.66667
122 1 1e-08 1e-08 1e-08 0 1.3
123 1 1e-08 1e-08 1e-08 0 2.8
111 1 1e-08 1e-08 1e-08 0 1.8
80 1 1e-08 1e-08 1e-08 0 2.8
79 1 1e-08 1e-08 1e-08 0 2.66667
78 1 1e-08 1e-08 1e-08 0 1.16667
59 1 1e-08 1e-08 1e-08 0 0.8
88 1 5e-09 5e-09 1e-08 5e-09 2.66667
90 1 1e-08 1e-08 1e-08 0 0.666667
116 1 1e-08 1e-08 1e-08 0 2.66667
117 1 1e-08 1e-08 1e-08 0 2.85714

97 12 149.579 1e-08 115.754 106.221 1.3
51 12 41.8043 41.8043 111.48 107.997 2.66667
118 12 44.8737 44.6674 108.243 104.519 3.85714
115 5 87.5146 87.2474 87.3543 69.8834 2.88889
96 9 32.7254 32.5654 79.8001 76.1734 3.35714
100 8 30.2087 30.2056 71.7386 67.9628 2.85714
125 5 87.2474 1e-08 69.6354 56.1418 2.88889
81 7 30.8808 30.5366 65.524 61.1461 2.85714
119 1 33.2113 33.2113 33.2113 0 3.35714
75 2 31.6348 31.6284 31.6316 15.8158 0.8
28 2 31.6138 31.6138 31.6138 15.8069 2.66667
18 1 29.1426 29.1426 29.1426 0 2.66667
89 2 45.4372 1e-08 22.7186 16.0645 0.857143
2 1 4.53925 4.53925 4.53925 0 2.66667
15 1 1.39679 1.39679 1.39679 0 2.66667
35 1 1.37526 1.37526 1.37526 0 2.8
21 1 1.26735 1.26735 1.26735 0 2.66667
8 1 1.22543 1.22543 1.22543 0 2.66667
17 1 1.22429 1.22429 1.22429 0 2.66667
5 1 1.22429 1.22429 1.22429 0 2.66667
1 1 1.22429 1.22429 1.22429 0 0.666667
19 1 1.22429 1.22429 1.22429 0 2.8
16 1 1.22429 1.22429 1.22429 0 2.66667
109 1 0.100223 0.100223 0.100223 0 1.35714
67 1 0.0309767 0.0309767 0.0309767 0 2.8
126 1 0.00790444 0.00790444 0.00790444 0 3.3
85 1 0.00163747 0.00163747 0.00163747 0 3.35714
117 1 1e-08 1e-08 1e-08 0 2.85714
116 1 1e-08 1e-08 1e-08 0 2.66667
90 1 1e-08 1e-08 1e-08 0 0.666667
88 1 1e-08 1e-08 1e-08 0 3.8
59 1 1e-08 1e-08 1e-08 0 0.8
78 1 5e-09 5e-09 1e-08 5e-09 0.666667
79 1 1e-08 1e-08 1e-08 0 2.66667
80 1 1e-08 1e-08 1e-08 0 2.8
111 1 1e-08 1e-08 1e-08 0 1.8

51 15 76.3732 76.3732 117.107 112.015 2.66667
97 14 36.7387 36.5698 104.737 102.115 1.35714
81 7 88.231 87.2474 87.5595 75.051 2.85714
115 9 46.3312 46.1898 71.8899 66.7507 2.85714
96 9 28.1168 28.0335 67.3238 64.2073 3.3
100 9 35.5295 35.5259 67.1066 63.1592 2.85714
125 8 70.2029 8e-09 61.0019 53.4544 2.85714
119 1 33.2113 33.2113 33.2113 0 3.35714
75 2 31.6348 31.6284 31.6316 15.8158 0.8
28 2 31.6138 31.6138 31.6138 15.8069 2.66667
18 1 29.1426 29.1426 29.1426 0 2.66667
89 2 45.4372 1e-08 22.7186 16.0645 0.857143
2 1 4.53925 4.53925 4.53925 0 2.66667
15 1 1.39679 1.39679 1.39679 0 2.66667
35 1 1.37526 1.37526 1.37526 0 2.8
21 1 1.26735 1.26735 1.26735 0 2.66667
8 1 1.22543 1.22543 1.22543 0 2.66667
16 1 1.22429 1.22429 1.22429 0 2.66667
19 1 1.22429 1.22429 1.22429 0 2.8
1 1 1.22429 1.22429 1.22429 0 0.666667
5 1 1.22429 1.22429 1.22429 0 2.66667
17 1 1.22429 1.22429 1.22429 0 2.66667
109 1 0.100223 0.100223 0.100223 0 1.35714
67 1 0.0309767 0.0309767 0.0309767 0 2.8
126 1 0.00790444 0.00790444 0.00790444 0 3.3
85 1 0.00163747 0.00163747 0.00163747 0 3.35714
131 1 1e-08 1e-08 1e-08 0 3.35714
130 1 1e-08 1e-08 1e-08 0 3.8
129 1 1e-08 1e-08 1e-08 0 2.88889
111 1 1e-08 1e-08 1e-08 0 1.8
80 1 1e-08 1e-08 1e-08 0 2.8
79 1 1e-08 1e-08 1e-08 0 2.66667
78 1 1e-08 1e-08 1e-08 0 1.16667
59 1 1e-08 1e-08 1e-08 0 0.8

97 14 72.2105 72.2105 126.315 121.157 1.3
51 12 44.1267 44.1267 110.32 106.643 2.66667
133 1 88.231 88.231 88.231 0 0.888889
132 1 87.7536 87.7536 87.7536 0 0.888889
100 8 27.792 27.7891 72.9483 69.4746 2.85714
125 7 67.8591 67.543 67.7236 58.0488 2.88889
115 7 26.6349 26.6349 64.5355 60.7305 2.88889
81 7 24.9123 24.5106 63.0903 59.572 2.85714
96 6 26.2424 26.1647 58.9853 54.6206 3.3
119 1 33.2113 33.2113 33.2113 0 3.35714
75 2 31.6348 31.6284 31.6316 15.8158 0.8
28 2 31.6138 31.6138 31.6138 15.8069 2.66667
18 1 29.1426 29.1426 29.1426 0 2.66667
2 1 4.53925 4.53925 4.53925 0 2.66667
15 1 1.39679 1.39679 1.39679 0 2.66667
35 1 1.37526 1.37526 1.37526 0 2.8
21 1 1.26735 1.26735 1.26735 0 2.66667
8 1 1.22543 1.22543 1.22543 0 2.66667
17 1 1.22429 1.22429 1.22429 0 2.66667
5 1 1.22429 1.22429 1.22429 0 2.66667
1 1 1.22429 1.22429 1.22429 0 0.666667
19 1 1.22429 1.22429 1.22429 0 2.8
16 1 1.22429 1.22429 1.22429 0 2.66667
109 1 0.100223 0.100223 0.100223 0 1.35714
67 1 0.0309767 0.0309767 0.0309767 0 2.8
126 1 0.00790444 0.00790444 0.00790444 0 3.3
85 1 0.00163747 0.00163747 0.00163747 0 3.35714
135 1 1e-08 1e-08 1e-08 0 1.3
134 1 5e-09 5e-09 1e-08 5e-09 2.88889
89 1 1e-08 1e-08 1e-08 0 0.857143
59 1 1e-08 1e-08 1e-08 0 0.8
78 1 1e-08 1e-08 1e-08 0 1.16667
79 1 1e-08 1e-08 1e-08 0 2.66667
80 1 1e-08 1e-08 1e-08 0 2.8
111 1 1e-08 1e-08 1e-08 0 1.8
129 1 1e-08 1e-08 1e-08 0 2.88889
130 1 5e-09 5e-09 1e-08 5e-09 3.3

97 11 49.8626 49.8596 98.9408 94.4081 3.8
51 10 36.7723 36.7723 94.4501 90.7729 2.66667
81 4 87.7764 87.5378 87.7168 65.7876 2.88889
96 6 87.4746 87.2156 87.2934 72.7445 3.8
125 5 87.5146 86.841 87.1104 69.6884 2.88889
100 9 48.8531 48.8481 81.8924 76.4647 2.85714
115 8 43.7573 43.7573 75.2246 69.7549 2.88889
132 7 22.0698 21.9384 65.6062 62.4674 2.88889
133 6 28.0966 27.8624 60.5327 55.8824 0.888889
119 1 33.2113 33.2113 33.2113 0 3.35714
75 2 31.6348 31.6284 31.6316 15.8158 0.8
28 2 31.6138 31.6138 31.6138 15.8069 2.66667
18 1 29.1426 29.1426 29.1426 0 2.66667
2 1 4.53925 4.53925 4.53925 0 2.66667
15 1 1.39679 1.39679 1.39679 0 2.66667
35 1 1.37526 1.37526 1.37526 0 2.8
21 1 1.26735 1.26735 1.26735 0 2.66667
8 1 1.22543 1.22543 1.22543 0 2.66667
16 1 1.22429 1.22429 1.22429 0 2.66667
19 1 1.22429 1.22429 1.22429 0 2.8
1 1 1.22429 1.22429 1.22429 0 0.666667
5 1 1.22429 1.22429 1.22429 0 2.66667
17 1 1.22429 1.22429 1.22429 0 2.66667
109 1 0.100223 0.100223 0.100223 0 1.35714
67 1 0.0309767 0.0309767 0.0309767 0 2.8
126 1 0.00790444 0.00790444 0.00790444 0 3.3
85 1 0.00163747 0.00163747 0.00163747 0 3.35714
89 1 1e-08 1e-08 1e-08 0 0.857143
59 1 1e-08 1e-08 1e-08 0 0.8
78 1 1e-08 1e-08 1e-08 0 1.16667
79 1 1e-08 1e-08 1e-08 0 2.66667
80 1 1e-08 1e-08 1e-08 0 2.8
111 1 1e-08 1e-08 1e-08 0 1.8
129 1 1e-08 1e-08 1e-08 0 2.88889
136 1 5e-09 5e-09 1e-08 5e-09 2.85714
137 1 1e-08 1e-08 1e-08 0 2.85714

51 15 99.2851 99.2851 125.761 119.142 2.66667
97 14 95.4454 95.1866 122.45 115.65 1.3
133 7 132.43 88.231 94.6511 81.1594 0.666667
132 9 66.2094 65.1308 80.654 73.3469 0.888889
125 9 24.063 23.8676 78.9126 76.253 2.88889
96 7 30.6161 30.5437 65.864 61.4976 3.35714
100 7 28.95 28.947 59.9623 55.8268 2.85714
81 7 36.279 36.1432 59.0137 53.8476 2.88889
119 1 33.2113 33.2113 33.2113 0 3.35714
75 2 31.6348 31.6284 31.6316 15.8158 0.8
28 2 31.6138 31.6138 31.6138 15.8069 2.66667
18 1 29.1426 29.1426 29.1426 0 2.66667
2 1 4.53925 4.53925 4.53925 0 2.66667
15 1 1.39679 1.39679 1.39679 0 2.66667
35 1 1.37526 1.37526 1.37526 0 2.8
21 1 1.26735 1.26735 1.26735 0 2.66667
8 1 1.22543 1.22543 1.22543 0 2.66667
17 1 1.22429 1.22429 1.22429 0 2.66667
5 1 1.22429 1.22429 1.22429 0 2.66667
1 1 1.22429 1.22429 1.22429 0 0.666667
19 1 1.22429 1.22429 1.22429 0 2.8
16 1 1.22429 1.22429 1.22429 0 2.66667
109 1 0.100223 0.100223 0.100223 0 1.35714
145 1 0.052557 0.052557 0.052557 0 2.8
67 1 0.0309767 0.0309767 0.0309767 0 2.8
126 1 0.00790444 0.00790444 0.00790444 0 3.3
85 1 0.00163747 0.00163747 0.00163747 0 3.35714
147 1 1e-08 1e-08 1e-08 0 2.85714
146 1 1e-08 1e-08 1e-08 0 1.35714
144 1 1e-08 1e-08 1e-08 0 3.16667
143 1 5e-09 5e-09 1e-08 5e-09 2.85714
142 1 3.33333e-09 3.33333e-09 1e-08 6.66667e-09 1.3

97 13 60.9317 60.7664 122.013 117.338 1.3
51 11 36.4204 36.4046 101.606 98.2962 2.66667
148 1 88.9726 88.9726 88.9726 0 2.88889
133 9 86.7872 56.7199 85.0643 78.3976 0.888889
100 8 36.5684 36.5646 77.7032 73.1322 2.85714
125 8 88.475 1e-08 76.6953 67.2062 2.88889
81 7 87.7764 1e-08 75.237 64.6379 2.88889
132 7 19.3111 19.3005 69.5451 66.7868 2.88889
96 7 27.8328 27.767 67.4579 63.4836 3.35714
119 1 33.2113 33.2113 33.2113 0 3.35714
75 2 31.6348 31.6284 31.6316 15.8158 0.8
28 2 31.6138 31.6138 31.6138 15.8069 2.66667
18 1 29.1426 29.1426 29.1426 0 2.66667
2 1 4.53925 4.53925 4.53925 0 2.66667
15 1 1.39679 1.39679 1.39679 0 2.66667
35 1 1.37526 1.37526 1.37526 0 2.8
21 1 1.26735 1.26735 1.26735 0 2.66667
8 1 1.22543 1.22543 1.22543 0 2.66667
17 1 1.22429 1.22429 1.22429 0 2.66667
5 1 1.22429 1.22429 1.22429 0 2.66667
1 1 1.22429 1.22429 1.22429 0 0.666667
19 1 1.22429 1.22429 1.22429 0 2.8
16 1 1.22429 1.22429 1.22429 0 2.66667
149 1 0.76053 0.76053 0.76053 0 2.88889
109 1 0.100223 0.100223 0.100223 0 1.35714
67 1 0.0309767 0.0309767 0.0309767 0 2.8
126 1 0.00790444 0.00790444 0.00790444 0 3.3
85 1 0.00163747 0.00163747 0.00163747 0 3.35714
147 1 1e-08 1e-08 1e-08 0 2.85714
144 1 1e-08 1e-08 1e-08 0 3.16667
143 1 1e-08 1e-08 1e-08 0 2.85714
150 1 1e-08 1e-08 1e-08 0 2.8
151 1 1e-08 1e-08 1e-08 0 3.35714

153 1 132.38 132.38 132.38 0 0.8
97 10 34.0876 33.9952 117.771 114.369 1.3
51 8 55.739 55.739 93.1444 86.1771 2.66667
132 6 88.2793 88.231 88.2712 73.5593 0.888889
152 1 88.231 88.231 88.231 0 0.909091
81 6 87.7764 87.0602 87.6571 73.0476 2.88889
100 7 34.0454 33.775 77.2549 72.4244 2.85714
96 7 76.5402 76.3592 76.5072 65.5776 3.35714
125 6 31.2265 30.8875 66.9924 61.8329 2.90909
148 5 13.5002 8.89726 59.4708 57.5071 2.88889
133 2 86.841 1e-08 43.4205 30.7029 0.888889
119 1 33.2113 33.2113 33.2113 0 3.35714
75 2 31.6348 31.6284 31.6316 15.8158 0.8
28 2 31.6138 31.6138 31.6138 15.8069 2.66667
18 1 29.1426 29.1426 29.1426 0 2.66667
2 1 4.53925 4.53925 4.53925 0 2.66667
15 1 1.39679 1.39679 1.39679 0 2.66667
35 1 1.37526 1.37526 1.37526 0 2.8
21 1 1.26735 1.26735 1.26735 0 2.66667
8 1 1.22543 1.22543 1.22543 0 2.66667
5 1 1.22429 1.22429 1.22429 0 2.66667
1 1 1.22429 1.22429 1.22429 0 0.666667
19 1 1.22429 1.22429 1.22429 0 2.8
16 1 1.22429 1.22429 1.22429 0 2.66667
17 1 1.22429 1.22429 1.22429 0 2.66667
149 1 0.76053 0.76053 0.76053 0 2.88889
109 1 0.100223 0.100223 0.100223 0 1.35714
67 1 0.0309767 0.0309767 0.0309767 0 2.8
126 1 0.00790444 0.00790444 0.00790444 0 3.3
85 1 0.00163747 0.00163747 0.00163747 0 3.35714
144 1 1e-08 1e-08 1e-08 0 3.16667
143 1 1e-08 1e-08 1e-08 0 2.85714
150 1 1e-08 1e-08 1e-08 0 2.8
154 1 1e-08 1e-08 1e-08 0 2.88889

97 11 71.7323 71.5377 133.736 127.225 1.8
51 10 57.5566 57.5566 120.333 114.578 2.66667
153 9 89.9914 79.4281 110.086 101.111 0.8
148 4 89.292 88.9726 89.0525 66.7893 2.88889
156 2 87.7353 87.5146 87.6249 43.8125 2.88889
96 7 61.2532 61.218 87.4299 78.6823 3.3
152 1 86.841 86.841 86.841 0 0.909091
155 6 52.5027 52.4624 78.7451 69.9973 3.85714
154 6 32.8299 32.5688 70.6528 65.2101 2.85714
125 6 53.085 52.5087 70.2103 61.4269 2.88889
132 5 17.6559 17.6559 61.5764 58.0452 2.90909
81 5 24.4423 24.3823 61.2435 56.3646 2.90909
75 2 31.6348 31.6284 31.6316 15.8158 0.8
28 2 31.6138 31.6138 31.6138 15.8069 2.66667
18 1 29.1426 29.1426 29.1426 0 2.66667
2 1 4.53925 4.53925 4.53925 0 2.66667
15 1 1.39679 1.39679 1.39679 0 2.66667
35 1 1.37526 1.37526 1.37526 0 2.8
21 1 1.26735 1.26735 1.26735 0 2.66667
8 1 1.22543 1.22543 1.22543 0 2.66667
17 1 1.22429 1.22429 1.22429 0 2.66667
16 1 1.22429 1.22429 1.22429 0 2.66667
19 1 1.22429 1.22429 1.22429 0 2.8
1 1 1.22429 1.22429 1.22429 0 0.666667
5 1 1.22429 1.22429 1.22429 0 2.66667
109 1 0.100223 0.100223 0.100223 0 1.35714
161 1 0.0526881 0.0526881 0.0526881 0 2.8
159 1 0.0311315 0.0311315 0.0311315 0 0.666667
67 1 0.0309767 0.0309767 0.0309767 0 2.8
85 1 0.00163747 0.00163747 0.00163747 0 3.35714
144 1 1e-08 1e-08 1e-08 0 3.16667
143 1 1e-08 1e-08 1e-08 0 2.85714
150 1 1e-08 1e-08 1e-08 0 2.8
133 1 1e-08 1e-08 1e-08 0 0.888889
157 1 1e-08 1e-08 1e-08 0 2.8
158 1 1e-08 1e-08 1e-08 0 2.66667
160 1 1e-08 1e-08 1e-08 0 2.85714

97 10 68.1753 67.9944 127.252 120.436 1.3
51 10 52.9521 52.9521 121.792 116.497 2.66667
153 9 57.8581 56.7344 113.977 107.617 0.888889
163 2 88.2793 88.2793 88.2793 44.1396 0.888889
81 5 87.9921 87.7764 87.8196 70.2557 2.88889
162 1 87.5146 87.5146 87.5146 0 2.90909
125 1 87.5146 87.5146 87.5146 0 2.90909
148 6 48.7048 48.5305 81.0071 72.8992 2.88889
96 6 16.4071 16.4016 73.7271 70.9927 3.38889
154 5 36.4777 36.1875 65.3117 58.0393 3.38889
152 5 27.1416 27.1378 60.7221 55.2944 0.909091
156 5 17.695 17.6559 59.7048 56.1705 2.90909
75 2 31.6348 31.6284 31.6316 15.8158 0.8
28 2 31.6138 31.6138 31.6138 15.8069 2.66667
18 1 29.1426 29.1426 29.1426 0 2.66667
2 1 4.53925 4.53925 4.53925 0 2.66667
15 1 1.39679 1.39679 1.39679 0 2.66667
35 1 1.37526 1.37526 1.37526 0 2.8
21 1 1.26735 1.26735 1.26735 0 2.66667
8 1 1.22543 1.22543 1.22543 0 2.66667
17 1 1.22429 1.22429 1.22429 0 2.66667
16 1 1.22429 1.22429 1.22429 0 2.66667
19 1 1.22429 1.22429 1.22429 0 2.8
1 1 1.22429 1.22429 1.22429 0 0.666667
5 1 1.22429 1.22429 1.22429 0 2.66667
109 1 0.100223 0.100223 0.100223 0 1.35714
155 1 0.0456101 0.0456101 0.0456101 0 3.85714
159 1 0.0311315 0.0311315 0.0311315 0 0.666667
67 1 0.0309767 0.0309767 0.0309767 0 2.8
85 1 0.00163747 0.00163747 0.00163747 0 3.35714
144 1 1e-08 1e-08 1e-08 0 3.16667
150 1 1e-08 1e-08 1e-08 0 2.8
133 1 1e-08 1e-08 1e-08 0 0.888889
157 1 1e-08 1e-08 1e-08 0 2.8
132 1 1e-08 1e-08 1e-08 0 2.85714
164 1 1e-08 1e-08 1e-08 0 3.3

97 14 99.9904 99.9904 148.586 141.444 1.3
51 11 53.9327 53.9327 112.771 107.868 2.66667
153 9 36.8188 36.118 97.1804 93.1125 2.88889
165 3 132.434 1e-08 88.2896 62.4302 0.8
154 5 87.5465 86.8501 87.268 69.8144 2.88889
152 5 86.8532 86.841 86.8434 69.4748 0.909091
163 7 29.4345 29.4264 75.6659 71.4619 2.88889
96 7 87.5045 0.0456101 75.0062 64.4395 3.35714
162 7 22.1188 21.8786 72.3108 69.1736 2.90909
81 6 32.997 32.9162 65.7957 60.3053 2.88889
75 2 31.6348 31.6284 31.6316 15.8158 0.8
28 2 31.6138 31.6138 31.6138 15.8069 2.66667
18 1 29.1426 29.1426 29.1426 0 2.66667
2 1 4.53925 4.53925 4.53925 0 2.66667
15 1 1.39679 1.39679 1.39679 0 2.66667
35 1 1.37526 1.37526 1.37526 0 2.8
21 1 1.26735 1.26735 1.26735 0 2.66667
8 1 1.22543 1.22543 1.22543 0 2.66667
5 1 1.22429 1.22429 1.22429 0 2.66667
1 1 1.22429 1.22429 1.22429 0 0.666667
19 1 1.22429 1.22429 1.22429 0 2.8
16 1 1.22429 1.22429 1.22429 0 2.66667
17 1 1.22429 1.22429 1.22429 0 2.66667
109 1 0.100223 0.100223 0.100223 0 1.35714
159 1 0.0311315 0.0311315 0.0311315 0 0.666667
67 1 0.0309767 0.0309767 0.0309767 0 2.8
85 1 0.00163747 0.00163747 0.00163747 0 3.35714
144 1 1e-08 1e-08 1e-08 0 3.16667
150 1 1e-08 1e-08 1e-08 0 2.8
157 1 1e-08 1e-08 1e-08 0 2.8
132 1 1e-08 1e-08 1e-08 0 2.85714
164 1 1e-08 1e-08 1e-08 0 3.3
148 1 1e-08 1e-08 1e-08 0 2.88889

167 2 134.969 132.38 133.675 66.8404 0.909091
97 9 38.5677 38.5677 112.547 108.262 1.3
166 5 134.125 1e-08 106.778 86.0869 1.38889
153 8 83.09 83.0784 103.825 93.4396 0.888889
51 8 39.2238 39.2238 102.964 98.0614 2.66667
81 6 87.9921 87.7764 87.8463 73.2053 2.88889
162 5 87.8877 87.5146 87.5892 70.0714 2.90909
163 6 31.2265 31.1574 78.1306 72.9336 0.888889
96 5 48.6136 48.6136 68.0395 58.3168 3.35714
154 5 24.3219 24.3185 67.934 63.07 2.88889
152 5 21.7169 21.7103 65.1275 60.785 2.90909
165 5 38.9595 38.9513 62.4661 54.6756 0.8
168 2 87.7536 1e-08 43.8768 31.0256 0.888889
75 2 31.6348 31.6284 31.6316 15.8158 0.8
28 2 31.6138 31.6138 31.6138 15.8069 2.66667
18 1 29.1426 29.1426 29.1426 0 2.66667
2 1 4.53925 4.53925 4.53925 0 2.66667
15 1 1.39679 1.39679 1.39679 0 2.66667
35 1 1.37526 1.37526 1.37526 0 2.8
21 1 1.26735 1.26735 1.26735 0 2.66667
8 1 1.22543 1.22543 1.22543 0 2.66667
1 1 1.22429 1.22429 1.22429 0 0.666667
19 1 1.22429 1.22429 1.22429 0 2.8
16 1 1.22429 1.22429 1.22429 0 2.66667
17 1 1.22429 1.22429 1.22429 0 2.66667
5 1 1.22429 1.22429 1.22429 0 2.66667
109 1 0.100223 0.100223 0.100223 0 1.35714
159 1 0.0311315 0.0311315 0.0311315 0 0.666667
67 1 0.0309767 0.0309767 0.0309767 0 2.8
85 1 0.00163747 0.00163747 0.00163747 0 3.35714
144 1 1e-08 1e-08 1e-08 0 3.16667
150 1 1e-08 1e-08 1e-08 0 2.8
157 1 1e-08 1e-08 1e-08 0 2.8
132 1 1e-08 1e-08 1e-08 0 2.85714

165 4 132.434 132.434 132.434 99.3258 0.8
51 10 63.0382 63.0382 112.179 105.875 2.66667
167 9 31.9887 31.9742 106.225 102.672 0.888889
97 9 51.9181 51.9181 104.443 98.6744 1.3
162 7 41.2883 40.8401 87.8402 81.9566 2.92308
154 5 87.5589 87.5465 87.551 70.0408 2.88889
152 5 86.8678 86.841 86.8488 69.479 0.909091
166 7 78.4527 77.7317 85.9559 74.823 0.888889
163 6 44.1764 44.1396 73.5412 66.1829 0.888889
81 6 35.221 35.1106 70.2555 64.396 2.88889
96 5 39.7748 39.7748 63.6397 55.6847 3.35714
75 2 31.6348 31.6284 31.6316 15.8158 0.8
28 2 31.6138 31.6138 31.6138 15.8069 2.66667
18 1 29.1426 29.1426 29.1426 0 2.66667
2 1 4.53925 4.53925 4.53925 0 2.66667
15 1 1.39679 1.39679 1.39679 0 2.66667
35 1 1.37526 1.37526 1.37526 0 2.8
21 1 1.26735 1.26735 1.26735 0 2.66667
8 1 1.22543 1.22543 1.22543 0 2.66667
1 1 1.22429 1.22429 1.22429 0 0.666667
19 1 1.22429 1.22429 1.22429 0 2.8
16 1 1.22429 1.22429 1.22429 0 2.66667
17 1 1.22429 1.22429 1.22429 0 2.66667
5 1 1.22429 1.22429 1.22429 0 2.66667
109 1 0.100223 0.100223 0.100223 0 1.35714
159 1 0.0311315 0.0311315 0.0311315 0 0.666667
67 1 0.0309767 0.0309767 0.0309767 0 2.8
170 1 0.00976933 0.00976933 0.00976934 6.66667e-09 0.909091
85 1 0.00163747 0.00163747 0.00163747 0 3.35714
171 1 1e-08 1e-08 1e-08 0 1.88889
169 1 1e-08 1e-08 1e-08 0 2.8
132 1 1e-08 1e-08 1e-08 0 2.85714
157 1 1e-08 1e-08 1e-08 0 2.8
150 1 1e-08 1e-08 1e-08 0 2.8
144 1 1e-08 1e-08 1e-08 0 3.16667
153 1 1e-08 1e-08 1e-08 0 0.888889
168 1 1e-08 1e-08 1e-08 0 0.909091

97 9 61.3578 61.3578 106.479 99.6613 1.3
51 9 47.6569 47.6569 105.907 100.611 2.66667
167 9 37.9885 37.9694 104.985 100.766 0.888889
165 9 57.8581 56.7576 101.027 94.7065 0.8
163 6 88.3528 88.2793 88.2988 73.5823 0.888889
81 6 88.0524 87.7764 87.8923 73.2436 2.90909
96 5 87.5045 87.5045 87.5045 70.0036 3.35714
154 6 30.9031 30.9019 72.0573 66.9068 3.38889
172 5 55.3336 54.2756 65.5466 54.6084 2.93333
162 5 29.4917 29.4917 64.7393 58.841 2.90909
152 5 33.4107 33.4004 60.1245 53.4437 0.909091
166 4 106.603 8e-09 53.1431 42.0124 0.909091
75 2 31.6348 31.6284 31.6316 15.8158 0.8
28 2 31.6138 31.6138 31.6138 15.8069 2.66667
18 1 29.1426 29.1426 29.1426 0 2.66667
2 1 4.53925 4.53925 4.53925 0 2.66667
15 1 1.39679 1.39679 1.39679 0 2.66667
35 1 1.37526 1.37526 1.37526 0 2.8
21 1 1.26735 1.26735 1.26735 0 2.66667
8 1 1.22543 1.22543 1.22543 0 2.66667
19 1 1.22429 1.22429 1.22429 0 2.8
17 1 1.22429 1.22429 1.22429 0 2.66667
5 1 1.22429 1.22429 1.22429 0 2.66667
16 1 1.22429 1.22429 1.22429 0 2.66667
1 1 1.22429 1.22429 1.22429 0 0.666667
109 1 0.100223 0.100223 0.100223 0 1.35714
159 1 0.0311315 0.0311315 0.0311315 0 0.666667
67 1 0.0309767 0.0309767 0.0309767 0 2.8
85 1 0.00163747 0.00163747 0.00163747 0 3.35714
168 1 1e-08 1e-08 1e-08 0 0.909091
170 1 1e-08 1e-08 1e-08 0 2.88889
169 1 1e-08 1e-08 1e-08 0 2.8
132 1 1e-08 1e-08 1e-08 0 2.85714

165 10 77.9698 77.9026 125.692 117.901 1.3
97 9 96.4193 96.4193 116.924 106.21 1.3
167 9 37.9885 37.9706 112.413 108.193 0.888889
51 7 33.095 33.095 99.343 94.6151 2.66667
174 1 88.475 88.475 88.475 0 0.923077
172 7 68.8139 67.543 87.9303 78.1257 0.923077
173 5 87.5562 86.851 87.2742 69.8194 2.88889
152 5 86.8678 86.841 86.851 69.4808 0.909091
154 5 72.9657 72.9627 73.3195 58.7265 2.88889
96 5 20.8344 20.8344 71.0603 66.8934 3.35714
163 5 27.6103 27.5932 67.2829 61.7628 1.38889
166 4 133.254 1e-08 66.4289 52.5155 0.909091
81 4 18.5374 18.5247 55.5018 50.8699 2.90909
75 2 31.6348 31.6284 31.6316 15.8158 0.8
28 2 31.6138 31.6138 31.6138 15.8069 2.66667
18 1 29.1426 29.1426 29.1426 0 2.66667
2 1 4.53925 4.53925 4.53925 0 2.66667
15 1 1.39679 1.39679 1.39679 0 2.66667
35 1 1.37526 1.37526 1.37526 0 2.8
21 1 1.26735 1.26735 1.26735 0 2.66667
8 1 1.22543 1.22543 1.22543 0 2.66667
19 1 1.22429 1.22429 1.22429 0 2.8
17 1 1.22429 1.22429 1.22429 0 2.66667
5 1 1.22429 1.22429 1.22429 0 2.66667
16 1 1.22429 1.22429 1.22429 0 2.66667
1 1 1.22429 1.22429 1.22429 0 0.666667
109 1 0.100223 0.100223 0.100223 0 1.35714
159 1 0.0311315 0.0311315 0.0311315 0 0.666667
67 1 0.0309767 0.0309767 0.0309767 0 2.8
85 1 0.00163747 0.00163747 0.00163747 0 3.35714
169 1 1e-08 1e-08 1e-08 0 2.8
132 1 1e-08 1e-08 1e-08 0 2.85714
175 1 1e-08 1e-08 1e-08 0 1.88889
176 1 1e-08 1e-08 1e-08 0 2.66667
177 1 1e-08 1e-08 1e-08 0 1.8

97 9 49.9952 49.9952 105.043 99.4876 1.3
51 9 62.7064 62.7064 104.537 97.5701 2.66667
165 9 49.7058 49.6632 104.151 98.6308 1.3
167 8 49.1164 49.0986 88.9329 82.794 0.888889
163 5 88.3528 88.2983 88.3212 70.6569 0.888889
81 4 88.0524 87.9921 88.0072 66.0054 2.90909
96 5 87.5045 87.5045 87.5045 70.0036 3.35714
173 6 17.5148 17.5118 72.7765 69.8577 2.88889
174 6 25.2872 25.2786 67.2589 63.0456 0.923077
152 6 40.0928 40.086 66.8086 60.1273 0.909091
166 4 133.254 1e-08 66.4289 52.5155 0.909091
75 2 31.6348 31.6284 31.6316 15.8158 0.8
28 2 31.6138 31.6138 31.6138 15.8069 2.66667
18 1 29.1426 29.1426 29.1426 0 2.66667
172 2 43.4205 1.1204 22.2705 15.3566 0.923077
2 1 4.53925 4.53925 4.53925 0 2.66667
15 1 1.39679 1.39679 1.39679 0 2.66667
35 1 1.37526 1.37526 1.37526 0 2.8
21 1 1.26735 1.26735 1.26735 0 2.66667
8 1 1.22543 1.22543 1.22543 0 2.66667
19 1 1.22429 1.22429 1.22429 0 2.8
17 1 1.22429 1.22429 1.22429 0 2.66667
5 1 1.22429 1.22429 1.22429 0 2.66667
16 1 1.22429 1.22429 1.22429 0 2.66667
1 1 1.22429 1.22429 1.22429 0 0.666667
109 1 0.100223 0.100223 0.100223 0 1.35714
159 1 0.0311315 0.0311315 0.0311315 0 0.666667
67 1 0.0309767 0.0309767 0.0309767 0 2.8
85 1 0.00163747 0.00163747 0.00163747 0 3.35714
169 1 1e-08 1e-08 1e-08 0 2.8
132 1 1e-08 1e-08 1e-08 0 2.85714
176 1 1e-08 1e-08 1e-08 0 2.66667

97 10 59.9943 59.9943 116.752 110.752 1.3
165 10 70.2488 69.7156 111.627 104.647 0.857143
167 9 81.0421 81.0127 108.243 99.2396 0.888889
51 9 54.1555 54.1555 102.303 96.2854 2.66667
152 6 86.8678 86.853 86.858 72.3817 0.909091
172 1 86.841 86.841 86.841 0 0.933333
96 6 30.8845 30.884 72.024 66.8767 3.85714
173 6 35.2708 35.0236 70.0894 64.2451 2.90909
81 6 24.0411 23.9978 67.8544 63.8526 2.90909
166 4 133.254 1e-08 66.4289 52.5155 0.888889
174 5 49.1695 49.1528 59.2357 49.4045 0.923077
163 4 20.7897 20.7889 46.8295 41.6322 0.888889
75 2 31.6348 31.6284 31.6316 15.8158 0.8
28 2 31.6138 31.6138 31.6138 15.8069 2.66667
18 1 29.1426 29.1426 29.1426 0 2.66667
2 1 4.53925 4.53925 4.53925 0 2.66667
15 1 1.39679 1.39679 1.39679 0 2.66667
35 1 1.37526 1.37526 1.37526 0 2.8
21 1 1.26735 1.26735 1.26735 0 2.66667
8 1 1.22543 1.22543 1.22543 0 2.66667
1 1 1.22429 1.22429 1.22429 0 0.666667
16 1 1.22429 1.22429 1.22429 0 2.66667
5 1 1.22429 1.22429 1.22429 0 2.66667
17 1 1.22429 1.22429 1.22429 0 2.66667
19 1 1.22429 1.22429 1.22429 0 2.8
109 1 0.100223 0.100223 0.100223 0 1.35714
159 1 0.0311315 0.0311315 0.0311315 0 0.666667
67 1 0.0309767 0.0309767 0.0309767 0 2.8
85 1 0.00163747 0.00163747 0.00163747 0 3.35714
169 1 1e-08 1e-08 1e-08 0 2.8
132 1 1e-08 1e-08 1e-08 0 2.85714
176 1 1e-08 1e-08 1e-08 0 2.66667
178 1 1e-08 1e-08 1e-08 0 3.35714

97 10 55.5502 55.5502 132.989 127.434 1.3
51 7 132.38 132.38 132.38 113.469 2.66667
165 9 50.0523 49.7058 111.177 105.65 1.3
167 8 38.5915 38.5895 102.246 97.4222 0.888889
174 3 88.5051 88.475 88.4851 58.99 0.923077
163 4 88.3562 88.3528 88.3545 66.2659 0.888889
96 6 40.5469 40.3867 74.1851 67.4495 3.35714
179 6 88.2535 0.0351266 73.5504 61.5365 3.3
173 5 40.0804 39.8001 71.7019 63.7304 3.38889
166 4 133.254 1e-08 66.4289 52.5155 0.909091
81 5 55.0942 54.9951 66.3587 55.3527 2.90909
152 4 20.6871 20.4394 56.2645 51.1391 2.90909
172 4 17.695 17.3682 52.2743 47.889 2.93333
75 2 31.6348 31.6284 31.6316 15.8158 0.8
28 2 31.6138 31.6138 31.6138 15.8069 2.66667
18 1 29.1426 29.1426 29.1426 0 2.66667
2 1 4.53925 4.53925 4.53925 0 2.66667
15 1 1.39679 1.39679 1.39679 0 2.66667
35 1 1.37526 1.37526 1.37526 0 2.8
21 1 1.26735 1.26735 1.26735 0 2.66667
8 1 1.22543 1.22543 1.22543 0 2.66667
1 1 1.22429 1.22429 1.22429 0 0.666667
16 1 1.22429 1.22429 1.22429 0 2.66667
5 1 1.22429 1.22429 1.22429 0 2.66667
17 1 1.22429 1.22429 1.22429 0 2.66667
19 1 1.22429 1.22429 1.22429 0 2.8
109 1 0.100223 0.100223 0.100223 0 1.35714
159 1 0.0311315 0.0311315 0.0311315 0 0.666667
67 1 0.0309767 0.0309767 0.0309767 0 2.8
85 1 0.00163747 0.00163747 0.00163747 0 3.35714
169 1 1e-08 1e-08 1e-08 0 2.8
132 1 1e-08 1e-08 1e-08 0 2.85714
176 1 1e-08 1e-08 1e-08 0 2.66667
178 1 1e-08 1e-08 1e-08 0 3.35714
180 1 1e-08 1e-08 1e-08 0 3.3

97 9 53.9948 53.9948 110.155 104.156 1.35714
165 9 57.2026 56.8066 107.394 101.071 1.3
51 9 34.0406 34.0406 106.032 102.25 3.16667
167 7 45.0234 45.0211 89.8593 83.4274 0.888889
81 5 88.1507 87.9921 88.048 70.4384 2.90909
172 4 88.5049 86.841 87.7143 65.786 0.923077
96 7 61.4962 61.2532 87.4516 78.6961 3.35714
152 4 87.9201 86.8676 87.1308 65.3482 2.90909
181 6 88.5051 1e-08 73.3938 61.4057 0.923077
166 4 133.254 1e-08 66.4289 52.5155 2.88889
173 4 27.1314 26.9419 53.9829 47.2236 2.88889
163 4 19.6347 19.6347 50.2683 45.3596 0.888889
174 3 29.4981 29.4917 39.5566 29.7253 0.933333
75 2 31.6348 31.6284 31.6316 15.8158 0.8
28 2 31.6138 31.6138 31.6138 15.8069 2.66667
18 1 29.1426 29.1426 29.1426 0 2.66667
2 1 4.53925 4.53925 4.53925 0 2.66667
15 1 1.39679 1.39679 1.39679 0 2.66667
35 1 1.37526 1.37526 1.37526 0 2.8
21 1 1.26735 1.26735 1.26735 0 2.66667
8 1 1.22543 1.22543 1.22543 0 2.66667
1 1 1.22429 1.22429 1.22429 0 0.666667
16 1 1.22429 1.22429 1.22429 0 2.66667
5 1 1.22429 1.22429 1.22429 0 2.66667
17 1 1.22429 1.22429 1.22429 0 2.66667
19 1 1.22429 1.22429 1.22429 0 2.8
109 1 0.100223 0.100223 0.100223 0 1.35714
159 1 0.0311315 0.0311315 0.0311315 0 0.666667
67 1 0.0309767 0.0309767 0.0309767 0 2.8
85 1 0.00163747 0.00163747 0.00163747 0 3.35714
169 1 1e-08 1e-08 1e-08 0 2.8
132 1 1e-08 1e-08 1e-08 0 2.85714
176 1 1e-08 1e-08 1e-08 0 2.66667
178 1 1e-08 1e-08 1e-08 0 3.35714
180 1 1e-08 1e-08 1e-08 0 3.3

183 1 132.432 132.432 132.432 0 0.888889
97 10 74.9928 74.9928 131.614 124.115 1.3
165 9 50.6592 49.7545 116.643 111.076 1.35714
51 8 55.739 55.739 105.2 98.233 3.16667
167 7 59.0932 59.0932 89.8626 81.4207 0.9
163 4 88.3562 88.3561 88.3562 66.2671 0.888889
173 4 88.1769 87.5612 87.8722 65.9042 2.88889
182 4 87.0361 86.841 86.9385 65.2039 0.933333
96 6 25.1005 25.0018 75.1475 70.977 3.35714
81 4 27.1233 27.0931 54.1799 47.4048 2.90909
172 4 14.1613 14.1591 51.0227 47.4826 0.923077
166 3 133.254 1e-08 44.4279 36.2712 0.909091
152 3 13.188 13.0302 43.717 39.3385 2.90909
75 2 31.6348 31.6284 31.6316 15.8158 0.8
28 2 31.6138 31.6138 31.6138 15.8069 2.66667
18 1 29.1426 29.1426 29.1426 0 2.66667
2 1 4.53925 4.53925 4.53925 0 2.66667
15 1 1.39679 1.39679 1.39679 0 2.66667
35 1 1.37526 1.37526 1.37526 0 2.8
21 1 1.26735 1.26735 1.26735 0 2.66667
8 1 1.22543 1.22543 1.22543 0 2.66667
16 1 1.22429 1.22429 1.22429 0 2.66667
5 1 1.22429 1.22429 1.22429 0 2.66667
17 1 1.22429 1.22429 1.22429 0 2.66667
19 1 1.22429 1.22429 1.22429 0 2.8
1 1 1.22429 1.22429 1.22429 0 0.666667
109 1 0.100223 0.100223 0.100223 0 1.35714
159 1 0.0311315 0.0311315 0.0311315 0 0.666667
67 1 0.0309767 0.0309767 0.0309767 0 2.8
85 1 0.00163747 0.00163747 0.00163747 0 3.35714
169 1 1e-08 1e-08 1e-08 0 2.8
132 1 1e-08 1e-08 1e-08 0 2.85714
176 1 1e-08 1e-08 1e-08 0 2.66667
178 1 1e-08 1e-08 1e-08 0 3.35714
184 1 1e-08 1e-08 1e-08 0 1.35714
185 1 1e-08 1e-08 1e-08 0 2.8

97 9 67.4935 67.4935 139.68 132.181 1.3
187 1 132.559 132.559 132.559 0 1.35714
165 8 57.9811 56.2358 126.912 119.823 1.35714
51 8 55.739 55.739 118.445 111.478 2.66667
167 7 47.3259 47.2745 112.309 105.554 0.888889
172 4 88.5081 88.4942 88.5031 66.3773 0.923077
81 4 88.1507 88.0524 88.077 66.0578 2.90909
152 3 87.9201 86.8678 87.5694 58.3798 2.90909
182 5 33.4754 33.4754 80.2403 73.5452 0.933333
173 5 27.5652 27.4712 76.8 71.2919 2.88889
183 5 47.5908 47.2971 75.7364 66.2652 0.888889
186 5 94.5573 7.14286e-09 75.6458 60.9876 2.66667
96 5 36.6088 36.4609 72.9737 65.6683 3.35714
163 4 23.5617 23.5617 62.4019 56.5114 0.888889
75 2 31.6348 31.6284 31.6316 15.8158 0.8
28 2 31.6138 31.6138 31.6138 15.8069 2.66667
18 1 29.1426 29.1426 29.1426 0 2.66667
2 1 4.53925 4.53925 4.53925 0 2.66667
15 1 1.39679 1.39679 1.39679 0 2.66667
35 1 1.37526 1.37526 1.37526 0 2.8
21 1 1.26735 1.26735 1.26735 0 2.66667
8 1 1.22543 1.22543 1.22543 0 2.66667
16 1 1.22429 1.22429 1.22429 0 2.66667
5 1 1.22429 1.22429 1.22429 0 2.66667
17 1 1.22429 1.22429 1.22429 0 2.66667
19 1 1.22429 1.22429 1.22429 0 2.8
1 1 1.22429 1.22429 1.22429 0 0.666667
109 1 0.100223 0.100223 0.100223 0 1.35714
159 1 0.0311315 0.0311315 0.0311315 0 0.666667
67 1 0.0309767 0.0309767 0.0309767 0 2.8
85 1 0.00163747 0.00163747 0.00163747 0 3.35714
132 1 1e-08 1e-08 1e-08 0 2.85714
178 1 5e-09 5e-09 1e-08 5e-09 3.35714
184 1 1e-08 1e-08 1e-08 0 1.35714
185 1 1e-08 1e-08 1e-08 0 2.8
166 1 1e-08 1e-08 1e-08 0 2.88889

183 5 133.254 132.432 132.596 106.077 0.888889
97 10 62.494 62.494 124.943 118.694 1.3
167 9 76.0595 75.9769 118.004 109.561 0.9
187 9 41.5993 39.22 112.991 108.576 1.35714
51 9 45.8239 45.8239 112.014 106.922 3.16667
163 4 88.3562 88.3562 88.3562 66.2672 0.888889
173 5 88.2088 87.9077 88.1294 70.5035 2.88889
96 5 87.8612 87.5062 87.6655 70.1324 3.35714
182 5 39.5619 39.5619 71.1166 63.2042 0.933333
81 5 40.0685 40.0238 63.9932 55.9867 2.90909
172 4 33.2797 23.6015 55.5119 49.0178 0.923077
152 3 24.063 23.9782 48.8044 40.8022 2.90909
75 2 31.6348 31.6284 31.6316 15.8158 0.8
28 2 31.6138 31.6138 31.6138 15.8069 2.66667
18 1 29.1426 29.1426 29.1426 0 2.66667
165 1 19.08 19.08 19.1154 0.0354298 1.35714
2 1 4.53925 4.53925 4.53925 0 2.66667
15 1 1.39679 1.39679 1.39679 0 2.66667
35 1 1.37526 1.37526 1.37526 0 2.8
21 1 1.26735 1.26735 1.26735 0 2.66667
8 1 1.22543 1.22543 1.22543 0 2.66667
16 1 1.22429 1.22429 1.22429 0 2.66667
5 1 1.22429 1.22429 1.22429 0 2.66667
17 1 1.22429 1.22429 1.22429 0 2.66667
19 1 1.22429 1.22429 1.22429 0 2.8
1 1 1.22429 1.22429 1.22429 0 0.666667
109 1 0.100223 0.100223 0.100223 0 1.35714
159 1 0.0311315 0.0311315 0.0311315 0 0.666667
67 1 0.0309767 0.0309767 0.0309767 0 2.8
85 1 0.00163747 0.00163747 0.00163747 0 3.35714
132 1 1e-08 1e-08 1e-08 0 2.85714
178 1 1e-08 1e-08 1e-08 0 3.35714
184 1 1e-08 1e-08 1e-08 0 1.35714
185 1 1e-08 1e-08 1e-08 0 2.8
166 1 1e-08 1e-08 1e-08 0 2.88889
188 1 1e-08 1e-08 1e-08 0 1.3
189 1 1e-08 1e-08 1e-08 0 3.16667

97 9 46.5473 46.5473 109.929 104.757 1.3
187 8 42.4553 40.8015 103.942 98.8079 1.35714
51 8 52.9521 52.9521 99.2866 92.6676 2.66667
172 4 116.356 88.5057 95.4696 71.6656 1.42308
167 7 49.8167 49.7627 92.6608 85.5507 0.9
183 7 37.3112 37.0809 88.597 83.2903 2.90909
81 5 88.1507 88.0524 88.0721 70.4577 2.92308
152 3 88.231 87.9201 88.0237 58.6825 2.90909
96 7 43.9306 43.9259 87.6671 81.3915 3.35714
182 5 87.0361 87.0361 87.0361 69.6289 0.933333
163 6 48.2693 48.1943 80.8168 72.7809 0.888889
173 6 44.1505 44.0885 80.5853 73.2339 2.88889
75 2 31.6348 31.6284 31.6316 15.8158 0.8
28 2 31.6138 31.6138 31.6138 15.8069 2.66667
18 1 29.1426 29.1426 29.1426 0 2.66667
2 1 4.53925 4.53925 4.53925 0 2.66667
15 1 1.39679 1.39679 1.39679 0 2.66667
35 1 1.37526 1.37526 1.37526 0 2.8
21 1 1.26735 1.26735 1.26735 0 2.66667
8 1 1.22543 1.22543 1.22543 0 2.66667
16 1 1.22429 1.22429 1.22429 0 2.66667
5 1 1.22429 1.22429 1.22429 0 2.66667
17 1 1.22429 1.22429 1.22429 0 2.66667
19 1 1.22429 1.22429 1.22429 0 2.8
1 1 1.22429 1.22429 1.22429 0 0.666667
109 1 0.100223 0.100223 0.100223 0 1.35714
159 1 0.0311315 0.0311315 0.0311315 0 0.666667
67 1 0.0309767 0.0309767 0.0309767 0 2.8
85 1 0.00163747 0.00163747 0.00163747 0 3.35714
132 1 1e-08 1e-08 1e-08 0 2.85714
178 1 1e-08 1e-08 1e-08 0 3.35714
184 1 1e-08 1e-08 1e-08 0 1.35714
185 1 1e-08 1e-08 1e-08 0 2.8
166 1 1e-08 1e-08 1e-08 0 2.88889
189 1 1e-08 1e-08 1e-08 0 3.16667
190 1 1e-08 1e-08 1e-08 0 0.888889

167 9 57.9501 57.8879 119.101 112.668 0.9
183 9 99.9407 99.3239 118.623 107.579 0.909091
187 8 58.6358 55.0824 112.972 105.984 1.35714
51 8 44.1267 44.1267 110.319 104.803 3.16667
97 7 58.3278 58.3278 101.02 92.6872 1.3
163 6 88.4937 88.3562 88.3956 73.663 0.888889
173 6 88.301 88.1769 88.2164 73.5136 2.88889
182 5 87.0361 87.0361 87.0361 69.6289 0.933333
96 6 40.5513 40.5513 81.0968 74.3382 3.35714
166 2 133.254 1e-08 66.6272 47.1125 2.88889
190 4 132.432 1e-08 66.2161 52.3484 0.888889
81 4 27.1233 27.0931 62.8643 56.0891 2.90909
152 3 20.361 20.2893 49.0784 42.2994 2.90909
172 3 23.8911 15.6192 39.6184 33.5181 0.923077
75 2 31.6348 31.6284 31.6316 15.8158 0.8
28 2 31.6138 31.6138 31.6138 15.8069 2.66667
18 1 29.1426 29.1426 29.1426 0 2.66667
2 1 4.53925 4.53925 4.53925 0 2.66667
15 1 1.39679 1.39679 1.39679 0 2.66667
35 1 1.37526 1.37526 1.37526 0 2.8
21 1 1.26735 1.26735 1.26735 0 2.66667
8 1 1.22543 1.22543 1.22543 0 2.66667
5 1 1.22429 1.22429 1.22429 0 2.66667
17 1 1.22429 1.22429 1.22429 0 2.66667
19 1 1.22429 1.22429 1.22429 0 2.8
1 1 1.22429 1.22429 1.22429 0 0.666667
16 1 1.22429 1.22429 1.22429 0 2.66667
109 1 0.100223 0.100223 0.100223 0 1.35714
191 1 0.0354194 0.0354194 0.0354194 0 2.8
159 1 0.0311315 0.0311315 0.0311315 0 0.666667
67 1 0.0309767 0.0309767 0.0309767 0 2.8
85 1 0.00163747 0.00163747 0.00163747 0 3.35714
193 1 1e-08 1e-08 1e-08 0 2.88889

97 10 136.351 111.642 133.88 120.494 0.8
167 9 47.7087 46.7564 124.854 119.642 0.888889
51 8 66.1901 66.1901 107.825 99.5511 3.16667
183 8 44.4181 44.1442 105.155 99.6288 2.88889
194 1 99.1901 99.1901 99.1901 0 3.35714
152 3 88.231 87.9201 88.1274 58.7516 2.90909
81 4 88.1507 88.0524 88.077 66.0578 2.92308
187 6 41.8868 39.365 81.1929 74.379 1.38889
163 5 24.5816 24.5434 73.974 69.0596 0.888889
172 3 88.509 25.582 67.5333 46.0953 0.923077
173 5 19.1959 19.1758 64.9852 61.1476 2.92308
96 4 25.1032 25.1032 62.7744 56.4986 3.35714
182 4 23.2108 23.2096 61.8969 56.0944 0.933333
75 2 31.6348 31.6284 31.6316 15.8158 0.8
28 2 31.6138 31.6138 31.6138 15.8069 2.66667
18 1 29.1426 29.1426 29.1426 0 2.66667
2 1 4.53925 4.53925 4.53925 0 2.66667
15 1 1.39679 1.39679 1.39679 0 2.66667
35 1 1.37526 1.37526 1.37526 0 2.8
21 1 1.26735 1.26735 1.26735 0 2.66667
8 1 1.22543 1.22543 1.22543 0 2.66667
16 1 1.22429 1.22429 1.22429 0 2.66667
1 1 1.22429 1.22429 1.22429 0 0.666667
19 1 1.22429 1.22429 1.22429 0 2.8
17 1 1.22429 1.22429 1.22429 0 2.66667
5 1 1.22429 1.22429 1.22429 0 2.66667
109 1 0.100223 0.100223 0.100223 0 1.35714
191 1 0.0354194 0.0354194 0.0354194 0 2.8
159 1 0.0311315 0.0311315 0.0311315 0 0.666667
67 1 0.0309767 0.0309767 0.0309767 0 2.8
85 1 0.00163747 0.00163747 0.00163747 0 3.35714
166 1 1e-08 1e-08 1e-08 0 2.88889
190 1 1e-08 1e-08 1e-08 0 0.888889

190 1 132.432 132.432 132.432 0 0.888889
51 9 59.5711 59.5711 125.761 119.142 2.66667
187 8 83.7735 79.6766 111.343 101.077 1.35714
97 8 36.3602 36.3602 111.188 106.643 1.3
167 8 42.4078 41.5607 109.763 104.55 0.888889
173 5 88.301 88.2088 88.2652 70.6122 2.88889
96 4 87.8612 87.8612 87.8612 65.8959 3.35714
182 4 87.0404 87.0361 87.0372 65.2779 0.933333
163 4 32.1828 32.1795 64.3437 56.2986 0.888889
152 4 22.1096 22.0577 60.6259 55.106 2.90909
195 4 39.0198 38.5926 59.8478 50.1729 2.9
172 3 88.509 1.29138 59.4364 41.9274 1.42308
194 2 99.1901 1e-08 49.5951 35.069 3.35714
81 3 15.556 15.556 49.2139 44.0285 2.92308
75 2 31.6348 31.6284 31.6316 15.8158 0.8
28 2 31.6138 31.6138 31.6138 15.8069 2.66667
18 1 29.1426 29.1426 29.1426 0 2.66667
2 1 4.53925 4.53925 4.53925 0 2.66667
15 1 1.39679 1.39679 1.39679 0 2.66667
35 1 1.37526 1.37526 1.37526 0 2.8
21 1 1.26735 1.26735 1.26735 0 2.66667
8 1 1.22543 1.22543 1.22543 0 2.66667
16 1 1.22429 1.22429 1.22429 0 2.66667
1 1 1.22429 1.22429 1.22429 0 0.666667
19 1 1.22429 1.22429 1.22429 0 2.8
17 1 1.22429 1.22429 1.22429 0 2.66667
5 1 1.22429 1.22429 1.22429 0 2.66667
109 1 0.100223 0.100223 0.100223 0 1.35714
191 1 0.0354194 0.0354194 0.0354194 0 2.8
159 1 0.0311315 0.0311315 0.0311315 0 0.666667
67 1 0.0309767 0.0309767 0.0309767 0 2.8
85 1 0.00163747 0.00163747 0.00163747 0 3.35714
196 1 1e-08 1e-08 1e-08 0 2.92308
197 1 1e-08 1e-08 1e-08 0 0.8

97 8 149.986 149.986 149.986 131.237 1.3
187 8 146.604 139.434 143.725 125.759 1.35714
195 9 103.369 101.306 135.513 124.208 0.9
51 7 16.8484 16.8484 97.1047 94.6978 2.66667
190 6 14.7147 14.7147 95.0925 92.64 0.888889
163 4 88.5027 88.4937 88.496 66.372 0.888889
152 4 88.4383 88.231 88.3182 66.2387 2.90909
173 5 88.301 88.2088 88.2652 70.6122 2.88889
81 3 88.1507 88.1507 88.1507 58.7671 2.92308
96 4 87.8612 87.8612 87.8612 65.8959 3.35714
182 4 87.0361 87.0216 87.0325 65.2744 0.933333
172 3 88.509 1.29138 59.4364 41.9274 1.42308
194 2 99.1901 1e-08 49.5951 35.069 3.35714
75 2 31.6348 31.6284 31.6316 15.8158 0.8
28 2 31.6138 31.6138 31.6138 15.8069 2.66667
18 1 29.1426 29.1426 29.1426 0 2.66667
2 1 4.53925 4.53925 4.53925 0 2.66667
15 1 1.39679 1.39679 1.39679 0 2.66667
35 1 1.37526 1.37526 1.37526 0 2.8
21 1 1.26735 1.26735 1.26735 0 2.66667
8 1 1.22543 1.22543 1.22543 0 2.66667
5 1 1.22429 1.22429 1.22429 0 2.66667
17 1 1.22429 1.22429 1.22429 0 2.66667
19 1 1.22429 1.22429 1.22429 0 2.8
1 1 1.22429 1.22429 1.22429 0 0.666667
16 1 1.22429 1.22429 1.22429 0 2.66667
109 1 0.100223 0.100223 0.100223 0 1.35714
191 1 0.0354194 0.0354194 0.0354194 0 2.8
159 1 0.0311315 0.0311315 0.0311315 0 0.666667
67 1 0.0309767 0.0309767 0.0309767 0 2.8
85 1 0.00163747 0.00163747 0.00163747 0 3.35714
197 1 1e-08 1e-08 1e-08 0 0.8
198 1 5e-09 5e-09 1e-08 5e-09 3.3

195 9 137.825 135.074 135.659 120.586 0.9
190 6 132.433 132.432 132.432 110.36 0.888889
51 7 132.38 132.38 132.38 113.469 3.16667
187 8 22.1532 21.6713 113.41 110.678 1.85714
97 7 17.2115 17.2115 98.3914 95.9326 1.3
163 4 88.5027 88.4937 88.496 66.372 0.909091
152 4 88.4383 88.231 88.3182 66.2387 2.90909
173 5 88.301 88.2088 88.2652 70.6122 2.88889
81 3 88.1507 88.1507 88.1507 58.7671 2.92308
96 4 87.8612 87.8612 87.8612 65.8959 3.35714
182 4 87.0361 87.0216 87.0325 65.2744 0.933333
172 3 88.509 25.582 67.5333 46.0953 1.42308
194 2 99.1901 1e-08 49.5951 35.069 3.35714
75 2 31.6348 31.6284 31.6316 15.8158 0.8
28 2 31.6138 31.6138 31.6138 15.8069 2.66667
18 1 29.1426 29.1426 29.1426 0 2.66667
2 1 4.53925 4.53925 4.53925 0 2.66667
15 1 1.39679 1.39679 1.39679 0 2.66667
35 1 1.37526 1.37526 1.37526 0 2.8
21 1 1.26735 1.26735 1.26735 0 2.66667
8 1 1.22543 1.22543 1.22543 0 2.66667
16 1 1.22429 1.22429 1.22429 0 2.66667
1 1 1.22429 1.22429 1.22429 0 0.666667
19 1 1.22429 1.22429 1.22429 0 2.8
17 1 1.22429 1.22429 1.22429 0 2.66667
5 1 1.22429 1.22429 1.22429 0 2.66667
109 1 0.100223 0.100223 0.100223 0 1.35714
191 1 0.0354194 0.0354194 0.0354194 0 2.8
159 1 0.0311315 0.0311315 0.0311315 0 0.666667
67 1 0.0309767 0.0309767 0.0309767 0 2.8
85 1 0.00163747 0.00163747 0.00163747 0 3.35714
197 1 5e-09 5e-09 1e-08 5e-09 1.8
198 1 1e-08 1e-08 1e-08 0 2.8

97 7 149.986 149.986 149.986 128.559 1.3
187 8 149.534 146.281 147.531 129.09 1.85714
51 7 132.38 132.38 132.38 113.469 3.16667
172 3 135.383 88.5089 104.134 69.8121 0.933333
190 6 12.6232 12.6126 92.6208 90.5182 0.888889
163 4 88.5027 88.4937 88.496 66.372 0.909091
152 4 88.4383 88.231 88.3182 66.2387 2.90909
173 5 88.301 88.2088 88.2652 70.6122 2.88889
81 3 88.1507 88.1507 88.1507 58.7671 2.92308
96 4 87.8612 87.8612 87.8612 65.8959 3.35714
182 4 87.0361 87.0216 87.0325 65.2744 0.933333
195 4 11.026 10.859 68.5502 65.8129 0.9
194 2 99.1901 1e-08 49.5951 35.069 3.35714
75 2 31.6348 31.6284 31.6316 15.8158 0.8
28 2 31.6138 31.6138 31.6138 15.8069 2.66667
18 1 29.1426 29.1426 29.1426 0 2.66667
2 1 4.53925 4.53925 4.53925 0 2.66667
15 1 1.39679 1.39679 1.39679 0 2.66667
35 1 1.37526 1.37526 1.37526 0 2.8
21 1 1.26735 1.26735 1.26735 0 2.66667
8 1 1.22543 1.22543 1.22543 0 2.66667
16 1 1.22429 1.22429 1.22429 0 2.66667
1 1 1.22429 1.22429 1.22429 0 0.666667
19 1 1.22429 1.22429 1.22429 0 2.8
17 1 1.22429 1.22429 1.22429 0 2.66667
5 1 1.22429 1.22429 1.22429 0 2.66667
199 1 0.313873 0.313873 0.313873 0 0.9
109 1 0.100223 0.100223 0.100223 0 1.35714
191 1 0.0354194 0.0354194 0.0354194 0 2.8
159 1 0.0311315 0.0311315 0.0311315 0 0.666667
67 1 0.0309767 0.0309767 0.0309767 0 2.8
85 1 0.00163747 0.00163747 0.00163747 0 3.35714
197 1 1e-08 1e-08 1e-08 0 0.8
198 1 1e-08 1e-08 1e-08 0 2.8
200 1 1e-08 1e-08 1e-08 0 0.909091

195 4 137.825 135.737 136.865 102.649 0.9
190 6 132.544 132.433 132.465 110.388 0.888889
51 7 132.38 132.38 132.38 113.469 2.66667
97 7 17.7949 17.7949 102.099 99.5569 1.3
187 7 18.6918 18.5349 99.6065 96.9465 1.85714
163 4 88.5027 88.4937 88.496 66.372 0.888889
152 4 88.4383 88.231 88.3182 66.2387 2.90909
173 5 88.301 88.2088 88.2652 70.6122 2.88889
81 3 88.1507 88.1507 88.1507 58.7671 2.92308
96 4 87.8612 87.8612 87.8612 65.8959 3.35714
182 4 87.0361 87.0216 87.0325 65.2744 0.933333
172 3 88.509 25.582 67.5333 46.0953 0.923077
194 2 99.1901 1e-08 49.5951 35.069 3.35714
75 2 31.6348 31.6284 31.6316 15.8158 0.8
28 2 31.6138 31.6138 31.6138 15.8069 2.66667
18 1 29.1426 29.1426 29.1426 0 2.66667
2 1 4.53925 4.53925 4.53925 0 2.66667
15 1 1.39679 1.39679 1.39679 0 2.66667
35 1 1.37526 1.37526 1.37526 0 2.8
21 1 1.26735 1.26735 1.26735 0 2.66667
8 1 1.22543 1.22543 1.22543 0 2.66667
16 1 1.22429 1.22429 1.22429 0 2.66667
1 1 1.22429 1.22429 1.22429 0 0.666667
19 1 1.22429 1.22429 1.22429 0 2.8
17 1 1.22429 1.22429 1.22429 0 2.66667
5 1 1.22429 1.22429 1.22429 0 2.66667
199 1 0.313873 0.313873 0.313873 0 0.9
109 1 0.100223 0.100223 0.100223 0 1.35714
191 1 0.0354194 0.0354194 0.0354194 0 2.8
159 1 0.0311315 0.0311315 0.0311315 0 0.666667
67 1 0.0309767 0.0309767 0.0309767 0 2.8
85 1 0.00163747 0.00163747 0.00163747 0 3.35714
197 1 1e-08 1e-08 1e-08 0 0.8
198 1 1e-08 1e-08 1e-08 0 2.8
200 1 1e-08 1e-08 1e-08 0 0.909091

97 7 149.986 149.986 149.986 128.559 1.3
187 7 149.534 148.279 148.96 127.68 1.88889
51 7 132.38 132.38 132.38 113.469 2.66667
172 3 135.383 88.509 104.134 69.8121 0.923077
190 6 16.2316 16.2298 94.9098 92.2048 0.888889
163 4 88.5027 88.4937 88.496 66.372 0.888889
152 4 88.4383 88.231 88.3182 66.2387 2.90909
173 5 88.301 88.2088 88.2652 70.6122 2.90909
81 3 88.1507 88.1507 88.1507 58.7671 2.92308
96 4 87.8612 87.8612 87.8612 65.8959 3.35714
182 4 87.0361 87.0216 87.0325 65.2744 0.933333
195 5 11.4318 11.2963 73.6022 71.3322 0.9
194 2 99.1901 1e-08 49.5951 35.069 3.35714
75 2 31.6348 31.6284 31.6316 15.8158 0.8
28 2 31.6138 31.6138 31.6138 15.8069 2.66667
18 1 29.1426 29.1426 29.1426 0 2.66667
2 1 4.53925 4.53925 4.53925 0 2.66667
15 1 1.39679 1.39679 1.39679 0 2.66667
35 1 1.37526 1.37526 1.37526 0 2.8
21 1 1.26735 1.26735 1.26735 0 2.66667
8 1 1.22543 1.22543 1.22543 0 2.66667
5 1 1.22429 1.22429 1.22429 0 2.66667
17 1 1.22429 1.22429 1.22429 0 2.66667
19 1 1.22429 1.22429 1.22429 0 2.8
1 1 1.22429 1.22429 1.22429 0 0.666667
16 1 1.22429 1.22429 1.22429 0 2.66667
109 1 0.100223 0.100223 0.100223 0 1.35714
191 1 0.0354194 0.0354194 0.0354194 0 2.8
67 1 0.0309767 0.0309767 0.0309767 0 2.8
159 1 0.0155658 0.0155658 0.0182531 0.00268731 0.666667
85 1 0.00163747 0.00163747 0.00163747 0 3.35714
197 1 1e-08 1e-08 1e-08 0 0.8
198 1 1e-08 1e-08 1e-08 0 2.8
200 1 1e-08 1e-08 1e-08 0 0.909091

195 5 139.468 137.814 138.467 110.774 0.9
190 6 132.558 132.544 132.546 110.455 0.888889
51 7 132.38 132.38 132.38 113.469 2.66667
187 7 18.0975 18.0473 109.64 107.058 1.85714
163 4 88.5027 88.4937 88.496 66.372 0.888889
152 4 88.4383 88.231 88.3182 66.2387 2.90909
173 5 88.301 88.2088 88.2652 70.6122 2.88889
81 3 88.1507 88.1507 88.1507 58.7671 2.92308
96 4 87.8612 87.8612 87.8612 65.8959 3.35714
182 4 87.0361 87.0216 87.0325 65.2744 0.933333
97 5 13.8876 13.8876 82.2526 79.475 1.3
172 3 88.509 1.29138 59.4364 41.9274 0.933333
194 2 99.1901 1e-08 49.5951 35.069 3.35714
201 1 45.4463 45.4463 45.4463 0 1.3
75 2 31.6348 31.6284 31.6316 15.8158 0.8
28 2 31.6138 31.6138 31.6138 15.8069 2.66667
18 1 29.1426 29.1426 29.1426 0 2.66667
2 1 4.53925 4.53925 4.53925 0 2.66667
15 1 1.39679 1.39679 1.39679 0 2.66667
35 1 1.37526 1.37526 1.37526 0 2.8
21 1 1.26735 1.26735 1.26735 0 2.66667
8 1 1.22543 1.22543 1.22543 0 2.66667
5 1 1.22429 1.22429 1.22429 0 2.66667
17 1 1.22429 1.22429 1.22429 0 2.66667
19 1 1.22429 1.22429 1.22429 0 2.8
1 1 1.22429 1.22429 1.22429 0 0.666667
16 1 1.22429 1.22429 1.22429 0 2.66667
109 1 0.100223 0.100223 0.100223 0 1.35714
191 1 0.0354194 0.0354194 0.0354194 0 2.8
159 1 0.0311315 0.0311315 0.0311315 0 0.666667
67 1 0.0309767 0.0309767 0.0309767 0 2.8
85 1 0.00163747 0.00163747 0.00163747 0 3.35714
197 1 1e-08 1e-08 1e-08 0 0.8
198 1 1e-08 1e-08 1e-08 0 2.8
200 1 1e-08 1e-08 1e-08 0 0.909091
202 1 1e-08 1e-08 1e-08 0 3.3

187 7 149.951 149.534 149.771 128.375 1.85714
51 7 132.38 132.38 132.38 113.469 2.66667
97 8 149.986 1e-08 111.821 98.0858 0.8
190 8 18.9609 18.9368 105.401 103.033 0.923077
163 4 88.5027 88.4937 88.496 66.372 0.888889
152 4 88.4383 88.231 88.3182 66.2387 2.90909
173 5 88.301 88.2088 88.2652 70.6122 2.88889
81 3 88.1507 88.1507 88.1507 58.7671 2.92308
96 4 87.8612 87.8612 87.8612 65.8959 3.35714
182 4 87.0404 87.0361 87.0372 65.2779 0.933333
195 6 15.274 15.2147 78.6793 76.1386 0.916667
172 3 88.509 25.582 67.5333 46.0953 0.923077
75 2 31.6348 31.6284 31.6316 15.8158 0.8
28 2 31.6138 31.6138 31.6138 15.8069 2.66667
18 1 29.1426 29.1426 29.1426 0 2.66667
2 1 4.53925 4.53925 4.53925 0 2.66667
15 1 1.39679 1.39679 1.39679 0 2.66667
35 1 1.37526 1.37526 1.37526 0 2.8
21 1 1.26735 1.26735 1.26735 0 2.66667
8 1 1.22543 1.22543 1.22543 0 2.66667
5 1 1.22429 1.22429 1.22429 0 2.66667
17 1 1.22429 1.22429 1.22429 0 2.66667
19 1 1.22429 1.22429 1.22429 0 2.8
1 1 1.22429 1.22429 1.22429 0 0.666667
16 1 1.22429 1.22429 1.22429 0 2.66667
109 1 0.100223 0.100223 0.100223 0 1.35714
191 1 0.0354194 0.0354194 0.0354194 0 2.8
159 1 0.0311315 0.0311315 0.0311315 0 0.666667
67 1 0.0309767 0.0309767 0.0309767 0 2.8
85 1 0.00163747 0.00163747 0.00163747 0 3.35714
202 1 1e-08 1e-08 1e-08 0 3.3
200 1 1e-08 1e-08 1e-08 0 0.909091
198 1 1e-08 1e-08 1e-08 0 2.8
194 1 1e-08 1e-08 1e-08 0 3.35714

97 6 149.986 99.1901 141.52 117.975 3.35714
195 6 140.012 139.468 139.74 116.45 0.9
190 8 132.726 132.558 132.61 116.034 0.888889
187 8 21.0458 21.0298 111.202 108.572 1.85714
51 7 16.2572 16.2572 99.9469 97.6245 2.66667
163 4 88.5027 88.4937 88.496 66.372 0.888889
152 4 88.4383 88.231 88.3182 66.2387 2.90909
173 5 88.301 88.2088 88.2652 70.6122 2.90909
81 3 88.1507 88.1507 88.1507 58.7671 2.92308
96 4 87.8612 87.8612 87.8612 65.8959 3.35714
182 4 87.0404 87.0361 87.0372 65.2779 0.933333
172 3 88.509 25.582 67.5333 46.0953 0.933333
203 1 45.4463 45.4463 45.4463 0 1.3
75 2 31.6348 31.6284 31.6316 15.8158 0.8
28 2 31.6138 31.6138 31.6138 15.8069 2.66667
18 1 29.1426 29.1426 29.1426 0 2.66667
2 1 4.53925 4.53925 4.53925 0 2.66667
15 1 1.39679 1.39679 1.39679 0 2.66667
35 1 1.37526 1.37526 1.37526 0 2.8
21 1 1.26735 1.26735 1.26735 0 2.66667
8 1 1.22543 1.22543 1.22543 0 2.66667
5 1 1.22429 1.22429 1.22429 0 2.66667
17 1 1.22429 1.22429 1.22429 0 2.66667
19 1 1.22429 1.22429 1.22429 0 2.8
1 1 1.22429 1.22429 1.22429 0 0.666667
16 1 1.22429 1.22429 1.22429 0 2.66667
109 1 0.100223 0.100223 0.100223 0 1.35714
191 1 0.0354194 0.0354194 0.0354194 0 2.8
159 1 0.0311315 0.0311315 0.0311315 0 0.666667
67 1 0.0309767 0.0309767 0.0309767 0 2.8
85 1 0.00163747 0.00163747 0.00163747 0 3.35714
202 1 1e-08 1e-08 1e-08 0 3.3
200 1 1e-08 1e-08 1e-08 0 0.909091
198 1 1e-08 1e-08 1e-08 0 2.8
194 1 1e-08 1e-08 1e-08 0 3.35714
204 1 1e-08 1e-08 1e-08 0 0.8

187 8 149.951 149.837 149.894 131.157 1.85714
190 8 132.726 132.558 132.61 116.034 0.888889
202 8 79.9923 79.9923 129.988 119.989 1.3
51 7 115.833 115.833 115.833 99.2851 3.3
163 4 88.5027 88.4937 88.496 66.372 0.888889
152 4 88.4383 88.231 88.3182 66.2387 2.90909
173 5 88.301 88.2088 88.2652 70.6122 2.88889
81 3 88.1507 88.1507 88.1507 58.7671 2.92308
96 4 87.8612 87.8612 87.8612 65.8959 3.35714
195 5 14.3678 13.4627 87.7443 85.0073 0.9
182 4 87.0404 87.0361 87.0372 65.2779 0.933333
97 5 29.9971 29.9971 85.1868 79.1874 3.35714
172 3 88.509 34.5937 70.5372 47.7819 1.42308
205 3 24.9976 24.9976 49.5661 41.2336 1.3
75 2 31.6348 31.6284 31.6316 15.8158 0.8
28 2 31.6138 31.6138 31.6138 15.8069 2.66667
18 1 29.1426 29.1426 29.1426 0 2.66667
203 1 22.7232 22.7232 22.7232 5e-09 1.3
2 1 4.53925 4.53925 4.53925 0 2.66667
15 1 1.39679 1.39679 1.39679 0 2.66667
35 1 1.37526 1.37526 1.37526 0 2.8
21 1 1.26735 1.26735 1.26735 0 2.66667
8 1 1.22543 1.22543 1.22543 0 2.66667
5 1 1.22429 1.22429 1.22429 0 2.66667
17 1 1.22429 1.22429 1.22429 0 2.66667
19 1 1.22429 1.22429 1.22429 0 2.8
1 1 1.22429 1.22429 1.22429 0 0.666667
16 1 1.22429 1.22429 1.22429 0 2.66667
109 1 0.100223 0.100223 0.100223 0 1.35714
191 1 0.0354194 0.0354194 0.0354194 0 2.8
159 1 0.0311315 0.0311315 0.0311315 0 0.666667
67 1 0.0309767 0.0309767 0.0309767 0 2.8
85 1 0.00163747 0.00163747 0.00163747 0 3.35714
200 1 1e-08 1e-08 1e-08 0 0.909091
198 1 1e-08 1e-08 1e-08 0 2.8
204 1 1e-08 1e-08 1e-08 0 0.8
206 1 1e-08 1e-08 1e-08 0 2.9
207 1 1e-08 1e-08 1e-08 0 2.9

202 10 93.741 93.741 149.986 140.612 1.3
208 4 132.38 132.38 132.38 99.2851 2.66667
51 3 132.38 132.38 132.38 88.2535 2.66667
187 8 20.6831 20.6783 120.327 117.742 1.85714
195 6 128.079 8.57143e-09 101.66 85.056 2.9
163 4 88.5027 88.4937 88.496 66.372 0.888889
152 4 88.4383 88.231 88.3182 66.2387 2.90909
173 5 88.301 88.2088 88.2652 70.6122 2.90909
81 3 88.1507 88.1507 88.1507 58.7671 2.92308
96 4 87.8612 87.8612 87.8612 65.8959 3.35714
182 4 87.0361 87.0216 87.0325 65.2744 0.933333
190 5 12.2143 11.6426 86.756 84.4046 0.888889
172 3 88.509 1.29138 59.4364 41.9274 1.42308
203 1 45.4463 45.4463 45.4463 0 1.3
75 2 31.6348 31.6284 31.6316 15.8158 0.8
28 2 31.6138 31.6138 31.6138 15.8069 2.66667
18 1 29.1426 29.1426 29.1426 0 2.66667
2 1 4.53925 4.53925 4.53925 0 2.66667
15 1 1.39679 1.39679 1.39679 0 2.66667
35 1 1.37526 1.37526 1.37526 0 2.8
21 1 1.26735 1.26735 1.26735 0 2.66667
8 1 1.22543 1.22543 1.22543 0 2.66667
5 1 1.22429 1.22429 1.22429 0 2.66667
17 1 1.22429 1.22429 1.22429 0 2.66667
19 1 1.22429 1.22429 1.22429 0 2.8
1 1 1.22429 1.22429 1.22429 0 0.666667
16 1 1.22429 1.22429 1.22429 0 2.66667
109 1 0.100223 0.100223 0.100223 0 1.35714
191 1 0.0354194 0.0354194 0.0354194 0 2.8
159 1 0.0311315 0.0311315 0.0311315 0 0.666667
67 1 0.0309767 0.0309767 0.0309767 0 2.8
85 1 0.00163747 0.00163747 0.00163747 0 3.35714
200 1 1e-08 1e-08 1e-08 0 0.909091
198 1 1e-08 1e-08 1e-08 0 2.8
204 1 1e-08 1e-08 1e-08 0 0.8
209 1 1e-08 1e-08 1e-08 0 1.88889

187 8 149.953 149.917 149.941 131.198 1.88889
210 3 140.163 140.012 140.062 93.3749 0.9
190 5 139.243 132.726 134.031 107.226 0.888889
208 7 21.5584 21.5503 117.802 114.723 2.66667
202 6 13.4316 13.4316 103.264 101.025 1.3
195 3 149.425 1e-08 97.1438 68.6985 0.9
163 4 88.5027 88.4937 88.496 66.372 0.909091
152 4 88.4383 88.231 88.3182 66.2387 2.90909
173 5 88.301 88.2088 88.2652 70.6122 2.88889
81 3 88.1507 88.1507 88.1507 58.7671 2.92308
96 4 87.8612 87.8612 87.8612 65.8959 3.35714
182 4 87.0404 87.0361 87.0372 65.2779 0.933333
213 2 132.413 1e-08 66.2067 46.8152 3.16667
172 3 88.509 1.29138 59.4364 41.9274 1.42308
75 2 31.6348 31.6284 31.6316 15.8158 0.8
28 2 31.6138 31.6138 31.6138 15.8069 2.66667
18 1 29.1426 29.1426 29.1426 0 2.66667
2 1 4.53925 4.53925 4.53925 0 2.66667
15 1 1.39679 1.39679 1.39679 0 2.66667
35 1 1.37526 1.37526 1.37526 0 2.8
21 1 1.26735 1.26735 1.26735 0 2.66667
8 1 1.22543 1.22543 1.22543 0 2.66667
17 1 1.22429 1.22429 1.22429 0 2.66667
19 1 1.22429 1.22429 1.22429 0 2.8
1 1 1.22429 1.22429 1.22429 0 0.666667
16 1 1.22429 1.22429 1.22429 0 2.66667
5 1 1.22429 1.22429 1.22429 0 2.66667
109 1 0.100223 0.100223 0.100223 0 1.35714
159 1 0.0311315 0.0311315 0.0311315 0 0.666667
67 1 0.0309767 0.0309767 0.0309767 0 2.8
191 1 0.0177097 0.0177097 0.0177097 5e-09 3.3
85 1 0.00163747 0.00163747 0.00163747 0 3.35714
215 1 1e-08 1e-08 1e-08 0 3.3
214 1 1e-08 1e-08 1e-08 0 3.3
212 1 5e-09 5e-09 1e-08 5e-09 3.16667
211 1 1e-08 1e-08 1e-08 0 3.3
209 1 1e-08 1e-08 1e-08 0 1.88889
198 1 5e-09 5e-09 1e-08 5e-09 3.16667
200 1 1e-08 1e-08 1e-08 0 0.909091

190 4 132.736 132.726 132.728 99.5463 0.888889
208 6 132.38 132.38 132.38 110.317 3.16667
202 7 149.986 1e-08 128.559 110.448 3.3
187 7 21.4218 21.4216 95.2601 92.1999 2.38889
210 6 13.5841 12.7421 91.9102 89.7581 0.9
163 4 88.5027 88.4937 88.496 66.372 0.888889
152 4 88.4383 88.231 88.3182 66.2387 2.90909
173 5 88.301 88.2088 88.2652 70.6122 2.88889
81 3 88.1507 88.1507 88.1507 58.7671 2.92308
96 4 87.8612 87.8612 87.8612 65.8959 3.35714
182 4 87.0361 87.0216 87.0325 65.2744 0.933333
213 2 132.413 1e-08 66.2067 46.8152 1.16667
172 3 88.509 1.29138 59.4364 41.9274 1.42308
75 2 31.6348 31.6284 31.6316 15.8158 0.8
28 2 31.6138 31.6138 31.6138 15.8069 2.66667
18 1 29.1426 29.1426 29.1426 0 2.66667
2 1 4.53925 4.53925 4.53925 0 2.66667
15 1 1.39679 1.39679 1.39679 0 2.66667
35 1 1.37526 1.37526 1.37526 0 2.8
21 1 1.26735 1.26735 1.26735 0 2.66667
8 1 1.22543 1.22543 1.22543 0 2.66667
17 1 1.22429 1.22429 1.22429 0 2.66667
19 1 1.22429 1.22429 1.22429 0 2.8
1 1 1.22429 1.22429 1.22429 0 0.666667
16 1 1.22429 1.22429 1.22429 0 2.66667
5 1 1.22429 1.22429 1.22429 0 2.66667
109 1 0.100223 0.100223 0.100223 0 1.35714
191 1 0.0354194 0.0354194 0.0354194 0 2.8
159 1 0.0311315 0.0311315 0.0311315 0 0.666667
67 1 0.0309767 0.0309767 0.0309767 0 2.8
85 1 0.00163747 0.00163747 0.00163747 0 3.35714
216 1 1e-08 1e-08 1e-08 0 1.88889
200 1 1e-08 1e-08 1e-08 0 0.909091
198 1 1e-08 1e-08 1e-08 0 2.8
212 1 1e-08 1e-08 1e-08 0 3.16667
214 1 1e-08 1e-08 1e-08 0 3.3
215 1 1e-08 1e-08 1e-08 0 3.3
195 1 1e-08 1e-08 1e-08 0 2.9

187 7 149.953 149.951 149.952 128.53 1.88889
210 5 142.006 140.163 140.561 112.449 0.9
202 7 149.986 1e-08 128.559 110.448 1.3
208 7 17.1647 17.1604 100.594 98.1423 3.16667
190 6 14.2422 14.2217 91.0259 88.6548 0.909091
163 4 88.5027 88.4937 88.496 66.372 0.909091
152 4 88.4383 88.231 88.3182 66.2387 2.90909
173 5 88.301 88.2088 88.2652 70.6122 2.88889
81 3 88.1507 88.1507 88.1507 58.7671 2.92308
96 4 87.8612 87.8612 87.8612 65.8959 3.35714
182 4 87.0361 87.0216 87.0325 65.2744 0.933333
195 2 149.425 1e-08 74.7125 52.8297 2.9
172 3 88.509 34.5937 70.5372 47.7819 0.933333
75 2 31.6348 31.6284 31.6316 15.8158 0.8
28 2 31.6138 31.6138 31.6138 15.8069 2.66667
18 1 29.1426 29.1426 29.1426 0 2.66667
2 1 4.53925 4.53925 4.53925 0 2.66667
15 1 1.39679 1.39679 1.39679 0 2.66667
35 1 1.37526 1.37526 1.37526 0 2.8
21 1 1.26735 1.26735 1.26735 0 2.66667
8 1 1.22543 1.22543 1.22543 0 2.66667
17 1 1.22429 1.22429 1.22429 0 2.66667
19 1 1.22429 1.22429 1.22429 0 2.8
1 1 1.22429 1.22429 1.22429 0 0.666667
16 1 1.22429 1.22429 1.22429 0 2.66667
5 1 1.22429 1.22429 1.22429 0 2.66667
109 1 0.100223 0.100223 0.100223 0 1.35714
191 1 0.0354194 0.0354194 0.0354194 0 2.8
159 1 0.0311315 0.0311315 0.0311315 0 0.666667
67 1 0.0309767 0.0309767 0.0309767 0 2.8
85 1 0.00163747 0.00163747 0.00163747 0 3.35714
216 1 1e-08 1e-08 1e-08 0 1.88889
200 1 1e-08 1e-08 1e-08 0 0.909091
198 1 5e-09 5e-09 1e-08 5e-09 2.8
214 1 1e-08 1e-08 1e-08 0 3.3
215 1 1e-08 1e-08 1e-08 0 3.3
217 1 1e-08 1e-08 1e-08 0 3.3
218 1 1e-08 1e-08 1e-08 0 2.66667

190 6 132.927 132.736 132.783 110.653 0.888889
202 7 149.986 1e-08 128.559 110.448 1.3
208 8 132.413 1e-08 115.837 101.505 3.16667
187 8 20.3326 20.3323 112.092 109.551 1.88889
210 8 22.137 21.038 109.54 106.891 0.9
163 4 88.5027 88.4937 88.496 66.372 0.888889
152 4 88.4383 88.231 88.3182 66.2387 2.90909
173 5 88.301 88.2088 88.2652 70.6122 2.90909
81 3 88.1507 88.1507 88.1507 58.7671 2.92308
182 4 87.0361 87.0216 87.0325 65.2744 0.933333
172 3 88.509 34.5937 70.5372 47.7819 0.933333
96 5 87.8612 1e-08 70.2889 56.6687 3.3
75 2 31.6348 31.6284 31.6316 15.8158 0.8
28 2 31.6138 31.6138 31.6138 15.8069 2.66667
18 1 29.1426 29.1426 29.1426 0 2.66667
2 1 4.53925 4.53925 4.53925 0 2.66667
15 1 1.39679 1.39679 1.39679 0 2.66667
35 1 1.37526 1.37526 1.37526 0 2.8
21 1 1.26735 1.26735 1.26735 0 2.66667
8 1 1.22543 1.22543 1.22543 0 2.66667
17 1 1.22429 1.22429 1.22429 0 2.66667
19 1 1.22429 1.22429 1.22429 0 2.8
1 1 1.22429 1.22429 1.22429 0 0.666667
16 1 1.22429 1.22429 1.22429 0 2.66667
5 1 1.22429 1.22429 1.22429 0 2.66667
109 1 0.100223 0.100223 0.100223 0 1.35714
191 1 0.0354194 0.0354194 0.0354194 0 2.8
159 1 0.0311315 0.0311315 0.0311315 0 0.666667
67 1 0.0309767 0.0309767 0.0309767 0 2.8
85 1 0.00163747 0.00163747 0.00163747 0 3.35714
217 1 1e-08 1e-08 1e-08 0 3.3
214 1 1e-08 1e-08 1e-08 0 3.3
198 1 1e-08 1e-08 1e-08 0 2.8
200 1 1e-08 1e-08 1e-08 0 0.909091
216 1 1e-08 1e-08 1e-08 0 1.88889
195 1 1e-08 1e-08 1e-08 0 2.9

187 8 149.953 149.951 149.952 131.208 1.88889
210 2 142.549 142.271 142.41 71.2051 0.9
208 7 132.413 132.38 132.385 113.473 3.16667
195 7 149.425 1e-08 122.79 105.493 0.9
172 3 135.383 88.509 104.134 69.8121 0.933333
190 5 10.9069 10.9006 89.3472 87.1665 2.88889
163 4 88.5027 88.4937 88.496 66.372 0.888889
152 4 88.4383 88.231 88.3182 66.2387 2.90909
173 5 88.301 88.2088 88.2652 70.6122 2.88889
81 3 88.1507 88.1507 88.1507 58.7671 2.92308
220 1 87.8612 87.8612 87.8612 0 3.35714
182 4 87.0404 87.0361 87.0372 65.2779 0.933333
202 5 14.9986 14.9986 86.5493 83.5496 1.3
96 4 87.8612 1e-08 65.8959 50.3288 3.3
75 2 31.6348 31.6284 31.6316 15.8158 0.8
28 2 31.6138 31.6138 31.6138 15.8069 2.66667
18 1 29.1426 29.1426 29.1426 0 2.66667
2 1 4.53925 4.53925 4.53925 0 2.66667
15 1 1.39679 1.39679 1.39679 0 2.66667
35 1 1.37526 1.37526 1.37526 0 2.8
21 1 1.26735 1.26735 1.26735 0 2.66667
8 1 1.22543 1.22543 1.22543 0 2.66667
19 1 1.22429 1.22429 1.22429 0 2.8
1 1 1.22429 1.22429 1.22429 0 0.666667
16 1 1.22429 1.22429 1.22429 0 2.66667
5 1 1.22429 1.22429 1.22429 0 2.66667
17 1 1.22429 1.22429 1.22429 0 2.66667
109 1 0.100223 0.100223 0.100223 0 1.35714
191 1 0.0354194 0.0354194 0.0354194 0 2.8
159 1 0.0311315 0.0311315 0.0311315 0 0.666667
67 1 0.0309767 0.0309767 0.0309767 0 2.8
85 1 0.00163747 0.00163747 0.00163747 0 3.35714
221 1 5e-09 5e-09 1e-08 5e-09 3.3
219 1 1e-08 1e-08 1e-08 0 2.66667
216 1 1e-08 1e-08 1e-08 0 1.88889
200 1 1e-08 1e-08 1e-08 0 0.909091
198 1 1e-08 1e-08 1e-08 0 2.8
214 1 1e-08 1e-08 1e-08 0 3.3
217 1 1e-08 1e-08 1e-08 0 3.3

190 5 133.065 132.988 133.021 106.417 0.888889
208 7 132.413 132.38 132.385 113.473 3.16667
202 6 149.986 1e-08 124.988 104.573 1.3
187 7 20.9934 20.9934 95.2457 92.2467 1.88889
163 4 88.5027 88.4937 88.496 66.372 0.888889
152 4 88.4383 88.231 88.3182 66.2387 2.90909
173 5 88.301 88.2088 88.2652 70.6122 2.88889
81 3 88.1507 88.1507 88.1507 58.7671 2.92308
220 4 87.8612 87.8612 87.8612 65.8959 3.35714
182 4 87.0404 87.0361 87.0372 65.2779 0.933333
210 5 11.6738 11.1367 74.8653 72.6146 0.9
195 2 142.082 1e-08 71.0411 50.2337 0.9
172 3 88.509 25.582 67.5333 46.0953 1.42308
75 2 31.6348 31.6284 31.6316 15.8158 0.8
28 2 31.6138 31.6138 31.6138 15.8069 2.66667
18 1 29.1426 29.1426 29.1426 0 2.66667
2 1 4.53925 4.53925 4.53925 0 2.66667
15 1 1.39679 1.39679 1.39679 0 2.66667
35 1 1.37526 1.37526 1.37526 0 2.8
21 1 1.26735 1.26735 1.26735 0 2.66667
8 1 1.22543 1.22543 1.22543 0 2.66667
19 1 1.22429 1.22429 1.22429 0 2.8
1 1 1.22429 1.22429 1.22429 0 0.666667
16 1 1.22429 1.22429 1.22429 0 2.66667
5 1 1.22429 1.22429 1.22429 0 2.66667
17 1 1.22429 1.22429 1.22429 0 2.66667
109 1 0.100223 0.100223 0.100223 0 1.35714
191 1 0.0354194 0.0354194 0.0354194 0 2.8
159 1 0.0311315 0.0311315 0.0311315 0 0.666667
67 1 0.0309767 0.0309767 0.0309767 0 2.8
85 1 0.00163747 0.00163747 0.00163747 0 3.35714
222 1 1e-08 1e-08 1e-08 0 0.916667
217 1 1e-08 1e-08 1e-08 0 3.3
214 1 1e-08 1e-08 1e-08 0 3.3
198 1 1e-08 1e-08 1e-08 0 2.8
200 1 1e-08 1e-08 1e-08 0 0.909091
216 1 1e-08 1e-08 1e-08 0 1.88889
219 1 1e-08 1e-08 1e-08 0 2.66667
96 1 1e-08 1e-08 1e-08 0 3.3

187 7 149.953 149.953 149.953 128.531 1.88889
202 6 149.986 1e-08 124.988 104.573 1.3
210 7 149.425 1e-08 123.19 105.836 0.9
172 3 135.383 88.5089 104.134 69.8121 1.42308
208 7 15.9809 15.9809 102.235 99.9515 3.16667
190 7 17.2865 17.2488 93.5854 91.1204 0.888889
163 4 88.5027 88.4937 88.496 66.372 0.888889
152 4 88.4383 88.231 88.3182 66.2387 2.90909
173 5 88.301 88.2088 88.2652 70.6122 2.88889
81 3 88.1507 88.1507 88.1507 58.7671 2.92308
220 4 87.8612 87.8612 87.8612 65.8959 3.35714
182 4 87.0361 87.0216 87.0325 65.2744 0.933333
75 2 31.6348 31.6284 31.6316 15.8158 0.8
28 2 31.6138 31.6138 31.6138 15.8069 2.66667
18 1 29.1426 29.1426 29.1426 0 2.66667
2 1 4.53925 4.53925 4.53925 0 2.66667
15 1 1.39679 1.39679 1.39679 0 2.66667
35 1 1.37526 1.37526 1.37526 0 2.8
21 1 1.26735 1.26735 1.26735 0 2.66667
8 1 1.22543 1.22543 1.22543 0 2.66667
19 1 1.22429 1.22429 1.22429 0 2.8
1 1 1.22429 1.22429 1.22429 0 0.666667
16 1 1.22429 1.22429 1.22429 0 2.66667
5 1 1.22429 1.22429 1.22429 0 2.66667
17 1 1.22429 1.22429 1.22429 0 2.66667
109 1 0.100223 0.100223 0.100223 0 1.35714
191 1 0.0354194 0.0354194 0.0354194 0 2.8
159 1 0.0311315 0.0311315 0.0311315 0 0.666667
67 1 0.0309767 0.0309767 0.0309767 0 2.8
85 1 0.00163747 0.00163747 0.00163747 0 3.35714
222 1 1e-08 1e-08 1e-08 0 0.916667
217 1 1e-08 1e-08 1e-08 0 3.3
214 1 1e-08 1e-08 1e-08 0 3.3
198 1 1e-08 1e-08 1e-08 0 2.8
200 1 1e-08 1e-08 1e-08 0 0.909091
216 1 1e-08 1e-08 1e-08 0 1.88889
96 1 1e-08 1e-08 1e-08 0 3.3
223 1 1e-08 1e-08 1e-08 0 3.3

