5 1 0.0522542 0.0522542 0.0522542 0 2
1 1 1e-08 1e-08 1e-08 0 0
2 1 1e-08 1e-08 1e-08 0 2
3 1 1e-08 1e-08 1e-08 0 2
4 1 1e-08 1e-08 1e-08 0 2

5 94 0.440144 1.06383e-10 0.00562505 0.0451109 2
1 1 2.5e-09 2.5e-09 1e-08 7.5e-09 0
2 1 3.33333e-09 3.33333e-09 1e-08 6.66667e-09 2
3 1 5e-09 5e-09 1e-08 5e-09 2
4 1 5e-09 5e-09 1e-08 5e-09 2

5 99 0.218908 0.000276477 0.00579679 0.0307081 2
1 1 3.33333e-09 3.33333e-09 1e-08 6.66667e-09 0
2 1 5e-09 5e-09 1e-08 5e-09 2

5 99 0.21109 0.000266603 0.0091599 0.0358922 2.5
1 1 1e-08 1e-08 1e-08 0 0
2 1 1e-08 1e-08 1e-08 0 2

8 14 2.95526 0.00373244 1.26867 1.46063 2.66667
10 1 2.45783 2.45783 2.45783 0 2.66667
30 1 1.224 1.224 1.224 0 3.16667
28 1 1.224 1.224 1.224 0 2.66667
26 1 1.224 1.224 1.224 0 2.66667
20 3 0.407973 0.407973 0.407973 0 2.66667
13 3 0.153 0.153 0.357 0.204 2.66667
9 2 0.325641 0.111273 0.528981 0.328502 2.66667
18 2 0.244799 0.244799 0.489597 0.244799 2.66667
16 2 0.306 0.305948 0.467435 0.161461 2.66667
21 2 0.135988 0.135988 0.41377 0.277782 2.5
17 2 0.408 0.408 0.408 1.66667e-09 2.66667
19 2 0.203999 0.203999 0.407997 0.203999 2.66667
14 2 0.612 0.16886 0.39043 0.22157 2.66667
11 1 0.111273 0.111273 0.67714 0.565868 2.66667
15 1 0.612 0.612 0.642378 0.0303789 2.66667
27 1 0.279364 0.279364 0.448191 0.168827 2.66667
22 1 0.439547 0.439547 0.439547 0 2.66667
12 1 0.408 0.408 0.408 6.66667e-09 2.66667
23 1 0.0846449 0.0846449 0.255568 0.170923 2.66667
2 1 0.11286 0.11286 0.11286 6.66667e-09 2.66667
5 1 0.012 0.012 0.0817245 0.0697245 2
29 1 0.0522553 0.0522553 0.0522553 0 2.66667
25 1 0.0522542 0.0522542 0.0522542 0 2.5
24 1 1e-08 1e-08 1e-08 0 2.66667
1 1 1e-08 1e-08 1e-08 0 0

8 30 0.667316 0.000842809 0.335427 0.332485 3.16667
16 8 2.66562 0.152974 0.467061 0.830977 2.66667
9 5 0.71641 2e-09 0.478806 0.301125 2.66667
10 5 0.245791 0.245783 0.344098 0.0983133 2.66667
13 4 0.410748 0.136 0.340687 0.180692 2.66667
12 1 1.224 1.224 1.224 0 2.66667
28 3 0.306 0.306 0.408 0.102 2.66667
26 3 0.408 0.408 0.408 0 2.66667
15 1 1.224 1.224 1.224 0 2.66667
19 3 0.407997 0.407997 0.407997 0 2.66667
20 3 0.244784 0.244784 0.407973 0.163189 2.66667
21 3 0.204 0.203981 0.342883 0.138891 2.66667
17 2 0.306 0.306 0.459 0.153 2.66667
14 2 0.612 0.16886 0.39043 0.22157 2.8
30 2 0.2448 0.2448 0.372427 0.127628 3.3
5 1 0.1224 0.1224 0.627631 0.505231 2.66667
18 1 0.305998 0.305998 0.618265 0.312266 2.66667
27 1 0.558729 0.558729 0.558729 0 2.66667
22 1 0.439547 0.439547 0.439547 0 2.66667
23 1 0.16929 0.16929 0.338579 0.169289 2.66667
1 1 5e-09 5e-09 1e-08 5e-09 0
31 1 1e-08 1e-08 1e-08 0 2.66667
32 1 1e-08 1e-08 1e-08 0 2.66667

8 44 0.678255 0.000856625 0.464615 0.313149 2.66667
16 7 0.735344 0.0422069 0.489604 0.346831 2.66667
10 5 0.307239 0.307229 0.491571 0.184337 2.66667
9 3 0.325641 0.325641 0.50837 0.182729 2.66667
13 3 0.739346 0.2448 0.491248 0.246999 2.66667
35 1 1.224 1.224 1.224 0 2.66667
33 1 1.224 1.224 1.224 0 2.66667
30 2 0.612 0.612 0.612 0 3.16667
17 2 0.174857 0.174857 0.612 0.437143 2.66667
28 2 0.2448 0.2448 0.612 0.3672 2.66667
18 1 1.22399 1.22399 1.22399 0 2.66667
34 2 0.305993 0.305993 0.611985 0.305993 2.66667
21 1 1.22389 1.22389 1.22389 0 2.66667
20 2 0.15299 0.15299 0.535465 0.382475 2.66667
26 2 0.204 0.204 0.51 0.306 2.66667
12 1 0.174857 0.174857 0.874285 0.699428 2.66667
15 1 0.204 0.204 0.833425 0.629425 2.66667
19 1 0.203999 0.203999 0.815995 0.611996 2.66667
14 1 0.612 0.612 0.780859 0.16886 2.8
27 1 0.558729 0.558729 0.558729 0 2.66667
22 1 0.439547 0.439547 0.439547 0 2.66667
23 1 0.16929 0.16929 0.16929 5e-09 2.66667
38 1 0.0522768 0.0522768 0.0522768 0 2.8
39 1 1e-08 1e-08 1e-08 0 2.8
37 1 1e-08 1e-08 1e-08 0 2.66667
36 1 1e-08 1e-08 1e-08 0 2.66667
32 1 1e-08 1e-08 1e-08 0 2.66667
31 1 1e-08 1e-08 1e-08 0 2.66667
1 1 5e-09 5e-09 1e-08 5e-09 0

8 34 0.464872 0.464872 0.700164 0.235292 3.3
16 13 1.64038 7.69231e-10 0.786542 0.79121 2.66667
43 1 10.1569 10.1569 10.1569 0 2.8
10 3 0.307239 0.307239 0.819291 0.512052 2.66667
9 3 0.71641 0.71641 0.727672 0.011261 2.66667
13 2 0.739346 0.2448 0.7421 0.35165 2.66667
41 1 1.224 1.224 1.224 0 2.66667
28 1 0.153 0.153 1.224 1.071 2.66667
14 1 1.224 1.224 1.224 0 2.66667
26 1 0.612 0.612 1.224 0.612 2.66667
12 1 1.224 1.224 1.224 0 2.66667
15 1 1.224 1.224 1.224 0 2.66667
19 1 1.22399 1.22399 1.22399 0 2.66667
34 1 0.40799 0.40799 1.22397 0.81598 3.16667
20 1 0.61196 0.61196 1.22392 0.61196 2.66667
33 1 0.136 0.136 1.09381 0.957808 2.66667
17 1 0.2448 0.2448 0.979199 0.734399 2.66667
18 1 0.305998 0.305998 0.917995 0.611997 2.66667
35 1 0.306 0.306 0.762906 0.456906 2.66667
30 1 0.111273 0.111273 0.69299 0.581718 2.5
40 1 0.612 0.612 0.612 5e-09 2.66667
21 1 0.611944 0.611944 0.611944 5e-09 2.66667
27 1 0.558729 0.558729 0.558729 0 2.66667
22 1 0.439547 0.439547 0.439547 0 2.66667
23 1 0.33858 0.33858 0.33858 0 2.66667
38 1 0.0522768 0.0522768 0.0522768 0 2.8
37 1 0.0288034 0.0288034 0.0288034 5e-09 2.66667
39 1 1e-08 1e-08 1e-08 0 2.8
36 1 1e-08 1e-08 1e-08 0 2.66667
32 1 1e-08 1e-08 1e-08 0 2.66667
31 1 1e-08 1e-08 1e-08 0 2.66667
1 1 3.33333e-09 3.33333e-09 1e-08 6.66667e-09 0
42 1 1e-08 1e-08 1e-08 0 2.8

8 40 0.537319 0.537319 0.96719 0.429871 2.66667
47 1 15.2683 15.2683 15.2683 0 2.66667
16 11 0.666405 0.666405 1.00092 0.334518 2.66667
43 6 0.677129 0.677129 0.995619 0.318489 2.8
9 3 0.597009 0.597009 0.995015 0.398006 2.66667
13 1 0.528104 0.528104 1.93049 1.40239 2.66667
10 1 0.273101 0.273101 1.38118 1.10808 2.66667
35 1 1.224 1.224 1.224 0 2.66667
17 1 1.224 1.224 1.224 0 2.66667
33 1 1.224 1.224 1.224 0 2.66667
15 1 1.224 1.224 1.224 0 2.66667
12 1 1.224 1.224 1.224 0 2.66667
26 1 1.224 1.224 1.224 0 2.66667
14 1 1.224 1.224 1.224 0 2.66667
28 1 1.224 1.224 1.224 0 2.66667
18 1 1.22399 1.22399 1.22399 0 2.66667
19 1 1.22399 1.22399 1.22399 0 2.66667
34 1 1.22397 1.22397 1.22397 0 2.66667
20 1 1.22392 1.22392 1.22392 0 2.66667
21 1 1.22389 1.22389 1.22389 0 2.66667
41 1 0.612 0.612 0.94442 0.332421 2.66667
30 1 0.408 0.408 0.907723 0.499724 2.66667
27 1 0.558729 0.558729 0.558729 0 2.66667
22 1 0.439547 0.439547 0.439547 0 2.66667
23 1 0.33858 0.33858 0.33858 0 2.66667
45 1 0.24373 0.24373 0.24373 0 2.8
37 1 0.0576068 0.0576068 0.0576068 0 2.66667
38 1 0.0522768 0.0522768 0.0522768 0 2.8
49 1 1e-08 1e-08 1e-08 0 2.8
48 1 5e-09 5e-09 1e-08 5e-09 2.66667
46 1 1e-08 1e-08 1e-08 0 2.66667
44 1 1e-08 1e-08 1e-08 0 2.66667
42 1 1e-08 1e-08 1e-08 0 2.8
1 1 5e-09 5e-09 1e-08 5e-09 0
31 1 1e-08 1e-08 1e-08 0 2.66667
32 1 1e-08 1e-08 1e-08 0 2.66667
36 1 1e-08 1e-08 1e-08 0 2.66667
39 1 1e-08 1e-08 1e-08 0 2.8

8 32 0.372735 0.372735 0.878547 0.505812 2.66667
16 22 0.969317 4.54545e-10 0.881197 0.278659 2.66667
43 9 0.634809 0.634809 0.916946 0.282137 2.8
13 1 3.69673 3.69673 3.69673 0 2.66667
9 3 1.19402 1.19402 1.19402 0 2.66667
10 1 2.45791 2.45791 2.45791 0 2.66667
41 1 1.224 1.224 1.224 0 2.66667
28 1 1.224 1.224 1.224 0 2.66667
14 1 1.224 1.224 1.224 0 2.66667
26 1 1.224 1.224 1.224 0 2.66667
12 1 1.224 1.224 1.224 0 2.66667
15 1 1.224 1.224 1.224 0 2.66667
33 1 1.224 1.224 1.224 0 2.66667
17 1 1.224 1.224 1.224 0 2.66667
35 1 1.224 1.224 1.224 0 2.66667
50 1 1.224 1.224 1.224 0 3.16667
18 1 1.22399 1.22399 1.22399 0 2.66667
19 1 1.22399 1.22399 1.22399 0 2.66667
34 1 1.22397 1.22397 1.22397 0 2.66667
20 1 1.22392 1.22392 1.22392 0 2.66667
21 1 1.22389 1.22389 1.22389 0 2.66667
47 1 0.671142 0.671142 0.67119 4.79789e-05 2.66667
27 1 0.558729 0.558729 0.558729 0 2.66667
22 1 0.439547 0.439547 0.439547 0 2.66667
23 1 0.33858 0.33858 0.33858 0 2.66667
45 1 0.24373 0.24373 0.24373 0 2.8
51 1 0.0948381 0.0948381 0.0948381 0 2.8
37 1 0.0576068 0.0576068 0.0576068 0 2.66667
38 1 0.0522768 0.0522768 0.0522768 0 2.8
49 1 1e-08 1e-08 1e-08 0 2.8
46 1 1e-08 1e-08 1e-08 0 2.66667
44 1 1e-08 1e-08 1e-08 0 2.8
42 1 1e-08 1e-08 1e-08 0 2.8
1 1 1e-08 1e-08 1e-08 0 0
31 1 1e-08 1e-08 1e-08 0 2.66667
32 1 1e-08 1e-08 1e-08 0 2.66667
36 1 1e-08 1e-08 1e-08 0 2.66667
39 1 1e-08 1e-08 1e-08 0 2.8

8 35 0.566761 0.566761 1.03696 0.470204 2.66667
16 16 0.463586 0.463586 1.0833 0.619712 2.66667
9 7 5.68907 0.511722 1.25134 1.81169 2.66667
43 7 0.338565 0.338565 1.04787 0.709309 2.8
52 1 6.04028 6.04028 6.04028 0 2.8
13 3 0.924182 0.924182 1.23224 0.308061 2.66667
10 3 1.86249 0.409652 1.16703 0.737319 2.66667
50 1 1.224 1.224 1.224 0 3.16667
35 1 1.224 1.224 1.224 0 2.66667
17 1 1.224 1.224 1.224 0 2.66667
33 1 1.224 1.224 1.224 0 2.66667
15 1 1.224 1.224 1.224 0 2.66667
12 1 1.224 1.224 1.224 0 2.66667
26 1 1.224 1.224 1.224 0 2.66667
14 1 1.224 1.224 1.224 0 2.66667
41 1 1.224 1.224 1.224 0 2.66667
18 1 1.22399 1.22399 1.22399 0 2.66667
19 1 1.22399 1.22399 1.22399 0 2.66667
34 1 1.22397 1.22397 1.22397 0 2.66667
20 1 1.22392 1.22392 1.22392 0 2.66667
21 1 1.22389 1.22389 1.22389 0 2.66667
28 1 0.612 0.612 0.638136 0.0261369 2.8
27 1 0.558729 0.558729 0.558729 0 2.66667
22 1 0.439547 0.439547 0.439547 0 2.66667
23 1 0.33858 0.33858 0.33858 0 2.66667
45 1 0.24373 0.24373 0.24373 0 2.8
51 1 0.0948381 0.0948381 0.0948381 0 2.8
37 1 0.0576068 0.0576068 0.0576068 0 2.66667
38 1 0.0522768 0.0522768 0.0522768 0 2.8
53 1 1e-08 1e-08 1e-08 0 2.8
39 1 1e-08 1e-08 1e-08 0 2.8
36 1 1e-08 1e-08 1e-08 0 2.66667
32 1 1e-08 1e-08 1e-08 0 2.66667
31 1 1e-08 1e-08 1e-08 0 2.66667
1 1 1e-08 1e-08 1e-08 0 0
42 1 1e-08 1e-08 1e-08 0 2.8

8 33 0.504556 0.504556 1.03982 0.535261 2.66667
16 19 0.546794 0.546794 1.06485 0.518052 2.66667
43 7 0.483664 0.483664 1.02695 0.543284 2.8
52 1 6.04028 6.04028 6.04028 0 2.8
10 3 3.72499 0.819304 1.78786 1.36975 2.66667
9 4 2.21242 0.199003 1.10292 0.959451 2.66667
13 3 1.23224 1.23224 1.23224 0 2.66667
28 1 1.224 1.224 1.224 0 2.66667
41 1 1.224 1.224 1.224 0 2.66667
14 1 1.224 1.224 1.224 0 2.66667
26 1 1.224 1.224 1.224 0 2.66667
12 1 1.224 1.224 1.224 0 2.66667
15 1 1.224 1.224 1.224 0 2.66667
33 1 1.224 1.224 1.224 0 2.66667
17 1 1.224 1.224 1.224 0 2.66667
35 1 1.224 1.224 1.224 0 2.66667
50 1 1.224 1.224 1.224 0 3.16667
18 1 1.22399 1.22399 1.22399 0 2.66667
19 1 1.22399 1.22399 1.22399 0 2.66667
34 1 1.22397 1.22397 1.22397 0 2.66667
20 1 1.22392 1.22392 1.22392 0 2.66667
21 1 1.22389 1.22389 1.22389 0 2.66667
27 1 0.558729 0.558729 0.558729 0 2.66667
22 1 0.439547 0.439547 0.439547 0 2.66667
23 1 0.33858 0.33858 0.33858 0 2.66667
55 1 0.331583 0.331583 0.331583 0 2.8
51 1 0.0948381 0.0948381 0.0948381 0 2.8
45 1 0.0814631 0.0814631 0.0814631 0 2.8
37 1 0.0576068 0.0576068 0.0576068 0 2.66667
38 1 0.0522768 0.0522768 0.0522768 0 2.8
56 1 5e-09 5e-09 1e-08 5e-09 2.66667
54 1 5e-09 5e-09 1e-08 5e-09 2.66667
42 1 1e-08 1e-08 1e-08 0 2.8
1 1 1e-08 1e-08 1e-08 0 0
31 1 1e-08 1e-08 1e-08 0 2.66667
32 1 1e-08 1e-08 1e-08 0 2.66667
36 1 1e-08 1e-08 1e-08 0 2.66667
39 1 1e-08 1e-08 1e-08 0 2.8

8 31 0.464872 0.464872 1.0853 0.620423 2.66667
16 17 1.01173 0.463586 1.0958 0.613677 2.66667
9 4 9.95587 0.895513 3.1606 3.92325 2.66667
43 8 0.677129 0.677129 1.09025 0.41312 2.8
10 4 2.79374 0.614478 1.15929 0.943648 2.66667
13 3 1.23224 1.23224 1.23224 0 2.66667
52 3 0.671187 0.671142 1.20288 0.531726 2.66667
50 1 1.224 1.224 1.224 0 3.16667
35 1 1.224 1.224 1.224 0 2.66667
17 1 1.224 1.224 1.224 0 2.66667
33 1 1.224 1.224 1.224 0 2.66667
15 1 1.224 1.224 1.224 0 2.66667
12 1 1.224 1.224 1.224 0 2.66667
26 1 1.224 1.224 1.224 0 2.66667
14 1 1.224 1.224 1.224 0 2.66667
41 1 1.224 1.224 1.224 0 2.66667
28 1 1.224 1.224 1.224 0 2.66667
18 1 1.22399 1.22399 1.22399 0 2.66667
19 1 1.22399 1.22399 1.22399 0 2.66667
34 1 1.22397 1.22397 1.22397 0 2.66667
20 1 1.22392 1.22392 1.22392 0 2.66667
21 1 1.22389 1.22389 1.22389 0 2.66667
27 1 0.558729 0.558729 0.558729 0 2.66667
22 1 0.439547 0.439547 0.439547 0 2.66667
23 1 0.33858 0.33858 0.33858 0 2.66667
55 1 0.331583 0.331583 0.331583 0 2.8
45 1 0.24373 0.24373 0.24373 0 2.8
51 1 0.0948381 0.0948381 0.0948381 0 2.8
37 1 0.0576068 0.0576068 0.0576068 0 2.66667
38 1 0.0522768 0.0522768 0.0522768 0 2.8
54 1 1e-08 1e-08 1e-08 0 2.66667
42 1 1e-08 1e-08 1e-08 0 2.8
1 1 5e-09 5e-09 1e-08 5e-09 0
31 1 1e-08 1e-08 1e-08 0 2.66667
32 1 1e-08 1e-08 1e-08 0 2.66667
36 1 1e-08 1e-08 1e-08 0 2.66667
39 1 1e-08 1e-08 1e-08 0 2.8

8 32 0.551648 0.551648 1.07522 0.523568 2.66667
16 18 1.03422 0.473888 1.11548 0.605505 2.66667
43 8 0.634809 0.634809 1.19027 0.555458 2.8
9 6 2.09597 0.188529 1.2014 0.975035 2.66667
52 3 2.01356 2.01343 2.01347 6.31431e-05 2.8
10 4 2.79374 0.614478 1.15929 0.943648 2.66667
13 3 1.23224 1.23224 1.23224 0 2.66667
28 1 1.224 1.224 1.224 0 2.66667
41 1 1.224 1.224 1.224 0 2.66667
14 1 1.224 1.224 1.224 0 2.66667
26 1 1.224 1.224 1.224 0 2.66667
12 1 1.224 1.224 1.224 0 2.66667
15 1 1.224 1.224 1.224 0 2.66667
33 1 1.224 1.224 1.224 0 2.66667
17 1 1.224 1.224 1.224 0 2.66667
35 1 1.224 1.224 1.224 0 2.66667
50 1 1.224 1.224 1.224 0 3.16667
18 1 1.22399 1.22399 1.22399 0 2.66667
19 1 1.22399 1.22399 1.22399 0 2.66667
34 1 1.22397 1.22397 1.22397 0 2.66667
20 1 1.22392 1.22392 1.22392 0 2.66667
21 1 1.22389 1.22389 1.22389 0 2.66667
27 1 0.558729 0.558729 0.558729 0 2.66667
22 1 0.439547 0.439547 0.439547 0 2.66667
23 1 0.33858 0.33858 0.33858 0 2.66667
55 1 0.331583 0.331583 0.331583 0 2.8
45 1 0.116578 0.116578 0.116578 0 2.8
51 1 0.0948381 0.0948381 0.0948381 0 2.8
37 1 0.0576068 0.0576068 0.0576068 0 2.66667
38 1 0.0522768 0.0522768 0.0522768 0 2.8
59 1 0.0394716 0.0394716 0.0394716 0 2.8
60 1 1e-08 1e-08 1e-08 0 2.66667
58 1 1e-08 1e-08 1e-08 0 2.8
57 1 1e-08 1e-08 1e-08 0 2.8

8 31 0.919491 0.481088 1.17845 0.687594 2.8
16 20 1.90843 0.507737 1.21725 0.615836 2.66667
9 11 2.84453 0.255861 1.22046 1.24549 2.66667
43 7 0.634809 0.634809 1.21439 0.579579 2.8
10 3 2.79374 0.614478 1.54572 1.04753 2.66667
52 3 1.51017 1.51007 1.5101 4.73574e-05 2.8
13 3 1.23224 1.23224 1.23224 0 2.66667
50 1 1.224 1.224 1.224 0 3.16667
35 1 1.224 1.224 1.224 0 2.66667
17 1 1.224 1.224 1.224 0 2.66667
33 1 1.224 1.224 1.224 0 2.66667
15 1 1.224 1.224 1.224 0 2.66667
12 1 1.224 1.224 1.224 0 2.66667
26 1 1.224 1.224 1.224 0 2.66667
14 1 1.224 1.224 1.224 0 2.66667
41 1 1.224 1.224 1.224 0 2.66667
28 1 1.224 1.224 1.224 0 2.66667
18 1 1.22399 1.22399 1.22399 0 2.66667
19 1 1.22399 1.22399 1.22399 0 2.66667
34 1 1.22397 1.22397 1.22397 0 2.66667
20 1 1.22392 1.22392 1.22392 0 2.66667
21 1 1.22389 1.22389 1.22389 0 2.66667
64 1 0.573162 0.573162 1.14632 0.573162 0.666667
27 1 0.558729 0.558729 0.558729 0 2.66667
22 1 0.439547 0.439547 0.439547 0 2.66667
23 1 0.33858 0.33858 0.33858 0 2.66667
55 1 0.331583 0.331583 0.331583 0 2.8
45 1 0.24373 0.24373 0.24373 0 2.8
51 1 0.0948381 0.0948381 0.0948381 0 2.8
37 1 0.0576068 0.0576068 0.0576068 0 2.66667

8 33 1.23557 0.646462 1.23068 0.566238 2.66667
16 19 1.40621 0.374122 1.23224 0.585921 2.66667
9 10 1.42227 0.12793 1.21985 0.621585 2.66667
43 6 0.677129 0.677129 1.34515 0.668023 2.8
52 3 2.01356 2.01343 2.01347 6.31431e-05 2.8
10 3 3.72499 0.819304 1.78786 1.36975 2.66667
13 3 1.23224 1.23224 1.23224 0 2.66667
28 1 1.224 1.224 1.224 0 2.66667
41 1 1.224 1.224 1.224 0 2.66667
14 1 1.224 1.224 1.224 0 2.66667
26 1 1.224 1.224 1.224 0 2.66667
12 1 1.224 1.224 1.224 0 2.66667
15 1 1.224 1.224 1.224 0 2.66667
33 1 1.224 1.224 1.224 0 2.66667
17 1 1.224 1.224 1.224 0 2.66667
35 1 1.224 1.224 1.224 0 2.66667
50 1 1.224 1.224 1.224 0 3.16667
18 1 1.22399 1.22399 1.22399 0 2.66667
19 1 1.22399 1.22399 1.22399 0 2.66667
34 1 1.22397 1.22397 1.22397 0 2.66667
20 1 1.22392 1.22392 1.22392 0 2.66667
21 1 1.22389 1.22389 1.22389 0 2.66667
27 1 0.558729 0.558729 0.558729 0 2.66667
22 1 0.439547 0.439547 0.439547 0 2.66667
64 1 0.382108 0.382108 0.382108 6.66667e-09 0.666667
23 1 0.33858 0.33858 0.33858 0 2.66667
55 1 0.331583 0.331583 0.331583 0 2.8
45 1 0.116578 0.116578 0.116578 0 2.8
51 1 0.0948381 0.0948381 0.0948381 0 2.8
37 1 0.0576068 0.0576068 0.0576068 0 2.66667
66 1 0.0522757 0.0522757 0.0522757 0 0.8

68 2 19.9117 19.9117 19.9117 0 0.666667
8 19 0.964344 0.504556 1.87536 1.2661 0.666667
16 19 2.00386 1.16349 1.83558 0.638065 2.66667
9 15 1.65931 1.65931 1.82977 0.17046 2.66667
43 4 0.725496 0.725496 1.88177 1.15627 2.8
10 3 3.72499 0.819304 1.78786 1.36975 2.66667
52 2 1.00678 1.00678 2.01349 1.00671 2.8
13 2 1.23224 1.23224 1.84836 0.616121 2.66667
28 1 1.224 1.224 1.224 0 2.66667
41 1 1.224 1.224 1.224 0 2.66667
14 1 1.224 1.224 1.224 0 2.66667
26 1 1.224 1.224 1.224 0 2.66667
12 1 1.224 1.224 1.224 0 2.66667
15 1 1.224 1.224 1.224 0 2.66667
33 1 1.224 1.224 1.224 0 2.66667
17 1 1.224 1.224 1.224 0 2.66667
35 1 1.224 1.224 1.224 0 2.66667
50 1 1.224 1.224 1.224 0 3.16667
18 1 1.22399 1.22399 1.22399 0 2.66667
19 1 1.22399 1.22399 1.22399 0 2.66667
34 1 1.22397 1.22397 1.22397 0 2.66667
20 1 1.22392 1.22392 1.22392 0 2.66667
21 1 1.22389 1.22389 1.22389 0 2.66667
27 1 0.558729 0.558729 0.558729 0 2.66667
22 1 0.439547 0.439547 0.439547 0 2.66667
23 1 0.33858 0.33858 0.33858 0 2.66667
55 1 0.331583 0.331583 0.331583 0 2.8
45 1 0.116578 0.116578 0.116578 0 2.8
37 1 0.0576068 0.0576068 0.0576068 0 2.66667
66 1 0.0522757 0.0522757 0.0522757 0 0.8
64 1 0.0474191 0.0474191 0.0474191 5e-09 2.8
69 1 1e-08 1e-08 1e-08 0 2.66667
70 1 1e-08 1e-08 1e-08 0 2.8
71 1 1e-08 1e-08 1e-08 0 2.8

8 13 6.08279 3.18258 4.52114 1.4458 2.66667
72 16 2.92875 1.53235 2.4562 0.834229 2.8
16 15 1.54143 0.894996 2.5259 1.56027 2.66667
68 15 0.751386 0.751386 2.45966 1.70828 2.66667
73 4 10.3434 2.5e-09 5.17488 5.16852 2.66667
43 4 2.53923 2.53923 2.53923 0 2.8
52 2 3.02034 3.02034 3.02034 0 2.8
10 2 3.72499 0.819304 2.6818 1.50949 2.66667
13 1 1.84836 1.84836 3.69673 1.84836 2.66667
28 1 1.224 1.224 1.224 0 2.66667
41 1 1.224 1.224 1.224 0 2.66667
14 1 1.224 1.224 1.224 0 2.66667
26 1 1.224 1.224 1.224 0 2.66667
12 1 1.224 1.224 1.224 0 2.66667
15 1 1.224 1.224 1.224 0 2.66667
33 1 1.224 1.224 1.224 0 2.66667
17 1 1.224 1.224 1.224 0 2.66667
35 1 1.224 1.224 1.224 0 2.66667
50 1 1.224 1.224 1.224 0 3.16667
18 1 1.22399 1.22399 1.22399 0 2.66667
19 1 1.22399 1.22399 1.22399 0 2.66667
34 1 1.22397 1.22397 1.22397 0 2.66667
20 1 1.22392 1.22392 1.22392 0 2.66667
21 1 1.22389 1.22389 1.22389 0 2.66667
27 1 0.558729 0.558729 0.558729 0 2.66667
22 1 0.439547 0.439547 0.439547 0 2.66667
23 1 0.33858 0.33858 0.33858 0 2.66667
55 1 0.331583 0.331583 0.331583 0 2.8
64 1 0.0948381 0.0948381 0.0948381 0 2.8
45 1 0.0814631 0.0814631 0.0814631 0 2.8
37 1 0.0576068 0.0576068 0.0576068 0 2.66667
74 1 0.0265936 0.0265936 0.0464051 0.0198114 2.8
9 1 0.00166136 0.00166136 0.00166136 0 2.8
69 1 5e-09 5e-09 1e-08 5e-09 2.66667
70 1 1e-08 1e-08 1e-08 0 2.8
71 1 1e-08 1e-08 1e-08 0 2.8
75 1 1e-08 1e-08 1e-08 0 2.8
76 1 1e-08 1e-08 1e-08 0 2.8

16 20 3.48497 2.02347 2.61929 0.658696 2.66667
8 19 1.48572 0.878625 2.55866 1.65365 2.66667
78 5 9.30795 9.30795 9.30795 0 2.66667
68 15 1.28482 1.28463 2.65491 1.37027 0.666667
79 2 19.7999 0.115776 9.95784 9.84207 0.8
43 4 2.53923 2.53923 2.53923 0 2.8
10 2 5.58748 1.22896 3.40822 2.17926 2.66667
52 1 2.01356 2.01356 4.02712 2.01356 3.16667
13 1 3.69673 3.69673 3.69673 0 2.66667
28 1 1.224 1.224 1.224 0 2.66667
41 1 1.224 1.224 1.224 0 2.66667
14 1 1.224 1.224 1.224 0 2.66667
26 1 1.224 1.224 1.224 0 2.66667
12 1 1.224 1.224 1.224 0 2.66667
15 1 1.224 1.224 1.224 0 2.66667
33 1 1.224 1.224 1.224 0 2.66667
17 1 1.224 1.224 1.224 0 2.66667
35 1 1.224 1.224 1.224 0 2.66667
50 1 1.224 1.224 1.224 0 3.16667
18 1 1.22399 1.22399 1.22399 0 2.66667
19 1 1.22399 1.22399 1.22399 0 2.66667
34 1 1.22397 1.22397 1.22397 0 2.66667
20 1 1.22392 1.22392 1.22392 0 2.66667
21 1 1.22389 1.22389 1.22389 0 2.66667
27 1 0.558729 0.558729 0.558729 0 2.66667
22 1 0.439547 0.439547 0.439547 0 2.66667
23 1 0.33858 0.33858 0.33858 0 2.66667
55 1 0.331583 0.331583 0.331583 0 2.8
45 1 0.24373 0.24373 0.24373 0 2.8
64 1 0.0474191 0.0474191 0.0704168 0.0229977 2.8
37 1 0.0576068 0.0576068 0.0576068 0 2.66667
80 1 0.0407007 0.0407007 0.0561721 0.0154714 2.8
74 1 0.0265936 0.0265936 0.0265936 5e-09 2.8
9 1 0.00166136 0.00166136 0.00166136 0 2.8
83 1 1e-08 1e-08 1e-08 0 3.16667
82 1 1e-08 1e-08 1e-08 0 0.666667
81 1 1e-08 1e-08 1e-08 0 2.66667
73 1 5e-09 5e-09 1e-08 5e-09 2.8
76 1 1e-08 1e-08 1e-08 0 2.8
75 1 5e-09 5e-09 1e-08 5e-09 2.66667
71 1 1e-08 1e-08 1e-08 0 2.8

8 31 3.03898 1.79719 2.28385 0.508277 2.8
16 17 1.29281 0.750641 2.33128 1.41324 2.66667
68 15 1.07647 1.07631 2.29576 1.21943 0.666667
78 12 3.87831 8.33333e-10 2.58576 1.82795 2.66667
43 4 2.53923 2.53923 2.53923 0 2.8
10 2 5.58748 1.22896 3.40822 2.17926 2.66667
52 1 6.04068 6.04068 6.04068 0 2.8
13 1 3.69673 3.69673 3.69673 0 2.66667
50 1 1.224 1.224 1.224 0 3.16667
35 1 1.224 1.224 1.224 0 2.66667
17 1 1.224 1.224 1.224 0 2.66667
33 1 1.224 1.224 1.224 0 2.66667
15 1 1.224 1.224 1.224 0 2.66667
12 1 1.224 1.224 1.224 0 2.66667
26 1 1.224 1.224 1.224 0 2.66667
14 1 1.224 1.224 1.224 0 2.66667
41 1 1.224 1.224 1.224 0 2.66667
28 1 1.224 1.224 1.224 0 2.66667
18 1 1.22399 1.22399 1.22399 0 2.66667
19 1 1.22399 1.22399 1.22399 0 2.66667
34 1 1.22397 1.22397 1.22397 0 2.66667
20 1 1.22392 1.22392 1.22392 0 2.66667
21 1 1.22389 1.22389 1.22389 0 2.66667
27 1 0.558729 0.558729 0.558729 0 2.66667
22 1 0.439547 0.439547 0.439547 0 2.66667
23 1 0.33858 0.33858 0.33858 0 2.66667

91 25 2.57144 1.5207 3.33117 1.68692 2.66667
16 14 1.70541 0.990208 3.52786 1.94082 2.66667
8 2 39.5381 5e-09 19.7691 19.7691 2.66667
68 11 2.45153 1.42227 3.58468 2.0898 2.66667
92 11 4.65154 5.88235e-10 3.38864 2.06235 3.16667
98 1 29.8752 29.8752 29.8752 0 0.666667
43 3 2.53923 2.53923 3.38565 0.846412 2.8
10 2 5.58748 1.22896 3.40822 2.17926 2.66667
52 1 6.04068 6.04068 6.04068 0 2.8
78 1 2.73763 2.73763 5.47998 2.74235 2.8
13 1 3.69673 3.69673 3.69673 0 2.66667
35 1 1.224 1.224 1.224 0 2.66667
17 1 1.224 1.224 1.224 0 2.66667
33 1 1.224 1.224 1.224 0 2.66667
15 1 1.224 1.224 1.224 0 2.66667
12 1 1.224 1.224 1.224 0 2.66667
26 1 1.224 1.224 1.224 0 2.66667
14 1 1.224 1.224 1.224 0 2.66667
41 1 1.224 1.224 1.224 0 2.66667
28 1 1.224 1.224 1.224 0 2.66667
50 1 1.224 1.224 1.224 0 3.16667
18 1 1.22399 1.22399 1.22399 0 2.66667
19 1 1.22399 1.22399 1.22399 0 2.66667
34 1 1.22397 1.22397 1.22397 0 2.66667
20 1 1.22392 1.22392 1.22392 0 2.66667
21 1 1.22389 1.22389 1.22389 0 2.66667
27 1 0.558729 0.558729 0.558729 0 2.66667
22 1 0.439547 0.439547 0.439547 0 2.66667
23 1 0.33858 0.33858 0.33858 0 2.66667
93 1 1e-08 1e-08 1e-08 0 2.8
94 1 5e-09 5e-09 1e-08 5e-09 2.66667
95 1 3.33333e-09 3.33333e-09 1e-08 6.66667e-09 2.66667
96 1 1e-08 1e-08 1e-08 0 2.66667
97 1 1e-08 1e-08 1e-08 0 0.666667
99 1 1e-08 1e-08 1e-08 0 2.8
100 1 1e-08 1e-08 1e-08 0 2.8
101 1 1e-08 1e-08 1e-08 0 2.66667

104 2 66.8575 5e-09 33.4288 33.4288 2.66667
91 16 1.36444 0.8069 3.94538 2.90774 2.66667
16 16 2.58562 2.58562 3.83957 1.25395 2.66667
103 1 39.8235 39.8235 39.8235 0 3.16667
102 9 4.29017 2.48933 4.09926 1.42266 1.16667
68 9 4.42483 1.11111e-09 3.93318 1.39059 2.66667
78 2 23.2699 5e-09 11.6349 11.6349 2.66667
43 2 3.38565 3.38565 5.07847 1.69282 2.8
10 1 5.58748 5.58748 6.81644 1.22896 2.66667
52 1 6.04068 6.04068 6.04068 0 2.8
13 1 3.69673 3.69673 3.69673 0 2.66667
98 1 3.57961 3.57961 3.57961 0 1.16667
35 1 1.224 1.224 1.224 0 2.66667
17 1 1.224 1.224 1.224 0 2.66667
33 1 1.224 1.224 1.224 0 2.66667
15 1 1.224 1.224 1.224 0 2.66667
12 1 1.224 1.224 1.224 0 2.66667
26 1 1.224 1.224 1.224 0 2.66667
14 1 1.224 1.224 1.224 0 2.66667
41 1 1.224 1.224 1.224 0 2.66667
28 1 1.224 1.224 1.224 0 2.66667
50 1 1.224 1.224 1.224 0 3.16667
18 1 1.22399 1.22399 1.22399 0 2.66667
19 1 1.22399 1.22399 1.22399 0 2.66667
34 1 1.22397 1.22397 1.22397 0 2.66667
20 1 1.22392 1.22392 1.22392 0 2.66667
21 1 1.22389 1.22389 1.22389 0 2.66667
27 1 0.558729 0.558729 0.558729 0 2.66667
22 1 0.439547 0.439547 0.439547 0 2.66667
23 1 0.33858 0.33858 0.33858 0 2.66667
108 1 5e-09 5e-09 1e-08 5e-09 2.66667
107 1 1e-08 1e-08 1e-08 0 3.16667
106 1 5e-09 5e-09 1e-08 5e-09 1.16667
105 1 1e-08 1e-08 1e-08 0 2.8
100 1 1e-08 1e-08 1e-08 0 2.8
99 1 1e-08 1e-08 1e-08 0 2.8
97 1 1e-08 1e-08 1e-08 0 0.666667
96 1 1e-08 1e-08 1e-08 0 2.66667
95 1 1e-08 1e-08 1e-08 0 2.66667
94 1 1e-08 1e-08 1e-08 0 3.16667
93 1 1e-08 1e-08 1e-08 0 2.8

16 20 2.96868 2.96868 3.85928 0.890603 2.66667
104 18 2.52293 2.52293 3.86213 1.3392 2.66667
91 13 6.08279 7.69231e-10 4.23234 2.77646 2.66667
78 1 46.5398 46.5398 46.5398 0 2.66667
102 10 2.64011 1.5319 3.92811 2.02678 1.16667
103 7 1.32745 1.32745 4.17849 2.85104 0.666667
10 1 11.175 11.175 11.175 0 2.66667
43 2 5.07847 5.07847 5.07847 0 2.8
52 1 6.04068 6.04068 6.04068 0 2.8
13 1 3.69673 3.69673 3.69673 0 2.66667
50 1 1.224 1.224 1.224 0 3.16667
28 1 1.224 1.224 1.224 0 2.66667
41 1 1.224 1.224 1.224 0 2.66667
14 1 1.224 1.224 1.224 0 2.66667
26 1 1.224 1.224 1.224 0 2.66667
12 1 1.224 1.224 1.224 0 2.66667
15 1 1.224 1.224 1.224 0 2.66667
33 1 1.224 1.224 1.224 0 2.66667
17 1 1.224 1.224 1.224 0 2.66667
35 1 1.224 1.224 1.224 0 2.66667
18 1 1.22399 1.22399 1.22399 0 2.66667
19 1 1.22399 1.22399 1.22399 0 2.66667
34 1 1.22397 1.22397 1.22397 0 2.66667
20 1 1.22392 1.22392 1.22392 0 2.66667
21 1 1.22389 1.22389 1.22389 0 2.66667
27 1 0.558729 0.558729 0.558729 0 2.66667
22 1 0.439547 0.439547 0.439547 0 2.66667
112 1 0.397021 0.397021 0.397021 0 2.8
23 1 0.33858 0.33858 0.33858 0 2.66667
113 1 0.0555515 0.0555515 0.0555515 0 2.8
111 1 0.051746 0.051746 0.051746 0 2.8
110 1 0.0401101 0.0401101 0.0401101 0 2.8
116 1 1e-08 1e-08 1e-08 0 2.8
115 1 1e-08 1e-08 1e-08 0 2.66667
114 1 1e-08 1e-08 1e-08 0 2.8
109 1 1e-08 1e-08 1e-08 0 2.8
93 1 1e-08 1e-08 1e-08 0 2.8

104 24 2.62186 2.62186 4.49698 1.87511 2.66667
16 16 1.90843 1.90843 4.53261 2.62417 2.66667
91 12 5.14289 3.04139 4.59204 1.37085 2.66667
103 3 13.2745 13.2745 13.2745 0 3.16667
102 9 3.12013 1.81046 4.37313 1.94678 0.666667
78 7 11.3643 1.42857e-09 5.4237 3.78047 2.66667
114 5 22.2858 1.66667e-09 4.45865 8.9136 2.8
10 1 11.175 11.175 11.175 0 2.66667
43 2 5.07847 5.07847 5.07847 0 2.8
110 1 6.61967 6.61967 6.63972 0.0200551 2.8
52 1 6.04068 6.04068 6.04068 0 2.8
13 1 3.69673 3.69673 3.69673 0 2.66667
117 1 1.78981 1.78981 1.78981 5e-09 1.3
50 1 1.224 1.224 1.224 0 3.16667
28 1 1.224 1.224 1.224 0 2.66667
41 1 1.224 1.224 1.224 0 2.66667
14 1 1.224 1.224 1.224 0 2.66667
26 1 1.224 1.224 1.224 0 2.66667
12 1 1.224 1.224 1.224 0 2.66667
15 1 1.224 1.224 1.224 0 2.66667
33 1 1.224 1.224 1.224 0 2.66667
17 1 1.224 1.224 1.224 0 2.66667
35 1 1.224 1.224 1.224 0 2.66667
18 1 1.22399 1.22399 1.22399 0 2.66667
19 1 1.22399 1.22399 1.22399 0 2.66667
34 1 1.22397 1.22397 1.22397 0 2.66667
20 1 1.22392 1.22392 1.22392 0 2.66667
21 1 1.22389 1.22389 1.22389 0 2.66667
27 1 0.558729 0.558729 0.558729 0 2.66667
22 1 0.439547 0.439547 0.439547 0 2.66667
112 1 0.397021 0.397021 0.397021 0 2.8

104 21 1.4694 1.4694 4.8865 3.41711 2.66667
91 6 13.1794 13.1794 13.1794 1.77636e-15 2.66667
16 15 2.42892 2.42892 4.85794 2.42903 2.66667
102 10 3.81349 2.21509 5.20272 1.62159 0.8
78 7 11.3643 1.42857e-09 6.37243 3.06845 2.66667
103 7 3.31862 3.31862 5.21611 1.89748 3.16667
112 2 34.3214 0.19851 17.2599 17.0614 2.8
10 1 11.175 11.175 11.175 0 2.66667
43 2 5.07847 5.07847 5.07847 0 2.8
110 1 6.61967 6.61967 6.61967 5e-09 3.3
52 1 6.04068 6.04068 6.04068 0 2.8
13 1 3.69673 3.69673 3.69673 0 2.66667
117 1 3.57961 3.57961 3.57961 0 1.16667
35 1 1.224 1.224 1.224 0 2.66667
17 1 1.224 1.224 1.224 0 2.66667
33 1 1.224 1.224 1.224 0 2.66667
15 1 1.224 1.224 1.224 0 2.66667
12 1 1.224 1.224 1.224 0 2.66667
26 1 1.224 1.224 1.224 0 2.66667
14 1 1.224 1.224 1.224 0 2.66667
41 1 1.224 1.224 1.224 0 2.66667
28 1 1.224 1.224 1.224 0 2.66667
50 1 1.224 1.224 1.224 0 3.16667
18 1 1.22399 1.22399 1.22399 0 2.66667
19 1 1.22399 1.22399 1.22399 0 2.66667
34 1 1.22397 1.22397 1.22397 0 2.66667
20 1 1.22392 1.22392 1.22392 0 2.66667
21 1 1.22389 1.22389 1.22389 0 2.66667
27 1 0.558729 0.558729 0.558729 0 2.66667
22 1 0.439547 0.439547 0.439547 0 2.66667
128 1 0.21979 0.21979 0.21979 0 0.8
126 1 0.0522759 0.0522759 0.0522759 0 2.8
114 1 1e-08 1e-08 1e-08 0 2.8
127 1 1e-08 1e-08 1e-08 0 2.8
129 1 1e-08 1e-08 1e-08 0 2.8
130 1 1e-08 1e-08 1e-08 0 1.16667
131 1 1e-08 1e-08 1e-08 0 2.66667

132 11 12.1559 9.09091e-10 9.49419 4.69306 2.66667
104 15 2.30543 2.30543 6.4052 4.09977 2.66667
127 10 13.3715 1e-09 9.36005 6.12759 2.66667
16 12 2.76394 2.76394 6.21886 3.45492 2.66667
102 8 3.20023 2.28809 6.62935 4.23799 0.8
78 7 4.67942 2.73763 6.19421 2.53608 2.66667
103 6 5.68907 5.68907 6.63725 0.948178 3.16667
52 2 36.7705 3.02034 19.8954 16.8751 2.8
133 3 20.0386 0.0138881 6.69603 9.43622 2.8
10 1 11.175 11.175 11.175 0 2.66667
43 1 5.07847 5.07847 10.1569 5.07847 2.8
13 1 3.69673 3.69673 3.69673 0 2.66667
117 1 3.57961 3.57961 3.57961 0 1.16667
50 1 1.224 1.224 1.224 0 3.16667
28 1 1.224 1.224 1.224 0 2.66667
41 1 1.224 1.224 1.224 0 2.66667
14 1 1.224 1.224 1.224 0 2.66667
26 1 1.224 1.224 1.224 0 2.66667
12 1 1.224 1.224 1.224 0 2.66667
15 1 1.224 1.224 1.224 0 2.66667
33 1 1.224 1.224 1.224 0 2.66667
35 1 1.224 1.224 1.224 0 2.66667
17 1 1.224 1.224 1.224 0 2.66667
18 1 1.22399 1.22399 1.22399 0 2.66667
19 1 1.22399 1.22399 1.22399 0 2.66667
34 1 1.22397 1.22397 1.22397 0 2.66667
20 1 1.22392 1.22392 1.22392 0 2.66667
21 1 1.22389 1.22389 1.22389 0 2.66667
27 1 0.558729 0.558729 0.558729 0 2.66667
22 1 0.439547 0.439547 0.439547 0 2.66667
112 1 0.397021 0.397021 0.397021 0 2.8
114 1 5e-09 5e-09 1e-08 5e-09 2.8
129 1 1e-08 1e-08 1e-08 0 2.8
130 1 1e-08 1e-08 1e-08 0 1.16667
131 1 1e-08 1e-08 1e-08 0 2.66667
134 1 1e-08 1e-08 1e-08 0 2.66667

132 26 1.37851 1.37851 3.54838 2.16987 2.66667
16 19 2.35748 2.35748 3.54648 1.18901 3.16667
102 14 4.57176 3.2687 3.63709 0.491043 0.8
78 13 6.11924 7.69231e-10 3.83923 1.97464 2.66667
103 6 6.63725 6.63725 6.63725 8.88178e-16 3.16667
10 1 11.175 11.175 11.175 0 2.66667
43 1 10.1569 10.1569 10.1569 0 2.8
52 1 6.04068 6.04068 6.04068 0 2.8
13 1 3.69673 3.69673 3.69673 0 2.66667
117 1 1.78981 1.78981 1.78981 5e-09 0.857143
17 1 1.224 1.224 1.224 0 2.66667
35 1 1.224 1.224 1.224 0 2.66667
33 1 1.224 1.224 1.224 0 2.66667
15 1 1.224 1.224 1.224 0 2.66667
12 1 1.224 1.224 1.224 0 2.66667
26 1 1.224 1.224 1.224 0 2.66667
14 1 1.224 1.224 1.224 0 2.66667
41 1 1.224 1.224 1.224 0 2.66667
28 1 1.224 1.224 1.224 0 2.66667
50 1 1.224 1.224 1.224 0 3.16667
18 1 1.22399 1.22399 1.22399 0 2.66667
19 1 1.22399 1.22399 1.22399 0 2.66667
34 1 1.22397 1.22397 1.22397 0 2.66667
20 1 1.22392 1.22392 1.22392 0 2.66667
21 1 1.22389 1.22389 1.22389 0 2.66667
27 1 0.558729 0.558729 0.558729 0 2.66667
22 1 0.439547 0.439547 0.439547 0 2.66667
112 1 0.397021 0.397021 0.397021 0 2.8

132 20 2.12246 2.12246 5.47563 3.35317 2.66667
16 13 1.90843 1.90843 5.43185 3.52341 2.66667
143 2 66.8575 5e-09 33.4288 33.4288 2.66667
102 12 3.69257 2.64011 5.54389 2.51926 0.857143
78 9 4.22633 3.05962 5.85788 2.6937 2.66667
141 2 40.0742 5e-09 20.0371 20.0371 2.66667
103 7 5.68907 5.68907 5.68907 0 3.16667
140 3 26.7181 3.33333e-09 8.90636 12.5948 2.66667
10 1 11.175 11.175 11.175 0 2.66667
43 1 10.1569 10.1569 10.1569 0 2.8
52 1 6.04068 6.04068 6.04068 0 2.8
13 1 3.69673 3.69673 3.69673 0 2.66667
117 1 3.57961 3.57961 3.57961 0 1.16667
50 1 1.224 1.224 1.224 0 3.16667
28 1 1.224 1.224 1.224 0 2.66667
41 1 1.224 1.224 1.224 0 2.66667
14 1 1.224 1.224 1.224 0 2.66667
26 1 1.224 1.224 1.224 0 2.66667
12 1 1.224 1.224 1.224 0 2.66667
15 1 1.224 1.224 1.224 0 2.66667
17 1 1.224 1.224 1.224 0 2.66667
35 1 1.224 1.224 1.224 0 2.66667
33 1 1.224 1.224 1.224 0 2.66667
18 1 1.22399 1.22399 1.22399 0 2.66667
19 1 1.22399 1.22399 1.22399 0 2.66667
34 1 1.22397 1.22397 1.22397 0 2.66667
20 1 1.22392 1.22392 1.22392 0 2.66667
21 1 1.22389 1.22389 1.22389 0 2.66667
27 1 0.558729 0.558729 0.558729 0 2.66667
22 1 0.439547 0.439547 0.439547 0 2.66667
112 1 0.397021 0.397021 0.397021 0 2.8
142 1 5e-09 5e-09 1e-08 5e-09 2.66667
144 1 1e-08 1e-08 1e-08 0 2.66667
145 1 1e-08 1e-08 1e-08 0 2.66667
146 1 1e-08 1e-08 1e-08 0 2.66667
147 1 1e-08 1e-08 1e-08 0 2.8
148 1 1e-08 1e-08 1e-08 0 3.16667

132 25 2.12246 2.12246 3.67926 1.5568 2.66667
78 18 5.7834 5.26316e-10 3.66653 1.7127 2.66667
16 16 2.16633 2.16633 3.65544 1.48911 2.8
102 15 2.5265 1.80639 3.69967 1.50138 0.8
103 8 4.97793 1.25e-09 4.35569 1.6463 2.66667
10 1 11.175 11.175 11.175 0 2.66667
43 1 10.1569 10.1569 10.1569 0 2.8
52 1 6.04068 6.04068 6.04068 0 2.8
13 1 3.69673 3.69673 3.69673 0 2.66667
117 1 3.57961 3.57961 3.57961 0 1.16667
33 1 1.224 1.224 1.224 0 2.66667
35 1 1.224 1.224 1.224 0 2.66667
17 1 1.224 1.224 1.224 0 2.66667
15 1 1.224 1.224 1.224 0 2.66667
12 1 1.224 1.224 1.224 0 2.66667
26 1 1.224 1.224 1.224 0 2.66667
14 1 1.224 1.224 1.224 0 2.66667
41 1 1.224 1.224 1.224 0 2.66667
28 1 1.224 1.224 1.224 0 2.66667
50 1 1.224 1.224 1.224 0 3.16667
18 1 1.22399 1.22399 1.22399 0 2.66667
19 1 1.22399 1.22399 1.22399 0 2.66667
34 1 1.22397 1.22397 1.22397 0 2.66667
20 1 1.22392 1.22392 1.22392 0 2.66667

132 21 2.22858 2.22858 5.37819 3.1496 2.66667
159 1 80.1542 80.1542 80.1542 0 2.8
16 15 2.86265 2.86265 5.34362 2.48096 2.66667
78 12 2.8917 2.09342 5.57191 3.10511 2.66667
102 12 2.9093 2.9093 5.46337 2.55407 0.8
156 4 20.0386 2.5e-09 10.021 10.0176 0.8
103 6 4.97793 4.97793 5.80759 0.829656 3.16667
10 1 11.175 11.175 11.175 0 2.66667
43 1 10.1569 10.1569 10.1569 0 2.8
52 1 6.04068 6.04068 6.04068 0 2.8
13 1 3.69673 3.69673 3.69673 0 2.66667
117 1 3.57961 3.57961 3.57961 0 1.16667
50 1 1.224 1.224 1.224 0 3.16667
28 1 1.224 1.224 1.224 0 2.66667
41 1 1.224 1.224 1.224 0 2.66667
14 1 1.224 1.224 1.224 0 2.66667
33 1 1.224 1.224 1.224 0 2.66667
35 1 1.224 1.224 1.224 0 2.66667
17 1 1.224 1.224 1.224 0 2.66667
15 1 1.224 1.224 1.224 0 2.66667
12 1 1.224 1.224 1.224 0 2.66667
26 1 1.224 1.224 1.224 0 2.66667
18 1 1.22399 1.22399 1.22399 0 2.66667
19 1 1.22399 1.22399 1.22399 0 2.66667
34 1 1.22397 1.22397 1.22397 0 2.66667
20 1 1.22392 1.22392 1.22392 0 2.66667
160 1 0.320926 0.320926 0.320926 0 2.8
155 1 0.0102546 0.0102546 0.0307639 0.0205093 2.8
162 1 0.000432813 0.000432813 0.000432813 0 3.3
157 1 1e-08 1e-08 1e-08 0 2.66667
158 1 1e-08 1e-08 1e-08 0 2.8
161 1 1e-08 1e-08 1e-08 0 2.66667
163 1 1e-08 1e-08 1e-08 0 2.66667
164 1 1e-08 1e-08 1e-08 0 2.66667

132 21 2.90685 2.90685 5.40482 2.49797 2.66667
102 14 4.57176 4.57176 5.4197 0.847945 0.8
16 14 2.10932 2.10932 5.27103 3.16171 3.16667
78 13 3.4339 2.48594 5.30591 1.96127 2.66667
159 12 3.33976 3.33976 5.29051 1.95075 2.85714
103 6 6.63725 6.63725 6.63725 8.88178e-16 2.66667
52 2 36.7705 3.02034 19.8954 16.8751 2.8
10 1 11.175 11.175 11.175 0 2.66667
43 1 10.1569 10.1569 10.1569 0 2.8
13 1 3.69673 3.69673 3.69673 0 2.66667
117 1 3.57961 3.57961 3.57961 0 1.16667
26 1 1.224 1.224 1.224 0 2.66667
12 1 1.224 1.224 1.224 0 2.66667
15 1 1.224 1.224 1.224 0 2.66667
17 1 1.224 1.224 1.224 0 2.66667
35 1 1.224 1.224 1.224 0 2.66667
33 1 1.224 1.224 1.224 0 2.66667
14 1 1.224 1.224 1.224 0 2.66667
41 1 1.224 1.224 1.224 0 2.66667
28 1 1.224 1.224 1.224 0 2.66667
50 1 1.224 1.224 1.224 0 3.16667
18 1 1.22399 1.22399 1.22399 0 2.66667
19 1 1.22399 1.22399 1.22399 0 2.66667
34 1 1.22397 1.22397 1.22397 0 2.66667
20 1 1.22392 1.22392 1.22392 0 2.66667
160 1 0.320926 0.320926 0.320926 0 2.8

132 16 2.57144 2.57144 6.95243 4.38099 2.66667
16 12 3.48497 3.48497 6.67952 3.19455 3.16667
170 2 40.0771 40.0771 40.0771 0 0.666667
171 4 20.0386 20.0386 20.0386 0 3.66667
78 11 3.78913 3.78913 6.94012 3.15099 2.66667
102 11 2.40017 2.40017 6.7783 4.37813 0.8
159 10 4.21864 4.21864 6.74983 2.53119 2.8
103 6 6.63725 6.63725 6.63725 8.88178e-16 3.16667
10 1 11.175 11.175 11.175 0 2.66667
43 1 10.1569 10.1569 10.1569 0 2.8
52 1 6.04068 6.04068 6.04068 0 2.8
13 1 3.69673 3.69673 3.69673 0 2.66667
117 1 3.57961 3.57961 3.57961 0 1.16667
50 1 1.224 1.224 1.224 0 3.16667
28 1 1.224 1.224 1.224 0 2.66667
41 1 1.224 1.224 1.224 0 2.66667
14 1 1.224 1.224 1.224 0 2.66667
33 1 1.224 1.224 1.224 0 2.66667
35 1 1.224 1.224 1.224 0 2.66667
17 1 1.224 1.224 1.224 0 2.66667
15 1 1.224 1.224 1.224 0 2.66667
12 1 1.224 1.224 1.224 0 2.66667
26 1 1.224 1.224 1.224 0 2.66667
18 1 1.22399 1.22399 1.22399 0 2.66667
19 1 1.22399 1.22399 1.22399 0 2.66667
34 1 1.22397 1.22397 1.22397 0 2.66667
20 1 1.22392 1.22392 1.22392 0 2.66667
173 1 0.340107 0.340107 0.340107 0 3.3
160 1 0.160463 0.160463 0.160463 5e-09 2.66667
172 1 1e-08 1e-08 1e-08 0 2.66667
174 1 1e-08 1e-08 1e-08 0 2.8
175 1 1e-08 1e-08 1e-08 0 2.66667
176 1 1e-08 1e-08 1e-08 0 2.66667

132 17 4.05197 4.05197 6.45963 2.40765 2.66667
78 16 4.39539 4.39539 6.16001 1.76462 2.66667
102 14 6.13988 6.00043 6.43899 0.430104 0.8
159 10 8.01542 8.01542 8.01542 1.77636e-15 2.8
16 12 1.48434 1.48434 6.43221 4.94787 3.66667
170 10 3.33976 3.33976 6.68136 3.3416 0.666667
103 6 6.63725 6.63725 6.63725 8.88178e-16 2.66667
10 1 11.175 11.175 11.175 0 2.66667
43 1 10.1569 10.1569 10.1569 0 2.8
52 1 6.04068 6.04068 6.04068 0 2.8
13 1 3.69673 3.69673 3.69673 0 2.66667
117 1 3.57961 3.57961 3.57961 0 1.16667
26 1 1.224 1.224 1.224 0 2.66667
12 1 1.224 1.224 1.224 0 2.66667
15 1 1.224 1.224 1.224 0 2.66667
17 1 1.224 1.224 1.224 0 2.66667
35 1 1.224 1.224 1.224 0 2.66667
33 1 1.224 1.224 1.224 0 2.66667
14 1 1.224 1.224 1.224 0 2.66667
41 1 1.224 1.224 1.224 0 2.66667
28 1 1.224 1.224 1.224 0 2.66667
50 1 1.224 1.224 1.224 0 3.16667
18 1 1.22399 1.22399 1.22399 0 2.66667

132 15 2.97145 2.97145 6.77331 3.80186 2.66667
78 14 2.8917 2.8917 6.81798 3.92628 2.66667
170 12 6.67952 6.67952 6.67952 1.77636e-15 0.666667
180 1 80.1542 80.1542 80.1542 0 3.16667
159 11 3.20617 3.20617 6.70298 3.49681 2.8
102 11 2.72884 2.66686 6.65066 3.9726 0.8
16 10 4.00771 4.00771 7.21402 3.20631 2.66667
103 5 6.63725 6.63725 7.9647 1.32745 3.16667
10 1 11.175 11.175 11.175 0 2.66667
43 1 10.1569 10.1569 10.1569 0 2.8
52 1 6.04068 6.04068 6.04068 0 2.8
13 1 3.69673 3.69673 3.69673 0 2.66667
117 1 3.57961 3.57961 3.57961 0 1.16667
50 1 1.224 1.224 1.224 0 3.16667
28 1 1.224 1.224 1.224 0 2.66667
41 1 1.224 1.224 1.224 0 2.66667
14 1 1.224 1.224 1.224 0 2.66667
33 1 1.224 1.224 1.224 0 2.66667
35 1 1.224 1.224 1.224 0 2.66667
17 1 1.224 1.224 1.224 0 2.66667
15 1 1.224 1.224 1.224 0 2.66667
12 1 1.224 1.224 1.224 0 2.66667
26 1 1.224 1.224 1.224 0 2.66667
18 1 1.22399 1.22399 1.22399 0 2.66667
181 1 1e-08 1e-08 1e-08 0 2.66667
182 1 1e-08 1e-08 1e-08 0 2.66667

132 15 3.10965 3.10965 6.89945 3.7898 2.66667
78 14 4.30909 3.54467 6.89078 3.29739 2.66667
102 12 8.18651 0.319022 7.39143 2.13352 0.8
16 5 16.0308 16.0308 16.0308 0 3.66667
159 11 3.64337 3.64337 6.62717 2.98379 2.8
180 10 5.7253 5.7253 6.87076 1.14545 3.16667
170 9 1.86405 1.86405 7.06106 5.19701 2.66667
103 5 7.9647 7.9647 7.9647 0 3.16667
10 1 11.175 11.175 11.175 0 2.66667
43 1 10.1569 10.1569 10.1569 0 2.8
52 1 6.04068 6.04068 6.04068 0 2.8
13 1 3.69673 3.69673 3.69673 0 2.66667
117 1 3.57961 3.57961 3.57961 0 1.16667
26 1 1.224 1.224 1.224 0 2.66667
12 1 1.224 1.224 1.224 0 2.66667
15 1 1.224 1.224 1.224 0 2.66667
17 1 1.224 1.224 1.224 0 2.66667
35 1 1.224 1.224 1.224 0 2.66667
33 1 1.224 1.224 1.224 0 2.66667
14 1 1.224 1.224 1.224 0 2.66667
41 1 1.224 1.224 1.224 0 2.66667
28 1 1.224 1.224 1.224 0 2.66667
50 1 1.224 1.224 1.224 0 3.16667
18 1 1.22399 1.22399 1.22399 0 2.66667
184 1 0.349239 0.349239 0.349239 0 2.66667
181 1 1e-08 1e-08 1e-08 0 2.66667
182 1 1e-08 1e-08 1e-08 0 2.66667
183 1 5e-09 5e-09 1e-08 5e-09 2.66667

132 13 3.34288 3.34288 7.4003 4.05742 2.66667
78 12 3.81662 3.13956 7.41312 4.19746 2.66667
170 8 10.0193 10.0193 10.0193 1.77636e-15 0.666667
186 1 80.1542 80.1542 80.1542 0 0.666667
180 10 6.67952 6.67952 7.3507 0.671177 3.16667
159 9 2.86265 2.86265 7.63546 4.77281 2.8
102 9 3.06994 3.00021 7.51437 4.48331 2.8
16 8 3.81687 3.81687 7.63292 3.81605 3.66667
103 5 7.9647 7.9647 7.9647 0 3.16667
10 1 11.175 11.175 11.175 0 2.66667
43 1 10.1569 10.1569 10.1569 0 2.8
52 1 6.04068 6.04068 6.04068 0 2.8
13 1 3.69673 3.69673 3.69673 0 2.66667
117 1 3.57961 3.57961 3.57961 0 1.16667
50 1 1.224 1.224 1.224 0 3.16667
28 1 1.224 1.224 1.224 0 2.66667
41 1 1.224 1.224 1.224 0 2.66667
14 1 1.224 1.224 1.224 0 2.66667
33 1 1.224 1.224 1.224 0 2.66667
35 1 1.224 1.224 1.224 0 2.66667
17 1 1.224 1.224 1.224 0 2.66667
15 1 1.224 1.224 1.224 0 2.66667
12 1 1.224 1.224 1.224 0 2.66667
26 1 1.224 1.224 1.224 0 2.66667
18 1 1.22399 1.22399 1.22399 0 2.66667
181 1 1e-08 1e-08 1e-08 0 2.66667
182 1 1e-08 1e-08 1e-08 0 2.66667
187 1 1e-08 1e-08 1e-08 0 2.8

132 15 3.71431 3.71431 6.98031 3.266 2.8
102 9 10.9153 10.6674 10.7776 0.123188 0.8
78 12 4.60627 3.78913 7.36747 3.46031 2.66667
16 7 11.4506 11.4506 11.4506 1.77636e-15 3.66667
159 11 3.33976 3.33976 6.98334 3.64358 2.8
180 10 3.81687 3.81687 6.87317 3.0563 3.16667
170 9 2.42892 2.42892 7.33773 4.90881 0.666667
103 5 7.9647 7.9647 7.9647 0 3.16667
188 2 16.0308 0.0111106 8.02098 8.00987 2.8
10 1 11.175 11.175 11.175 0 2.66667
43 1 10.1569 10.1569 10.1569 0 2.8
52 1 6.04068 6.04068 6.04068 0 2.8
13 1 3.69673 3.69673 3.69673 0 2.66667
117 1 3.57961 3.57961 3.57961 0 1.16667
26 1 1.224 1.224 1.224 0 2.66667
12 1 1.224 1.224 1.224 0 2.66667
15 1 1.224 1.224 1.224 0 2.66667
17 1 1.224 1.224 1.224 0 2.66667
35 1 1.224 1.224 1.224 0 2.66667
33 1 1.224 1.224 1.224 0 2.66667
14 1 1.224 1.224 1.224 0 2.66667
41 1 1.224 1.224 1.224 0 2.66667
28 1 1.224 1.224 1.224 0 2.66667
50 1 1.224 1.224 1.224 0 3.16667
18 1 1.22399 1.22399 1.22399 0 2.66667
181 1 1e-08 1e-08 1e-08 0 2.66667
182 1 1e-08 1e-08 1e-08 0 2.66667
187 1 1e-08 1e-08 1e-08 0 2.8
189 1 1e-08 1e-08 1e-08 0 2.66667
190 1 1e-08 1e-08 1e-08 0 0.666667

132 18 3.82043 3.82043 6.5798 2.75937 2.66667
78 14 4.45272 3.66282 6.54355 2.737 2.66667
170 9 8.90603 8.90603 8.90603 1.77636e-15 0.666667
159 11 3.08286 3.08286 6.34812 3.26526 2.8
102 9 3.38752 3.38752 6.92121 3.53369 0.8
180 9 4.71496 4.71496 6.81067 2.09572 3.16667
16 9 3.08286 3.08286 6.5086 3.42575 3.66667
103 5 7.9647 7.9647 7.9647 0 3.16667
10 1 11.175 11.175 11.175 0 2.66667
43 1 10.1569 10.1569 10.1569 0 2.8
52 1 6.04068 6.04068 6.04068 0 2.8
13 1 3.69673 3.69673 3.69673 0 2.66667
117 1 3.57961 3.57961 3.57961 0 1.16667
50 1 1.224 1.224 1.224 0 3.16667
28 1 1.224 1.224 1.224 0 2.66667
41 1 1.224 1.224 1.224 0 2.66667
14 1 1.224 1.224 1.224 0 2.66667
33 1 1.224 1.224 1.224 0 2.66667
35 1 1.224 1.224 1.224 0 2.66667
17 1 1.224 1.224 1.224 0 2.66667
15 1 1.224 1.224 1.224 0 2.66667
12 1 1.224 1.224 1.224 0 2.66667
26 1 1.224 1.224 1.224 0 2.66667
18 1 1.22399 1.22399 1.22399 0 2.66667
188 1 0.0106303 0.0106303 0.0106303 0 2.8

132 13 3.71431 3.71431 7.469 3.7547 2.66667
78 13 3.92887 3.2319 7.35824 3.84026 2.66667
102 11 5.17042 5.17042 7.53264 2.36222 0.8
16 9 8.90603 8.90603 8.90603 1.77636e-15 3.66667
180 10 8.01542 0.00274938 7.21416 2.4038 3.16667
159 9 3.1341 2.86265 7.6686 4.77636 3.3
170 9 2.86265 2.86265 7.31545 4.4528 0.666667
103 5 7.9647 7.9647 7.9647 0 3.16667
197 4 16.0308 2e-09 8.01542 8.01542 2.85714
188 3 26.7181 3.33333e-09 8.90721 12.5942 2.8
10 1 11.175 11.175 11.175 0 2.66667
43 1 10.1569 10.1569 10.1569 0 2.8
52 1 6.04068 6.04068 6.04068 0 2.8
117 1 3.06337 3.06337 4.85317 1.78981 1.16667
13 1 3.69673 3.69673 3.69673 0 2.66667
26 1 1.224 1.224 1.224 0 2.66667
12 1 1.224 1.224 1.224 0 2.66667
15 1 1.224 1.224 1.224 0 2.66667
17 1 1.224 1.224 1.224 0 2.66667
35 1 1.224 1.224 1.224 0 2.66667
33 1 1.224 1.224 1.224 0 2.66667
14 1 1.224 1.224 1.224 0 2.66667
41 1 1.224 1.224 1.224 0 2.66667
28 1 1.224 1.224 1.224 0 2.66667
50 1 1.224 1.224 1.224 0 3.16667

78 11 4.30909 3.87387 9.44832 5.4592 2.66667
132 11 3.42859 3.42859 9.107 5.67841 2.66667
204 1 87.7548 87.7548 87.7548 0 3.35714
170 9 8.90603 8.90603 8.90603 1.77636e-15 0.8
159 3 26.7181 26.7181 26.7181 0 2.8
102 9 4.9119 4.9119 8.77146 3.85956 0.8
207 1 73.541 73.541 73.541 0 2.66667
197 7 5.0125 5.00964 9.30403 4.29398 2.8
16 7 2.58562 2.58562 9.23449 6.64887 3.8
180 6 3.48497 3.48497 9.87461 6.38964 3.66667
103 4 7.9647 7.9647 9.95587 1.99117 3.16667
10 1 11.175 11.175 11.175 0 2.66667
43 1 10.1569 10.1569 10.1569 0 2.8
52 1 6.04068 6.04068 6.04068 0 2.8
13 1 3.69673 3.69673 3.69673 0 2.66667
50 1 1.224 1.224 1.224 0 3.16667
28 1 1.224 1.224 1.224 0 2.66667
41 1 1.224 1.224 1.224 0 2.66667
14 1 1.224 1.224 1.224 0 2.66667
33 1 1.224 1.224 1.224 0 2.66667
35 1 1.224 1.224 1.224 0 2.66667
17 1 1.224 1.224 1.224 0 2.66667
15 1 1.224 1.224 1.224 0 2.66667
12 1 1.224 1.224 1.224 0 2.66667
26 1 1.224 1.224 1.224 0 2.66667
206 1 0.0545067 0.0545067 0.0545067 0 2.8
205 1 0.0100235 0.0100235 0.0100235 6.66667e-09 2.8
188 1 0.00531514 0.00531514 0.00531515 5e-09 2.8
208 1 1e-08 1e-08 1e-08 0 2.8
209 1 1e-08 1e-08 1e-08 0 2.66667

132 13 3.51882 3.51882 6.94367 3.42485 2.66667
78 12 4.45272 4.00299 6.98865 2.80704 3.35714
180 6 13.359 13.359 13.359 0 3.66667
16 7 11.4506 11.4506 11.4506 1.77636e-15 3.66667
102 11 5.17042 5.17042 7.23388 2.06346 0.8
170 10 4.21864 4.21864 7.59266 3.37401 0.666667
204 10 2.35797 2.18755 7.35736 5.06461 3.3
207 3 40.0513 3.33333e-09 13.3595 18.874 2.66667
103 4 9.95587 9.95587 9.95587 0 3.16667
10 1 11.175 11.175 11.175 0 2.66667
43 1 10.1569 10.1569 10.1569 0 2.8
214 1 6.12673 6.12673 6.12673 0 0.666667
52 1 6.04068 6.04068 6.04068 0 2.8
13 1 3.69673 3.69673 3.69673 0 2.66667
26 1 1.224 1.224 1.224 0 2.66667
12 1 1.224 1.224 1.224 0 2.66667
15 1 1.224 1.224 1.224 0 2.66667
17 1 1.224 1.224 1.224 0 2.66667
35 1 1.224 1.224 1.224 0 2.66667
33 1 1.224 1.224 1.224 0 2.66667
14 1 1.224 1.224 1.224 0 2.66667
41 1 1.224 1.224 1.224 0 2.66667
28 1 1.224 1.224 1.224 0 2.66667
50 1 1.224 1.224 1.224 0 3.16667
212 1 0.0555528 0.0555528 0.0555528 0 2.8
206 1 0.0545067 0.0545067 0.0545067 0 2.8
188 1 0.0106303 0.0106303 0.0106303 0 2.8
159 1 0.00531493 0.00531493 0.00531494 5e-09 2.8
209 1 1e-08 1e-08 1e-08 0 2.66667
210 1 1e-08 1e-08 1e-08 0 0.8
211 1 1e-08 1e-08 1e-08 0 2.66667
213 1 1e-08 1e-08 1e-08 0 2.8

216 1 120.154 120.154 120.154 0 2.8
215 17 5.56591 5.00374 6.28168 0.952838 2.66667
132 17 4.05197 4.05197 6.25319 2.20122 2.66667
78 11 1.10621 1.02626 6.47402 5.39752 2.85714
102 11 5.46957 3.92952 6.44009 2.41156 0.8
170 1 46.5278 46.5278 46.5278 0 0.666667
103 4 9.95587 9.95587 9.95587 0 3.16667
10 1 11.175 11.175 11.175 0 2.66667
43 1 10.1569 10.1569 10.1569 0 2.8
180 1 9.4029 9.4029 9.4029 5e-09 3.66667
52 1 6.04068 6.04068 6.04068 0 2.8
13 1 3.69673 3.69673 3.69673 0 2.66667
214 1 3.06337 3.06337 3.06337 5e-09 0.666667
50 1 1.224 1.224 1.224 0 3.16667
28 1 1.224 1.224 1.224 0 2.66667
41 1 1.224 1.224 1.224 0 2.66667
14 1 1.224 1.224 1.224 0 2.66667
33 1 1.224 1.224 1.224 0 2.66667
35 1 1.224 1.224 1.224 0 2.66667
17 1 1.224 1.224 1.224 0 2.66667
15 1 1.224 1.224 1.224 0 2.66667
12 1 1.224 1.224 1.224 0 2.66667
26 1 1.224 1.224 1.224 0 2.66667
206 1 0.0545067 0.0545067 0.0545067 0 2.8
217 1 0.0515576 0.0515576 0.0515576 0 2.8
207 1 0.0406717 0.0406717 0.0406717 5e-09 2.66667
204 1 0.0106303 0.0106303 0.0106303 0 2.8
159 1 0.0106299 0.0106299 0.0106299 0 2.8
209 1 1e-08 1e-08 1e-08 0 2.66667
211 1 5e-09 5e-09 1e-08 5e-09 2.66667
213 1 1e-08 1e-08 1e-08 0 2.8
218 1 1e-08 1e-08 1e-08 0 3.3
219 1 1e-08 1e-08 1e-08 0 2.66667

132 16 6.68575 6.68575 7.10394 0.418186 2.66667
214 11 12.1559 0.556976 10.252 4.06739 2.66667
215 15 3.92887 3.92887 7.24752 3.31864 2.66667
78 12 4.80186 3.37518 7.39411 3.66202 1.35714
216 11 5.44898 4.45014 7.07523 2.5505 2.8
102 9 4.27311 3.06994 7.06671 3.88154 0.8
209 3 44.5717 3.33333e-09 14.8572 21.0113 2.66667
103 4 7.9647 7.9647 7.9647 5e-10 3.16667
220 1 18.8058 18.8058 18.8058 0 1.66667
10 1 11.175 11.175 11.175 0 2.66667
43 1 10.1569 10.1569 10.1569 0 2.8
52 1 6.04068 6.04068 6.04068 0 2.8
13 1 3.69673 3.69673 3.69673 0 2.66667
26 1 1.224 1.224 1.224 0 2.66667
12 1 1.224 1.224 1.224 0 2.66667
15 1 1.224 1.224 1.224 0 2.66667
17 1 1.224 1.224 1.224 0 2.66667
50 1 1.224 1.224 1.224 0 3.16667
28 1 1.224 1.224 1.224 0 2.66667
41 1 1.224 1.224 1.224 0 2.66667
14 1 1.224 1.224 1.224 0 2.66667
33 1 1.224 1.224 1.224 0 2.66667
35 1 1.224 1.224 1.224 0 2.66667
207 1 0.0813434 0.0813434 0.0813434 0 2.66667
206 1 0.0545067 0.0545067 0.0545067 0 2.8
217 1 0.0515576 0.0515576 0.0515576 0 2.8
224 1 0.0125813 0.0125813 0.0125813 0 2.8
204 1 0.0106303 0.0106303 0.0106303 0 2.8

227 1 136.739 136.739 136.739 0 0.857143
215 15 3.03595 3.03595 7.55118 4.51523 2.66667
132 15 2.52293 2.52293 7.47557 4.95265 2.66667
216 13 6.39663 5.22408 7.60987 2.31676 2.8
78 11 4.71591 3.27845 7.57889 3.70888 3.35714
102 8 6.5492 6.5492 7.48492 0.935711 0.8
103 4 7.9647 7.9647 7.9647 5e-10 3.16667
220 1 18.8058 18.8058 18.8058 0 1.66667
10 1 11.175 11.175 11.175 0 2.66667
43 1 10.1569 10.1569 10.1569 0 2.8
230 1 7.81877 7.81877 7.81877 0 2.85714
52 1 6.04068 6.04068 6.04068 0 2.8
214 1 1.98921 1.98921 5.39295 3.40374 0.666667
13 1 3.69673 3.69673 3.69673 0 2.66667
26 1 1.224 1.224 1.224 0 2.66667
35 1 1.224 1.224 1.224 0 2.66667
33 1 1.224 1.224 1.224 0 2.66667
14 1 1.224 1.224 1.224 0 2.66667
41 1 1.224 1.224 1.224 0 2.66667
28 1 1.224 1.224 1.224 0 2.66667
50 1 1.224 1.224 1.224 0 3.16667
17 1 1.224 1.224 1.224 0 2.66667
15 1 1.224 1.224 1.224 0 2.66667
12 1 1.224 1.224 1.224 0 2.66667
228 1 0.103937 0.103937 0.103937 0 0.666667
207 1 0.0813434 0.0813434 0.0813434 0 2.66667
206 1 0.0545067 0.0545067 0.0545067 0 2.8
217 1 0.0515576 0.0515576 0.0515576 0 2.8
204 1 0.0106303 0.0106303 0.0106303 0 2.8
229 1 1e-08 1e-08 1e-08 0 2.8

132 18 3.71431 3.71431 5.92889 2.21458 2.66667
215 17 3.42517 3.42517 5.93263 2.50746 2.8
216 17 4.90408 4.00513 5.74575 1.63344 2.8
78 16 8.31686 4.58606 6.08343 1.032 3.35714
227 11 3.41848 3.41848 6.21961 2.80113 0.857143
103 4 9.95587 9.95587 9.95587 0 3.16667
220 1 18.8058 18.8058 18.8058 0 1.66667
10 1 11.175 11.175 11.175 0 2.66667
43 1 10.1569 10.1569 10.1569 0 2.8
52 1 6.04068 6.04068 6.04068 0 2.8
13 1 3.69673 3.69673 3.69673 0 2.66667
12 1 1.224 1.224 1.224 0 2.66667
15 1 1.224 1.224 1.224 0 2.66667
17 1 1.224 1.224 1.224 0 2.66667
50 1 1.224 1.224 1.224 0 3.16667
28 1 1.224 1.224 1.224 0 2.66667
41 1 1.224 1.224 1.224 0 2.66667
14 1 1.224 1.224 1.224 0 2.66667
33 1 1.224 1.224 1.224 0 2.66667
35 1 1.224 1.224 1.224 0 2.66667
26 1 1.224 1.224 1.224 0 2.66667
233 1 0.1952 0.1952 0.1952 0 2.66667
214 1 0.103937 0.103937 0.103937 0 0.666667
207 1 0.0813434 0.0813434 0.0813434 0 2.66667

215 17 4.2149 3.92887 7.37798 3.43294 2.66667
132 15 2.97145 2.97145 7.67238 4.70093 2.66667
227 14 6.21543 6.21543 7.60154 1.38611 2.85714
216 13 3.97628 3.2474 7.49232 4.05697 2.8
78 13 4.99011 3.37721 7.34 3.46527 2.66667
220 2 43.2039 9.4029 26.3034 16.9005 1.66667
234 3 44.5717 3.33333e-09 14.8572 21.0113 2.66667
103 4 9.95587 9.95587 9.95587 0 3.16667
10 1 11.175 11.175 11.175 0 2.66667
43 1 10.1569 10.1569 10.1569 0 2.8
52 1 6.04068 6.04068 6.04068 0 2.8
13 1 3.69673 3.69673 3.69673 0 2.66667
26 1 1.224 1.224 1.224 0 2.66667
35 1 1.224 1.224 1.224 0 2.66667
33 1 1.224 1.224 1.224 0 2.66667
14 1 1.224 1.224 1.224 0 2.66667
41 1 1.224 1.224 1.224 0 2.66667
28 1 1.224 1.224 1.224 0 2.66667
50 1 1.224 1.224 1.224 0 3.16667
17 1 1.224 1.224 1.224 0 2.66667
15 1 1.224 1.224 1.224 0 2.66667
12 1 1.224 1.224 1.224 0 2.66667
214 1 0.103937 0.103937 0.103937 0 0.666667
207 1 0.0813434 0.0813434 0.0813434 0 2.66667
237 1 0.0512966 0.0512966 0.0512966 0 0.8
235 1 1e-08 1e-08 1e-08 0 2.66667
236 1 3.33333e-09 3.33333e-09 1e-08 6.66667e-09 2.66667
238 1 1e-08 1e-08 1e-08 0 2.66667

78 15 8.80608 5.95978 7.40278 1.07455 3.35714
132 15 3.10965 3.10965 7.32658 4.21692 2.66667
215 15 3.25697 3.03595 7.27499 4.22467 2.66667
227 14 5.25921 5.25921 7.46621 2.207 0.857143
216 13 4.45826 3.64102 7.40373 3.40584 2.8
241 8 13.4949 1.11111e-09 7.4574 5.96357 3.85714
220 2 43.2039 9.4029 26.3034 16.9005 1.66667
103 4 9.95587 9.95587 9.95587 0 3.16667
10 1 11.175 11.175 11.175 0 2.66667
43 1 10.1569 10.1569 10.1569 0 2.8
52 1 6.04068 6.04068 6.04068 0 2.8
13 1 3.69673 3.69673 3.69673 0 2.66667
12 1 1.224 1.224 1.224 0 2.66667
15 1 1.224 1.224 1.224 0 2.66667
17 1 1.224 1.224 1.224 0 2.66667
50 1 1.224 1.224 1.224 0 3.16667
28 1 1.224 1.224 1.224 0 2.66667
41 1 1.224 1.224 1.224 0 2.66667
14 1 1.224 1.224 1.224 0 2.66667
33 1 1.224 1.224 1.224 0 2.66667
35 1 1.224 1.224 1.224 0 2.66667
26 1 1.224 1.224 1.224 0 2.66667
214 1 0.103937 0.103937 0.103937 0 0.666667

132 17 7.42861 7.42861 7.42861 3.26779e-11 2.66667
245 17 7.86559 0.0648198 7.40672 1.83548 2.66667
215 15 4.2149 3.92887 7.50835 3.54267 2.66667
216 13 4.74589 4.10597 7.51521 2.9731 2.8
78 11 3.93956 2.81016 7.23567 4.03238 3.35714
227 10 3.50614 3.50614 7.30758 3.80144 0.857143
103 4 9.95587 9.95587 9.95587 0 3.16667
220 1 18.8058 18.8058 18.8058 0 1.66667
10 1 11.175 11.175 11.175 0 2.66667
43 1 10.1569 10.1569 10.1569 0 2.8
52 1 6.04068 6.04068 6.04068 0 2.8
247 1 3.78244 3.78244 3.78244 0 2.8
13 1 3.69673 3.69673 3.69673 0 2.66667
26 1 1.224 1.224 1.224 0 2.66667
35 1 1.224 1.224 1.224 0 2.66667
33 1 1.224 1.224 1.224 0 2.66667
14 1 1.224 1.224 1.224 0 2.66667
41 1 1.224 1.224 1.224 0 2.66667
28 1 1.224 1.224 1.224 0 2.66667
50 1 1.224 1.224 1.224 0 3.16667
17 1 1.224 1.224 1.224 0 2.66667

227 11 12.4309 9.09091e-10 11.3008 3.57362 0.857143
132 18 1.80696 1.80696 6.88033 5.07337 2.66667
215 16 3.77123 3.51531 7.03494 3.45743 2.66667
216 15 5.25438 4.83322 6.7883 1.6269 2.8
78 13 5.75782 4.10716 7.12877 2.50558 1.35714
103 4 9.95587 9.95587 9.95587 0 3.16667
249 1 23.3446 23.3446 23.3446 0 0.8
220 1 18.8058 18.8058 18.8058 0 1.66667
10 1 11.175 11.175 11.175 0 2.66667
43 1 10.1569 10.1569 10.1569 0 2.8
52 1 6.04068 6.04068 6.04068 0 2.8
13 1 3.69673 3.69673 3.69673 0 2.66667
17 1 1.224 1.224 1.224 0 2.66667
50 1 1.224 1.224 1.224 0 3.16667
28 1 1.224 1.224 1.224 0 2.66667
41 1 1.224 1.224 1.224 0 2.66667
14 1 1.224 1.224 1.224 0 2.66667
33 1 1.224 1.224 1.224 0 2.66667
35 1 1.224 1.224 1.224 0 2.66667
26 1 1.224 1.224 1.224 0 2.66667
245 1 3.33333e-09 3.33333e-09 1e-08 6.66667e-09 2.66667
250 1 1e-08 1e-08 1e-08 0 2.85714
251 1 1e-08 1e-08 1e-08 0 2.66667
252 1 1e-08 1e-08 1e-08 0 2.66667

78 15 9.98023 3.26038 7.72579 1.36891 1.35714
132 17 3.61392 3.61392 6.17371 2.55979 2.66667
215 17 3.49528 3.25809 6.09231 2.75284 2.66667
216 16 3.67806 3.67806 6.2799 2.60183 2.8
227 13 3.50614 3.50614 6.37764 2.8715 0.857143
103 4 9.95587 9.95587 9.95587 0 3.16667
220 1 18.8058 18.8058 18.8058 0 1.66667
10 1 11.175 11.175 11.175 0 2.66667
43 1 10.1569 10.1569 10.1569 0 2.8
52 1 6.04068 6.04068 6.04068 0 2.8
13 1 3.69673 3.69673 3.69673 0 2.66667
26 1 1.224 1.224 1.224 0 2.66667
35 1 1.224 1.224 1.224 0 2.66667
33 1 1.224 1.224 1.224 0 2.66667
14 1 1.224 1.224 1.224 0 2.66667
41 1 1.224 1.224 1.224 0 2.66667
28 1 1.224 1.224 1.224 0 2.66667
50 1 1.224 1.224 1.224 0 3.16667
17 1 1.224 1.224 1.224 0 2.66667
253 1 0.0101862 0.0101862 0.0101862 0 2.66667
245 1 5e-09 5e-09 1e-08 5e-09 2.66667
250 1 5e-09 5e-09 1e-08 5e-09 2.8
251 1 1e-08 1e-08 1e-08 0 2.66667

216 18 4.45826 4.45826 6.78302 2.32476 2.8
215 18 3.58267 3.33954 6.64461 3.15872 2.66667
227 16 7.59663 0.023462 6.65323 2.49602 1.35714
132 16 3.26134 3.26134 6.54768 3.28634 2.66667
78 14 3.32674 2.5617 6.60467 3.88239 3.35714
103 4 9.95587 9.95587 9.95587 0 3.16667
220 1 18.8058 18.8058 18.8058 0 1.66667
10 1 11.175 11.175 11.175 0 2.66667
43 1 10.1569 10.1569 10.1569 0 2.8
52 1 6.04068 6.04068 6.04068 0 2.8
13 1 3.69673 3.69673 3.69673 0 2.66667
17 1 1.224 1.224 1.224 0 2.66667
50 1 1.224 1.224 1.224 0 3.16667
28 1 1.224 1.224 1.224 0 2.66667
41 1 1.224 1.224 1.224 0 2.66667
14 1 1.224 1.224 1.224 0 2.66667
33 1 1.224 1.224 1.224 0 2.66667
35 1 1.224 1.224 1.224 0 2.66667
26 1 1.224 1.224 1.224 0 2.66667
254 1 0.38928 0.38928 0.38928 6.66667e-09 2.66667
255 1 0.0554422 0.0554422 0.0554422 0 3.38889

78 14 10.6931 8.23404 8.76758 0.658645 3.35714
216 14 3.69002 3.67806 8.40913 4.73022 2.8
132 14 4.45717 4.45717 8.27771 3.82054 2.66667
215 13 3.04908 3.04908 8.49449 5.44542 2.8
256 4 33.4288 9.44719 27.4334 10.3843 2.66667
227 11 3.41848 3.41848 8.71879 5.30031 0.857143
254 5 26.743 2e-09 10.7439 13.0635 2.66667
103 4 9.95587 9.95587 9.95587 0 3.16667
220 1 18.8058 18.8058 18.8058 0 1.66667
10 1 11.175 11.175 11.175 0 2.66667
43 1 10.1569 10.1569 10.1569 0 2.8
52 1 6.04068 6.04068 6.04068 0 2.8
13 1 3.69673 3.69673 3.69673 0 2.66667
26 1 1.224 1.224 1.224 0 2.66667
35 1 1.224 1.224 1.224 0 2.66667
33 1 1.224 1.224 1.224 0 2.66667
14 1 1.224 1.224 1.224 0 2.66667
41 1 1.224 1.224 1.224 0 2.66667
28 1 1.224 1.224 1.224 0 2.66667
50 1 1.224 1.224 1.224 0 3.16667
17 1 1.224 1.224 1.224 0 2.66667
255 1 0.0554422 0.0554422 0.0554422 0 3.38889
257 1 5e-09 5e-09 1e-08 5e-09 2.66667
258 1 1e-08 1e-08 1e-08 0 2.8

215 13 11.0236 11.0236 11.0236 3.55271e-15 2.66667
227 11 12.4309 12.4309 12.4309 1.77636e-15 0.857143
256 1 133.715 133.715 133.715 0 2.66667
132 13 6.07796 6.07796 8.55184 2.47389 2.66667
216 11 2.23638 2.22913 8.76399 6.53223 2.8
78 10 2.45415 1.99105 8.60915 6.49706 3.35714
103 4 9.95587 9.95587 9.95587 0 3.16667
220 1 18.8058 18.8058 18.8058 0 1.66667
10 1 11.175 11.175 11.175 0 2.66667
43 1 10.1569 10.1569 10.1569 0 2.8
52 1 6.04068 6.04068 6.04068 0 2.8
13 1 3.69673 3.69673 3.69673 0 2.66667
17 1 1.224 1.224 1.224 0 2.66667
50 1 1.224 1.224 1.224 0 3.16667
28 1 1.224 1.224 1.224 0 2.66667
41 1 1.224 1.224 1.224 0 2.66667
14 1 1.224 1.224 1.224 0 2.66667
33 1 1.224 1.224 1.224 0 2.66667
35 1 1.224 1.224 1.224 0 2.66667
26 1 1.224 1.224 1.224 0 2.66667
257 1 1e-08 1e-08 1e-08 0 2.66667
258 1 1e-08 1e-08 1e-08 0 2.8
259 1 1e-08 1e-08 1e-08 0 3.35714
260 1 1e-08 1e-08 1e-08 0 2.8

216 11 13.4183 13.3748 13.3906 0.0209183 2.8
262 1 133.715 133.715 133.715 0 2.66667
256 13 10.2858 10.2858 10.2858 3.55271e-15 2.66667
78 11 13.6094 9.09091e-10 10.6552 3.44822 3.35714
261 12 4.52026 4.27311 9.31117 5.01793 0.857143
215 11 2.51415 2.51415 9.37037 6.85622 2.66667
227 5 3.90684 3.90684 9.3382 5.43136 0.888889
103 4 9.95587 9.95587 9.95587 0 3.16667
220 1 18.8058 18.8058 18.8058 0 1.66667
10 1 11.175 11.175 11.175 0 2.66667
43 1 10.1569 10.1569 10.1569 0 2.8
52 1 6.04068 6.04068 6.04068 0 2.8
13 1 3.69673 3.69673 3.69673 0 2.66667
17 1 1.224 1.224 1.224 0 2.66667
50 1 1.224 1.224 1.224 0 3.16667
28 1 1.224 1.224 1.224 0 2.66667
41 1 1.224 1.224 1.224 0 2.66667
14 1 1.224 1.224 1.224 0 2.66667
33 1 1.224 1.224 1.224 0 2.66667
35 1 1.224 1.224 1.224 0 2.66667
26 1 1.224 1.224 1.224 0 2.66667
257 1 1e-08 1e-08 1e-08 0 2.66667
258 1 1e-08 1e-08 1e-08 0 2.8
260 1 1e-08 1e-08 1e-08 0 2.8

215 11 13.0279 13.0279 13.0279 5.32907e-15 2.66667
261 16 8.50873 8.04349 8.57529 0.515178 0.857143
256 5 26.743 26.743 26.743 0 2.66667
78 11 13.6094 9.09091e-10 10.6552 3.44822 3.35714
262 12 2.30543 2.30543 8.73586 6.43042 2.66667
216 12 2.50171 2.50171 8.57247 6.07076 2.8
103 4 9.95587 9.95587 9.95587 0 3.16667
220 1 18.8058 18.8058 18.8058 0 1.66667
10 1 11.175 11.175 11.175 0 2.66667
43 1 10.1569 10.1569 10.1569 0 2.8
52 1 6.04068 6.04068 6.04068 0 2.8
13 1 3.69673 3.69673 3.69673 0 2.66667
26 1 1.224 1.224 1.224 0 2.66667
35 1 1.224 1.224 1.224 0 2.66667
33 1 1.224 1.224 1.224 0 2.66667
14 1 1.224 1.224 1.224 0 2.66667
41 1 1.224 1.224 1.224 0 2.66667
28 1 1.224 1.224 1.224 0 2.66667
50 1 1.224 1.224 1.224 0 3.16667
17 1 1.224 1.224 1.224 0 2.66667
257 1 1e-08 1e-08 1e-08 0 2.66667
258 1 1e-08 1e-08 1e-08 0 2.8
263 1 1e-08 1e-08 1e-08 0 2.66667
264 1 1e-08 1e-08 1e-08 0 2.66667
265 1 1e-08 1e-08 1e-08 0 2.8
266 1 1e-08 1e-08 1e-08 0 0.666667

216 11 13.4183 13.4183 13.4183 1.77636e-15 2.8
267 1 147.601 147.601 147.601 0 4.3
262 12 11.1429 11.1429 11.1429 1.77636e-15 2.66667
256 5 26.743 26.743 26.743 0 2.66667
78 11 13.6094 9.09091e-10 10.6552 3.44822 3.35714
215 11 2.7039 2.7039 9.79337 7.08947 2.66667
261 7 2.009 1.89916 10.1637 8.19917 0.857143
103 4 9.95587 9.95587 9.95587 0 3.16667
220 2 23.2244 9.4029 16.3136 6.91074 0.666667
10 1 11.175 11.175 11.175 0 2.66667
43 1 10.1569 10.1569 10.1569 0 2.8
52 1 6.04068 6.04068 6.04068 0 2.8
13 1 3.69673 3.69673 3.69673 0 2.66667
17 1 1.224 1.224 1.224 0 2.66667
50 1 1.224 1.224 1.224 0 3.16667
28 1 1.224 1.224 1.224 0 2.66667
41 1 1.224 1.224 1.224 0 2.66667
14 1 1.224 1.224 1.224 0 2.66667
33 1 1.224 1.224 1.224 0 2.66667
35 1 1.224 1.224 1.224 0 2.66667
26 1 1.224 1.224 1.224 0 2.66667
257 1 1e-08 1e-08 1e-08 0 2.66667
258 1 1e-08 1e-08 1e-08 0 2.8
263 1 1e-08 1e-08 1e-08 0 2.66667
264 1 1e-08 1e-08 1e-08 0 2.66667
265 1 1e-08 1e-08 1e-08 0 2.8
266 1 1e-08 1e-08 1e-08 0 0.666667
268 1 1e-08 1e-08 1e-08 0 0.8

215 11 13.0279 13.0279 13.0279 5.32907e-15 2.66667
269 4 36.1621 34.1848 35.6678 0.856172 0.857143
261 3 48.2161 45.5798 46.6137 1.1489 0.857143
262 12 11.1429 11.1429 11.1429 1.77636e-15 2.66667
256 5 26.743 26.743 26.743 0 2.66667
78 11 13.6094 9.09091e-10 10.6552 3.44822 3.35714
216 9 1.39246 1.39246 10.9703 9.57787 2.8
103 3 9.95587 9.95587 13.2745 3.31862 3.16667
220 2 23.2244 9.4029 16.3136 6.91074 1.66667
267 2 17.2393 11.2906 14.274 2.97434 4.3
10 1 11.175 11.175 11.175 0 2.66667
43 1 10.1569 10.1569 10.1569 0 2.8
52 1 6.04068 6.04068 6.04068 0 2.8
13 1 3.69673 3.69673 3.69673 0 2.66667
17 1 1.224 1.224 1.224 0 2.66667
50 1 1.224 1.224 1.224 0 3.16667
28 1 1.224 1.224 1.224 0 2.66667
41 1 1.224 1.224 1.224 0 2.66667
14 1 1.224 1.224 1.224 0 2.66667
33 1 1.224 1.224 1.224 0 2.66667
35 1 1.224 1.224 1.224 0 2.66667
26 1 1.224 1.224 1.224 0 2.66667
257 1 1e-08 1e-08 1e-08 0 2.66667
258 1 1e-08 1e-08 1e-08 0 2.8
263 1 1e-08 1e-08 1e-08 0 2.66667
264 1 1e-08 1e-08 1e-08 0 2.66667
266 1 1e-08 1e-08 1e-08 0 0.666667
268 1 1e-08 1e-08 1e-08 0 0.8

216 11 13.4183 7.18493 12.6291 1.85852 4.3
262 12 11.1429 11.1429 11.1429 1.77636e-15 2.66667
256 5 26.743 26.743 26.743 0 2.66667
270 5 29.9407 24.2908 25.7923 2.1954 1.35714
215 11 2.7039 2.7039 11.0293 8.3254 2.66667
78 6 22.7936 1.66667e-09 17.9019 8.03834 3.35714
261 10 6.88802 6.5114 10.2716 3.4231 0.857143
269 4 3.36392 3.36392 11.1559 7.79194 0.857143
103 3 13.2745 13.2745 13.2745 0 3.16667
220 2 23.2244 9.4029 16.3136 6.91074 1.66667
10 1 11.175 11.175 11.175 0 2.66667
43 1 10.1569 10.1569 10.1569 0 2.8
52 1 6.04068 6.04068 6.04068 0 2.8
13 1 3.69673 3.69673 3.69673 0 2.66667
17 1 1.224 1.224 1.224 0 2.66667
50 1 1.224 1.224 1.224 0 3.16667
28 1 1.224 1.224 1.224 0 2.66667
41 1 1.224 1.224 1.224 0 2.66667
14 1 1.224 1.224 1.224 0 2.66667
33 1 1.224 1.224 1.224 0 2.66667
35 1 1.224 1.224 1.224 0 2.66667
26 1 1.224 1.224 1.224 0 2.66667
257 1 5e-09 5e-09 1e-08 5e-09 2.66667
258 1 1e-08 1e-08 1e-08 0 2.8
263 1 1e-08 1e-08 1e-08 0 2.66667
264 1 1e-08 1e-08 1e-08 0 2.66667
266 1 1e-08 1e-08 1e-08 0 0.666667
268 1 1e-08 1e-08 1e-08 0 0.8

261 14 10.332 9.7671 10.2917 0.145491 0.857143
215 8 17.9133 17.9133 17.9133 0 2.66667
256 5 26.743 26.743 26.743 0 2.66667
270 11 13.6094 4.22261 11.039 2.27669 1.35714
257 4 35.8267 2.5e-09 26.87 15.5134 2.66667
216 10 2.54484 2.54484 9.39409 6.84925 4.3
262 9 2.12246 2.12246 9.46903 7.34656 2.66667
103 3 13.2745 13.2745 13.2745 0 3.16667
220 1 18.8058 18.8058 18.8058 0 1.66667
10 1 11.175 11.175 11.175 0 2.66667
43 1 10.1569 10.1569 10.1569 0 2.8
52 1 6.04068 6.04068 6.04068 0 2.8
13 1 3.69673 3.69673 3.69673 0 2.66667
26 1 1.224 1.224 1.224 0 2.66667
35 1 1.224 1.224 1.224 0 2.66667
33 1 1.224 1.224 1.224 0 2.66667
14 1 1.224 1.224 1.224 0 2.66667
41 1 1.224 1.224 1.224 0 2.66667
28 1 1.224 1.224 1.224 0 2.66667
50 1 1.224 1.224 1.224 0 3.16667
17 1 1.224 1.224 1.224 0 2.66667
271 1 0.000372914 0.000372914 0.000372914 0 2.8
78 1 1e-08 1e-08 1e-08 0 3.35714
258 1 1e-08 1e-08 1e-08 0 2.8
263 1 1e-08 1e-08 1e-08 0 2.66667
264 1 1e-08 1e-08 1e-08 0 2.66667
266 1 1e-08 1e-08 1e-08 0 0.666667
268 1 1e-08 1e-08 1e-08 0 0.8
272 1 1e-08 1e-08 1e-08 0 2.8

216 10 14.7601 14.7601 14.7601 0 4.3
256 5 26.743 26.743 26.743 0 2.66667
270 11 13.6094 4.22261 11.039 2.27669 0.666667
262 10 13.3715 1e-09 12.0344 4.01145 2.66667
215 13 2.07691 2.07691 8.173 6.0961 2.66667
261 10 2.58301 2.58301 8.80981 6.2268 0.857143
103 3 13.2745 13.2745 13.2745 0 3.16667
220 1 18.8058 18.8058 18.8058 0 1.66667
10 1 11.175 11.175 11.175 0 2.66667
43 1 10.1569 10.1569 10.1569 0 2.8
52 1 6.04068 6.04068 6.04068 0 2.8
13 1 3.69673 3.69673 3.69673 0 2.66667
17 1 1.224 1.224 1.224 0 2.66667
50 1 1.224 1.224 1.224 0 3.16667
28 1 1.224 1.224 1.224 0 2.66667
41 1 1.224 1.224 1.224 0 2.66667
14 1 1.224 1.224 1.224 0 2.66667
33 1 1.224 1.224 1.224 0 2.66667
35 1 1.224 1.224 1.224 0 2.66667
26 1 1.224 1.224 1.224 0 2.66667
257 1 1e-08 1e-08 1e-08 0 2.8
271 1 1e-08 1e-08 1e-08 0 2.8
78 1 1e-08 1e-08 1e-08 0 3.35714
263 1 1e-08 1e-08 1e-08 0 2.66667
266 1 1e-08 1e-08 1e-08 0 0.666667
268 1 1e-08 1e-08 1e-08 0 0.8
272 1 1e-08 1e-08 1e-08 0 2.8
273 1 1e-08 1e-08 1e-08 0 2.66667

274 1 149.703 149.703 149.703 0 3.35714
261 10 14.4648 14.4648 14.4648 0 0.857143
215 13 11.0236 11.0236 11.0236 3.55271e-15 2.66667
275 8 16.7144 16.7144 16.7144 0 2.66667
78 6 22.7936 1.66667e-09 17.9019 8.03834 3.35714
216 9 2.50171 2.50171 11.1296 8.62785 4.3
256 9 2.52293 2.52293 10.9359 8.41296 2.66667
270 6 21.7902 3.1343 15.5655 7.3043 0.666667
103 3 13.2745 13.2745 13.2745 0 3.16667
10 1 11.175 11.175 11.175 0 2.66667
43 1 10.1569 10.1569 10.1569 0 2.8
52 1 6.04068 6.04068 6.04068 0 2.8
13 1 3.69673 3.69673 3.69673 0 2.66667
26 1 1.224 1.224 1.224 0 2.66667
35 1 1.224 1.224 1.224 0 2.66667
33 1 1.224 1.224 1.224 0 2.66667
14 1 1.224 1.224 1.224 0 2.66667
41 1 1.224 1.224 1.224 0 2.66667
28 1 1.224 1.224 1.224 0 2.66667
50 1 1.224 1.224 1.224 0 3.16667
17 1 1.224 1.224 1.224 0 2.66667
279 1 1e-08 1e-08 1e-08 0 2.66667
278 1 1e-08 1e-08 1e-08 0 2.66667
277 1 1e-08 1e-08 1e-08 0 2.66667
276 1 1e-08 1e-08 1e-08 0 2.8
262 1 1e-08 1e-08 1e-08 0 2.66667
273 1 1e-08 1e-08 1e-08 0 2.66667
272 1 1e-08 1e-08 1e-08 0 2.8
268 1 1e-08 1e-08 1e-08 0 0.8
266 1 1e-08 1e-08 1e-08 0 0.666667
263 1 1e-08 1e-08 1e-08 0 2.66667
271 1 1e-08 1e-08 1e-08 0 2.8
257 1 1e-08 1e-08 1e-08 0 2.8

216 9 16.4001 16.4001 16.4001 0 4.3
275 9 14.8572 14.8572 14.8572 0 2.66667
256 8 16.7144 16.7144 16.7144 0 2.66667
215 14 10.2362 0.00221458 9.50519 2.63565 2.66667
274 11 2.58109 2.58109 8.88551 6.30442 3.35714
261 9 2.37128 2.37128 9.08096 6.70967 2.85714
103 3 13.2745 13.2745 13.2745 0 3.16667
270 2 23.2244 9.4029 16.3136 6.91074 1.66667
10 1 11.175 11.175 11.175 0 2.66667
43 1 10.1569 10.1569 10.1569 0 2.8
52 1 6.04068 6.04068 6.04068 0 2.8
13 1 3.69673 3.69673 3.69673 0 2.66667
17 1 1.224 1.224 1.224 0 2.66667
50 1 1.224 1.224 1.224 0 3.16667
28 1 1.224 1.224 1.224 0 2.66667
41 1 1.224 1.224 1.224 0 2.66667
14 1 1.224 1.224 1.224 0 2.66667
33 1 1.224 1.224 1.224 0 2.66667
35 1 1.224 1.224 1.224 0 2.66667
26 1 1.224 1.224 1.224 0 2.66667
257 1 1e-08 1e-08 1e-08 0 2.8
271 1 1e-08 1e-08 1e-08 0 2.8
263 1 1e-08 1e-08 1e-08 0 2.66667
266 1 1e-08 1e-08 1e-08 0 0.666667
268 1 1e-08 1e-08 1e-08 0 0.8
272 1 1e-08 1e-08 1e-08 0 2.8
273 1 1e-08 1e-08 1e-08 0 2.66667
262 1 1e-08 1e-08 1e-08 0 2.66667
276 1 1e-08 1e-08 1e-08 0 2.8
277 1 1e-08 1e-08 1e-08 0 2.66667
278 1 1e-08 1e-08 1e-08 0 2.66667
279 1 1e-08 1e-08 1e-08 0 2.66667
78 1 1e-08 1e-08 1e-08 0 3.35714

274 11 13.6094 13.6094 13.6094 0 3.35714
261 9 16.072 16.072 16.072 0 0.857143
256 8 16.7144 16.7144 16.7144 0 2.66667
215 14 10.2362 0.00221458 9.50519 2.63565 2.66667
275 10 2.52293 2.52293 9.43213 6.9092 2.66667
216 10 2.41969 2.41969 9.04334 6.62365 4.3
103 3 13.2745 13.2745 13.2745 0 3.16667
270 2 23.2244 9.4029 16.3136 6.91074 1.66667
10 1 11.175 11.175 11.175 0 2.66667
43 1 10.1569 10.1569 10.1569 0 2.8
52 1 6.04068 6.04068 6.04068 0 2.8
13 1 3.69673 3.69673 3.69673 0 2.66667
26 1 1.224 1.224 1.224 0 2.66667
35 1 1.224 1.224 1.224 0 2.66667
33 1 1.224 1.224 1.224 0 2.66667
14 1 1.224 1.224 1.224 0 2.66667
41 1 1.224 1.224 1.224 0 2.66667
28 1 1.224 1.224 1.224 0 2.66667
50 1 1.224 1.224 1.224 0 3.16667
17 1 1.224 1.224 1.224 0 2.66667
280 1 0.0503652 0.0503652 0.0503652 0 0.8
271 1 0.000372914 0.000372914 0.000372914 0 2.8
282 1 1e-08 1e-08 1e-08 0 2.66667
281 1 1e-08 1e-08 1e-08 0 4.35714
78 1 1e-08 1e-08 1e-08 0 3.35714
279 1 1e-08 1e-08 1e-08 0 2.66667
278 1 1e-08 1e-08 1e-08 0 2.66667
277 1 5e-09 5e-09 1e-08 5e-09 2.66667
276 1 1e-08 1e-08 1e-08 0 2.8
262 1 1e-08 1e-08 1e-08 0 2.66667
273 1 1e-08 1e-08 1e-08 0 2.66667
272 1 1e-08 1e-08 1e-08 0 2.8
268 1 1e-08 1e-08 1e-08 0 0.8
266 1 1e-08 1e-08 1e-08 0 0.666667
263 1 1e-08 1e-08 1e-08 0 2.66667
257 1 1e-08 1e-08 1e-08 0 2.8

216 11 13.4183 9.09091e-10 12.1984 3.85748 4.3
256 8 16.7144 16.7144 16.7144 0 2.66667
215 14 10.2362 0.00221458 9.50519 2.63565 2.66667
275 12 11.1429 8.33333e-10 9.28577 4.15272 2.66667
274 11 2.30313 2.30313 8.33099 6.02786 3.35714
261 9 2.62997 2.62997 8.15466 5.52469 0.857143
103 3 13.2745 13.2745 13.2745 0 3.16667
270 2 23.2244 9.4029 16.3136 6.91074 1.66667
10 1 11.175 11.175 11.175 0 2.66667
43 1 10.1569 10.1569 10.1569 0 2.8
52 1 6.04068 6.04068 6.04068 0 2.8
13 1 3.69673 3.69673 3.69673 0 2.66667
17 1 1.224 1.224 1.224 0 2.66667
50 1 1.224 1.224 1.224 0 3.16667
28 1 1.224 1.224 1.224 0 2.66667
41 1 1.224 1.224 1.224 0 2.66667
14 1 1.224 1.224 1.224 0 2.66667
33 1 1.224 1.224 1.224 0 2.66667
35 1 1.224 1.224 1.224 0 2.66667
26 1 1.224 1.224 1.224 0 2.66667
280 1 0.0503652 0.0503652 0.0503652 0 0.8
257 1 1e-08 1e-08 1e-08 0 2.8
263 1 1e-08 1e-08 1e-08 0 2.66667
266 1 1e-08 1e-08 1e-08 0 0.666667
268 1 1e-08 1e-08 1e-08 0 0.8
272 1 1e-08 1e-08 1e-08 0 2.8
273 1 1e-08 1e-08 1e-08 0 2.66667
276 1 1e-08 1e-08 1e-08 0 2.8
277 1 1e-08 1e-08 1e-08 0 2.66667
278 1 1e-08 1e-08 1e-08 0 2.66667
279 1 1e-08 1e-08 1e-08 0 2.66667
78 1 1e-08 1e-08 1e-08 0 3.35714
271 1 1e-08 1e-08 1e-08 0 2.8

274 11 13.6094 13.6094 13.6094 0 3.35714
261 9 16.072 16.072 16.072 0 0.857143
275 10 13.3715 13.3715 13.3715 1.77636e-15 2.66667
215 14 10.2362 0.00221458 9.50519 2.63565 2.66667
216 11 2.07889 2.07889 9.29141 7.21252 3.8
256 9 3.03898 3.03898 9.54446 6.50548 2.66667
103 3 13.2745 13.2745 13.2745 0 3.16667
52 2 36.7705 3.02034 19.8954 16.8751 2.8
270 2 23.2244 9.4029 16.3136 6.91074 1.66667
10 1 11.175 11.175 11.175 0 2.66667
43 1 10.1569 10.1569 10.1569 0 2.8
13 1 3.69673 3.69673 3.69673 0 2.66667
26 1 1.224 1.224 1.224 0 2.66667
35 1 1.224 1.224 1.224 0 2.66667
33 1 1.224 1.224 1.224 0 2.66667
14 1 1.224 1.224 1.224 0 2.66667
41 1 1.224 1.224 1.224 0 2.66667
28 1 1.224 1.224 1.224 0 2.66667
50 1 1.224 1.224 1.224 0 3.16667
17 1 1.224 1.224 1.224 0 2.66667
283 1 0.923962 0.923962 0.923962 6.66667e-09 4.35714
280 1 0.0503652 0.0503652 0.0503652 0 0.8
271 1 0.000372914 0.000372914 0.000372914 0 2.8
285 1 1e-08 1e-08 1e-08 0 2.66667
284 1 1e-08 1e-08 1e-08 0 2.66667
78 1 1e-08 1e-08 1e-08 0 3.35714
279 1 1e-08 1e-08 1e-08 0 2.66667
278 1 1e-08 1e-08 1e-08 0 2.66667
277 1 1e-08 1e-08 1e-08 0 2.66667
276 1 1e-08 1e-08 1e-08 0 2.8
273 1 1e-08 1e-08 1e-08 0 2.66667
272 1 1e-08 1e-08 1e-08 0 2.8
268 1 1e-08 1e-08 1e-08 0 0.8
266 1 1e-08 1e-08 1e-08 0 0.666667
263 1 1e-08 1e-08 1e-08 0 2.66667
257 1 1e-08 1e-08 1e-08 0 2.8

216 11 13.4183 13.4183 13.4183 1.77636e-15 4.3
275 10 13.3715 13.3715 13.3715 1.77636e-15 2.66667
256 9 14.8572 14.8572 14.8572 0 2.66667
215 14 10.2362 0.00221458 9.50519 2.63565 2.66667
274 11 2.58109 2.58109 9.56599 6.9849 3.35714
261 10 2.33304 2.33304 9.22236 6.88933 0.857143
103 3 13.2745 13.2745 13.2745 0 3.16667
52 2 36.7705 3.02034 19.8954 16.8751 2.66667
270 2 23.2244 9.4029 16.3136 6.91074 1.66667
10 1 11.175 11.175 11.175 0 2.66667
43 1 10.1569 10.1569 10.1569 0 2.8
13 1 3.69673 3.69673 3.69673 0 2.66667
283 1 2.77189 2.77189 2.77189 0 4.35714
17 1 1.224 1.224 1.224 0 2.66667
50 1 1.224 1.224 1.224 0 3.16667
28 1 1.224 1.224 1.224 0 2.66667
41 1 1.224 1.224 1.224 0 2.66667
14 1 1.224 1.224 1.224 0 2.66667
33 1 1.224 1.224 1.224 0 2.66667
35 1 1.224 1.224 1.224 0 2.66667
26 1 1.224 1.224 1.224 0 2.66667
280 1 0.0503652 0.0503652 0.0503652 0 0.8
257 1 1e-08 1e-08 1e-08 0 2.8
263 1 1e-08 1e-08 1e-08 0 2.66667
266 1 1e-08 1e-08 1e-08 0 0.666667
268 1 1e-08 1e-08 1e-08 0 0.8
272 1 1e-08 1e-08 1e-08 0 2.8
273 1 1e-08 1e-08 1e-08 0 2.66667
276 1 1e-08 1e-08 1e-08 0 2.8
277 1 1e-08 1e-08 1e-08 0 2.66667
278 1 1e-08 1e-08 1e-08 0 2.66667
279 1 1e-08 1e-08 1e-08 0 2.66667
78 1 1e-08 1e-08 1e-08 0 3.35714
284 1 1e-08 1e-08 1e-08 0 2.66667
285 1 1e-08 1e-08 1e-08 0 2.66667
271 1 1e-08 1e-08 1e-08 0 2.8

274 11 13.6094 13.6094 13.6094 0 2.85714
261 10 14.4648 14.4648 14.4648 0 0.857143
215 14 10.2362 0.00221458 9.50519 2.63565 2.66667
256 10 13.3715 7.3541 12.7698 1.80522 2.66667
275 11 2.38777 2.38777 8.9997 6.61193 2.66667
216 9 2.41969 2.41969 9.045 6.62531 4.3
103 3 13.2745 13.2745 13.2745 0 3.16667
270 2 23.2244 9.4029 16.3136 6.91074 1.66667
10 1 11.175 11.175 11.175 0 2.66667
43 1 10.1569 10.1569 10.1569 0 2.8
52 1 6.04068 6.04068 6.04068 0 2.8
13 1 3.69673 3.69673 3.69673 0 2.66667
283 1 2.77189 2.77189 2.77189 0 4.35714
26 1 1.224 1.224 1.224 0 2.66667
35 1 1.224 1.224 1.224 0 2.66667
33 1 1.224 1.224 1.224 0 2.66667
14 1 1.224 1.224 1.224 0 2.66667
41 1 1.224 1.224 1.224 0 2.66667
28 1 1.224 1.224 1.224 0 2.66667
50 1 1.224 1.224 1.224 0 3.16667
17 1 1.224 1.224 1.224 0 2.66667
280 1 0.0503652 0.0503652 0.0503652 0 0.8
271 1 0.000124305 0.000124305 0.000124311 6.66667e-09 2.8
287 1 1e-08 1e-08 1e-08 0 2.8
286 1 1e-08 1e-08 1e-08 0 2.66667
285 1 1e-08 1e-08 1e-08 0 2.66667
284 1 1e-08 1e-08 1e-08 0 2.66667
78 1 1e-08 1e-08 1e-08 0 3.35714
279 1 1e-08 1e-08 1e-08 0 2.66667
278 1 1e-08 1e-08 1e-08 0 2.66667
277 1 1e-08 1e-08 1e-08 0 2.66667
276 1 1e-08 1e-08 1e-08 0 2.8
273 1 1e-08 1e-08 1e-08 0 2.66667
272 1 1e-08 1e-08 1e-08 0 2.8
268 1 1e-08 1e-08 1e-08 0 0.8
266 1 1e-08 1e-08 1e-08 0 0.666667
263 1 1e-08 1e-08 1e-08 0 2.66667
257 1 1e-08 1e-08 1e-08 0 2.8

216 9 16.4001 16.4001 16.4001 0 3.8
256 9 14.8572 14.8572 14.8572 0 2.66667
275 11 12.1559 12.1559 12.1559 0 2.66667
215 13 10.2362 10.2362 10.2364 0.000170352 3.35714
288 11 9.04052 9.04052 9.88514 0.844615 0.857143
274 9 2.20152 2.20152 9.65577 7.45425 2.85714
261 7 3.90941 3.90941 9.8151 5.90568 0.857143
103 3 13.2745 13.2745 13.2745 0 3.16667
52 2 36.7705 3.02034 19.8954 16.8751 2.8
270 2 23.2244 9.4029 16.3136 6.91074 1.66667
10 1 11.175 11.175 11.175 0 2.66667
43 1 10.1569 10.1569 10.1569 0 2.8
13 1 3.69673 3.69673 3.69673 0 2.66667
283 1 2.77189 2.77189 2.77189 0 4.35714
17 1 1.224 1.224 1.224 0 2.66667
50 1 1.224 1.224 1.224 0 3.16667
28 1 1.224 1.224 1.224 0 2.66667
26 1 1.224 1.224 1.224 0 2.66667
35 1 1.224 1.224 1.224 0 2.66667
41 1 1.224 1.224 1.224 0 2.66667
33 1 1.224 1.224 1.224 0 2.66667
14 1 1.224 1.224 1.224 0 2.66667
280 1 0.0503652 0.0503652 0.0503652 0 0.8
257 1 1e-08 1e-08 1e-08 0 2.8
263 1 1e-08 1e-08 1e-08 0 2.66667
279 1 1e-08 1e-08 1e-08 0 2.66667
278 1 1e-08 1e-08 1e-08 0 2.66667
286 1 1e-08 1e-08 1e-08 0 2.66667
277 1 1e-08 1e-08 1e-08 0 2.66667
276 1 1e-08 1e-08 1e-08 0 2.8
285 1 1e-08 1e-08 1e-08 0 2.66667
273 1 1e-08 1e-08 1e-08 0 2.66667
266 1 1e-08 1e-08 1e-08 0 0.666667
78 1 1e-08 1e-08 1e-08 0 3.35714
287 1 1e-08 1e-08 1e-08 0 2.8

288 16 8.03602 8.03602 9.04052 1.0045 0.857143
215 10 14.9703 1e-09 13.4733 4.4911 2.85714
275 11 12.1559 12.1559 12.1559 0 2.66667
273 14 10.2362 7.14286e-10 9.50503 2.63622 2.66667
256 11 2.34588 2.34588 9.40293 7.05705 2.66667
216 9 2.46001 2.46001 9.34901 6.889 4.3
103 3 13.2745 13.2745 13.2745 0 3.16667
52 2 36.7705 3.02034 19.8954 16.8751 2.8
270 2 23.2244 9.4029 16.3136 6.91074 1.66667
10 1 11.175 11.175 11.175 0 2.66667
43 1 10.1569 10.1569 10.1569 0 2.8
13 1 3.69673 3.69673 3.69673 0 2.66667
283 1 2.77189 2.77189 2.77189 0 4.35714
14 1 1.224 1.224 1.224 0 2.66667
33 1 1.224 1.224 1.224 0 2.66667
41 1 1.224 1.224 1.224 0 2.66667
35 1 1.224 1.224 1.224 0 2.66667
26 1 1.224 1.224 1.224 0 2.66667
28 1 1.224 1.224 1.224 0 2.66667
50 1 1.224 1.224 1.224 0 3.16667
17 1 1.224 1.224 1.224 0 2.66667
280 1 0.0503652 0.0503652 0.0503652 0 0.8
289 1 1e-08 1e-08 1e-08 0 2.66667
287 1 1e-08 1e-08 1e-08 0 2.8
266 1 1e-08 1e-08 1e-08 0 0.666667
285 1 1e-08 1e-08 1e-08 0 2.66667
276 1 1e-08 1e-08 1e-08 0 2.8
277 1 1e-08 1e-08 1e-08 0 2.66667
286 1 1e-08 1e-08 1e-08 0 2.66667
278 1 1e-08 1e-08 1e-08 0 2.66667
279 1 1e-08 1e-08 1e-08 0 2.66667
263 1 1e-08 1e-08 1e-08 0 2.66667

