1 0.0522538 0.0522538 0.0522538 0 2
1 1e-08 1e-08 1e-08 0 0
1 1e-08 1e-08 1e-08 0 2
1 1e-08 1e-08 1e-08 0 2
1 1e-08 1e-08 1e-08 0 2

97 0.0138688 1.03093e-10 0.00153688 0.00338072 2
1 3.33333e-09 3.33333e-09 1e-08 6.66667e-09 0
1 5e-09 5e-09 1e-08 5e-09 2
1 5e-09 5e-09 1e-08 5e-09 2
1 1e-08 1e-08 1e-08 0 2

80 0.00704331 0.00027358 0.00249855 0.00287688 2
1 0.0472439 0.0472439 0.0472439 0 3.3
1 5e-09 5e-09 1e-08 5e-09 0
1 3.33333e-09 3.33333e-09 1e-08 6.66667e-09 2
1 1e-08 1e-08 1e-08 0 2
1 3.33333e-09 3.33333e-09 1e-08 6.66667e-09 2

60 0.00846084 0.000328641 0.00654569 0.00320042 2
7 0.192185 1.42857e-09 0.027455 0.0672507 0
9 0.0296701 9.09091e-10 0.00663716 0.00825276 3.3
1 5e-09 5e-09 1e-08 5e-09 2
1 3.33333e-09 3.33333e-09 1e-08 6.66667e-09 2
1 3.33333e-09 3.33333e-09 1e-08 6.66667e-09 2

34 0.0121196 0.0110297 0.023591 0.0121923 2.66667
5 0.26905 2e-09 0.102782 0.126114 2.66667
5 0.244859 2e-09 0.0979436 0.119956 2.8
10 0.117915 2.43902e-10 0.0249178 0.0346446 0
1 0.201113 0.201113 0.201113 0 0.666667
2 0.0233122 0.00337457 0.0268417 0.0167804 3.3
1 5e-09 5e-09 1e-08 5e-09 2

6 2.17046 0.204049 0.531784 0.732838 2.66667
11 0.407202 0.0280265 0.140359 0.133957 2.66667
4 0.336318 0.336318 0.336318 0 2.66667
9 0.111305 0.111299 0.136034 0.0247332 2.8
1 1.22429 1.22429 1.22429 0 2.66667
4 0.306074 0.306074 0.306074 0 2.66667
7 0.174899 1.42857e-09 0.149914 0.061202 2.66667
7 0.0644365 0.0644365 0.147677 0.08324 2.66667
5 0.244859 2e-09 0.146915 0.119956 2.66667
5 0.537168 1.11111e-09 0.135173 0.207702 0
1 0.0582997 0.0582997 0.177388 0.119089 2
1 0.0896832 0.0896832 0.0896832 9.33333e-09 2
1 1e-08 1e-08 1e-08 0 2
1 1e-08 1e-08 1e-08 0 2.5
1 1e-08 1e-08 1e-08 0 2.66667
1 1e-08 1e-08 1e-08 0 2.66667
1 1e-08 1e-08 1e-08 0 2.66667
1 1e-08 1e-08 1e-08 0 2.66667
1 1e-08 1e-08 1e-08 0 2.66667
1 1e-08 1e-08 1e-08 0 2.5

22 1.18501 0.0611476 0.149839 0.283999 0.666667
19 0.383022 0.0360087 0.137651 0.143654 2.66667
9 0.302157 0.0765184 0.144165 0.082711 2.66667
9 0.122297 0.122297 0.135886 0.0135886 2.66667
8 0.087454 0.0874496 0.143724 0.0562728 2.66667
8 0.102025 0.102025 0.140284 0.0382592 2.66667
6 0.0510123 0.0510123 0.153763 0.102751 2.66667
6 0.0720173 0.0720173 0.144547 0.0725298 2.66667
5 0.244859 2e-09 0.146915 0.119956 2.66667
2 0.306074 2.5e-09 0.153037 0.153037 2.66667
1 2.5e-09 2.5e-09 1e-08 7.5e-09 0
1 3.33333e-09 3.33333e-09 1e-08 6.66667e-09 2.5
1 1e-08 1e-08 1e-08 0 2
1 1e-08 1e-08 1e-08 0 2.66667
1 1e-08 1e-08 1e-08 0 2.66667

18 0.302855 0.028472 0.178135 0.128017 2.66667
16 0.501351 0.025871 0.176566 0.185691 2.66667
1 1.34525 1.34525 1.34525 0 2.66667
7 0.284383 0.0720173 0.178574 0.10645 2.66667
7 0.174899 0.174899 0.174899 0 2.66667
6 0.204049 0.204049 0.204049 0 2.66667
3 0.408098 0.408098 0.408098 0 2.66667
1 1.22429 1.22429 1.22429 0 2.8
6 0.0644365 0.0644365 0.182996 0.118559 2.66667
5 0.0640605 0.0640605 0.20743 0.14337 2.66667
5 0.0816237 0.0816237 0.195891 0.114267 2.8
4 0.244859 2e-09 0.183644 0.106027 2.66667
1 1e-08 1e-08 1e-08 0 2.66667
1 1e-08 1e-08 1e-08 0 2.66667
1 5e-09 5e-09 1e-08 5e-09 2.66667
1 1e-08 1e-08 1e-08 0 2.66667
1 1e-08 1e-08 1e-08 0 2.66667
1 1e-08 1e-08 1e-08 0 2.66667
1 1e-08 1e-08 1e-08 0 2
1 1e-08 1e-08 1e-08 0 2.5

29 0.521405 0.0269059 0.266173 0.223334 0.666667
22 0.289395 0.0272082 0.266478 0.075763 2.66667
7 0.837447 0.0941765 0.268201 0.268793 2.66667
5 0.371886 0.0941765 0.300402 0.187202 2.66667
1 1.34534 1.34534 1.34534 0 0.8
5 0.269054 0.269054 0.269054 0 2.66667
4 0.244871 0.244871 0.306089 0.0612178 2.8
4 0.204049 0.204049 0.306074 0.102025 2.66667
4 0.0720173 0.0720173 0.288069 0.216052 2.66667
4 0.122429 0.122429 0.275466 0.153037 2.66667
3 0.306074 0.306074 0.306074 8.33333e-10 2.66667
2 0.174899 0.174899 0.266083 0.0911837 2.8
1 1e-08 1e-08 1e-08 0 2.66667
1 1e-08 1e-08 1e-08 0 2.66667
1 1e-08 1e-08 1e-08 0 2.66667
1 1e-08 1e-08 1e-08 0 2
1 1e-08 1e-08 1e-08 0 2.5
1 5e-09 5e-09 1e-08 5e-09 2.66667
1 1e-08 1e-08 1e-08 0 2.66667
1 5e-09 5e-09 1e-08 5e-09 2.8
1 1e-08 1e-08 1e-08 0 2.66667

32 0.879381 0.0210494 0.321127 0.164337 0.666667
32 0.260463 0.260455 0.320568 0.0601127 2.66667
5 0.837447 0.0941765 0.366293 0.321924 2.66667
3 0.10203 0.10203 0.408119 0.306089 2.8
3 0.306074 0.306074 0.408098 0.102025 2.66667
3 0.306074 0.306074 0.408098 0.102025 2.66667
3 0.408098 0.408098 0.408098 0 2.66667
3 0.134527 0.134527 0.403581 0.269054 2.66667
3 0.268584 0.0680197 0.385682 0.268036 3.3
3 0.174899 0.174899 0.320996 0.146096 2.66667
2 0.408098 0.408098 0.408098 1.66667e-09 2
1 0.612147 0.612147 0.612147 5e-09 0.8
1 1e-08 1e-08 1e-08 0 2.66667
1 1e-08 1e-08 1e-08 0 2.66667
1 1e-08 1e-08 1e-08 0 2.66667
1 1e-08 1e-08 1e-08 0 2.5
1 1e-08 1e-08 1e-08 0 2.66667
1 1e-08 1e-08 1e-08 0 2.66667
1 1e-08 1e-08 1e-08 0 2.8
1 1e-08 1e-08 1e-08 0 0.666667

4 5.35307 4.88642 5.00308 0.202066 2.66667
28 0.952662 0.299827 0.659162 0.250381 0.666667
19 0.279145 0.173637 0.645304 0.466709 2.66667
4 0.837447 0.0941765 0.654165 0.416641 2.66667
3 1.20863 0.306089 0.70896 0.437523 0.8
2 0.69421 0.306074 0.806216 0.362414 2.66667
2 0.448424 0.448424 0.672636 0.224212 2.66667
1 0.153037 0.153037 1.22429 1.07126 3.16667
1 0.408098 0.408098 1.22429 0.816196 2.66667
1 0.408098 0.408098 1.22429 0.816196 2.66667
1 0.612147 0.612147 1.22429 0.612147 2.8
1 0.306089 0.306089 1.09006 0.783969 2.8
1 0.0522747 0.0522747 0.0522747 0 2.8
1 1e-08 1e-08 1e-08 0 2.8
1 1e-08 1e-08 1e-08 0 2.66667
1 1e-08 1e-08 1e-08 0 2.66667
1 1e-08 1e-08 1e-08 0 2.8
1 5e-09 5e-09 1e-08 5e-09 0.666667
1 1e-08 1e-08 1e-08 0 0.666667
1 5e-09 5e-09 1e-08 5e-09 0.666667
1 5e-09 5e-09 1e-08 5e-09 2.8
1 1e-08 1e-08 1e-08 0 2.66667
1 1e-08 1e-08 1e-08 0 2.66667
1 1e-08 1e-08 1e-08 0 2.5
1 1e-08 1e-08 1e-08 0 2.66667
1 1e-08 1e-08 1e-08 0 2.66667
1 1e-08 1e-08 1e-08 0 2.66667

35 0.519634 0.237002 0.572829 0.328112 0.666667
22 0.721926 0.44906 0.563523 0.116819 2.66667
4 2.7217 0.306074 1.51389 1.20781 2.66667
9 5.18528 1.11111e-09 0.634802 1.61329 0.666667
3 1.61151 0.408118 0.809247 0.567282 0.666667
2 1.38842 0.612147 1.00028 0.388137 2.66667
2 0.672636 0.672636 0.672636 0 2.66667
1 1.22436 1.22436 1.22436 0 2.8
1 1.22429 1.22429 1.22429 0 2.8
1 1.22429 1.22429 1.22429 0 2.66667
1 1.22429 1.22429 1.22429 0 2.66667
1 1.22429 1.22429 1.22429 0 2.66667
1 0.0522747 0.0522747 0.0522747 0 2.8
1 5e-09 5e-09 1e-08 5e-09 2.66667
1 1e-08 1e-08 1e-08 0 2.66667
1 1e-08 1e-08 1e-08 0 2.8
1 1e-08 1e-08 1e-08 0 2.66667
1 1e-08 1e-08 1e-08 0 2.66667
1 1e-08 1e-08 1e-08 0 2.5
1 1e-08 1e-08 1e-08 0 2.66667
1 1e-08 1e-08 1e-08 0 2.66667
1 1e-08 1e-08 1e-08 0 2.8
1 5e-09 5e-09 1e-08 5e-09 2.66667
1 1e-08 1e-08 1e-08 0 0.666667
1 5e-09 5e-09 1e-08 5e-09 2.8
1 1e-08 1e-08 1e-08 0 2.66667
1 1e-08 1e-08 1e-08 0 2.8

32 0.589276 0.268765 0.605246 0.322865 0.666667
21 0.697862 0.434092 0.60391 0.164111 2.66667
18 0.50089 0.500875 0.612603 0.111726 2.66667
8 0.725787 0.0816196 0.625961 0.28557 2.66667
3 1.61151 0.408118 0.809247 0.567282 0.666667
2 1.38842 0.612147 1.00028 0.388137 2.66667
2 0.672636 0.672636 0.672636 0 2.66667
1 1.22429 1.22429 1.22429 0 2.66667
1 1.22429 1.22429 1.22429 0 2.66667
1 1.22429 1.22429 1.22429 0 2.66667
1 1.22429 1.22429 1.22429 0 2.8
1 1e-08 1e-08 1e-08 0 2.66667
1 1e-08 1e-08 1e-08 0 1.35714
1 1e-08 1e-08 1e-08 0 2.66667
1 1e-08 1e-08 1e-08 0 0.666667
1 1e-08 1e-08 1e-08 0 2.8
1 1e-08 1e-08 1e-08 0 2.66667
1 1e-08 1e-08 1e-08 0 2.8
1 1e-08 1e-08 1e-08 0 2.8
1 1e-08 1e-08 1e-08 0 2.66667
1 1e-08 1e-08 1e-08 0 2.5
1 1e-08 1e-08 1e-08 0 2.66667

42 0.732817 0.334234 0.544132 0.199472 0.666667
22 0.230064 0.143107 0.55323 0.392057 2.66667
8 1.36085 0.153037 1.0589 0.522997 2.66667
3 1.61151 0.408118 0.809247 0.567282 0.666667
2 1.38842 0.612147 1.00028 0.388137 2.66667
2 0.672636 0.672636 0.672636 0 2.66667
1 1.22429 1.22429 1.22429 0 2.8
1 1.22429 1.22429 1.22429 0 2.66667
1 1.22429 1.22429 1.22429 0 2.66667
1 1.22429 1.22429 1.22429 0 2.66667
1 0.0111863 0.0111863 0.0111863 6.66667e-09 2.66667
1 1e-08 1e-08 1e-08 0 1.35714
1 1e-08 1e-08 1e-08 0 0.666667
1 1e-08 1e-08 1e-08 0 2.8
1 1e-08 1e-08 1e-08 0 2.66667
1 1e-08 1e-08 1e-08 0 2.8
1 1e-08 1e-08 1e-08 0 2.8
1 1e-08 1e-08 1e-08 0 2.66667
1 1e-08 1e-08 1e-08 0 2.5
1 1e-08 1e-08 1e-08 0 2.66667
1 1e-08 1e-08 1e-08 0 2.66667

2 23.3338 0.672501 12.0031 11.3306 0.8
22 0.642244 0.292924 1.05495 0.729817 0.666667
13 0.436164 0.271316 1.04513 0.650726 2.66667
2 13.0351 5e-09 6.51756 6.51756 2.66667
9 2.89678 0.00232042 1.30548 1.42393 0.8
7 0.640482 0.640401 1.0681 0.427672 2.66667
2 1.61151 0.408118 1.21387 0.635354 0.666667
1 1.38842 1.38842 2.00057 0.612147 2.66667
1 0.672636 0.672636 1.34527 0.672636 2.66667
1 1.22429 1.22429 1.22429 0 2.8
1 1.22429 1.22429 1.22429 0 2.66667
1 1.22429 1.22429 1.22429 0 2.66667
1 1.22429 1.22429 1.22429 0 2.66667
1 0.398673 0.398673 0.398673 0 0.8
1 0.0518858 0.0518858 0.0518858 0 2.8
1 0.0431847 0.0431847 0.0431847 5e-09 0.666667
1 0.0167797 0.0167797 0.0335593 0.0167795 2.8
1 1e-08 1e-08 1e-08 0 2.8
1 1e-08 1e-08 1e-08 0 2.66667
1 1e-08 1e-08 1e-08 0 2.5
1 1e-08 1e-08 1e-08 0 2.66667
1 1e-08 1e-08 1e-08 0 2.8
1 1e-08 1e-08 1e-08 0 2.66667
1 1e-08 1e-08 1e-08 0 2.8
1 3.33333e-09 3.33333e-09 1e-08 6.66667e-09 0.666667

27 0.63442 0.394641 0.675182 0.0858389 2.66667
25 0.628129 0.286562 0.681143 0.306171 0.666667
7 1.55546 1.55526 1.55531 8.87564e-05 2.66667
6 1.44835 0.00479829 0.749885 0.69885 2.66667
4 3.25569 0.00838987 0.822431 1.40484 2.8
2 2.41726 0.612177 1.51472 0.90254 0.666667
1 2.77684 2.77684 2.77684 0 2.66667
1 1.34527 1.34527 1.34527 0 2.66667
1 1.22429 1.22429 1.22429 0 2.8
1 1.22429 1.22429 1.22429 0 2.66667
1 1.22429 1.22429 1.22429 0 2.66667
1 1.22429 1.22429 1.22429 0 2.66667
1 0.0260031 0.0260031 0.051946 0.0259429 2.8
1 0.0514577 0.0514577 0.0514577 0 2.8
1 1e-08 1e-08 1e-08 0 2.8
1 1e-08 1e-08 1e-08 0 2.66667
1 1e-08 1e-08 1e-08 0 2.5
1 1e-08 1e-08 1e-08 0 2.66667
1 1e-08 1e-08 1e-08 0 2.8
1 1e-08 1e-08 1e-08 0 2.66667
1 1e-08 1e-08 1e-08 0 2.8
1 1e-08 1e-08 1e-08 0 0.666667
1 1e-08 1e-08 1e-08 0 2.66667
1 1e-08 1e-08 1e-08 0 2.66667
1 1e-08 1e-08 1e-08 0 2.66667

27 0.893121 0.407483 0.879412 0.324354 1.16667
1 18.6175 18.6175 18.6175 0 3.3
21 0.354845 0.354845 0.878111 0.523266 3.16667
11 0.518485 0.51842 0.853246 0.334785 2.66667
3 1.90326 0.00475223 1.03476 0.782613 2.8
2 1.38842 1.38842 1.38842 0 2.66667
1 1.20863 1.20863 1.51472 0.306089 0.666667
1 1.34527 1.34527 1.34527 0 2.66667
1 1.27623 1.27623 1.29339 0.0171526 3.16667
1 1.22429 1.22429 1.22429 0 2.66667
1 1.22429 1.22429 1.22429 0 2.66667
1 1.22429 1.22429 1.22429 0 2.66667
1 1.22429 1.22429 1.22429 0 2.8
1 0.0261373 0.0261373 0.0261373 5e-09 2.8
1 0.0173354 0.0173354 0.0173354 6.66667e-09 3.3
1 1e-08 1e-08 1e-08 0 2.8
1 1e-08 1e-08 1e-08 0 3.16667
1 1e-08 1e-08 1e-08 0 2.66667
1 1e-08 1e-08 1e-08 0 2.66667
1 1e-08 1e-08 1e-08 0 2.8
1 1e-08 1e-08 1e-08 0 2.66667
1 1e-08 1e-08 1e-08 0 2.66667
1 1e-08 1e-08 1e-08 0 0.666667
1 1e-08 1e-08 1e-08 0 2.8
1 1e-08 1e-08 1e-08 0 2.66667
1 1e-08 1e-08 1e-08 0 2.8
1 1e-08 1e-08 1e-08 0 2.66667
1 1e-08 1e-08 1e-08 0 2.5
1 1e-08 1e-08 1e-08 0 2.66667
1 1e-08 1e-08 1e-08 0 2.8

29 1.11322 0.653402 1.11645 0.320277 1.16667
16 0.367296 0.367296 1.15249 0.785191 2.66667
4 5.23397 0.0130686 3.43417 2.13391 2.8
4 2.72205 2.72205 2.72205 0 2.8
9 0.907349 0.907234 1.20972 0.302411 2.66667
9 0.744698 0.744698 1.19998 0.455282 3.3
1 4.83452 4.83452 4.83452 0 0.666667
2 1.38842 1.38842 1.38842 0 2.66667
1 1.34527 1.34527 1.34527 0 2.66667
1 1.22429 1.22429 1.22429 0 2.8
1 1.22429 1.22429 1.22429 0 2.66667
1 1.22429 1.22429 1.22429 0 2.66667
1 1.22429 1.22429 1.22429 0 2.66667
1 0.0522746 0.0522746 0.0522746 0 2.8
1 0.0520063 0.0520063 0.0520063 0 2.8
1 1e-08 1e-08 1e-08 0 1.3
1 1e-08 1e-08 1e-08 0 2.8
1 5e-09 5e-09 1e-08 5e-09 2.85714
1 1e-08 1e-08 1e-08 0 3.16667
1 1e-08 1e-08 1e-08 0 2.8
1 1e-08 1e-08 1e-08 0 2.66667
1 1e-08 1e-08 1e-08 0 2.5
1 1e-08 1e-08 1e-08 0 2.66667
1 1e-08 1e-08 1e-08 0 2.8
1 1e-08 1e-08 1e-08 0 2.66667
1 1e-08 1e-08 1e-08 0 2.8
1 1e-08 1e-08 1e-08 0 0.666667
1 5e-09 5e-09 1e-08 5e-09 2.66667
1 1e-08 1e-08 1e-08 0 2.66667
1 1e-08 1e-08 1e-08 0 2.8
1 1e-08 1e-08 1e-08 0 2.66667
1 5e-09 5e-09 1e-08 5e-09 0.666667
1 1e-08 1e-08 1e-08 0 2.8

28 1.00575 0.752702 1.52534 0.705898 0.666667
12 0.74771 0.74771 1.57113 0.823418 2.66667
10 1.6925 1.14181 1.60512 0.159009 3.3
3 6.97862 3.33333e-09 4.65241 3.28975 3.16667
8 0.910255 0.910255 1.5067 0.596444 2.66667
4 11.6669 2.5e-09 2.91672 5.05191 0.8
6 0.418776 0.418776 1.6053 1.18652 2.66667
6 1.8147 1.66667e-09 1.51217 0.676261 0.666667
1 4.83452 4.83452 4.83452 0 0.666667
1 1.38842 1.38842 2.77684 1.38842 2.66667
1 1.34527 1.34527 1.34527 0 2.66667
1 1.22429 1.22429 1.22429 0 2.8
1 1.22429 1.22429 1.22429 0 2.66667
1 1.22429 1.22429 1.22429 0 2.66667
1 1.22429 1.22429 1.22429 0 2.66667
1 0.169947 0.169947 0.339876 0.169929 2.66667
1 0.0261373 0.0261373 0.0261373 5e-09 0.8
1 0.0260031 0.0260031 0.0260032 5e-09 2.8
1 0.0123703 0.0123703 0.0123703 0 0.666667
1 5e-09 5e-09 1e-08 5e-09 2.66667
1 1e-08 1e-08 1e-08 0 2.8
1 1e-08 1e-08 1e-08 0 2.8
1 5e-09 5e-09 1e-08 5e-09 2.66667
1 3.33333e-09 3.33333e-09 1e-08 6.66667e-09 0.666667
1 1e-08 1e-08 1e-08 0 2.8
1 1e-08 1e-08 1e-08 0 2.66667
1 1e-08 1e-08 1e-08 0 0.666667
1 1e-08 1e-08 1e-08 0 2.8
1 1e-08 1e-08 1e-08 0 2.66667
1 1e-08 1e-08 1e-08 0 2.8
1 1e-08 1e-08 1e-08 0 2.66667
1 1e-08 1e-08 1e-08 0 2.5

29 1.02223 0.765041 1.55993 0.668852 0.8
11 1.1631 1.1631 1.58658 0.423475 2.8
11 1.7949 0.716056 1.54994 0.798498 3.3
10 0.872328 0.872328 1.57019 0.697862 2.66667
8 2.61698 1.25e-09 1.96274 1.13319 2.66667
9 1.61045 1.61045 1.61153 0.00108081 3.16667
6 0.907349 0.907349 1.66343 0.756083 2.66667
1 4.83452 4.83452 4.83452 0 0.666667
2 4.18717 2e-09 2.09359 2.09359 2.66667
1 2.77684 2.77684 2.77684 0 2.66667
1 1.34527 1.34527 1.34527 0 2.66667
1 1.22429 1.22429 1.22429 0 2.8
1 1.22429 1.22429 1.22429 0 2.66667
1 1.22429 1.22429 1.22429 0 2.66667
1 1.22429 1.22429 1.22429 0 2.66667
1 0.0522746 0.0522746 0.0522746 0 2.8
1 0.0520063 0.0520063 0.0520063 0 2.8
1 1e-08 1e-08 1e-08 0 2.5
1 1e-08 1e-08 1e-08 0 2.66667
1 1e-08 1e-08 1e-08 0 2.8
1 1e-08 1e-08 1e-08 0 2.66667
1 1e-08 1e-08 1e-08 0 2.8
1 1e-08 1e-08 1e-08 0 0.666667

34 0.93069 0.762321 1.23298 0.402159 0.8
17 5.18574 0.630142 1.23975 1.15295 3.3
14 0.565834 0.565834 1.25755 0.691716 2.66667
12 0.510632 0.510631 1.28102 0.770386 2.8
6 1.8147 1.8147 1.8147 0 2.8
1 4.83452 4.83452 4.83452 0 0.666667
1 2.77684 2.77684 2.77684 0 2.66667
1 1.34527 1.34527 1.34527 0 2.66667
1 1.22429 1.22429 1.22429 0 2.8
1 1.22429 1.22429 1.22429 0 2.66667
1 1.22429 1.22429 1.22429 0 2.66667
1 1.22429 1.22429 1.22429 0 2.66667
1 0.0522746 0.0522746 0.0522746 0 2.8
1 0.0520063 0.0520063 0.0520063 0 2.8
1 6.2508e-05 6.2508e-05 6.2508e-05 0 2.8
1 1e-08 1e-08 1e-08 0 2.66667
1 1e-08 1e-08 1e-08 0 2.5
1 1e-08 1e-08 1e-08 0 2.66667
1 1e-08 1e-08 1e-08 0 2.8
1 1e-08 1e-08 1e-08 0 2.66667
1 1e-08 1e-08 1e-08 0 2.8
1 1e-08 1e-08 1e-08 0 0.666667
1 5e-09 5e-09 1e-08 5e-09 2.8

32 1.19907 0.679569 1.42411 0.718017 0.666667
6 3.48932 3.48931 3.48931 3.16847e-06 2.8
14 3.63002 0.465436 1.43609 1.01775 3.3
13 0.475815 0.475815 1.46419 0.988371 3.16667
6 1.8147 1.8147 1.8147 0 2.8
3 6.97862 3.33333e-09 2.32621 3.28975 2.8
1 4.83452 4.83452 4.83452 0 0.666667
1 2.77684 2.77684 2.77684 0 2.66667
1 1.34527 1.34527 1.34527 0 2.66667
1 1.23428 1.23428 1.23428 5e-09 0.666667
1 1.22429 1.22429 1.22429 0 2.66667
1 1.22429 1.22429 1.22429 0 2.66667
1 1.22429 1.22429 1.22429 0 2.66667
1 1.22429 1.22429 1.22429 0 2.8
1 0.374036 0.374036 0.400173 0.0261373 2.66667
1 0.0520063 0.0520063 0.0520063 0 2.8
1 1e-08 1e-08 1e-08 0 2.66667
1 1e-08 1e-08 1e-08 0 2.5
1 1e-08 1e-08 1e-08 0 2.66667
1 1e-08 1e-08 1e-08 0 2.8
1 1e-08 1e-08 1e-08 0 2.66667
1 1e-08 1e-08 1e-08 0 2.8
1 1e-08 1e-08 1e-08 0 0.666667

26 1.3449 0.772429 1.86921 1.03071 1.16667
22 5.3778 0.65348 1.86542 1.80192 3.3
4 14.0998 2.5e-09 5.50575 5.92302 0.8
10 0.872328 0.872328 2.00635 1.13403 2.66667
8 0.636867 0.63442 2.06235 1.42745 2.8
5 1.8147 1.8147 2.17764 0.36294 2.8
2 10.4679 5e-09 5.23397 5.23397 2.8
1 4.83452 4.83452 4.83452 0 0.666667
1 2.77684 2.77684 2.77684 0 2.66667
1 1.34527 1.34527 1.34527 0 2.66667
1 1.22429 1.22429 1.22429 0 2.66667
1 1.22429 1.22429 1.22429 0 2.66667
1 1.22429 1.22429 1.22429 0 2.66667
1 1.22429 1.22429 1.22429 0 2.8
1 0.748071 0.748071 0.748071 0 2.66667
1 0.0520063 0.0520063 0.0520063 0 2.8
1 1e-08 1e-08 1e-08 0 2.66667
1 1e-08 1e-08 1e-08 0 2.5
1 1e-08 1e-08 1e-08 0 2.66667
1 1e-08 1e-08 1e-08 0 2.8
1 1e-08 1e-08 1e-08 0 2.66667
1 1e-08 1e-08 1e-08 0 2.8
1 1e-08 1e-08 1e-08 0 0.666667
1 5e-09 5e-09 1e-08 5e-09 0.8
1 1e-08 1e-08 1e-08 0 3.35714
1 1e-08 1e-08 1e-08 0 2.85714
1 1e-08 1e-08 1e-08 0 0.666667

20 1.8807 1.84386 2.40408 0.553484 0.666667
15 2.64001 0.731278 2.41766 1.16188 3.3
13 2.21161 1.38534 2.50962 1.0259 0.8
8 2.62708 2.61698 2.61897 0.00359789 2.8
1 20.9359 20.9359 20.9359 0 2.8
4 10.004 0.00798601 5.00296 4.99493 0.666667
8 0.910255 0.910255 2.39898 1.48873 2.66667
4 2.17764 2.17764 2.72205 0.544409 2.8
2 9.77284 5e-09 4.88642 4.88642 0.666667
1 4.83452 4.83452 4.83452 0 0.666667
1 2.86563 2.86563 2.86563 0 2.85714
1 2.77684 2.77684 2.77684 0 2.66667
1 1.34527 1.34527 1.34527 0 2.66667
1 1.22429 1.22429 1.22429 0 2.8
1 1.22429 1.22429 1.22429 0 2.66667
1 1.22429 1.22429 1.22429 0 2.66667
1 1.22429 1.22429 1.22429 0 2.66667
1 0.0520063 0.0520063 0.0520063 0 2.8
1 1e-08 1e-08 1e-08 0 3.3
1 1e-08 1e-08 1e-08 0 3.35714
1 1e-08 1e-08 1e-08 0 3.35714
1 1e-08 1e-08 1e-08 0 2.8
1 1e-08 1e-08 1e-08 0 2.85714
1 1e-08 1e-08 1e-08 0 0.8
1 5e-09 5e-09 1e-08 5e-09 0.666667
1 1e-08 1e-08 1e-08 0 2.8
1 1e-08 1e-08 1e-08 0 2.66667
1 1e-08 1e-08 1e-08 0 2.8
1 1e-08 1e-08 1e-08 0 2.66667
1 1e-08 1e-08 1e-08 0 2.5
1 1e-08 1e-08 1e-08 0 2.66667

32 3.82107 2.63158e-10 1.62669 1.44608 2.8
27 1.09365 0.628129 1.62395 0.928567 0.666667
10 2.09359 0.00605562 1.88483 0.626259 2.66667
11 0.778393 0.775402 1.64595 0.86996 2.8
4 2.72205 2.72205 2.72205 0 2.8
1 4.83452 4.83452 4.83452 0 0.666667
1 2.77684 2.77684 2.77684 0 2.66667
1 1.34527 1.34527 1.34527 0 2.66667
1 1.22429 1.22429 1.22429 0 2.8
1 1.22429 1.22429 1.22429 0 2.66667
1 1.22429 1.22429 1.22429 0 2.66667
1 1.22429 1.22429 1.22429 0 2.66667
1 0.716408 0.716408 0.716408 7.5e-09 2.8
1 0.0520063 0.0520063 0.0520063 0 2.8
1 1e-08 1e-08 1e-08 0 3.3
1 1e-08 1e-08 1e-08 0 3.3
1 1e-08 1e-08 1e-08 0 3.35714
1 1e-08 1e-08 1e-08 0 3.35714
1 1e-08 1e-08 1e-08 0 2.85714
1 1e-08 1e-08 1e-08 0 0.8
1 1e-08 1e-08 1e-08 0 0.666667
1 1e-08 1e-08 1e-08 0 2.8

19 6.05003 1.06299 3.70961 2.24446 3.3
15 1.53112 0.959085 3.58051 2.45319 0.8
5 20.5256 2e-09 8.21025 10.0555 3.3
1 27.7009 27.7009 27.7009 0 3.3
5 1.9106 1.90327 4.18865 2.28391 2.8
1 20.9376 20.9376 20.9376 0 0.666667
3 6.97862 6.97862 6.97862 0 2.85714
1 20.9359 20.9359 20.9359 0 2.85714
5 3.95025 1.24408 4.05193 2.49389 3.35714
4 4.19641 4.18717 4.1941 0.00400133 2.8
4 0.95163 0.95163 3.80918 2.85755 2.66667
3 2.72205 2.72205 3.6294 0.907349 2.66667
1 4.83452 4.83452 4.83452 0 0.666667
1 2.77684 2.77684 2.77684 0 2.66667
1 1.34527 1.34527 1.34527 0 2.66667
1 1.22429 1.22429 1.22429 0 2.66667
1 1.22429 1.22429 1.22429 0 2.66667
1 1.22429 1.22429 1.22429 0 2.66667
1 1.22429 1.22429 1.22429 0 2.8
1 0.0679661 0.0679661 0.0783673 0.0104013 0.8
1 0.025014 0.025014 0.025014 5e-09 3.38889
1 1e-08 1e-08 1e-08 0 1.35714
1 1e-08 1e-08 1e-08 0 2.66667
1 1e-08 1e-08 1e-08 0 3.35714
1 1e-08 1e-08 1e-08 0 1.3
1 1e-08 1e-08 1e-08 0 2.66667
1 1e-08 1e-08 1e-08 0 0.857143
1 1e-08 1e-08 1e-08 0 2.8
1 1e-08 1e-08 1e-08 0 0.666667
1 1e-08 1e-08 1e-08 0 0.8
1 5e-09 5e-09 1e-08 5e-09 2.85714
1 1e-08 1e-08 1e-08 0 3.3

24 1.96217 0.564523 2.12481 0.718351 3.38889
23 2.61901 1.23027 2.13563 0.500897 0.857143
1 20.9821 20.9821 20.9821 0 3.3
9 1.7448 1.7448 2.1325 0.387701 0.666667
8 0.778393 0.775404 2.3525 1.57629 2.8
4 5.23397 2.5e-09 3.92548 2.26637 2.66667
3 3.6294 3.6294 3.6294 0 2.66667
2 5.23397 0.553293 2.89363 2.34034 3.35714
2 5.23397 2.5e-09 2.61698 2.61698 2.85714
1 4.83452 4.83452 4.83452 0 0.666667
1 2.77684 2.77684 2.77684 0 2.66667
1 1.34527 1.34527 1.34527 0 2.66667
1 1.22429 1.22429 1.22429 0 2.66667
1 1.22429 1.22429 1.22429 0 2.66667
1 1.22429 1.22429 1.22429 0 2.66667
1 1.22429 1.22429 1.22429 0 2.8
1 5e-09 5e-09 1e-08 5e-09 3.38889
1 5e-09 5e-09 1e-08 5e-09 0.666667
1 1e-08 1e-08 1e-08 0 2.66667
1 1e-08 1e-08 1e-08 0 0.857143
1 1e-08 1e-08 1e-08 0 2.8
1 1e-08 1e-08 1e-08 0 0.666667
1 1e-08 1e-08 1e-08 0 0.8
1 1e-08 1e-08 1e-08 0 3.3
1 5e-09 5e-09 1e-08 5e-09 2.85714

27 4.03335 1.11723 3.19688 1.30492 3.3
15 1.76272 1.09397 3.20913 1.75995 0.8
2 41.193 5e-09 20.5965 20.5965 3.8
9 14.4843 1.11111e-09 3.57383 4.29932 3.35714
5 2.99086 2.99085 3.65224 0.661384 2.8
5 1.29445 0.951708 3.62905 2.61239 0.666667
5 1.10614 1.10432 3.55761 2.45256 3.3
5 2.46005 1.61045 3.39125 1.64633 2.66667
3 2.72205 2.72205 3.6294 0.907349 2.66667
2 10.4679 5e-09 5.23397 5.23397 2.85714
1 4.83452 4.83452 4.83452 0 0.666667
1 3.39 3.39 3.39 0 0.8
1 2.77684 2.77684 2.77684 0 2.66667
1 1.34527 1.34527 1.34527 0 2.66667
1 1.22429 1.22429 1.22429 0 2.8
1 1.22429 1.22429 1.22429 0 2.66667
1 1.22429 1.22429 1.22429 0 2.66667
1 1.22429 1.22429 1.22429 0 2.66667
1 1e-08 1e-08 1e-08 0 2.8
1 1e-08 1e-08 1e-08 0 0.8
1 5e-09 5e-09 1e-08 5e-09 2.66667
1 1e-08 1e-08 1e-08 0 2.85714
1 1e-08 1e-08 1e-08 0 3.3
1 1e-08 1e-08 1e-08 0 0.8
1 1e-08 1e-08 1e-08 0 0.666667
1 1e-08 1e-08 1e-08 0 2.8
1 1e-08 1e-08 1e-08 0 0.857143
1 1e-08 1e-08 1e-08 0 2.66667
1 1e-08 1e-08 1e-08 0 1.35714
1 1e-08 1e-08 1e-08 0 3.35714

27 4.05431 3.44828e-10 2.41132 1.1889 0.8
21 1.54286 1.3579 2.37834 0.872404 3.3
5 6.39613 4.18717 4.62897 0.883584 2.66667
9 2.5891 1.90342 2.55488 0.532285 0.666667
2 10.491 10.491 10.491 0 3.8
8 0.9553 0.951633 2.3965 1.44342 2.8
3 3.6294 3.6294 3.6294 0 2.66667
2 10.4679 5e-09 5.23397 5.23397 2.85714
1 4.83452 4.83452 4.83452 0 0.666667
1 2.77684 2.77684 2.77684 0 2.66667
1 1.34527 1.34527 1.34527 0 2.66667
1 1.22429 1.22429 1.22429 0 2.66667
1 1.22429 1.22429 1.22429 0 2.66667
1 1.22429 1.22429 1.22429 0 2.66667
1 1.22429 1.22429 1.22429 0 2.8
1 0.0283006 0.0283006 0.0283006 5e-09 3.35714
1 2e-09 2e-09 1e-08 8e-09 3.8
1 1e-08 1e-08 1e-08 0 2.8
1 1e-08 1e-08 1e-08 0 2.66667
1 1e-08 1e-08 1e-08 0 2.85714
1 1e-08 1e-08 1e-08 0 3.3
1 1e-08 1e-08 1e-08 0 0.8
1 1e-08 1e-08 1e-08 0 0.666667
1 1e-08 1e-08 1e-08 0 2.8
1 1e-08 1e-08 1e-08 0 0.857143
1 1e-08 1e-08 1e-08 0 2.66667
1 1e-08 1e-08 1e-08 0 1.35714
1 1e-08 1e-08 1e-08 0 3.35714
1 1e-08 1e-08 1e-08 0 3.8
1 5e-09 5e-09 1e-08 5e-09 0.8

30 3.61256 0.644667 2.43834 1.27653 3.3
22 1.80885 1.09256 2.48391 0.991954 2.8
9 1.29455 0.951708 2.52548 1.27363 0.8
9 2.66506 1.74466 2.43918 0.581851 2.66667
8 2.10166 2.0936 2.61901 0.52341 2.8
5 1.1703 1.16567 2.82931 1.66272 2.8
4 2.72205 2.72205 2.72205 0 2.66667
2 10.4679 5e-09 5.23397 5.23397 2.85714
1 4.83452 4.83452 4.83452 0 0.666667
1 2.77684 2.77684 2.77684 0 2.66667
1 1.34527 1.34527 1.34527 0 2.66667
1 1.22429 1.22429 1.22429 0 2.8
1 1.22429 1.22429 1.22429 0 2.66667
1 1.22429 1.22429 1.22429 0 2.66667
1 1.22429 1.22429 1.22429 0 2.66667
1 0.0566013 0.0566013 0.0566013 0 1.35714
1 1e-08 1e-08 1e-08 0 2.8
1 1e-08 1e-08 1e-08 0 3.8
1 1e-08 1e-08 1e-08 0 0.8
1 1e-08 1e-08 1e-08 0 3.8

26 2.79941 2.24442 3.09992 0.725259 0.8
26 2.20001 2.20001 3.07878 0.878767 3.3
8 1.29456 1.29455 3.10763 1.81308 0.666667
1 24.5754 24.5754 24.5754 0 0.8
3 7.02183 6.99402 7.00329 0.0131061 3.8
6 0.9553 0.95373 3.17569 2.22092 2.8
6 1.7767 1.7767 3.1344 1.35769 2.66667
3 2.72205 2.72205 3.6294 0.907349 2.66667
2 10.4679 5e-09 5.23397 5.23397 2.85714
1 4.83452 4.83452 4.83452 0 0.666667
1 2.77684 2.77684 2.77684 0 2.66667
1 2.73951 2.73951 2.75646 0.01695 0.8
1 1.34527 1.34527 1.34527 0 2.66667
1 1.22429 1.22429 1.22429 0 2.8
1 1.22429 1.22429 1.22429 0 2.66667
1 1.22429 1.22429 1.22429 0 2.66667
1 1.22429 1.22429 1.22429 0 2.66667
1 0.382861 0.382861 0.382861 5e-09 3.35714
1 1e-08 1e-08 1e-08 0 2.8
1 1e-08 1e-08 1e-08 0 3.8
1 1e-08 1e-08 1e-08 0 3.8
1 1e-08 1e-08 1e-08 0 2.8
1 1e-08 1e-08 1e-08 0 0.666667

26 2.20001 0.609399 2.6909 0.647654 3.3
24 1.88532 1.48541 2.73344 1.21748 0.8
6 5.33011 5.33011 5.33011 0 2.66667
8 1.67531 1.6753 2.8769 1.2016 0.8
6 1.4067 1.40111 3.03458 1.63091 2.8
3 7.00553 3.33333e-09 4.67033 3.30242 2.8
3 3.6294 3.6294 3.6294 0 2.66667
2 10.4679 5e-09 5.23397 5.23397 2.85714
3 9.66194 2.5e-09 3.22065 4.55468 2.8
1 4.83452 4.83452 4.83452 0 0.666667
1 2.77684 2.77684 2.77684 0 2.66667
1 1.34527 1.34527 1.34527 0 2.66667
1 1.22429 1.22429 1.22429 0 2.8
1 1.22429 1.22429 1.22429 0 2.66667
1 1.22429 1.22429 1.22429 0 2.66667
1 1.22429 1.22429 1.22429 0 2.66667
1 0.0566013 0.0566013 0.0566013 0 1.35714
1 0.0521714 0.0521714 0.0521714 0 3.85714
1 1e-08 1e-08 1e-08 0 2.8
1 1e-08 1e-08 1e-08 0 3.8
1 1e-08 1e-08 1e-08 0 0.8

27 2.80704 2.21161 3.0135 0.75323 0.857143
24 2.23386 2.23386 3.04598 0.812124 3.3
8 1.88122 1.88122 3.10555 1.22434 2.66667
7 1.35621 1.3562 3.29388 1.93768 0.8
7 1.91504 1.91294 3.00651 1.09177 2.8
4 9.39272 1.42857e-09 2.96718 3.84349 0.857143
3 3.6294 3.6294 3.6294 0 2.66667
2 10.5139 5e-09 5.25695 5.25695 1.85714
2 10.4679 5e-09 5.23397 5.23397 2.85714
2 7.00547 0.22466 3.61506 3.3904 2.8
1 5.27513 5.27513 5.28817 0.0130429 2.85714
1 4.83452 4.83452 4.83452 0 0.666667
1 2.77684 2.77684 2.77684 0 2.66667
1 1.34527 1.34527 1.34527 0 2.66667
1 1.22429 1.22429 1.22429 0 2.66667
1 1.22429 1.22429 1.22429 0 2.66667
1 1.22429 1.22429 1.22429 0 2.66667
1 1.22429 1.22429 1.22429 0 2.8
1 0.0566013 0.0566013 0.0566013 0 1.35714
1 0.0562204 0.0562204 0.0562204 0 0.666667
1 1e-08 1e-08 1e-08 0 2.8
1 1e-08 1e-08 1e-08 0 3.8
1 1e-08 1e-08 1e-08 0 0.8
1 1e-08 1e-08 1e-08 0 2.8

22 2.59287 2.59287 3.38515 0.792276 3.3
20 1.80452 1.42175 3.29232 1.80365 2.8
2 20.6268 18.288 19.4574 1.16942 0.8
9 2.13204 2.13204 3.3169 1.18486 3.16667
7 1.89939 1.89868 3.5262 1.62742 0.8
3 7.02183 7.02183 7.02183 0 3.35714
5 1.50781 1.50468 3.91071 2.40491 1.85714
3 3.6294 3.6294 3.6294 0 2.8
2 10.4679 5e-09 5.23397 5.23397 2.85714
2 10.4679 5e-09 5.23397 5.23397 3.35714
2 7.00547 0.22466 3.61506 3.3904 3.8
1 4.83452 4.83452 4.83452 0 0.666667
1 2.77684 2.77684 2.77684 0 2.66667
1 1.34527 1.34527 1.34527 0 2.66667
1 1.22429 1.22429 1.22429 0 2.8
1 1.22429 1.22429 1.22429 0 2.66667
1 1.22429 1.22429 1.22429 0 2.66667
1 1.22429 1.22429 1.22429 0 2.66667
1 0.0566013 0.0566013 0.0566013 0 1.35714
1 0.0562204 0.0562204 0.0562204 0 0.666667
1 0.0521055 0.0521055 0.0521055 0 2.8
1 1e-08 1e-08 1e-08 0 2.8
1 1e-08 1e-08 1e-08 0 3.8
1 1e-08 1e-08 1e-08 0 2.8
1 1e-08 1e-08 1e-08 0 2.8
1 1e-08 1e-08 1e-08 0 0.8

17 6.99226 0.062625 4.68377 2.02246 0.8
1 76.21 76.21 76.21 0 0.857143
16 2.6889 2.6889 4.75287 2.06397 3.3
15 2.80704 2.23278 4.81682 2.50172 0.8
1 31.9807 31.9807 31.9807 0 0.8
6 1.39046 1.39046 4.63481 3.24435 3.16667
5 1.67594 1.67531 5.02625 3.35061 0.8
1 21.0164 21.0164 21.0164 0 2.8
3 1.75912 1.75546 5.28368 3.52603 3.35714
2 10.4679 5e-09 5.23397 5.23397 2.85714
1 2.72205 2.72205 8.16614 5.44409 2.8
1 4.83452 4.83452 4.83452 0 0.666667
1 2.77684 2.77684 2.77684 0 2.66667
1 1.34527 1.34527 1.34527 0 2.66667
1 1.22429 1.22429 1.22429 0 2.8
1 1.22429 1.22429 1.22429 0 2.66667
1 1.22429 1.22429 1.22429 0 2.66667
1 1.22429 1.22429 1.22429 0 2.66667
1 0.0566013 0.0566013 0.0566013 0 1.35714
1 0.0562204 0.0562204 0.0562204 0 0.666667
1 1e-08 1e-08 1e-08 0 3.8
1 1e-08 1e-08 1e-08 0 2.8
1 1e-08 1e-08 1e-08 0 0.8

23 1.49693 1.0301 3.15054 1.95049 0.857143
21 3.82107 1.05843 3.19371 1.33499 3.35714
6 5.33011 5.33011 5.33011 0 2.66667
5 5.6982 5.69606 5.6972 0.000959555 0.8
8 3.99758 0.00394018 3.49838 1.32077 0.857143
3 7.03646 7.02183 7.0306 0.00631973 3.85714
1 21.0164 21.0164 21.0164 0 2.8
1 10.8882 10.8882 10.8882 0 2.66667
2 10.4679 5e-09 5.23397 5.23397 2.85714
1 4.83452 4.83452 4.83452 0 0.666667
1 2.77684 2.77684 2.77684 0 2.66667
1 1.34527 1.34527 1.34527 0 2.66667
1 1.22429 1.22429 1.22429 0 2.66667
1 1.22429 1.22429 1.22429 0 2.66667
1 1.22429 1.22429 1.22429 0 2.66667
1 1.22429 1.22429 1.22429 0 2.8
1 0.765723 0.765723 0.765723 0 1.35714
1 0.186772 0.186772 0.186772 6.66667e-09 0.857143
1 0.0562204 0.0562204 0.0562204 0 0.666667
1 1e-08 1e-08 1e-08 0 3.8
1 1e-08 1e-08 1e-08 0 2.8
1 5e-09 5e-09 1e-08 5e-09 3.3
1 1e-08 1e-08 1e-08 0 3.3
1 1e-08 1e-08 1e-08 0 3.35714

22 3.57803 2.60069 4.52249 1.54764 0.8
18 2.84707 2.84707 4.60583 1.75875 3.3
2 37.4671 27.6074 32.5372 4.92986 0.857143
2 45.7426 5e-09 22.8713 22.8713 3.3
6 1.88122 1.88122 4.70304 2.82182 2.66667
5 1.88122 1.88122 4.63569 2.75447 0.8
2 10.5082 10.5082 10.5082 0 2.8
4 1.67655 1.67594 5.07322 3.3971 2.8
3 1.41303 1.40729 5.62735 4.21738 3.35714
1 10.8882 10.8882 10.8882 0 2.66667
2 10.4679 5e-09 5.23397 5.23397 2.85714
1 4.83452 4.83452 4.83452 0 0.666667
1 2.77684 2.77684 2.77684 0 2.66667
1 1.34527 1.34527 1.34527 0 2.66667
1 1.22429 1.22429 1.22429 0 2.8
1 1.22429 1.22429 1.22429 0 2.66667
1 1.22429 1.22429 1.22429 0 2.66667
1 1.22429 1.22429 1.22429 0 2.66667
1 0.0566013 0.0566013 0.0566013 0 1.35714
1 0.0562204 0.0562204 0.0562204 0 0.666667
1 1e-08 1e-08 1e-08 0 3.8
1 1e-08 1e-08 1e-08 0 2.8
1 5e-09 5e-09 1e-08 5e-09 3.3
1 5e-09 5e-09 1e-08 5e-09 0.8
1 1e-08 1e-08 1e-08 0 1.88889
1 1e-08 1e-08 1e-08 0 0.8
1 1e-08 1e-08 1e-08 0 2.8

18 1.70581 1.36715 4.057 2.54289 3.3
16 3.45716 1.77024 4.13752 0.885558 3.3
4 36.3002 2.5e-09 9.08257 15.7141 3.3
5 6.39613 6.39613 6.39613 0 0.8
7 2.66506 2.66506 4.18794 1.52289 2.66667
2 14.2507 14.2466 14.2486 0.00206006 0.8
2 14.2455 14.2455 14.2455 1.56155e-05 1.3
6 17.0132 1.66667e-09 4.0039 6.35616 3.35714
3 7.06515 7.03646 7.04984 0.0117919 3.85714
2 10.5082 10.5082 10.5082 0 2.8
1 10.8882 10.8882 10.8882 0 2.66667
2 10.4679 5e-09 5.23397 5.23397 2.85714
1 4.83452 4.83452 4.83452 0 0.666667
1 2.77684 2.77684 2.77684 0 2.66667
1 1.34527 1.34527 1.34527 0 2.66667
1 1.22429 1.22429 1.22429 0 2.66667
1 1.22429 1.22429 1.22429 0 2.66667
1 1.22429 1.22429 1.22429 0 2.66667
1 1.22429 1.22429 1.22429 0 2.8
1 0.765723 0.765723 0.765723 0 1.35714
1 0.0562204 0.0562204 0.0562204 0 0.666667
1 1e-08 1e-08 1e-08 0 3.8
1 1e-08 1e-08 1e-08 0 2.8
1 1e-08 1e-08 1e-08 0 1.88889
1 5e-09 5e-09 1e-08 5e-09 3.35714
1 1e-08 1e-08 1e-08 0 3.35714
1 1e-08 1e-08 1e-08 0 3.35714

20 3.33408 2.68041 4.20712 1.19157 3.35714
10 14.6699 2.68048e-11 6.41976 6.52931 1.3
7 20.743 1.42857e-09 8.14511 8.72638 3.35714
12 4.53752 1.25688 4.40331 1.5775 3.3
7 1.68319 1.68319 4.33697 2.65377 2.66667
7 1.88122 1.88122 4.29992 2.41871 0.8
5 1.58341 1.58284 4.43192 2.84872 0.8
3 7.06515 7.03646 7.04984 0.0117919 3.85714
2 10.5082 10.5082 10.5082 0 2.8
1 10.8882 10.8882 10.8882 0 2.66667
2 10.4679 5e-09 5.23397 5.23397 2.85714
1 4.83452 4.83452 4.83452 0 0.666667
1 2.77684 2.77684 2.77684 0 2.66667
1 1.34527 1.34527 1.34527 0 2.66667
1 1.22429 1.22429 1.22429 0 2.8
1 1.22429 1.22429 1.22429 0 2.66667
1 1.22429 1.22429 1.22429 0 2.66667
1 1.22429 1.22429 1.22429 0 2.66667
1 0.0566013 0.0566013 0.0566013 0 1.35714
1 0.0562204 0.0562204 0.0562204 0 0.666667
1 1e-08 1e-08 1e-08 0 3.8
1 1e-08 1e-08 1e-08 0 2.8
1 1e-08 1e-08 1e-08 0 1.88889
1 5e-09 5e-09 1e-08 5e-09 3.3
1 2.5e-09 2.5e-09 1e-08 7.5e-09 3.38889
1 2.5e-09 2.5e-09 1e-08 7.5e-09 3.3
1 1e-08 1e-08 1e-08 0 3.3
1 5e-09 5e-09 1e-08 5e-09 0.8
1 1e-08 1e-08 1e-08 0 3.35714
1 1e-08 1e-08 1e-08 0 3.3
1 1e-08 1e-08 1e-08 0 2.66667

4 36.345 17.7752 27.3371 9.01643 3.3
19 2.37928 2.25557 4.8627 2.52249 0.8
12 3.7231 3.7231 5 1.2769 3.3
10 12.1001 8.33333e-10 4.64615 5.0703 3.3
6 2.13421 2.13204 4.97516 2.84276 0.8
5 1.59903 1.59903 4.86656 3.26753 3.66667
4 2.59135 2.59103 5.78803 3.19691 0.8
3 7.06515 7.03646 7.04984 0.0117919 1.85714
2 10.5082 10.5082 10.5082 0 2.8
1 10.8882 10.8882 10.8882 0 2.66667
2 10.4679 5e-09 5.23397 5.23397 2.85714
1 4.83452 4.83452 4.83452 0 0.666667
1 2.77684 2.77684 2.77684 0 2.66667
1 1.34527 1.34527 1.34527 0 2.66667
1 1.22429 1.22429 1.22429 0 2.66667
1 1.22429 1.22429 1.22429 0 2.66667
1 1.22429 1.22429 1.22429 0 2.66667
1 1.22429 1.22429 1.22429 0 2.8
1 0.0637604 0.0637604 0.0637604 0 2.8
1 0.0566013 0.0566013 0.0566013 0 1.35714
1 0.0562204 0.0562204 0.0562204 0 0.666667
1 1e-08 1e-08 1e-08 0 2.88889
1 1e-08 1e-08 1e-08 0 2.85714
1 1e-08 1e-08 1e-08 0 3.3
1 1e-08 1e-08 1e-08 0 2.66667
1 1e-08 1e-08 1e-08 0 3.35714
1 5e-09 5e-09 1e-08 5e-09 0.857143
1 1e-08 1e-08 1e-08 0 3.3
1 1e-08 1e-08 1e-08 0 3.3
1 1e-08 1e-08 1e-08 0 3.3
1 1e-08 1e-08 1e-08 0 3.35714
1 1e-08 1e-08 1e-08 0 1.88889
1 1e-08 1e-08 1e-08 0 2.8
1 1e-08 1e-08 1e-08 0 3.8
1 4.62355e-10 4.62355e-10 4.62355e-10 0 0.857143

26 1.91579 1.88805 3.74595 1.84114 3.38889
17 3.30002 0.914098 3.79138 0.845116 3.3
8 18.2218 1.25e-09 5.13053 7.26474 0.8
8 3.20132 3.19807 3.99799 0.799517 0.8
4 7.12622 7.12534 7.12557 0.000375606 0.8
6 3.55341 3.55341 4.14623 0.592818 2.8
2 10.5082 10.5082 10.5082 0 2.8
4 5.29886 2.5e-09 3.96554 2.28952 1.85714
1 10.8882 10.8882 10.8882 0 2.66667
2 10.4679 5e-09 5.23397 5.23397 2.85714
1 4.83452 4.83452 4.83452 0 0.666667
1 2.77684 2.77684 2.77684 0 2.66667
1 1.34527 1.34527 1.34527 0 2.66667
1 1.22429 1.22429 1.22429 0 2.8
1 1.22429 1.22429 1.22429 0 2.66667
1 1.22429 1.22429 1.22429 0 2.66667
1 1.22429 1.22429 1.22429 0 2.66667
1 0.258611 0.258611 0.258611 0 3.3
1 0.174734 0.174734 0.174734 8.57143e-09 3.3
1 0.113328 0.113328 0.113328 0 3.3
1 0.0637604 0.0637604 0.0637604 0 2.8
1 0.0566013 0.0566013 0.0566013 0 1.35714
1 0.0562204 0.0562204 0.0562204 0 0.666667
1 1e-08 1e-08 1e-08 0 2.66667
1 1e-08 1e-08 1e-08 0 3.3
1 1e-08 1e-08 1e-08 0 3.3
1 1e-08 1e-08 1e-08 0 3.35714
1 1e-08 1e-08 1e-08 0 2.8
1 1e-08 1e-08 1e-08 0 3.8
1 1e-08 1e-08 1e-08 0 0.8
1 5e-09 5e-09 1e-08 5e-09 3.4
1 1e-08 1e-08 1e-08 0 1.35714
1 1e-08 1e-08 1e-08 0 3.35714

19 3.06076 2.99387 6.06894 3.06923 1.35714
5 29.0401 0.244627 19.0818 12.4433 3.3
11 4.40002 4.40002 6.48012 2.0801 3.3
8 9.21972 6.25e-10 6.07231 3.81417 1.3
4 31.803 2.5e-09 10.9754 12.9997 1.35714
7 20.7686 1.42857e-09 6.09021 6.89522 3.3
4 1.6849 1.68319 7.15431 5.47026 0.8
4 2.90733 2.90733 6.84343 3.93609 3.66667
2 10.5082 10.5082 10.5082 0 2.8
3 2.59145 2.59104 6.04571 3.45443 0.8
2 5.29886 5.28594 7.93107 2.63868 1.85714
2 13.4068 0.0156459 6.71633 6.69556 3.35714
2 12.7559 5e-09 6.37793 6.37793 3.3
1 10.8882 10.8882 10.8882 0 2.66667
1 10.4679 10.4679 10.4679 5e-09 2.85714
1 7.94621 7.94621 7.94621 8.57143e-09 1.3
1 4.83452 4.83452 4.83452 0 0.666667
1 2.77684 2.77684 2.77684 0 2.66667
1 1.34527 1.34527 1.34527 0 2.66667
1 1.22429 1.22429 1.22429 0 2.8
1 1.22429 1.22429 1.22429 0 2.66667
1 1.22429 1.22429 1.22429 0 2.66667
1 1.22429 1.22429 1.22429 0 2.66667
1 0.0637604 0.0637604 0.0637604 0 2.8
1 0.0566013 0.0566013 0.0566013 0 1.35714
1 0.0562204 0.0562204 0.0562204 0 0.666667
1 0.032394 0.032394 0.0323941 6.66667e-09 2.88889
1 1e-08 1e-08 1e-08 0 3.3
1 5e-09 5e-09 1e-08 5e-09 3.3
1 5e-09 5e-09 1e-08 5e-09 2.8
1 1e-08 1e-08 1e-08 0 3.8
1 1e-08 1e-08 1e-08 0 2.66667
1 1e-08 1e-08 1e-08 0 3.35714
1 5e-09 5e-09 1e-08 5e-09 1.3
1 1e-08 1e-08 1e-08 0 1.35714
1 1e-08 1e-08 1e-08 0 2.66667

21 2.58582 2.5293 4.73168 2.19095 1.3
14 2.6889 2.6889 4.84868 2.15978 3.8
2 57.1928 5e-09 28.5964 28.5964 1.35714
8 9.08624 2.62883 4.99772 2.03461 1.3
3 9.50199 9.50049 9.50137 0.000637856 0.8
5 3.99758 3.99758 5.59662 1.59903 2.66667
2 24.1969 5e-09 12.0985 12.0985 0.8
5 2.00082 2.00082 4.79995 2.79912 0.8
2 10.5977 10.5719 10.5848 0.0129292 1.85714
2 10.5082 10.5082 10.5082 0 2.8
1 20.9359 20.9359 20.9359 0 2.85714
2 11.2127 5e-09 5.60634 5.60634 3.3
1 10.8882 10.8882 10.8882 0 2.66667
1 4.83452 4.83452 4.83452 0 0.666667
1 2.77684 2.77684 2.77684 0 2.66667
1 1.34527 1.34527 1.34527 0 2.66667
1 1.22429 1.22429 1.22429 0 2.66667
1 1.22429 1.22429 1.22429 0 2.66667
1 1.22429 1.22429 1.22429 0 2.66667
1 1.22429 1.22429 1.22429 0 2.8
1 1.05388 1.05388 1.05388 0 3.35714
1 0.0637604 0.0637604 0.0637604 0 2.8
1 0.0566013 0.0566013 0.0566013 0 1.35714
1 0.0562204 0.0562204 0.0562204 0 0.666667
1 0.000179508 0.000179508 0.000179513 5e-09 3.35714
1 1e-08 1e-08 1e-08 0 3.3
1 1e-08 1e-08 1e-08 0 3.3
1 1e-08 1e-08 1e-08 0 2.8
1 1e-08 1e-08 1e-08 0 3.8
1 1e-08 1e-08 1e-08 0 2.66667
1 1e-08 1e-08 1e-08 0 3.35714
1 1e-08 1e-08 1e-08 0 1.35714
1 5e-09 5e-09 1e-08 5e-09 3.88889
1 1e-08 1e-08 1e-08 0 3.66667
1 5e-09 5e-09 1e-08 5e-09 0.8
1 1e-08 1e-08 1e-08 0 1.35714
1 3.33333e-09 3.33333e-09 1e-08 6.66667e-09 0.8

20 6.60003 1.8282 5.3513 2.19436 3.8
17 2.23847 2.20028 5.36978 3.16139 1.3
8 14.5201 1e-09 5.77948 6.81728 3.3
8 5.37824 3.27395 5.46025 1.30641 3.40909
3 33.8767 3.33333e-09 11.2922 15.9696 1.35714
5 3.55702 3.55702 5.69123 2.13421 2.8
4 3.56325 3.56311 6.23529 2.67211 0.8
1 24.4813 24.4813 24.4813 0 3.35714
4 1.99879 1.99879 6.04628 4.04749 2.66667
2 21.6774 5e-09 10.8387 10.8387 0.8
2 10.5977 10.5719 10.5848 0.0129292 1.85714
2 10.5082 10.5082 10.5082 0 2.8
1 20.9359 20.9359 20.9359 0 2.85714
1 10.8882 10.8882 10.8882 0 2.66667
1 4.83452 4.83452 4.83452 0 0.666667
1 2.77684 2.77684 2.77684 0 2.66667
1 1.34527 1.34527 1.34527 0 2.66667
1 1.22429 1.22429 1.22429 0 2.8
1 1.22429 1.22429 1.22429 0 2.66667
1 1.22429 1.22429 1.22429 0 2.66667
1 1.22429 1.22429 1.22429 0 2.66667
1 1.1307 1.1307 1.1307 0 3.35714
1 0.0637604 0.0637604 0.0637604 0 2.8
1 0.0566013 0.0566013 0.0566013 0 1.35714
1 0.0562204 0.0562204 0.0562204 0 0.666667
1 1e-08 1e-08 1e-08 0 3.3
1 1e-08 1e-08 1e-08 0 3.3
1 1e-08 1e-08 1e-08 0 2.8
1 1e-08 1e-08 1e-08 0 3.8
1 1e-08 1e-08 1e-08 0 2.66667
1 1e-08 1e-08 1e-08 0 3.35714
1 1e-08 1e-08 1e-08 0 1.35714
1 1.42857e-09 1.42857e-09 1e-08 8.57143e-09 0.8
1 1e-08 1e-08 1e-08 0 3.66667
1 1e-08 1e-08 1e-08 0 1.3
1 1e-08 1e-08 1e-08 0 3.3

22 3.57089 3.50998 4.85278 1.32483 1.3
12 2.84707 2.84707 4.80533 1.95826 3.3
11 6.5993 3.1612 5.0952 1.20017 3.38889
3 33.8767 0.0667866 11.3378 15.9374 3.35714
6 3.20132 3.20132 5.33484 2.13352 0.8
6 3.19807 3.19807 5.33011 2.13204 2.66667
6 18.1501 0.00265836 4.87134 6.40948 3.3
2 10.5977 10.5719 10.5848 0.0129292 1.85714
2 10.5082 10.5082 10.5082 0 2.8
1 20.9359 20.9359 20.9359 0 2.85714
4 2.8506 2.85051 4.98844 2.13787 0.8
2 2.44813 1.88952 5.58077 3.42335 3.35714
1 10.8882 10.8882 10.8882 0 2.66667
1 4.83452 4.83452 4.83452 0 0.666667
1 2.77684 2.77684 2.77684 0 2.66667
1 1.34527 1.34527 1.34527 0 2.66667
1 1.22429 1.22429 1.22429 0 2.66667
1 1.22429 1.22429 1.22429 0 2.66667
1 1.22429 1.22429 1.22429 0 2.66667
1 1.22429 1.22429 1.22429 0 2.8
1 1.05388 1.05388 1.05388 0 3.35714
1 0.0637604 0.0637604 0.0637604 0 2.8
1 0.0566013 0.0566013 0.0566013 0 1.35714
1 0.0562204 0.0562204 0.0562204 0 0.666667
1 1e-08 1e-08 1e-08 0 0.8
1 1.42857e-09 1.42857e-09 1e-08 8.57143e-09 1.35714
1 1e-08 1e-08 1e-08 0 3.66667
1 5e-09 5e-09 1e-08 5e-09 1.3
1 1e-08 1e-08 1e-08 0 1.35714
1 1e-08 1e-08 1e-08 0 3.35714
1 1e-08 1e-08 1e-08 0 2.66667
1 1e-08 1e-08 1e-08 0 3.8
1 1e-08 1e-08 1e-08 0 2.8
1 1e-08 1e-08 1e-08 0 3.3
1 1e-08 1e-08 1e-08 0 3.3
1 1e-08 1e-08 1e-08 0 0.8

24 3.12453 3.07123 5.1827 2.09565 1.3
17 5.3778 1.48964 5.19191 1.73575 3.3
10 4.55124 2.61693 5.31826 1.97901 3.38889
6 12.2577 0.553979 5.81546 4.06037 3.35714
4 7.12649 7.12627 7.12644 9.60643e-05 0.8
1 25.498 25.498 25.498 0 3.3
4 2.66506 2.66506 6.03466 3.3696 2.66667
2 23.6809 5e-09 11.8404 11.8404 0.8
4 1.52444 1.52444 5.71697 4.19253 1.3
2 10.5082 10.5082 10.5082 0 2.8
1 20.9359 20.9359 20.9359 0 2.85714
2 2.35505 2.35101 5.87708 3.52405 1.85714
1 10.8882 10.8882 10.8882 0 2.66667
1 4.83452 4.83452 4.83452 0 0.666667
1 2.77684 2.77684 2.77684 0 2.66667
1 1.34527 1.34527 1.34527 0 2.66667
1 1.22429 1.22429 1.22429 0 2.66667
1 1.22429 1.22429 1.22429 0 2.66667
1 1.22429 1.22429 1.22429 0 2.66667
1 1.22429 1.22429 1.22429 0 2.8
1 0.270615 0.270615 1.21172 0.941107 3.3
1 0.414692 0.414692 0.414692 0 3.3
1 0.0637604 0.0637604 0.0637604 0 2.8
1 0.0566013 0.0566013 0.0566013 0 1.35714
1 0.0562204 0.0562204 0.0562204 0 0.666667
1 1e-08 1e-08 1e-08 0 3.3
1 1e-08 1e-08 1e-08 0 3.3
1 1e-08 1e-08 1e-08 0 3.3
1 1e-08 1e-08 1e-08 0 0.8
1 1e-08 1e-08 1e-08 0 0.8
1 1e-08 1e-08 1e-08 0 3.3
1 1e-08 1e-08 1e-08 0 3.3
1 1e-08 1e-08 1e-08 0 2.8
1 5e-09 5e-09 1e-08 5e-09 3.8
1 1e-08 1e-08 1e-08 0 2.66667
1 1e-08 1e-08 1e-08 0 3.35714

19 2.49962 2.45698 5.71066 3.23299 0.8
14 5.58464 1.54694 5.74082 1.59172 3.3
11 5.27944 3.14908 6.05511 2.04044 3.38889
9 9.80616 2.09936 5.86326 2.38384 3.35714
5 29.0401 2e-09 9.45898 10.2964 3.3
4 8.0033 8.0033 8.0033 1.94146e-06 1.3
5 4.56867 4.56867 6.39613 1.82747 3.66667
5 12.1001 2.01678 5.71742 4.12901 3.3
2 10.5977 10.5796 10.5886 0.00908888 1.85714
2 10.5082 10.5082 10.5082 0 2.8
1 20.9359 20.9359 20.9359 0 2.85714
3 2.59145 2.59145 6.91553 4.32408 0.8
1 10.8882 10.8882 10.8882 0 2.66667
1 9.47236 9.47236 9.47236 8e-09 0.8
1 4.83452 4.83452 4.83452 0 0.666667
1 2.77684 2.77684 2.77684 0 2.66667
1 1.34527 1.34527 1.34527 0 2.66667
1 1.22429 1.22429 1.22429 0 2.8
1 1.22429 1.22429 1.22429 0 2.66667
1 1.22429 1.22429 1.22429 0 2.66667
1 1.22429 1.22429 1.22429 0 2.66667
1 1.04007 1.04007 1.04007 0 3.8
1 0.0637604 0.0637604 0.0637604 0 2.8
1 0.0566013 0.0566013 0.0566013 0 1.35714
1 0.0562204 0.0562204 0.0562204 0 0.666667
1 1e-08 1e-08 1e-08 0 3.3
1 1e-08 1e-08 1e-08 0 3.35714
1 1e-08 1e-08 1e-08 0 1.35714
1 1e-08 1e-08 1e-08 0 3.35714
1 1e-08 1e-08 1e-08 0 2.66667
1 1e-08 1e-08 1e-08 0 3.8
1 1e-08 1e-08 1e-08 0 2.8
1 1e-08 1e-08 1e-08 0 3.3

7 20.446 8.63217 14.7999 3.95204 3.38889
18 2.88418 2.83498 5.73518 2.87188 1.3
14 2.90401 2.90401 5.55008 2.64607 3.3
9 7.09824 2.36654 5.86594 1.82939 3.35714
5 2.66845 2.66777 5.86836 3.20045 1.3
5 2.66506 2.66506 5.86312 3.19807 2.66667
3 9.50199 9.50199 9.50199 0 0.8
2 10.5977 10.5796 10.5886 0.00908888 1.85714
2 10.5082 10.5082 10.5082 0 2.8
1 20.9359 20.9359 20.9359 0 2.85714
3 18.1333 2.5e-09 6.04444 8.54813 3.3
3 3.79237 3.64257 5.8212 2.08162 3.8
1 10.8882 10.8882 10.8882 0 2.66667
1 4.83452 4.83452 4.83452 0 0.666667
1 2.77684 2.77684 2.77684 0 2.66667
1 1.34527 1.34527 1.34527 0 2.66667
1 1.22429 1.22429 1.22429 0 2.66667
1 1.22429 1.22429 1.22429 0 2.66667
1 1.22429 1.22429 1.22429 0 2.66667
1 1.22429 1.22429 1.22429 0 2.8
1 1.04007 1.04007 1.04007 0 3.8
1 0.0637604 0.0637604 0.0637604 0 2.8
1 0.0566013 0.0566013 0.0566013 0 1.35714
1 0.0562204 0.0562204 0.0562204 0 0.666667
1 0.0556285 0.0556285 0.0556285 0 3.35714
1 0.0518365 0.0518365 0.0518365 8.75e-09 3.3
1 1e-08 1e-08 1e-08 0 3.40909
1 1e-08 1e-08 1e-08 0 3.3
1 1e-08 1e-08 1e-08 0 3.35714
1 5e-09 5e-09 1e-08 5e-09 3.3
1 1e-08 1e-08 1e-08 0 2.8
1 1e-08 1e-08 1e-08 0 3.8
1 1e-08 1e-08 1e-08 0 2.66667
1 1e-08 1e-08 1e-08 0 3.35714
1 1e-08 1e-08 1e-08 0 3.35714

16 3.65798 3.62997 6.36856 2.71749 1.3
14 8.54122 2.3659 6.50599 2.96238 3.3
13 7.79876 2.83985 6.13162 1.56697 3.35714
10 14.5201 0.0188034 6.28347 5.5121 3.3
9 3.32842 2.48855 6.73235 3.80231 3.38889
5 29.0401 2e-09 7.85016 10.9964 3.3
4 2.28725 2.28666 7.54566 5.25863 0.8
4 2.90733 2.90733 6.54222 3.63488 2.66667
2 10.5977 10.5796 10.5886 0.00908888 1.85714
2 10.5082 10.5082 10.5082 0 2.8
1 20.9359 20.9359 20.9359 0 2.85714
3 3.56325 3.56325 6.20845 2.6452 0.8
1 11.6054 11.6054 11.6169 0.0114866 2.8
1 10.8882 10.8882 10.8882 0 2.66667
1 4.83452 4.83452 4.83452 0 0.666667
1 2.77684 2.77684 2.77684 0 2.66667
1 1.34527 1.34527 1.34527 0 2.66667
1 1.22429 1.22429 1.22429 0 2.8
1 1.22429 1.22429 1.22429 0 2.66667
1 1.22429 1.22429 1.22429 0 2.66667
1 1.22429 1.22429 1.22429 0 2.66667
1 0.520033 0.520033 0.520033 5e-09 3.8
1 0.0637604 0.0637604 0.0637604 0 2.8
1 0.0566013 0.0566013 0.0566013 0 1.35714
1 0.0562204 0.0562204 0.0562204 0 0.666667
1 0.0556285 0.0556285 0.0556285 0 3.35714
1 1e-08 1e-08 1e-08 0 0.666667
1 1e-08 1e-08 1e-08 0 0.8
1 1e-08 1e-08 1e-08 0 3.3
1 1e-08 1e-08 1e-08 0 2.66667

10 14.3181 2.84161 11.0399 3.60979 3.38889
17 3.65798 3.64802 6.48603 2.82976 3.3
11 4.23862 3.20228 6.65399 3.04606 3.35714
11 2.90401 2.90401 6.53211 3.6281 3.3
4 30.9932 0.0850097 12.0353 11.6367 2.8
5 12.1001 2.20924 6.97141 4.40292 1.3
5 5.33011 5.33011 6.39613 1.06602 2.66667
3 9.50199 9.50199 9.50199 0 0.8
2 10.5977 10.5796 10.5886 0.00908888 1.85714
2 10.5082 10.5082 10.5082 0 2.8
1 20.9359 20.9359 20.9359 0 2.85714
3 19.7615 3.33333e-09 6.58717 9.31566 3.3
2 2.91104 2.91104 9.27818 6.36714 1.3
1 10.8882 10.8882 10.8882 0 2.66667
1 4.83452 4.83452 4.83452 0 0.666667
1 2.77684 2.77684 2.77684 0 2.66667
1 1.34527 1.34527 1.34527 0 2.66667
1 1.22429 1.22429 1.22429 0 2.66667
1 1.22429 1.22429 1.22429 0 2.66667
1 1.22429 1.22429 1.22429 0 2.66667
1 1.22429 1.22429 1.22429 0 2.8
1 1.04007 1.04007 1.04007 0 3.8
1 0.240907 0.240907 0.240907 0 3.35714
1 0.0637604 0.0637604 0.0637604 0 2.8
1 0.0566013 0.0566013 0.0566013 0 1.35714
1 0.0562204 0.0562204 0.0562204 0 0.666667
1 1e-08 1e-08 1e-08 0 0.666667
1 1e-08 1e-08 1e-08 0 0.8
1 3.33333e-09 3.33333e-09 1e-08 6.66667e-09 3.3
1 1e-08 1e-08 1e-08 0 2.66667
1 5e-09 5e-09 1e-08 5e-09 1.3
1 1e-08 1e-08 1e-08 0 3.3

1 141.055 141.055 141.055 0 3.35714
14 2.41899 2.41899 7.54491 5.12593 1.3
10 4.53752 4.53752 7.42998 2.89246 1.3
7 3.64943 3.09932 8.23466 4.8236 3.38889
5 10.2756 8.3228 9.11376 0.636121 1.35714
3 36.906 3.33333e-09 14.881 15.8911 2.8
2 16.0107 16.0107 16.0107 0 0.8
1 30.426 30.426 30.426 0 3.42308
2 29.6423 5e-09 14.8211 14.8211 3.3
3 2.90733 2.90733 9.69111 6.78378 2.66667
3 25.7693 2.5e-09 8.67572 12.0875 1.3
2 7.12649 7.12649 10.6897 3.56325 0.8
2 10.5977 10.5796 10.5886 0.00908888 1.85714
2 10.5082 10.5082 10.5082 0 2.8
1 20.9359 20.9359 20.9359 0 2.85714
1 10.8882 10.8882 10.8882 0 2.66667
1 4.83452 4.83452 4.83452 0 0.666667
1 2.77684 2.77684 2.77684 0 2.66667
1 1.62369 1.62369 1.62369 0 3.8
1 1.34527 1.34527 1.34527 0 2.66667
1 1.22429 1.22429 1.22429 0 2.66667
1 1.22429 1.22429 1.22429 0 2.66667
1 1.22429 1.22429 1.22429 0 2.8
1 1.22429 1.22429 1.22429 0 2.66667
1 0.611158 0.611158 0.611158 6.66667e-09 3.40909
1 0.240907 0.240907 0.240907 0 3.35714
1 0.0637604 0.0637604 0.0637604 0 2.8
1 0.0566013 0.0566013 0.0566013 0 1.35714
1 0.0562204 0.0562204 0.0562204 0 0.666667
1 1e-08 1e-08 1e-08 0 0.666667
1 1e-08 1e-08 1e-08 0 0.8
1 1e-08 1e-08 1e-08 0 3.3
1 1e-08 1e-08 1e-08 0 2.66667
1 1e-08 1e-08 1e-08 0 1.38889
1 1e-08 1e-08 1e-08 0 3.3
1 1e-08 1e-08 1e-08 0 1.3

13 2.99955 2.99955 7.65091 4.65136 1.35714
5 29.0401 2e-09 14.8337 11.9656 3.3
8 16.2197 3.3867 8.36663 4.83051 3.43333
8 7.26004 2.96423 7.88102 2.51653 3.3
8 7.95122 3.12053 7.71037 2.69755 1.40909
1 61.1369 61.1369 61.1369 0 1.35714
7 4.42256 3.66899 8.37463 4.21891 3.35714
5 29.0401 2e-09 11.5812 11.5105 1.3
4 8.00536 8.00484 8.00523 0.000226079 1.3
3 10.6602 10.6602 10.6602 0 2.66667
2 14.253 14.253 14.253 0 0.8
2 10.5977 10.5796 10.5886 0.00908888 1.85714
2 10.5082 10.5082 10.5082 0 2.8
1 20.9359 20.9359 20.9359 0 2.85714
1 11.6054 11.6054 11.6054 5e-09 1.35714
1 10.8882 10.8882 10.8882 0 2.66667
1 6.8546 6.8546 7.57421 0.719612 2.8
1 4.83452 4.83452 4.83452 0 0.666667
1 2.77684 2.77684 2.77684 0 2.66667
1 1.34527 1.34527 1.34527 0 2.66667
1 1.22429 1.22429 1.22429 0 2.66667
1 1.22429 1.22429 1.22429 0 2.66667
1 1.22429 1.22429 1.22429 0 2.8
1 1.22429 1.22429 1.22429 0 2.66667
1 1.04007 1.04007 1.04007 0 3.8
1 0.509363 0.509363 0.509363 0 3.35714
1 0.0637604 0.0637604 0.0637604 0 2.8
1 0.0566013 0.0566013 0.0566013 0 1.35714
1 0.0562204 0.0562204 0.0562204 0 0.666667
1 0.0425525 0.0425525 0.0425525 0 3.3
1 0.030583 0.030583 0.030583 0 3.35714
1 1e-08 1e-08 1e-08 0 3.3
1 1e-08 1e-08 1e-08 0 3.38889
1 1e-08 1e-08 1e-08 0 2.66667
1 1e-08 1e-08 1e-08 0 0.8
1 1e-08 1e-08 1e-08 0 0.666667
1 1e-08 1e-08 1e-08 0 1.40909

12 4.28507 4.28507 8.63575 4.35069 1.3
10 14.5089 3.35164 8.49024 3.98395 3.38889
9 7.05274 5.55909 9.23833 2.77316 3.35714
9 4.68389 4.68389 8.84928 4.16538 3.3
4 34.7339 2.5e-09 19.4288 15.5803 3.38889
2 68.4358 5e-09 34.2179 34.2179 3.40909
6 9.12357 3.5106 9.54081 3.80282 3.40909
1 44.2515 44.2515 44.2515 0 3.38889
3 6.39613 6.39613 10.6602 4.26409 2.66667
2 4.57449 4.57449 11.4398 6.86531 1.3
2 10.5977 10.5796 10.5886 0.00908888 1.85714
2 10.5082 10.5082 10.5082 0 2.8
1 20.9359 20.9359 20.9359 0 2.85714
2 9.37066 9.37066 10.0179 0.647237 1.35714
2 4.75099 4.75099 9.64526 4.89427 0.8
2 11.8569 5.67641 8.77185 3.09025 3.35714
1 13.7092 13.7092 13.7092 0 2.8
1 12.8643 12.8643 12.8643 0 3.3
1 10.8882 10.8882 10.8882 0 2.66667
1 9.41941 9.41941 9.41941 5e-09 3.3
1 4.83452 4.83452 4.83452 0 0.666667
1 2.77684 2.77684 2.77684 0 2.66667
1 1.34527 1.34527 1.34527 0 2.66667
1 1.22429 1.22429 1.22429 0 2.66667
1 1.22429 1.22429 1.22429 0 2.66667
1 1.22429 1.22429 1.22429 0 2.8
1 1.22429 1.22429 1.22429 0 2.66667
1 0.520033 0.520033 0.520033 5e-09 3.8
1 0.0637604 0.0637604 0.0637604 0 2.8
1 0.0566013 0.0566013 0.0566013 0 1.35714
1 0.0562204 0.0562204 0.0562204 0 0.666667
1 0.0474464 0.0474464 0.0474464 0 3.35714
1 0.0212762 0.0212762 0.0212763 5e-09 1.3
1 1e-08 1e-08 1e-08 0 2.66667
1 1e-08 1e-08 1e-08 0 0.8
1 1e-08 1e-08 1e-08 0 0.666667
1 1e-08 1e-08 1e-08 0 1.3
1 3.33333e-09 3.33333e-09 1e-08 6.66667e-09 3.3
1 1e-08 1e-08 1e-08 0 3.38889
1 5e-09 5e-09 1e-08 5e-09 1.3
1 1e-08 1e-08 1e-08 0 1.3
1 1e-08 1e-08 1e-08 0 1.35714
1 1e-08 1e-08 1e-08 0 3.35714
1 1e-08 1e-08 1e-08 0 3.35714

13 10.8504 0.0391818 7.77565 4.09558 3.35714
15 4.99924 4.99924 6.56405 1.56481 1.3
11 4.84002 4.84002 6.70798 1.86796 3.3
10 2.35448 2.24089 6.61006 4.28959 3.38889
4 25.7693 2.5e-09 12.8847 12.8847 1.35714
4 14.8211 2.5e-09 9.53902 6.07958 3.3
2 14.253 14.253 14.253 0 0.8
4 6.40429 6.40429 6.47511 0.0708222 0.8
2 10.5977 10.5796 10.5886 0.00908888 1.85714
2 10.5082 10.5082 10.5082 0 2.8
1 20.9359 20.9359 20.9359 0 2.85714
2 3.99758 3.99758 7.99517 3.99758 2.66667
1 15.8478 15.8478 15.8478 0 3.35714
2 8.75655 4.04225 7.39442 2.55856 1.40909
1 10.8882 10.8882 10.8882 0 2.66667
1 10.6157 10.6157 10.6157 7.5e-09 3.40909
1 4.83452 4.83452 4.83452 0 0.666667
1 2.77684 2.77684 2.77684 0 2.66667
1 1.62369 1.62369 1.62369 0 3.8
1 1.34527 1.34527 1.34527 0 2.66667
1 1.22429 1.22429 1.22429 0 2.66667
1 1.22429 1.22429 1.22429 0 2.66667
1 1.22429 1.22429 1.22429 0 2.8
1 1.22429 1.22429 1.22429 0 2.66667
1 0.0637604 0.0637604 0.0637604 0 2.8
1 0.0566013 0.0566013 0.0566013 0 1.35714
1 0.0562204 0.0562204 0.0562204 0 0.666667
1 1e-08 1e-08 1e-08 0 3.35714
1 1e-08 1e-08 1e-08 0 3.38889
1 1e-08 1e-08 1e-08 0 0.666667
1 1e-08 1e-08 1e-08 0 0.8
1 1e-08 1e-08 1e-08 0 2.66667
1 1e-08 1e-08 1e-08 0 1.42308

2 72.5446 72.5446 72.5446 0 3.40909
1 138.935 138.935 138.935 0 3.38889
9 16.2197 4.71809 14.1775 3.73571 3.42308
9 2.38059 2.38059 10.7163 8.33567 3.3
8 9.68005 3.9523 10.7029 2.57133 3.35714
4 25.7693 2.5e-09 12.8847 12.8847 3.35714
5 2.32003 2.31238 10.087 7.77313 3.35714
1 44.4647 44.4647 44.4647 0 3.40909
1 40.2203 40.2203 40.2203 0 3.3
3 8.00536 8.00536 10.6738 2.66845 1.3
2 15.9903 15.9903 15.9903 0 2.66667
2 14.253 14.253 14.253 0 0.8
2 28.3623 0.120454 14.2414 14.1209 3.35714
2 10.5977 10.5796 10.5886 0.00908888 1.85714
2 10.5082 10.5082 10.5082 0 2.8
1 20.9359 20.9359 20.9359 0 2.85714
1 10.8882 10.8882 10.8882 0 2.66667
1 4.83452 4.83452 4.83452 0 0.666667
1 2.77684 2.77684 2.77684 0 2.66667
1 1.62369 1.62369 1.62369 0 3.8
1 1.34527 1.34527 1.34527 0 2.66667
1 1.22429 1.22429 1.22429 0 2.66667
1 1.22429 1.22429 1.22429 0 2.8
1 1.22429 1.22429 1.22429 0 2.66667
1 1.22429 1.22429 1.22429 0 2.66667
1 0.0637604 0.0637604 0.0637604 0 2.8
1 0.0566013 0.0566013 0.0566013 0 1.35714
1 0.0562204 0.0562204 0.0562204 0 0.666667
1 1e-08 1e-08 1e-08 0 3.38889
1 1e-08 1e-08 1e-08 0 0.666667
1 1e-08 1e-08 1e-08 0 0.8
1 1e-08 1e-08 1e-08 0 2.66667
1 1e-08 1e-08 1e-08 0 3.35714
1 1e-08 1e-08 1e-08 0 1.42308
1 1e-08 1e-08 1e-08 0 3.3
1 1e-08 1e-08 1e-08 0 3.3

5 28.3044 28.211 28.2297 0.0373643 3.35714
10 14.9977 1e-09 13.498 4.49932 3.3
1 96.4453 96.4453 96.4453 0 3.42308
7 20.743 1.42857e-09 11.7414 8.13763 3.3
8 1.89986 1.86012 10.0393 8.17361 3.40909
3 48.4002 13.4068 25.0713 16.4961 3.3
3 34.3591 3.33333e-09 22.9061 16.197 1.35714
1 44.4647 44.4647 44.4647 0 3.40909
4 4.42355 4.17699 9.93485 5.62748 3.38889
3 10.6738 10.6738 10.6738 0 0.8
2 15.9903 15.9903 15.9903 0 2.66667
2 14.253 14.253 14.253 0 0.8
2 28.4206 0.0278143 14.2242 14.1964 3.35714
2 10.5977 10.5796 10.5886 0.00908888 1.85714
2 10.5082 10.5082 10.5082 0 2.8
1 20.9359 20.9359 20.9359 0 2.85714
1 10.8882 10.8882 10.8882 0 2.66667
1 4.83452 4.83452 4.83452 0 0.666667
1 2.77684 2.77684 2.77684 0 2.66667
1 1.62369 1.62369 1.62369 0 3.8
1 1.34527 1.34527 1.34527 0 2.66667
1 1.22429 1.22429 1.22429 0 2.66667
1 1.22429 1.22429 1.22429 0 2.8
1 1.22429 1.22429 1.22429 0 2.66667
1 1.22429 1.22429 1.22429 0 2.66667
1 0.0637604 0.0637604 0.0637604 0 2.8
1 0.0566013 0.0566013 0.0566013 0 1.35714
1 0.0562204 0.0562204 0.0562204 0 0.666667
1 1e-08 1e-08 1e-08 0 3.38889
1 1e-08 1e-08 1e-08 0 0.666667
1 1e-08 1e-08 1e-08 0 0.8
1 1e-08 1e-08 1e-08 0 2.66667
1 1e-08 1e-08 1e-08 0 1.42308
1 1e-08 1e-08 1e-08 0 3.3
1 1e-08 1e-08 1e-08 0 1.35714

8 18.5237 18.1362 18.1907 0.126857 3.40909
1 145.201 145.201 145.201 0 3.3
2 69.4677 68.9203 69.194 0.273705 3.38889
3 48.6592 32.1222 43.1468 7.79559 3.40909
7 18.1501 5.02754 13.5848 6.18688 3.3
7 7.49886 7.49886 12.3322 4.83333 1.3
7 4.05344 4.05344 12.1649 8.11145 3.3
5 2.59254 2.47465 12.8308 10.3277 3.35714
4 25.7693 2.5e-09 12.8847 12.8847 1.35714
1 44.4647 44.4647 44.4647 0 3.40909
2 10.6738 10.6738 16.0107 5.33691 0.8
2 15.9903 15.9903 15.9903 0 2.66667
2 28.4206 0.120454 14.2705 14.1501 3.35714
2 14.253 14.253 14.253 0 0.8
1 10.5977 10.5977 21.1773 10.5796 1.85714
1 10.5082 10.5082 21.0164 10.5082 2.8
1 20.9359 20.9359 20.9359 0 2.85714
1 10.8882 10.8882 10.8882 0 2.66667
1 4.83452 4.83452 4.83452 0 0.666667
1 2.77684 2.77684 2.77684 0 2.66667
1 1.34527 1.34527 1.34527 0 2.66667
1 1.22429 1.22429 1.22429 0 2.66667
1 1.22429 1.22429 1.22429 0 2.8
1 1.22429 1.22429 1.22429 0 2.66667
1 1.22429 1.22429 1.22429 0 2.66667
1 1.04007 1.04007 1.04007 0 3.8
1 0.765723 0.765723 0.765723 0 1.35714
1 0.0637604 0.0637604 0.0637604 0 2.8
1 0.0562204 0.0562204 0.0562204 0 0.666667
1 1e-08 1e-08 1e-08 0 3.38889
1 1e-08 1e-08 1e-08 0 0.666667
1 5e-09 5e-09 1e-08 5e-09 1.3
1 1e-08 1e-08 1e-08 0 2.66667
1 1e-08 1e-08 1e-08 0 1.42308
1 1e-08 1e-08 1e-08 0 3.3
1 1e-08 1e-08 1e-08 0 3.35714

14 10.7127 10.7127 10.7127 1.77636e-15 1.3
5 28.3044 21.4129 25.6752 3.19046 2.85714
4 36.4944 2.5e-09 26.9306 15.565 3.40909
6 2.39015 2.34015 9.87838 7.52886 1.42308
4 25.7693 2.5e-09 12.8847 12.8847 1.35714
5 2.6889 2.6889 10.1109 7.42198 3.3
2 48.2093 5e-09 24.1046 24.1046 1.42308
1 44.4647 44.4647 44.4647 0 3.40909
2 16.0107 16.0107 16.0107 0 1.3
2 15.9903 15.9903 15.9903 0 2.66667
2 14.253 14.253 14.253 0 0.8
2 28.3623 0.0237232 14.193 14.1693 3.35714
1 21.1955 21.1955 21.1955 0 1.85714
1 21.0164 21.0164 21.0164 0 2.8
1 20.9359 20.9359 20.9359 0 2.85714
1 10.8882 10.8882 10.8882 0 2.66667
1 4.83452 4.83452 4.83452 0 0.666667
1 2.77684 2.77684 2.77684 0 2.66667
1 1.34527 1.34527 1.34527 0 2.66667
1 1.22429 1.22429 1.22429 0 2.66667
1 1.22429 1.22429 1.22429 0 2.8
1 1.22429 1.22429 1.22429 0 2.66667
1 1.22429 1.22429 1.22429 0 2.66667
1 1.04007 1.04007 1.04007 0 3.8
1 0.0637604 0.0637604 0.0637604 0 2.8
1 0.0566013 0.0566013 0.0566013 0 1.35714
1 0.0562204 0.0562204 0.0562204 0 0.666667
1 1e-08 1e-08 1e-08 0 3.38889
1 1e-08 1e-08 1e-08 0 0.666667
1 1e-08 1e-08 1e-08 0 0.8
1 1e-08 1e-08 1e-08 0 2.66667
1 1e-08 1e-08 1e-08 0 3.3
1 1e-08 1e-08 1e-08 0 3.35714

5 29.6379 29.0179 29.1419 0.248001 3.40909
6 24.3296 1.66667e-09 18.6894 8.85621 3.40909
5 29.0401 8.04406 20.6417 10.2859 3.3
11 2.27238 2.27238 8.61999 6.34761 1.3
8 2.7882 2.56304 9.083 6.41814 3.35714
4 25.7693 2.5e-09 12.8847 12.8847 3.35714
1 44.4647 44.4647 44.4647 0 3.40909
2 16.0107 16.0107 16.0107 0 1.3
2 15.9903 15.9903 15.9903 0 2.66667
2 28.4206 0.120454 14.2705 14.1501 3.35714
2 14.253 14.253 14.253 0 0.8
1 21.1955 21.1955 21.1955 0 1.85714
1 21.0164 21.0164 21.0164 0 2.8
1 20.9359 20.9359 20.9359 0 2.85714
1 10.8882 10.8882 10.8882 0 2.66667
1 4.83452 4.83452 4.83452 0 0.666667
1 2.77684 2.77684 2.77684 0 2.66667
1 1.34527 1.34527 1.34527 0 2.66667
1 1.22429 1.22429 1.22429 0 2.66667
1 1.22429 1.22429 1.22429 0 2.8
1 1.22429 1.22429 1.22429 0 2.66667
1 1.22429 1.22429 1.22429 0 2.66667
1 1.04007 1.04007 1.04007 0 3.8
1 0.765723 0.765723 0.765723 0 1.35714
1 0.0637604 0.0637604 0.0637604 0 2.8
1 0.0562204 0.0562204 0.0562204 0 0.666667
1 1e-08 1e-08 1e-08 0 3.38889
1 1e-08 1e-08 1e-08 0 0.666667
1 1e-08 1e-08 1e-08 0 0.8
1 1e-08 1e-08 1e-08 0 2.66667
1 1e-08 1e-08 1e-08 0 3.3
1 1e-08 1e-08 1e-08 0 3.35714
1 1e-08 1e-08 1e-08 0 3.42308

11 13.6343 13.6343 13.6343 5.32907e-15 1.3
8 17.6902 13.383 15.2309 1.83027 3.35714
5 29.0401 8.04406 20.6417 10.2859 3.3
10 2.2586 2.19832 7.89979 5.68101 3.42308
3 34.3591 3.33333e-09 22.9061 16.197 3.35714
7 3.35889 3.31766 8.05275 4.72718 3.43333
2 16.0107 16.0107 16.0107 0 1.3
2 15.9903 15.9903 15.9903 0 2.66667
2 28.3623 0.254682 14.3085 14.0538 3.35714
2 14.253 14.253 14.253 0 0.8
1 21.1955 21.1955 21.1955 0 1.85714
1 21.0164 21.0164 21.0164 0 2.8
1 20.9359 20.9359 20.9359 0 2.85714
1 10.8882 10.8882 10.8882 0 2.66667
1 4.83452 4.83452 4.83452 0 0.666667
1 2.77684 2.77684 2.77684 0 2.66667
1 1.62369 1.62369 1.62369 0 3.8
1 1.34527 1.34527 1.34527 0 2.66667
1 1.22429 1.22429 1.22429 0 2.66667
1 1.22429 1.22429 1.22429 0 2.66667
1 1.22429 1.22429 1.22429 0 2.8
1 1.22429 1.22429 1.22429 0 2.66667
1 0.0637604 0.0637604 0.0637604 0 2.8
1 0.0566013 0.0566013 0.0566013 0 1.35714
1 0.0562204 0.0562204 0.0562204 0 0.666667
1 1e-08 1e-08 1e-08 0 3.38889
1 1e-08 1e-08 1e-08 0 0.666667
1 1e-08 1e-08 1e-08 0 0.8
1 1e-08 1e-08 1e-08 0 2.66667
1 1e-08 1e-08 1e-08 0 3.3
1 1e-08 1e-08 1e-08 0 3.35714
1 1e-08 1e-08 1e-08 0 3.42308
1 1e-08 1e-08 1e-08 0 1.35714
1 1e-08 1e-08 1e-08 0 3.40909
1 1e-08 1e-08 1e-08 0 1.42308

7 21.113 20.8539 20.9037 0.0908654 1.42308
11 13.5516 9.09091e-10 12.0992 3.82871 3.42308
5 29.0401 8.04406 20.6417 10.2859 3.3
12 2.41899 2.41899 8.43738 6.01839 1.3
8 2.64398 2.51884 8.59214 6.02279 3.35714
3 34.3591 3.33333e-09 22.9061 16.197 3.35714
2 16.0107 16.0107 16.0107 0 1.3
2 15.9903 15.9903 15.9903 0 2.66667
2 28.4206 0.120454 14.2705 14.1501 3.35714
2 14.253 14.253 14.253 0 0.8
1 21.1955 21.1955 21.1955 0 1.85714
1 21.0164 21.0164 21.0164 0 2.8
1 20.9359 20.9359 20.9359 0 2.85714
1 10.8882 10.8882 10.8882 0 2.66667
1 4.83452 4.83452 4.83452 0 0.666667
1 2.77684 2.77684 2.77684 0 2.66667
1 1.34527 1.34527 1.34527 0 2.66667
1 1.22429 1.22429 1.22429 0 2.66667
1 1.22429 1.22429 1.22429 0 2.66667
1 1.22429 1.22429 1.22429 0 2.8
1 1.22429 1.22429 1.22429 0 2.66667
1 1.04007 1.04007 1.04007 0 3.8
1 0.0637604 0.0637604 0.0637604 0 2.8
1 0.0566013 0.0566013 0.0566013 0 1.35714
1 0.0562204 0.0562204 0.0562204 0 0.666667
1 1e-08 1e-08 1e-08 0 1.35714
1 1e-08 1e-08 1e-08 0 1.42308
1 1e-08 1e-08 1e-08 0 3.40909
1 1e-08 1e-08 1e-08 0 1.35714
1 1e-08 1e-08 1e-08 0 3.35714
1 1e-08 1e-08 1e-08 0 3.3
1 1e-08 1e-08 1e-08 0 2.66667
1 1e-08 1e-08 1e-08 0 0.8
1 1e-08 1e-08 1e-08 0 0.666667
1 1e-08 1e-08 1e-08 0 3.38889

12 12.4981 12.4981 12.4981 0 1.3
2 70.761 53.5322 62.1466 8.61439 3.35714
11 13.4602 3.65639 10.5384 3.72222 3.3
9 2.99201 2.91955 8.8049 5.87185 3.42308
3 34.3591 3.33333e-09 22.9061 16.197 1.35714
7 4.02886 3.92133 9.40586 5.4693 3.40909
3 6.52144 6.44301 10.6872 4.21817 3.42308
2 16.0107 16.0107 16.0107 0 1.3
2 15.9903 15.9903 15.9903 0 2.66667
2 14.253 14.253 14.253 0 0.8
2 28.3623 0.0278143 14.1951 14.1672 3.35714
2 20.5328 4.99435 12.7657 7.76925 3.40909
1 21.1955 21.1955 21.1955 0 1.85714
1 21.0164 21.0164 21.0164 0 2.8
1 20.9359 20.9359 20.9359 0 2.85714
1 10.8882 10.8882 10.8882 0 2.66667
1 4.83452 4.83452 4.83452 0 0.666667
1 2.77684 2.77684 2.77684 0 2.66667
1 1.34527 1.34527 1.34527 0 2.66667
1 1.22429 1.22429 1.22429 0 2.66667
1 1.22429 1.22429 1.22429 0 2.8
1 1.22429 1.22429 1.22429 0 2.66667
1 1.22429 1.22429 1.22429 0 2.66667
1 1.04007 1.04007 1.04007 0 3.8
1 0.765723 0.765723 0.765723 0 1.35714
1 0.0637604 0.0637604 0.0637604 0 2.8
1 0.0562204 0.0562204 0.0562204 0 0.666667
1 1e-08 1e-08 1e-08 0 3.43333
1 1e-08 1e-08 1e-08 0 3.40909
1 1e-08 1e-08 1e-08 0 3.38889
1 1e-08 1e-08 1e-08 0 0.666667
1 1e-08 1e-08 1e-08 0 0.8
1 1e-08 1e-08 1e-08 0 2.66667
1 1e-08 1e-08 1e-08 0 3.3
1 1e-08 1e-08 1e-08 0 3.35714
1 1e-08 1e-08 1e-08 0 1.35714
1 1e-08 1e-08 1e-08 0 3.40909
1 1e-08 1e-08 1e-08 0 1.35714

9 16.6223 16.2197 16.2949 0.131911 3.40909
11 13.6357 9.09091e-10 12.1155 3.83482 3.42308
5 29.0401 8.04406 20.6417 10.2859 3.3
11 2.63118 2.63118 8.93805 6.30687 1.3
7 2.38811 2.05771 9.25456 6.9553 2.85714
3 47.9035 3.33333e-09 19.8521 20.3978 3.40909
4 25.7693 2.5e-09 12.8847 12.8847 1.35714
2 16.0107 16.0107 16.0107 0 0.8
2 15.9903 15.9903 15.9903 0 2.66667
2 14.253 14.253 14.253 0 0.8
2 28.3623 0.0237232 14.193 14.1693 3.35714
1 21.1955 21.1955 21.1955 0 1.85714
1 21.0164 21.0164 21.0164 0 2.8
1 20.9359 20.9359 20.9359 0 2.85714
1 10.8882 10.8882 10.8882 0 2.66667
1 4.83452 4.83452 4.83452 0 0.666667
1 2.77684 2.77684 2.77684 0 2.66667
1 1.62369 1.62369 1.62369 0 3.8
1 1.34527 1.34527 1.34527 0 2.66667
1 1.22429 1.22429 1.22429 0 2.66667
1 1.22429 1.22429 1.22429 0 2.8
1 1.22429 1.22429 1.22429 0 2.66667
1 1.22429 1.22429 1.22429 0 2.66667
1 0.0637604 0.0637604 0.0637604 0 2.8
1 0.0566013 0.0566013 0.0566013 0 1.35714
1 0.0562204 0.0562204 0.0562204 0 0.666667
1 1e-08 1e-08 1e-08 0 3.3
1 1e-08 1e-08 1e-08 0 1.35714
1 1e-08 1e-08 1e-08 0 3.40909
1 1e-08 1e-08 1e-08 0 3.35714
1 1e-08 1e-08 1e-08 0 3.3
1 1e-08 1e-08 1e-08 0 2.66667
1 1e-08 1e-08 1e-08 0 0.8
1 1e-08 1e-08 1e-08 0 0.666667
1 1e-08 1e-08 1e-08 0 3.38889

11 13.6343 13.6343 13.6343 5.32907e-15 1.3
1 145.089 145.089 145.089 0 3.42308
1 139.944 139.944 139.944 0 1.43333
8 18.5075 1.25e-09 13.3627 5.40464 3.35714
3 48.4002 3.33333e-09 32.2668 22.8161 3.3
7 2.13715 2.09436 12.7605 10.6413 1.42308
6 2.99986 2.90179 13.224 10.2572 3.42308
3 48.4002 13.4068 25.0713 16.4961 3.3
4 25.7693 2.5e-09 12.8847 12.8847 3.35714
2 16.0107 16.0107 16.0107 0 1.3
2 15.9903 15.9903 15.9903 0 2.66667
2 28.4206 0.120454 14.2705 14.1501 3.35714
2 14.253 14.253 14.253 0 0.8
1 21.1955 21.1955 21.1955 0 1.85714
1 21.0164 21.0164 21.0164 0 2.8
1 20.9359 20.9359 20.9359 0 2.85714
1 10.8882 10.8882 10.8882 0 2.66667
1 4.83452 4.83452 4.83452 0 0.666667
1 2.77684 2.77684 2.77684 0 2.66667
1 1.34527 1.34527 1.34527 0 2.66667
1 1.22429 1.22429 1.22429 0 2.66667
1 1.22429 1.22429 1.22429 0 2.66667
1 1.22429 1.22429 1.22429 0 2.8
1 1.22429 1.22429 1.22429 0 2.66667
1 1.04007 1.04007 1.04007 0 3.8
1 0.765723 0.765723 0.765723 0 1.35714
1 0.0637604 0.0637604 0.0637604 0 2.8
1 0.0562204 0.0562204 0.0562204 0 0.666667
1 1e-08 1e-08 1e-08 0 3.3
1 1e-08 1e-08 1e-08 0 1.35714
1 1e-08 1e-08 1e-08 0 3.35714
1 1e-08 1e-08 1e-08 0 3.3
1 1e-08 1e-08 1e-08 0 2.66667
1 1e-08 1e-08 1e-08 0 0.8
1 1e-08 1e-08 1e-08 0 0.666667
1 1e-08 1e-08 1e-08 0 3.43333

6 24.9334 23.3239 24.5763 0.572971 1.43333
2 73.3024 73.3024 73.3024 0 3.40909
7 21.1555 15.8169 19.1155 2.29286 2.85714
5 29.0401 8.04406 20.6417 10.2859 3.3
9 2.41899 2.41899 10.3062 7.88722 1.35714
3 34.3591 3.33333e-09 22.9061 16.197 3.35714
6 2.77765 2.74425 11.0814 8.31899 3.42308
2 16.0107 16.0107 16.0107 0 1.3
2 15.9903 15.9903 15.9903 0 2.66667
2 28.4206 0.254682 14.3376 14.0829 3.35714
2 14.253 14.253 14.253 0 0.8
1 21.1955 21.1955 21.1955 0 1.85714
1 21.0164 21.0164 21.0164 0 2.8
1 20.9359 20.9359 20.9359 0 2.85714
1 10.8882 10.8882 10.8882 0 2.66667
1 4.83452 4.83452 4.83452 0 0.666667
1 2.77684 2.77684 2.77684 0 2.66667
1 1.62369 1.62369 1.62369 0 3.8
1 1.34527 1.34527 1.34527 0 2.66667
1 1.22429 1.22429 1.22429 0 2.66667
1 1.22429 1.22429 1.22429 0 2.8
1 1.22429 1.22429 1.22429 0 2.66667
1 1.22429 1.22429 1.22429 0 2.66667
1 0.0637604 0.0637604 0.0637604 0 2.8
1 0.0566013 0.0566013 0.0566013 0 1.35714
1 0.0562204 0.0562204 0.0562204 0 0.666667
1 1e-08 1e-08 1e-08 0 1.35714
1 1e-08 1e-08 1e-08 0 1.3
1 1e-08 1e-08 1e-08 0 1.35714
1 1e-08 1e-08 1e-08 0 3.40909
1 1e-08 1e-08 1e-08 0 3.38889
1 1e-08 1e-08 1e-08 0 3.43333
1 1e-08 1e-08 1e-08 0 0.666667
1 1e-08 1e-08 1e-08 0 0.8
1 1e-08 1e-08 1e-08 0 2.66667
1 1e-08 1e-08 1e-08 0 3.3
1 1e-08 1e-08 1e-08 0 3.35714
1 1e-08 1e-08 1e-08 0 1.35714
1 1e-08 1e-08 1e-08 0 3.3

9 16.6641 16.6641 16.6641 0 1.3
5 29.9046 29.6379 29.8012 0.0918649 3.42308
7 21.1514 15.2949 18.2841 2.46581 3.35714
3 48.4002 3.33333e-09 32.2668 22.8161 3.3
7 3.00031 2.99194 11.7759 8.77869 3.40909
7 2.5356 2.5356 11.3327 8.7971 3.40909
3 48.4002 13.4068 25.0713 16.4961 3.3
2 74.9966 5e-09 37.4983 37.4983 3.43333
3 34.3591 3.33333e-09 22.9061 16.197 1.35714
2 16.0107 16.0107 16.0107 0 1.3
2 15.9903 15.9903 15.9903 0 2.66667
2 28.4206 0.254682 14.3376 14.0829 3.35714
2 14.253 14.253 14.253 0 0.8
1 21.1955 21.1955 21.1955 0 1.85714
1 21.0164 21.0164 21.0164 0 2.8
1 20.9359 20.9359 20.9359 0 2.85714
1 10.8882 10.8882 10.8882 0 2.66667
1 4.83452 4.83452 4.83452 0 0.666667
1 2.77684 2.77684 2.77684 0 2.66667
1 1.34527 1.34527 1.34527 0 2.66667
1 1.22429 1.22429 1.22429 0 2.66667
1 1.22429 1.22429 1.22429 0 2.8
1 1.22429 1.22429 1.22429 0 2.66667
1 1.22429 1.22429 1.22429 0 2.66667
1 1.04007 1.04007 1.04007 0 3.8
1 0.0637604 0.0637604 0.0637604 0 2.8
1 0.0566013 0.0566013 0.0566013 0 1.35714
1 0.0562204 0.0562204 0.0562204 0 0.666667
1 1e-08 1e-08 1e-08 0 1.35714
1 1e-08 1e-08 1e-08 0 1.3
1 1e-08 1e-08 1e-08 0 1.35714
1 1e-08 1e-08 1e-08 0 3.38889
1 1e-08 1e-08 1e-08 0 0.666667
1 1e-08 1e-08 1e-08 0 0.8
1 1e-08 1e-08 1e-08 0 2.66667
1 1e-08 1e-08 1e-08 0 3.3
1 1e-08 1e-08 1e-08 0 3.35714
1 1e-08 1e-08 1e-08 0 1.35714
1 1e-08 1e-08 1e-08 0 3.3

15 9.97335 6.66667e-10 9.21267 2.46422 3.40909
7 21.1514 8.79025 18.1223 4.23888 3.35714
11 3.12453 3.12453 9.35083 6.2263 1.3
9 16.5206 1.11111e-09 9.79913 7.22486 3.42308
5 29.0401 8.04406 16.4425 10.2859 3.3
8 2.72715 2.71032 9.32834 6.61263 3.42308
4 25.7693 2.5e-09 12.8847 12.8847 3.35714
2 16.0107 16.0107 16.0107 0 1.3
2 15.9903 15.9903 15.9903 0 2.66667
2 28.4206 0.120454 14.2705 14.1501 3.35714
2 14.253 14.253 14.253 0 0.8
1 21.1955 21.1955 21.1955 0 1.85714
1 21.0164 21.0164 21.0164 0 2.8
1 20.9359 20.9359 20.9359 0 2.85714
1 10.8882 10.8882 10.8882 0 2.66667
1 9.40223 9.40223 9.40223 7.5e-09 3.42308
1 4.83452 4.83452 4.83452 0 0.666667
1 2.77684 2.77684 2.77684 0 2.66667
1 1.34527 1.34527 1.34527 0 2.66667
1 1.22429 1.22429 1.22429 0 2.66667
1 1.22429 1.22429 1.22429 0 2.66667
1 1.22429 1.22429 1.22429 0 2.8
1 1.22429 1.22429 1.22429 0 2.66667
1 1.04007 1.04007 1.04007 0 3.8
1 0.0637604 0.0637604 0.0637604 0 2.8
1 0.0566013 0.0566013 0.0566013 0 1.35714
1 0.0562204 0.0562204 0.0562204 0 0.666667
1 1e-08 1e-08 1e-08 0 1.35714
1 1e-08 1e-08 1e-08 0 1.3
1 1e-08 1e-08 1e-08 0 3.38889
1 1e-08 1e-08 1e-08 0 0.666667
1 1e-08 1e-08 1e-08 0 0.8
1 1e-08 1e-08 1e-08 0 2.66667
1 1e-08 1e-08 1e-08 0 3.3
1 1e-08 1e-08 1e-08 0 3.35714
1 1e-08 1e-08 1e-08 0 1.35714
1 1e-08 1e-08 1e-08 0 3.3

11 13.6343 13.6343 13.6343 5.32907e-15 1.3
2 74.6677 74.6677 74.6677 0 3.42308
11 9.37457 6.39983 9.8158 1.13919 3.42308
10 2.45458 2.45246 9.77333 7.32065 3.40909
3 48.4002 13.4068 25.0713 16.4961 3.3
3 34.3591 3.33333e-09 22.9061 16.197 1.35714
6 2.69252 2.61834 9.87533 7.20961 2.85714
5 24.2001 1.66667e-09 9.68005 11.8556 3.3
2 16.0107 16.0107 16.0107 0 0.8
2 15.9903 15.9903 15.9903 0 2.66667
2 28.3623 0.254682 14.3085 14.0538 3.35714
2 14.253 14.253 14.253 0 0.8
1 21.1955 21.1955 21.1955 0 1.85714
1 21.0164 21.0164 21.0164 0 2.8
1 20.9359 20.9359 20.9359 0 2.85714
1 10.8882 10.8882 10.8882 0 2.66667
1 4.83452 4.83452 4.83452 0 0.666667
1 2.77684 2.77684 2.77684 0 2.66667
1 1.34527 1.34527 1.34527 0 2.66667
1 1.22429 1.22429 1.22429 0 2.66667
1 1.22429 1.22429 1.22429 0 2.8
1 1.22429 1.22429 1.22429 0 2.66667
1 1.22429 1.22429 1.22429 0 2.66667
1 1.04007 1.04007 1.04007 0 3.8
1 0.765723 0.765723 0.765723 0 1.35714
1 0.0637604 0.0637604 0.0637604 0 2.8
1 0.0562204 0.0562204 0.0562204 0 0.666667
1 1e-08 1e-08 1e-08 0 3.40909
1 1e-08 1e-08 1e-08 0 1.42308
1 1e-08 1e-08 1e-08 0 1.35714
1 1e-08 1e-08 1e-08 0 3.3
1 1e-08 1e-08 1e-08 0 1.35714
1 1e-08 1e-08 1e-08 0 3.35714
1 1e-08 1e-08 1e-08 0 3.3
1 1e-08 1e-08 1e-08 0 2.66667
1 1e-08 1e-08 1e-08 0 0.8
1 1e-08 1e-08 1e-08 0 0.666667
1 1e-08 1e-08 1e-08 0 3.38889
1 1e-08 1e-08 1e-08 0 1.3
1 1e-08 1e-08 1e-08 0 1.35714

10 14.9801 14.96 14.962 0.0060164 1.42308
5 29.7371 20.4794 27.8104 3.66593 3.42308
6 24.6814 13.151 20.3672 4.38251 3.38889
11 2.54199 2.54199 9.9322 7.39021 1.3
5 29.0401 8.04406 20.6417 10.2859 3.3
7 2.49989 2.49019 10.7772 8.28421 3.42308
4 25.7693 2.5e-09 12.8847 12.8847 1.35714
2 16.0107 16.0107 16.0107 0 0.8
2 15.9903 15.9903 15.9903 0 2.66667
2 28.4206 0.254682 14.3376 14.0829 3.35714
2 14.253 14.253 14.253 0 0.8
1 21.1955 21.1955 21.1955 0 1.85714
1 21.0164 21.0164 21.0164 0 2.8
1 20.9359 20.9359 20.9359 0 2.85714
1 10.8882 10.8882 10.8882 0 2.66667
1 4.83452 4.83452 4.83452 0 0.666667
1 2.77684 2.77684 2.77684 0 2.66667
1 1.62369 1.62369 1.62369 0 3.8
1 1.34527 1.34527 1.34527 0 2.66667
1 1.22429 1.22429 1.22429 0 2.66667
1 1.22429 1.22429 1.22429 0 2.66667
1 1.22429 1.22429 1.22429 0 2.8
1 1.22429 1.22429 1.22429 0 2.66667
1 0.0637604 0.0637604 0.0637604 0 2.8
1 0.0566013 0.0566013 0.0566013 0 1.35714
1 0.0562204 0.0562204 0.0562204 0 0.666667
1 1e-08 1e-08 1e-08 0 1.35714
1 1e-08 1e-08 1e-08 0 1.3
1 1e-08 1e-08 1e-08 0 3.38889
1 1e-08 1e-08 1e-08 0 0.666667
1 1e-08 1e-08 1e-08 0 0.8
1 1e-08 1e-08 1e-08 0 2.66667
1 1e-08 1e-08 1e-08 0 3.3
1 1e-08 1e-08 1e-08 0 3.35714
1 1e-08 1e-08 1e-08 0 1.35714
1 1e-08 1e-08 1e-08 0 3.3
1 1e-08 1e-08 1e-08 0 1.42308
1 1e-08 1e-08 1e-08 0 3.40909
1 3.33333e-09 3.33333e-09 1e-08 6.66667e-09 3.40909

11 13.6343 13.6343 13.6343 5.32907e-15 1.3
4 37.4001 37.3529 37.376 0.0222258 3.42308
6 24.6814 13.151 20.3672 4.38251 2.85714
5 29.0401 8.04406 20.6417 10.2859 3.3
10 2.63076 2.62457 9.57484 6.9493 1.42308
6 2.41924 2.39815 10.6073 8.19865 3.42308
4 25.7693 2.5e-09 12.8847 12.8847 1.35714
2 16.0107 16.0107 16.0107 0 1.3
2 15.9903 15.9903 15.9903 0 2.66667
2 14.253 14.253 14.253 0 0.8
2 28.3623 0.0278143 14.1951 14.1672 3.35714
1 21.1955 21.1955 21.1955 0 1.85714
1 21.0164 21.0164 21.0164 0 2.8
1 20.9359 20.9359 20.9359 0 2.85714
1 10.8882 10.8882 10.8882 0 2.66667
1 4.83452 4.83452 4.83452 0 0.666667
1 2.77684 2.77684 2.77684 0 2.66667
1 1.62369 1.62369 1.62369 0 3.8
1 1.34527 1.34527 1.34527 0 2.66667
1 1.22429 1.22429 1.22429 0 2.66667
1 1.22429 1.22429 1.22429 0 2.66667
1 1.22429 1.22429 1.22429 0 2.8
1 1.22429 1.22429 1.22429 0 2.66667
1 0.0637604 0.0637604 0.0637604 0 2.8
1 0.0566013 0.0566013 0.0566013 0 1.35714
1 0.0562204 0.0562204 0.0562204 0 0.666667
1 5e-09 5e-09 1e-08 5e-09 3.40909
1 1e-08 1e-08 1e-08 0 3.3
1 1e-08 1e-08 1e-08 0 1.35714
1 1e-08 1e-08 1e-08 0 3.35714
1 1e-08 1e-08 1e-08 0 3.3
1 1e-08 1e-08 1e-08 0 2.66667
1 1e-08 1e-08 1e-08 0 0.8
1 1e-08 1e-08 1e-08 0 0.666667
1 1e-08 1e-08 1e-08 0 3.38889
1 1e-08 1e-08 1e-08 0 1.3
1 1e-08 1e-08 1e-08 0 1.35714

10 14.9996 14.96 14.9653 0.0120669 1.42308
3 49.8739 49.5618 49.6658 0.147145 3.42308
6 24.6771 10.2553 20.3364 6.16161 2.85714
5 29.0401 8.04406 20.6417 10.2859 3.3
10 2.72686 2.72686 10.1501 7.42325 1.3
7 2.38084 2.37461 10.6473 8.27164 3.42308
4 25.7693 2.5e-09 12.8847 12.8847 1.35714
2 16.0107 16.0107 16.0107 0 1.3
2 15.9903 15.9903 15.9903 0 2.66667
2 14.253 14.253 14.253 0 0.8
2 28.3623 0.0278143 14.1951 14.1672 3.35714
1 21.1955 21.1955 21.1955 0 1.85714
1 21.0164 21.0164 21.0164 0 2.8
1 20.9359 20.9359 20.9359 0 2.85714
1 10.8882 10.8882 10.8882 0 2.66667
1 4.83452 4.83452 4.83452 0 0.666667
1 2.77684 2.77684 2.77684 0 2.66667
1 1.62369 1.62369 1.62369 0 3.8
1 1.34527 1.34527 1.34527 0 2.66667
1 1.22429 1.22429 1.22429 0 2.66667
1 1.22429 1.22429 1.22429 0 2.66667
1 1.22429 1.22429 1.22429 0 2.8
1 1.22429 1.22429 1.22429 0 2.66667
1 0.0637604 0.0637604 0.0637604 0 2.8
1 0.0566013 0.0566013 0.0566013 0 1.35714
1 0.0562204 0.0562204 0.0562204 0 0.666667
1 1e-08 1e-08 1e-08 0 1.35714
1 1e-08 1e-08 1e-08 0 1.3
1 1e-08 1e-08 1e-08 0 3.38889
1 1e-08 1e-08 1e-08 0 0.666667
1 1e-08 1e-08 1e-08 0 0.8
1 1e-08 1e-08 1e-08 0 2.66667
1 1e-08 1e-08 1e-08 0 3.3
1 1e-08 1e-08 1e-08 0 3.35714
1 1e-08 1e-08 1e-08 0 1.35714
1 1e-08 1e-08 1e-08 0 3.3
1 1e-08 1e-08 1e-08 0 3.40909

