1 0.0522538 0.0522538 0.0522538 0 2
1 1e-08 1e-08 1e-08 0 0
1 1e-08 1e-08 1e-08 0 2
1 1e-08 1e-08 1e-08 0 2
1 1e-08 1e-08 1e-08 0 2

87 0.0140708 0.000235956 0.0016815 0.00366493 2
1 2.5e-09 2.5e-09 1e-08 7.5e-09 2
1 2e-09 2e-09 1e-08 8e-09 2
1 1e-08 1e-08 1e-08 0 2
1 1.25e-09 1.25e-09 1e-08 8.75e-09 0

99 0.00676332 0.000288695 0.00208844 0.00278316 2
1 3.33333e-09 3.33333e-09 1e-08 6.66667e-09 2
1 2.5e-09 2.5e-09 1e-08 7.5e-09 2

1 1.22416 1.22416 1.22416 0 3.16667
2 0.61205 5e-09 0.306025 0.306025 0
14 0.0231569 0.00644295 0.0263472 0.0191992 2
4 0.30604 2.5e-09 0.07651 0.132519 2.66667
1 0.0522743 0.0522743 0.0522743 0 3.3
1 5e-09 5e-09 1e-08 5e-09 2
1 1e-08 1e-08 1e-08 0 2

25 0.175992 0.00209091 0.0516284 0.0404392 2.66667
2 0.61208 0.61208 0.61208 0 2.66667
25 0.0247923 0.0222575 0.0420214 0.0196688 3.16667
11 0.0422103 0.0422102 0.0440084 0.00179811 0.666667
1 0.0522743 0.0522743 0.0522743 0 3.3
1 0.048213 0.048213 0.048213 0 1.3
1 0.0101846 0.0101846 0.0101846 5e-09 2.66667
1 2.5e-09 2.5e-09 1e-08 7.5e-09 2.66667
1 5e-09 5e-09 1e-08 5e-09 2
1 1e-08 1e-08 1e-08 0 1.16667
1 1e-08 1e-08 1e-08 0 3.3
1 1e-08 1e-08 1e-08 0 2.5

6 0.733302 1.66667e-09 0.611085 0.273285 2.66667
13 1.83915 0.0313887 0.215534 0.483606 2.66667
7 0.302221 0.0235416 0.21104 0.164254 3.16667
1 1.22416 1.22416 1.22416 0 2.66667
4 0.30604 0.30604 0.30604 0 2.66667
4 0.30604 0.30604 0.30604 0 0.666667
3 0.408054 0.408054 0.408054 0 2.66667
6 0.0941615 0.0941615 0.204016 0.109855 0.666667
5 0.0941662 0.0941662 0.208596 0.11443 2.66667
5 0.370891 0.122416 0.200778 0.102672 2.66667
4 0.17488 0.17488 0.220467 0.045587 2.66667
3 0.408054 0.0174249 0.277844 0.184144 2.66667
4 0.30604 0.0130686 0.20223 0.120079 2.66667
2 0.61208 5e-09 0.30604 0.30604 2.66667
2 0.61208 5e-09 0.30604 0.30604 2.66667
1 0.0261373 0.0261373 0.0522747 0.0261373 2.8
1 0.0522743 0.0522743 0.0522743 0 3.3
1 0.048213 0.048213 0.048213 0 1.3
1 1e-08 1e-08 1e-08 0 2.5
1 1e-08 1e-08 1e-08 0 3.3
1 1e-08 1e-08 1e-08 0 1.16667
1 1e-08 1e-08 1e-08 0 2.66667

9 1.74616 1.11111e-09 0.57125 0.536192 3.16667
14 2.65655 0.0453393 0.265087 0.673067 2.66667
9 0.175992 0.175992 0.277024 0.101031 2.66667
5 0.309076 0.102013 0.261681 0.142458 2.66667
4 0.17488 0.17488 0.30604 0.13116 0.666667
4 0.204027 0.204027 0.30604 0.102013 2.66667
4 0.122416 0.122416 0.30604 0.183624 2.66667
4 0.136018 0.136018 0.30604 0.170022 2.66667
4 0.0766731 0.0765062 0.287707 0.211156 0.666667
4 0.102013 0.102013 0.280537 0.178523 2.66667
4 0.0942099 0.0941662 0.272415 0.178238 2.66667
4 0.272716 0.244841 0.268158 0.0123084 1.16667
3 0.244844 0.244844 0.326459 0.0816148 3.16667
3 0.408054 0.0174249 0.277844 0.184144 2.8
3 0.30604 0.183771 0.26964 0.0578024 2.66667
2 0.61208 5e-09 0.30604 0.30604 2.66667
1 0.113348 0.113348 0.113348 0 2.66667
1 0.0522747 0.0522747 0.0522747 0 2.8
1 0.0522743 0.0522743 0.0522743 0 3.3
1 1e-08 1e-08 1e-08 0 2.66667
1 1e-08 1e-08 1e-08 0 3.16667
1 1e-08 1e-08 1e-08 0 2.66667
1 1e-08 1e-08 1e-08 0 1.16667
1 1e-08 1e-08 1e-08 0 2.66667
1 1e-08 1e-08 1e-08 0 1.16667
1 1e-08 1e-08 1e-08 0 2.5
1 1e-08 1e-08 1e-08 0 2

18 2.29045 0.0360047 0.29494 0.680654 3.16667
18 0.604441 0.0519493 0.293336 0.171362 3.16667
14 0.219991 0.219991 0.298559 0.0785681 2.66667
4 0.337174 0.116048 0.313714 0.171585 2.66667
4 0.157662 0.153026 0.307358 0.153029 0.8
4 0.107168 0.102013 0.307329 0.204039 2.66667
4 0.306182 0.30604 0.306076 6.14528e-05 2.66667
4 0.30604 0.30604 0.30604 0 2.66667
4 0.63855 0.111293 0.299676 0.234479 3.16667
3 0.136018 0.136018 0.362714 0.226696 0.666667
3 0.408054 0.245029 0.353712 0.0768507 2.66667
3 0.0886366 0.0874401 0.351404 0.263565 2.66667
2 0.408054 0.408054 0.416766 0.00871245 2.66667
2 0.17488 0.17488 0.357228 0.182348 2.66667
2 0.61208 5e-09 0.30604 0.30604 2.66667
1 0.244832 0.244832 0.263953 0.0191209 3.3
1 0.113348 0.113348 0.113348 0 2.66667
1 0.0834982 0.0834982 0.0834982 0 2.8
1 0.0522747 0.0522747 0.0522747 0 2.8
1 0.0522747 0.0522747 0.0522747 0 3.3
1 0.0522743 0.0522743 0.0522743 0 3.3
1 0.00509896 0.00509896 0.00509896 0 0.8
1 1e-08 1e-08 1e-08 0 2.66667
1 3.33333e-09 3.33333e-09 1e-08 6.66667e-09 2.66667
1 1e-08 1e-08 1e-08 0 2.66667
1 1e-08 1e-08 1e-08 0 1.16667
1 1e-08 1e-08 1e-08 0 2.66667

6 12.9792 0.203954 4.48429 6.007 2.66667
6 11.6207 0.166482 2.17394 4.2275 2.66667
7 0.365476 0.163416 0.790109 0.520915 3.16667
7 2.10961 0.0360052 0.756742 0.941833 2.66667
5 0.129406 0.129406 0.729785 0.600379 2.66667
1 1.24091 1.24091 1.24091 0 2.66667
1 0.160752 0.160752 1.23189 1.07114 2.66667
1 0.102061 0.102061 1.22426 1.12219 2.66667
1 0.61208 0.61208 1.22416 0.61208 2.66667
1 0.61208 0.61208 1.22416 0.61208 2.66667
1 0.61208 0.61208 1.22416 0.61208 2.66667
1 0.30604 0.30604 1.22416 0.918121 2.66667
1 1.14573 1.14573 1.14573 0 3.16667
1 0.114614 0.114614 1.11051 0.995897 0.8
1 0.408054 0.408054 1.06114 0.653082 2.66667
1 0.17488 0.17488 1.04928 0.874401 2.66667
1 0.421619 0.421619 0.843238 0.421619 3.16667
1 0.61208 0.61208 0.61208 5e-09 2.66667
1 0.113348 0.113348 0.113348 0 2.66667
1 0.0842142 0.0842142 0.0842142 0 2.66667
1 0.0834982 0.0834982 0.0834982 0 2.8
1 0.0812821 0.0812821 0.0812821 0 2.8
1 0.0522747 0.0522747 0.0522747 0 2.8
1 0.0522743 0.0522743 0.0522743 0 3.3
1 0.013884 0.013884 0.014407 0.000522937 2.66667
1 0.000158434 0.000158434 0.000158434 0 0.8
1 1e-08 1e-08 1e-08 0 1.16667
1 1e-08 1e-08 1e-08 0 2.66667
1 1e-08 1e-08 1e-08 0 2.66667
1 1e-08 1e-08 1e-08 0 2.66667
1 1e-08 1e-08 1e-08 0 2.8
1 1e-08 1e-08 1e-08 0 2.8
1 1e-08 1e-08 1e-08 0 2.66667
1 1e-08 1e-08 1e-08 0 2.66667
1 1e-08 1e-08 1e-08 0 3.3
1 1e-08 1e-08 1e-08 0 3.8

36 1.0816 0.0209961 0.552208 0.517564 2.66667
16 0.982217 6.25e-10 0.661082 0.343694 3.16667
15 2.32414 0.0425511 0.556368 0.896475 2.66667
7 0.488868 0.488868 0.558877 0.0700087 2.66667
1 1.26486 1.26486 1.26486 0 3.16667
2 0.620456 0.61208 0.616268 0.00418791 2.66667
1 1.22416 1.22416 1.22416 0 2.66667
1 1.22416 1.22416 1.22416 0 2.66667
1 1.22416 1.22416 1.22416 0 2.66667
1 1.22416 1.22416 1.22416 0 2.66667
1 1.22416 1.22416 1.22416 0 2.66667
1 1.14573 1.14573 1.14573 0 3.16667
1 0.643009 0.643009 0.685116 0.0421071 2.66667
1 0.612364 0.612364 0.612364 5e-09 2.66667
1 0.61208 0.61208 0.61208 5e-09 2.66667
1 0.210821 0.210821 0.210821 0 2.8
1 0.113348 0.113348 0.113348 0 2.66667
1 0.0834982 0.0834982 0.0834982 0 2.8
1 0.0522743 0.0522743 0.0522743 0 3.3
1 0.0522538 0.0522538 0.0522538 0 2.66667
1 0.0277681 0.0277681 0.0277681 0 3.16667
1 0.00631468 0.00631468 0.00631468 0 2.66667
1 0.000158434 0.000158434 0.000158434 0 0.8
1 1e-08 1e-08 1e-08 0 2.66667
1 1e-08 1e-08 1e-08 0 3.8
1 1e-08 1e-08 1e-08 0 3.3
1 1e-08 1e-08 1e-08 0 2.66667
1 1e-08 1e-08 1e-08 0 2.8
1 1e-08 1e-08 1e-08 0 2.8
1 1e-08 1e-08 1e-08 0 2.66667

51 1.61725 0.0232714 0.833633 0.496819 2.66667
16 2.24917 0.0419548 0.876061 0.982566 2.8
12 0.523849 0.523849 0.843735 0.319886 3.16667
5 0.399983 0.399983 0.879962 0.479979 2.66667
1 0.515495 0.515495 1.3316 0.816107 2.66667
1 0.643009 0.643009 1.28602 0.643009 2.66667
1 0.413637 0.413637 1.23533 0.821691 2.66667
1 0.612364 0.612364 1.22473 0.612364 2.66667
1 0.61208 0.61208 1.22416 0.61208 2.66667
1 0.30604 0.30604 1.22416 0.918121 2.66667
1 0.61208 0.61208 1.22416 0.61208 2.66667
1 1.22416 1.22416 1.22416 0 2.66667
1 0.158107 0.158107 0.637908 0.479801 3.16667
1 0.30604 0.30604 0.625149 0.319109 2.8
1 0.38191 0.38191 0.3957 0.0137907 3.16667
1 0.210821 0.210821 0.210821 0 2.8
1 0.113348 0.113348 0.113348 0 2.66667
1 0.0834982 0.0834982 0.0834982 0 2.8
1 0.0522743 0.0522743 0.0522743 0 3.3
1 0.0522538 0.0522538 0.0522538 0 2.66667
1 0.0261382 0.0261382 0.0458265 0.0196883 2.8

39 1.02779 0.727806 1.24823 0.510512 3.16667
19 2.6817 0.14265 1.23132 1.22926 2.66667
5 7.95099 2e-09 3.33084 3.78191 2.66667
11 0.582055 0.582055 1.27022 0.688165 3.16667
3 0.439981 0.439981 1.4666 1.02662 2.66667
1 1.54648 1.54648 1.54648 0 2.66667
1 1.28602 1.28602 1.28602 0 2.66667
1 1.26486 1.26486 1.26486 0 3.16667
1 1.24091 1.24091 1.24091 0 2.66667
1 1.22473 1.22473 1.22473 0 2.66667
1 1.22416 1.22416 1.22416 0 2.66667
1 1.22416 1.22416 1.22416 0 2.66667
1 1.22416 1.22416 1.22416 0 2.66667
1 1.22416 1.22416 1.22416 0 2.66667
1 1.22416 1.22416 1.22416 0 2.66667
1 1.14573 1.14573 1.14573 0 3.16667
1 0.298892 0.298892 0.298892 5e-09 2.66667
1 0.210821 0.210821 0.210821 0 2.8
1 0.113348 0.113348 0.113348 0 2.66667
1 0.0834982 0.0834982 0.0834982 0 2.8
1 0.0533981 0.0533981 0.0533981 0 0.8
1 0.0522743 0.0522743 0.0522743 0 3.3
1 0.0261382 0.0261382 0.0451478 0.0190097 2.8
1 0.0261349 0.0261349 0.0261349 5e-09 2.66667
1 0.0143223 0.0143223 0.0143223 5e-09 3.16667
1 1e-08 1e-08 1e-08 0 2.8
1 1e-08 1e-08 1e-08 0 2.66667

54 1.2085 0.855772 1.31359 0.440471 2.66667
20 1.32006 0.673813 1.36468 0.319478 2.66667
10 1.0477 1.0477 1.36236 0.314658 3.16667
3 1.4666 1.4666 1.4666 0 3.16667
1 1.54648 1.54648 1.54648 0 2.66667
1 1.28602 1.28602 1.28602 0 2.66667
1 1.26486 1.26486 1.26486 0 3.16667
1 1.24091 1.24091 1.24091 0 2.66667
1 1.22473 1.22473 1.22473 0 2.66667
1 1.22416 1.22416 1.22416 0 2.66667
1 1.22416 1.22416 1.22416 0 2.66667
1 1.22416 1.22416 1.22416 0 2.66667
1 1.22416 1.22416 1.22416 0 2.66667
1 1.22416 1.22416 1.22416 0 2.66667
1 1.14573 1.14573 1.14573 0 3.16667
1 0.597784 0.597784 0.597784 0 2.66667
1 0.210821 0.210821 0.210821 0 2.8
1 0.113348 0.113348 0.113348 0 2.66667

19 1.03748 0.734672 3.99804 3.16894 3.16667
1 71.6588 71.6588 71.6588 0 2.66667
8 10.8902 1.25e-09 8.02469 4.64449 2.66667
15 1.81125 1.6215 4.00357 2.3699 2.66667
2 35.8634 0.0259883 17.9447 17.9187 2.8
4 9.93874 0.00779319 7.456 4.30022 2.66667
6 12.9792 0.00392786 4.15878 5.88212 2.8
3 1.57155 1.57155 5.23849 3.66694 3.16667
1 1.4666 1.4666 4.39981 2.93321 2.66667
1 1.54648 1.54648 1.54648 0 2.66667
1 1.28602 1.28602 1.28602 0 2.66667
1 1.26486 1.26486 1.26486 0 3.16667
1 1.24091 1.24091 1.24091 0 2.66667
1 1.22473 1.22473 1.22473 0 2.66667
1 1.22416 1.22416 1.22416 0 2.66667
1 1.22416 1.22416 1.22416 0 2.66667
1 1.22416 1.22416 1.22416 0 2.66667
1 1.22416 1.22416 1.22416 0 2.66667
1 1.22416 1.22416 1.22416 0 2.66667
1 1.14573 1.14573 1.14573 0 3.16667
1 0.261007 0.261007 0.261007 0 2.8
1 0.113348 0.113348 0.113348 0 2.66667
1 0.00243694 0.00243694 0.00243751 5.76348e-07 2.66667

33 1.20082 0.82854 2.04347 1.04723 2.66667
29 1.8996 1.70059 2.06078 0.350109 2.66667
2 19.8775 0.0155864 9.94653 9.93094 3.16667
9 6.5203 9.09091e-10 2.17263 3.0715 2.66667
3 5.23849 5.23849 5.23849 0 3.16667
1 4.39981 4.39981 4.39981 0 2.66667
1 1.54648 1.54648 1.54648 0 2.66667
1 1.28602 1.28602 1.28602 0 2.66667
1 1.26486 1.26486 1.26486 0 3.16667
1 1.24091 1.24091 1.24091 0 2.66667
1 1.22473 1.22473 1.22473 0 2.66667
1 1.22416 1.22416 1.22416 0 2.66667
1 1.22416 1.22416 1.22416 0 2.66667
1 1.22416 1.22416 1.22416 0 2.66667
1 1.22416 1.22416 1.22416 0 2.66667
1 1.22416 1.22416 1.22416 0 2.66667
1 1.14573 1.14573 1.14573 0 3.16667
1 0.210821 0.210821 0.210821 0 2.8
1 0.113348 0.113348 0.113348 0 2.66667
1 0.0519292 0.0519292 0.0519292 0 2.8
1 0.0404438 0.0404438 0.0404438 0 2.66667
1 1e-08 1e-08 1e-08 0 2.66667
1 1e-08 1e-08 1e-08 0 3.16667
1 1e-08 1e-08 1e-08 0 2.66667
1 1e-08 1e-08 1e-08 0 2.8
1 1e-08 1e-08 1e-08 0 0.666667
1 1e-08 1e-08 1e-08 0 2.8

43 1.33533 1.01304 1.83433 0.694334 2.66667
32 1.25619 1.12459 1.84729 0.711404 2.66667
3 5.23849 5.23849 5.23849 0 3.66667
3 2.83964 0.500095 2.064 1.10288 3.16667
1 4.39981 4.39981 4.39981 0 2.66667
1 1.54648 1.54648 1.54648 0 2.66667
1 1.28602 1.28602 1.28602 0 2.66667
1 1.26486 1.26486 1.26486 0 3.16667
1 1.24091 1.24091 1.24091 0 2.66667
1 1.22473 1.22473 1.22473 0 2.66667
1 1.22416 1.22416 1.22416 0 2.66667
1 1.22416 1.22416 1.22416 0 2.66667
1 1.22416 1.22416 1.22416 0 2.66667
1 1.22416 1.22416 1.22416 0 2.66667
1 1.22416 1.22416 1.22416 0 2.66667
1 1.14573 1.14573 1.14573 0 3.16667
1 0.538534 0.538534 0.538534 0 2.66667
1 0.409438 0.409438 0.409438 6.66667e-09 2.66667
1 0.283323 0.283323 0.283323 0 2.8
1 0.210821 0.210821 0.210821 0 2.8
1 0.168534 0.168534 0.168534 5e-09 2.66667
1 0.113348 0.113348 0.113348 0 2.66667
1 0.0736096 0.0736096 0.0736096 5e-09 3.16667
1 0.0519292 0.0519292 0.0519292 0 2.8

25 1.37373 1.0195 3.49952 2.41352 2.66667
19 1.32006 1.18177 3.57936 2.36198 2.66667
2 19.8775 19.8775 19.8775 0 3.16667
2 19.8775 19.8775 19.8775 0 0.666667
4 17.4311 2.5e-09 9.15312 8.30105 3.16667
2 35.8634 0.0150062 17.9392 17.9242 3.3
3 5.23849 5.23849 5.23849 0 3.16667
1 4.39981 4.39981 4.39981 0 2.66667
1 1.54648 1.54648 1.54648 0 2.66667
1 1.37537 1.37537 1.37537 0 2.8
1 1.28602 1.28602 1.28602 0 2.66667
1 1.26486 1.26486 1.26486 0 3.16667
1 1.24091 1.24091 1.24091 0 2.66667
1 1.22473 1.22473 1.22473 0 2.66667
1 1.22416 1.22416 1.22416 0 2.66667
1 1.22416 1.22416 1.22416 0 2.66667
1 1.22416 1.22416 1.22416 0 2.66667
1 1.22416 1.22416 1.22416 0 2.66667
1 1.22416 1.22416 1.22416 0 2.66667
1 1.14573 1.14573 1.14573 0 3.16667
1 0.337069 0.337069 0.337069 0 2.66667
1 0.170053 0.170053 0.170053 5e-09 2.66667
1 0.113348 0.113348 0.113348 0 2.66667
1 0.0736096 0.0736096 0.0736381 2.85401e-05 2.66667
1 0.0519292 0.0519292 0.0519292 0 2.8
1 7.01446e-05 7.01446e-05 7.01496e-05 5e-09 3.16667
1 5e-09 5e-09 1e-08 5e-09 2.66667
1 1e-08 1e-08 1e-08 0 2.8
1 1e-08 1e-08 1e-08 0 3.3

48 2.25778 1.48197 1.87016 0.197901 3.16667
28 0.927186 0.830051 1.84663 0.979565 2.8
3 5.23849 5.23849 5.23849 0 3.16667
1 4.39981 4.39981 4.39981 0 2.66667
1 3.7064 3.7064 3.7064 0 2.8
1 2.33378 2.33378 2.35456 0.020782 3.16667
1 1.54648 1.54648 1.54648 0 2.66667
1 1.40878 1.40878 1.40878 0 3.16667
1 1.28602 1.28602 1.28602 0 2.66667
1 1.26486 1.26486 1.26486 0 3.16667
1 1.24091 1.24091 1.24091 0 2.66667
1 1.22473 1.22473 1.22473 0 2.66667
1 1.22416 1.22416 1.22416 0 2.66667
1 1.22416 1.22416 1.22416 0 2.66667
1 1.22416 1.22416 1.22416 0 2.66667
1 1.22416 1.22416 1.22416 0 2.66667
1 1.22416 1.22416 1.22416 0 2.66667
1 1.14573 1.14573 1.14573 0 3.16667
1 0.337069 0.337069 0.337069 0 2.66667
1 0.210821 0.210821 0.210821 0 2.8
1 0.147219 0.147219 0.147219 0 2.66667
1 0.113348 0.113348 0.113348 0 2.66667
1 0.0519466 0.0519466 0.0519466 0 3.3
1 0.024294 0.024294 0.024294 5e-09 3.16667
1 1e-08 1e-08 1e-08 0 3.3

28 1.44095 1.10664 3.60486 2.32748 3.16667
1 71.7268 71.7268 71.7268 0 3.3
19 1.44229 1.44229 3.62545 2.18316 2.66667
5 22.9676 2e-09 11.6168 9.68937 3.16667
4 1.42962 1.42868 3.92911 2.50019 3.16667
1 7.00133 7.00133 7.00133 0 3.16667
1 4.39981 4.39981 4.39981 0 2.66667
1 3.7064 3.7064 3.7064 0 2.8
1 2.09435 2.09435 2.56394 0.469594 3.16667
1 1.54648 1.54648 1.54648 0 2.66667
1 1.33623 1.33623 1.33623 0 3.16667
1 1.28602 1.28602 1.28602 0 2.66667
1 1.26486 1.26486 1.26486 0 3.16667
1 1.24091 1.24091 1.24091 0 2.66667
1 1.23604 1.23604 1.23604 0 2.8
1 1.22473 1.22473 1.22473 0 2.66667
1 1.22416 1.22416 1.22416 0 2.66667
1 1.22416 1.22416 1.22416 0 2.66667
1 1.22416 1.22416 1.22416 0 2.66667
1 1.22416 1.22416 1.22416 0 2.66667
1 1.22416 1.22416 1.22416 0 2.66667
1 1.14573 1.14573 1.14573 0 3.16667
1 0.337069 0.337069 0.337069 0 2.66667
1 0.147219 0.147219 0.147219 0 2.66667
1 0.113348 0.113348 0.113348 0 2.66667
1 0.0519466 0.0519466 0.0519466 0 3.3
1 0.0487175 0.0487175 0.0487175 0 2.66667
1 0.048588 0.048588 0.048588 0 3.16667
1 1e-08 1e-08 1e-08 0 3.3
1 1e-08 1e-08 1e-08 0 3.66667
1 1e-08 1e-08 1e-08 0 2.66667

30 1.9339 1.72999 3.2748 1.43309 3.16667
22 2.44024 2.10496 3.31761 1.19945 2.66667
17 2.3909 2.39089 3.29887 0.907974 3.3
7 16.4054 1.42857e-09 5.92692 6.94735 2.8
4 3.93146 3.92887 3.92952 0.00112338 3.66667
1 7.00133 7.00133 7.00133 0 3.16667
1 6.28304 6.28304 6.28304 0 2.66667
1 4.39981 4.39981 4.39981 0 2.66667
1 1.74202 1.74202 1.74202 0 2.8
1 1.54648 1.54648 1.54648 0 2.66667
1 1.33623 1.33623 1.33623 0 3.16667
1 1.28602 1.28602 1.28602 0 2.66667
1 1.26486 1.26486 1.26486 0 3.16667
1 1.24091 1.24091 1.24091 0 2.66667
1 1.22473 1.22473 1.22473 0 2.66667
1 1.22416 1.22416 1.22416 0 2.66667
1 1.22416 1.22416 1.22416 0 2.66667
1 1.22416 1.22416 1.22416 0 2.66667
1 1.22416 1.22416 1.22416 0 2.66667
1 1.22416 1.22416 1.22416 0 2.66667
1 1.14573 1.14573 1.14573 0 3.16667
1 0.817154 0.817154 0.817154 0 3.16667
1 0.337069 0.337069 0.337069 0 2.66667
1 0.210821 0.210821 0.210821 0 2.8
1 0.147219 0.147219 0.147219 0 2.66667
1 0.113348 0.113348 0.113348 0 2.66667

35 1.72914 1.66464 3.16229 1.48256 3.16667
21 2.17634 1.85437 3.26583 1.33574 2.66667
19 1.92128 1.88755 3.29622 1.40686 3.3
3 23.9089 0.0166763 7.98077 11.2629 3.3
4 3.93146 3.92887 3.92952 0.00112338 3.16667
1 7.00133 7.00133 7.00133 0 3.16667
1 4.39981 4.39981 4.39981 0 2.66667
1 3.7064 3.7064 3.7064 0 2.8
1 3.14152 3.14152 3.15305 0.0115284 3.16667
1 1.54648 1.54648 1.54648 0 2.66667
1 1.28602 1.28602 1.28602 0 2.66667
1 1.26486 1.26486 1.26486 0 3.16667
1 1.24091 1.24091 1.24091 0 2.66667
1 1.22473 1.22473 1.22473 0 2.66667
1 1.22416 1.22416 1.22416 0 2.66667
1 1.22416 1.22416 1.22416 0 2.66667
1 1.22416 1.22416 1.22416 0 2.66667
1 1.22416 1.22416 1.22416 0 2.66667
1 1.22416 1.22416 1.22416 0 2.66667
1 1.14573 1.14573 1.14573 0 3.16667
1 0.334057 0.334057 0.417638 0.0835812 3.16667
1 0.337069 0.337069 0.337069 0 2.66667
1 0.261007 0.261007 0.261007 0 2.8
1 0.24741 0.24741 0.24741 0 2.66667

37 1.20473 1.1659 2.77108 1.59686 3.16667
24 1.79228 1.52713 2.83918 1.22039 2.66667
5 14.3536 2e-09 8.6105 7.03045 1.3
2 19.8745 3.50067 11.6876 8.18692 3.16667
4 3.93146 3.92887 3.92952 0.00112338 3.66667
1 4.39981 4.39981 4.39981 0 2.66667
1 1.73671 1.73671 1.73671 0 2.8
1 1.54648 1.54648 1.54648 0 2.66667
1 1.33623 1.33623 1.33623 0 3.16667
1 1.28602 1.28602 1.28602 0 2.66667
1 1.26486 1.26486 1.26486 0 3.16667
1 1.24091 1.24091 1.24091 0 2.66667
1 1.22473 1.22473 1.22473 0 2.66667
1 1.22416 1.22416 1.22416 0 2.66667
1 1.22416 1.22416 1.22416 0 2.66667
1 1.22416 1.22416 1.22416 0 2.66667
1 1.22416 1.22416 1.22416 0 2.66667
1 1.22416 1.22416 1.22416 0 2.66667
1 1.14573 1.14573 1.14573 0 3.16667
1 0.337069 0.337069 0.337069 0 2.66667
1 0.210821 0.210821 0.210821 0 2.8
1 0.000348829 0.000348829 0.000348829 0 1.16667

30 1.67019 1.61637 3.94319 2.302 3.16667
1 87.1925 87.1925 87.1925 0 2.66667
19 2.0505 1.55701 4.09479 2.46117 2.66667
11 6.52725 9.09091e-10 4.15116 3.13798 3.35714
2 19.8745 3.50067 11.6876 8.18692 2.66667
4 3.93146 3.92887 3.92952 0.00112338 3.66667
1 4.39981 4.39981 4.39981 0 2.66667
1 1.74202 1.74202 1.74202 0 2.8
1 1.54648 1.54648 1.54648 0 2.66667
1 1.33623 1.33623 1.33623 0 3.16667
1 1.28602 1.28602 1.28602 0 2.66667
1 1.26486 1.26486 1.26486 0 3.16667
1 1.24091 1.24091 1.24091 0 2.66667
1 1.22473 1.22473 1.22473 0 2.66667
1 1.22416 1.22416 1.22416 0 2.66667
1 1.22416 1.22416 1.22416 0 2.66667
1 1.22416 1.22416 1.22416 0 2.66667
1 1.22416 1.22416 1.22416 0 2.66667
1 1.22416 1.22416 1.22416 0 2.66667
1 1.14573 1.14573 1.14573 0 3.16667
1 0.671437 0.671437 0.671437 0 2.66667
1 0.337069 0.337069 0.337069 0 2.66667
1 0.210821 0.210821 0.210821 0 2.8
1 0.044617 0.044617 0.0558032 0.0111862 2.66667
1 0.000348829 0.000348829 0.000348829 0 1.16667
1 5e-09 5e-09 1e-08 5e-09 3.3
1 1e-08 1e-08 1e-08 0 3.3
1 1e-08 1e-08 1e-08 0 3.3
1 3.33333e-09 3.33333e-09 1e-08 6.66667e-09 3.35714

28 2.07009 2.00338 4.47489 2.41267 3.16667
17 3.65625 3.61155 4.47559 0.851132 3.16667
1 71.7997 71.7997 71.7997 0 1.3
15 2.20824 1.67678 4.65415 2.89945 3.16667
8 6.529 9.09091e-10 4.89252 2.8247 3.3
2 19.8745 3.50067 11.6876 8.18692 2.66667
3 3.93146 3.92887 5.23936 1.30962 3.16667
1 4.39981 4.39981 4.39981 0 2.66667
1 2.01992 2.01992 2.68804 0.668113 3.16667
1 1.73671 1.73671 1.73671 0 2.8
1 1.54648 1.54648 1.54648 0 2.66667
1 1.28602 1.28602 1.28602 0 2.66667
1 1.26486 1.26486 1.26486 0 3.16667
1 1.24091 1.24091 1.24091 0 2.66667
1 1.22473 1.22473 1.22473 0 2.66667
1 1.22416 1.22416 1.22416 0 2.66667
1 1.22416 1.22416 1.22416 0 2.66667
1 1.22416 1.22416 1.22416 0 2.66667
1 1.22416 1.22416 1.22416 0 2.66667
1 1.22416 1.22416 1.22416 0 2.66667
1 1.14573 1.14573 1.14573 0 3.16667
1 0.671437 0.671437 0.671437 0 2.66667
1 0.337069 0.337069 0.337069 0 2.66667
1 0.210821 0.210821 0.210821 0 2.8
1 0.089234 0.089234 0.089234 0 2.66667
1 0.0821789 0.0821789 0.0821789 0 3.16667
1 0.000348829 0.000348829 0.000348829 0 1.16667
1 1e-08 1e-08 1e-08 0 3.3
1 1e-08 1e-08 1e-08 0 3.3
1 1e-08 1e-08 1e-08 0 1.3

25 1.98617 1.98617 4.61898 2.63281 3.16667
4 21.7981 21.7981 21.7981 0 2.66667
15 1.82267 1.43316 4.79323 3.3 3.16667
1 71.6795 71.6795 71.6795 0 3.16667
11 2.31674 2.31612 4.71296 2.39667 1.3
2 19.8745 3.50067 11.6876 8.18692 3.16667
3 5.24195 5.23849 5.23965 0.00163065 3.16667
1 4.39981 4.39981 4.39981 0 2.66667
1 3.7064 3.7064 3.7064 0 2.8
1 1.54648 1.54648 1.54648 0 2.66667
1 1.28602 1.28602 1.28602 0 2.66667
1 1.26486 1.26486 1.26486 0 3.16667
1 1.24091 1.24091 1.24091 0 2.66667
1 1.23604 1.23604 1.23604 0 2.8
1 1.22473 1.22473 1.22473 0 2.66667
1 1.22416 1.22416 1.22416 0 2.66667
1 1.22416 1.22416 1.22416 0 2.66667
1 1.22416 1.22416 1.22416 0 2.66667
1 1.22416 1.22416 1.22416 0 2.66667
1 1.22416 1.22416 1.22416 0 2.66667
1 1.14573 1.14573 1.14573 0 3.16667
1 0.337069 0.337069 0.337069 0 2.66667
1 0.100118 0.100118 0.100118 0 3.16667
1 0.000348829 0.000348829 0.000348829 0 1.16667
1 1e-08 1e-08 1e-08 0 3.3
1 1e-08 1e-08 1e-08 0 3.3

28 2.07009 2.07009 4.60487 2.53478 3.16667
18 4.15483 4.10404 4.64972 0.506618 3.16667
14 2.80069 2.12665 4.78619 2.53301 2.66667
12 5.98605 8.33333e-10 5.48452 1.65364 1.3
1 39.7509 39.7509 39.7509 0 3.16667
2 19.8745 3.50067 11.6876 8.18692 3.16667
3 5.24195 5.23849 5.23965 0.00163065 3.66667
1 4.39981 4.39981 4.39981 0 2.66667
1 3.7064 3.7064 3.7064 0 2.8
1 1.54648 1.54648 1.54648 0 2.66667
1 1.37537 1.37537 1.37537 0 2.8
1 1.28602 1.28602 1.28602 0 2.66667
1 1.26486 1.26486 1.26486 0 3.16667
1 1.24091 1.24091 1.24091 0 2.66667
1 1.22473 1.22473 1.22473 0 2.66667
1 1.22416 1.22416 1.22416 0 2.66667
1 1.22416 1.22416 1.22416 0 2.66667
1 1.22416 1.22416 1.22416 0 2.66667
1 1.22416 1.22416 1.22416 0 2.66667
1 1.22416 1.22416 1.22416 0 2.66667
1 1.14573 1.14573 1.14573 0 3.16667
1 0.528303 0.528303 0.528303 0 3.16667
1 0.337069 0.337069 0.337069 0 2.66667
1 0.134114 0.134114 0.184173 0.0500591 3.16667
1 0.0487217 0.0487217 0.0487217 0 3.3
1 0.0130389 0.0130389 0.0317579 0.018719 3.3
1 0.000348829 0.000348829 0.000348829 0 1.16667
1 1e-08 1e-08 1e-08 0 3.3
1 1e-08 1e-08 1e-08 0 0.666667
1 1e-08 1e-08 1e-08 0 3.16667

20 2.37059 2.37059 5.72111 3.35052 3.16667
1 90.2888 90.2888 90.2888 0 3.16667
15 1.72465 1.72465 5.65996 3.93531 3.16667
13 5.74141 4.35963 5.72641 1.2409 2.66667
10 2.76423 2.76153 6.07499 3.31298 1.3
4 22.8516 1.07471 14.1789 9.22141 3.16667
4 22.8516 2.5e-09 8.19757 9.38311 3.3
2 5.24195 5.23849 7.85947 2.61925 3.16667
1 7.00133 7.00133 7.00133 0 3.16667
1 4.39981 4.39981 4.39981 0 2.66667
1 3.7064 3.7064 3.7064 0 2.8
1 1.54648 1.54648 1.54648 0 2.66667
1 1.28602 1.28602 1.28602 0 2.66667
1 1.26486 1.26486 1.26486 0 3.16667
1 1.24091 1.24091 1.24091 0 2.66667
1 1.22473 1.22473 1.22473 0 2.66667
1 1.22416 1.22416 1.22416 0 2.66667
1 1.22416 1.22416 1.22416 0 2.66667
1 1.22416 1.22416 1.22416 0 2.66667
1 1.22416 1.22416 1.22416 0 2.66667
1 1.22416 1.22416 1.22416 0 2.66667
1 1.14573 1.14573 1.14573 0 3.16667
1 0.337069 0.337069 0.337069 0 2.66667
1 0.261007 0.261007 0.261007 0 2.8
1 0.135201 0.135201 0.248951 0.11375 3.16667
1 0.0521557 0.0521557 0.0521557 0 3.3
1 0.000348829 0.000348829 0.000348829 0 1.16667
1 1e-08 1e-08 1e-08 0 3.3
1 1e-08 1e-08 1e-08 0 0.666667
1 5e-09 5e-09 1e-08 5e-09 3.3
1 1e-08 1e-08 1e-08 0 2.8

26 3.41806 3.41806 5.04639 1.62833 3.16667
16 1.12847 1.12847 5.0158 3.88733 3.16667
14 5.5015 5.12628 5.15599 0.0958471 1.3
7 16.404 1.42857e-09 9.65215 6.99576 2.66667
9 10.1562 1.11111e-09 7.1079 4.16114 3.16667
6 9.14062 0.0947069 5.33831 4.01703 3.16667
2 7.86293 7.85774 7.86033 0.00259434 3.16667
1 7.00133 7.00133 7.00133 0 3.16667
1 4.88742 4.88742 4.88742 0 1.16667
1 4.39981 4.39981 4.39981 0 2.66667
1 3.7064 3.7064 3.7064 0 2.8
1 1.54648 1.54648 1.54648 0 2.66667
1 1.28602 1.28602 1.28602 0 2.66667
1 1.26486 1.26486 1.26486 0 3.16667
1 1.24091 1.24091 1.24091 0 2.66667
1 1.22473 1.22473 1.22473 0 2.66667
1 1.22416 1.22416 1.22416 0 2.66667
1 1.22416 1.22416 1.22416 0 2.66667
1 1.22416 1.22416 1.22416 0 2.66667
1 1.22416 1.22416 1.22416 0 2.66667
1 1.22416 1.22416 1.22416 0 2.66667
1 1.14573 1.14573 1.14573 0 3.16667
1 0.814216 0.814216 0.814216 0 3.16667
1 0.337069 0.337069 0.337069 0 2.66667
1 0.261007 0.261007 0.261007 0 2.8
1 0.071782 0.071782 0.071782 0 3.16667
1 0.0521557 0.0521557 0.0521557 0 3.3
1 0.000348829 0.000348829 0.000348829 0 1.16667

26 2.77314 2.77314 4.84529 2.07214 3.16667
16 2.47044 2.47044 5.08251 2.61207 3.16667
13 3.3773 2.56449 5.06272 2.04398 2.66667
12 2.56737 2.39339 5.21792 2.80756 1.3
1 39.7509 39.7509 39.7509 0 3.16667
2 35.8397 0.0260778 17.9329 17.9068 3.16667
4 6.52902 2.83964 5.72879 1.60221 2.66667
2 7.86293 7.85774 7.86033 0.00259434 3.66667
1 7.00133 7.00133 7.00133 0 3.16667
1 4.39981 4.39981 4.39981 0 2.66667
1 3.7064 3.7064 3.7064 0 2.8
1 1.54648 1.54648 1.54648 0 2.66667
1 1.37537 1.37537 1.37537 0 2.8
1 1.28602 1.28602 1.28602 0 2.66667
1 1.26486 1.26486 1.26486 0 3.16667
1 1.24091 1.24091 1.24091 0 2.66667
1 1.22473 1.22473 1.22473 0 2.66667
1 1.22416 1.22416 1.22416 0 2.66667
1 1.22416 1.22416 1.22416 0 2.66667
1 1.22416 1.22416 1.22416 0 2.66667
1 1.22416 1.22416 1.22416 0 2.66667
1 1.22416 1.22416 1.22416 0 2.66667
1 1.14573 1.14573 1.14573 0 3.16667
1 0.814216 0.814216 0.814216 0 3.16667
1 0.583261 0.583261 0.583261 0 1.66667
1 0.337069 0.337069 0.337069 0 2.66667
1 0.149837 0.149837 0.149837 0 3.16667
1 0.071782 0.071782 0.071782 0 3.16667
1 0.00117992 0.00117992 0.00117992 0 3.3
1 0.000711498 0.000711498 0.000711503 5e-09 2.8
1 0.000174414 0.000174414 0.000174419 5e-09 1.16667
1 1e-08 1e-08 1e-08 0 3.16667
1 1e-08 1e-08 1e-08 0 1.3

18 2.82647 2.82647 6.97043 4.14395 3.16667
12 8.18248 5.71289 7.1104 1.37334 3.16667
11 3.26451 3.26451 7.29758 4.03307 3.16667
11 4.59313 4.59313 6.99476 2.40163 2.66667
1 73.6697 73.6697 73.6697 0 0.857143
10 9.14062 0.014967 7.32214 3.637 3.16667
9 2.87278 2.66105 7.12512 4.43594 1.3
5 13.058 1.42857e-09 7.83482 6.3971 3.3
2 19.8775 5e-09 9.93874 9.93874 3.3
2 7.86293 7.85774 7.86033 0.00259434 3.16667
1 7.00133 7.00133 7.00133 0 3.16667
1 6.32899 6.32899 6.32899 0 3.16667
1 4.39981 4.39981 4.39981 0 2.66667
1 1.73671 1.73671 1.73671 0 2.8
1 1.54648 1.54648 1.54648 0 2.66667
1 1.28602 1.28602 1.28602 0 2.66667
1 1.26486 1.26486 1.26486 0 3.16667
1 1.24091 1.24091 1.24091 0 2.66667
1 1.22473 1.22473 1.22473 0 2.66667
1 1.22416 1.22416 1.22416 0 2.66667
1 1.22416 1.22416 1.22416 0 2.66667
1 1.22416 1.22416 1.22416 0 2.66667
1 1.22416 1.22416 1.22416 0 2.66667
1 1.22416 1.22416 1.22416 0 2.66667
1 1.14573 1.14573 1.14573 0 3.16667
1 0.947069 0.947069 0.947069 0 3.66667
1 0.583261 0.583261 0.583261 0 1.66667
1 0.337069 0.337069 0.337069 0 2.66667
1 0.210821 0.210821 0.210821 0 2.8
1 0.118179 0.118179 0.118179 5e-09 3.16667

24 3.41806 3.41806 5.22625 1.80819 3.16667
16 3.95959 3.95959 5.20387 1.24428 2.66667
14 1.70025 1.18709 5.39159 4.04903 3.66667
2 36.1079 35.9131 36.0105 0.0974374 1.3
10 6.25904 4.22417 5.42913 1.07662 2.85714
6 15.2344 1.66667e-09 7.63946 7.59496 3.16667
2 7.86293 7.85774 7.86033 0.00259434 3.66667
1 7.00133 7.00133 7.00133 0 3.16667
1 6.32899 6.32899 6.32899 0 3.16667
1 4.73217 4.73217 4.73217 0 3.16667
1 4.39981 4.39981 4.39981 0 2.66667
1 3.7064 3.7064 3.7064 0 2.8
1 1.54648 1.54648 1.54648 0 2.66667
1 1.28602 1.28602 1.28602 0 2.66667
1 1.26486 1.26486 1.26486 0 3.16667
1 1.24091 1.24091 1.24091 0 2.66667
1 1.22473 1.22473 1.22473 0 2.66667
1 1.22416 1.22416 1.22416 0 2.66667
1 1.22416 1.22416 1.22416 0 2.66667
1 1.22416 1.22416 1.22416 0 2.66667
1 1.22416 1.22416 1.22416 0 2.66667
1 1.22416 1.22416 1.22416 0 2.66667
1 1.14573 1.14573 1.14573 0 3.16667
1 0.473535 0.473535 0.880643 0.407108 3.66667
1 0.583261 0.583261 0.583261 0 1.66667
1 0.168534 0.168534 0.261904 0.0933694 2.66667
1 0.261007 0.261007 0.261007 0 2.8
1 1e-08 1e-08 1e-08 0 3.16667
1 1e-08 1e-08 1e-08 0 1.3
1 1e-08 1e-08 1e-08 0 3.16667

24 2.44961 2.44961 5.12228 2.67267 3.16667
19 2.55174 2.55174 5.24476 2.69302 2.66667
16 5.03537 3.51562 5.34222 1.46082 4.16667
4 28.3567 9.16107 19.4909 6.82878 0.857143
10 2.35045 2.18136 5.47609 3.25571 1.3
2 7.86293 7.85774 7.86033 0.00259434 3.66667
1 7.12109 7.12109 7.12109 5e-09 1.3
1 7.00133 7.00133 7.00133 0 3.16667
1 6.32899 6.32899 6.32899 0 3.16667
1 4.73217 4.73217 4.73217 0 3.16667
1 4.39981 4.39981 4.39981 0 2.66667
1 3.7064 3.7064 3.7064 0 2.8
1 1.54648 1.54648 1.54648 0 2.66667
1 1.28602 1.28602 1.28602 0 2.66667
1 1.26486 1.26486 1.26486 0 3.16667
1 1.24091 1.24091 1.24091 0 2.66667
1 1.22473 1.22473 1.22473 0 2.66667
1 1.22416 1.22416 1.22416 0 2.66667
1 1.22416 1.22416 1.22416 0 2.66667
1 1.22416 1.22416 1.22416 0 2.66667
1 1.22416 1.22416 1.22416 0 2.66667
1 1.22416 1.22416 1.22416 0 2.66667
1 1.14573 1.14573 1.14573 0 3.16667
1 0.947069 0.947069 0.947069 0 3.66667
1 0.583261 0.583261 0.583261 0 1.66667
1 0.337069 0.337069 0.337069 0 2.66667
1 0.141377 0.141377 0.332542 0.191165 3.16667
1 0.261007 0.261007 0.261007 0 2.8
1 1e-08 1e-08 1e-08 0 3.16667

24 2.62458 2.62458 4.75822 2.13364 3.16667
19 1.79342 1.57299 4.88411 3.22919 2.66667
11 11.9018 9.09091e-10 7.1258 3.50984 4.16667
8 9.25631 8.99183 9.04577 0.0806138 1.35714
12 6.49198 1.66408 4.73745 1.58584 0.857143
2 7.86293 7.85774 7.86033 0.00259434 3.66667
1 7.00133 7.00133 7.00133 0 3.16667
1 6.32899 6.32899 6.32899 0 3.16667
1 4.39981 4.39981 4.39981 0 2.66667
1 2.36608 2.36608 2.36608 5e-09 3.16667
1 1.73671 1.73671 1.73671 0 2.8
1 1.54648 1.54648 1.54648 0 2.66667
1 1.28602 1.28602 1.28602 0 2.66667
1 1.26486 1.26486 1.26486 0 3.16667
1 1.24091 1.24091 1.24091 0 2.66667
1 1.22473 1.22473 1.22473 0 2.66667
1 1.22416 1.22416 1.22416 0 2.66667
1 1.22416 1.22416 1.22416 0 2.66667
1 1.22416 1.22416 1.22416 0 2.66667
1 1.22416 1.22416 1.22416 0 2.66667
1 1.22416 1.22416 1.22416 0 2.66667
1 1.14573 1.14573 1.14573 0 3.16667
1 0.729516 0.729516 0.729516 0 1.16667
1 0.583261 0.583261 0.583261 0 1.66667
1 0.565508 0.565508 0.565508 0 3.66667
1 0.473535 0.473535 0.541794 0.0682592 3.16667
1 0.337069 0.337069 0.337069 0 2.66667
1 0.276261 0.276261 0.276261 0 3.3
1 0.210821 0.210821 0.210821 0 2.8
1 0.144866 0.144866 0.144866 0 2.66667
1 0.071782 0.071782 0.071782 0 3.16667

18 2.6723 2.6723 7.05186 4.37955 3.3
16 5.46801 5.46801 6.83501 1.367 2.66667
11 11.3339 2.49612 7.40071 2.64297 0.857143
11 3.19316 3.19316 7.26462 4.07146 3.8
9 3.30861 3.13902 7.00091 3.83632 1.3
4 24.1675 2.5e-09 15.6682 9.26947 3.3
5 22.9656 2e-09 9.18841 11.2491 2.66667
1 39.7549 39.7549 39.7549 0 4.3
2 7.86293 7.85774 7.86033 0.00259434 3.16667
1 14.2423 14.2423 14.2423 0 1.66667
1 7.00133 7.00133 7.00133 0 3.16667
1 6.32899 6.32899 6.32899 0 3.16667
1 4.39981 4.39981 4.39981 0 2.66667
1 3.7064 3.7064 3.7064 0 2.8
1 2.36608 2.36608 2.36651 0.000427556 2.66667
1 1.84906 1.84906 1.84906 0 4.16667
1 1.54648 1.54648 1.54648 0 2.66667
1 1.37537 1.37537 1.37537 0 2.8
1 1.28602 1.28602 1.28602 0 2.66667
1 1.26486 1.26486 1.26486 0 3.16667
1 1.24091 1.24091 1.24091 0 2.66667
1 1.22473 1.22473 1.22473 0 2.66667
1 1.22416 1.22416 1.22416 0 2.66667
1 1.22416 1.22416 1.22416 0 2.66667
1 1.22416 1.22416 1.22416 0 2.66667
1 1.22416 1.22416 1.22416 0 2.66667
1 1.22416 1.22416 1.22416 0 2.66667
1 1.14573 1.14573 1.14573 0 3.16667
1 0.583261 0.583261 0.583261 0 1.66667
1 0.473535 0.473535 0.509426 0.035891 3.66667
1 0.364758 0.364758 0.364758 5e-09 1.3
1 0.150523 0.150523 0.337756 0.187233 3.66667
1 0.337069 0.337069 0.337069 0 2.66667

1 146.977 146.977 146.977 0 3.16667
1 146.977 146.977 146.977 0 3.16667
12 3.97234 3.97234 10.8497 6.87736 3.16667
1 116.749 116.749 116.749 0 3.38889
9 9.3514 9.3514 11.4498 2.09842 3.66667
8 2.49961 2.42444 11.4007 8.9669 3.66667
6 4.66 3.91347 11.7555 7.65794 1.35714
6 3.71807 2.87316 11.4913 8.39143 1.3
3 25.2576 3.33333e-09 16.3836 11.5983 3.38889
1 39.7549 39.7549 39.7549 0 4.3
1 7.86293 7.86293 15.7207 7.85774 3.66667
1 14.2423 14.2423 14.2423 0 1.66667
1 7.00133 7.00133 7.00133 0 3.16667
1 4.73217 4.73217 4.73217 0 3.16667
1 4.39981 4.39981 4.39981 0 2.66667
1 3.16449 3.16449 3.16449 5e-09 3.16667
1 1.8532 1.8532 2.64277 0.78957 3.16667
1 1.84906 1.84906 1.84906 0 4.16667
1 1.54648 1.54648 1.54648 0 2.66667
1 1.28602 1.28602 1.28602 0 2.66667
1 1.26486 1.26486 1.26486 0 3.16667
1 1.24091 1.24091 1.24091 0 2.66667
1 1.23604 1.23604 1.23604 0 2.8
1 1.22473 1.22473 1.22473 0 2.66667
1 1.22416 1.22416 1.22416 0 2.66667
1 1.22416 1.22416 1.22416 0 2.66667
1 1.22416 1.22416 1.22416 0 2.66667
1 1.22416 1.22416 1.22416 0 2.66667
1 1.22416 1.22416 1.22416 0 2.66667
1 1.14573 1.14573 1.14573 0 3.16667
1 0.947069 0.947069 0.947069 0 3.66667
1 0.729516 0.729516 0.729516 0 1.16667
1 0.602092 0.602092 0.602092 0 3.66667
1 0.583261 0.583261 0.583261 0 1.66667
1 0.337069 0.337069 0.337069 0 2.66667
1 0.10291 0.10291 0.10291 0 0.8
1 0.0811956 0.0811956 0.0811956 0 0.8
1 0.052261 0.052261 0.052261 0 3.3
1 0.0104128 0.0104128 0.0104128 0 2.66667
1 1e-08 1e-08 1e-08 0 3.16667
1 1e-08 1e-08 1e-08 0 3.16667

1 148.681 148.681 148.681 0 4.16667
1 134.979 134.979 134.979 0 2.66667
9 3.27299 3.27299 13.0418 9.76883 3.66667
3 45.8853 23.6152 38.1824 10.3063 0.909091
9 2.04134 2.04134 12.5095 10.4681 3.16667
2 42.8028 37.351 40.0769 2.72588 1.3
3 38.9519 3.33333e-09 25.6065 18.112 0.857143
5 8.77068 8.56939 14.0197 5.30332 1.38889
5 16.1117 12.3417 13.2533 1.43286 3.3
2 60.3274 5e-09 30.1637 30.1637 2.85714
3 48.9922 3.33333e-09 16.333 23.0936 3.16667
1 39.7549 39.7549 39.7549 0 4.3
1 39.7549 39.7549 39.7549 0 4.3
1 15.7259 15.7259 15.7259 0 3.66667
1 14.2423 14.2423 14.2423 0 1.66667
1 7.00133 7.00133 7.00133 0 3.16667
1 4.39981 4.39981 4.39981 0 2.66667
1 3.7064 3.7064 3.7064 0 2.8
1 2.36608 2.36608 2.36608 5e-09 3.16667
1 1.84906 1.84906 1.84906 0 4.16667
1 1.54648 1.54648 1.54648 0 2.66667
1 1.28602 1.28602 1.28602 0 2.66667
1 1.26486 1.26486 1.26486 0 3.16667
1 1.24091 1.24091 1.24091 0 2.66667
1 1.23604 1.23604 1.23604 0 2.8
1 1.22473 1.22473 1.22473 0 2.66667
1 1.22416 1.22416 1.22416 0 2.66667
1 1.22416 1.22416 1.22416 0 2.66667
1 1.22416 1.22416 1.22416 0 2.66667
1 1.22416 1.22416 1.22416 0 2.66667
1 1.22416 1.22416 1.22416 0 2.66667
1 1.14573 1.14573 1.14573 0 3.16667
1 0.947069 0.947069 0.947069 0 3.66667
1 0.869712 0.869712 0.869712 0 4.16667
1 0.729516 0.729516 0.729516 0 1.16667
1 0.583261 0.583261 0.583261 0 1.66667
1 0.337069 0.337069 0.337069 0 2.66667
1 0.296171 0.296171 0.296171 0 0.8
1 0.10291 0.10291 0.10291 0 0.8
1 0.052261 0.052261 0.052261 0 3.3
1 0.0104128 0.0104128 0.0104128 0 2.66667
1 1.7987e-08 1.7987e-08 1.7987e-08 0 3.16667
1 1e-08 1e-08 1e-08 0 4.16667

1 145.53 145.53 145.53 0 2.85714
10 6.12403 6.12403 13.635 7.51095 3.16667
1 117.325 117.325 117.325 0 0.888889
8 10.0707 10.0707 13.9906 3.9199 3.66667
6 6.29505 5.28348 14.6269 8.79186 3.35714
1 80.938 80.938 80.938 0 3.16667
5 8.99859 8.99859 15.1646 6.16604 2.8
1 75.7728 75.7728 75.7728 0 3.35714
5 16.1188 14.5348 14.895 0.612599 1.35714
5 8.26007 8.26007 14.6826 6.42251 4.16667
5 5.37055 4.75587 14.6199 9.49997 3.3
2 56.8016 0.051455 28.4265 28.375 0.8
4 10.4872 8.3392 13.8653 4.96691 3.38889
1 39.7549 39.7549 39.7549 0 4.3
2 36.7442 0.00510515 18.3746 18.3695 3.16667
1 15.7259 15.7259 15.7259 0 3.66667
1 14.2423 14.2423 14.2423 0 1.66667
1 7.00133 7.00133 7.00133 0 3.16667
1 4.39981 4.39981 4.39981 0 2.66667
1 3.7064 3.7064 3.7064 0 2.8
1 2.36608 2.36608 2.36608 5e-09 3.8
1 1.84906 1.84906 1.84906 0 4.16667
1 1.54648 1.54648 1.54648 0 2.66667
1 1.28602 1.28602 1.28602 0 2.66667
1 1.26486 1.26486 1.26486 0 3.16667
1 1.24091 1.24091 1.24091 0 2.66667
1 1.23604 1.23604 1.23604 0 2.8
1 1.22473 1.22473 1.22473 0 2.66667
1 1.22416 1.22416 1.22416 0 2.66667
1 1.22416 1.22416 1.22416 0 2.66667
1 1.22416 1.22416 1.22416 0 2.66667
1 1.22416 1.22416 1.22416 0 2.66667
1 1.22416 1.22416 1.22416 0 2.66667
1 1.14573 1.14573 1.14573 0 3.16667
1 0.947069 0.947069 0.947069 0 3.66667
1 0.869712 0.869712 0.869712 0 4.16667
1 0.729516 0.729516 0.729516 0 1.16667
1 0.583261 0.583261 0.583261 0 1.66667
1 0.337069 0.337069 0.337069 0 2.66667
1 0.086602 0.086602 0.086602 0 0.857143
1 0.0590317 0.0590317 0.0590317 0 4.3
1 0.052261 0.052261 0.052261 0 3.3
1 0.0104128 0.0104128 0.0104128 0 2.66667
1 1.7987e-08 1.7987e-08 1.7987e-08 0 3.16667
1 1e-08 1e-08 1e-08 0 4.16667

12 6.99889 6.99889 11.2033 4.20436 3.16667
11 10.383 10.383 11.3608 0.977829 2.66667
11 12.3901 0.00716687 11.2644 3.55984 4.16667
10 8.18248 8.18248 11.5477 3.36524 3.66667
10 4.61014 4.54781 11.1644 6.61039 1.35714
8 10.1845 8.09083 11.3605 2.89737 0.888889
8 6.11754 4.60729 11.3521 6.07861 3.35714
2 72.4148 0.00177031 36.2083 36.2065 1.35714
6 11.3059 6.226 11.7138 5.01239 1.16667
1 39.7549 39.7549 39.7549 0 4.3
2 21.4014 0.17085 10.79 10.6153 3.3
1 15.7259 15.7259 15.7259 0 3.66667
1 7.00133 7.00133 7.00133 0 3.16667
1 4.73217 4.73217 4.73217 0 3.16667
1 4.39981 4.39981 4.39981 0 2.66667
1 1.84906 1.84906 1.84906 0 4.16667
1 1.74202 1.74202 1.74202 0 2.8
1 1.54648 1.54648 1.54648 0 2.66667
1 1.30487 1.30487 1.30487 5e-09 0.888889
1 1.28602 1.28602 1.28602 0 2.66667
1 1.26486 1.26486 1.26486 0 3.16667
1 1.24091 1.24091 1.24091 0 2.66667
1 1.22473 1.22473 1.22473 0 2.66667
1 1.22416 1.22416 1.22416 0 2.66667
1 1.22416 1.22416 1.22416 0 2.66667
1 1.22416 1.22416 1.22416 0 2.66667
1 1.22416 1.22416 1.22416 0 2.66667
1 1.22416 1.22416 1.22416 0 2.66667
1 1.14573 1.14573 1.14573 0 3.16667
1 0.947069 0.947069 0.947069 0 3.66667
1 0.869712 0.869712 0.869712 0 4.16667

2 73.4883 73.4883 73.4883 0 3.16667
10 4.45384 4.45384 12.1824 7.7286 3.16667
8 18.4391 1.25e-09 14.1619 5.58225 0.888889
9 5.94725 5.94725 12.5648 6.61752 4.16667
9 3.78268 3.73154 12.1023 8.34806 2.85714
9 5.86864 5.86864 11.9512 6.08256 2.66667
8 5.45498 5.45498 12.6945 7.23951 4.16667
8 13.7656 10.4619 12.5672 1.1425 0.923077
6 19.3756 1.66667e-09 14.3306 6.7392 3.38889
2 42.8028 0.3417 21.5722 21.2305 3.35714
1 39.7549 39.7549 39.7549 0 4.3
1 15.7259 15.7259 15.7259 0 3.66667
1 7.00133 7.00133 7.00133 0 3.16667
1 4.73217 4.73217 4.73217 0 3.16667
1 4.39981 4.39981 4.39981 0 2.66667
1 1.84906 1.84906 1.84906 0 4.16667
1 1.74202 1.74202 1.74202 0 2.8
1 1.54648 1.54648 1.54648 0 2.66667
1 1.28602 1.28602 1.28602 0 2.66667
1 1.26486 1.26486 1.26486 0 3.16667
1 1.24091 1.24091 1.24091 0 2.66667
1 1.22473 1.22473 1.22473 0 2.66667
1 1.22416 1.22416 1.22416 0 2.66667
1 1.22416 1.22416 1.22416 0 2.66667
1 1.22416 1.22416 1.22416 0 2.66667
1 1.22416 1.22416 1.22416 0 2.66667
1 1.22416 1.22416 1.22416 0 2.66667
1 1.14573 1.14573 1.14573 0 3.16667
1 0.947069 0.947069 0.947069 0 3.66667
1 0.869712 0.869712 0.869712 0 4.16667
1 0.727905 0.727905 0.727905 6.66667e-09 2.85714
1 0.0261303 0.0261303 0.0390755 0.0129452 4.16667
1 0.0268932 0.0268932 0.0268932 0 2.90909
1 1e-08 1e-08 1e-08 0 3.16667
1 1e-08 1e-08 1e-08 0 4.3
1 1e-08 1e-08 1e-08 0 3.16667

13 2.63437 2.62458 9.29426 6.66592 3.16667
12 8.18248 8.18248 9.55585 1.37338 3.66667
12 5.62412 5.62412 8.95748 3.33336 2.66667
11 5.31004 5.31004 9.6618 4.35176 4.16667
11 5.54942 4.77608 9.47192 4.30711 0.909091
1 83.4527 83.4527 83.4527 0 3.3
5 23.2507 2e-09 14.8836 9.86282 3.38889
7 16.4634 1.42857e-09 9.33351 8.06036 2.88889
1 39.7549 39.7549 39.7549 0 4.3
2 24.5874 0.363953 12.4778 12.1117 2.85714
1 15.7259 15.7259 15.7259 0 3.66667
1 7.00133 7.00133 7.00133 0 3.16667
1 4.73217 4.73217 4.73217 0 3.16667
1 4.39981 4.39981 4.39981 0 2.66667
1 1.73671 1.73671 1.73671 0 2.8
1 1.54648 1.54648 1.54648 0 2.66667
1 1.28602 1.28602 1.28602 0 2.66667
1 1.26486 1.26486 1.26486 0 3.16667
1 1.24091 1.24091 1.24091 0 2.66667
1 1.22473 1.22473 1.22473 0 2.66667
1 1.22416 1.22416 1.22416 0 2.66667
1 1.22416 1.22416 1.22416 0 2.66667
1 1.22416 1.22416 1.22416 0 2.66667
1 1.22416 1.22416 1.22416 0 2.66667
1 1.22416 1.22416 1.22416 0 2.66667
1 1.14573 1.14573 1.14573 0 3.16667
1 0.947069 0.947069 0.947069 0 3.66667
1 0.869712 0.869712 0.869712 0 4.16667
1 0.109483 0.109483 0.109483 0 3.16667
1 0.0222384 0.0222384 0.0222384 0 2.90909
1 0.0200281 0.0200281 0.0200281 5e-09 0.888889
1 0.0141188 0.0141188 0.0141188 0 3.16667
1 1e-08 1e-08 1e-08 0 3.16667
1 1e-08 1e-08 1e-08 0 3.3
1 1e-08 1e-08 1e-08 0 2.8

11 6.74894 6.74894 12.2708 5.52186 2.66667
10 5.31004 5.31004 12.219 6.90894 4.16667
10 5.08706 5.06816 11.9214 6.83814 3.16667
1 118.934 118.934 118.934 0 3.40909
1 113.843 113.843 113.843 0 0.888889
9 3.63666 3.63666 11.3647 7.728 3.66667
8 5.99337 5.47306 11.5913 5.83807 0.909091
5 9.51173 9.27252 13.0046 3.59048 3.35714
4 36.8812 2.5e-09 14.7552 15.6486 2.85714
5 11.6749 8.58999 11.726 1.42204 3.38889
4 22.7698 0.115427 12.6151 10.2911 0.888889
1 39.7549 39.7549 39.7549 0 4.3
1 15.7259 15.7259 15.7259 0 3.66667
1 7.00133 7.00133 7.00133 0 3.16667
1 4.74693 4.74693 4.77404 0.0271107 2.8
1 4.73217 4.73217 4.73217 0 3.16667
1 4.39981 4.39981 4.39981 0 2.66667
1 1.73671 1.73671 1.73671 0 2.8
1 1.54648 1.54648 1.54648 0 2.66667
1 1.28602 1.28602 1.28602 0 2.66667
1 1.26486 1.26486 1.26486 0 3.16667
1 1.24091 1.24091 1.24091 0 2.66667
1 1.22473 1.22473 1.22473 0 2.66667
1 1.22416 1.22416 1.22416 0 2.66667
1 1.22416 1.22416 1.22416 0 2.66667
1 1.22416 1.22416 1.22416 0 2.66667
1 1.22416 1.22416 1.22416 0 2.66667
1 1.22416 1.22416 1.22416 0 2.66667
1 1.14573 1.14573 1.14573 0 3.16667
1 0.947069 0.947069 0.947069 0 3.66667
1 0.869712 0.869712 0.869712 0 4.16667
1 0.427665 0.427665 0.427665 0 1.16667
1 0.109483 0.109483 0.109483 0 3.16667
1 0.0825779 0.0825779 0.0825779 0 2.85714
1 0.0486884 0.0486884 0.0486884 0 3.35714
1 0.0200281 0.0200281 0.0200281 5e-09 0.888889
1 0.00705938 0.00705938 0.00705939 5e-09 3.16667
1 1e-08 1e-08 1e-08 0 3.3
1 1e-08 1e-08 1e-08 0 2.66667

7 21.0749 3.96541 18.6084 5.97806 3.16667
9 5.71851 5.71851 13.3539 7.63539 4.16667
1 113.786 113.786 113.786 0 0.888889
9 10.7075 9.88145 12.4824 2.16142 0.909091
5 23.9986 16.9953 21.8146 2.48504 3.38889
8 8.67792 8.67792 13.5903 4.9124 2.85714
8 5.69216 5.69216 13.5325 7.84034 3.66667
7 4.21809 4.21809 13.6691 9.45099 2.66667
5 17.1211 16.6905 16.9489 0.21094 3.3
6 4.74642 4.74347 12.937 8.19296 0.888889
6 11.3472 9.11696 12.7459 3.06969 0.909091
1 39.7549 39.7549 39.7549 0 4.3
1 15.7259 15.7259 15.7259 0 3.66667
1 7.00133 7.00133 7.00133 0 3.16667
1 4.73217 4.73217 4.73217 0 3.16667
1 4.39981 4.39981 4.39981 0 2.66667
1 3.7064 3.7064 3.7064 0 2.8
1 1.54648 1.54648 1.54648 0 2.66667
1 1.28602 1.28602 1.28602 0 2.66667
1 1.26486 1.26486 1.26486 0 3.16667
1 1.24091 1.24091 1.24091 0 2.66667
1 1.22473 1.22473 1.22473 0 2.66667
1 1.22416 1.22416 1.22416 0 2.66667
1 1.22416 1.22416 1.22416 0 2.66667
1 1.22416 1.22416 1.22416 0 2.66667
1 1.22416 1.22416 1.22416 0 2.66667
1 1.22416 1.22416 1.22416 0 2.66667
1 1.14573 1.14573 1.14573 0 3.16667
1 0.947069 0.947069 0.947069 0 3.66667
1 0.869712 0.869712 0.869712 0 4.16667
1 0.427665 0.427665 0.427665 0 1.16667
1 0.109483 0.109483 0.109483 0 3.16667
1 0.0825779 0.0825779 0.0825779 0 2.85714
1 0.0486884 0.0486884 0.0486884 0 3.35714
1 0.0400562 0.0400562 0.0400562 0 0.888889
1 0.0141188 0.0141188 0.0141188 0 3.16667
1 1e-08 1e-08 1e-08 0 3.3
1 1e-08 1e-08 1e-08 0 2.66667
1 1e-08 1e-08 1e-08 0 2.88889
1 1e-08 1e-08 1e-08 0 3.8

2 73.4883 73.4883 73.4883 0 3.16667
4 36.7442 30.8021 33.7732 2.97101 2.66667
9 5.71851 5.71851 14.6227 8.90417 4.16667
1 117.627 117.627 117.627 0 3.40909
6 18.9857 18.9739 18.9762 0.00424637 0.888889
7 6.54598 6.54598 15.7964 9.25041 3.66667
7 17.8953 9.39479 15.1845 2.74911 2.90909
6 4.21499 4.21499 16.1297 11.9147 2.88889
5 5.16915 5.12129 17.0175 11.8733 0.909091
5 23.7867 2e-09 16.5275 9.54573 3.40909
5 8.60779 7.08192 15.4914 7.66035 3.38889
5 8.99859 8.99859 14.4146 5.41605 2.66667
4 14.2676 13.9088 17.6551 3.48066 3.3
1 39.7549 39.7549 39.7549 0 4.3
1 15.7259 15.7259 15.7259 0 3.66667
1 7.00133 7.00133 7.00133 0 3.16667
1 4.73217 4.73217 4.73217 0 3.16667
1 4.39981 4.39981 4.39981 0 2.66667
1 1.73671 1.73671 1.73671 0 2.8
1 1.54648 1.54648 1.54648 0 2.66667
1 1.28602 1.28602 1.28602 0 2.66667
1 1.26486 1.26486 1.26486 0 3.16667
1 1.24091 1.24091 1.24091 0 2.66667
1 1.22473 1.22473 1.22473 0 2.66667
1 1.22416 1.22416 1.22416 0 2.66667
1 1.22416 1.22416 1.22416 0 2.66667
1 1.22416 1.22416 1.22416 0 2.66667
1 1.22416 1.22416 1.22416 0 2.66667
1 1.22416 1.22416 1.22416 0 2.66667
1 1.14573 1.14573 1.14573 0 3.16667
1 0.947069 0.947069 0.947069 0 3.66667
1 0.427665 0.427665 0.427665 0 1.16667
1 0.109483 0.109483 0.109483 0 3.16667
1 0.0486884 0.0486884 0.0486884 0 3.35714
1 0.0400562 0.0400562 0.0400562 0 0.888889
1 0.0141188 0.0141188 0.0141188 0 3.16667
1 1e-08 1e-08 1e-08 0 3.3
1 1e-08 1e-08 1e-08 0 2.66667
1 1e-08 1e-08 1e-08 0 2.88889
1 1e-08 1e-08 1e-08 0 3.8

5 26.9958 26.9958 26.9958 0 2.66667
10 10.5375 10.5375 12.4418 1.90436 2.85714
5 24.4923 18.7216 22.3568 1.93689 3.38889
9 5.50671 5.50671 12.2398 6.73306 4.16667
8 7.27331 7.27331 12.7334 5.4601 3.66667
7 8.76283 8.75718 13.7621 5.00315 0.888889
7 5.35377 5.11293 13.3093 8.01579 0.909091
7 5.24917 5.24917 13.1516 7.90244 2.66667
4 21.4014 20.8632 21.1323 0.269113 3.3
6 7.68557 6.60742 13.5367 6.61289 3.40909
1 76.7983 76.7983 76.7983 0 2.66667
1 39.7549 39.7549 39.7549 0 4.3
1 15.7259 15.7259 15.7259 0 3.66667
1 15.0008 15.0008 15.0008 0 3.66667
1 7.00133 7.00133 7.00133 0 3.16667
1 4.73217 4.73217 4.73217 0 3.16667
1 4.39981 4.39981 4.39981 0 2.66667
1 1.73671 1.73671 1.73671 0 2.8
1 1.54648 1.54648 1.54648 0 2.66667
1 1.28602 1.28602 1.28602 0 2.66667
1 1.26486 1.26486 1.26486 0 3.16667
1 1.24091 1.24091 1.24091 0 2.66667
1 1.22473 1.22473 1.22473 0 2.66667
1 1.22416 1.22416 1.22416 0 2.66667
1 1.22416 1.22416 1.22416 0 2.66667
1 1.22416 1.22416 1.22416 0 2.66667
1 1.22416 1.22416 1.22416 0 2.66667
1 1.22416 1.22416 1.22416 0 2.66667
1 1.14573 1.14573 1.14573 0 3.16667
1 0.947069 0.947069 0.947069 0 3.66667
1 0.427665 0.427665 0.427665 0 1.16667
1 0.109483 0.109483 0.109483 0 3.16667
1 0.0547045 0.0547045 0.0547045 0 3.35714
1 0.0400562 0.0400562 0.0400562 0 0.888889
1 0.0304072 0.0304072 0.0304072 0 2.8
1 0.0291179 0.0291179 0.0291179 0 3.3
1 0.0141188 0.0141188 0.0141188 0 3.16667
1 1e-08 1e-08 1e-08 0 3.3
1 1e-08 1e-08 1e-08 0 2.66667
1 1e-08 1e-08 1e-08 0 2.88889
1 1e-08 1e-08 1e-08 0 3.8
1 1e-08 1e-08 1e-08 0 3.42308
1 1e-08 1e-08 1e-08 0 0.923077

9 9.9937 9.54414 14.9255 5.12528 0.888889
9 9.18604 9.18604 14.3008 5.11472 3.16667
1 125.42 125.42 125.42 0 0.909091
5 25.8174 23.7867 24.9063 0.702042 3.40909
8 5.08706 5.08706 14.4314 9.3443 2.85714
2 73.4883 38.3991 55.9437 17.5446 3.16667
7 6.19505 6.19505 15.0837 8.88863 4.16667
7 7.10415 7.10415 15.052 7.94789 2.66667
7 9.80626 8.71494 14.8323 5.81128 3.38889
7 6.54598 6.54598 14.4689 7.92297 3.66667
6 6.70137 6.69697 14.5977 7.89826 0.888889
5 14.2676 13.9088 15.8843 1.76898 3.3
1 39.7549 39.7549 39.7549 0 4.3
1 15.7259 15.7259 15.7259 0 3.66667
1 15.0008 15.0008 15.0008 0 3.66667
1 7.00133 7.00133 7.00133 0 3.16667
1 4.73217 4.73217 4.73217 0 3.16667
1 4.39981 4.39981 4.39981 0 2.66667
1 1.73671 1.73671 1.73671 0 2.8
1 1.54648 1.54648 1.54648 0 2.66667
1 1.28602 1.28602 1.28602 0 2.66667
1 1.26486 1.26486 1.26486 0 3.16667
1 1.24091 1.24091 1.24091 0 2.66667
1 1.22473 1.22473 1.22473 0 2.66667
1 1.22416 1.22416 1.22416 0 2.66667
1 1.22416 1.22416 1.22416 0 2.66667
1 1.22416 1.22416 1.22416 0 2.66667
1 1.22416 1.22416 1.22416 0 2.66667
1 1.22416 1.22416 1.22416 0 2.66667
1 1.14573 1.14573 1.14573 0 3.16667
1 0.947069 0.947069 0.947069 0 3.66667
1 0.427665 0.427665 0.427665 0 1.16667
1 0.174684 0.174684 0.181743 0.00705938 3.16667
1 0.109483 0.109483 0.109483 0 3.16667
1 0.0496956 0.0496956 0.0496956 0 3.3
1 0.0486884 0.0486884 0.0486884 0 3.35714
1 0.0400562 0.0400562 0.0400562 0 0.888889
1 0.0291179 0.0291179 0.0291179 0 3.3
1 0.00186837 0.00186837 0.00186837 0 3.16667
1 1e-08 1e-08 1e-08 0 3.3

7 18.7028 18.7028 18.7028 0 3.66667
9 7.02498 7.02498 14.3792 7.35417 2.85714
9 12.3901 12.3901 13.8007 1.41058 4.16667
9 7.93993 7.93993 13.236 5.29605 2.66667
6 18.9872 18.9747 18.9815 0.00521062 0.888889
8 4.32284 4.32284 13.2237 8.90085 3.16667
7 12.2462 11.3311 13.1898 1.64474 3.38889
7 5.49064 4.90891 13.075 8.01118 3.40909
5 17.1211 16.6905 16.9489 0.21094 3.3
6 5.16915 5.12129 13.9673 8.82693 0.909091
2 40.469 35.8397 38.1544 2.31463 3.16667
1 39.7549 39.7549 39.7549 0 4.3
2 35.8634 0.0248478 17.9441 17.9193 3.3
1 15.7259 15.7259 15.7259 0 3.66667
1 15.0008 15.0008 15.0008 0 3.66667
1 7.00133 7.00133 7.00133 0 3.16667
1 4.73217 4.73217 4.73217 0 3.16667
1 4.39981 4.39981 4.39981 0 2.66667
1 4.03984 4.03984 4.03984 0 3.16667
1 3.7064 3.7064 3.7064 0 2.8
1 1.54648 1.54648 1.54648 0 2.66667
1 1.28602 1.28602 1.28602 0 2.66667
1 1.26486 1.26486 1.26486 0 3.16667
1 1.24091 1.24091 1.24091 0 2.66667
1 1.22473 1.22473 1.22473 0 2.66667
1 1.22416 1.22416 1.22416 0 2.66667
1 1.22416 1.22416 1.22416 0 2.66667
1 1.22416 1.22416 1.22416 0 2.66667
1 1.22416 1.22416 1.22416 0 2.66667
1 1.22416 1.22416 1.22416 0 2.66667
1 1.14573 1.14573 1.14573 0 3.16667
1 0.947069 0.947069 0.947069 0 3.66667
1 0.213833 0.213833 0.217258 0.00342565 1.16667
1 0.131917 0.131917 0.131917 0 2.66667
1 0.109483 0.109483 0.109483 0 3.16667
1 0.0486884 0.0486884 0.0486884 0 3.35714

6 24.9842 22.7797 24.4992 0.775543 0.909091
10 7.79988 7.76445 12.7832 5.01524 2.85714
10 7.08006 7.08006 12.7466 5.66652 4.16667
9 5.62412 5.62412 12.7155 7.09135 2.66667
9 8.64569 8.64569 12.3153 3.66959 3.16667
8 6.23427 6.23427 13.0375 6.80323 3.66667
8 9.01682 7.75713 12.9137 4.79121 3.40909
8 5.17936 5.17604 12.3212 7.14349 0.888889
7 9.29452 7.72064 13.2459 5.10393 2.88889
5 6.11469 6.11469 14.3979 8.28324 3.3
1 39.7549 39.7549 39.7549 0 4.3
1 15.7259 15.7259 15.7259 0 3.66667
1 15.0008 15.0008 15.0008 0 3.66667
1 7.00133 7.00133 7.00133 0 3.16667
1 4.73217 4.73217 4.73217 0 3.16667
1 4.39981 4.39981 4.39981 0 2.66667
1 1.73671 1.73671 1.73671 0 2.8
1 1.54648 1.54648 1.54648 0 2.66667
1 1.28602 1.28602 1.28602 0 2.66667
1 1.26486 1.26486 1.26486 0 3.16667
1 1.24091 1.24091 1.24091 0 2.66667
1 1.22473 1.22473 1.22473 0 2.66667
1 1.22416 1.22416 1.22416 0 2.66667
1 1.22416 1.22416 1.22416 0 2.66667
1 1.22416 1.22416 1.22416 0 2.66667
1 1.22416 1.22416 1.22416 0 2.66667
1 1.22416 1.22416 1.22416 0 2.66667
1 1.14573 1.14573 1.14573 0 3.16667
1 0.947069 0.947069 0.947069 0 3.66667
1 0.427665 0.427665 0.427665 0 1.16667
1 0.131917 0.131917 0.131917 0 2.66667

10 6.39029 6.39029 13.8173 7.42705 3.16667
9 5.99622 5.9407 14.656 8.68127 0.923077
9 5.29277 5.26874 13.5827 8.3086 2.85714
7 17.4945 16.1872 16.5961 0.39845 3.38889
8 14.243 14.2341 14.2377 0.00262118 0.888889
8 5.39915 5.39915 14.0682 8.66903 2.66667
8 6.19505 6.19505 13.9497 7.75467 4.16667
8 11.0976 9.54724 13.6423 3.55788 3.40909
7 9.3514 9.3514 14.8655 5.51406 3.66667
5 17.1211 16.6905 16.9489 0.21094 3.3
3 16.365 16.365 16.3778 0.012893 3.66667
1 39.7549 39.7549 39.7549 0 4.3
1 39.7507 39.7507 39.7507 0 1.66667
1 15.7259 15.7259 15.7259 0 3.66667
1 7.00133 7.00133 7.00133 0 3.16667
1 4.73217 4.73217 4.73217 0 3.16667
1 4.39981 4.39981 4.39981 0 2.66667
1 1.73671 1.73671 1.73671 0 2.8
1 1.54648 1.54648 1.54648 0 2.66667
1 1.28602 1.28602 1.28602 0 2.66667
1 1.26486 1.26486 1.26486 0 3.16667
1 1.24091 1.24091 1.24091 0 2.66667
1 1.22473 1.22473 1.22473 0 2.66667
1 1.22416 1.22416 1.22416 0 2.66667
1 1.22416 1.22416 1.22416 0 2.66667
1 1.22416 1.22416 1.22416 0 2.66667
1 1.22416 1.22416 1.22416 0 2.66667
1 1.22416 1.22416 1.22416 0 2.66667
1 1.14573 1.14573 1.14573 0 3.16667
1 0.947069 0.947069 0.947069 0 3.66667

11 7.82533 7.82533 13.5165 5.69115 4.16667
11 6.41411 6.39029 12.7827 6.39029 3.16667
9 13.092 13.092 13.5336 0.441675 3.66667
9 6.44338 6.41411 13.2542 6.83036 2.85714
7 7.12176 7.11827 14.2578 7.13818 0.888889
7 5.99622 5.9407 13.6149 7.6304 0.909091
7 8.01495 7.2456 13.3451 5.83342 3.40909
7 5.86864 5.86864 13.0429 7.17425 2.66667
6 7.3196 6.70253 14.4185 7.46305 3.38889
5 17.1211 16.6905 16.9489 0.21094 3.3
1 71.6795 71.6795 71.6795 0 3.16667
1 39.7549 39.7549 39.7549 0 4.3
1 19.4559 19.4559 19.4559 0 1.16667
1 15.7259 15.7259 15.7259 0 3.66667
1 7.00133 7.00133 7.00133 0 3.16667
1 4.73217 4.73217 4.73217 0 3.16667
1 4.39981 4.39981 4.39981 0 2.66667
1 3.7064 3.7064 3.7064 0 2.8
1 1.54648 1.54648 1.54648 0 2.66667
1 1.28602 1.28602 1.28602 0 2.66667
1 1.26486 1.26486 1.26486 0 3.16667
1 1.24091 1.24091 1.24091 0 2.66667
1 1.22473 1.22473 1.22473 0 2.66667
1 1.22416 1.22416 1.22416 0 2.66667
1 1.22416 1.22416 1.22416 0 2.66667
1 1.22416 1.22416 1.22416 0 2.66667
1 1.22416 1.22416 1.22416 0 2.66667
1 1.22416 1.22416 1.22416 0 2.66667
1 1.14573 1.14573 1.14573 0 3.16667
1 0.947069 0.947069 0.947069 0 3.66667
1 0.792079 0.792079 0.792079 5e-09 4.3

10 8.81797 8.66262 13.5476 4.76491 0.909091
9 14.9976 14.9976 14.9976 0 2.66667
9 5.50671 5.50671 13.4673 7.96062 4.3
8 5.69216 5.69216 14.4495 8.75735 3.66667
8 10.3049 9.33637 14.3954 4.73089 3.40909
8 5.46387 5.44358 13.9055 8.45934 3.16667
8 5.69991 5.67402 13.8849 8.19146 2.85714
6 22.4534 12.4709 18.2073 3.31488 2.90909
7 5.44719 5.42461 13.1762 7.74793 0.888889
5 17.1211 16.6905 16.9489 0.21094 3.3
1 71.6795 71.6795 71.6795 0 3.16667
1 39.7549 39.7549 39.7549 0 4.3
1 19.4559 19.4559 19.4559 0 1.16667
1 15.7259 15.7259 15.7259 0 3.66667
1 7.00133 7.00133 7.00133 0 3.16667
1 5.08518 5.08518 5.08518 0 3.16667
1 4.73217 4.73217 4.73217 0 3.16667
1 4.39981 4.39981 4.39981 0 2.66667
1 1.73671 1.73671 1.73671 0 2.8
1 1.58416 1.58416 1.58416 0 4.16667
1 1.54648 1.54648 1.54648 0 2.66667
1 1.28602 1.28602 1.28602 0 2.66667
1 1.26486 1.26486 1.26486 0 3.16667
1 1.24091 1.24091 1.24091 0 2.66667
1 1.22473 1.22473 1.22473 0 2.66667
1 1.22416 1.22416 1.22416 0 2.66667
1 1.22416 1.22416 1.22416 0 2.66667
1 1.22416 1.22416 1.22416 0 2.66667
1 1.22416 1.22416 1.22416 0 2.66667
1 1.22416 1.22416 1.22416 0 2.66667
1 1.14573 1.14573 1.14573 0 3.16667
1 0.947069 0.947069 0.947069 0 3.66667
1 0.0805163 0.0805163 0.0805163 0 3.16667

9 16.5201 16.5201 16.5201 0 4.66667
8 18.5247 18.4406 18.5037 0.0364307 2.85714
8 18.4406 18.3721 18.3806 0.0226511 3.16667
8 18.0336 16.1672 16.7521 0.613063 3.40909
8 16.365 16.365 16.365 0 3.66667
6 23.2363 18.8851 20.5783 1.73158 2.88889
6 18.991 18.9861 18.9885 0.00193154 0.888889
7 2.49961 2.49961 14.8008 12.3012 2.66667
6 2.30624 2.30624 16.3085 14.0023 0.909091
5 17.1211 16.6905 16.9489 0.21094 3.3
1 71.6795 71.6795 71.6795 0 3.16667
1 39.7549 39.7549 39.7549 0 4.3
1 19.4559 19.4559 19.4559 0 1.16667
1 15.7259 15.7259 15.7259 0 3.66667
1 7.00133 7.00133 7.00133 0 3.16667
1 5.08518 5.08518 5.08518 0 3.16667
1 4.73217 4.73217 4.73217 0 3.16667
1 4.39981 4.39981 4.39981 0 2.66667
1 3.7064 3.7064 3.7064 0 2.8
1 1.58416 1.58416 1.58416 0 4.16667
1 1.54648 1.54648 1.54648 0 2.66667
1 1.28602 1.28602 1.28602 0 2.66667
1 1.26486 1.26486 1.26486 0 3.16667
1 1.24091 1.24091 1.24091 0 2.66667
1 1.22473 1.22473 1.22473 0 2.66667
1 1.22416 1.22416 1.22416 0 2.66667
1 1.22416 1.22416 1.22416 0 2.66667
1 1.22416 1.22416 1.22416 0 2.66667
1 1.22416 1.22416 1.22416 0 2.66667
1 1.22416 1.22416 1.22416 0 2.66667
1 1.14573 1.14573 1.14573 0 3.16667
1 0.947069 0.947069 0.947069 0 3.66667
1 0.0805163 0.0805163 0.0805163 0 3.16667
1 1e-08 1e-08 1e-08 0 2.66667

6 24.9842 24.9842 24.9842 0 0.909091
7 20.9967 20.9967 20.9967 0 3.16667
7 19.2827 19.2827 19.2827 0 2.66667
8 18.0336 16.1672 16.7848 0.613659 3.40909
8 16.365 16.365 16.365 0 3.66667
6 20.739 19.1657 19.6433 0.590356 3.38889
6 18.9907 18.9861 18.9892 0.00171515 0.888889
7 2.60844 2.60844 14.922 12.3136 4.16667
6 2.51182 2.51182 16.2913 13.7795 2.85714
5 17.1211 16.6905 16.9489 0.21094 3.3
1 71.6795 71.6795 71.6795 0 3.16667
1 39.7549 39.7549 39.7549 0 4.3
1 19.4559 19.4559 19.4559 0 1.16667
1 15.7259 15.7259 15.7259 0 3.66667
1 7.00133 7.00133 7.00133 0 3.16667
1 5.08518 5.08518 5.08518 0 3.16667
1 4.73217 4.73217 4.73217 0 3.16667
1 4.39981 4.39981 4.39981 0 2.66667
1 3.7064 3.7064 3.7064 0 2.8
1 1.58416 1.58416 1.58416 0 4.16667
1 1.54648 1.54648 1.54648 0 2.66667
1 1.28602 1.28602 1.28602 0 2.66667
1 1.26486 1.26486 1.26486 0 3.16667
1 1.24091 1.24091 1.24091 0 2.66667
1 1.22473 1.22473 1.22473 0 2.66667
1 1.22416 1.22416 1.22416 0 2.66667
1 1.22416 1.22416 1.22416 0 2.66667
1 1.22416 1.22416 1.22416 0 2.66667
1 1.22416 1.22416 1.22416 0 2.66667
1 1.22416 1.22416 1.22416 0 2.66667
1 1.14573 1.14573 1.14573 0 3.16667
1 0.947069 0.947069 0.947069 0 3.66667
1 0.0805163 0.0805163 0.0805163 0 3.16667
1 0.0181977 0.0181977 0.0181977 0 2.85714
1 1e-08 1e-08 1e-08 0 2.66667
1 1e-08 1e-08 1e-08 0 4.3

7 21.2402 21.2402 21.2402 0 4.66667
7 19.2827 19.2827 19.2827 0 2.66667
8 18.0336 16.1672 16.8277 0.63972 3.40909
8 16.365 16.365 16.365 0 3.66667
7 21.1711 0.00259968 18.147 7.40743 2.85714
6 18.9914 18.9861 18.9891 0.00200611 0.888889
6 22.4534 1.36299 17.3097 7.23376 2.90909
7 2.72179 2.72179 14.7691 12.0473 3.16667
7 2.67688 2.67688 14.1799 11.503 2.90909
5 17.1211 16.6905 16.9489 0.21094 3.3
2 35.8397 35.8397 35.8397 0 3.16667
1 39.7549 39.7549 39.7549 0 4.3
1 19.4559 19.4559 19.4559 0 1.16667
1 15.7259 15.7259 15.7259 0 3.66667
1 7.00133 7.00133 7.00133 0 3.16667
1 5.08518 5.08518 5.08518 0 3.16667
1 4.73217 4.73217 4.73217 0 3.16667
1 4.39981 4.39981 4.39981 0 2.66667
1 1.73671 1.73671 1.73671 0 2.8
1 1.58416 1.58416 1.58416 0 4.16667
1 1.54648 1.54648 1.54648 0 2.66667
1 1.28602 1.28602 1.28602 0 2.66667
1 1.26486 1.26486 1.26486 0 3.16667
1 1.24091 1.24091 1.24091 0 2.66667
1 1.22473 1.22473 1.22473 0 2.66667
1 1.22416 1.22416 1.22416 0 2.66667
1 1.22416 1.22416 1.22416 0 2.66667
1 1.22416 1.22416 1.22416 0 2.66667
1 1.22416 1.22416 1.22416 0 2.66667
1 1.22416 1.22416 1.22416 0 2.66667
1 1.14573 1.14573 1.14573 0 3.16667
1 0.947069 0.947069 0.947069 0 3.66667
1 0.0805163 0.0805163 0.0805163 0 3.16667
1 0.0261252 0.0261252 0.0522481 0.0261229 1.3
1 1e-08 1e-08 1e-08 0 2.66667
1 1e-08 1e-08 1e-08 0 4.3

7 21.4151 21.4151 21.4151 0 0.909091
6 24.6996 24.6996 24.6996 0 2.85714
7 20.9967 20.9967 20.9967 0 3.16667
8 18.0336 16.1672 16.7706 0.613052 3.40909
8 16.365 16.365 16.365 0 3.66667
6 18.9914 18.9861 18.989 0.00203712 0.888889
7 3.2322 3.2322 15.707 12.4748 2.66667
6 20.1303 2.07631 16.5244 6.46988 3.38889
6 2.14252 2.14252 16.221 14.0784 2.66667
5 17.1211 16.6905 16.9489 0.21094 3.3
2 35.8397 35.8397 35.8397 0 3.16667
1 39.7549 39.7549 39.7549 0 4.3
1 19.4559 19.4559 19.4559 0 1.16667
1 15.7259 15.7259 15.7259 0 3.66667
1 7.00133 7.00133 7.00133 0 3.16667
1 5.08518 5.08518 5.08518 0 3.16667
1 4.73217 4.73217 4.73217 0 3.16667
1 4.39981 4.39981 4.39981 0 2.66667
1 1.74202 1.74202 1.74202 0 2.8
1 1.58416 1.58416 1.58416 0 4.16667
1 1.54648 1.54648 1.54648 0 2.66667
1 1.28602 1.28602 1.28602 0 2.66667
1 1.26486 1.26486 1.26486 0 3.16667
1 1.24091 1.24091 1.24091 0 2.66667
1 1.22473 1.22473 1.22473 0 2.66667
1 1.22416 1.22416 1.22416 0 2.66667
1 1.22416 1.22416 1.22416 0 2.66667
1 1.22416 1.22416 1.22416 0 2.66667
1 1.22416 1.22416 1.22416 0 2.66667
1 1.22416 1.22416 1.22416 0 2.66667
1 1.14573 1.14573 1.14573 0 3.16667
1 0.947069 0.947069 0.947069 0 3.66667
1 0.0805163 0.0805163 0.0805163 0 3.16667
1 0.0522606 0.0522606 0.0522606 0 2.66667
1 0.0522505 0.0522505 0.0522505 0 1.3
1 0.0181977 0.0181977 0.0181977 0 2.85714
1 0.00285006 0.00285006 0.00285006 0 2.8
1 1e-08 1e-08 1e-08 0 2.66667
1 1e-08 1e-08 1e-08 0 4.3
1 5e-09 5e-09 1e-08 5e-09 4.3
1 1e-08 1e-08 1e-08 0 2.66667

7 21.2402 21.2402 21.2402 0 4.66667
7 20.9967 20.9967 20.9967 0 3.16667
8 18.0336 16.3387 16.8929 0.606832 3.40909
6 22.4965 22.4965 22.4965 0 2.66667
8 16.365 16.365 16.365 0 3.66667
6 23.2363 15.5245 20.0701 2.52399 2.90909
6 18.9907 18.9861 18.9885 0.00185747 0.888889
7 2.77603 2.77603 15.6139 12.8379 0.909091
5 17.1211 16.6905 16.9489 0.21094 3.3
5 2.48672 2.46996 16.5237 14.0504 2.85714
2 35.8397 35.8397 35.8397 0 3.16667
1 39.7549 39.7549 39.7549 0 4.3
1 19.4559 19.4559 19.4559 0 1.16667
1 15.7259 15.7259 15.7259 0 3.66667
1 7.00133 7.00133 7.00133 0 3.16667
1 5.08518 5.08518 5.08518 0 3.16667
1 4.73217 4.73217 4.73217 0 3.16667
1 4.39981 4.39981 4.39981 0 2.66667
1 3.7064 3.7064 3.7064 0 2.8
1 1.58416 1.58416 1.58416 0 4.16667
1 1.54648 1.54648 1.54648 0 2.66667
1 1.28602 1.28602 1.28602 0 2.66667
1 1.26486 1.26486 1.26486 0 3.16667
1 1.24091 1.24091 1.24091 0 2.66667
1 1.22473 1.22473 1.22473 0 2.66667
1 1.22416 1.22416 1.22416 0 2.66667
1 1.22416 1.22416 1.22416 0 2.66667
1 1.22416 1.22416 1.22416 0 2.66667
1 1.22416 1.22416 1.22416 0 2.66667
1 1.22416 1.22416 1.22416 0 2.66667
1 1.14573 1.14573 1.14573 0 3.16667
1 0.947069 0.947069 0.947069 0 3.66667
1 0.0805163 0.0805163 0.0805163 0 3.16667
1 0.0522606 0.0522606 0.0522606 0 2.66667
1 0.0522505 0.0522505 0.0522505 0 1.3
1 0.00285006 0.00285006 0.00285006 0 2.8
1 1e-08 1e-08 1e-08 0 2.66667
1 1e-08 1e-08 1e-08 0 4.3
1 1e-08 1e-08 1e-08 0 4.8
1 1e-08 1e-08 1e-08 0 2.66667

7 21.4151 21.4151 21.4151 0 0.909091
5 29.8406 29.6395 29.6797 0.0804188 2.85714
6 22.4965 22.4965 22.4965 0 2.66667
8 18.0336 16.1672 16.8125 0.605737 3.40909
8 16.365 16.365 16.365 0 3.66667
6 21.2469 18.8851 19.9831 0.866372 3.38889
8 2.82647 2.82647 14.3116 11.4852 2.66667
6 18.9892 18.9861 18.9873 0.00100421 0.888889
7 2.56347 2.56347 15.039 12.4755 4.16667
5 17.1211 16.6905 16.9489 0.21094 3.3
2 35.8397 35.8397 35.8397 0 3.16667
1 39.7549 39.7549 39.7549 0 4.3
1 15.7259 15.7259 15.7259 0 3.66667
1 9.72795 9.72795 11.7479 2.01992 1.16667
1 7.00133 7.00133 7.00133 0 3.16667
1 5.08518 5.08518 5.08518 0 3.16667
1 4.73217 4.73217 4.73217 0 3.16667
1 4.39981 4.39981 4.39981 0 2.66667
1 1.73671 1.73671 1.73671 0 2.8
1 1.58416 1.58416 1.58416 0 4.16667
1 1.54648 1.54648 1.54648 0 2.66667
1 1.28602 1.28602 1.28602 0 2.66667
1 1.26486 1.26486 1.26486 0 3.16667
1 1.24091 1.24091 1.24091 0 2.66667
1 1.22473 1.22473 1.22473 0 2.66667
1 1.22416 1.22416 1.22416 0 2.66667
1 1.22416 1.22416 1.22416 0 2.66667
1 1.22416 1.22416 1.22416 0 2.66667
1 1.22416 1.22416 1.22416 0 2.66667
1 1.22416 1.22416 1.22416 0 2.66667
1 1.14573 1.14573 1.14573 0 3.16667
1 0.947069 0.947069 0.947069 0 3.66667
1 0.256658 0.256658 0.256658 0 4.8
1 0.0805163 0.0805163 0.0805163 0 3.16667
1 0.0522606 0.0522606 0.0522606 0 2.66667
1 0.0522505 0.0522505 0.0522505 0 1.3
1 0.0240695 0.0240695 0.0240695 0 3.3
1 0.00285006 0.00285006 0.00285006 0 2.8
1 1e-08 1e-08 1e-08 0 2.66667
1 1e-08 1e-08 1e-08 0 4.3
1 1e-08 1e-08 1e-08 0 4.8
1 1e-08 1e-08 1e-08 0 2.66667
1 1e-08 1e-08 1e-08 0 3.16667

7 21.2402 21.2402 21.2402 0 4.16667
8 18.3721 18.3721 18.3721 0 3.16667
6 22.4965 22.4965 22.4965 0 2.66667
8 18.0336 16.1672 16.8384 0.611738 3.40909
8 16.365 16.365 16.365 0 3.66667
6 23.2363 18.9905 20.6533 1.66504 3.38889
6 18.991 18.9861 18.9885 0.00190995 0.888889
6 2.20557 2.20449 16.8498 14.645 0.909091
5 3.55245 3.52852 17.5486 14.0153 2.85714
5 17.1211 16.6905 16.9489 0.21094 3.3
2 74.0988 5e-09 37.0494 37.0494 2.88889
2 35.8397 35.8397 35.8397 0 3.16667
1 39.7549 39.7549 39.7549 0 4.3
1 19.4559 19.4559 19.4559 0 1.16667
1 15.7259 15.7259 15.7259 0 3.66667
1 7.00133 7.00133 7.00133 0 3.16667
1 5.08518 5.08518 5.08518 0 3.16667
1 4.73217 4.73217 4.73217 0 3.16667
1 4.39981 4.39981 4.39981 0 2.66667
1 3.7064 3.7064 3.7064 0 2.8
1 1.58416 1.58416 1.58416 0 4.16667
1 1.54648 1.54648 1.54648 0 2.66667
1 1.28602 1.28602 1.28602 0 2.66667
1 1.26486 1.26486 1.26486 0 3.16667
1 1.24091 1.24091 1.24091 0 2.66667
1 1.22473 1.22473 1.22473 0 2.66667
1 1.22416 1.22416 1.22416 0 2.66667
1 1.22416 1.22416 1.22416 0 2.66667
1 1.22416 1.22416 1.22416 0 2.66667
1 1.22416 1.22416 1.22416 0 2.66667
1 1.22416 1.22416 1.22416 0 2.66667
1 1.14573 1.14573 1.14573 0 3.16667
1 0.947069 0.947069 0.947069 0 3.66667
1 0.256658 0.256658 0.256658 0 4.8
1 0.0805163 0.0805163 0.0805163 0 3.16667
1 0.0522606 0.0522606 0.0522606 0 2.66667
1 0.0522505 0.0522505 0.0522505 0 1.3
1 0.0240695 0.0240695 0.0240695 0 3.3
1 0.00285006 0.00285006 0.00285006 0 2.8
1 1e-08 1e-08 1e-08 0 2.66667
1 1e-08 1e-08 1e-08 0 4.3
1 1e-08 1e-08 1e-08 0 4.8
1 1e-08 1e-08 1e-08 0 2.66667
1 1e-08 1e-08 1e-08 0 3.16667

6 24.9964 24.9842 24.9883 0.00574957 0.909091
5 29.8406 29.6395 29.6797 0.0804188 2.85714
8 18.0336 16.3387 16.8875 0.617534 3.40909
6 22.4965 22.4965 22.4965 0 2.66667
8 16.365 16.365 16.365 0 3.66667
8 2.57854 2.57854 14.9641 12.3856 3.16667
6 22.4534 15.5245 19.557 2.10477 2.88889
6 18.9907 18.9861 18.9887 0.0017217 0.888889
6 2.7033 2.7033 15.3648 12.6615 4.16667
5 17.1211 16.6905 16.9489 0.21094 3.3
3 26.9793 23.8932 24.9219 1.45484 3.16667
2 74.0988 5e-09 37.0494 37.0494 2.85714
1 39.7549 39.7549 39.7549 0 4.3
1 19.4559 19.4559 19.4559 0 1.16667
1 15.7259 15.7259 15.7259 0 3.66667
1 7.00133 7.00133 7.00133 0 3.16667
1 5.08518 5.08518 5.08518 0 3.16667
1 4.73217 4.73217 4.73217 0 3.16667
1 4.39981 4.39981 4.39981 0 2.66667
1 1.74202 1.74202 1.74202 0 2.8
1 1.58416 1.58416 1.58416 0 4.16667
1 1.54648 1.54648 1.54648 0 2.66667
1 1.28602 1.28602 1.28602 0 2.66667
1 1.26486 1.26486 1.26486 0 3.16667
1 1.24091 1.24091 1.24091 0 2.66667
1 1.22473 1.22473 1.22473 0 2.66667
1 1.22416 1.22416 1.22416 0 2.66667
1 1.22416 1.22416 1.22416 0 2.66667
1 1.22416 1.22416 1.22416 0 2.66667
1 1.22416 1.22416 1.22416 0 2.66667
1 1.22416 1.22416 1.22416 0 2.66667
1 1.14573 1.14573 1.14573 0 3.16667
1 0.947069 0.947069 0.947069 0 3.66667
1 0.520128 0.520128 0.520128 0 3.16667
1 0.256658 0.256658 0.256658 0 4.8
1 0.0805163 0.0805163 0.0805163 0 3.16667
1 0.0522606 0.0522606 0.0522606 0 2.66667
1 0.0522505 0.0522505 0.0522505 0 1.3
1 0.0303126 0.0303126 0.0303126 0 3.3
1 0.0240695 0.0240695 0.0240695 0 3.3
1 0.00285006 0.00285006 0.00285006 0 2.8
1 1e-08 1e-08 1e-08 0 2.66667
1 1e-08 1e-08 1e-08 0 4.3
1 1e-08 1e-08 1e-08 0 4.8

6 24.7802 24.7802 24.7802 0 4.16667
8 18.3721 18.3721 18.3721 0 3.16667
6 22.4965 22.4965 22.4965 0 2.66667
8 18.0336 16.1672 16.7706 0.613052 3.40909
8 16.365 16.365 16.365 0 3.66667
6 20.7389 19.1657 19.832 0.623827 3.38889
6 18.991 18.9861 18.9883 0.00185058 0.888889
7 2.76302 2.7444 15.8898 13.1374 2.85714
7 2.58584 2.58458 14.7877 12.2028 2.90909
5 17.1211 16.6905 16.9489 0.21094 3.3
3 26.9793 23.8932 24.9219 1.45484 3.16667
1 39.7549 39.7549 39.7549 0 4.3
1 19.4559 19.4559 19.4559 0 1.16667
1 15.7259 15.7259 15.7259 0 3.66667
1 7.00133 7.00133 7.00133 0 3.16667
1 5.08518 5.08518 5.08518 0 3.16667
1 4.73217 4.73217 4.73217 0 3.16667
1 4.39981 4.39981 4.39981 0 2.66667
1 3.7064 3.7064 3.7064 0 2.8
1 1.58416 1.58416 1.58416 0 4.16667
1 1.54648 1.54648 1.54648 0 2.66667
1 1.28602 1.28602 1.28602 0 2.66667
1 1.26486 1.26486 1.26486 0 3.16667
1 1.24091 1.24091 1.24091 0 2.66667
1 1.22473 1.22473 1.22473 0 2.66667
1 1.22416 1.22416 1.22416 0 2.66667
1 1.22416 1.22416 1.22416 0 2.66667
1 1.22416 1.22416 1.22416 0 2.66667
1 1.22416 1.22416 1.22416 0 2.66667
1 1.22416 1.22416 1.22416 0 2.66667
1 1.14573 1.14573 1.14573 0 3.16667
1 0.947069 0.947069 0.947069 0 3.66667
1 0.520128 0.520128 0.520128 0 3.16667
1 0.256658 0.256658 0.256658 0 4.8
1 0.0805163 0.0805163 0.0805163 0 3.16667
1 0.0522606 0.0522606 0.0522606 0 2.66667
1 0.0522505 0.0522505 0.0522505 0 1.3
1 0.0303126 0.0303126 0.0303126 0 3.3
1 0.0240695 0.0240695 0.0240695 0 3.3
1 0.00285006 0.00285006 0.00285006 0 2.8
1 1e-08 1e-08 1e-08 0 4.3
1 1e-08 1e-08 1e-08 0 4.8

7 21.4255 21.4151 21.418 0.00472277 0.909091
7 21.3147 21.1711 21.2326 0.071066 2.85714
6 22.4965 22.4965 22.4965 0 2.66667
8 18.0336 16.1672 16.7794 0.617343 3.40909
8 16.365 16.365 16.365 0 3.66667
8 2.53408 2.53408 15.4223 12.8882 3.16667
6 18.9907 18.9861 18.989 0.00174568 0.888889
7 2.75336 2.75336 14.9712 12.2178 4.16667
6 21.2469 1.36299 16.8576 6.97404 3.38889
5 17.1211 16.6905 16.9489 0.21094 3.3
3 26.9793 23.8932 24.9219 1.45484 3.16667
1 39.7549 39.7549 39.7549 0 4.3
1 19.4559 19.4559 19.4559 0 1.16667
1 15.7259 15.7259 15.7259 0 3.66667
1 7.00133 7.00133 7.00133 0 3.16667
1 5.08518 5.08518 5.08518 0 3.16667
1 4.73217 4.73217 4.73217 0 3.16667
1 4.39981 4.39981 4.39981 0 2.66667
1 3.7064 3.7064 3.7064 0 2.8
1 1.58416 1.58416 1.58416 0 4.16667
1 1.54648 1.54648 1.54648 0 2.66667
1 1.28602 1.28602 1.28602 0 2.66667
1 1.26486 1.26486 1.26486 0 3.16667
1 1.24091 1.24091 1.24091 0 2.66667
1 1.22473 1.22473 1.22473 0 2.66667
1 1.22416 1.22416 1.22416 0 2.66667
1 1.22416 1.22416 1.22416 0 2.66667
1 1.22416 1.22416 1.22416 0 2.66667
1 1.22416 1.22416 1.22416 0 2.66667
1 1.22416 1.22416 1.22416 0 2.66667
1 1.14573 1.14573 1.14573 0 3.16667
1 0.947069 0.947069 0.947069 0 3.66667
1 0.260064 0.260064 0.260064 5e-09 3.16667
1 0.256658 0.256658 0.256658 0 4.8
1 0.0805163 0.0805163 0.0805163 0 3.16667
1 0.0522606 0.0522606 0.0522606 0 2.66667
1 0.0522505 0.0522505 0.0522505 0 1.3
1 0.0366197 0.0366197 0.0366197 0 2.16667
1 0.0303126 0.0303126 0.0303126 0 3.3
1 0.0240695 0.0240695 0.0240695 0 3.3
1 0.00285006 0.00285006 0.00285006 0 2.8

7 21.2402 21.2402 21.2402 0 4.16667
6 22.4965 22.4965 22.4965 0 2.66667
8 18.0336 16.3387 16.847 0.610049 3.40909
8 16.365 16.365 16.365 0 3.66667
9 12.2481 6.74483 12.9688 2.18311 3.16667
6 18.991 18.9861 18.9886 0.00187455 0.888889
8 2.57246 2.57246 13.2087 10.6362 2.88889
6 22.4534 1.36299 16.702 7.20496 3.38889
7 2.72688 2.72555 13.3543 10.628 0.909091
5 17.1211 16.6905 16.9489 0.21094 3.3
1 39.7549 39.7549 39.7549 0 4.3
1 19.4559 19.4559 19.4559 0 1.16667
1 15.7259 15.7259 15.7259 0 3.66667
1 7.00133 7.00133 7.00133 0 3.16667
1 5.08518 5.08518 5.08518 0 3.16667
1 4.73217 4.73217 4.73217 0 3.16667
1 4.39981 4.39981 4.39981 0 2.66667
1 1.74202 1.74202 1.74202 0 2.8
1 1.58416 1.58416 1.58416 0 4.16667
1 1.54648 1.54648 1.54648 0 2.66667
1 1.28602 1.28602 1.28602 0 2.66667
1 1.26486 1.26486 1.26486 0 3.16667
1 1.24091 1.24091 1.24091 0 2.66667
1 1.22473 1.22473 1.22473 0 2.66667
1 1.22416 1.22416 1.22416 0 2.66667
1 1.22416 1.22416 1.22416 0 2.66667
1 1.22416 1.22416 1.22416 0 2.66667
1 1.22416 1.22416 1.22416 0 2.66667
1 1.22416 1.22416 1.22416 0 2.66667
1 1.14573 1.14573 1.14573 0 3.16667
1 0.947069 0.947069 0.947069 0 3.66667
1 0.256658 0.256658 0.256658 0 4.8
1 0.0805163 0.0805163 0.0805163 0 3.16667
1 0.0522606 0.0522606 0.0522606 0 2.66667
1 0.0522505 0.0522505 0.0522505 0 1.3
1 0.0366197 0.0366197 0.0366197 0 2.16667
1 0.0303126 0.0303126 0.0303126 0 3.3
1 0.0240695 0.0240695 0.0240695 0 3.3
1 0.0163774 0.0163774 0.0163774 0 2.85714
1 0.00285006 0.00285006 0.00285006 0 2.8

7 21.4255 21.4151 21.421 0.00517354 0.909091
8 18.6504 18.385 18.5508 0.128483 2.85714
8 18.3721 18.3721 18.3721 0 3.16667
8 18.0336 16.3387 16.8102 0.625481 3.40909
8 16.365 16.365 16.365 0 3.66667
6 18.9914 18.9861 18.9894 0.00186535 0.888889
7 2.36002 2.36002 15.9036 13.5436 4.16667
7 2.96428 2.69958 15.415 12.678 2.66667
6 21.2469 1.36299 16.1813 6.87588 3.38889
5 17.1211 16.6905 16.9489 0.21094 3.3
1 80.938 80.938 80.938 0 3.16667
1 39.7549 39.7549 39.7549 0 4.3
1 19.4559 19.4559 19.4559 0 1.16667
1 15.7259 15.7259 15.7259 0 3.66667
1 7.00133 7.00133 7.00133 0 3.16667
1 5.08518 5.08518 5.08518 0 3.16667
1 4.73217 4.73217 4.73217 0 3.16667
1 4.39981 4.39981 4.39981 0 2.66667
1 1.74202 1.74202 1.74202 0 2.8
1 1.58416 1.58416 1.58416 0 4.16667
1 1.54648 1.54648 1.54648 0 2.66667
1 1.28602 1.28602 1.28602 0 2.66667
1 1.26486 1.26486 1.26486 0 3.16667
1 1.24091 1.24091 1.24091 0 2.66667
1 1.22473 1.22473 1.22473 0 2.66667
1 1.22416 1.22416 1.22416 0 2.66667
1 1.22416 1.22416 1.22416 0 2.66667
1 1.22416 1.22416 1.22416 0 2.66667
1 1.22416 1.22416 1.22416 0 2.66667
1 1.22416 1.22416 1.22416 0 2.66667
1 1.14573 1.14573 1.14573 0 3.16667
1 0.947069 0.947069 0.947069 0 3.66667
1 0.256658 0.256658 0.256658 0 4.8
1 0.0805163 0.0805163 0.0805163 0 3.16667
1 0.0522606 0.0522606 0.0522606 0 2.66667
1 0.0522505 0.0522505 0.0522505 0 1.3
1 0.0366197 0.0366197 0.0366197 0 2.16667
1 0.0303126 0.0303126 0.0303126 0 3.3
1 0.0240695 0.0240695 0.0240695 0 3.3
1 0.0163774 0.0163774 0.0163774 0 2.85714
1 0.00285006 0.00285006 0.00285006 0 2.8

7 21.2402 21.2402 21.2402 0 4.16667
9 16.3307 8.99311 15.5154 2.306 3.16667
7 21.1734 19.2827 19.5528 0.661619 2.66667
8 18.0336 16.1672 16.7848 0.613659 3.40909
8 16.365 16.365 16.365 0 3.66667
6 23.2363 18.8851 20.4291 1.52188 3.38889
6 18.9907 18.9861 18.9879 0.00162379 0.888889
7 2.66434 2.66434 14.108 11.4436 2.85714
6 2.54201 2.54201 14.4737 11.9317 0.909091
5 17.1211 16.6905 16.9489 0.21094 3.3
1 39.7549 39.7549 39.7549 0 4.3
1 19.4559 19.4559 19.4559 0 1.16667
1 15.7259 15.7259 15.7259 0 3.66667
1 7.00133 7.00133 7.00133 0 3.16667
1 5.08518 5.08518 5.08518 0 3.16667
1 4.73217 4.73217 4.73217 0 3.16667
1 4.39981 4.39981 4.39981 0 2.66667
1 3.7064 3.7064 3.7064 0 2.8
1 1.58416 1.58416 1.58416 0 4.16667
1 1.54648 1.54648 1.54648 0 2.66667
1 1.28602 1.28602 1.28602 0 2.66667
1 1.26486 1.26486 1.26486 0 3.16667
1 1.24091 1.24091 1.24091 0 2.66667
1 1.22473 1.22473 1.22473 0 2.66667
1 1.22416 1.22416 1.22416 0 2.66667
1 1.22416 1.22416 1.22416 0 2.66667
1 1.22416 1.22416 1.22416 0 2.66667
1 1.22416 1.22416 1.22416 0 2.66667
1 1.22416 1.22416 1.22416 0 2.66667
1 1.14573 1.14573 1.14573 0 3.16667
1 0.947069 0.947069 0.947069 0 3.66667
1 0.256658 0.256658 0.256658 0 4.8
1 0.0805163 0.0805163 0.0805163 0 3.16667
1 0.0522606 0.0522606 0.0522606 0 2.66667
1 0.0522505 0.0522505 0.0522505 0 1.3
1 0.0366197 0.0366197 0.0366197 0 2.16667
1 0.0303126 0.0303126 0.0303126 0 3.3
1 0.0240695 0.0240695 0.0240695 0 3.3
1 0.0163774 0.0163774 0.0163774 0 2.85714
1 0.00285006 0.00285006 0.00285006 0 2.8

6 24.9964 24.9964 24.9964 0 0.909091
7 21.3147 21.0114 21.2714 0.106136 2.85714
7 21.1734 19.2827 19.5528 0.661619 2.66667
8 18.0336 16.1672 16.8042 0.613706 3.40909
8 16.365 16.365 16.365 0 3.66667
8 3.12716 3.12716 15.259 12.1319 3.16667
6 21.2469 15.5245 19.4893 1.9146 2.88889
6 18.991 18.9861 18.9886 0.00187455 0.888889
7 2.7033 2.7033 14.6915 11.9882 4.16667
5 17.1211 16.6905 16.9489 0.21094 3.3
5 8.0938 8.0938 14.5694 6.47559 3.16667
1 39.7549 39.7549 39.7549 0 4.3
1 19.4559 19.4559 19.4559 0 1.16667
1 15.7259 15.7259 15.7259 0 3.66667
1 7.00133 7.00133 7.00133 0 3.16667
1 5.08518 5.08518 5.08518 0 3.16667
1 4.73217 4.73217 4.73217 0 3.16667
1 4.39981 4.39981 4.39981 0 2.66667
1 2.45191 2.45191 2.45191 0 3.16667
1 1.58416 1.58416 1.58416 0 4.16667
1 1.54648 1.54648 1.54648 0 2.66667
1 1.28602 1.28602 1.28602 0 2.66667
1 1.26486 1.26486 1.26486 0 3.16667
1 1.24091 1.24091 1.24091 0 2.66667
1 1.22473 1.22473 1.22473 0 2.66667
1 1.22416 1.22416 1.22416 0 2.66667
1 1.22416 1.22416 1.22416 0 2.66667
1 1.22416 1.22416 1.22416 0 2.66667
1 1.22416 1.22416 1.22416 0 2.66667
1 1.22416 1.22416 1.22416 0 2.66667
1 1.14573 1.14573 1.14573 0 3.16667
1 0.947069 0.947069 0.947069 0 3.66667
1 0.871011 0.871011 0.944305 0.0732941 3.16667
1 0.256658 0.256658 0.256658 0 4.8
1 0.0805163 0.0805163 0.0805163 0 3.16667
1 0.0522606 0.0522606 0.0522606 0 2.66667
1 0.0522505 0.0522505 0.0522505 0 1.3
1 0.0366197 0.0366197 0.0366197 0 2.16667
1 0.0303126 0.0303126 0.0303126 0 3.3

7 21.2402 21.2402 21.2402 0 4.16667
7 21.1734 19.2827 19.5528 0.661619 2.66667
8 18.0336 16.1672 16.7794 0.617343 3.40909
8 16.365 16.365 16.365 0 3.66667
9 12.2481 6.74483 13.8849 2.83653 3.16667
6 20.739 15.5245 19.0545 1.73901 2.88889
6 18.991 18.9861 18.9886 0.0019365 0.888889
6 2.44595 2.44595 15.0438 12.5978 2.85714
6 2.94076 2.94076 14.2267 11.286 0.909091
5 17.1211 16.6905 16.9489 0.21094 3.3
1 80.938 80.938 80.938 0 3.16667
1 39.7549 39.7549 39.7549 0 4.3
1 19.4559 19.4559 19.4559 0 1.16667
1 15.7259 15.7259 15.7259 0 3.66667
1 7.00133 7.00133 7.00133 0 3.16667
1 5.08518 5.08518 5.08518 0 3.16667
1 4.73217 4.73217 4.73217 0 3.16667
1 4.39981 4.39981 4.39981 0 2.66667
1 3.7064 3.7064 3.7064 0 2.8
1 2.45191 2.45191 2.45191 0 3.16667
1 1.58416 1.58416 1.58416 0 4.16667
1 1.54648 1.54648 1.54648 0 2.66667
1 1.28602 1.28602 1.28602 0 2.66667
1 1.26486 1.26486 1.26486 0 3.16667
1 1.24091 1.24091 1.24091 0 2.66667
1 1.22473 1.22473 1.22473 0 2.66667
1 1.22416 1.22416 1.22416 0 2.66667
1 1.22416 1.22416 1.22416 0 2.66667
1 1.22416 1.22416 1.22416 0 2.66667
1 1.22416 1.22416 1.22416 0 2.66667
1 1.22416 1.22416 1.22416 0 2.66667
1 1.14573 1.14573 1.14573 0 3.16667
1 0.947069 0.947069 0.947069 0 3.66667
1 0.256658 0.256658 0.256658 0 4.8
1 0.0805163 0.0805163 0.0805163 0 3.16667
1 0.0522606 0.0522606 0.0522606 0 2.66667
1 0.0522505 0.0522505 0.0522505 0 1.3
1 0.0366197 0.0366197 0.0366197 0 2.16667
1 0.0303126 0.0303126 0.0303126 0 3.3
1 1e-08 1e-08 1e-08 0 2.88889

6 24.9964 24.9964 24.9964 0 0.909091
8 18.3721 18.3721 18.3721 0 3.16667
8 18.0336 16.3387 16.847 0.610049 3.40909
8 16.365 16.365 16.365 0 3.66667
7 21.3147 1.42857e-09 18.1831 7.42439 2.85714
6 22.4534 12.4709 19.0684 3.15162 2.88889
6 18.991 18.9861 18.988 0.00164728 0.888889
7 2.65502 2.65502 14.4205 11.7655 4.16667
6 2.55541 2.32722 15.8316 13.3527 2.66667
5 17.1211 16.6905 16.9489 0.21094 3.3
2 40.469 40.469 40.469 0 3.16667
1 39.7549 39.7549 39.7549 0 4.3
1 19.4559 19.4559 19.4559 0 1.16667
1 15.7259 15.7259 15.7259 0 3.66667
1 7.00133 7.00133 7.00133 0 3.16667
1 5.08518 5.08518 5.08518 0 3.16667
1 4.73217 4.73217 4.73217 0 3.16667
1 4.39981 4.39981 4.39981 0 2.66667
1 3.7064 3.7064 3.7064 0 2.8
1 2.45191 2.45191 2.45191 0 3.16667
1 1.58416 1.58416 1.58416 0 4.16667
1 1.54648 1.54648 1.54648 0 2.66667
1 1.28602 1.28602 1.28602 0 2.66667
1 1.26486 1.26486 1.26486 0 3.16667
1 1.24091 1.24091 1.24091 0 2.66667
1 1.22473 1.22473 1.22473 0 2.66667
1 1.22416 1.22416 1.22416 0 2.66667
1 1.22416 1.22416 1.22416 0 2.66667
1 1.22416 1.22416 1.22416 0 2.66667
1 1.22416 1.22416 1.22416 0 2.66667
1 1.22416 1.22416 1.22416 0 2.66667
1 1.14573 1.14573 1.14573 0 3.16667
1 0.947069 0.947069 0.947069 0 3.66667
1 0.256658 0.256658 0.256658 0 4.8
1 0.0805163 0.0805163 0.0805163 0 3.16667
1 0.0522606 0.0522606 0.0522606 0 2.66667
1 0.0522505 0.0522505 0.0522505 0 1.3
1 0.0366197 0.0366197 0.0366197 0 2.16667
1 0.0303126 0.0303126 0.0303126 0 3.3

6 24.7802 24.7802 24.7802 0 4.16667
6 24.7023 22.4965 23.967 1.03985 2.66667
8 18.0336 16.3387 16.8102 0.625481 3.40909
9 16.5201 14.5466 14.7659 0.620216 3.66667
7 21.3147 1.42857e-09 18.1398 7.40685 2.85714
8 2.57854 2.57854 14.7535 12.1749 3.16667
6 20.739 18.8851 19.463 0.598188 2.88889
6 18.9914 18.9861 18.9894 0.00183152 0.888889
7 2.58584 2.58584 14.6698 12.0839 0.909091
5 17.1211 16.6905 16.9489 0.21094 3.3
1 80.938 80.938 80.938 0 3.16667
1 39.7549 39.7549 39.7549 0 4.3
1 19.4559 19.4559 19.4559 0 1.16667
1 15.7259 15.7259 15.7259 0 3.66667
1 7.00133 7.00133 7.00133 0 3.16667
1 5.08518 5.08518 5.08518 0 3.16667
1 4.73217 4.73217 4.73217 0 3.16667
1 4.39981 4.39981 4.39981 0 2.66667
1 1.73671 1.73671 1.73671 0 2.8
1 1.58416 1.58416 1.58416 0 4.16667
1 1.54648 1.54648 1.54648 0 2.66667
1 1.28602 1.28602 1.28602 0 2.66667
1 1.26486 1.26486 1.26486 0 3.16667
1 1.24091 1.24091 1.24091 0 2.66667
1 1.22473 1.22473 1.22473 0 2.66667
1 1.22416 1.22416 1.22416 0 2.66667
1 1.22416 1.22416 1.22416 0 2.66667
1 1.22416 1.22416 1.22416 0 2.66667
1 1.22416 1.22416 1.22416 0 2.66667
1 1.22416 1.22416 1.22416 0 2.66667
1 1.14573 1.14573 1.14573 0 3.16667
1 0.947069 0.947069 0.947069 0 3.66667
1 0.256658 0.256658 0.256658 0 4.8
1 0.0805163 0.0805163 0.0805163 0 3.16667
1 0.0522606 0.0522606 0.0522606 0 2.66667
1 0.0522505 0.0522505 0.0522505 0 1.3
1 0.0366197 0.0366197 0.0366197 0 2.16667
1 0.0303126 0.0303126 0.0303126 0 3.3
1 1e-08 1e-08 1e-08 0 3.66667

