5 1 0.0522536 0.0522536 0.0522536 0 2
1 1 1e-08 1e-08 1e-08 0 0
2 1 1e-08 1e-08 1e-08 0 2
3 1 1e-08 1e-08 1e-08 0 2
4 1 1e-08 1e-08 1e-08 0 2

5 97 1.22465 0.0323371 0.12507 0.123814 2
1 1 5e-09 5e-09 1e-08 5e-09 0
2 1 1e-08 1e-08 1e-08 0 2
3 1 3.33333e-09 3.33333e-09 1e-08 6.66667e-09 2.66667
4 1 5e-09 5e-09 1e-08 5e-09 2

5 99 0.672178 0.0275165 0.169629 0.168165 2
1 1 3.33333e-09 3.33333e-09 1e-08 6.66667e-09 0
2 1 2e-09 2e-09 1e-08 8e-09 2

9 1 1.22463 1.22463 1.22463 0 3.16667
2 3 1.22466 1e-08 0.408219 0.33331 2
5 13 0.0877988 0.0842353 0.255032 0.248514 2
1 1 3.33333e-09 3.33333e-09 1e-08 6.66667e-09 0
6 1 5e-09 5e-09 1e-08 5e-09 2
7 1 5e-09 5e-09 1e-08 5e-09 2
8 1 1e-08 1e-08 1e-08 0 3.16667

5 15 1.27646 1.22465 1.23438 1.15209 2.66667
9 45 7.27504 0.776175 1.14777 1.12751 3.16667
2 5 0.20411 0.00871148 0.137661 0.111387 2
1 1 5e-09 5e-09 1e-08 5e-09 0
6 1 1e-08 1e-08 1e-08 0 2.66667
7 1 1e-08 1e-08 1e-08 0 2
8 1 1e-08 1e-08 1e-08 0 3.16667

15 2 1.22465 1.22465 1.22465 0.612326 2.66667
9 13 1.63977 0.174947 1.22199 1.19983 3.16667
8 11 1.27646 1e-08 1.07483 0.977917 2.66667
11 6 1.22465 0.0522684 1.02925 0.860798 2.66667
13 10 1.02054 0.95025 1.01702 0.915668 2.8
5 10 0.395051 0.39505 0.954864 0.915359 2.66667
10 4 1.26697 1e-08 0.950227 0.725748 2.66667
14 4 1.22465 1e-08 0.918489 0.701508 2.66667
12 3 1.22465 1e-08 0.816435 0.577307 2.66667
2 1 0.0522689 0.0522689 0.0522689 0 2.8
1 1 5e-09 5e-09 1e-08 5e-09 0.666667
6 1 1e-08 1e-08 1e-08 0 2.66667
7 1 1e-08 1e-08 1e-08 0 2

9 13 5.96876 0.636809 1.44868 1.36825 3.3
18 1 1.22465 1.22465 1.22465 0 2.66667
5 11 0.986753 0.612329 1.20303 1.14431 2.66667
13 10 0.583168 0.583168 1.15961 1.10129 2.66667
8 8 0.464167 0.464167 0.961284 0.903263 2.66667
14 8 1.08858 8.88889e-09 0.952507 0.834658 2.66667
15 8 0.515643 0.515643 0.913379 0.848923 2.66667
10 7 0.521693 0.521693 0.825924 0.751397 2.66667
12 3 1.22465 1e-08 0.816435 0.577307 2.66667
1 2 1.22464 1e-08 0.61232 0.432975 0.666667
11 5 0.322277 0.322277 0.593853 0.529398 2.66667
2 1 0.0261344 0.0261344 0.0522672 0.0261328 2.8
6 1 1e-08 1e-08 1e-08 0 2.66667
7 1 1e-08 1e-08 1e-08 0 2
16 1 1e-08 1e-08 1e-08 0 2.66667
17 1 1e-08 1e-08 1e-08 0 2.66667
19 1 1e-08 1e-08 1e-08 0 2.66667

9 15 6.14914 0.656053 1.95286 1.85902 3.16667
8 10 1.84659 0.850973 1.31331 1.21862 2.66667
10 7 1.26697 1.26697 1.26697 1.08597 2.66667
5 10 0.789403 0.489863 1.23767 1.18275 2.66667
11 5 1.22465 1.22465 1.22465 0.979722 2.66667
13 9 0.423918 0.423918 1.18067 1.13357 2.66667
15 8 0.466534 0.466534 1.05219 0.993874 2.66667
18 8 0.544754 0.26479 1.02937 0.991964 2.66667
12 3 1.22465 1e-08 0.816435 0.577307 2.66667
1 2 1.22465 1e-08 0.612326 0.43298 0.666667
21 2 1.22463 1e-08 0.612314 0.432972 1.16667
14 1 0.0174228 0.0174228 0.0174228 6.66667e-09 2.8
6 1 1e-08 1e-08 1e-08 0 2.66667
7 1 1e-08 1e-08 1e-08 0 2
16 1 1e-08 1e-08 1e-08 0 2.66667
19 1 1e-08 1e-08 1e-08 0 2.66667
20 1 1e-08 1e-08 1e-08 0 2.66667
22 1 1e-08 1e-08 1e-08 0 2.8
23 1 1e-08 1e-08 1e-08 0 3.16667
24 1 1e-08 1e-08 1e-08 0 2.66667

25 2 2.70348 1.27615 1.98982 1.05696 0.8
9 11 3.07957 0.32856 1.84289 1.74121 3.16667
10 10 4.93872 0.703872 1.62007 1.51268 2.66667
8 9 1.2497 0.478673 1.45684 1.37821 2.66667
5 8 1.09203 0.376818 1.38678 1.31402 2.66667
14 4 2.51949 0.0522684 1.25526 0.966406 2.66667
18 5 1.22465 1.22465 1.22465 0.979722 2.66667
11 7 0.535785 0.535785 1.15138 1.07484 0.666667
15 6 0.459245 0.459245 1.07484 0.998297 2.66667
13 6 0.367396 0.367396 1.04357 0.982335 2.66667
12 3 1.22465 1e-08 0.816435 0.577307 2.66667
1 2 1.22465 1e-08 0.612326 0.43298 0.666667
26 1 0.0174237 0.0174237 0.0522678 0.0348441 2.8
6 1 1e-08 1e-08 1e-08 0 2.66667
7 1 1e-08 1e-08 1e-08 0 2
16 1 1e-08 1e-08 1e-08 0 2.66667
19 1 1e-08 1e-08 1e-08 0 2.66667
20 1 1e-08 1e-08 1e-08 0 2.66667
22 1 1e-08 1e-08 1e-08 0 2.8
24 1 1e-08 1e-08 1e-08 0 2.66667
27 1 1e-08 1e-08 1e-08 0 1.16667

9 17 7.22714 0.771065 3.28854 3.11251 3.16667
7 3 8.92954 1e-08 2.97659 2.43034 2.8
25 11 2.48571 1.29297 2.21973 2.07944 0.666667
10 10 3.86521 0.550856 1.93333 1.78529 3.66667
8 8 1.11084 0.425487 1.63092 1.51394 2.66667
5 7 1.55272 0.863409 1.35294 1.21601 2.66667
15 6 1.22465 1.22465 1.22465 1.02054 2.66667
13 6 1.0497 1.0497 1.22465 1.0497 2.66667
11 6 0.918489 0.918489 1.21351 1.06043 2.66667
14 5 0.419914 0.204109 1.03444 0.967948 2.8
12 3 1.22465 1e-08 0.816435 0.577307 2.66667
30 1 0.0522684 0.0522684 0.0522684 0 2.8
29 1 0.0505935 0.0505935 0.0505935 0 0.857143
6 1 1e-08 1e-08 1e-08 0 2.66667
16 1 1e-08 1e-08 1e-08 0 2.66667
19 1 1e-08 1e-08 1e-08 0 2.66667
20 1 1e-08 1e-08 1e-08 0 2.66667
22 1 1e-08 1e-08 1e-08 0 2.8
24 1 1e-08 1e-08 1e-08 0 2.66667
27 1 5e-09 5e-09 1e-08 5e-09 1.16667
28 1 1e-08 1e-08 1e-08 0 2.8
18 1 1e-08 1e-08 1e-08 0 2.66667

9 23 61.6138 1.61351 10.063 9.66755 2.66667
34 3 8.88998 8.8897 8.88979 5.92653 0.666667
7 7 6.94519 7.77778e-09 3.19579 2.77917 2.66667
25 6 0.760596 0.497408 2.77018 2.67591 2.66667
33 5 3.39885 1e-08 2.57699 2.07772 2.8
35 1 2.51949 2.51949 2.51949 0 0.666667
10 5 3.17489 0.452489 2.35593 2.06494 2.66667
14 3 2.51949 0.0522684 1.69708 1.19597 2.66667
5 3 0.591514 0.328918 1.66841 1.50098 2.66667
31 2 0.841829 0.841829 1.26274 0.841828 3.16667
11 2 0.408217 0.408217 1.22465 1.02054 2.66667
15 2 0.204109 0.204109 1.18817 1.08611 2.66667
13 2 0.204109 0.204109 1.0249 0.922845 2.66667
12 1 0.408217 0.408217 0.816435 0.408217 2.66667
18 1 0.408217 0.408217 0.816435 0.408217 2.66667
16 1 0.131142 0.131142 0.131142 5e-09 2.66667
32 1 0.0745276 0.0745276 0.0980539 0.0235263 2.8
8 1 0.0142964 0.0142964 0.0398079 0.0255115 2.8
38 1 1e-08 1e-08 1e-08 0 2.66667
37 1 1e-08 1e-08 1e-08 0 2.66667
36 1 1e-08 1e-08 1e-08 0 2.66667
19 1 1e-08 1e-08 1e-08 0 2.66667
6 1 1e-08 1e-08 1e-08 0 2.66667

9 23 36.2434 0.949121 8.42919 8.11172 3.16667
34 19 4.82599 4.82584 7.12787 6.87388 2.66667
33 11 10.2002 1e-08 4.2248 3.85018 2.8
40 8 5.1974 2.64888 3.62178 3.17019 0.8
7 8 4.20213 0.928709 2.89713 2.55628 2.66667
35 6 0.839829 0.839829 2.30994 2.16997 0.666667
25 5 3.42485 0.0476547 2.07398 1.69186 2.66667
11 2 1.22465 1.22465 1.22465 0.612326 2.66667
15 2 1.22465 1.22465 1.22465 0.612326 2.66667
13 2 1.22465 1.22465 1.22465 0.612326 2.66667
12 1 1.22465 1.22465 1.22465 0 2.66667
10 1 0.0524568 0.0524568 0.081219 0.0287622 2.8
41 1 0.0522684 0.0522684 0.0522684 0 2.8
42 1 0.0334046 0.0334046 0.0334046 0 2.8
46 1 1e-08 1e-08 1e-08 0 3.16667
45 1 1e-08 1e-08 1e-08 0 2.66667
44 1 1e-08 1e-08 1e-08 0 0.857143
43 1 1e-08 1e-08 1e-08 0 2.85714
39 1 3.33333e-09 3.33333e-09 1e-08 6.66667e-09 2.85714
6 1 1e-08 1e-08 1e-08 0 2.66667
19 1 1e-08 1e-08 1e-08 0 2.66667
36 1 1e-08 1e-08 1e-08 0 2.66667
37 1 1e-08 1e-08 1e-08 0 2.66667
38 1 5e-09 5e-09 1e-08 5e-09 2.66667
5 1 1e-08 1e-08 1e-08 0 2.8

9 37 60.6844 1.58917 18.2522 17.7776 3.16667
34 16 3.95368 3.95098 7.92107 7.67411 2.66667
43 10 8.92954 1e-08 6.37761 5.7496 2.8
33 7 2.55006 1.02746 3.84743 3.54665 2.8
40 5 0.999501 0.738959 2.70994 2.52055 2.85714
35 4 0.839829 0.839829 2.18331 1.97335 0.666667
7 4 1.57737 1.57737 1.93272 1.53838 2.66667
13 2 1.22465 1.22465 1.22465 0.612326 2.66667
12 1 1.22465 1.22465 1.22465 0 2.66667
11 1 0.306163 0.306163 0.918489 0.612326 2.66667
15 1 0.408217 0.408217 0.816435 0.408217 2.66667
25 1 0.513728 0.513728 0.576441 0.0627128 2.8
49 1 0.166014 0.166014 0.166014 5e-09 1.16667
41 1 0.0522684 0.0522684 0.0522684 0 2.8
50 1 0.000293096 0.000293096 0.000293096 0 2.8
39 1 1e-08 1e-08 1e-08 0 2.8
6 1 1e-08 1e-08 1e-08 0 2.66667
19 1 1e-08 1e-08 1e-08 0 2.66667
37 1 1e-08 1e-08 1e-08 0 2.66667
5 1 1e-08 1e-08 1e-08 0 2.8
47 1 1e-08 1e-08 1e-08 0 0.666667
48 1 1e-08 1e-08 1e-08 0 2.85714
45 1 1e-08 1e-08 1e-08 0 2.66667
46 1 1e-08 1e-08 1e-08 0 3.16667

9 36 33.6415 4.80491 26.3069 25.6645 3.16667
34 12 3.57533 3.55599 8.89177 8.59527 0.666667
33 11 9.35022 0.307062 7.99315 7.27393 2.8
51 1 5.1974 5.1974 5.1974 0 1.3
40 6 3.11844 2.46589 4.45041 3.96726 0.857143
25 1 4.10982 4.10982 4.10982 0 2.66667
43 5 1.35296 1.35296 3.5896 3.31901 2.8
7 4 3.54909 3.54909 3.54909 2.66181 2.66667
35 3 1.88962 1.88962 2.51949 1.88962 0.666667
13 1 0.612326 0.612326 1.22465 0.612326 2.66667
12 1 1.22465 1.22465 1.22465 0 2.66667
11 1 1.22465 1.22465 1.22465 0 2.66667
15 1 1.22465 1.22465 1.22465 0 2.66667
49 1 0.110676 0.110676 0.221351 0.110676 0.666667
41 1 0.0522684 0.0522684 0.0522684 0 2.8
52 1 0.00538056 0.00538056 0.00538056 0 0.8
50 1 0.000293096 0.000293096 0.000293096 0 2.8
6 1 1e-08 1e-08 1e-08 0 2.66667
19 1 1e-08 1e-08 1e-08 0 2.66667
37 1 1e-08 1e-08 1e-08 0 2.66667
47 1 1e-08 1e-08 1e-08 0 0.666667
48 1 1e-08 1e-08 1e-08 0 2.85714
45 1 1e-08 1e-08 1e-08 0 2.66667
46 1 1e-08 1e-08 1e-08 0 3.16667
53 1 1e-08 1e-08 1e-08 0 3.16667
54 1 1e-08 1e-08 1e-08 0 3.16667

9 53 94.9624 7.60444 47.8928 47.0372 3.3
43 7 8.92954 8.92954 8.92954 7.65389 2.8
34 7 2.50375 2.07433 6.5953 6.28991 0.666667
33 7 2.85607 2.85607 6.35734 5.94933 2.8
51 4 1.90147 0.989982 4.37615 4.06714 0.8
25 4 1.82659 1.82659 4.10982 3.65318 2.66667
7 3 2.66181 2.66181 3.54909 2.66181 2.66667
35 2 1.67966 1.67966 2.51949 1.67966 0.666667
15 1 1.22465 1.22465 1.22465 0 2.66667
11 1 1.22465 1.22465 1.22465 0 2.66667
12 1 1.22465 1.22465 1.22465 0 2.66667
13 1 1.22465 1.22465 1.22465 0 2.66667
41 1 0.0522684 0.0522684 0.0522684 0 2.8
50 1 0.000293096 0.000293096 0.000293096 0 2.8
6 1 1e-08 1e-08 1e-08 0 2.66667
19 1 1e-08 1e-08 1e-08 0 2.66667
37 1 1e-08 1e-08 1e-08 0 2.66667
48 1 1e-08 1e-08 1e-08 0 2.85714
45 1 1e-08 1e-08 1e-08 0 2.66667
46 1 1e-08 1e-08 1e-08 0 3.16667
53 1 3.33333e-09 3.33333e-09 1e-08 6.66667e-09 3.16667
54 1 1e-08 1e-08 1e-08 0 3.16667

57 1 80.3659 80.3659 80.3659 0 3.3
9 36 48.2264 27.039 67.6049 66.8212 3.16667
43 3 1.56352 1.33943 6.66394 6.19266 2.8
33 3 1.80004 1.80004 6.27165 5.67164 2.8
34 3 1.78839 1.48972 6.17191 5.60936 0.666667
51 2 3.32757 1.89137 5.25425 3.9658 0.666667
25 2 2.05491 2.05491 4.10982 3.08237 2.66667
7 1 1.18303 1.18303 3.54909 2.36606 2.66667
35 1 1.25974 1.25974 2.51949 1.25974 0.666667
13 1 1.22465 1.22465 1.22465 0 2.66667
12 1 1.22465 1.22465 1.22465 0 2.66667
11 1 1.22465 1.22465 1.22465 0 2.66667
15 1 1.22465 1.22465 1.22465 0 2.66667
41 1 0.0522684 0.0522684 0.0522684 0 2.8
50 1 0.000293096 0.000293096 0.000293096 0 2.8
62 1 1e-08 1e-08 1e-08 0 3.16667
61 1 1e-08 1e-08 1e-08 0 3.16667
60 1 1e-08 1e-08 1e-08 0 3.16667
59 1 1e-08 1e-08 1e-08 0 3.8
58 1 1e-08 1e-08 1e-08 0 3.16667
56 1 1e-08 1e-08 1e-08 0 0.666667
54 1 5e-09 5e-09 1e-08 5e-09 3.16667
53 1 3.33333e-09 3.33333e-09 1e-08 6.66667e-09 3.16667
46 1 1e-08 1e-08 1e-08 0 3.16667
45 1 1e-08 1e-08 1e-08 0 2.66667
48 1 1e-08 1e-08 1e-08 0 2.85714
37 1 1e-08 1e-08 1e-08 0 2.66667
19 1 1e-08 1e-08 1e-08 0 2.66667
6 1 1e-08 1e-08 1e-08 0 2.66667

9 39 76.5786 42.9352 67.0247 65.9018 3.16667
57 33 71.6698 40.1829 56.9914 55.6868 3.35714
33 3 10.2002 10.2002 10.2002 6.80016 2.8
43 3 10.4235 8.92954 9.42751 6.28939 2.8
34 4 10.7303 1e-08 7.59709 5.80524 0.666667
51 3 7.48703 3.08237 5.96912 4.36626 2.66667
7 1 3.54909 3.54909 3.54909 0 2.66667
35 1 2.51949 2.51949 2.51949 0 0.666667
13 1 1.22465 1.22465 1.22465 0 2.66667
12 1 1.22465 1.22465 1.22465 0 2.66667
11 1 1.22465 1.22465 1.22465 0 2.66667
15 1 1.22465 1.22465 1.22465 0 2.66667
41 1 0.0522684 0.0522684 0.0522684 0 2.8
50 1 0.000293096 0.000293096 0.000293096 0 2.8
60 1 1e-08 1e-08 1e-08 0 3.16667
59 1 1e-08 1e-08 1e-08 0 3.8
58 1 1e-08 1e-08 1e-08 0 3.16667
54 1 1e-08 1e-08 1e-08 0 3.16667
53 1 1e-08 1e-08 1e-08 0 3.16667
46 1 1e-08 1e-08 1e-08 0 3.16667
45 1 1e-08 1e-08 1e-08 0 2.66667
48 1 1e-08 1e-08 1e-08 0 2.85714

66 2 80.3689 80.3659 80.3674 40.1837 3.3
9 27 41.6147 23.332 71.7698 70.7557 2.66667
57 24 31.4032 31.1094 64.3047 63.0069 1.35714
43 3 10.4235 8.92954 9.42751 6.28939 2.8
34 2 5.36517 5.35985 7.59709 4.91583 0.666667
51 2 9.98271 4.10982 7.04627 3.81682 2.66667
33 2 2.04005 2.04005 5.89431 4.87428 2.85714
63 1 5.67411 5.67411 5.67411 0 0.8
7 1 3.54909 3.54909 3.54909 0 2.66667
35 1 2.51949 2.51949 2.51949 0 0.666667
13 1 1.22465 1.22465 1.22465 0 2.66667
12 1 1.22465 1.22465 1.22465 0 2.66667
11 1 1.22465 1.22465 1.22465 0 2.66667
15 1 1.22465 1.22465 1.22465 0 2.66667
41 1 0.0522684 0.0522684 0.0522684 0 2.8
50 1 0.000293096 0.000293096 0.000293096 0 2.8
69 1 1e-08 1e-08 1e-08 0 3.16667
68 1 1e-08 1e-08 1e-08 0 3.3
67 1 5e-09 5e-09 1e-08 5e-09 1.16667
65 1 1e-08 1e-08 1e-08 0 3.3
64 1 1e-08 1e-08 1e-08 0 1.16667
48 1 1e-08 1e-08 1e-08 0 2.85714
45 1 1e-08 1e-08 1e-08 0 2.66667
46 1 1e-08 1e-08 1e-08 0 3.16667
53 1 5e-09 5e-09 1e-08 5e-09 3.16667
54 1 1e-08 1e-08 1e-08 0 3.16667
58 1 5e-09 5e-09 1e-08 5e-09 3.16667
59 1 1e-08 1e-08 1e-08 0 3.8
60 1 1e-08 1e-08 1e-08 0 3.16667

66 29 46.7061 26.1867 70.181 69.1064 3.3
9 28 71.6698 40.1829 69.5014 67.9068 3.16667
57 5 143.34 1e-08 44.7411 37.6444 1.35714
34 2 10.7303 10.7197 10.725 5.36251 0.666667
33 2 10.2002 10.2002 10.2002 5.10012 2.8
43 3 10.4235 8.92954 9.42751 6.28939 2.8
51 2 9.98271 4.10982 7.04627 3.81682 0.666667
63 1 5.67411 5.67411 5.67411 0 0.8
7 1 3.54909 3.54909 3.54909 0 2.66667
35 1 2.51949 2.51949 2.51949 0 0.666667
15 1 1.22465 1.22465 1.22465 0 2.66667
11 1 1.22465 1.22465 1.22465 0 2.66667
12 1 1.22465 1.22465 1.22465 0 2.66667
13 1 1.22465 1.22465 1.22465 0 2.66667
71 1 1.22462 1.22462 1.22462 0 3.3
41 1 0.0522684 0.0522684 0.0522684 0 2.8
50 1 0.000293096 0.000293096 0.000293096 0 2.8
72 1 1e-08 1e-08 1e-08 0 3.35714
70 1 1e-08 1e-08 1e-08 0 3.35714
60 1 1e-08 1e-08 1e-08 0 3.16667
59 1 1e-08 1e-08 1e-08 0 3.8
58 1 1e-08 1e-08 1e-08 0 3.16667
54 1 1e-08 1e-08 1e-08 0 3.16667
53 1 1e-08 1e-08 1e-08 0 3.16667
46 1 1e-08 1e-08 1e-08 0 3.16667
45 1 1e-08 1e-08 1e-08 0 2.66667
48 1 1e-08 1e-08 1e-08 0 2.85714
64 1 1e-08 1e-08 1e-08 0 1.16667
65 1 1e-08 1e-08 1e-08 0 3.3
67 1 1e-08 1e-08 1e-08 0 1.16667
68 1 1e-08 1e-08 1e-08 0 3.3
69 1 1e-08 1e-08 1e-08 0 3.16667

66 26 33.575 18.8252 74.8273 73.884 3.3
9 17 143.34 1e-08 71.3104 67.1995 3.3
73 7 143.34 1e-08 64.1814 55.8801 1.3
57 8 30.6157 3.80952e-09 23.3302 20.475 1.35714
34 2 10.7303 10.7197 10.725 5.36251 0.666667
33 2 10.2002 10.2002 10.2002 5.10012 2.8
43 3 10.4235 8.92954 9.42751 6.28939 2.8
51 2 6.65514 3.78274 6.58888 4.04368 2.66667
7 1 3.54909 3.54909 3.54909 0 2.66667
35 1 2.51949 2.51949 2.51949 0 0.666667
15 1 1.22465 1.22465 1.22465 0 2.66667
11 1 1.22465 1.22465 1.22465 0 2.66667
12 1 1.22465 1.22465 1.22465 0 2.66667
13 1 1.22465 1.22465 1.22465 0 2.66667
71 1 1.22462 1.22462 1.22462 0 3.3
74 1 0.0817157 0.0817157 0.0817157 6.66667e-09 1.3
41 1 0.0522684 0.0522684 0.0522684 0 2.8
50 1 0.000293096 0.000293096 0.000293096 0 2.8
69 1 1e-08 1e-08 1e-08 0 3.16667
68 1 1e-08 1e-08 1e-08 0 3.3
67 1 3.33333e-09 3.33333e-09 1e-08 6.66667e-09 1.16667
65 1 5e-09 5e-09 1e-08 5e-09 3.3
64 1 1e-08 1e-08 1e-08 0 1.16667
48 1 1e-08 1e-08 1e-08 0 2.85714
45 1 1e-08 1e-08 1e-08 0 2.66667
46 1 1e-08 1e-08 1e-08 0 3.16667
53 1 1e-08 1e-08 1e-08 0 3.16667
54 1 1e-08 1e-08 1e-08 0 3.16667
58 1 1e-08 1e-08 1e-08 0 3.16667
59 1 1e-08 1e-08 1e-08 0 3.8
60 1 1e-08 1e-08 1e-08 0 3.16667
70 1 1e-08 1e-08 1e-08 0 3.35714
72 1 1e-08 1e-08 1e-08 0 3.35714

66 35 103.594 57.4064 87.0595 84.8292 3.16667
9 22 82.986 6.64539 55.5245 53.0664 3.16667
73 18 43.0019 24.1098 44.3669 42.3304 1.35714
34 2 10.7303 10.7197 10.725 5.36251 0.666667
33 2 10.2002 10.2002 10.2002 5.10012 2.8
51 1 9.98271 9.98271 9.98271 0 0.666667
43 3 10.4235 8.92954 9.42751 6.28939 2.8
75 1 5.67411 5.67411 5.67411 0 0.8
7 1 3.54909 3.54909 3.54909 0 2.66667
35 1 2.51949 2.51949 2.51949 0 0.666667
15 1 1.22465 1.22465 1.22465 0 2.66667
11 1 1.22465 1.22465 1.22465 0 2.66667
12 1 1.22465 1.22465 1.22465 0 2.66667
13 1 1.22465 1.22465 1.22465 0 2.66667
71 1 1.22462 1.22462 1.22462 0 3.3
74 1 0.0817157 0.0817157 0.0817157 6.66667e-09 3.3
41 1 0.0522684 0.0522684 0.0522684 0 2.8
50 1 0.000293096 0.000293096 0.000293096 0 2.8
76 1 1e-08 1e-08 1e-08 0 3.3
57 1 5e-09 5e-09 1e-08 5e-09 3.35714
72 1 1e-08 1e-08 1e-08 0 3.35714
70 1 1e-08 1e-08 1e-08 0 3.35714
60 1 2e-09 2e-09 1e-08 8e-09 3.66667
59 1 1e-08 1e-08 1e-08 0 3.8
58 1 1e-08 1e-08 1e-08 0 3.16667

73 29 113.674 62.9896 101.997 98.653 3.35714
66 24 30.1767 30.1767 85.7982 84.5409 3.16667
77 2 143.34 1e-08 71.6698 50.6782 1.35714
71 2 80.9693 1.22462 41.097 28.6303 3.3
34 3 5.36517 5.36517 10.725 8.93663 0.666667
33 2 2.55006 2.55006 8.1108 6.83577 2.8
43 2 5.21174 4.46477 7.33472 4.91914 2.8
51 1 1.4261 1.4261 6.51499 5.08889 2.66667
7 1 3.54909 3.54909 3.54909 0 2.66667
35 1 2.51949 2.51949 2.51949 0 0.666667
15 1 1.22465 1.22465 1.22465 0 2.66667
11 1 1.22465 1.22465 1.22465 0 2.66667
12 1 1.22465 1.22465 1.22465 0 2.66667
13 1 1.22465 1.22465 1.22465 0 2.66667
78 1 1.03286 1.03286 1.04416 0.0112975 3.35714
41 1 0.0522684 0.0522684 0.0522684 0 2.8
50 1 0.000293096 0.000293096 0.000293096 0 2.8
76 1 1e-08 1e-08 1e-08 0 3.3
72 1 1e-08 1e-08 1e-08 0 3.35714
70 1 1e-08 1e-08 1e-08 0 3.35714
59 1 1e-08 1e-08 1e-08 0 3.8
58 1 1e-08 1e-08 1e-08 0 3.16667
74 1 1e-08 1e-08 1e-08 0 3.35714
75 1 1e-08 1e-08 1e-08 0 0.8
79 1 1e-08 1e-08 1e-08 0 1.16667
80 1 1e-08 1e-08 1e-08 0 3.3
81 1 1e-08 1e-08 1e-08 0 3.3

66 29 48.9062 48.3354 127.551 125.884 1.16667
78 3 142.576 3.09858 96.0833 67.7012 2.8
71 4 80.9693 1.22462 61.0332 46.5818 3.3
73 12 74.7857 41.9301 56.6568 52.9367 1.85714
77 10 39.8246 39.8156 44.0255 40.0438 1.35714
34 2 7.15356 7.15356 10.7303 7.15356 0.666667
33 2 10.2002 10.2002 10.2002 5.10012 2.8
51 1 9.98271 9.98271 9.98271 0 0.666667
43 2 10.4235 8.92954 9.6765 4.85265 2.8
7 1 3.54909 3.54909 3.54909 0 2.66667
35 1 2.51949 2.51949 2.51949 0 0.666667
15 1 1.22465 1.22465 1.22465 0 2.66667
11 1 1.22465 1.22465 1.22465 0 2.66667
12 1 1.22465 1.22465 1.22465 0 2.66667
13 1 1.22465 1.22465 1.22465 0 2.66667
41 1 0.0522684 0.0522684 0.0522684 0 2.8
84 1 0.0284173 0.0284173 0.0284173 0 1.35714
50 1 0.000293096 0.000293096 0.000293096 0 2.8
76 1 1e-08 1e-08 1e-08 0 3.3
72 1 1e-08 1e-08 1e-08 0 3.35714
70 1 1e-08 1e-08 1e-08 0 3.35714
59 1 1e-08 1e-08 1e-08 0 3.8
58 1 1e-08 1e-08 1e-08 0 3.16667
74 1 1e-08 1e-08 1e-08 0 3.35714
75 1 1e-08 1e-08 1e-08 0 0.8
79 1 5e-09 5e-09 1e-08 5e-09 1.16667
80 1 5e-09 5e-09 1e-08 5e-09 3.3
81 1 1e-08 1e-08 1e-08 0 3.3
82 1 5e-09 5e-09 1e-08 5e-09 1.3
83 1 1e-08 1e-08 1e-08 0 3.35714

85 1 143.34 143.34 143.34 0 3.35714
66 22 34.6711 34.2768 111.351 109.792 3.16667
87 3 143.34 1e-08 95.5597 67.5709 3.16667
78 15 43.5096 42.7727 80.1451 77.2769 3.35714
88 2 42.3795 0.0297811 21.2046 14.9834 3.3
34 2 10.7303 10.7303 10.7303 5.36517 0.666667
33 2 10.2002 10.2002 10.2002 5.10012 2.8
51 1 9.98271 9.98271 9.98271 0 0.666667
43 1 5.21174 5.21174 9.6765 4.46477 2.85714
7 1 3.54909 3.54909 3.54909 0 2.66667
35 1 2.51949 2.51949 2.51949 0 0.666667
13 1 1.22465 1.22465 1.22465 0 2.66667
12 1 1.22465 1.22465 1.22465 0 2.66667
11 1 1.22465 1.22465 1.22465 0 2.66667
15 1 1.22465 1.22465 1.22465 0 2.66667
71 1 0.153077 0.153077 0.765386 0.612309 3.3
41 1 0.0522684 0.0522684 0.0522684 0 2.8
50 1 0.000293096 0.000293096 0.000293096 0 2.8
91 1 1e-08 1e-08 1e-08 0 3.16667
90 1 1e-08 1e-08 1e-08 0 3.35714
89 1 1e-08 1e-08 1e-08 0 1.3
86 1 1e-08 1e-08 1e-08 0 2.85714
82 1 5e-09 5e-09 1e-08 5e-09 1.3
81 1 1e-08 1e-08 1e-08 0 3.3
80 1 1e-08 1e-08 1e-08 0 3.3
79 1 1e-08 1e-08 1e-08 0 3.16667
75 1 1e-08 1e-08 1e-08 0 0.8
74 1 1e-08 1e-08 1e-08 0 3.35714
58 1 1e-08 1e-08 1e-08 0 3.16667
59 1 1e-08 1e-08 1e-08 0 3.8
72 1 1e-08 1e-08 1e-08 0 3.35714
76 1 1e-08 1e-08 1e-08 0 3.3

96 1 143.219 143.219 143.219 0 0.8
78 15 103.594 102.245 136.656 129.812 1.3
82 13 133.18 0.356493 112.924 104.301 1.35714
85 12 33.0832 33.0783 107.644 104.888 3.16667
66 10 32.5786 32.5772 88.9229 85.6651 1.16667
89 2 143.34 1e-08 71.6698 50.6782 1.3
94 2 96.7095 1e-08 48.3548 34.192 2.8
92 3 143.34 1e-08 47.7802 39.0122 1.35714
90 3 143.34 1e-08 47.7798 39.0121 2.8
34 1 5.36517 5.36517 10.7303 5.36517 0.666667
43 1 10.4235 10.4235 10.4235 0 2.85714
33 1 5.10012 5.10012 10.2002 5.10012 2.8
51 1 9.98271 9.98271 9.98271 0 0.666667
7 1 3.54909 3.54909 3.54909 0 2.66667
35 1 2.51949 2.51949 2.51949 0 0.666667
15 1 1.22465 1.22465 1.22465 0 2.66667
11 1 1.22465 1.22465 1.22465 0 2.66667
12 1 1.22465 1.22465 1.22465 0 2.66667
13 1 1.22465 1.22465 1.22465 0 2.66667
71 1 0.612309 0.612309 0.612309 5e-09 3.3
41 1 0.0522684 0.0522684 0.0522684 0 2.8
50 1 0.000293096 0.000293096 0.000293096 0 2.8
97 1 1e-08 1e-08 1e-08 0 3.3
87 1 5e-09 5e-09 1e-08 5e-09 3.16667
95 1 1e-08 1e-08 1e-08 0 3.16667
93 1 5e-09 5e-09 1e-08 5e-09 3.16667
76 1 1e-08 1e-08 1e-08 0 3.3
72 1 1e-08 1e-08 1e-08 0 3.35714
59 1 1e-08 1e-08 1e-08 0 3.8
58 1 1e-08 1e-08 1e-08 0 3.16667
74 1 1e-08 1e-08 1e-08 0 3.35714
75 1 1e-08 1e-08 1e-08 0 0.8
79 1 1e-08 1e-08 1e-08 0 3.16667
80 1 1e-08 1e-08 1e-08 0 3.3

100 1 143.306 143.306 143.306 0 2.8
85 18 62.9388 62.9295 122.76 119.263 3.16667
78 18 129.082 3.32131 122.034 115.265 1.35714
96 17 34.726 34.3207 117.682 115.654 1.16667
82 3 143.346 1e-08 47.9136 39.0677 2.85714
94 5 79.6331 5.55556e-09 37.4515 30.6348 2.8
89 2 35.8349 2.5e-09 17.9174 12.6695 3.3
34 1 10.7303 10.7303 10.7303 0 0.666667
43 1 10.4235 10.4235 10.4235 0 2.85714
33 1 10.2002 10.2002 10.2002 0 2.8
51 1 9.98271 9.98271 9.98271 0 0.666667
7 1 3.54909 3.54909 3.54909 0 2.66667
35 1 2.51949 2.51949 2.51949 0 0.666667
15 1 1.22465 1.22465 1.22465 0 2.66667
11 1 1.22465 1.22465 1.22465 0 2.66667
12 1 1.22465 1.22465 1.22465 0 2.66667
13 1 1.22465 1.22465 1.22465 0 2.66667
71 1 1.22462 1.22462 1.22462 0 3.3
41 1 0.0522684 0.0522684 0.0522684 0 2.8
87 1 0.0522541 0.0522541 0.0522541 0 3.3
102 1 0.0297806 0.0297806 0.0297806 0 3.3
98 1 0.0297803 0.0297803 0.0297803 0 2.85714
50 1 0.000293096 0.000293096 0.000293096 0 2.8
103 1 1e-08 1e-08 1e-08 0 3.38889
101 1 1e-08 1e-08 1e-08 0 3.16667
90 1 5e-09 5e-09 1e-08 5e-09 3.35714
99 1 5e-09 5e-09 1e-08 5e-09 3.35714
80 1 1e-08 1e-08 1e-08 0 3.3
79 1 1e-08 1e-08 1e-08 0 3.16667
75 1 1e-08 1e-08 1e-08 0 0.8
74 1 1e-08 1e-08 1e-08 0 3.35714
58 1 1e-08 1e-08 1e-08 0 3.16667
59 1 1e-08 1e-08 1e-08 0 3.8
72 1 1e-08 1e-08 1e-08 0 3.35714
76 1 1e-08 1e-08 1e-08 0 3.3
95 1 1e-08 1e-08 1e-08 0 3.16667
97 1 5e-09 5e-09 1e-08 5e-09 3.3

85 20 66.6806 66.6695 136.686 133.353 2.85714
100 18 55.5442 54.896 122.18 119.116 3.3
96 12 144.653 1e-08 108.864 99.9073 1.35714
78 15 44.3842 43.8813 107.381 104.449 1.35714
94 3 143.34 1e-08 47.8816 39.0537 2.8
89 6 143.34 1e-08 47.7985 41.3929 3.3
99 3 143.339 1e-08 47.7797 39.012 1.35714
34 1 10.7303 10.7303 10.7303 0 0.666667
43 1 10.4235 10.4235 10.4235 0 2.85714
33 1 10.2002 10.2002 10.2002 0 2.8
51 1 9.98271 9.98271 9.98271 0 0.666667
7 1 3.54909 3.54909 3.54909 0 2.66667
35 1 2.51949 2.51949 2.51949 0 0.666667
15 1 1.22465 1.22465 1.22465 0 2.66667
11 1 1.22465 1.22465 1.22465 0 2.66667
12 1 1.22465 1.22465 1.22465 0 2.66667
13 1 1.22465 1.22465 1.22465 0 2.66667
71 1 1.22462 1.22462 1.22462 0 3.3
41 1 0.0522684 0.0522684 0.0522684 0 2.8
98 1 0.0297803 0.0297803 0.0297803 0 2.85714
50 1 0.000293096 0.000293096 0.000293096 0 2.8
106 1 1e-08 1e-08 1e-08 0 1.3
105 1 1e-08 1e-08 1e-08 0 3.16667
104 1 5e-09 5e-09 1e-08 5e-09 3.3
97 1 1e-08 1e-08 1e-08 0 3.3
95 1 1e-08 1e-08 1e-08 0 3.16667
76 1 1e-08 1e-08 1e-08 0 3.3
72 1 1e-08 1e-08 1e-08 0 3.35714
59 1 1e-08 1e-08 1e-08 0 3.8
58 1 1e-08 1e-08 1e-08 0 3.16667
74 1 1e-08 1e-08 1e-08 0 3.35714

85 18 64.5615 64.5082 122.038 118.453 1.35714
96 18 47.8255 47.7806 117.61 114.955 1.35714
100 17 38.5242 38.4123 114.923 112.659 3.35714
107 3 143.361 3.58011 96.7601 68.1431 3.35714
108 3 143.34 1e-08 95.5595 67.5708 1.3
109 6 107.509 0.0222657 43.2801 36.8787 1.35714
34 1 10.7303 10.7303 10.7303 0 0.666667
43 1 10.4235 10.4235 10.4235 0 2.85714
33 1 10.2002 10.2002 10.2002 0 2.8
51 1 9.98271 9.98271 9.98271 0 0.666667
7 1 3.54909 3.54909 3.54909 0 2.66667
35 1 2.51949 2.51949 2.51949 0 0.666667
13 1 1.22465 1.22465 1.22465 0 2.66667
12 1 1.22465 1.22465 1.22465 0 2.66667
11 1 1.22465 1.22465 1.22465 0 2.66667
15 1 1.22465 1.22465 1.22465 0 2.66667
71 1 1.22462 1.22462 1.22462 0 3.3
111 1 0.410556 0.410556 0.410556 0 2.66667
94 1 0.152588 0.152588 0.152588 5e-09 2.8
41 1 0.0522684 0.0522684 0.0522684 0 2.8
110 1 0.0522541 0.0522541 0.0522541 0 3.3
106 1 0.0505105 0.0505105 0.0505105 5e-09 1.3
50 1 0.000293096 0.000293096 0.000293096 0 2.8
72 1 1e-08 1e-08 1e-08 0 3.35714
59 1 1e-08 1e-08 1e-08 0 3.8
58 1 1e-08 1e-08 1e-08 0 3.16667
74 1 1e-08 1e-08 1e-08 0 3.35714
76 1 1e-08 1e-08 1e-08 0 3.3
95 1 1e-08 1e-08 1e-08 0 3.16667
97 1 1e-08 1e-08 1e-08 0 3.3
105 1 1e-08 1e-08 1e-08 0 3.16667
112 1 1e-08 1e-08 1e-08 0 3.35714
113 1 1e-08 1e-08 1e-08 0 3.3

114 2 143.428 143.34 143.384 71.6919 0.888889
96 14 54.2884 54.2423 131.431 127.556 3.35714
85 13 29.9182 29.5955 116.332 114.038 1.35714
100 12 79.1084 78.1918 106.337 99.7534 3.35714
109 10 131.503 0.0270733 97.1209 87.5644 0.8
107 9 64.5353 64.5028 86.5263 79.3582 3.35714
117 2 143.339 1e-08 71.6697 50.6781 0.8
108 3 143.34 1e-08 47.7973 39.0192 1.3
115 2 55.8505 0.148284 27.9994 19.7462 3.3
34 1 10.7303 10.7303 10.7303 0 0.666667
43 1 10.4235 10.4235 10.4235 0 2.85714
33 1 10.2002 10.2002 10.2002 0 2.8
51 1 9.98271 9.98271 9.98271 0 0.666667
7 1 3.54909 3.54909 3.54909 0 2.66667
35 1 2.51949 2.51949 2.51949 0 0.666667
13 1 1.22465 1.22465 1.22465 0 2.66667
12 1 1.22465 1.22465 1.22465 0 2.66667
11 1 1.22465 1.22465 1.22465 0 2.66667
15 1 1.22465 1.22465 1.22465 0 2.66667
71 1 1.22462 1.22462 1.22462 0 3.3
111 1 0.410556 0.410556 0.410556 0 2.66667
94 1 0.305177 0.305177 0.305177 0 2.8
41 1 0.0522684 0.0522684 0.0522684 0 2.8
106 1 0.0336737 0.0336737 0.0337067 3.30239e-05 0.8
118 1 0.0297806 0.0297806 0.0297806 0 3.3
50 1 0.000293096 0.000293096 0.000293096 0 2.8
72 1 1e-08 1e-08 1e-08 0 3.35714
59 1 1e-08 1e-08 1e-08 0 3.8
58 1 1e-08 1e-08 1e-08 0 3.16667
74 1 1e-08 1e-08 1e-08 0 3.35714
76 1 1e-08 1e-08 1e-08 0 3.3
95 1 1e-08 1e-08 1e-08 0 3.16667
97 1 1e-08 1e-08 1e-08 0 3.3
105 1 1e-08 1e-08 1e-08 0 3.16667
112 1 1e-08 1e-08 1e-08 0 3.35714
113 1 1e-08 1e-08 1e-08 0 3.3
116 1 1e-08 1e-08 1e-08 0 3.35714

100 22 86.2353 86.2093 132.916 128.997 1.3
96 19 49.5665 47.7869 115.826 113.306 3.35714
85 6 143.751 1e-08 95.6706 80.5188 1.85714
109 14 63.5694 62.711 85.7057 81.2 1.3
114 10 49.4724 49.4274 65.4504 60.505 0.888889
108 3 143.34 1e-08 47.7973 39.0192 1.3
34 1 10.7303 10.7303 10.7303 0 0.666667
43 1 10.4235 10.4235 10.4235 0 2.85714
33 1 10.2002 10.2002 10.2002 0 2.8
51 1 9.98271 9.98271 9.98271 0 0.666667
7 1 3.54909 3.54909 3.54909 0 2.66667
35 1 2.51949 2.51949 2.51949 0 0.666667
13 1 1.22465 1.22465 1.22465 0 2.66667
12 1 1.22465 1.22465 1.22465 0 2.66667
11 1 1.22465 1.22465 1.22465 0 2.66667
15 1 1.22465 1.22465 1.22465 0 2.66667
71 1 1.22462 1.22462 1.22462 0 3.3
111 1 0.410556 0.410556 0.410556 0 2.66667
94 1 0.305177 0.305177 0.305177 0 2.8
118 1 0.0283274 0.0283274 0.0562835 0.0279561 3.3
41 1 0.0522684 0.0522684 0.0522684 0 2.8
50 1 0.000293096 0.000293096 0.000293096 0 2.8
120 1 1e-08 1e-08 1e-08 0 3.3
119 1 1e-08 1e-08 1e-08 0 1.3
113 1 1e-08 1e-08 1e-08 0 3.3
112 1 1e-08 1e-08 1e-08 0 3.35714
105 1 1e-08 1e-08 1e-08 0 3.16667
97 1 1e-08 1e-08 1e-08 0 3.3
95 1 1e-08 1e-08 1e-08 0 3.16667
76 1 1e-08 1e-08 1e-08 0 3.3
74 1 1e-08 1e-08 1e-08 0 3.35714
58 1 1e-08 1e-08 1e-08 0 3.16667
59 1 1e-08 1e-08 1e-08 0 3.8

114 2 143.424 143.424 143.424 71.712 0.888889
96 18 76.4741 73.7304 127.163 123.057 3.35714
100 18 25.5939 25.5939 126.953 125.532 1.35714
85 13 143.434 1e-08 99.2707 91.7758 1.85714
109 5 145.302 1e-08 82.4056 67.3013 0.8
121 7 125.782 8.75e-09 53.7441 46.9117 1.35714
34 1 10.7303 10.7303 10.7303 0 0.666667
43 1 10.4235 10.4235 10.4235 0 2.85714
33 1 10.2002 10.2002 10.2002 0 2.8
51 1 9.98271 9.98271 9.98271 0 0.666667
7 1 3.54909 3.54909 3.54909 0 2.66667
35 1 2.51949 2.51949 2.51949 0 0.666667
13 1 1.22465 1.22465 1.22465 0 2.66667
12 1 1.22465 1.22465 1.22465 0 2.66667
11 1 1.22465 1.22465 1.22465 0 2.66667
15 1 1.22465 1.22465 1.22465 0 2.66667
71 1 1.22462 1.22462 1.22462 0 3.3
94 1 0.305177 0.305177 0.305177 0 2.8
111 1 0.205278 0.205278 0.205278 5e-09 2.66667
118 1 0.11331 0.11331 0.11331 0 3.3
41 1 0.0522684 0.0522684 0.0522684 0 2.8
123 1 0.0522245 0.0522245 0.0522245 0 3.35714
124 1 0.0261337 0.0261337 0.0261338 5e-09 3.35714
108 1 0.0261271 0.0261271 0.0261271 5e-09 3.3
122 1 0.00507446 0.00507446 0.00507447 5e-09 3.35714
50 1 0.000293096 0.000293096 0.000293096 0 2.8
126 1 1e-08 1e-08 1e-08 0 3.35714
125 1 1e-08 1e-08 1e-08 0 3.35714
59 1 1e-08 1e-08 1e-08 0 3.8
58 1 1e-08 1e-08 1e-08 0 3.16667
74 1 1e-08 1e-08 1e-08 0 3.35714
76 1 1e-08 1e-08 1e-08 0 3.3
95 1 1e-08 1e-08 1e-08 0 3.16667
97 1 1e-08 1e-08 1e-08 0 3.3
105 1 1e-08 1e-08 1e-08 0 3.16667
112 1 1e-08 1e-08 1e-08 0 3.35714
113 1 1e-08 1e-08 1e-08 0 3.3
120 1 1e-08 1e-08 1e-08 0 3.3

124 17 70.4442 70.4442 136.743 132.599 3.3
96 14 45.2564 43.6611 112.696 109.549 3.35714
123 4 145.302 0.0522245 108.008 82.4914 3.3
114 11 38.4837 38.4796 87.6366 84.1383 0.909091
129 2 143.34 0.0297704 71.6846 50.6782 3.35714
71 2 141.724 1.22462 71.4742 50.1088 3.3
100 8 52.3297 52.1005 65.1659 58.6433 1.35714
74 3 129.859 1e-08 43.2864 35.3432 3.35714
109 2 27.4192 4.33692 15.8793 9.81565 0.8
34 1 10.7303 10.7303 10.7303 0 0.666667
43 1 10.4235 10.4235 10.4235 0 2.85714
33 1 10.2002 10.2002 10.2002 0 2.8
51 1 9.98271 9.98271 9.98271 0 0.666667
7 1 3.54909 3.54909 3.54909 0 2.66667
35 1 2.51949 2.51949 2.51949 0 0.666667
13 1 1.22465 1.22465 1.22465 0 2.66667
12 1 1.22465 1.22465 1.22465 0 2.66667
15 1 1.22465 1.22465 1.22465 0 2.66667
11 1 1.22465 1.22465 1.22465 0 2.66667
111 1 0.410556 0.410556 0.410556 0 2.66667
94 1 0.305177 0.305177 0.305177 0 2.8
118 1 0.11331 0.11331 0.11331 0 3.3
41 1 0.0522684 0.0522684 0.0522684 0 2.8
108 1 0.0522541 0.0522541 0.0522541 0 3.3
122 1 0.0101489 0.0101489 0.0101489 0 1.85714
50 1 0.000293096 0.000293096 0.000293096 0 2.8
126 1 1e-08 1e-08 1e-08 0 3.35714
125 1 1e-08 1e-08 1e-08 0 3.35714
59 1 1e-08 1e-08 1e-08 0 3.8
58 1 1e-08 1e-08 1e-08 0 3.16667
76 1 1e-08 1e-08 1e-08 0 3.3
95 1 1e-08 1e-08 1e-08 0 3.16667
97 1 1e-08 1e-08 1e-08 0 3.3
105 1 1e-08 1e-08 1e-08 0 3.16667
112 1 1e-08 1e-08 1e-08 0 3.35714
113 1 1e-08 1e-08 1e-08 0 3.3
120 1 1e-08 1e-08 1e-08 0 3.3
127 1 1e-08 1e-08 1e-08 0 1.85714
128 1 5e-09 5e-09 1e-08 5e-09 3.3

114 14 143.439 1e-08 133.183 123.698 0.888889
100 7 143.751 0.625338 123.059 105.721 1.35714
96 14 61.6113 59.2264 119.375 115.068 3.35714
127 4 143.428 1e-08 107.57 82.158 1.85714
130 6 143.439 1e-08 100.543 84.4046 1.85714
124 11 22.5115 22.4698 93.4908 91.4477 3.3
131 3 143.89 2.68806 65.624 47.9195 3.38889
123 4 38.4935 26.0604 35.2352 26.785 0.8
34 1 10.7303 10.7303 10.7303 0 0.666667
43 1 10.4235 10.4235 10.4235 0 2.85714
33 1 10.2002 10.2002 10.2002 0 2.8
51 1 9.98271 9.98271 9.98271 0 0.666667
7 1 3.54909 3.54909 3.54909 0 2.66667
35 1 2.51949 2.51949 2.51949 0 0.666667
71 1 0.977235 0.977235 1.58955 0.612313 3.3
13 1 1.22465 1.22465 1.22465 0 2.66667
12 1 1.22465 1.22465 1.22465 0 2.66667
15 1 1.22465 1.22465 1.22465 0 2.66667
11 1 1.22465 1.22465 1.22465 0 2.66667
94 1 0.305177 0.305177 0.305177 0 2.8
111 1 0.136852 0.136852 0.136852 6.66667e-09 2.66667
118 1 0.11331 0.11331 0.11331 0 3.3
132 1 0.0261494 0.0261494 0.0522988 0.0261494 2.88889
41 1 0.0522684 0.0522684 0.0522684 0 2.8
108 1 0.0522541 0.0522541 0.0522541 0 3.3
122 1 0.0101489 0.0101489 0.0101489 0 1.85714
50 1 0.000293096 0.000293096 0.000293096 0 2.8
133 1 1e-08 1e-08 1e-08 0 3.35714
74 1 1e-08 1e-08 1e-08 0 3.35714
120 1 1e-08 1e-08 1e-08 0 3.3
113 1 1e-08 1e-08 1e-08 0 3.3
105 1 1e-08 1e-08 1e-08 0 3.16667
97 1 1e-08 1e-08 1e-08 0 3.3
95 1 1e-08 1e-08 1e-08 0 3.16667
76 1 1e-08 1e-08 1e-08 0 3.3
58 1 1e-08 1e-08 1e-08 0 3.16667
59 1 1e-08 1e-08 1e-08 0 3.8
125 1 1e-08 1e-08 1e-08 0 3.35714
126 1 1e-08 1e-08 1e-08 0 3.35714

137 1 143.344 143.344 143.344 0 3.35714
135 1 142.039 142.039 142.039 0 1.38889
124 15 72.5161 72.5161 139.252 134.417 3.3
100 9 143.751 6.53224 128.232 114.084 1.35714
96 12 54.41 52.5245 113.312 108.842 3.3
114 9 20.4913 20.4903 85.7239 83.4472 0.888889
127 7 47.8109 47.808 66.829 59.9992 1.85714
134 4 148.309 1e-08 37.0773 32.1099 3.35714
34 1 10.7303 10.7303 10.7303 0 0.666667
43 1 10.4235 10.4235 10.4235 0 2.85714
33 1 10.2002 10.2002 10.2002 0 2.8
51 1 9.98271 9.98271 9.98271 0 0.666667
71 1 5.86341 5.86341 5.86341 0 3.3
7 1 3.54909 3.54909 3.54909 0 2.66667
35 1 2.51949 2.51949 2.51949 0 0.666667
13 1 1.22465 1.22465 1.22465 0 2.66667
12 1 1.22465 1.22465 1.22465 0 2.66667
15 1 1.22465 1.22465 1.22465 0 2.66667
11 1 1.22465 1.22465 1.22465 0 2.66667
111 1 0.410556 0.410556 0.410556 0 2.66667
94 1 0.152588 0.152588 0.152588 5e-09 2.8
118 1 0.11331 0.11331 0.11331 0 3.3
41 1 0.0522684 0.0522684 0.0522684 0 2.8
108 1 0.0522541 0.0522541 0.0522541 0 3.3
122 1 0.0101489 0.0101489 0.0101489 0 1.85714
50 1 0.000293096 0.000293096 0.000293096 0 2.8
74 1 1e-08 1e-08 1e-08 0 3.35714
120 1 1e-08 1e-08 1e-08 0 3.3
113 1 1e-08 1e-08 1e-08 0 3.3
105 1 1e-08 1e-08 1e-08 0 3.16667
97 1 1e-08 1e-08 1e-08 0 3.3
95 1 1e-08 1e-08 1e-08 0 3.16667
76 1 1e-08 1e-08 1e-08 0 3.3
58 1 1e-08 1e-08 1e-08 0 3.16667
59 1 1e-08 1e-08 1e-08 0 3.8
125 1 1e-08 1e-08 1e-08 0 3.35714
126 1 1e-08 1e-08 1e-08 0 3.35714
133 1 1e-08 1e-08 1e-08 0 3.35714
136 1 1e-08 1e-08 1e-08 0 2.92308

96 2 146.79 143.346 145.068 72.5391 3.3
139 2 143.439 143.433 143.436 71.718 1.90909
114 4 143.439 143.43 143.435 107.577 0.909091
111 1 143.432 143.432 143.432 0 2.88889
127 3 143.428 143.424 143.425 95.617 1.85714
140 2 143.424 143.424 143.424 71.712 1.88889
100 7 59.5915 59.057 126.994 118.546 0.857143
124 7 25.1303 24.7616 126.801 123.255 3.3
135 6 27.1559 26.892 109.514 105.021 1.38889
136 4 143.443 1e-08 107.579 82.1649 0.909091
137 5 34.0062 32.805 99.2012 92.5308 3.35714
138 3 144.442 1e-08 96.295 68.0908 3.35714
134 5 27.7281 27.537 93.039 87.524 3.35714
34 1 10.7303 10.7303 10.7303 0 0.666667
43 1 10.4235 10.4235 10.4235 0 2.85714
33 1 10.2002 10.2002 10.2002 0 2.8
51 1 9.98271 9.98271 9.98271 0 0.666667
71 1 5.86341 5.86341 5.86341 0 3.3
7 1 3.54909 3.54909 3.54909 0 2.66667
35 1 2.51949 2.51949 2.51949 0 0.666667
13 1 1.22465 1.22465 1.22465 0 2.66667
12 1 1.22465 1.22465 1.22465 0 2.66667
15 1 1.22465 1.22465 1.22465 0 2.66667
11 1 1.22465 1.22465 1.22465 0 2.66667
94 1 0.305177 0.305177 0.305177 0 2.8
118 1 0.11331 0.11331 0.11331 0 3.3
41 1 0.0522684 0.0522684 0.0522684 0 2.8
108 1 0.0522541 0.0522541 0.0522541 0 3.3
122 1 0.0101489 0.0101489 0.0101489 0 1.85714
50 1 0.000293096 0.000293096 0.000293096 0 2.8
113 1 1e-08 1e-08 1e-08 0 3.3
105 1 1e-08 1e-08 1e-08 0 3.16667
97 1 1e-08 1e-08 1e-08 0 3.3
95 1 1e-08 1e-08 1e-08 0 3.16667
76 1 1e-08 1e-08 1e-08 0 3.3
58 1 1e-08 1e-08 1e-08 0 3.16667
59 1 1e-08 1e-08 1e-08 0 3.8
125 1 1e-08 1e-08 1e-08 0 3.35714
126 1 1e-08 1e-08 1e-08 0 3.35714
133 1 1e-08 1e-08 1e-08 0 3.35714
120 1 1e-08 1e-08 1e-08 0 3.3
74 1 1e-08 1e-08 1e-08 0 3.35714

137 2 145.49 144.342 144.916 72.4586 3.35714
135 3 144.832 143.751 144.471 96.3144 1.35714
146 1 143.424 143.424 143.424 0 1.88889
96 9 79.2145 75.9441 128.594 119.917 3.35714
124 9 82.7955 81.5806 126.976 117.881 3.3
127 8 144.722 1e-08 125.66 110.113 1.85714
100 8 115.866 114.739 115.055 100.683 1.85714
139 8 26.3411 26.0799 114.153 110.886 1.92308
114 7 53.3687 52.844 105.834 98.2742 2.90909
138 6 146.79 1e-08 96.7237 81.4052 3.35714
134 3 149.732 1e-08 59.65 45.255 3.35714
111 3 28.7072 28.6864 44.169 34.6046 2.88889
34 1 10.7303 10.7303 10.7303 0 0.666667
43 1 10.4235 10.4235 10.4235 0 2.85714
33 1 10.2002 10.2002 10.2002 0 2.8
51 1 9.98271 9.98271 9.98271 0 0.666667
71 1 5.86341 5.86341 5.86341 0 3.3
7 1 3.54909 3.54909 3.54909 0 2.66667
35 1 2.51949 2.51949 2.51949 0 0.666667
11 1 1.22465 1.22465 1.22465 0 2.66667
12 1 1.22465 1.22465 1.22465 0 2.66667
13 1 1.22465 1.22465 1.22465 0 2.66667
15 1 1.22465 1.22465 1.22465 0 2.66667
94 1 0.305177 0.305177 0.305177 0 2.8
118 1 0.11331 0.11331 0.11331 0 3.3
41 1 0.0522684 0.0522684 0.0522684 0 2.8
108 1 0.0522541 0.0522541 0.0522541 0 3.3
122 1 0.0101489 0.0101489 0.0101489 0 1.85714
50 1 0.000293096 0.000293096 0.000293096 0 2.8
126 1 1e-08 1e-08 1e-08 0 3.35714
113 1 1e-08 1e-08 1e-08 0 3.3
120 1 1e-08 1e-08 1e-08 0 3.3
125 1 1e-08 1e-08 1e-08 0 3.35714
133 1 1e-08 1e-08 1e-08 0 3.35714
141 1 5e-09 5e-09 1e-08 5e-09 1.35714
74 1 1e-08 1e-08 1e-08 0 3.35714
105 1 1e-08 1e-08 1e-08 0 3.16667
142 1 5e-09 5e-09 1e-08 5e-09 3.35714
97 1 1e-08 1e-08 1e-08 0 3.3
143 1 1e-08 1e-08 1e-08 0 2.88889
144 1 1e-08 1e-08 1e-08 0 1.38889
95 1 1e-08 1e-08 1e-08 0 3.16667
145 1 1e-08 1e-08 1e-08 0 1.38889
76 1 1e-08 1e-08 1e-08 0 3.3
58 1 1e-08 1e-08 1e-08 0 3.16667
59 1 1e-08 1e-08 1e-08 0 3.8

153 1 144.342 144.342 144.342 0 3.35714
124 9 77.9251 76.7817 128.479 119.878 3.3
127 9 144.858 1e-08 127.657 113.584 0.857143
114 8 104.397 104.314 117.495 104.453 2.88889
139 8 82.7863 81.9653 114.289 104.018 1.90909
135 8 37.1592 36.2079 112.908 108.361 1.35714
142 8 146.79 1e-08 112.45 98.6509 3.3
96 7 49.9105 49.5665 105.291 98.1844 3.35714
146 7 37.5206 37.1851 100.606 95.2867 1.38889
148 5 144.841 1e-08 86.5623 70.6779 1.90909
137 5 52.7043 51.5507 79.2413 68.8687 3.35714
147 4 84.1097 5.71429e-09 62.4652 47.7087 3.3
34 1 10.7303 10.7303 10.7303 0 0.666667
43 1 10.4235 10.4235 10.4235 0 2.85714
33 1 10.2002 10.2002 10.2002 0 2.8
51 1 9.98271 9.98271 9.98271 0 0.666667
71 1 5.86341 5.86341 5.86341 0 3.3
7 1 3.54909 3.54909 3.54909 0 2.66667
35 1 2.51949 2.51949 2.51949 0 0.666667
11 1 1.22465 1.22465 1.22465 0 2.66667
12 1 1.22465 1.22465 1.22465 0 2.66667
13 1 1.22465 1.22465 1.22465 0 2.66667
15 1 1.22465 1.22465 1.22465 0 2.66667
94 1 0.305177 0.305177 0.305177 0 2.8
118 1 0.11331 0.11331 0.11331 0 3.3
111 1 0.0554822 0.0554822 0.0554822 0 0.888889
41 1 0.0522684 0.0522684 0.0522684 0 2.8
108 1 0.0522541 0.0522541 0.0522541 0 3.3
122 1 0.0101489 0.0101489 0.0101489 0 1.85714
152 1 0.000802124 0.000802124 0.000802124 0 1.85714
50 1 0.000293096 0.000293096 0.000293096 0 2.8
151 1 1e-08 1e-08 1e-08 0 0.909091
150 1 1e-08 1e-08 1e-08 0 0.857143
149 1 1e-08 1e-08 1e-08 0 3.35714

137 1 147.572 147.572 147.572 0 3.35714
124 10 49.064 48.4338 121.577 116.677 3.3
127 9 21.4075 21.1675 110.163 107.797 1.85714
96 9 64.1707 63.7284 106.292 99.1711 3.35714
135 8 84.9354 82.7609 104.138 93.7104 1.35714
153 7 46.2923 45.927 90.302 83.7335 3.38889
148 4 144.841 1e-08 72.3457 57.1942 1.85714
154 2 143.439 1e-08 71.7197 50.7135 2.92308
142 6 125.82 0.0153668 71.048 59.9117 3.35714
151 1 53.8268 53.8268 53.8268 0 0.909091
114 3 143.443 1e-08 47.8144 39.0403 2.88889
146 3 143.431 1e-08 47.8103 39.0369 3.85714
155 3 108.624 7.5e-09 36.2081 29.5638 1.35714
139 2 47.8131 3.33333e-09 23.9066 16.9045 1.90909
34 1 10.7303 10.7303 10.7303 0 0.666667
43 1 10.4235 10.4235 10.4235 0 2.85714
33 1 10.2002 10.2002 10.2002 0 2.8
51 1 9.98271 9.98271 9.98271 0 0.666667
71 1 5.86341 5.86341 5.86341 0 3.3
7 1 3.54909 3.54909 3.54909 0 2.66667
35 1 2.51949 2.51949 2.51949 0 0.666667
15 1 1.22465 1.22465 1.22465 0 2.66667
13 1 1.22465 1.22465 1.22465 0 2.66667
12 1 1.22465 1.22465 1.22465 0 2.66667
11 1 1.22465 1.22465 1.22465 0 2.66667
94 1 0.305177 0.305177 0.305177 0 2.8
118 1 0.11331 0.11331 0.11331 0 3.3
41 1 0.0522684 0.0522684 0.0522684 0 2.8
108 1 0.0522541 0.0522541 0.0522541 0 3.3
122 1 0.0101489 0.0101489 0.0101489 0 1.85714
50 1 0.000293096 0.000293096 0.000293096 0 2.8
149 1 1e-08 1e-08 1e-08 0 3.35714
156 1 1e-08 1e-08 1e-08 0 3.38889
157 1 1e-08 1e-08 1e-08 0 1.38889
158 1 1e-08 1e-08 1e-08 0 3.85714
159 1 1e-08 1e-08 1e-08 0 3.35714

127 9 87.057 86.1176 125.543 115.917 1.85714
137 9 38.3792 37.9471 121.094 116.87 3.35714
96 9 51.8302 51.7941 119.369 113.614 3.35714
160 5 145.321 1e-08 116.018 93.5369 1.85714
153 5 146.149 1e-08 115.837 93.3912 3.35714
135 8 59.4548 57.9329 109.451 102.131 1.35714
124 7 41.2137 41.2137 100.71 94.8226 3.3
161 5 144.81 1e-08 86.4296 70.5624 2.88889
142 4 98.8865 19.4789 63.5478 49.8513 3.35714
154 4 114.755 8e-09 57.376 45.3597 2.92308
151 4 95.697 1.75151 57.2575 44.1085 0.909091
162 3 144.841 1e-08 48.2802 39.4207 0.888889
148 3 144.722 0.000802124 48.2414 39.3887 1.85714
114 3 143.536 1e-08 47.8453 39.0655 2.88889
146 2 71.7154 5e-09 35.8577 25.3552 1.88889
34 1 10.7303 10.7303 10.7303 0 0.666667
43 1 10.4235 10.4235 10.4235 0 2.85714
33 1 10.2002 10.2002 10.2002 0 2.8
51 1 9.98271 9.98271 9.98271 0 0.666667
71 1 5.86341 5.86341 5.86341 0 3.3
7 1 3.54909 3.54909 3.54909 0 2.66667
35 1 2.51949 2.51949 2.51949 0 0.666667
15 1 1.22465 1.22465 1.22465 0 2.66667
13 1 1.22465 1.22465 1.22465 0 2.66667
12 1 1.22465 1.22465 1.22465 0 2.66667
11 1 1.22465 1.22465 1.22465 0 2.66667
118 1 0.11331 0.11331 0.11331 0 3.3
94 1 0.101726 0.101726 0.113162 0.011436 3.3
41 1 0.0522684 0.0522684 0.0522684 0 2.8
108 1 0.0522541 0.0522541 0.0522541 0 3.3
122 1 0.0101489 0.0101489 0.0101489 0 1.85714
50 1 0.000293096 0.000293096 0.000293096 0 2.8
139 1 0.000279951 0.000279951 0.000279951 0 1.90909
149 1 1e-08 1e-08 1e-08 0 3.35714
157 1 1e-08 1e-08 1e-08 0 1.38889
158 1 1e-08 1e-08 1e-08 0 3.85714

124 12 117.754 117.754 141.541 131.729 3.3
164 9 40.8359 40.8075 108.814 104.279 3.38889
127 9 45.0295 44.9559 104.569 99.5716 1.90909
137 9 101.18 99.9099 100.206 89.072 3.35714
162 3 144.541 1e-08 96.1835 68.012 0.909091
161 8 60.9725 60.394 91.2563 83.6868 2.90909
165 5 148.943 1e-08 89.133 72.7768 3.35714
135 6 37.1592 36.6169 75.2702 69.1373 1.35714
139 2 144.393 1e-08 72.1964 51.0506 1.90909
96 5 105.95 20.8703 58.643 48.4534 3.35714
151 4 48.4403 47.8122 52.6919 40.6951 2.90909
154 2 47.8144 3.33333e-09 23.9072 16.905 2.90909
149 2 45.7823 1e-08 22.8911 16.1865 3.85714
34 1 10.7303 10.7303 10.7303 0 0.666667
43 1 10.4235 10.4235 10.4235 0 2.85714
33 1 10.2002 10.2002 10.2002 0 2.8
51 1 9.98271 9.98271 9.98271 0 0.666667
71 1 5.86341 5.86341 5.86341 0 3.3
7 1 3.54909 3.54909 3.54909 0 2.66667
35 1 2.51949 2.51949 2.51949 0 0.666667
11 1 1.22465 1.22465 1.22465 0 2.66667
12 1 1.22465 1.22465 1.22465 0 2.66667
13 1 1.22465 1.22465 1.22465 0 2.66667
15 1 1.22465 1.22465 1.22465 0 2.66667
94 1 0.305177 0.305177 0.305177 0 2.8
118 1 0.11331 0.11331 0.11331 0 3.3
41 1 0.0522684 0.0522684 0.0522684 0 2.8
108 1 0.0522541 0.0522541 0.0522541 0 3.3
122 1 0.0101489 0.0101489 0.0101489 0 1.85714
166 1 0.000659136 0.000659136 0.000659141 5e-09 1.90909
50 1 0.000293096 0.000293096 0.000293096 0 2.8
172 1 1e-08 1e-08 1e-08 0 2.90909
171 1 1e-08 1e-08 1e-08 0 1.40909
170 1 1e-08 1e-08 1e-08 0 3.3
169 1 5e-09 5e-09 1e-08 5e-09 3.88889
168 1 1e-08 1e-08 1e-08 0 3.3
167 1 1e-08 1e-08 1e-08 0 3.38889
160 1 5e-09 5e-09 1e-08 5e-09 1.85714

174 1 145.302 145.302 145.302 0 3.3
175 1 144.477 144.477 144.477 0 3.35714
135 9 95.5524 94.1578 136.086 125.589 1.85714
164 9 64.201 64.1261 135.394 128.266 3.85714
137 9 77.3777 76.4184 125.468 116.918 3.35714
124 8 29.4384 29.4384 119.291 115.611 3.3
173 6 144.858 1e-08 112.087 93.8319 0.857143
161 6 143.536 1e-08 111.637 93.4469 2.90909
127 7 29.0642 28.9752 103.114 98.9696 2.90909
165 6 69.0214 68.4744 91.4798 80.0373 3.35714
96 4 148.33 29.2184 58.9963 46.0877 3.35714
162 3 21.6812 21.6812 50.456 43.229 0.909091
34 1 10.7303 10.7303 10.7303 0 0.666667
43 1 10.4235 10.4235 10.4235 0 2.85714
33 1 10.2002 10.2002 10.2002 0 2.8
51 1 9.98271 9.98271 9.98271 0 0.666667
71 1 5.86341 5.86341 5.86341 0 3.3
7 1 3.54909 3.54909 3.54909 0 2.66667
35 1 2.51949 2.51949 2.51949 0 0.666667
15 1 1.22465 1.22465 1.22465 0 2.66667
13 1 1.22465 1.22465 1.22465 0 2.66667
12 1 1.22465 1.22465 1.22465 0 2.66667
11 1 1.22465 1.22465 1.22465 0 2.66667
94 1 0.305177 0.305177 0.305177 0 2.8
118 1 0.11331 0.11331 0.11331 0 3.3
41 1 0.0522684 0.0522684 0.0522684 0 2.8
108 1 0.0522541 0.0522541 0.0522541 0 3.3
122 1 0.0101489 0.0101489 0.0101489 0 1.85714
50 1 0.000293096 0.000293096 0.000293096 0 2.8
167 1 1e-08 1e-08 1e-08 0 3.38889
160 1 1e-08 1e-08 1e-08 0 1.85714
154 1 1e-08 1e-08 1e-08 0 2.92308
139 1 1e-08 1e-08 1e-08 0 1.90909
149 1 5e-09 5e-09 1e-08 5e-09 3.88889

162 3 144.541 144.541 144.541 96.3608 0.909091
137 10 97.585 96.2306 135.574 125.865 3.35714
164 10 71.3345 71.2512 127.752 120.623 3.35714
124 10 86.5835 86.5835 126.793 118.135 3.3
175 9 51.7661 50.0772 115.982 110.301 3.85714
135 8 54.0498 53.2617 109.158 102.457 1.35714
161 4 145.321 1e-08 108.804 83.1002 2.90909
174 7 78.2393 77.1953 96.8419 85.6862 3.3
127 7 126.766 8.75e-09 89.9278 77.5055 1.90909
173 6 25.6245 25.5632 79.2811 75.0165 2.85714
96 4 148.33 29.2184 58.9963 46.0877 3.35714
34 1 10.7303 10.7303 10.7303 0 0.666667
43 1 10.4235 10.4235 10.4235 0 2.85714
33 1 10.2002 10.2002 10.2002 0 2.8
51 1 9.98271 9.98271 9.98271 0 0.666667
71 1 5.86341 5.86341 5.86341 0 3.3
7 1 3.54909 3.54909 3.54909 0 2.66667
35 1 2.51949 2.51949 2.51949 0 0.666667
15 1 1.22465 1.22465 1.22465 0 2.66667
13 1 1.22465 1.22465 1.22465 0 2.66667
12 1 1.22465 1.22465 1.22465 0 2.66667
11 1 1.22465 1.22465 1.22465 0 2.66667
94 1 0.305177 0.305177 0.305177 0 2.8
118 1 0.11331 0.11331 0.11331 0 3.3
41 1 0.0522684 0.0522684 0.0522684 0 2.8
108 1 0.0522541 0.0522541 0.0522541 0 3.3
122 1 0.0101489 0.0101489 0.0101489 0 1.85714
50 1 0.000293096 0.000293096 0.000293096 0 2.8
167 1 1e-08 1e-08 1e-08 0 3.38889
154 1 1e-08 1e-08 1e-08 0 2.92308
139 1 1e-08 1e-08 1e-08 0 1.90909
176 1 1e-08 1e-08 1e-08 0 3.35714
177 1 1e-08 1e-08 1e-08 0 2.88889
178 1 5e-09 5e-09 1e-08 5e-09 1.35714

179 4 149.546 144.282 146.495 109.872 3.38889
127 2 145.019 144.876 144.948 72.4738 1.90909
174 8 116.241 116.241 130.577 116.047 3.8
175 8 66.4651 65.9383 122.333 114.058 3.85714
124 7 49.064 49.064 117.875 110.866 3.3
137 7 48.7925 48.7163 117.104 110.143 3.38889
164 6 28.088 28.0747 105.318 100.638 3.35714
135 6 33.0304 33.0304 103.379 97.8741 1.35714
173 3 144.882 1e-08 96.5799 68.2923 0.857143
162 5 45.3181 45.1691 79.4592 70.4194 0.909091
177 4 95.6905 0.405581 71.8505 54.8657 2.88889
154 2 143.443 1e-08 71.7217 50.7149 2.92308
96 3 111.247 21.9138 58.9963 44.0616 3.35714
161 3 39.633 39.4708 54.1978 41.0184 2.90909
183 1 25.6419 25.6419 25.6419 0 2.90909
34 1 10.7303 10.7303 10.7303 0 0.666667
43 1 10.4235 10.4235 10.4235 0 2.85714
33 1 10.2002 10.2002 10.2002 0 2.8
51 1 9.98271 9.98271 9.98271 0 0.666667
71 1 5.86341 5.86341 5.86341 0 3.3
7 1 3.54909 3.54909 3.54909 0 2.66667
35 1 2.51949 2.51949 2.51949 0 0.666667
15 1 1.22465 1.22465 1.22465 0 2.66667
11 1 1.22465 1.22465 1.22465 0 2.66667
12 1 1.22465 1.22465 1.22465 0 2.66667
13 1 1.22465 1.22465 1.22465 0 2.66667
94 1 0.305177 0.305177 0.305177 0 2.8
118 1 0.11331 0.11331 0.11331 0 3.3
41 1 0.0522684 0.0522684 0.0522684 0 2.8
108 1 0.0522541 0.0522541 0.0522541 0 3.3
122 1 0.0101489 0.0101489 0.0101489 0 1.85714
50 1 0.000293096 0.000293096 0.000293096 0 2.8
167 1 1e-08 1e-08 1e-08 0 3.38889
139 1 1e-08 1e-08 1e-08 0 1.90909
176 1 1e-08 1e-08 1e-08 0 3.35714
180 1 1e-08 1e-08 1e-08 0 2.90909
181 1 1e-08 1e-08 1e-08 0 3.38889
182 1 1e-08 1e-08 1e-08 0 3.35714

96 1 148.33 148.33 148.33 0 3.35714
135 10 70.9052 70.7795 143.288 136.209 1.35714
124 9 77.9251 77.9251 129.412 120.753 3.3
174 8 72.6508 72.6508 118.025 108.944 3.3
137 8 78.068 77.9508 116.942 107.196 3.35714
162 5 144.541 1e-08 115.633 93.2262 0.909091
179 8 36.2537 35.9663 114.104 109.585 3.85714
127 8 58.5213 57.9693 111.051 103.776 2.90909
177 7 145.018 0.608372 106.458 91.6436 2.88889
164 7 65.5386 65.5076 106.359 96.9994 3.35714
161 2 144.726 1e-08 72.3631 51.1684 2.90909
173 3 31.0629 31.0461 42.0957 31.7451 0.857143
34 1 10.7303 10.7303 10.7303 0 0.666667
43 1 10.4235 10.4235 10.4235 0 2.85714
33 1 10.2002 10.2002 10.2002 0 2.8
51 1 9.98271 9.98271 9.98271 0 0.666667
71 1 5.86341 5.86341 5.86341 0 3.3
7 1 3.54909 3.54909 3.54909 0 2.66667
35 1 2.51949 2.51949 2.51949 0 0.666667
15 1 1.22465 1.22465 1.22465 0 2.66667
11 1 1.22465 1.22465 1.22465 0 2.66667
12 1 1.22465 1.22465 1.22465 0 2.66667
13 1 1.22465 1.22465 1.22465 0 2.66667
94 1 0.305177 0.305177 0.305177 0 2.8
118 1 0.11331 0.11331 0.11331 0 3.3
41 1 0.0522684 0.0522684 0.0522684 0 2.8
108 1 0.0522541 0.0522541 0.0522541 0 3.3
122 1 0.0101489 0.0101489 0.0101489 0 1.85714
50 1 0.000293096 0.000293096 0.000293096 0 2.8
184 1 1e-08 1e-08 1e-08 0 1.35714
182 1 1e-08 1e-08 1e-08 0 3.35714
181 1 1e-08 1e-08 1e-08 0 3.38889
176 1 1e-08 1e-08 1e-08 0 3.35714
139 1 1e-08 1e-08 1e-08 0 1.90909
167 1 1e-08 1e-08 1e-08 0 3.38889
175 1 1e-08 1e-08 1e-08 0 3.38889
154 1 1e-08 1e-08 1e-08 0 2.92308

173 3 144.96 144.882 144.908 96.6053 0.857143
124 11 51.4946 50.5972 136.462 131.81 3.3
179 10 87.9685 87.6135 121.979 113.204 3.35714
174 9 62.2721 62.2721 117.461 110.542 3.3
127 9 57.9057 56.7936 113.845 107.494 1.90909
177 8 145.018 0.608372 111.242 97.5967 2.88889
135 9 47.861 47.7762 110.131 104.819 1.35714
96 8 119.504 8e-09 103.863 91.0126 3.35714
137 8 65.0567 64.959 100.502 92.3803 3.35714
162 7 63.873 63.2367 90.52 81.4602 0.909091
34 1 10.7303 10.7303 10.7303 0 0.666667
43 1 10.4235 10.4235 10.4235 0 2.85714
33 1 10.2002 10.2002 10.2002 0 2.8
51 1 9.98271 9.98271 9.98271 0 0.666667
71 1 5.86341 5.86341 5.86341 0 3.3
7 1 3.54909 3.54909 3.54909 0 2.66667
35 1 2.51949 2.51949 2.51949 0 0.666667
15 1 1.22465 1.22465 1.22465 0 2.66667
11 1 1.22465 1.22465 1.22465 0 2.66667
12 1 1.22465 1.22465 1.22465 0 2.66667
13 1 1.22465 1.22465 1.22465 0 2.66667
94 1 0.305177 0.305177 0.305177 0 2.8
118 1 0.11331 0.11331 0.11331 0 3.3
41 1 0.0522684 0.0522684 0.0522684 0 2.8
108 1 0.0522541 0.0522541 0.0522541 0 3.3
122 1 0.0101489 0.0101489 0.0101489 0 1.85714
50 1 0.000293096 0.000293096 0.000293096 0 2.8
185 1 1e-08 1e-08 1e-08 0 2.92308
154 1 1e-08 1e-08 1e-08 0 2.92308

187 3 149.546 149.546 149.546 99.6976 3.35714
137 8 146.377 146.158 146.185 127.912 3.35714
174 9 81.7321 81.7321 136.22 127.139 3.8
186 8 70.4952 70.4619 133.474 124.664 3.35714
96 8 149.38 1e-08 129.829 113.766 3.35714
124 8 148.325 1e-08 128.46 112.567 3.3
173 8 34.8191 34.362 123.47 119.164 0.909091
179 7 40.2625 40.1 111.158 105.413 3.85714
135 6 38.8491 38.8252 100.352 93.8782 1.38889
177 6 30.0037 29.777 97.6895 92.705 2.88889
162 3 144.541 1e-08 96.3608 68.1373 0.909091
127 5 91.2646 8.29664 74.5762 60.028 2.90909
34 1 10.7303 10.7303 10.7303 0 0.666667
43 1 10.4235 10.4235 10.4235 0 2.85714
33 1 10.2002 10.2002 10.2002 0 2.8
51 1 9.98271 9.98271 9.98271 0 0.666667
71 1 5.86341 5.86341 5.86341 0 3.3
7 1 3.54909 3.54909 3.54909 0 2.66667
35 1 2.51949 2.51949 2.51949 0 0.666667
15 1 1.22465 1.22465 1.22465 0 2.66667
11 1 1.22465 1.22465 1.22465 0 2.66667
12 1 1.22465 1.22465 1.22465 0 2.66667
13 1 1.22465 1.22465 1.22465 0 2.66667
94 1 0.305177 0.305177 0.305177 0 2.8
118 1 0.11331 0.11331 0.11331 0 3.3
41 1 0.0522684 0.0522684 0.0522684 0 2.8
108 1 0.0522541 0.0522541 0.0522541 0 3.3
122 1 0.0101489 0.0101489 0.0101489 0 1.85714
50 1 0.000293096 0.000293096 0.000293096 0 2.8
154 1 1e-08 1e-08 1e-08 0 2.92308

127 1 144.726 144.726 144.726 0 2.92308
162 5 144.541 144.541 144.541 115.633 1.40909
177 2 145.018 143.922 144.47 72.2356 2.90909
186 9 64.201 64.1707 128.16 121.027 3.35714
174 8 61.9756 61.1796 122.558 114.886 3.3
135 8 132.375 8.88889e-09 115.795 101.468 1.35714
173 8 56.3738 55.7023 111.987 105.011 1.90909
124 7 61.0749 60.6084 104.045 95.371 0.8
96 7 52.2832 51.9154 101.815 94.3801 3.35714
187 7 25.5323 25.5323 101.305 97.6576 3.3
137 6 46.4256 46.1551 85.994 78.2901 3.35714
34 1 10.7303 10.7303 10.7303 0 0.666667
43 1 10.4235 10.4235 10.4235 0 2.85714
33 1 10.2002 10.2002 10.2002 0 2.8
51 1 9.98271 9.98271 9.98271 0 0.666667
71 1 5.86341 5.86341 5.86341 0 3.3
7 1 3.54909 3.54909 3.54909 0 2.66667
35 1 2.51949 2.51949 2.51949 0 0.666667
15 1 1.22465 1.22465 1.22465 0 2.66667
11 1 1.22465 1.22465 1.22465 0 2.66667
12 1 1.22465 1.22465 1.22465 0 2.66667
13 1 1.22465 1.22465 1.22465 0 2.66667
94 1 0.305177 0.305177 0.305177 0 2.8
118 1 0.11331 0.11331 0.11331 0 3.3
41 1 0.0522684 0.0522684 0.0522684 0 2.8
108 1 0.0522541 0.0522541 0.0522541 0 3.3
189 1 0.0253495 0.0253495 0.0253495 0 3.35714
122 1 0.0101489 0.0101489 0.0101489 0 1.85714
50 1 0.000293096 0.000293096 0.000293096 0 2.8
154 1 1e-08 1e-08 1e-08 0 2.92308
188 1 1e-08 1e-08 1e-08 0 2.92308
190 1 1e-08 1e-08 1e-08 0 3.35714
191 1 1e-08 1e-08 1e-08 0 3.35714

96 7 149.38 148.33 148.69 127.449 3.35714
137 5 146.383 146.158 146.247 116.997 3.35714
187 11 86.5795 84.1219 139.219 131.43 3.35714
124 10 92.703 91.995 128.427 119.215 3.3
186 9 79.3072 79.3072 123.337 114.525 3.35714
173 9 79.1968 77.4266 114.571 105.917 0.909091
174 8 147.192 1e-08 101.375 89.0361 3.3
162 7 42.7187 42.1578 97.7708 91.7345 1.42308
135 7 57.9139 57.8783 97.6035 89.3319 1.35714
127 7 29.1213 29.0032 92.5071 88.3608 2.88889
34 1 10.7303 10.7303 10.7303 0 0.666667
43 1 10.4235 10.4235 10.4235 0 2.85714
33 1 10.2002 10.2002 10.2002 0 2.8
51 1 9.98271 9.98271 9.98271 0 0.666667
71 1 5.86341 5.86341 5.86341 0 3.3
7 1 3.54909 3.54909 3.54909 0 2.66667
35 1 2.51949 2.51949 2.51949 0 0.666667
15 1 1.22465 1.22465 1.22465 0 2.66667
11 1 1.22465 1.22465 1.22465 0 2.66667
12 1 1.22465 1.22465 1.22465 0 2.66667
13 1 1.22465 1.22465 1.22465 0 2.66667
94 1 0.305177 0.305177 0.305177 0 2.8
118 1 0.11331 0.11331 0.11331 0 3.3
41 1 0.0522684 0.0522684 0.0522684 0 2.8
108 1 0.0522541 0.0522541 0.0522541 0 3.3
122 1 0.0101489 0.0101489 0.0101489 0 1.85714
50 1 0.000293096 0.000293096 0.000293096 0 2.8
193 1 1e-08 1e-08 1e-08 0 3.3
192 1 1e-08 1e-08 1e-08 0 1.38889
191 1 1e-08 1e-08 1e-08 0 3.35714
190 1 1e-08 1e-08 1e-08 0 3.35714

186 3 149.802 149.802 149.802 99.8683 3.35714
187 7 149.546 149.546 149.546 128.183 3.35714
135 7 148.921 148.83 148.89 127.62 1.35714
173 9 149.594 146.25 147.127 130.78 1.90909
127 7 145.607 145.016 145.118 124.387 2.88889
162 7 146.464 144.541 144.871 124.175 0.909091
124 9 95.3517 94.6234 136.549 126.019 3.3
96 7 16.9132 16.8655 108.185 105.77 3.35714
174 7 145.302 1e-08 103.787 89.453 3.3
137 6 16.3077 15.9691 95.369 92.6816 3.85714
194 1 85.9908 85.9908 85.9908 0 3.3
34 1 10.7303 10.7303 10.7303 0 0.666667
43 1 10.4235 10.4235 10.4235 0 2.85714
33 1 10.2002 10.2002 10.2002 0 2.8
51 1 9.98271 9.98271 9.98271 0 0.666667
71 1 5.86341 5.86341 5.86341 0 3.3
7 1 3.54909 3.54909 3.54909 0 2.66667
35 1 2.51949 2.51949 2.51949 0 0.666667
15 1 1.22465 1.22465 1.22465 0 2.66667
11 1 1.22465 1.22465 1.22465 0 2.66667
12 1 1.22465 1.22465 1.22465 0 2.66667
13 1 1.22465 1.22465 1.22465 0 2.66667
94 1 0.305177 0.305177 0.305177 0 2.8
118 1 0.11331 0.11331 0.11331 0 3.3
41 1 0.0522684 0.0522684 0.0522684 0 2.8
108 1 0.0522541 0.0522541 0.0522541 0 3.3
195 1 0.0194808 0.0194808 0.0194808 5e-09 3.35714
122 1 0.0101489 0.0101489 0.0101489 0 1.85714
50 1 0.000293096 0.000293096 0.000293096 0 2.8
192 1 1e-08 1e-08 1e-08 0 1.38889
191 1 1e-08 1e-08 1e-08 0 3.35714
190 1 1e-08 1e-08 1e-08 0 3.35714

96 1 149.38 149.38 149.38 0 3.35714
135 7 148.921 148.83 148.89 127.62 1.35714
137 5 149.487 146.383 147.701 118.161 3.35714
173 9 149.594 146.25 147.127 130.78 0.909091
162 4 146.464 144.541 145.022 108.767 1.42308
127 10 145.607 144.589 144.984 130.485 2.90909
124 9 95.3517 94.6234 125.904 115.375 3.8
174 3 145.302 85.9908 125.531 84.2049 3.3
186 6 14.9936 14.9802 90.565 88.0677 3.35714
187 5 13.1181 13.1181 73.8161 71.1925 3.85714
34 1 10.7303 10.7303 10.7303 0 0.666667
43 1 10.4235 10.4235 10.4235 0 2.85714
33 1 10.2002 10.2002 10.2002 0 2.8
51 1 9.98271 9.98271 9.98271 0 0.666667
71 1 5.86341 5.86341 5.86341 0 3.3
7 1 3.54909 3.54909 3.54909 0 2.66667
35 1 2.51949 2.51949 2.51949 0 0.666667
15 1 1.22465 1.22465 1.22465 0 2.66667
11 1 1.22465 1.22465 1.22465 0 2.66667
12 1 1.22465 1.22465 1.22465 0 2.66667
13 1 1.22465 1.22465 1.22465 0 2.66667
94 1 0.305177 0.305177 0.305177 0 2.8
118 1 0.11331 0.11331 0.11331 0 3.3
41 1 0.0522684 0.0522684 0.0522684 0 2.8
108 1 0.0522541 0.0522541 0.0522541 0 3.3
195 1 0.0389616 0.0389616 0.0389616 0 3.35714
122 1 0.0101489 0.0101489 0.0101489 0 1.85714
50 1 0.000293096 0.000293096 0.000293096 0 2.8
192 1 1e-08 1e-08 1e-08 0 1.38889
191 1 1e-08 1e-08 1e-08 0 3.35714
190 1 1e-08 1e-08 1e-08 0 3.35714

186 11 149.936 149.546 149.705 136.096 3.35714
137 5 149.487 146.383 147.701 118.161 3.35714
196 7 148.325 147.192 147.482 126.413 0.8
127 7 145.607 145.016 145.118 124.387 2.88889
162 7 146.464 144.541 144.871 124.175 1.40909
173 10 149.594 106.912 143.106 128.801 1.35714
124 5 147.192 85.9908 134.196 107.465 3.3
135 8 21.3719 21.2731 111.139 108.475 1.35714
96 8 23.0155 22.9816 111.004 108.13 3.35714
34 1 10.7303 10.7303 10.7303 0 0.666667
43 1 10.4235 10.4235 10.4235 0 2.85714
33 1 10.2002 10.2002 10.2002 0 2.8
51 1 9.98271 9.98271 9.98271 0 0.666667
71 1 5.86341 5.86341 5.86341 0 3.3
7 1 3.54909 3.54909 3.54909 0 2.66667
35 1 2.51949 2.51949 2.51949 0 0.666667
15 1 1.22465 1.22465 1.22465 0 2.66667
11 1 1.22465 1.22465 1.22465 0 2.66667
12 1 1.22465 1.22465 1.22465 0 2.66667
13 1 1.22465 1.22465 1.22465 0 2.66667
94 1 0.305177 0.305177 0.305177 0 2.8
118 1 0.11331 0.11331 0.11331 0 3.3
41 1 0.0522684 0.0522684 0.0522684 0 2.8
108 1 0.0522541 0.0522541 0.0522541 0 3.3
122 1 0.0101489 0.0101489 0.0101489 0 1.85714
50 1 0.000293096 0.000293096 0.000293096 0 2.8
192 1 1e-08 1e-08 1e-08 0 1.38889
191 1 1e-08 1e-08 1e-08 0 3.35714
190 1 1e-08 1e-08 1e-08 0 3.35714

96 8 149.601 149.38 149.442 130.762 3.35714
196 10 148.912 147.192 147.567 132.81 0.8
198 9 149.594 146.25 147.127 130.78 1.90909
162 4 146.464 144.541 145.022 108.767 0.909091
127 10 145.607 144.589 144.984 130.485 2.88889
173 8 149.603 106.912 143.906 125.93 1.35714
199 3 145.302 85.9908 125.531 84.2049 3.3
186 8 29.9871 29.9605 113.474 109.728 3.35714
137 7 21.3763 21.3198 106.015 102.965 3.38889
197 5 28.7589 28.7589 69.1595 63.4077 3.85714
34 1 10.7303 10.7303 10.7303 0 0.666667
43 1 10.4235 10.4235 10.4235 0 2.85714
33 1 10.2002 10.2002 10.2002 0 2.8
51 1 9.98271 9.98271 9.98271 0 0.666667
71 1 5.86341 5.86341 5.86341 0 3.3
7 1 3.54909 3.54909 3.54909 0 2.66667
35 1 2.51949 2.51949 2.51949 0 0.666667
13 1 1.22465 1.22465 1.22465 0 2.66667
12 1 1.22465 1.22465 1.22465 0 2.66667
11 1 1.22465 1.22465 1.22465 0 2.66667
15 1 1.22465 1.22465 1.22465 0 2.66667
94 1 0.305177 0.305177 0.305177 0 2.8
118 1 0.11331 0.11331 0.11331 0 3.3
41 1 0.0522684 0.0522684 0.0522684 0 2.8
108 1 0.0522541 0.0522541 0.0522541 0 3.3
122 1 0.0101489 0.0101489 0.0101489 0 1.85714
50 1 0.000293096 0.000293096 0.000293096 0 2.8
192 1 1e-08 1e-08 1e-08 0 1.38889
191 1 1e-08 1e-08 1e-08 0 3.35714
190 1 1e-08 1e-08 1e-08 0 3.35714
200 1 1e-08 1e-08 1e-08 0 3.35714

186 8 149.936 149.802 149.838 131.108 3.35714
197 5 149.546 149.546 149.546 119.637 3.35714
137 6 149.632 149.239 149.442 124.535 3.35714
127 7 145.607 145.016 145.118 124.387 2.88889
162 7 146.464 144.541 144.871 124.175 0.909091
198 9 134.635 131.625 143.106 128.393 1.90909
173 8 149.603 0.00506254 130.543 114.391 1.35714
199 3 145.302 85.9908 125.531 84.2049 3.3
96 7 15.4219 15.3807 104.981 102.78 3.35714
196 6 18.614 18.537 100.085 96.9885 3.35714
200 2 149.634 1e-08 74.8171 52.9037 3.35714
34 1 10.7303 10.7303 10.7303 0 0.666667
43 1 10.4235 10.4235 10.4235 0 2.85714
33 1 10.2002 10.2002 10.2002 0 2.8
51 1 9.98271 9.98271 9.98271 0 0.666667
71 1 5.86341 5.86341 5.86341 0 3.3
7 1 3.54909 3.54909 3.54909 0 2.66667
35 1 2.51949 2.51949 2.51949 0 0.666667
13 1 1.22465 1.22465 1.22465 0 2.66667
12 1 1.22465 1.22465 1.22465 0 2.66667
11 1 1.22465 1.22465 1.22465 0 2.66667
15 1 1.22465 1.22465 1.22465 0 2.66667
94 1 0.305177 0.305177 0.305177 0 2.8
118 1 0.11331 0.11331 0.11331 0 3.3
41 1 0.0522684 0.0522684 0.0522684 0 2.8
108 1 0.0522541 0.0522541 0.0522541 0 3.3
122 1 0.0101489 0.0101489 0.0101489 0 1.85714
50 1 0.000293096 0.000293096 0.000293096 0 2.8
192 1 1e-08 1e-08 1e-08 0 1.38889
191 1 1e-08 1e-08 1e-08 0 3.35714
190 1 1e-08 1e-08 1e-08 0 3.35714
201 1 1e-08 1e-08 1e-08 0 3.38889

96 9 149.813 148.296 149.35 132.755 3.35714
198 9 149.594 146.25 147.127 130.78 0.909091
162 4 146.464 144.541 145.022 108.767 0.909091
127 10 145.607 144.589 144.984 130.485 1.40909
173 10 136.003 135.374 135.552 121.997 1.35714
137 8 149.634 1e-08 130.785 114.604 3.35714
199 3 145.302 85.9908 125.531 84.2049 3.3
186 8 20.3303 20.3123 108.452 105.913 3.35714
197 7 19.3856 19.3856 104.616 101.847 3.88889
201 2 148.325 1e-08 74.1624 52.4407 3.35714
34 1 10.7303 10.7303 10.7303 0 0.666667
43 1 10.4235 10.4235 10.4235 0 2.85714
33 1 10.2002 10.2002 10.2002 0 2.8
51 1 9.98271 9.98271 9.98271 0 0.666667
71 1 5.86341 5.86341 5.86341 0 3.3
7 1 3.54909 3.54909 3.54909 0 2.66667
35 1 2.51949 2.51949 2.51949 0 0.666667
13 1 1.22465 1.22465 1.22465 0 2.66667
12 1 1.22465 1.22465 1.22465 0 2.66667
11 1 1.22465 1.22465 1.22465 0 2.66667
15 1 1.22465 1.22465 1.22465 0 2.66667
94 1 0.305177 0.305177 0.305177 0 2.8
118 1 0.11331 0.11331 0.11331 0 3.3
41 1 0.0522684 0.0522684 0.0522684 0 2.8
108 1 0.0522541 0.0522541 0.0522541 0 3.3
122 1 0.0101489 0.0101489 0.0101489 0 1.85714
50 1 0.000293096 0.000293096 0.000293096 0 2.8
192 1 1e-08 1e-08 1e-08 0 1.38889
191 1 1e-08 1e-08 1e-08 0 3.35714
190 1 1e-08 1e-08 1e-08 0 3.35714

186 8 149.936 149.803 149.839 131.109 3.35714
203 1 149.546 149.546 149.546 0 3.85714
197 6 149.546 149.546 149.546 124.622 3.85714
173 9 134.643 134.021 149.107 134.194 1.35714
202 4 145.607 145.016 145.193 108.895 3.42308
127 3 145.018 145.017 145.018 96.6783 2.88889
162 7 146.464 144.541 144.871 124.175 1.40909
199 3 145.302 85.9908 125.531 84.2049 3.3
137 5 149.634 1e-08 119.648 96.4635 3.35714
96 7 16.6459 16.6319 115.296 112.918 3.35714
198 5 13.8513 13.7892 79.5461 76.7793 0.909091
201 3 74.1624 0.309387 49.5497 35.0139 3.38889
34 1 10.7303 10.7303 10.7303 0 0.666667
43 1 10.4235 10.4235 10.4235 0 2.85714
33 1 10.2002 10.2002 10.2002 0 2.8
51 1 9.98271 9.98271 9.98271 0 0.666667
71 1 5.86341 5.86341 5.86341 0 3.3
7 1 3.54909 3.54909 3.54909 0 2.66667
35 1 2.51949 2.51949 2.51949 0 0.666667
13 1 1.22465 1.22465 1.22465 0 2.66667
12 1 1.22465 1.22465 1.22465 0 2.66667
11 1 1.22465 1.22465 1.22465 0 2.66667
15 1 1.22465 1.22465 1.22465 0 2.66667
94 1 0.305177 0.305177 0.305177 0 2.8
118 1 0.11331 0.11331 0.11331 0 3.3
41 1 0.0522684 0.0522684 0.0522684 0 2.8
108 1 0.0522541 0.0522541 0.0522541 0 3.3
122 1 0.0101489 0.0101489 0.0101489 0 1.85714
50 1 0.000293096 0.000293096 0.000293096 0 2.8
192 1 1e-08 1e-08 1e-08 0 1.38889
191 1 1e-08 1e-08 1e-08 0 3.35714
190 1 1e-08 1e-08 1e-08 0 3.35714

96 7 149.813 149.687 149.793 128.394 3.35714
137 4 149.634 149.487 149.56 112.17 3.35714
198 5 149.594 148.923 149.403 119.523 1.90909
173 9 149.603 148.912 149.129 132.559 1.35714
202 7 145.607 145.016 145.118 124.387 2.88889
162 4 146.464 144.541 145.022 108.767 0.909091
127 3 144.787 144.589 144.67 96.4468 1.40909
199 3 145.302 85.9908 125.531 84.2049 3.3
203 8 21.0515 20.989 123.628 121.003 3.35714
201 3 148.325 0.618774 99.0895 70.0183 3.38889
186 6 15.5106 15.5046 94.0844 91.4998 3.38889
34 1 10.7303 10.7303 10.7303 0 0.666667
43 1 10.4235 10.4235 10.4235 0 2.85714
33 1 10.2002 10.2002 10.2002 0 2.8
51 1 9.98271 9.98271 9.98271 0 0.666667
71 1 5.86341 5.86341 5.86341 0 3.3
7 1 3.54909 3.54909 3.54909 0 2.66667
35 1 2.51949 2.51949 2.51949 0 0.666667
13 1 1.22465 1.22465 1.22465 0 2.66667
12 1 1.22465 1.22465 1.22465 0 2.66667
11 1 1.22465 1.22465 1.22465 0 2.66667
15 1 1.22465 1.22465 1.22465 0 2.66667
94 1 0.305177 0.305177 0.305177 0 2.8
118 1 0.11331 0.11331 0.11331 0 3.3
41 1 0.0522684 0.0522684 0.0522684 0 2.8
108 1 0.0522541 0.0522541 0.0522541 0 3.3
122 1 0.0101489 0.0101489 0.0101489 0 1.85714
50 1 0.000293096 0.000293096 0.000293096 0 2.8
192 1 1e-08 1e-08 1e-08 0 1.38889
191 1 1e-08 1e-08 1e-08 0 3.35714
190 1 1e-08 1e-08 1e-08 0 3.35714
204 1 1e-08 1e-08 1e-08 0 3.35714

186 5 149.936 149.878 149.903 119.922 3.35714
203 8 149.992 149.546 149.602 130.902 3.85714
198 5 149.594 148.923 149.403 119.523 1.90909
173 9 149.603 148.912 149.129 132.559 1.35714
202 7 145.607 144.589 145.057 124.334 3.42308
205 1 145.018 145.018 145.018 0 2.88889
162 6 146.464 144.541 144.918 120.765 1.42308
199 3 145.302 85.9908 125.531 84.2049 3.3
201 4 149.936 0.618774 111.801 85.3728 3.35714
96 7 19.7902 19.7866 107.756 104.93 3.35714
137 6 16.0358 16.032 102.123 99.4507 3.35714
34 1 10.7303 10.7303 10.7303 0 0.666667
43 1 10.4235 10.4235 10.4235 0 2.85714
33 1 10.2002 10.2002 10.2002 0 2.8
51 1 9.98271 9.98271 9.98271 0 0.666667
71 1 5.86341 5.86341 5.86341 0 3.3
7 1 3.54909 3.54909 3.54909 0 2.66667
35 1 2.51949 2.51949 2.51949 0 0.666667
13 1 1.22465 1.22465 1.22465 0 2.66667
12 1 1.22465 1.22465 1.22465 0 2.66667
11 1 1.22465 1.22465 1.22465 0 2.66667
15 1 1.22465 1.22465 1.22465 0 2.66667
94 1 0.305177 0.305177 0.305177 0 2.8
118 1 0.11331 0.11331 0.11331 0 3.3
41 1 0.0522684 0.0522684 0.0522684 0 2.8
108 1 0.0522541 0.0522541 0.0522541 0 3.3
122 1 0.0101489 0.0101489 0.0101489 0 1.85714
50 1 0.000293096 0.000293096 0.000293096 0 2.8
192 1 1e-08 1e-08 1e-08 0 1.38889
191 1 1e-08 1e-08 1e-08 0 3.35714
190 1 1e-08 1e-08 1e-08 0 3.35714
204 1 1e-08 1e-08 1e-08 0 3.35714
206 1 5e-09 5e-09 1e-08 5e-09 3.38889

96 7 149.84 149.813 149.817 128.415 3.35714
137 6 149.667 149.632 149.642 124.702 3.35714
198 5 149.594 148.923 149.403 119.523 0.909091
173 9 149.603 148.912 149.129 132.559 1.35714
202 7 145.607 145.016 145.118 124.387 2.88889
162 4 146.464 144.541 145.022 108.767 1.42308
205 3 144.787 144.589 144.67 96.4468 0.909091
199 3 145.302 85.9908 125.531 84.2049 3.3
186 7 17.4925 17.4925 113.213 110.714 3.35714
201 3 148.325 0.618774 99.0895 70.0183 3.35714
203 6 16.6658 16.6163 93.2361 90.4626 3.85714
34 1 10.7303 10.7303 10.7303 0 0.666667
43 1 10.4235 10.4235 10.4235 0 2.85714
33 1 10.2002 10.2002 10.2002 0 2.8
51 1 9.98271 9.98271 9.98271 0 0.666667
71 1 5.86341 5.86341 5.86341 0 3.3
7 1 3.54909 3.54909 3.54909 0 2.66667
35 1 2.51949 2.51949 2.51949 0 0.666667
13 1 1.22465 1.22465 1.22465 0 2.66667
12 1 1.22465 1.22465 1.22465 0 2.66667
11 1 1.22465 1.22465 1.22465 0 2.66667
15 1 1.22465 1.22465 1.22465 0 2.66667
94 1 0.305177 0.305177 0.305177 0 2.8
118 1 0.11331 0.11331 0.11331 0 3.3
41 1 0.0522684 0.0522684 0.0522684 0 2.8
108 1 0.0522541 0.0522541 0.0522541 0 3.3
122 1 0.0101489 0.0101489 0.0101489 0 1.85714
50 1 0.000293096 0.000293096 0.000293096 0 2.8
192 1 1e-08 1e-08 1e-08 0 1.38889
191 1 1e-08 1e-08 1e-08 0 3.35714
190 1 1e-08 1e-08 1e-08 0 3.35714
204 1 1e-08 1e-08 1e-08 0 3.35714
206 1 1e-08 1e-08 1e-08 0 3.40909

186 7 149.936 149.936 149.936 128.516 3.35714
203 6 149.992 149.546 149.769 124.808 3.85714
198 8 149.603 148.921 149.308 130.644 1.90909
173 6 149.495 148.912 149.119 124.266 1.35714
202 7 145.607 144.589 145.057 124.334 0.909091
205 1 145.018 145.018 145.018 0 2.88889
162 6 146.464 144.541 144.918 120.765 0.909091
199 3 145.302 85.9908 125.531 84.2049 3.3
96 6 18.3632 18.3478 109.703 106.644 3.35714
137 6 14.9927 14.9674 105.465 102.968 3.38889
201 3 148.325 0.618774 99.0895 70.0183 3.38889
206 2 73.1648 5e-09 36.5824 25.8676 3.38889
34 1 10.7303 10.7303 10.7303 0 0.666667
43 1 10.4235 10.4235 10.4235 0 2.85714
33 1 10.2002 10.2002 10.2002 0 2.8
51 1 9.98271 9.98271 9.98271 0 0.666667
71 1 5.86341 5.86341 5.86341 0 3.3
7 1 3.54909 3.54909 3.54909 0 2.66667
35 1 2.51949 2.51949 2.51949 0 0.666667
13 1 1.22465 1.22465 1.22465 0 2.66667
12 1 1.22465 1.22465 1.22465 0 2.66667
11 1 1.22465 1.22465 1.22465 0 2.66667
15 1 1.22465 1.22465 1.22465 0 2.66667
207 1 0.370896 0.370896 0.370896 0 1.38889
94 1 0.305177 0.305177 0.305177 0 2.8
118 1 0.11331 0.11331 0.11331 0 3.3
41 1 0.0522684 0.0522684 0.0522684 0 2.8
108 1 0.0522541 0.0522541 0.0522541 0 3.3
122 1 0.0101489 0.0101489 0.0101489 0 1.85714
50 1 0.000293096 0.000293096 0.000293096 0 2.8
192 1 1e-08 1e-08 1e-08 0 1.38889
191 1 1e-08 1e-08 1e-08 0 3.35714
190 1 1e-08 1e-08 1e-08 0 3.35714
204 1 1e-08 1e-08 1e-08 0 3.35714

96 6 149.966 149.84 149.861 124.885 3.35714
198 5 149.594 148.923 149.403 119.523 1.90909
173 9 149.603 148.912 149.129 132.559 1.35714
205 2 145.607 145.016 145.311 72.6558 2.90909
202 10 122.053 120.451 144.942 132.857 2.88889
199 3 145.302 85.9908 125.531 84.2049 3.3
137 8 133.269 0.329685 116.181 101.805 1.38889
186 7 18.4201 18.4132 109.435 106.804 3.35714
201 3 148.325 0.618774 99.0895 70.0183 3.38889
203 6 17.3068 17.3068 95.57 92.6856 3.88889
208 2 74.9678 0.0793626 37.5236 26.5051 3.35714
34 1 10.7303 10.7303 10.7303 0 0.666667
43 1 10.4235 10.4235 10.4235 0 2.85714
33 1 10.2002 10.2002 10.2002 0 2.8
51 1 9.98271 9.98271 9.98271 0 0.666667
71 1 5.86341 5.86341 5.86341 0 3.3
7 1 3.54909 3.54909 3.54909 0 2.66667
35 1 2.51949 2.51949 2.51949 0 0.666667
13 1 1.22465 1.22465 1.22465 0 2.66667
12 1 1.22465 1.22465 1.22465 0 2.66667
11 1 1.22465 1.22465 1.22465 0 2.66667
15 1 1.22465 1.22465 1.22465 0 2.66667
94 1 0.305177 0.305177 0.305177 0 2.8
118 1 0.11331 0.11331 0.11331 0 3.3
41 1 0.0522684 0.0522684 0.0522684 0 2.8
108 1 0.0522541 0.0522541 0.0522541 0 3.3
122 1 0.0101489 0.0101489 0.0101489 0 1.85714
50 1 0.000293096 0.000293096 0.000293096 0 2.8
192 1 1e-08 1e-08 1e-08 0 1.38889
191 1 1e-08 1e-08 1e-08 0 3.35714
190 1 1e-08 1e-08 1e-08 0 3.35714
204 1 1e-08 1e-08 1e-08 0 3.35714

203 6 149.992 149.992 149.992 124.993 3.85714
186 6 149.992 149.936 149.946 124.955 3.35714
173 8 132.981 132.366 149.129 132.556 1.35714
210 1 146.33 146.33 146.33 0 3.38889
209 2 146.464 144.541 145.503 72.7529 1.42308
205 7 145.607 145.016 145.118 124.387 2.88889
202 3 144.787 144.589 144.67 96.4468 1.40909
199 3 145.302 85.9908 125.531 84.2049 3.3
137 5 149.868 0.370896 119.939 96.6934 3.38889
96 6 17.6444 17.6299 113.618 110.678 3.35714
208 3 149.936 0.158725 100.01 70.7053 3.35714
204 3 149.927 1e-08 99.8669 70.6165 3.35714
201 3 148.325 0.618774 99.0895 70.0183 3.35714
198 5 12.4835 12.4662 96.0875 93.5929 0.909091
34 1 10.7303 10.7303 10.7303 0 0.666667
43 1 10.4235 10.4235 10.4235 0 2.85714
33 1 10.2002 10.2002 10.2002 0 2.8
51 1 9.98271 9.98271 9.98271 0 0.666667
71 1 5.86341 5.86341 5.86341 0 3.3
7 1 3.54909 3.54909 3.54909 0 2.66667
35 1 2.51949 2.51949 2.51949 0 0.666667
13 1 1.22465 1.22465 1.22465 0 2.66667
12 1 1.22465 1.22465 1.22465 0 2.66667
11 1 1.22465 1.22465 1.22465 0 2.66667
15 1 1.22465 1.22465 1.22465 0 2.66667
94 1 0.305177 0.305177 0.305177 0 2.8
118 1 0.11331 0.11331 0.11331 0 3.3
41 1 0.0522684 0.0522684 0.0522684 0 2.8
108 1 0.0522541 0.0522541 0.0522541 0 3.3
122 1 0.0101489 0.0101489 0.0101489 0 1.85714
50 1 0.000293096 0.000293096 0.000293096 0 2.8
192 1 1e-08 1e-08 1e-08 0 1.38889
191 1 1e-08 1e-08 1e-08 0 3.35714
190 1 1e-08 1e-08 1e-08 0 3.35714

96 6 149.977 149.854 149.939 124.949 3.35714
198 5 149.802 149.594 149.676 119.741 1.90909
210 6 149.868 146.33 149.221 124.351 3.38889
173 8 149.603 148.912 149.156 130.511 1.35714
211 1 148.325 148.325 148.325 0 3.38889
201 1 148.325 148.325 148.325 0 3.35714
205 7 145.607 145.016 145.118 124.387 2.88889
209 5 146.464 144.541 145.003 116.003 0.909091
199 3 145.302 85.9908 125.531 84.2049 3.3
203 6 12.4993 12.4993 107.966 105.883 3.85714
186 6 21.9424 21.9418 102.697 99.0404 3.38889
137 2 149.927 0.370896 75.149 53.0074 1.38889
208 2 99.9571 0.105817 50.0315 35.3402 3.35714
34 1 10.7303 10.7303 10.7303 0 0.666667
43 1 10.4235 10.4235 10.4235 0 2.85714
33 1 10.2002 10.2002 10.2002 0 2.8
51 1 9.98271 9.98271 9.98271 0 0.666667
71 1 5.86341 5.86341 5.86341 0 3.3
7 1 3.54909 3.54909 3.54909 0 2.66667
35 1 2.51949 2.51949 2.51949 0 0.666667
15 1 1.22465 1.22465 1.22465 0 2.66667
11 1 1.22465 1.22465 1.22465 0 2.66667
12 1 1.22465 1.22465 1.22465 0 2.66667
13 1 1.22465 1.22465 1.22465 0 2.66667
94 1 0.305177 0.305177 0.305177 0 2.8
118 1 0.11331 0.11331 0.11331 0 3.3
41 1 0.0522684 0.0522684 0.0522684 0 2.8
108 1 0.0522541 0.0522541 0.0522541 0 3.3
122 1 0.0101489 0.0101489 0.0101489 0 1.85714
50 1 0.000293096 0.000293096 0.000293096 0 2.8
192 1 1e-08 1e-08 1e-08 0 1.38889
191 1 1e-08 1e-08 1e-08 0 3.35714
190 1 1e-08 1e-08 1e-08 0 3.35714
204 1 1e-08 1e-08 1e-08 0 3.35714

203 6 149.992 149.992 149.992 124.993 3.85714
186 6 149.94 149.936 149.938 124.949 3.35714
173 8 149.603 148.912 149.156 130.511 1.35714
211 2 148.325 148.325 148.325 74.1624 3.35714
209 2 146.464 144.541 145.503 72.7529 1.42308
205 9 131.046 130.171 144.984 130.481 2.90909
199 3 145.302 85.9908 125.531 84.2049 3.3
210 7 116.61 113.812 116.181 99.5894 3.35714
96 7 18.1007 18.1007 106.931 104.345 3.35714
198 5 14.1467 14.1252 84.373 81.5463 1.90909
208 2 149.936 0.158725 75.0472 53.0103 3.35714
34 1 10.7303 10.7303 10.7303 0 0.666667
43 1 10.4235 10.4235 10.4235 0 2.85714
33 1 10.2002 10.2002 10.2002 0 2.8
51 1 9.98271 9.98271 9.98271 0 0.666667
71 1 5.86341 5.86341 5.86341 0 3.3
7 1 3.54909 3.54909 3.54909 0 2.66667
35 1 2.51949 2.51949 2.51949 0 0.666667
15 1 1.22465 1.22465 1.22465 0 2.66667
11 1 1.22465 1.22465 1.22465 0 2.66667
12 1 1.22465 1.22465 1.22465 0 2.66667
13 1 1.22465 1.22465 1.22465 0 2.66667
94 1 0.305177 0.305177 0.305177 0 2.8
118 1 0.11331 0.11331 0.11331 0 3.3
41 1 0.0522684 0.0522684 0.0522684 0 2.8
108 1 0.0522541 0.0522541 0.0522541 0 3.3
122 1 0.0101489 0.0101489 0.0101489 0 1.85714
50 1 0.000293096 0.000293096 0.000293096 0 2.8
192 1 1e-08 1e-08 1e-08 0 1.38889
191 1 1e-08 1e-08 1e-08 0 3.35714
190 1 1e-08 1e-08 1e-08 0 3.35714

96 7 149.977 149.977 149.977 128.552 3.35714
210 6 149.927 149.674 149.821 124.851 3.38889
198 5 149.955 149.727 149.815 119.852 1.40909
173 8 149.603 148.912 149.156 130.511 1.35714
211 2 148.325 148.325 148.325 74.1624 3.38889
212 1 146.33 146.33 146.33 0 3.38889
205 7 145.607 145.016 145.118 124.387 2.90909
209 4 146.464 144.541 145.107 108.83 0.909091
199 3 145.302 85.9908 125.531 84.2049 3.3
186 6 14.5103 14.5103 110.815 108.396 3.35714
203 5 15.3053 15.3053 99.0013 95.9402 3.85714
208 2 149.936 0.158725 75.0472 53.0103 3.35714
34 1 10.7303 10.7303 10.7303 0 0.666667
43 1 10.4235 10.4235 10.4235 0 2.85714
33 1 10.2002 10.2002 10.2002 0 2.8
51 1 9.98271 9.98271 9.98271 0 0.666667
71 1 5.86341 5.86341 5.86341 0 3.3
7 1 3.54909 3.54909 3.54909 0 2.66667
35 1 2.51949 2.51949 2.51949 0 0.666667
15 1 1.22465 1.22465 1.22465 0 2.66667
11 1 1.22465 1.22465 1.22465 0 2.66667
12 1 1.22465 1.22465 1.22465 0 2.66667
13 1 1.22465 1.22465 1.22465 0 2.66667
94 1 0.305177 0.305177 0.305177 0 2.8
118 1 0.11331 0.11331 0.11331 0 3.3
41 1 0.0522684 0.0522684 0.0522684 0 2.8
108 1 0.0522541 0.0522541 0.0522541 0 3.3
122 1 0.0101489 0.0101489 0.0101489 0 1.85714
50 1 0.000293096 0.000293096 0.000293096 0 2.8
192 1 1e-08 1e-08 1e-08 0 1.38889
191 1 1e-08 1e-08 1e-08 0 3.35714
190 1 1e-08 1e-08 1e-08 0 3.35714
213 1 1e-08 1e-08 1e-08 0 3.85714

203 5 149.992 149.992 149.992 119.993 3.85714
186 6 149.94 149.94 149.94 124.95 3.35714
198 5 149.955 149.727 149.815 119.852 1.40909
214 2 149.921 149.41 149.666 74.8329 3.35714
173 8 149.603 148.912 149.156 130.511 1.35714
211 2 148.325 148.325 148.325 74.1624 3.35714
205 7 145.607 145.016 145.118 124.387 2.88889
209 4 146.464 144.541 145.107 108.83 1.42308
199 3 145.302 85.9908 125.531 84.2049 3.3
96 6 14.0621 14.0604 113.687 111.344 3.35714
210 6 18.7479 18.7336 103.143 100.02 3.38889
208 2 149.936 0.158725 75.0472 53.0103 3.35714
34 1 10.7303 10.7303 10.7303 0 0.666667
43 1 10.4235 10.4235 10.4235 0 2.85714
33 1 10.2002 10.2002 10.2002 0 2.8
51 1 9.98271 9.98271 9.98271 0 0.666667
71 1 5.86341 5.86341 5.86341 0 3.3
7 1 3.54909 3.54909 3.54909 0 2.66667
35 1 2.51949 2.51949 2.51949 0 0.666667
15 1 1.22465 1.22465 1.22465 0 2.66667
11 1 1.22465 1.22465 1.22465 0 2.66667
12 1 1.22465 1.22465 1.22465 0 2.66667
13 1 1.22465 1.22465 1.22465 0 2.66667
94 1 0.305177 0.305177 0.305177 0 2.8
118 1 0.11331 0.11331 0.11331 0 3.3
41 1 0.0522684 0.0522684 0.0522684 0 2.8
108 1 0.0522541 0.0522541 0.0522541 0 3.3
122 1 0.0101489 0.0101489 0.0101489 0 1.85714
50 1 0.000293096 0.000293096 0.000293096 0 2.8
192 1 1e-08 1e-08 1e-08 0 1.38889
191 1 1e-08 1e-08 1e-08 0 3.35714
190 1 1e-08 1e-08 1e-08 0 3.35714
213 1 1e-08 1e-08 1e-08 0 3.85714

