1 0.0522542 0.0522542 0.0522542 0 2
1 1e-08 1e-08 1e-08 0 0
1 1e-08 1e-08 1e-08 0 2
1 1e-08 1e-08 1e-08 0 2
1 1e-08 1e-08 1e-08 0 2

96 0.0127512 0.000517129 0.00133875 0.0029616 2
1 5e-09 5e-09 1e-08 5e-09 0
1 3.33333e-09 3.33333e-09 1e-08 6.66667e-09 2
1 5e-09 5e-09 1e-08 5e-09 2
1 5e-09 5e-09 1e-08 5e-09 2

1 1.22412 1.22412 1.22412 0 3.16667
3 0.408025 3.33333e-09 0.136008 0.192345 0
1 0.358239 0.358239 0.358239 0 3.16667
7 0.00663101 0.0064768 0.0216381 0.0151393 2
1 3.33333e-09 3.33333e-09 1e-08 6.66667e-09 2
1 5e-09 5e-09 1e-08 5e-09 2.5
1 1e-08 1e-08 1e-08 0 2

39 0.0218621 0.0218593 0.0247805 0.00292122 3.16667
12 0.104438 0.00430221 0.0738111 0.0421979 2.66667
13 0.0510032 4.16667e-10 0.0262153 0.0245784 0
10 0.0255885 0.0238601 0.0266155 0.00130713 3.16667
1 3.33333e-09 3.33333e-09 1e-08 6.66667e-09 2
1 5e-09 5e-09 1e-08 5e-09 2
1 1e-08 1e-08 1e-08 0 2
1 1e-08 1e-08 1e-08 0 3.16667
1 1e-08 1e-08 1e-08 0 3.16667
1 1e-08 1e-08 1e-08 0 3.3

1 1.92257 1.92257 1.92257 0 3.3
1 1.22484 1.22484 1.22484 0 1.66667
1 1.22411 1.22411 1.22411 0 2.66667
10 0.122411 0.122411 0.122411 0 2.66667
7 0.174874 0.174874 0.174874 2.77556e-17 3.16667
10 0.0149302 0.0149283 0.111512 0.0965837 3.66667
5 0.244823 2e-09 0.195858 0.0979292 2.66667
6 0.125326 0.125326 0.128691 0.00336488 2.66667
5 0.0556398 0.0556398 0.122064 0.0664241 0.8
3 0.0837049 0.0816076 0.141716 0.0594173 2.66667
3 0.0210729 0.0210729 0.110869 0.089796 3.16667
1 1e-08 1e-08 1e-08 0 2.66667
1 1e-08 1e-08 1e-08 0 3.16667
1 1e-08 1e-08 1e-08 0 3.3
1 1e-08 1e-08 1e-08 0 3.16667
1 1e-08 1e-08 1e-08 0 3.16667
1 1e-08 1e-08 1e-08 0 2
1 5e-09 5e-09 1e-08 5e-09 2
1 1e-08 1e-08 1e-08 0 2

10 0.182892 0.0712064 0.130029 0.0568835 3.3
10 0.12255 0.104438 0.127137 0.0215828 2.66667
3 0.418524 0.408038 0.411534 0.00494319 2.66667
10 0.0816079 0.0816079 0.122412 0.0408039 3.16667
5 0.244815 0.244815 0.244815 0 0.666667
9 0.154025 0.0816076 0.134992 0.0507292 2.66667
9 0.125987 0.0583259 0.124955 0.0628191 1.66667
9 0.0582912 0.0582912 0.123059 0.064768 2.66667
8 0.0680064 0.0680064 0.136018 0.0680121 2.66667
8 0.111283 0.111283 0.125193 0.0139097 2.66667
2 0.119413 0.119413 0.179119 0.0597064 3.16667
1 1e-08 1e-08 1e-08 0 2.66667
1 1e-08 1e-08 1e-08 0 3.16667
1 1e-08 1e-08 1e-08 0 3.3
1 1e-08 1e-08 1e-08 0 3.16667
1 1e-08 1e-08 1e-08 0 3.16667
1 1e-08 1e-08 1e-08 0 2
1 1e-08 1e-08 1e-08 0 2
1 1e-08 1e-08 1e-08 0 2
1 1e-08 1e-08 1e-08 0 3.16667

14 0.205753 0.0801073 0.122884 0.0449498 3.3
11 0.302386 0.0522192 0.133575 0.0914039 2.66667
10 0.132287 0.0612422 0.123606 0.059076 1.66667
8 0.153014 0.153014 0.153014 0 2.66667
9 0.136013 0.136013 0.136013 2.77556e-17 2.66667
8 0.136013 0.136013 0.136013 1.38889e-10 2.66667
8 0.100451 0.0532224 0.134639 0.0754149 2.66667
8 0.0660828 0.0644271 0.125551 0.0598865 2.66667
7 0.0510351 0.0510049 0.131782 0.0807729 3.16667
7 0.0556398 0.0556398 0.131657 0.0760174 0.666667
2 0.179119 0.179119 0.179119 0 3.16667
1 1e-08 1e-08 1e-08 0 3.16667
1 1e-08 1e-08 1e-08 0 3.3
1 1e-08 1e-08 1e-08 0 3.16667
1 1e-08 1e-08 1e-08 0 3.16667
1 1e-08 1e-08 1e-08 0 2
1 1e-08 1e-08 1e-08 0 2
1 1e-08 1e-08 1e-08 0 1.8
1 1e-08 1e-08 1e-08 0 2.8

13 0.137169 0.0534048 0.134973 0.0722875 3.3
11 0.329876 0.0569664 0.140312 0.0925059 2.66667
8 0.156947 0.153014 0.155964 0.00170273 2.66667
9 0.135904 0.0720067 0.136991 0.0552493 2.66667
7 0.174868 0.174868 0.174868 2.77556e-17 0.666667
8 0.120261 0.0556747 0.147288 0.0862267 1.66667
8 0.0582912 0.0582912 0.145728 0.0874368 2.66667
8 0.0532224 0.0532224 0.136532 0.0833095 2.66667
7 0.174874 1.42857e-09 0.149892 0.0611932 2.66667
7 0.0532224 0.0532224 0.137832 0.0846092 2.66667
3 0.408038 3.33333e-09 0.136013 0.192351 2
2 0.179119 0.179119 0.179119 0 3.16667
1 1e-08 1e-08 1e-08 0 3.3
1 1e-08 1e-08 1e-08 0 3.16667
1 1e-08 1e-08 1e-08 0 3.16667
1 1e-08 1e-08 1e-08 0 2
1 1e-08 1e-08 1e-08 0 1.8
1 1e-08 1e-08 1e-08 0 2.8
1 1e-08 1e-08 1e-08 0 3.8
1 5e-09 5e-09 1e-08 5e-09 2.66667

12 0.145237 0.0565463 0.170364 0.083304 3.3
12 0.259188 0.0525214 0.168946 0.102481 2.66667
9 0.433694 0.0523155 0.164129 0.138517 2.66667
8 0.153193 0.0582912 0.178071 0.08571 2.66667
7 0.139249 0.0644681 0.176441 0.104616 1.66667
6 0.20402 0.20402 0.20402 2.77556e-17 3.16667
4 0.306029 0.306029 0.306029 0 2.66667
3 0.408038 0.408038 0.408038 0 3.16667
7 0.153014 0.153014 0.174874 0.0218592 2.66667
6 0.0680064 0.0680064 0.1705 0.102494 3.16667
6 0.0720045 0.0720045 0.16801 0.096006 0.666667
2 0.179119 0.179119 0.179119 0 3.16667
1 0.306029 0.306029 0.306029 7.5e-09 2.66667
1 0.0522758 0.0522758 0.0522758 0 0.8
1 0.00961624 0.00961624 0.00961624 0 1.66667
1 1e-08 1e-08 1e-08 0 0.666667
1 1e-08 1e-08 1e-08 0 3.16667
1 1e-08 1e-08 1e-08 0 3.8
1 1e-08 1e-08 1e-08 0 2.8
1 1e-08 1e-08 1e-08 0 1.8
1 1e-08 1e-08 1e-08 0 2
1 1e-08 1e-08 1e-08 0 3.16667
1 1e-08 1e-08 1e-08 0 3.16667
1 1e-08 1e-08 1e-08 0 3.3

20 0.524356 0.0507103 0.186675 0.119984 2.66667
13 0.520433 0.0627787 0.197366 0.194986 2.66667
10 0.170278 0.0806708 0.199065 0.0781289 3.35714
9 0.204918 0.0964884 0.188682 0.0479386 0.666667
7 0.120267 0.055677 0.192157 0.121578 1.66667
2 0.612057 0.612057 0.612057 0 2.66667
6 0.174874 0.174874 0.204019 0.0291456 2.66667
6 0.204013 0.204013 0.204013 0 0.666667
6 0.0582945 0.0582912 0.194304 0.136013 3.16667
5 0.204019 0.204019 0.204019 3.33333e-10 2.8
5 0.0556417 0.0556417 0.189657 0.134015 3.16667
1 0.179119 0.179119 0.358239 0.179119 3.16667
1 0.0522758 0.0522758 0.0522758 0 0.8
1 0.00961624 0.00961624 0.00961624 0 1.66667
1 1e-08 1e-08 1e-08 0 0.666667
1 1e-08 1e-08 1e-08 0 3.16667
1 1e-08 1e-08 1e-08 0 3.8
1 1e-08 1e-08 1e-08 0 1.8
1 5e-09 5e-09 1e-08 5e-09 2
1 1e-08 1e-08 1e-08 0 3.16667
1 1e-08 1e-08 1e-08 0 3.16667
1 1e-08 1e-08 1e-08 0 3.3
1 1e-08 1e-08 1e-08 0 1.3

21 0.359748 0.157767 0.243947 0.0877756 2.66667
12 0.346955 0.0418524 0.247009 0.161367 2.66667
11 0.259898 0.123129 0.25874 0.0708275 3.3
9 0.380778 0.121599 0.253246 0.116897 2.66667
9 1.07968 0.0874368 0.239566 0.31463 2.66667
5 0.151145 0.139241 0.283998 0.142448 1.66667
5 0.244837 0.244823 0.244826 5.58343e-06 2.66667
1 1.22411 1.22411 1.22411 0 2.8
5 0.11128 0.11128 0.244815 0.133536 0.666667
4 0.0765078 0.0765072 0.274492 0.197984 2.66667
4 0.20402 0.20402 0.257097 0.0530768 3.16667
3 0.408038 3.33333e-09 0.272025 0.192351 2.66667
1 0.358239 0.358239 0.358239 0 3.16667
1 0.00961624 0.00961624 0.00961624 0 1.66667
1 1e-08 1e-08 1e-08 0 3.8
1 1e-08 1e-08 1e-08 0 1.8
1 5e-09 5e-09 1e-08 5e-09 2
1 1e-08 1e-08 1e-08 0 3.16667
1 1e-08 1e-08 1e-08 0 3.16667
1 1e-08 1e-08 1e-08 0 3.3
1 1e-08 1e-08 1e-08 0 1.3
1 1e-08 1e-08 1e-08 0 3.16667
1 1e-08 1e-08 1e-08 0 2.66667

1 16.5484 16.5484 16.5484 0 0.8
15 0.281599 0.134394 0.492327 0.320427 2.66667
11 0.371738 0.371738 0.518133 0.146395 2.66667
6 0.325401 0.159293 0.554209 0.372413 3.3
6 0.361739 0.163935 0.513917 0.298961 2.66667
5 0.287175 0.264587 0.502574 0.233632 1.66667
3 0.719783 0.0582912 0.601055 0.448435 2.66667
1 1.22412 1.22412 1.22412 0 3.16667
2 0.30603 0.30603 0.612059 0.30603 3.16667
1 1.22411 1.22411 1.22411 0 2.8
2 0.244815 0.244815 0.612038 0.367223 0.666667
2 0.153023 0.153014 0.535555 0.382536 2.66667
2 0.204019 0.204019 0.510048 0.306029 2.66667
1 0.358239 0.358239 0.358239 0 3.16667
1 0.00961624 0.00961624 0.00961624 0 1.66667
1 1e-08 1e-08 1e-08 0 3.8
1 1e-08 1e-08 1e-08 0 1.8
1 1e-08 1e-08 1e-08 0 2
1 1e-08 1e-08 1e-08 0 3.16667
1 1e-08 1e-08 1e-08 0 3.16667
1 1e-08 1e-08 1e-08 0 3.3
1 1e-08 1e-08 1e-08 0 3.16667
1 1e-08 1e-08 1e-08 0 2.66667

22 0.474525 0.190212 0.515658 0.311053 0.857143
17 0.400333 0.400333 0.518351 0.118018 2.66667
3 5.03848 0.408038 1.95152 2.18281 2.66667
10 0.91704 0.0790459 0.505553 0.233025 3.3
8 1.48958 1.25e-09 0.582117 0.516718 2.66667
6 1.2058 0.546449 0.766232 0.31082 0.666667
4 0.478625 0.440979 0.560661 0.111441 3.8
2 0.612092 0.612057 0.612075 1.74482e-05 3.16667
2 0.612062 0.612057 0.61206 2.33577e-06 2.66667
2 0.612059 0.612059 0.612059 0 3.16667
1 1.22411 1.22411 1.22411 0 2.8
1 1.22411 1.22411 1.22411 0 2.66667
2 0.612038 0.612038 0.612038 0 0.666667
1 0.358239 0.358239 0.358239 0 3.16667
1 0.00961624 0.00961624 0.00961624 0 1.66667
1 1e-08 1e-08 1e-08 0 1.8
1 1e-08 1e-08 1e-08 0 2
1 1e-08 1e-08 1e-08 0 3.16667
1 1e-08 1e-08 1e-08 0 3.16667
1 1e-08 1e-08 1e-08 0 3.3
1 1e-08 1e-08 1e-08 0 3.16667
1 1e-08 1e-08 1e-08 0 2.66667
1 1e-08 1e-08 1e-08 0 0.666667

28 1.32486 0.344758 0.575406 0.258458 0.8
16 0.289129 0.289129 0.59642 0.307291 2.66667
9 1.04084 0.221072 0.57 0.247851 2.66667
7 0.344514 0.344514 0.604955 0.260442 2.66667
6 1.07968 0.0874368 0.65642 0.501441 2.66667
6 0.42031 0.205753 0.596633 0.303214 3.3
1 2.87175 2.87175 2.87175 0 1.66667
3 0.882162 0.881958 0.882026 9.61828e-05 1.66667
2 1.65804 0.0178257 0.837934 0.820108 2.8
2 0.612092 0.612057 0.612075 1.74482e-05 3.16667
2 0.612059 0.612059 0.612059 0 3.16667
2 0.408041 0.408038 0.612059 0.204019 2.66667
1 1.22411 1.22411 1.22411 0 2.8
2 0.612038 0.612038 0.612038 0 0.666667
1 0.358239 0.358239 0.358239 0 3.16667
1 0.0522744 0.0522744 0.0522744 0 2.8
1 0.00961624 0.00961624 0.00961624 0 1.66667
1 1e-08 1e-08 1e-08 0 3.16667
1 1e-08 1e-08 1e-08 0 3.16667
1 1e-08 1e-08 1e-08 0 3.3
1 1e-08 1e-08 1e-08 0 3.16667
1 1e-08 1e-08 1e-08 0 2.66667
1 1e-08 1e-08 1e-08 0 0.666667
1 3.33333e-09 3.33333e-09 1e-08 6.66667e-09 2
1 1e-08 1e-08 1e-08 0 0.8
1 1e-08 1e-08 1e-08 0 1.8
1 1e-08 1e-08 1e-08 0 2.66667
1 1e-08 1e-08 1e-08 0 2.66667

2 10.3531 3.59794 6.97552 3.37758 2.8
17 0.38709 0.223631 0.752247 0.503692 0.8
11 0.25387 0.25387 0.808213 0.554344 2.66667
11 0.975791 0.453579 0.792999 0.249224 2.66667
9 1.07968 0.0874368 0.778489 0.468679 2.66667
8 0.556522 0.556522 0.765533 0.209011 2.66667
7 1.00874 0.493807 0.785038 0.264412 3.3
3 0.717937 0.661468 0.900832 0.222086 1.66667
3 0.829021 0.829021 0.831992 0.00297095 2.66667
1 0.612092 0.612092 1.22415 0.612057 0.666667
1 0.612062 0.612062 1.22412 0.612057 2.66667
1 0.612059 0.612059 1.22412 0.612059 3.16667
1 1.22411 1.22411 1.22411 0 2.8
1 0.612038 0.612038 1.22408 0.612038 0.666667
1 0.358239 0.358239 0.358239 0 3.16667
1 0.0522744 0.0522744 0.0522744 0 2.8
1 0.00961624 0.00961624 0.00961624 0 1.66667
1 1e-08 1e-08 1e-08 0 3.16667
1 1e-08 1e-08 1e-08 0 3.16667
1 1e-08 1e-08 1e-08 0 3.3
1 1e-08 1e-08 1e-08 0 3.16667
1 1e-08 1e-08 1e-08 0 2.66667
1 1e-08 1e-08 1e-08 0 0.666667
1 1e-08 1e-08 1e-08 0 2
1 1e-08 1e-08 1e-08 0 1.8
1 1e-08 1e-08 1e-08 0 2.66667
1 1e-08 1e-08 1e-08 0 0.666667
1 1e-08 1e-08 1e-08 0 2.8

21 2.25934 0.517147 0.830279 0.404628 0.8
12 0.443736 0.310987 0.89047 0.548734 2.8
12 0.839747 0.839747 0.862416 0.0226688 2.66667
12 0.400333 0.400333 0.839198 0.438865 2.66667
7 1.44106 0.705439 1.02071 0.364039 3.3
7 0.516771 0.516771 0.886227 0.369456 2.66667
5 2.08173 2e-09 0.912147 0.965917 2.66667
1 3.31608 3.31608 3.31608 0 2.66667
2 1.65804 1.65804 1.65804 0 2.66667
3 0.957249 0.881958 0.907123 0.0354449 1.66667
1 1.22418 1.22418 1.22418 0 0.666667
1 1.22412 1.22412 1.22412 0 3.16667
1 1.22412 1.22412 1.22412 0 3.16667
1 1.22411 1.22411 1.22411 0 2.8
1 1.22408 1.22408 1.22408 0 0.666667
1 0.358239 0.358239 0.358239 0 3.16667
1 0.169566 0.169566 0.169566 5e-09 2.66667
1 0.0522744 0.0522744 0.0522744 0 2.8
1 0.0520845 0.0520845 0.0520845 0 2.66667
1 0.00961624 0.00961624 0.00961624 0 1.66667
1 0.00934136 0.00934136 0.00934136 0 2.8
1 1e-08 1e-08 1e-08 0 3.16667
1 1e-08 1e-08 1e-08 0 3.16667
1 1e-08 1e-08 1e-08 0 3.3
1 1e-08 1e-08 1e-08 0 3.16667
1 1e-08 1e-08 1e-08 0 0.666667
1 3.33333e-09 3.33333e-09 1e-08 6.66667e-09 2.66667
1 1e-08 1e-08 1e-08 0 1.8
1 1e-08 1e-08 1e-08 0 2.66667

13 1.97975 7.69231e-10 1.26598 0.621109 2.8
20 1.29105 0.325676 0.821224 0.463046 0.8
18 0.719783 0.719783 0.799759 0.0799759 2.66667
8 0.477748 0.380778 0.875209 0.483375 2.66667
7 0.242062 0.242062 0.890456 0.648394 2.66667
6 0.530918 0.530918 0.802673 0.271755 3.3
3 1.10536 1.10536 1.10536 0 2.66667
3 0.957249 0.881958 0.907123 0.0354449 1.66667
1 1.22418 1.22418 1.22418 0 0.666667
1 1.22412 1.22412 1.22412 0 3.16667
1 1.22412 1.22412 1.22412 0 3.16667
1 1.22411 1.22411 1.22411 0 2.8
1 1.22408 1.22408 1.22408 0 0.666667
1 0.358239 0.358239 0.358239 0 3.16667
1 0.339132 0.339132 0.339132 0 2.66667
1 0.327098 0.327098 0.327098 0 2.8
1 0.0522744 0.0522744 0.0522744 0 2.8
1 0.0520845 0.0520845 0.0520845 0 2.66667
1 0.0319385 0.0319385 0.0319385 0 2.8
1 0.0265666 0.0265666 0.0265666 5e-09 2.66667
1 0.00961624 0.00961624 0.00961624 0 1.66667
1 0.00934136 0.00934136 0.00934136 0 2.8
1 1e-08 1e-08 1e-08 0 3.16667
1 1e-08 1e-08 1e-08 0 3.16667
1 1e-08 1e-08 1e-08 0 3.3
1 1e-08 1e-08 1e-08 0 3.16667
1 1e-08 1e-08 1e-08 0 0.666667
1 1e-08 1e-08 1e-08 0 2
1 1e-08 1e-08 1e-08 0 1.8
1 1e-08 1e-08 1e-08 0 2.66667
1 1e-08 1e-08 1e-08 0 2.66667

14 4.01661 0.855147 1.44797 0.78548 0.8
13 1.46445 0.298925 1.38815 0.951997 2.85714
1 16.9997 16.9997 16.9997 0 0.857143
9 0.377886 0.377886 1.4279 1.05001 2.66667
6 1.73478 1.73478 1.73478 2.22045e-16 3.16667
3 3.46955 3.46955 3.46955 0 2.66667
6 1.68124 1.68124 1.68124 0 3.3
2 9.39048 0.165642 4.77806 4.61242 2.85714
5 2.08173 0.0106266 1.66751 0.828442 2.66667
5 0.825201 0.657708 1.3842 0.664582 2.66667
2 1.10536 1.10536 1.65804 0.552681 2.66667
1 0.957249 0.957249 2.72137 1.76412 1.66667
1 1.22418 1.22418 1.22418 0 0.666667
1 1.22412 1.22412 1.22412 0 3.16667
1 1.22412 1.22412 1.22412 0 3.16667
1 1.22411 1.22411 1.22411 0 2.8
1 1.22408 1.22408 1.22408 0 0.666667
1 0.358239 0.358239 0.358239 0 3.16667
1 0.169566 0.169566 0.333115 0.163549 2.8
1 0.283904 0.283904 0.287056 0.00315215 2.8
1 0.0522744 0.0522744 0.0522744 0 2.8
1 0.0520845 0.0520845 0.0520845 0 2.66667
1 0.0513161 0.0513161 0.0513161 0 2.8
1 0.0319385 0.0319385 0.0319385 0 2.8
1 0.00961624 0.00961624 0.00961624 0 1.66667
1 0.00934136 0.00934136 0.00934136 0 2.8
1 1e-08 1e-08 1e-08 0 3.16667
1 1e-08 1e-08 1e-08 0 0.666667
1 5e-09 5e-09 1e-08 5e-09 2.66667
1 1e-08 1e-08 1e-08 0 1.8
1 1e-08 1e-08 1e-08 0 2.66667
1 1e-08 1e-08 1e-08 0 3.3
1 1e-08 1e-08 1e-08 0 2.66667
1 3.33333e-09 3.33333e-09 1e-08 6.66667e-09 2.85714
1 1e-08 1e-08 1e-08 0 3.16667
1 1e-08 1e-08 1e-08 0 3.16667
1 1e-08 1e-08 1e-08 0 2.66667
1 1e-08 1e-08 1e-08 0 2.66667

2 45.0914 5e-09 22.5457 22.5457 2.85714
12 1.65341 0.420913 1.82568 0.938765 2.8
8 2.64625 1.25e-09 2.1122 0.928367 2.85714
8 0.889144 0.889144 1.88943 1.00029 2.66667
6 4.28945 1.66667e-09 2.37748 1.96146 2.8
6 3.00659 0.630465 1.83646 1.20009 3.3
6 0.306137 0.306137 1.73478 1.42864 2.66667
5 3.59858 0.375745 1.84686 1.43166 2.88889
4 1.81544 1.44696 1.99294 0.405956 2.66667
2 3.46955 3.33333e-09 1.73478 1.73478 2.66667
1 1.65804 1.65804 3.31608 1.65804 2.66667
1 2.87175 2.87175 2.87175 0 1.66667
1 1.22418 1.22418 1.22418 0 0.666667
1 1.22412 1.22412 1.22412 0 3.16667
1 1.22412 1.22412 1.22412 0 3.16667
1 1.22411 1.22411 1.22411 0 2.8
1 1.22408 1.22408 1.22408 0 0.666667
1 0.358239 0.358239 0.358239 0 3.16667
1 0.339132 0.339132 0.339132 0 2.66667
1 0.0522744 0.0522744 0.0522744 0 2.8
1 0.0520845 0.0520845 0.0520845 0 2.66667
1 0.0513161 0.0513161 0.0513161 0 2.8
1 0.0319385 0.0319385 0.0319385 0 2.8
1 0.0265666 0.0265666 0.0265666 5e-09 2.66667
1 0.00961624 0.00961624 0.00961624 0 1.66667
1 0.00934136 0.00934136 0.00934136 0 2.8
1 1e-08 1e-08 1e-08 0 2.8
1 5e-09 5e-09 1e-08 5e-09 0.666667
1 1e-08 1e-08 1e-08 0 2.8
1 5e-09 5e-09 1e-08 5e-09 2.66667
1 1e-08 1e-08 1e-08 0 3.16667
1 1e-08 1e-08 1e-08 0 3.16667
1 1e-08 1e-08 1e-08 0 2.85714
1 1e-08 1e-08 1e-08 0 2.66667
1 1e-08 1e-08 1e-08 0 3.3
1 1e-08 1e-08 1e-08 0 2.66667
1 1e-08 1e-08 1e-08 0 1.8
1 1e-08 1e-08 1e-08 0 2
1 1e-08 1e-08 1e-08 0 0.666667
1 1e-08 1e-08 1e-08 0 3.16667

2 36.1465 6.48173 21.3141 14.8324 1.3
2 36.1495 1.65804 18.9038 17.2457 2.8
14 1.89836 1.58018 2.2887 0.579423 2.85714
13 4.42011 0.701225 2.22933 1.18369 0.8
6 0.839747 0.839747 2.25056 1.41081 2.66667
6 0.938761 0.909772 2.23834 1.31996 2.85714
1 10.4087 10.4087 10.4087 0 2.66667
4 4.00879 0.84062 2.54695 1.64861 3.3
4 0.743476 0.743476 2.41724 1.67377 2.66667
3 2.2693 1.8087 2.71867 0.640807 2.66667
1 2.87175 2.87175 2.87175 0 1.66667
1 1.22418 1.22418 1.22418 0 0.666667
1 1.22412 1.22412 1.22412 0 3.16667
1 1.22412 1.22412 1.22412 0 3.16667
1 1.22411 1.22411 1.22411 0 2.8
1 1.22408 1.22408 1.22408 0 0.666667
1 0.358239 0.358239 0.358239 0 3.16667
1 0.138993 0.138993 0.138993 5e-09 2.85714
1 0.0560887 0.0560887 0.0560887 0 3.35714
1 0.0522758 0.0522758 0.0522758 0 0.8
1 0.0522744 0.0522744 0.0522744 0 2.8
1 0.0520845 0.0520845 0.0520845 0 2.66667
1 0.0513161 0.0513161 0.0513161 0 2.8
1 0.0319385 0.0319385 0.0319385 0 2.8
1 0.0244746 0.0244746 0.0244746 0 2.8
1 0.00961624 0.00961624 0.00961624 0 1.66667
1 0.00934136 0.00934136 0.00934136 0 2.8
1 3.33333e-09 3.33333e-09 1e-08 6.66667e-09 2.8
1 1e-08 1e-08 1e-08 0 2.66667
1 1e-08 1e-08 1e-08 0 0.666667
1 5e-09 5e-09 1e-08 5e-09 2.85714
1 1e-08 1e-08 1e-08 0 2.8
1 1e-08 1e-08 1e-08 0 3.16667
1 1e-08 1e-08 1e-08 0 0.666667
1 1e-08 1e-08 1e-08 0 2
1 1e-08 1e-08 1e-08 0 1.8
1 1e-08 1e-08 1e-08 0 2.66667
1 1e-08 1e-08 1e-08 0 3.3
1 1e-08 1e-08 1e-08 0 2.66667
1 1e-08 1e-08 1e-08 0 3.16667
1 1e-08 1e-08 1e-08 0 3.16667
1 1e-08 1e-08 1e-08 0 2.66667

23 3.92099 4.34783e-10 2.23126 1.86017 2.85714
19 5.90412 5e-10 2.17446 2.075 2.85714
18 1.84622 1.18246 2.15102 0.829036 1.35714
4 12.0264 2.52186 4.89799 4.11558 3.35714
8 1.44919 1.39732 2.2412 0.825292 2.88889
6 1.16273 1.16273 2.14096 0.978237 2.66667
4 1.30108 1.30108 2.60217 1.30108 2.66667
3 3.02574 2.4116 2.82102 0.289508 2.66667
1 1.21773 1.21773 2.87578 1.65804 2.66667
1 2.87175 2.87175 2.87175 0 1.66667
1 1.22418 1.22418 1.22418 0 0.666667
1 1.22412 1.22412 1.22412 0 3.16667
1 1.22412 1.22412 1.22412 0 3.16667
1 1.22411 1.22411 1.22411 0 2.8
1 1.22408 1.22408 1.22408 0 0.666667
1 0.358239 0.358239 0.358239 0 3.16667
1 0.277986 0.277986 0.277986 0 2.85714
1 0.0560887 0.0560887 0.0560887 0 3.35714
1 0.0522758 0.0522758 0.0522758 0 0.8
1 0.0522744 0.0522744 0.0522744 0 2.8
1 0.0520845 0.0520845 0.0520845 0 2.66667
1 0.0513161 0.0513161 0.0513161 0 2.8
1 0.0319385 0.0319385 0.0319385 0 2.8
1 0.0244746 0.0244746 0.0244746 0 2.8

12 10.1731 1.70436 8.09753 2.0001 2.8
15 4.98941 0.0534776 4.22308 1.58456 1.3
4 18.6544 2.5e-09 10.4085 8.14566 0.8
10 1.72128 1.43147 3.85066 2.3563 2.85714
9 3.80911 2.33222 4.05102 1.41108 2.66667
6 12.0498 1.66667e-09 4.01192 5.67371 2.8
5 1.67214 1.62846 3.84507 2.19321 2.88889
3 2.67253 2.67253 4.08983 1.4173 3.35714
3 1.51155 1.51155 3.85822 2.34667 2.66667
2 3.02574 3.02574 4.23153 1.2058 2.66667
2 2.08173 2.08173 4.16591 2.08418 2.66667
1 7.36153 7.36153 7.36153 0 2.85714
1 2.87175 2.87175 2.87175 0 1.66667
1 1.22418 1.22418 1.22418 0 0.666667
1 1.22412 1.22412 1.22412 0 3.16667
1 1.22412 1.22412 1.22412 0 3.16667
1 1.22411 1.22411 1.22411 0 2.8
1 1.22408 1.22408 1.22408 0 0.666667
1 0.358239 0.358239 0.358239 0 3.16667
1 0.0852436 0.0852436 0.0865536 0.00131 0.8
1 0.0560887 0.0560887 0.0560887 0 3.35714
1 0.0522758 0.0522758 0.0522758 0 0.8
1 0.0522744 0.0522744 0.0522744 0 2.8
1 0.0513161 0.0513161 0.0513161 0 2.8
1 0.0319385 0.0319385 0.0319385 0 2.8
1 0.0260422 0.0260422 0.0260422 5e-09 2.66667
1 1e-08 1e-08 1e-08 0 2.66667
1 1e-08 1e-08 1e-08 0 2.85714
1 1e-08 1e-08 1e-08 0 3.3

23 1.11391 0.854341 2.89915 1.9667 0.8
3 16.0352 16.0352 16.0352 0 3.35714
9 10.6995 1.11111e-09 5.20267 4.4999 2.8
4 30.8107 0.34034 10.3443 11.9759 2.85714
7 8.61291 0.315306 3.14997 3.17093 0.8
3 5.03848 5.03848 5.03848 0 2.66667
5 2.17378 2.11721 2.83752 0.690416 3.38889
2 5.20433 5.20433 5.20433 0 2.66667
2 4.5386 4.5386 4.5386 0 2.66667
1 2.87175 2.87175 2.87175 0 1.66667
1 1.22418 1.22418 1.22418 0 0.666667
1 1.22412 1.22412 1.22412 0 3.16667
1 1.22412 1.22412 1.22412 0 3.16667
1 1.22411 1.22411 1.22411 0 2.8
1 1.22408 1.22408 1.22408 0 0.666667
1 0.358239 0.358239 0.358239 0 3.16667
1 0.0560887 0.0560887 0.0560887 0 3.35714
1 0.0522758 0.0522758 0.0522758 0 0.8
1 0.0522744 0.0522744 0.0522744 0 2.8
1 0.0520845 0.0520845 0.0520845 0 2.66667
1 0.0513161 0.0513161 0.0513161 0 2.8
1 0.0319385 0.0319385 0.0319385 0 2.8
1 1e-08 1e-08 1e-08 0 2.8
1 1e-08 1e-08 1e-08 0 2.66667
1 1e-08 1e-08 1e-08 0 2.85714
1 1e-08 1e-08 1e-08 0 3.3
1 3.33333e-09 3.33333e-09 1e-08 6.66667e-09 2.8
1 5e-09 5e-09 1e-08 5e-09 2.8
1 1e-08 1e-08 1e-08 0 2.8

5 24.3261 15.7732 21.2082 2.88413 2.8
18 4.09199 3.28207 5.4424 1.85942 2.8
10 4.21723 3.20721 5.81996 2.15698 3.16667
4 30.1452 1.73151 12.8737 11.9554 2.85714
2 36.1465 0.0514531 18.099 18.0475 2.8
6 4.4958 3.38877 5.97709 2.01601 2.85714
4 25.6268 2.5e-09 6.40671 11.0967 2.8
4 2.09154 2.09154 5.84076 3.74921 3.85714
3 7.24593 7.19717 7.22601 0.0208818 2.88889
3 14.1805 0.804267 5.68814 6.31992 0.888889
2 7.05738 7.05738 7.05738 1.66667e-09 2.85714
2 1.88943 1.88943 6.61301 4.72358 2.66667
1 5.20433 5.20433 10.4087 5.20433 2.66667
1 4.5386 4.5386 9.07721 4.5386 2.66667
1 2.87175 2.87175 2.87175 0 1.66667
1 1.22418 1.22418 1.22418 0 0.666667
1 1.22412 1.22412 1.22412 0 3.16667
1 1.22412 1.22412 1.22412 0 3.16667
1 1.22411 1.22411 1.22411 0 2.8
1 1.22408 1.22408 1.22408 0 0.666667
1 0.358239 0.358239 0.358239 0 3.16667
1 0.0572662 0.0572662 0.0572662 5e-09 2.88889
1 0.0560887 0.0560887 0.0560887 0 3.35714
1 0.0522758 0.0522758 0.0522758 0 0.8
1 0.0522744 0.0522744 0.0522744 0 2.8
1 0.0522727 0.0522727 0.0522727 0 3.3
1 0.0520845 0.0520845 0.0520845 0 2.66667
1 0.0513161 0.0513161 0.0513161 0 2.8
1 0.0319385 0.0319385 0.0319385 0 2.8
1 1e-08 1e-08 1e-08 0 2.66667
1 1e-08 1e-08 1e-08 0 3.3
1 1e-08 1e-08 1e-08 0 2.8
1 3.33333e-09 3.33333e-09 1e-08 6.66667e-09 2.85714
1 1e-08 1e-08 1e-08 0 2.8
1 5e-09 5e-09 1e-08 5e-09 2.66667

21 1.87231 1.52195 4.09635 2.44265 2.8
19 6.25502 0.644329 4.09915 1.22648 2.8
4 18.0733 0.0806922 13.2365 7.6156 2.3
11 3.84411 2.95404 4.29073 0.790911 2.85714
7 20.6972 1.42857e-09 5.08288 7.15027 0.857143
6 4.81055 0.127557 4.06355 1.74557 3.35714
5 4.34756 4.23443 4.29513 0.0505068 2.88889
2 7.55773 7.55773 7.55773 0 2.66667
3 10.2679 0.96512 4.06606 4.38539 0.666667
1 10.4087 10.4087 10.4087 0 2.66667
1 9.07721 9.07721 9.07721 0 2.66667
1 2.87175 2.87175 2.87175 0 1.66667
1 1.22418 1.22418 1.22418 0 0.666667
1 1.22412 1.22412 1.22412 0 3.16667
1 1.22412 1.22412 1.22412 0 3.16667
1 1.22411 1.22411 1.22411 0 2.8
1 1.22408 1.22408 1.22408 0 0.666667
1 0.358239 0.358239 0.358239 0 3.16667
1 0.0560887 0.0560887 0.0560887 0 3.35714
1 0.0522758 0.0522758 0.0522758 0 0.8
1 0.0522744 0.0522744 0.0522744 0 2.8
1 0.0520845 0.0520845 0.0520845 0 2.66667
1 0.0513161 0.0513161 0.0513161 0 2.8
1 0.0367632 0.0367632 0.0367632 5e-09 4.3
1 0.0319385 0.0319385 0.0319385 0 2.8
1 0.00465861 0.00465861 0.00465861 0 3.38889
1 1e-08 1e-08 1e-08 0 2.8
1 1e-08 1e-08 1e-08 0 2.8
1 1e-08 1e-08 1e-08 0 3.3
1 1e-08 1e-08 1e-08 0 2.66667
1 1e-08 1e-08 1e-08 0 2.8

2 61.0387 57.4202 59.2294 1.80925 2.8
13 2.9479 2.59739 8.39382 5.63079 2.8
5 28.7731 0.000931722 20.8279 10.7318 2.85714
2 54.3699 26.0902 40.23 14.1399 2.85714
9 2.95206 2.62618 8.55709 5.71573 2.8
1 72.4186 72.4186 72.4186 0 2.8
6 4.13944 3.44516 9.12821 5.45213 0.8
6 6.02442 5.5729 8.4444 2.5009 2.3
3 43.9975 3.33333e-09 14.7777 20.662 0.8
3 3.20703 3.20703 8.74323 5.5362 3.35714
2 2.17378 2.17378 9.30849 7.13471 2.88889
1 7.55773 7.55773 15.1155 7.55773 2.66667
1 10.4087 10.4087 10.4087 0 2.66667
1 9.07721 9.07721 9.07721 0 2.66667
1 2.87175 2.87175 2.87175 0 1.66667
1 1.22418 1.22418 1.22418 0 0.666667
1 1.22412 1.22412 1.22412 0 3.16667
1 1.22412 1.22412 1.22412 0 3.16667
1 1.22411 1.22411 1.22411 0 2.8
1 1.22408 1.22408 1.22408 0 0.666667
1 0.358239 0.358239 0.358239 0 3.16667
1 0.0522758 0.0522758 0.0522758 0 0.8
1 0.0522744 0.0522744 0.0522744 0 2.8
1 0.0513161 0.0513161 0.0513161 0 2.8
1 0.0438591 0.0438591 0.0438591 0 0.8
1 0.0319385 0.0319385 0.0319385 0 2.8
1 0.0260422 0.0260422 0.0260422 5e-09 2.66667
1 0.00329173 0.00329173 0.00329174 6.66667e-09 0.8
1 5e-09 5e-09 1e-08 5e-09 2.8
1 1e-08 1e-08 1e-08 0 3.3
1 1e-08 1e-08 1e-08 0 2.66667
1 1e-08 1e-08 1e-08 0 2.8
1 1e-08 1e-08 1e-08 0 2.35714
1 1e-08 1e-08 1e-08 0 2.3

15 1.67286 1.47506 5.39113 3.83513 2.8
15 7.19328 1.08689 5.22718 1.70254 0.8
15 5.62297 3.45234 5.10297 0.708693 2.8
9 15.1007 0.00129305 6.96669 4.33387 2.3
9 15.9954 1.11111e-09 5.96378 6.06306 2.88889
4 32.9981 2.5e-09 13.1686 13.9856 2.8
3 16.0352 16.0352 16.0352 0 3.35714
1 15.1155 15.1155 15.1155 0 2.66667
1 10.4087 10.4087 10.4087 0 2.66667
1 9.07721 9.07721 9.07721 0 2.66667
1 7.37298 7.37298 7.37298 0 2.85714
1 2.87175 2.87175 2.87175 0 1.66667
1 1.22418 1.22418 1.22418 0 0.666667
1 1.22412 1.22412 1.22412 0 3.16667
1 1.22412 1.22412 1.22412 0 3.16667
1 1.22411 1.22411 1.22411 0 2.8
1 1.22408 1.22408 1.22408 0 0.666667
1 1.00701 1.00701 1.00701 0 0.857143
1 0.358239 0.358239 0.358239 0 3.16667
1 0.0522758 0.0522758 0.0522758 0 0.8
1 0.0522744 0.0522744 0.0522744 0 2.8
1 0.0520845 0.0520845 0.0520845 0 2.66667
1 0.0513161 0.0513161 0.0513161 0 2.8
1 0.0319385 0.0319385 0.0319385 0 2.8
1 1e-08 1e-08 1e-08 0 2.8
1 1e-08 1e-08 1e-08 0 3.3
1 1e-08 1e-08 1e-08 0 2.66667
1 1e-08 1e-08 1e-08 0 2.66667
1 1e-08 1e-08 1e-08 0 2.35714
1 1e-08 1e-08 1e-08 0 2.3

19 4.79552 3.49736 5.28778 0.96514 2.8
17 2.44369 2.00137 5.32518 3.24073 2.8
16 6.59963 2.83948 5.23468 1.02998 2.8
4 30.1452 2.5e-09 12.0394 12.6317 2.85714
9 5.57233 2.7805 5.33924 2.172 2.35714
7 6.01319 0.155555 5.17638 2.04974 3.35714
3 33.9841 0.00024225 11.3328 16.0168 0.909091
3 5.43444 5.43444 5.43444 8.33333e-10 2.88889
1 15.1155 15.1155 15.1155 0 2.66667
1 10.4087 10.4087 10.4087 0 2.66667
1 9.07721 9.07721 9.07721 0 2.66667
1 7.37298 7.37298 7.37298 0 2.85714
1 5.73276 5.73276 5.73276 5e-09 2.88889
1 2.87175 2.87175 2.87175 0 1.66667
1 1.22418 1.22418 1.22418 0 0.666667
1 1.22412 1.22412 1.22412 0 3.16667
1 1.22412 1.22412 1.22412 0 3.16667
1 1.22411 1.22411 1.22411 0 2.8
1 1.22408 1.22408 1.22408 0 0.666667
1 1.00701 1.00701 1.00701 0 0.857143
1 0.503807 0.503807 0.503807 5e-09 2.85714
1 0.358239 0.358239 0.358239 0 3.16667
1 0.0743805 0.0743805 0.0743805 5e-09 3.35714
1 0.0522758 0.0522758 0.0522758 0 0.8
1 0.0522744 0.0522744 0.0522744 0 2.8
1 0.0520845 0.0520845 0.0520845 0 2.66667
1 0.0513161 0.0513161 0.0513161 0 2.8
1 0.0319385 0.0319385 0.0319385 0 2.8
1 0.00664448 0.00664448 0.00664449 6.66667e-09 2.8
1 1e-08 1e-08 1e-08 0 3.3
1 1e-08 1e-08 1e-08 0 2.66667

2 62.6843 39.3547 51.0195 11.6648 1.3
15 2.77265 2.27082 6.3285 3.79635 2.8
14 2.21332 2.03932 6.17049 4.06768 2.8
7 12.1562 10.3276 10.5899 0.639434 2.3
5 20.2978 0.00769146 11.9378 9.74339 1.35714
8 8.04892 3.907 6.61899 1.94191 2.85714
6 8.49602 0.00368024 6.78281 3.03585 0.666667
5 3.20703 3.20703 6.48474 3.27771 3.35714
1 15.1155 15.1155 15.1155 0 2.66667
1 12.0551 12.0551 12.0551 0 2.88889
1 10.4087 10.4087 10.4087 0 2.66667
1 9.07721 9.07721 9.07721 0 2.66667
1 7.37298 7.37298 7.37298 0 2.85714
1 2.87175 2.87175 2.87175 0 1.66667
1 1.22418 1.22418 1.22418 0 0.666667
1 1.22412 1.22412 1.22412 0 3.16667
1 1.22412 1.22412 1.22412 0 3.16667
1 1.22411 1.22411 1.22411 0 2.8
1 1.22408 1.22408 1.22408 0 0.666667
1 1.18557 1.18557 1.20455 0.0189806 2.3
1 1.00761 1.00761 1.00761 0 2.85714
1 1.00701 1.00701 1.00701 0 0.857143
1 0.358239 0.358239 0.358239 0 3.16667
1 0.148761 0.148761 0.148761 0 3.35714
1 0.0522758 0.0522758 0.0522758 0 0.8
1 0.0522744 0.0522744 0.0522744 0 2.8
1 0.0520845 0.0520845 0.0520845 0 2.66667
1 0.0513161 0.0513161 0.0513161 0 2.8
1 0.0319385 0.0319385 0.0319385 0 2.8
1 1e-08 1e-08 1e-08 0 3.3
1 1e-08 1e-08 1e-08 0 2.66667
1 1e-08 1e-08 1e-08 0 0.857143

2 69.4744 68.8586 69.1665 0.307896 2.85714
18 5.34395 3.53771 5.8989 1.00738 2.85714
13 1.48315 1.36655 6.15456 4.72746 2.8
8 15.0726 1.25e-09 7.77685 5.095 2.85714
8 10.3486 7.14286e-10 6.20631 4.49825 2.3
5 9.6211 9.6211 9.6211 0 3.35714
4 25.4881 2.5e-09 6.37746 11.0335 1.35714
1 15.1155 15.1155 15.1155 0 2.66667
1 12.0551 12.0551 12.0551 0 2.88889
1 10.4087 10.4087 10.4087 0 2.66667
1 9.07721 9.07721 9.07721 0 2.66667
1 7.37298 7.37298 7.37298 0 2.85714
1 3.08758 3.08758 3.08758 0 2.8
1 2.87175 2.87175 2.87175 0 1.66667
1 1.22418 1.22418 1.22418 0 0.666667
1 1.22412 1.22412 1.22412 0 3.16667
1 1.22412 1.22412 1.22412 0 3.16667
1 1.22411 1.22411 1.22411 0 2.8
1 1.22408 1.22408 1.22408 0 0.666667
1 1.00761 1.00761 1.00761 0 2.85714
1 0.358239 0.358239 0.358239 0 3.16667
1 0.148761 0.148761 0.148761 0 3.35714
1 0.0581136 0.0581136 0.0581136 0 3.3
1 0.0522758 0.0522758 0.0522758 0 0.8
1 0.0522744 0.0522744 0.0522744 0 2.8
1 0.0520845 0.0520845 0.0520845 0 2.66667
1 0.0513161 0.0513161 0.0513161 0 2.8
1 0.0503611 0.0503611 0.0503611 0 3.3
1 0.0319385 0.0319385 0.0319385 0 2.8
1 1e-08 1e-08 1e-08 0 2.88889
1 5e-09 5e-09 1e-08 5e-09 3.3
1 1e-08 1e-08 1e-08 0 0.857143
1 1e-08 1e-08 1e-08 0 2.66667
1 1e-08 1e-08 1e-08 0 3.3
1 1e-08 1e-08 1e-08 0 3.16667

1 140.386 140.386 140.386 0 2.8
15 3.8967 3.88826 7.58614 3.69237 2.85714
12 2.5473 2.40172 7.84025 5.38622 2.8
1 82.285 82.285 82.285 0 2.35714
3 33.9841 0.014721 19.799 14.422 0.923077
7 4.99588 4.13483 8.32609 3.63609 1.38889
6 14.1794 1.66667e-09 8.51491 6.05705 2.3
5 17.7042 0.0108861 7.97373 6.84977 2.8
5 5.34506 5.34506 7.49081 2.14575 3.35714
1 15.1155 15.1155 15.1155 0 2.66667
1 12.0551 12.0551 12.0551 0 2.88889
1 10.4087 10.4087 10.4087 0 2.66667
1 9.07721 9.07721 9.07721 0 2.66667
1 7.37298 7.37298 7.37298 0 2.85714
1 2.87175 2.87175 2.87175 0 1.66667
1 1.22418 1.22418 1.22418 0 0.666667
1 1.22412 1.22412 1.22412 0 3.16667
1 1.22412 1.22412 1.22412 0 3.16667
1 1.22411 1.22411 1.22411 0 2.8
1 1.22408 1.22408 1.22408 0 0.666667
1 0.358239 0.358239 0.358239 0 3.16667
1 0.335871 0.335871 0.335871 6.66667e-09 2.85714
1 0.148761 0.148761 0.148761 0 3.35714
1 0.0370311 0.0370311 0.0564023 0.0193712 3.3
1 0.0522758 0.0522758 0.0522758 0 0.8
1 0.0522744 0.0522744 0.0522744 0 2.8
1 0.0520845 0.0520845 0.0520845 0 2.66667
1 0.0513161 0.0513161 0.0513161 0 2.8
1 0.0429507 0.0429507 0.0429507 0 1.35714
1 0.0387154 0.0387154 0.0387154 0 3.3
1 0.0321889 0.0321889 0.0321889 0 4.35714
1 0.0319385 0.0319385 0.0319385 0 2.8
1 1e-08 1e-08 1e-08 0 2.8
1 5e-09 5e-09 1e-08 5e-09 0.8
1 1e-08 1e-08 1e-08 0 3.3
1 1e-08 1e-08 1e-08 0 2.66667
1 1e-08 1e-08 1e-08 0 0.857143
1 1e-08 1e-08 1e-08 0 2.88889

16 2.12186 2.11704 6.43075 4.31099 2.8
14 10.3486 7.14286e-10 7.06857 4.20548 2.35714
15 8.9916 6.25e-10 6.43228 3.39074 2.8
12 7.04454 2.93582 6.24388 1.26396 2.85714
7 21.1569 1.42857e-09 8.57998 7.96033 0.909091
8 6.27663 3.91833 6.72189 2.5901 2.35714
5 9.6211 9.6211 9.6211 0 3.35714
4 15.3555 0.00859014 7.68636 7.67079 0.8
1 15.1155 15.1155 15.1155 0 2.66667
1 10.4087 10.4087 10.4087 0 2.66667
1 9.07721 9.07721 9.07721 0 2.66667
1 7.37298 7.37298 7.37298 0 2.85714
1 2.87175 2.87175 2.87175 0 1.66667
1 1.22418 1.22418 1.22418 0 0.666667
1 1.22412 1.22412 1.22412 0 3.16667
1 1.22412 1.22412 1.22412 0 3.16667
1 1.22411 1.22411 1.22411 0 2.8
1 1.22408 1.22408 1.22408 0 0.666667
1 1.00761 1.00761 1.00761 0 2.85714
1 0.358239 0.358239 0.358239 0 3.16667
1 0.148761 0.148761 0.148761 0 3.35714
1 0.096642 0.096642 0.096642 0 0.8
1 0.0522758 0.0522758 0.0522758 0 0.8
1 0.0522744 0.0522744 0.0522744 0 2.8
1 0.0520845 0.0520845 0.0520845 0 2.66667
1 0.0513161 0.0513161 0.0513161 0 2.8
1 0.0319385 0.0319385 0.0319385 0 2.8
1 1e-08 1e-08 1e-08 0 2.8

1 141.633 141.633 141.633 0 2.88889
14 4.65784 4.6509 9.29072 4.63908 2.8
11 3.0586 2.93603 9.53522 6.53778 2.8
6 24.0296 1.66667e-09 14.7878 9.63644 2.8
8 6.59046 4.11425 9.09477 4.66619 2.38889
8 4.99588 4.99588 9.01774 4.02186 2.85714
2 58.9327 5e-09 29.4664 29.4664 2.85714
2 47.556 5e-09 23.778 23.778 2.85714
2 37.3314 0.0743805 18.7029 18.6285 2.8
4 8.71168 5.53444 8.84228 2.7219 0.923077
3 3.70042 3.70042 10.1128 6.41242 3.35714
1 15.1155 15.1155 15.1155 0 2.66667
1 11.4655 11.4655 11.4655 0 2.88889
1 10.4087 10.4087 10.4087 0 2.66667
1 9.07721 9.07721 9.07721 0 2.66667
1 7.37298 7.37298 7.37298 0 2.85714
1 2.87175 2.87175 2.87175 0 1.66667
1 1.22418 1.22418 1.22418 0 0.666667
1 1.22412 1.22412 1.22412 0 3.16667
1 1.22412 1.22412 1.22412 0 3.16667
1 1.22411 1.22411 1.22411 0 2.8
1 1.22408 1.22408 1.22408 0 0.666667
1 1.00761 1.00761 1.00761 0 2.85714
1 0.358239 0.358239 0.358239 0 3.16667
1 0.0522758 0.0522758 0.0522758 0 0.8
1 0.0522744 0.0522744 0.0522744 0 2.8
1 0.0520845 0.0520845 0.0520845 0 2.66667
1 0.0513161 0.0513161 0.0513161 0 2.8
1 0.0429507 0.0429507 0.0429507 0 1.35714
1 0.0319385 0.0319385 0.0319385 0 2.8
1 1e-08 1e-08 1e-08 0 2.8
1 3.33333e-09 3.33333e-09 1e-08 6.66667e-09 0.888889
1 5e-09 5e-09 1e-08 5e-09 2.88889
1 1e-08 1e-08 1e-08 0 2.35714
1 1e-08 1e-08 1e-08 0 2.35714
1 1e-08 1e-08 1e-08 0 2.85714
1 1e-08 1e-08 1e-08 0 2.8

15 5.10122 4.68644 7.62069 2.62069 0.857143
4 37.0247 23.5214 27.4472 5.58149 0.909091
12 2.25946 2.18451 7.6223 5.42525 2.8
11 5.9944 5.90139 7.77611 1.86646 2.88889
2 48.5614 36.1983 42.3799 6.18155 2.38889
10 8.08694 4.57141 7.59597 2.22345 2.35714
9 12.3279 0.00866715 8.10737 5.72566 2.85714
3 16.0352 16.0352 16.0352 0 3.35714
1 15.1155 15.1155 15.1155 0 2.66667
1 10.4087 10.4087 10.4087 0 2.66667
1 9.07721 9.07721 9.07721 0 2.66667
1 7.37298 7.37298 7.37298 0 2.85714
1 6.02753 6.02753 6.10191 0.0743805 2.88889
1 2.87175 2.87175 2.87175 0 1.66667
1 1.22418 1.22418 1.22418 0 0.666667
1 1.22412 1.22412 1.22412 0 3.16667
1 1.22412 1.22412 1.22412 0 3.16667
1 1.22411 1.22411 1.22411 0 2.8
1 1.22408 1.22408 1.22408 0 0.666667
1 1.00761 1.00761 1.00761 0 2.85714
1 0.358239 0.358239 0.358239 0 3.16667
1 0.0587808 0.0587808 0.0587808 5e-09 2.35714
1 0.0522758 0.0522758 0.0522758 0 0.8
1 0.0522744 0.0522744 0.0522744 0 2.8
1 0.0520845 0.0520845 0.0520845 0 2.66667
1 0.0513161 0.0513161 0.0513161 0 2.8
1 0.0429507 0.0429507 0.0429507 0 1.35714
1 0.0319385 0.0319385 0.0319385 0 2.8
1 1e-08 1e-08 1e-08 0 2.8
1 1e-08 1e-08 1e-08 0 1.3
1 1e-08 1e-08 1e-08 0 2.88889
1 5e-09 5e-09 1e-08 5e-09 2.35714
1 1e-08 1e-08 1e-08 0 0.857143
1 1e-08 1e-08 1e-08 0 2.35714

14 7.45438 7.45438 8.87666 1.42228 2.90909
13 5.73555 5.5453 8.74986 3.16664 2.8
13 6.29915 6.29915 8.39006 2.0909 0.857143
11 5.35254 5.27654 8.91029 3.605 2.85714
2 72.0769 0.0209794 36.049 36.028 2.88889
1 71.6537 71.6537 71.6537 0 4.35714
8 7.79466 5.001 8.62404 2.91179 0.923077
7 3.16445 2.80367 9.0276 6.04488 2.38889
3 16.0352 16.0352 16.0352 0 3.35714
1 15.1155 15.1155 15.1155 0 2.66667
1 12.0551 12.0551 12.0551 0 2.88889
1 10.4087 10.4087 10.4087 0 2.66667
1 9.07721 9.07721 9.07721 0 2.66667
1 7.37298 7.37298 7.37298 0 2.85714
1 2.87175 2.87175 2.87175 0 1.66667
1 1.22418 1.22418 1.22418 0 0.666667
1 1.22412 1.22412 1.22412 0 3.16667
1 1.22412 1.22412 1.22412 0 3.16667
1 1.22411 1.22411 1.22411 0 2.8
1 1.22408 1.22408 1.22408 0 0.666667
1 1.00761 1.00761 1.00761 0 2.85714
1 0.358239 0.358239 0.358239 0 3.16667
1 0.0522758 0.0522758 0.0522758 0 0.8
1 0.0522744 0.0522744 0.0522744 0 2.8
1 0.0520845 0.0520845 0.0520845 0 2.66667
1 0.0513161 0.0513161 0.0513161 0 2.8
1 0.0429507 0.0429507 0.0429507 0 1.35714
1 0.0319385 0.0319385 0.0319385 0 2.8
1 1e-08 1e-08 1e-08 0 2.8
1 1e-08 1e-08 1e-08 0 1.3
1 1e-08 1e-08 1e-08 0 2.88889
1 1e-08 1e-08 1e-08 0 2.35714
1 1e-08 1e-08 1e-08 0 2.8
1 1e-08 1e-08 1e-08 0 2.35714

1 138.611 138.611 138.611 0 2.8
1 128.969 128.969 128.969 0 2.35714
11 2.62932 2.59536 10.4199 7.80854 2.8
10 5.1743 5.1743 10.2955 5.12115 0.857143
10 13.2332 4.08691 9.88271 3.43178 2.35714
10 4.29192 4.29192 9.7381 5.44618 2.88889
9 9.25616 6.21419 9.62999 2.42462 0.933333
3 16.0352 16.0352 16.0352 0 3.35714
1 40.2798 40.2798 40.2798 0 3.3
2 18.0192 10.5502 14.2927 3.73454 2.88889
1 14.9215 14.9215 18.608 3.68649 2.8
1 15.1155 15.1155 15.1155 0 2.66667
1 12.0551 12.0551 12.0551 0 2.88889
1 10.4087 10.4087 10.4087 0 2.66667
1 9.07721 9.07721 9.07721 0 2.66667
1 2.87175 2.87175 2.87175 0 1.66667
1 1.22418 1.22418 1.22418 0 0.666667
1 1.22412 1.22412 1.22412 0 3.16667
1 1.22412 1.22412 1.22412 0 3.16667
1 1.22411 1.22411 1.22411 0 2.8
1 1.22408 1.22408 1.22408 0 0.666667
1 1.00761 1.00761 1.00761 0 2.85714
1 0.59579 0.59579 0.615686 0.019896 1.40909
1 0.358239 0.358239 0.358239 0 3.16667
1 0.165964 0.165964 0.165964 5e-09 2.85714
1 0.0522758 0.0522758 0.0522758 0 0.8
1 0.0522744 0.0522744 0.0522744 0 2.8
1 0.0520845 0.0520845 0.0520845 0 2.66667
1 0.0513161 0.0513161 0.0513161 0 2.8
1 0.0429507 0.0429507 0.0429507 0 1.35714
1 0.0319385 0.0319385 0.0319385 0 2.8
1 0.00927208 0.00927208 0.0142038 0.00493176 2.8
1 0.0036897 0.0036897 0.0036897 7.5e-09 2.88889
1 1e-08 1e-08 1e-08 0 0.909091
1 1e-08 1e-08 1e-08 0 2.35714
1 1e-08 1e-08 1e-08 0 2.35714
1 1e-08 1e-08 1e-08 0 2.88889
1 1e-08 1e-08 1e-08 0 1.3

1 148.65 148.65 148.65 0 2.8
1 144.154 144.154 144.154 0 2.88889
8 7.08166 7.08166 14.2587 7.17706 2.88889
8 7.62529 7.62529 14.0095 6.38425 0.857143
7 5.80435 5.77545 14.2994 8.51985 2.8
7 3.16445 2.86542 13.7551 10.677 1.85714
7 12.4893 11.2291 13.5717 1.4205 2.85714
6 24.854 0.00772673 15.4346 10.6752 2.85714
6 9.25616 7.3407 15.3657 6.94603 0.923077
3 49.5944 3.33333e-09 30.4532 21.7696 2.8
4 22.5009 16.678 18.7514 2.22271 2.35714
5 24.001 0.00295176 13.6596 8.40467 2.85714
3 16.0352 16.0352 16.0352 0 3.35714
2 18.5888 8.9912 14.1124 4.80962 4.35714
1 15.1155 15.1155 15.1155 0 2.66667
1 10.4087 10.4087 10.4087 0 2.66667
1 9.07721 9.07721 9.07721 0 2.66667
1 2.87175 2.87175 2.87175 0 1.66667
1 1.22418 1.22418 1.22418 0 0.666667
1 1.22412 1.22412 1.22412 0 3.16667
1 1.22412 1.22412 1.22412 0 3.16667
1 1.22411 1.22411 1.22411 0 2.8
1 1.22408 1.22408 1.22408 0 0.666667
1 1.19158 1.19158 1.19158 0 1.40909
1 1.00761 1.00761 1.00761 0 2.85714
1 0.358239 0.358239 0.358239 0 3.16667
1 0.0522758 0.0522758 0.0522758 0 0.8
1 0.0522744 0.0522744 0.0522744 0 2.8
1 0.0520845 0.0520845 0.0520845 0 2.66667
1 0.0513161 0.0513161 0.0513161 0 2.8
1 0.0429507 0.0429507 0.0429507 0 1.35714
1 0.0319385 0.0319385 0.0319385 0 2.8
1 1e-08 1e-08 1e-08 0 2.88889
1 1e-08 1e-08 1e-08 0 1.3
1 1e-08 1e-08 1e-08 0 4.35714

12 9.05503 8.49416 10.0123 1.08708 0.857143
11 9.25125 8.23808 10.4033 1.4875 2.35714
11 7.08166 7.08166 9.85918 2.77751 2.88889
10 6.48366 6.46303 10.6672 4.19887 2.8
9 6.41282 6.26756 10.7774 4.47711 3.40909
9 11.3922 6.61078 10.2614 1.56533 0.923077
9 6.33202 6.30049 10.2281 3.92411 2.8
4 23.236 11.239 19.174 4.76526 4.38889
7 6.78629 6.72433 10.8742 4.13556 2.85714
3 16.0352 16.0352 16.0352 0 3.35714
1 15.1155 15.1155 15.1155 0 2.66667
1 10.4087 10.4087 10.4087 0 2.66667
1 9.07721 9.07721 9.07721 0 2.66667
1 5.73276 5.73276 5.74247 0.00971228 2.88889
1 2.87175 2.87175 2.87175 0 1.66667
1 1.22418 1.22418 1.22418 0 0.666667
1 1.22412 1.22412 1.22412 0 3.16667
1 1.22412 1.22412 1.22412 0 3.16667
1 1.22411 1.22411 1.22411 0 2.8
1 1.22408 1.22408 1.22408 0 0.666667
1 1.19158 1.19158 1.19158 0 1.40909
1 1.00761 1.00761 1.00761 0 2.85714
1 0.358239 0.358239 0.358239 0 3.16667
1 0.0593602 0.0593602 0.0593602 0 2.8
1 0.0522758 0.0522758 0.0522758 0 0.8
1 0.0522744 0.0522744 0.0522744 0 2.8

14 3.24562 3.23152 9.46234 6.22698 2.85714
12 6.05672 6.02655 10.1807 4.14664 2.8
12 6.43788 6.43788 10.0901 3.65223 2.88889
11 4.39032 4.39032 9.84515 5.45483 0.857143
11 5.28643 5.19875 9.47319 4.26654 2.35714
9 7.86004 6.21746 10.4235 3.29299 0.923077
4 24.3989 11.239 19.516 5.15499 4.38889
2 73.7474 0.000934099 36.8742 36.8732 2.88889
3 16.0352 16.0352 16.0352 0 3.35714
1 15.1155 15.1155 15.1155 0 2.66667
1 12.0551 12.0551 12.0551 0 2.88889
1 10.4087 10.4087 10.4087 0 2.66667
1 9.07721 9.07721 9.07721 0 2.66667
1 2.87175 2.87175 2.87175 0 1.66667
1 1.22418 1.22418 1.22418 0 0.666667
1 1.22412 1.22412 1.22412 0 3.16667
1 1.22412 1.22412 1.22412 0 3.16667
1 1.22411 1.22411 1.22411 0 2.8
1 1.22408 1.22408 1.22408 0 0.666667
1 1.00761 1.00761 1.00761 0 2.85714
1 0.59579 0.59579 0.59579 5e-09 1.40909
1 0.358239 0.358239 0.358239 0 3.16667
1 0.0593602 0.0593602 0.0593602 0 2.8
1 0.0522758 0.0522758 0.0522758 0 0.8
1 0.0522744 0.0522744 0.0522744 0 2.8
1 0.0383277 0.0383277 0.0383277 0 2.85714
1 1e-08 1e-08 1e-08 0 3.85714
1 1e-08 1e-08 1e-08 0 2.85714
1 1e-08 1e-08 1e-08 0 2.90909

7 21.2357 21.2357 21.2357 0 2.8
11 5.79522 5.79522 10.9311 5.13584 0.857143
10 9.25616 8.08874 11.9153 3.24472 0.923077
10 5.90139 5.90139 11.7395 5.83811 2.88889
10 3.8087 3.73243 11.0796 7.32405 2.35714
5 29.8249 0.00037364 21.1256 11.6854 2.85714
9 4.24714 3.98013 11.1636 7.1387 2.85714
7 9.33115 9.29895 11.8375 2.5279 2.8
4 24.3989 11.239 19.516 5.15499 2.35714
3 16.0352 16.0352 16.0352 0 3.35714
1 15.1155 15.1155 15.1155 0 2.66667
1 11.4655 11.4655 11.4655 0 2.88889
1 10.4087 10.4087 10.4087 0 2.66667
1 9.07721 9.07721 9.07721 0 2.66667
1 2.87175 2.87175 2.87175 0 1.66667
1 1.22418 1.22418 1.22418 0 0.666667
1 1.22412 1.22412 1.22412 0 3.16667
1 1.22412 1.22412 1.22412 0 3.16667
1 1.22411 1.22411 1.22411 0 2.8
1 1.22408 1.22408 1.22408 0 0.666667
1 1.00761 1.00761 1.00761 0 2.85714
1 0.59579 0.59579 0.967174 0.371383 1.40909
1 0.358239 0.358239 0.358239 0 3.16667
1 0.0522758 0.0522758 0.0522758 0 0.8
1 0.0522744 0.0522744 0.0522744 0 2.8
1 0.0215349 0.0215349 0.0215349 5e-09 2.85714
1 1e-08 1e-08 1e-08 0 3.85714
1 5e-09 5e-09 1e-08 5e-09 2.85714
1 1e-08 1e-08 1e-08 0 2.90909
1 1e-08 1e-08 1e-08 0 2.8
1 1e-08 1e-08 1e-08 0 2.85714

1 149.298 149.298 149.298 0 2.85714
9 16.0252 15.4783 15.539 0.171873 2.8
10 5.94157 5.8226 11.7245 5.84673 2.35714
10 6.03669 6.03669 11.5627 5.52598 0.857143
10 2.98249 2.973 11.3063 8.32866 2.85714
9 6.74444 6.74444 11.6329 4.88844 2.88889
8 4.97802 4.54063 11.3128 6.59815 0.923077
4 24.3989 11.239 19.516 5.15499 4.38889
5 29.7566 1.74583e-27 11.8511 14.5148 2.88889
3 16.0352 16.0352 16.0352 0 3.35714
2 35.1502 0.59579 17.873 17.2772 0.909091
1 15.1155 15.1155 15.1155 0 2.66667
1 12.0551 12.0551 12.0551 0 2.88889
1 10.4087 10.4087 10.4087 0 2.66667
1 9.07721 9.07721 9.07721 0 2.66667
1 2.87175 2.87175 2.87175 0 1.66667
1 1.51528 1.51528 1.51575 0.000467055 2.90909
1 1.22418 1.22418 1.22418 0 0.666667
1 1.22412 1.22412 1.22412 0 3.16667
1 1.22412 1.22412 1.22412 0 3.16667
1 1.22411 1.22411 1.22411 0 2.8
1 1.22408 1.22408 1.22408 0 0.666667
1 1.00761 1.00761 1.00761 0 2.85714
1 0.358239 0.358239 0.358239 0 3.16667
1 0.0947616 0.0947616 0.0947616 0 2.38889
1 0.0522758 0.0522758 0.0522758 0 0.8
1 0.0522744 0.0522744 0.0522744 0 2.8
1 0.0379978 0.0379978 0.0379978 0 2.8
1 1e-08 1e-08 1e-08 0 3.85714
1 1e-08 1e-08 1e-08 0 2.90909
1 1e-08 1e-08 1e-08 0 2.85714

11 9.97199 8.5837 10.5038 1.20133 0.923077
11 5.50778 5.15942 10.1329 4.90996 2.8
11 5.71305 5.64335 9.71167 4.03767 2.35714
10 5.36595 5.36595 10.4048 5.03884 0.857143
9 8.77202 8.74411 10.7029 1.94334 2.85714
9 6.43788 6.43788 10.4115 3.97365 2.88889
9 5.33208 5.31368 10.3273 5.00339 2.8
4 24.3989 11.239 19.516 5.15499 4.38889
3 16.0352 16.0352 16.0352 0 3.35714
1 39.8077 39.8077 39.8077 0 2.85714
2 23.4335 0.397194 11.9153 11.5181 0.923077
1 15.1155 15.1155 15.1155 0 2.66667
1 11.4655 11.4655 11.4655 0 2.88889
1 10.4087 10.4087 10.4087 0 2.66667
1 9.07721 9.07721 9.07721 0 2.66667
1 2.87175 2.87175 2.87175 0 1.66667
1 1.22418 1.22418 1.22418 0 0.666667
1 1.22412 1.22412 1.22412 0 3.16667
1 1.22412 1.22412 1.22412 0 3.16667
1 1.22411 1.22411 1.22411 0 2.8
1 1.22408 1.22408 1.22408 0 0.666667
1 1.00761 1.00761 1.00761 0 2.85714
1 0.358239 0.358239 0.358239 0 3.16667
1 0.0947616 0.0947616 0.0947616 0 2.38889
1 0.0522758 0.0522758 0.0522758 0 0.8
1 0.0522744 0.0522744 0.0522744 0 2.8
1 1e-08 1e-08 1e-08 0 3.85714
1 1e-08 1e-08 1e-08 0 2.90909
1 1e-08 1e-08 1e-08 0 2.85714

13 5.30497 5.24025 9.15113 3.87257 2.38889
13 5.50778 5.15942 8.7368 3.51026 2.8
11 5.79522 5.79522 9.25709 3.46187 0.857143
11 6.99488 6.74444 8.96068 2.19465 2.88889
11 4.51927 4.51892 8.86774 4.34879 2.88889
9 5.9832 5.48394 8.72633 3.00791 0.923077
4 24.3989 11.239 19.516 5.15499 4.35714
8 13.5726 0.0452975 8.80768 4.68384 2.85714
3 16.0352 16.0352 16.0352 0 3.35714
1 15.1155 15.1155 15.1155 0 2.66667
1 11.4655 11.4655 11.4655 0 2.88889
1 10.4087 10.4087 10.4087 0 2.66667
1 9.07721 9.07721 9.07721 0 2.66667
1 2.87175 2.87175 2.87175 0 1.66667
1 1.22418 1.22418 1.22418 0 0.666667
1 1.22412 1.22412 1.22412 0 3.16667
1 1.22412 1.22412 1.22412 0 3.16667
1 1.22411 1.22411 1.22411 0 2.8
1 1.22408 1.22408 1.22408 0 0.666667
1 1.00761 1.00761 1.00761 0 2.85714
1 0.358239 0.358239 0.358239 0 3.16667
1 0.0522758 0.0522758 0.0522758 0 0.8
1 0.0522744 0.0522744 0.0522744 0 2.8
1 0.0203738 0.0203738 0.0203738 5e-09 0.909091
1 1e-08 1e-08 1e-08 0 2.8
1 1e-08 1e-08 1e-08 0 3.85714
1 1e-08 1e-08 1e-08 0 2.90909

13 11.3862 7.69231e-10 10.5103 3.03406 2.35714
11 7.1075 7.10116 10.7524 3.65059 2.85714
10 5.79522 5.79522 10.8552 5.06001 0.857143
10 4.01919 3.76499 10.6406 6.77082 2.8
7 21.3283 0.0711549 14.4281 7.98176 2.85714
9 5.66533 5.66533 10.4696 4.80426 2.90909
7 5.9832 5.6842 11.2194 5.41244 0.923077
7 9.90262 8.06993 10.7559 1.32266 4.35714
5 15.836 6.42228 12.0947 3.23299 4.35714
3 16.0352 16.0352 16.0352 0 3.35714
2 40.0776 0.503807 20.2907 19.7869 2.8
1 15.1155 15.1155 15.1155 0 2.66667
1 11.4655 11.4655 11.4655 0 2.88889
1 10.4087 10.4087 10.4087 0 2.66667
1 9.07721 9.07721 9.07721 0 2.66667
1 4.93175 4.93175 4.93175 5e-09 3.35714
1 2.87175 2.87175 2.87175 0 1.66667
1 1.22418 1.22418 1.22418 0 0.666667
1 1.22412 1.22412 1.22412 0 3.16667
1 1.22412 1.22412 1.22412 0 3.16667
1 1.22411 1.22411 1.22411 0 2.8
1 1.22408 1.22408 1.22408 0 0.666667
1 0.358239 0.358239 0.358239 0 3.16667
1 0.273361 0.273361 0.286943 0.0135825 0.923077
1 0.0522758 0.0522758 0.0522758 0 0.8
1 0.0522744 0.0522744 0.0522744 0 2.8
1 1e-08 1e-08 1e-08 0 3.85714
1 1e-08 1e-08 1e-08 0 2.90909

12 6.03669 6.03669 10.4145 4.37784 0.857143
11 7.82685 7.33181 10.0533 2.46934 2.8
11 7.97683 7.86852 9.76284 1.88474 2.88889
10 4.14718 4.14234 10.4986 6.35491 2.85714
10 7.12285 6.55906 9.9317 3.04083 0.909091
2 48.7977 46.472 47.6349 1.16284 4.38889
9 3.16041 3.14936 9.65003 6.49453 2.38889
7 16.5887 0.325074 9.69402 5.13129 2.85714
2 38.3803 22.478 30.4291 7.95115 2.35714
3 16.0352 16.0352 16.0352 0 3.35714
1 15.1155 15.1155 15.1155 0 2.66667
1 11.4655 11.4655 11.4655 0 2.88889
1 10.4087 10.4087 10.4087 0 2.66667
1 9.07721 9.07721 9.07721 0 2.66667
1 2.87175 2.87175 2.87175 0 1.66667
1 1.22418 1.22418 1.22418 0 0.666667
1 1.22412 1.22412 1.22412 0 3.16667
1 1.22412 1.22412 1.22412 0 3.16667
1 1.22411 1.22411 1.22411 0 2.8
1 1.22408 1.22408 1.22408 0 0.666667
1 1.00761 1.00761 1.00761 0 2.85714
1 0.820083 0.820083 0.820083 0 0.909091
1 0.358239 0.358239 0.358239 0 3.16667
1 0.133064 0.133064 0.133064 0 2.8
1 0.0522758 0.0522758 0.0522758 0 0.8
1 0.0522744 0.0522744 0.0522744 0 2.8
1 1e-08 1e-08 1e-08 0 3.85714
1 1e-08 1e-08 1e-08 0 2.90909
1 1e-08 1e-08 1e-08 0 2.8
1 1e-08 1e-08 1e-08 0 2.38889

14 10.6613 6.14534 10.1084 1.28739 2.88889
12 5.8455 5.79522 10.339 4.53593 0.857143
12 8.25218 8.22333 10.1577 1.92236 2.38889
10 14.9298 0.0247002 10.197 4.85916 2.85714
9 3.91343 3.79543 10.8465 7.03804 2.8
9 7.87263 7.47921 10.8281 3.16756 0.909091
9 5.14003 4.88391 9.91024 4.99105 2.88889
6 7.92474 5.42197 11.1614 5.02089 4.40909
3 16.0352 16.0352 16.0352 0 3.35714
2 40.0776 0.503807 20.2907 19.7869 2.8
1 15.1155 15.1155 15.1155 0 2.66667
1 12.0551 12.0551 12.0551 0 2.88889
1 10.4087 10.4087 10.4087 0 2.66667
1 9.07721 9.07721 9.07721 0 2.66667
1 2.87175 2.87175 2.87175 0 1.66667
1 1.22418 1.22418 1.22418 0 0.666667
1 1.22412 1.22412 1.22412 0 3.16667
1 1.22412 1.22412 1.22412 0 3.16667
1 1.22411 1.22411 1.22411 0 2.8
1 1.22408 1.22408 1.22408 0 0.666667
1 0.358239 0.358239 0.358239 0 3.16667
1 0.0522758 0.0522758 0.0522758 0 0.8
1 0.0522744 0.0522744 0.0522744 0 2.8
1 1e-08 1e-08 1e-08 0 3.85714
1 1e-08 1e-08 1e-08 0 2.90909

6 23.7742 16.2659 18.8286 3.47853 2.38889
12 5.98137 5.79522 9.24698 3.42918 0.857143
11 4.38993 4.38601 9.77135 5.38461 2.85714
11 4.95131 4.934 9.59544 4.64886 4.35714
11 7.82685 7.59087 9.5311 1.91997 2.8
10 6.83728 6.74444 9.82748 3.0647 2.88889
10 6.79909 6.46368 9.48754 2.86155 0.923077
7 6.49123 5.60301 9.16802 3.15312 2.85714
3 16.0352 16.0352 16.0352 0 3.35714
1 15.1155 15.1155 15.1155 0 2.66667
1 11.4655 11.4655 11.4655 0 2.88889
1 10.4087 10.4087 10.4087 0 2.66667
1 9.07721 9.07721 9.07721 0 2.66667
1 2.87175 2.87175 2.87175 0 1.66667
1 1.22418 1.22418 1.22418 0 0.666667
1 1.22412 1.22412 1.22412 0 3.16667
1 1.22412 1.22412 1.22412 0 3.16667
1 1.22411 1.22411 1.22411 0 2.8
1 1.22408 1.22408 1.22408 0 0.666667
1 1.00761 1.00761 1.00761 0 2.85714
1 0.358239 0.358239 0.358239 0 3.16667
1 0.0522758 0.0522758 0.0522758 0 0.8
1 0.0522744 0.0522744 0.0522744 0 2.8
1 1e-08 1e-08 1e-08 0 3.85714
1 1e-08 1e-08 1e-08 0 2.90909
1 1e-08 1e-08 1e-08 0 0.923077
1 1e-08 1e-08 1e-08 0 2.85714

2 66.6761 66.1713 66.4237 0.252406 1.35714
11 3.9289 3.92463 11.3315 7.40502 2.85714
11 7.42696 7.401 11.199 3.7791 2.35714
10 6.50149 6.29915 11.7806 5.45185 0.857143
10 5.12794 4.97333 11.4335 6.42957 2.8
10 11.5061 10.9385 11.3043 0.243352 0.923077
8 5.74332 5.66533 11.9247 6.23027 3.38889
7 6.54614 4.55099 12.363 7.0069 3.88889
3 16.0352 16.0352 16.0352 0 3.35714
2 46.6882 0.1678 23.428 23.2602 2.88889
3 17.0822 1.66667e-09 10.9862 7.78397 2.38889
1 15.1155 15.1155 15.1155 0 2.66667
1 11.4655 11.4655 11.4655 0 2.88889
1 10.4087 10.4087 10.4087 0 2.66667
1 9.07721 9.07721 9.07721 0 2.66667
1 2.87175 2.87175 2.87175 0 1.66667
1 1.22418 1.22418 1.22418 0 0.666667
1 1.22412 1.22412 1.22412 0 3.16667
1 1.22412 1.22412 1.22412 0 3.16667
1 1.22411 1.22411 1.22411 0 2.8
1 1.22408 1.22408 1.22408 0 0.666667
1 1.00761 1.00761 1.00761 0 2.85714
1 0.358239 0.358239 0.358239 0 3.16667
1 0.0522758 0.0522758 0.0522758 0 0.8
1 0.0522744 0.0522744 0.0522744 0 2.8
1 1e-08 1e-08 1e-08 0 3.85714
1 1e-08 1e-08 1e-08 0 2.90909

11 13.053 9.09091e-10 11.2119 3.96697 2.88889
11 11.5196 6.10359 11.1108 1.52905 0.923077
11 7.21133 7.21133 10.9795 3.76817 2.85714
7 20.5736 14.3031 17.0164 2.83215 4.40909
10 5.12204 5.12204 11.2267 6.10461 1.88889
10 4.39614 4.3868 11.1768 6.78675 2.85714
10 5.31108 5.21426 10.9502 5.69638 0.857143
6 6.22076 5.55634 11.1596 5.32852 1.35714
3 49.86 3.33333e-09 21.2624 21.0057 0.909091
3 16.0352 16.0352 16.0352 0 3.35714
2 37.3455 0.00415732 18.6748 18.6707 2.85714
1 15.1155 15.1155 15.1155 0 2.66667
1 11.4655 11.4655 11.4655 0 2.88889
1 10.4087 10.4087 10.4087 0 2.66667
1 9.07721 9.07721 9.07721 0 2.66667
1 2.87175 2.87175 2.87175 0 1.66667
1 1.22418 1.22418 1.22418 0 0.666667
1 1.22412 1.22412 1.22412 0 3.16667
1 1.22412 1.22412 1.22412 0 3.16667
1 1.22411 1.22411 1.22411 0 2.8
1 1.22408 1.22408 1.22408 0 0.666667
1 1.00761 1.00761 1.00761 0 2.85714
1 0.358239 0.358239 0.358239 0 3.16667
1 0.335601 0.335601 0.335601 0 2.88889
1 0.0522758 0.0522758 0.0522758 0 0.8
1 0.0522744 0.0522744 0.0522744 0 2.8
1 1e-08 1e-08 1e-08 0 3.85714
1 1e-08 1e-08 1e-08 0 2.90909

13 4.37383 4.24196 10.4535 6.15102 2.8
4 33.3381 33.3381 33.3381 0 1.35714
12 5.50146 5.50146 9.9048 4.40335 2.38889
10 5.33817 5.33063 10.018 4.68664 2.85714
9 6.23976 5.99062 10.5121 4.36344 0.923077
9 9.96895 7.82269 9.87923 0.859214 0.857143
8 5.74332 5.66533 10.9122 5.19831 2.88889
8 7.57974 5.26957 10.8084 4.51039 3.88889
3 16.0352 16.0352 16.0352 0 3.35714
2 37.3455 0.00415732 18.6748 18.6707 2.85714
1 15.1155 15.1155 15.1155 0 2.66667
1 11.4655 11.4655 11.4655 0 2.88889
1 10.4087 10.4087 10.4087 0 2.66667
1 9.07721 9.07721 9.07721 0 2.66667
1 2.87175 2.87175 2.87175 0 1.66667
1 1.22418 1.22418 1.22418 0 0.666667
1 1.22412 1.22412 1.22412 0 3.16667
1 1.22412 1.22412 1.22412 0 3.16667
1 1.22411 1.22411 1.22411 0 2.8
1 1.22408 1.22408 1.22408 0 0.666667
1 1.00761 1.00761 1.00761 0 2.85714
1 0.358239 0.358239 0.358239 0 3.16667
1 0.0522758 0.0522758 0.0522758 0 0.8
1 0.0522744 0.0522744 0.0522744 0 2.8
1 0.0341623 0.0341623 0.0495054 0.0153432 2.8
1 1e-08 1e-08 1e-08 0 0.909091
1 1e-08 1e-08 1e-08 0 3.85714
1 1e-08 1e-08 1e-08 0 2.90909
1 1e-08 1e-08 1e-08 0 3.90909

12 5.53588 5.52806 10.9102 5.38087 2.88889
10 14.3583 2.31098 12.7028 3.65012 2.88889
11 8.80908 8.49623 11.338 2.65386 0.909091
11 5.12204 5.12204 10.8409 5.71887 2.38889
10 4.95701 4.80755 11.6203 6.72269 2.85714
9 15.8495 1.11111e-09 11.9873 4.70173 4.40909
8 7.47671 7.29996 11.7049 4.33898 0.857143
5 5.72367 5.12893 11.8964 6.65278 1.35714
3 16.0352 16.0352 16.0352 0 3.35714
3 34.1577 2.5e-09 11.3859 16.1021 0.909091
1 24.8573 24.8573 24.8573 0 2.85714
2 24.681 0.0170811 12.349 12.3319 2.8
1 15.1155 15.1155 15.1155 0 2.66667
1 11.4655 11.4655 11.4655 0 2.88889
1 10.4087 10.4087 10.4087 0 2.66667
1 9.07721 9.07721 9.07721 0 2.66667
1 2.87175 2.87175 2.87175 0 1.66667
1 1.22418 1.22418 1.22418 0 0.666667
1 1.22412 1.22412 1.22412 0 3.16667
1 1.22412 1.22412 1.22412 0 3.16667
1 1.22411 1.22411 1.22411 0 2.8
1 1.22408 1.22408 1.22408 0 0.666667
1 1.00761 1.00761 1.00761 0 2.85714
1 0.358239 0.358239 0.358239 0 3.16667
1 0.0522758 0.0522758 0.0522758 0 0.8
1 0.0522744 0.0522744 0.0522744 0 2.8
1 0.00831464 0.00831464 0.00831464 0 2.85714
1 1e-08 1e-08 1e-08 0 3.85714

5 26.6704 26.6704 26.6704 0 1.35714
11 7.48237 7.3043 11.0483 3.60211 2.8
11 5.7488 5.74067 10.9168 5.17316 2.85714
9 5.12204 5.12204 11.6058 6.48376 2.38889
5 29.742 0.0619649 20.792 11.4932 2.8
6 24.0378 0.572323 15.5471 9.75872 2.8
8 4.67982 4.62808 11.6279 6.95862 0.909091
7 5.31789 5.24568 11.3237 6.01615 2.88889
6 24.785 1.66667e-09 11.3022 11.5046 2.8
6 6.54614 4.55099 10.9822 5.16729 4.40909
3 16.0352 16.0352 16.0352 0 3.35714
1 15.1155 15.1155 15.1155 0 2.66667
1 11.4655 11.4655 11.4655 0 2.88889
1 10.4087 10.4087 10.4087 0 2.66667
1 9.07721 9.07721 9.07721 0 2.66667
1 2.87175 2.87175 2.87175 0 1.66667
1 1.22418 1.22418 1.22418 0 0.666667
1 1.22412 1.22412 1.22412 0 3.16667
1 1.22412 1.22412 1.22412 0 3.16667
1 1.22411 1.22411 1.22411 0 2.8
1 1.22408 1.22408 1.22408 0 0.666667
1 1.00761 1.00761 1.00761 0 2.85714
1 0.358239 0.358239 0.358239 0 3.16667
1 0.0522758 0.0522758 0.0522758 0 0.8
1 0.0522744 0.0522744 0.0522744 0 2.8
1 0.00831464 0.00831464 0.00831464 0 2.85714
1 1e-08 1e-08 1e-08 0 3.85714
1 1e-08 1e-08 1e-08 0 0.857143
1 1e-08 1e-08 1e-08 0 3.90909
1 5e-09 5e-09 1e-08 5e-09 2.38889

6 24.0025 16.687 21.5613 3.00672 4.40909
8 18.6918 1.25e-09 16.143 6.10465 0.857143
11 5.74907 5.74068 10.749 5.00185 2.85714
10 8.31968 8.31 11.4695 3.15849 0.909091
10 14.3583 1e-09 11.4673 5.73347 2.88889
10 7.42696 7.42696 11.2156 3.78866 2.38889
8 5.95262 5.33409 11.0547 5.27058 3.35714
7 3.81308 3.81308 11.1472 7.33416 2.85714
3 16.0352 16.0352 16.0352 0 3.35714
3 9.10151 7.59414 13.8709 5.39106 2.8
3 24.9412 0.0566882 12.2 10.168 0.888889
1 15.1155 15.1155 15.1155 0 2.66667
1 11.4655 11.4655 11.4655 0 2.88889
1 10.4087 10.4087 10.4087 0 2.66667
1 9.07721 9.07721 9.07721 0 2.66667
1 2.87175 2.87175 2.87175 0 1.66667
1 1.22418 1.22418 1.22418 0 0.666667
1 1.22412 1.22412 1.22412 0 3.16667
1 1.22412 1.22412 1.22412 0 3.16667
1 1.22411 1.22411 1.22411 0 2.8
1 1.22408 1.22408 1.22408 0 0.666667
1 1.00761 1.00761 1.00761 0 2.85714
1 0.358239 0.358239 0.358239 0 3.16667
1 0.309825 0.309825 0.309825 0 3.8
1 0.112289 0.112289 0.112289 0 3.85714
1 0.0522758 0.0522758 0.0522758 0 0.8
1 0.0522744 0.0522744 0.0522744 0 2.8
1 0.00831464 0.00831464 0.00831464 0 2.85714
1 1e-08 1e-08 1e-08 0 3.85714
1 1e-08 1e-08 1e-08 0 2.8
1 1e-08 1e-08 1e-08 0 3.90909
1 1e-08 1e-08 1e-08 0 2.38889
1 1e-08 1e-08 1e-08 0 2.85714

1 148.71 148.71 148.71 0 2.8
7 21.2443 10.3445 19.6872 3.81412 2.8
10 5.94157 5.94157 13.4874 7.54586 2.38889
9 5.74907 5.7488 13.6088 7.85997 2.85714
1 115.262 115.262 115.262 0 2.85714
7 5.74332 5.74332 14.3029 8.55957 2.88889
7 4.83078 4.82516 13.0663 8.24032 2.90909
6 6.80216 6.79701 13.101 6.30308 0.857143
5 7.13227 5.41217 15.0025 8.25009 4.38889
5 10.6297 9.52516 14.8932 4.75054 1.35714
3 39.4399 3.33333e-09 24.1159 17.2598 2.85714
3 16.0352 16.0352 16.0352 0 3.35714
1 15.1155 15.1155 15.1155 0 2.66667
1 11.4655 11.4655 11.4655 0 2.88889
1 10.4087 10.4087 10.4087 0 2.66667
1 9.07721 9.07721 9.07721 0 2.66667
1 2.87175 2.87175 2.87175 0 1.66667
1 1.22418 1.22418 1.22418 0 0.666667
1 1.22412 1.22412 1.22412 0 3.16667
1 1.22412 1.22412 1.22412 0 3.16667
1 1.22411 1.22411 1.22411 0 2.8
1 1.22408 1.22408 1.22408 0 0.666667
1 1.00761 1.00761 1.00761 0 2.85714
1 0.358239 0.358239 0.358239 0 3.16667
1 0.309825 0.309825 0.309825 0 3.8
1 0.212358 0.212358 0.212358 0 3.85714
1 0.0522758 0.0522758 0.0522758 0 0.8
1 0.0522744 0.0522744 0.0522744 0 2.8
1 0.00831464 0.00831464 0.00831464 0 2.85714
1 1e-08 1e-08 1e-08 0 3.85714
1 1e-08 1e-08 1e-08 0 2.8
1 1e-08 1e-08 1e-08 0 3.90909
1 1e-08 1e-08 1e-08 0 2.38889
1 1e-08 1e-08 1e-08 0 1.35714
1 1e-08 1e-08 1e-08 0 1.35714

1 149.647 149.647 149.647 0 0.888889
7 21.3935 21.3686 21.3721 0.00871781 0.909091
9 16.6084 16.6076 16.6078 0.00032992 2.85714
10 14.8539 14.8539 14.8539 0 2.38889
5 29.9069 29.2275 29.3634 0.27175 0.857143
7 20.5118 20.5118 20.5118 3.55271e-15 2.88889
3 39.4399 32.908 36.9228 2.86927 2.85714
7 20.5736 1.42857e-09 13.7976 8.87978 4.40909
6 1.37695 1.37695 15.8456 14.4686 2.8
5 24.8026 0.766558 16.4937 9.09394 1.35714
3 16.0352 16.0352 16.0352 0 3.35714
1 15.1155 15.1155 15.1155 0 2.66667
1 12.0551 12.0551 12.0551 0 2.88889
1 10.4087 10.4087 10.4087 0 2.66667
1 9.07721 9.07721 9.07721 0 2.66667
1 2.87175 2.87175 2.87175 0 1.66667
1 1.22418 1.22418 1.22418 0 0.666667
1 1.22412 1.22412 1.22412 0 3.16667
1 1.22412 1.22412 1.22412 0 3.16667
1 1.22411 1.22411 1.22411 0 2.8
1 1.22408 1.22408 1.22408 0 0.666667
1 1.00761 1.00761 1.00761 0 2.85714
1 0.358239 0.358239 0.358239 0 3.16667
1 0.309825 0.309825 0.309825 0 3.8
1 0.0943163 0.0943163 0.0943163 0 3.85714
1 0.0522758 0.0522758 0.0522758 0 0.8
1 0.0522744 0.0522744 0.0522744 0 2.8
1 0.00831464 0.00831464 0.00831464 0 2.85714
1 1e-08 1e-08 1e-08 0 2.85714
1 1e-08 1e-08 1e-08 0 3.85714
1 1e-08 1e-08 1e-08 0 2.8
1 1e-08 1e-08 1e-08 0 1.35714

9 16.6084 16.6076 16.6078 0.00032992 2.85714
6 24.785 24.785 24.785 0 2.8
10 14.8539 14.8539 14.8539 0 2.38889
7 20.5118 20.5118 20.5118 3.55271e-15 2.88889
5 28.5514 26.6704 27.2187 0.745021 1.35714
5 28.803 21.6487 27.0434 2.72227 2.38889
3 39.4399 32.908 36.9228 2.86927 2.85714
6 2.77125 2.77125 13.3181 10.5469 0.888889
6 2.53821 2.53525 13.128 10.5923 0.909091
3 16.0352 16.0352 16.0352 0 3.35714
1 15.1155 15.1155 15.1155 0 2.66667
1 11.4655 11.4655 11.4655 0 2.88889
1 10.4087 10.4087 10.4087 0 2.66667
1 9.07721 9.07721 9.07721 0 2.66667
1 2.87175 2.87175 2.87175 0 1.66667
1 1.22418 1.22418 1.22418 0 0.666667
1 1.22412 1.22412 1.22412 0 3.16667
1 1.22412 1.22412 1.22412 0 3.16667
1 1.22411 1.22411 1.22411 0 2.8
1 1.22408 1.22408 1.22408 0 0.666667
1 1.00761 1.00761 1.00761 0 2.85714
1 0.358239 0.358239 0.358239 0 3.16667
1 0.309825 0.309825 0.309825 0 3.8
1 0.0561447 0.0561447 0.0561447 5e-09 2.85714
1 0.0522758 0.0522758 0.0522758 0 0.8
1 0.0522744 0.0522744 0.0522744 0 2.8
1 0.00831464 0.00831464 0.00831464 0 2.85714
1 1e-08 1e-08 1e-08 0 3.85714
1 1e-08 1e-08 1e-08 0 2.8
1 1e-08 1e-08 1e-08 0 1.35714
1 1e-08 1e-08 1e-08 0 3.90909
1 1e-08 1e-08 1e-08 0 2.38889

6 24.9591 24.93 24.9348 0.010832 0.909091
10 14.8539 14.8539 14.8539 0 2.38889
7 20.5118 20.5118 20.5118 3.55271e-15 2.88889
7 21.3782 1.42857e-09 18.3242 7.48082 0.888889
5 29.7631 14.0777 22.8002 7.15684 1.35714
3 39.4399 32.908 36.9228 2.86927 2.85714
9 2.53432 2.53337 12.1371 9.60347 2.85714
7 20.5736 1.42857e-09 13.874 8.93311 2.38889
7 2.65554 2.65554 13.2951 10.6396 2.8
3 16.0352 16.0352 16.0352 0 3.35714
1 15.1155 15.1155 15.1155 0 2.66667
1 12.0551 12.0551 12.0551 0 2.88889
1 10.4087 10.4087 10.4087 0 2.66667
1 9.07721 9.07721 9.07721 0 2.66667
1 2.87175 2.87175 2.87175 0 1.66667
1 1.22418 1.22418 1.22418 0 0.666667
1 1.22412 1.22412 1.22412 0 3.16667
1 1.22412 1.22412 1.22412 0 3.16667
1 1.22411 1.22411 1.22411 0 2.8
1 1.22408 1.22408 1.22408 0 0.666667
1 1.00761 1.00761 1.00761 0 2.85714
1 0.358239 0.358239 0.358239 0 3.16667
1 0.0943163 0.0943163 0.0943163 0 3.85714
1 0.0522758 0.0522758 0.0522758 0 0.8
1 0.0522744 0.0522744 0.0522744 0 2.8
1 0.00831464 0.00831464 0.00831464 0 2.85714
1 1e-08 1e-08 1e-08 0 3.85714
1 1e-08 1e-08 1e-08 0 2.8
1 1e-08 1e-08 1e-08 0 1.35714

9 16.6139 16.6076 16.6091 0.0017825 2.85714
7 21.2443 21.2443 21.2443 0 2.8
7 20.5118 20.5118 20.5118 3.55271e-15 2.88889
2 69.2673 69.2673 69.2673 0 4.40909
5 28.5514 26.6704 27.2187 0.745021 1.35714
7 21.3782 1.42857e-09 18.3242 7.48082 0.888889
3 39.4399 32.908 36.9228 2.86927 2.8
7 2.3958 2.3958 14.2425 11.8467 2.38889
4 35.6613 2.5e-09 24.5959 14.6281 2.38889
4 2.77323 2.77 16.0577 13.286 1.42308
3 16.0352 16.0352 16.0352 0 3.35714
1 15.1155 15.1155 15.1155 0 2.66667
1 12.0551 12.0551 12.0551 0 2.88889
1 10.4087 10.4087 10.4087 0 2.66667
1 9.07721 9.07721 9.07721 0 2.66667
1 2.87175 2.87175 2.87175 0 1.66667
1 1.22418 1.22418 1.22418 0 0.666667
1 1.22412 1.22412 1.22412 0 3.16667
1 1.22412 1.22412 1.22412 0 3.16667
1 1.22411 1.22411 1.22411 0 2.8
1 1.22408 1.22408 1.22408 0 0.666667
1 1.00761 1.00761 1.00761 0 2.85714
1 0.358239 0.358239 0.358239 0 3.16667
1 0.0943163 0.0943163 0.0943163 0 3.85714
1 0.0522758 0.0522758 0.0522758 0 0.8
1 0.0522744 0.0522744 0.0522744 0 2.8
1 0.00831464 0.00831464 0.00831464 0 2.85714
1 1e-08 1e-08 1e-08 0 3.85714
1 1e-08 1e-08 1e-08 0 2.8
1 1e-08 1e-08 1e-08 0 1.35714
1 1e-08 1e-08 1e-08 0 3.90909

4 37.4386 37.395 37.4186 0.0201181 0.909091
7 21.2199 21.2199 21.2199 3.55271e-15 2.38889
7 20.5118 20.5118 20.5118 3.55271e-15 2.88889
5 28.5291 21.6487 26.9738 2.68052 2.38889
7 21.3782 1.42857e-09 18.3242 7.48082 0.888889
3 39.4399 32.908 36.9228 2.86927 2.8
8 2.45123 2.4506 13.3772 10.9262 2.85714
6 24.8026 1.66667e-09 16.6774 9.02128 1.35714
7 2.75389 2.75389 13.8961 11.1422 2.8
3 16.0352 16.0352 16.0352 0 3.35714
1 15.1155 15.1155 15.1155 0 2.66667
1 11.4655 11.4655 11.4655 0 2.88889
1 10.4087 10.4087 10.4087 0 2.66667
1 9.07721 9.07721 9.07721 0 2.66667
1 2.87175 2.87175 2.87175 0 1.66667
1 1.22418 1.22418 1.22418 0 0.666667
1 1.22412 1.22412 1.22412 0 3.16667
1 1.22412 1.22412 1.22412 0 3.16667
1 1.22411 1.22411 1.22411 0 2.8
1 1.22408 1.22408 1.22408 0 0.666667
1 1.00761 1.00761 1.00761 0 2.85714
1 0.358239 0.358239 0.358239 0 3.16667
1 0.112289 0.112289 0.112289 0 3.85714
1 0.0522758 0.0522758 0.0522758 0 0.8
1 0.0522744 0.0522744 0.0522744 0 2.8
1 0.00831464 0.00831464 0.00831464 0 2.85714
1 1e-08 1e-08 1e-08 0 2.38889
1 1e-08 1e-08 1e-08 0 3.85714
1 1e-08 1e-08 1e-08 0 2.8
1 1e-08 1e-08 1e-08 0 3.90909
1 1e-08 1e-08 1e-08 0 0.8

8 18.6906 18.6858 18.689 0.00196637 2.85714
7 21.2443 21.2443 21.2443 0 2.8
7 20.5118 20.5118 20.5118 3.55271e-15 2.88889
5 28.5514 26.6704 27.2187 0.745021 1.35714
7 21.3782 1.42857e-09 18.3242 7.48082 0.888889
3 39.4399 32.908 36.9228 2.86927 2.85714
7 20.3779 1.42857e-09 13.7621 8.85307 3.90909
7 2.60595 2.60595 12.8207 10.2148 2.38889
4 2.77323 2.77323 14.1489 11.3756 0.909091
3 16.0352 16.0352 16.0352 0 3.35714
1 15.1155 15.1155 15.1155 0 2.66667
1 12.0551 12.0551 12.0551 0 2.88889
1 10.4087 10.4087 10.4087 0 2.66667
1 9.07721 9.07721 9.07721 0 2.66667
1 2.87175 2.87175 2.87175 0 1.66667
1 1.22418 1.22418 1.22418 0 0.666667
1 1.22412 1.22412 1.22412 0 3.16667
1 1.22412 1.22412 1.22412 0 3.16667
1 1.22411 1.22411 1.22411 0 2.8
1 1.22408 1.22408 1.22408 0 0.666667
1 1.00761 1.00761 1.00761 0 2.85714
1 0.358239 0.358239 0.358239 0 3.16667
1 0.0943163 0.0943163 0.0943163 0 3.85714
1 0.0522758 0.0522758 0.0522758 0 0.8
1 0.0522744 0.0522744 0.0522744 0 2.8
1 0.00831464 0.00831464 0.00831464 0 2.85714
1 1e-08 1e-08 1e-08 0 3.85714
1 1e-08 1e-08 1e-08 0 2.8
1 1e-08 1e-08 1e-08 0 0.8
1 1e-08 1e-08 1e-08 0 1.35714

4 37.4386 37.4386 37.4386 0 0.909091
6 24.9412 24.9412 24.9412 0 0.888889
7 21.2199 21.2199 21.2199 3.55271e-15 1.88889
7 20.5118 20.5118 20.5118 3.55271e-15 2.88889
5 28.803 2e-09 22.8632 11.4322 2.38889
8 8.79559 8.79333 13.851 5.05619 3.35714
3 39.4399 32.908 36.9228 2.86927 2.85714
6 23.7928 1.66667e-09 15.4039 8.54391 1.35714
6 3.47732 3.47732 14.9068 11.4295 2.85714
6 2.65554 2.65554 14.3533 11.6978 2.8
2 54.1217 5e-09 27.0609 27.0609 2.38889
3 16.0352 16.0352 16.0352 0 3.35714
1 15.1155 15.1155 15.1155 0 2.66667
1 11.4655 11.4655 11.4655 0 2.88889
1 10.4087 10.4087 10.4087 0 2.66667
1 9.07721 9.07721 9.07721 0 2.66667
1 2.87175 2.87175 2.87175 0 1.66667
1 1.22418 1.22418 1.22418 0 0.666667
1 1.22412 1.22412 1.22412 0 3.16667
1 1.22412 1.22412 1.22412 0 3.16667
1 1.22411 1.22411 1.22411 0 2.8
1 1.22408 1.22408 1.22408 0 0.666667
1 1.00761 1.00761 1.00761 0 2.85714
1 0.358239 0.358239 0.358239 0 3.16667
1 0.112289 0.112289 0.112289 0 3.85714
1 0.0522758 0.0522758 0.0522758 0 0.8
1 0.0522744 0.0522744 0.0522744 0 2.8
1 0.00831464 0.00831464 0.00831464 0 2.85714
1 8.3561e-06 8.3561e-06 8.3561e-06 0 0.8
1 1e-08 1e-08 1e-08 0 3.85714
1 1e-08 1e-08 1e-08 0 2.8

12 10.6804 10.6796 12.4598 1.77964 2.85714
6 24.785 24.785 24.785 0 2.8
7 21.2199 21.2199 21.2199 3.55271e-15 1.88889
7 20.5118 20.5118 20.5118 3.55271e-15 2.88889
3 39.4399 32.908 36.9228 2.86927 2.85714
6 24.8026 1.66667e-09 16.4051 8.83804 1.35714
7 20.3779 1.42857e-09 13.6858 8.79829 4.40909
7 2.5364 2.5364 12.5143 9.97794 0.888889
6 2.93636 2.93636 12.4336 9.49724 0.909091
3 16.0352 16.0352 16.0352 0 3.35714
1 15.1155 15.1155 15.1155 0 2.66667
1 11.4655 11.4655 11.4655 0 2.88889
1 10.4087 10.4087 10.4087 0 2.66667
1 9.07721 9.07721 9.07721 0 2.66667
1 2.87175 2.87175 2.87175 0 1.66667
1 1.22418 1.22418 1.22418 0 0.666667
1 1.22412 1.22412 1.22412 0 3.16667
1 1.22412 1.22412 1.22412 0 3.16667
1 1.22411 1.22411 1.22411 0 2.8
1 1.22408 1.22408 1.22408 0 0.666667
1 1.00761 1.00761 1.00761 0 2.85714
1 0.358239 0.358239 0.358239 0 3.16667
1 0.0943163 0.0943163 0.0943163 0 3.85714
1 0.0522758 0.0522758 0.0522758 0 0.8
1 0.0522744 0.0522744 0.0522744 0 2.8
1 0.00831464 0.00831464 0.00831464 0 2.85714
1 8.3561e-06 8.3561e-06 8.3561e-06 0 0.8
1 1e-08 1e-08 1e-08 0 3.85714
1 1e-08 1e-08 1e-08 0 2.8

6 24.9591 24.9591 24.9591 0 0.909091
7 21.3782 21.3782 21.3782 3.55271e-15 0.888889
7 21.2199 21.2199 21.2199 3.55271e-15 2.38889
7 20.5118 20.5118 20.5118 3.55271e-15 2.88889
5 28.803 21.6487 27.0434 2.72227 2.38889
4 34.4137 33.3381 33.607 0.465771 1.35714
8 2.45123 2.45123 14.053 11.6017 2.85714
3 39.4399 32.908 36.9228 2.86927 2.85714
6 2.65554 2.65554 15.4638 12.8082 2.8
2 71.3784 5e-09 35.6892 35.6892 1.35714
3 16.0352 16.0352 16.0352 0 3.35714
1 15.1155 15.1155 15.1155 0 2.66667
1 11.4655 11.4655 11.4655 0 2.88889
1 10.4087 10.4087 10.4087 0 2.66667
1 9.07721 9.07721 9.07721 0 2.66667
1 2.87175 2.87175 2.87175 0 1.66667
1 1.22418 1.22418 1.22418 0 0.666667
1 1.22412 1.22412 1.22412 0 3.16667
1 1.22412 1.22412 1.22412 0 3.16667
1 1.22411 1.22411 1.22411 0 2.8
1 1.22408 1.22408 1.22408 0 0.666667
1 1.00761 1.00761 1.00761 0 2.85714
1 0.358239 0.358239 0.358239 0 3.16667
1 0.0943163 0.0943163 0.0943163 0 3.85714
1 0.0522758 0.0522758 0.0522758 0 0.8
1 0.0522744 0.0522744 0.0522744 0 2.8
1 0.0348791 0.0348791 0.0348791 0 2.8
1 0.00831464 0.00831464 0.00831464 0 2.85714
1 1e-08 1e-08 1e-08 0 3.85714
1 1e-08 1e-08 1e-08 0 2.8
1 1e-08 1e-08 1e-08 0 3.90909
1 1e-08 1e-08 1e-08 0 2.38889
1 1e-08 1e-08 1e-08 0 2.88889

8 18.6906 18.6906 18.6906 0 2.85714
6 24.785 24.785 24.785 0 2.8
7 21.2199 21.2199 21.2199 3.55271e-15 1.88889
7 20.5118 20.5118 20.5118 3.55271e-15 2.88889
3 39.4399 32.908 36.9228 2.86927 2.8
5 27.531 0.919869 21.6924 10.3916 1.35714
7 20.5736 1.42857e-09 13.874 8.93311 2.38889
7 2.82354 2.82354 12.4706 9.64709 0.888889
5 2.49591 2.49591 13.2595 10.7636 0.909091
3 16.0352 16.0352 16.0352 0 3.35714
1 15.1155 15.1155 15.1155 0 2.66667
1 12.0551 12.0551 12.0551 0 2.88889
1 10.4087 10.4087 10.4087 0 2.66667
1 9.07721 9.07721 9.07721 0 2.66667
1 2.87175 2.87175 2.87175 0 1.66667
1 1.22418 1.22418 1.22418 0 0.666667
1 1.22412 1.22412 1.22412 0 3.16667
1 1.22412 1.22412 1.22412 0 3.16667
1 1.22411 1.22411 1.22411 0 2.8
1 1.22408 1.22408 1.22408 0 0.666667
1 1.00761 1.00761 1.00761 0 2.85714
1 0.358239 0.358239 0.358239 0 3.16667
1 0.0943163 0.0943163 0.0943163 0 3.85714
1 0.0522758 0.0522758 0.0522758 0 0.8
1 0.0522744 0.0522744 0.0522744 0 2.8
1 0.0348791 0.0348791 0.0348791 0 2.8
1 0.00831464 0.00831464 0.00831464 0 2.85714
1 1e-08 1e-08 1e-08 0 1.35714
1 1e-08 1e-08 1e-08 0 3.85714
1 1e-08 1e-08 1e-08 0 2.8
1 1e-08 1e-08 1e-08 0 2.88889

5 29.9509 29.9509 29.9509 0 0.909091
7 21.3782 21.3782 21.3782 3.55271e-15 0.888889
1 149.127 149.127 149.127 0 2.85714
7 21.2199 21.2199 21.2199 3.55271e-15 2.38889
7 20.5118 20.5118 20.5118 3.55271e-15 2.88889
5 29.7631 9.89412 24.3099 7.30324 1.35714
7 9.34539 9.34531 16.6378 7.29249 2.85714
7 3.25277 3.25054 15.9875 12.7366 2.85714
3 39.4399 32.908 36.9228 2.86927 2.8
6 3.09813 3.09813 16.509 13.4109 2.8
6 20.3779 1.42857e-09 16.0558 7.39004 2.38889
3 16.0352 16.0352 16.0352 0 3.35714
1 15.1155 15.1155 15.1155 0 2.66667
1 12.0551 12.0551 12.0551 0 2.88889
1 10.4087 10.4087 10.4087 0 2.66667
1 9.07721 9.07721 9.07721 0 2.66667
1 2.87175 2.87175 2.87175 0 1.66667
1 1.22418 1.22418 1.22418 0 0.666667
1 1.22412 1.22412 1.22412 0 3.16667
1 1.22412 1.22412 1.22412 0 3.16667
1 1.22411 1.22411 1.22411 0 2.8
1 1.22408 1.22408 1.22408 0 0.666667
1 1.00761 1.00761 1.00761 0 2.85714
1 0.358239 0.358239 0.358239 0 3.16667
1 0.0943163 0.0943163 0.0943163 0 3.85714
1 0.0768486 0.0768486 0.0884749 0.0116264 2.8
1 0.0522758 0.0522758 0.0522758 0 0.8
1 0.0522744 0.0522744 0.0522744 0 2.8
1 0.00415732 0.00415732 0.00415732 5e-09 2.85714
1 1e-08 1e-08 1e-08 0 1.35714
1 1e-08 1e-08 1e-08 0 3.85714
1 1e-08 1e-08 1e-08 0 2.8
1 1e-08 1e-08 1e-08 0 2.88889

12 9.97515 9.96833 12.4588 2.48987 2.85714
6 24.785 24.785 24.785 0 2.8
7 21.2199 21.2199 21.2199 3.55271e-15 1.88889
7 20.5118 20.5118 20.5118 3.55271e-15 2.88889
5 28.5514 26.6704 27.2187 0.745021 1.35714
6 24.0025 1.66667e-09 18.884 8.70497 4.40909
3 39.4399 32.908 36.9228 2.86927 2.8
7 2.49412 2.49412 12.7591 10.2649 0.888889
5 2.87989 2.87989 13.1312 10.2513 0.909091
3 16.0352 16.0352 16.0352 0 3.35714
1 15.1155 15.1155 15.1155 0 2.66667
1 12.0551 12.0551 12.0551 0 2.88889
1 10.4087 10.4087 10.4087 0 2.66667
1 9.07721 9.07721 9.07721 0 2.66667
1 2.87175 2.87175 2.87175 0 1.66667
1 1.22418 1.22418 1.22418 0 0.666667
1 1.22412 1.22412 1.22412 0 3.16667
1 1.22412 1.22412 1.22412 0 3.16667
1 1.22411 1.22411 1.22411 0 2.8
1 1.22408 1.22408 1.22408 0 0.666667
1 1.00761 1.00761 1.00761 0 2.85714
1 0.358239 0.358239 0.358239 0 3.16667
1 0.230546 0.230546 0.230546 0 2.85714
1 0.0943163 0.0943163 0.0943163 0 3.85714
1 0.0522758 0.0522758 0.0522758 0 0.8
1 0.0522744 0.0522744 0.0522744 0 2.8
1 0.00831464 0.00831464 0.00831464 0 2.85714
1 1e-08 1e-08 1e-08 0 1.35714
1 1e-08 1e-08 1e-08 0 3.85714
1 1e-08 1e-08 1e-08 0 2.8
1 1e-08 1e-08 1e-08 0 2.88889

5 29.9509 29.9509 29.9509 0 0.909091
7 21.3782 21.3782 21.3782 3.55271e-15 0.888889
7 21.2199 21.2199 21.2199 3.55271e-15 2.38889
7 20.5118 20.5118 20.5118 3.55271e-15 2.88889
5 28.5291 21.6487 26.8241 2.61371 2.38889
9 2.13753 2.13609 12.631 10.4946 2.85714
3 39.4399 32.908 36.9228 2.86927 2.85714
5 27.531 0.919869 21.6924 10.3916 1.35714
7 3.16405 3.16405 13.6324 10.4684 2.8
3 16.0352 16.0352 16.0352 0 3.35714
1 15.1155 15.1155 15.1155 0 2.66667
1 11.4655 11.4655 11.4655 0 2.88889
1 10.4087 10.4087 10.4087 0 2.66667
1 9.07721 9.07721 9.07721 0 2.66667
1 2.87175 2.87175 2.87175 0 1.66667
1 1.22418 1.22418 1.22418 0 0.666667
1 1.22412 1.22412 1.22412 0 3.16667
1 1.22412 1.22412 1.22412 0 3.16667
1 1.22411 1.22411 1.22411 0 2.8
1 1.22408 1.22408 1.22408 0 0.666667
1 1.00761 1.00761 1.00761 0 2.85714
1 0.358239 0.358239 0.358239 0 3.16667
1 0.230546 0.230546 0.230546 0 2.85714
1 0.0943163 0.0943163 0.0943163 0 3.85714
1 0.0522758 0.0522758 0.0522758 0 0.8
1 0.0522744 0.0522744 0.0522744 0 2.8
1 0.00831464 0.00831464 0.00831464 0 2.85714
1 1e-08 1e-08 1e-08 0 1.35714
1 1e-08 1e-08 1e-08 0 3.85714
1 1e-08 1e-08 1e-08 0 2.8
1 1e-08 1e-08 1e-08 0 2.88889
1 1e-08 1e-08 1e-08 0 3.90909
1 1e-08 1e-08 1e-08 0 2.85714

4 37.386 37.3816 37.3827 0.00192694 2.85714
1 149.526 149.526 149.526 0 2.85714
7 21.2443 21.2443 21.2443 0 2.8
7 21.2199 21.2199 21.2199 3.55271e-15 1.88889
7 20.5118 20.5118 20.5118 3.55271e-15 2.88889
5 28.5514 26.6704 27.2187 0.745021 1.35714
5 28.803 21.6487 27.0434 2.72227 2.38889
5 29.9254 2e-09 23.9323 11.9661 2.85714
3 39.4399 32.908 36.9228 2.86927 2.85714
4 2.77323 2.77323 15.7143 12.9411 0.909091
4 2.58013 2.58013 15.5911 13.011 1.40909
3 16.0352 16.0352 16.0352 0 3.35714
1 15.1155 15.1155 15.1155 0 2.66667
1 12.0551 12.0551 12.0551 0 2.88889
1 10.4087 10.4087 10.4087 0 2.66667
1 9.07721 9.07721 9.07721 0 2.66667
1 2.87175 2.87175 2.87175 0 1.66667
1 1.22418 1.22418 1.22418 0 0.666667
1 1.22412 1.22412 1.22412 0 3.16667
1 1.22412 1.22412 1.22412 0 3.16667
1 1.22411 1.22411 1.22411 0 2.8
1 1.22408 1.22408 1.22408 0 0.666667
1 1.00761 1.00761 1.00761 0 2.85714
1 0.358239 0.358239 0.358239 0 3.16667
1 0.230546 0.230546 0.230546 0 2.85714
1 0.0943163 0.0943163 0.0943163 0 3.85714
1 0.0522758 0.0522758 0.0522758 0 0.8
1 0.0522744 0.0522744 0.0522744 0 2.8
1 0.00831464 0.00831464 0.00831464 0 2.85714
1 1e-08 1e-08 1e-08 0 1.35714
1 1e-08 1e-08 1e-08 0 3.85714
1 1e-08 1e-08 1e-08 0 2.8
1 1e-08 1e-08 1e-08 0 2.88889
1 1e-08 1e-08 1e-08 0 3.90909

4 37.4386 37.4386 37.4386 0 0.909091
4 37.4119 37.4119 37.4119 0 0.888889
7 21.2443 21.2443 21.2443 0 2.8
7 21.2199 21.2199 21.2199 3.55271e-15 2.38889
7 20.5118 20.5118 20.5118 3.55271e-15 2.88889
5 28.5514 26.6704 27.2187 0.745021 1.35714
5 28.5291 21.6487 26.8241 2.61371 4.40909
3 39.4399 32.908 36.9228 2.86927 2.85714
7 2.67251 2.67016 14.2383 11.5677 3.35714
6 2.82315 2.82125 15.8886 13.0667 2.85714
3 16.0352 16.0352 16.0352 0 3.35714
1 15.1155 15.1155 15.1155 0 2.66667
1 12.0551 12.0551 12.0551 0 2.88889
1 10.4087 10.4087 10.4087 0 2.66667
1 9.07721 9.07721 9.07721 0 2.66667
1 2.87175 2.87175 2.87175 0 1.66667
1 1.22418 1.22418 1.22418 0 0.666667
1 1.22412 1.22412 1.22412 0 3.16667
1 1.22412 1.22412 1.22412 0 3.16667
1 1.22411 1.22411 1.22411 0 2.8
1 1.22408 1.22408 1.22408 0 0.666667
1 1.00761 1.00761 1.00761 0 2.85714
1 0.358239 0.358239 0.358239 0 3.16667
1 0.230546 0.230546 0.230546 0 2.85714
1 0.0943163 0.0943163 0.0943163 0 3.85714
1 0.0522758 0.0522758 0.0522758 0 0.8
1 0.0522744 0.0522744 0.0522744 0 2.8
1 0.00831464 0.00831464 0.00831464 0 2.85714
1 1e-08 1e-08 1e-08 0 3.90909
1 1e-08 1e-08 1e-08 0 2.88889
1 1e-08 1e-08 1e-08 0 2.8
1 1e-08 1e-08 1e-08 0 3.85714
1 1e-08 1e-08 1e-08 0 1.35714
1 1e-08 1e-08 1e-08 0 2.85714

6 24.9379 24.9211 24.9267 0.00789176 2.85714
7 21.38 21.3613 21.3655 0.00598299 2.85714
7 21.2443 21.2443 21.2443 0 2.8
7 21.2199 21.2199 21.2199 3.55271e-15 2.38889
7 20.5118 20.5118 20.5118 3.55271e-15 2.88889
5 28.5291 21.6487 26.9738 2.68052 2.38889
3 39.4399 32.908 36.9228 2.86927 2.85714
6 24.8026 1.66667e-09 16.6774 9.02128 1.35714
6 3.40351 3.40351 14.0967 10.6931 0.909091
5 2.33824 2.33824 15.7452 13.407 0.888889
3 16.0352 16.0352 16.0352 0 3.35714
1 15.1155 15.1155 15.1155 0 2.66667
1 11.4655 11.4655 11.4655 0 2.88889
1 10.4087 10.4087 10.4087 0 2.66667
1 9.07721 9.07721 9.07721 0 2.66667
1 2.87175 2.87175 2.87175 0 1.66667
1 1.22418 1.22418 1.22418 0 0.666667
1 1.22412 1.22412 1.22412 0 3.16667
1 1.22412 1.22412 1.22412 0 3.16667
1 1.22411 1.22411 1.22411 0 2.8
1 1.22408 1.22408 1.22408 0 0.666667
1 1.00761 1.00761 1.00761 0 2.85714
1 0.358239 0.358239 0.358239 0 3.16667
1 0.230546 0.230546 0.230546 0 2.85714
1 0.0943163 0.0943163 0.0943163 0 3.85714
1 0.0522758 0.0522758 0.0522758 0 0.8
1 0.0522744 0.0522744 0.0522744 0 2.8
1 0.00831464 0.00831464 0.00831464 0 2.85714
1 1e-08 1e-08 1e-08 0 3.90909
1 1e-08 1e-08 1e-08 0 2.88889
1 1e-08 1e-08 1e-08 0 2.8
1 1e-08 1e-08 1e-08 0 3.85714
1 1e-08 1e-08 1e-08 0 2.85714

6 24.9591 24.9591 24.9591 0 0.909091
5 29.9295 29.9295 29.9295 0 0.888889
7 21.2443 21.2443 21.2443 0 2.8
7 21.2199 21.2199 21.2199 3.55271e-15 2.38889
7 20.5118 20.5118 20.5118 3.55271e-15 2.88889
6 24.0025 1.66667e-09 18.884 8.70497 3.90909
3 39.4399 32.908 36.9228 2.86927 2.85714
7 2.57978 2.57812 14.4425 11.8632 2.85714
7 2.7211 2.71898 13.8611 11.1408 3.35714
5 29.7631 9.89412 18.8808 7.83289 1.35714
3 16.0352 16.0352 16.0352 0 3.35714
1 15.1155 15.1155 15.1155 0 2.66667
1 11.4655 11.4655 11.4655 0 2.88889
1 10.4087 10.4087 10.4087 0 2.66667
1 9.07721 9.07721 9.07721 0 2.66667
1 2.87175 2.87175 2.87175 0 1.66667
1 1.22418 1.22418 1.22418 0 0.666667
1 1.22412 1.22412 1.22412 0 3.16667
1 1.22412 1.22412 1.22412 0 3.16667
1 1.22411 1.22411 1.22411 0 2.8
1 1.22408 1.22408 1.22408 0 0.666667
1 1.00761 1.00761 1.00761 0 2.85714
1 0.358239 0.358239 0.358239 0 3.16667
1 0.230546 0.230546 0.230546 0 2.85714
1 0.0943163 0.0943163 0.0943163 0 3.85714
1 0.0522758 0.0522758 0.0522758 0 0.8
1 0.0522744 0.0522744 0.0522744 0 2.8
1 0.00831464 0.00831464 0.00831464 0 2.85714
1 1e-08 1e-08 1e-08 0 2.88889
1 1e-08 1e-08 1e-08 0 2.8
1 1e-08 1e-08 1e-08 0 3.85714
1 1e-08 1e-08 1e-08 0 2.85714
1 1e-08 1e-08 1e-08 0 1.35714

