5 1 0.0522537 0.0522537 0.0522537 0 2
1 1 1e-08 1e-08 1e-08 0 0
2 1 1e-08 1e-08 1e-08 0 2
3 1 1e-08 1e-08 1e-08 0 2
4 1 1e-08 1e-08 1e-08 0 2

5 94 0.0231137 0.000319942 0.00225082 0.00455387 2
1 1 2.5e-09 2.5e-09 1e-08 7.5e-09 0
2 1 5e-09 5e-09 1e-08 5e-09 2
3 1 3.33333e-09 3.33333e-09 1e-08 6.66667e-09 2
4 1 5e-09 5e-09 1e-08 5e-09 2

6 1 1.22438 1.22438 1.22438 0 3.16667
5 14 0.0115568 0.00651294 0.014319 0.00730201 2
1 1 3.33333e-09 3.33333e-09 1e-08 6.66667e-09 0
2 1 5e-09 5e-09 1e-08 5e-09 2
3 1 5e-09 5e-09 1e-08 5e-09 2
4 1 5e-09 5e-09 1e-08 5e-09 2

5 20 0.108634 0.0612217 0.065963 0.0142238 2.66667
6 44 0.0511513 0.0130253 0.0244001 0.0117893 3.16667
1 1 1e-08 1e-08 1e-08 0 0
2 1 1e-08 1e-08 1e-08 0 2
3 1 1e-08 1e-08 1e-08 0 2
4 1 1e-08 1e-08 1e-08 0 2
7 1 1e-08 1e-08 1e-08 0 3.16667

11 13 1.56668 7.69231e-10 0.192966 0.39799 2.66667
8 13 0.16713 0.16713 0.16713 2.77556e-17 2.66667
10 10 0.166451 0.0816289 0.123111 0.0416718 2.66667
13 4 0.306108 0.306108 0.306108 0 2.66667
5 10 0.188859 0.0489773 0.121947 0.0723871 2.66667
6 10 0.0649759 0.0165464 0.118947 0.0970001 3.16667
12 8 0.136048 0.062622 0.127596 0.0242943 2.66667
9 7 0.153054 1.25e-09 0.131189 0.0535579 2.66667
1 1 5e-09 5e-09 1e-08 5e-09 0.666667
2 1 1e-08 1e-08 1e-08 0 2
3 1 5e-09 5e-09 1e-08 5e-09 2
4 1 1e-08 1e-08 1e-08 0 2
7 1 1e-08 1e-08 1e-08 0 3.16667
14 1 1e-08 1e-08 1e-08 0 2.8

13 16 1.00425 6.25e-10 0.120561 0.229979 2.66667
8 15 0.0517306 0.0517306 0.117305 0.0655741 2.66667
11 12 0.617179 0.037104 0.121381 0.164303 2.8
6 12 0.200342 0.0510261 0.119786 0.0662982 3.16667
10 10 0.108555 0.0532362 0.123066 0.0627938 2.66667
5 10 0.236074 0.0612217 0.120732 0.0672137 2.8
12 8 0.153054 0.0704498 0.142729 0.0273189 2.66667
9 7 0.174919 1.42857e-09 0.149931 0.061209 2.66667
16 1 0.103418 0.103418 0.103418 0 3.3
1 1 1e-08 1e-08 1e-08 0 0
2 1 1e-08 1e-08 1e-08 0 2
3 1 1e-08 1e-08 1e-08 0 2
4 1 1e-08 1e-08 1e-08 0 2
7 1 1e-08 1e-08 1e-08 0 3.16667
14 1 1e-08 1e-08 1e-08 0 2.8
15 1 1e-08 1e-08 1e-08 0 3.16667

11 20 1.01835 0.0612217 0.15972 0.286464 2.66667
8 13 0.324015 0.0529924 0.154738 0.10691 2.66667
13 11 0.42284 0.0322219 0.145023 0.15632 2.66667
5 10 0.393456 0.102036 0.151585 0.0897763 2.66667
6 10 0.160274 0.0468368 0.150895 0.0813783 3.16667
10 8 0.11349 0.0556561 0.161669 0.0752684 2.66667
12 7 0.153054 0.153054 0.163118 0.0100643 2.66667
9 7 0.174919 1.42857e-09 0.149931 0.061209 2.66667
2 2 0.612217 5e-09 0.306108 0.306108 2.66667
1 2 0.306117 2.5e-09 0.153058 0.153058 0.666667
16 1 0.103418 0.103418 0.103418 0 3.3
20 1 0.0522598 0.0522598 0.0522598 0 1.3
3 1 5e-09 5e-09 1e-08 5e-09 2
4 1 5e-09 5e-09 1e-08 5e-09 2.66667
7 1 1e-08 1e-08 1e-08 0 3.16667
14 1 1e-08 1e-08 1e-08 0 2.8
15 1 1e-08 1e-08 1e-08 0 3.16667
17 1 1e-08 1e-08 1e-08 0 3.3
18 1 5e-09 5e-09 1e-08 5e-09 2.66667
19 1 1e-08 1e-08 1e-08 0 2.8
21 1 1e-08 1e-08 1e-08 0 3.3

10 23 3.03734 4.34783e-10 0.202402 0.605387 2.66667
8 16 0.531385 0.0869075 0.205021 0.174185 3.16667
11 13 0.42431 0.025509 0.201764 0.189703 2.66667
6 12 0.271047 0.0738805 0.209856 0.0901307 3.16667
13 12 0.730361 0.0556561 0.202824 0.253802 2.8
5 6 0.181595 0.0470936 0.230404 0.152302 2.66667
12 5 0.136048 0.136048 0.217677 0.0816289 2.66667
9 5 0.174919 0.174919 0.209903 0.0349839 2.66667
19 2 0.619429 5e-09 0.309714 0.309714 2.8
16 1 0.0616981 0.0616981 0.0616981 0 3.3
20 1 0.0522598 0.0522598 0.0522598 0 1.3
1 1 1e-08 1e-08 1e-08 0 0
3 1 1e-08 1e-08 1e-08 0 2
4 1 1e-08 1e-08 1e-08 0 2
7 1 1e-08 1e-08 1e-08 0 3.16667
14 1 1e-08 1e-08 1e-08 0 2.8

11 18 0.75433 0.0453494 0.313763 0.327405 2.66667
13 12 0.945173 0.0720255 0.320464 0.379192 2.8
8 12 0.45809 0.0749202 0.320053 0.203141 2.66667
6 10 0.32997 0.209035 0.320207 0.0995207 3.16667
29 1 3.08799 3.08799 3.08799 0 2.66667
10 9 1.18405 0.0423182 0.31532 0.370426 2.66667
5 7 0.898875 0.102036 0.342863 0.279351 2.66667
9 3 0.244887 0.244887 0.408145 0.163258 2.66667
12 3 0.244887 0.244887 0.408145 0.163258 2.66667
26 2 1.17542 0.0261365 0.60078 0.574644 2.8
23 3 0.962722 3.33333e-09 0.328791 0.448361 3.3
4 3 0.370366 0.204072 0.327527 0.103791 2.66667
1 1 0.199664 0.199664 0.199664 5e-09 0.666667
16 1 0.0616981 0.0616981 0.0616981 0 3.3
20 1 0.0522598 0.0522598 0.0522598 0 1.3
19 1 1e-08 1e-08 1e-08 0 2.8
3 1 1e-08 1e-08 1e-08 0 2
7 1 1e-08 1e-08 1e-08 0 3.16667
14 1 1e-08 1e-08 1e-08 0 2.8
24 1 1e-08 1e-08 1e-08 0 3.16667
25 1 1e-08 1e-08 1e-08 0 2.8
27 1 1e-08 1e-08 1e-08 0 2.66667
28 1 1e-08 1e-08 1e-08 0 3.16667

30 2 7.8464 1.1111 4.47875 3.36765 2.66667
11 14 0.384281 0.384281 0.527107 0.142826 2.66667
8 13 1.7218 0.121285 0.554358 0.40461 2.66667
10 13 3.67677 0.131409 0.531831 0.935119 2.66667
13 8 0.642718 0.0495543 0.580922 0.270275 2.8
6 8 0.399438 0.253064 0.567134 0.251752 3.16667
5 7 0.770464 0.0874619 0.562194 0.269206 2.66667
29 2 1.65541 1.57899 1.6172 0.038211 2.66667
36 1 1.23899 1.23899 1.23899 0 2.8
9 2 0.306109 0.306109 0.612218 0.306109 2.66667
4 2 0.612217 0.612217 0.612217 0 2.66667
12 2 0.408145 0.408145 0.612217 0.204072 2.66667
27 1 0.306108 0.306108 0.306108 7.5e-09 2.66667
16 1 0.0616981 0.0616981 0.0616981 0 3.3
20 1 0.0522598 0.0522598 0.0522598 0 1.3
33 1 0.0261355 0.0261355 0.0435616 0.0174261 2.8
31 1 0.0188592 0.0188592 0.0377185 0.0188592 3.3
37 1 1e-08 1e-08 1e-08 0 3.16667
38 1 1e-08 1e-08 1e-08 0 2.66667
35 1 5e-09 5e-09 1e-08 5e-09 2.66667
34 1 1e-08 1e-08 1e-08 0 2.66667
32 1 1e-08 1e-08 1e-08 0 2.66667
28 1 1e-08 1e-08 1e-08 0 3.16667
25 1 1e-08 1e-08 1e-08 0 2.8
14 1 1e-08 1e-08 1e-08 0 2.8
7 1 1e-08 1e-08 1e-08 0 3.16667
3 1 3.33333e-09 3.33333e-09 1e-08 6.66667e-09 2.66667
23 1 1e-08 1e-08 1e-08 0 3.3

29 1 20.3669 20.3669 20.3669 0 2.66667
11 19 0.599027 0.599027 0.96583 0.366803 2.66667
13 13 1.10791 0.0825905 0.934876 0.357333 2.66667
30 11 0.973193 0.288796 0.983341 0.627706 2.66667
10 10 3.32661 0.160189 0.987096 1.22689 2.66667
5 4 0.770464 0.770464 1.15144 0.380979 2.66667
6 4 0.421629 0.421629 1.1026 0.680972 3.16667
20 1 3.85426 3.85426 3.85426 0 1.3
8 2 0.948902 0.225243 1.26533 0.768737 2.66667
36 1 1.23899 1.23899 1.23899 0 2.8
9 1 0.612218 0.612218 1.22444 0.612218 2.66667
4 1 0.612217 0.612217 1.22443 0.612217 2.66667
12 1 0.612217 0.612217 1.22443 0.612217 2.66667
40 1 0.651388 0.651388 0.682231 0.0308437 2.8
33 1 0.0116175 0.0116175 0.0116175 6.66667e-09 2.66667
41 1 1e-08 1e-08 1e-08 0 2.8
39 1 1e-08 1e-08 1e-08 0 2.66667
3 1 1e-08 1e-08 1e-08 0 2
7 1 1e-08 1e-08 1e-08 0 3.16667
14 1 1e-08 1e-08 1e-08 0 2.8
25 1 1e-08 1e-08 1e-08 0 2.8
28 1 1e-08 1e-08 1e-08 0 3.16667
34 1 1e-08 1e-08 1e-08 0 2.66667
35 1 5e-09 5e-09 1e-08 5e-09 2.66667
38 1 5e-09 5e-09 1e-08 5e-09 2.66667
37 1 1e-08 1e-08 1e-08 0 3.16667
27 1 1e-08 1e-08 1e-08 0 2.66667

29 24 1.81806 0.278999 0.877326 0.618264 2.8
10 15 2.68687 0.129384 0.885951 0.961106 2.66667
13 12 0.519333 0.502123 0.935195 0.428834 2.8
5 4 2.69662 2.69662 2.69662 0 2.66667
30 12 1.79068 0.531385 0.870003 0.372073 2.66667
6 4 1.89733 1.89733 1.89733 0 3.16667
8 3 4.42821 3.33333e-09 1.48181 2.08343 2.66667
20 1 3.85426 3.85426 3.85426 0 1.3
36 1 1.23899 1.23899 1.23899 0 2.8
9 1 1.22444 1.22444 1.22444 0 2.66667
12 1 1.22443 1.22443 1.22443 0 2.66667
42 1 0.0348526 0.0348526 0.0348526 0 2.8
11 1 1e-08 1e-08 1e-08 0 2.66667
33 1 1e-08 1e-08 1e-08 0 2.8
3 1 1e-08 1e-08 1e-08 0 2
7 1 1e-08 1e-08 1e-08 0 3.16667
14 1 1e-08 1e-08 1e-08 0 2.8
25 1 1e-08 1e-08 1e-08 0 2.8
28 1 1e-08 1e-08 1e-08 0 3.16667
35 1 1e-08 1e-08 1e-08 0 2.66667
38 1 1e-08 1e-08 1e-08 0 2.66667
37 1 1e-08 1e-08 1e-08 0 3.16667
43 1 1e-08 1e-08 1e-08 0 3.16667

29 19 2.70853 0.415651 1.65545 1.13287 2.66667
52 1 28.3501 28.3501 28.3501 0 2.8
44 5 5.68002 4.07338 5.03736 0.787087 0.666667
10 10 2.18308 0.366549 1.74969 0.903606 2.8
30 9 1.79068 0.627712 1.77203 1.00923 2.8
13 9 0.593523 0.573855 1.73619 1.14794 2.66667
5 6 0.513643 0.513643 1.71214 1.1985 3.16667
6 4 1.89733 1.89733 1.89733 0 3.16667
45 2 4.42821 0.0172356 2.23053 2.2055 2.66667
20 1 3.85426 3.85426 3.85426 0 1.3
36 1 1.23899 1.23899 1.23899 0 2.8
9 1 1.22444 1.22444 1.22444 0 2.66667
12 1 1.22443 1.22443 1.22443 0 2.66667
51 1 0.0506884 0.0506884 0.0506884 0 2.8
50 1 1e-08 1e-08 1e-08 0 2.8
49 1 1e-08 1e-08 1e-08 0 2.66667
48 1 1e-08 1e-08 1e-08 0 2.66667
47 1 1e-08 1e-08 1e-08 0 0.666667
46 1 5e-09 5e-09 1e-08 5e-09 3.3
8 1 1e-08 1e-08 1e-08 0 2.66667
43 1 1e-08 1e-08 1e-08 0 3.16667
37 1 1e-08 1e-08 1e-08 0 3.16667
28 1 1e-08 1e-08 1e-08 0 3.16667
14 1 1e-08 1e-08 1e-08 0 2.8
7 1 1e-08 1e-08 1e-08 0 3.16667
3 1 1e-08 1e-08 1e-08 0 2
33 1 1e-08 1e-08 1e-08 0 2.8
11 1 3.33333e-09 3.33333e-09 1e-08 6.66667e-09 2.66667

62 1 104.06 104.06 104.06 0 2.66667
10 11 5.37375 0.902273 4.15505 1.99142 2.8
29 10 2.50412 2.2137 3.97095 1.61857 2.66667
52 7 3.52291 0.977589 4.27662 2.72305 2.8
53 4 11.1917 3.04713 7.11942 4.0723 2.66667
51 5 9.97982 1.67565 4.29143 3.03816 2.8
63 1 20.5722 20.5722 20.5722 0 2.8
59 1 20.3669 20.3669 20.3669 0 2.66667
44 4 3.15556 3.15556 4.75659 1.60103 0.8
13 4 1.18705 1.18705 4.08899 2.90195 2.66667
30 3 2.98203 1.04619 4.88007 3.31662 2.8
5 2 1.79775 1.79775 5.39325 3.5955 2.66667
45 2 4.42821 4.06283 4.25414 0.18289 2.66667
6 1 1.89733 1.89733 7.58932 5.69199 3.16667
20 1 3.85426 3.85426 3.85426 0 1.3
36 1 1.23899 1.23899 1.23899 0 2.8
9 1 1.22444 1.22444 1.22444 0 2.66667
12 1 1.22443 1.22443 1.22443 0 2.66667
55 1 0.00113501 0.00113501 0.00113501 0 3.16667
61 1 0.000545144 0.000545144 0.000545144 0 2.66667
50 1 1e-08 1e-08 1e-08 0 2.8
60 1 1e-08 1e-08 1e-08 0 2.8
46 1 1e-08 1e-08 1e-08 0 3.3
58 1 1e-08 1e-08 1e-08 0 2.66667
57 1 5e-09 5e-09 1e-08 5e-09 2.66667
56 1 1e-08 1e-08 1e-08 0 2.66667
54 1 1e-08 1e-08 1e-08 0 2.8
8 1 1e-08 1e-08 1e-08 0 2.66667
11 1 1e-08 1e-08 1e-08 0 2.66667
33 1 1e-08 1e-08 1e-08 0 2.8
3 1 1e-08 1e-08 1e-08 0 2
7 1 1e-08 1e-08 1e-08 0 3.16667
14 1 1e-08 1e-08 1e-08 0 2.8
28 1 1e-08 1e-08 1e-08 0 3.16667
37 1 1e-08 1e-08 1e-08 0 3.16667
43 1 5e-09 5e-09 1e-08 5e-09 2.8

29 24 3.58698 0.76757 2.93842 1.06373 2.66667
62 21 1.65175 1.65175 2.91236 1.26061 2.66667
52 12 7.29745 7.14286e-10 2.91916 2.0602 2.8
63 9 12.8676 1.11111e-09 2.93827 3.77756 2.8
53 8 2.48705 0.871823 2.90179 0.815977 2.66667
13 4 4.15466 4.15466 4.15466 0 2.8
45 1 13.2846 13.2846 13.2846 0 2.66667
10 1 11.7296 11.7296 11.7296 0 2.66667
5 2 5.39325 5.39325 5.39325 0 2.66667
6 1 7.58932 7.58932 7.58932 0 3.16667
20 1 3.85426 3.85426 3.85426 0 1.3
36 1 1.23899 1.23899 1.23899 0 2.8
9 1 1.22444 1.22444 1.22444 0 2.66667
12 1 1.22443 1.22443 1.22443 0 2.66667
66 1 0.0833602 0.0833602 0.0833602 0 2.66667
59 1 0.0130677 0.0130677 0.0130677 7.5e-09 2.66667
61 1 0.000545144 0.000545144 0.000545144 0 2.66667
65 1 1e-08 1e-08 1e-08 0 2.8
64 1 1e-08 1e-08 1e-08 0 2.8
43 1 1e-08 1e-08 1e-08 0 3.16667
37 1 1e-08 1e-08 1e-08 0 3.16667
28 1 1e-08 1e-08 1e-08 0 3.16667
14 1 1e-08 1e-08 1e-08 0 2.8
7 1 1e-08 1e-08 1e-08 0 3.16667
3 1 5e-09 5e-09 1e-08 5e-09 2
33 1 1e-08 1e-08 1e-08 0 2.8
8 1 1e-08 1e-08 1e-08 0 2.66667
54 1 1e-08 1e-08 1e-08 0 2.8

62 29 2.00115 2.00115 3.25302 1.25187 2.66667
29 25 2.17571 1.92338 3.26827 1.25008 2.66667
53 11 4.06972 1.20769 3.32867 1.21065 2.66667
52 9 7.85879 7.69231e-10 3.27974 2.60255 2.85714
63 8 5.264 0.935101 3.5918 1.82931 2.8
13 4 1.36816 1.18705 3.62128 2.39024 2.8
45 4 3.32116 3.32116 3.32116 0 2.66667
5 2 5.39325 5.39325 5.39325 0 2.66667
6 1 7.58932 7.58932 7.58932 0 3.16667
20 1 3.85426 3.85426 3.85426 0 1.3
9 1 1.22444 1.22444 1.22444 0 2.66667
12 1 1.22443 1.22443 1.22443 0 2.66667
68 1 0.0566221 0.0566221 0.113244 0.0566221 2.66667
66 1 0.0833602 0.0833602 0.0833602 0 2.66667
67 1 0.0522709 0.0522709 0.0522709 0 2.8
69 1 0.0260406 0.0260406 0.0392946 0.013254 2.8
61 1 0.000545144 0.000545144 0.000545144 0 2.66667

29 20 1.81806 1.81806 4.672 2.85394 2.66667
62 16 1.44528 1.44528 4.71098 3.2657 2.66667
72 3 34.0548 3.33333e-09 22.7032 16.0536 0.8
71 8 16.5898 1.25e-09 7.81552 7.84181 2.66667
67 2 58.6631 0.0261354 29.3446 29.3185 2.8
53 7 2.13176 2.13176 4.63164 2.49988 2.66667
13 3 4.78856 4.15466 5.75085 1.41676 2.85714
45 2 3.32116 3.32116 6.64231 3.32116 2.66667
5 2 5.39325 5.39325 5.39325 0 2.66667
6 1 7.58932 7.58932 7.58932 0 3.16667
74 1 4.28199 4.28199 4.28835 0.00635867 2.66667
20 1 3.85426 3.85426 3.85426 0 1.3
9 1 1.22444 1.22444 1.22444 0 2.66667
12 1 1.22443 1.22443 1.22443 0 2.66667
66 1 0.0833602 0.0833602 0.0833602 0 2.66667
76 1 0.059321 0.059321 0.059321 0 3.16667
61 1 1e-08 1e-08 1e-08 0 2.66667
73 1 1e-08 1e-08 1e-08 0 2.85714
75 1 1e-08 1e-08 1e-08 0 2.66667
77 1 1e-08 1e-08 1e-08 0 2.8

29 28 1.89597 1.89597 3.40543 1.50945 2.8
62 25 2.66821 2.66821 3.42436 0.756155 2.66667
72 14 4.73045 1.1693 3.34381 0.838756 0.8
53 8 5.59586 1.25e-09 4.89638 1.85066 2.66667
13 3 6.38475 5.53955 5.82128 0.398433 2.8
45 2 6.64231 6.64231 6.64231 0 2.66667
5 2 5.39325 5.39325 5.39325 0 2.66667
74 1 8.56399 8.56399 8.56399 0 2.66667
6 1 7.58932 7.58932 7.58932 0 3.16667
20 1 3.85426 3.85426 3.85426 0 1.3
67 1 1.7719 1.7719 1.79804 0.0261354 2.8
9 1 1.22444 1.22444 1.22444 0 2.66667
12 1 1.22443 1.22443 1.22443 0 2.66667
66 1 0.0833602 0.0833602 0.0833602 0 2.66667
76 1 0.059321 0.059321 0.059321 0 3.16667
78 1 0.0251415 0.0251415 0.0251415 0 0.857143
71 1 5e-09 5e-09 1e-08 5e-09 2.8
73 1 1e-08 1e-08 1e-08 0 2.85714
77 1 1e-08 1e-08 1e-08 0 2.8
79 1 1e-08 1e-08 1e-08 0 0.8
80 1 1e-08 1e-08 1e-08 0 2.8
81 1 1e-08 1e-08 1e-08 0 1.3

76 3 44.2394 44.2394 44.2394 0 2.66667
29 20 2.15256 1.92345 5.39183 3.43857 0.8
62 15 1.92704 1.92704 5.41141 3.48438 2.66667
67 5 26.5436 0.0118642 12.0068 12.1285 2.66667
72 9 14.7465 1.11111e-09 5.38008 5.93663 2.85714
53 7 1.80498 1.7218 5.4829 3.74221 2.66667
13 2 3.21875 3.19238 7.36023 4.15468 2.85714
45 2 6.64231 6.64231 6.64231 0 2.66667
5 2 5.39325 5.39325 5.39325 0 2.66667
6 1 7.58932 7.58932 7.58932 0 3.16667
20 1 3.85426 3.85426 3.85426 0 1.3
9 1 1.22444 1.22444 1.22444 0 2.66667
12 1 1.22443 1.22443 1.22443 0 2.66667
66 1 0.0833602 0.0833602 0.0833602 0 2.66667
85 1 0.0522685 0.0522685 0.0522685 0 2.66667
78 1 0.0216438 0.0216438 0.0216438 0 0.857143
74 1 0.0127173 0.0127173 0.0127173 0 2.66667
84 1 0.00900404 0.00900404 0.00951652 0.000512487 2.66667
71 1 1e-08 1e-08 1e-08 0 2.8
73 1 1e-08 1e-08 1e-08 0 2.85714
77 1 5e-09 5e-09 1e-08 5e-09 2.8
79 1 1e-08 1e-08 1e-08 0 0.8
80 1 1e-08 1e-08 1e-08 0 2.8
81 1 1e-08 1e-08 1e-08 0 1.3
82 1 5e-09 5e-09 1e-08 5e-09 2.66667
83 1 1e-08 1e-08 1e-08 0 2.66667

76 29 1.448 1.28853 3.95521 2.64341 2.66667
62 22 3.06059 3.06059 3.99121 0.930622 2.66667
67 5 25.6593 0.0114266 9.83308 9.47437 2.8
29 7 16.4601 1.42857e-09 6.36313 7.49358 2.85714
53 8 4.69295 0.00270121 3.96079 1.49753 3.16667
13 2 9.65625 9.57713 9.61669 0.0395613 2.85714
45 2 6.64231 6.64231 6.64231 0 2.66667
5 2 5.39325 5.39325 5.39325 0 2.66667
6 1 7.58932 7.58932 7.58932 0 3.16667
20 1 3.85426 3.85426 3.85426 0 1.3
9 1 1.22444 1.22444 1.22444 0 2.66667
12 1 1.22443 1.22443 1.22443 0 2.66667
66 1 0.0833602 0.0833602 0.0833602 0 2.66667
85 1 0.0522685 0.0522685 0.0522685 0 2.66667
78 1 0.0216438 0.0216438 0.0216438 0 0.857143
82 1 0.0104507 0.0104507 0.0104507 8e-09 2.66667
86 1 0.0016791 0.0016791 0.0016791 0 2.66667
71 1 1e-08 1e-08 1e-08 0 2.8
79 1 1e-08 1e-08 1e-08 0 0.8
80 1 1e-08 1e-08 1e-08 0 2.8
81 1 1e-08 1e-08 1e-08 0 1.3

76 25 2.52787 2.24946 4.82816 2.51278 0.8
62 17 1.76373 1.76373 4.78693 3.0232 2.66667
29 9 15.4975 1.11111e-09 7.98491 5.14526 2.85714
67 11 7.54686 1.35267 4.96929 2.44896 2.8
53 8 5.86618 0.00337651 4.95078 1.87191 2.66667
89 1 27.8617 27.8617 27.8617 0 2.85714
13 2 9.65625 9.57713 9.61669 0.0395613 2.85714
45 2 6.64231 6.64231 6.64231 0 2.66667
88 2 11.525 0.0676114 5.81803 5.72873 0.8
5 2 5.39325 5.39325 5.39325 0 2.66667
6 1 7.58932 7.58932 7.58932 0 3.16667
20 1 3.85426 3.85426 3.85426 0 1.3
9 1 1.22444 1.22444 1.22444 0 2.66667
12 1 1.22443 1.22443 1.22443 0 2.66667
66 1 0.0833602 0.0833602 0.0833602 0 2.66667
85 1 0.0522685 0.0522685 0.0522685 0 2.66667
82 1 0.0522537 0.0522537 0.0522537 0 2.66667
87 1 0.0285665 0.0285665 0.0448529 0.0162864 3.16667
78 1 0.030112 0.030112 0.030112 8.33333e-09 0.857143
91 1 0.029664 0.029664 0.029664 0 2.8
86 1 0.0016791 0.0016791 0.0016791 0 2.66667
79 1 1e-08 1e-08 1e-08 0 0.8
80 1 5e-09 5e-09 1e-08 5e-09 2.8
81 1 1e-08 1e-08 1e-08 0 1.3
71 1 1e-08 1e-08 1e-08 0 2.8
90 1 1e-08 1e-08 1e-08 0 2.66667
92 1 1e-08 1e-08 1e-08 0 2.66667
93 1 1e-08 1e-08 1e-08 0 2.8

89 7 18.9597 18.9597 18.9597 3.55271e-15 2.66667
88 1 118.095 118.095 118.095 0 2.66667
29 9 14.7465 1.11111e-09 13.108 4.63437 2.66667
62 11 3.35678 3.35678 9.46 6.10323 2.66667
94 10 7.80695 7.80695 9.57673 1.76978 2.66667
67 8 5.75947 5.09027 9.17953 3.93573 2.8
76 7 2.48574 2.44407 10.3605 7.89356 2.8
98 1 69.8587 69.8587 69.8587 0 2.8
53 3 3.12863 3.03854 12.0826 8.98406 2.66667
97 2 34.9293 5e-09 17.4647 17.4647 2.66667
13 2 9.65625 9.57713 9.61669 0.0395613 2.85714
45 1 6.64231 6.64231 13.2846 6.64231 2.66667
5 1 5.39325 5.39325 10.7865 5.39325 2.66667
6 1 7.58932 7.58932 7.58932 0 3.16667
20 1 3.85426 3.85426 3.85426 0 1.3
9 1 1.22444 1.22444 1.22444 0 2.66667
12 1 1.22443 1.22443 1.22443 0 2.66667
96 1 0.339514 0.339514 0.339514 0 2.66667
78 1 0.180672 0.180672 0.180672 0 0.857143
66 1 0.0833602 0.0833602 0.0833602 0 2.66667
82 1 0.0285665 0.0285665 0.0546934 0.0261268 2.66667
91 1 0.029664 0.029664 0.029664 0 2.8
85 1 0.0261342 0.0261342 0.0261342 5e-09 2.66667
87 1 0.00315211 0.00315211 0.00315212 5e-09 2.66667
86 1 0.0016791 0.0016791 0.0016791 0 2.66667
79 1 1e-08 1e-08 1e-08 0 0.8
80 1 1e-08 1e-08 1e-08 0 2.8
81 1 1e-08 1e-08 1e-08 0 1.3
71 1 1e-08 1e-08 1e-08 0 2.8
90 1 1e-08 1e-08 1e-08 0 2.66667
92 1 1e-08 1e-08 1e-08 0 2.66667
93 1 1e-08 1e-08 1e-08 0 2.8
95 1 1e-08 1e-08 1e-08 0 2.66667

100 1 133.031 133.031 133.031 0 0.857143
89 16 1.52188 1.35427 6.56316 5.12482 2.66667
62 12 4.1624 4.1624 6.39287 2.23047 2.66667
29 11 6.54485 5.83166 6.80787 0.916866 2.8
76 2 73.752 0.539027 37.1455 36.6065 0.8
88 9 14.7465 1.11111e-09 8.01194 7.18245 2.66667
53 4 11.7324 0.0848786 8.73603 4.99665 2.66667
13 2 9.65625 9.57713 9.61669 0.0395613 2.85714
45 1 13.2846 13.2846 13.2846 0 2.66667
5 1 10.7865 10.7865 10.7865 0 2.66667
6 1 7.58932 7.58932 7.58932 0 3.16667
20 1 3.85426 3.85426 3.85426 0 1.3
9 1 1.22444 1.22444 1.22444 0 2.66667
12 1 1.22443 1.22443 1.22443 0 2.66667
78 1 0.0834225 0.0834225 0.0834225 0 0.857143
66 1 0.0833602 0.0833602 0.0833602 0 2.66667
85 1 0.0261342 0.0261342 0.0261342 5e-09 2.66667
103 1 0.0179507 0.0179507 0.0179507 0 2.8
79 1 1e-08 1e-08 1e-08 0 0.8
81 1 1e-08 1e-08 1e-08 0 1.3
71 1 1e-08 1e-08 1e-08 0 2.8
93 1 1e-08 1e-08 1e-08 0 2.8
95 1 1e-08 1e-08 1e-08 0 2.66667
99 1 1e-08 1e-08 1e-08 0 2.88889
101 1 5e-09 5e-09 1e-08 5e-09 0.8
102 1 1e-08 1e-08 1e-08 0 2.8

104 13 10.2091 7.69231e-10 9.20707 2.68938 2.66667
89 17 8.06401 1.51192 6.73313 1.78217 2.66667
29 16 5.75947 5.13186 6.69697 1.52274 2.8
100 14 2.33038 2.21068 6.64205 4.34232 0.857143
62 13 5.203 5.203 6.82296 1.61996 2.66667
53 3 15.6432 15.1927 15.493 0.212355 2.66667
13 2 9.65625 9.57713 9.61669 0.0395613 2.85714
76 2 16.044 0.259493 8.15209 7.89227 0.8
45 1 13.2846 13.2846 13.2846 0 2.66667
5 1 10.7865 10.7865 10.7865 0 2.66667
6 1 7.58932 7.58932 7.58932 0 3.16667
20 1 3.85426 3.85426 3.85426 0 1.3
9 1 1.22444 1.22444 1.22444 0 2.66667
12 1 1.22443 1.22443 1.22443 0 2.66667
105 1 0.339514 0.339514 0.339514 0 2.66667
78 1 0.0846548 0.0846548 0.0846548 0 0.857143
66 1 0.0833602 0.0833602 0.0833602 0 2.66667
85 1 0.0522685 0.0522685 0.0522685 0 2.66667
103 1 0.0179507 0.0179507 0.0179507 0 2.8
79 1 1e-08 1e-08 1e-08 0 0.8
81 1 1e-08 1e-08 1e-08 0 1.3
71 1 1e-08 1e-08 1e-08 0 2.8
93 1 1e-08 1e-08 1e-08 0 2.8
99 1 1e-08 1e-08 1e-08 0 2.88889
102 1 5e-09 5e-09 1e-08 5e-09 2.66667
88 1 1.42857e-09 1.42857e-09 1e-08 8.57143e-09 2.66667

100 11 13.5586 0.00252408 11.1486 4.46925 0.8
89 15 2.1933 2.08064 7.24371 5.09113 2.8
104 14 3.03624 2.76496 7.11714 4.33336 2.66667
29 1 90.1489 90.1489 90.1489 0 2.8
62 11 3.35678 3.35678 7.64551 4.28873 2.66667
76 5 29.0304 2e-09 13.9126 11.9957 0.857143
53 6 9.69714 7.59634 8.09663 0.720479 2.66667
106 2 13.6072 13.6072 13.6072 0 0.8
13 2 9.65625 9.57713 9.61669 0.0395613 2.85714
45 1 13.2846 13.2846 13.2846 0 2.66667
5 1 10.7865 10.7865 10.7865 0 2.66667
6 1 7.58932 7.58932 7.58932 0 3.16667
20 1 3.85426 3.85426 3.85426 0 1.3
9 1 1.22444 1.22444 1.22444 0 2.66667
12 1 1.22443 1.22443 1.22443 0 2.66667
105 1 0.339514 0.339514 0.339514 0 2.66667
66 1 0.0833602 0.0833602 0.0833602 0 2.66667
109 1 0.0605507 0.0605507 0.0605507 0 2.8
85 1 0.0522685 0.0522685 0.0522685 0 2.66667
78 1 0.0251415 0.0251415 0.0251415 0 0.857143
103 1 0.0179507 0.0179507 0.0179507 0 2.8
79 1 1e-08 1e-08 1e-08 0 0.8
81 1 1e-08 1e-08 1e-08 0 1.3
71 1 5e-09 5e-09 1e-08 5e-09 2.8
93 1 1e-08 1e-08 1e-08 0 2.8
99 1 1e-08 1e-08 1e-08 0 2.88889
102 1 5e-09 5e-09 1e-08 5e-09 2.66667
88 1 5e-09 5e-09 1e-08 5e-09 2.66667
107 1 1e-08 1e-08 1e-08 0 0.8
108 1 1e-08 1e-08 1e-08 0 2.66667

106 1 136.826 136.826 136.826 0 0.857143
62 14 5.17621 4.00231 6.94503 2.87481 2.66667
100 14 2.16151 2.15256 6.79798 4.6405 0.8
104 14 4.28123 4.28123 6.66303 2.3818 2.66667
89 12 5.46562 3.33885 7.0701 2.76227 2.8
53 6 9.69714 7.59634 8.09663 0.720479 2.66667
76 5 29.0304 2e-09 9.38885 12.0224 2.8
13 2 9.65625 9.57713 9.61669 0.0395613 2.85714
45 1 13.2846 13.2846 13.2846 0 2.66667
5 1 10.7865 10.7865 10.7865 0 2.66667
6 1 7.58932 7.58932 7.58932 0 3.16667
20 1 3.85426 3.85426 3.85426 0 1.3
9 1 1.22444 1.22444 1.22444 0 2.66667
12 1 1.22443 1.22443 1.22443 0 2.66667
105 1 0.339514 0.339514 0.339514 0 2.66667
66 1 0.0833602 0.0833602 0.0833602 0 2.66667
85 1 0.0522685 0.0522685 0.0522685 0 2.66667
109 1 0.0205853 0.0205853 0.035723 0.0151377 2.8
103 1 0.0179507 0.0179507 0.0179507 0 2.8
29 1 1e-08 1e-08 1e-08 0 2.8
81 1 1e-08 1e-08 1e-08 0 1.3
71 1 1e-08 1e-08 1e-08 0 2.8
93 1 1e-08 1e-08 1e-08 0 2.8
99 1 1e-08 1e-08 1e-08 0 2.88889
108 1 1e-08 1e-08 1e-08 0 2.66667
110 1 1e-08 1e-08 1e-08 0 0.857143

114 1 132.718 132.718 132.718 0 2.8
111 8 18.4465 1.25e-09 15.1176 5.99954 2.8
104 14 4.14744 4.14744 8.29507 4.14763 2.66667
89 11 13.2537 9.09091e-10 9.8551 3.58925 2.85714
106 13 2.41104 2.40402 8.20174 5.79636 0.857143
62 10 3.84518 2.97314 8.28567 5.23186 2.66667
53 5 9.69714 7.82158 9.71596 1.69441 2.66667
100 4 16.128 3.21435 9.92151 4.57478 2.8
13 2 9.65625 9.57713 9.61669 0.0395613 2.85714
45 1 13.2846 13.2846 13.2846 0 2.66667
5 1 10.7865 10.7865 10.7865 0 2.66667
6 1 7.58932 7.58932 7.58932 0 3.16667
20 1 3.85426 3.85426 3.85426 0 1.3
9 1 1.22444 1.22444 1.22444 0 2.66667
12 1 1.22443 1.22443 1.22443 0 2.66667
105 1 0.339514 0.339514 0.339514 0 2.66667
66 1 0.0833602 0.0833602 0.0833602 0 2.66667
85 1 0.0522685 0.0522685 0.0522685 0 2.66667
103 1 0.0179507 0.0179507 0.0179507 0 2.8
81 1 1e-08 1e-08 1e-08 0 1.3
71 1 1e-08 1e-08 1e-08 0 2.8
93 1 1e-08 1e-08 1e-08 0 2.8
99 1 1e-08 1e-08 1e-08 0 2.88889
108 1 1e-08 1e-08 1e-08 0 2.66667
112 1 1e-08 1e-08 1e-08 0 2.85714
113 1 1e-08 1e-08 1e-08 0 2.8
76 1 1e-08 1e-08 1e-08 0 2.8
115 1 1e-08 1e-08 1e-08 0 2.66667
116 1 1e-08 1e-08 1e-08 0 2.8

106 11 13.5586 6.91897 12.8169 1.91075 0.8
104 15 4.04012 3.58698 7.71171 3.86953 2.85714
114 13 3.31942 3.31795 7.85638 4.53831 2.8
62 13 8.97209 6.93734 7.62901 0.761823 2.66667
111 11 3.27937 3.19971 8.16462 4.94331 2.8
89 8 18.2239 1.25e-09 8.53823 8.6531 2.85714
53 5 11.6366 9.3859 9.83603 0.90027 2.66667
100 3 29.0304 2e-09 9.68398 13.68 2.88889
13 2 9.65625 9.57713 9.61669 0.0395613 2.85714
45 1 13.2846 13.2846 13.2846 0 2.66667
5 1 10.7865 10.7865 10.7865 0 2.66667
6 1 7.58932 7.58932 7.58932 0 3.16667
20 1 3.85426 3.85426 3.85426 0 1.3
9 1 1.22444 1.22444 1.22444 0 2.66667
12 1 1.22443 1.22443 1.22443 0 2.66667
117 1 1.03741 1.03741 1.03741 0 0.857143
105 1 0.339514 0.339514 0.339514 0 2.66667
66 1 0.0833602 0.0833602 0.0833602 0 2.66667
85 1 0.0522685 0.0522685 0.0522685 0 2.66667
118 1 0.0184667 0.0184667 0.0184667 0 0.8
103 1 0.0179507 0.0179507 0.0179507 0 2.8
81 1 1e-08 1e-08 1e-08 0 1.3
71 1 1e-08 1e-08 1e-08 0 2.8
93 1 1e-08 1e-08 1e-08 0 2.8
108 1 1e-08 1e-08 1e-08 0 2.66667
113 1 1e-08 1e-08 1e-08 0 2.8
76 1 1e-08 1e-08 1e-08 0 2.66667
115 1 1e-08 1e-08 1e-08 0 2.66667
119 1 1e-08 1e-08 1e-08 0 2.8

120 3 44.2394 44.2394 44.2394 0 2.8
76 7 18.9597 1.42857e-09 16.2512 6.63453 2.66667
114 12 4.59379 4.57649 9.21323 4.63497 2.8
111 12 6.14883 5.99945 8.99593 2.94753 2.8
106 12 2.66937 2.6616 8.76736 6.10371 0.857143
62 11 4.20567 3.25188 8.81219 5.14872 2.66667
104 10 7.67321 6.98517 9.35676 2.11529 2.8
53 5 11.6366 9.3859 9.83603 0.90027 2.66667
13 2 9.65625 9.57713 9.61669 0.0395613 2.85714
45 1 13.2846 13.2846 13.2846 0 2.66667
5 1 10.7865 10.7865 10.7865 0 2.66667
6 1 7.58932 7.58932 7.58932 0 3.16667
20 1 3.85426 3.85426 3.85426 0 1.3
9 1 1.22444 1.22444 1.22444 0 2.66667
12 1 1.22443 1.22443 1.22443 0 2.66667
105 1 0.339514 0.339514 0.339514 0 2.66667
123 1 0.162885 0.162885 0.162885 0 2.8
66 1 0.0833602 0.0833602 0.0833602 0 2.66667
85 1 0.0522685 0.0522685 0.0522685 0 2.66667
103 1 0.00897535 0.00897535 0.00897536 5e-09 2.66667
81 1 1e-08 1e-08 1e-08 0 1.3
71 1 1e-08 1e-08 1e-08 0 2.8
93 1 1e-08 1e-08 1e-08 0 2.8
108 1 1e-08 1e-08 1e-08 0 2.66667
113 1 1e-08 1e-08 1e-08 0 2.8
115 1 1e-08 1e-08 1e-08 0 2.66667
119 1 1e-08 1e-08 1e-08 0 2.8
121 1 1e-08 1e-08 1e-08 0 2.66667
122 1 1e-08 1e-08 1e-08 0 2.66667
100 1 1e-08 1e-08 1e-08 0 2.88889
124 1 1e-08 1e-08 1e-08 0 0.8
125 1 1e-08 1e-08 1e-08 0 0.8

106 14 4.82208 4.8111 9.99106 5.17839 0.8
127 1 127.545 127.545 127.545 0 0.8
104 6 24.2985 1.66667e-09 19.9047 8.9335 0.8
62 11 7.47674 5.78111 10.2998 3.37113 2.66667
114 11 6.05545 6.03264 10.0528 4.01534 2.8
111 10 4.61162 4.49959 9.79514 5.19483 2.8
120 9 2.76496 2.76496 10.5483 7.78334 2.66667
76 5 11.117 11.0598 11.1827 0.106019 2.66667
53 5 11.6366 9.3859 9.83603 0.90027 2.66667
13 1 9.65625 9.65625 19.2334 9.57713 2.85714
45 1 13.2846 13.2846 13.2846 0 2.66667
5 1 10.7865 10.7865 10.7865 0 2.66667
6 1 7.58932 7.58932 7.58932 0 3.16667
20 1 3.85426 3.85426 3.85426 0 1.3
9 1 1.22444 1.22444 1.22444 0 2.66667
12 1 1.22443 1.22443 1.22443 0 2.66667
105 1 0.339514 0.339514 0.339514 0 2.66667
123 1 0.162885 0.162885 0.162885 0 2.8
66 1 0.0833602 0.0833602 0.0833602 0 2.66667
85 1 0.0522685 0.0522685 0.0522685 0 2.66667
126 1 0.0522537 0.0522537 0.0522537 0 2.66667
103 1 0.0179507 0.0179507 0.0179507 0 2.8
81 1 1e-08 1e-08 1e-08 0 1.3
71 1 1e-08 1e-08 1e-08 0 2.8
93 1 1e-08 1e-08 1e-08 0 2.8
108 1 1e-08 1e-08 1e-08 0 2.66667
113 1 1e-08 1e-08 1e-08 0 2.8
115 1 1e-08 1e-08 1e-08 0 2.66667
119 1 1e-08 1e-08 1e-08 0 2.8
100 1 1e-08 1e-08 1e-08 0 2.88889

111 14 5.27042 5.27042 8.30748 3.03706 3.3
106 14 3.55916 3.55105 8.11967 4.56688 0.8
114 14 4.44066 4.42394 7.99778 3.56746 2.85714
62 14 6.11733 6.11733 7.95688 1.83955 2.66667
120 13 10.4136 7.14286e-10 8.18947 3.50542 2.85714
128 12 6.94242 6.35257 8.3308 1.63912 2.85714
53 5 11.6366 9.3859 9.83603 0.90027 2.66667
104 3 24.1724 1.66667e-09 8.06082 11.3926 0.8
13 1 19.3125 19.3125 19.3125 0 2.85714
45 1 13.2846 13.2846 13.2846 0 2.66667
5 1 10.7865 10.7865 10.7865 0 2.66667
6 1 7.58932 7.58932 7.58932 0 3.16667
20 1 3.85426 3.85426 3.85426 0 1.3
9 1 1.22444 1.22444 1.22444 0 2.66667
12 1 1.22443 1.22443 1.22443 0 2.66667
105 1 0.339514 0.339514 0.339514 0 2.66667
123 1 0.162885 0.162885 0.162885 0 2.8
129 1 0.0882971 0.0882971 0.0882971 0 2.8
66 1 0.0833602 0.0833602 0.0833602 0 2.66667
85 1 0.0522685 0.0522685 0.0522685 0 2.66667

106 14 4.04012 4.03092 8.72191 4.68376 0.8
111 13 2.38019 2.38019 9.00035 6.62016 3.3
62 13 4.64074 4.64074 8.77572 4.13498 2.66667
114 13 4.29741 4.28312 8.75347 4.46147 2.8
132 7 18.9677 1.42857e-09 16.2523 6.63499 2.8
120 11 10.6298 0.00370624 8.71416 2.77563 2.66667
133 2 66.3962 5e-09 33.1981 33.1981 2.85714
53 5 11.6366 9.3859 9.83603 0.90027 2.66667
13 1 19.3125 19.3125 19.3125 0 2.85714
45 1 13.2846 13.2846 13.2846 0 2.66667
5 1 10.7865 10.7865 10.7865 0 2.66667
6 1 7.58932 7.58932 7.58932 0 3.16667
20 1 3.85426 3.85426 3.85426 0 1.3
9 1 1.22444 1.22444 1.22444 0 2.66667
12 1 1.22443 1.22443 1.22443 0 2.66667
105 1 0.339514 0.339514 0.339514 0 2.66667
123 1 0.162885 0.162885 0.162885 0 2.8
129 1 0.0882971 0.0882971 0.0882971 0 2.8
66 1 0.0833602 0.0833602 0.0833602 0 2.66667
85 1 0.0522685 0.0522685 0.0522685 0 2.66667
134 1 0.0520255 0.0520255 0.0520255 0 2.85714
135 1 0.00651018 0.00651018 0.00651018 0 2.8

111 14 4.34035 4.34035 8.37714 4.0368 2.8
62 13 4.80648 4.80648 8.51802 3.71154 2.66667
106 13 3.93381 3.93381 8.41047 4.47666 0.8
136 4 37.2043 0.0129718 25.8087 14.9987 2.88889
114 12 3.91823 3.90625 8.51182 4.59458 2.8
132 11 4.57842 4.57649 8.7506 4.17376 2.85714
133 2 33.6709 28.6293 31.1501 2.52084 2.85714
53 5 11.6366 9.3859 9.83603 0.90027 2.8
13 1 19.3125 19.3125 19.3125 0 2.85714
45 1 13.2846 13.2846 13.2846 0 2.66667
5 1 10.7865 10.7865 10.7865 0 2.66667
6 1 7.58932 7.58932 7.58932 0 3.16667
20 1 3.85426 3.85426 3.85426 0 1.3
138 1 1.5299 1.5299 1.5299 0 0.666667
9 1 1.22444 1.22444 1.22444 0 2.66667
12 1 1.22443 1.22443 1.22443 0 2.66667
139 1 0.79032 0.79032 0.79032 0 2.85714
105 1 0.339514 0.339514 0.339514 0 2.66667
123 1 0.162885 0.162885 0.162885 0 2.8
129 1 0.0882971 0.0882971 0.0882971 0 2.8
66 1 0.0833602 0.0833602 0.0833602 0 2.66667
85 1 0.0522685 0.0522685 0.0522685 0 2.66667
140 1 0.0257368 0.0257368 0.040572 0.0148352 2.85714
135 1 0.00651018 0.00651018 0.00651018 0 2.8
137 1 1e-08 1e-08 1e-08 0 2.8

141 7 21.2157 16.8601 20.4978 1.48577 2.8
132 11 12.0704 12.0653 12.0662 0.00196186 2.8
111 12 4.47187 4.47187 9.68622 5.21434 2.8
106 12 4.39661 4.39661 9.63094 5.23434 0.8
62 12 4.80648 4.80648 9.49171 4.68523 2.66667
114 10 3.83933 3.80628 9.87177 6.06219 2.8
136 7 6.76441 6.03662 9.73116 3.36542 2.88889
53 5 11.6366 9.3859 9.83603 0.90027 2.66667
13 1 19.3125 19.3125 19.3125 0 2.85714
45 1 13.2846 13.2846 13.2846 0 2.66667
5 1 10.7865 10.7865 10.7865 0 2.66667
6 1 7.58932 7.58932 7.58932 0 3.16667
20 1 3.85426 3.85426 3.85426 0 1.3
138 1 1.5299 1.5299 1.5299 0 0.666667
9 1 1.22444 1.22444 1.22444 0 2.66667
12 1 1.22443 1.22443 1.22443 0 2.66667
139 1 0.79032 0.79032 0.79032 0 2.85714
105 1 0.339514 0.339514 0.339514 0 2.66667
123 1 0.162885 0.162885 0.162885 0 2.8
129 1 0.0882971 0.0882971 0.0882971 0 2.8
66 1 0.0833602 0.0833602 0.0833602 0 2.66667
85 1 0.0522685 0.0522685 0.0522685 0 2.66667
142 1 0.0206033 0.0206033 0.0206033 0 2.8
137 1 1e-08 1e-08 1e-08 0 2.8

143 1 148.171 148.171 148.171 0 2.88889
136 6 24.8028 22.1343 23.1637 0.925337 2.88889
145 1 133.203 133.203 133.203 0 2.8
62 10 4.98449 4.98449 12.2217 7.23724 2.8
114 10 11.198 11.1017 12.2173 1.10636 2.8
106 10 5.33874 5.33874 11.8682 6.5295 0.8
132 8 4.93294 4.91549 13.025 8.1068 3.3
141 8 2.32047 2.30581 12.818 10.5103 2.85714
147 1 69.8587 69.8587 69.8587 0 3.3
53 4 11.6366 9.3859 12.295 2.54081 2.8
13 1 19.3125 19.3125 19.3125 0 2.85714
45 1 13.2846 13.2846 13.2846 0 2.66667
5 1 10.7865 10.7865 10.7865 0 2.66667
6 1 7.58932 7.58932 7.58932 0 3.16667
20 1 3.85426 3.85426 3.85426 0 1.3
138 1 1.5299 1.5299 1.5299 0 0.666667
9 1 1.22444 1.22444 1.22444 0 2.66667
12 1 1.22443 1.22443 1.22443 0 2.66667
139 1 0.79032 0.79032 0.79032 0 2.85714
105 1 0.339514 0.339514 0.339514 0 2.66667
146 1 0.18103 0.18103 0.18103 0 2.66667
144 1 0.167958 0.167958 0.167958 5e-09 2.8
123 1 0.162885 0.162885 0.162885 0 2.8
129 1 0.0882971 0.0882971 0.0882971 0 2.8
66 1 0.0833602 0.0833602 0.0833602 0 2.66667
111 1 0.0618196 0.0618196 0.0618196 0 2.85714
85 1 0.0522685 0.0522685 0.0522685 0 2.66667
142 1 0.0206033 0.0206033 0.0206033 0 2.8
137 1 1e-08 1e-08 1e-08 0 2.8

62 10 8.97209 8.97209 13.4581 4.48604 2.66667
148 1 133.189 133.189 133.189 0 2.85714
132 6 22.129 22.1197 22.1244 0.00466268 2.8
141 9 16.5011 0.00686885 14.5873 5.15508 2.85714
147 5 26.9163 13.9717 22.8769 5.2645 2.66667
136 5 29.7237 2e-09 22.4746 11.311 2.90909
106 8 5.97938 5.97938 13.9572 7.97781 0.8
114 8 5.37506 5.32879 13.3891 8.05457 2.85714
143 7 4.52074 4.49003 14.637 10.1342 2.88889
145 7 4.93343 4.93343 14.0762 9.14279 2.8
53 3 14.5457 11.7324 16.5809 4.12955 2.66667
13 1 19.3125 19.3125 19.3125 0 2.85714
45 1 13.2846 13.2846 13.2846 0 2.66667
5 1 10.7865 10.7865 10.7865 0 2.66667
6 1 7.58932 7.58932 7.58932 0 3.16667
20 1 3.85426 3.85426 3.85426 0 1.3
138 1 1.5299 1.5299 1.5299 0 0.666667
9 1 1.22444 1.22444 1.22444 0 2.66667
12 1 1.22443 1.22443 1.22443 0 2.66667
139 1 0.79032 0.79032 0.79032 0 2.85714
149 1 0.37142 0.37142 0.37142 5e-09 2.8
105 1 0.339514 0.339514 0.339514 0 2.66667
144 1 0.335915 0.335915 0.335915 0 2.66667
123 1 0.162885 0.162885 0.162885 0 2.8
129 1 0.0882971 0.0882971 0.0882971 0 2.8
66 1 0.0833602 0.0833602 0.0833602 0 2.66667
146 1 0.0603434 0.0603434 0.0772037 0.0168603 2.66667
85 1 0.0522685 0.0522685 0.0522685 0 2.66667
150 1 0.0522555 0.0522555 0.0522555 0 2.85714
142 1 0.0206033 0.0206033 0.0206033 0 2.8
137 1 1e-08 1e-08 1e-08 0 2.8

143 4 37.2961 37.0428 37.1061 0.109717 2.88889
106 10 7.11831 7.11831 13.489 6.37069 0.8
145 7 19.0289 19.0289 19.0289 0 2.8
114 9 10.3367 10.2477 13.9601 3.7026 2.8
151 9 7.02723 7.02723 13.034 6.00678 2.8
62 8 6.11733 6.11733 14.5398 8.42243 2.66667
148 7 3.92275 3.91734 14.8063 10.8881 2.85714
136 6 7.83248 7.71826 14.9238 7.1313 2.88889
147 6 8.97209 8.97209 14.8626 5.89051 2.66667
152 3 44.2394 3.33333e-09 28.8371 20.4067 2.8
53 3 19.3943 15.6432 16.8935 1.7683 2.66667
141 3 24.7517 0.0252156 14.4719 10.5139 2.85714
13 1 19.3125 19.3125 19.3125 0 2.85714
45 1 13.2846 13.2846 13.2846 0 2.66667
5 1 10.7865 10.7865 10.7865 0 2.66667
6 1 7.58932 7.58932 7.58932 0 3.16667
20 1 3.85426 3.85426 3.85426 0 1.3
138 1 1.5299 1.5299 1.5299 0 0.666667
139 1 1.05366 1.05366 1.44882 0.39516 2.85714
9 1 1.22444 1.22444 1.22444 0 2.66667
12 1 1.22443 1.22443 1.22443 0 2.66667
132 1 0.742839 0.742839 0.742839 0 2.8
105 1 0.339514 0.339514 0.339514 0 2.66667
144 1 0.335915 0.335915 0.335915 0 2.66667
123 1 0.162885 0.162885 0.162885 0 2.8
129 1 0.0882971 0.0882971 0.0882971 0 2.8
66 1 0.0833602 0.0833602 0.0833602 0 2.66667
85 1 0.0522685 0.0522685 0.0522685 0 2.66667
150 1 0.0522555 0.0522555 0.0522555 0 2.85714
153 1 0.0515939 0.0515939 0.0515939 0 3.3
142 1 0.0206033 0.0206033 0.0206033 0 2.8
137 1 1e-08 1e-08 1e-08 0 2.8

62 12 4.98449 4.98449 10.6914 5.70693 2.66667
148 11 7.40963 7.39941 10.7623 3.36099 2.85714
106 11 5.98036 5.97938 10.7016 4.72211 0.8
143 10 5.74988 5.69889 11.372 5.65279 2.88889
145 10 7.83545 7.83545 10.8069 2.97147 2.8
151 9 4.95395 4.91906 11.5114 6.58501 2.8
114 9 5.84246 5.79217 10.9209 5.12315 2.8
136 3 48.8823 3.33333e-09 32.5882 23.0433 2.88889
53 3 19.3943 15.6432 16.8935 1.7683 2.8
147 3 44.8604 3.33333e-09 14.9558 21.1458 2.8
13 1 19.3125 19.3125 19.3125 0 2.85714
45 1 13.2846 13.2846 13.2846 0 2.66667
5 1 10.7865 10.7865 10.7865 0 2.66667
6 1 7.58932 7.58932 7.58932 0 3.16667
20 1 3.85426 3.85426 3.85426 0 1.3
138 1 1.5299 1.5299 1.5299 0 0.666667
9 1 1.22444 1.22444 1.22444 0 2.66667
12 1 1.22443 1.22443 1.22443 0 2.66667
132 1 0.742839 0.742839 0.742839 0 2.8
105 1 0.339514 0.339514 0.339514 0 2.66667
144 1 0.335915 0.335915 0.335915 0 2.66667
123 1 0.162885 0.162885 0.162885 0 2.8
129 1 0.0882971 0.0882971 0.0882971 0 2.8
66 1 0.0833602 0.0833602 0.0833602 0 2.66667
85 1 0.0522685 0.0522685 0.0522685 0 2.66667
150 1 0.0522555 0.0522555 0.0522555 0 2.85714
153 1 0.0515939 0.0515939 0.0515939 0 3.3
154 1 0.0221059 0.0221059 0.0221059 0 2.8
155 1 0.00141798 0.00141798 0.00141798 0 2.8
137 1 1e-08 1e-08 1e-08 0 2.8

157 2 74.2551 74.2551 74.2551 0 2.85714
114 9 14.9307 14.8022 14.8165 0.0403922 2.8
151 10 9.90068 9.83812 12.6685 2.82419 2.85714
143 10 6.49986 6.47031 12.6676 6.18477 2.88889
106 9 4.67215 4.67139 14.017 9.34531 0.857143
136 5 29.7237 2e-09 23.5304 11.7663 2.88889
62 8 5.17621 5.17621 13.5878 8.41164 2.66667
145 8 6.05466 6.05466 13.2958 7.24114 2.8
148 7 4.0851 4.04162 13.7256 9.67214 2.88889
156 4 18.4465 8.38005 15.0016 4.11296 2.8
53 3 19.3943 15.6432 16.8935 1.7683 2.66667
13 1 19.3125 19.3125 19.3125 0 2.85714
45 1 13.2846 13.2846 13.2846 0 2.66667
5 1 10.7865 10.7865 10.7865 0 2.66667
6 1 7.58932 7.58932 7.58932 0 3.16667
20 1 3.85426 3.85426 3.85426 0 1.3
138 1 1.5299 1.5299 1.5299 0 0.666667
9 1 1.22444 1.22444 1.22444 0 2.66667
12 1 1.22443 1.22443 1.22443 0 2.66667
132 1 0.742839 0.742839 0.742839 0 2.8
105 1 0.339514 0.339514 0.339514 0 2.66667
144 1 0.335915 0.335915 0.335915 0 2.66667
123 1 0.162885 0.162885 0.162885 0 2.8
158 1 0.0884882 0.0884882 0.0884882 0 2.8
129 1 0.0882971 0.0882971 0.0882971 0 2.8
66 1 0.0833602 0.0833602 0.0833602 0 2.66667
85 1 0.0522685 0.0522685 0.0522685 0 2.66667
150 1 0.0522555 0.0522555 0.0522555 0 2.85714
147 1 0.0250037 0.0250037 0.0353053 0.0103017 2.8
153 1 0.0257969 0.0257969 0.0257969 5e-09 3.3
155 1 0.00141798 0.00141798 0.00141798 0 2.8
137 1 1e-08 1e-08 1e-08 0 2.8

148 6 22.468 22.2289 22.3048 0.089354 2.88889
159 1 133.373 133.373 133.373 0 2.85714
145 8 16.6503 16.6503 16.6503 3.55271e-15 3.8
62 10 6.40864 6.40864 12.8173 6.4087 2.66667
143 9 4.53021 4.52074 12.6319 8.11006 2.88889
106 8 7.47544 7.47423 13.2867 5.81204 0.8
157 8 3.71276 3.6893 13.0759 9.36608 3.3
114 7 5.6223 5.55083 13.7822 8.20745 2.8
156 1 67.0404 67.0404 67.0404 0 2.8
136 4 10.6991 10.4535 15.5927 5.03294 2.88889
153 2 58.8315 0.0257969 29.4287 29.4029 3.3
53 3 19.3943 15.6432 16.8935 1.7683 2.8
13 1 19.3125 19.3125 19.3125 0 2.85714
45 1 13.2846 13.2846 13.2846 0 2.66667
5 1 10.7865 10.7865 10.7865 0 2.66667
6 1 7.58932 7.58932 7.58932 0 3.16667
20 1 3.85426 3.85426 3.85426 0 1.3
138 1 1.5299 1.5299 1.5299 0 0.666667
9 1 1.22444 1.22444 1.22444 0 2.66667
12 1 1.22443 1.22443 1.22443 0 2.66667
132 1 0.742839 0.742839 0.742839 0 2.8
105 1 0.339514 0.339514 0.339514 0 2.66667
144 1 0.335915 0.335915 0.335915 0 2.66667
123 1 0.162885 0.162885 0.162885 0 2.8
158 1 0.0884882 0.0884882 0.0884882 0 2.8
129 1 0.0882971 0.0882971 0.0882971 0 2.8
66 1 0.0833602 0.0833602 0.0833602 0 2.66667
150 1 0.0522555 0.0522555 0.0522555 0 2.85714
147 1 0.0500073 0.0500073 0.0500073 0 2.8
85 1 0.0261342 0.0261342 0.0261342 5e-09 2.66667
155 1 0.00141798 0.00141798 0.00141798 0 2.8
160 1 2.15957e-05 2.15957e-05 2.15957e-05 0 2.90909
137 1 1e-08 1e-08 1e-08 0 2.8
161 1 1e-08 1e-08 1e-08 0 2.66667

157 9 8.7359 8.7359 13.6401 4.90416 2.85714
136 5 29.9575 0.0365545 23.6634 11.8161 3.40909
162 1 117.663 117.663 117.663 0 3.35714
143 9 8.30538 8.28803 12.8851 4.59518 2.88889
62 8 5.17621 5.17621 14.2606 9.08437 2.66667
145 8 7.01066 7.01066 13.9421 6.93149 2.8
148 8 6.12765 6.08345 13.8372 7.73214 2.88889
106 7 7.11947 7.11831 14.4339 7.31507 0.8
114 7 8.43345 8.32624 13.4258 5.04308 2.85714
159 6 7.01965 7.01965 14.4095 7.38988 3.35714
132 1 68.8746 68.8746 68.8746 0 2.8
53 3 19.3943 15.6432 16.8935 1.7683 2.8
13 1 19.3125 19.3125 19.3125 0 2.85714
45 1 13.2846 13.2846 13.2846 0 2.66667
5 1 10.7865 10.7865 10.7865 0 2.66667
6 1 7.58932 7.58932 7.58932 0 3.16667
20 1 3.85426 3.85426 3.85426 0 1.3
138 1 1.5299 1.5299 1.5299 0 0.666667
9 1 1.22444 1.22444 1.22444 0 2.66667
12 1 1.22443 1.22443 1.22443 0 2.66667
105 1 0.339514 0.339514 0.339514 0 2.66667
144 1 0.335915 0.335915 0.335915 0 2.66667
123 1 0.162885 0.162885 0.162885 0 2.8
158 1 0.0884882 0.0884882 0.0884882 0 2.8
129 1 0.0882971 0.0882971 0.0882971 0 2.8
66 1 0.0833602 0.0833602 0.0833602 0 2.66667
85 1 0.0522685 0.0522685 0.0522685 0 2.66667
150 1 0.0522555 0.0522555 0.0522555 0 2.85714
153 1 0.0515939 0.0515939 0.0515939 0 3.3
147 1 0.0500073 0.0500073 0.0500073 0 2.8
155 1 0.00141798 0.00141798 0.00141798 0 2.8
137 1 1e-08 1e-08 1e-08 0 2.8
163 1 1e-08 1e-08 1e-08 0 2.8

157 10 7.81633 7.81633 13.913 6.09669 2.85714
114 7 19.2765 19.0314 19.1608 0.0861923 2.8
106 10 10.6792 10.6775 12.8164 2.13808 0.8
159 7 19.0533 9.83922 17.737 3.22427 2.8
143 9 8.79393 8.77556 13.6421 4.86452 2.88889
145 9 6.69212 6.66013 13.4424 6.77874 2.8
148 8 5.61701 5.59196 13.3506 7.74304 2.85714
62 8 4.98449 4.98449 13.1898 8.20527 2.66667
162 6 16.1775 13.0737 13.5925 1.15672 3.35714
136 5 6.51249 6.36297 13.6406 7.19577 3.40909
53 3 19.3943 15.6432 16.8935 1.7683 2.8
164 1 33.6911 33.6911 33.6911 0 2.85714
13 1 19.3125 19.3125 19.3125 0 2.85714
45 1 13.2846 13.2846 13.2846 0 2.66667
5 1 10.7865 10.7865 10.7865 0 2.66667
6 1 7.58932 7.58932 7.58932 0 3.16667
20 1 3.85426 3.85426 3.85426 0 1.3
138 1 1.5299 1.5299 1.5299 0 0.666667
9 1 1.22444 1.22444 1.22444 0 2.66667
12 1 1.22443 1.22443 1.22443 0 2.66667
105 1 0.339514 0.339514 0.339514 0 2.66667
144 1 0.335915 0.335915 0.335915 0 2.66667
123 1 0.162885 0.162885 0.162885 0 2.8
158 1 0.0884882 0.0884882 0.0884882 0 2.8
129 1 0.0882971 0.0882971 0.0882971 0 2.8
66 1 0.0833602 0.0833602 0.0833602 0 2.66667
85 1 0.0522685 0.0522685 0.0522685 0 2.66667
150 1 0.0522555 0.0522555 0.0522555 0 2.85714
153 1 0.0515939 0.0515939 0.0515939 0 3.3
147 1 0.0500073 0.0500073 0.0500073 0 2.8

136 5 29.9575 29.2697 29.6475 0.297298 3.40909
145 10 7.43568 7.40014 13.1845 5.77722 2.8
62 10 10.3524 10.3524 12.4281 2.07568 2.66667
143 10 7.86826 7.85182 12.4055 4.55202 2.88889
162 6 24.2662 19.6105 20.3865 1.73508 3.35714
106 9 7.47544 7.47544 12.6365 5.1611 0.8
148 9 3.54758 3.54758 12.386 8.83841 2.88889
157 8 5.7507 5.71193 13.7065 7.9867 2.85714
114 7 5.6223 5.59902 12.7907 7.18169 2.85714
53 3 19.3943 15.6432 16.8935 1.7683 2.66667
159 2 33.1795 0.514627 16.9891 16.3331 2.8
13 1 19.3125 19.3125 19.3125 0 2.85714
45 1 13.2846 13.2846 13.2846 0 2.66667
5 1 10.7865 10.7865 10.7865 0 2.66667
6 1 7.58932 7.58932 7.58932 0 3.16667
20 1 3.85426 3.85426 3.85426 0 1.3
138 1 1.5299 1.5299 1.5299 0 0.666667
9 1 1.22444 1.22444 1.22444 0 2.66667
12 1 1.22443 1.22443 1.22443 0 2.66667
105 1 0.339514 0.339514 0.339514 0 2.66667
144 1 0.335915 0.335915 0.335915 0 2.66667
123 1 0.162885 0.162885 0.162885 0 2.8
158 1 0.0884882 0.0884882 0.0884882 0 2.8
129 1 0.0882971 0.0882971 0.0882971 0 2.8
66 1 0.0833602 0.0833602 0.0833602 0 2.66667
85 1 0.0522685 0.0522685 0.0522685 0 2.66667
150 1 0.0522555 0.0522555 0.0522555 0 2.85714
153 1 0.0515939 0.0515939 0.0515939 0 3.3
147 1 0.0500073 0.0500073 0.0500073 0 2.8
167 1 0.0261361 0.0261361 0.0261361 5e-09 2.85714
164 1 0.0182521 0.0182521 0.0182521 0 2.85714
166 1 0.00317851 0.00317851 0.00317851 5e-09 2.85714
168 1 1e-08 1e-08 1e-08 0 2.88889

157 2 74.5754 74.2551 74.4152 0.160129 2.85714
159 1 132.718 132.718 132.718 0 2.8
170 1 121.734 121.734 121.734 0 2.90909
162 8 6.79629 6.61806 15.2038 8.4809 2.85714
143 8 6.22904 6.21602 14.6164 8.39807 2.88889
148 7 7.48935 7.48935 15.7472 8.25789 2.85714
136 7 7.13273 6.98318 15.2527 8.18024 2.88889
145 7 4.61976 4.59319 15.2263 10.6199 2.8
106 7 5.98036 5.98036 14.995 9.01465 0.857143
114 7 14.9928 14.9307 14.9582 0.0307259 2.85714
62 7 5.38325 5.38325 14.7498 9.36651 2.66667
53 3 19.3943 15.6432 16.8935 1.7683 2.66667
13 1 19.3125 19.3125 19.3125 0 2.85714
45 1 13.2846 13.2846 13.2846 0 2.66667
5 1 10.7865 10.7865 10.7865 0 2.66667
6 1 7.58932 7.58932 7.58932 0 3.16667
20 1 3.85426 3.85426 3.85426 0 1.3
138 1 1.5299 1.5299 1.5299 0 0.666667
9 1 1.22444 1.22444 1.22444 0 2.66667
12 1 1.22443 1.22443 1.22443 0 2.66667
105 1 0.339514 0.339514 0.339514 0 2.66667
171 1 0.191216 0.191216 0.191216 0 3.35714
144 1 0.167958 0.167958 0.167958 5e-09 2.66667
123 1 0.162885 0.162885 0.162885 0 2.8
158 1 0.0884882 0.0884882 0.0884882 0 2.8
129 1 0.0882971 0.0882971 0.0882971 0 2.8
66 1 0.0833602 0.0833602 0.0833602 0 2.66667
85 1 0.0522685 0.0522685 0.0522685 0 2.66667
153 1 0.0515939 0.0515939 0.0515939 0 3.3
147 1 0.0500073 0.0500073 0.0500073 0 2.8
164 1 0.0182521 0.0182521 0.0182521 0 2.85714
166 1 0.00635702 0.00635702 0.00635702 0 2.85714

106 7 21.3584 21.3584 21.3584 3.55271e-15 0.8
172 4 36.3993 29.4158 34.6534 3.02397 3.35714
114 7 19.2765 19.1967 19.2309 0.0394903 2.85714
62 7 19.2259 19.2259 19.2259 0 2.66667
143 8 5.76167 5.73787 15.6747 9.92956 2.88889
157 7 3.93469 3.90816 16.4299 12.5083 2.85714
145 7 11.1644 11.1002 15.8985 4.75729 2.8
148 7 7.09517 7.09517 15.1914 8.09618 2.85714
159 6 11.1002 11.0598 14.6169 3.55033 2.8
170 6 6.51249 6.46167 14.6004 8.11486 2.90909
171 2 74.4658 0.0459955 37.2559 37.2099 3.35714
53 3 19.3943 15.6432 16.8935 1.7683 2.8
164 1 33.6911 33.6911 33.6911 0 2.85714
136 2 30.8919 0.00233309 15.4471 15.4448 2.92308
13 1 19.3125 19.3125 19.3125 0 2.85714
45 1 13.2846 13.2846 13.2846 0 2.66667
5 1 10.7865 10.7865 10.7865 0 2.66667
6 1 7.58932 7.58932 7.58932 0 3.16667
20 1 3.85426 3.85426 3.85426 0 1.3
138 1 1.5299 1.5299 1.5299 0 0.666667
9 1 1.22444 1.22444 1.22444 0 2.66667
12 1 1.22443 1.22443 1.22443 0 2.66667
105 1 0.339514 0.339514 0.339514 0 2.66667
144 1 0.335915 0.335915 0.335915 0 2.66667
123 1 0.162885 0.162885 0.162885 0 2.8
158 1 0.0884882 0.0884882 0.0884882 0 2.8
129 1 0.0882971 0.0882971 0.0882971 0 2.8
66 1 0.0833602 0.0833602 0.0833602 0 2.66667
85 1 0.0522685 0.0522685 0.0522685 0 2.66667
153 1 0.0515939 0.0515939 0.0515939 0 3.3
147 1 0.0500073 0.0500073 0.0500073 0 2.8
166 1 0.00635702 0.00635702 0.00635702 0 2.85714
162 1 5e-09 5e-09 1e-08 5e-09 2.85714

143 9 16.6448 16.5761 16.5995 0.0223779 2.88889
157 4 37.2877 37.2877 37.2877 0 2.85714
170 5 29.9575 29.7237 29.8172 0.114533 2.88889
148 7 19.2583 19.2583 19.2583 0 2.88889
114 7 19.2765 19.1967 19.2309 0.0394903 2.85714
62 7 19.2259 19.2259 19.2259 0 2.66667
145 8 14.8859 14.8003 16.6915 1.84362 2.8
159 4 33.1795 33.1795 33.1795 0 2.8
106 7 2.20579 2.19866 16.397 14.1973 0.8
172 5 3.11496 3.07653 16.7362 13.6398 3.35714
136 2 61.7838 0.00466619 30.8942 30.8896 2.90909
53 3 19.3943 15.6432 16.8935 1.7683 2.8
13 1 19.3125 19.3125 19.3125 0 2.85714
45 1 13.2846 13.2846 13.2846 0 2.66667
5 1 10.7865 10.7865 10.7865 0 2.66667
6 1 7.58932 7.58932 7.58932 0 3.16667
20 1 3.85426 3.85426 3.85426 0 1.3
138 1 1.5299 1.5299 1.5299 0 0.666667
9 1 1.22444 1.22444 1.22444 0 2.66667
12 1 1.22443 1.22443 1.22443 0 2.66667
105 1 0.339514 0.339514 0.339514 0 2.66667
144 1 0.335915 0.335915 0.335915 0 2.66667
123 1 0.162885 0.162885 0.162885 0 2.8
158 1 0.0884882 0.0884882 0.0884882 0 2.8
129 1 0.0882971 0.0882971 0.0882971 0 2.8
66 1 0.0833602 0.0833602 0.0833602 0 2.66667
85 1 0.0522685 0.0522685 0.0522685 0 2.66667
153 1 0.0515939 0.0515939 0.0515939 0 3.3
147 1 0.0500073 0.0500073 0.0500073 0 2.8
164 1 0.0182521 0.0182521 0.0182521 0 2.85714
171 1 0.0102109 0.0102109 0.0102109 0 3.35714
166 1 0.00635702 0.00635702 0.00635702 0 2.85714

106 7 21.4277 21.3584 21.3683 0.0242469 0.8
174 1 147.674 147.674 147.674 0 3.35714
148 7 19.2583 19.2583 19.2583 0 2.85714
114 7 19.2765 19.1967 19.2309 0.0394903 2.85714
62 7 19.2259 19.2259 19.2259 0 2.66667
145 8 12.1794 12.0653 16.6661 4.52465 2.8
173 1 133.325 133.325 133.325 0 0.8
170 7 21.3982 0.0013332 17.7348 7.34845 2.88889
157 7 2.76886 2.76205 15.1372 12.3741 2.85714
143 7 2.49672 2.49161 14.9736 12.4804 2.88889
171 2 74.4658 0.0461854 37.256 37.2098 3.35714
53 3 19.3943 15.6432 16.8935 1.7683 2.66667
13 1 19.3125 19.3125 19.3125 0 2.85714
45 1 13.2846 13.2846 13.2846 0 2.66667
5 1 10.7865 10.7865 10.7865 0 2.66667
6 1 7.58932 7.58932 7.58932 0 3.16667
20 1 3.85426 3.85426 3.85426 0 1.3
138 1 1.5299 1.5299 1.5299 0 0.666667
9 1 1.22444 1.22444 1.22444 0 2.66667
12 1 1.22443 1.22443 1.22443 0 2.66667
105 1 0.339514 0.339514 0.339514 0 2.66667
144 1 0.335915 0.335915 0.335915 0 2.66667
123 1 0.162885 0.162885 0.162885 0 2.8
158 1 0.0884882 0.0884882 0.0884882 0 2.8
129 1 0.0882971 0.0882971 0.0882971 0 2.8
66 1 0.0833602 0.0833602 0.0833602 0 2.66667
85 1 0.0522685 0.0522685 0.0522685 0 2.66667
153 1 0.0515939 0.0515939 0.0515939 0 3.3
147 1 0.0500073 0.0500073 0.0500073 0 2.8
164 1 0.0182521 0.0182521 0.0182521 0 2.85714
166 1 0.00635702 0.00635702 0.00635702 0 2.85714
136 1 1e-08 1e-08 1e-08 0 2.90909
175 1 1e-08 1e-08 1e-08 0 2.88889

157 6 24.8585 24.8585 24.8585 0 2.85714
148 7 19.2583 19.2583 19.2583 0 2.88889
114 7 19.2765 19.1967 19.2309 0.0394903 2.85714
62 7 19.2259 19.2259 19.2259 0 2.66667
173 7 19.139 19.0289 19.0994 0.0398035 0.8
145 2 66.6013 66.3591 66.4802 0.121097 2.8
170 9 14.9803 12.3568 14.6465 0.811199 2.88889
143 5 29.8994 2e-09 23.9195 11.9597 2.88889
106 7 2.54227 2.53405 14.4707 11.9354 0.8
174 6 2.99037 2.95347 14.5236 11.5574 3.35714
53 3 19.3943 15.6432 16.8935 1.7683 2.66667
13 1 19.3125 19.3125 19.3125 0 2.85714
45 1 13.2846 13.2846 13.2846 0 2.66667
5 1 10.7865 10.7865 10.7865 0 2.66667
6 1 7.58932 7.58932 7.58932 0 3.16667
20 1 3.85426 3.85426 3.85426 0 1.3
138 1 1.5299 1.5299 1.5299 0 0.666667
9 1 1.22444 1.22444 1.22444 0 2.66667
12 1 1.22443 1.22443 1.22443 0 2.66667
105 1 0.339514 0.339514 0.339514 0 2.66667
144 1 0.335915 0.335915 0.335915 0 2.66667
123 1 0.162885 0.162885 0.162885 0 2.8
171 1 0.0919909 0.0919909 0.0919909 0 3.35714
158 1 0.0884882 0.0884882 0.0884882 0 2.8
129 1 0.0882971 0.0882971 0.0882971 0 2.8
66 1 0.0833602 0.0833602 0.0833602 0 2.66667
176 1 0.0590064 0.0590064 0.0590064 0 0.857143
85 1 0.0522685 0.0522685 0.0522685 0 2.66667
153 1 0.0515939 0.0515939 0.0515939 0 3.3
147 1 0.0500073 0.0500073 0.0500073 0 2.8
164 1 0.0305866 0.0305866 0.0305866 0 2.85714
166 1 0.00635702 0.00635702 0.00635702 0 2.85714
136 1 1e-08 1e-08 1e-08 0 2.90909

106 7 21.4277 21.3584 21.3683 0.0242469 0.8
174 5 29.7863 29.5347 29.6142 0.102952 3.35714
170 9 16.6448 13.7297 16.2738 0.901332 2.88889
114 7 19.2765 19.1967 19.2309 0.0394903 2.85714
62 7 19.2259 19.2259 19.2259 0 2.66667
173 7 19.139 19.0289 19.0994 0.0398035 2.8
145 2 66.6013 66.3591 66.4802 0.121097 2.8
143 5 29.8994 2e-09 23.9195 11.9597 2.88889
157 7 2.37331 2.36747 15.9039 13.5356 2.85714
148 7 2.6433 2.6433 15.7634 13.1201 2.85714
53 3 19.3943 15.6432 16.8935 1.7683 2.66667
13 1 19.3125 19.3125 19.3125 0 2.85714
45 1 13.2846 13.2846 13.2846 0 2.66667
5 1 10.7865 10.7865 10.7865 0 2.66667
6 1 7.58932 7.58932 7.58932 0 3.16667
20 1 3.85426 3.85426 3.85426 0 1.3
138 1 1.5299 1.5299 1.5299 0 0.666667
9 1 1.22444 1.22444 1.22444 0 2.66667
12 1 1.22443 1.22443 1.22443 0 2.66667
105 1 0.339514 0.339514 0.339514 0 2.66667
144 1 0.335915 0.335915 0.335915 0 2.66667
171 1 0.191216 0.191216 0.191216 0 3.35714
123 1 0.162885 0.162885 0.162885 0 2.8
158 1 0.0884882 0.0884882 0.0884882 0 2.8
129 1 0.0882971 0.0882971 0.0882971 0 2.8
66 1 0.0833602 0.0833602 0.0833602 0 2.66667
176 1 0.0590064 0.0590064 0.0590064 0 0.857143
85 1 0.0522685 0.0522685 0.0522685 0 2.66667
153 1 0.0515939 0.0515939 0.0515939 0 3.3
147 1 0.0500073 0.0500073 0.0500073 0 2.8
164 1 0.0182521 0.0182521 0.0182521 0 2.85714
166 1 0.00635702 0.00635702 0.00635702 0 2.85714
136 1 1e-08 1e-08 1e-08 0 2.90909

170 10 12.4836 12.3849 14.9383 2.47713 2.90909
157 6 24.8585 24.8585 24.8585 0 2.85714
148 7 19.2583 19.2583 19.2583 0 2.85714
114 7 19.2765 19.1967 19.2309 0.0394903 2.85714
62 7 19.2259 19.2259 19.2259 0 2.66667
173 8 16.7466 16.6503 16.7043 0.0384312 3.8
145 1 132.718 132.718 132.718 0 2.8
177 1 123.568 123.568 123.568 0 2.88889
106 7 2.5861 2.57774 14.0279 11.4441 0.8
174 6 2.76886 2.75799 15.7251 12.9653 3.35714
53 3 19.3943 15.6432 16.8935 1.7683 2.8
13 1 19.3125 19.3125 19.3125 0 2.85714
45 1 13.2846 13.2846 13.2846 0 2.66667
5 1 10.7865 10.7865 10.7865 0 2.66667
6 1 7.58932 7.58932 7.58932 0 3.16667
20 1 3.85426 3.85426 3.85426 0 1.3
138 1 1.5299 1.5299 1.5299 0 0.666667
9 1 1.22444 1.22444 1.22444 0 2.66667
12 1 1.22443 1.22443 1.22443 0 2.66667
105 1 0.339514 0.339514 0.339514 0 2.66667
144 1 0.335915 0.335915 0.335915 0 2.66667
123 1 0.162885 0.162885 0.162885 0 2.8
158 1 0.0884882 0.0884882 0.0884882 0 2.8
129 1 0.0882971 0.0882971 0.0882971 0 2.8
66 1 0.0833602 0.0833602 0.0833602 0 2.66667
176 1 0.0590064 0.0590064 0.0590064 0 0.857143
85 1 0.0522685 0.0522685 0.0522685 0 2.66667
153 1 0.0515939 0.0515939 0.0515939 0 3.3
147 1 0.0500073 0.0500073 0.0500073 0 2.8
171 1 0.0461854 0.0461854 0.0461854 5e-09 3.35714
164 1 0.0182521 0.0182521 0.0182521 0 2.85714
166 1 0.00635702 0.00635702 0.00635702 0 2.85714
136 1 1e-08 1e-08 1e-08 0 2.90909
143 1 1e-08 1e-08 1e-08 0 2.88889

106 7 21.4277 21.3584 21.4079 0.0313026 0.8
180 1 147.378 147.378 147.378 0 2.88889
148 7 19.2583 19.2583 19.2583 0 2.88889
114 7 19.2765 19.1967 19.2309 0.0394903 2.85714
62 7 19.2259 19.2259 19.2259 0 2.66667
173 7 16.7466 16.6503 19.0906 2.37887 3.8
145 1 132.718 132.718 132.718 0 2.8
174 6 24.8219 0.0153318 20.6875 9.24488 3.35714
143 6 13.5906 13.5906 20.1971 6.60643 2.88889
177 1 110.314 110.314 110.314 0 2.90909
157 6 2.66997 2.66341 17.5793 14.9148 2.88889
170 5 3.94219 3.94219 20.3722 16.43 2.88889
136 2 66.9996 5e-09 33.4998 33.4998 2.88889
53 2 19.3943 15.6432 25.3403 8.04331 2.66667
178 2 14.2728 13.8592 22.6231 8.55958 2.88889
13 1 19.3125 19.3125 19.3125 0 2.85714
45 1 13.2846 13.2846 13.2846 0 2.66667
5 1 10.7865 10.7865 10.7865 0 2.66667
6 1 7.58932 7.58932 7.58932 0 3.16667
20 1 3.85426 3.85426 3.85426 0 1.3
138 1 1.5299 1.5299 1.5299 0 0.666667
9 1 1.22444 1.22444 1.22444 0 2.66667
12 1 1.22443 1.22443 1.22443 0 2.66667
105 1 0.339514 0.339514 0.339514 0 2.66667
144 1 0.335915 0.335915 0.335915 0 2.66667
123 1 0.162885 0.162885 0.162885 0 2.8
158 1 0.0884882 0.0884882 0.0884882 0 2.8
129 1 0.0882971 0.0882971 0.0882971 0 2.8
66 1 0.0833602 0.0833602 0.0833602 0 2.66667
176 1 0.0590064 0.0590064 0.0590064 0 0.857143
85 1 0.0522685 0.0522685 0.0522685 0 2.66667
153 1 0.0515939 0.0515939 0.0515939 0 3.3
147 1 0.0500073 0.0500073 0.0500073 0 2.8
164 1 0.0305866 0.0305866 0.0305866 0 2.85714
166 1 0.00635702 0.00635702 0.00635702 0 2.85714
179 1 1e-08 1e-08 1e-08 0 2.90909

157 5 29.8301 29.8301 29.8301 0 2.85714
148 7 19.2583 19.2583 19.2583 0 2.85714
114 7 19.2765 19.1967 19.2309 0.0394903 2.85714
62 7 19.2259 19.2259 19.2259 0 2.66667
173 7 19.139 19.0289 19.0994 0.0398035 2.85714
145 1 132.718 132.718 132.718 0 2.8
174 7 21.3598 0.0014587 18.2487 7.44946 3.35714
180 8 2.08199 2.07635 14.4273 12.3476 2.88889
106 8 2.99988 2.99988 14.3892 11.3894 0.8
53 2 29.0914 23.4647 26.2781 2.81334 2.8
13 1 19.3125 19.3125 19.3125 0 2.85714
45 1 13.2846 13.2846 13.2846 0 2.66667
5 1 10.7865 10.7865 10.7865 0 2.66667
6 1 7.58932 7.58932 7.58932 0 3.16667
20 1 3.85426 3.85426 3.85426 0 1.3
138 1 1.5299 1.5299 1.5299 0 0.666667
9 1 1.22444 1.22444 1.22444 0 2.66667
12 1 1.22443 1.22443 1.22443 0 2.66667
105 1 0.339514 0.339514 0.339514 0 2.66667
144 1 0.335915 0.335915 0.335915 0 2.66667
123 1 0.162885 0.162885 0.162885 0 2.8
158 1 0.0884882 0.0884882 0.0884882 0 2.8
129 1 0.0882971 0.0882971 0.0882971 0 2.8
66 1 0.0833602 0.0833602 0.0833602 0 2.66667
176 1 0.0590064 0.0590064 0.0590064 0 0.857143
85 1 0.0522685 0.0522685 0.0522685 0 2.66667
153 1 0.0515939 0.0515939 0.0515939 0 3.3
147 1 0.0500073 0.0500073 0.0500073 0 2.8
164 1 0.0182521 0.0182521 0.0182521 0 2.85714
166 1 0.00635702 0.00635702 0.00635702 0 2.85714
179 1 1e-08 1e-08 1e-08 0 2.90909
181 1 1e-08 1e-08 1e-08 0 2.90909
182 1 1e-08 1e-08 1e-08 0 0.857143

106 8 18.7492 18.7492 18.7492 0 0.8
183 1 149.903 149.903 149.903 0 2.88889
180 7 21.4005 21.3567 21.388 0.019779 2.88889
114 7 19.2765 19.1967 19.2309 0.0394903 2.85714
62 7 19.2259 19.2259 19.2259 0 2.66667
173 7 19.139 19.0289 19.0994 0.0398035 2.85714
145 1 132.718 132.718 132.718 0 2.8
174 6 24.8219 0.0318693 20.6903 9.23871 3.35714
148 7 2.64141 2.54355 14.4116 11.8495 2.85714
157 6 2.49197 2.48585 15.9101 13.4232 2.85714
53 2 29.0914 23.4647 26.2781 2.81334 2.66667
13 1 19.3125 19.3125 19.3125 0 2.85714
45 1 13.2846 13.2846 13.2846 0 2.66667
5 1 10.7865 10.7865 10.7865 0 2.66667
6 1 7.58932 7.58932 7.58932 0 3.16667
20 1 3.85426 3.85426 3.85426 0 1.3
138 1 1.5299 1.5299 1.5299 0 0.666667
9 1 1.22444 1.22444 1.22444 0 2.66667
12 1 1.22443 1.22443 1.22443 0 2.66667
105 1 0.339514 0.339514 0.339514 0 2.66667
144 1 0.335915 0.335915 0.335915 0 2.66667
123 1 0.162885 0.162885 0.162885 0 2.8
158 1 0.0884882 0.0884882 0.0884882 0 2.8
129 1 0.0882971 0.0882971 0.0882971 0 2.8
66 1 0.0833602 0.0833602 0.0833602 0 2.66667
176 1 0.0590064 0.0590064 0.0590064 0 0.857143
85 1 0.0522685 0.0522685 0.0522685 0 2.66667
153 1 0.0515939 0.0515939 0.0515939 0 3.3
147 1 0.0500073 0.0500073 0.0500073 0 2.8
164 1 0.0182521 0.0182521 0.0182521 0 2.85714
166 1 0.00635702 0.00635702 0.00635702 0 2.85714
179 1 1e-08 1e-08 1e-08 0 2.90909
181 1 1e-08 1e-08 1e-08 0 2.90909
182 1 1e-08 1e-08 1e-08 0 0.857143

157 5 29.8301 29.8301 29.8301 0 2.85714
145 2 69.9974 66.3591 68.1782 1.81914 2.8
148 6 22.7565 22.468 22.5161 0.107506 2.85714
114 7 19.2765 19.1967 19.2309 0.0394903 2.85714
62 7 19.2259 19.2259 19.2259 0 2.66667
173 7 19.139 19.0289 19.0994 0.0398035 2.8
174 7 21.3598 0.0131416 18.2504 7.44538 3.35714
183 8 2.45743 2.45743 13.8071 11.3497 2.88889
106 8 2.8845 2.8845 12.921 10.0365 0.8
53 2 29.0914 23.4647 26.2781 2.81334 2.66667
13 1 19.3125 19.3125 19.3125 0 2.85714
45 1 13.2846 13.2846 13.2846 0 2.66667
5 1 10.7865 10.7865 10.7865 0 2.66667
6 1 7.58932 7.58932 7.58932 0 3.16667
20 1 3.85426 3.85426 3.85426 0 1.3
138 1 1.5299 1.5299 1.5299 0 0.666667
9 1 1.22444 1.22444 1.22444 0 2.66667
12 1 1.22443 1.22443 1.22443 0 2.66667
105 1 0.339514 0.339514 0.339514 0 2.66667
144 1 0.335915 0.335915 0.335915 0 2.66667
184 1 0.17514 0.17514 0.17514 0 0.857143
123 1 0.162885 0.162885 0.162885 0 2.8
158 1 0.0884882 0.0884882 0.0884882 0 2.8
129 1 0.0882971 0.0882971 0.0882971 0 2.8
66 1 0.0833602 0.0833602 0.0833602 0 2.66667
176 1 0.0590064 0.0590064 0.0590064 0 0.857143
85 1 0.0522685 0.0522685 0.0522685 0 2.66667
153 1 0.0515939 0.0515939 0.0515939 0 3.3
147 1 0.0500073 0.0500073 0.0500073 0 2.8
164 1 0.0182521 0.0182521 0.0182521 0 2.85714
166 1 0.00635702 0.00635702 0.00635702 0 2.85714
179 1 1e-08 1e-08 1e-08 0 2.90909
181 1 1e-08 1e-08 1e-08 0 2.90909
182 1 1e-08 1e-08 1e-08 0 0.857143
185 1 1e-08 1e-08 1e-08 0 0.857143
186 1 1e-08 1e-08 1e-08 0 2.8

106 8 18.7492 18.7492 18.7492 0 0.8
183 8 18.7379 18.7379 18.7379 0 2.88889
114 7 19.2765 19.1967 19.2309 0.0394903 2.85714
62 7 19.2259 19.2259 19.2259 0 2.66667
173 7 19.139 19.0289 19.0994 0.0398035 2.8
148 7 19.5056 9.63853 17.9194 3.38172 3.85714
174 6 24.8219 0.0153318 20.6875 9.24488 3.35714
157 7 2.72342 2.71183 13.0126 10.2982 2.85714
145 5 2.69221 2.69221 14.6486 11.9563 3.38889
53 2 29.0914 23.4647 26.2781 2.81334 2.8
13 1 19.3125 19.3125 19.3125 0 2.85714
45 1 13.2846 13.2846 13.2846 0 2.66667
5 1 10.7865 10.7865 10.7865 0 2.66667
6 1 7.58932 7.58932 7.58932 0 3.16667
20 1 3.85426 3.85426 3.85426 0 1.3
138 1 1.5299 1.5299 1.5299 0 0.666667
9 1 1.22444 1.22444 1.22444 0 2.66667
12 1 1.22443 1.22443 1.22443 0 2.66667
105 1 0.339514 0.339514 0.339514 0 2.66667
144 1 0.335915 0.335915 0.335915 0 2.66667
184 1 0.17514 0.17514 0.17514 0 0.857143
123 1 0.162885 0.162885 0.162885 0 2.8
158 1 0.0884882 0.0884882 0.0884882 0 2.8
129 1 0.0882971 0.0882971 0.0882971 0 2.8
66 1 0.0833602 0.0833602 0.0833602 0 2.66667
176 1 0.0590064 0.0590064 0.0590064 0 0.857143
85 1 0.0522685 0.0522685 0.0522685 0 2.66667
153 1 0.0515939 0.0515939 0.0515939 0 3.3
147 1 0.0500073 0.0500073 0.0500073 0 2.8
164 1 0.0182521 0.0182521 0.0182521 0 2.85714
166 1 0.00635702 0.00635702 0.00635702 0 2.85714
179 1 1e-08 1e-08 1e-08 0 2.90909
181 1 1e-08 1e-08 1e-08 0 2.90909
182 1 1e-08 1e-08 1e-08 0 0.857143
185 1 1e-08 1e-08 1e-08 0 0.857143
186 1 1e-08 1e-08 1e-08 0 2.8

157 6 24.9646 24.8585 24.8762 0.0395753 2.85714
114 7 19.2765 19.1967 19.2309 0.0394903 2.85714
62 7 19.2259 19.2259 19.2259 0 2.66667
173 7 19.139 19.0289 19.0994 0.0398035 2.85714
148 11 11.6662 11.234 11.9547 0.55149 2.85714
174 7 21.3598 0.0131958 18.2504 7.44536 2.85714
106 10 2.99988 2.99988 11.9452 8.94527 0.857143
183 8 2.27126 2.27126 12.5057 10.2344 2.88889
53 2 29.0914 23.4647 26.2781 2.81334 2.66667
13 1 19.3125 19.3125 19.3125 0 2.85714
45 1 13.2846 13.2846 13.2846 0 2.66667
5 1 10.7865 10.7865 10.7865 0 2.66667
6 1 7.58932 7.58932 7.58932 0 3.16667
20 1 3.85426 3.85426 3.85426 0 1.3
138 1 1.5299 1.5299 1.5299 0 0.666667
9 1 1.22444 1.22444 1.22444 0 2.66667
12 1 1.22443 1.22443 1.22443 0 2.66667
105 1 0.339514 0.339514 0.339514 0 2.66667
144 1 0.335915 0.335915 0.335915 0 2.66667
184 1 0.17514 0.17514 0.17514 0 0.857143
123 1 0.162885 0.162885 0.162885 0 2.8
158 1 0.0884882 0.0884882 0.0884882 0 2.8
129 1 0.0882971 0.0882971 0.0882971 0 2.8
66 1 0.0833602 0.0833602 0.0833602 0 2.66667
176 1 0.0590064 0.0590064 0.0590064 0 0.857143
85 1 0.0522685 0.0522685 0.0522685 0 2.66667
153 1 0.0515939 0.0515939 0.0515939 0 3.3
147 1 0.0500073 0.0500073 0.0500073 0 2.8
164 1 0.0182521 0.0182521 0.0182521 0 2.85714
166 1 0.00635702 0.00635702 0.00635702 0 2.85714
179 1 1e-08 1e-08 1e-08 0 2.90909
181 1 1e-08 1e-08 1e-08 0 2.90909
182 1 1e-08 1e-08 1e-08 0 0.857143
185 1 1e-08 1e-08 1e-08 0 0.857143
186 1 1e-08 1e-08 1e-08 0 2.8

106 10 14.9994 14.9994 14.9994 0 0.8
183 13 11.531 11.4563 11.5023 0.0363682 2.88889
148 11 12.7268 12.2553 12.4839 0.225907 2.88889
62 7 19.2259 19.2259 19.2259 0 2.66667
173 7 19.139 19.0289 19.0994 0.0398035 2.8
114 9 2.36728 2.36728 11.3209 8.95357 2.85714
157 9 2.62786 2.61668 11.1899 8.56758 2.85714
53 2 29.0914 23.4647 26.2781 2.81334 2.8
13 1 19.3125 19.3125 19.3125 0 2.85714
45 1 13.2846 13.2846 13.2846 0 2.66667
5 1 10.7865 10.7865 10.7865 0 2.66667
6 1 7.58932 7.58932 7.58932 0 3.16667
20 1 3.85426 3.85426 3.85426 0 1.3
138 1 1.5299 1.5299 1.5299 0 0.666667
9 1 1.22444 1.22444 1.22444 0 2.66667
12 1 1.22443 1.22443 1.22443 0 2.66667
105 1 0.339514 0.339514 0.339514 0 2.66667
144 1 0.335915 0.335915 0.335915 0 2.66667
187 1 0.191216 0.191216 0.191216 0 3.35714
184 1 0.17514 0.17514 0.17514 0 0.857143
123 1 0.162885 0.162885 0.162885 0 2.8
158 1 0.0884882 0.0884882 0.0884882 0 2.8
129 1 0.0882971 0.0882971 0.0882971 0 2.8
66 1 0.0833602 0.0833602 0.0833602 0 2.66667
176 1 0.0590064 0.0590064 0.0590064 0 0.857143
85 1 0.0522685 0.0522685 0.0522685 0 2.66667
153 1 0.0515939 0.0515939 0.0515939 0 3.3
147 1 0.0500073 0.0500073 0.0500073 0 2.8
164 1 0.0182521 0.0182521 0.0182521 0 2.85714
166 1 0.00635702 0.00635702 0.00635702 0 2.85714
179 1 1e-08 1e-08 1e-08 0 2.90909
181 1 1e-08 1e-08 1e-08 0 2.90909
182 1 1e-08 1e-08 1e-08 0 0.857143
185 1 1e-08 1e-08 1e-08 0 0.857143
186 1 1e-08 1e-08 1e-08 0 2.8

188 4 37.447 37.2877 37.4071 0.0689735 2.85714
189 2 74.8939 74.5754 74.7347 0.159287 2.85714
157 3 49.8394 49.7169 49.7577 0.0577529 2.85714
148 8 12.7268 12.2553 17.1654 4.60043 3.38889
114 8 14.9928 14.9928 16.8669 1.8741 2.85714
62 7 19.2259 19.2259 19.2259 0 2.66667
173 7 19.139 19.0289 19.0994 0.0398035 2.8
187 7 10.638 10.638 16.9764 6.33838 3.35714
190 6 24.8219 1.66667e-09 18.4246 8.50799 3.35714
183 6 3.33119 3.33119 17.2543 13.9231 2.88889
106 6 2.67846 2.67846 16.9302 14.2517 0.8
191 2 74.4658 0.00818918 37.237 37.2288 3.38889
53 2 29.0914 23.4647 26.2781 2.81334 2.66667
13 1 19.3125 19.3125 19.3125 0 2.85714
45 1 13.2846 13.2846 13.2846 0 2.66667
5 1 10.7865 10.7865 10.7865 0 2.66667
6 1 7.58932 7.58932 7.58932 0 3.16667
20 1 3.85426 3.85426 3.85426 0 1.3
138 1 1.5299 1.5299 1.5299 0 0.666667
9 1 1.22444 1.22444 1.22444 0 2.66667
12 1 1.22443 1.22443 1.22443 0 2.66667
105 1 0.339514 0.339514 0.339514 0 2.66667
144 1 0.335915 0.335915 0.335915 0 2.66667
184 1 0.17514 0.17514 0.17514 0 0.857143
123 1 0.162885 0.162885 0.162885 0 2.8
158 1 0.0884882 0.0884882 0.0884882 0 2.8
129 1 0.0882971 0.0882971 0.0882971 0 2.8
66 1 0.0833602 0.0833602 0.0833602 0 2.66667
176 1 0.0590064 0.0590064 0.0590064 0 0.857143
85 1 0.0522685 0.0522685 0.0522685 0 2.66667
153 1 0.0515939 0.0515939 0.0515939 0 3.3
147 1 0.0500073 0.0500073 0.0500073 0 2.8
192 1 0.0271926 0.0271926 0.0271926 0 2.88889
164 1 0.0182521 0.0182521 0.0182521 0 2.85714
166 1 0.00635702 0.00635702 0.00635702 0 2.85714
179 1 1e-08 1e-08 1e-08 0 2.90909
181 1 1e-08 1e-08 1e-08 0 2.90909
182 1 1e-08 1e-08 1e-08 0 0.857143
185 1 1e-08 1e-08 1e-08 0 0.857143
186 1 1e-08 1e-08 1e-08 0 2.8

106 6 24.999 24.999 24.999 0 0.8
183 6 24.9839 24.9839 24.9839 0 2.88889
148 8 17.4993 16.851 17.2833 0.285857 2.85714
114 8 16.8669 16.8669 16.8669 0 2.85714
62 7 19.2259 19.2259 19.2259 0 2.66667
173 7 19.139 19.0289 19.0994 0.0398035 2.8
187 9 9.92878 9.92878 13.739 3.81022 3.35714
189 9 4.53903 4.53903 13.1195 8.58052 2.85714
188 6 1.99717 1.99717 13.0069 11.0098 2.85714
53 2 29.0914 23.4647 26.2781 2.81334 2.8
13 1 19.3125 19.3125 19.3125 0 2.85714
45 1 13.2846 13.2846 13.2846 0 2.66667
5 1 10.7865 10.7865 10.7865 0 2.66667
6 1 7.58932 7.58932 7.58932 0 3.16667
20 1 3.85426 3.85426 3.85426 0 1.3
138 1 1.5299 1.5299 1.5299 0 0.666667
9 1 1.22444 1.22444 1.22444 0 2.66667
12 1 1.22443 1.22443 1.22443 0 2.66667
105 1 0.339514 0.339514 0.339514 0 2.66667
144 1 0.335915 0.335915 0.335915 0 2.66667
184 1 0.17514 0.17514 0.17514 0 0.857143
123 1 0.162885 0.162885 0.162885 0 2.8
158 1 0.0884882 0.0884882 0.0884882 0 2.8
129 1 0.0882971 0.0882971 0.0882971 0 2.8
66 1 0.0833602 0.0833602 0.0833602 0 2.66667
176 1 0.0590064 0.0590064 0.0590064 0 0.857143
85 1 0.0522685 0.0522685 0.0522685 0 2.66667
147 1 0.0500073 0.0500073 0.0500073 0 2.8
191 1 0.0257969 0.0257969 0.0339861 0.00818918 3.38889
164 1 0.0182521 0.0182521 0.0182521 0 2.85714
166 1 0.00635702 0.00635702 0.00635702 0 2.85714
179 1 1e-08 1e-08 1e-08 0 2.90909
181 1 1e-08 1e-08 1e-08 0 2.90909
182 1 1e-08 1e-08 1e-08 0 0.857143
185 1 1e-08 1e-08 1e-08 0 0.857143
186 1 1e-08 1e-08 1e-08 0 2.8
193 1 1e-08 1e-08 1e-08 0 2.85714

189 12 9.98586 9.98586 12.4823 2.49646 2.85714
187 9 16.548 16.548 16.548 0 3.35714
148 8 17.4993 16.851 17.2833 0.285857 2.85714
114 8 16.8669 16.8669 16.8669 0 2.85714
62 7 19.2259 19.2259 19.2259 0 2.66667
173 7 19.139 19.0289 19.0994 0.0398035 2.8
106 9 2.72716 2.72716 12.0678 9.34061 0.8
183 9 2.62988 2.62988 11.6689 9.03902 2.88889
53 2 29.0914 23.4647 26.2781 2.81334 2.8
13 1 19.3125 19.3125 19.3125 0 2.85714
45 1 13.2846 13.2846 13.2846 0 2.66667
5 1 10.7865 10.7865 10.7865 0 2.66667
6 1 7.58932 7.58932 7.58932 0 3.16667
20 1 3.85426 3.85426 3.85426 0 1.3
138 1 1.5299 1.5299 1.5299 0 0.666667
9 1 1.22444 1.22444 1.22444 0 2.66667
12 1 1.22443 1.22443 1.22443 0 2.66667
105 1 0.339514 0.339514 0.339514 0 2.66667
144 1 0.335915 0.335915 0.335915 0 2.66667
184 1 0.17514 0.17514 0.17514 0 0.857143
123 1 0.162885 0.162885 0.162885 0 2.8
158 1 0.0884882 0.0884882 0.0884882 0 2.8
129 1 0.0882971 0.0882971 0.0882971 0 2.8
66 1 0.0833602 0.0833602 0.0833602 0 2.66667
176 1 0.0590064 0.0590064 0.0590064 0 0.857143
85 1 0.0522685 0.0522685 0.0522685 0 2.66667
191 1 0.0515939 0.0515939 0.0515939 0 3.3
147 1 0.0500073 0.0500073 0.0500073 0 2.8
164 1 0.0182521 0.0182521 0.0182521 0 2.85714
166 1 0.00635702 0.00635702 0.00635702 0 2.85714
179 1 1e-08 1e-08 1e-08 0 2.90909
181 1 1e-08 1e-08 1e-08 0 2.90909
182 1 1e-08 1e-08 1e-08 0 0.857143
185 1 1e-08 1e-08 1e-08 0 0.857143
186 1 1e-08 1e-08 1e-08 0 2.8
193 1 1e-08 1e-08 1e-08 0 2.85714

106 9 16.666 16.666 16.666 3.55271e-15 0.8
183 9 16.6559 16.6559 16.6559 3.55271e-15 2.88889
148 8 17.4993 16.851 17.2833 0.285857 3.38889
114 8 16.8669 16.8669 16.8669 0 2.85714
62 7 19.2259 19.2259 19.2259 0 2.66667
173 7 19.139 19.0289 19.0994 0.0398035 2.8
189 9 2.41593 2.41593 13.0618 10.6459 2.85714
187 9 2.53972 2.52426 12.0078 9.48006 3.35714
53 2 29.0914 23.4647 26.2781 2.81334 2.66667
13 1 19.3125 19.3125 19.3125 0 2.85714
45 1 13.2846 13.2846 13.2846 0 2.66667
5 1 10.7865 10.7865 10.7865 0 2.66667
6 1 7.58932 7.58932 7.58932 0 3.16667
20 1 3.85426 3.85426 3.85426 0 1.3
138 1 1.5299 1.5299 1.5299 0 0.666667
9 1 1.22444 1.22444 1.22444 0 2.66667
12 1 1.22443 1.22443 1.22443 0 2.66667
105 1 0.339514 0.339514 0.339514 0 2.66667
144 1 0.335915 0.335915 0.335915 0 2.66667
184 1 0.17514 0.17514 0.17514 0 0.857143
123 1 0.162885 0.162885 0.162885 0 2.8
158 1 0.0884882 0.0884882 0.0884882 0 2.8
129 1 0.0882971 0.0882971 0.0882971 0 2.8
66 1 0.0833602 0.0833602 0.0833602 0 2.66667
176 1 0.0590064 0.0590064 0.0590064 0 0.857143
85 1 0.0522685 0.0522685 0.0522685 0 2.66667
191 1 0.0515939 0.0515939 0.0515939 0 3.3
147 1 0.0500073 0.0500073 0.0500073 0 2.8
164 1 0.0182521 0.0182521 0.0182521 0 2.85714
166 1 0.00635702 0.00635702 0.00635702 0 2.85714
179 1 1e-08 1e-08 1e-08 0 2.90909
181 1 1e-08 1e-08 1e-08 0 2.90909
182 1 1e-08 1e-08 1e-08 0 0.857143
185 1 1e-08 1e-08 1e-08 0 0.857143
186 1 1e-08 1e-08 1e-08 0 2.8
193 1 1e-08 1e-08 1e-08 0 2.85714

194 1 149.903 149.903 149.903 0 2.88889
189 9 16.6431 16.6431 16.6431 0 2.85714
187 7 21.4062 21.2759 21.3132 0.0588474 3.35714
148 8 17.4993 16.851 17.2833 0.285857 2.85714
114 8 16.8669 16.8669 16.8669 0 2.85714
62 7 19.2259 19.2259 19.2259 0 2.66667
173 7 19.139 19.0289 19.0994 0.0398035 2.8
106 8 2.5861 2.5861 13.7069 11.1208 0.8
183 7 2.45888 2.45743 13.7996 11.3419 2.88889
53 2 29.0914 23.4647 26.2781 2.81334 2.66667
13 1 19.3125 19.3125 19.3125 0 2.85714
45 1 13.2846 13.2846 13.2846 0 2.66667
5 1 10.7865 10.7865 10.7865 0 2.66667
6 1 7.58932 7.58932 7.58932 0 3.16667
20 1 3.85426 3.85426 3.85426 0 1.3
138 1 1.5299 1.5299 1.5299 0 0.666667
9 1 1.22444 1.22444 1.22444 0 2.66667
12 1 1.22443 1.22443 1.22443 0 2.66667
105 1 0.339514 0.339514 0.339514 0 2.66667
144 1 0.335915 0.335915 0.335915 0 2.66667
184 1 0.17514 0.17514 0.17514 0 0.857143
123 1 0.162885 0.162885 0.162885 0 2.8
158 1 0.0884882 0.0884882 0.0884882 0 2.8
129 1 0.0882971 0.0882971 0.0882971 0 2.8
66 1 0.0833602 0.0833602 0.0833602 0 2.66667
176 1 0.0590064 0.0590064 0.0590064 0 0.857143
85 1 0.0522685 0.0522685 0.0522685 0 2.66667
191 1 0.0515939 0.0515939 0.0515939 0 3.3
147 1 0.0500073 0.0500073 0.0500073 0 2.8
164 1 0.0305866 0.0305866 0.0305866 0 2.85714
166 1 0.00635702 0.00635702 0.00635702 0 2.85714
181 1 1e-08 1e-08 1e-08 0 2.90909
182 1 1e-08 1e-08 1e-08 0 0.857143
185 1 1e-08 1e-08 1e-08 0 0.857143
186 1 1e-08 1e-08 1e-08 0 2.8
193 1 1e-08 1e-08 1e-08 0 2.85714
179 1 1e-08 1e-08 1e-08 0 2.90909

