5 1 0.0522538 0.0522538 0.0522538 0 2
1 1 1e-08 1e-08 1e-08 0 0
2 1 1e-08 1e-08 1e-08 0 2
3 1 1e-08 1e-08 1e-08 0 2
4 1 1e-08 1e-08 1e-08 0 2

5 94 0.0130244 1.06383e-10 0.00161876 0.00347955 2
1 1 2.5e-09 2.5e-09 1e-08 7.5e-09 0
2 1 2.5e-09 2.5e-09 1e-08 7.5e-09 2
3 1 1e-08 1e-08 1e-08 0 2
4 1 5e-09 5e-09 1e-08 5e-09 2

5 99 0.00698139 0.000279432 0.00209223 0.00273541 2
1 1 1e-08 1e-08 1e-08 0 0
2 1 2.5e-09 2.5e-09 1e-08 7.5e-09 2

9 1 1.22429 1.22429 1.22429 0 3.16667
6 1 1.22415 1.22415 1.22415 0 3.16667
5 10 0.00965808 0.00665377 0.0307128 0.0235782 2.66667
2 4 0.306073 2.5e-09 0.0765183 0.132534 2.66667
1 1 0.00334484 0.00334484 0.00334485 8.57143e-09 0
7 1 5e-09 5e-09 1e-08 5e-09 2
8 1 1e-08 1e-08 1e-08 0 2
10 1 1e-08 1e-08 1e-08 0 3.16667

11 3 0.592362 0.592362 0.592362 0 2.66667
12 2 0.712701 0.712701 0.712701 0 2.66667
14 2 0.612147 0.612147 0.612147 0 2.66667
13 4 0.32638 2.5e-09 0.244785 0.141327 2.66667
6 8 0.0340041 0.0340041 0.115398 0.0813941 3.16667
9 8 0.0260556 0.0260488 0.114244 0.0881928 3.16667
15 3 0.408098 0.0174249 0.277874 0.184165 2.66667
10 3 0.408098 3.33333e-09 0.272065 0.192379 3.16667
16 4 0.306074 2.5e-09 0.153037 0.153037 2.66667
19 2 0.612073 5e-09 0.306036 0.306036 3.3
2 1 0.204049 0.204049 0.204049 8.33333e-09 2
17 1 0.0522537 0.0522537 0.0522537 0 3.3
1 1 0.0234139 0.0234139 0.0234139 0 0
8 1 1e-08 1e-08 1e-08 0 2
7 1 5e-09 5e-09 1e-08 5e-09 2
18 1 1e-08 1e-08 1e-08 0 3.16667
20 1 1e-08 1e-08 1e-08 0 3.16667
21 1 1e-08 1e-08 1e-08 0 3.3

6 15 0.858508 0.0644287 0.126141 0.198272 3.16667
11 10 0.0935309 0.0935309 0.131463 0.037932 2.66667
2 1 1.22429 1.22429 1.22429 0 2.66667
12 9 0.118784 0.118784 0.13244 0.0136561 2.66667
9 9 0.0644534 0.0644365 0.122352 0.0579064 3.16667
14 8 0.0768958 0.0556497 0.135418 0.0774319 2.66667
7 2 0.888544 5e-09 0.444272 0.444272 2.8
13 6 0.0687116 0.0687116 0.141121 0.0724091 2.66667
10 6 0.111299 0.111299 0.129849 0.0185499 3.16667
15 5 0.153037 0.0697365 0.131618 0.0325116 2.66667
19 2 0.612073 5e-09 0.306036 0.306036 3.3
16 4 0.244859 2e-09 0.122429 0.122429 2.66667
17 1 0.0261269 0.0261269 0.0261269 5e-09 2
1 1 0.0234139 0.0234139 0.0234139 0 0
18 1 1e-08 1e-08 1e-08 0 3.16667
20 1 1e-08 1e-08 1e-08 0 3.16667
21 1 1e-08 1e-08 1e-08 0 3.3
22 1 1e-08 1e-08 1e-08 0 2.66667
23 1 1e-08 1e-08 1e-08 0 2.66667

11 15 0.486338 0.0634674 0.135475 0.112741 3.16667
6 12 0.397845 0.0298572 0.136187 0.144335 3.16667
10 9 0.111299 0.111299 0.136033 0.0247332 2.66667
2 7 0.174899 0.174899 0.174899 2.77556e-17 2.66667
12 9 0.0792032 0.079189 0.132605 0.0534149 2.66667
9 9 0.0534269 0.0532441 0.130156 0.076892 3.16667
14 8 0.0890372 0.0644365 0.142816 0.0701718 2.66667
13 8 0.130552 0.130552 0.133696 0.00314443 2.66667
15 5 0.244859 0.111578 0.208497 0.0519766 2.66667
16 3 0.408098 3.33333e-09 0.272065 0.192379 2.66667
7 1 0.197454 0.197454 0.197454 8.88889e-09 2
17 1 0.0522747 0.0522747 0.0522747 0 2.8
26 1 0.0522747 0.0522747 0.0522747 0 2.8
25 1 0.0522537 0.0522537 0.0522537 0 3.3
1 1 0.0117069 0.0117069 0.0117069 5e-09 1.16667
20 1 1e-08 1e-08 1e-08 0 3.16667
21 1 1e-08 1e-08 1e-08 0 3.3
22 1 1e-08 1e-08 1e-08 0 2.66667
23 1 1e-08 1e-08 1e-08 0 2.66667
24 1 1e-08 1e-08 1e-08 0 2.8

6 22 0.604135 0.0453387 0.199978 0.248877 3.16667
11 12 0.801028 0.104535 0.203254 0.195018 2.66667
7 1 1.77709 1.77709 1.77709 0 2.8
27 8 0.295281 0.126935 0.21797 0.0878056 2.66667
12 6 0.0923313 0.064791 0.221145 0.152109 2.66667
14 6 0.126228 0.0735525 0.217075 0.136166 2.66667
9 6 0.0472623 0.0471005 0.204223 0.157001 3.16667
13 6 0.100425 0.100425 0.200849 0.100425 2.66667
10 5 0.0532302 0.0532302 0.213375 0.160145 2.66667
15 5 0.244859 0.111578 0.208497 0.0519766 2.66667
2 5 0.122429 0.122429 0.195887 0.0734575 2.66667
16 3 0.408098 3.33333e-09 0.272065 0.192379 2.66667
17 1 0.0522747 0.0522747 0.0522747 0 2.8
25 1 0.0522537 0.0522537 0.0522537 0 3.3
1 1 0.0234139 0.0234139 0.0234139 0 0
20 1 1e-08 1e-08 1e-08 0 3.16667
21 1 1e-08 1e-08 1e-08 0 3.3
22 1 1e-08 1e-08 1e-08 0 2.66667
24 1 1e-08 1e-08 1e-08 0 2.8
28 1 1e-08 1e-08 1e-08 0 2.8
29 1 5e-09 5e-09 1e-08 5e-09 3.16667
30 1 1e-08 1e-08 1e-08 0 2.66667

6 22 0.339826 0.025503 0.206414 0.158946 3.16667
11 10 0.272349 0.0826787 0.215679 0.127441 2.66667
31 1 2.03129 2.03129 2.03129 0 2.66667
9 9 0.813311 0.0819213 0.221035 0.236454 3.16667
14 7 0.207374 0.120836 0.214611 0.0793482 2.66667
12 6 0.0838622 0.0838472 0.210126 0.126274 2.66667
10 5 0.244859 0.244859 0.244859 0 3.16667
2 5 0.244858 0.244858 0.244858 0 2.66667
7 5 0.148091 0.148091 0.236945 0.0888544 2.8
13 5 0.16319 0.16319 0.229777 0.0665873 2.66667
15 5 0.244859 0.111578 0.208497 0.0519766 2.66667
16 2 0.306074 0.306074 0.306074 2.5e-09 2.66667
1 2 0.475219 0.00780463 0.241512 0.233707 0.666667
17 1 0.0522747 0.0522747 0.0522747 0 2.8
32 1 0.0522737 0.0522737 0.0522737 0 2.8
20 1 1e-08 1e-08 1e-08 0 3.16667
21 1 1e-08 1e-08 1e-08 0 3.3
22 1 1e-08 1e-08 1e-08 0 2.66667
28 1 1e-08 1e-08 1e-08 0 2.8
33 1 1e-08 1e-08 1e-08 0 3.8
34 1 1e-08 1e-08 1e-08 0 2.8

6 25 0.370719 0.0278219 0.375952 0.0698145 3.16667
11 5 2.72349 0.0104547 1.4222 1.10352 3.16667
35 9 0.217575 0.217575 0.403134 0.185559 2.66667
9 8 0.508319 0.0846583 0.397815 0.200268 3.16667
14 5 0.181452 0.181452 0.393569 0.212117 2.66667
7 4 0.25387 0.25387 0.444272 0.190402 2.8
31 4 0.0967291 0.0967281 0.371323 0.274595 2.8
13 3 0.261104 0.261104 0.435173 0.174069 2.66667
16 2 0.612147 0.612147 0.612147 0 2.66667
10 3 0.102025 0.102025 0.37409 0.272065 2.66667
12 2 0.356414 0.356351 0.540946 0.184563 2.66667
15 2 0.244859 0.244859 0.521243 0.276384 2.66667
1 2 0.475219 0.475219 0.479121 0.00390231 0.666667
2 2 0.111299 0.111299 0.453734 0.342435 2.66667
36 1 0.0522747 0.0522747 0.0522747 0 2.8
17 1 0.0522747 0.0522747 0.0522747 0 2.8
38 1 0.0261378 0.0261378 0.0489656 0.0228277 3.3
22 1 1e-08 1e-08 1e-08 0 2.66667
28 1 1e-08 1e-08 1e-08 0 2.8
33 1 1e-08 1e-08 1e-08 0 3.8
34 1 1e-08 1e-08 1e-08 0 2.8
21 1 1e-08 1e-08 1e-08 0 3.3
37 1 1e-08 1e-08 1e-08 0 3.16667
39 1 1e-08 1e-08 1e-08 0 3.16667
40 1 1e-08 1e-08 1e-08 0 3.16667
41 1 1e-08 1e-08 1e-08 0 3.3
42 1 1e-08 1e-08 1e-08 0 2.66667

6 30 0.281235 0.281235 0.429616 0.148381 3.16667
11 13 0.299347 0.0898681 0.446756 0.200566 2.66667
9 11 0.677759 0.112878 0.444149 0.244815 3.16667
31 6 0.818532 0.253911 0.432653 0.226805 2.66667
14 6 0.322582 0.322582 0.431077 0.108495 2.66667
35 3 0.688989 0.108902 0.495627 0.273455 2.66667
7 3 0.126935 0.126935 0.483296 0.356362 2.85714
1 1 1.42566 1.42566 1.42566 0 0.666667
12 3 0.475219 0.475134 0.475191 4.00215e-05 2.66667
13 3 0.435173 0.435173 0.435173 0 2.66667
16 2 0.612147 0.612147 0.612147 0 2.66667
10 2 0.408098 0.408098 0.612147 0.204049 3.16667
15 2 0.612147 0.612147 0.612147 0 2.66667
2 2 0.612146 0.612146 0.612146 0 2.66667
43 2 0.888544 0.0261369 0.45734 0.431203 2.8
17 1 0.0522747 0.0522747 0.0522747 0 2.8
44 1 0.0430494 0.0430494 0.0430494 0 2.8
45 1 0.0384286 0.0384286 0.0384286 0 3.3
22 1 1e-08 1e-08 1e-08 0 2.66667
28 1 1e-08 1e-08 1e-08 0 2.8
33 1 1e-08 1e-08 1e-08 0 3.8
34 1 1e-08 1e-08 1e-08 0 2.8
21 1 1e-08 1e-08 1e-08 0 3.3
37 1 1e-08 1e-08 1e-08 0 3.3
41 1 1e-08 1e-08 1e-08 0 3.3
42 1 1e-08 1e-08 1e-08 0 2.66667
46 1 1e-08 1e-08 1e-08 0 3.8

6 26 0.258915 0.258915 0.535275 0.27636 3.16667
11 19 0.571231 0.422828 0.547083 0.0996781 2.8
43 4 3.40437 0.0130684 1.81652 1.59515 2.66667
9 10 0.435702 0.188998 0.541011 0.21226 3.16667
14 4 0.161291 0.161291 0.645179 0.483888 2.8
31 4 0.327413 0.327413 0.634704 0.307292 2.66667
1 2 0.712829 0.712829 0.712829 0 0.666667
12 1 1.4254 1.4254 1.4254 0 2.66667
13 2 0.435173 0.435173 0.65276 0.217587 2.66667
7 2 0.161553 0.161553 0.624838 0.463285 2.8
16 2 0.612147 0.612147 0.612147 0 2.66667
10 2 0.612147 0.612147 0.612147 0 2.66667
15 2 0.612147 0.612147 0.612147 0 2.66667
2 2 0.612146 0.612146 0.612146 0 2.66667
17 1 0.0522747 0.0522747 0.0522747 0 2.8
44 1 0.0430494 0.0430494 0.0430494 0 2.8
48 1 0.0333962 0.0333962 0.0333962 0 3.3
22 1 1e-08 1e-08 1e-08 0 2.66667
28 1 1e-08 1e-08 1e-08 0 2.8
33 1 1e-08 1e-08 1e-08 0 3.8
34 1 1e-08 1e-08 1e-08 0 2.8
21 1 1e-08 1e-08 1e-08 0 3.3
37 1 1e-08 1e-08 1e-08 0 3.3
41 1 1e-08 1e-08 1e-08 0 3.3
42 1 1e-08 1e-08 1e-08 0 2.66667
46 1 1e-08 1e-08 1e-08 0 3.8
47 1 1e-08 1e-08 1e-08 0 3.16667

6 17 0.239877 0.239877 0.835318 0.595441 3.16667
11 15 1.14246 0.275596 0.885135 0.197387 2.66667
48 15 0.653704 0.648451 0.821595 0.172671 3.66667
9 11 0.420678 0.419871 0.81092 0.390317 3.16667
50 2 6.82901 0.0156994 3.42236 3.40666 3.3
31 4 1.63706 1.63706 1.63706 4.13268e-08 2.66667
43 6 0.756526 0.756526 0.932902 0.176375 2.66667
14 3 0.580648 0.580648 0.967746 0.387098 2.66667
7 2 0.888544 0.888544 0.888544 0 2.8
1 1 0.475219 0.475219 1.42557 0.950353 0.666667
13 1 0.65276 0.65276 1.30552 0.65276 2.66667
16 1 0.612147 0.612147 1.22429 0.612147 2.66667
10 1 0.612147 0.612147 1.22429 0.612147 2.66667
15 1 0.612147 0.612147 1.22429 0.612147 2.66667
2 1 0.612146 0.612146 1.22429 0.612146 2.66667
17 1 0.0522747 0.0522747 0.0522747 0 2.8
44 1 0.0430494 0.0430494 0.0430494 0 2.8
22 1 1e-08 1e-08 1e-08 0 2.66667
28 1 1e-08 1e-08 1e-08 0 2.8
33 1 1e-08 1e-08 1e-08 0 3.8
34 1 5e-09 5e-09 1e-08 5e-09 2.8
21 1 1e-08 1e-08 1e-08 0 3.3
37 1 1e-08 1e-08 1e-08 0 3.3
41 1 5e-09 5e-09 1e-08 5e-09 3.16667
42 1 1e-08 1e-08 1e-08 0 2.66667
46 1 1e-08 1e-08 1e-08 0 3.8
47 1 5e-09 5e-09 1e-08 5e-09 3.16667
49 1 1e-08 1e-08 1e-08 0 3.3
51 1 5e-09 5e-09 1e-08 5e-09 2.66667

6 26 0.362481 0.362481 0.515941 0.15346 1.16667
9 20 0.425896 0.420671 0.52775 0.106817 3.16667
11 20 0.31604 0.149643 0.527441 0.363094 3.16667
31 5 1.30965 2e-09 1.04772 0.52386 2.66667
14 3 0.967746 0.967746 0.967746 0 2.66667
1 1 1.42566 1.42566 1.42566 0 0.666667
13 1 1.30552 1.30552 1.30552 0 2.66667
16 1 1.22429 1.22429 1.22429 0 2.66667
10 1 1.22429 1.22429 1.22429 0 2.66667
15 1 1.22429 1.22429 1.22429 0 2.66667
2 1 1.22429 1.22429 1.22429 0 2.66667
17 1 0.0522747 0.0522747 0.0522747 0 2.8
44 1 0.0430494 0.0430494 0.0430494 0 2.8
50 1 5e-09 5e-09 1e-08 5e-09 3.3
22 1 1e-08 1e-08 1e-08 0 2.66667
28 1 1e-08 1e-08 1e-08 0 2.8
33 1 1e-08 1e-08 1e-08 0 3.8
34 1 5e-09 5e-09 1e-08 5e-09 2.8
21 1 1e-08 1e-08 1e-08 0 3.3
37 1 1e-08 1e-08 1e-08 0 3.3
42 1 1e-08 1e-08 1e-08 0 2.66667
46 1 1e-08 1e-08 1e-08 0 3.8
49 1 1e-08 1e-08 1e-08 0 3.3
52 1 1e-08 1e-08 1e-08 0 3.3
53 1 1e-08 1e-08 1e-08 0 2.8

6 14 0.296576 0.296575 1.12919 0.832619 3.16667
61 2 6.88498 6.80874 6.84686 0.0381218 2.8
11 11 0.845873 0.403758 1.08716 0.627945 3.3
56 1 10.9726 10.9726 10.9726 0 2.8
9 10 0.260172 0.25416 1.09411 0.838717 3.16667
54 3 5.43722 3.33333e-09 3.62481 2.56313 3.16667
55 8 1.42808 0.344495 1.18202 0.33368 2.66667
44 2 8.56846 0.0215247 4.29499 4.27347 2.66667
31 4 0.654825 0.654825 1.31075 0.655922 2.8
14 2 0.967746 0.967746 1.45162 0.483873 2.66667
1 1 1.42566 1.42566 1.42566 0 0.666667
13 1 1.30552 1.30552 1.30552 0 2.66667
15 1 1.22429 1.22429 1.22429 0 2.66667
16 1 1.22429 1.22429 1.22429 0 2.66667
10 1 1.22429 1.22429 1.22429 0 2.66667
2 1 1.22429 1.22429 1.22429 0 2.66667
17 1 0.0522747 0.0522747 0.0522747 0 2.8
60 1 1e-08 1e-08 1e-08 0 3.16667
59 1 1e-08 1e-08 1e-08 0 3.3
58 1 1e-08 1e-08 1e-08 0 2.66667
57 1 1e-08 1e-08 1e-08 0 3.3
50 1 1e-08 1e-08 1e-08 0 3.3
22 1 1e-08 1e-08 1e-08 0 2.66667
53 1 1e-08 1e-08 1e-08 0 2.8
52 1 1e-08 1e-08 1e-08 0 3.3
49 1 1e-08 1e-08 1e-08 0 3.3
46 1 1e-08 1e-08 1e-08 0 3.8
42 1 1e-08 1e-08 1e-08 0 2.66667
37 1 5e-09 5e-09 1e-08 5e-09 3.3
21 1 1e-08 1e-08 1e-08 0 3.3
34 1 1e-08 1e-08 1e-08 0 2.8
33 1 1e-08 1e-08 1e-08 0 3.8
28 1 1e-08 1e-08 1e-08 0 2.8

6 14 1.46484 0.370719 1.09058 0.70081 1.16667
11 12 1.59776 0.762654 1.03778 0.278908 3.16667
55 11 1.31823 0.317995 1.106 0.279843 3.16667
61 11 0.625907 0.618976 1.08207 0.458065 2.66667
9 11 0.480317 0.469218 1.03906 0.564662 3.16667
65 2 8.15583 0.01647 4.08615 4.06968 1.16667
56 7 0.606575 0.577507 1.15981 0.578236 2.8
62 2 6.88498 5e-09 3.44249 3.44249 0.666667
31 4 1.63706 1.63706 1.63706 3.90165e-08 2.8
14 2 1.45162 1.45162 1.45162 0 2.66667
1 1 1.42566 1.42566 1.42566 0 0.666667
13 1 1.30552 1.30552 1.30552 0 2.66667
10 1 1.22429 1.22429 1.22429 0 2.66667
16 1 1.22429 1.22429 1.22429 0 2.66667
15 1 1.22429 1.22429 1.22429 0 2.66667
2 1 1.22429 1.22429 1.22429 0 2.66667
17 1 0.0522747 0.0522747 0.0522747 0 2.8
67 1 1e-08 1e-08 1e-08 0 1.16667
66 1 1e-08 1e-08 1e-08 0 3.16667
64 1 1e-08 1e-08 1e-08 0 2.8
63 1 3.33333e-09 3.33333e-09 1e-08 6.66667e-09 3.16667
28 1 1e-08 1e-08 1e-08 0 2.8
33 1 1e-08 1e-08 1e-08 0 3.8
34 1 1e-08 1e-08 1e-08 0 2.8
21 1 1e-08 1e-08 1e-08 0 3.3
37 1 1e-08 1e-08 1e-08 0 3.3
42 1 1e-08 1e-08 1e-08 0 2.66667
46 1 1e-08 1e-08 1e-08 0 3.8
49 1 1e-08 1e-08 1e-08 0 3.3
52 1 1e-08 1e-08 1e-08 0 3.3
53 1 1e-08 1e-08 1e-08 0 2.8
22 1 1e-08 1e-08 1e-08 0 2.66667
50 1 1e-08 1e-08 1e-08 0 3.3
57 1 1e-08 1e-08 1e-08 0 3.3
58 1 1e-08 1e-08 1e-08 0 2.66667

68 1 17.1369 17.1369 17.1369 0 2.66667
6 14 1.43691 0.362481 1.01135 0.621601 1.16667
11 13 0.463866 0.276402 1.02059 0.698811 3.16667
9 10 0.430629 0.425896 1.0269 0.598639 3.16667
61 9 1.377 1e-09 1.06422 0.568888 2.66667
56 9 0.69145 0.645449 1.02691 0.368539 2.8
55 3 5.71231 3.33333e-09 2.36343 2.43392 3.16667
31 4 1.63706 1.63706 1.63706 3.90165e-08 2.66667
14 2 1.45162 1.45162 1.45162 0 2.66667
1 1 1.42566 1.42566 1.42566 0 0.666667
13 1 1.30552 1.30552 1.30552 0 2.66667
10 1 1.22429 1.22429 1.22429 0 2.66667
16 1 1.22429 1.22429 1.22429 0 2.66667
15 1 1.22429 1.22429 1.22429 0 2.66667
2 1 1.22429 1.22429 1.22429 0 2.66667
17 1 0.0522747 0.0522747 0.0522747 0 2.8
73 1 1e-08 1e-08 1e-08 0 3.35714
72 1 1e-08 1e-08 1e-08 0 1.3
71 1 1e-08 1e-08 1e-08 0 3.16667
70 1 1e-08 1e-08 1e-08 0 3.3
69 1 1e-08 1e-08 1e-08 0 2.8
58 1 1e-08 1e-08 1e-08 0 2.66667
57 1 1e-08 1e-08 1e-08 0 3.3
50 1 1e-08 1e-08 1e-08 0 3.3
22 1 1e-08 1e-08 1e-08 0 2.66667
53 1 1e-08 1e-08 1e-08 0 2.8
52 1 1e-08 1e-08 1e-08 0 3.3
49 1 1e-08 1e-08 1e-08 0 3.3
46 1 1e-08 1e-08 1e-08 0 3.8
42 1 1e-08 1e-08 1e-08 0 2.66667
37 1 1e-08 1e-08 1e-08 0 3.3
21 1 1e-08 1e-08 1e-08 0 3.3
34 1 1e-08 1e-08 1e-08 0 2.8
28 1 1e-08 1e-08 1e-08 0 2.8
64 1 1e-08 1e-08 1e-08 0 2.8
66 1 1e-08 1e-08 1e-08 0 3.16667
67 1 1e-08 1e-08 1e-08 0 3.8

6 22 1.79613 0.453102 1.06594 0.645948 1.16667
11 17 1.51367 0.583182 1.07947 0.298447 3.16667
68 14 0.489626 0.489626 1.06144 0.571817 2.66667
9 11 0.49953 0.49953 1.08306 0.583529 3.16667
56 9 0.618665 0.577507 1.11383 0.513565 2.8
61 8 0.917997 0.907832 1.14114 0.227011 2.8
31 4 1.63706 1.63706 1.63706 3.90165e-08 2.66667
14 2 1.45162 1.45162 1.45162 0 2.66667
1 1 1.42566 1.42566 1.42566 0 0.666667
13 1 1.30552 1.30552 1.30552 0 2.66667
10 1 1.22429 1.22429 1.22429 0 2.66667
16 1 1.22429 1.22429 1.22429 0 2.66667
15 1 1.22429 1.22429 1.22429 0 2.66667
2 1 1.22429 1.22429 1.22429 0 2.66667
78 1 0.124552 0.124552 0.124552 0 2.66667
17 1 0.0522747 0.0522747 0.0522747 0 2.8
55 1 0.0170296 0.0170296 0.0170296 5e-09 2.66667
73 1 1e-08 1e-08 1e-08 0 3.35714
77 1 1e-08 1e-08 1e-08 0 2.66667
76 1 1e-08 1e-08 1e-08 0 3.3
75 1 1e-08 1e-08 1e-08 0 2.66667
74 1 1e-08 1e-08 1e-08 0 2.66667

6 23 1.60005 0.296576 1.1206 0.553558 1.16667
11 16 0.718992 0.428423 1.13946 0.54643 3.16667
68 13 0.535529 0.535529 1.11988 0.584347 2.66667
61 8 1.72125 1.70218 1.7141 0.00922782 2.66667
56 9 1.77725 0.548806 1.16214 0.608027 2.8
9 8 0.520343 0.520343 1.16886 0.648513 3.16667
31 4 1.63706 1.63706 1.63706 3.90165e-08 2.66667
14 2 1.45162 1.45162 1.45162 0 2.66667
1 1 1.42566 1.42566 1.42566 0 0.666667
13 1 1.30552 1.30552 1.30552 0 2.66667
15 1 1.22429 1.22429 1.22429 0 2.66667
16 1 1.22429 1.22429 1.22429 0 2.66667
10 1 1.22429 1.22429 1.22429 0 2.66667
2 1 1.22429 1.22429 1.22429 0 2.66667
78 1 0.124552 0.124552 0.124552 0 2.66667
17 1 0.0522747 0.0522747 0.0522747 0 2.8
55 1 1e-08 1e-08 1e-08 0 2.66667
73 1 1e-08 1e-08 1e-08 0 3.35714
76 1 1e-08 1e-08 1e-08 0 3.3
75 1 1e-08 1e-08 1e-08 0 2.66667
74 1 1e-08 1e-08 1e-08 0 2.66667
79 1 1e-08 1e-08 1e-08 0 3.16667
80 1 1e-08 1e-08 1e-08 0 3.16667

6 22 1.8724 0.34802 1.67249 0.481392 1.16667
79 15 1.30726 1.30726 1.69759 0.390329 3.16667
11 8 0.974794 0.745084 1.7549 0.843418 3.16667
82 3 6.93894 3.33333e-09 4.62593 3.27103 0.666667
68 8 0.489626 0.489626 1.71429 1.22466 2.66667
9 7 1.56103 1.56103 1.78403 0.223004 3.16667
56 7 3.11019 0.960411 1.69963 0.857023 2.8
61 6 0.625907 0.625907 1.88182 1.25591 2.8
83 2 6.80876 5e-09 3.40438 3.40438 2.8
31 3 1.63706 1.63706 2.18275 0.545688 2.66667
14 1 1.45162 1.45162 2.90324 1.45162 2.66667
1 1 1.42566 1.42566 1.42566 0 0.666667
13 1 1.30552 1.30552 1.30552 0 2.66667
15 1 1.22429 1.22429 1.22429 0 2.66667
16 1 1.22429 1.22429 1.22429 0 2.66667
10 1 1.22429 1.22429 1.22429 0 2.66667
2 1 1.22429 1.22429 1.22429 0 2.66667
84 1 0.59049 0.59049 0.59049 0 1.66667
78 1 0.124552 0.124552 0.124552 0 2.66667
17 1 0.0522747 0.0522747 0.0522747 0 2.8
86 1 0.0062405 0.0062405 0.0062405 0 2.8
73 1 1e-08 1e-08 1e-08 0 3.35714
76 1 1e-08 1e-08 1e-08 0 3.3
75 1 1e-08 1e-08 1e-08 0 2.66667
81 1 2.5e-09 2.5e-09 1e-08 7.5e-09 3.16667
85 1 1e-08 1e-08 1e-08 0 2.66667

6 33 1.66054 1.2161 1.82727 0.536114 1.16667
79 11 0.429249 0.429249 1.98121 1.55196 3.16667
56 9 4.14693 1.28055 2.06496 1.17207 2.8
11 3 5.71231 5.71231 5.71231 0 3.66667
68 8 2.08026 1.00805 2.02413 0.950657 2.66667
61 6 2.29499 2.29499 2.29499 4.44089e-16 2.8
9 5 0.693791 0.693791 1.94262 1.24882 3.16667
82 2 6.80876 5e-09 3.40438 3.40438 0.8
31 3 2.18275 2.18275 2.18275 5.35425e-08 2.66667
14 1 2.90324 2.90324 2.90324 0 2.66667
1 1 1.42566 1.42566 1.42566 0 0.666667
13 1 1.30552 1.30552 1.30552 0 2.66667
10 1 1.22429 1.22429 1.22429 0 2.66667
16 1 1.22429 1.22429 1.22429 0 2.66667
15 1 1.22429 1.22429 1.22429 0 2.66667
2 1 1.22429 1.22429 1.22429 0 2.66667
84 1 0.59049 0.59049 0.59049 0 1.66667
88 1 0.35996 0.35996 0.35996 0 1.16667
78 1 0.124552 0.124552 0.124552 0 2.66667
17 1 0.0522747 0.0522747 0.0522747 0 2.8
86 1 0.0062405 0.0062405 0.0062405 0 2.8
87 1 0.00136466 0.00136466 0.00136466 0 1.16667
73 1 1e-08 1e-08 1e-08 0 3.35714
76 1 1e-08 1e-08 1e-08 0 3.3
75 1 1e-08 1e-08 1e-08 0 2.66667
89 1 1e-08 1e-08 1e-08 0 3.16667
90 1 1e-08 1e-08 1e-08 0 2.66667
91 1 1e-08 1e-08 1e-08 0 4.16667

6 36 1.1187 0.81849 1.72517 0.76477 1.16667
79 11 0.927732 0.927732 1.73503 0.807298 3.16667
68 10 1.47352 0.714039 1.80668 0.872194 2.66667
61 7 1.96714 1.94536 1.96403 0.0076206 2.8
11 7 1.9041 1.9041 1.90481 0.000703567 3.66667
9 5 2.49765 2.49765 2.49765 0 3.16667
56 7 1.86612 0.587732 1.71576 0.955668 2.8
31 3 2.18275 2.18275 2.18275 5.35425e-08 2.66667
14 1 2.90324 2.90324 2.90324 0 2.66667
1 1 1.42566 1.42566 1.42566 0 0.666667
13 1 1.30552 1.30552 1.30552 0 2.66667
15 1 1.22429 1.22429 1.22429 0 2.66667
16 1 1.22429 1.22429 1.22429 0 2.66667
10 1 1.22429 1.22429 1.22429 0 2.66667
2 1 1.22429 1.22429 1.22429 0 2.66667
84 1 0.59049 0.59049 0.59049 0 1.66667
92 1 0.576234 0.576234 0.576234 5e-09 3.3
78 1 0.124552 0.124552 0.124552 0 2.66667
17 1 0.0522747 0.0522747 0.0522747 0 2.8
93 1 0.0321862 0.0321862 0.0321862 0 3.3
86 1 0.0062405 0.0062405 0.0062405 0 2.8
73 1 5e-09 5e-09 1e-08 5e-09 3.35714
76 1 1e-08 1e-08 1e-08 0 3.3

6 29 1.22796 1.22225 2.43647 1.21239 1.16667
94 4 21.9938 2.5e-09 9.54069 9.73741 1.3
79 9 0.89874 0.89874 2.61306 1.71432 3.16667
68 8 3.26047 0.612033 2.58948 1.36554 2.66667
56 7 5.33176 1.67923 2.72542 1.64841 2.8
11 5 1.5579 1.5579 2.80487 1.24696 3.66667
9 5 2.49765 2.49765 2.49765 0 3.16667
61 4 0.809998 0.809998 2.78202 1.97202 2.8
96 2 6.80876 0.0166976 3.41273 3.39603 0.8
31 2 2.18275 2.18275 3.27413 1.09138 2.8
95 1 3.19513 3.19513 3.32282 0.127683 1.16667
14 1 2.90324 2.90324 2.90324 0 2.66667
1 1 1.42566 1.42566 1.42566 0 0.666667
13 1 1.30552 1.30552 1.30552 0 2.66667
10 1 1.22429 1.22429 1.22429 0 2.66667
16 1 1.22429 1.22429 1.22429 0 2.66667
15 1 1.22429 1.22429 1.22429 0 2.66667
2 1 1.22429 1.22429 1.22429 0 2.66667
92 1 1.15247 1.15247 1.15247 0 3.3
84 1 0.295245 0.295245 0.295769 0.000523504 1.66667
78 1 0.124552 0.124552 0.124552 0 2.66667
17 1 0.0522747 0.0522747 0.0522747 0 2.8
93 1 0.0321862 0.0321862 0.0321862 0 3.3
86 1 0.0062405 0.0062405 0.0062405 0 2.8
73 1 5e-09 5e-09 1e-08 5e-09 3.35714
76 1 1e-08 1e-08 1e-08 0 3.3
97 1 1e-08 1e-08 1e-08 0 3.16667

6 30 0.942411 0.936245 2.1664 1.22661 1.16667
68 14 3.26047 1.26301 2.13103 0.92125 2.66667
79 11 1.25042 1.25042 2.2735 1.02308 3.16667
11 5 3.42739 3.42739 3.42739 0 3.66667
56 5 7.46447 2e-09 2.90856 2.45443 2.8
96 3 9.58641 0.0111317 4.71224 3.91101 1.3
61 4 3.44249 3.44249 3.44249 0 2.85714
9 5 2.49765 2.49765 2.49765 0 3.16667
31 2 3.27413 3.27413 3.27413 6.83351e-08 2.8
14 1 2.90324 2.90324 2.90324 0 2.66667
101 1 1.97889 1.97889 1.97889 0 3.16667
1 1 1.42566 1.42566 1.42566 0 0.666667
13 1 1.30552 1.30552 1.30552 0 2.66667
10 1 1.22429 1.22429 1.22429 0 2.66667
16 1 1.22429 1.22429 1.22429 0 2.66667
15 1 1.22429 1.22429 1.22429 0 2.66667
2 1 1.22429 1.22429 1.22429 0 2.66667
92 1 1.15247 1.15247 1.15247 0 3.3
84 1 0.59049 0.59049 0.59049 0 1.66667
78 1 0.124552 0.124552 0.124552 0 2.66667
99 1 0.0672619 0.0672619 0.0672619 0 1.3
17 1 0.0522747 0.0522747 0.0522747 0 2.8
93 1 0.0321862 0.0321862 0.0321862 0 3.3
94 1 0.0115136 0.0115136 0.0115137 6.66667e-09 3.3
86 1 0.0062405 0.0062405 0.0062405 0 2.8
73 1 1e-08 1e-08 1e-08 0 3.35714
76 1 1e-08 1e-08 1e-08 0 3.3
97 1 1e-08 1e-08 1e-08 0 3.16667
98 1 1e-08 1e-08 1e-08 0 3.16667
100 1 1e-08 1e-08 1e-08 0 3.16667

6 32 1.16627 1.16285 2.32636 1.16309 1.16667
68 21 3.65173 1.41458 2.27632 1.08645 2.66667
79 10 1.10614 1.10614 2.33083 1.22469 3.16667
56 7 2.48816 0.792165 2.56758 0.931095 2.8
11 6 1.31823 1.31823 2.63645 1.31823 3.66667
61 4 3.44249 3.44249 3.44249 0 2.8
9 5 2.49765 2.49765 2.49765 0 3.16667
31 2 3.27413 3.27413 3.27413 6.83351e-08 2.8
14 1 2.90324 2.90324 2.90324 0 2.66667
96 1 2.7235 2.7235 2.73686 0.0133582 0.8
1 1 1.42566 1.42566 1.42566 0 0.666667
13 1 1.30552 1.30552 1.30552 0 2.66667
10 1 1.22429 1.22429 1.22429 0 2.66667
16 1 1.22429 1.22429 1.22429 0 2.66667
15 1 1.22429 1.22429 1.22429 0 2.66667
2 1 1.22429 1.22429 1.22429 0 2.66667
92 1 1.15247 1.15247 1.15247 0 3.3
84 1 0.59049 0.59049 0.59049 0 1.66667
17 1 0.0522747 0.0522747 0.0522747 0 2.8
104 1 0.052253 0.052253 0.052253 0 2.8
99 1 0.033631 0.033631 0.033631 5e-09 1.3
93 1 0.0321862 0.0321862 0.0321862 0 3.3

6 35 1.2142 1.21064 2.24983 1.03833 1.16667
68 19 1.86313 0.721722 2.33529 1.10694 2.66667
56 9 1.96433 1.96433 2.44769 0.483356 2.8
79 9 0.958656 0.958656 2.3188 1.36015 3.16667
61 4 3.44249 3.44249 3.44249 0 2.8
96 1 13.6175 13.6175 13.6175 0 0.8
9 5 2.49765 2.49765 2.49765 0 3.16667
31 2 3.27413 3.27413 3.27413 6.83351e-08 2.8
14 1 2.90324 2.90324 2.90324 0 2.66667
1 1 1.42566 1.42566 1.42566 0 0.666667
13 1 1.30552 1.30552 1.30552 0 2.66667
15 1 1.22429 1.22429 1.22429 0 2.66667
16 1 1.22429 1.22429 1.22429 0 2.66667
10 1 1.22429 1.22429 1.22429 0 2.66667
2 1 1.22429 1.22429 1.22429 0 2.66667
92 1 1.15247 1.15247 1.15247 0 3.3
84 1 0.59049 0.59049 0.59049 0 1.66667
99 1 0.0672619 0.0672619 0.0672619 0 1.3
17 1 0.0522747 0.0522747 0.0522747 0 2.8
111 1 0.0156583 0.0156583 0.042153 0.0264947 2.8
93 1 0.0321862 0.0321862 0.0321862 0 3.3
112 1 1e-08 1e-08 1e-08 0 2.66667
113 1 1e-08 1e-08 1e-08 0 2.8
114 1 1e-08 1e-08 1e-08 0 2.66667

6 28 1.06791 1.06551 2.79592 1.72921 1.66667
68 21 1.65988 1.65988 2.74024 1.08036 2.8
116 1 28.7597 28.7597 28.7597 0 3.3
79 9 2.21228 2.21228 2.95 0.737713 2.66667
56 8 1.86612 1.86612 2.79299 0.926875 2.8
61 4 3.44249 3.44249 3.44249 0 2.8
96 1 13.6175 13.6175 13.6175 0 0.8
9 4 2.49765 2.49765 3.12206 0.624412 3.16667
31 2 3.27413 3.27413 3.27413 6.83351e-08 2.8
14 1 2.90324 2.90324 2.90324 0 2.66667
1 1 1.42566 1.42566 1.42566 0 0.666667
13 1 1.30552 1.30552 1.30552 0 2.66667
10 1 1.22429 1.22429 1.22429 0 2.66667
16 1 1.22429 1.22429 1.22429 0 2.66667
15 1 1.22429 1.22429 1.22429 0 2.66667
2 1 1.22429 1.22429 1.22429 0 2.66667
92 1 1.15247 1.15247 1.15247 0 3.3
84 1 0.59049 0.59049 0.59049 0 1.66667
17 1 0.0522747 0.0522747 0.0522747 0 2.8
93 1 0.0321862 0.0321862 0.0321862 0 3.3
115 1 0.0285348 0.0285348 0.0285348 0 1.3
99 1 0.0224206 0.0224206 0.0224206 6.66667e-09 1.3
117 1 1e-08 1e-08 1e-08 0 3.3

118 2 45.6466 45.6466 45.6466 0 2.66667
68 21 2.45252 2.1231 4.08747 1.94995 2.8
6 19 1.38525 1.38417 4.08931 2.70472 1.66667
56 8 4.66529 4.66529 4.66529 0 2.8
79 7 1.43798 1.43798 4.10853 2.67054 3.16667
116 5 1.19832 1.19832 4.12377 2.92545 3.3
61 3 3.44249 3.44249 4.58999 1.1475 2.85714
96 1 13.6175 13.6175 13.6175 0 0.8
9 3 3.12206 3.12206 4.16275 1.04069 3.16667
31 1 3.27413 3.27413 6.54825 3.27413 2.66667
14 1 2.90324 2.90324 2.90324 0 2.66667
1 1 1.42566 1.42566 1.42566 0 0.666667
13 1 1.30552 1.30552 1.30552 0 2.66667
15 1 1.22429 1.22429 1.22429 0 2.66667
16 1 1.22429 1.22429 1.22429 0 2.66667
10 1 1.22429 1.22429 1.22429 0 2.66667
2 1 1.22429 1.22429 1.22429 0 2.66667
92 1 1.15247 1.15247 1.15247 0 3.3
84 1 0.59049 0.59049 0.59049 0 1.66667
99 1 0.0672619 0.0672619 0.0672619 0 1.3
17 1 0.0522747 0.0522747 0.0522747 0 2.8
120 1 0.0299692 0.0299692 0.0328558 0.00288657 2.66667
93 1 0.0321862 0.0321862 0.0321862 0 3.3
115 1 0.0285348 0.0285348 0.0285348 0 1.3
117 1 1e-08 1e-08 1e-08 0 3.3
119 1 1e-08 1e-08 1e-08 0 2.8
121 1 1e-08 1e-08 1e-08 0 3.16667
122 1 1e-08 1e-08 1e-08 0 2.8
123 1 1e-08 1e-08 1e-08 0 3.66667

118 20 1.4647 1.26796 3.94678 2.66933 0.666667
6 20 1.64261 1.64142 3.93894 2.29742 1.66667
68 3 30.4311 0.0113479 20.2912 14.34 2.8
56 7 3.11019 3.11019 4.44314 1.33294 2.8
124 3 30.4311 0.0156516 10.1541 14.338 0.8
116 5 5.75194 5.75194 5.75194 0 3.3
79 6 3.59496 3.59496 4.19412 0.59916 3.16667
61 3 4.58999 4.58999 4.58999 0 2.8
96 1 13.6175 13.6175 13.6175 0 0.8
9 3 4.16275 4.16275 4.16275 0 3.16667
31 1 6.54825 6.54825 6.54825 0 2.8
14 1 2.90324 2.90324 2.90324 0 2.66667
1 1 1.42566 1.42566 1.42566 0 0.666667
13 1 1.30552 1.30552 1.30552 0 2.66667
15 1 1.22429 1.22429 1.22429 0 2.66667
16 1 1.22429 1.22429 1.22429 0 2.66667
10 1 1.22429 1.22429 1.22429 0 2.66667
2 1 1.22429 1.22429 1.22429 0 2.66667
92 1 1.15247 1.15247 1.15247 0 3.3
84 1 0.59049 0.59049 0.59049 0 1.66667
125 1 0.292322 0.292322 0.292322 0 0.666667
99 1 0.0672619 0.0672619 0.0672619 0 1.3
120 1 0.0599385 0.0599385 0.0599385 0 2.66667
17 1 0.0522747 0.0522747 0.0522747 0 2.8
93 1 0.0321862 0.0321862 0.0321862 0 3.3
128 1 0.021753 0.021753 0.021753 0 2.66667
115 1 0.0142674 0.0142674 0.0143045 3.7083e-05 1.66667
126 1 0.00138406 0.00138406 0.00138406 0 1.66667
117 1 1e-08 1e-08 1e-08 0 3.3
119 1 5e-09 5e-09 1e-08 5e-09 2.66667
122 1 1e-08 1e-08 1e-08 0 2.8
123 1 1e-08 1e-08 1e-08 0 3.66667
127 1 1e-08 1e-08 1e-08 0 1.8

6 20 2.01594 2.01447 3.92863 1.91391 1.66667
118 17 1.85014 1.60163 3.84031 2.19686 2.66667
68 15 3.65173 3.65173 3.89589 0.244167 2.8
56 8 2.87095 2.87095 3.99757 1.12662 2.8
129 2 14.3798 14.3798 14.3798 0 2.66667
79 4 7.18992 7.18992 7.18992 0 3.16667
116 6 4.79328 4.7723 4.78978 0.00781794 3.3
61 3 4.58999 4.58999 4.58999 0 2.8
96 1 13.6175 13.6175 13.6175 0 0.8
9 3 4.16275 4.16275 4.16275 0 3.16667
31 1 6.54825 6.54825 6.54825 0 2.8
14 1 2.90324 2.90324 2.90324 0 2.66667
1 1 1.42566 1.42566 1.42566 0 0.666667
13 1 1.30552 1.30552 1.30552 0 2.66667
15 1 1.22429 1.22429 1.22429 0 2.66667
16 1 1.22429 1.22429 1.22429 0 2.66667
10 1 1.22429 1.22429 1.22429 0 2.66667
2 1 1.22429 1.22429 1.22429 0 2.66667
92 1 1.15247 1.15247 1.15247 0 3.3
84 1 0.59049 0.59049 0.59049 0 1.66667
125 1 0.292322 0.292322 0.292322 0 0.666667
99 1 0.0672619 0.0672619 0.0672619 0 1.3
120 1 0.0599385 0.0599385 0.0599385 0 2.66667
17 1 0.0522747 0.0522747 0.0522747 0 2.8
93 1 0.0321862 0.0321862 0.0321862 0 3.3
115 1 0.0285348 0.0285348 0.0285348 0 1.3
130 1 0.00939507 0.00939507 0.0255979 0.0162028 2.85714
128 1 0.00725098 0.00725098 0.00725099 6.66667e-09 2.66667
126 1 0.00138406 0.00138406 0.00138406 0 1.66667
134 1 1e-08 1e-08 1e-08 0 2.85714
133 1 1e-08 1e-08 1e-08 0 2.85714
132 1 1e-08 1e-08 1e-08 0 1.66667

135 3 30.4335 30.4311 30.4319 0.00116802 0.8
118 21 1.62243 1.40451 3.93107 2.47641 2.66667
6 18 2.06282 2.06132 3.92834 1.8665 1.66667
56 7 2.66665 1.49289 4.20137 2.57378 2.8
116 6 4.79328 4.7723 4.78978 0.00781794 3.3
129 5 1.06522 1.06517 3.86952 2.80433 2.66667
61 3 4.58999 4.58999 4.58999 0 2.8
96 1 13.6175 13.6175 13.6175 0 0.8
9 3 4.16275 4.16275 4.16275 0 3.16667
31 1 6.54825 6.54825 6.54825 0 2.8
68 1 2.74762 2.74762 5.49865 2.75103 3.3
14 1 2.90324 2.90324 2.90324 0 2.66667
1 1 1.42566 1.42566 1.42566 0 0.666667
13 1 1.30552 1.30552 1.30552 0 2.66667
10 1 1.22429 1.22429 1.22429 0 2.66667
16 1 1.22429 1.22429 1.22429 0 2.66667
15 1 1.22429 1.22429 1.22429 0 2.66667
2 1 1.22429 1.22429 1.22429 0 2.66667
92 1 1.15247 1.15247 1.15247 0 3.3
84 1 0.59049 0.59049 0.59049 0 1.66667
125 1 0.146161 0.146161 0.152237 0.00607545 0.666667
99 1 0.0672619 0.0672619 0.0672619 0 1.3
17 1 0.0522747 0.0522747 0.0522747 0 2.8
136 1 0.0469753 0.0469753 0.0469753 0 2.8
93 1 0.0321862 0.0321862 0.0321862 0 3.3
115 1 0.0285348 0.0285348 0.0285348 0 1.3
126 1 0.00138406 0.00138406 0.00138406 0 1.66667
134 1 1e-08 1e-08 1e-08 0 2.85714
137 1 1e-08 1e-08 1e-08 0 1.16667
138 1 1e-08 1e-08 1e-08 0 3.66667

118 17 4.79356 4.14969 5.406 0.933021 2.66667
6 15 2.03695 2.01493 5.37354 3.35663 1.66667
135 14 2.94632 2.94494 5.25349 2.30831 0.666667
68 13 4.822 4.8049 5.26496 0.45876 2.8
139 11 7.60776 0.00267223 5.53384 3.3868 2.8
56 5 4.16664 2.33265 6.14533 3.2075 2.8
129 5 5.7522 5.75194 5.75199 0.00010592 3.16667
116 5 4.79328 4.79328 5.74774 0.954461 3.3
61 2 4.58999 4.58999 6.88498 2.29499 2.8
96 1 13.6175 13.6175 13.6175 0 0.8
9 2 4.16275 4.16275 6.24412 2.08137 3.16667
31 1 6.54825 6.54825 6.54825 0 2.8
14 1 2.90324 2.90324 2.90324 0 2.66667
1 1 1.42566 1.42566 1.42566 0 0.666667
13 1 1.30552 1.30552 1.30552 0 2.66667
10 1 1.22429 1.22429 1.22429 0 2.66667
16 1 1.22429 1.22429 1.22429 0 2.66667
15 1 1.22429 1.22429 1.22429 0 2.66667
2 1 1.22429 1.22429 1.22429 0 2.66667
92 1 1.15247 1.15247 1.15247 0 3.3
84 1 0.59049 0.59049 0.59049 0 1.66667
125 1 0.292322 0.292322 0.292322 0 0.666667

135 22 3.80569 3.80263 4.14555 0.341279 0.8
118 21 1.0339 1.0339 4.14592 3.11202 2.8
6 18 2.71593 2.68762 4.18115 1.49154 1.66667
56 8 7.40735 6.42645e-06 4.44367 2.17236 2.8
129 5 5.7522 5.75194 5.75199 0.00010592 3.16667
116 5 5.75194 5.75194 5.75194 0 3.3
61 2 6.88498 6.88498 6.88498 0 2.8
96 1 13.6175 13.6175 13.6175 0 0.8
9 2 6.24412 6.24412 6.24412 0 3.16667
31 1 6.54825 6.54825 6.54825 0 2.8
14 1 2.90324 2.90324 2.90324 0 2.66667
1 1 1.42566 1.42566 1.42566 0 0.666667
13 1 1.30552 1.30552 1.30552 0 2.66667
10 1 1.22429 1.22429 1.22429 0 2.66667
16 1 1.22429 1.22429 1.22429 0 2.66667
15 1 1.22429 1.22429 1.22429 0 2.66667
2 1 1.22429 1.22429 1.22429 0 2.66667
92 1 1.15247 1.15247 1.15247 0 3.3
84 1 0.59049 0.59049 0.59049 0 1.66667
125 1 0.292322 0.292322 0.292322 0 0.666667
68 1 0.0119407 0.0119407 0.0119407 8e-09 2.8
145 1 1e-08 1e-08 1e-08 0 2.8
146 1 1e-08 1e-08 1e-08 0 0.8

118 24 2.29351 2.29257 3.93138 1.63877 2.66667
6 19 2.24064 2.21753 3.85936 1.63832 2.16667
135 19 1.83886 1.82601 3.85493 2.02808 2.66667
56 7 3.17458 1.77725 4.22423 1.58043 2.8
116 5 5.75194 5.75194 5.75194 0 3.3
129 6 3.59513 3.59496 4.1952 0.60021 3.16667
61 2 6.88498 6.88498 6.88498 0 2.85714
96 1 13.6175 13.6175 13.6175 0 0.8
9 2 6.24412 6.24412 6.24412 0 3.16667
31 1 6.54825 6.54825 6.54825 0 2.8
14 1 2.90324 2.90324 2.90324 0 2.66667
1 1 1.42566 1.42566 1.42566 0 0.666667
13 1 1.30552 1.30552 1.30552 0 2.66667
15 1 1.22429 1.22429 1.22429 0 2.66667
16 1 1.22429 1.22429 1.22429 0 2.66667
10 1 1.22429 1.22429 1.22429 0 2.66667
2 1 1.22429 1.22429 1.22429 0 2.66667
92 1 1.15247 1.15247 1.15247 0 3.3
84 1 0.59049 0.59049 0.59049 0 1.66667
125 1 0.146161 0.146161 0.222087 0.075926 0.666667
148 1 0.0459261 0.0459261 0.0459261 5e-09 2.66667
147 1 0.0298517 0.0298517 0.0315967 0.00174505 2.66667
68 1 0.0285555 0.0285555 0.0285555 5e-09 2.66667
150 1 0.00288657 0.00288657 0.00350172 0.000615147 2.66667
145 1 5e-09 5e-09 1e-08 5e-09 2.8

118 20 1.6231 1.62243 4.46529 2.84282 2.66667
151 18 2.48494 2.46759 4.3917 1.92273 0.8
6 15 1.99168 1.97114 4.34968 2.37078 1.66667
153 2 45.3964 0.00200549 22.6992 22.6972 0.8
56 8 3.92154 2.19543 4.45602 0.942729 2.8
129 6 4.7935 4.79328 4.79332 8.22375e-05 3.16667
116 5 5.75194 5.75194 5.75194 0 3.3
61 2 6.88498 6.88498 6.88498 0 2.85714
96 1 13.6175 13.6175 13.6175 0 0.8
9 2 6.24412 6.24412 6.24412 0 3.16667
31 1 6.54825 6.54825 6.54825 0 2.8
14 1 2.90324 2.90324 2.90324 0 2.66667
1 1 1.42566 1.42566 1.42566 0 0.666667
13 1 1.30552 1.30552 1.30552 0 2.66667
10 1 1.22429 1.22429 1.22429 0 2.66667
16 1 1.22429 1.22429 1.22429 0 2.66667
15 1 1.22429 1.22429 1.22429 0 2.66667
2 1 1.22429 1.22429 1.22429 0 2.66667
92 1 1.15247 1.15247 1.15247 0 3.3
84 1 0.59049 0.59049 0.59049 0 1.66667
125 1 0.292322 0.292322 0.292322 0 0.666667
148 1 0.0918522 0.0918522 0.0918522 0 2.8
147 1 0.0597033 0.0597033 0.0597033 0 2.8
68 1 0.057111 0.057111 0.057111 0 2.8
152 1 0.0119485 0.0119485 0.0119485 0 0.8
155 1 0.00648729 0.00648729 0.00648729 0 1.3
145 1 1e-08 1e-08 1e-08 0 2.8
154 1 1e-08 1e-08 1e-08 0 1.3
156 1 1e-08 1e-08 1e-08 0 3.16667

118 22 2.19795 2.19705 4.00699 1.80985 2.66667
6 19 2.56073 2.53728 4.03633 1.48884 3.16667
151 15 2.06958 1.42712 4.14161 2.67557 1.3
56 11 4.44441 2.48816 4.2796 0.778285 2.8
129 5 5.75194 5.75194 5.75194 0 2.66667
116 5 5.75194 5.75194 5.75194 0 3.3
96 2 14.3805 6.80876 10.5946 3.78587 1.16667
61 2 6.88498 6.88498 6.88498 0 2.8
9 2 6.24412 6.24412 6.24412 0 3.16667
31 1 6.54825 6.54825 6.54825 0 2.8
14 1 2.90324 2.90324 2.90324 0 2.66667
1 1 1.42566 1.42566 1.42566 0 0.666667
13 1 1.30552 1.30552 1.30552 0 2.66667
15 1 1.22429 1.22429 1.22429 0 2.66667
16 1 1.22429 1.22429 1.22429 0 2.66667
10 1 1.22429 1.22429 1.22429 0 2.66667
2 1 1.22429 1.22429 1.22429 0 2.66667
92 1 1.15247 1.15247 1.15247 0 3.3
84 1 0.59049 0.59049 0.59049 0 1.66667
125 1 0.292322 0.292322 0.292322 0 0.666667
148 1 0.0918522 0.0918522 0.0918522 0 2.8
147 1 0.0597033 0.0597033 0.0597033 0 2.8
68 1 0.057111 0.057111 0.057111 0 2.8
155 1 0.00648729 0.00648729 0.00648729 0 1.3
145 1 1e-08 1e-08 1e-08 0 2.8
154 1 1e-08 1e-08 1e-08 0 1.3
157 1 1e-08 1e-08 1e-08 0 3.66667

118 18 1.9906 1.98978 4.75365 2.76367 2.66667
6 18 3.31947 3.28906 4.70181 1.39848 1.16667
151 16 3.58053 2.46855 4.90847 2.32583 0.857143
160 12 5.6016 0.115294 4.82373 1.73829 3.66667
56 10 2.56408 2.56408 5.02512 2.46104 2.8
116 5 5.75194 5.75194 5.75194 0 3.3
129 5 4.10872 4.10853 4.93171 0.823145 3.16667
61 2 6.88498 6.88498 6.88498 0 2.85714
96 1 13.6175 13.6175 13.6175 0 0.8
9 2 6.24412 6.24412 6.24412 0 3.16667
31 1 6.54825 6.54825 6.54825 0 2.8
14 1 2.90324 2.90324 2.90324 0 2.66667
1 1 1.42566 1.42566 1.42566 0 0.666667
13 1 1.30552 1.30552 1.30552 0 2.66667
15 1 1.22429 1.22429 1.22429 0 2.66667
16 1 1.22429 1.22429 1.22429 0 2.66667
10 1 1.22429 1.22429 1.22429 0 2.66667
2 1 1.22429 1.22429 1.22429 0 2.66667
92 1 1.15247 1.15247 1.15247 0 3.3
84 1 0.295245 0.295245 0.298095 0.00284982 1.16667
125 1 0.292322 0.292322 0.292322 0 0.666667
148 1 0.0918522 0.0918522 0.0918522 0 2.8

118 19 2.51194 2.51091 4.49366 1.9824 2.66667
151 18 3.67998 2.53714 4.63925 2.00191 0.8
6 17 1.26233 1.26054 4.44613 3.18427 1.16667
56 10 3.92154 3.92154 4.77823 0.856692 2.8
165 2 15.4617 15.4617 15.4617 0 1.66667
129 5 5.7522 5.75194 5.75199 0.00010592 3.16667
116 5 5.75194 5.75194 5.75194 0 3.3
61 2 6.88498 6.88498 6.88498 0 2.8
96 1 13.6175 13.6175 13.6175 0 0.8
9 2 6.24412 6.24412 6.24412 0 3.16667
31 1 6.54825 6.54825 6.54825 0 2.8
14 1 2.90324 2.90324 2.90324 0 2.66667
1 1 1.42566 1.42566 1.42566 0 0.666667
13 1 1.30552 1.30552 1.30552 0 2.66667
10 1 1.22429 1.22429 1.22429 0 2.66667
16 1 1.22429 1.22429 1.22429 0 2.66667
15 1 1.22429 1.22429 1.22429 0 2.66667
2 1 1.22429 1.22429 1.22429 0 2.66667
92 1 1.15247 1.15247 1.15247 0 3.3
84 1 0.59049 0.59049 0.59049 0 1.66667
125 1 0.292322 0.292322 0.292322 0 0.666667
169 1 0.23159 0.23159 0.23159 0 1.8
148 1 0.0918522 0.0918522 0.0918522 0 2.8
167 1 0.00633164 0.00633164 0.00633164 6.66667e-09 1.3
166 1 1e-08 1e-08 1e-08 0 2.8
168 1 1e-08 1e-08 1e-08 0 3.8

118 19 2.2133 2.19725 4.51749 2.31877 2.66667
151 18 3.15365 2.18027 4.5856 2.31216 0.8
6 17 2.24064 2.24064 4.60606 2.36542 1.66667
56 12 2.46912 2.46912 4.5654 2.09628 2.8
129 4 7.18992 7.18992 7.18992 0 3.16667
116 5 5.75194 5.75194 5.75194 0 3.3
165 5 5.15391 5.15391 5.15465 0.000736521 1.66667
96 2 14.3805 6.80876 10.5946 3.78587 0.8
61 2 6.88498 6.88498 6.88498 0 2.8
9 2 6.24412 6.24412 6.24412 0 3.16667
31 1 6.54825 6.54825 6.54825 0 2.8
14 1 2.90324 2.90324 2.90324 0 2.66667
1 1 1.42566 1.42566 1.42566 0 0.666667
13 1 1.30552 1.30552 1.30552 0 2.66667
15 1 1.22429 1.22429 1.22429 0 2.66667
16 1 1.22429 1.22429 1.22429 0 2.66667
10 1 1.22429 1.22429 1.22429 0 2.66667
2 1 1.22429 1.22429 1.22429 0 2.66667
92 1 1.15247 1.15247 1.15247 0 3.3
84 1 0.59049 0.59049 0.59049 0 1.66667
125 1 0.292322 0.292322 0.292322 0 0.666667
169 1 0.23159 0.23159 0.23159 0 1.8
148 1 0.0918522 0.0918522 0.0918522 0 2.8
170 1 0.0101288 0.0101288 0.0101288 0 2.8
166 1 1e-08 1e-08 1e-08 0 2.8

118 20 2.30953 2.29351 4.80432 2.51 2.66667
6 18 2.29809 2.29809 4.63946 2.34137 1.66667
151 15 2.75999 1.91548 4.88932 2.77375 0.857143
56 12 2.77776 2.77776 4.73036 1.95261 2.8
165 5 6.18469 6.18469 6.18469 0 1.66667
129 5 5.7522 5.75194 5.75199 0.00010592 1.16667
116 5 5.75194 5.75194 5.75194 0 3.3
61 2 6.88498 6.88498 6.88498 0 2.85714
96 1 13.6175 13.6175 13.6175 0 0.8
9 2 6.24412 6.24412 6.24412 0 3.16667
31 1 6.54825 6.54825 6.54825 0 2.8
174 1 4.08376 4.08376 4.86443 0.780661 0.8
14 1 2.90324 2.90324 2.90324 0 2.66667
1 1 1.42566 1.42566 1.42566 0 0.666667
13 1 1.30552 1.30552 1.30552 0 2.66667
10 1 1.22429 1.22429 1.22429 0 2.66667
16 1 1.22429 1.22429 1.22429 0 2.66667
15 1 1.22429 1.22429 1.22429 0 2.66667
2 1 1.22429 1.22429 1.22429 0 2.66667
92 1 1.15247 1.15247 1.15247 0 3.3
84 1 0.59049 0.59049 0.59049 0 1.66667
169 1 0.23159 0.23159 0.23159 0 1.8
125 1 0.146161 0.146161 0.146161 5e-09 0.666667
148 1 0.0918522 0.0918522 0.0918522 0 2.8
175 1 0.0522547 0.0522547 0.0522547 0 3.66667
170 1 0.0101288 0.0101288 0.0101288 0 2.8

118 18 1.80065 1.78816 4.97168 3.18211 2.66667
151 18 4.13998 2.87321 4.90034 1.82294 1.3
6 16 2.29809 2.29809 5.02888 2.73079 1.66667
56 11 2.66665 2.66665 4.89845 2.2318 2.8
165 5 6.18469 6.18469 6.18469 0 1.66667
116 5 5.75194 5.75194 5.75194 0 3.3
180 1 28.7597 28.7597 28.7597 0 3.16667
129 5 5.7522 2.7235 5.1463 1.2114 1.16667
182 3 16.9764 2e-09 5.66193 8.00053 0.8
61 2 6.88498 6.88498 6.88498 0 2.8
9 2 6.24412 6.24412 6.24412 0 3.16667
31 1 6.54825 6.54825 6.54825 0 2.8
14 1 2.90324 2.90324 2.90324 0 2.66667
1 1 1.42566 1.42566 1.42566 0 0.666667
13 1 1.30552 1.30552 1.30552 0 2.66667
15 1 1.22429 1.22429 1.22429 0 2.66667
16 1 1.22429 1.22429 1.22429 0 2.66667
10 1 1.22429 1.22429 1.22429 0 2.66667
2 1 1.22429 1.22429 1.22429 0 2.66667
92 1 1.15247 1.15247 1.15247 0 3.3
84 1 0.59049 0.59049 0.59049 0 1.66667
125 1 0.292322 0.292322 0.292322 0 0.666667
169 1 0.23159 0.23159 0.23159 0 1.8
148 1 0.0918522 0.0918522 0.0918522 0 2.8
175 1 0.0522547 0.0522547 0.0522547 0 3.66667
170 1 0.0101288 0.0101288 0.0101288 0 2.8

118 20 2.16813 2.1531 4.5123 2.35464 2.66667
151 18 3.15427 2.18933 4.63453 2.21913 0.8
6 16 2.24064 2.24064 4.47424 2.2336 1.66667
56 11 2.66665 2.66665 4.42226 1.75561 3.3
116 5 5.75194 5.75194 5.75194 0 3.3
180 4 7.18992 7.18992 7.18992 0 3.16667
165 5 2.57696 2.57696 4.7131 2.13614 1.66667
129 2 14.3805 6.80876 10.5946 3.78587 0.8
61 2 6.88498 6.88498 6.88498 0 2.85714
9 2 6.24412 6.24412 6.24412 0 3.16667
31 1 6.54825 6.54825 6.54825 0 2.8
14 1 2.90324 2.90324 2.90324 0 2.66667
1 1 1.42566 1.42566 1.42566 0 0.666667
13 1 1.30552 1.30552 1.30552 0 2.66667
15 1 1.22429 1.22429 1.22429 0 2.66667
16 1 1.22429 1.22429 1.22429 0 2.66667
10 1 1.22429 1.22429 1.22429 0 2.66667
2 1 1.22429 1.22429 1.22429 0 2.66667
92 1 1.15247 1.15247 1.15247 0 3.3
84 1 0.59049 0.59049 0.59049 0 1.66667
125 1 0.292322 0.292322 0.292322 0 0.666667
169 1 0.23159 0.23159 0.23159 0 1.8
148 1 0.0918522 0.0918522 0.0918522 0 2.8
175 1 0.0522547 0.0522547 0.0522547 0 3.66667
187 1 0.0522231 0.0522231 0.0522231 0 0.8
170 1 0.0101288 0.0101288 0.0101288 0 2.8

151 20 2.81816 1.95643 4.44445 2.29409 0.8
118 19 2.25783 2.19836 4.42275 2.21043 2.66667
6 16 2.42231 2.42231 4.55298 2.13067 1.66667
56 10 2.15052 2.15052 4.41134 2.26081 2.8
165 5 6.18469 6.18469 6.18469 0 1.66667
180 5 5.7522 5.75194 5.75199 0.00010592 3.16667
116 5 5.75194 5.75194 5.75194 0 3.3
61 2 6.88498 6.88498 6.88498 0 2.85714
129 1 13.6175 13.6175 13.6175 0 0.8
9 2 6.24412 6.24412 6.24412 0 3.16667
31 1 6.54825 6.54825 6.54825 0 2.8
14 1 2.90324 2.90324 2.90324 0 2.66667
1 1 1.42566 1.42566 1.42566 0 0.666667
13 1 1.30552 1.30552 1.30552 0 2.66667
15 1 1.22429 1.22429 1.22429 0 2.66667
16 1 1.22429 1.22429 1.22429 0 2.66667
10 1 1.22429 1.22429 1.22429 0 2.66667
2 1 1.22429 1.22429 1.22429 0 2.66667
92 1 1.15247 1.15247 1.15247 0 3.3
84 1 0.59049 0.59049 0.59049 0 1.66667
125 1 0.292322 0.292322 0.292322 0 0.666667
169 1 0.23159 0.23159 0.23159 0 1.8
148 1 0.0918522 0.0918522 0.0918522 0 2.8
175 1 0.0522547 0.0522547 0.0522547 0 3.66667
187 1 0.0261115 0.0261115 0.0261116 5e-09 0.857143
170 1 0.0101288 0.0101288 0.0101288 0 2.8

118 19 3.18753 3.12466 4.76964 1.6369 2.66667
6 17 1.99168 1.99168 4.68629 2.69461 1.66667
151 17 2.3242 1.61547 4.57166 2.70364 0.857143
56 11 2.29883 2.29883 4.72665 2.42782 2.8
165 5 6.18469 6.18469 6.18469 0 1.66667
180 4 7.18992 7.18992 7.18992 0 2.66667
116 5 5.75194 5.75194 5.75194 0 3.3
129 2 14.3805 6.80876 10.5946 3.78587 0.8
61 2 6.88498 6.88498 6.88498 0 2.8
9 2 6.24412 6.24412 6.24412 0 3.16667
31 1 6.54825 6.54825 6.54825 0 2.8
14 1 2.90324 2.90324 2.90324 0 2.66667
1 1 1.42566 1.42566 1.42566 0 0.666667
13 1 1.30552 1.30552 1.30552 0 2.66667
15 1 1.22429 1.22429 1.22429 0 2.66667
16 1 1.22429 1.22429 1.22429 0 2.66667
10 1 1.22429 1.22429 1.22429 0 2.66667
2 1 1.22429 1.22429 1.22429 0 2.66667
92 1 1.15247 1.15247 1.15247 0 3.3
84 1 0.59049 0.59049 0.59049 0 1.66667
125 1 0.292322 0.292322 0.292322 0 0.666667
169 1 0.23159 0.23159 0.23159 0 1.8
148 1 0.0918522 0.0918522 0.0918522 0 2.8
175 1 0.0522547 0.0522547 0.0522547 0 3.66667
170 1 0.0101288 0.0101288 0.0101288 0 2.8
189 1 1e-08 1e-08 1e-08 0 3.66667

151 18 4.01453 2.79114 4.9071 1.77979 1.8
118 17 2.25775 2.08311 5.06751 2.95129 2.66667
6 17 2.07451 2.03695 4.90688 2.86688 1.16667
190 6 22.0799 1.66667e-09 7.36053 10.4066 0.857143
56 8 2.38093 2.38093 4.93019 2.54926 2.8
165 5 6.18469 6.18469 6.18469 0 1.66667
180 5 5.7522 5.75194 5.75199 0.00010592 1.16667
116 5 5.75194 5.75194 5.75194 0 3.3
61 2 6.88498 6.88498 6.88498 0 2.85714
129 1 13.6175 13.6175 13.6175 0 0.8
9 2 6.24412 6.24412 6.24412 0 3.16667
31 1 6.54825 6.54825 6.54825 0 2.8
14 1 2.90324 2.90324 2.90324 0 2.66667
1 1 1.42566 1.42566 1.42566 0 0.666667
13 1 1.30552 1.30552 1.30552 0 2.66667
10 1 1.22429 1.22429 1.22429 0 2.66667
16 1 1.22429 1.22429 1.22429 0 2.66667
15 1 1.22429 1.22429 1.22429 0 2.66667
2 1 1.22429 1.22429 1.22429 0 2.66667
92 1 1.15247 1.15247 1.15247 0 3.3
84 1 0.59049 0.59049 0.59049 0 1.66667
125 1 0.292322 0.292322 0.292322 0 0.666667
169 1 0.23159 0.23159 0.23159 0 1.8
175 1 0.0522547 0.0522547 0.0522547 0 3.66667
148 1 0.0459261 0.0459261 0.0459261 5e-09 2.66667
170 1 0.0101288 0.0101288 0.0101288 0 2.8

118 19 2.95244 2.73715 4.9502 2.15553 2.8
151 17 3.08092 2.25854 5.05192 2.42381 0.857143
6 16 2.00776 1.8672 4.99058 3.11105 1.8
56 8 4.44441 4.44441 5.03647 0.592057 2.8
165 3 10.3078 10.3078 10.3078 0 1.66667
116 5 5.75194 5.75194 5.75194 0 3.3
192 1 28.7597 28.7597 28.7597 0 3.16667
180 5 5.7522 2.7235 5.1463 1.2114 0.8
190 3 5.9182 5.42305 5.68338 0.202949 0.857143
61 2 6.88498 6.88498 6.88498 0 2.8
9 2 6.24412 6.24412 6.24412 0 3.16667
31 1 6.54825 6.54825 6.54825 0 2.8
14 1 2.90324 2.90324 2.90324 0 2.66667
1 1 1.42566 1.42566 1.42566 0 0.666667
13 1 1.30552 1.30552 1.30552 0 2.66667
15 1 1.22429 1.22429 1.22429 0 2.66667
16 1 1.22429 1.22429 1.22429 0 2.66667
10 1 1.22429 1.22429 1.22429 0 2.66667
2 1 1.22429 1.22429 1.22429 0 2.66667
92 1 1.15247 1.15247 1.15247 0 3.3
84 1 0.59049 0.59049 0.59049 0 1.66667
125 1 0.292322 0.292322 0.292322 0 0.666667
169 1 0.23159 0.23159 0.23159 0 1.8
198 1 0.106025 0.106025 0.106025 0 3.66667
148 1 0.0918522 0.0918522 0.0918522 0 2.8
175 1 0.0522547 0.0522547 0.0522547 0 3.66667
193 1 0.0154332 0.0154332 0.0154332 0 1.66667
170 1 0.0101288 0.0101288 0.0101288 0 2.8
194 1 1e-08 1e-08 1e-08 0 2.8
195 1 1e-08 1e-08 1e-08 0 2.8
196 1 1e-08 1e-08 1e-08 0 0.857143

118 18 3.01044 2.97148 5.65193 2.64585 2.66667
6 15 2.83448 2.63605 5.84581 3.16303 1.66667
151 15 2.59764 1.94024 5.68792 3.32314 0.857143
200 13 8.85731 7.69231e-10 6.13275 4.08684 2.66667
56 10 4.16664 4.16664 5.76477 1.59814 2.8
116 5 4.79328 4.79328 5.75194 0.958656 3.3
192 4 7.18992 7.18992 7.18992 0 3.16667
180 2 14.3805 6.80876 10.5946 3.78587 1.16667
165 3 3.43594 3.43594 6.89724 3.4613 1.8
61 2 6.88498 6.88498 6.88498 0 2.8
9 2 6.24412 6.24412 6.24412 0 3.16667
31 1 6.54825 6.54825 6.54825 0 2.8
14 1 2.90324 2.90324 2.90324 0 2.66667
1 1 1.42566 1.42566 1.42566 0 0.666667
13 1 1.30552 1.30552 1.30552 0 2.66667
15 1 1.22429 1.22429 1.22429 0 2.66667
16 1 1.22429 1.22429 1.22429 0 2.66667
10 1 1.22429 1.22429 1.22429 0 2.66667
2 1 1.22429 1.22429 1.22429 0 2.66667
92 1 1.15247 1.15247 1.15247 0 3.3
84 1 0.59049 0.59049 0.59049 0 1.66667
125 1 0.292322 0.292322 0.292322 0 0.666667
169 1 0.23159 0.23159 0.23159 0 1.8

151 18 4.13998 2.92313 5.20323 1.50874 0.857143
118 18 2.13231 2.00696 5.19574 3.09876 2.66667
6 15 2.40931 2.25491 5.45174 3.1426 1.66667
56 11 3.50875 3.50875 5.25863 1.74988 2.8
165 3 10.3078 10.3078 10.3078 0 1.66667
192 5 5.7522 5.75194 5.75199 0.00010592 3.16667
116 5 5.75194 5.75194 5.75194 0 3.3
200 5 6.39694 0.00528481 5.12026 2.55666 2.66667
61 2 6.88498 6.88498 6.88498 0 2.85714
180 1 13.6175 13.6175 13.6175 0 0.8
9 2 6.24412 6.24412 6.24412 0 3.16667
210 1 11.7644 11.7644 11.7644 0 3.3
31 1 6.54825 6.54825 6.54825 0 2.8
14 1 2.90324 2.90324 2.90324 0 2.66667
1 1 1.42566 1.42566 1.42566 0 0.666667
13 1 1.30552 1.30552 1.30552 0 2.66667
15 1 1.22429 1.22429 1.22429 0 2.66667
16 1 1.22429 1.22429 1.22429 0 2.66667
10 1 1.22429 1.22429 1.22429 0 2.66667
2 1 1.22429 1.22429 1.22429 0 2.66667
92 1 1.15247 1.15247 1.15247 0 3.3
84 1 0.59049 0.59049 0.59049 0 1.66667
125 1 0.292322 0.292322 0.292322 0 0.666667
169 1 0.23159 0.23159 0.23159 0 1.8
208 1 0.0836398 0.0836398 0.0836398 0 3.85714
206 1 2.5e-09 2.5e-09 1e-08 7.5e-09 2.66667
207 1 1e-08 1e-08 1e-08 0 2.8

118 21 2.3499 2.3499 4.78308 2.43318 2.66667
151 19 3.08092 2.30761 4.86358 1.87941 0.857143
6 16 2.53611 2.37359 4.87113 2.37304 1.66667
56 10 2.08332 2.08332 4.87647 2.79315 2.8
192 4 7.18992 7.18992 7.18992 0 2.66667
116 5 5.75194 5.75194 5.75194 0 3.3
165 4 4.41764 4.41764 5.52214 1.1045 1.16667
180 2 14.3805 6.80876 10.5946 3.78587 0.8
61 2 6.88498 6.88498 6.88498 0 2.8
9 2 6.24412 6.24412 6.24412 0 3.16667
31 1 6.54825 6.54825 6.54825 0 2.8
14 1 2.90324 2.90324 2.90324 0 2.66667
1 1 1.42566 1.42566 1.42566 0 0.666667
13 1 1.30552 1.30552 1.30552 0 2.66667
15 1 1.22429 1.22429 1.22429 0 2.66667
16 1 1.22429 1.22429 1.22429 0 2.66667
10 1 1.22429 1.22429 1.22429 0 2.66667
2 1 1.22429 1.22429 1.22429 0 2.66667
92 1 1.15247 1.15247 1.15247 0 3.3
84 1 0.59049 0.59049 0.59049 0 1.66667
125 1 0.292322 0.292322 0.292322 0 0.666667
169 1 0.23159 0.23159 0.23159 0 1.8
211 1 0.0475633 0.0475633 0.0703108 0.0227475 2.8
214 1 0.00347001 0.00347001 0.00347001 0 0.666667
212 1 1e-08 1e-08 1e-08 0 3.66667
213 1 1e-08 1e-08 1e-08 0 2.66667

118 20 2.21433 2.21433 4.97034 2.75602 2.66667
151 19 2.54768 2.54718 4.95651 2.40917 0.857143
6 17 2.60466 2.60435 4.95629 2.35165 1.66667
56 12 3.17458 3.17458 5.03295 1.85837 3.3
165 4 7.73087 7.73087 7.73087 0 1.66667
192 5 5.7522 5.75194 5.75199 0.00010592 3.16667
116 5 5.75194 5.75194 5.75194 0 3.3
61 1 13.77 13.77 13.77 0 2.85714
180 1 13.6175 13.6175 13.6175 0 0.8
9 2 6.24412 6.24412 6.24412 0 3.16667
31 1 6.54825 6.54825 6.54825 0 2.8
14 1 2.90324 2.90324 2.90324 0 2.66667
1 1 1.42566 1.42566 1.42566 0 0.666667
13 1 1.30552 1.30552 1.30552 0 2.66667
10 1 1.22429 1.22429 1.22429 0 2.66667
16 1 1.22429 1.22429 1.22429 0 2.66667
15 1 1.22429 1.22429 1.22429 0 2.66667
2 1 1.22429 1.22429 1.22429 0 2.66667
92 1 1.15247 1.15247 1.15247 0 3.3
84 1 0.59049 0.59049 0.59049 0 1.66667
125 1 0.292322 0.292322 0.292322 0 0.666667
169 1 0.23159 0.23159 0.23159 0 1.8
218 1 0.081476 0.081476 0.081476 0 1.66667
219 1 0.0131234 0.0131234 0.0131234 5e-09 3.35714
214 1 0.00347001 0.00347001 0.00347001 0 0.666667

151 18 2.64959 2.64907 5.81951 3.17024 0.857143
118 16 2.3499 2.3499 5.7212 3.37131 2.66667
6 14 3.38993 2.83448 5.827 2.95554 1.66667
218 8 12.1173 0.00611696 8.96813 5.17714 1.66667
56 8 2.46912 2.46912 5.91977 3.45065 3.3
221 2 44.0017 0.0149914 22.0083 21.9933 1.8
192 5 5.7522 5.75194 5.75199 0.00010592 3.16667
116 5 5.75194 5.75194 5.75194 0 3.3
61 1 13.77 13.77 13.77 0 2.85714
180 1 13.6175 13.6175 13.6175 0 0.8
9 2 6.24412 6.24412 6.24412 0 3.16667
31 1 6.54825 6.54825 6.54825 0 2.8
14 1 2.90324 2.90324 2.90324 0 2.66667
1 1 1.42566 1.42566 1.42566 0 0.666667
13 1 1.30552 1.30552 1.30552 0 2.66667
15 1 1.22429 1.22429 1.22429 0 2.66667
16 1 1.22429 1.22429 1.22429 0 2.66667
10 1 1.22429 1.22429 1.22429 0 2.66667
2 1 1.22429 1.22429 1.22429 0 2.66667
92 1 1.15247 1.15247 1.15247 0 3.3
84 1 0.59049 0.59049 0.59049 0 1.66667
125 1 0.292322 0.292322 0.292322 0 0.666667
169 1 0.23159 0.23159 0.23159 0 1.8
219 1 0.0262467 0.0262467 0.0262467 0 3.35714
214 1 0.00347001 0.00347001 0.00347001 0 0.666667
222 1 5e-09 5e-09 1e-08 5e-09 0.857143
223 1 1e-08 1e-08 1e-08 0 1.66667

118 21 3.84612 3.71435 4.62418 0.903984 2.66667
151 20 2.3657 2.36524 4.67866 2.31323 0.857143
6 18 1.95352 1.63343 4.64288 2.96007 1.66667
56 12 3.92154 3.92154 4.57538 0.653839 3.35714
192 5 5.7522 5.75194 5.75199 0.00010592 1.16667
116 5 5.75194 5.75194 5.75194 0 3.3
61 1 13.77 13.77 13.77 0 2.85714
180 1 13.6175 13.6175 13.6175 0 0.8
9 2 6.24412 6.24412 6.24412 0 3.16667
31 1 6.54825 6.54825 6.54825 0 2.8
224 1 5.13154 5.13154 5.13154 0 2.8
14 1 2.90324 2.90324 2.90324 0 2.66667
1 1 1.42566 1.42566 1.42566 0 0.666667
13 1 1.30552 1.30552 1.30552 0 2.66667
15 1 1.22429 1.22429 1.22429 0 2.66667
16 1 1.22429 1.22429 1.22429 0 2.66667
10 1 1.22429 1.22429 1.22429 0 2.66667
2 1 1.22429 1.22429 1.22429 0 2.66667
92 1 1.15247 1.15247 1.15247 0 3.3
84 1 0.59049 0.59049 0.59049 0 1.66667
125 1 0.292322 0.292322 0.292322 0 0.666667
169 1 0.23159 0.23159 0.23159 0 1.8
218 1 0.040738 0.040738 0.0652058 0.0244678 1.66667
219 1 0.0262467 0.0262467 0.0262467 0 3.35714
214 1 0.00347001 0.00347001 0.00347001 0 0.666667

118 20 2.80764 2.3499 4.8387 2.45965 2.66667
151 20 2.59764 2.59713 4.7057 2.10819 0.857143
6 18 3.11507 2.60466 4.7325 2.04001 1.66667
56 11 2.15052 2.15052 4.64195 2.49143 3.3
116 5 5.75194 5.75194 5.75194 0 3.3
227 1 28.7597 28.7597 28.7597 0 3.16667
192 5 5.7522 2.7235 5.1463 1.2114 3.16667
61 1 13.77 13.77 13.77 0 2.85714
9 2 6.24412 6.24412 6.24412 0 3.16667
31 1 6.54825 6.54825 6.54825 0 2.8
224 1 5.13154 5.13154 5.13154 0 2.8
14 1 2.90324 2.90324 2.90324 0 2.66667
1 1 1.42566 1.42566 1.42566 0 0.666667
13 1 1.30552 1.30552 1.30552 0 2.66667
10 1 1.22429 1.22429 1.22429 0 2.66667
16 1 1.22429 1.22429 1.22429 0 2.66667
15 1 1.22429 1.22429 1.22429 0 2.66667
2 1 1.22429 1.22429 1.22429 0 2.66667
92 1 1.15247 1.15247 1.15247 0 3.3
84 1 0.59049 0.59049 0.59049 0 1.66667
125 1 0.292322 0.292322 0.292322 0 0.666667
169 1 0.23159 0.23159 0.23159 0 1.8
218 1 0.081476 0.081476 0.081476 0 1.66667
219 1 0.0262467 0.0262467 0.0262467 0 3.35714
228 1 0.0221092 0.0221092 0.0227597 0.000650498 1.66667
214 1 0.00347001 0.00347001 0.00347001 0 0.666667
229 1 0.00233481 0.00233481 0.00233481 0 3.35714

118 21 2.59574 2.17255 5.09597 2.89005 2.66667
151 20 2.81871 2.81816 5.08099 2.26256 0.857143
6 15 2.56128 2.14963 4.9985 2.71173 1.66667
56 11 3.33331 3.33331 4.87443 1.54112 3.3
192 1 28.761 28.761 28.761 0 1.16667
116 5 5.75194 5.75194 5.75194 0 3.3
227 4 7.18992 7.18992 7.18992 0 2.66667
61 1 13.77 13.77 13.77 0 2.85714
230 1 13.6175 13.6175 13.6175 0 0.8
9 2 6.24412 6.24412 6.24412 0 3.16667
31 1 6.54825 6.54825 6.54825 0 2.8
14 1 2.90324 2.90324 2.90324 0 2.66667
224 1 2.56577 2.56577 2.59234 0.0265694 2.8
1 1 1.42566 1.42566 1.42566 0 0.666667
13 1 1.30552 1.30552 1.30552 0 2.66667
15 1 1.22429 1.22429 1.22429 0 2.66667
16 1 1.22429 1.22429 1.22429 0 2.66667
10 1 1.22429 1.22429 1.22429 0 2.66667
2 1 1.22429 1.22429 1.22429 0 2.66667
232 1 1.22409 1.22409 1.22409 0 3.8
92 1 1.15247 1.15247 1.15247 0 3.3
84 1 0.59049 0.59049 0.59049 0 1.66667
125 1 0.292322 0.292322 0.292322 0 0.666667
169 1 0.23159 0.23159 0.23159 0 1.8
218 1 0.081476 0.081476 0.081476 0 1.66667
228 1 0.0442184 0.0442184 0.0442184 0 1.66667
219 1 0.0262467 0.0262467 0.0262467 0 3.35714
214 1 0.00347001 0.00347001 0.00347001 0 0.666667
231 1 1e-08 1e-08 1e-08 0 2.8
233 1 1e-08 1e-08 1e-08 0 2.8

151 21 2.54768 2.54718 5.01594 2.46854 0.857143
6 19 3.71798 3.12705 4.95637 1.48523 2.16667
118 17 2.29291 1.91908 4.9437 2.95484 2.66667
56 12 3.50875 3.50875 5.01956 1.51082 3.3
116 5 5.75194 5.75194 5.75194 0 3.3
227 1 28.7597 28.7597 28.7597 0 3.16667
192 5 5.7522 2.7235 5.1463 1.2114 3.16667
61 1 13.77 13.77 13.77 0 2.85714
9 2 6.24412 6.24412 6.24412 0 3.16667
31 1 6.54825 6.54825 6.54825 0 2.8
224 1 5.13154 5.13154 5.13154 0 2.8
14 1 2.90324 2.90324 2.90324 0 2.66667
1 1 1.42566 1.42566 1.42566 0 0.666667
13 1 1.30552 1.30552 1.30552 0 2.66667
10 1 1.22429 1.22429 1.22429 0 2.66667
16 1 1.22429 1.22429 1.22429 0 2.66667
15 1 1.22429 1.22429 1.22429 0 2.66667
2 1 1.22429 1.22429 1.22429 0 2.66667
232 1 1.22409 1.22409 1.22409 0 3.8
92 1 1.15247 1.15247 1.15247 0 3.3
84 1 0.59049 0.59049 0.59049 0 1.66667
125 1 0.292322 0.292322 0.292322 0 0.666667
169 1 0.23159 0.23159 0.23159 0 1.8
228 1 0.0442184 0.0442184 0.0442184 0 1.66667
218 1 0.040738 0.040738 0.0407455 7.52128e-06 1.66667
219 1 0.0262467 0.0262467 0.0262467 0 3.35714
237 1 0.0197668 0.0197668 0.0197668 0 1.66667

151 15 2.93588 2.81816 7.14981 4.3235 0.857143
243 1 105.459 105.459 105.459 0 2.66667
118 11 12.5068 9.09091e-10 8.93524 4.28134 2.66667
6 13 2.94951 2.45229 7.33814 4.84279 1.66667
239 11 4.2992 3.72593 7.53552 3.71195 2.66667
56 8 2.56408 2.56408 7.37174 4.80766 3.3
192 1 28.761 28.761 28.761 0 1.16667
227 4 7.18992 7.18992 7.18992 0 2.66667
116 4 5.75194 5.75194 7.18992 1.43798 3.3
61 1 13.77 13.77 13.77 0 2.85714
240 1 13.6175 13.6175 13.6175 0 0.8
9 1 6.24412 6.24412 12.4882 6.24412 3.16667
31 1 6.54825 6.54825 6.54825 0 2.8
224 1 5.13154 5.13154 5.13154 0 2.8
14 1 2.90324 2.90324 2.90324 0 2.66667
1 1 1.42566 1.42566 1.42566 0 0.666667
13 1 1.30552 1.30552 1.30552 0 2.66667
10 1 1.22429 1.22429 1.22429 0 2.66667
16 1 1.22429 1.22429 1.22429 0 2.66667
15 1 1.22429 1.22429 1.22429 0 2.66667
2 1 1.22429 1.22429 1.22429 0 2.66667
232 1 1.22409 1.22409 1.22409 0 3.8
92 1 1.15247 1.15247 1.15247 0 3.3
84 1 0.59049 0.59049 0.59049 0 1.66667
125 1 0.292322 0.292322 0.292322 0 0.666667
169 1 0.23159 0.23159 0.23159 0 1.8
218 1 0.081476 0.081476 0.081476 0 1.66667
245 1 0.0522582 0.0522582 0.0522582 0 3.66667
228 1 0.0442184 0.0442184 0.0442184 0 1.66667
219 1 0.0262467 0.0262467 0.0262467 0 3.35714
237 1 0.0197668 0.0197668 0.0197668 0 1.66667
241 1 1e-08 1e-08 1e-08 0 3.66667
242 1 1e-08 1e-08 1e-08 0 3.3
244 1 1e-08 1e-08 1e-08 0 2.66667
246 1 1e-08 1e-08 1e-08 0 3.3

151 18 3.13605 3.0103 5.74097 2.72344 0.857143
6 17 3.64807 3.03309 5.89898 2.7973 1.66667
243 16 3.82151 2.92942 5.90512 2.5801 2.66667
118 12 4.88502 3.97432 6.07511 1.97833 2.85714
56 9 7.40735 1.11111e-09 6.58431 2.32791 3.3
227 1 28.7597 28.7597 28.7597 0 3.16667
116 4 7.18992 7.18992 7.18992 0 3.3
192 4 5.7522 5.75194 6.43288 0.680876 1.16667
61 1 13.77 13.77 13.77 0 2.85714
9 1 12.4882 12.4882 12.4882 0 3.16667
31 1 6.54825 6.54825 6.54825 0 2.8
14 1 2.90324 2.90324 2.90324 0 2.66667
224 1 2.56577 2.56577 2.56577 5e-09 2.85714
1 1 1.42566 1.42566 1.42566 0 0.666667
13 1 1.30552 1.30552 1.30552 0 2.66667
15 1 1.22429 1.22429 1.22429 0 2.66667
16 1 1.22429 1.22429 1.22429 0 2.66667
10 1 1.22429 1.22429 1.22429 0 2.66667
2 1 1.22429 1.22429 1.22429 0 2.66667
232 1 1.22409 1.22409 1.22409 0 3.8
92 1 1.15247 1.15247 1.15247 0 3.3
84 1 0.59049 0.59049 0.59049 0 1.66667
125 1 0.292322 0.292322 0.292322 0 0.666667
169 1 0.23159 0.23159 0.23159 0 1.8
218 1 0.081476 0.081476 0.081476 0 1.66667
245 1 0.0522582 0.0522582 0.0522582 0 3.66667
228 1 0.0442184 0.0442184 0.0442184 0 1.66667
219 1 0.0262467 0.0262467 0.0262467 0 3.35714

243 21 2.03542 1.65597 5.04403 3.16835 2.85714
6 21 3.55453 2.95532 4.89233 1.7902 1.66667
151 18 3.44966 3.31133 5.04704 1.7207 0.857143
56 10 4.44441 4.44441 4.90407 0.459661 3.8
192 1 28.761 28.761 28.761 0 1.16667
227 4 7.18992 7.18992 7.18992 0 2.66667
116 4 7.18992 7.18992 7.18992 0 3.3
61 1 13.77 13.77 13.77 0 2.85714
9 1 12.4882 12.4882 12.4882 0 3.16667
31 1 6.54825 6.54825 6.54825 0 2.8
224 1 5.13154 5.13154 5.13154 0 2.8
14 1 2.90324 2.90324 2.90324 0 2.66667
1 1 1.42566 1.42566 1.42566 0 0.666667
13 1 1.30552 1.30552 1.30552 0 2.66667
10 1 1.22429 1.22429 1.22429 0 2.66667
16 1 1.22429 1.22429 1.22429 0 2.66667
15 1 1.22429 1.22429 1.22429 0 2.66667
2 1 1.22429 1.22429 1.22429 0 2.66667
232 1 1.22409 1.22409 1.22409 0 3.8
92 1 1.15247 1.15247 1.15247 0 3.3
84 1 0.59049 0.59049 0.59049 0 1.66667
125 1 0.292322 0.292322 0.292322 0 0.666667
169 1 0.23159 0.23159 0.23159 0 1.8
218 1 0.081476 0.081476 0.081476 0 1.66667
245 1 0.0522582 0.0522582 0.0522582 0 3.66667
228 1 0.0442184 0.0442184 0.0442184 0 1.66667
219 1 0.0262467 0.0262467 0.0262467 0 3.35714
118 1 5e-09 5e-09 1e-08 5e-09 2.85714
249 1 1e-08 1e-08 1e-08 0 3.3

253 4 36.3647 29.7681 32.2081 2.48514 2.66667
118 6 24.4251 0.00324317 20.3548 9.10148 2.85714
243 15 3.3307 3.12669 7.76541 4.54628 2.8
6 14 3.36315 2.84059 7.94401 4.88019 1.66667
151 13 3.13605 3.0109 7.85835 4.81886 0.857143
56 6 2.46912 2.46912 8.67304 6.20392 3.3
192 3 7.19025 7.18992 9.58667 2.39664 3.16667
227 1 28.7597 28.7597 28.7597 0 3.16667
116 3 7.18992 7.18992 9.58656 2.39664 3.3
61 1 13.77 13.77 13.77 0 2.85714
9 1 12.4882 12.4882 12.4882 0 3.16667
31 1 6.54825 6.54825 6.54825 0 2.8
224 1 5.13154 5.13154 5.13154 0 2.8
14 1 2.90324 2.90324 2.90324 0 2.66667
1 1 1.42566 1.42566 1.42566 0 0.666667
13 1 1.30552 1.30552 1.30552 0 2.66667
15 1 1.22429 1.22429 1.22429 0 2.66667
16 1 1.22429 1.22429 1.22429 0 2.66667
10 1 1.22429 1.22429 1.22429 0 2.66667
2 1 1.22429 1.22429 1.22429 0 2.66667
232 1 1.22409 1.22409 1.22409 0 3.8
92 1 1.15247 1.15247 1.15247 0 3.3
84 1 0.59049 0.59049 0.59049 0 1.66667
125 1 0.292322 0.292322 0.292322 0 0.666667
169 1 0.23159 0.23159 0.23159 0 1.8
218 1 0.081476 0.081476 0.081476 0 1.66667
245 1 0.0522582 0.0522582 0.0522582 0 3.66667
228 1 0.0442184 0.0442184 0.0442184 0 1.66667
255 1 0.03468 0.03468 0.03468 0 2.8
219 1 0.0262467 0.0262467 0.0262467 0 3.35714
254 1 2.5e-09 2.5e-09 1e-08 7.5e-09 2.66667

151 17 7.66591 0.0774809 6.71336 1.82901 0.857143
253 15 2.67479 2.45669 6.90523 4.35648 2.66667
6 14 4.36545 3.93636 7.06775 2.91433 1.66667
243 5 29.3101 2e-09 17.4985 14.2877 2.8
118 12 3.96261 3.96082 7.2134 3.25243 2.8
56 6 11.111 11.111 11.111 0 3.3
192 4 7.19025 7.18992 7.19 0.000143327 1.16667
116 3 9.58656 9.58656 9.58656 0 3.3
61 1 13.77 13.77 13.77 0 2.85714
9 1 12.4882 12.4882 12.4882 0 3.16667
31 1 6.54825 6.54825 6.54825 0 2.8
224 1 5.13154 5.13154 5.13154 0 2.8
14 1 2.90324 2.90324 2.90324 0 2.66667
1 1 1.42566 1.42566 1.42566 0 0.666667
13 1 1.30552 1.30552 1.30552 0 2.66667
10 1 1.22429 1.22429 1.22429 0 2.66667
16 1 1.22429 1.22429 1.22429 0 2.66667
15 1 1.22429 1.22429 1.22429 0 2.66667
2 1 1.22429 1.22429 1.22429 0 2.66667
232 1 1.22409 1.22409 1.22409 0 3.8
92 1 1.15247 1.15247 1.15247 0 3.3
84 1 0.59049 0.59049 0.59049 0 1.66667
125 1 0.292322 0.292322 0.292322 0 0.666667
169 1 0.23159 0.23159 0.23159 0 1.8
218 1 0.081476 0.081476 0.081476 0 1.66667
245 1 0.0522582 0.0522582 0.0522582 0 3.66667
228 1 0.0442184 0.0442184 0.0442184 0 1.66667
219 1 0.0262467 0.0262467 0.0262467 0 3.35714
254 1 0.000203499 0.000203499 0.000203506 6.66667e-09 2.66667
256 1 1e-08 1e-08 1e-08 0 2.85714
257 1 1e-08 1e-08 1e-08 0 2.66667

118 16 3.61102 3.5744 7.93152 4.35403 2.85714
6 15 4.802 4.62089 7.91216 3.25049 1.66667
253 14 5.34959 4.91337 8.25475 3.07882 2.85714
151 11 3.63122 3.48562 8.23255 4.68107 0.888889
259 4 36.6559 2.5e-09 18.3233 18.3233 0.857143
243 8 16.2834 1.11111e-09 8.12649 8.12658 2.8
56 7 6.66662 6.66662 8.34002 1.67341 3.3
192 3 9.587 9.58656 9.58671 0.000208046 2.66667
258 1 28.7597 28.7597 28.7597 0 3.16667
116 3 9.58656 9.58656 9.58656 0 3.3
61 1 13.77 13.77 13.77 0 2.85714
9 1 12.4882 12.4882 12.4882 0 3.16667
31 1 6.54825 6.54825 6.54825 0 2.8
14 1 2.90324 2.90324 2.90324 0 2.66667
224 1 2.56577 2.56577 2.56577 5e-09 2.66667
1 1 1.42566 1.42566 1.42566 0 0.666667
13 1 1.30552 1.30552 1.30552 0 2.66667
10 1 1.22429 1.22429 1.22429 0 2.66667
16 1 1.22429 1.22429 1.22429 0 2.66667
15 1 1.22429 1.22429 1.22429 0 2.66667
2 1 1.22429 1.22429 1.22429 0 2.66667
232 1 1.22409 1.22409 1.22409 0 3.8
92 1 1.15247 1.15247 1.15247 0 3.3
84 1 0.59049 0.59049 0.59049 0 1.66667
125 1 0.292322 0.292322 0.292322 0 0.666667
169 1 0.23159 0.23159 0.23159 0 1.8
218 1 0.081476 0.081476 0.081476 0 1.66667
245 1 0.0522582 0.0522582 0.0522582 0 3.66667
228 1 0.0442184 0.0442184 0.0442184 0 1.66667

269 1 146.551 146.551 146.551 0 2.90909
6 13 4.64709 4.50442 10.4293 5.84794 1.66667
253 11 8.81108 8.54371 10.501 1.91934 2.85714
118 10 2.84715 2.81828 10.6564 7.83291 0.857143
151 9 4.92808 4.73048 10.77 5.88668 0.857143
243 9 6.10665 6.10628 9.91722 3.81088 2.8
259 2 73.2856 5e-09 36.6428 36.6428 0.857143
56 6 9.52374 9.52374 11.111 1.58729 3.8
264 3 16.2597 0.10034 10.8659 7.59468 2.8
192 2 7.19025 7.18992 14.38 7.18992 3.16667
116 2 9.58656 9.58656 14.3798 4.79328 3.3
61 1 13.77 13.77 13.77 0 2.85714
9 1 12.4882 12.4882 12.4882 0 3.16667
31 1 6.54825 6.54825 6.54825 0 2.8
224 1 5.13154 5.13154 5.13154 0 2.8
14 1 2.90324 2.90324 2.90324 0 2.66667
1 1 1.42566 1.42566 1.42566 0 0.666667
13 1 1.30552 1.30552 1.30552 0 2.66667
15 1 1.22429 1.22429 1.22429 0 2.66667
16 1 1.22429 1.22429 1.22429 0 2.66667
10 1 1.22429 1.22429 1.22429 0 2.66667
2 1 1.22429 1.22429 1.22429 0 2.66667
232 1 1.22409 1.22409 1.22409 0 3.8
92 1 1.15247 1.15247 1.15247 0 3.3
84 1 0.59049 0.59049 0.59049 0 1.66667
125 1 0.292322 0.292322 0.292322 0 0.666667
169 1 0.23159 0.23159 0.23159 0 1.8
218 1 0.081476 0.081476 0.081476 0 1.66667
245 1 0.0522582 0.0522582 0.0522582 0 3.66667
267 1 0.0475717 0.0475717 0.0475717 0 2.88889
228 1 0.0442184 0.0442184 0.0442184 0 1.66667
265 1 1e-08 1e-08 1e-08 0 2.8
266 1 1e-08 1e-08 1e-08 0 2.85714
268 1 1e-08 1e-08 1e-08 0 2.85714

271 4 36.6389 36.6377 36.638 0.000527336 2.85714
270 13 9.77815 9.77004 10.5227 0.751544 2.85714
6 11 4.64709 4.55652 11.2058 6.60797 1.66667
151 11 6.27211 6.27081 10.3993 4.12734 1.35714
269 10 3.7013 3.66528 10.9881 7.31675 2.90909
253 9 4.04834 3.93142 11.4013 7.43344 2.85714
264 6 24.4285 1.66667e-09 16.2912 11.4665 2.8
56 6 11.111 11.111 11.111 0 3.3
272 1 28.761 28.761 28.761 0 1.16667
116 2 14.3798 14.3798 14.3798 0 3.3
192 1 28.7597 28.7597 28.7597 0 2.66667
61 1 13.77 13.77 13.77 0 2.85714
9 1 12.4882 12.4882 12.4882 0 3.16667
31 1 6.54825 6.54825 6.54825 0 2.8
224 1 5.13154 5.13154 5.13154 0 2.8
14 1 2.90324 2.90324 2.90324 0 2.66667
1 1 1.42566 1.42566 1.42566 0 0.666667
13 1 1.30552 1.30552 1.30552 0 2.66667
10 1 1.22429 1.22429 1.22429 0 2.66667
16 1 1.22429 1.22429 1.22429 0 2.66667
15 1 1.22429 1.22429 1.22429 0 2.66667
2 1 1.22429 1.22429 1.22429 0 2.66667
92 1 1.15247 1.15247 1.15247 0 3.3
232 1 0.612046 0.612046 0.638174 0.0261274 3.8
84 1 0.59049 0.59049 0.59049 0 1.66667
125 1 0.292322 0.292322 0.292322 0 0.666667
169 1 0.23159 0.23159 0.23159 0 1.8
218 1 0.081476 0.081476 0.081476 0 1.66667
245 1 0.0522582 0.0522582 0.0522582 0 3.66667
228 1 0.0442184 0.0442184 0.0442184 0 1.66667
265 1 1e-08 1e-08 1e-08 0 2.8
268 1 1e-08 1e-08 1e-08 0 2.85714
243 1 1e-08 1e-08 1e-08 0 2.8
118 1 5e-09 5e-09 1e-08 5e-09 0.857143
273 1 1e-08 1e-08 1e-08 0 2.66667

269 6 24.6753 24.4361 24.4807 0.0875808 3.38889
253 2 72.7313 63.8092 68.2703 4.46103 2.85714
270 9 8.16127 8.14192 14.4776 6.32803 2.88889
271 9 2.04063 2.03549 13.5899 11.5522 2.85714
6 8 8.47411 8.34679 14.6724 6.24216 1.66667
151 7 6.27211 6.27211 15.094 8.82193 0.857143
264 7 11.2888 11.2567 14.495 3.21906 2.8
273 3 49.9295 3.33333e-09 33.2863 23.537 2.66667
275 5 29.3546 2e-09 17.6117 14.3799 3.38889
277 2 72.7295 5e-09 36.3648 36.3648 2.88889
56 4 11.111 11.111 16.6665 5.55551 3.3
274 3 48.02 0.00449282 16.0114 22.6335 1.8
272 2 14.3805 14.3798 14.3802 0.000330999 1.16667
116 2 14.3798 14.3798 14.3798 0 3.3
61 1 13.77 13.77 13.77 0 2.85714
9 1 12.4882 12.4882 12.4882 0 3.16667
31 1 6.54825 6.54825 6.54825 0 2.8
224 1 5.13154 5.13154 5.13154 0 2.8
14 1 2.90324 2.90324 2.90324 0 2.66667
1 1 1.42566 1.42566 1.42566 0 0.666667
13 1 1.30552 1.30552 1.30552 0 2.66667
15 1 1.22429 1.22429 1.22429 0 2.66667
16 1 1.22429 1.22429 1.22429 0 2.66667
10 1 1.22429 1.22429 1.22429 0 2.66667
2 1 1.22429 1.22429 1.22429 0 2.66667
232 1 1.22409 1.22409 1.22409 0 3.8
92 1 1.15247 1.15247 1.15247 0 3.3
84 1 0.59049 0.59049 0.59049 0 1.66667
125 1 0.292322 0.292322 0.292322 0 0.666667
169 1 0.0771966 0.0771966 0.0866404 0.0094438 1.66667
218 1 0.081476 0.081476 0.081476 0 1.66667
265 1 1e-08 1e-08 1e-08 0 2.8
268 1 1e-08 1e-08 1e-08 0 2.85714
118 1 1e-08 1e-08 1e-08 0 0.857143
276 1 1e-08 1e-08 1e-08 0 2.8
278 1 1e-08 1e-08 1e-08 0 2.66667
279 1 1e-08 1e-08 1e-08 0 3.3

282 1 146.522 146.522 146.522 0 0.857143
6 11 6.92948 6.82174 11.0675 4.20822 1.66667
269 10 2.5974 2.57503 12.0686 9.48842 2.88889
151 10 7.26244 7.26244 11.2389 3.97643 0.857143
270 4 36.6609 0.410989 27.5926 15.6933 3.3
271 10 12.4607 8.33333e-10 11.0133 3.67207 0.8
264 7 20.9558 1.42857e-09 14.9581 9.46033 2.8
253 8 4.40554 4.40554 12.1069 7.70134 2.85714
56 4 16.6665 16.6665 16.6665 0 3.3
272 2 14.3805 14.3798 14.3802 0.000330999 1.16667
116 2 14.3798 14.3798 14.3798 0 3.3
61 1 13.77 13.77 13.77 0 2.85714
9 1 12.4882 12.4882 12.4882 0 3.16667
31 1 6.54825 6.54825 6.54825 0 2.8
224 1 5.13154 5.13154 5.13154 0 2.8
14 1 2.90324 2.90324 2.90324 0 2.66667
1 1 1.42566 1.42566 1.42566 0 0.666667
13 1 1.30552 1.30552 1.30552 0 2.66667
10 1 1.22429 1.22429 1.22429 0 2.66667
16 1 1.22429 1.22429 1.22429 0 2.66667
15 1 1.22429 1.22429 1.22429 0 2.66667
2 1 1.22429 1.22429 1.22429 0 2.66667
232 1 1.22409 1.22409 1.22409 0 3.8
92 1 1.15247 1.15247 1.15247 0 3.3
84 1 0.59049 0.59049 0.59049 0 1.66667
125 1 0.292322 0.292322 0.292322 0 0.666667
169 1 0.23159 0.23159 0.23159 0 1.8
218 1 0.081476 0.081476 0.081476 0 1.66667
265 1 1e-08 1e-08 1e-08 0 2.8
268 1 1e-08 1e-08 1e-08 0 2.85714
118 1 1e-08 1e-08 1e-08 0 0.857143
278 1 1e-08 1e-08 1e-08 0 2.66667
280 1 1e-08 1e-08 1e-08 0 2.8
281 1 5e-09 5e-09 1e-08 5e-09 0.8
273 1 2.5e-09 2.5e-09 1e-08 7.5e-09 2.66667
283 1 1e-08 1e-08 1e-08 0 2.66667

284 1 145.152 145.152 145.152 0 2.85714
6 12 5.67046 5.54076 9.69506 4.13432 1.66667
269 12 5.4834 5.43618 9.51707 4.07155 2.88889
264 11 10.6992 0.00317611 9.6306 3.05947 3.35714
282 10 2.87554 2.82007 10.3317 7.50421 0.857143
151 10 4.75815 4.75815 10.0358 5.27766 0.857143
270 9 14.6557 1e-09 9.80664 6.85699 2.8
56 4 16.6665 16.6665 16.6665 0 3.3
272 2 14.3805 14.3798 14.3802 0.000330999 1.16667
116 2 14.3798 14.3798 14.3798 0 3.3
61 1 13.77 13.77 13.77 0 2.85714
9 1 12.4882 12.4882 12.4882 0 3.16667
31 1 6.54825 6.54825 6.54825 0 2.8
224 1 5.13154 5.13154 5.13154 0 2.8
14 1 2.90324 2.90324 2.90324 0 2.66667
1 1 1.42566 1.42566 1.42566 0 0.666667
13 1 1.30552 1.30552 1.30552 0 2.66667
15 1 1.22429 1.22429 1.22429 0 2.66667
16 1 1.22429 1.22429 1.22429 0 2.66667
10 1 1.22429 1.22429 1.22429 0 2.66667
2 1 1.22429 1.22429 1.22429 0 2.66667
232 1 1.22409 1.22409 1.22409 0 3.8
92 1 1.15247 1.15247 1.15247 0 3.3
84 1 0.59049 0.59049 0.59049 0 1.66667
125 1 0.292322 0.292322 0.292322 0 0.666667
169 1 0.23159 0.23159 0.23159 0 1.8
218 1 0.081476 0.081476 0.081476 0 1.66667
253 1 1e-08 1e-08 1e-08 0 2.8
268 1 1e-08 1e-08 1e-08 0 2.85714
118 1 1e-08 1e-08 1e-08 0 0.857143
278 1 1e-08 1e-08 1e-08 0 2.66667
273 1 1e-08 1e-08 1e-08 0 2.66667
283 1 1e-08 1e-08 1e-08 0 2.66667
271 1 1e-08 1e-08 1e-08 0 0.8
285 1 5e-09 5e-09 1e-08 5e-09 0.8
286 1 1e-08 1e-08 1e-08 0 2.85714

269 15 4.12086 4.07722 9.08636 5.00046 2.88889
264 14 5.34959 5.34959 9.40749 4.0579 2.66667
6 12 5.08386 4.96758 9.16477 4.1516 1.66667
151 11 6.27211 6.27081 9.29759 3.02584 0.857143
282 9 12.2324 0.136996 9.34478 4.9525 0.8
284 9 5.75108 5.58276 9.33752 3.72888 2.85714
56 4 16.6665 16.6665 16.6665 0 3.8
273 7 21.3983 1.42857e-09 9.17072 10.5894 2.66667
272 2 14.3805 14.3798 14.3802 0.000330999 1.16667
116 2 14.3798 14.3798 14.3798 0 3.3
61 1 13.77 13.77 13.77 0 2.85714
9 1 12.4882 12.4882 12.4882 0 3.16667
31 1 6.54825 6.54825 6.54825 0 2.8
224 1 5.13154 5.13154 5.13154 0 2.8
14 1 2.90324 2.90324 2.90324 0 2.66667
1 1 1.42566 1.42566 1.42566 0 0.666667
13 1 1.30552 1.30552 1.30552 0 2.66667
10 1 1.22429 1.22429 1.22429 0 2.66667
16 1 1.22429 1.22429 1.22429 0 2.66667
15 1 1.22429 1.22429 1.22429 0 2.66667
2 1 1.22429 1.22429 1.22429 0 2.66667
232 1 1.22409 1.22409 1.22409 0 3.8
92 1 1.15247 1.15247 1.15247 0 3.3
84 1 0.59049 0.59049 0.59049 0 1.66667
125 1 0.292322 0.292322 0.292322 0 0.666667
169 1 0.23159 0.23159 0.23159 0 1.8

269 14 4.36326 4.31708 8.5887 4.25914 3.38889
264 14 3.56639 3.56639 8.36493 4.79854 2.66667
6 13 4.9144 4.802 8.75548 3.8784 1.66667
284 12 7.14258 6.91199 8.69048 1.72976 2.85714
151 12 4.05842 4.05758 8.66369 4.60533 0.857143
282 11 9.78594 0.109597 8.91957 2.77975 0.8
56 4 16.6665 16.6665 16.6665 0 3.3
272 2 14.3805 14.3798 14.3802 0.000330999 2.66667
116 2 14.3798 14.3798 14.3798 0 3.3
61 1 13.77 13.77 13.77 0 2.85714
9 1 12.4882 12.4882 12.4882 0 3.16667
31 1 6.54825 6.54825 6.54825 0 2.8
224 1 5.13154 5.13154 5.13154 0 2.8
14 1 2.90324 2.90324 2.90324 0 2.66667
1 1 1.42566 1.42566 1.42566 0 0.666667
13 1 1.30552 1.30552 1.30552 0 2.66667
10 1 1.22429 1.22429 1.22429 0 2.66667
16 1 1.22429 1.22429 1.22429 0 2.66667
15 1 1.22429 1.22429 1.22429 0 2.66667
2 1 1.22429 1.22429 1.22429 0 2.66667
232 1 1.22409 1.22409 1.22409 0 3.8
92 1 1.15247 1.15247 1.15247 0 3.3
84 1 0.59049 0.59049 0.59049 0 1.66667
125 1 0.292322 0.292322 0.292322 0 0.666667
169 1 0.23159 0.23159 0.23159 0 1.8
289 1 1e-08 1e-08 1e-08 0 2.85714

264 15 4.99295 4.99295 8.97817 3.98522 2.66667
284 14 5.35693 5.18399 9.28586 4.05149 2.85714
6 14 3.87979 3.87979 8.96866 5.08887 1.66667
282 12 11.2915 7.69231e-10 9.41387 4.18183 0.8
269 12 4.49548 4.44914 9.27155 4.80764 2.88889
151 10 4.44443 4.1814 9.58175 5.37462 0.857143
56 4 16.6665 16.6665 16.6665 0 3.3
272 2 14.3805 14.3798 14.3802 0.000330999 1.16667
116 2 14.3798 14.3798 14.3798 0 3.3
61 1 13.77 13.77 13.77 0 2.85714
9 1 12.4882 12.4882 12.4882 0 3.16667
31 1 6.54825 6.54825 6.54825 0 2.8
224 1 5.13154 5.13154 5.13154 0 2.8
14 1 2.90324 2.90324 2.90324 0 2.66667
1 1 1.42566 1.42566 1.42566 0 0.666667
13 1 1.30552 1.30552 1.30552 0 2.66667
10 1 1.22429 1.22429 1.22429 0 2.66667
16 1 1.22429 1.22429 1.22429 0 2.66667
15 1 1.22429 1.22429 1.22429 0 2.66667
2 1 1.22429 1.22429 1.22429 0 2.66667
232 1 1.22409 1.22409 1.22409 0 3.8
92 1 1.15247 1.15247 1.15247 0 3.3
84 1 0.59049 0.59049 0.59049 0 1.66667
125 1 0.292322 0.292322 0.292322 0 0.666667
169 1 0.23159 0.23159 0.23159 0 1.8

6 13 10.5309 10.5309 11.3409 0.810066 1.66667
269 11 13.4864 13.3474 13.395 0.0544206 2.88889
151 9 15.3318 15.3287 15.3315 0.000994566 0.857143
282 11 10.4945 10.4674 11.4426 0.960664 0.8
292 7 21.4277 0.0066723 17.7563 7.30437 2.85714
264 10 2.17085 2.17085 11.5122 9.34138 2.66667
284 10 2.8845 2.8183 11.2621 8.40453 2.85714
56 4 16.6665 16.6665 16.6665 0 3.3
272 2 14.3805 14.3798 14.3802 0.000330999 1.16667
116 2 14.3798 14.3798 14.3798 0 3.3
61 1 13.77 13.77 13.77 0 2.85714
9 1 12.4882 12.4882 12.4882 0 3.16667
31 1 6.54825 6.54825 6.54825 0 2.8
224 1 5.13154 5.13154 5.13154 0 2.8
14 1 2.90324 2.90324 2.90324 0 2.66667
1 1 1.42566 1.42566 1.42566 0 0.666667
13 1 1.30552 1.30552 1.30552 0 2.66667
10 1 1.22429 1.22429 1.22429 0 2.66667
16 1 1.22429 1.22429 1.22429 0 2.66667
15 1 1.22429 1.22429 1.22429 0 2.66667
2 1 1.22429 1.22429 1.22429 0 2.66667
232 1 1.22409 1.22409 1.22409 0 3.8
92 1 1.15247 1.15247 1.15247 0 3.3
84 1 0.59049 0.59049 0.59049 0 1.66667
125 1 0.292322 0.292322 0.292322 0 0.666667
169 1 0.23159 0.23159 0.23159 0 1.8
293 1 0.0467055 0.0467055 0.0467055 0 2.88889

264 10 14.9788 14.9788 14.9788 1.77636e-15 2.66667
282 9 16.3099 16.2857 16.3055 0.00818524 0.8
292 14 8.82318 8.62069 9.89933 1.16357 2.85714
151 9 15.3318 15.3287 15.3311 0.00131569 0.857143
269 12 2.39992 2.37163 10.63 8.24499 2.88889
6 10 2.37794 2.37794 10.6321 8.25421 1.66667
56 4 16.6665 16.6665 16.6665 0 3.3
272 2 14.3805 14.3798 14.3802 0.000330999 1.16667
116 2 14.3798 14.3798 14.3798 0 3.3
61 1 13.77 13.77 13.77 0 2.85714
9 1 12.4882 12.4882 12.4882 0 3.16667
31 1 6.54825 6.54825 6.54825 0 2.8
224 1 5.13154 5.13154 5.13154 0 2.8
14 1 2.90324 2.90324 2.90324 0 2.66667
1 1 1.42566 1.42566 1.42566 0 0.666667
13 1 1.30552 1.30552 1.30552 0 2.66667
10 1 1.22429 1.22429 1.22429 0 2.66667
16 1 1.22429 1.22429 1.22429 0 2.66667
15 1 1.22429 1.22429 1.22429 0 2.66667
2 1 1.22429 1.22429 1.22429 0 2.66667
232 1 1.22409 1.22409 1.22409 0 3.8
92 1 1.15247 1.15247 1.15247 0 3.3
84 1 0.59049 0.59049 0.59049 0 1.66667
125 1 0.292322 0.292322 0.292322 0 0.666667
169 1 0.23159 0.23159 0.23159 0 1.8
293 1 0.0467055 0.0467055 0.0467055 0 2.88889
294 1 1e-08 1e-08 1e-08 0 3.66667
295 1 1e-08 1e-08 1e-08 0 3.66667

6 10 14.7432 14.7432 14.7432 0 1.66667
151 8 17.2483 17.2447 17.2474 0.00154164 0.857143
269 10 14.8795 0.513154 13.3836 4.2904 2.8
282 13 2.45892 2.40861 9.99973 7.56121 2.85714
292 4 37.1343 0.0116764 27.6284 15.9456 2.88889
264 11 2.41594 2.41594 9.58693 7.17099 2.8
56 4 16.6665 16.6665 16.6665 0 3.3
272 2 14.3805 14.3798 14.3802 0.000330999 2.66667
116 2 14.3798 14.3798 14.3798 0 3.3
61 1 13.77 13.77 13.77 0 2.85714
9 1 12.4882 12.4882 12.4882 0 3.16667
31 1 6.54825 6.54825 6.54825 0 2.8
14 1 2.90324 2.90324 2.90324 0 2.66667
1 1 1.42566 1.42566 1.42566 0 0.666667
13 1 1.30552 1.30552 1.30552 0 2.66667
15 1 1.22429 1.22429 1.22429 0 2.66667
16 1 1.22429 1.22429 1.22429 0 2.66667
10 1 1.22429 1.22429 1.22429 0 2.66667
2 1 1.22429 1.22429 1.22429 0 2.66667
232 1 1.22409 1.22409 1.22409 0 3.8
92 1 1.15247 1.15247 1.15247 0 3.3
84 1 0.59049 0.59049 0.59049 0 1.66667
169 1 0.23159 0.23159 0.23159 0 1.8
125 1 0.146161 0.146161 0.146161 5e-09 0.8
297 1 0.000204778 0.000204778 0.000204785 7.5e-09 0.8
294 1 1e-08 1e-08 1e-08 0 3.66667
295 1 1e-08 1e-08 1e-08 0 3.66667
296 1 5e-09 5e-09 1e-08 5e-09 2.8
298 1 5e-09 5e-09 1e-08 5e-09 2.8
299 1 1e-08 1e-08 1e-08 0 0.8
300 1 1e-08 1e-08 1e-08 0 0.8

264 11 13.6171 13.6171 13.6171 5.32907e-15 2.66667
282 15 9.99961 9.77011 9.89822 0.0864989 2.85714
301 9 16.5328 16.3379 16.4596 0.0540766 3.38889
6 13 2.77418 2.73022 8.9853 6.2492 1.66667
151 11 2.32309 2.15604 8.97893 6.80787 0.857143
56 4 16.6665 16.6665 16.6665 0 3.3
272 2 14.3805 14.3798 14.3802 0.000330999 1.16667
116 2 14.3798 14.3798 14.3798 0 3.3
61 1 13.77 13.77 13.77 0 2.85714
9 1 12.4882 12.4882 12.4882 0 3.16667
31 1 6.54825 6.54825 6.54825 0 2.8
269 1 5.13154 5.13154 5.13154 0 2.8
14 1 2.90324 2.90324 2.90324 0 2.66667
1 1 1.42566 1.42566 1.42566 0 0.666667
13 1 1.30552 1.30552 1.30552 0 2.66667
302 1 1.2444 1.2444 1.2444 0 1.16667
16 1 1.22429 1.22429 1.22429 0 2.66667
10 1 1.22429 1.22429 1.22429 0 2.66667
15 1 1.22429 1.22429 1.22429 0 2.66667
2 1 1.22429 1.22429 1.22429 0 2.66667
232 1 1.22409 1.22409 1.22409 0 3.8
92 1 1.15247 1.15247 1.15247 0 3.3
84 1 0.59049 0.59049 0.59049 0 1.66667
169 1 0.23159 0.23159 0.23159 0 1.8
125 1 0.0974407 0.0974407 0.0974407 6.66667e-09 0.8
292 1 0.0467055 0.0467055 0.0467055 0 2.88889
297 1 0.000819112 0.000819112 0.000819112 0 0.857143
294 1 1e-08 1e-08 1e-08 0 3.66667
295 1 1e-08 1e-08 1e-08 0 3.66667
296 1 5e-09 5e-09 1e-08 5e-09 2.8

6 13 11.5235 11.3409 11.3654 0.0550487 1.66667
301 11 13.5268 13.1565 13.4301 0.0991413 2.88889
151 10 13.7986 13.7958 13.7981 0.00113929 0.857143
282 13 2.45892 2.45128 9.27984 6.82566 2.85714
264 11 2.41594 2.41594 9.14872 6.73278 2.8
297 2 74.339 0.000409556 37.1697 37.1693 0.857143
56 4 16.6665 16.6665 16.6665 0 3.3
272 2 14.3805 14.3798 14.3802 0.000330999 1.16667
116 2 14.3798 14.3798 14.3798 0 3.3
61 1 13.77 13.77 13.77 0 2.85714
9 1 12.4882 12.4882 12.4882 0 3.16667
31 1 6.54825 6.54825 6.54825 0 2.8
269 1 5.13154 5.13154 5.13154 0 2.8
14 1 2.90324 2.90324 2.90324 0 2.66667
1 1 1.42566 1.42566 1.42566 0 0.666667
13 1 1.30552 1.30552 1.30552 0 2.66667
302 1 1.2444 1.2444 1.2444 0 1.16667
16 1 1.22429 1.22429 1.22429 0 2.66667
10 1 1.22429 1.22429 1.22429 0 2.66667
15 1 1.22429 1.22429 1.22429 0 2.66667
2 1 1.22429 1.22429 1.22429 0 2.66667
232 1 1.22409 1.22409 1.22409 0 3.8
92 1 1.15247 1.15247 1.15247 0 3.3
84 1 0.59049 0.59049 0.59049 0 1.66667
303 1 0.292322 0.292322 0.292322 0 0.666667
169 1 0.23159 0.23159 0.23159 0 1.8
292 1 0.0467055 0.0467055 0.0467055 0 2.88889
294 1 1e-08 1e-08 1e-08 0 3.66667
295 1 1e-08 1e-08 1e-08 0 3.66667
296 1 1e-08 1e-08 1e-08 0 2.8
304 1 1e-08 1e-08 1e-08 0 2.66667

264 11 13.6171 13.6171 13.6171 5.32907e-15 2.66667
282 13 11.538 11.5022 11.5158 0.0170016 2.85714
151 10 13.7986 13.7958 13.7975 0.00139534 0.857143
301 12 2.88261 2.84715 10.5579 7.70078 3.38889
6 10 2.37787 2.34339 10.4443 8.07696 1.66667
305 7 20.956 1.42857e-09 11.8395 10.2549 2.90909
297 2 74.339 0.000409556 37.1697 37.1693 0.8
56 4 16.6665 16.6665 16.6665 0 3.3
272 2 14.3805 14.3798 14.3802 0.000330999 2.66667
116 2 14.3798 14.3798 14.3798 0 3.3
61 1 13.77 13.77 13.77 0 2.85714
9 1 12.4882 12.4882 12.4882 0 3.16667
31 1 6.54825 6.54825 6.54825 0 2.8
269 1 5.13154 5.13154 5.13154 0 2.8
14 1 2.90324 2.90324 2.90324 0 2.66667
1 1 1.42566 1.42566 1.42566 0 0.666667
13 1 1.30552 1.30552 1.30552 0 2.66667
302 1 1.2444 1.2444 1.2444 0 1.16667
15 1 1.22429 1.22429 1.22429 0 2.66667
10 1 1.22429 1.22429 1.22429 0 2.66667
16 1 1.22429 1.22429 1.22429 0 2.66667
2 1 1.22429 1.22429 1.22429 0 2.66667
232 1 1.22409 1.22409 1.22409 0 3.8
92 1 1.15247 1.15247 1.15247 0 3.3
84 1 0.59049 0.59049 0.59049 0 1.66667
303 1 0.292322 0.292322 0.292322 0 0.666667
169 1 0.23159 0.23159 0.23159 0 1.8
292 1 0.0467055 0.0467055 0.0467055 0 2.88889
294 1 1e-08 1e-08 1e-08 0 3.66667
295 1 1e-08 1e-08 1e-08 0 3.66667
296 1 1e-08 1e-08 1e-08 0 2.8
304 1 1e-08 1e-08 1e-08 0 2.66667
306 1 1e-08 1e-08 1e-08 0 2.88889
307 1 1e-08 1e-08 1e-08 0 1.8

6 10 14.9806 14.7633 14.9144 0.08562 1.66667
151 10 13.7986 13.7958 13.7981 0.00113929 1.35714
282 13 2.45892 2.45691 9.33199 6.87328 2.85714
301 13 7.49479 7.3346 9.08828 1.66758 2.88889
264 12 2.37941 2.37759 9.48003 7.10228 2.66667
297 2 74.339 0.000409556 37.1697 37.1693 0.8
56 4 16.6665 16.6665 16.6665 0 3.3
272 2 14.3805 14.3798 14.3802 0.000330999 1.16667
116 2 14.3798 14.3798 14.3798 0 3.3
61 1 13.77 13.77 13.77 0 2.85714
9 1 12.4882 12.4882 12.4882 0 3.16667
31 1 6.54825 6.54825 6.54825 0 2.8
269 1 5.13154 5.13154 5.13154 0 2.8
14 1 2.90324 2.90324 2.90324 0 2.66667
1 1 1.42566 1.42566 1.42566 0 0.666667
13 1 1.30552 1.30552 1.30552 0 2.66667
302 1 1.2444 1.2444 1.2444 0 1.16667
15 1 1.22429 1.22429 1.22429 0 2.66667
10 1 1.22429 1.22429 1.22429 0 2.66667
16 1 1.22429 1.22429 1.22429 0 2.66667
2 1 1.22429 1.22429 1.22429 0 2.66667
232 1 1.22409 1.22409 1.22409 0 3.8
92 1 1.15247 1.15247 1.15247 0 3.3
84 1 0.59049 0.59049 0.59049 0 1.66667
303 1 0.292322 0.292322 0.292322 0 0.666667
169 1 0.23159 0.23159 0.23159 0 1.8
292 1 0.0467055 0.0467055 0.0467055 0 2.88889
294 1 1e-08 1e-08 1e-08 0 3.66667
295 1 1e-08 1e-08 1e-08 0 3.66667
296 1 1e-08 1e-08 1e-08 0 2.8
304 1 1e-08 1e-08 1e-08 0 2.66667
307 1 1e-08 1e-08 1e-08 0 1.8

282 13 11.538 11.5286 11.537 0.00262162 2.85714
264 12 12.4919 12.4824 12.4832 0.00263938 2.66667
301 13 11.5304 11.284 11.4172 0.0623671 2.88889
6 12 2.14008 2.14008 9.78155 7.64147 2.16667
151 10 2.75973 2.75973 9.27465 6.51492 0.857143
297 2 74.339 0.000409556 37.1697 37.1693 0.8
56 4 16.6665 16.6665 16.6665 0 3.3
272 2 14.3805 14.3798 14.3802 0.000330999 1.16667
116 2 14.3798 14.3798 14.3798 0 3.3
61 1 13.77 13.77 13.77 0 2.85714
9 1 12.4882 12.4882 12.4882 0 3.16667
31 1 6.54825 6.54825 6.54825 0 2.8
269 1 5.13154 5.13154 5.13154 0 2.8
14 1 2.90324 2.90324 2.90324 0 2.66667
1 1 1.42566 1.42566 1.42566 0 0.666667
13 1 1.30552 1.30552 1.30552 0 2.66667
302 1 1.2444 1.2444 1.2444 0 1.16667
15 1 1.22429 1.22429 1.22429 0 2.66667
10 1 1.22429 1.22429 1.22429 0 2.66667
16 1 1.22429 1.22429 1.22429 0 2.66667
2 1 1.22429 1.22429 1.22429 0 2.66667
232 1 1.22409 1.22409 1.22409 0 3.8
92 1 1.15247 1.15247 1.15247 0 3.3
84 1 0.59049 0.59049 0.59049 0 1.66667
303 1 0.292322 0.292322 0.292322 0 0.666667
169 1 0.23159 0.23159 0.23159 0 1.8
292 1 0.0467055 0.0467055 0.0467055 0 2.88889
294 1 1e-08 1e-08 1e-08 0 3.66667
295 1 1e-08 1e-08 1e-08 0 3.66667
296 1 1e-08 1e-08 1e-08 0 2.8
304 1 1e-08 1e-08 1e-08 0 2.66667
307 1 1e-08 1e-08 1e-08 0 1.8

6 12 12.4838 12.4838 12.4838 0 2.16667
301 13 11.5304 11.284 11.4172 0.0623671 3.38889
151 10 13.7986 13.7958 13.7975 0.00139534 0.857143
282 12 2.54232 2.54227 9.8123 7.27002 2.85714
264 11 2.27126 2.26952 9.67633 7.40665 2.66667
297 2 74.339 0.000409556 37.1697 37.1693 0.857143
56 4 16.6665 16.6665 16.6665 0 3.3
272 2 14.3805 14.3798 14.3802 0.000330999 2.66667
116 2 14.3798 14.3798 14.3798 0 3.3
61 1 13.77 13.77 13.77 0 2.85714
9 1 12.4882 12.4882 12.4882 0 3.16667
31 1 6.54825 6.54825 6.54825 0 2.8
269 1 5.13154 5.13154 5.13154 0 2.8
14 1 2.90324 2.90324 2.90324 0 2.66667
1 1 1.42566 1.42566 1.42566 0 0.666667
13 1 1.30552 1.30552 1.30552 0 2.66667
302 1 1.2444 1.2444 1.2444 0 1.16667
15 1 1.22429 1.22429 1.22429 0 2.66667
10 1 1.22429 1.22429 1.22429 0 2.66667
16 1 1.22429 1.22429 1.22429 0 2.66667
2 1 1.22429 1.22429 1.22429 0 2.66667
232 1 1.22409 1.22409 1.22409 0 3.8
92 1 1.15247 1.15247 1.15247 0 3.3
84 1 0.59049 0.59049 0.59049 0 1.66667
303 1 0.292322 0.292322 0.292322 0 0.666667
169 1 0.23159 0.23159 0.23159 0 1.8
292 1 0.0467055 0.0467055 0.0467055 0 2.88889
294 1 1e-08 1e-08 1e-08 0 3.66667
295 1 1e-08 1e-08 1e-08 0 3.66667
296 1 1e-08 1e-08 1e-08 0 2.8
304 1 1e-08 1e-08 1e-08 0 2.66667
307 1 1e-08 1e-08 1e-08 0 1.8

282 12 12.4997 12.4995 12.4995 6.29682e-05 2.85714
264 11 13.6275 13.6171 13.6181 0.0029949 2.66667
151 10 13.7986 13.7958 13.7975 0.00139534 0.857143
6 13 2.49848 2.49676 9.34599 6.8491 2.16667
301 12 2.3793 2.36183 9.48486 7.11579 2.88889
297 2 74.339 0.000409556 37.1697 37.1693 0.857143
56 4 16.6665 16.6665 16.6665 0 3.3
272 2 14.3805 14.3798 14.3802 0.000330999 1.16667
116 2 14.3798 14.3798 14.3798 0 3.3
61 1 13.77 13.77 13.77 0 2.85714
9 1 12.4882 12.4882 12.4882 0 3.16667
31 1 6.54825 6.54825 6.54825 0 2.8
269 1 5.13154 5.13154 5.13154 0 2.8
14 1 2.90324 2.90324 2.90324 0 2.66667
1 1 1.42566 1.42566 1.42566 0 0.666667
13 1 1.30552 1.30552 1.30552 0 2.66667
302 1 1.2444 1.2444 1.2444 0 1.16667
15 1 1.22429 1.22429 1.22429 0 2.66667
10 1 1.22429 1.22429 1.22429 0 2.66667
16 1 1.22429 1.22429 1.22429 0 2.66667
2 1 1.22429 1.22429 1.22429 0 2.66667
232 1 1.22409 1.22409 1.22409 0 3.8
92 1 1.15247 1.15247 1.15247 0 3.3
84 1 0.59049 0.59049 0.59049 0 1.66667
303 1 0.292322 0.292322 0.292322 0 0.666667
169 1 0.23159 0.23159 0.23159 0 1.8
308 1 0.0522582 0.0522582 0.0522582 0 4.16667
292 1 0.0467055 0.0467055 0.0467055 0 2.88889
294 1 1e-08 1e-08 1e-08 0 3.66667
295 1 1e-08 1e-08 1e-08 0 3.66667
296 1 1e-08 1e-08 1e-08 0 2.8
304 1 1e-08 1e-08 1e-08 0 2.66667
307 1 5e-09 5e-09 1e-08 5e-09 1.8

6 13 11.5315 11.5235 11.5241 0.00211796 2.16667
301 12 12.4913 12.3996 12.4376 0.0449925 2.88889
151 10 13.7986 13.7958 13.7975 0.00139534 0.857143
264 11 2.54073 2.53879 9.84995 7.31046 2.66667
282 11 2.3809 2.38086 9.80737 7.4265 2.85714
297 2 74.339 0.000409556 37.1697 37.1693 0.857143
56 4 16.6665 16.6665 16.6665 0 3.8
272 2 14.3805 14.3798 14.3802 0.000330999 2.66667
116 2 14.3798 14.3798 14.3798 0 3.3
61 1 13.77 13.77 13.77 0 2.85714
9 1 12.4882 12.4882 12.4882 0 3.16667
31 1 6.54825 6.54825 6.54825 0 2.8
269 1 5.13154 5.13154 5.13154 0 2.8
14 1 2.90324 2.90324 2.90324 0 2.66667
1 1 1.42566 1.42566 1.42566 0 0.666667
13 1 1.30552 1.30552 1.30552 0 2.66667
302 1 1.2444 1.2444 1.2444 0 1.16667
16 1 1.22429 1.22429 1.22429 0 2.66667
10 1 1.22429 1.22429 1.22429 0 2.66667
15 1 1.22429 1.22429 1.22429 0 2.66667
2 1 1.22429 1.22429 1.22429 0 2.66667
232 1 1.22409 1.22409 1.22409 0 3.8
92 1 1.15247 1.15247 1.15247 0 3.3
84 1 0.59049 0.59049 0.59049 0 1.66667
303 1 0.292322 0.292322 0.292322 0 0.666667
169 1 0.23159 0.23159 0.23159 0 1.8
308 1 0.0522582 0.0522582 0.0522582 0 4.16667
292 1 0.0467055 0.0467055 0.0467055 0 2.88889
294 1 1e-08 1e-08 1e-08 0 3.66667
295 1 1e-08 1e-08 1e-08 0 3.66667
296 1 1e-08 1e-08 1e-08 0 2.8
304 1 1e-08 1e-08 1e-08 0 2.66667
307 1 1e-08 1e-08 1e-08 0 1.8
309 1 1e-08 1e-08 1e-08 0 2.66667

282 11 13.6361 13.6358 13.6359 0.000118798 2.85714
264 11 13.6275 13.6171 13.6209 0.00501142 2.66667
151 10 13.7986 13.7958 13.7978 0.00130522 0.857143
6 12 2.41788 2.41622 9.43148 7.01484 2.16667
301 12 2.41812 2.39992 9.16688 6.75219 3.38889
297 2 74.339 0.000409556 37.1697 37.1693 0.857143
56 4 16.6665 16.6665 16.6665 0 3.3
272 2 14.3805 14.3798 14.3802 0.000330999 2.66667
116 2 14.3798 14.3798 14.3798 0 3.3
61 1 13.77 13.77 13.77 0 2.85714
9 1 12.4882 12.4882 12.4882 0 3.16667
31 1 6.54825 6.54825 6.54825 0 2.8
269 1 5.13154 5.13154 5.13154 0 2.8
14 1 2.90324 2.90324 2.90324 0 2.66667
1 1 1.42566 1.42566 1.42566 0 0.666667
13 1 1.30552 1.30552 1.30552 0 2.66667
302 1 1.2444 1.2444 1.2444 0 1.16667
15 1 1.22429 1.22429 1.22429 0 2.66667
10 1 1.22429 1.22429 1.22429 0 2.66667
16 1 1.22429 1.22429 1.22429 0 2.66667
2 1 1.22429 1.22429 1.22429 0 2.66667
232 1 1.22409 1.22409 1.22409 0 3.8
92 1 1.15247 1.15247 1.15247 0 3.3
84 1 0.59049 0.59049 0.59049 0 1.66667
303 1 0.292322 0.292322 0.292322 0 0.666667
169 1 0.115795 0.115795 0.129135 0.0133403 1.8
308 1 0.0522582 0.0522582 0.0522582 0 4.16667
292 1 0.0467055 0.0467055 0.0467055 0 2.88889
294 1 1e-08 1e-08 1e-08 0 3.66667
295 1 1e-08 1e-08 1e-08 0 3.66667
296 1 1e-08 1e-08 1e-08 0 2.8
304 1 1e-08 1e-08 1e-08 0 2.66667
307 1 1e-08 1e-08 1e-08 0 1.8
309 1 1e-08 1e-08 1e-08 0 2.66667

6 12 12.4924 12.4838 12.4859 0.00372849 2.16667
301 12 12.4936 12.3996 12.4759 0.0341337 3.38889
151 10 13.7986 13.7958 13.7983 0.000854466 0.857143
264 13 2.62988 2.62988 9.28142 6.65154 2.66667
282 12 2.38093 2.3809 9.2202 6.83929 2.85714
297 2 74.339 0.000409556 37.1697 37.1693 0.8
56 4 16.6665 16.6665 16.6665 0 3.3
272 2 14.3805 14.3798 14.3802 0.000330999 1.16667
116 2 14.3798 14.3798 14.3798 0 3.3
61 1 13.77 13.77 13.77 0 2.85714
9 1 12.4882 12.4882 12.4882 0 3.16667
31 1 6.54825 6.54825 6.54825 0 2.8
269 1 5.13154 5.13154 5.13154 0 2.8
14 1 2.90324 2.90324 2.90324 0 2.66667
1 1 1.42566 1.42566 1.42566 0 0.666667
13 1 1.30552 1.30552 1.30552 0 2.66667
302 1 1.2444 1.2444 1.2444 0 1.16667
16 1 1.22429 1.22429 1.22429 0 2.66667
10 1 1.22429 1.22429 1.22429 0 2.66667
15 1 1.22429 1.22429 1.22429 0 2.66667
2 1 1.22429 1.22429 1.22429 0 2.66667
232 1 1.22409 1.22409 1.22409 0 3.8
92 1 1.15247 1.15247 1.15247 0 3.3
84 1 0.59049 0.59049 0.59049 0 1.66667
303 1 0.292322 0.292322 0.292322 0 0.666667
169 1 0.23159 0.23159 0.23159 0 1.8
308 1 0.0522582 0.0522582 0.0522582 0 4.16667
292 1 0.0467055 0.0467055 0.0467055 0 2.88889
310 1 0.00455812 0.00455812 0.00455812 0 2.66667
294 1 1e-08 1e-08 1e-08 0 3.66667
295 1 1e-08 1e-08 1e-08 0 3.66667
296 1 1e-08 1e-08 1e-08 0 2.8
304 1 1e-08 1e-08 1e-08 0 2.66667
307 1 1e-08 1e-08 1e-08 0 1.8
309 1 1e-08 1e-08 1e-08 0 2.66667
311 1 1e-08 1e-08 1e-08 0 2.66667

282 12 12.4999 12.4997 12.4997 4.0752e-05 0.857143
151 10 13.7986 13.7958 13.7978 0.00130522 0.857143
6 13 3.05936 3.05726 10.3296 7.27035 4.16667
264 12 9.99354 9.99354 10.8264 0.83282 2.66667
301 11 2.23867 2.23725 10.9064 8.66892 3.38889
312 1 88.0033 88.0033 88.0033 0 4.3
297 2 74.339 0.000409556 37.1697 37.1693 0.8
56 4 16.6665 16.6665 16.6665 0 3.8
272 2 14.3805 14.3798 14.3802 0.000330999 2.66667
116 2 14.3798 14.3798 14.3798 0 3.3
61 1 13.77 13.77 13.77 0 2.85714
9 1 12.4882 12.4882 12.4882 0 3.16667
31 1 6.54825 6.54825 6.54825 0 2.8
269 1 5.13154 5.13154 5.13154 0 2.8
14 1 2.90324 2.90324 2.90324 0 2.66667
1 1 1.42566 1.42566 1.42566 0 0.666667
13 1 1.30552 1.30552 1.30552 0 2.66667
302 1 1.2444 1.2444 1.2444 0 1.16667
15 1 1.22429 1.22429 1.22429 0 2.66667
10 1 1.22429 1.22429 1.22429 0 2.66667
16 1 1.22429 1.22429 1.22429 0 2.66667
2 1 1.22429 1.22429 1.22429 0 2.66667
232 1 1.22409 1.22409 1.22409 0 3.8
92 1 1.15247 1.15247 1.15247 0 3.3
84 1 0.59049 0.59049 0.59049 0 1.66667
303 1 0.292322 0.292322 0.292322 0 0.666667
169 1 0.23159 0.23159 0.23159 0 1.8
308 1 0.0522582 0.0522582 0.0522582 0 4.16667
315 1 0.0514704 0.0514704 0.0514704 0 1.8
292 1 0.0467055 0.0467055 0.0467055 0 2.88889
313 1 0.0146382 0.0146382 0.0146382 0 2.16667
295 1 3.33333e-09 3.33333e-09 1e-08 6.66667e-09 3.66667
296 1 1e-08 1e-08 1e-08 0 2.8
307 1 3.33333e-09 3.33333e-09 1e-08 6.66667e-09 2.16667
309 1 1e-08 1e-08 1e-08 0 2.66667
311 1 1e-08 1e-08 1e-08 0 2.66667
294 1 1e-08 1e-08 1e-08 0 3.66667
314 1 1e-08 1e-08 1e-08 0 4.16667

301 11 13.6356 13.6269 13.6281 0.00253327 2.88889
264 12 12.4919 12.4919 12.4919 0 2.66667
6 13 11.5315 7.69231e-10 10.2775 3.22502 4.3
282 11 2.11266 2.11263 9.2721 7.15946 0.857143
315 3 49.9696 0.0171568 33.3188 23.5478 1.8
151 10 2.65358 2.65358 9.64671 6.99313 0.857143
56 4 16.6665 16.6665 16.6665 0 3.8
272 2 14.3805 14.3798 14.3802 0.000330999 2.66667
116 2 14.3798 14.3798 14.3798 0 3.3
61 1 13.77 13.77 13.77 0 2.85714
9 1 12.4882 12.4882 12.4882 0 3.16667
31 1 6.54825 6.54825 6.54825 0 2.8
269 1 5.13154 5.13154 5.13154 0 2.8
14 1 2.90324 2.90324 2.90324 0 2.66667
1 1 1.42566 1.42566 1.42566 0 0.666667
13 1 1.30552 1.30552 1.30552 0 2.66667
302 1 1.2444 1.2444 1.2444 0 1.16667
16 1 1.22429 1.22429 1.22429 0 2.66667
10 1 1.22429 1.22429 1.22429 0 2.66667
15 1 1.22429 1.22429 1.22429 0 2.66667
2 1 1.22429 1.22429 1.22429 0 2.66667
232 1 1.22409 1.22409 1.22409 0 3.8
92 1 1.15247 1.15247 1.15247 0 3.3
84 1 0.59049 0.59049 0.59049 0 1.66667
303 1 0.292322 0.292322 0.292322 0 0.666667
169 1 0.23159 0.23159 0.23159 0 1.8
308 1 0.0522582 0.0522582 0.0522582 0 4.16667
292 1 0.0467055 0.0467055 0.0467055 0 2.88889
313 1 0.0146382 0.0146382 0.0146382 0 2.16667
297 1 0.000819112 0.000819112 0.000819112 0 0.857143
295 1 1e-08 1e-08 1e-08 0 3.66667
296 1 1e-08 1e-08 1e-08 0 2.8
307 1 1e-08 1e-08 1e-08 0 1.8
309 1 1e-08 1e-08 1e-08 0 2.66667
311 1 1e-08 1e-08 1e-08 0 2.66667
294 1 1e-08 1e-08 1e-08 0 3.66667

282 11 13.6362 13.6361 13.6361 7.14267e-05 0.857143
316 1 149.806 149.806 149.806 0 2.16667
315 13 11.5315 0.00395926 10.6447 3.07172 2.16667
151 10 13.7986 13.7958 13.7983 0.000854466 0.857143
264 11 2.49838 2.49838 10.7305 8.23216 2.66667
301 9 2.41921 2.41767 11.1018 8.68345 3.38889
6 1 88.0033 88.0033 88.0033 0 4.3
56 4 16.6665 16.6665 16.6665 0 3.3
272 2 14.3805 14.3798 14.3802 0.000330999 1.16667
116 2 14.3798 14.3798 14.3798 0 3.3
61 1 13.77 13.77 13.77 0 2.85714
9 1 12.4882 12.4882 12.4882 0 3.16667
31 1 6.54825 6.54825 6.54825 0 2.8
269 1 5.13154 5.13154 5.13154 0 2.8
14 1 2.90324 2.90324 2.90324 0 2.66667
1 1 1.42566 1.42566 1.42566 0 0.666667
13 1 1.30552 1.30552 1.30552 0 2.66667
302 1 1.2444 1.2444 1.2444 0 1.16667
15 1 1.22429 1.22429 1.22429 0 2.66667
10 1 1.22429 1.22429 1.22429 0 2.66667
16 1 1.22429 1.22429 1.22429 0 2.66667
2 1 1.22429 1.22429 1.22429 0 2.66667
232 1 1.22409 1.22409 1.22409 0 3.8
92 1 1.15247 1.15247 1.15247 0 3.3
84 1 0.59049 0.59049 0.59049 0 1.66667
303 1 0.292322 0.292322 0.292322 0 0.666667
169 1 0.23159 0.23159 0.23159 0 1.8
308 1 0.0522582 0.0522582 0.0522582 0 4.16667
292 1 0.0467055 0.0467055 0.0467055 0 2.88889
318 1 0.0213306 0.0213306 0.0213306 0 2.66667
313 1 0.0146382 0.0146382 0.0146382 0 2.16667
297 1 0.000819112 0.000819112 0.000819112 0 0.857143
295 1 1e-08 1e-08 1e-08 0 3.66667
296 1 1e-08 1e-08 1e-08 0 2.8
307 1 1e-08 1e-08 1e-08 0 1.8
309 1 1e-08 1e-08 1e-08 0 2.66667
311 1 1e-08 1e-08 1e-08 0 2.66667
294 1 1e-08 1e-08 1e-08 0 3.66667
317 1 1e-08 1e-08 1e-08 0 4.16667

301 9 16.6657 16.6551 16.6595 0.00397479 2.88889
264 11 13.6275 13.6275 13.6275 5.32907e-15 2.66667
151 10 13.7986 13.7958 13.7981 0.00113929 0.857143
316 13 2.41788 2.41622 9.33666 6.91891 2.66667
282 10 2.45899 2.45897 9.3969 6.93791 2.85714
6 1 88.0033 88.0033 88.0033 0 4.3
56 4 16.6665 16.6665 16.6665 0 3.3
272 2 14.3805 14.3798 14.3802 0.000330999 1.16667
116 2 14.3798 14.3798 14.3798 0 3.3
61 1 13.77 13.77 13.77 0 2.85714
9 1 12.4882 12.4882 12.4882 0 3.16667
31 1 6.54825 6.54825 6.54825 0 2.8
269 1 5.13154 5.13154 5.13154 0 2.8
14 1 2.90324 2.90324 2.90324 0 2.66667
1 1 1.42566 1.42566 1.42566 0 0.666667
13 1 1.30552 1.30552 1.30552 0 2.66667
302 1 1.2444 1.2444 1.2444 0 1.16667
16 1 1.22429 1.22429 1.22429 0 2.66667
10 1 1.22429 1.22429 1.22429 0 2.66667
15 1 1.22429 1.22429 1.22429 0 2.66667
2 1 1.22429 1.22429 1.22429 0 2.66667
232 1 1.22409 1.22409 1.22409 0 3.8
92 1 1.15247 1.15247 1.15247 0 3.3
84 1 0.59049 0.59049 0.59049 0 1.66667
303 1 0.292322 0.292322 0.292322 0 0.666667
169 1 0.23159 0.23159 0.23159 0 1.8
308 1 0.0522582 0.0522582 0.0522582 0 4.16667
319 1 0.0522253 0.0522253 0.0522253 0 4.16667
292 1 0.0467055 0.0467055 0.0467055 0 2.88889
315 1 0.0257352 0.0257352 0.0330543 0.00731911 1.8
318 1 0.0213306 0.0213306 0.0213306 0 2.66667
297 1 0.000819112 0.000819112 0.000819112 0 0.857143
295 1 1e-08 1e-08 1e-08 0 3.66667
296 1 1e-08 1e-08 1e-08 0 2.8
307 1 1e-08 1e-08 1e-08 0 1.8
309 1 1e-08 1e-08 1e-08 0 2.66667
311 1 1e-08 1e-08 1e-08 0 2.66667
294 1 1e-08 1e-08 1e-08 0 3.66667
317 1 1e-08 1e-08 1e-08 0 4.16667

