1 0.0522537 0.0522537 0.0522537 0 2
1 1e-08 1e-08 1e-08 0 0
1 1e-08 1e-08 1e-08 0 2
1 1e-08 1e-08 1e-08 0 2
1 1e-08 1e-08 1e-08 0 2

94 0.0130267 0.000380591 0.0018899 0.00384328 2
1 1e-08 1e-08 1e-08 0 0
1 3.33333e-09 3.33333e-09 1e-08 6.66667e-09 2
1 3.33333e-09 3.33333e-09 1e-08 6.66667e-09 2
1 2.5e-09 2.5e-09 1e-08 7.5e-09 2

6 0.204076 1.66667e-09 0.0340127 0.0760548 2
42 0.00672614 0.000279431 0.00362441 0.00316145 2
1 1e-08 1e-08 1e-08 0 0
1 5e-09 5e-09 1e-08 5e-09 2
1 5e-09 5e-09 1e-08 5e-09 2

74 0.0169971 1.35135e-10 0.0060955 0.00748466 2
19 0.0174923 1.42857e-10 0.00563112 0.00807057 2
1 5e-09 5e-09 1e-08 5e-09 0
1 1e-08 1e-08 1e-08 0 2
1 2.5e-09 2.5e-09 1e-08 7.5e-09 2

1 1.22451 1.22451 1.22451 0 2.66667
30 0.825026 2.38095e-10 0.0374453 0.14687 2
3 0.408153 3.33333e-09 0.272102 0.192405 0.666667
11 0.00904883 0.00880941 0.0372686 0.0284375 2.66667
1 0.0522537 0.0522537 0.0522537 0 2.5
1 2e-09 2e-09 1e-08 8e-09 2
1 5e-09 5e-09 1e-08 5e-09 2
1 5e-09 5e-09 1e-08 5e-09 3.16667
1 1e-08 1e-08 1e-08 0 3.3

17 1.59404 4e-10 0.131026 0.366191 0.666667
11 0.390397 0.0255106 0.133991 0.126849 2.66667
1 1.25779 1.25779 1.25779 0 2.66667
1 1.22451 1.22451 1.22451 0 2.66667
3 0.40817 0.40817 0.40817 0 2.66667
3 0.408171 0.408169 0.40817 7.32854e-07 2.66667
1 1.22451 1.22451 1.22451 0 2.66667
1 1.22451 1.22451 1.22451 0 2.66667
8 0.607914 0.0214817 0.133381 0.197389 2.66667
2 0.612254 5e-09 0.306127 0.306127 3.16667
1 0.0522537 0.0522537 0.0522537 0 2.5
1 1e-08 1e-08 1e-08 0 0.666667
1 1e-08 1e-08 1e-08 0 0.666667
1 1e-08 1e-08 1e-08 0 0.666667
1 1e-08 1e-08 1e-08 0 3.3
1 5e-09 5e-09 1e-08 5e-09 2
1 1e-08 1e-08 1e-08 0 2

27 0.866326 0.0266187 0.151028 0.278813 0.666667
17 0.814741 0.0532395 0.154918 0.243344 2.66667
14 1.23108 7.14286e-10 0.162904 0.297109 2.66667
6 0.111319 0.111319 0.166978 0.0556594 2.66667
6 0.122451 0.122451 0.163268 0.0408171 2.66667
6 0.087465 0.087465 0.160975 0.0735097 2.8
5 0.0941932 0.0941929 0.17196 0.0777667 2.66667
4 0.114344 0.114344 0.182347 0.0680024 2.66667
4 0.315316 2.5e-09 0.158624 0.152196 3.3
2 0.612254 5e-09 0.306127 0.306127 2.66667
1 0.0522537 0.0522537 0.0522537 0 2.5
1 1e-08 1e-08 1e-08 0 0.666667
1 1e-08 1e-08 1e-08 0 0.666667
1 1e-08 1e-08 1e-08 0 0.666667
1 1e-08 1e-08 1e-08 0 2
1 1e-08 1e-08 1e-08 0 2
1 1e-08 1e-08 1e-08 0 2.66667

22 0.642758 0.0197493 0.190742 0.246924 0.666667
14 0.56785 0.0371063 0.194097 0.215412 2.66667
9 0.718132 0.0510211 0.198842 0.222228 2.66667
4 0.314447 0.314447 0.314447 0 2.66667
6 0.122451 0.122451 0.204085 0.081634 2.66667
6 0.0941932 0.0941929 0.204085 0.109892 2.66667
6 0.111319 0.111319 0.204085 0.0927657 2.66667
4 0.306127 0.306127 0.306127 0 2.66667
4 0.530428 2.5e-09 0.28567 0.188647 2
6 0.0941932 0.0941932 0.188386 0.0941932 2.66667
2 0.612254 5e-09 0.306127 0.306127 3.16667
1 0.556631 0.556631 0.556631 0 2.8
1 0.0522692 0.0522692 0.0522692 0 2.8
1 0.0522586 0.0522586 0.0522586 0 2.8
1 0.0130673 0.0130673 0.0371221 0.0240547 2.8
1 0.0261268 0.0261268 0.0261268 5e-09 3.16667
1 1e-08 1e-08 1e-08 0 0.666667
1 1e-08 1e-08 1e-08 0 0.666667
1 5e-09 5e-09 1e-08 5e-09 2
1 1e-08 1e-08 1e-08 0 2.66667
1 1e-08 1e-08 1e-08 0 0.666667
1 1e-08 1e-08 1e-08 0 2.8
1 1e-08 1e-08 1e-08 0 2.66667
1 1e-08 1e-08 1e-08 0 2.66667

30 0.830229 0.0255095 0.25197 0.341526 0.666667
16 0.56785 0.0371063 0.248236 0.233001 2.66667
13 2.20148 0.00370031 0.245649 0.565063 2.8
8 0.574505 0.0408169 0.271397 0.250687 2.66667
1 1.26126 1.26126 1.26126 0 2.8
5 0.204085 0.204085 0.244902 0.0408171 2.66667
2 1.06086 5e-09 0.530428 0.530428 2
4 0.0874652 0.0874652 0.263328 0.175863 2.66667
4 0.0765317 0.0765317 0.249545 0.173013 2.66667
4 0.081634 0.081634 0.247515 0.165881 2.66667
2 0.612254 5e-09 0.306127 0.306127 2.66667
1 0.255869 0.255869 0.255869 0 2.8
1 0.0522693 0.0522693 0.0522693 0 2.8
1 0.0522586 0.0522586 0.0522586 0 2.8
1 0.0261268 0.0261268 0.0261268 5e-09 2.8
1 1e-08 1e-08 1e-08 0 0.666667
1 1e-08 1e-08 1e-08 0 0.666667
1 5e-09 5e-09 1e-08 5e-09 2.8
1 1e-08 1e-08 1e-08 0 2.66667
1 1e-08 1e-08 1e-08 0 0.666667
1 1e-08 1e-08 1e-08 0 2.66667
1 1e-08 1e-08 1e-08 0 2.66667
1 1e-08 1e-08 1e-08 0 2.8

35 0.664183 0.0204076 0.345545 0.295769 2.66667
17 0.585595 0.0382659 0.34246 0.250565 2.66667
12 1.43626 0.102042 0.435597 0.577735 2.66667
6 0.994217 0.0405738 0.358216 0.382249 2.66667
1 1.25806 1.25806 1.25806 0 0.666667
3 0.244902 0.244902 0.408171 0.163268 2.66667
3 0.306128 0.306128 0.40817 0.102043 2.66667
3 0.306127 0.306127 0.408169 0.102042 2.66667
3 0.122451 0.122451 0.367354 0.244902 2.66667
3 0.163209 0.163209 0.357811 0.194602 2.8
1 0.612254 0.612254 0.612254 5e-09 3.16667
1 0.0900903 0.0900903 0.499276 0.409186 2.8
1 0.255869 0.255869 0.255869 0 2.8
1 0.0522693 0.0522693 0.0522693 0 2.8
1 0.0522586 0.0522586 0.0522586 0 2.8
1 0.0522537 0.0522537 0.0522537 0 2.5
1 1e-08 1e-08 1e-08 0 0.666667
1 1e-08 1e-08 1e-08 0 0.666667
1 1e-08 1e-08 1e-08 0 2
1 1e-08 1e-08 1e-08 0 2.66667
1 1e-08 1e-08 1e-08 0 0.666667
1 1e-08 1e-08 1e-08 0 2.66667
1 1e-08 1e-08 1e-08 0 2.66667
1 1e-08 1e-08 1e-08 0 2.66667
1 1e-08 1e-08 1e-08 0 0.666667

24 0.622672 0.171308 0.678404 0.133312 2.66667
11 3.68524 9.09091e-10 1.15437 1.54427 0.8
16 1.20053 0.493133 0.687064 0.227457 2.66667
5 7.9702 2e-09 1.84865 3.06519 2.8
9 2.80188 0.114344 0.729389 1.10901 0.666667
6 0.594316 0.594316 0.728026 0.133711 2.66667
1 0.408171 0.408171 1.22451 0.816341 2.66667
1 0.244901 0.244901 1.22451 0.979606 2.66667
1 1.22451 1.22451 1.22451 0 2.66667
1 0.204085 0.204085 1.02043 0.81634 2.66667
1 0.153064 0.153064 0.918384 0.76532 2.66667
1 0.255869 0.255869 0.255869 0 2.8
1 0.0522658 0.0522658 0.0522658 0 2.66667
1 0.0522586 0.0522586 0.0522586 0 2.8
1 0.0522537 0.0522537 0.0522537 0 2.5
1 1e-08 1e-08 1e-08 0 2.8
1 1e-08 1e-08 1e-08 0 0.666667
1 2.5e-09 2.5e-09 1e-08 7.5e-09 0.666667
1 1e-08 1e-08 1e-08 0 0.666667
1 1e-08 1e-08 1e-08 0 0.666667
1 1e-08 1e-08 1e-08 0 2.66667
1 1e-08 1e-08 1e-08 0 0.666667
1 1e-08 1e-08 1e-08 0 2.66667
1 1e-08 1e-08 1e-08 0 2
1 1e-08 1e-08 1e-08 0 0.666667
1 1e-08 1e-08 1e-08 0 0.666667
1 5e-09 5e-09 1e-08 5e-09 0.666667

25 0.830229 0.830229 1.22706 0.396827 2.66667
15 1.42563 0.585595 1.2833 0.651608 2.66667
4 4.30879 4.30879 4.30879 0 2.66667
7 2.46217 1.42857e-09 2.11043 0.861578 0.666667
9 1.19228 1.07505 1.33336 0.17278 0.8
8 1.73265 0.0922483 1.22349 0.798093 2.8
7 2.20148 0.0898615 1.37101 1.02721 0.666667
1 1.22451 1.22451 1.22451 0 2.66667
1 1.22451 1.22451 1.22451 0 2.66667
1 1.22451 1.22451 1.22451 0 2.66667
1 1.22451 1.22451 1.22451 0 2.66667
1 1.22451 1.22451 1.22451 0 2.66667
1 0.182456 0.182456 0.737223 0.554767 2.85714
1 0.255869 0.255869 0.255869 0 2.8
1 0.0522658 0.0522658 0.0522658 0 2.66667
1 0.0522537 0.0522537 0.0522537 0 2.5
1 1e-08 1e-08 1e-08 0 0.8
1 1e-08 1e-08 1e-08 0 2.66667
1 1e-08 1e-08 1e-08 0 3.8
1 1e-08 1e-08 1e-08 0 0.666667
1 1e-08 1e-08 1e-08 0 0.666667
1 5e-09 5e-09 1e-08 5e-09 2
1 1e-08 1e-08 1e-08 0 2.66667
1 1e-08 1e-08 1e-08 0 0.666667
1 1e-08 1e-08 1e-08 0 2.66667
1 1e-08 1e-08 1e-08 0 0.666667
1 5e-09 5e-09 1e-08 5e-09 0.666667
1 1e-08 1e-08 1e-08 0 2.66667
1 1e-08 1e-08 1e-08 0 2.8

28 0.545908 0.545904 1.19872 0.652815 2.8
7 4.40296 0.179723 2.62742 2.05123 2.66667
15 1.34177 0.551149 1.22385 0.603985 2.66667
13 0.869315 0.391708 1.21715 0.798906 2.8
3 13.5126 3.33333e-09 4.50419 6.36988 0.8
2 10.9546 5e-09 5.47729 5.47729 0.857143
1 1.27719 1.27719 1.27719 0 2.85714
1 1.22451 1.22451 1.22451 0 2.66667
1 1.22451 1.22451 1.22451 0 2.66667
1 1.22451 1.22451 1.22451 0 2.66667
1 1.22451 1.22451 1.22451 0 2.66667
1 1.22451 1.22451 1.22451 0 2.66667
1 0.0522658 0.0522658 0.0522658 0 2.66667
1 0.0522537 0.0522537 0.0522537 0 2.5
1 0.0104537 0.0104537 0.0104537 8e-09 0.666667
1 1e-08 1e-08 1e-08 0 0.666667
1 1e-08 1e-08 1e-08 0 2.66667
1 1e-08 1e-08 1e-08 0 2.8
1 5e-09 5e-09 1e-08 5e-09 2.8
1 2.5e-09 2.5e-09 1e-08 7.5e-09 0.666667
1 1e-08 1e-08 1e-08 0 0.666667
1 1e-08 1e-08 1e-08 0 2.66667
1 1e-08 1e-08 1e-08 0 0.666667
1 1e-08 1e-08 1e-08 0 2.66667
1 5e-09 5e-09 1e-08 5e-09 2
1 1e-08 1e-08 1e-08 0 0.666667
1 1e-08 1e-08 1e-08 0 0.666667
1 1e-08 1e-08 1e-08 0 3.8
1 3.33333e-09 3.33333e-09 1e-08 6.66667e-09 2.8

1 39.851 39.851 39.851 0 2.8
18 1.47597 1.47596 2.09814 0.622172 0.666667
16 1.82005 1.37417 2.17542 0.780872 2.8
8 2.54999 1.14901 2.32952 1.10701 0.666667
8 1.23298 0.506461 2.26977 1.44641 2.66667
8 2.9423 1.32578 2.22767 0.858907 2.66667
8 1.10116 1.10074 2.1486 1.04775 0.666667
7 5.7911 1.42857e-09 2.45387 2.83365 0.8
1 1.22451 1.22451 1.22451 0 2.66667
1 1.22451 1.22451 1.22451 0 2.66667
1 1.22451 1.22451 1.22451 0 2.66667
1 1.22451 1.22451 1.22451 0 2.66667
1 1.22451 1.22451 1.22451 0 2.66667
1 0.0522683 0.0522683 0.0522683 0 0.8
1 0.0522537 0.0522537 0.0522537 0 2.5
1 0.0404151 0.0404151 0.0404151 0 0.8
1 0.0327996 0.0327996 0.0327996 0 2.8
1 0.0261329 0.0261329 0.0261329 5e-09 2.66667
1 1e-08 1e-08 1e-08 0 2.66667
1 1e-08 1e-08 1e-08 0 2.66667
1 1e-08 1e-08 1e-08 0 2.66667
1 1e-08 1e-08 1e-08 0 0.8
1 5e-09 5e-09 1e-08 5e-09 2.66667
1 1e-08 1e-08 1e-08 0 0.8
1 5e-09 5e-09 1e-08 5e-09 2.66667
1 1e-08 1e-08 1e-08 0 3.8
1 1e-08 1e-08 1e-08 0 0.666667
1 1e-08 1e-08 1e-08 0 0.666667
1 3.33333e-09 3.33333e-09 1e-08 6.66667e-09 2.8
1 1e-08 1e-08 1e-08 0 2.66667
1 1e-08 1e-08 1e-08 0 0.666667
1 1e-08 1e-08 1e-08 0 2.66667
1 1e-08 1e-08 1e-08 0 0.666667
1 1e-08 1e-08 1e-08 0 0.666667
1 1e-08 1e-08 1e-08 0 2.8

19 1.01344 0.996275 1.83615 0.838977 0.8
3 13.2838 7.05073 11.2061 2.93828 2.8
17 0.812022 0.613092 1.92631 1.30233 2.66667
9 3.42584 0.00449057 3.04481 1.07492 2.66667
13 2.28102 0.936953 1.87702 0.7041 2.66667
10 1.09285 0.492433 1.98543 1.17031 0.666667
1 3.73983 3.73983 3.73983 0 2.85714
1 1.22451 1.22451 1.22451 0 2.66667
1 1.22451 1.22451 1.22451 0 2.66667
1 1.22451 1.22451 1.22451 0 2.66667
1 1.22451 1.22451 1.22451 0 2.66667
1 1.22451 1.22451 1.22451 0 2.66667
1 0.0522658 0.0522658 0.0522658 0 2.66667
1 0.0522537 0.0522537 0.0522537 0 2.5
1 0.0327996 0.0327996 0.0327996 0 2.8
1 5e-09 5e-09 1e-08 5e-09 2.66667
1 1e-08 1e-08 1e-08 0 2.8
1 1e-08 1e-08 1e-08 0 2.8
1 1e-08 1e-08 1e-08 0 0.666667
1 1e-08 1e-08 1e-08 0 2.66667
1 1e-08 1e-08 1e-08 0 0.666667
1 1e-08 1e-08 1e-08 0 2.66667
1 1e-08 1e-08 1e-08 0 2
1 1e-08 1e-08 1e-08 0 0.666667
1 1e-08 1e-08 1e-08 0 0.666667
1 1e-08 1e-08 1e-08 0 3.8
1 1e-08 1e-08 1e-08 0 2.66667
1 1e-08 1e-08 1e-08 0 0.8
1 1e-08 1e-08 1e-08 0 2.66667
1 1e-08 1e-08 1e-08 0 0.8
1 1e-08 1e-08 1e-08 0 2.66667
1 3.33333e-09 3.33333e-09 1e-08 6.66667e-09 0.8

14 2.85127 1.17119 2.41855 0.822225 2.66667
13 1.29226 0.561286 2.5072 1.89891 0.666667
13 1.24626 1.24534 2.49221 1.24668 2.8
9 4.24998 1.91502 3.21222 1.16025 2.66667
8 6.59768 1.25e-09 3.50976 2.27647 2.8
10 1.62276 1.62214 2.4334 0.811072 2.66667
2 20.264 5e-09 10.132 10.132 0.8
2 19.1249 5e-09 9.56246 9.56246 2.66667
6 5.13875 0.0067308 2.57277 2.56599 0.8
1 1.22451 1.22451 1.22451 0 2.66667
1 1.22451 1.22451 1.22451 0 2.66667
1 1.22451 1.22451 1.22451 0 2.66667
1 1.22451 1.22451 1.22451 0 2.66667
1 1.22451 1.22451 1.22451 0 2.66667
1 0.0959258 0.0959258 0.0959258 0 2.85714
1 0.0522658 0.0522658 0.0522658 0 2.66667
1 0.0522537 0.0522537 0.0522537 0 2.5
1 0.0327996 0.0327996 0.0327996 0 2.8
1 5e-09 5e-09 1e-08 5e-09 0.666667
1 1e-08 1e-08 1e-08 0 0.8
1 1e-08 1e-08 1e-08 0 2.8
1 3.33333e-09 3.33333e-09 1e-08 6.66667e-09 2.85714
1 1e-08 1e-08 1e-08 0 2.66667
1 1e-08 1e-08 1e-08 0 2.66667
1 1e-08 1e-08 1e-08 0 2.8
1 5e-09 5e-09 1e-08 5e-09 0.8
1 1e-08 1e-08 1e-08 0 3.8
1 1e-08 1e-08 1e-08 0 0.666667
1 1e-08 1e-08 1e-08 0 0.666667
1 1e-08 1e-08 1e-08 0 2
1 1e-08 1e-08 1e-08 0 2.66667
1 1e-08 1e-08 1e-08 0 0.666667
1 1e-08 1e-08 1e-08 0 2.66667

15 5.09726 2.21394 2.8088 0.964633 2.66667
1 39.7741 39.7741 39.7741 0 2.8
13 1.50804 1.1386 2.71438 1.55013 2.8
11 1.82481 1.82481 2.83802 1.0132 2.66667
10 1.47692 1.47597 2.7943 1.31823 2.8
9 0.994597 0.994217 2.7706 1.77619 2.66667
7 1.73871 1.73863 3.01949 1.28085 2.66667
5 5.13875 0.00673585 3.08732 2.51413 0.666667
3 13.2845 3.33333e-09 4.43398 6.25827 2.85714
3 9.96275 2.5e-09 3.32092 4.69649 2.8
1 1.22451 1.22451 1.22451 0 2.66667
1 1.22451 1.22451 1.22451 0 2.66667
1 1.22451 1.22451 1.22451 0 2.66667
1 1.22451 1.22451 1.22451 0 2.66667
1 1.22451 1.22451 1.22451 0 2.66667
1 0.302346 0.302346 0.318746 0.0163998 2.8
1 0.0522658 0.0522658 0.0522658 0 2.66667
1 0.0522537 0.0522537 0.0522537 0 2.5
1 0.0137822 0.0137822 0.0137822 8.33333e-09 0.8
1 1e-08 1e-08 1e-08 0 2.66667
1 1e-08 1e-08 1e-08 0 1.16667
1 5e-09 5e-09 1e-08 5e-09 0.857143
1 1e-08 1e-08 1e-08 0 2.66667
1 1e-08 1e-08 1e-08 0 0.666667
1 1e-08 1e-08 1e-08 0 2.66667
1 1e-08 1e-08 1e-08 0 2
1 1e-08 1e-08 1e-08 0 0.666667
1 1e-08 1e-08 1e-08 0 0.666667
1 1e-08 1e-08 1e-08 0 3.8
1 1e-08 1e-08 1e-08 0 0.8
1 1e-08 1e-08 1e-08 0 2.66667
1 1e-08 1e-08 1e-08 0 2.66667

1 39.851 39.851 39.851 0 2.66667
11 2.0389 0.886151 3.59192 2.51796 2.8
7 5.4645 5.46427 5.4643 8.32148e-05 0.666667
10 3.61574 3.06546 3.5226 0.39325 1.35714
8 1.62276 1.62246 3.85302 2.23029 2.66667
8 1.30344 1.30344 3.77315 2.46972 0.666667
8 1.59405 1.59096 3.58044 1.9887 2.8
7 4.99702 1.25e-09 3.56087 2.2521 0.8
6 8.34097 0.00475195 3.98956 3.4131 0.8
1 18.8251 18.8251 18.8251 0 0.8
4 5.13875 0.00869904 3.85964 2.22138 0.8
2 10.2063 2.5e-09 5.10313 5.10313 0.857143
1 1.22451 1.22451 1.22451 0 2.66667
1 1.22451 1.22451 1.22451 0 2.66667
1 1.22451 1.22451 1.22451 0 2.66667
1 1.22451 1.22451 1.22451 0 2.66667
1 1.22451 1.22451 1.22451 0 2.66667
1 0.604692 0.604692 0.604692 0 2.8
1 0.144125 0.144125 0.144125 0 0.8
1 0.0522537 0.0522537 0.0522537 0 2.5
1 0.0261329 0.0261329 0.0261329 5e-09 2.8
1 1e-08 1e-08 1e-08 0 0.666667
1 1e-08 1e-08 1e-08 0 0.857143
1 1e-08 1e-08 1e-08 0 2.66667
1 1e-08 1e-08 1e-08 0 2.66667
1 1e-08 1e-08 1e-08 0 0.8
1 1e-08 1e-08 1e-08 0 3.8
1 1e-08 1e-08 1e-08 0 0.666667
1 1e-08 1e-08 1e-08 0 0.666667
1 1e-08 1e-08 1e-08 0 2
1 1e-08 1e-08 1e-08 0 2.66667
1 1e-08 1e-08 1e-08 0 0.666667
1 1e-08 1e-08 1e-08 0 2.66667
1 1e-08 1e-08 1e-08 0 1.16667
1 1e-08 1e-08 1e-08 0 2.66667

3 17.5938 13.318 16.1685 2.01565 2.85714
11 2.68355 2.68355 4.1473 1.46375 2.66667
11 5.09726 2.21396 4.06242 1.40702 2.8
10 5.40811 2.34418 3.9748 1.4893 2.66667
9 2.841 2.841 4.10367 1.26267 0.8
9 1.83295 1.55971 3.92134 2.27298 1.35714
8 3.76132 1.37554 4.2772 2.41216 0.857143
8 1.66311 1.66304 3.97243 2.30936 2.66667
6 1.81368 1.81368 4.53402 2.72034 0.666667
2 24.1403 5e-09 12.0701 12.0701 2.88889
3 5.13875 5.13875 5.14165 0.00289968 0.666667
1 1.22451 1.22451 1.22451 0 2.66667
1 1.22451 1.22451 1.22451 0 2.66667
1 1.22451 1.22451 1.22451 0 2.66667
1 1.22451 1.22451 1.22451 0 2.66667
1 1.22451 1.22451 1.22451 0 2.66667
1 0.0522743 0.0522743 0.0522743 0 0.8
1 0.0522719 0.0522719 0.0522719 0 2.8
1 0.0522658 0.0522658 0.0522658 0 2.66667
1 0.0453516 0.0453516 0.0453516 0 2.8
1 1e-08 1e-08 1e-08 0 2.66667
1 1e-08 1e-08 1e-08 0 2.8
1 1e-08 1e-08 1e-08 0 2.66667
1 1e-08 1e-08 1e-08 0 1.16667
1 1e-08 1e-08 1e-08 0 2.66667
1 1e-08 1e-08 1e-08 0 0.666667
1 1e-08 1e-08 1e-08 0 2.66667
1 5e-09 5e-09 1e-08 5e-09 2.66667
1 1e-08 1e-08 1e-08 0 0.666667
1 1e-08 1e-08 1e-08 0 0.666667
1 1e-08 1e-08 1e-08 0 3.8
1 1e-08 1e-08 1e-08 0 0.8

1 114.86 114.86 114.86 0 0.888889
3 30.5836 30.5834 30.5835 7.02879e-05 0.8
8 2.79688 1.35337 6.63471 4.49874 2.90909
8 3.82336 1.66067 6.39815 3.45808 2.8
2 45.8754 5e-09 22.9377 22.9377 0.8
6 2.97901 2.0574 7.30329 4.91038 1.35714
1 40.4559 40.4559 40.4559 0 2.85714
1 39.9596 39.9596 39.9596 0 2.88889
5 4.25017 4.24998 6.80113 2.551 0.666667
5 1.52068 1.52068 6.76643 5.24575 2.66667
4 2.49069 2.49069 7.49401 5.00332 2.66667
4 3.08325 3.08325 6.93732 3.85406 0.666667
3 2.48744 2.48588 8.4025 5.9161 0.8
1 1.22451 1.22451 1.22451 0 2.66667
1 1.22451 1.22451 1.22451 0 2.66667
1 1.22451 1.22451 1.22451 0 2.66667
1 1.22451 1.22451 1.22451 0 2.66667
1 1.22451 1.22451 1.22451 0 2.66667
1 0.0522658 0.0522658 0.0522658 0 2.66667
1 0.0261354 0.0261354 0.0417163 0.0155809 2.8
1 1e-08 1e-08 1e-08 0 2.66667
1 5e-09 5e-09 1e-08 5e-09 2.66667
1 1e-08 1e-08 1e-08 0 0.666667
1 5e-09 5e-09 1e-08 5e-09 2.66667
1 1e-08 1e-08 1e-08 0 2.85714
1 1e-08 1e-08 1e-08 0 0.8
1 1e-08 1e-08 1e-08 0 3.8
1 1e-08 1e-08 1e-08 0 0.666667
1 1e-08 1e-08 1e-08 0 0.666667
1 1e-08 1e-08 1e-08 0 2
1 1e-08 1e-08 1e-08 0 2.66667
1 1e-08 1e-08 1e-08 0 0.666667
1 1e-08 1e-08 1e-08 0 2.66667
1 1e-08 1e-08 1e-08 0 2.66667
1 1e-08 1e-08 1e-08 0 2.8
1 1e-08 1e-08 1e-08 0 2.66667

17 7.10791 1.99798 4.38295 1.25061 2.88889
14 1.83522 1.83501 4.37786 2.54279 0.857143
6 11.4195 7.01977 8.90044 1.90046 1.35714
5 9.12406 9.12406 9.12406 0 3.16667
2 19.887 19.887 19.887 0 0.8
5 7.6503 7.64997 7.65024 0.000133171 0.666667
4 7.70813 7.70813 7.70813 0 0.666667
6 3.29884 2.5285 4.94346 2.1858 2.85714
5 7.65095 3.32092 4.85117 1.85497 2.85714
5 4.25406 2.7289 4.83928 1.07922 2.90909
1 1.22451 1.22451 1.22451 0 2.66667
1 1.22451 1.22451 1.22451 0 2.66667
1 1.22451 1.22451 1.22451 0 2.66667
1 1.22451 1.22451 1.22451 0 2.66667
1 1.22451 1.22451 1.22451 0 2.66667
1 0.0522708 0.0522708 0.0522708 0 2.8
1 0.0522658 0.0522658 0.0522658 0 2.66667
1 0.0455521 0.0455521 0.0455521 0 0.857143
1 1e-08 1e-08 1e-08 0 2.85714
1 1e-08 1e-08 1e-08 0 2.66667
1 1e-08 1e-08 1e-08 0 2.8
1 1e-08 1e-08 1e-08 0 2.66667
1 1e-08 1e-08 1e-08 0 2.66667
1 1e-08 1e-08 1e-08 0 0.666667
1 1e-08 1e-08 1e-08 0 2.66667
1 5e-09 5e-09 1e-08 5e-09 2.85714
1 1e-08 1e-08 1e-08 0 0.666667
1 1e-08 1e-08 1e-08 0 0.666667
1 1e-08 1e-08 1e-08 0 3.8
1 1e-08 1e-08 1e-08 0 0.8
1 1e-08 1e-08 1e-08 0 2
1 1e-08 1e-08 1e-08 0 2.66667
1 5e-09 5e-09 1e-08 5e-09 2.66667
1 1e-08 1e-08 1e-08 0 2.66667
1 1e-08 1e-08 1e-08 0 2.66667

5 22.9719 14.7361 21.3248 3.29435 0.888889
12 3.64508 2.3583 6.94289 4.34936 2.85714
10 3.9909 3.98916 7.21736 3.22784 0.857143
10 5.11995 5.09726 7.15244 2.05246 2.8
4 13.1954 13.1954 13.1954 0 2.66667
6 15.4689 4.42829 7.79011 4.34972 2.85714
3 13.2837 13.2837 13.2837 0 2.66667
1 38.2499 38.2499 38.2499 0 3.16667
5 2.55027 2.5501 7.14097 4.59084 1.16667
4 2.40107 2.40107 7.80457 5.4035 2.8
4 3.08325 3.08325 6.94606 3.86281 0.666667
3 3.32092 3.31451 8.84082 5.52418 0.8
3 6.98374 5.58377 7.76975 1.81202 1.35714
1 18.8251 18.8251 18.8251 0 0.8
1 1.22451 1.22451 1.22451 0 2.66667
1 1.22451 1.22451 1.22451 0 2.66667
1 1.22451 1.22451 1.22451 0 2.66667
1 1.22451 1.22451 1.22451 0 2.66667
1 1.22451 1.22451 1.22451 0 2.66667
1 0.0522708 0.0522708 0.0522708 0 2.8
1 0.0522658 0.0522658 0.0522658 0 2.66667
1 1e-08 1e-08 1e-08 0 3.35714
1 1e-08 1e-08 1e-08 0 2.66667
1 3.33333e-09 3.33333e-09 1e-08 6.66667e-09 2.88889
1 5e-09 5e-09 1e-08 5e-09 2.66667
1 5e-09 5e-09 1e-08 5e-09 2.66667
1 1e-08 1e-08 1e-08 0 2.66667
1 1e-08 1e-08 1e-08 0 0.8
1 1e-08 1e-08 1e-08 0 3.8
1 1e-08 1e-08 1e-08 0 0.666667
1 1e-08 1e-08 1e-08 0 0.666667
1 1e-08 1e-08 1e-08 0 2.66667
1 1e-08 1e-08 1e-08 0 0.666667
1 1e-08 1e-08 1e-08 0 2.66667
1 1e-08 1e-08 1e-08 0 2.66667
1 1e-08 1e-08 1e-08 0 2.8
1 1e-08 1e-08 1e-08 0 2.66667

15 2.2656 1.43376 5.09831 3.43498 0.8
13 3.60305 2.5612 5.06493 2.27536 2.90909
4 22.9377 11.1675 14.7376 4.82552 1.35714
9 3.96068 3.16382 5.09616 1.35367 0.888889
4 11.4051 11.4051 11.4051 0 2.66667
8 3.13004 3.10479 5.43718 2.32925 2.66667
2 19.9255 19.887 19.9063 0.019235 0.8
5 7.65082 7.6503 7.65041 0.000204425 1.16667
4 9.56246 9.56246 9.56246 0 3.16667
4 7.70813 7.70813 7.70813 0 0.666667
1 1.22451 1.22451 1.22451 0 2.66667
1 1.22451 1.22451 1.22451 0 2.66667
1 1.22451 1.22451 1.22451 0 2.66667
1 1.22451 1.22451 1.22451 0 2.66667
1 1.22451 1.22451 1.22451 0 2.66667
1 0.696871 0.696871 0.696871 0 2.88889
1 0.0522708 0.0522708 0.0522708 0 2.8
1 0.0522658 0.0522658 0.0522658 0 2.66667
1 1e-08 1e-08 1e-08 0 2.90909
1 1e-08 1e-08 1e-08 0 2.66667
1 1e-08 1e-08 1e-08 0 2.8
1 1e-08 1e-08 1e-08 0 2.66667
1 1e-08 1e-08 1e-08 0 2.66667
1 1e-08 1e-08 1e-08 0 0.666667
1 1e-08 1e-08 1e-08 0 2.66667
1 1e-08 1e-08 1e-08 0 0.666667
1 1e-08 1e-08 1e-08 0 0.666667
1 1e-08 1e-08 1e-08 0 3.8
1 1e-08 1e-08 1e-08 0 0.8
1 1e-08 1e-08 1e-08 0 2.66667
1 1e-08 1e-08 1e-08 0 2.66667
1 1e-08 1e-08 1e-08 0 2.66667
1 1e-08 1e-08 1e-08 0 3.35714
1 1e-08 1e-08 1e-08 0 0.666667
1 1e-08 1e-08 1e-08 0 0.8

2 72.4993 72.4993 72.4993 0 2.88889
3 46.4066 3.33333e-09 30.9378 21.8763 2.85714
11 4.58575 3.51865 8.23326 4.19815 2.85714
9 3.03763 2.18549 7.85045 5.53566 0.8
8 7.17873 7.17873 7.89479 0.71606 0.888889
5 6.60223 4.52746 8.74186 3.32744 3.35714
5 2.95615 2.9323 7.65742 4.72036 3.16667
5 6.37568 6.37525 7.65048 1.27505 1.16667
4 9.56246 9.56246 9.56246 0 3.16667
4 3.25859 3.25859 8.98049 5.72189 2.66667
4 3.23214 3.06546 8.46429 5.35765 0.8
4 7.70813 7.70813 7.70813 0 0.666667
3 9.35769 6.38146 9.73636 2.74797 3.35714
1 1.22451 1.22451 1.22451 0 2.66667
1 1.22451 1.22451 1.22451 0 2.66667
1 1.22451 1.22451 1.22451 0 2.66667
1 1.22451 1.22451 1.22451 0 2.66667
1 1.22451 1.22451 1.22451 0 2.66667
1 0.0522708 0.0522708 0.0522708 0 2.8
1 0.0522658 0.0522658 0.0522658 0 2.66667
1 1e-08 1e-08 1e-08 0 2.8
1 1e-08 1e-08 1e-08 0 2.66667
1 1e-08 1e-08 1e-08 0 2.66667
1 1e-08 1e-08 1e-08 0 0.666667
1 1e-08 1e-08 1e-08 0 2.66667
1 1e-08 1e-08 1e-08 0 0.666667
1 1e-08 1e-08 1e-08 0 0.666667
1 1e-08 1e-08 1e-08 0 3.8
1 1e-08 1e-08 1e-08 0 0.8
1 1e-08 1e-08 1e-08 0 2.66667
1 5e-09 5e-09 1e-08 5e-09 2.66667
1 1e-08 1e-08 1e-08 0 2.66667
1 1e-08 1e-08 1e-08 0 0.666667
1 1e-08 1e-08 1e-08 0 2.66667
1 1e-08 1e-08 1e-08 0 2.8

12 7.48202 5.35449 8.21004 1.91449 2.90909
1 91.7503 91.7503 91.7503 0 3.3
9 6.23983 5.39945 8.5321 3.03773 0.8
8 2.76618 2.68223 8.76461 6.04516 2.85714
2 57.0924 5e-09 28.5462 28.5462 2.66667
6 6.04525 6.04525 8.45103 2.40579 0.888889
4 11.4051 11.4051 11.4051 0 2.66667
1 42.0178 42.0178 42.0178 0 0.857143
5 4.39144 4.002 8.36196 4.11277 1.35714
4 24.8209 1.66667e-09 10.0325 10.5774 2.8
3 13.2837 13.2837 13.2837 0 0.8
4 9.56246 9.56246 9.56246 0 3.16667
4 5.46487 5.4645 8.19804 2.73327 1.16667
3 7.33581 6.8344 10.4977 3.35574 1.35714
3 7.70813 7.70813 10.2775 2.56938 0.666667
2 17.5938 0.00472912 8.79927 8.79454 2.66667
1 1.75709 1.75709 1.75709 0 2.66667
1 1.22451 1.22451 1.22451 0 2.66667
1 1.22451 1.22451 1.22451 0 2.66667
1 1.22451 1.22451 1.22451 0 2.66667
1 1.22451 1.22451 1.22451 0 2.66667
1 1.22451 1.22451 1.22451 0 2.66667
1 0.0522708 0.0522708 0.0522708 0 2.8
1 0.0522658 0.0522658 0.0522658 0 2.66667
1 1e-08 1e-08 1e-08 0 2.90909
1 1e-08 1e-08 1e-08 0 2.8
1 1e-08 1e-08 1e-08 0 2.66667
1 5e-09 5e-09 1e-08 5e-09 0.666667
1 1e-08 1e-08 1e-08 0 2.66667
1 1e-08 1e-08 1e-08 0 2.8
1 1e-08 1e-08 1e-08 0 2.66667
1 1e-08 1e-08 1e-08 0 0.8
1 1e-08 1e-08 1e-08 0 3.8
1 1e-08 1e-08 1e-08 0 0.666667
1 1e-08 1e-08 1e-08 0 0.666667
1 1e-08 1e-08 1e-08 0 2.66667
1 1e-08 1e-08 1e-08 0 0.666667
1 1e-08 1e-08 1e-08 0 2.66667
1 1e-08 1e-08 1e-08 0 2.66667

1 135.284 135.284 135.284 0 2.85714
11 3.94884 3.94884 10.4554 6.50655 2.90909
8 6.47501 4.00692 10.7566 6.06807 2.85714
7 9.66657 7.39244 10.6958 1.57059 2.88889
7 5.09724 5.09724 10.5728 5.47552 3.3
2 70.878 5e-09 35.439 35.439 2.90909
1 68.9542 68.9542 68.9542 0 2.8
1 65.5039 65.5039 65.5039 0 3.35714
5 9.57164 9.57164 11.7848 2.21319 0.888889
4 9.67764 4.7574 12.8877 6.91386 1.35714
4 3.80169 3.80169 10.4547 6.65301 2.66667
3 9.56352 9.56352 12.7511 3.18763 1.16667
3 9.56246 9.56246 12.75 3.18749 3.16667
3 5.693 5.693 11.3861 5.69306 0.8
3 4.33172 4.20178 11.1604 6.91555 0.857143
2 10.2775 10.2775 15.4163 5.13875 0.666667
1 17.5938 17.5938 18.1842 0.590426 2.66667
1 1.22451 1.22451 1.22451 0 2.66667
1 1.22451 1.22451 1.22451 0 2.66667
1 1.22451 1.22451 1.22451 0 2.66667
1 1.22451 1.22451 1.22451 0 2.66667
1 1.22451 1.22451 1.22451 0 2.66667
1 0.0522708 0.0522708 0.0522708 0 2.8
1 0.0522658 0.0522658 0.0522658 0 2.66667
1 1e-08 1e-08 1e-08 0 2.85714
1 1e-08 1e-08 1e-08 0 0.888889
1 1e-08 1e-08 1e-08 0 3.3
1 1.66667e-09 1.66667e-09 1e-08 8.33333e-09 2.66667
1 1e-08 1e-08 1e-08 0 2.66667
1 1e-08 1e-08 1e-08 0 2.66667
1 1e-08 1e-08 1e-08 0 0.666667
1 1e-08 1e-08 1e-08 0 2.66667
1 1e-08 1e-08 1e-08 0 0.666667
1 1e-08 1e-08 1e-08 0 0.666667
1 1e-08 1e-08 1e-08 0 3.8
1 1e-08 1e-08 1e-08 0 0.8
1 1e-08 1e-08 1e-08 0 2.66667
1 1e-08 1e-08 1e-08 0 2.8
1 1e-08 1e-08 1e-08 0 2.66667
1 1e-08 1e-08 1e-08 0 0.666667
1 1e-08 1e-08 1e-08 0 2.66667
1 1e-08 1e-08 1e-08 0 2.8

12 2.41254 2.40946 8.17507 5.76509 2.85714
2 58.0659 30.7548 44.4103 13.6555 1.35714
10 6.37425 5.97032 8.57166 2.29616 2.88889
10 10.1542 6.50563 8.01988 1.25091 0.8
8 16.5472 1.11111e-09 8.22117 4.26804 2.8
6 8.20427 5.26288 8.854 1.5815 0.888889
4 11.4051 11.4051 11.4051 0 2.66667
5 9.45193 5.58377 9.0445 1.6874 1.35714
3 14.4391 14.0059 14.1503 0.204182 0.857143
3 13.2837 13.2837 13.2837 0 0.8
3 12.7514 12.7514 12.7514 0 1.16667
3 12.75 12.75 12.75 0 3.16667
4 12.9235 0.665236 9.53381 5.12719 2.90909
2 15.4163 15.4163 15.4163 0 0.666667
1 1.22451 1.22451 1.22451 0 2.66667
1 1.22451 1.22451 1.22451 0 2.66667
1 1.22451 1.22451 1.22451 0 2.66667
1 1.22451 1.22451 1.22451 0 2.66667
1 1.22451 1.22451 1.22451 0 2.66667
1 0.346225 0.346225 0.375994 0.0297691 3.35714
1 0.0522708 0.0522708 0.0522708 0 2.8
1 0.0261329 0.0261329 0.0261329 5e-09 2.66667
1 0.0111734 0.0111734 0.0111734 5e-09 2.90909
1 1e-08 1e-08 1e-08 0 2.8
1 1e-08 1e-08 1e-08 0 2.66667
1 5e-09 5e-09 1e-08 5e-09 2.66667
1 1e-08 1e-08 1e-08 0 2.66667
1 1e-08 1e-08 1e-08 0 2.8
1 1e-08 1e-08 1e-08 0 2.66667
1 1e-08 1e-08 1e-08 0 0.8
1 1e-08 1e-08 1e-08 0 3.8
1 1e-08 1e-08 1e-08 0 0.666667
1 1e-08 1e-08 1e-08 0 0.666667
1 1e-08 1e-08 1e-08 0 2.66667
1 1e-08 1e-08 1e-08 0 0.666667
1 1e-08 1e-08 1e-08 0 2.66667
1 1e-08 1e-08 1e-08 0 2.66667
1 1e-08 1e-08 1e-08 0 2.66667
1 1e-08 1e-08 1e-08 0 3.3
1 1e-08 1e-08 1e-08 0 0.888889

11 7.33039 6.86587 10.189 2.96893 2.88889
11 5.27184 5.26512 10.0048 4.7378 2.85714
3 45.1098 3.33333e-09 29.7779 21.0593 2.90909
7 7.44722 5.17702 10.9293 4.97025 2.8
2 71.0791 3.6588 37.369 33.7102 2.66667
6 10.6473 4.9253 10.9679 5.35083 2.8
5 8.20427 8.20427 11.7496 3.54532 0.888889
5 7.36348 5.27932 11.503 5.33588 1.35714
5 7.20114 5.13245 10.9071 4.56121 2.85714
3 47.3861 3.33333e-09 15.8012 22.3339 2.66667
4 5.70254 5.70254 10.2905 4.58795 2.66667
3 12.75 12.75 12.75 0 3.16667
3 4.42789 4.42789 11.8076 7.37974 1.3
3 3.93793 3.8198 11.5078 7.64071 0.857143
3 6.37649 6.37568 10.6264 4.25045 1.16667
2 15.4163 15.4163 15.4163 0 0.666667
2 22.7697 2.5e-09 11.3849 11.3849 2.85714
1 1.22451 1.22451 1.22451 0 2.66667
1 1.22451 1.22451 1.22451 0 2.66667
1 1.22451 1.22451 1.22451 0 2.66667
1 1.22451 1.22451 1.22451 0 2.66667
1 1.22451 1.22451 1.22451 0 2.66667
1 0.0522708 0.0522708 0.0522708 0 2.8
1 1e-08 1e-08 1e-08 0 2.85714
1 1e-08 1e-08 1e-08 0 0.888889
1 1e-08 1e-08 1e-08 0 3.3
1 1e-08 1e-08 1e-08 0 2.66667
1 1e-08 1e-08 1e-08 0 2.66667
1 1e-08 1e-08 1e-08 0 2.66667
1 1e-08 1e-08 1e-08 0 0.666667
1 1e-08 1e-08 1e-08 0 2.66667
1 1e-08 1e-08 1e-08 0 0.666667
1 1e-08 1e-08 1e-08 0 0.666667
1 1e-08 1e-08 1e-08 0 3.8
1 1e-08 1e-08 1e-08 0 0.8
1 1e-08 1e-08 1e-08 0 2.66667
1 1e-08 1e-08 1e-08 0 2.8
1 1e-08 1e-08 1e-08 0 2.66667
1 3.33333e-09 3.33333e-09 1e-08 6.66667e-09 2.66667
1 1e-08 1e-08 1e-08 0 2.66667

13 5.93298 5.92326 10.3121 4.38403 2.85714
10 5.05544 4.99995 10.3888 5.38334 2.88889
8 17.4883 1.25e-09 11.7282 5.80966 1.35714
1 91.0789 91.0789 91.0789 0 2.85714
3 40.2069 13.4363 29.0263 11.3651 1.38889
7 6.21095 3.44445 10.5072 5.06695 2.8
7 5.80853 4.61205 10.1932 4.96217 3.35714
5 5.26512 5.25022 10.9383 5.67619 2.90909
4 7.17873 7.17873 11.748 4.56926 0.888889
4 11.4051 11.4051 11.4051 0 2.66667
3 14.4391 14.0059 14.1799 0.186809 0.857143
3 13.2837 13.2837 13.2837 0 0.8
3 12.753 12.7514 12.7519 0.000761441 1.16667
3 12.75 12.75 12.75 0 3.16667
2 15.4163 15.4163 15.4163 0 0.666667
1 14.8191 14.8191 14.8191 6.66667e-09 2.85714
1 1.22451 1.22451 1.22451 0 2.66667
1 1.22451 1.22451 1.22451 0 2.66667
1 1.22451 1.22451 1.22451 0 2.66667
1 1.22451 1.22451 1.22451 0 2.66667
1 1.22451 1.22451 1.22451 0 2.66667
1 0.0522708 0.0522708 0.0522708 0 2.8
1 0.0174219 0.0174219 0.0174219 6.66667e-09 2.66667
1 1e-08 1e-08 1e-08 0 2.66667
1 1e-08 1e-08 1e-08 0 0.666667
1 1e-08 1e-08 1e-08 0 2.66667
1 1e-08 1e-08 1e-08 0 2.8
1 1e-08 1e-08 1e-08 0 2.66667
1 1e-08 1e-08 1e-08 0 0.8
1 1e-08 1e-08 1e-08 0 3.8
1 1e-08 1e-08 1e-08 0 0.666667
1 1e-08 1e-08 1e-08 0 0.666667
1 1e-08 1e-08 1e-08 0 2.66667
1 1e-08 1e-08 1e-08 0 0.666667
1 1e-08 1e-08 1e-08 0 2.66667
1 1e-08 1e-08 1e-08 0 2.66667
1 1e-08 1e-08 1e-08 0 2.66667
1 1e-08 1e-08 1e-08 0 3.3
1 1e-08 1e-08 1e-08 0 0.888889

1 135.329 135.329 135.329 0 2.90909
11 6.10866 6.04161 10.0153 3.96768 2.88889
11 4.59327 4.5916 9.61083 5.01893 2.66667
10 11.4664 0.569288 9.75175 3.41525 2.8
9 4.18113 3.52129 9.84652 5.88729 2.85714
7 4.66354 4.02069 10.3776 6.00817 1.35714
4 5.06892 5.06892 11.4051 6.33615 2.66667
4 9.57164 6.14003 10.6756 2.46111 0.888889
3 14.4391 14.0059 14.1799 0.186809 2.85714
3 13.2837 13.2837 13.2837 0 0.8
3 12.753 12.7514 12.7519 0.000761441 1.16667
3 12.75 12.75 12.75 0 3.16667
2 15.4163 15.4163 15.4163 0 0.666667
2 25.791 0.0083076 12.8997 12.8913 3.35714
2 20.1882 5e-09 10.0941 10.0941 1.35714
1 4.51135 4.51135 4.51135 5e-09 1.35714
1 1.22451 1.22451 1.22451 0 2.66667
1 1.22451 1.22451 1.22451 0 2.66667
1 1.22451 1.22451 1.22451 0 2.66667
1 1.22451 1.22451 1.22451 0 2.66667
1 1.22451 1.22451 1.22451 0 2.66667
1 0.0522708 0.0522708 0.0522708 0 2.8
1 0.0522658 0.0522658 0.0522658 0 2.66667
1 1e-08 1e-08 1e-08 0 1.35714
1 1e-08 1e-08 1e-08 0 2.85714
1 1e-08 1e-08 1e-08 0 0.888889
1 1e-08 1e-08 1e-08 0 3.3
1 1e-08 1e-08 1e-08 0 2.66667
1 1e-08 1e-08 1e-08 0 2.66667
1 1e-08 1e-08 1e-08 0 0.666667
1 1e-08 1e-08 1e-08 0 2.66667
1 1e-08 1e-08 1e-08 0 0.666667
1 1e-08 1e-08 1e-08 0 0.666667
1 1e-08 1e-08 1e-08 0 3.8
1 1e-08 1e-08 1e-08 0 0.8
1 1e-08 1e-08 1e-08 0 2.66667
1 1e-08 1e-08 1e-08 0 2.8
1 1e-08 1e-08 1e-08 0 2.66667
1 1e-08 1e-08 1e-08 0 0.666667
1 5e-09 5e-09 1e-08 5e-09 2.66667

1 142.257 142.257 142.257 0 2.8
11 5.10309 4.90827 10.075 5.14898 2.85714
10 4.31199 4.26466 9.96745 5.69335 2.88889
9 4.30783 4.30783 10.6262 6.31833 2.66667
9 8.79548 7.09533 10.404 2.54261 1.38889
9 5.52084 5.52084 10.2038 4.68298 2.8
6 14.3575 0.590368 11.2103 5.1056 0.888889
3 14.4391 14.0059 14.1799 0.186809 2.85714
2 20.2913 20.1882 20.2397 0.051517 3.38889
3 13.2837 13.2837 13.2837 0 0.8
3 12.753 12.7514 12.7519 0.000761441 1.66667
3 12.75 12.75 12.75 0 3.16667
3 5.70254 5.70254 11.4157 5.71319 2.66667
2 15.4163 15.4163 15.4163 0 0.666667
1 9.0227 9.0227 9.0227 0 3.38889
1 1.22451 1.22451 1.22451 0 2.66667
1 1.22451 1.22451 1.22451 0 2.66667
1 1.22451 1.22451 1.22451 0 2.66667
1 1.22451 1.22451 1.22451 0 2.66667
1 1.22451 1.22451 1.22451 0 2.66667
1 0.0522708 0.0522708 0.0522708 0 2.8
1 0.0522658 0.0522658 0.0522658 0 2.66667
1 0.00177512 0.00177512 0.00177513 5e-09 2.85714
1 1e-08 1e-08 1e-08 0 2.85714
1 5e-09 5e-09 1e-08 5e-09 2.85714
1 1e-08 1e-08 1e-08 0 0.666667
1 1e-08 1e-08 1e-08 0 2.66667
1 1e-08 1e-08 1e-08 0 2.8
1 1e-08 1e-08 1e-08 0 2.66667
1 1e-08 1e-08 1e-08 0 0.8
1 1e-08 1e-08 1e-08 0 3.8
1 1e-08 1e-08 1e-08 0 0.666667
1 1e-08 1e-08 1e-08 0 0.666667
1 1e-08 1e-08 1e-08 0 2.66667
1 1e-08 1e-08 1e-08 0 0.666667
1 1e-08 1e-08 1e-08 0 2.66667
1 1e-08 1e-08 1e-08 0 2.66667
1 1e-08 1e-08 1e-08 0 3.3
1 1e-08 1e-08 1e-08 0 0.888889

13 3.21716 3.09434 9.34448 6.21599 2.66667
11 7.33039 7.24993 9.49838 2.23404 2.88889
11 7.12015 6.1331 9.32713 2.60703 1.40909
11 3.63568 3.63568 9.21247 5.57679 2.8
4 36.36 2.5e-09 19.9762 15.3647 3.35714
1 47.6796 47.6796 47.6796 0 1.38889
3 15.2068 15.2068 15.2068 0 2.66667
1 44.4574 44.4574 44.4574 0 3.38889
4 7.17873 7.17873 9.87616 2.69742 0.888889
3 12.753 12.7514 12.7519 0.000761441 1.16667
3 12.75 12.75 12.75 0 3.16667
3 7.21953 7.04735 11.8308 4.66935 0.857143
2 15.4163 15.4163 15.4163 0 0.666667
3 9.96275 9.96275 9.96526 0.00251309 0.8
2 24.4358 1.66667e-09 12.2179 12.2179 2.8
1 1.22451 1.22451 1.22451 0 2.66667
1 1.22451 1.22451 1.22451 0 2.66667
1 1.22451 1.22451 1.22451 0 2.66667
1 1.22451 1.22451 1.22451 0 2.66667
1 1.22451 1.22451 1.22451 0 2.66667
1 0.0522708 0.0522708 0.0522708 0 2.8
1 0.0522658 0.0522658 0.0522658 0 2.66667
1 1e-08 1e-08 1e-08 0 0.666667
1 1e-08 1e-08 1e-08 0 2.66667
1 1e-08 1e-08 1e-08 0 2.8
1 1e-08 1e-08 1e-08 0 2.66667
1 1e-08 1e-08 1e-08 0 0.8
1 1e-08 1e-08 1e-08 0 3.8
1 1e-08 1e-08 1e-08 0 0.666667
1 1e-08 1e-08 1e-08 0 0.666667
1 1e-08 1e-08 1e-08 0 2.66667
1 1e-08 1e-08 1e-08 0 0.666667
1 1e-08 1e-08 1e-08 0 2.66667
1 1e-08 1e-08 1e-08 0 2.66667
1 1e-08 1e-08 1e-08 0 3.3
1 1e-08 1e-08 1e-08 0 0.888889
1 1e-08 1e-08 1e-08 0 2.66667

15 5.52084 5.52084 8.48702 2.96618 2.8
13 2.26631 2.20364 8.32395 6.1001 2.85714
11 5.15597 4.82435 8.47804 3.52112 1.35714
2 74.8807 5e-09 37.4404 37.4404 2.85714
8 14.3575 0.000464154 9.08069 6.81374 0.888889
3 46.6354 3.33333e-09 15.5506 21.9802 1.35714
2 46.6475 5e-09 23.3238 23.3238 2.88889
3 14.4391 14.0947 14.3243 0.162341 0.857143
3 13.2837 13.2837 13.2837 0 0.8
3 12.753 12.7514 12.7519 0.000761441 1.66667
3 12.75 12.75 12.75 0 3.16667
4 3.50925 3.50925 8.86709 5.35783 2.66667
2 15.4163 15.4163 15.4163 0 0.666667
2 9.85594 7.59166 9.06705 1.18303 1.38889
1 1.22451 1.22451 1.22451 0 2.66667
1 1.22451 1.22451 1.22451 0 2.66667
1 1.22451 1.22451 1.22451 0 2.66667
1 1.22451 1.22451 1.22451 0 2.66667
1 1.22451 1.22451 1.22451 0 2.66667
1 0.162909 0.162909 0.162909 5e-09 2.88889
1 0.0522708 0.0522708 0.0522708 0 2.8
1 0.0522658 0.0522658 0.0522658 0 2.66667
1 1e-08 1e-08 1e-08 0 2.85714
1 1e-08 1e-08 1e-08 0 2.66667
1 1e-08 1e-08 1e-08 0 0.888889
1 1e-08 1e-08 1e-08 0 3.3
1 1e-08 1e-08 1e-08 0 2.66667
1 1e-08 1e-08 1e-08 0 2.66667
1 1e-08 1e-08 1e-08 0 0.666667
1 1e-08 1e-08 1e-08 0 2.66667
1 1e-08 1e-08 1e-08 0 0.666667
1 1e-08 1e-08 1e-08 0 0.666667
1 1e-08 1e-08 1e-08 0 3.8
1 1e-08 1e-08 1e-08 0 0.8
1 1e-08 1e-08 1e-08 0 2.66667
1 1e-08 1e-08 1e-08 0 2.8
1 1e-08 1e-08 1e-08 0 2.66667
1 1e-08 1e-08 1e-08 0 0.666667
1 5e-09 5e-09 1e-08 5e-09 3.38889

18 2.9365 2.9228 6.38275 3.45843 2.8
5 29.3216 0.0651638 19.3145 12.5459 2.85714
12 3.56007 3.3311 6.82599 3.37242 3.35714
11 7.47881 1.06059 6.55183 1.90213 2.85714
4 11.4051 11.4051 11.4051 0 2.66667
6 6.04525 6.04525 6.84598 0.80073 0.909091
3 12.753 12.7514 12.7519 0.000761441 1.16667
3 12.75 12.75 12.75 0 3.16667
5 7.21953 6.93613 7.11383 0.118856 0.857143
2 15.4163 15.4163 15.4163 0 0.666667
4 3.9851 3.9851 7.02388 3.03878 0.8
1 1.22451 1.22451 1.22451 0 2.66667
1 1.22451 1.22451 1.22451 0 2.66667
1 1.22451 1.22451 1.22451 0 2.66667
1 1.22451 1.22451 1.22451 0 2.66667
1 1.22451 1.22451 1.22451 0 2.66667
1 0.820171 0.820171 0.820171 0 2.85714
1 0.460252 0.460252 0.460252 0 2.8
1 0.0811613 0.0811613 0.0811613 0 2.8
1 0.0522708 0.0522708 0.0522708 0 2.8
1 0.0522658 0.0522658 0.0522658 0 2.66667
1 1e-08 1e-08 1e-08 0 3.35714
1 5e-09 5e-09 1e-08 5e-09 2.8
1 1e-08 1e-08 1e-08 0 3.38889
1 1e-08 1e-08 1e-08 0 0.666667
1 1e-08 1e-08 1e-08 0 2.66667
1 1e-08 1e-08 1e-08 0 2.8
1 1e-08 1e-08 1e-08 0 2.66667
1 1e-08 1e-08 1e-08 0 0.8
1 1e-08 1e-08 1e-08 0 3.8
1 1e-08 1e-08 1e-08 0 0.666667
1 1e-08 1e-08 1e-08 0 0.666667
1 1e-08 1e-08 1e-08 0 2.66667
1 1e-08 1e-08 1e-08 0 0.666667
1 1e-08 1e-08 1e-08 0 2.66667
1 1e-08 1e-08 1e-08 0 2.66667
1 1e-08 1e-08 1e-08 0 3.3
1 1e-08 1e-08 1e-08 0 0.888889
1 1e-08 1e-08 1e-08 0 2.66667

1 144.821 144.821 144.821 0 1.38889
15 7.47616 6.9953 8.30938 1.05227 1.35714
12 3.12003 3.10547 8.34726 5.24057 2.8
10 4.98587 4.85968 8.7316 3.8054 2.85714
9 10.4418 0.343218 8.51162 3.26008 0.888889
7 5.10713 4.19382 8.10178 3.4063 2.88889
5 8.66344 8.32336 8.50212 0.138399 0.857143
4 7.65178 7.65082 9.564 1.9127 1.16667
4 4.56203 4.56203 9.14775 4.58572 2.66667
3 7.9702 7.9702 10.6269 2.65673 0.8
2 15.4163 15.4163 15.4163 0 0.666667
2 4.78123 4.78123 11.9531 7.17185 3.16667
1 1.22451 1.22451 1.22451 0 2.66667
1 1.22451 1.22451 1.22451 0 2.66667
1 1.22451 1.22451 1.22451 0 2.66667
1 1.22451 1.22451 1.22451 0 2.66667
1 1.22451 1.22451 1.22451 0 2.66667
1 0.460252 0.460252 0.460252 0 2.8
1 0.0522708 0.0522708 0.0522708 0 2.8
1 0.0522658 0.0522658 0.0522658 0 2.66667
1 1e-08 1e-08 1e-08 0 2.8
1 1e-08 1e-08 1e-08 0 1.38889
1 1e-08 1e-08 1e-08 0 2.66667
1 1e-08 1e-08 1e-08 0 0.888889
1 1e-08 1e-08 1e-08 0 3.3
1 5e-09 5e-09 1e-08 5e-09 2.66667
1 1e-08 1e-08 1e-08 0 2.66667
1 1e-08 1e-08 1e-08 0 0.666667
1 1e-08 1e-08 1e-08 0 2.66667
1 1e-08 1e-08 1e-08 0 0.666667
1 1e-08 1e-08 1e-08 0 0.666667
1 1e-08 1e-08 1e-08 0 3.8
1 1e-08 1e-08 1e-08 0 0.8
1 1e-08 1e-08 1e-08 0 2.66667
1 1e-08 1e-08 1e-08 0 2.8
1 1e-08 1e-08 1e-08 0 2.66667
1 1e-08 1e-08 1e-08 0 3.38889
1 1e-08 1e-08 1e-08 0 3.35714

17 6.79892 6.16686 7.61705 0.967369 2.85714
15 4.99205 4.96876 7.89316 2.92286 2.8
13 11.3928 0.0184319 8.44386 3.26801 2.85714
13 2.7186 2.7186 8.05538 5.33678 1.35714
4 11.4051 11.4051 11.4051 0 2.66667
5 4.78582 4.78582 8.1553 3.36947 0.888889
3 13.2837 13.2837 13.2837 0 0.8
4 9.56473 9.56352 9.56413 0.000605723 1.16667
2 19.1249 19.1249 19.1249 0 3.16667
4 4.87141 4.81302 8.35252 3.52499 0.857143
2 15.4163 15.4163 15.4163 0 0.666667
2 9.22579 7.64161 8.43711 0.792094 1.38889
1 1.22451 1.22451 1.22451 0 2.66667
1 1.22451 1.22451 1.22451 0 2.66667
1 1.22451 1.22451 1.22451 0 2.66667
1 1.22451 1.22451 1.22451 0 2.66667
1 1.22451 1.22451 1.22451 0 2.66667
1 0.460252 0.460252 0.460252 0 2.8
1 0.109034 0.109034 0.109034 0 2.85714
1 0.0522708 0.0522708 0.0522708 0 2.8
1 0.0522658 0.0522658 0.0522658 0 2.66667
1 1e-08 1e-08 1e-08 0 3.38889
1 1e-08 1e-08 1e-08 0 2.66667
1 1e-08 1e-08 1e-08 0 2.8
1 1e-08 1e-08 1e-08 0 2.66667
1 1e-08 1e-08 1e-08 0 0.8
1 1e-08 1e-08 1e-08 0 3.8
1 1e-08 1e-08 1e-08 0 0.666667
1 1e-08 1e-08 1e-08 0 0.666667

1 146.729 146.729 146.729 0 2.88889
5 29.5979 0.918486 23.814 11.4482 2.85714
12 4.15975 4.14063 9.56951 5.42729 2.8
11 4.27361 4.22827 9.93593 5.69121 2.85714
10 4.82333 4.82333 10.0942 5.27086 1.35714
8 4.11408 4.07244 10.0095 5.93192 2.85714
5 10.4418 6.69821 9.80373 1.50152 0.888889
3 14.6142 14.4391 14.4975 0.0825662 0.857143
4 6.51719 6.51719 9.77578 3.25859 2.66667
4 7.65178 7.65082 9.56425 1.9127 1.66667
2 19.1249 19.1249 19.1249 0 3.16667
3 4.33172 3.9851 10.7425 6.64385 0.8
2 15.4163 15.4163 15.4163 0 0.666667
1 1.22451 1.22451 1.22451 0 2.66667
1 1.22451 1.22451 1.22451 0 2.66667
1 1.22451 1.22451 1.22451 0 2.66667
1 1.22451 1.22451 1.22451 0 2.66667
1 1.22451 1.22451 1.22451 0 2.66667
1 0.0522708 0.0522708 0.0522708 0 2.8
1 0.0522658 0.0522658 0.0522658 0 2.66667
1 1e-08 1e-08 1e-08 0 2.88889
1 1e-08 1e-08 1e-08 0 3.38889
1 1e-08 1e-08 1e-08 0 2.66667
1 1e-08 1e-08 1e-08 0 2.8
1 1e-08 1e-08 1e-08 0 2.66667
1 1e-08 1e-08 1e-08 0 0.8
1 1e-08 1e-08 1e-08 0 3.8
1 1e-08 1e-08 1e-08 0 0.666667
1 1e-08 1e-08 1e-08 0 0.666667
1 1e-08 1e-08 1e-08 0 2.85714

16 5.54633 5.52084 7.24966 1.72724 2.8
13 2.1368 2.11414 7.64676 5.52392 2.85714
12 7.79509 5.34225 7.67119 0.832253 2.85714
11 5.15597 5.15597 7.63861 2.48264 1.35714
6 19.1433 1.66667e-09 13.665 6.83866 0.888889
4 11.4051 11.4051 11.4051 0 2.66667
4 10.9607 10.8293 10.8621 0.0568814 0.857143
2 19.9255 19.9255 19.9255 0 0.8
4 9.56473 9.56352 9.56443 0.000524571 1.66667
2 19.1249 19.1249 19.1249 0 3.16667
2 15.4163 15.4163 15.4163 0 0.666667
1 1.22451 1.22451 1.22451 0 2.66667
1 1.22451 1.22451 1.22451 0 2.66667
1 1.22451 1.22451 1.22451 0 2.66667
1 1.22451 1.22451 1.22451 0 2.66667
1 1.22451 1.22451 1.22451 0 2.66667
1 0.0522708 0.0522708 0.0522708 0 2.8
1 0.0522658 0.0522658 0.0522658 0 2.66667
1 1e-08 1e-08 1e-08 0 2.88889
1 1e-08 1e-08 1e-08 0 2.88889
1 1e-08 1e-08 1e-08 0 3.38889
1 1e-08 1e-08 1e-08 0 2.66667
1 1e-08 1e-08 1e-08 0 2.8
1 1e-08 1e-08 1e-08 0 2.66667
1 1e-08 1e-08 1e-08 0 0.8
1 1e-08 1e-08 1e-08 0 3.8
1 1e-08 1e-08 1e-08 0 0.666667
1 1e-08 1e-08 1e-08 0 0.666667
1 1e-08 1e-08 1e-08 0 2.85714

8 18.4987 1.25e-09 16.1153 6.09384 2.85714
2 73.9947 52.7998 63.3973 10.5975 2.85714
12 3.74377 3.72657 10.1915 6.46205 2.8
12 6.79651 6.79651 10.0747 3.27816 1.38889
11 7.87243 7.78892 9.69394 1.84465 2.85714
9 5.28953 5.23599 10.1615 4.91958 2.85714
3 13.2837 13.2837 13.2837 0 0.8
4 9.56473 9.56352 9.56443 0.000524571 1.66667
2 19.1249 19.1249 19.1249 0 3.16667
3 4.1473 4.1473 12.4419 8.2946 2.66667
3 2.74017 2.73657 11.7625 9.02349 0.857143
3 5.46951 5.46951 10.9342 5.46471 0.888889
2 15.4163 15.4163 15.4163 0 0.666667
1 1.22451 1.22451 1.22451 0 2.66667
1 1.22451 1.22451 1.22451 0 2.66667
1 1.22451 1.22451 1.22451 0 2.66667
1 1.22451 1.22451 1.22451 0 2.66667
1 1.22451 1.22451 1.22451 0 2.66667
1 0.0522708 0.0522708 0.0522708 0 2.8
1 0.0522658 0.0522658 0.0522658 0 2.66667
1 1e-08 1e-08 1e-08 0 3.38889
1 1e-08 1e-08 1e-08 0 2.66667
1 1e-08 1e-08 1e-08 0 2.8
1 1e-08 1e-08 1e-08 0 2.66667
1 1e-08 1e-08 1e-08 0 0.8
1 1e-08 1e-08 1e-08 0 3.8
1 1e-08 1e-08 1e-08 0 0.666667
1 1e-08 1e-08 1e-08 0 0.666667
1 1e-08 1e-08 1e-08 0 2.85714

16 5.75965 5.73318 7.24064 1.50089 2.8
14 2.07745 2.05541 7.14381 5.07356 2.88889
13 4.9841 4.9841 7.08297 2.09886 1.35714
11 6.17111 3.92846 7.1038 1.34386 2.85714
3 38.2866 0.785244 21.2106 15.492 0.888889
3 15.2068 15.2068 15.2068 0 2.66667
3 14.6142 14.595 14.6078 0.00905015 0.857143
4 9.96275 9.96275 9.96275 1.37827e-06 0.8
4 9.56473 9.56352 9.56443 0.000524571 1.66667
2 19.1249 19.1249 19.1249 0 3.16667
2 15.4163 15.4163 15.4163 0 0.666667
1 1.22451 1.22451 1.22451 0 2.66667
1 1.22451 1.22451 1.22451 0 2.66667
1 1.22451 1.22451 1.22451 0 2.66667
1 1.22451 1.22451 1.22451 0 2.66667
1 1.22451 1.22451 1.22451 0 2.66667
1 0.0522708 0.0522708 0.0522708 0 2.8
1 0.0522658 0.0522658 0.0522658 0 2.66667
1 1e-08 1e-08 1e-08 0 2.85714
1 1e-08 1e-08 1e-08 0 3.38889
1 1e-08 1e-08 1e-08 0 2.66667
1 1e-08 1e-08 1e-08 0 2.8
1 1e-08 1e-08 1e-08 0 2.66667
1 1e-08 1e-08 1e-08 0 0.8
1 1e-08 1e-08 1e-08 0 3.8
1 1e-08 1e-08 1e-08 0 0.666667
1 1e-08 1e-08 1e-08 0 0.666667
1 1e-08 1e-08 1e-08 0 2.85714

17 4.98587 4.93298 7.16274 2.1912 2.85714
16 5.15597 5.15597 6.98346 1.82749 1.35714
15 3.65246 3.63568 7.28073 3.63611 2.8
14 6.17111 5.54681 7.31537 1.2539 2.85714
5 4.45708 4.38427 7.79972 3.40102 1.35714
4 9.56473 9.56352 9.56443 0.000524571 1.16667
2 19.1249 19.1249 19.1249 0 3.16667
4 5.70254 5.70254 8.60291 2.90038 2.66667
4 6.75646 6.75646 7.95314 1.19668 0.888889
2 15.4163 15.4163 15.4163 0 0.666667
4 5.693 5.693 7.11625 1.42325 0.8
1 1.22451 1.22451 1.22451 0 2.66667
1 1.22451 1.22451 1.22451 0 2.66667
1 1.22451 1.22451 1.22451 0 2.66667
1 1.22451 1.22451 1.22451 0 2.66667
1 1.22451 1.22451 1.22451 0 2.66667
1 0.0522708 0.0522708 0.0522708 0 2.8
1 0.0522658 0.0522658 0.0522658 0 2.66667
1 1e-08 1e-08 1e-08 0 2.85714
1 1e-08 1e-08 1e-08 0 3.38889
1 1e-08 1e-08 1e-08 0 2.66667
1 1e-08 1e-08 1e-08 0 2.8
1 1e-08 1e-08 1e-08 0 2.66667
1 1e-08 1e-08 1e-08 0 0.8
1 1e-08 1e-08 1e-08 0 3.8

16 3.47852 3.47852 7.74628 4.26777 2.85714
15 4.2786 4.2786 7.6669 3.3883 2.8
14 4.04117 4.04117 7.87918 3.83801 1.35714
12 4.77764 4.72928 7.9145 3.18122 2.85714
4 28.7149 0.588933 21.6834 12.1789 0.888889
4 11.4051 11.4051 11.4051 0 2.66667
4 9.96275 9.96275 9.96275 1.37827e-06 0.8
2 19.1249 19.1249 19.1249 0 3.16667
4 3.72586 3.65355 9.03104 5.34435 0.888889
2 15.4163 15.4163 15.4163 0 0.666667
3 2.73297 2.73278 10.0233 7.29043 1.66667
1 1.22451 1.22451 1.22451 0 2.66667
1 1.22451 1.22451 1.22451 0 2.66667
1 1.22451 1.22451 1.22451 0 2.66667
1 1.22451 1.22451 1.22451 0 2.66667
1 1.22451 1.22451 1.22451 0 2.66667
1 0.0522708 0.0522708 0.0522708 0 2.8
1 0.0522658 0.0522658 0.0522658 0 2.66667
1 1e-08 1e-08 1e-08 0 3.38889
1 1e-08 1e-08 1e-08 0 2.66667
1 1e-08 1e-08 1e-08 0 2.8
1 1e-08 1e-08 1e-08 0 2.66667
1 1e-08 1e-08 1e-08 0 0.8
1 1e-08 1e-08 1e-08 0 3.8

17 4.6726 4.6726 7.29398 2.62138 1.35714
15 4.83067 4.83067 7.0295 2.19883 2.8
14 4.93689 4.88693 7.24228 2.34828 2.85714
13 2.99152 2.99152 7.06631 4.07478 2.85714
4 11.4051 11.4051 11.4051 0 2.66667
4 11.1776 10.9607 11.0604 0.100494 0.857143
4 9.96275 9.96275 9.96275 1.37827e-06 0.8
2 19.1295 19.1295 19.1295 0 1.66667
3 12.7539 12.75 12.7513 0.00184104 3.16667
5 7.17873 7.17873 7.28122 0.102483 0.888889
2 15.4163 15.4163 15.4163 0 0.666667
1 1.22451 1.22451 1.22451 0 2.66667
1 1.22451 1.22451 1.22451 0 2.66667
1 1.22451 1.22451 1.22451 0 2.66667
1 1.22451 1.22451 1.22451 0 2.66667
1 1.22451 1.22451 1.22451 0 2.66667
1 0.0522708 0.0522708 0.0522708 0 2.8
1 0.0522658 0.0522658 0.0522658 0 2.66667
1 1e-08 1e-08 1e-08 0 3.38889
1 1e-08 1e-08 1e-08 0 2.66667
1 1e-08 1e-08 1e-08 0 2.8
1 1e-08 1e-08 1e-08 0 2.66667
1 1e-08 1e-08 1e-08 0 0.8
1 1e-08 1e-08 1e-08 0 3.8
1 1e-08 1e-08 1e-08 0 2.90909
1 1e-08 1e-08 1e-08 0 2.88889

15 4.9917 4.9917 7.3145 2.32281 2.8
14 3.32274 3.32274 7.5065 4.18377 1.35714
14 4.53261 4.53261 7.42521 2.8926 2.85714
5 22.9719 0.471146 16.8246 8.77687 0.888889
11 4.11408 4.07244 7.45815 3.37818 2.85714
6 9.32447 5.48033 7.08271 1.68144 1.35714
3 12.7539 12.753 12.7533 0.000416495 1.66667
2 19.1249 19.1249 19.1249 0 3.16667
4 5.19843 4.98138 8.7733 3.73884 0.8
2 15.4163 15.4163 15.4163 0 0.666667
3 4.56203 4.56203 9.1258 4.56377 2.66667
1 1.22451 1.22451 1.22451 0 2.66667
1 1.22451 1.22451 1.22451 0 2.66667
1 1.22451 1.22451 1.22451 0 2.66667
1 1.22451 1.22451 1.22451 0 2.66667
1 1.22451 1.22451 1.22451 0 2.66667
1 0.0522708 0.0522708 0.0522708 0 2.8
1 0.0522658 0.0522658 0.0522658 0 2.66667
1 1e-08 1e-08 1e-08 0 3.38889
1 1e-08 1e-08 1e-08 0 2.66667
1 1e-08 1e-08 1e-08 0 2.8
1 1e-08 1e-08 1e-08 0 2.66667
1 1e-08 1e-08 1e-08 0 0.8
1 1e-08 1e-08 1e-08 0 3.8
1 1e-08 1e-08 1e-08 0 2.90909
1 1e-08 1e-08 1e-08 0 2.66667
1 1e-08 1e-08 1e-08 0 2.88889

15 4.2786 4.2786 7.99583 3.71724 2.8
14 4.15342 4.15342 7.68682 3.5334 1.35714
13 4.27361 4.27361 7.60025 3.32664 2.85714
12 4.39722 4.31199 7.81643 3.48275 2.85714
7 5.46951 5.46951 7.63136 2.16184 0.888889
6 12.4326 7.30711 8.22576 1.8823 1.35714
1 45.6203 45.6203 45.6203 0 2.66667
4 10.3969 9.96275 10.0713 0.187972 0.8
3 12.7539 12.753 12.7533 0.000416495 1.66667
2 19.1249 19.1249 19.1249 0 3.16667
2 15.4163 15.4163 15.4163 0 0.666667
3 15.2068 3.33333e-09 10.1378 7.16854 2.66667
1 1.22451 1.22451 1.22451 0 2.66667
1 1.22451 1.22451 1.22451 0 2.66667
1 1.22451 1.22451 1.22451 0 2.66667
1 1.22451 1.22451 1.22451 0 2.66667
1 1.22451 1.22451 1.22451 0 2.66667
1 0.0522708 0.0522708 0.0522708 0 2.8
1 0.0522658 0.0522658 0.0522658 0 2.66667
1 1e-08 1e-08 1e-08 0 3.38889
1 1e-08 1e-08 1e-08 0 2.8
1 1e-08 1e-08 1e-08 0 2.66667
1 1e-08 1e-08 1e-08 0 0.8
1 1e-08 1e-08 1e-08 0 3.8
1 1e-08 1e-08 1e-08 0 2.66667

18 5.75293 5.75293 7.22887 1.47593 2.85714
15 3.65737 3.65246 7.45056 3.79777 2.8
14 4.6726 4.6726 7.2614 2.5888 1.35714
12 5.98021 5.86431 7.78644 1.89287 2.85714
6 6.3811 6.3811 8.31072 1.92962 0.888889
5 3.92609 2.35697 8.40179 5.15451 0.888889
4 10.3969 9.96275 10.0713 0.187972 0.8
3 12.7539 12.753 12.7533 0.000416495 1.16667
2 19.1249 19.1249 19.1249 0 3.16667
5 5.70254 5.70254 7.44236 1.73982 2.66667
2 15.4163 15.4163 15.4163 0 0.666667
1 1.22451 1.22451 1.22451 0 2.66667
1 1.22451 1.22451 1.22451 0 2.66667
1 1.22451 1.22451 1.22451 0 2.66667
1 1.22451 1.22451 1.22451 0 2.66667
1 1.22451 1.22451 1.22451 0 2.66667
1 0.0522708 0.0522708 0.0522708 0 2.8
1 0.0522658 0.0522658 0.0522658 0 2.66667
1 1e-08 1e-08 1e-08 0 3.38889
1 1e-08 1e-08 1e-08 0 2.8
1 1e-08 1e-08 1e-08 0 2.66667
1 1e-08 1e-08 1e-08 0 0.8
1 1e-08 1e-08 1e-08 0 3.8
1 1e-08 1e-08 1e-08 0 2.66667
1 1e-08 1e-08 1e-08 0 2.66667
1 1e-08 1e-08 1e-08 0 2.88889

17 3.84493 3.83977 7.64492 3.80424 2.8
15 4.67765 4.6726 7.40337 2.73044 1.35714
15 3.18247 3.18247 7.31147 4.129 2.85714
14 7.1193 6.98132 7.68421 0.668982 2.85714
8 9.57164 0.196311 7.25259 4.05971 0.888889
6 4.66223 4.3344 7.79019 3.20672 1.35714
5 9.12406 9.12406 9.12406 0 2.66667
4 10.3969 9.96275 10.0713 0.187972 0.8
5 7.65232 7.64997 7.65117 0.000993857 1.66667
2 15.4163 15.4163 15.4163 0 0.666667
1 1.22451 1.22451 1.22451 0 2.66667
1 1.22451 1.22451 1.22451 0 2.66667
1 1.22451 1.22451 1.22451 0 2.66667
1 1.22451 1.22451 1.22451 0 2.66667
1 1.22451 1.22451 1.22451 0 2.66667
1 0.0522708 0.0522708 0.0522708 0 2.8
1 0.0522658 0.0522658 0.0522658 0 2.66667
1 1e-08 1e-08 1e-08 0 3.38889
1 1e-08 1e-08 1e-08 0 2.8
1 1e-08 1e-08 1e-08 0 2.66667

16 4.67426 4.67426 8.43056 3.7563 2.85714
13 9.35943 6.25e-10 8.63947 2.494 2.8
10 3.93908 3.93482 8.9085 4.97283 1.35714
10 4.83717 4.83067 8.69596 3.86098 2.8
10 4.82275 4.72928 8.47705 3.70466 2.85714
7 9.32447 8.66881 9.19345 0.232409 1.35714
5 6.04525 6.04525 9.27381 3.22856 0.888889
5 9.12406 9.12406 9.12406 0 2.66667
4 10.3969 9.96275 10.0713 0.187972 0.857143
3 12.7539 12.753 12.7533 0.000416495 1.66667
2 19.1249 19.1249 19.1249 0 3.16667
2 15.4163 15.4163 15.4163 0 0.666667
1 1.22451 1.22451 1.22451 0 2.66667
1 1.22451 1.22451 1.22451 0 2.66667
1 1.22451 1.22451 1.22451 0 2.66667
1 1.22451 1.22451 1.22451 0 2.66667
1 1.22451 1.22451 1.22451 0 2.66667
1 0.0522708 0.0522708 0.0522708 0 2.8
1 0.0522658 0.0522658 0.0522658 0 2.66667
1 1e-08 1e-08 1e-08 0 3.38889
1 1e-08 1e-08 1e-08 0 2.8
1 1e-08 1e-08 1e-08 0 2.66667

15 4.15489 4.15489 7.40382 3.24893 3.35714
14 2.8837 2.87982 7.85178 4.96967 2.8
13 5.16155 5.15597 7.78239 2.62513 1.35714
11 7.1193 6.98132 7.98181 0.93672 2.88889
7 3.92609 3.92609 8.32023 4.39414 1.35714
6 10.4418 1.6422 8.42702 3.29798 0.888889
5 9.12406 9.12406 9.12406 0 2.66667
4 10.3969 9.96275 10.0713 0.187972 0.8
3 12.7539 12.753 12.7533 0.000416495 1.16667
2 19.1249 19.1249 19.1249 0 3.16667
2 15.4163 15.4163 15.4163 0 0.666667
2 20.1997 5e-09 10.0998 10.0998 3.35714
1 1.22451 1.22451 1.22451 0 2.66667
1 1.22451 1.22451 1.22451 0 2.66667
1 1.22451 1.22451 1.22451 0 2.66667
1 1.22451 1.22451 1.22451 0 2.66667
1 1.22451 1.22451 1.22451 0 2.66667
1 0.0522708 0.0522708 0.0522708 0 2.8
1 0.0522658 0.0522658 0.0522658 0 2.66667
1 1e-08 1e-08 1e-08 0 2.8
1 1e-08 1e-08 1e-08 0 3.38889
1 1e-08 1e-08 1e-08 0 2.8
1 1e-08 1e-08 1e-08 0 2.66667

1 149.751 149.751 149.751 0 2.8
14 4.3993 4.3993 8.59595 4.19665 2.85714
12 4.83717 4.83717 8.93103 4.09386 2.8
11 5.7502 5.69641 8.81285 3.10673 2.88889
10 4.4025 4.39774 8.48713 4.08796 1.35714
7 7.17873 7.17873 9.46997 2.29124 0.888889
7 3.39072 3.39072 8.93005 5.53934 1.35714
4 10.3969 9.96275 10.0713 0.187972 0.8
4 7.65232 7.64997 9.56396 1.91249 3.16667
4 5.70254 5.70254 8.55381 2.85127 2.66667
2 15.4163 15.4163 15.4163 0 0.666667
1 10.8922 10.8922 10.8922 5e-09 2.88889
1 1.22451 1.22451 1.22451 0 2.66667
1 1.22451 1.22451 1.22451 0 2.66667
1 1.22451 1.22451 1.22451 0 2.66667
1 1.22451 1.22451 1.22451 0 2.66667
1 1.22451 1.22451 1.22451 0 2.66667
1 0.0522708 0.0522708 0.0522708 0 2.8
1 0.0522658 0.0522658 0.0522658 0 2.66667
1 1e-08 1e-08 1e-08 0 3.38889
1 1e-08 1e-08 1e-08 0 2.8
1 1e-08 1e-08 1e-08 0 2.66667

13 4.9895 4.9841 8.63658 3.64998 1.35714
13 4.67426 4.67426 8.59549 3.92124 2.85714
13 5.15536 5.10713 8.13718 3.0153 2.88889
11 3.06025 3.06025 8.61377 5.55351 2.85714
7 10.6565 10.6565 10.6565 0 1.35714
1 57.1978 57.1978 57.1978 0 1.85714
6 8.87174 5.26288 8.85209 1.55786 0.888889
4 11.4051 11.4051 11.4051 0 2.66667
4 10.3969 9.96275 10.0713 0.187972 0.8
2 19.1295 19.1295 19.1295 0 1.66667
2 19.1308 19.1249 19.1279 0.00292907 3.16667
2 15.4163 15.4163 15.4163 0 0.666667
1 1.22451 1.22451 1.22451 0 2.66667
1 1.22451 1.22451 1.22451 0 2.66667
1 1.22451 1.22451 1.22451 0 2.66667
1 1.22451 1.22451 1.22451 0 2.66667
1 1.22451 1.22451 1.22451 0 2.66667
1 0.0522708 0.0522708 0.0522708 0 2.8
1 0.0522658 0.0522658 0.0522658 0 2.66667
1 1e-08 1e-08 1e-08 0 3.38889
1 1e-08 1e-08 1e-08 0 2.8
1 1e-08 1e-08 1e-08 0 2.66667
1 1e-08 1e-08 1e-08 0 1.85714

13 7.14059 7.14059 7.86198 0.721391 2.8
12 4.3993 4.3993 8.33577 3.93647 2.85714
11 4.04068 4.00288 7.98399 3.96397 2.88889
11 3.65085 3.64691 7.93 4.27986 3.85714
9 12.4204 0.0112758 8.15751 4.61571 0.888889
2 70.3185 5e-09 35.1593 35.1593 2.85714
7 4.97305 4.97305 8.74292 3.76987 1.35714
4 11.4051 11.4051 11.4051 0 2.66667
4 10.3969 9.96275 10.0713 0.187972 0.8
3 12.7539 12.753 12.7533 0.000416495 1.66667
1 38.2499 38.2499 38.2499 0 3.16667
2 15.4163 15.4163 15.4163 0 0.666667
1 1.22451 1.22451 1.22451 0 2.66667
1 1.22451 1.22451 1.22451 0 2.66667
1 1.22451 1.22451 1.22451 0 2.66667
1 1.22451 1.22451 1.22451 0 2.66667
1 1.22451 1.22451 1.22451 0 2.66667
1 0.0522708 0.0522708 0.0522708 0 2.8
1 0.0522658 0.0522658 0.0522658 0 2.66667
1 1e-08 1e-08 1e-08 0 3.38889
1 1e-08 1e-08 1e-08 0 2.8
1 1e-08 1e-08 1e-08 0 2.66667
1 5e-09 5e-09 1e-08 5e-09 2.85714
1 1e-08 1e-08 1e-08 0 0.8
1 1e-08 1e-08 1e-08 0 1.35714
1 1e-08 1e-08 1e-08 0 2.85714

14 5.98305 5.98305 7.64538 1.66233 2.85714
13 6.50804 6.50101 8.04023 1.53273 1.85714
12 5.15536 5.10713 7.70881 2.57768 2.88889
11 3.06025 3.06025 8.00577 4.94552 2.8
9 7.04229 5.32827 8.00053 2.5396 1.35714
7 7.76278 4.60502 8.23085 1.64319 0.888889
4 10.3969 9.96275 10.0713 0.187972 0.8
5 8.44268 3.80169 7.77212 3.56389 2.66667
3 12.7539 12.753 12.7533 0.000416495 1.66667
1 38.2499 38.2499 38.2499 0 3.16667
2 27.5682 7.13652 17.3524 10.2159 1.35714
2 15.4163 15.4163 15.4163 0 0.666667
1 1.22451 1.22451 1.22451 0 2.66667
1 1.22451 1.22451 1.22451 0 2.66667
1 1.22451 1.22451 1.22451 0 2.66667
1 1.22451 1.22451 1.22451 0 2.66667
1 1.22451 1.22451 1.22451 0 2.66667
1 0.0522708 0.0522708 0.0522708 0 2.8
1 0.0522658 0.0522658 0.0522658 0 2.66667
1 0.000242644 0.000242644 0.000242644 0 1.35714
1 1e-08 1e-08 1e-08 0 3.38889
1 1e-08 1e-08 1e-08 0 2.8
1 1e-08 1e-08 1e-08 0 2.66667
1 1e-08 1e-08 1e-08 0 1.85714
1 1e-08 1e-08 1e-08 0 0.8

2 73.2748 72.7772 73.026 0.248791 2.8
12 5.99809 5.99809 10.6835 4.68543 2.8
11 5.15536 5.10713 10.8058 5.66801 2.88889
11 4.53261 4.53261 10.4086 5.87596 2.85714
11 4.27671 4.27671 10.2619 5.98514 1.35714
1 79.058 79.058 79.058 0 2.90909
5 6.53707 6.04525 11.4325 5.19614 0.888889
5 16.8854 7.60339 10.9805 4.01214 2.66667
5 4.48146 3.39072 10.3723 6.77752 1.35714
3 12.7539 12.753 12.7533 0.000416495 1.66667
1 38.2499 38.2499 38.2499 0 3.16667
2 15.4163 15.4163 15.4163 0 0.666667
2 5.19843 4.98138 15.0568 9.96744 0.8
1 1.22451 1.22451 1.22451 0 2.66667
1 1.22451 1.22451 1.22451 0 2.66667
1 1.22451 1.22451 1.22451 0 2.66667
1 1.22451 1.22451 1.22451 0 2.66667
1 1.22451 1.22451 1.22451 0 2.66667
1 0.0522708 0.0522708 0.0522708 0 2.8
1 0.0522658 0.0522658 0.0522658 0 2.66667
1 1e-08 1e-08 1e-08 0 3.38889
1 1e-08 1e-08 1e-08 0 2.8
1 1e-08 1e-08 1e-08 0 2.66667

11 13.5978 13.5978 13.5978 0 2.85714
12 12.4588 6.58816 11.9307 1.61173 2.88889
12 12.4737 3.32092 11.711 2.52971 1.35714
5 24.8409 22.9719 23.7195 0.915587 0.888889
9 1.41464 1.41464 11.4649 10.0503 2.8
3 47.2751 3.33333e-09 29.9141 21.2434 3.35714
5 19.7184 14.9191 15.879 1.91971 1.35714
5 20.2624 9.12406 11.3517 4.45535 2.66667
1 41.5874 41.5874 41.5874 0 0.857143
3 12.7539 12.753 12.7533 0.000416495 1.66667
1 38.2499 38.2499 38.2499 0 3.16667
2 15.4163 15.4163 15.4163 0 0.666667
1 1.22451 1.22451 1.22451 0 2.66667
1 1.22451 1.22451 1.22451 0 2.66667
1 1.22451 1.22451 1.22451 0 2.66667
1 1.22451 1.22451 1.22451 0 2.66667
1 1.22451 1.22451 1.22451 0 2.66667
1 0.0522708 0.0522708 0.0522708 0 2.8
1 0.0522658 0.0522658 0.0522658 0 2.66667
1 1e-08 1e-08 1e-08 0 3.38889
1 1e-08 1e-08 1e-08 0 2.8
1 1e-08 1e-08 1e-08 0 2.66667
1 2.5e-09 2.5e-09 1e-08 7.5e-09 3.3
1 1e-08 1e-08 1e-08 0 2.8

11 13.6077 13.6077 13.6077 1.77636e-15 1.85714
13 11.5348 7.69231e-10 9.57869 4.11152 2.8
5 24.8409 14.7361 22.0723 3.76216 0.888889
12 2.5789 2.5789 9.13007 6.55117 2.85714
9 2.30008 2.30008 9.40308 7.103 2.88889
5 19.7184 14.9191 15.879 1.91971 1.35714
5 20.2624 9.12406 11.3517 4.45535 2.66667
2 20.7937 19.9255 20.3596 0.434101 0.8
3 12.7539 12.753 12.7533 0.000416495 1.66667
1 38.2499 38.2499 38.2499 0 3.16667
2 15.4163 15.4163 15.4163 0 0.666667
1 1.22451 1.22451 1.22451 0 2.66667
1 1.22451 1.22451 1.22451 0 2.66667
1 1.22451 1.22451 1.22451 0 2.66667
1 1.22451 1.22451 1.22451 0 2.66667
1 1.22451 1.22451 1.22451 0 2.66667
1 0.0522708 0.0522708 0.0522708 0 2.8
1 0.0522658 0.0522658 0.0522658 0 2.66667
1 1e-08 1e-08 1e-08 0 3.38889
1 1e-08 1e-08 1e-08 0 2.8
1 1e-08 1e-08 1e-08 0 2.66667
1 1e-08 1e-08 1e-08 0 2.8

12 12.4647 12.4647 12.4647 3.55271e-15 2.85714
9 16.6117 16.6117 16.6117 0 2.88889
10 2.82929 2.82929 9.66647 6.83718 3.3
5 24.8409 0.471146 17.5722 9.33075 0.888889
8 2.23528 2.2341 10.295 8.06074 1.35714
1 79.6626 79.6626 79.6626 0 2.85714
5 19.7184 14.9191 15.879 1.91971 1.35714
5 20.2624 9.12406 11.3517 4.45535 2.66667
2 20.7937 19.9255 20.3596 0.434101 0.857143
3 12.7539 12.753 12.7533 0.000416495 1.66667
1 38.2499 38.2499 38.2499 0 3.16667
2 15.4163 15.4163 15.4163 0 0.666667
1 1.22451 1.22451 1.22451 0 2.66667
1 1.22451 1.22451 1.22451 0 2.66667
1 1.22451 1.22451 1.22451 0 2.66667
1 1.22451 1.22451 1.22451 0 2.66667
1 1.22451 1.22451 1.22451 0 2.66667
1 0.0522708 0.0522708 0.0522708 0 2.8
1 0.0522658 0.0522658 0.0522658 0 2.66667
1 1e-08 1e-08 1e-08 0 3.38889
1 1e-08 1e-08 1e-08 0 2.8
1 1e-08 1e-08 1e-08 0 2.66667
1 3.33333e-09 3.33333e-09 1e-08 6.66667e-09 2.8
1 1e-08 1e-08 1e-08 0 3.35714

10 14.9952 14.9952 14.9952 0 2.8
8 18.7205 18.7106 18.7119 0.00326456 1.35714
5 24.8409 14.7361 22.0723 3.76216 0.888889
10 2.33713 2.33713 10.2398 7.9027 2.85714
1 79.6626 79.6626 79.6626 0 2.85714
5 19.7184 14.9191 15.879 1.91971 1.35714
7 2.6229 2.6229 10.7092 8.08625 2.88889
5 20.2624 9.12406 11.3517 4.45535 2.66667
2 20.7937 19.9255 20.3596 0.434101 0.8
3 12.7539 12.753 12.7533 0.000416495 1.16667
1 38.2499 38.2499 38.2499 0 3.16667
2 15.4163 15.4163 15.4163 0 0.666667
1 1.22451 1.22451 1.22451 0 2.66667
1 1.22451 1.22451 1.22451 0 2.66667
1 1.22451 1.22451 1.22451 0 2.66667
1 1.22451 1.22451 1.22451 0 2.66667
1 1.22451 1.22451 1.22451 0 2.66667
1 0.0522708 0.0522708 0.0522708 0 2.8
1 0.0522658 0.0522658 0.0522658 0 2.66667
1 1e-08 1e-08 1e-08 0 3.38889
1 1e-08 1e-08 1e-08 0 2.8
1 1e-08 1e-08 1e-08 0 2.66667
1 1e-08 1e-08 1e-08 0 3.3
1 1e-08 1e-08 1e-08 0 3.35714

1 149.576 149.576 149.576 0 2.85714
9 16.6196 16.6196 16.6196 3.55271e-15 2.85714
7 21.3579 21.3579 21.3579 3.55271e-15 2.88889
5 24.8409 14.7361 22.0723 3.76216 0.888889
9 2.49921 2.49921 11.6127 9.11352 2.8
8 2.67436 2.67295 10.8971 8.22396 1.35714
1 79.6626 79.6626 79.6626 0 2.85714
5 19.7184 14.9191 15.879 1.91971 1.35714
5 20.2624 9.12406 11.3517 4.45535 2.66667
2 20.7937 19.9255 20.3596 0.434101 0.8
3 9.56539 9.56473 12.7524 3.18749 3.16667
2 15.4163 15.4163 15.4163 0 0.666667
1 1.22451 1.22451 1.22451 0 2.66667
1 1.22451 1.22451 1.22451 0 2.66667
1 1.22451 1.22451 1.22451 0 2.66667
1 1.22451 1.22451 1.22451 0 2.66667
1 1.22451 1.22451 1.22451 0 2.66667
1 0.0522708 0.0522708 0.0522708 0 2.8
1 0.0522658 0.0522658 0.0522658 0 2.66667
1 0.0185694 0.0185694 0.0185694 0 0.8
1 1e-08 1e-08 1e-08 0 3.38889
1 1e-08 1e-08 1e-08 0 2.8
1 1e-08 1e-08 1e-08 0 2.66667
1 1e-08 1e-08 1e-08 0 3.3
1 1e-08 1e-08 1e-08 0 3.35714
1 1e-08 1e-08 1e-08 0 1.38889

9 16.6614 16.6614 16.6614 0 2.8
8 18.7205 18.7106 18.7119 0.00326456 1.35714
7 21.3579 21.3579 21.3579 3.55271e-15 2.88889
5 24.8409 0.471146 19.2194 9.41129 0.888889
8 1.35978 1.35978 10.5245 9.16467 2.85714
1 79.6626 79.6626 79.6626 0 2.85714
5 19.7184 14.9191 15.879 1.91971 1.35714
5 20.2624 9.12406 11.3517 4.45535 2.66667
2 20.7937 19.9255 20.3596 0.434101 0.8
1 38.2616 38.2616 38.2616 0 1.16667
2 19.1295 19.1295 19.1295 0 1.66667
2 15.4163 15.4163 15.4163 0 0.666667
1 1.22451 1.22451 1.22451 0 2.66667
1 1.22451 1.22451 1.22451 0 2.66667
1 1.22451 1.22451 1.22451 0 2.66667
1 1.22451 1.22451 1.22451 0 2.66667
1 1.22451 1.22451 1.22451 0 2.66667
1 0.0522708 0.0522708 0.0522708 0 2.8
1 0.0522658 0.0522658 0.0522658 0 2.66667
1 0.0185694 0.0185694 0.0185694 0 0.8
1 1e-08 1e-08 1e-08 0 3.38889
1 1e-08 1e-08 1e-08 0 2.8
1 1e-08 1e-08 1e-08 0 2.66667
1 1e-08 1e-08 1e-08 0 3.3
1 1e-08 1e-08 1e-08 0 3.35714
1 1e-08 1e-08 1e-08 0 1.38889

8 18.697 18.697 18.697 3.55271e-15 2.85714
7 21.3579 21.3579 21.3579 3.55271e-15 2.88889
5 24.8409 0.471146 19.2194 9.41129 0.888889
10 2.54156 2.54156 9.45491 6.91335 2.8
10 2.58214 2.58077 9.42039 6.83934 1.35714
1 79.6626 79.6626 79.6626 0 2.85714
5 19.7184 14.9191 15.879 1.91971 1.35714
5 20.2624 9.12406 11.3517 4.45535 2.66667
2 20.7937 19.9255 20.3596 0.434101 0.857143
3 12.7539 12.753 12.7533 0.000416495 1.66667
2 15.4163 15.4163 15.4163 0 0.666667
1 1.22451 1.22451 1.22451 0 2.66667
1 1.22451 1.22451 1.22451 0 2.66667
1 1.22451 1.22451 1.22451 0 2.66667
1 1.22451 1.22451 1.22451 0 2.66667
1 1.22451 1.22451 1.22451 0 2.66667
1 0.0522708 0.0522708 0.0522708 0 2.8
1 0.0522658 0.0522658 0.0522658 0 2.66667
1 0.0185694 0.0185694 0.0185694 0 0.8
1 1e-08 1e-08 1e-08 0 3.38889
1 1e-08 1e-08 1e-08 0 2.8
1 1e-08 1e-08 1e-08 0 2.66667
1 1e-08 1e-08 1e-08 0 3.3
1 1e-08 1e-08 1e-08 0 3.35714
1 1e-08 1e-08 1e-08 0 1.38889

10 14.9952 14.9952 14.9952 0 2.8
10 14.9764 14.9685 14.9701 0.00315875 1.35714
11 2.49294 2.49294 9.04247 6.54953 2.85714
5 24.8409 0.471146 17.5722 9.33075 0.888889
9 2.76862 2.76862 9.34374 6.57512 2.88889
1 79.6626 79.6626 79.6626 0 2.85714
5 19.7184 14.9191 15.879 1.91971 1.35714
5 20.2624 9.12406 11.3517 4.45535 2.66667
2 20.7937 19.9255 20.3596 0.434101 0.8
3 12.7539 12.753 12.7533 0.000416495 1.66667
2 15.4163 15.4163 15.4163 0 0.666667
1 1.22451 1.22451 1.22451 0 2.66667
1 1.22451 1.22451 1.22451 0 2.66667
1 1.22451 1.22451 1.22451 0 2.66667
1 1.22451 1.22451 1.22451 0 2.66667
1 1.22451 1.22451 1.22451 0 2.66667
1 0.0522708 0.0522708 0.0522708 0 2.8
1 0.0522658 0.0522658 0.0522658 0 2.66667
1 0.0185694 0.0185694 0.0185694 0 0.8
1 1e-08 1e-08 1e-08 0 3.38889
1 1e-08 1e-08 1e-08 0 2.8
1 1e-08 1e-08 1e-08 0 2.66667
1 1e-08 1e-08 1e-08 0 3.3
1 1e-08 1e-08 1e-08 0 3.35714
1 1e-08 1e-08 1e-08 0 1.38889
1 1e-08 1e-08 1e-08 0 2.85714

11 13.5978 13.5978 13.5978 0 2.85714
9 16.6117 16.6117 16.6117 0 2.88889
11 2.82929 2.82929 9.69322 6.86393 2.85714
10 2.23528 2.2341 10.1231 7.88805 1.85714
5 24.8409 0.471146 19.2194 9.41129 0.888889
1 79.6626 79.6626 79.6626 0 2.85714
5 19.7184 14.9191 15.879 1.91971 1.35714
5 20.2624 9.12406 11.3517 4.45535 2.66667
2 20.7937 19.9255 20.3596 0.434101 0.8
3 12.7539 12.753 12.7533 0.000416495 1.16667
2 15.4163 15.4163 15.4163 0 0.666667
1 1.22451 1.22451 1.22451 0 2.66667
1 1.22451 1.22451 1.22451 0 2.66667
1 1.22451 1.22451 1.22451 0 2.66667
1 1.22451 1.22451 1.22451 0 2.66667
1 1.22451 1.22451 1.22451 0 2.66667
1 0.0522708 0.0522708 0.0522708 0 2.8
1 0.0522658 0.0522658 0.0522658 0 2.66667
1 0.0185694 0.0185694 0.0185694 0 0.8
1 1e-08 1e-08 1e-08 0 3.38889
1 1e-08 1e-08 1e-08 0 2.8
1 1e-08 1e-08 1e-08 0 2.66667
1 1e-08 1e-08 1e-08 0 3.3
1 1e-08 1e-08 1e-08 0 3.35714
1 1e-08 1e-08 1e-08 0 1.38889
1 1e-08 1e-08 1e-08 0 2.85714

11 13.632 13.632 13.632 0 2.8
10 14.9764 14.9685 14.9748 0.00315875 1.35714
11 2.45207 2.45207 10.1295 7.67743 2.85714
5 24.8409 14.7361 22.0723 3.76216 0.888889
10 2.53399 2.53399 10.2741 7.74008 2.90909
1 79.6626 79.6626 79.6626 0 2.85714
5 19.7184 14.9191 15.879 1.91971 1.35714
5 20.2624 9.12406 11.3517 4.45535 2.66667
2 20.7937 19.9255 20.3596 0.434101 0.857143
3 12.7539 12.753 12.7533 0.000416495 1.16667
2 15.4163 15.4163 15.4163 0 0.666667
1 1.22451 1.22451 1.22451 0 2.66667
1 1.22451 1.22451 1.22451 0 2.66667
1 1.22451 1.22451 1.22451 0 2.66667
1 1.22451 1.22451 1.22451 0 2.66667
1 1.22451 1.22451 1.22451 0 2.66667
1 0.0522708 0.0522708 0.0522708 0 2.8
1 0.0522658 0.0522658 0.0522658 0 2.66667
1 0.0185694 0.0185694 0.0185694 0 0.8
1 1e-08 1e-08 1e-08 0 3.38889
1 1e-08 1e-08 1e-08 0 2.8
1 1e-08 1e-08 1e-08 0 2.66667
1 1e-08 1e-08 1e-08 0 3.3
1 1e-08 1e-08 1e-08 0 3.35714
1 1e-08 1e-08 1e-08 0 1.38889
1 1e-08 1e-08 1e-08 0 2.85714

11 13.5978 13.5978 13.5978 0 2.85714
10 14.9505 14.9505 14.9505 0 2.88889
5 24.8409 22.9719 23.7195 0.915587 0.888889
10 2.77689 2.77689 9.53026 6.75336 2.8
9 2.23528 2.23528 10.174 7.93874 1.38889
1 79.6626 79.6626 79.6626 0 2.85714
5 19.7184 14.9191 15.879 1.91971 1.35714
5 20.2624 9.12406 11.3517 4.45535 2.66667
2 20.7937 19.9255 20.3596 0.434101 0.8
3 12.7539 12.753 12.7533 0.000416495 1.16667
2 15.4163 15.4163 15.4163 0 0.666667
1 1.22451 1.22451 1.22451 0 2.66667
1 1.22451 1.22451 1.22451 0 2.66667
1 1.22451 1.22451 1.22451 0 2.66667
1 1.22451 1.22451 1.22451 0 2.66667
1 1.22451 1.22451 1.22451 0 2.66667
1 0.0522708 0.0522708 0.0522708 0 2.8
1 0.0522658 0.0522658 0.0522658 0 2.66667
1 0.0185694 0.0185694 0.0185694 0 0.8
1 1e-08 1e-08 1e-08 0 3.38889
1 1e-08 1e-08 1e-08 0 2.8
1 1e-08 1e-08 1e-08 0 2.66667
1 1e-08 1e-08 1e-08 0 3.3
1 1e-08 1e-08 1e-08 0 3.35714
1 1e-08 1e-08 1e-08 0 1.38889
1 1e-08 1e-08 1e-08 0 2.85714

10 14.9952 14.9952 14.9952 0 2.8
9 16.6404 16.6404 16.6404 0 1.35714
11 2.0213 2.0213 9.41204 7.39074 2.85714
5 24.8409 0.471146 19.2194 9.41129 0.888889
9 3.18096 3.18096 10.1336 6.95262 2.88889
1 79.6626 79.6626 79.6626 0 2.85714
5 19.7184 14.9191 15.879 1.91971 1.35714
5 20.2624 9.12406 11.3517 4.45535 2.66667
2 20.7937 19.9255 20.3596 0.434101 0.8
3 12.7539 12.753 12.7533 0.000416495 1.66667
2 15.4163 15.4163 15.4163 0 0.666667
1 1.22451 1.22451 1.22451 0 2.66667
1 1.22451 1.22451 1.22451 0 2.66667
1 1.22451 1.22451 1.22451 0 2.66667
1 1.22451 1.22451 1.22451 0 2.66667
1 1.22451 1.22451 1.22451 0 2.66667
1 0.0522708 0.0522708 0.0522708 0 2.8
1 0.0522658 0.0522658 0.0522658 0 2.66667
1 0.0185694 0.0185694 0.0185694 0 0.8
1 1e-08 1e-08 1e-08 0 3.38889
1 1e-08 1e-08 1e-08 0 2.8
1 1e-08 1e-08 1e-08 0 2.66667
1 1e-08 1e-08 1e-08 0 3.3
1 1e-08 1e-08 1e-08 0 3.35714
1 1e-08 1e-08 1e-08 0 1.38889
1 1e-08 1e-08 1e-08 0 2.85714

11 13.5978 13.5978 13.5978 0 2.85714
9 16.6117 16.6117 16.6117 0 2.88889
5 24.8409 22.9719 23.7195 0.915587 0.888889
10 2.88008 2.88008 11.0257 8.14565 1.35714
10 2.272 2.272 10.8925 8.62053 2.8
1 79.6626 79.6626 79.6626 0 2.85714
5 19.7184 14.9191 15.879 1.91971 1.35714
5 20.2624 9.12406 11.3517 4.45535 2.66667
2 20.7937 19.9255 20.3596 0.434101 0.8
1 40.3428 40.3428 40.3428 0 1.38889
3 12.7539 12.753 12.7533 0.000416495 1.66667
2 15.4163 15.4163 15.4163 0 0.666667
1 1.22451 1.22451 1.22451 0 2.66667
1 1.22451 1.22451 1.22451 0 2.66667
1 1.22451 1.22451 1.22451 0 2.66667
1 1.22451 1.22451 1.22451 0 2.66667
1 1.22451 1.22451 1.22451 0 2.66667
1 0.0522708 0.0522708 0.0522708 0 2.8
1 0.0522658 0.0522658 0.0522658 0 2.66667
1 0.0185694 0.0185694 0.0185694 0 0.8
1 1e-08 1e-08 1e-08 0 3.38889
1 1e-08 1e-08 1e-08 0 2.8
1 1e-08 1e-08 1e-08 0 2.66667
1 1e-08 1e-08 1e-08 0 3.3
1 1e-08 1e-08 1e-08 0 3.35714
1 1e-08 1e-08 1e-08 0 1.38889
1 1e-08 1e-08 1e-08 0 2.85714

10 14.9952 14.9952 14.9952 0 2.8
12 12.4803 3.32092 10.9572 3.40588 1.35714
10 2.93148 2.93148 9.66869 6.73722 2.88889
5 24.8409 0.471146 19.2194 9.41129 0.888889
9 2.19965 2.19965 9.86176 7.66211 2.85714
1 79.6626 79.6626 79.6626 0 2.85714
5 19.7184 14.9191 15.879 1.91971 1.35714
5 20.2624 9.12406 11.3517 4.45535 2.66667
1 41.5874 41.5874 41.5874 0 0.857143
3 12.7539 12.753 12.7533 0.000416495 1.16667
2 15.4163 15.4163 15.4163 0 0.666667
1 1.22451 1.22451 1.22451 0 2.66667
1 1.22451 1.22451 1.22451 0 2.66667
1 1.22451 1.22451 1.22451 0 2.66667
1 1.22451 1.22451 1.22451 0 2.66667
1 1.22451 1.22451 1.22451 0 2.66667
1 0.0522708 0.0522708 0.0522708 0 2.8
1 0.0522658 0.0522658 0.0522658 0 2.66667
1 0.0185694 0.0185694 0.0185694 0 0.8
1 1e-08 1e-08 1e-08 0 3.38889
1 1e-08 1e-08 1e-08 0 2.8
1 1e-08 1e-08 1e-08 0 2.66667
1 1e-08 1e-08 1e-08 0 3.3
1 1e-08 1e-08 1e-08 0 3.35714
1 1e-08 1e-08 1e-08 0 1.38889
1 1e-08 1e-08 1e-08 0 2.85714
1 1e-08 1e-08 1e-08 0 2.85714

9 16.6196 16.6196 16.6196 3.55271e-15 2.85714
10 14.9505 14.9505 14.9505 0 2.88889
13 8.82072 8.82072 11.3526 2.53188 2.8
8 2.72298 2.72298 11.8832 9.16018 1.35714
8 3.33227 3.33227 11.4008 8.06853 2.8
5 24.8409 0.471146 17.5722 9.33075 0.888889
1 79.6626 79.6626 79.6626 0 2.85714
5 19.7184 14.9191 15.879 1.91971 1.35714
5 20.2624 9.12406 11.3517 4.45535 2.66667
4 13.6127 6.64184 11.7779 4.46127 1.8
1 40.3428 40.3428 40.3428 0 1.38889
3 12.7539 12.753 12.7533 0.000416495 1.16667
2 15.4163 15.4163 15.4163 0 0.666667
1 1.22451 1.22451 1.22451 0 2.66667
1 1.22451 1.22451 1.22451 0 2.66667
1 1.22451 1.22451 1.22451 0 2.66667
1 1.22451 1.22451 1.22451 0 2.66667
1 1.22451 1.22451 1.22451 0 2.66667
1 0.0522708 0.0522708 0.0522708 0 2.8
1 0.0522658 0.0522658 0.0522658 0 2.66667
1 0.0185694 0.0185694 0.0185694 0 0.8
1 1e-08 1e-08 1e-08 0 3.38889
1 1e-08 1e-08 1e-08 0 2.8
1 1e-08 1e-08 1e-08 0 2.66667
1 1e-08 1e-08 1e-08 0 3.3
1 1e-08 1e-08 1e-08 0 1.38889
1 1e-08 1e-08 1e-08 0 2.85714
1 1e-08 1e-08 1e-08 0 2.85714

15 7.14059 7.14059 9.99682 2.85623 2.8
8 18.7205 18.7205 18.7205 3.55271e-15 1.35714
11 3.32234 3.32234 9.8564 6.53406 2.88889
5 24.8409 0.471146 19.2194 9.41129 0.888889
8 2.02305 2.0213 10.6846 8.66308 2.85714
1 79.6626 79.6626 79.6626 0 2.85714
5 19.7184 14.9191 15.879 1.91971 1.35714
5 20.2624 9.12406 11.3517 4.45535 2.66667
4 20.419 9.96275 12.6854 4.4685 0.8
1 40.3428 40.3428 40.3428 0 1.38889
3 12.7539 12.753 12.7533 0.000416495 1.66667
2 15.4163 15.4163 15.4163 0 0.666667
1 1.22451 1.22451 1.22451 0 2.66667
1 1.22451 1.22451 1.22451 0 2.66667
1 1.22451 1.22451 1.22451 0 2.66667
1 1.22451 1.22451 1.22451 0 2.66667
1 1.22451 1.22451 1.22451 0 2.66667
1 0.0522708 0.0522708 0.0522708 0 2.8
1 0.0522658 0.0522658 0.0522658 0 2.66667
1 0.0185694 0.0185694 0.0185694 0 0.8
1 1e-08 1e-08 1e-08 0 3.38889
1 1e-08 1e-08 1e-08 0 2.8
1 1e-08 1e-08 1e-08 0 2.66667
1 1e-08 1e-08 1e-08 0 3.3
1 1e-08 1e-08 1e-08 0 1.38889
1 1e-08 1e-08 1e-08 0 2.85714
1 1e-08 1e-08 1e-08 0 2.85714

8 18.7132 18.697 18.6991 0.00536044 2.85714
11 13.5914 13.5914 13.5914 0 2.88889
5 24.8409 22.9719 23.7195 0.915587 0.888889
11 2.3802 2.3802 10.0724 7.69221 2.8
10 2.53837 2.53837 9.76257 7.2242 1.35714
1 79.6626 79.6626 79.6626 0 2.85714
5 19.7184 14.9191 15.879 1.91971 1.35714
5 20.2624 9.12406 11.3517 4.45535 2.66667
4 20.419 9.96275 12.6854 4.4685 0.8
3 12.7539 12.753 12.7533 0.000416495 1.66667
2 15.4163 15.4163 15.4163 0 0.666667
1 1.22451 1.22451 1.22451 0 2.66667
1 1.22451 1.22451 1.22451 0 2.66667
1 1.22451 1.22451 1.22451 0 2.66667
1 1.22451 1.22451 1.22451 0 2.66667
1 1.22451 1.22451 1.22451 0 2.66667
1 0.0522708 0.0522708 0.0522708 0 2.8
1 0.0522658 0.0522658 0.0522658 0 2.66667
1 0.0185694 0.0185694 0.0185694 0 0.8
1 3.28942e-05 3.28942e-05 3.28942e-05 0 2.85714
1 1e-08 1e-08 1e-08 0 3.38889
1 1e-08 1e-08 1e-08 0 2.8
1 1e-08 1e-08 1e-08 0 2.66667
1 1e-08 1e-08 1e-08 0 3.3
1 1e-08 1e-08 1e-08 0 1.38889
1 1e-08 1e-08 1e-08 0 2.85714
1 1e-08 1e-08 1e-08 0 2.85714
1 1e-08 1e-08 1e-08 0 2.85714

