5 1 0.0522536 0.0522536 0.0522536 0 2
1 1 0.0134626 0.0134626 0.0134626 0 0
2 1 1e-08 1e-08 1e-08 0 2
3 1 1e-08 1e-08 1e-08 0 2
4 1 1e-08 1e-08 1e-08 0 2

5 69 0.015306 0.000653171 0.0017626 0.00364516 2
1 18 0.0163205 0.000747921 0.00300588 0.00495775 0
2 1 3.33333e-09 3.33333e-09 1e-08 6.66667e-09 2
3 1 5e-09 5e-09 1e-08 5e-09 2
4 1 5e-09 5e-09 1e-08 5e-09 2

5 77 0.0169126 0.00037865 0.00279921 0.00385425 2
1 22 0.00733904 0.000299168 0.00282481 0.00281804 0.666667
2 1 2.5e-09 2.5e-09 1e-08 7.5e-09 2
3 1 1e-08 1e-08 1e-08 0 2

2 2 0.612238 5e-09 0.306119 0.306119 2
12 1 0.326349 0.326349 0.326349 0 0.666667
6 1 0.307747 0.307747 0.307747 0 0.666667
5 14 0.0153548 0.00805577 0.0215542 0.0131016 2.66667
11 1 0.167036 0.167036 0.167036 0 0.666667
7 5 0.0558908 0.000600805 0.0220584 0.0217803 0.666667
1 4 0.0112292 0.010356 0.0212672 0.010452 0
8 3 0.0381595 0.0182889 0.0268734 0.00957015 0.666667
9 1 0.0608217 0.0608217 0.0608217 0 0.666667
3 1 5e-09 5e-09 1e-08 5e-09 2
10 1 5e-09 5e-09 1e-08 5e-09 2.66667

1 5 3.67306 0.0108862 0.758318 1.4575 0.8
13 9 0.212176 0.111316 0.158467 0.048684 2.66667
14 1 1.24555 1.24555 1.24555 0 2.66667
15 4 0.306491 0.306491 0.306491 0 2.66667
16 1 1.22448 1.22448 1.22448 0 2.66667
20 1 1.22448 1.22448 1.22448 0 2.66667
19 1 1.22448 1.22448 1.22448 0 2.66667
17 7 0.174925 0.146871 0.170918 0.00981677 2.66667
18 4 0.306119 2.5e-09 0.15306 0.15306 2.8
2 3 0.0480062 0.0408159 0.152055 0.108895 2
8 1 0.324754 0.324754 0.324754 0 1.16667
12 1 0.0160417 0.0160417 0.290157 0.274116 0.666667
6 1 0.0132667 0.0132667 0.19572 0.182454 0.666667
11 1 0.0262278 0.0262278 0.131904 0.105677 0.666667
7 1 0.0406965 0.0406965 0.111668 0.0709715 0.666667
10 1 1e-08 1e-08 1e-08 0 2
3 1 5e-09 5e-09 1e-08 5e-09 2

13 22 0.680196 0.045351 0.117178 0.180945 2.66667
14 7 0.177936 0.177936 0.177936 2.77556e-17 2.66667
15 10 0.079357 0.0721155 0.12332 0.0505276 2.66667
16 9 0.122448 0.122448 0.122448 1.11111e-10 2.66667
17 8 0.0816318 0.0816318 0.127965 0.046333 2.66667
20 6 0.204079 1.66667e-09 0.1639 0.0745328 2.66667
18 7 0.174925 1.42857e-09 0.126013 0.0773623 2.66667
19 6 0.122448 0.122448 0.128473 0.00602528 2.66667
6 1 0.331667 0.331667 0.331667 0 0.8
2 2 0.288037 0.0104547 0.154473 0.13889 2.8
11 1 0.296448 0.296448 0.296448 0 0.8
7 1 0.284876 0.284876 0.284876 0 0.666667
8 1 0.0364042 0.0364042 0.22457 0.188166 0.666667
1 1 0.0421094 0.0421094 0.0911587 0.0490493 0.8
21 1 0.0121643 0.0121643 0.049695 0.0375307 0.666667
23 1 0.0261352 0.0261352 0.0466168 0.0204816 0.8
10 1 1e-08 1e-08 1e-08 0 2
3 1 1e-08 1e-08 1e-08 0 2
22 1 3.33333e-09 3.33333e-09 1e-08 6.66667e-09 2.66667
24 1 1e-08 1e-08 1e-08 0 0.666667

13 20 0.453449 0.0235487 0.145916 0.149661 2.66667
19 8 0.122448 0.122448 0.15306 0.0306119 2.66667
28 1 1.22381 1.22381 1.22381 0 2.8
17 8 0.111316 0.111316 0.146529 0.0352125 2.66667
16 8 0.0583085 0.0583085 0.145771 0.0874627 2.66667
15 8 0.0586552 0.0533028 0.140883 0.0869291 2.8
14 7 0.0691975 0.0691975 0.158166 0.0889682 2.66667
20 6 0.127147 0.0816318 0.152892 0.0658946 2.66667
25 5 0.32004 2e-09 0.161966 0.135061 0.666667
18 5 0.0765298 0.0765298 0.154716 0.0781864 2.66667
8 1 0.639357 0.639357 0.639357 0 0.666667
11 1 0.296448 0.296448 0.296448 0 0.8
7 1 0.284876 0.284876 0.284876 0 0.666667
6 1 0.067375 0.067375 0.206806 0.139431 0.8
21 1 0.0608217 0.0608217 0.0608217 0 0.666667
23 1 0.0522704 0.0522704 0.0522704 0 0.8
10 1 1e-08 1e-08 1e-08 0 2
3 1 1e-08 1e-08 1e-08 0 2
24 1 1e-08 1e-08 1e-08 0 0.666667
26 1 1e-08 1e-08 1e-08 0 2.66667
27 1 1e-08 1e-08 1e-08 0 2.66667
29 1 1e-08 1e-08 1e-08 0 0.666667

28 16 5.8639 6.25e-10 0.428646 1.4036 2.8
13 22 0.561413 0.0555698 0.276621 0.208429 2.8
32 1 1.4438 1.4438 1.4438 0 2.8
20 4 0.317868 0.204079 0.334566 0.113313 2.66667
18 4 0.244895 0.244895 0.306119 0.0612238 2.66667
33 1 1.22448 1.22448 1.22448 0 0.666667
16 4 0.0765299 0.0765299 0.286987 0.210457 2.66667
15 4 0.0817309 0.0817309 0.286512 0.204781 2.66667
14 4 0.0691975 0.0691975 0.278007 0.208809 2.66667
17 3 0.0666751 0.0510198 0.347784 0.291639 0.666667
19 3 0.0839807 0.0612238 0.335855 0.267261 2.66667
31 1 0.837979 0.837979 0.837979 0 0.666667
8 1 0.821847 0.821847 0.821847 0 0.666667
30 2 0.360046 0.360046 0.360046 2.5e-09 2.8
11 1 0.296448 0.296448 0.296448 0 0.8
7 1 0.279454 0.279454 0.279454 0 0.666667
25 1 0.112292 0.112292 0.112292 6.66667e-09 0.666667
21 1 0.0608217 0.0608217 0.0608217 0 0.666667
23 1 0.0131728 0.0131728 0.0498116 0.0366388 0.8
24 1 1e-08 1e-08 1e-08 0 0.666667
27 1 1e-08 1e-08 1e-08 0 2.66667
29 1 1e-08 1e-08 1e-08 0 0.666667
3 1 1e-08 1e-08 1e-08 0 2
10 1 1e-08 1e-08 1e-08 0 2
34 1 1e-08 1e-08 1e-08 0 2.66667
35 1 1e-08 1e-08 1e-08 0 2.66667
36 1 1e-08 1e-08 1e-08 0 0.666667

23 16 1.14783 0.0032932 0.988373 0.294791 0.666667
13 16 0.714526 0.0707252 0.47977 0.312522 2.66667
30 3 6.22651 0.480062 2.39554 2.7089 2.8
28 10 1.91474 0.0249786 0.46925 0.757299 0.8
14 2 0.61404 0.155694 0.700007 0.389658 2.66667
19 2 0.559871 0.408159 0.688094 0.217721 2.66667
17 2 0.533401 0.408159 0.674859 0.213471 2.66667
18 2 0.204079 0.204079 0.612238 0.408159 2.66667
20 2 0.211912 0.211912 0.553651 0.341739 2.8
32 2 0.160422 0.160422 0.553644 0.393222 2.8
16 2 0.0941907 0.0941907 0.474974 0.380783 2.66667
33 1 0.244904 0.244904 0.812524 0.56762 0.666667
15 1 0.136218 0.136218 0.778768 0.64255 2.66667
8 1 0.546064 0.546064 0.546064 0 0.666667
11 1 0.314733 0.314733 0.314733 0 0.8
7 1 0.284876 0.284876 0.284876 0 0.666667
38 1 0.0649202 0.0649202 0.0649202 5e-09 2.8
21 1 0.0608217 0.0608217 0.0608217 0 0.666667
24 1 5e-09 5e-09 1e-08 5e-09 0.666667
27 1 5e-09 5e-09 1e-08 5e-09 2.66667
29 1 1e-08 1e-08 1e-08 0 0.666667
3 1 1e-08 1e-08 1e-08 0 2
10 1 1e-08 1e-08 1e-08 0 2
36 1 5e-09 5e-09 1e-08 5e-09 2.66667
37 1 1e-08 1e-08 1e-08 0 2.85714
39 1 1e-08 1e-08 1e-08 0 0.666667

27 7 20.0058 1.42857e-09 10.5169 7.01602 2.85714
23 10 0.347197 0.208667 1.07827 0.856754 2.66667
30 3 3.06163 1.66667e-09 1.10055 1.39015 2.8
14 2 0.545813 0.545813 1.43761 0.8918 2.66667
19 1 1.00085 1.00085 1.96888 0.96803 2.66667
32 1 0.721898 0.721898 1.4438 0.721898 2.8
17 1 0.533401 0.533401 1.34972 0.816318 2.66667
20 1 0.635735 0.635735 1.31475 0.679016 2.8
15 1 1.22596 1.22596 1.22596 0 3.16667
33 1 1.22452 1.22452 1.22452 0 0.666667
16 1 0.612239 0.612239 1.22448 0.612239 2.66667
18 1 0.612238 0.612238 1.22448 0.612238 2.66667
28 1 0.407984 0.407984 1.22393 0.815948 2.8
40 1 0.244895 0.244895 1.16516 0.920268 2.8
8 1 0.639357 0.639357 0.639357 0 0.666667
11 1 0.302412 0.302412 0.302412 0 0.8
7 1 0.279454 0.279454 0.279454 0 0.666667
21 1 0.0608217 0.0608217 0.0608217 0 0.666667
41 1 0.0375589 0.0375589 0.0375589 0 2.8
42 1 0.00540146 0.00540146 0.00540146 0 0.8
29 1 1e-08 1e-08 1e-08 0 0.666667
3 1 1e-08 1e-08 1e-08 0 2
10 1 1e-08 1e-08 1e-08 0 2
37 1 1e-08 1e-08 1e-08 0 2.85714
39 1 1e-08 1e-08 1e-08 0 0.666667
13 1 5e-09 5e-09 1e-08 5e-09 2.66667
43 1 1e-08 1e-08 1e-08 0 2.66667

27 32 1.48979 0.99811 1.3988 0.329907 2.66667
44 1 39.2333 39.2333 39.2333 0 0.8
23 14 1.45905 1.17897 1.45791 0.268791 2.66667
30 3 8.82434 0.480062 5.14255 3.4764 2.8
14 2 1.63744 1.63744 1.6437 0.00625981 2.66667
19 1 3.00256 3.00256 3.00256 0 2.66667
20 1 1.90721 1.90721 1.90721 0 2.8
17 1 1.6002 1.6002 1.6002 0 0.666667
32 1 1.4438 1.4438 1.4438 0 2.8
15 1 1.22596 1.22596 1.22596 0 3.16667
33 1 1.22452 1.22452 1.22452 0 0.666667
16 1 1.22448 1.22448 1.22448 0 2.66667
18 1 1.22448 1.22448 1.22448 0 2.66667
28 1 0.612238 0.612238 1.22421 0.611976 2.8
8 1 0.821847 0.821847 0.821847 0 0.666667
11 1 0.296448 0.296448 0.296448 0 0.8
7 1 0.279454 0.279454 0.279454 0 0.666667
10 1 0.102907 0.102907 0.102907 5e-09 2
42 1 0.0778189 0.0778189 0.0778189 0 0.8
21 1 0.0608217 0.0608217 0.0608217 0 0.666667
29 1 1e-08 1e-08 1e-08 0 0.666667
3 1 1e-08 1e-08 1e-08 0 2
37 1 1e-08 1e-08 1e-08 0 2.85714
39 1 1e-08 1e-08 1e-08 0 0.666667
43 1 1e-08 1e-08 1e-08 0 2.66667
45 1 1e-08 1e-08 1e-08 0 0.666667
46 1 1e-08 1e-08 1e-08 0 2.8

27 28 2.41449 1.61763 2.92735 1.10256 2.88889
37 6 22.6289 1.66667e-09 12.9953 9.90771 2.85714
28 10 12.2353 1e-09 5.39709 5.55705 0.857143
44 8 2.25804 0.713333 3.267 2.37658 1.16667
23 6 3.92989 1.66667e-09 3.27491 1.46458 2.66667
30 4 2.40664 1.85474 3.55269 1.30712 3.3
14 1 1.63744 1.63744 4.91232 3.27488 2.66667
20 1 1.90721 1.90721 1.90721 0 2.8
19 1 0.600513 0.600513 1.80154 1.20103 2.66667
17 1 1.6002 1.6002 1.6002 0 0.666667
32 1 1.4438 1.4438 1.4438 0 2.8
15 1 1.22596 1.22596 1.22596 0 3.16667
33 1 1.22452 1.22452 1.22452 0 0.666667
16 1 1.22448 1.22448 1.22448 0 2.66667
18 1 1.22448 1.22448 1.22448 0 2.66667
8 1 0.639357 0.639357 0.639357 0 0.666667
11 1 0.314733 0.314733 0.314733 0 0.8
7 1 0.279454 0.279454 0.279454 0 0.666667
42 1 0.0778189 0.0778189 0.0778189 0 0.8
21 1 0.0608217 0.0608217 0.0608217 0 0.666667
10 1 1e-08 1e-08 1e-08 0 2.88889
29 1 1e-08 1e-08 1e-08 0 0.666667
3 1 5e-09 5e-09 1e-08 5e-09 2.8
39 1 1e-08 1e-08 1e-08 0 0.666667
43 1 1e-08 1e-08 1e-08 0 2.66667
46 1 1e-08 1e-08 1e-08 0 2.8
47 1 1e-08 1e-08 1e-08 0 2.66667

49 1 133.139 133.139 133.139 0 2.85714
27 21 1.12936 1.07184 3.35209 2.24713 2.85714
44 12 10.3494 1.96495 3.872 2.01712 0.8
48 1 18.3653 18.3653 18.3653 0 2.8
28 5 5.43799 0.807213 3.5353 1.50007 0.857143
23 4 3.92989 3.92989 3.92989 8.33333e-10 2.66667
37 4 13.4683 1.42857e-09 3.41194 5.80647 2.85714
14 1 4.91232 4.91232 4.91232 0 2.66667
19 1 3.00256 3.00256 3.00256 0 2.66667
20 1 1.90721 1.90721 1.90721 0 2.8
17 1 1.6002 1.6002 1.6002 0 0.666667
32 1 1.4438 1.4438 1.4438 0 2.8
15 1 1.22596 1.22596 1.22596 0 3.16667
33 1 1.22452 1.22452 1.22452 0 0.666667
16 1 1.22448 1.22448 1.22448 0 2.66667
18 1 1.22448 1.22448 1.22448 0 2.66667
8 1 0.821847 0.821847 0.821847 0 0.666667
11 1 0.296448 0.296448 0.296448 0 0.8
7 1 0.279454 0.279454 0.279454 0 0.666667
51 1 0.143663 0.143663 0.143663 0 0.8
21 1 0.0608217 0.0608217 0.0608217 0 0.666667
42 1 0.00540146 0.00540146 0.00540146 0 0.8
53 1 2.14797e-05 2.14797e-05 2.14797e-05 0 2.88889
10 1 1e-08 1e-08 1e-08 0 2.88889
29 1 1e-08 1e-08 1e-08 0 0.666667
3 1 1e-08 1e-08 1e-08 0 2
39 1 1e-08 1e-08 1e-08 0 0.666667
43 1 1e-08 1e-08 1e-08 0 2.66667
46 1 1e-08 1e-08 1e-08 0 2.8
47 1 1e-08 1e-08 1e-08 0 2.66667
50 1 1e-08 1e-08 1e-08 0 2.85714
52 1 1e-08 1e-08 1e-08 0 2.88889

49 41 1.64754 1.39945 2.32577 0.771619 2.85714
44 15 3.26822 1.03246 2.34996 1.19717 0.8
27 14 10.0029 7.14286e-10 2.29837 3.15237 2.85714
28 1 26.5299 26.5299 26.5299 0 2.85714
23 7 3.36848 0.174925 2.91226 1.11751 2.66667
14 1 4.91232 4.91232 4.91232 0 2.66667
19 1 3.00256 3.00256 3.00256 0 2.66667
20 1 1.90721 1.90721 1.90721 0 2.8
17 1 1.6002 1.6002 1.6002 0 0.666667
32 1 1.4438 1.4438 1.4438 0 2.8
15 1 1.22596 1.22596 1.22596 0 3.16667
33 1 1.22452 1.22452 1.22452 0 0.666667
16 1 1.22448 1.22448 1.22448 0 2.66667
18 1 1.22448 1.22448 1.22448 0 2.66667
8 1 0.546064 0.546064 0.546064 0 0.666667
7 1 0.279454 0.279454 0.279454 0 0.666667
11 1 0.114692 0.114692 0.114692 0 0.8
21 1 0.0608217 0.0608217 0.0608217 0 0.666667
37 1 0.0417929 0.0417929 0.0418001 7.16324e-06 2.88889
54 1 0.0318636 0.0318636 0.0318636 0 2.85714
42 1 0.00540146 0.00540146 0.00540146 0 0.8
29 1 1e-08 1e-08 1e-08 0 0.666667
3 1 3.33333e-09 3.33333e-09 1e-08 6.66667e-09 2.85714
39 1 1e-08 1e-08 1e-08 0 0.666667
43 1 1e-08 1e-08 1e-08 0 2.66667
46 1 1e-08 1e-08 1e-08 0 2.8
47 1 1e-08 1e-08 1e-08 0 2.66667
52 1 5e-09 5e-09 1e-08 5e-09 2.90909

49 32 1.50832 1.34484 2.64282 1.24475 2.85714
44 14 3.7634 1.19667 2.77193 1.28636 0.8
55 3 36.1042 3.33333e-09 12.0347 17.0197 2.85714
27 10 5.69814 1.10494 2.83101 1.89847 2.85714
52 4 22.4625 2.5e-09 5.61562 9.72654 3.38889
23 7 3.36848 0.174925 2.91226 1.11751 3.16667
54 2 6.6227 0.0191426 3.3249 3.30178 2.8
14 1 4.91232 4.91232 4.91232 0 2.66667
19 1 3.00256 3.00256 3.00256 0 2.66667
58 1 2.17002 2.17002 2.17002 0 0.888889
20 1 1.90721 1.90721 1.90721 0 2.8
17 1 1.6002 1.6002 1.6002 0 0.666667
32 1 1.4438 1.4438 1.4438 0 2.8
15 1 1.22596 1.22596 1.22596 0 3.16667
33 1 1.22452 1.22452 1.22452 0 0.666667
16 1 1.22448 1.22448 1.22448 0 2.66667
18 1 1.22448 1.22448 1.22448 0 2.66667
8 1 0.639357 0.639357 0.639357 0 0.666667
28 1 0.408159 0.408159 0.445951 0.0377917 2.88889
11 1 0.302412 0.302412 0.302412 0 0.8
7 1 0.279454 0.279454 0.279454 0 0.666667
42 1 0.0778189 0.0778189 0.0778189 0 0.8
21 1 0.0608217 0.0608217 0.0608217 0 0.666667
37 1 1e-08 1e-08 1e-08 0 2.85714
29 1 1e-08 1e-08 1e-08 0 0.666667
39 1 1e-08 1e-08 1e-08 0 0.666667
43 1 1e-08 1e-08 1e-08 0 2.66667
46 1 1e-08 1e-08 1e-08 0 2.8
47 1 1e-08 1e-08 1e-08 0 2.66667
56 1 1e-08 1e-08 1e-08 0 2.85714
57 1 1e-08 1e-08 1e-08 0 0.857143
59 1 1e-08 1e-08 1e-08 0 2.85714

49 38 1.44214 1.34654 2.44722 1.09601 2.85714
44 18 3.18442 1.02701 2.5496 1.11237 0.8
54 1 26.4908 26.4908 26.4908 0 2.8
23 7 3.36848 0.174925 2.91226 1.11751 3.16667
27 2 13.6851 5e-09 6.84257 6.84257 2.85714
55 5 5.2526 1.42857e-09 2.62974 2.2017 2.85714
52 4 6.8023 0.180835 2.59883 2.71413 2.88889
14 1 4.91232 4.91232 4.91232 0 2.66667
19 1 3.00256 3.00256 3.00256 0 2.66667
20 1 1.90721 1.90721 1.90721 0 2.8
17 1 1.6002 1.6002 1.6002 0 0.666667
32 1 1.4438 1.4438 1.4438 0 2.8
15 1 1.22596 1.22596 1.22596 0 3.16667
33 1 1.22452 1.22452 1.22452 0 0.666667
16 1 1.22448 1.22448 1.22448 0 2.66667
18 1 1.22448 1.22448 1.22448 0 2.66667
8 1 0.546064 0.546064 0.546064 0 0.666667
11 1 0.296448 0.296448 0.296448 0 0.8
7 1 0.284876 0.284876 0.284876 0 0.666667
21 1 0.0608217 0.0608217 0.0608217 0 0.666667
42 1 0.00540146 0.00540146 0.00540146 0 0.8
37 1 1e-08 1e-08 1e-08 0 2.88889
29 1 1e-08 1e-08 1e-08 0 0.666667
39 1 1e-08 1e-08 1e-08 0 0.666667
43 1 1e-08 1e-08 1e-08 0 2.66667
46 1 1e-08 1e-08 1e-08 0 2.8
47 1 1e-08 1e-08 1e-08 0 2.66667
56 1 1e-08 1e-08 1e-08 0 2.85714
60 1 2.5e-09 2.5e-09 1e-08 7.5e-09 2.88889

54 30 2.23854 2.09016 3.94784 1.8392 2.85714
56 14 10.5425 7.14286e-10 6.42138 4.79023 2.85714
44 13 3.18442 1.82559 4.02032 1.64766 2.66667
52 4 20.4069 0.542505 8.16749 7.83143 2.88889
61 6 8.23768 1.48474 4.35553 2.78277 2.85714
49 5 1.52057 1.47171 3.8588 2.37709 2.85714
23 4 1.8138 1.8138 4.15173 2.33794 2.66667
55 2 6.12803 4.79238 5.4602 0.667827 2.85714
14 1 4.91232 4.91232 4.91232 0 2.66667
19 1 3.00256 3.00256 3.00256 0 2.66667
20 1 1.90721 1.90721 1.90721 0 2.8
17 1 1.6002 1.6002 1.6002 0 0.666667
32 1 1.4438 1.4438 1.4438 0 2.8
15 1 1.22596 1.22596 1.22596 0 3.16667
33 1 1.22452 1.22452 1.22452 0 0.666667
16 1 1.22448 1.22448 1.22448 0 2.66667
18 1 1.22448 1.22448 1.22448 0 2.66667
8 1 0.639357 0.639357 0.639357 0 0.666667
11 1 0.302412 0.302412 0.302412 0 0.8
7 1 0.279454 0.279454 0.279454 0 0.666667
42 1 0.0778189 0.0778189 0.0778189 0 0.8
21 1 0.0608217 0.0608217 0.0608217 0 0.666667
29 1 1e-08 1e-08 1e-08 0 0.666667
39 1 1e-08 1e-08 1e-08 0 0.666667
43 1 1e-08 1e-08 1e-08 0 2.66667
46 1 1e-08 1e-08 1e-08 0 2.8
47 1 1e-08 1e-08 1e-08 0 2.66667

54 27 1.26036 1.17681 3.33457 2.13482 2.85714
62 23 4.71767 0.875734 3.35814 1.1137 0.8
55 1 28.7529 28.7529 28.7529 0 2.88889
49 2 13.6851 13.2593 13.4722 0.212942 2.88889
63 3 8.83026 8.83026 8.83026 0 2.8
52 7 6.27904 1.01375 3.44071 1.91642 2.90909
44 4 5.89484 5.89484 5.89484 0 2.66667
56 1 5.7832 5.7832 5.7832 7.5e-09 2.88889
14 1 4.91232 4.91232 4.91232 0 2.66667
19 1 3.00256 3.00256 3.00256 0 2.66667
20 1 1.90721 1.90721 1.90721 0 2.8
17 1 1.6002 1.6002 1.6002 0 0.666667
32 1 1.4438 1.4438 1.4438 0 2.8
65 1 1.35234 1.35234 1.35234 0 0.888889
15 1 1.22596 1.22596 1.22596 0 3.16667
33 1 1.22452 1.22452 1.22452 0 0.666667
16 1 1.22448 1.22448 1.22448 0 2.66667
18 1 1.22448 1.22448 1.22448 0 2.66667
8 1 0.546064 0.546064 0.546064 0 0.666667
7 1 0.279454 0.279454 0.279454 0 0.666667
11 1 0.114692 0.114692 0.114692 0 0.8
42 1 0.0778189 0.0778189 0.0778189 0 0.8
21 1 0.0608217 0.0608217 0.0608217 0 0.666667
29 1 1e-08 1e-08 1e-08 0 0.666667
39 1 1e-08 1e-08 1e-08 0 0.666667
43 1 1e-08 1e-08 1e-08 0 2.66667
46 1 1e-08 1e-08 1e-08 0 2.8
47 1 1e-08 1e-08 1e-08 0 2.66667
64 1 1e-08 1e-08 1e-08 0 2.88889

54 33 2.88427 2.69309 3.79663 1.04812 2.85714
62 17 2.88837 1.75948 3.96126 1.43177 0.8
66 2 30.1244 0.0801357 15.1023 15.0221 3.38889
52 6 6.31051 1.65234 4.06782 2.0985 0.888889
55 6 5.37462 1.69143 4.00774 2.17533 2.88889
44 4 5.89484 5.89484 5.89484 0 3.16667
49 5 1.71064 1.65812 4.34016 2.65142 2.88889
63 5 7.64914 2.40825 3.93866 2.1511 2.85714
67 3 8.82741 3.33333e-09 5.88454 4.161 2.88889
14 1 4.91232 4.91232 4.91232 0 2.66667
19 1 3.00256 3.00256 3.00256 0 2.66667
20 1 1.90721 1.90721 1.90721 0 2.8
17 1 1.6002 1.6002 1.6002 0 0.666667
32 1 1.4438 1.4438 1.4438 0 2.8
65 1 1.35234 1.35234 1.35234 0 0.888889
15 1 1.22596 1.22596 1.22596 0 3.16667
33 1 1.22452 1.22452 1.22452 0 0.666667
16 1 1.22448 1.22448 1.22448 0 2.66667
18 1 1.22448 1.22448 1.22448 0 2.66667
8 1 0.821847 0.821847 0.821847 0 0.666667
11 1 0.296448 0.296448 0.296448 0 0.8
7 1 0.284876 0.284876 0.284876 0 0.666667
21 1 0.0608217 0.0608217 0.0608217 0 0.666667
42 1 0.00540146 0.00540146 0.00540146 0 0.8
29 1 1e-08 1e-08 1e-08 0 0.666667
39 1 1e-08 1e-08 1e-08 0 0.666667
43 1 1e-08 1e-08 1e-08 0 2.66667
46 1 1e-08 1e-08 1e-08 0 2.8
47 1 1e-08 1e-08 1e-08 0 2.66667

62 25 3.62897 3.16699 3.55969 0.355088 0.8
54 24 1.59574 1.48979 3.61932 2.06801 2.85714
68 5 16.8281 5.29816 7.60415 4.61198 2.8
55 8 8.86357 2.05378 3.90494 2.54997 2.88889
49 5 5.47406 5.30598 5.40437 0.0804489 2.88889
44 5 4.71587 4.71587 4.71587 0 2.66667
52 6 5.10172 1.49335 3.54636 1.75361 2.88889
67 3 8.82741 3.33333e-09 5.88454 4.161 2.85714
14 1 4.91232 4.91232 4.91232 0 2.66667
19 1 3.00256 3.00256 3.00256 0 2.66667
20 1 1.90721 1.90721 1.90721 0 2.8
17 1 1.6002 1.6002 1.6002 0 0.666667
32 1 1.4438 1.4438 1.4438 0 2.8
15 1 1.22596 1.22596 1.22596 0 3.16667
33 1 1.22452 1.22452 1.22452 0 0.666667
16 1 1.22448 1.22448 1.22448 0 2.66667
18 1 1.22448 1.22448 1.22448 0 2.66667
8 1 0.639357 0.639357 0.639357 0 0.666667
11 1 0.314733 0.314733 0.314733 0 0.8
7 1 0.279454 0.279454 0.279454 0 0.666667
42 1 0.0778189 0.0778189 0.0778189 0 0.8
21 1 0.0608217 0.0608217 0.0608217 0 0.666667
29 1 1e-08 1e-08 1e-08 0 0.666667
39 1 1e-08 1e-08 1e-08 0 0.666667
43 1 1e-08 1e-08 1e-08 0 2.66667
46 1 1e-08 1e-08 1e-08 0 2.8
47 1 1e-08 1e-08 1e-08 0 2.66667
69 1 1e-08 1e-08 1e-08 0 3.35714

54 27 2.94116 2.74881 4.36851 1.46108 2.85714
62 20 2.59182 2.21772 4.39736 2.10382 0.8
70 2 43.6703 5e-09 21.8351 21.8351 2.85714
52 6 14.7245 0.0118017 7.13159 5.32039 2.88889
49 7 10.503 2.27594 4.54296 3.167 2.88889
68 7 4.6332 0.946611 4.36039 2.29778 2.8
44 4 3.36848 3.36848 5.05386 1.68539 3.16667
55 4 2.05388 2.05388 4.49254 2.43866 2.88889
67 3 8.82741 3.33333e-09 5.88454 4.161 2.88889
14 1 4.91232 4.91232 4.91232 0 2.66667
19 1 3.00256 3.00256 3.00256 0 2.66667
20 1 1.90721 1.90721 1.90721 0 2.8
17 1 1.6002 1.6002 1.6002 0 0.666667
32 1 1.4438 1.4438 1.4438 0 2.8
71 1 1.27276 1.27276 1.27276 0 2.88889
15 1 1.22596 1.22596 1.22596 0 3.16667
33 1 1.22452 1.22452 1.22452 0 0.666667
16 1 1.22448 1.22448 1.22448 0 2.66667
18 1 1.22448 1.22448 1.22448 0 2.66667
8 1 0.639357 0.639357 0.639357 0 0.666667
11 1 0.314733 0.314733 0.314733 0 0.8
7 1 0.284876 0.284876 0.284876 0 0.666667
42 1 0.0778189 0.0778189 0.0778189 0 0.8
21 1 0.0608217 0.0608217 0.0608217 0 0.666667
29 1 1e-08 1e-08 1e-08 0 0.666667
39 1 1e-08 1e-08 1e-08 0 0.666667
43 1 1e-08 1e-08 1e-08 0 2.66667
46 1 1e-08 1e-08 1e-08 0 2.8
47 1 1e-08 1e-08 1e-08 0 2.66667
69 1 1e-08 1e-08 1e-08 0 3.35714

54 26 2.27272 2.26249 4.0359 1.76753 2.85714
62 22 2.79119 2.38831 4.15091 1.62987 0.8
70 13 8.86464 6.25e-10 4.1171 3.42473 2.85714
49 9 7.87723 1.70695 4.18236 2.5117 2.88889
55 4 7.18858 7.18823 7.18849 0.000149503 2.88889
67 4 13.7717 2.5e-09 6.75299 4.87085 2.85714
44 4 5.89484 5.89484 5.89484 0 2.66667
52 3 4.53486 2.11477 5.08732 1.77449 2.88889
14 1 4.91232 4.91232 4.91232 0 2.66667
19 1 3.00256 3.00256 3.00256 0 2.66667
20 1 1.90721 1.90721 1.90721 0 2.8
17 1 1.6002 1.6002 1.6002 0 0.666667
32 1 1.4438 1.4438 1.4438 0 2.8
71 1 1.27264 1.27264 1.27264 0 2.88889
15 1 1.22596 1.22596 1.22596 0 3.16667
33 1 1.22452 1.22452 1.22452 0 0.666667
16 1 1.22448 1.22448 1.22448 0 2.66667
18 1 1.22448 1.22448 1.22448 0 2.66667
8 1 0.639357 0.639357 0.639357 0 0.666667
11 1 0.314733 0.314733 0.314733 0 0.8
7 1 0.279454 0.279454 0.279454 0 0.666667
42 1 0.0778189 0.0778189 0.0778189 0 0.8
21 1 0.0608217 0.0608217 0.0608217 0 0.666667
29 1 1e-08 1e-08 1e-08 0 0.666667

54 28 2.49999 2.48873 4.30938 1.81134 2.85714
62 21 2.68781 2.29986 4.23885 1.73043 0.857143
52 3 27.2092 12.6886 22.369 6.84505 2.88889
70 10 6.75401 0.472177 4.23459 2.0044 2.85714
49 9 4.64685 0.951061 4.57802 1.93067 2.88889
44 4 5.89484 5.89484 5.89484 0 3.16667
55 4 3.59429 3.59428 4.53077 0.936488 2.88889
14 1 4.91232 4.91232 4.91232 0 2.66667
19 1 3.00256 3.00256 3.00256 0 2.66667
20 1 1.90721 1.90721 1.90721 0 2.8
17 1 1.6002 1.6002 1.6002 0 0.666667
32 1 1.4438 1.4438 1.4438 0 2.8
71 1 1.27264 1.27264 1.27264 0 2.88889
15 1 1.22596 1.22596 1.22596 0 3.16667
33 1 1.22452 1.22452 1.22452 0 0.666667
16 1 1.22448 1.22448 1.22448 0 2.66667
18 1 1.22448 1.22448 1.22448 0 2.66667
8 1 0.546064 0.546064 0.546064 0 0.666667
7 1 0.279454 0.279454 0.279454 0 0.666667
11 1 0.114692 0.114692 0.114692 0 0.8
42 1 0.0778189 0.0778189 0.0778189 0 0.8
21 1 0.0608217 0.0608217 0.0608217 0 0.666667
29 1 1e-08 1e-08 1e-08 0 0.666667
74 1 2.5e-09 2.5e-09 1e-08 7.5e-09 2.88889
75 1 1e-08 1e-08 1e-08 0 2.85714
76 1 1e-08 1e-08 1e-08 0 0.857143

62 18 3.62854 3.53437 6.64326 3.10114 1.3
78 1 116.156 116.156 116.156 0 2.88889
54 14 1.92307 1.92285 6.90762 4.98468 2.85714
77 7 19.2512 6.77749 13.4071 4.1899 2.88889
70 12 8.86464 5.25878 6.70828 1.22043 2.85714
49 2 27.5413 13.7904 20.6658 6.87545 2.90909
55 4 7.18858 7.18823 7.18849 0.000149503 2.88889
52 4 4.36556 3.13952 7.1733 3.76488 2.88889
44 3 5.89484 5.89484 7.85978 1.96495 3.16667
14 1 4.91232 4.91232 4.91232 0 2.66667
19 1 3.00256 3.00256 3.00256 0 2.66667
20 1 1.90721 1.90721 1.90721 0 2.8
17 1 1.6002 1.6002 1.6002 0 0.666667
32 1 1.4438 1.4438 1.4438 0 2.8
71 1 1.27276 1.27276 1.27276 0 2.88889
15 1 1.22596 1.22596 1.22596 0 3.16667
33 1 1.22452 1.22452 1.22452 0 0.666667
16 1 1.22448 1.22448 1.22448 0 2.66667
18 1 1.22448 1.22448 1.22448 0 2.66667
8 1 0.821847 0.821847 0.821847 0 0.666667
11 1 0.296448 0.296448 0.296448 0 0.8
7 1 0.279454 0.279454 0.279454 0 0.666667
21 1 0.0608217 0.0608217 0.0608217 0 0.666667
42 1 0.00540146 0.00540146 0.00540146 0 0.8
29 1 1e-08 1e-08 1e-08 0 0.666667
74 1 1e-08 1e-08 1e-08 0 2.85714
75 1 1e-08 1e-08 1e-08 0 2.85714
76 1 1e-08 1e-08 1e-08 0 0.857143
79 1 1e-08 1e-08 1e-08 0 2.85714

62 17 3.81952 3.72447 6.72086 2.98859 0.8
54 17 4.54543 4.54492 6.63577 2.09052 2.85714
52 4 28.3761 20.4069 22.8192 3.2808 2.88889
78 11 3.70656 2.78508 6.73532 3.29004 2.85714
70 10 10.131 0.821554 7.15968 2.62544 2.85714
49 3 37.6906 10.3471 22.1333 11.477 2.90909
77 8 4.34705 3.18664 7.28983 3.64125 2.88889
55 4 7.18858 7.18823 7.18849 0.000149503 2.88889
44 3 7.85978 7.85978 7.85978 0 2.66667
14 1 4.91232 4.91232 4.91232 0 2.66667
19 1 3.00256 3.00256 3.00256 0 2.66667
20 1 1.90721 1.90721 1.90721 0 2.8
17 1 1.6002 1.6002 1.6002 0 0.666667
32 1 1.4438 1.4438 1.4438 0 2.8
71 1 1.27276 1.27276 1.27276 0 2.88889
15 1 1.22596 1.22596 1.22596 0 3.16667
33 1 1.22452 1.22452 1.22452 0 0.666667
16 1 1.22448 1.22448 1.22448 0 2.66667
18 1 1.22448 1.22448 1.22448 0 2.66667
8 1 0.821847 0.821847 0.821847 0 0.666667
11 1 0.296448 0.296448 0.296448 0 0.8
7 1 0.284876 0.284876 0.284876 0 0.666667
21 1 0.0608217 0.0608217 0.0608217 0 0.666667
42 1 0.00540146 0.00540146 0.00540146 0 0.8
29 1 1e-08 1e-08 1e-08 0 0.666667
74 1 1e-08 1e-08 1e-08 0 2.85714
75 1 1e-08 1e-08 1e-08 0 2.85714
76 1 1e-08 1e-08 1e-08 0 0.857143
79 1 1e-08 1e-08 1e-08 0 2.85714

77 1 116.701 116.701 116.701 0 2.88889
54 17 3.94735 3.9469 6.6904 2.7431 2.85714
62 14 3.45576 3.36976 6.61039 3.22596 0.8
78 13 2.85136 2.44786 6.67772 4.01512 2.88889
49 12 7.92947 3.06038 6.54503 1.37428 2.88889
52 8 5.97392 4.29619 6.45023 1.8806 2.88889
55 4 7.18858 7.18857 7.18857 7.99961e-06 2.88889
44 3 7.85978 7.85978 7.85978 0 2.66667
81 1 19.7208 19.7208 19.7208 0 2.88889
14 1 4.91232 4.91232 4.91232 0 2.66667
19 1 3.00256 3.00256 3.00256 0 2.66667
20 1 1.90721 1.90721 1.90721 0 2.8
17 1 1.6002 1.6002 1.6002 0 0.666667
32 1 1.4438 1.4438 1.4438 0 2.8
71 1 1.27276 1.27276 1.27276 0 2.88889
15 1 1.22596 1.22596 1.22596 0 3.16667
33 1 1.22452 1.22452 1.22452 0 0.666667
16 1 1.22448 1.22448 1.22448 0 2.66667
18 1 1.22448 1.22448 1.22448 0 2.66667
8 1 0.546064 0.546064 0.546064 0 0.666667
80 1 0.32982 0.32982 0.32982 0 0.857143
7 1 0.284876 0.284876 0.284876 0 0.666667
11 1 0.114692 0.114692 0.114692 0 0.8
42 1 0.0778189 0.0778189 0.0778189 0 0.8
21 1 0.0608217 0.0608217 0.0608217 0 0.666667
29 1 1e-08 1e-08 1e-08 0 0.666667
75 1 1e-08 1e-08 1e-08 0 2.85714
76 1 1e-08 1e-08 1e-08 0 0.857143
79 1 1e-08 1e-08 1e-08 0 2.85714

54 15 4.05404 4.05404 7.03484 2.9808 2.85714
78 15 4.69095 4.18483 6.88363 2.39545 2.88889
52 8 14.1881 10.2034 11.3046 1.6867 2.88889
62 13 4.53568 4.42281 6.82074 2.37735 0.8
77 9 3.65754 2.84637 7.29646 4.21586 2.88889
49 7 12.2676 0.519386 7.27714 3.97164 2.90909
82 3 42.2451 3.33333e-09 14.0817 19.9145 2.85714
80 2 40.372 0.16491 20.2684 20.1035 0.857143
55 4 7.18858 7.18823 7.18849 0.000149503 2.88889
44 3 7.85978 7.85978 7.85978 0 2.66667
14 1 4.91232 4.91232 4.91232 0 2.66667
19 1 3.00256 3.00256 3.00256 0 2.66667
20 1 1.90721 1.90721 1.90721 0 2.8
17 1 1.6002 1.6002 1.6002 0 0.666667
32 1 1.4438 1.4438 1.4438 0 2.8
71 1 1.27276 1.27276 1.27276 0 2.88889
15 1 1.22596 1.22596 1.22596 0 3.16667
33 1 1.22452 1.22452 1.22452 0 0.666667
16 1 1.22448 1.22448 1.22448 0 2.66667
18 1 1.22448 1.22448 1.22448 0 2.66667
8 1 0.821847 0.821847 0.821847 0 0.666667
7 1 0.279454 0.279454 0.279454 0 0.666667
11 1 0.114692 0.114692 0.114692 0 0.8
21 1 0.0608217 0.0608217 0.0608217 0 0.666667
29 1 1e-08 1e-08 1e-08 0 0.666667
75 1 1e-08 1e-08 1e-08 0 2.85714
76 1 1e-08 1e-08 1e-08 0 0.857143
79 1 1e-08 1e-08 1e-08 0 2.85714
83 1 1e-08 1e-08 1e-08 0 2.85714
84 1 1e-08 1e-08 1e-08 0 2.90909
85 1 1e-08 1e-08 1e-08 0 0.857143

54 17 3.94735 3.94735 6.64637 2.69902 2.85714
78 16 4.43232 4.43232 6.78079 2.34846 2.85714
62 12 4.32111 4.16265 7.01768 2.81219 0.8
77 11 7.49796 5.83506 6.98849 0.902473 2.90909
86 2 60.9926 5e-09 30.4963 30.4963 2.88889
52 8 5.20582 3.2651 6.56228 2.94654 2.90909
82 6 24.2366 1.66667e-09 8.23804 11.3159 2.88889
49 5 8.03948 3.67246 7.31678 1.77626 2.90909
55 4 7.18858 7.18857 7.18857 7.99961e-06 2.88889
44 3 7.85978 7.85978 7.85978 0 2.66667
14 1 4.91232 4.91232 4.91232 0 2.66667
19 1 3.00256 3.00256 3.00256 0 2.66667
20 1 1.90721 1.90721 1.90721 0 2.8
17 1 1.6002 1.6002 1.6002 0 0.666667
32 1 1.4438 1.4438 1.4438 0 2.8
71 1 1.27276 1.27276 1.27276 0 2.88889
15 1 1.22596 1.22596 1.22596 0 3.16667
33 1 1.22452 1.22452 1.22452 0 0.666667
16 1 1.22448 1.22448 1.22448 0 2.66667
18 1 1.22448 1.22448 1.22448 0 2.66667
8 1 0.639357 0.639357 0.639357 0 0.666667
80 1 0.32982 0.32982 0.32982 0 0.857143
11 1 0.302412 0.302412 0.302412 0 0.8
7 1 0.279454 0.279454 0.279454 0 0.666667
21 1 0.0608217 0.0608217 0.0608217 0 0.666667
29 1 1e-08 1e-08 1e-08 0 0.666667
75 1 1e-08 1e-08 1e-08 0 2.85714

49 6 22.4905 12.6776 18.8339 3.12111 2.90909
54 16 3.65852 3.65852 6.85207 3.19355 3.35714
62 15 3.97075 3.82513 6.87606 2.99411 0.8
77 15 9.99728 0.00820807 6.80724 2.9271 2.88889
78 12 3.54682 3.45937 7.15584 3.68204 2.85714
52 7 6.84977 4.29619 7.32296 2.16682 2.88889
55 4 7.18858 7.18825 7.18849 0.000140364 2.88889
86 3 8.40238 6.15304 8.25126 1.21767 2.88889
44 3 7.85978 7.85978 7.85978 0 3.16667
88 1 11.5235 11.5235 11.5235 0 2.90909
14 1 4.91232 4.91232 4.91232 0 2.66667
19 1 3.00256 3.00256 3.00256 0 2.66667
20 1 1.90721 1.90721 1.90721 0 2.8
17 1 1.6002 1.6002 1.6002 0 0.666667
32 1 1.4438 1.4438 1.4438 0 2.8
71 1 1.27276 1.27276 1.27276 0 2.88889
15 1 1.22596 1.22596 1.22596 0 3.16667
33 1 1.22452 1.22452 1.22452 0 0.666667
16 1 1.22448 1.22448 1.22448 0 2.66667
18 1 1.22448 1.22448 1.22448 0 2.66667
8 1 0.821847 0.821847 0.821847 0 0.666667
80 1 0.32982 0.32982 0.32982 0 0.857143
7 1 0.279454 0.279454 0.279454 0 0.666667
11 1 0.114692 0.114692 0.114692 0 0.8
89 1 0.113289 0.113289 0.113289 0 0.857143
21 1 0.0608217 0.0608217 0.0608217 0 0.666667
29 1 1e-08 1e-08 1e-08 0 0.666667
75 1 1e-08 1e-08 1e-08 0 2.85714
87 1 1e-08 1e-08 1e-08 0 2.85714

54 15 4.41175 4.41175 7.49483 3.08309 2.85714
52 7 18.5922 11.6611 14.4291 3.02625 2.88889
62 13 4.89726 4.71767 7.72169 2.90549 0.8
78 13 5.38591 5.25312 7.41518 2.14216 2.85714
86 1 85.9898 85.9898 85.9898 0 2.88889
77 10 3.84511 2.99234 7.65871 4.45527 2.88889
49 10 3.96473 3.28801 7.39546 3.82401 2.88889
55 3 7.18858 7.18857 9.58465 2.39608 2.88889
44 3 7.85978 7.85978 7.85978 0 2.66667
14 1 4.91232 4.91232 4.91232 0 2.66667
19 1 3.00256 3.00256 3.00256 0 2.66667
20 1 1.90721 1.90721 1.90721 0 2.8
17 1 1.6002 1.6002 1.6002 0 0.666667
32 1 1.4438 1.4438 1.4438 0 2.8
71 1 1.27276 1.27276 1.27276 0 2.88889
15 1 1.22596 1.22596 1.22596 0 3.16667
33 1 1.22452 1.22452 1.22452 0 0.666667
16 1 1.22448 1.22448 1.22448 0 2.66667
18 1 1.22448 1.22448 1.22448 0 2.66667
8 1 0.639357 0.639357 0.639357 0 0.666667
11 1 0.302412 0.302412 0.302412 0 0.8
7 1 0.284876 0.284876 0.284876 0 0.666667
89 1 0.113289 0.113289 0.113289 0 0.857143
80 1 0.108339 0.108339 0.108339 0 0.857143
21 1 0.0608217 0.0608217 0.0608217 0 0.666667
88 1 1e-08 1e-08 1e-08 0 2.92308
29 1 1e-08 1e-08 1e-08 0 0.666667
75 1 1e-08 1e-08 1e-08 0 2.85714
87 1 1e-08 1e-08 1e-08 0 2.85714

77 14 10.7114 7.14286e-10 8.32042 2.42621 2.88889
62 15 5.65068 5.50057 7.03962 1.44734 0.8
78 14 4.69095 4.5753 7.02597 2.42635 2.85714
49 6 22.4905 1.66667e-09 16.269 7.54532 2.90909
54 14 3.74998 3.74998 6.84117 3.09119 2.88889
86 9 5.47981 4.01285 7.14287 2.6005 2.88889
55 3 9.58477 9.58475 9.58477 1.00561e-05 2.88889
52 4 5.0056 3.13952 6.97287 3.08798 2.88889
44 3 7.85978 7.85978 7.85978 0 2.66667
14 1 4.91232 4.91232 4.91232 0 2.66667
19 1 3.00256 3.00256 3.00256 0 2.66667
20 1 1.90721 1.90721 1.90721 0 2.8
17 1 1.6002 1.6002 1.6002 0 0.666667
32 1 1.4438 1.4438 1.4438 0 2.8
71 1 1.27276 1.27276 1.27276 0 2.88889
15 1 1.22596 1.22596 1.22596 0 3.16667
33 1 1.22452 1.22452 1.22452 0 0.666667
16 1 1.22448 1.22448 1.22448 0 2.66667
18 1 1.22448 1.22448 1.22448 0 2.66667
8 1 0.821847 0.821847 0.821847 0 0.666667
80 1 0.32982 0.32982 0.32982 0 0.857143
11 1 0.296448 0.296448 0.296448 0 0.8
7 1 0.284876 0.284876 0.284876 0 0.666667
21 1 0.0608217 0.0608217 0.0608217 0 0.666667
89 1 0.0566447 0.0566447 0.0566447 5e-09 0.857143
29 1 1e-08 1e-08 1e-08 0 0.666667
75 1 1e-08 1e-08 1e-08 0 2.85714
87 1 1e-08 1e-08 1e-08 0 2.85714

54 16 7.8947 5.97392 8.19939 0.805475 2.88889
62 12 3.97075 3.92275 8.09643 4.13372 0.857143
78 11 4.03943 3.93984 8.4658 4.49 2.85714
77 11 4.54422 3.62576 8.19728 4.28064 2.88889
94 10 9.99996 3.50974 8.29011 2.72922 2.85714
86 8 16.4767 1.25e-09 9.70664 5.46927 2.88889
75 2 67.4433 5e-09 33.7217 33.7217 2.85714
49 7 6.6344 4.44313 8.78547 3.29116 2.90909
55 3 9.58477 9.58433 9.58462 0.000205385 2.88889
93 3 24.3647 2.5e-09 8.18589 11.4404 2.92308
44 2 7.85978 7.85978 11.7897 3.92989 2.66667
14 1 4.91232 4.91232 4.91232 0 2.66667
19 1 3.00256 3.00256 3.00256 0 2.66667
20 1 1.90721 1.90721 1.90721 0 2.8
17 1 1.6002 1.6002 1.6002 0 0.666667
32 1 1.4438 1.4438 1.4438 0 2.8
71 1 1.27264 1.27264 1.27264 0 2.88889
15 1 1.22596 1.22596 1.22596 0 3.16667
33 1 1.22452 1.22452 1.22452 0 0.666667
16 1 1.22448 1.22448 1.22448 0 2.66667
18 1 1.22448 1.22448 1.22448 0 2.66667
8 1 0.821847 0.821847 0.821847 0 0.666667
80 1 0.32982 0.32982 0.32982 0 0.857143
7 1 0.284876 0.284876 0.284876 0 0.666667
11 1 0.114692 0.114692 0.114692 0 0.8
89 1 0.113289 0.113289 0.113289 0 0.857143
21 1 0.0608217 0.0608217 0.0608217 0 0.666667

49 5 24.6444 16.2722 22.3485 3.11498 2.90909
62 14 5.65068 5.65068 7.93622 2.28554 0.857143
78 13 5.38591 5.25312 8.41403 3.11051 2.85714
94 13 2.72726 2.72726 8.30045 5.57319 2.85714
77 12 5.55404 4.43149 8.03421 3.18105 2.88889
86 8 5.99154 4.19525 8.17559 3.43013 2.88889
96 1 55.5404 55.5404 55.5404 0 3.38889
54 6 20.4803 0.55282 8.62007 7.52887 2.85714
55 3 9.58477 9.58475 9.58477 1.00561e-05 2.88889
44 2 11.7897 11.7897 11.7897 0 3.16667
14 1 4.91232 4.91232 4.91232 0 2.66667
19 1 3.00256 3.00256 3.00256 0 2.66667
20 1 1.90721 1.90721 1.90721 0 2.8
17 1 1.6002 1.6002 1.6002 0 0.666667
97 1 1.52237 1.52237 1.52237 0 2.88889
32 1 1.4438 1.4438 1.4438 0 2.8
71 1 1.27276 1.27276 1.27276 0 2.88889
15 1 1.22596 1.22596 1.22596 0 3.16667
33 1 1.22452 1.22452 1.22452 0 0.666667
16 1 1.22448 1.22448 1.22448 0 2.66667
18 1 1.22448 1.22448 1.22448 0 2.66667
8 1 0.821847 0.821847 0.821847 0 0.666667
93 1 0.385861 0.385861 0.385861 5e-09 2.92308
80 1 0.32982 0.32982 0.32982 0 0.857143
11 1 0.296448 0.296448 0.296448 0 0.8
7 1 0.279454 0.279454 0.279454 0 0.666667
21 1 0.0608217 0.0608217 0.0608217 0 0.666667
98 1 0.00107294 0.00107294 0.00107294 0 2.85714
75 1 1.66667e-09 1.66667e-09 1e-08 8.33333e-09 2.88889
99 1 1e-08 1e-08 1e-08 0 2.88889

94 14 3.48836 3.48836 7.03731 3.54895 2.88889
78 13 5.01447 4.89084 7.31889 2.37179 2.85714
62 13 4.08105 4.08105 7.15363 3.07258 0.8
86 13 9.39273 5.50383 7.06899 1.13805 2.88889
77 12 11.5353 0.00013206 7.29564 3.71404 2.88889
100 3 43.3819 1.28991 27.5022 18.6727 2.88889
49 11 4.05436 3.34978 7.37612 3.77393 2.90909
55 3 9.58477 9.58475 9.58477 1.00561e-05 2.88889
44 2 11.7897 11.7897 11.7897 0 2.66667
14 1 4.91232 4.91232 4.91232 0 2.66667
19 1 3.00256 3.00256 3.00256 0 2.66667
20 1 1.90721 1.90721 1.90721 0 2.8
17 1 1.6002 1.6002 1.6002 0 0.666667
32 1 1.4438 1.4438 1.4438 0 2.8
71 1 1.27276 1.27276 1.27276 0 2.88889
15 1 1.22596 1.22596 1.22596 0 3.16667
33 1 1.22452 1.22452 1.22452 0 0.666667
16 1 1.22448 1.22448 1.22448 0 2.66667
18 1 1.22448 1.22448 1.22448 0 2.66667
8 1 0.821847 0.821847 0.821847 0 0.666667
93 1 0.771722 0.771722 0.771722 0 2.93333
80 1 0.32982 0.32982 0.32982 0 0.857143
11 1 0.296448 0.296448 0.296448 0 0.8
7 1 0.279454 0.279454 0.279454 0 0.666667
21 1 0.0608217 0.0608217 0.0608217 0 0.666667
75 1 1e-08 1e-08 1e-08 0 2.85714

94 17 8.82349 4.02939 8.54149 1.12802 2.85714
49 5 28.5461 24.1184 25.6582 1.76421 2.90909
101 12 12.4999 8.33333e-10 9.44254 5.29637 2.85714
78 12 5.19356 5.06551 8.75419 3.61454 2.85714
62 11 4.73928 4.73928 9.10545 4.36617 0.8
86 9 3.47516 3.00085 8.39238 5.22136 2.88889
77 7 5.55404 4.65984 9.05874 4.09753 2.88889
55 3 9.58477 9.58433 9.58462 0.000205385 2.88889
100 3 10.0112 4.69161 9.2791 2.7007 0.888889
44 2 11.7897 11.7897 11.7897 0 3.16667
105 1 6.4986 6.4986 6.4986 0 2.88889
14 1 4.91232 4.91232 4.91232 0 2.66667
19 1 3.00256 3.00256 3.00256 0 2.66667
20 1 1.90721 1.90721 1.90721 0 2.8
17 1 1.6002 1.6002 1.6002 0 0.666667
32 1 1.4438 1.4438 1.4438 0 2.8
71 1 1.27276 1.27276 1.27276 0 2.88889
15 1 1.22596 1.22596 1.22596 0 3.16667
33 1 1.22452 1.22452 1.22452 0 0.666667
16 1 1.22448 1.22448 1.22448 0 2.66667
18 1 1.22448 1.22448 1.22448 0 2.66667
8 1 0.821847 0.821847 0.821847 0 0.666667
93 1 0.771722 0.771722 0.771722 0 2.93333
80 1 0.32982 0.32982 0.32982 0 0.857143
11 1 0.296448 0.296448 0.296448 0 0.8
7 1 0.279454 0.279454 0.279454 0 0.666667
21 1 0.0608217 0.0608217 0.0608217 0 0.666667
75 1 1e-08 1e-08 1e-08 0 2.85714
102 1 1e-08 1e-08 1e-08 0 3.35714
103 1 1e-08 1e-08 1e-08 0 2.85714

77 6 24.9932 20.9693 22.6095 1.41248 2.88889
78 14 6.32259 6.16671 8.24069 1.94113 2.85714
62 13 6.67808 6.67808 8.75477 2.07669 0.8
94 11 2.11267 2.11267 8.22123 6.10857 2.85714
86 8 17.6114 1.25e-09 9.60027 6.85514 2.88889
49 9 4.03484 3.51811 8.3665 4.65546 2.88889
100 3 37.8349 9.59987 22.5883 11.6369 2.88889
106 4 36.3549 2.5e-09 9.91716 15.3237 2.85714
55 3 9.58477 9.58475 9.58477 1.00561e-05 2.88889
93 2 25.9322 0.150927 13.0416 12.8906 2.88889
44 2 11.7897 11.7897 11.7897 0 2.66667
105 1 6.4986 6.4986 6.4986 0 2.88889
14 1 4.91232 4.91232 4.91232 0 2.66667
19 1 3.00256 3.00256 3.00256 0 2.66667
20 1 1.90721 1.90721 1.90721 0 2.8
17 1 1.6002 1.6002 1.6002 0 0.666667
32 1 1.4438 1.4438 1.4438 0 2.8
71 1 1.27276 1.27276 1.27276 0 2.88889
15 1 1.22596 1.22596 1.22596 0 3.16667
33 1 1.22452 1.22452 1.22452 0 0.666667
16 1 1.22448 1.22448 1.22448 0 2.66667
18 1 1.22448 1.22448 1.22448 0 2.66667
8 1 0.546064 0.546064 0.546064 0 0.666667
11 1 0.296448 0.296448 0.296448 0 0.8
7 1 0.284876 0.284876 0.284876 0 0.666667
80 1 0.108339 0.108339 0.108339 0 0.857143
21 1 0.0608217 0.0608217 0.0608217 0 0.666667
75 1 1e-08 1e-08 1e-08 0 2.85714
102 1 1e-08 1e-08 1e-08 0 3.35714
103 1 1e-08 1e-08 1e-08 0 2.85714
101 1 1e-08 1e-08 1e-08 0 2.85714

62 15 5.06613 5.06613 7.0949 2.02877 0.8
49 9 15.2992 1.11111e-09 10.6562 5.4076 2.90909
94 13 6.24997 6.24532 7.1946 0.944981 2.85714
78 13 3.82683 3.82683 7.10688 3.28005 3.35714
77 11 4.99864 4.19385 6.98477 2.44432 2.88889
86 10 7.29784 4.74667 6.92246 1.00449 2.90909
100 4 6.84977 4.05543 8.13554 2.61393 2.88889
55 3 9.58477 9.58433 9.58462 0.000205385 2.88889
108 1 27.6266 27.6266 27.6266 0 2.90909
44 2 11.7897 11.7897 11.7897 0 2.66667
105 1 6.4986 6.4986 6.4986 0 2.88889
14 1 4.91232 4.91232 4.91232 0 2.66667
19 1 3.00256 3.00256 3.00256 0 2.66667
20 1 1.90721 1.90721 1.90721 0 2.8
17 1 1.6002 1.6002 1.6002 0 0.666667
32 1 1.4438 1.4438 1.4438 0 2.8
71 1 1.27276 1.27276 1.27276 0 2.88889
15 1 1.22596 1.22596 1.22596 0 3.16667
33 1 1.22452 1.22452 1.22452 0 0.666667
16 1 1.22448 1.22448 1.22448 0 2.66667
18 1 1.22448 1.22448 1.22448 0 2.66667
109 1 0.94113 0.94113 0.94113 0 2.92308
8 1 0.546064 0.546064 0.546064 0 0.666667
80 1 0.32982 0.32982 0.32982 0 0.857143
107 1 0.301853 0.301853 0.301853 0 2.93333
7 1 0.279454 0.279454 0.279454 0 0.666667
11 1 0.114692 0.114692 0.114692 0 0.8
21 1 0.0608217 0.0608217 0.0608217 0 0.666667
75 1 1e-08 1e-08 1e-08 0 2.85714
102 1 1e-08 1e-08 1e-08 0 3.35714

94 14 5.17239 5.17239 8.79475 3.62236 2.88889
110 6 24.2366 0.0438674 20.2045 9.0161 3.35714
86 12 9.39273 6.79461 8.52775 0.973944 2.90909
77 12 9.99728 4.02976 8.497 1.87514 2.88889
62 11 4.45205 4.45205 8.84636 4.3943 0.8
78 11 5.01447 5.01447 8.59558 3.58112 2.85714
49 8 3.94478 3.63021 8.50568 4.74377 2.92308
100 5 11.4913 2.87996 8.49164 3.98793 2.88889
55 3 9.58477 9.58433 9.58462 0.000205385 2.88889
44 2 11.7897 11.7897 11.7897 0 3.16667
105 1 6.4986 6.4986 6.4986 0 2.88889
14 1 4.91232 4.91232 4.91232 0 2.66667
19 1 3.00256 3.00256 3.00256 0 2.66667
20 1 1.90721 1.90721 1.90721 0 2.8
17 1 1.6002 1.6002 1.6002 0 0.666667
32 1 1.4438 1.4438 1.4438 0 2.8
71 1 1.27264 1.27264 1.27264 0 2.88889
15 1 1.22596 1.22596 1.22596 0 3.16667
33 1 1.22452 1.22452 1.22452 0 0.666667
16 1 1.22448 1.22448 1.22448 0 2.66667
18 1 1.22448 1.22448 1.22448 0 2.66667
8 1 0.821847 0.821847 0.821847 0 0.666667
80 1 0.32982 0.32982 0.32982 0 0.857143
107 1 0.301853 0.301853 0.301853 0 2.93333
11 1 0.296448 0.296448 0.296448 0 0.8
7 1 0.279454 0.279454 0.279454 0 0.666667
21 1 0.0608217 0.0608217 0.0608217 0 0.666667

113 1 138.76 138.76 138.76 0 2.88889
49 1 137.693 137.693 137.693 0 2.90909
86 11 8.92065 7.151 10.9454 2.76149 2.90909
94 11 4.16665 4.16665 10.9091 6.74243 2.85714
62 10 4.59118 4.59118 10.9287 6.33748 0.8
112 8 10.4255 8.07517 12.1406 3.28408 2.88889
110 8 3.54682 3.54682 12.0269 8.48005 2.85714
77 8 5.55404 4.99106 11.9971 6.83741 2.88889
100 5 19.1522 4.79994 12.3566 6.33816 2.88889
55 2 9.58477 9.58477 14.3772 4.79238 2.88889
44 2 11.7897 11.7897 11.7897 0 3.16667
115 2 14.9699 8.37535 11.6726 3.29729 2.85714
105 1 12.3867 12.3867 12.3867 0 2.85714
14 1 4.91232 4.91232 4.91232 0 2.66667
19 1 3.00256 3.00256 3.00256 0 2.66667
20 1 1.90721 1.90721 1.90721 0 2.8
17 1 1.6002 1.6002 1.6002 0 0.666667
32 1 1.4438 1.4438 1.4438 0 2.8
71 1 1.27276 1.27276 1.27276 0 2.88889
15 1 1.22596 1.22596 1.22596 0 3.16667
33 1 1.22452 1.22452 1.22452 0 0.666667
16 1 1.22448 1.22448 1.22448 0 2.66667
18 1 1.22448 1.22448 1.22448 0 2.66667
8 1 0.821847 0.821847 0.821847 0 0.666667
107 1 0.771722 0.771722 0.771722 0 2.93333
80 1 0.32982 0.32982 0.32982 0 0.857143
11 1 0.302412 0.302412 0.302412 0 0.8
7 1 0.279454 0.279454 0.279454 0 0.666667
21 1 0.0608217 0.0608217 0.0608217 0 0.666667
114 1 1e-08 1e-08 1e-08 0 2.88889
116 1 1e-08 1e-08 1e-08 0 2.85714
117 1 1e-08 1e-08 1e-08 0 2.85714

77 7 21.4227 19.2885 20.0042 0.656948 2.88889
110 12 12.1183 8.33333e-10 10.2801 3.90011 2.85714
62 12 6.38773 6.38773 9.4699 3.08217 0.8
86 1 96.5254 96.5254 96.5254 0 2.90909
94 9 3.74998 3.74998 9.22105 5.47106 2.85714
112 9 7.27568 5.66423 9.06265 2.83884 2.88889
113 8 2.56065 2.43438 9.94243 7.47688 2.90909
100 4 28.3761 0.325559 10.8459 10.519 2.88889
49 1 34.3565 34.3565 34.3565 0 2.90909
105 1 33.5587 33.5587 33.5587 0 2.85714
55 2 14.3772 14.3772 14.3772 0 2.88889
44 2 11.7897 11.7897 11.7897 0 3.16667
14 1 4.91232 4.91232 4.91232 0 2.66667
19 1 3.00256 3.00256 3.00256 0 2.66667
20 1 1.90721 1.90721 1.90721 0 2.8
17 1 1.6002 1.6002 1.6002 0 0.666667
32 1 1.4438 1.4438 1.4438 0 2.8
71 1 1.27276 1.27276 1.27276 0 2.88889
15 1 1.22596 1.22596 1.22596 0 3.16667
33 1 1.22452 1.22452 1.22452 0 0.666667
16 1 1.22448 1.22448 1.22448 0 2.66667
18 1 1.22448 1.22448 1.22448 0 2.66667
8 1 0.821847 0.821847 0.821847 0 0.666667
107 1 0.771722 0.771722 0.771722 0 2.93333
80 1 0.32982 0.32982 0.32982 0 0.857143
11 1 0.302412 0.302412 0.302412 0 0.8
7 1 0.284876 0.284876 0.284876 0 0.666667
21 1 0.0608217 0.0608217 0.0608217 0 0.666667
117 1 0.0519509 0.0519509 0.0519509 0 2.85714
114 1 1e-08 1e-08 1e-08 0 2.88889
118 1 1e-08 1e-08 1e-08 0 2.88889

94 15 8.82349 1.97404 7.96933 2.18418 2.85714
113 15 9.73045 0.00523486 7.93933 2.88787 2.88889
86 11 8.30894 5.36252 8.17626 1.36218 2.90909
62 11 4.45205 4.45205 7.82131 3.36926 0.8
112 10 10.1395 1.11164 8.31825 2.45553 2.90909
77 10 6.51997 5.8704 7.91268 1.82919 2.88889
110 9 4.15484 4.15484 8.38182 4.22697 2.85714
100 5 18.5922 0.422851 8.46747 7.54445 2.88889
55 2 14.3772 14.3772 14.3772 0 2.88889
44 2 11.7897 11.7897 11.7897 0 2.66667
14 1 4.91232 4.91232 4.91232 0 2.66667
19 1 3.00256 3.00256 3.00256 0 2.66667
20 1 1.90721 1.90721 1.90721 0 2.8
17 1 1.6002 1.6002 1.6002 0 0.666667
32 1 1.4438 1.4438 1.4438 0 2.8
71 1 1.27276 1.27276 1.27276 0 2.88889
15 1 1.22596 1.22596 1.22596 0 3.16667
33 1 1.22452 1.22452 1.22452 0 0.666667
16 1 1.22448 1.22448 1.22448 0 2.66667
18 1 1.22448 1.22448 1.22448 0 2.66667
107 1 0.771722 0.771722 0.771722 0 2.93333

94 12 5.55553 5.55553 9.07179 3.51626 2.85714
62 12 6.67808 6.67808 8.88601 2.20793 0.8
110 11 6.05915 6.05915 9.09865 3.03951 2.85714
77 11 6.51997 5.8704 8.75067 2.68243 2.88889
112 10 4.86955 3.88472 8.89883 4.62846 2.88889
113 10 4.70828 4.47612 8.8093 4.23151 2.88889
86 9 8.30894 6.58583 9.10255 1.60198 2.88889
100 6 21.6909 0.493326 10.9559 9.13194 2.88889
120 1 51.0163 51.0163 51.0163 0 0.857143
55 2 14.3772 14.3765 14.3768 0.000334471 2.88889
44 2 11.7897 11.7897 11.7897 0 3.16667
14 1 4.91232 4.91232 4.91232 0 2.66667
122 1 3.3141 3.3141 3.3141 0 2.90909
19 1 3.00256 3.00256 3.00256 0 2.66667
20 1 1.90721 1.90721 1.90721 0 2.8
17 1 1.6002 1.6002 1.6002 0 0.666667
32 1 1.4438 1.4438 1.4438 0 2.8
71 1 1.27264 1.27264 1.27264 0 2.88889
15 1 1.22596 1.22596 1.22596 0 3.16667
33 1 1.22452 1.22452 1.22452 0 0.666667
16 1 1.22448 1.22448 1.22448 0 2.66667
18 1 1.22448 1.22448 1.22448 0 2.66667
107 1 0.771722 0.771722 0.771722 0 2.93333
123 1 0.0376958 0.0376958 0.0376958 0 2.92308
124 1 0.00444636 0.00444636 0.00444636 0 2.88889
121 1 1e-08 1e-08 1e-08 0 2.88889

94 13 5.17239 5.17239 8.69054 3.51815 2.85714
113 12 5.2389 5.01205 8.83976 3.70222 2.88889
110 11 5.19356 5.19356 9.07674 3.88318 2.85714
62 11 5.06613 5.06613 8.81437 3.74825 0.8
86 10 13.5964 9.09091e-10 9.39599 4.47253 2.90909
77 10 5.35569 4.86896 8.87832 3.84892 2.88889
112 9 5.84346 4.87992 9.60443 4.25648 2.88889
107 2 73.4099 0.385861 36.8979 36.512 2.93333
100 6 21.6909 0.493326 10.9559 9.13194 2.88889
44 2 11.7897 11.7897 11.7897 0 2.66667
14 1 4.91232 4.91232 4.91232 0 2.66667
19 1 3.00256 3.00256 3.00256 0 2.66667
20 1 1.90721 1.90721 1.90721 0 2.8
17 1 1.6002 1.6002 1.6002 0 0.666667
32 1 1.4438 1.4438 1.4438 0 2.8
71 1 1.27276 1.27276 1.27276 0 2.88889
15 1 1.22596 1.22596 1.22596 0 3.16667
33 1 1.22452 1.22452 1.22452 0 0.666667
16 1 1.22448 1.22448 1.22448 0 2.66667
18 1 1.22448 1.22448 1.22448 0 2.66667
126 1 0.294338 0.294338 0.294338 0 2.90909
121 1 1e-08 1e-08 1e-08 0 2.88889
125 1 1e-08 1e-08 1e-08 0 2.85714

62 11 13.3562 13.3562 13.3562 5.32907e-15 0.8
110 11 7.89259 7.65366 13.0563 5.38135 2.88889
77 2 71.7463 68.1654 69.9558 1.79041 2.88889
112 7 21.3849 10.7002 18.3967 3.40288 2.88889
127 2 63.4138 60.5684 61.9911 1.42269 0.888889
86 9 2.71929 2.65376 12.4741 9.80026 2.90909
94 7 2.5862 2.5862 13.3914 10.8052 2.85714
128 1 81.3511 81.3511 81.3511 0 2.90909
100 5 21.6909 0.493326 13.147 8.59122 2.88889
113 1 65.6825 65.6825 65.6825 0 2.88889
44 1 11.7897 11.7897 23.5794 11.7897 2.66667
129 1 7.67767 7.67767 22.3019 14.6243 2.88889
130 1 21.6636 21.6636 21.6636 7.5e-09 2.90909
133 1 20.3557 20.3557 20.3557 5e-09 2.88889
14 1 4.91232 4.91232 4.91232 0 2.66667
19 1 3.00256 3.00256 3.00256 0 2.66667
20 1 1.90721 1.90721 1.90721 0 2.8
17 1 1.6002 1.6002 1.6002 0 0.666667
32 1 1.4438 1.4438 1.4438 0 2.8
71 1 1.27276 1.27276 1.27276 0 2.88889
15 1 1.22596 1.22596 1.22596 0 3.16667
33 1 1.22452 1.22452 1.22452 0 0.666667
16 1 1.22448 1.22448 1.22448 0 2.66667
18 1 1.22448 1.22448 1.22448 0 2.66667
107 1 0.301853 0.301853 0.301853 0 2.93333
131 1 0.0396847 0.0396847 0.0396847 0 2.85714
121 1 1e-08 1e-08 1e-08 0 2.88889
125 1 1e-08 1e-08 1e-08 0 2.85714
132 1 1e-08 1e-08 1e-08 0 2.90909

135 1 146.086 146.086 146.086 0 2.88889
127 4 36.5559 31.4729 33.1835 2.07535 0.888889
94 8 18.7499 0.00496059 16.4068 6.19931 2.85714
112 11 10.6924 7.67767 10.8508 1.15243 0.888889
110 7 21.4227 6.41128 15.9745 4.77507 2.88889
86 4 37.3902 2.5e-09 22.7372 14.289 2.90909
62 8 2.44863 2.44863 10.8517 8.40303 0.8
100 5 26.0291 0.591991 15.6581 10.3088 2.88889
134 7 2.59678 2.59678 10.9393 8.34255 2.85714
77 1 65.6825 65.6825 65.6825 0 2.88889
44 1 23.5794 23.5794 23.5794 0 2.66667
14 1 4.91232 4.91232 4.91232 0 2.66667
19 1 3.00256 3.00256 3.00256 0 2.66667
20 1 1.90721 1.90721 1.90721 0 2.8
17 1 1.6002 1.6002 1.6002 0 0.666667
32 1 1.4438 1.4438 1.4438 0 2.8
71 1 1.27276 1.27276 1.27276 0 2.88889
15 1 1.22596 1.22596 1.22596 0 3.16667
33 1 1.22452 1.22452 1.22452 0 0.666667
16 1 1.22448 1.22448 1.22448 0 2.66667
18 1 1.22448 1.22448 1.22448 0 2.66667
107 1 0.771722 0.771722 0.771722 0 2.93333
121 1 1e-08 1e-08 1e-08 0 2.88889
125 1 1e-08 1e-08 1e-08 0 2.85714
136 1 1e-08 1e-08 1e-08 0 0.8

137 1 149.561 149.561 149.561 0 2.90909
86 1 149.561 149.561 149.561 0 2.90909
62 8 18.3647 18.3647 18.3647 0 1.3
134 7 20.7742 20.7742 20.7742 0 2.85714
127 4 36.5559 25.7438 31.0386 3.8638 0.888889
112 9 11.5149 11.2274 13.5046 2.22301 2.88889
110 7 21.4227 6.41128 15.9745 4.77507 2.88889
94 8 14.9999 0.00396847 13.1254 4.95945 2.85714
100 5 26.0291 0.591991 15.6581 10.3088 2.90909
135 5 1.45906 1.43222 13.4357 11.9953 2.88889
44 1 23.5794 23.5794 23.5794 0 2.66667
14 1 4.91232 4.91232 4.91232 0 2.66667
19 1 3.00256 3.00256 3.00256 0 2.66667
20 1 1.90721 1.90721 1.90721 0 2.8
17 1 1.6002 1.6002 1.6002 0 0.666667
32 1 1.4438 1.4438 1.4438 0 2.8
71 1 1.27276 1.27276 1.27276 0 2.88889
15 1 1.22596 1.22596 1.22596 0 3.16667
33 1 1.22452 1.22452 1.22452 0 0.666667
16 1 1.22448 1.22448 1.22448 0 2.66667
18 1 1.22448 1.22448 1.22448 0 2.66667
107 1 0.771722 0.771722 0.771722 0 2.93333
136 1 1e-08 1e-08 1e-08 0 0.8

112 2 74.847 73.0223 73.9347 0.912333 2.88889
62 8 18.3647 18.3647 18.3647 0 0.8
135 4 37.2061 36.5216 36.6927 0.296392 2.88889
138 5 29.0839 29.0839 29.0839 0 2.85714
127 5 29.5082 24.1184 27.4518 2.25269 0.888889
94 8 18.7499 0.00496059 16.4068 6.19931 2.85714
134 3 48.4732 33.757 43.5678 6.93729 2.85714
110 6 24.9932 7.47983 18.93 5.96711 2.88889
137 5 1.37212 1.37212 14.9639 13.5918 2.90909
100 4 26.0291 3.38347 14.7432 10.0125 2.90909
44 1 23.5794 23.5794 23.5794 0 2.66667
14 1 4.91232 4.91232 4.91232 0 2.66667
19 1 3.00256 3.00256 3.00256 0 2.66667
20 1 1.90721 1.90721 1.90721 0 2.8
17 1 1.6002 1.6002 1.6002 0 0.666667
32 1 1.4438 1.4438 1.4438 0 2.8
71 1 1.27276 1.27276 1.27276 0 2.88889
15 1 1.22596 1.22596 1.22596 0 3.16667
33 1 1.22452 1.22452 1.22452 0 0.666667
16 1 1.22448 1.22448 1.22448 0 2.66667
18 1 1.22448 1.22448 1.22448 0 2.66667
107 1 0.771722 0.771722 0.771722 0 2.93333
136 1 1e-08 1e-08 1e-08 0 0.8

135 5 29.7649 29.2173 29.385 0.220848 2.88889
137 5 29.9122 25.5159 28.1537 2.1537 2.90909
138 8 18.1774 12.6589 17.4876 1.8251 2.85714
94 8 18.7499 0.00496059 16.4068 6.19931 2.85714
127 3 48.7412 34.325 40.2756 6.14821 0.888889
110 6 24.9932 7.47983 18.93 5.96711 2.88889
100 4 32.5364 7.48191 24.2807 9.83502 2.88889
62 7 2.33203 2.33203 11.9323 9.60024 0.8
112 7 3.18498 3.10733 11.9107 8.75113 2.90909
44 1 23.5794 23.5794 23.5794 0 2.66667
14 1 4.91232 4.91232 4.91232 0 2.66667
19 1 3.00256 3.00256 3.00256 0 2.66667
20 1 1.90721 1.90721 1.90721 0 2.8
17 1 1.6002 1.6002 1.6002 0 0.666667
32 1 1.4438 1.4438 1.4438 0 2.8
71 1 1.27276 1.27276 1.27276 0 2.88889
15 1 1.22596 1.22596 1.22596 0 3.16667
33 1 1.22452 1.22452 1.22452 0 0.666667
16 1 1.22448 1.22448 1.22448 0 2.66667
18 1 1.22448 1.22448 1.22448 0 2.66667
107 1 0.771722 0.771722 0.771722 0 2.93333
136 1 1e-08 1e-08 1e-08 0 0.8
139 1 1e-08 1e-08 1e-08 0 2.85714

112 7 21.3849 20.8635 21.2146 0.225262 2.88889
62 7 20.9882 20.9882 20.9882 0 0.8
138 8 18.1774 12.6589 17.4876 1.8251 2.85714
94 8 18.7499 0.00496059 16.4068 6.19931 2.85714
127 3 48.7412 34.325 41.0878 5.91898 0.888889
110 6 24.9932 7.47983 18.93 5.96711 2.88889
100 4 32.5364 7.48191 24.2807 9.83502 2.88889
135 6 2.48341 2.43477 11.8551 9.38856 2.90909
137 6 2.99122 2.99122 11.3938 8.4026 2.90909
44 1 23.5794 23.5794 23.5794 0 2.66667
14 1 4.91232 4.91232 4.91232 0 2.66667
19 1 3.00256 3.00256 3.00256 0 2.66667
20 1 1.90721 1.90721 1.90721 0 2.8
17 1 1.6002 1.6002 1.6002 0 0.666667
32 1 1.4438 1.4438 1.4438 0 2.8
71 1 1.27276 1.27276 1.27276 0 2.88889
15 1 1.22596 1.22596 1.22596 0 3.16667
33 1 1.22452 1.22452 1.22452 0 0.666667
16 1 1.22448 1.22448 1.22448 0 2.66667
18 1 1.22448 1.22448 1.22448 0 2.66667
107 1 0.771722 0.771722 0.771722 0 2.93333
136 1 1e-08 1e-08 1e-08 0 0.8
139 1 1e-08 1e-08 1e-08 0 2.85714

135 3 49.6682 46.7083 48.3573 1.2318 2.88889
137 6 24.9268 21.2633 23.7056 1.727 2.90909
127 5 29.5082 24.1184 28.2803 2.08889 0.888889
138 8 18.1774 12.6589 17.4876 1.8251 2.85714
94 8 18.7499 0.00496059 16.4068 6.19931 2.85714
110 6 24.9932 7.47983 18.93 5.96711 2.88889
100 5 27.6307 5.98553 21.0658 7.76525 2.88889
112 8 2.53719 2.53719 11.3473 8.81015 2.90909
62 6 2.67123 2.67123 12.2048 9.5336 0.8
44 1 23.5794 23.5794 23.5794 0 2.66667
14 1 4.91232 4.91232 4.91232 0 2.66667
19 1 3.00256 3.00256 3.00256 0 2.66667
20 1 1.90721 1.90721 1.90721 0 2.8
17 1 1.6002 1.6002 1.6002 0 0.666667
32 1 1.4438 1.4438 1.4438 0 2.8
71 1 1.27276 1.27276 1.27276 0 2.88889
15 1 1.22596 1.22596 1.22596 0 3.16667
33 1 1.22452 1.22452 1.22452 0 0.666667
16 1 1.22448 1.22448 1.22448 0 2.66667
18 1 1.22448 1.22448 1.22448 0 2.66667
107 1 0.301853 0.301853 0.301853 0 2.93333
136 1 1e-08 1e-08 1e-08 0 0.8
139 1 1e-08 1e-08 1e-08 0 2.85714

112 8 18.7117 18.7117 18.7117 3.55271e-15 2.88889
62 6 24.4863 24.4863 24.4863 0 1.3
138 8 18.1774 12.6589 17.4876 1.8251 2.85714
94 8 18.7499 0.00496059 16.4068 6.19931 2.85714
100 2 65.0728 57.4567 61.2648 3.80803 2.88889
127 3 40.3789 34.325 38.3004 2.81201 0.888889
110 6 24.9932 7.47983 18.93 5.96711 2.88889
140 2 56.7523 14.9638 35.858 20.8942 2.88889
137 5 2.45182 2.45182 13.2762 10.8244 2.90909
135 5 2.92166 2.9211 11.8725 8.95108 2.88889
44 1 23.5794 23.5794 23.5794 0 2.66667
14 1 4.91232 4.91232 4.91232 0 2.66667
19 1 3.00256 3.00256 3.00256 0 2.66667
20 1 1.90721 1.90721 1.90721 0 2.8
17 1 1.6002 1.6002 1.6002 0 0.666667
32 1 1.4438 1.4438 1.4438 0 2.8
71 1 1.27264 1.27264 1.27264 0 2.88889
15 1 1.22596 1.22596 1.22596 0 3.16667
33 1 1.22452 1.22452 1.22452 0 0.666667
16 1 1.22448 1.22448 1.22448 0 2.66667
18 1 1.22448 1.22448 1.22448 0 2.66667
107 1 0.771722 0.771722 0.771722 0 2.93333
136 1 1e-08 1e-08 1e-08 0 0.8
139 1 1e-08 1e-08 1e-08 0 2.85714

135 5 29.8009 28.025 29.4446 0.709812 2.9
141 5 29.0839 29.0839 29.0839 0 2.85714
137 5 29.9122 25.5159 28.1537 2.1537 2.90909
94 8 18.7499 0.00496059 16.4068 6.19931 2.85714
138 3 48.4732 33.757 43.5678 6.93729 2.85714
127 3 48.7412 34.325 40.2756 6.14821 0.888889
110 6 24.9932 7.47983 18.93 5.96711 2.88889
100 4 32.5364 7.48191 24.2807 9.83502 2.88889
62 6 3.19386 3.19386 13.0104 9.8165 0.8
112 6 2.26809 2.26809 12.9038 10.6357 2.88889
44 1 23.5794 23.5794 23.5794 0 2.66667
14 1 4.91232 4.91232 4.91232 0 2.66667
19 1 3.00256 3.00256 3.00256 0 2.66667
20 1 1.90721 1.90721 1.90721 0 2.8
17 1 1.6002 1.6002 1.6002 0 0.666667
32 1 1.4438 1.4438 1.4438 0 2.8
71 1 1.27276 1.27276 1.27276 0 2.88889
142 1 1.24242 1.24242 1.24242 0 0.8
15 1 1.22596 1.22596 1.22596 0 3.16667
33 1 1.22452 1.22452 1.22452 0 0.666667
16 1 1.22448 1.22448 1.22448 0 2.66667
18 1 1.22448 1.22448 1.22448 0 2.66667
107 1 0.771722 0.771722 0.771722 0 2.93333
136 1 1e-08 1e-08 1e-08 0 0.8
139 1 1e-08 1e-08 1e-08 0 2.85714
143 1 1e-08 1e-08 1e-08 0 2.8

112 6 24.949 24.949 24.949 0 2.88889
137 5 29.9122 25.5159 28.1537 2.1537 2.90909
94 8 18.7499 0.00496059 16.4068 6.19931 2.85714
62 7 20.9882 1.42857e-09 17.9899 7.34436 1.3
127 3 48.7412 34.325 41.0878 5.91898 0.888889
110 6 24.9932 7.47983 18.93 5.96711 2.88889
100 4 32.5364 7.48191 24.2807 9.83502 2.88889
135 6 2.98009 2.98009 11.0791 8.09897 2.88889
141 5 2.30825 2.30825 12.6531 10.3449 2.85714
44 1 23.5794 23.5794 23.5794 0 2.66667
14 1 4.91232 4.91232 4.91232 0 2.66667
19 1 3.00256 3.00256 3.00256 0 2.66667
20 1 1.90721 1.90721 1.90721 0 2.8
17 1 1.6002 1.6002 1.6002 0 0.666667
32 1 1.4438 1.4438 1.4438 0 2.8
71 1 1.27276 1.27276 1.27276 0 2.88889
142 1 1.24242 1.24242 1.24242 0 0.8
15 1 1.22596 1.22596 1.22596 0 3.16667
33 1 1.22452 1.22452 1.22452 0 0.666667
16 1 1.22448 1.22448 1.22448 0 2.66667
18 1 1.22448 1.22448 1.22448 0 2.66667
107 1 0.301853 0.301853 0.301853 0 2.93333
139 1 1e-08 1e-08 1e-08 0 2.85714
143 1 1e-08 1e-08 1e-08 0 2.8

135 6 24.8341 24.8341 24.8341 0 2.9
62 6 24.4863 24.4863 24.4863 0 0.8
141 5 29.0839 29.0839 29.0839 0 2.85714
94 8 18.7499 0.00496059 16.4068 6.19931 2.85714
127 3 40.4286 34.325 38.3775 2.86561 0.888889
110 5 28.6985 8.9758 21.2608 6.98733 2.88889
112 8 2.34311 2.33897 11.0713 8.73181 2.88889
137 7 3.11585 3.11585 12.0891 8.97322 2.90909
100 4 28.7284 7.19991 17.9466 10.6069 2.90909
44 1 23.5794 23.5794 23.5794 0 2.66667
14 1 4.91232 4.91232 4.91232 0 2.66667
19 1 3.00256 3.00256 3.00256 0 2.66667
20 1 1.90721 1.90721 1.90721 0 2.8
17 1 1.6002 1.6002 1.6002 0 0.666667
32 1 1.4438 1.4438 1.4438 0 2.8
71 1 1.27276 1.27276 1.27276 0 2.88889
142 1 1.24242 1.24242 1.24242 0 0.8
15 1 1.22596 1.22596 1.22596 0 3.16667
33 1 1.22452 1.22452 1.22452 0 0.666667
16 1 1.22448 1.22448 1.22448 0 2.66667
18 1 1.22448 1.22448 1.22448 0 2.66667
107 1 0.771722 0.771722 0.771722 0 2.93333
139 1 1e-08 1e-08 1e-08 0 2.85714
143 1 1e-08 1e-08 1e-08 0 2.8
144 1 1e-08 1e-08 1e-08 0 0.8

112 7 21.3849 21.3849 21.3849 3.55271e-15 2.88889
141 5 29.0839 29.0839 29.0839 0 2.85714
137 7 21.3658 18.2257 20.4686 1.41858 2.90909
94 8 18.7499 0.00496059 16.4068 6.19931 2.85714
127 3 48.7412 34.325 40.2756 6.14821 0.888889
110 6 24.9932 7.47983 18.93 5.96711 2.88889
100 4 32.5364 7.48191 24.2807 9.83502 2.88889
62 8 2.53306 2.53306 11.5142 8.98113 0.8
135 7 2.86547 2.86547 12.8358 9.9703 2.9
44 1 23.5794 23.5794 23.5794 0 2.66667
14 1 4.91232 4.91232 4.91232 0 2.66667
19 1 3.00256 3.00256 3.00256 0 2.66667
20 1 1.90721 1.90721 1.90721 0 2.8
17 1 1.6002 1.6002 1.6002 0 0.666667
142 1 0.863889 0.863889 1.4851 0.621209 1.3
32 1 1.4438 1.4438 1.4438 0 2.8
71 1 1.27276 1.27276 1.27276 0 2.88889
15 1 1.22596 1.22596 1.22596 0 3.16667
33 1 1.22452 1.22452 1.22452 0 0.666667
16 1 1.22448 1.22448 1.22448 0 2.66667
18 1 1.22448 1.22448 1.22448 0 2.66667
107 1 0.301853 0.301853 0.301853 0 2.93333
139 1 1e-08 1e-08 1e-08 0 2.85714
143 1 1e-08 1e-08 1e-08 0 2.8
144 1 1e-08 1e-08 1e-08 0 0.8
145 1 1e-08 1e-08 1e-08 0 1.3

135 7 21.2864 21.2864 21.2864 0 2.9
62 8 18.3647 18.3647 18.3647 0 0.8
137 7 21.3658 18.2257 20.4686 1.41858 2.90909
94 8 18.7499 0.00496059 16.4068 6.19931 2.85714
127 3 48.7412 34.325 41.0878 5.91898 0.888889
110 5 28.6985 8.9758 21.2608 6.98733 2.88889
141 7 2.69295 2.69295 12.1206 9.42762 2.85714
112 7 2.54168 2.53719 11.8531 9.31531 2.88889
100 4 32.5364 4.22933 18.244 12.5143 2.88889
44 1 23.5794 23.5794 23.5794 0 2.66667
14 1 4.91232 4.91232 4.91232 0 2.66667
19 1 3.00256 3.00256 3.00256 0 2.66667
20 1 1.90721 1.90721 1.90721 0 2.8
142 1 1.72778 1.72778 1.72778 0 1.3
17 1 1.6002 1.6002 1.6002 0 0.666667
32 1 1.4438 1.4438 1.4438 0 2.8
71 1 1.27276 1.27276 1.27276 0 2.88889
15 1 1.22596 1.22596 1.22596 0 3.16667
33 1 1.22452 1.22452 1.22452 0 0.666667
16 1 1.22448 1.22448 1.22448 0 2.66667
18 1 1.22448 1.22448 1.22448 0 2.66667
107 1 0.771722 0.771722 0.771722 0 2.93333
139 1 1e-08 1e-08 1e-08 0 2.85714
143 1 1e-08 1e-08 1e-08 0 2.8
144 1 1e-08 1e-08 1e-08 0 0.8
145 1 1e-08 1e-08 1e-08 0 1.3

112 6 24.949 24.949 24.949 0 2.88889
137 7 21.3658 18.2257 20.9172 1.09883 2.90909
141 7 20.7742 20.7742 20.7742 0 2.85714
94 8 18.7499 0.00496059 16.4068 6.19931 2.85714
127 3 48.7412 34.325 41.0878 5.91898 0.888889
110 6 24.9932 7.47983 18.93 5.96711 2.88889
100 4 32.5364 7.48191 24.2807 9.83502 2.88889
62 7 2.67123 2.67123 12.6324 9.96115 0.8
135 6 2.41775 2.4033 13.0087 10.603 2.9
44 1 23.5794 23.5794 23.5794 0 2.66667
14 1 4.91232 4.91232 4.91232 0 2.66667
19 1 3.00256 3.00256 3.00256 0 2.66667
20 1 1.90721 1.90721 1.90721 0 2.8
142 1 1.72778 1.72778 1.72778 0 1.3
17 1 1.6002 1.6002 1.6002 0 0.666667
32 1 1.4438 1.4438 1.4438 0 2.8
71 1 1.27276 1.27276 1.27276 0 2.88889
15 1 1.22596 1.22596 1.22596 0 3.16667
33 1 1.22452 1.22452 1.22452 0 0.666667
16 1 1.22448 1.22448 1.22448 0 2.66667
18 1 1.22448 1.22448 1.22448 0 2.66667
107 1 0.771722 0.771722 0.771722 0 2.93333
139 1 1e-08 1e-08 1e-08 0 2.85714
144 1 1e-08 1e-08 1e-08 0 0.8

135 6 24.9834 24.8341 24.859 0.0556388 2.9
62 7 20.9882 20.9882 20.9882 0 0.8
141 7 20.7742 20.7742 20.7742 0 2.85714
94 8 18.7499 0.00496059 16.4068 6.19931 2.85714
127 3 48.7412 34.325 40.2756 6.14821 0.888889
110 6 24.9932 7.47983 18.93 5.96711 2.88889
112 7 2.72171 2.72171 11.9117 9.19 2.88889
137 6 2.57864 2.57864 12.0313 9.45262 2.90909
100 4 32.5364 0.325559 17.18 13.595 2.88889
44 1 23.5794 23.5794 23.5794 0 2.66667
14 1 4.91232 4.91232 4.91232 0 2.66667
19 1 3.00256 3.00256 3.00256 0 2.66667
20 1 1.90721 1.90721 1.90721 0 2.8
142 1 1.72778 1.72778 1.72778 0 1.3
17 1 1.6002 1.6002 1.6002 0 0.666667
32 1 1.4438 1.4438 1.4438 0 2.8
71 1 1.27276 1.27276 1.27276 0 2.88889
15 1 1.22596 1.22596 1.22596 0 3.16667
33 1 1.22452 1.22452 1.22452 0 0.666667
16 1 1.22448 1.22448 1.22448 0 2.66667
18 1 1.22448 1.22448 1.22448 0 2.66667
107 1 0.771722 0.771722 0.771722 0 2.93333
139 1 1e-08 1e-08 1e-08 0 2.85714
144 1 1e-08 1e-08 1e-08 0 0.8

112 3 49.898 49.898 49.898 0 2.88889
141 7 20.7742 20.7742 20.7742 0 2.85714
137 6 24.9268 21.2633 23.7056 1.727 2.90909
94 8 18.7499 0.00496059 16.4068 6.19931 2.85714
110 10 14.9959 4.4879 12.8025 3.28955 2.88889
127 3 48.7412 34.325 41.0878 5.91898 0.888889
100 4 32.5364 7.48191 24.2807 9.83502 2.88889
62 6 2.26027 2.26027 12.2784 10.0181 0.8
135 6 3.05919 3.04091 12.064 9.0168 2.9
44 1 23.5794 23.5794 23.5794 0 2.66667
14 1 4.91232 4.91232 4.91232 0 2.66667
19 1 3.00256 3.00256 3.00256 0 2.66667
20 1 1.90721 1.90721 1.90721 0 2.8
17 1 1.6002 1.6002 1.6002 0 0.666667
32 1 1.4438 1.4438 1.4438 0 2.8
71 1 1.27276 1.27276 1.27276 0 2.88889
15 1 1.22596 1.22596 1.22596 0 3.16667
33 1 1.22452 1.22452 1.22452 0 0.666667
16 1 1.22448 1.22448 1.22448 0 2.66667
18 1 1.22448 1.22448 1.22448 0 2.66667
107 1 0.301853 0.301853 0.301853 0 2.93333
139 1 1e-08 1e-08 1e-08 0 2.85714
144 1 1e-08 1e-08 1e-08 0 0.8

135 6 24.9834 24.8341 24.8855 0.0693229 2.9
137 6 24.9268 21.2633 23.7056 1.727 2.90909
94 8 18.7499 0.00496059 16.4068 6.19931 2.85714
62 7 20.9882 1.42857e-09 17.9899 7.34436 1.3
127 3 48.7412 34.325 41.0878 5.91898 0.888889
110 6 24.9932 7.47983 18.93 5.96711 2.88889
141 8 2.79653 2.79653 11.1507 8.35421 2.85714
112 7 2.41442 2.41442 11.484 9.06954 2.88889
100 4 28.7284 7.19991 17.9466 10.6069 2.88889
44 1 23.5794 23.5794 23.5794 0 2.66667
14 1 4.91232 4.91232 4.91232 0 2.66667
19 1 3.00256 3.00256 3.00256 0 2.66667
20 1 1.90721 1.90721 1.90721 0 2.8
17 1 1.6002 1.6002 1.6002 0 0.666667
32 1 1.4438 1.4438 1.4438 0 2.8
71 1 1.27264 1.27264 1.27264 0 2.88889
15 1 1.22596 1.22596 1.22596 0 3.16667
33 1 1.22452 1.22452 1.22452 0 0.666667
16 1 1.22448 1.22448 1.22448 0 2.66667
18 1 1.22448 1.22448 1.22448 0 2.66667
107 1 0.771722 0.771722 0.771722 0 2.93333
139 1 1e-08 1e-08 1e-08 0 2.85714

