1 0.0522556 0.0522556 0.0522556 0 2
1 1e-08 1e-08 1e-08 0 0
1 1e-08 1e-08 1e-08 0 2
1 1e-08 1e-08 1e-08 0 2
1 1e-08 1e-08 1e-08 0 2

91 0.0134485 0.000574238 0.00157285 0.0034286 2.5
1 5e-09 5e-09 1e-08 5e-09 0
1 2.5e-09 2.5e-09 1e-08 7.5e-09 2
1 2e-09 2e-09 1e-08 8e-09 2
1 3.33333e-09 3.33333e-09 1e-08 6.66667e-09 2

1 1.22384 1.22384 1.22384 0 2.66667
1 1.22384 1.22384 1.22384 0 2.66667
2 0.611919 0.611907 0.611913 6.18706e-06 2.66667
1 1.22381 1.22381 1.22381 0 2.66667
1 1.22381 1.22381 1.22381 0 2.66667
1 1.22381 1.22381 1.22381 0 2.66667
2 0.611907 0.611907 0.611907 0 2.66667
1 1.22381 1.22381 1.22381 0 2.66667
1 1.22381 1.22381 1.22381 0 2.66667
1 1.22381 1.22381 1.22381 0 2.66667
1 1.22374 1.22374 1.22374 0 2.66667
3 0.407938 0.0174248 0.277767 0.18409 2.66667
3 0.407938 3.33333e-09 0.271959 0.192304 2.66667
2 0.611907 0.0261342 0.31902 0.292886 2.66667
2 0.611907 5e-09 0.305953 0.305953 2.66667
2 0.611844 5e-09 0.305922 0.305922 2.66667
1 0.00058689 0.00058689 0.0527738 0.0521869 2
1 0.0174185 0.0174185 0.0522556 0.0348371 2.5
1 0.0522556 0.0522556 0.0522556 0 2.5
1 0.0522556 0.0522556 0.0522556 0 2.5
1 0.0261278 0.0261278 0.0522556 0.0261278 2.5
1 0.0130639 0.0130639 0.0522556 0.0391917 2.5
1 0.0522556 0.0522556 0.0522556 0 2.5
1 1e-08 1e-08 1e-08 0 2
1 5e-09 5e-09 1e-08 5e-09 2
1 5e-09 5e-09 1e-08 5e-09 2
1 1e-08 1e-08 1e-08 0 0

8 0.368741 0.152977 0.179949 0.0713566 2.66667
7 0.496853 0.00746758 0.196917 0.13538 2.66667
7 0.174834 0.174834 0.174834 0 2.66667
7 0.135979 0.135979 0.156235 0.0202554 2.66667
7 0.135979 0.135979 0.155405 0.0194256 2.66667
7 0.17483 1.42857e-09 0.149855 0.0611779 2.66667
6 0.101984 0.101984 0.1707 0.0687157 2.66667
6 0.111256 0.111256 0.161433 0.0501775 2.66667
6 0.135983 0.135983 0.160298 0.0243158 2.66667
6 0.152977 0.139859 0.152968 0.00535193 2.66667
6 0.152977 0.0927656 0.151438 0.0239941 2.66667
5 0.135994 0.135979 0.164339 0.0283571 2.66667
5 0.203969 1.66667e-09 0.163175 0.0815876 2.66667
4 0.305953 2.5e-09 0.156243 0.149781 2.66667
2 0.305922 2.5e-09 0.152961 0.152961 2.66667
1 0.244763 0.244763 0.244763 8e-09 2.66667
1 0.0087124 0.0087124 0.0522588 0.0435464 2.5
1 0.0522556 0.0522556 0.0522556 0 2.5
1 5e-09 5e-09 1e-08 5e-09 2.66667
1 1e-08 1e-08 1e-08 0 2
1 5e-09 5e-09 1e-08 5e-09 2
1 1e-08 1e-08 1e-08 0 0

7 0.122914 0.0509933 0.184263 0.108453 2.66667
7 0.220811 0.067991 0.17724 0.102476 2.66667
6 0.203991 0.203969 0.203973 8.21087e-06 2.66667
7 0.135979 0.135979 0.17483 0.0388512 2.66667
7 0.071989 0.071989 0.17483 0.102841 2.66667
7 0.122381 0.122381 0.17483 0.0524491 2.66667
7 0.0941419 0.0941419 0.169284 0.0751417 2.66667
6 0.0764883 0.0764883 0.191221 0.114733 2.66667
6 0.111256 0.111256 0.190659 0.0794033 2.66667
6 0.0941395 0.0941395 0.186377 0.0922377 2.66667
5 0.0679896 0.0679896 0.196015 0.128025 2.66667
5 0.204587 0.0719846 0.181655 0.0985766 2.8
5 0.17483 0.17483 0.17483 5.71429e-10 2.8
2 0.611907 0.0261372 0.319022 0.292885 2.8
3 0.305953 0.0130671 0.208325 0.138068 2.66667
2 0.611844 5e-09 0.305922 0.305922 2.66667
1 0.0522755 0.0522755 0.0522755 0 2.8
1 0.0522556 0.0522556 0.0522556 0 2.5
1 1e-08 1e-08 1e-08 0 2
1 1e-08 1e-08 1e-08 0 2
1 5e-09 5e-09 1e-08 5e-09 2
1 1e-08 1e-08 1e-08 0 0
1 1e-08 1e-08 1e-08 0 2.85714
1 1e-08 1e-08 1e-08 0 2.8

18 3.00419 0.0027513 0.264684 0.666256 2.66667
12 2.0034 0.0679896 0.264258 0.533987 2.66667
9 1.37882 0.0719908 0.273186 0.414495 2.66667
4 0.869493 0.305934 0.447063 0.24389 2.66667
5 0.241845 0.0815876 0.304944 0.179157 2.66667
5 0.2839 0.087417 0.271657 0.142922 2.66667
4 0.0874152 0.0874152 0.305953 0.218538 2.66667
4 0.203969 0.203969 0.305953 0.101984 2.66667
4 0.0813367 0.0556339 0.279287 0.21558 2.66667
4 0.0611907 0.0611907 0.276011 0.214821 2.66667
4 0.0764883 0.0764883 0.267709 0.191221 2.66667
3 0.203969 0.203969 0.339948 0.135979 2.66667
3 0.203969 0.203969 0.339948 0.135979 2.66667
3 0.407938 0.0174228 0.277766 0.184091 2.66667
2 0.611907 0.0261372 0.319022 0.292885 2.8
2 0.611869 5e-09 0.305934 0.305934 2.66667
2 0.611844 5e-09 0.305922 0.305922 2.66667
1 0.0522556 0.0522556 0.0522556 0 2.5
1 5e-09 5e-09 1e-08 5e-09 0
1 1e-08 1e-08 1e-08 0 2.8
1 1e-08 1e-08 1e-08 0 2.66667
1 1e-08 1e-08 1e-08 0 2.66667
1 1e-08 1e-08 1e-08 0 2.66667
1 1e-08 1e-08 1e-08 0 2.8
1 1e-08 1e-08 1e-08 0 2.66667
1 1e-08 1e-08 1e-08 0 2.66667

12 1.26843 0.0655539 0.255821 0.344423 2.66667
11 1.56788 0.0532093 0.255454 0.4336 2.66667
9 0.937595 0.0489538 0.25647 0.305626 2.66667
7 0.217373 0.0767231 0.254027 0.0997071 2.66667
7 0.279052 0.0941395 0.252737 0.104793 2.66667
7 0.2839 0.087417 0.251109 0.109991 2.66667
3 0.407938 0.407938 0.407938 0 2.66667
3 0.407938 0.407938 0.407938 0 2.66667
4 0.305953 0.305953 0.305953 0 2.66667
5 0.244763 0.244763 0.244763 0 2.66667
4 0.111256 0.111256 0.278139 0.166884 2.66667
4 0.111256 0.111256 0.250325 0.13907 2.66667
4 0.25563 0.179828 0.246978 0.0533852 2.66667
3 0.407938 0.0174228 0.277766 0.184091 2.66667
2 0.611907 0.0261372 0.319022 0.292885 2.8
2 0.611844 5e-09 0.305922 0.305922 2.66667
1 0.0522746 0.0522746 0.0522746 0 2.8
1 0.0522556 0.0522556 0.0522556 0 2.5
1 5e-09 5e-09 1e-08 5e-09 0.666667
1 1e-08 1e-08 1e-08 0 2.8
1 1e-08 1e-08 1e-08 0 2.66667
1 1e-08 1e-08 1e-08 0 2.66667
1 1e-08 1e-08 1e-08 0 2.66667
1 1e-08 1e-08 1e-08 0 2.8
1 1e-08 1e-08 1e-08 0 2.66667

24 2.37832 0.00171397 0.584758 0.920481 2.66667
7 1.02705 0.222234 0.433333 0.293764 0.666667
7 1.44245 0.0976417 0.42094 0.488521 2.66667
7 1.11618 0.0582783 0.407922 0.407622 2.66667
7 0.432511 0.20919 0.386801 0.165341 2.66667
6 0.248426 0.248426 0.419938 0.171511 2.85714
3 0.447352 0.321902 0.474288 0.118707 3.16667
3 0.135979 0.135979 0.407938 0.271959 2.66667
3 0.305953 0.305953 0.407938 0.101984 2.66667
2 0.122381 0.122381 0.553314 0.430932 2.66667
2 0.111256 0.111256 0.503027 0.391771 2.66667
2 0.101984 0.101984 0.45893 0.356946 2.66667
2 0.122381 0.122381 0.451762 0.329381 2.66667
2 0.407938 0.407938 0.416649 0.0087114 2.66667
1 0.611907 0.611907 0.638044 0.0261372 2.66667
1 0.611844 0.611844 0.611844 5e-09 2.66667
1 0.0522746 0.0522746 0.0522746 0 2.8
1 0.0522744 0.0522744 0.0522744 0 0.8
1 0.0522556 0.0522556 0.0522556 0 2.5
1 1e-08 1e-08 1e-08 0 0
1 1e-08 1e-08 1e-08 0 2.8
1 1e-08 1e-08 1e-08 0 2.66667
1 1e-08 1e-08 1e-08 0 2.66667
1 1e-08 1e-08 1e-08 0 2.8
1 1e-08 1e-08 1e-08 0 2.66667
1 1e-08 1e-08 1e-08 0 2.8
1 1e-08 1e-08 1e-08 0 2.66667

2 19.3196 19.3196 19.3196 0 2.8
15 1.13097 0.781912 0.929858 0.152071 2.66667
7 2.5758 0.17436 1.03486 1.09877 2.66667
7 1.37882 0.0719908 0.917538 0.548464 2.66667
6 1.28381 0.277793 0.991164 0.534613 2.66667
3 0.316179 0.316179 1.15932 0.843144 2.66667
3 0.410885 0.19873 1.13127 0.867604 3.16667
1 0.298235 0.298235 1.38912 1.09088 2.66667
1 0.407938 0.407938 1.22381 0.815876 2.66667
1 0.407938 0.407938 1.22381 0.815876 2.66667
1 0.611907 0.611907 1.22381 0.611907 2.66667
1 0.611907 0.611907 1.22381 0.611907 2.66667
1 0.611907 0.611907 1.22381 0.611907 2.66667
1 0.611907 0.611907 1.22381 0.611907 2.66667
1 0.611907 0.611907 1.22381 0.611907 2.66667
1 1.22381 1.22381 1.22381 0 2.66667
1 1.22369 1.22369 1.22369 0 2.66667
1 0.0522744 0.0522744 0.0522744 0 0.8
1 0.052271 0.052271 0.052271 0 3.3
1 0.0522556 0.0522556 0.0522556 0 2.5
1 0.0199181 0.0199181 0.0398363 0.0199181 2.8
1 1e-08 1e-08 1e-08 0 2.8
1 1e-08 1e-08 1e-08 0 2.66667
1 1e-08 1e-08 1e-08 0 2.66667
1 1e-08 1e-08 1e-08 0 2.8
1 1e-08 1e-08 1e-08 0 2.66667
1 1e-08 1e-08 1e-08 0 2.8
1 1e-08 1e-08 1e-08 0 2.66667
1 5e-09 5e-09 1e-08 5e-09 2.66667
1 1e-08 1e-08 1e-08 0 2.66667
1 1e-08 1e-08 1e-08 0 2.66667
1 1e-08 1e-08 1e-08 0 2.66667

35 2.06403 0.0231567 1.4016 0.382638 2.66667
21 0.70253 0.70253 1.40078 0.698254 2.66667
4 9.65978 2.5e-09 5.03824 4.63093 0.666667
7 1.80307 1.02089 1.52164 0.390796 2.66667
7 2.25382 0.152565 1.48454 1.04808 2.66667
2 2.05443 0.99365 2.02086 0.726737 2.66667
1 0.386441 0.386441 2.32888 1.94244 2.66667
1 1.22381 1.22381 1.22381 0 2.66667
1 1.22381 1.22381 1.22381 0 2.66667
1 1.22381 1.22381 1.22381 0 2.66667
1 1.22381 1.22381 1.22381 0 2.66667
1 1.22381 1.22381 1.22381 0 2.66667
1 1.22381 1.22381 1.22381 0 2.66667
1 1.22381 1.22381 1.22381 0 2.66667
1 1.22381 1.22381 1.22381 0 2.66667
1 1.22369 1.22369 1.22369 0 2.66667
1 0.894704 0.894704 0.92084 0.0261355 3.3
1 0.0522744 0.0522744 0.0522744 0 0.8
1 0.0522556 0.0522556 0.0522556 0 2.5
1 1e-08 1e-08 1e-08 0 2.8
1 1e-08 1e-08 1e-08 0 2.66667
1 1e-08 1e-08 1e-08 0 2.66667
1 1e-08 1e-08 1e-08 0 2.8
1 1e-08 1e-08 1e-08 0 2.66667
1 1e-08 1e-08 1e-08 0 2.8
1 1e-08 1e-08 1e-08 0 2.66667
1 1e-08 1e-08 1e-08 0 2.66667
1 1e-08 1e-08 1e-08 0 2.66667
1 5e-09 5e-09 1e-08 5e-09 2.66667
1 1e-08 1e-08 1e-08 0 2.8
1 1e-08 1e-08 1e-08 0 3.16667

1 57.1439 57.1439 57.1439 0 1.16667
19 1.16283 0.803938 2.61281 1.70368 2.66667
4 9.65978 9.65978 9.65978 0 2.8
13 1.0443 1.0443 2.64845 1.60415 0.666667
8 4.29324 0.37039 2.86847 1.8997 0.8
6 1.63914 1.63914 2.89863 1.25948 2.8
5 1.46499 1.46499 2.86221 1.39722 2.66667
2 4.10885 1.9873 3.04808 1.06078 2.66667
1 3.47797 3.47797 3.47797 0 2.66667
1 1.78941 1.78941 1.78941 0 2.66667
1 1.22381 1.22381 1.22381 0 2.66667
1 1.22381 1.22381 1.22381 0 2.66667
1 1.22381 1.22381 1.22381 0 2.66667
1 1.22381 1.22381 1.22381 0 2.66667
1 1.22381 1.22381 1.22381 0 2.66667
1 1.22381 1.22381 1.22381 0 2.66667
1 1.22381 1.22381 1.22381 0 2.66667
1 1.22381 1.22381 1.22381 0 2.66667
1 1.22369 1.22369 1.22369 0 2.66667
1 0.278399 0.278399 0.278399 0 0.666667
1 0.0522744 0.0522744 0.0522744 0 0.8
1 0.0411236 0.0411236 0.0411236 0 2.8
1 0.039531 0.039531 0.039531 0 2.8
1 0.0261278 0.0261278 0.0261278 5e-09 2.8
1 1e-08 1e-08 1e-08 0 2.8
1 5e-09 5e-09 1e-08 5e-09 2.8
1 1e-08 1e-08 1e-08 0 0.8
1 1e-08 1e-08 1e-08 0 2.85714
1 1e-08 1e-08 1e-08 0 2.66667
1 1e-08 1e-08 1e-08 0 3.16667
1 1e-08 1e-08 1e-08 0 2.8
1 1e-08 1e-08 1e-08 0 2.66667
1 5e-09 5e-09 1e-08 5e-09 2.66667
1 1e-08 1e-08 1e-08 0 3.16667
1 1e-08 1e-08 1e-08 0 2.8
1 1e-08 1e-08 1e-08 0 2.66667
1 1e-08 1e-08 1e-08 0 2.66667
1 1e-08 1e-08 1e-08 0 2.66667
1 1e-08 1e-08 1e-08 0 2.8
1 1e-08 1e-08 1e-08 0 2.66667
1 1e-08 1e-08 1e-08 0 2.8
1 1e-08 1e-08 1e-08 0 2.66667
1 1e-08 1e-08 1e-08 0 2.66667
1 1e-08 1e-08 1e-08 0 2.8

20 1.79481 1.24086 2.82557 1.28141 2.66667
16 3.327 1.63268 2.86926 1.20277 1.16667
6 6.01019 6.01019 6.01019 0 2.66667
12 2.80527 1.48612 2.92879 1.38122 2.8
11 2.97224 2.97224 2.97224 1.39861e-10 2.88889
10 1.67996 1.67996 2.91686 1.2369 2.66667
5 4.68797 4.68797 4.68797 0 2.66667
2 4.10885 1.9873 3.04808 1.06078 2.66667
1 3.47797 3.47797 3.47797 0 2.66667
1 1.78941 1.78941 1.78941 0 2.66667
1 1.22381 1.22381 1.22381 0 2.66667
1 1.22381 1.22381 1.22381 0 2.66667
1 1.22381 1.22381 1.22381 0 2.66667
1 1.22381 1.22381 1.22381 0 2.66667
1 1.22381 1.22381 1.22381 0 2.66667
1 1.22381 1.22381 1.22381 0 2.66667
1 1.22381 1.22381 1.22381 0 2.66667
1 1.22381 1.22381 1.22381 0 2.66667
1 1.22369 1.22369 1.22369 0 2.66667
1 0.278399 0.278399 0.278399 0 0.666667
1 0.0522744 0.0522744 0.0522744 0 0.8
1 0.0522556 0.0522556 0.0522556 0 2.5
1 0.0432863 0.0432863 0.0432863 0 2.8
1 0.0411236 0.0411236 0.0411236 0 2.8
1 0.0197655 0.0197655 0.0197655 5e-09 2.8
1 1e-08 1e-08 1e-08 0 1.3
1 1e-08 1e-08 1e-08 0 2.8

22 1.75662 1.21583 2.67068 0.945377 2.66667
20 2.91112 1.4286 2.66255 1.08315 1.16667
12 1.10778 1.10398 2.67345 1.56916 2.88889
11 3.31532 1.75632 2.84919 1.00767 2.8
11 1.50255 1.50255 2.73202 1.22948 2.66667
5 4.68797 4.68797 4.68797 0 2.66667
3 12.8797 3.33333e-09 4.29763 6.06845 2.8
2 4.10885 1.9873 3.04808 1.06078 2.66667
1 3.47797 3.47797 3.47797 0 2.66667
1 1.78941 1.78941 1.78941 0 2.66667
1 1.22381 1.22381 1.22381 0 2.66667
1 1.22381 1.22381 1.22381 0 2.66667
1 1.22381 1.22381 1.22381 0 2.66667
1 1.22381 1.22381 1.22381 0 2.66667
1 1.22381 1.22381 1.22381 0 2.66667
1 1.22381 1.22381 1.22381 0 2.66667
1 1.22381 1.22381 1.22381 0 2.66667
1 1.22381 1.22381 1.22381 0 2.66667
1 1.22369 1.22369 1.22369 0 2.66667
1 0.278399 0.278399 0.278399 0 0.666667
1 0.0522744 0.0522744 0.0522744 0 0.8
1 0.0522556 0.0522556 0.0522556 0 2.5
1 5e-09 5e-09 1e-08 5e-09 1.35714

22 1.52891 1.52891 3.36252 1.83361 2.66667
19 2.42594 1.1905 3.32743 1.70032 1.16667
1 38.6391 38.6391 38.6391 0 0.666667
11 2.60489 1.37997 3.49442 1.86049 2.8
10 3.00509 3.00509 3.60611 0.601019 2.66667
10 1.38472 1.37997 3.42808 2.04669 2.85714
5 4.68797 4.68797 4.68797 0 2.66667
1 4.10885 4.10885 6.09615 1.9873 2.66667
1 3.47797 3.47797 3.47797 0 2.66667
1 1.78941 1.78941 1.78941 0 2.66667
1 1.22381 1.22381 1.22381 0 2.66667
1 1.22381 1.22381 1.22381 0 2.66667
1 1.22381 1.22381 1.22381 0 2.66667
1 1.22381 1.22381 1.22381 0 2.66667
1 1.22381 1.22381 1.22381 0 2.66667
1 1.22381 1.22381 1.22381 0 2.66667
1 1.22381 1.22381 1.22381 0 2.66667
1 1.22381 1.22381 1.22381 0 2.66667
1 1.22369 1.22369 1.22369 0 2.66667
1 0.278399 0.278399 0.278399 0 0.666667
1 0.0522744 0.0522744 0.0522744 0 0.8
1 0.0522572 0.0522572 0.0522572 0 2.8
1 0.0522556 0.0522556 0.0522556 0 2.5
1 0.0395325 0.0395325 0.0395325 0 2.85714
1 0.013177 0.013177 0.013177 6.66667e-09 2.85714
1 3.33333e-09 3.33333e-09 1e-08 6.66667e-09 1.3
1 1e-08 1e-08 1e-08 0 0.8

18 1.42347 1.42347 3.87887 2.4554 2.66667
18 2.70802 1.95115 3.80197 1.55967 1.3
11 3.03767 1.33238 3.73622 1.93121 2.8
2 19.3861 19.3861 19.3861 0 2.88889
3 12.8797 12.8797 12.8797 0 2.8
9 3.60611 3.60611 4.00679 0.400679 2.66667
7 1.84629 1.83996 4.21606 2.37519 0.8
5 4.68797 4.68797 4.68797 0 2.66667
1 8.2177 8.2177 8.2177 0 2.66667
1 3.47797 3.47797 3.47797 0 2.66667
1 1.78941 1.78941 1.78941 0 2.66667
1 1.22381 1.22381 1.22381 0 2.66667
1 1.22381 1.22381 1.22381 0 2.66667
1 1.22381 1.22381 1.22381 0 2.66667
1 1.22381 1.22381 1.22381 0 2.66667
1 1.22381 1.22381 1.22381 0 2.66667
1 1.22381 1.22381 1.22381 0 2.66667
1 1.22381 1.22381 1.22381 0 2.66667
1 1.22381 1.22381 1.22381 0 2.66667
1 1.22369 1.22369 1.22369 0 2.66667
1 0.278399 0.278399 0.278399 0 0.666667
1 0.0522744 0.0522744 0.0522744 0 0.8
1 0.052259 0.052259 0.052259 0 3.16667
1 0.0522572 0.0522572 0.0522572 0 2.8
1 0.0522556 0.0522556 0.0522556 0 2.5
1 0.0395325 0.0395325 0.0395325 0 2.85714
1 0.039531 0.039531 0.039531 0 2.8
1 0.0324044 0.0324044 0.0324044 0 1.16667
1 1e-08 1e-08 1e-08 0 0.8
1 1e-08 1e-08 1e-08 0 1.3
1 1e-08 1e-08 1e-08 0 1.3
1 5e-09 5e-09 1e-08 5e-09 1.3
1 1e-08 1e-08 1e-08 0 3.3
1 1e-08 1e-08 1e-08 0 2.8

18 2.06403 2.06403 4.24278 2.17875 2.66667
16 2.19707 1.7358 4.21903 2.11725 3.3
11 3.03767 1.33738 4.34337 1.98572 2.8
5 7.72783 7.72783 7.72783 0 0.666667
1 38.5557 38.5557 38.5557 0 1.3
8 4.00679 4.00679 4.50764 0.500849 2.66667
8 1.76596 1.76237 4.15191 2.3891 2.88889
5 4.68797 4.68797 4.68797 0 2.66667
4 4.82989 4.82185 4.82951 0.00384748 0.8
1 8.2177 8.2177 8.2177 0 2.66667
1 3.47797 3.47797 3.47797 0 2.66667
1 1.78941 1.78941 1.78941 0 2.66667
1 1.22381 1.22381 1.22381 0 2.66667
1 1.22381 1.22381 1.22381 0 2.66667
1 1.22381 1.22381 1.22381 0 2.66667
1 1.22381 1.22381 1.22381 0 2.66667
1 1.22381 1.22381 1.22381 0 2.66667
1 1.22381 1.22381 1.22381 0 2.66667
1 1.22381 1.22381 1.22381 0 2.66667
1 1.22381 1.22381 1.22381 0 2.66667
1 1.22369 1.22369 1.22369 0 2.66667
1 0.278399 0.278399 0.278399 0 0.666667
1 0.0522744 0.0522744 0.0522744 0 0.8
1 0.052259 0.052259 0.052259 0 3.16667
1 0.0522556 0.0522556 0.0522556 0 2.5
1 0.0519025 0.0519025 0.0519025 0 3.35714
1 0.0411352 0.0411352 0.0411352 0 0.8
1 0.0395325 0.0395325 0.0395325 0 2.85714
1 0.039531 0.039531 0.039531 0 2.8
1 0.0324044 0.0324044 0.0324044 0 1.16667
1 1e-08 1e-08 1e-08 0 1.3
1 5e-09 5e-09 1e-08 5e-09 1.3
1 1e-08 1e-08 1e-08 0 3.3
1 1e-08 1e-08 1e-08 0 2.8

15 3.17543 3.17543 5.29238 2.11695 2.66667
14 2.58767 2.35267 5.56879 3.15077 1.3
10 8.25611 1e-09 7.4305 2.47683 2.66667
3 27.5204 0.0137117 18.3515 12.9668 0.8
9 3.30107 2.60489 5.53351 2.74557 2.8
7 4.8564 4.84652 5.54029 0.692368 2.88889
3 12.8797 12.8583 12.8726 0.0101136 2.88889
6 2.0229 1.48612 5.78694 4.21611 0.666667
5 2.5758 2.5758 6.18266 3.60686 2.66667
4 4.68797 4.68797 5.85997 1.17199 2.66667
1 8.2177 8.2177 8.2177 0 2.66667
1 3.47797 3.47797 3.47797 0 2.66667
1 1.78941 1.78941 1.78941 0 2.66667
1 1.22381 1.22381 1.22381 0 2.66667
1 1.22381 1.22381 1.22381 0 2.66667
1 1.22381 1.22381 1.22381 0 2.66667
1 1.22381 1.22381 1.22381 0 2.66667
1 1.22381 1.22381 1.22381 0 2.66667
1 1.22381 1.22381 1.22381 0 2.66667
1 1.22381 1.22381 1.22381 0 2.66667
1 1.22381 1.22381 1.22381 0 2.66667
1 1.22369 1.22369 1.22369 0 2.66667
1 0.278399 0.278399 0.278399 0 0.666667
1 0.0522744 0.0522744 0.0522744 0 0.8
1 0.052259 0.052259 0.052259 0 3.16667
1 0.0522572 0.0522572 0.0522572 0 2.66667
1 0.0522556 0.0522556 0.0522556 0 2.5
1 0.0519025 0.0519025 0.0519025 0 3.35714
1 0.0406651 0.0406651 0.0406651 0 3.3
1 0.0395325 0.0395325 0.0395325 0 2.85714
1 0.039531 0.039531 0.039531 0 2.8
1 0.0335703 0.0335703 0.0335703 5e-09 1.3
1 0.0324044 0.0324044 0.0324044 0 1.16667
1 0.000246487 0.000246487 0.000246492 5e-09 3.3
1 1e-08 1e-08 1e-08 0 1.3

17 1.13176 1.13097 4.19483 3.06381 2.66667
17 3.06434 2.78606 4.05107 1.23553 1.3
16 3.6972 2.91748 4.11491 0.965041 2.8
6 8.7659 6.43985 6.82753 0.866865 0.666667
3 12.8797 12.8583 12.8726 0.0101136 2.85714
5 7.21223 7.21223 7.21223 0 2.66667
6 2.98855 2.98247 4.59005 1.60657 2.88889
4 5.85997 5.85997 5.85997 0 2.66667
1 8.2177 8.2177 8.2177 0 2.66667
1 3.47797 3.47797 3.47797 0 2.66667
1 1.78941 1.78941 1.78941 0 2.66667
1 1.22381 1.22381 1.22381 0 2.66667
1 1.22381 1.22381 1.22381 0 2.66667
1 1.22381 1.22381 1.22381 0 2.66667
1 1.22381 1.22381 1.22381 0 2.66667
1 1.22381 1.22381 1.22381 0 2.66667
1 1.22381 1.22381 1.22381 0 2.66667
1 1.22381 1.22381 1.22381 0 2.66667
1 1.22381 1.22381 1.22381 0 2.66667
1 1.22369 1.22369 1.22369 0 2.66667
1 0.631722 0.631722 0.657673 0.0259512 3.35714
1 0.278399 0.278399 0.278399 0 0.666667
1 0.0522744 0.0522744 0.0522744 0 0.8
1 0.052259 0.052259 0.052259 0 3.16667
1 0.0522572 0.0522572 0.0522572 0 2.66667
1 0.0522556 0.0522556 0.0522556 0 2.5
1 0.0395325 0.0395325 0.0395325 0 2.85714
1 0.039531 0.039531 0.039531 0 2.8
1 0.0324044 0.0324044 0.0324044 0 1.16667
1 0.0200881 0.0200881 0.0200881 5e-09 2.66667
1 0.00587646 0.00587646 0.0176294 0.0117529 0.8
1 0.000492975 0.000492975 0.000492975 0 1.3
1 1e-08 1e-08 1e-08 0 2.66667
1 1e-08 1e-08 1e-08 0 0.666667

1 82.5611 82.5611 82.5611 0 0.666667
15 2.98577 2.71462 5.48348 2.73426 1.3
13 2.43187 2.42827 5.64647 3.21767 0.666667
13 2.43237 2.27861 5.41114 3.05573 2.8
2 41.2806 5e-09 20.6403 20.6403 0.666667
7 5.90765 2.57594 5.58841 2.79161 2.85714
6 6.47519 6.46202 6.46422 0.00490913 2.88889
5 4.50764 4.50764 6.3107 1.80306 2.66667
5 2.28676 1.67996 6.16943 4.37463 2.66667
4 5.85997 5.85997 5.85997 0 2.66667
1 8.2177 8.2177 8.2177 0 2.66667
1 3.47797 3.47797 3.47797 0 2.66667
1 1.78941 1.78941 1.78941 0 2.66667
1 1.26344 1.26344 1.26344 0 3.35714
1 1.22381 1.22381 1.22381 0 2.66667
1 1.22381 1.22381 1.22381 0 2.66667
1 1.22381 1.22381 1.22381 0 2.66667
1 1.22381 1.22381 1.22381 0 2.66667
1 1.22381 1.22381 1.22381 0 2.66667
1 1.22381 1.22381 1.22381 0 2.66667
1 1.22381 1.22381 1.22381 0 2.66667
1 1.22381 1.22381 1.22381 0 2.66667
1 1.22369 1.22369 1.22369 0 2.66667
1 0.278399 0.278399 0.278399 0 0.666667
1 0.0522744 0.0522744 0.0522744 0 0.8
1 0.052259 0.052259 0.052259 0 3.16667
1 0.0522572 0.0522572 0.0522572 0 2.66667
1 0.0522556 0.0522556 0.0522556 0 2.5
1 0.0411352 0.0411352 0.0411352 0 0.8
1 0.0395325 0.0395325 0.0395325 0 2.85714
1 0.039531 0.039531 0.039531 0 2.8
1 0.0324044 0.0324044 0.0324044 0 1.16667
1 0.0135549 0.0135549 0.026947 0.013392 2.8
1 0.0219305 0.0219305 0.0219305 0 2.8
1 0.000492975 0.000492975 0.000492975 0 1.3
1 1e-08 1e-08 1e-08 0 2.66667
1 1e-08 1e-08 1e-08 0 2.66667
1 1e-08 1e-08 1e-08 0 0.666667

14 4.41126 4.41126 6.93198 2.52072 1.3
10 1.87917 1.87639 6.95944 5.08183 0.666667
9 2.43237 2.43237 7.54112 5.10875 2.85714
8 14.5556 1.25e-09 7.10131 5.63015 1.3
1 56.1451 56.1451 56.1451 0 3.3
1 52.5954 52.5954 52.5954 0 1.3
7 4.34532 4.34532 7.44943 3.10411 2.66667
5 6.47519 6.46202 7.75706 1.29242 2.90909
3 12.8876 12.8797 12.8823 0.00372818 1.16667
1 38.6391 38.6391 38.6391 0 0.8
5 7.21223 7.21223 7.21223 0 2.66667
4 5.90765 2.57594 8.40019 5.19563 2.88889
3 5.85997 5.85997 7.81329 1.95332 2.66667
1 8.2177 8.2177 8.2177 0 2.66667
1 3.47797 3.47797 3.47797 0 2.66667
1 1.78941 1.78941 1.78941 0 2.66667
1 1.26344 1.26344 1.26344 0 3.35714
1 1.22381 1.22381 1.22381 0 2.66667
1 1.22381 1.22381 1.22381 0 2.66667
1 1.22381 1.22381 1.22381 0 2.66667
1 1.22381 1.22381 1.22381 0 2.66667
1 1.22381 1.22381 1.22381 0 2.66667
1 1.22381 1.22381 1.22381 0 2.66667
1 1.22381 1.22381 1.22381 0 2.66667
1 1.22381 1.22381 1.22381 0 2.66667
1 1.22369 1.22369 1.22369 0 2.66667
1 0.278399 0.278399 0.278399 0 0.666667
1 0.0522744 0.0522744 0.0522744 0 0.8
1 0.052259 0.052259 0.052259 0 3.16667
1 0.0522572 0.0522572 0.0522572 0 2.66667
1 0.0406652 0.0406652 0.0406652 0 2.8
1 0.0406648 0.0406648 0.0406648 0 2.8
1 0.039531 0.039531 0.039531 0 2.8
1 0.0324044 0.0324044 0.0324044 0 1.16667
1 0.0261278 0.0261278 0.0261278 5e-09 2.66667
1 1e-08 1e-08 1e-08 0 2.66667
1 5e-09 5e-09 1e-08 5e-09 2.66667
1 1e-08 1e-08 1e-08 0 0.666667
1 1e-08 1e-08 1e-08 0 3.3
1 1e-08 1e-08 1e-08 0 1.16667
1 1e-08 1e-08 1e-08 0 2.8

14 2.43187 2.42827 5.39276 2.96259 0.666667
13 5.77975 4.84814 5.42776 0.188272 2.8
12 1.8617 1.62877 5.68659 4.01213 1.3
10 3.30107 1.87841 5.33868 2.66154 1.16667
4 22.1537 9.65978 12.7833 5.41001 2.88889
1 38.5411 38.5411 38.5411 0 2.8
5 7.21223 7.21223 7.21223 0 2.66667
6 4.8564 4.84652 5.65631 0.808156 2.92308
3 27.5204 0.0135551 9.18255 12.9668 2.8
3 7.81329 7.81329 7.81329 0 2.66667
2 19.3196 5e-09 9.65978 9.65978 0.8
1 8.2177 8.2177 8.2177 0 2.66667
1 7.14279 7.14279 7.14279 0 3.35714
1 3.47797 3.47797 3.47797 0 2.66667
1 1.78941 1.78941 1.78941 0 2.66667
1 1.26344 1.26344 1.26344 0 3.35714
1 1.22381 1.22381 1.22381 0 2.66667
1 1.22381 1.22381 1.22381 0 2.66667
1 1.22381 1.22381 1.22381 0 2.66667
1 1.22381 1.22381 1.22381 0 2.66667
1 1.22381 1.22381 1.22381 0 2.66667
1 1.22381 1.22381 1.22381 0 2.66667
1 1.22381 1.22381 1.22381 0 2.66667
1 1.22381 1.22381 1.22381 0 2.66667
1 1.22369 1.22369 1.22369 0 2.66667
1 0.278399 0.278399 0.278399 0 0.666667
1 0.0522744 0.0522744 0.0522744 0 0.8
1 0.052259 0.052259 0.052259 0 3.16667
1 0.0522572 0.0522572 0.0522572 0 2.66667
1 0.0522556 0.0522556 0.0522556 0 2.5
1 0.0406648 0.0406648 0.0406648 0 2.8
1 0.039531 0.039531 0.039531 0 2.8
1 0.0324044 0.0324044 0.0324044 0 1.16667
1 1e-08 1e-08 1e-08 0 2.66667
1 5e-09 5e-09 1e-08 5e-09 2.66667
1 1e-08 1e-08 1e-08 0 0.666667
1 1e-08 1e-08 1e-08 0 3.3
1 1e-08 1e-08 1e-08 0 2.8
1 1e-08 1e-08 1e-08 0 2.90909

14 4.03368 3.52901 5.45562 1.87162 3.3
12 2.50557 2.50185 5.49872 2.99427 0.666667
12 1.81955 1.71167 5.38818 3.62297 2.8
2 41.2806 0.0203324 20.6505 20.6301 2.8
1 38.7721 38.7721 38.7721 0 2.88889
6 8.8 1.66667e-09 6.31612 3.15066 0.8
1 36.062 36.062 36.062 0 2.66667
6 3.53192 3.52474 5.8749 2.34897 2.90909
6 6.81652 2.97224 5.73979 2.34364 2.88889
6 2.40408 2.40408 5.60951 3.20543 2.66667
3 7.81329 7.81329 7.81329 0 2.66667
1 8.2177 8.2177 8.2177 0 2.66667
1 7.14279 7.14279 7.14279 0 3.35714
1 3.47797 3.47797 3.47797 0 2.66667
1 1.78941 1.78941 1.78941 0 2.66667
1 1.26344 1.26344 1.26344 0 3.35714
1 1.22381 1.22381 1.22381 0 2.66667
1 1.22381 1.22381 1.22381 0 2.66667
1 1.22381 1.22381 1.22381 0 2.66667
1 1.22381 1.22381 1.22381 0 2.66667
1 1.22381 1.22381 1.22381 0 2.66667
1 1.22381 1.22381 1.22381 0 2.66667
1 1.22381 1.22381 1.22381 0 2.66667
1 1.22381 1.22381 1.22381 0 2.66667
1 1.22369 1.22369 1.22369 0 2.66667
1 0.278399 0.278399 0.278399 0 0.666667
1 0.0522744 0.0522744 0.0522744 0 0.8
1 0.052259 0.052259 0.052259 0 3.16667
1 0.0522572 0.0522572 0.0522572 0 2.66667
1 0.0522556 0.0522556 0.0522556 0 2.5
1 0.0406652 0.0406652 0.0406652 0 2.8
1 0.039531 0.039531 0.039531 0 2.8
1 0.0324044 0.0324044 0.0324044 0 1.16667
1 1e-08 1e-08 1e-08 0 2.66667
1 1e-08 1e-08 1e-08 0 0.666667
1 1e-08 1e-08 1e-08 0 3.3
1 1e-08 1e-08 1e-08 0 2.8
1 1e-08 1e-08 1e-08 0 2.90909
1 1e-08 1e-08 1e-08 0 2.66667
1 1e-08 1e-08 1e-08 0 1.3
1 5e-09 5e-09 1e-08 5e-09 3.3
1 1e-08 1e-08 1e-08 0 2.66667

12 3.78158 3.30845 7.21157 3.81229 1.3
1 82.5611 82.5611 82.5611 0 2.66667
11 3.27519 3.27519 7.20299 3.92779 2.8
9 2.58386 2.58183 6.88572 4.30208 0.666667
6 14.7691 6.43985 9.21628 3.92645 2.88889
1 38.7721 38.7721 38.7721 0 2.92308
1 38.6391 38.6391 38.6391 0 0.8
1 36.0611 36.0611 36.0611 0 2.66667
1 30.7009 30.7009 30.7009 0 1.3
4 2.25388 2.25388 7.32503 5.07115 2.66667
4 2.44287 2.42326 6.86528 4.43589 2.88889
3 5.28 5.25954 8.11388 2.84589 1.3
3 7.81329 7.81329 7.81329 0 2.66667
2 6.35528 6.35528 9.53762 3.18233 2.66667
1 8.2177 8.2177 8.2177 0 2.66667
1 7.14279 7.14279 7.14279 0 3.35714
1 3.47797 3.47797 3.47797 0 2.66667
1 1.78941 1.78941 1.78941 0 2.66667
1 1.26344 1.26344 1.26344 0 3.35714
1 1.22381 1.22381 1.22381 0 2.66667
1 1.22381 1.22381 1.22381 0 2.66667
1 1.22381 1.22381 1.22381 0 2.66667
1 1.22381 1.22381 1.22381 0 2.66667
1 1.22381 1.22381 1.22381 0 2.66667
1 1.22381 1.22381 1.22381 0 2.66667
1 1.22381 1.22381 1.22381 0 2.66667
1 1.22381 1.22381 1.22381 0 2.66667
1 1.22369 1.22369 1.22369 0 2.66667
1 0.278399 0.278399 0.278399 0 0.666667
1 0.0522744 0.0522744 0.0522744 0 0.8
1 0.052259 0.052259 0.052259 0 3.16667
1 0.0522572 0.0522572 0.0522572 0 2.66667
1 0.0522556 0.0522556 0.0522556 0 2.5
1 0.0406652 0.0406652 0.0406652 0 2.8
1 0.039531 0.039531 0.039531 0 2.8
1 0.0324044 0.0324044 0.0324044 0 1.16667
1 1e-08 1e-08 1e-08 0 2.66667
1 1e-08 1e-08 1e-08 0 0.666667
1 5e-09 5e-09 1e-08 5e-09 2.66667
1 1e-08 1e-08 1e-08 0 2.8
1 5e-09 5e-09 1e-08 5e-09 2.88889
1 5e-09 5e-09 1e-08 5e-09 2.66667
1 1e-08 1e-08 1e-08 0 2.66667
1 3.33333e-09 3.33333e-09 1e-08 6.66667e-09 1.16667
1 1e-08 1e-08 1e-08 0 0.8
1 1e-08 1e-08 1e-08 0 3.35714

12 4.27199 4.27199 7.5591 3.28711 2.8
12 4.52116 3.92112 7.21973 3.17747 1.3
9 2.54962 2.23469 7.26567 4.99696 2.66667
8 10.3355 1.25e-09 7.74956 4.47421 0.666667
3 27.5396 3.33333e-09 18.3597 12.9823 2.66667
6 5.90765 2.57594 7.95699 2.88544 2.88889
5 8.8 5.11682 8.3381 2.0659 1.3
1 38.7721 38.7721 38.7721 0 2.88889
4 9.01551 9.01551 9.01551 0 2.66667
4 3.51265 3.51265 8.80191 5.28926 0.8
4 4.88574 4.84652 8.55732 3.69857 2.92308
4 4.50764 4.50764 7.88837 3.38073 2.66667
3 27.5204 0.0135544 9.18255 12.9668 0.8
3 7.81329 7.81329 7.81329 0 2.66667
1 8.2177 8.2177 8.2177 0 2.66667
1 7.14279 7.14279 7.14279 0 3.35714
1 3.47797 3.47797 3.47797 0 2.66667
1 1.78941 1.78941 1.78941 0 2.66667
1 1.26344 1.26344 1.26344 0 3.35714
1 1.22381 1.22381 1.22381 0 2.66667
1 1.22381 1.22381 1.22381 0 2.66667
1 1.22381 1.22381 1.22381 0 2.66667
1 1.22381 1.22381 1.22381 0 2.66667
1 1.22381 1.22381 1.22381 0 2.66667
1 1.22381 1.22381 1.22381 0 2.66667
1 1.22381 1.22381 1.22381 0 2.66667
1 1.22381 1.22381 1.22381 0 2.66667
1 1.22369 1.22369 1.22369 0 2.66667
1 0.278399 0.278399 0.278399 0 0.666667
1 0.0522744 0.0522744 0.0522744 0 0.8
1 0.052259 0.052259 0.052259 0 3.16667
1 0.0522572 0.0522572 0.0522572 0 2.66667
1 0.0522556 0.0522556 0.0522556 0 2.5
1 0.0522486 0.0522486 0.0522486 0 2.85714
1 0.0406652 0.0406652 0.0406652 0 2.8
1 0.039531 0.039531 0.039531 0 2.8
1 0.0324044 0.0324044 0.0324044 0 1.16667

12 4.96505 4.35177 6.99282 2.54879 0.666667
11 4.76883 3.6507 7.32207 3.45941 1.3
11 2.97745 2.97745 6.99334 4.01589 1.3
8 5.53842 5.53842 7.23488 1.69646 2.88889
7 5.72724 3.59494 6.97937 3.16891 0.666667
2 41.5394 5e-09 20.7697 20.7697 3.16667
1 38.7721 38.7721 38.7721 0 2.92308
4 9.65978 9.65978 9.65978 0 0.8
4 9.01528 9.01528 9.01528 0 2.66667
5 3.55453 3.52474 7.06258 3.52476 2.88889
4 6.35528 6.35528 7.94505 1.58976 2.8
4 4.50775 4.50775 7.88857 3.38082 2.66667
3 7.81329 7.81329 7.81329 0 2.66667
3 10.2336 3.33333e-09 6.82243 4.82419 1.3
1 8.2177 8.2177 8.2177 0 2.66667
1 7.14279 7.14279 7.14279 0 3.35714
1 3.47797 3.47797 3.47797 0 2.66667
1 1.78941 1.78941 1.78941 0 2.66667
1 1.26344 1.26344 1.26344 0 3.35714
1 1.22381 1.22381 1.22381 0 2.66667
1 1.22381 1.22381 1.22381 0 2.66667
1 1.22381 1.22381 1.22381 0 2.66667
1 1.22381 1.22381 1.22381 0 2.66667
1 1.22381 1.22381 1.22381 0 2.66667
1 1.22381 1.22381 1.22381 0 2.66667
1 1.22381 1.22381 1.22381 0 2.66667
1 1.22381 1.22381 1.22381 0 2.66667
1 1.22369 1.22369 1.22369 0 2.66667
1 0.278399 0.278399 0.278399 0 0.666667
1 0.0522744 0.0522744 0.0522744 0 0.8
1 0.052259 0.052259 0.052259 0 3.16667
1 0.0522572 0.0522572 0.0522572 0 2.66667
1 0.0522556 0.0522556 0.0522556 0 2.5
1 0.0522486 0.0522486 0.0522486 0 2.85714
1 0.0406652 0.0406652 0.0406652 0 2.8
1 0.0404497 0.0404497 0.0404497 0 1.38889

12 6.36897 5.57212 7.33609 1.56212 1.3
4 34.574 0.0101124 19.9082 12.8044 1.3
11 3.38813 3.38813 7.14128 3.75315 2.8
10 2.92726 1.83896 7.61802 5.34131 0.666667
10 4.66393 4.66393 7.47154 2.80761 2.88889
7 4.92046 4.58993 7.69674 3.04385 2.66667
2 19.5499 19.3861 19.468 0.0819256 2.88889
5 4.29324 4.29324 7.72783 3.43459 0.8
4 9.01551 9.01551 9.01551 0 2.66667
5 4.00679 4.00679 7.21223 3.20543 2.66667
4 2.44287 2.42517 7.47322 5.03953 2.92308
3 7.81329 7.81329 7.81329 0 2.66667
2 10.2336 10.2336 10.2336 1.66667e-09 1.3
1 8.2177 8.2177 8.2177 0 2.66667
1 7.14279 7.14279 7.14279 0 3.35714
1 3.47797 3.47797 3.47797 0 2.66667
1 1.78941 1.78941 1.78941 0 2.66667
1 1.26344 1.26344 1.26344 0 3.35714
1 1.22381 1.22381 1.22381 0 2.66667
1 1.22381 1.22381 1.22381 0 2.66667
1 1.22381 1.22381 1.22381 0 2.66667
1 1.22381 1.22381 1.22381 0 2.66667
1 1.22381 1.22381 1.22381 0 2.66667
1 1.22381 1.22381 1.22381 0 2.66667
1 1.22381 1.22381 1.22381 0 2.66667
1 1.22381 1.22381 1.22381 0 2.66667
1 1.22369 1.22369 1.22369 0 2.66667
1 0.278399 0.278399 0.278399 0 0.666667
1 0.0522744 0.0522744 0.0522744 0 0.8
1 0.052259 0.052259 0.052259 0 3.16667
1 0.0522572 0.0522572 0.0522572 0 2.66667
1 0.0522556 0.0522556 0.0522556 0 2.5
1 0.0522486 0.0522486 0.0522486 0 2.85714
1 0.0406652 0.0406652 0.0406652 0 2.8

12 10.9772 8.33333e-10 6.73677 3.38268 2.66667
11 2.17985 2.04027 6.78292 4.63566 1.3
11 3.38813 3.38813 6.58816 3.20003 2.8
10 4.02794 4.02794 6.62978 2.60184 2.85714
9 4.66149 4.37257 7.04533 2.64222 2.66667
2 19.5084 19.4013 19.4549 0.0535298 0.933333
3 37.1747 3.33333e-09 12.3916 17.5243 3.66667
4 9.01551 9.01551 9.01551 0 2.66667
5 7.21223 7.21223 7.21223 0 2.66667
4 6.43985 6.43985 8.05581 1.61595 0.857143
2 15.3505 15.3505 15.3505 0 1.3
3 7.81329 7.81329 7.81329 0 2.66667
3 3.25832 3.25832 7.59166 4.33335 3.38889
1 8.2177 8.2177 8.2177 0 2.66667
1 7.14279 7.14279 7.14279 0 3.35714
1 3.47797 3.47797 3.47797 0 2.66667
1 1.78941 1.78941 1.78941 0 2.66667
1 1.26344 1.26344 1.26344 0 3.35714
1 1.22381 1.22381 1.22381 0 2.66667
1 1.22381 1.22381 1.22381 0 2.66667
1 1.22381 1.22381 1.22381 0 2.66667
1 1.22381 1.22381 1.22381 0 2.66667
1 1.22381 1.22381 1.22381 0 2.66667
1 1.22381 1.22381 1.22381 0 2.66667
1 1.22381 1.22381 1.22381 0 2.66667
1 1.22381 1.22381 1.22381 0 2.66667
1 1.22369 1.22369 1.22369 0 2.66667
1 0.278399 0.278399 0.278399 0 0.666667
1 0.104184 0.104184 0.123434 0.0192501 1.38889
1 0.0522744 0.0522744 0.0522744 0 0.8
1 0.052259 0.052259 0.052259 0 3.16667
1 0.0522572 0.0522572 0.0522572 0 2.66667
1 0.0522556 0.0522556 0.0522556 0 2.5
1 0.0522486 0.0522486 0.0522486 0 2.85714
1 0.0406652 0.0406652 0.0406652 0 2.8

7 14.0365 14.0365 14.0365 0 2.8
11 5.5334 5.0421 8.91036 3.7796 0.857143
1 88.6147 88.6147 88.6147 0 2.88889
9 6.14099 6.14099 8.83925 2.69827 2.8
8 4.42841 4.15394 8.92714 4.73976 3.16667
7 11.9751 5.18107 10.0467 3.06927 0.666667
7 4.24271 4.21975 9.77432 5.5513 2.88889
5 4.24924 3.0431 9.92292 6.43234 2.66667
3 13.0333 13.0333 13.0333 0 2.88889
4 9.65978 9.65978 9.65978 0 1.3
3 3.25614 3.25303 10.723 7.46803 2.92308
3 4.01451 4.00689 10.7106 6.70113 2.66667
2 15.3505 15.3505 15.3505 0 1.3
3 3.00509 3.00509 9.01528 6.01019 2.66667
2 7.81329 7.81329 11.7199 3.90665 2.66667
1 8.2177 8.2177 8.2177 0 2.66667
1 7.14279 7.14279 7.14279 0 3.35714
1 3.47797 3.47797 3.47797 0 2.66667
1 1.78941 1.78941 1.78941 0 2.66667
1 1.26344 1.26344 1.26344 0 3.35714
1 1.22381 1.22381 1.22381 0 2.66667
1 1.22381 1.22381 1.22381 0 2.66667
1 1.22381 1.22381 1.22381 0 2.66667
1 1.22381 1.22381 1.22381 0 2.66667
1 1.22381 1.22381 1.22381 0 2.66667
1 1.22381 1.22381 1.22381 0 2.66667
1 1.22381 1.22381 1.22381 0 2.66667
1 1.22381 1.22381 1.22381 0 2.66667
1 1.22369 1.22369 1.22369 0 2.66667
1 0.278399 0.278399 0.278399 0 0.666667
1 0.0522744 0.0522744 0.0522744 0 0.8
1 0.052259 0.052259 0.052259 0 3.16667
1 0.0522572 0.0522572 0.0522572 0 2.66667
1 0.0522556 0.0522556 0.0522556 0 2.5
1 0.0522486 0.0522486 0.0522486 0 2.85714
1 0.0406652 0.0406652 0.0406652 0 2.8
1 1e-08 1e-08 1e-08 0 2.66667
1 1e-08 1e-08 1e-08 0 0.666667
1 1e-08 1e-08 1e-08 0 2.8
1 1e-08 1e-08 1e-08 0 2.66667

11 5.76234 5.08631 8.65507 3.1828 1.35714
6 18.5874 1.66667e-09 15.2238 6.83312 3.66667
11 5.26906 3.77344 8.25654 3.1529 0.666667
10 3.29668 2.51938 8.04197 5.44985 2.8
8 2.6205 2.60631 8.43328 5.82342 2.88889
8 3.69034 3.46162 8.25412 4.76451 3.16667
3 13.0333 13.0333 13.0333 0 3.38889
3 13.0246 13.0121 13.02 0.00560746 0.923077
4 9.65978 9.65978 9.65978 0 0.8
3 12.0435 12.0207 12.0283 0.0107782 2.66667
3 12.0204 12.0204 12.0204 0 2.66667
2 15.3505 15.3505 15.3505 0 1.3
1 27.6365 27.6365 27.6365 0 3.16667
2 11.7199 11.7199 11.7199 0 2.66667
1 8.2177 8.2177 8.2177 0 2.66667
1 7.14279 7.14279 7.14279 0 3.35714
1 3.47797 3.47797 3.47797 0 2.66667
1 1.78941 1.78941 1.78941 0 2.66667
1 1.26344 1.26344 1.26344 0 3.35714
1 1.22381 1.22381 1.22381 0 2.66667
1 1.22381 1.22381 1.22381 0 2.66667
1 1.22381 1.22381 1.22381 0 2.66667
1 1.22381 1.22381 1.22381 0 2.66667
1 1.22381 1.22381 1.22381 0 2.66667
1 1.22381 1.22381 1.22381 0 2.66667
1 1.22381 1.22381 1.22381 0 2.66667
1 1.22381 1.22381 1.22381 0 2.66667
1 1.22369 1.22369 1.22369 0 2.66667
1 0.278399 0.278399 0.278399 0 0.666667
1 0.0522744 0.0522744 0.0522744 0 0.8
1 0.052259 0.052259 0.052259 0 3.16667
1 0.0522572 0.0522572 0.0522572 0 2.66667
1 0.0522556 0.0522556 0.0522556 0 2.5
1 0.0522486 0.0522486 0.0522486 0 2.85714
1 0.0406652 0.0406652 0.0406652 0 2.8
1 1e-08 1e-08 1e-08 0 2.66667
1 1e-08 1e-08 1e-08 0 0.666667
1 1e-08 1e-08 1e-08 0 2.8
1 1e-08 1e-08 1e-08 0 2.66667
1 1e-08 1e-08 1e-08 0 3.3

3 43.7816 36.2216 40.7751 3.27447 1.38889
11 5.98757 5.98757 9.27087 3.28331 0.666667
10 6.28619 5.5487 9.55722 3.61705 1.35714
7 7.13593 4.15394 9.62954 4.77733 3.16667
7 5.27677 5.06928 9.51132 4.41299 3.16667
7 5.35711 4.09399 9.24369 4.98399 2.8
7 4.94983 4.92304 9.1508 4.2163 0.888889
2 44.2841 13.8183 29.0512 15.2329 3.16667
3 12.0435 12.0207 12.0283 0.0107782 0.666667
3 12.0204 12.0204 12.0204 0 2.66667
3 3.25614 3.25583 10.8114 7.55544 0.933333
2 15.3505 15.3505 15.3505 0 1.3
3 4.82989 4.82989 9.66143 4.83154 0.8
2 4.34453 4.34443 13.0333 8.68885 3.38889
2 11.7199 11.7199 11.7199 0 2.66667
1 8.2177 8.2177 8.2177 0 2.66667
1 7.14279 7.14279 7.14279 0 3.35714
1 3.47797 3.47797 3.47797 0 2.66667
1 1.78941 1.78941 1.78941 0 2.66667
1 1.26344 1.26344 1.26344 0 3.35714
1 1.22381 1.22381 1.22381 0 2.66667
1 1.22381 1.22381 1.22381 0 2.66667
1 1.22381 1.22381 1.22381 0 2.66667
1 1.22381 1.22381 1.22381 0 2.66667
1 1.22381 1.22381 1.22381 0 2.66667
1 1.22381 1.22381 1.22381 0 2.66667
1 1.22381 1.22381 1.22381 0 2.66667
1 1.22381 1.22381 1.22381 0 2.66667
1 1.22369 1.22369 1.22369 0 2.66667
1 0.278399 0.278399 0.278399 0 0.666667
1 0.202509 0.202509 0.202509 0 0.8
1 0.0522744 0.0522744 0.0522744 0 0.8
1 0.052259 0.052259 0.052259 0 3.16667
1 0.0522572 0.0522572 0.0522572 0 2.66667
1 0.0522556 0.0522556 0.0522556 0 2.5
1 0.0522486 0.0522486 0.0522486 0 2.85714
1 0.0406652 0.0406652 0.0406652 0 2.8
1 1e-08 1e-08 1e-08 0 2.66667
1 5e-09 5e-09 1e-08 5e-09 0.666667
1 1e-08 1e-08 1e-08 0 2.8
1 1e-08 1e-08 1e-08 0 2.66667
1 1e-08 1e-08 1e-08 0 3.3
1 1e-08 1e-08 1e-08 0 2.66667

12 7.13633 6.56025 8.84301 2.19726 3.66667
12 7.31814 7.31814 8.72806 1.40992 0.666667
10 7.92881 4.61549 8.76845 3.35469 3.16667
9 2.73681 2.57539 9.11832 6.4974 1.38889
9 6.12241 4.67885 8.41485 3.59557 2.8
8 4.94983 4.92304 8.55411 3.62104 2.88889
2 19.5504 19.5499 19.5502 0.000241309 2.88889
3 13.0246 13.0233 13.0237 0.000585508 1.43333
1 38.6391 38.6391 38.6391 0 1.3
3 12.0204 12.0204 12.0204 0 2.66667
2 15.3505 15.3505 15.3505 0 1.3
3 9.03266 9.01551 9.04442 0.0245679 2.66667
2 11.7199 11.7199 11.7199 0 2.66667
2 16.1415 4.45128 11.3655 5.9421 1.88889
2 6.90913 6.90913 10.3642 3.45508 3.16667
1 8.2177 8.2177 8.2177 0 2.66667
1 7.14279 7.14279 7.14279 0 3.35714
1 3.47797 3.47797 3.47797 0 2.66667
1 1.78941 1.78941 1.78941 0 2.66667
1 1.26344 1.26344 1.26344 0 3.35714
1 1.22381 1.22381 1.22381 0 2.66667
1 1.22381 1.22381 1.22381 0 2.66667
1 1.22381 1.22381 1.22381 0 2.66667
1 1.22381 1.22381 1.22381 0 2.66667
1 1.22381 1.22381 1.22381 0 2.66667
1 1.22381 1.22381 1.22381 0 2.66667
1 1.22381 1.22381 1.22381 0 2.66667
1 1.22381 1.22381 1.22381 0 2.66667
1 1.22369 1.22369 1.22369 0 2.66667
1 0.983255 0.983255 1.00382 0.0205618 3.3
1 0.202509 0.202509 0.202509 0 0.8
1 0.0522744 0.0522744 0.0522744 0 0.8
1 0.052259 0.052259 0.052259 0 3.16667
1 0.0522572 0.0522572 0.0522572 0 2.66667
1 0.0522556 0.0522556 0.0522556 0 2.5
1 0.0522486 0.0522486 0.0522486 0 2.85714

13 5.98757 5.98757 9.99111 4.00354 0.666667
10 4.28939 4.28939 9.79532 5.50593 3.66667
10 8.72358 8.20906 9.75226 1.42297 0.857143
1 96.8493 96.8493 96.8493 0 0.857143
9 5.28587 3.7455 9.68971 4.88192 3.16667
7 4.94502 3.77907 10.3604 6.20777 2.8
6 4.04986 4.04986 10.9331 6.88329 2.88889
3 13.0336 13.0333 13.0335 0.000151672 2.88889
3 12.0435 12.0207 12.0283 0.0107782 2.66667
3 12.0204 12.0204 12.0204 0 2.66667
2 15.3505 15.3505 15.3505 0 1.3
3 4.85447 4.82989 9.66957 4.83149 1.3
2 3.55276 3.55216 14.1943 10.6418 1.42308
2 13.8183 13.8183 13.8183 0 3.16667
2 11.7199 11.7199 11.7199 0 2.66667
1 12.3201 12.3201 12.3201 0 0.888889
1 8.2177 8.2177 8.2177 0 2.66667
1 7.14279 7.14279 7.14279 0 3.35714
1 6.77475 6.77475 6.77475 5e-09 0.857143
1 3.47797 3.47797 3.47797 0 2.66667
1 1.78941 1.78941 1.78941 0 2.66667
1 1.26344 1.26344 1.26344 0 3.35714
1 1.22381 1.22381 1.22381 0 2.66667
1 1.22381 1.22381 1.22381 0 2.66667
1 1.22381 1.22381 1.22381 0 2.66667
1 1.22381 1.22381 1.22381 0 2.66667
1 1.22381 1.22381 1.22381 0 2.66667
1 1.22381 1.22381 1.22381 0 2.66667
1 1.22381 1.22381 1.22381 0 2.66667
1 1.22381 1.22381 1.22381 0 2.66667
1 1.22369 1.22369 1.22369 0 2.66667
1 0.202509 0.202509 0.202509 0 0.8
1 0.0594356 0.0594356 0.0594356 0 2.8
1 0.0522744 0.0522744 0.0522744 0 0.8
1 0.052259 0.052259 0.052259 0 3.16667
1 0.0522572 0.0522572 0.0522572 0 2.66667
1 0.0522556 0.0522556 0.0522556 0 2.5
1 0.0522486 0.0522486 0.0522486 0 2.85714
1 1e-08 1e-08 1e-08 0 0.666667
1 1e-08 1e-08 1e-08 0 0.9

13 2.99378 2.99378 8.35619 5.3624 1.16667
12 5.06928 5.06928 8.56092 3.49164 3.66667
11 7.92881 6.73987 9.0336 1.68578 3.16667
9 8.03566 6.19077 9.15314 2.46791 2.8
8 8.90969 8.90969 8.90969 2.50001e-10 2.88889
8 3.48943 3.32004 8.59281 5.21776 2.88889
2 19.5402 19.5369 19.5385 0.00167168 0.933333
3 12.9453 12.8797 12.9016 0.0309036 1.3
3 12.0435 12.0207 12.0283 0.0107782 2.66667
3 12.0204 12.0204 12.0204 0 2.66667
4 6.5168 6.51619 8.44367 1.92706 2.88889
2 15.3505 15.3505 15.3505 0 1.3
2 13.8183 13.8183 13.8183 0 3.16667
2 11.7199 11.7199 11.7199 0 2.66667
1 8.2177 8.2177 8.2177 0 2.66667
1 7.14279 7.14279 7.14279 0 3.35714
1 3.47797 3.47797 3.47797 0 2.66667
1 1.78941 1.78941 1.78941 0 2.66667
1 1.26344 1.26344 1.26344 0 3.35714
1 1.22381 1.22381 1.22381 0 2.66667
1 1.22381 1.22381 1.22381 0 2.66667
1 1.22381 1.22381 1.22381 0 2.66667
1 1.22381 1.22381 1.22381 0 2.66667
1 1.22381 1.22381 1.22381 0 2.66667
1 1.22381 1.22381 1.22381 0 2.66667
1 1.22381 1.22381 1.22381 0 2.66667
1 1.22381 1.22381 1.22381 0 2.66667
1 1.22369 1.22369 1.22369 0 2.66667
1 0.202509 0.202509 0.202509 0 0.8
1 0.0594356 0.0594356 0.0594356 0 2.8
1 0.0522744 0.0522744 0.0522744 0 0.8
1 0.052259 0.052259 0.052259 0 3.16667
1 0.0522572 0.0522572 0.0522572 0 2.66667

15 5.76545 5.503 8.95834 3.31972 3.16667
14 6.93297 6.93297 8.88489 1.95192 0.666667
11 4.13053 4.13053 9.40324 5.27272 3.8
11 6.50249 4.50238 8.91866 3.585 2.8
9 6.64008 6.10357 9.08844 2.57725 0.888889
6 4.27256 4.24271 9.75219 5.50452 2.88889
4 9.7752 9.77429 9.77491 0.000374024 2.88889
3 12.0204 12.0204 12.0204 0 2.66667
2 15.3505 15.3505 15.3505 0 1.3
3 3.26272 3.25614 9.63103 6.37251 0.923077
3 3.61306 3.6062 9.62286 6.01208 0.666667
2 13.8183 13.8183 13.8183 0 3.16667
2 4.31509 4.31509 12.9016 8.58647 1.3
2 11.7199 11.7199 11.7199 0 2.66667
1 8.2177 8.2177 8.2177 0 2.66667
1 7.14279 7.14279 7.14279 0 3.35714
1 3.47797 3.47797 3.47797 0 2.66667
1 1.78941 1.78941 1.78941 0 2.66667
1 1.26344 1.26344 1.26344 0 3.35714
1 1.22381 1.22381 1.22381 0 2.66667
1 1.22381 1.22381 1.22381 0 2.66667
1 1.22381 1.22381 1.22381 0 2.66667
1 1.22381 1.22381 1.22381 0 2.66667
1 1.22381 1.22381 1.22381 0 2.66667
1 1.22381 1.22381 1.22381 0 2.66667
1 1.22381 1.22381 1.22381 0 2.66667
1 1.22381 1.22381 1.22381 0 2.66667
1 1.22369 1.22369 1.22369 0 2.66667

12 3.60341 3.56796 10.699 7.12567 3.16667
11 3.81103 3.65907 10.23 6.55725 0.666667
10 6.19579 6.19579 10.373 4.17723 3.66667
8 4.93292 4.43347 10.1433 5.58912 2.8
7 6.58553 6.32389 11.1035 4.74311 0.857143
7 7.47697 7.42474 10.7112 3.27158 0.888889
3 37.1747 3.33333e-09 24.7832 17.5243 3.66667
3 47.9913 0.0135216 16.0061 22.6169 3.8
3 13.0509 13.0246 13.0341 0.0119093 0.923077
3 9.7752 9.77496 13.0332 3.2581 2.88889
2 19.4179 19.4179 19.4179 0 1.3
3 12.0435 12.0207 12.0359 0.0107782 0.666667
3 12.0204 12.0204 12.0204 0 2.66667
2 15.3505 15.3505 15.3505 0 1.3
2 11.7199 11.7199 11.7199 0 2.66667
1 9.21217 9.21217 18.4541 9.24196 3.16667
1 11.8426 11.8426 12.4282 0.585631 3.16667
1 8.2177 8.2177 8.2177 0 2.66667
1 7.14279 7.14279 7.14279 0 3.35714
1 3.47797 3.47797 3.47797 0 2.66667
1 1.78941 1.78941 1.78941 0 2.66667
1 1.26344 1.26344 1.26344 0 3.35714
1 1.22381 1.22381 1.22381 0 2.66667
1 1.22381 1.22381 1.22381 0 2.66667
1 1.22381 1.22381 1.22381 0 2.66667
1 1.22381 1.22381 1.22381 0 2.66667
1 1.22381 1.22381 1.22381 0 2.66667
1 1.22381 1.22381 1.22381 0 2.66667
1 1.22381 1.22381 1.22381 0 2.66667
1 1.22381 1.22381 1.22381 0 2.66667
1 1.22369 1.22369 1.22369 0 2.66667
1 1e-08 1e-08 1e-08 0 0.888889

13 5.08137 4.87876 8.53407 3.64013 0.666667
11 3.51552 3.48094 8.23969 4.74748 3.3
9 6.21977 5.59003 8.67304 2.87099 2.8
9 9.78755 2.88033 8.60679 2.52851 0.857143
9 4.7223 4.68931 8.39365 3.68238 0.888889
9 3.40237 3.01417 8.27131 5.21544 3.66667
3 13.0509 13.0246 13.0341 0.0119093 0.923077
3 13.0336 13.0333 13.0335 0.000151672 2.88889
2 19.4179 19.4179 19.4179 0 1.3
3 12.0435 12.0207 12.0359 0.0107782 2.66667
3 12.0204 12.0204 12.0204 0 2.66667
2 15.3505 15.3505 15.3505 0 1.3
1 27.6365 27.6365 27.6365 0 3.16667
2 11.7199 11.7199 11.7199 0 2.66667
1 8.2177 8.2177 8.2177 0 2.66667
1 7.14279 7.14279 7.14279 0 3.35714
1 3.47797 3.47797 3.47797 0 2.66667
1 1.78941 1.78941 1.78941 0 2.66667
1 1.26344 1.26344 1.26344 0 3.35714
1 1.22381 1.22381 1.22381 0 2.66667
1 1.22381 1.22381 1.22381 0 2.66667
1 1.22381 1.22381 1.22381 0 2.66667
1 1.22381 1.22381 1.22381 0 2.66667
1 1.22381 1.22381 1.22381 0 2.66667
1 1.22381 1.22381 1.22381 0 2.66667
1 1.22381 1.22381 1.22381 0 2.66667
1 1.22381 1.22381 1.22381 0 2.66667
1 1.22369 1.22369 1.22369 0 2.66667
1 0.0429593 0.0429593 0.0429593 0 3.8
1 1e-08 1e-08 1e-08 0 0.8

11 7.58612 7.5115 11.1614 3.62558 3.16667
10 8.39251 7.43495 11.07 3.55093 3.66667
10 7.5292 6.76687 10.7434 3.65215 2.8
10 4.38524 4.11645 10.3097 6.12975 0.666667
4 27.881 0.265386 20.9771 11.9579 3.66667
7 5.27022 5.10776 11.6959 6.55181 0.857143
7 4.07835 4.07835 10.4677 6.38936 0.888889
1 60.8261 60.8261 60.8261 0 3.16667
3 12.0435 12.0207 12.0359 0.0107782 2.66667
3 12.0204 12.0204 12.0204 0 2.66667
3 7.76716 7.76716 10.3431 2.57594 1.3
2 15.3505 15.3505 15.3505 0 1.3
1 27.6365 27.6365 27.6365 0 3.16667
2 3.91526 3.90804 12.9427 9.03109 3.42308
1 23.6852 23.6852 23.6852 0 3.16667
2 11.7199 11.7199 11.7199 0 2.66667
1 3.55462 3.55462 17.8749 14.3203 2.88889
1 8.2177 8.2177 8.2177 0 2.66667
1 7.14279 7.14279 7.14279 0 3.35714
1 3.47797 3.47797 3.47797 0 2.66667
1 1.78941 1.78941 1.78941 0 2.66667
1 1.26344 1.26344 1.26344 0 3.35714
1 1.22381 1.22381 1.22381 0 2.66667
1 1.22381 1.22381 1.22381 0 2.66667
1 1.22381 1.22381 1.22381 0 2.66667
1 1.22381 1.22381 1.22381 0 2.66667
1 1.22381 1.22381 1.22381 0 2.66667
1 1.22381 1.22381 1.22381 0 2.66667
1 1.22381 1.22381 1.22381 0 2.66667
1 1.22381 1.22381 1.22381 0 2.66667
1 1.22369 1.22369 1.22369 0 2.66667
1 0.0516892 0.0516892 0.0516892 0 2.66667
1 0.0429593 0.0429593 0.0429593 0 3.8
1 1e-08 1e-08 1e-08 0 0.8
1 1e-08 1e-08 1e-08 0 0.666667
1 1e-08 1e-08 1e-08 0 3.66667

13 4.64956 4.60446 8.89883 4.26375 2.66667
13 6.68228 6.27269 8.79388 2.39576 0.666667
10 5.29832 4.88958 9.13904 4.00922 2.8
9 7.10928 6.64008 9.34411 2.56822 0.857143
9 2.99732 2.65534 9.30661 6.61414 4.16667
8 5.30482 5.27786 9.24028 3.95841 0.888889
2 19.5763 19.5402 19.5583 0.0180563 0.923077
1 39.1008 39.1008 39.1008 0 2.88889
3 12.9453 12.9453 12.9453 0 1.3
3 12.0435 12.0207 12.0359 0.0107782 0.666667
3 12.0204 12.0204 12.0204 0 2.66667
2 15.3505 15.3505 15.3505 0 1.3
1 27.6365 27.6365 27.6365 0 3.16667
2 11.7199 11.7199 11.7199 0 2.66667
1 8.2177 8.2177 8.2177 0 2.66667
1 7.14279 7.14279 7.14279 0 3.35714
1 3.47797 3.47797 3.47797 0 2.66667
1 1.78941 1.78941 1.78941 0 2.66667
1 1.26344 1.26344 1.26344 0 3.35714
1 1.22381 1.22381 1.22381 0 2.66667
1 1.22381 1.22381 1.22381 0 2.66667
1 1.22381 1.22381 1.22381 0 2.66667
1 1.22381 1.22381 1.22381 0 2.66667
1 1.22381 1.22381 1.22381 0 2.66667
1 1.22381 1.22381 1.22381 0 2.66667
1 1.22381 1.22381 1.22381 0 2.66667
1 1.22381 1.22381 1.22381 0 2.66667
1 1.22369 1.22369 1.22369 0 2.66667
1 0.0516892 0.0516892 0.0516892 0 2.66667
1 0.0429593 0.0429593 0.0429593 0 3.8
1 0.012547 0.012547 0.012547 6.66667e-09 3.3
1 1e-08 1e-08 1e-08 0 0.8
1 1e-08 1e-08 1e-08 0 3.66667
1 1e-08 1e-08 1e-08 0 3.3

14 5.1519 5.14193 9.65376 4.50905 3.35714
10 12.5888 11.1524 11.5833 0.658217 3.66667
11 5.96061 5.50078 10.1115 4.23818 2.8
11 4.5267 4.41134 10.0835 5.63173 0.666667
7 5.63637 5.60773 9.62989 4.01638 0.888889
6 5.46867 5.19837 10.1416 4.88569 0.888889
6 10.1386 10.1386 10.1391 0.000573345 3.66667
4 9.7752 9.7752 9.7752 0 2.88889
3 12.9453 12.9453 12.9453 0 1.3
3 12.0435 12.0207 12.0359 0.0107782 0.666667
3 12.0204 12.0204 12.0204 0 2.66667
3 3.91589 3.91162 10.4024 6.4881 0.933333
2 15.3505 15.3505 15.3505 0 1.3
1 27.6365 27.6365 27.6365 0 3.16667
2 11.7199 11.7199 11.7199 0 2.66667
1 8.2177 8.2177 8.2177 0 2.66667
1 7.14279 7.14279 7.14279 0 3.35714
1 3.47797 3.47797 3.47797 0 2.66667
1 1.78941 1.78941 1.78941 0 2.66667
1 1.26344 1.26344 1.26344 0 3.35714
1 1.22381 1.22381 1.22381 0 2.66667
1 1.22381 1.22381 1.22381 0 2.66667
1 1.22381 1.22381 1.22381 0 2.66667
1 1.22381 1.22381 1.22381 0 2.66667
1 1.22381 1.22381 1.22381 0 2.66667
1 1.22381 1.22381 1.22381 0 2.66667
1 1.22381 1.22381 1.22381 0 2.66667
1 1.22381 1.22381 1.22381 0 2.66667
1 1.22369 1.22369 1.22369 0 2.66667
1 0.223197 0.223197 0.223197 0 2.8

2 67.5788 67.5788 67.5788 0 0.857143
10 4.22111 4.11818 12.0415 7.91143 3.8
10 4.38524 4.28741 11.9741 7.64773 0.666667
9 3.70258 3.28012 12.3426 8.7487 3.66667
9 5.29832 5.29832 11.3635 6.06518 2.8
7 20.3122 1.42857e-09 14.5533 8.01023 0.857143
6 7.51517 7.47697 12.4604 4.97479 0.909091
4 35.9935 2.5e-09 17.9967 17.9967 3.8
3 13.053 13.0387 13.0475 0.00627273 0.933333
3 7.76716 7.76716 12.9453 5.17811 1.3
3 12.0435 12.0207 12.0359 0.0107782 0.666667
3 12.0204 12.0204 12.0204 0 2.66667
2 15.3505 15.3505 15.3505 0 1.3
2 4.8876 4.8876 14.6408 9.75318 2.88889
1 27.6365 27.6365 27.6365 0 3.16667
2 11.7199 11.7199 11.7199 0 2.66667
1 8.2177 8.2177 8.2177 0 2.66667
1 7.14279 7.14279 7.14279 0 3.35714
1 3.47797 3.47797 3.47797 0 2.66667
1 1.78941 1.78941 1.78941 0 2.66667
1 1.26344 1.26344 1.26344 0 3.35714
1 1.22381 1.22381 1.22381 0 2.66667
1 1.22381 1.22381 1.22381 0 2.66667
1 1.22381 1.22381 1.22381 0 2.66667
1 1.22381 1.22381 1.22381 0 2.66667
1 1.22381 1.22381 1.22381 0 2.66667
1 1.22381 1.22381 1.22381 0 2.66667
1 1.22381 1.22381 1.22381 0 2.66667
1 1.22381 1.22381 1.22381 0 2.66667
1 1.22369 1.22369 1.22369 0 2.66667
1 0.223197 0.223197 0.223197 0 2.8
1 3.3427e-05 3.3427e-05 3.3427e-05 0 2.66667
1 1e-08 1e-08 1e-08 0 3.3
1 1e-08 1e-08 1e-08 0 3.66667
1 1e-08 1e-08 1e-08 0 3.8
1 1e-08 1e-08 1e-08 0 0.909091
1 2.53258e-32 2.53258e-32 2.53258e-32 0 3.16667

13 5.09445 4.97022 9.50488 4.52274 2.8
12 7.78985 7.5292 9.94657 2.39673 2.8
12 5.19733 5.08137 9.2949 4.15595 0.666667
11 5.76243 4.84183 9.83903 4.92063 3.66667
9 4.18193 3.97661 9.90941 5.90958 0.857143
7 5.63637 5.60773 9.63372 4.01719 0.888889
3 13.053 13.0387 13.0475 0.00627273 0.923077
2 19.5504 19.5504 19.5504 0 2.88889
3 12.9453 12.9453 12.9453 0 1.3
3 12.0435 12.0207 12.0359 0.0107782 0.666667
3 12.0204 12.0204 12.0204 0 2.66667
2 15.3505 15.3505 15.3505 0 1.3
1 27.6365 27.6365 27.6365 0 3.16667
2 11.7199 11.7199 11.7199 0 2.66667
1 8.2177 8.2177 8.2177 0 2.66667
1 7.14279 7.14279 7.14279 0 3.35714
1 3.47797 3.47797 3.47797 0 2.66667
1 1.78941 1.78941 1.78941 0 2.66667
1 1.26344 1.26344 1.26344 0 3.35714
1 1.22381 1.22381 1.22381 0 2.66667
1 1.22381 1.22381 1.22381 0 2.66667
1 1.22381 1.22381 1.22381 0 2.66667
1 1.22381 1.22381 1.22381 0 2.66667
1 1.22381 1.22381 1.22381 0 2.66667
1 1.22381 1.22381 1.22381 0 2.66667
1 1.22381 1.22381 1.22381 0 2.66667
1 1.22381 1.22381 1.22381 0 2.66667
1 1.22369 1.22369 1.22369 0 2.66667
1 0.223197 0.223197 0.223197 0 2.8
1 0.111209 0.111209 0.111209 0 0.888889
1 0.0506632 0.0506632 0.0708923 0.0202291 2.8
1 0.0643041 0.0643041 0.0643041 0 3.66667

13 6.16697 5.96061 9.29864 3.3226 2.8
12 6.46298 6.14717 9.76394 3.58834 0.857143
12 3.78818 3.6988 9.25565 5.54127 2.8
11 4.68198 3.93399 9.14514 5.01822 3.66667
10 5.61311 5.48788 9.773 4.17258 0.8
7 3.93394 3.90674 9.47359 5.55357 0.909091
2 19.5504 19.5504 19.5504 0 2.88889
3 12.9453 12.9453 12.9453 0 1.3
3 12.0435 12.0207 12.0359 0.0107782 2.66667
3 12.0204 12.0204 12.0204 0 2.66667
2 15.3505 15.3505 15.3505 0 1.3
1 27.6365 27.6365 27.6365 0 3.16667
2 6.52648 6.52544 13.0453 6.51939 0.933333
2 11.7199 11.7199 11.7199 0 2.66667
1 8.2177 8.2177 8.2177 0 2.66667
1 7.14279 7.14279 7.14279 0 3.35714
1 3.47797 3.47797 3.47797 0 2.66667
1 1.78941 1.78941 1.78941 0 2.66667
1 1.26344 1.26344 1.26344 0 3.35714
1 1.22381 1.22381 1.22381 0 2.66667
1 1.22381 1.22381 1.22381 0 2.66667
1 1.22381 1.22381 1.22381 0 2.66667
1 1.22381 1.22381 1.22381 0 2.66667
1 1.22381 1.22381 1.22381 0 2.66667
1 1.22381 1.22381 1.22381 0 2.66667
1 1.22381 1.22381 1.22381 0 2.66667
1 1.22381 1.22381 1.22381 0 2.66667
1 1.22369 1.22369 1.22369 0 2.66667

2 73.8695 73.8695 73.8695 0 3.8
11 5.61311 5.61311 11.2124 5.59931 0.666667
10 4.61405 4.50791 11.783 7.23186 2.8
10 5.99293 5.03551 10.9553 5.36584 3.66667
9 5.1037 4.93292 11.4516 6.46221 2.8
9 4.58663 4.3625 10.9739 6.55922 0.857143
7 5.65504 5.63637 10.8549 5.21532 2.90909
2 19.5795 19.5763 19.5779 0.00157083 0.933333
2 19.5504 19.5504 19.5504 0 2.88889
3 12.9453 12.9453 12.9453 0 1.3
3 12.0435 12.0207 12.0359 0.0107782 0.666667
3 12.0204 12.0204 12.0204 0 2.66667
2 15.3505 15.3505 15.3505 0 1.3
1 27.6365 27.6365 27.6365 0 3.16667
2 11.7199 11.7199 11.7199 0 2.66667
1 8.2177 8.2177 8.2177 0 2.66667
1 7.14279 7.14279 7.14279 0 3.35714
1 3.47797 3.47797 3.47797 0 2.66667
1 1.78941 1.78941 1.78941 0 2.66667
1 1.26344 1.26344 1.26344 0 3.35714
1 1.22381 1.22381 1.22381 0 2.66667
1 1.22381 1.22381 1.22381 0 2.66667
1 1.22381 1.22381 1.22381 0 2.66667
1 1.22381 1.22381 1.22381 0 2.66667
1 1.22381 1.22381 1.22381 0 2.66667
1 1.22381 1.22381 1.22381 0 2.66667
1 1.22381 1.22381 1.22381 0 2.66667
1 1.22381 1.22381 1.22381 0 2.66667
1 1.22369 1.22369 1.22369 0 2.66667
1 0.0856738 0.0856738 0.0856738 0 1.66667
1 0.0437654 0.0437654 0.0437654 0 0.666667
1 0.00943213 0.00943213 0.00943213 0 0.666667
1 1e-08 1e-08 1e-08 0 3.66667
1 1e-08 1e-08 1e-08 0 0.857143

12 9.23369 9.19173 12.2536 3.03536 2.85714
3 49.2463 47.9913 48.4097 0.591615 3.85714
10 6.42343 6.30681 12.6617 6.27775 2.8
9 7.40036 7.15274 12.6506 5.38916 2.8
8 4.70333 4.5267 13.4048 8.85623 0.666667
8 5.35083 5.35083 12.9043 7.55347 4.16667
8 5.9244 5.6349 12.3371 6.58625 0.857143
5 6.03205 6.01213 13.2379 7.21488 0.909091
2 19.5795 19.5763 19.5779 0.00157083 0.933333
2 19.5504 19.5504 19.5504 0 2.88889
3 12.9453 12.9453 12.9453 0 1.3
2 12.0435 12.0435 18.0539 6.01034 2.66667
2 12.0204 12.0204 18.0306 6.01019 2.66667
2 15.3505 15.3505 15.3505 0 1.3
1 27.6365 27.6365 27.6365 0 3.16667
1 11.7199 11.7199 23.4399 11.7199 2.66667
1 8.2177 8.2177 8.2177 0 2.66667
1 7.14279 7.14279 7.14279 0 3.35714
1 3.47797 3.47797 3.47797 0 2.66667
1 1.78941 1.78941 1.78941 0 2.66667
1 1.26344 1.26344 1.26344 0 3.35714
1 1.22381 1.22381 1.22381 0 2.66667
1 1.22381 1.22381 1.22381 0 2.66667
1 1.22381 1.22381 1.22381 0 2.66667
1 1.22381 1.22381 1.22381 0 2.66667
1 1.22381 1.22381 1.22381 0 2.66667
1 1.22381 1.22381 1.22381 0 2.66667
1 1.22381 1.22381 1.22381 0 2.66667
1 1.22381 1.22381 1.22381 0 2.66667
1 1.22369 1.22369 1.22369 0 2.66667
1 0.605572 0.605572 0.605572 0 2.88889
1 1e-08 1e-08 1e-08 0 3.66667
1 1e-08 1e-08 1e-08 0 0.857143

1 144.143 144.143 144.143 0 3.35714
10 9.36395 9.36395 13.1222 3.75825 4.16667
9 6.62742 6.37854 13.6467 7.21358 0.666667
9 3.01508 3.01508 13.1522 10.1371 3.8
9 7.04796 6.81213 12.7844 5.81609 2.8
9 5.4685 5.44695 12.6571 7.19581 2.85714
7 6.77074 6.4798 13.1305 6.48603 0.888889
5 18.0961 18.0364 18.0691 0.0240514 0.909091
2 19.5795 19.5763 19.5779 0.00157083 0.923077
2 19.5504 19.5504 19.5504 0 2.88889
3 12.9453 12.9453 12.9453 0 1.3
2 18.0653 18.0653 18.0653 0 0.666667
2 18.0306 18.0306 18.0306 0 2.66667
2 15.3505 15.3505 15.3505 0 1.3
1 27.6365 27.6365 27.6365 0 3.16667
1 23.4399 23.4399 23.4399 0 2.66667
1 22.7436 22.7436 22.7436 0 1.85714
1 8.2177 8.2177 8.2177 0 2.66667
1 7.14279 7.14279 7.14279 0 3.35714
1 3.47797 3.47797 3.47797 0 2.66667
1 1.78941 1.78941 1.78941 0 2.66667
1 1.26344 1.26344 1.26344 0 3.35714
1 1.22381 1.22381 1.22381 0 2.66667
1 1.22381 1.22381 1.22381 0 2.66667
1 1.22381 1.22381 1.22381 0 2.66667
1 1.22381 1.22381 1.22381 0 2.66667
1 1.22381 1.22381 1.22381 0 2.66667
1 1.22381 1.22381 1.22381 0 2.66667
1 1.22381 1.22381 1.22381 0 2.66667
1 1.22381 1.22381 1.22381 0 2.66667
1 1.22369 1.22369 1.22369 0 2.66667
1 0.105131 0.105131 0.105131 0 3.85714
1 0.00406883 0.00406883 0.00406883 0 3.35714
1 1e-08 1e-08 1e-08 0 3.66667

7 21.1056 20.9916 21.0893 0.0398828 3.8
9 7.04796 7.04796 14.331 7.28303 2.8
8 7.12241 7.03519 15.9032 8.8572 3.8
8 13.4227 13.3698 14.9019 1.49258 2.85714
8 7.88543 7.88543 14.7236 6.83819 4.16667
8 5.15444 5.0713 14.4358 9.34157 2.8
7 8.10018 7.79599 15.591 7.70935 0.666667
6 6.77074 6.77074 14.6269 7.85616 0.857143
1 82.5611 82.5611 82.5611 0 4.3
5 11.3101 11.2727 15.7953 4.50213 0.909091
2 19.5795 19.5763 19.5779 0.00157083 0.933333
2 19.5504 19.5504 19.5504 0 2.88889
2 12.9453 12.9453 19.4179 6.47263 1.3
2 18.0653 18.0653 18.0653 0 0.666667
2 18.0306 18.0306 18.0306 0 2.66667
2 15.3505 15.3505 15.3505 0 1.3
1 27.6365 27.6365 27.6365 0 3.16667
1 23.4399 23.4399 23.4399 0 2.66667
1 8.2177 8.2177 8.2177 0 2.66667
1 7.14279 7.14279 7.14279 0 3.35714
1 3.47797 3.47797 3.47797 0 2.66667
1 1.78941 1.78941 1.78941 0 2.66667
1 1.26344 1.26344 1.26344 0 3.35714
1 1.22381 1.22381 1.22381 0 2.66667
1 1.22381 1.22381 1.22381 0 2.66667
1 1.22381 1.22381 1.22381 0 2.66667
1 1.22381 1.22381 1.22381 0 2.66667
1 1.22381 1.22381 1.22381 0 2.66667
1 1.22381 1.22381 1.22381 0 2.66667
1 1.22381 1.22381 1.22381 0 2.66667
1 1.22381 1.22381 1.22381 0 2.66667
1 1.22369 1.22369 1.22369 0 2.66667
1 0.0345374 0.0345374 0.0345374 0 2.8
1 0.0081004 0.0081004 0.0081004 5e-09 3.3
1 0.00406883 0.00406883 0.00406883 0 3.35714
1 5e-09 5e-09 1e-08 5e-09 4.16667
1 1e-08 1e-08 1e-08 0 4.16667

11 8.3331 8.20276 13.2646 5.05014 2.85714
11 8.79286 8.68527 12.6539 3.93959 2.8
10 12.926 12.926 12.926 5.1225e-05 0.857143
9 9.11271 8.77049 13.5604 4.67864 1.8
9 6.4351 6.4351 12.924 6.48894 2.8
8 3.25154 3.21172 13.7553 10.5331 3.8
8 5.35083 5.35083 13.5131 8.16231 4.3
5 18.0961 18.0364 18.0691 0.0240514 0.909091
2 19.5795 19.5763 19.5779 0.00157083 0.933333
2 19.5504 19.5504 19.5504 0 2.88889
2 19.4179 19.4179 19.4179 0 1.3
2 18.0653 18.0653 18.0653 0 0.666667
2 18.0306 18.0306 18.0306 0 2.66667
2 15.3505 15.3505 15.3505 0 1.3
1 27.6365 27.6365 27.6365 0 3.16667
1 23.4399 23.4399 23.4399 0 2.66667
1 8.2177 8.2177 8.2177 0 2.66667
1 7.14279 7.14279 7.14279 0 3.35714
1 3.47797 3.47797 3.47797 0 2.66667
1 1.78941 1.78941 1.78941 0 2.66667
1 1.26344 1.26344 1.26344 0 3.35714
1 1.22381 1.22381 1.22381 0 2.66667
1 1.22381 1.22381 1.22381 0 2.66667
1 1.22381 1.22381 1.22381 0 2.66667
1 1.22381 1.22381 1.22381 0 2.66667
1 1.22381 1.22381 1.22381 0 2.66667
1 1.22381 1.22381 1.22381 0 2.66667
1 1.22381 1.22381 1.22381 0 2.66667
1 1.22381 1.22381 1.22381 0 2.66667
1 1.22369 1.22369 1.22369 0 2.66667
1 0.00863434 0.00863434 0.0126845 0.0040502 3.3
1 0.00406883 0.00406883 0.00406883 0 3.35714

10 8.32351 8.32351 13.3228 4.99929 4.16667
10 8.30948 8.20772 13.0216 4.78503 3.8
10 5.75614 5.68742 12.3759 6.68162 0.857143
9 2.7272 2.68462 13.1614 10.4532 2.85714
1 115.599 115.599 115.599 0 2.85714
9 6.4351 6.4351 12.6645 6.22943 2.8
8 7.29016 7.01639 13.8739 6.75619 0.666667
6 10.0534 10.0202 13.1752 3.13618 2.90909
2 19.5795 19.5763 19.5779 0.00157083 0.933333
2 19.5504 19.5504 19.5504 0 2.88889
2 19.4179 19.4179 19.4179 0 1.3
2 18.0653 18.0653 18.0653 0 0.666667
2 18.0306 18.0306 18.0306 0 2.66667
2 15.3505 15.3505 15.3505 0 1.3
1 27.6365 27.6365 27.6365 0 3.16667
1 23.4399 23.4399 23.4399 0 2.66667
1 8.2177 8.2177 8.2177 0 2.66667
1 7.14279 7.14279 7.14279 0 3.35714
1 5.06975 5.06975 5.06975 0 4.3
1 3.47797 3.47797 3.47797 0 2.66667
1 1.78941 1.78941 1.78941 0 2.66667
1 1.26344 1.26344 1.26344 0 3.35714
1 1.22381 1.22381 1.22381 0 2.66667
1 1.22381 1.22381 1.22381 0 2.66667
1 1.22381 1.22381 1.22381 0 2.66667
1 1.22381 1.22381 1.22381 0 2.66667
1 1.22381 1.22381 1.22381 0 2.66667
1 1.22381 1.22381 1.22381 0 2.66667
1 1.22381 1.22381 1.22381 0 2.66667
1 1.22381 1.22381 1.22381 0 2.66667
1 1.22369 1.22369 1.22369 0 2.66667
1 0.0234169 0.0234169 0.0234169 0 1.16667
1 0.00406883 0.00406883 0.00406883 0 3.35714
1 1e-08 1e-08 1e-08 0 4.16667

1 147.873 147.873 147.873 0 2.8
8 5.54901 5.54901 16.3428 10.7938 4.16667
7 9.37474 9.34241 17.3634 8.01173 2.8
7 7.40036 7.40036 17.0313 9.63093 2.8
4 36.9135 2.5e-09 27.6432 15.96 2.85714
6 5.34181 5.34181 18.4122 13.0704 3.8
6 7.67386 7.38567 17.275 9.69814 0.666667
6 5.53475 5.46867 15.9485 10.4688 2.85714
5 15.0801 15.0401 18.0702 3.0061 0.909091
1 82.5611 82.5611 82.5611 0 2.3
5 11.0697 8.8922 16.4412 7.16667 2.85714
4 37.0699 0.0100569 18.9062 18.105 3.85714
2 19.5795 19.5763 19.5779 0.00157083 0.923077
2 19.5504 19.5504 19.5504 0 2.88889
2 19.4179 19.4179 19.4179 0 1.3
2 18.0653 18.0653 18.0653 0 0.666667
2 18.0306 18.0306 18.0306 0 2.66667
1 15.3505 15.3505 30.7009 15.3505 1.3
1 27.6365 27.6365 27.6365 0 3.16667
1 23.4399 23.4399 23.4399 0 2.66667
1 8.2177 8.2177 8.2177 0 2.66667
1 7.14279 7.14279 7.14279 0 3.35714
1 5.06975 5.06975 5.06975 0 4.3
1 3.47797 3.47797 3.47797 0 2.66667
1 1.78941 1.78941 1.78941 0 2.66667
1 1.26344 1.26344 1.26344 0 3.35714
1 1.22381 1.22381 1.22381 0 2.66667
1 1.22381 1.22381 1.22381 0 2.66667
1 1.22381 1.22381 1.22381 0 2.66667
1 1.22381 1.22381 1.22381 0 2.66667
1 1.22381 1.22381 1.22381 0 2.66667
1 1.22381 1.22381 1.22381 0 2.66667
1 1.22381 1.22381 1.22381 0 2.66667
1 1.22381 1.22381 1.22381 0 2.66667
1 1.22369 1.22369 1.22369 0 2.66667
1 0.00406883 0.00406883 0.00406883 0 3.35714

9 7.47853 7.47853 14.5989 7.1204 3.3
9 6.24264 6.24264 13.9434 7.70072 4.16667
8 14.5803 14.0328 15.5599 1.21419 1.3
5 28.7811 23.1197 24.252 2.26456 2.85714
8 4.28559 4.27082 15.0488 10.7716 2.8
8 14.3904 14.2186 14.9929 0.735145 0.857143
6 7.04796 7.04796 15.4919 8.44397 3.3
5 10.0534 10.039 14.0426 3.99452 0.909091
4 13.4231 13.4213 16.7691 3.34644 2.85714
4 9.17346 9.17346 16.0547 6.88122 2.3
3 41.8882 0.000825699 13.9708 19.7406 2.85714
2 19.5795 19.5763 19.5779 0.00157083 0.923077
2 19.5504 19.5504 19.5504 0 2.88889
2 19.4179 19.4179 19.4179 0 1.3
2 18.0653 18.0653 18.0653 0 0.666667
2 18.0306 18.0306 18.0306 0 2.66667
1 30.7009 30.7009 30.7009 0 1.3
1 27.6365 27.6365 27.6365 0 3.16667
1 23.4399 23.4399 23.4399 0 2.66667
1 8.2177 8.2177 8.2177 0 2.66667
1 7.14279 7.14279 7.14279 0 3.35714
1 5.06975 5.06975 5.06975 0 4.3
1 3.47797 3.47797 3.47797 0 2.66667
1 1.78941 1.78941 1.78941 0 2.66667
1 1.26344 1.26344 1.26344 0 3.35714
1 1.22381 1.22381 1.22381 0 2.66667
1 1.22381 1.22381 1.22381 0 2.66667
1 1.22381 1.22381 1.22381 0 2.66667
1 1.22381 1.22381 1.22381 0 2.66667
1 1.22381 1.22381 1.22381 0 2.66667
1 1.22381 1.22381 1.22381 0 2.66667
1 1.22381 1.22381 1.22381 0 2.66667
1 1.22381 1.22381 1.22381 0 2.66667
1 1.22369 1.22369 1.22369 0 2.66667
1 0.0103269 0.0103269 0.0103269 6.66667e-09 2.8
1 0.00406883 0.00406883 0.00406883 0 3.35714

10 12.3339 12.3339 13.5675 1.23354 2.8
9 8.81313 8.81313 14.6461 5.83299 4.16667
8 6.80269 6.79866 14.9769 8.17773 3.3
8 6.62742 6.37854 14.2904 7.69452 1.8
7 8.3331 8.30437 15.2566 6.93053 2.8
7 11.358 11.3558 14.4899 3.13247 2.85714
7 8.68553 6.79995 14.127 6.15445 2.85714
6 6.54107 6.46298 15.6453 9.15637 0.857143
5 8.25611 8.25611 14.861 6.60489 2.3
4 6.96005 6.95948 13.9232 6.96342 0.909091
2 19.5795 19.5763 19.5779 0.00157083 0.933333
2 19.5504 19.5504 19.5504 0 2.88889
2 19.4179 19.4179 19.4179 0 1.3
2 18.0653 18.0653 18.0653 0 0.666667
2 18.0306 18.0306 18.0306 0 2.66667
1 30.7009 30.7009 30.7009 0 1.3
1 27.6365 27.6365 27.6365 0 3.16667
1 23.4399 23.4399 23.4399 0 2.66667
1 8.2177 8.2177 8.2177 0 2.66667
1 7.14279 7.14279 7.14279 0 3.35714
1 5.06975 5.06975 5.06975 0 4.3
1 3.47797 3.47797 3.47797 0 2.66667
1 1.78941 1.78941 1.78941 0 2.66667
1 1.26344 1.26344 1.26344 0 3.35714
1 1.22381 1.22381 1.22381 0 2.66667
1 1.22381 1.22381 1.22381 0 2.66667
1 1.22381 1.22381 1.22381 0 2.66667
1 1.22381 1.22381 1.22381 0 2.66667
1 1.22381 1.22381 1.22381 0 2.66667
1 1.22381 1.22381 1.22381 0 2.66667
1 1.22381 1.22381 1.22381 0 2.66667
1 1.22381 1.22381 1.22381 0 2.66667
1 1.22369 1.22369 1.22369 0 2.66667
1 0.0333963 0.0333963 0.0333963 5e-09 0.666667
1 0.00406883 0.00406883 0.00406883 0 3.35714

5 29.5308 29.5268 29.53 0.00159096 2.85714
9 11.358 11.358 16.4052 5.04725 2.85714
8 6.81015 6.81015 16.2308 9.42068 4.16667
8 7.40036 7.40036 15.4724 8.07207 3.3
7 7.49979 7.49608 16.2579 8.75867 3.8
7 5.98636 5.98283 16.097 10.1132 3.8
6 7.09468 6.94301 17.4872 10.5191 1.3
6 11.3308 11.0697 17.416 6.30334 0.857143
4 22.6202 22.6183 22.6192 0.000934042 0.909091
5 8.46492 8.36385 17.6368 9.21239 0.857143
4 9.30709 9.17346 18.3803 9.17364 2.3
2 19.5795 19.5763 19.5779 0.00157083 0.933333
2 19.5504 19.5504 19.5504 0 2.88889
2 19.4179 19.4179 19.4179 0 1.3
2 18.0653 18.0653 18.0653 0 0.666667
2 18.0306 18.0306 18.0306 0 2.66667
1 30.7009 30.7009 30.7009 0 1.3
1 27.6365 27.6365 27.6365 0 3.16667
1 23.4399 23.4399 23.4399 0 2.66667
1 8.2177 8.2177 8.2177 0 2.66667
1 7.14279 7.14279 7.14279 0 3.35714
1 5.06975 5.06975 5.06975 0 4.3
1 3.47797 3.47797 3.47797 0 2.66667
1 1.78941 1.78941 1.78941 0 2.66667
1 1.26344 1.26344 1.26344 0 3.35714
1 1.22381 1.22381 1.22381 0 2.66667
1 1.22381 1.22381 1.22381 0 2.66667
1 1.22381 1.22381 1.22381 0 2.66667
1 1.22381 1.22381 1.22381 0 2.66667
1 1.22381 1.22381 1.22381 0 2.66667
1 1.22381 1.22381 1.22381 0 2.66667
1 1.22381 1.22381 1.22381 0 2.66667
1 1.22381 1.22381 1.22381 0 2.66667
1 1.22369 1.22369 1.22369 0 2.66667
1 0.0667926 0.0667926 0.0667926 0 0.666667
1 0.0406476 0.0406476 0.0406476 0 3.35714
1 0.00406883 0.00406883 0.00406883 0 3.35714
1 1e-08 1e-08 1e-08 0 4.3

8 10.7017 10.7017 18.7279 8.02625 4.16667
8 16.6662 16.4937 18.6905 2.04663 3.8
8 16.4452 16.4452 18.5009 2.05566 2.8
1 148.007 148.007 148.007 0 2.8
5 28.7807 28.4371 28.6433 0.168336 0.857143
6 2.63151 2.61357 19.4702 16.8417 3.8
6 8.80348 8.79827 19.079 10.2764 3.8
6 8.46915 8.46504 18.7707 10.3047 0.857143
3 49.9739 3.33333e-09 33.3159 23.5579 3.8
5 24.6679 0.0859686 19.7529 9.83276 2.8
4 11.4606 11.2156 21.1731 9.89681 1.3
3 16.7528 16.5122 22.0965 5.50524 4.3
3 6.96232 6.96005 20.6809 13.72 0.923077
2 19.5795 19.5763 19.5779 0.00157083 0.923077
2 19.5504 19.5504 19.5504 0 2.88889
2 19.4179 19.4179 19.4179 0 1.3
2 18.0653 18.0653 18.0653 0 0.666667
1 18.0306 18.0306 36.0611 18.0306 2.66667
1 30.7009 30.7009 30.7009 0 1.3
1 27.6365 27.6365 27.6365 0 3.16667
1 23.4399 23.4399 23.4399 0 2.66667
1 8.2177 8.2177 8.2177 0 2.66667
1 7.14279 7.14279 7.14279 0 3.35714
1 5.06975 5.06975 5.06975 0 4.3
1 3.47797 3.47797 3.47797 0 2.66667
1 1.78941 1.78941 1.78941 0 2.66667
1 1.26344 1.26344 1.26344 0 3.35714
1 1.22381 1.22381 1.22381 0 2.66667
1 1.22381 1.22381 1.22381 0 2.66667
1 1.22381 1.22381 1.22381 0 2.66667
1 1.22381 1.22381 1.22381 0 2.66667
1 1.22381 1.22381 1.22381 0 2.66667
1 1.22381 1.22381 1.22381 0 2.66667
1 1.22381 1.22381 1.22381 0 2.66667
1 1.22381 1.22381 1.22381 0 2.66667
1 1.22369 1.22369 1.22369 0 2.66667
1 0.0667926 0.0667926 0.0667926 0 0.666667
1 0.0406476 0.0406476 0.0406476 0 3.35714
1 0.00406883 0.00406883 0.00406883 0 3.35714
1 1e-08 1e-08 1e-08 0 4.3

4 37.4148 37.4148 37.4148 0 3.8
8 13.0887 13.0823 17.9897 4.90588 0.857143
7 8.81313 8.81313 17.6266 8.81346 4.16667
1 120.987 120.987 120.987 0 1.85714
6 3.26079 3.26078 20.0087 16.7479 3.8
5 7.40036 7.40036 20.7593 13.3589 2.8
5 16.6288 16.6204 19.9509 3.32379 3.8
5 7.40036 7.40036 19.5706 12.1703 2.8
5 6.85255 6.85255 19.3115 12.4589 0.857143
3 30.1701 30.1602 30.1635 0.00463239 0.909091
4 16.2004 15.607 21.334 5.28818 1.85714
1 83.7638 83.7638 83.7638 0 2.3
2 41.2806 41.2806 41.2806 0 2.3
1 55.2395 55.2395 55.2395 0 3.85714
2 19.5795 19.5763 19.5779 0.00157083 0.933333
2 19.5504 19.5504 19.5504 0 2.88889
2 19.4179 19.4179 19.4179 0 1.3
2 18.0653 18.0653 18.0653 0 0.666667
1 36.0611 36.0611 36.0611 0 2.66667
1 30.7009 30.7009 30.7009 0 1.3
1 27.6365 27.6365 27.6365 0 3.16667
1 23.4399 23.4399 23.4399 0 2.66667
1 8.2177 8.2177 8.2177 0 2.66667
1 7.14279 7.14279 7.14279 0 3.35714
1 5.06975 5.06975 5.06975 0 4.3
1 3.47797 3.47797 3.47797 0 2.66667
1 1.78941 1.78941 1.78941 0 2.66667
1 1.26344 1.26344 1.26344 0 3.35714
1 1.22381 1.22381 1.22381 0 2.66667
1 1.22381 1.22381 1.22381 0 2.66667
1 1.22381 1.22381 1.22381 0 2.66667
1 1.22381 1.22381 1.22381 0 2.66667
1 1.22381 1.22381 1.22381 0 2.66667
1 1.22381 1.22381 1.22381 0 2.66667
1 1.22381 1.22381 1.22381 0 2.66667
1 1.22381 1.22381 1.22381 0 2.66667
1 1.22369 1.22369 1.22369 0 2.66667
1 0.0667926 0.0667926 0.0667926 0 0.666667
1 0.0406476 0.0406476 0.0406476 0 3.35714
1 0.0208117 0.0208117 0.0208117 0 3.3
1 0.00406883 0.00406883 0.00406883 0 3.35714
1 1e-08 1e-08 1e-08 0 4.3

9 9.98822 9.98822 13.314 3.32574 4.16667
9 6.4351 6.4351 13.1891 6.75399 2.8
8 11.0695 11.0692 13.6672 2.59775 0.857143
8 5.75612 5.75612 13.5489 7.79273 3.8
8 13.2548 8.49717 12.916 2.60791 1.3
7 5.5554 5.33063 14.468 9.07326 0.857143
7 11.5382 11.5264 13.3068 1.77037 3.8
6 5.99625 5.98313 13.1061 7.1191 2.3
1 55.2395 55.2395 55.2395 0 3.85714
3 12.93 12.9258 14.8949 1.96769 0.909091
2 19.5795 19.5763 19.5779 0.00157083 0.923077
2 19.5504 19.5504 19.5504 0 2.88889
2 19.4179 19.4179 19.4179 0 1.3
2 19.3196 19.3113 19.3155 0.00410819 2.85714
2 18.0653 18.0653 18.0653 0 0.666667
1 36.0611 36.0611 36.0611 0 2.66667
1 30.7009 30.7009 30.7009 0 1.3
1 27.6365 27.6365 27.6365 0 3.16667
1 23.4399 23.4399 23.4399 0 2.66667
1 8.25904 8.25904 8.25904 0 3.3
1 8.2177 8.2177 8.2177 0 2.66667
1 7.14279 7.14279 7.14279 0 3.35714
1 5.06975 5.06975 5.06975 0 4.3
1 3.47797 3.47797 3.47797 0 2.66667
1 1.78941 1.78941 1.78941 0 2.66667
1 1.26344 1.26344 1.26344 0 3.35714
1 1.22381 1.22381 1.22381 0 2.66667
1 1.22381 1.22381 1.22381 0 2.66667
1 1.22381 1.22381 1.22381 0 2.66667
1 1.22381 1.22381 1.22381 0 2.66667
1 1.22381 1.22381 1.22381 0 2.66667
1 1.22381 1.22381 1.22381 0 2.66667
1 1.22381 1.22381 1.22381 0 2.66667
1 1.22381 1.22381 1.22381 0 2.66667
1 1.22369 1.22369 1.22369 0 2.66667
1 0.0667926 0.0667926 0.0667926 0 0.666667
1 0.0406476 0.0406476 0.0406476 0 3.35714
1 0.039252 0.039252 0.039252 0 1.85714
1 0.00406883 0.00406883 0.00406883 0 3.35714
1 1e-08 1e-08 1e-08 0 2.8

9 7.89454 7.89452 14.9003 7.00577 3.8
9 7.89452 7.57594 14.2873 6.56998 3.85714
9 6.7276 6.7276 13.702 6.97441 3.3
8 7.48296 7.48296 14.969 7.48606 3.8
8 8.32351 8.32351 14.5868 6.26324 4.16667
7 7.67386 7.67386 14.605 6.93111 1.35714
7 7.19518 7.19518 14.5874 7.39224 0.857143
6 7.66688 7.61489 13.9742 6.34577 2.3
5 11.3138 11.2452 13.5432 2.24939 0.909091
2 19.5504 19.5504 19.5504 0 2.88889
2 19.4179 19.4179 19.4179 0 1.3
2 19.3196 19.3113 19.3155 0.00410819 2.85714
2 18.0653 18.0653 18.0653 0 0.666667
1 36.0611 36.0611 36.0611 0 2.66667
2 20.4346 7.89135 17.9585 7.33069 3.85714
1 30.7009 30.7009 30.7009 0 1.3
2 9.78973 9.78973 14.6838 4.89408 0.923077
1 27.6365 27.6365 27.6365 0 3.16667
1 23.4399 23.4399 23.4399 0 2.66667
1 8.2177 8.2177 8.2177 0 2.66667
1 7.14279 7.14279 7.14279 0 3.35714
1 5.06975 5.06975 5.06975 0 4.3
1 3.47797 3.47797 3.47797 0 2.66667
1 1.78941 1.78941 1.78941 0 2.66667
1 1.26344 1.26344 1.26344 0 3.35714
1 1.22381 1.22381 1.22381 0 2.66667
1 1.22381 1.22381 1.22381 0 2.66667
1 1.22381 1.22381 1.22381 0 2.66667
1 1.22381 1.22381 1.22381 0 2.66667
1 1.22381 1.22381 1.22381 0 2.66667
1 1.22381 1.22381 1.22381 0 2.66667
1 1.22381 1.22381 1.22381 0 2.66667
1 1.22381 1.22381 1.22381 0 2.66667
1 1.22369 1.22369 1.22369 0 2.66667
1 0.0667926 0.0667926 0.0667926 0 0.666667
1 0.052294 0.052294 0.052294 0 2.8

9 4.16656 4.16655 15.2129 11.0463 3.8
9 7.13444 7.13444 15.0616 7.92716 4.16667
8 7.12662 7.12662 14.2154 7.08874 3.8
7 7.99852 7.99464 15.3076 7.31239 0.857143
7 12.0109 11.9952 15.2543 3.25272 0.857143
7 8.10018 8.10018 14.6587 6.55852 3.3
2 71.5211 27.6197 49.5704 21.9507 3.85714
6 6.7276 6.7276 15.9891 9.26152 2.8
5 18.102 17.9924 18.0703 0.0410972 0.933333
4 5.37702 5.26775 17.078 11.7814 1.8
2 19.5795 19.5795 19.5795 0 0.933333
2 19.5504 19.5504 19.5504 0 2.88889
2 19.4179 19.4179 19.4179 0 1.3
1 38.6227 38.6227 38.6227 0 2.85714
2 18.0653 18.0653 18.0653 0 0.666667
1 36.0611 36.0611 36.0611 0 2.66667
1 30.7009 30.7009 30.7009 0 1.3
1 27.6365 27.6365 27.6365 0 3.16667
1 23.4399 23.4399 23.4399 0 2.66667
1 8.2177 8.2177 8.2177 0 2.66667
1 7.14279 7.14279 7.14279 0 3.35714
1 5.06975 5.06975 5.06975 0 4.3
1 3.47797 3.47797 3.47797 0 2.66667
1 1.78941 1.78941 1.78941 0 2.66667
1 1.26344 1.26344 1.26344 0 3.35714
1 1.22381 1.22381 1.22381 0 2.66667
1 1.22381 1.22381 1.22381 0 2.66667
1 1.22381 1.22381 1.22381 0 2.66667
1 1.22381 1.22381 1.22381 0 2.66667
1 1.22381 1.22381 1.22381 0 2.66667
1 1.22381 1.22381 1.22381 0 2.66667
1 1.22381 1.22381 1.22381 0 2.66667
1 1.22381 1.22381 1.22381 0 2.66667
1 1.22369 1.22369 1.22369 0 2.66667
1 0.0667926 0.0667926 0.0667926 0 0.666667
1 0.052294 0.052294 0.052294 0 2.8

10 10.2952 10.2816 13.9811 3.69169 0.857143
9 7.49981 7.49979 15.0585 7.55865 3.3
9 8.3144 8.3144 14.7461 6.43166 3.8
8 6.51405 6.51405 15.3098 8.79575 4.16667
8 7.99852 7.99464 15.2527 7.25762 0.857143
7 8.70631 8.70631 15.2803 6.57395 2.8
7 7.29016 7.29016 14.6732 7.38305 1.35714
4 21.5081 21.071 21.1867 0.185596 1.8
5 12.93 12.9035 15.5213 2.60356 1.42308
3 6.21922 6.21922 17.3167 11.0975 3.85714
2 19.5795 19.5795 19.5795 0 0.933333
2 19.5504 19.5504 19.5504 0 2.88889
2 19.4179 19.4179 19.4179 0 1.3
2 18.0653 18.0653 18.0653 0 0.666667
1 36.0611 36.0611 36.0611 0 2.66667
1 30.7009 30.7009 30.7009 0 1.3
1 27.6365 27.6365 27.6365 0 3.16667
1 23.4399 23.4399 23.4399 0 2.66667
1 8.2177 8.2177 8.2177 0 2.66667
1 7.14279 7.14279 7.14279 0 3.35714
1 5.06975 5.06975 5.06975 0 4.3
1 3.47797 3.47797 3.47797 0 2.66667
1 1.78941 1.78941 1.78941 0 2.66667
1 1.26344 1.26344 1.26344 0 3.35714
1 1.22381 1.22381 1.22381 0 2.66667
1 1.22381 1.22381 1.22381 0 2.66667
1 1.22381 1.22381 1.22381 0 2.66667
1 1.22381 1.22381 1.22381 0 2.66667
1 1.22381 1.22381 1.22381 0 2.66667
1 1.22381 1.22381 1.22381 0 2.66667
1 1.22381 1.22381 1.22381 0 2.66667
1 1.22381 1.22381 1.22381 0 2.66667
1 1.22369 1.22369 1.22369 0 2.66667
1 0.0667926 0.0667926 0.0667926 0 0.666667
1 0.052294 0.052294 0.052294 0 2.8
1 0.040418 0.040418 0.040418 0 4.3

8 18.7279 18.7279 18.7279 0 4.16667
8 18.7074 18.7074 18.7074 3.02406e-09 3.8
1 148.007 148.007 148.007 0 2.8
8 17.9967 17.9879 17.989 0.00288671 0.857143
3 47.6807 47.6807 47.6807 0 3.85714
7 21.1439 4.38585 18.7499 5.86409 1.3
7 20.829 13.3527 18.6929 3.37747 1.3
7 2.62758 2.62056 17.4476 14.8254 1.35714
6 2.30764 2.30763 17.8242 15.5166 3.8
5 18.102 18.0649 18.0848 0.0164255 1.42308
4 21.5081 21.071 21.1867 0.185596 1.8
2 19.5795 19.5795 19.5795 0 0.933333
2 19.5504 19.5504 19.5504 0 2.88889
2 19.4179 19.4179 19.4179 0 1.3
2 18.0653 18.0653 18.0653 0 0.666667
1 36.0611 36.0611 36.0611 0 2.66667
1 27.6365 27.6365 27.6365 0 3.16667
1 23.4399 23.4399 23.4399 0 2.66667
1 8.2177 8.2177 8.2177 0 2.66667
1 7.14279 7.14279 7.14279 0 3.35714
1 5.06975 5.06975 5.06975 0 4.3
1 3.47797 3.47797 3.47797 0 2.66667
1 1.78941 1.78941 1.78941 0 2.66667
1 1.26344 1.26344 1.26344 0 3.35714
1 1.22381 1.22381 1.22381 0 2.66667
1 1.22381 1.22381 1.22381 0 2.66667
1 1.22381 1.22381 1.22381 0 2.66667
1 1.22381 1.22381 1.22381 0 2.66667
1 1.22381 1.22381 1.22381 0 2.66667
1 1.22381 1.22381 1.22381 0 2.66667
1 1.22381 1.22381 1.22381 0 2.66667
1 1.22381 1.22381 1.22381 0 2.66667
1 1.22369 1.22369 1.22369 0 2.66667
1 0.0667926 0.0667926 0.0667926 0 0.666667
1 0.052294 0.052294 0.052294 0 2.8
1 0.040418 0.040418 0.040418 0 4.3

6 24.9994 24.9994 24.9994 1.28724e-05 3.8
7 21.1439 21.1439 21.1439 0 2.8
7 20.6452 20.5901 20.6029 0.02075 1.85714
8 17.9967 17.9879 17.989 0.00288671 0.857143
3 47.6807 47.6807 47.6807 0 3.85714
7 20.829 13.3527 18.6929 3.37747 1.3
7 2.37815 2.37815 17.009 14.6309 4.16667
6 2.87806 2.87806 17.4252 14.5471 3.8
5 18.102 18.0649 18.0848 0.0164255 0.909091
4 21.5081 21.071 21.1867 0.185596 1.8
2 19.5795 19.5795 19.5795 0 0.933333
2 19.5504 19.5504 19.5504 0 2.88889
2 19.4179 19.4179 19.4179 0 1.3
2 18.0653 18.0653 18.0653 0 0.666667
1 36.0611 36.0611 36.0611 0 2.66667
1 30.7009 30.7009 30.7009 0 1.3
1 27.6365 27.6365 27.6365 0 3.16667
1 23.4399 23.4399 23.4399 0 2.66667
1 8.2177 8.2177 8.2177 0 2.66667
1 7.14279 7.14279 7.14279 0 3.35714
1 5.06975 5.06975 5.06975 0 4.3
1 3.47797 3.47797 3.47797 0 2.66667
1 2.53575 2.53575 2.53575 0 3.8
1 1.78941 1.78941 1.78941 0 2.66667
1 1.26344 1.26344 1.26344 0 3.35714
1 1.22381 1.22381 1.22381 0 2.66667
1 1.22381 1.22381 1.22381 0 2.66667
1 1.22381 1.22381 1.22381 0 2.66667
1 1.22381 1.22381 1.22381 0 2.66667
1 1.22381 1.22381 1.22381 0 2.66667
1 1.22381 1.22381 1.22381 0 2.66667
1 1.22381 1.22381 1.22381 0 2.66667
1 1.22381 1.22381 1.22381 0 2.66667
1 1.22369 1.22369 1.22369 0 2.66667
1 0.0667926 0.0667926 0.0667926 0 0.666667
1 0.052294 0.052294 0.052294 0 2.8
1 0.040418 0.040418 0.040418 0 4.3

7 21.4033 21.4033 21.4033 3.55271e-15 4.16667
6 24.9432 24.9432 24.9432 1.57998e-07 3.8
7 20.6452 20.5901 20.6029 0.02075 1.35714
8 17.9967 17.9879 17.989 0.00288671 0.857143
3 47.6807 47.6807 47.6807 0 3.85714
7 20.829 13.3527 18.6929 3.37747 1.3
7 2.67851 2.67851 15.7135 13.035 3.8
5 2.59662 2.59662 18.3978 15.8012 2.8
5 18.102 18.0649 18.0848 0.0164255 1.42308
4 21.5081 21.071 21.1867 0.185596 1.8
2 19.5795 19.5795 19.5795 0 0.933333
2 19.5504 19.5504 19.5504 0 2.88889
2 19.4179 19.4179 19.4179 0 1.3
2 18.0653 18.0653 18.0653 0 0.666667
1 36.0611 36.0611 36.0611 0 2.66667
1 30.7009 30.7009 30.7009 0 1.3
1 27.6365 27.6365 27.6365 0 3.16667
1 23.4399 23.4399 23.4399 0 2.66667
1 8.2177 8.2177 8.2177 0 2.66667
1 7.14279 7.14279 7.14279 0 3.35714
1 5.06975 5.06975 5.06975 0 4.3
1 3.47797 3.47797 3.47797 0 2.66667
1 2.53575 2.53575 2.53575 0 3.8
1 1.78941 1.78941 1.78941 0 2.66667
1 1.26344 1.26344 1.26344 0 3.35714
1 1.22381 1.22381 1.22381 0 2.66667
1 1.22381 1.22381 1.22381 0 2.66667
1 1.22381 1.22381 1.22381 0 2.66667
1 1.22381 1.22381 1.22381 0 2.66667
1 1.22381 1.22381 1.22381 0 2.66667
1 1.22381 1.22381 1.22381 0 2.66667
1 1.22381 1.22381 1.22381 0 2.66667
1 1.22381 1.22381 1.22381 0 2.66667
1 1.22369 1.22369 1.22369 0 2.66667
1 0.0667926 0.0667926 0.0667926 0 0.666667
1 0.052294 0.052294 0.052294 0 2.8
1 0.040418 0.040418 0.040418 0 4.3

7 21.4281 21.4281 21.4281 1.01405e-05 3.8
5 29.6014 29.6014 29.6014 0 2.8
7 20.6452 20.5901 20.6029 0.02075 1.35714
8 17.9967 17.9879 17.989 0.00288671 0.857143
3 47.6807 47.6807 47.6807 0 3.85714
7 20.829 13.3527 18.6929 3.37747 1.3
7 2.82685 2.82685 15.88 13.0532 4.16667
6 2.62688 2.6256 16.3858 13.76 3.85714
5 18.102 18.0649 18.0848 0.0164255 0.909091
4 21.5081 21.071 21.1867 0.185596 2.3
2 19.5795 19.5795 19.5795 0 0.933333
2 19.5504 19.5504 19.5504 0 2.88889
2 19.4179 19.4179 19.4179 0 1.3
2 18.0653 18.0653 18.0653 0 0.666667
1 36.0611 36.0611 36.0611 0 2.66667
1 30.7009 30.7009 30.7009 0 1.3
1 27.6365 27.6365 27.6365 0 3.16667
1 23.4399 23.4399 23.4399 0 2.66667
1 8.2177 8.2177 8.2177 0 2.66667
1 7.14279 7.14279 7.14279 0 3.35714
1 5.06975 5.06975 5.06975 0 4.3
1 3.47797 3.47797 3.47797 0 2.66667
1 1.78941 1.78941 1.78941 0 2.66667
1 1.26344 1.26344 1.26344 0 3.35714
1 1.22381 1.22381 1.22381 0 2.66667
1 1.22381 1.22381 1.22381 0 2.66667
1 1.22381 1.22381 1.22381 0 2.66667
1 1.22381 1.22381 1.22381 0 2.66667
1 1.22381 1.22381 1.22381 0 2.66667
1 1.22381 1.22381 1.22381 0 2.66667
1 1.22381 1.22381 1.22381 0 2.66667
1 1.22381 1.22381 1.22381 0 2.66667
1 1.22369 1.22369 1.22369 0 2.66667
1 0.845249 0.845249 0.893781 0.0485322 3.88889
1 0.835437 0.835437 0.835437 0 4.16667
1 0.0667926 0.0667926 0.0667926 0 0.666667
1 0.052294 0.052294 0.052294 0 2.8
1 0.040418 0.040418 0.040418 0 4.3

7 21.4033 21.4033 21.4033 3.55271e-15 4.16667
6 24.9553 24.9432 24.9452 0.00452133 3.85714
7 20.6452 20.5901 20.6029 0.02075 1.35714
8 17.9967 17.9879 17.989 0.00288671 0.857143
3 47.6807 47.6807 47.6807 0 3.85714
7 20.829 13.3527 18.6929 3.37747 1.3
7 2.94111 2.94111 15.5187 12.5776 3.8
5 18.102 18.0649 18.0848 0.0164255 0.909091
4 21.5081 21.071 21.1867 0.185596 1.8
5 2.5086 2.5086 16.4482 13.9396 2.85714
2 19.5795 19.5795 19.5795 0 0.933333
2 19.5504 19.5504 19.5504 0 2.88889
2 19.4179 19.4179 19.4179 0 1.3
2 18.0653 18.0653 18.0653 0 0.666667
1 36.0611 36.0611 36.0611 0 2.66667
1 30.7009 30.7009 30.7009 0 1.3
1 27.6365 27.6365 27.6365 0 3.16667
1 23.4399 23.4399 23.4399 0 2.66667
1 8.2177 8.2177 8.2177 0 2.66667
1 7.14279 7.14279 7.14279 0 3.35714
1 5.06975 5.06975 5.06975 0 4.3
1 3.47797 3.47797 3.47797 0 2.66667
1 2.53575 2.53575 2.53575 0 3.8
1 1.78941 1.78941 1.78941 0 2.66667
1 1.55542 1.55542 1.55542 0 2.8
1 1.26344 1.26344 1.26344 0 3.35714
1 1.22381 1.22381 1.22381 0 2.66667
1 1.22381 1.22381 1.22381 0 2.66667
1 1.22381 1.22381 1.22381 0 2.66667
1 1.22381 1.22381 1.22381 0 2.66667
1 1.22381 1.22381 1.22381 0 2.66667
1 1.22381 1.22381 1.22381 0 2.66667
1 1.22381 1.22381 1.22381 0 2.66667
1 1.22381 1.22381 1.22381 0 2.66667
1 1.22369 1.22369 1.22369 0 2.66667
1 0.835437 0.835437 0.835437 0 4.16667
1 0.194376 0.194376 0.194376 0 2.85714
1 0.0667926 0.0667926 0.0667926 0 0.666667
1 0.052294 0.052294 0.052294 0 2.8
1 0.040418 0.040418 0.040418 0 4.3

7 21.4281 21.4281 21.4281 1.44157e-05 3.8
5 29.6014 29.6014 29.6014 0 2.8
7 20.6452 20.5901 20.6029 0.02075 1.35714
8 17.9967 17.9879 17.989 0.00288671 0.857143
3 47.6807 47.6807 47.6807 0 3.85714
8 2.88288 2.88122 17.5373 14.6558 4.16667
7 20.829 13.3527 19.761 2.61617 1.3
7 2.93592 2.9345 17.143 14.2079 3.85714
5 18.102 18.0649 18.0848 0.0164255 1.42308
4 21.5081 21.071 21.1867 0.185596 2.3
3 24.9432 15.5059 20.8928 3.95731 3.85714
2 19.5795 19.5795 19.5795 0 0.933333
2 19.5504 19.5504 19.5504 0 2.88889
2 19.4179 19.4179 19.4179 0 1.3
2 18.0653 18.0653 18.0653 0 0.666667
1 36.0611 36.0611 36.0611 0 2.66667
1 30.7009 30.7009 30.7009 0 1.3
1 27.6365 27.6365 27.6365 0 3.16667
1 23.4399 23.4399 23.4399 0 2.66667
1 8.2177 8.2177 8.2177 0 2.66667
1 7.14279 7.14279 7.14279 0 3.35714
1 5.06975 5.06975 5.06975 0 4.3
1 3.47797 3.47797 3.47797 0 2.66667
1 1.78941 1.78941 1.78941 0 2.66667
1 1.55542 1.55542 1.55542 0 2.8
1 1.26344 1.26344 1.26344 0 3.35714
1 1.22381 1.22381 1.22381 0 2.66667
1 1.22381 1.22381 1.22381 0 2.66667
1 1.22381 1.22381 1.22381 0 2.66667
1 1.22381 1.22381 1.22381 0 2.66667
1 1.22381 1.22381 1.22381 0 2.66667
1 1.22381 1.22381 1.22381 0 2.66667
1 1.22381 1.22381 1.22381 0 2.66667
1 1.22381 1.22381 1.22381 0 2.66667
1 1.22369 1.22369 1.22369 0 2.66667
1 0.835437 0.835437 0.835437 0 4.16667
1 0.633937 0.633937 0.639841 0.00590408 3.85714
1 0.194376 0.194376 0.194376 0 2.85714
1 0.0667926 0.0667926 0.0667926 0 0.666667
1 0.052294 0.052294 0.052294 0 2.8
1 0.040418 0.040418 0.040418 0 4.3
1 1e-08 1e-08 1e-08 0 4.16667

8 18.7387 18.7279 18.7293 0.00357992 4.16667
7 20.6452 20.5901 20.6029 0.02075 1.85714
8 17.9967 17.9879 17.989 0.00288671 0.857143
8 16.6369 16.6288 17.9238 1.29217 3.85714
3 47.6807 47.6807 47.6807 0 3.85714
1 132.844 132.844 132.844 0 3.85714
7 20.829 13.3527 18.6929 3.37747 1.3
6 24.6679 0.259237 20.5998 9.09656 2.8
6 2.20583 2.20583 18.6278 16.4219 3.8
5 3.79506 3.79506 18.2988 14.5037 2.8
5 18.102 18.0649 18.0848 0.0164255 0.909091
4 21.5081 21.071 21.1867 0.185596 2.3
2 19.5795 19.5795 19.5795 0 0.933333
2 19.5504 19.5504 19.5504 0 2.88889
2 19.4179 19.4179 19.4179 0 1.3
2 18.0653 18.0653 18.0653 0 0.666667
1 36.0611 36.0611 36.0611 0 2.66667
1 27.6365 27.6365 27.6365 0 3.16667
1 23.4399 23.4399 23.4399 0 2.66667
1 8.2177 8.2177 8.2177 0 2.66667
1 7.14279 7.14279 7.14279 0 3.35714
1 5.06975 5.06975 5.06975 0 4.3
1 3.47797 3.47797 3.47797 0 2.66667
1 2.53575 2.53575 2.53575 0 3.8
1 1.78941 1.78941 1.78941 0 2.66667
1 1.26344 1.26344 1.26344 0 3.35714
1 1.22381 1.22381 1.22381 0 2.66667
1 1.22381 1.22381 1.22381 0 2.66667
1 1.22381 1.22381 1.22381 0 2.66667
1 1.22381 1.22381 1.22381 0 2.66667
1 1.22381 1.22381 1.22381 0 2.66667
1 1.22381 1.22381 1.22381 0 2.66667
1 1.22381 1.22381 1.22381 0 2.66667
1 1.22381 1.22381 1.22381 0 2.66667
1 1.22369 1.22369 1.22369 0 2.66667
1 0.835437 0.835437 0.835437 0 4.16667
1 0.194376 0.194376 0.194376 0 2.85714
1 0.0667926 0.0667926 0.0667926 0 0.666667
1 0.052294 0.052294 0.052294 0 2.8
1 0.052257 0.052257 0.052257 0 3.8
1 0.040418 0.040418 0.040418 0 4.3

7 21.3903 21.3799 21.384 0.00477174 3.85714
8 17.9967 17.9879 17.989 0.00288671 0.857143
3 47.6807 47.6807 47.6807 0 3.85714
2 74.8296 66.4219 70.6258 4.20381 3.85714
8 13.4552 13.4552 16.8367 3.38148 2.8
7 20.829 13.3527 18.6929 3.37747 1.3
7 21.4281 0.00746529 18.368 7.49566 3.8
7 2.54084 2.53938 17.7554 15.215 4.16667
6 2.71231 2.6273 17.8224 15.1807 1.35714
5 18.102 18.0649 18.0848 0.0164255 0.909091
4 21.5081 21.071 21.1867 0.185596 1.8
2 19.5795 19.5795 19.5795 0 0.933333
2 19.5504 19.5504 19.5504 0 2.88889
2 19.4179 19.4179 19.4179 0 1.3
2 18.0653 18.0653 18.0653 0 0.666667
1 36.0611 36.0611 36.0611 0 2.66667
1 27.6365 27.6365 27.6365 0 3.16667
1 23.4399 23.4399 23.4399 0 2.66667
1 8.2177 8.2177 8.2177 0 2.66667
1 7.14279 7.14279 7.14279 0 3.35714
1 5.06975 5.06975 5.06975 0 4.3
1 3.47797 3.47797 3.47797 0 2.66667
1 2.53575 2.53575 2.53575 0 3.8
1 1.78941 1.78941 1.78941 0 2.66667
1 1.26344 1.26344 1.26344 0 3.35714
1 1.22381 1.22381 1.22381 0 2.66667
1 1.22381 1.22381 1.22381 0 2.66667
1 1.22381 1.22381 1.22381 0 2.66667
1 1.22381 1.22381 1.22381 0 2.66667
1 1.22381 1.22381 1.22381 0 2.66667
1 1.22381 1.22381 1.22381 0 2.66667
1 1.22381 1.22381 1.22381 0 2.66667
1 1.22381 1.22381 1.22381 0 2.66667
1 1.22369 1.22369 1.22369 0 2.66667
1 0.835437 0.835437 0.835437 0 4.16667
1 0.194376 0.194376 0.194376 0 2.85714
1 0.0667926 0.0667926 0.0667926 0 0.666667
1 0.052294 0.052294 0.052294 0 2.8
1 0.040418 0.040418 0.040418 0 4.3
1 1e-08 1e-08 1e-08 0 3.8

4 37.4992 37.4991 37.4992 7.66072e-06 3.8
7 21.4157 21.4033 21.4122 0.00558866 4.16667
8 18.5009 18.5009 18.5009 0 2.8
6 24.8628 24.0836 24.2151 0.289676 3.35714
3 47.6807 47.6807 47.6807 0 3.85714
7 20.829 13.3527 18.6929 3.37747 1.3
7 2.58176 2.58159 16.9114 14.3298 3.85714
3 49.9989 0.017419 33.3384 23.5615 3.8
5 2.6177 2.61764 19.269 16.6513 0.857143
5 18.102 18.0649 18.0848 0.0164255 0.909091
4 21.5081 21.071 21.1867 0.185596 2.3
2 49.8724 0.0315712 24.952 24.9204 3.85714
2 19.5795 19.5795 19.5795 0 0.933333
2 19.5504 19.5504 19.5504 0 2.88889
2 19.4179 19.4179 19.4179 0 1.3
2 18.0653 18.0653 18.0653 0 0.666667
1 36.0611 36.0611 36.0611 0 2.66667
1 27.6365 27.6365 27.6365 0 3.16667
1 23.4399 23.4399 23.4399 0 2.66667
1 8.2177 8.2177 8.2177 0 2.66667
1 7.14279 7.14279 7.14279 0 3.35714
1 5.06975 5.06975 5.06975 0 4.3
1 3.47797 3.47797 3.47797 0 2.66667
1 2.53575 2.53575 2.53575 0 3.8
1 1.78941 1.78941 1.78941 0 2.66667
1 1.26344 1.26344 1.26344 0 3.35714
1 1.22381 1.22381 1.22381 0 2.66667
1 1.22381 1.22381 1.22381 0 2.66667
1 1.22381 1.22381 1.22381 0 2.66667
1 1.22381 1.22381 1.22381 0 2.66667
1 1.22381 1.22381 1.22381 0 2.66667
1 1.22381 1.22381 1.22381 0 2.66667
1 1.22381 1.22381 1.22381 0 2.66667
1 1.22381 1.22381 1.22381 0 2.66667
1 1.22369 1.22369 1.22369 0 2.66667
1 0.962795 0.962795 0.962795 0 3.88889
1 0.835437 0.835437 0.835437 0 4.16667
1 0.194376 0.194376 0.194376 0 2.85714
1 0.0667926 0.0667926 0.0667926 0 0.666667
1 0.052294 0.052294 0.052294 0 2.8
1 0.040418 0.040418 0.040418 0 4.3
1 1e-08 1e-08 1e-08 0 3.8

5 29.6014 29.6014 29.6014 0 2.8
3 49.3357 49.3357 49.3357 0 2.8
6 24.8628 24.0836 24.2151 0.289676 1.35714
5 28.7947 28.794 28.7945 0.000276853 0.857143
3 47.6807 47.6807 47.6807 0 3.85714
7 20.829 13.3527 19.761 2.61617 1.3
7 14.9742 14.9732 17.1259 2.1525 3.85714
6 2.3809 2.3809 17.5148 15.1339 3.8
6 2.93941 2.93941 16.8358 13.8964 4.16667
5 18.102 18.0649 18.0848 0.0164255 0.909091
4 21.5081 21.071 21.1867 0.185596 1.8
2 19.5795 19.5795 19.5795 0 0.933333
2 19.5504 19.5504 19.5504 0 2.88889
2 19.4179 19.4179 19.4179 0 1.3
2 18.0653 18.0653 18.0653 0 0.666667
1 36.0611 36.0611 36.0611 0 2.66667
1 27.6365 27.6365 27.6365 0 3.16667
1 23.4399 23.4399 23.4399 0 2.66667
1 8.2177 8.2177 8.2177 0 2.66667
1 7.14279 7.14279 7.14279 0 3.35714
1 5.06975 5.06975 5.06975 0 4.3
1 3.47797 3.47797 3.47797 0 2.66667
1 2.53575 2.53575 2.53575 0 3.8
1 1.78941 1.78941 1.78941 0 2.66667
1 1.26344 1.26344 1.26344 0 3.35714
1 1.22381 1.22381 1.22381 0 2.66667
1 1.22381 1.22381 1.22381 0 2.66667
1 1.22381 1.22381 1.22381 0 2.66667
1 1.22381 1.22381 1.22381 0 2.66667
1 1.22381 1.22381 1.22381 0 2.66667
1 1.22381 1.22381 1.22381 0 2.66667
1 1.22381 1.22381 1.22381 0 2.66667
1 1.22381 1.22381 1.22381 0 2.66667
1 1.22369 1.22369 1.22369 0 2.66667
1 0.835437 0.835437 0.835437 0 4.16667
1 0.194376 0.194376 0.194376 0 2.85714
1 0.0667926 0.0667926 0.0667926 0 0.666667
1 0.052294 0.052294 0.052294 0 2.8
1 0.040418 0.040418 0.040418 0 4.3
1 1e-08 1e-08 1e-08 0 3.8

6 24.9994 24.9994 24.9994 0 3.8
6 24.985 24.985 24.985 0 4.16667
7 21.3918 21.3903 21.3905 0.000512692 3.85714
6 24.8628 24.0836 24.2151 0.289676 1.35714
5 28.7947 28.794 28.7945 0.000276853 0.857143
3 47.6807 47.6807 47.6807 0 3.85714
7 20.829 13.3527 18.6929 3.37747 1.3
6 1.38325 1.38325 16.4207 15.0375 2.8
5 18.102 18.0649 18.0848 0.0164255 0.909091
4 21.5081 21.071 21.1867 0.185596 1.8
2 19.5795 19.5795 19.5795 0 0.933333
2 19.5504 19.5504 19.5504 0 2.88889
2 19.4179 19.4179 19.4179 0 1.3
2 18.0653 18.0653 18.0653 0 0.666667
1 36.0611 36.0611 36.0611 0 2.66667
1 27.6365 27.6365 27.6365 0 3.16667
1 23.4399 23.4399 23.4399 0 2.66667
1 8.2177 8.2177 8.2177 0 2.66667
1 7.14279 7.14279 7.14279 0 3.35714
1 5.06975 5.06975 5.06975 0 4.3
1 3.47797 3.47797 3.47797 0 2.66667
1 2.53575 2.53575 2.53575 0 3.8
1 1.78941 1.78941 1.78941 0 2.66667
1 1.26344 1.26344 1.26344 0 3.35714
1 1.22381 1.22381 1.22381 0 2.66667
1 1.22381 1.22381 1.22381 0 2.66667
1 1.22381 1.22381 1.22381 0 2.66667
1 1.22381 1.22381 1.22381 0 2.66667
1 1.22381 1.22381 1.22381 0 2.66667
1 1.22381 1.22381 1.22381 0 2.66667
1 1.22381 1.22381 1.22381 0 2.66667
1 1.22381 1.22381 1.22381 0 2.66667
1 1.22369 1.22369 1.22369 0 2.66667
1 0.835437 0.835437 0.835437 0 4.16667
1 0.317897 0.317897 0.317897 0 0.857143
1 0.194376 0.194376 0.194376 0 2.85714
1 0.0667926 0.0667926 0.0667926 0 0.666667
1 0.052294 0.052294 0.052294 0 2.8
1 0.040418 0.040418 0.040418 0 4.3
1 1e-08 1e-08 1e-08 0 3.8

7 21.3918 21.3903 21.3905 0.000512692 3.85714
5 29.6014 29.6014 29.6014 0 2.8
1 148.007 148.007 148.007 0 2.8
6 24.8628 24.0836 24.2151 0.289676 1.35714
5 28.7947 28.794 28.7945 0.000276853 0.857143
3 47.6807 47.6807 47.6807 0 3.85714
7 20.829 13.3527 18.6929 3.37747 1.3
7 2.88288 2.88288 17.1528 14.2699 4.16667
6 2.54232 2.54232 18.9428 16.4004 3.8
5 18.102 18.0649 18.0848 0.0164255 0.909091
4 21.5081 21.071 21.1867 0.185596 2.3
2 19.5795 19.5795 19.5795 0 0.933333
2 19.5504 19.5504 19.5504 0 2.88889
2 19.4179 19.4179 19.4179 0 1.3
2 18.0653 18.0653 18.0653 0 0.666667
1 36.0611 36.0611 36.0611 0 2.66667
1 27.6365 27.6365 27.6365 0 3.16667
1 23.4399 23.4399 23.4399 0 2.66667
1 8.2177 8.2177 8.2177 0 2.66667
1 7.14279 7.14279 7.14279 0 3.35714
1 5.06975 5.06975 5.06975 0 4.3
1 3.47797 3.47797 3.47797 0 2.66667
1 2.53575 2.53575 2.53575 0 3.8
1 1.78941 1.78941 1.78941 0 2.66667
1 1.26344 1.26344 1.26344 0 3.35714
1 1.22381 1.22381 1.22381 0 2.66667
1 1.22381 1.22381 1.22381 0 2.66667
1 1.22381 1.22381 1.22381 0 2.66667
1 1.22381 1.22381 1.22381 0 2.66667
1 1.22381 1.22381 1.22381 0 2.66667
1 1.22381 1.22381 1.22381 0 2.66667
1 1.22381 1.22381 1.22381 0 2.66667
1 1.22381 1.22381 1.22381 0 2.66667
1 1.22369 1.22369 1.22369 0 2.66667
1 0.835437 0.835437 0.835437 0 4.16667
1 0.317897 0.317897 0.317897 0 0.857143
1 0.194376 0.194376 0.194376 0 2.85714
1 0.0667926 0.0667926 0.0667926 0 0.666667
1 0.052294 0.052294 0.052294 0 2.8
1 0.040418 0.040418 0.040418 0 4.3
1 1e-08 1e-08 1e-08 0 3.8
1 1e-08 1e-08 1e-08 0 4.16667

6 24.9994 24.9994 24.9994 7.42478e-07 3.8
6 24.8628 24.0836 24.2151 0.289676 1.35714
5 28.7947 28.794 28.7945 0.000276853 0.857143
3 47.6807 47.6807 47.6807 0 3.85714
8 18.7387 1.25e-09 16.3964 6.19725 4.16667
7 20.829 13.3527 18.6929 3.37747 1.3
8 2.49847 2.49555 15.4505 12.9545 3.85714
6 2.79259 2.79259 16.3782 13.5857 2.8
5 18.102 18.0649 18.0848 0.0164255 1.42308
4 21.5081 21.071 21.1867 0.185596 2.3
2 19.5795 19.5795 19.5795 0 0.933333
2 19.5504 19.5504 19.5504 0 2.88889
2 19.4179 19.4179 19.4179 0 1.3
2 18.0653 18.0653 18.0653 0 0.666667
1 36.0611 36.0611 36.0611 0 2.66667
1 27.6365 27.6365 27.6365 0 3.16667
1 23.4399 23.4399 23.4399 0 2.66667
1 8.2177 8.2177 8.2177 0 2.66667
1 7.14279 7.14279 7.14279 0 3.35714
1 5.06975 5.06975 5.06975 0 4.3
1 3.47797 3.47797 3.47797 0 2.66667
1 2.53575 2.53575 2.53575 0 3.8
1 1.78941 1.78941 1.78941 0 2.66667
1 1.26344 1.26344 1.26344 0 3.35714
1 1.22381 1.22381 1.22381 0 2.66667
1 1.22381 1.22381 1.22381 0 2.66667
1 1.22381 1.22381 1.22381 0 2.66667
1 1.22381 1.22381 1.22381 0 2.66667
1 1.22381 1.22381 1.22381 0 2.66667
1 1.22381 1.22381 1.22381 0 2.66667
1 1.22381 1.22381 1.22381 0 2.66667
1 1.22381 1.22381 1.22381 0 2.66667
1 1.22369 1.22369 1.22369 0 2.66667
1 0.835437 0.835437 0.835437 0 4.16667
1 0.317897 0.317897 0.317897 0 0.857143
1 0.194376 0.194376 0.194376 0 2.85714
1 0.0667926 0.0667926 0.0667926 0 0.666667
1 0.052294 0.052294 0.052294 0 2.8
1 0.040418 0.040418 0.040418 0 4.3
1 1e-08 1e-08 1e-08 0 3.8

7 21.4157 21.4157 21.4157 3.55271e-15 4.16667
1 149.811 149.811 149.811 0 3.8
8 18.7385 18.7166 18.7203 0.00690865 3.85714
6 24.6679 24.6679 24.6679 0 2.8
5 28.7947 28.794 28.7945 0.000276853 1.35714
3 47.6807 47.6807 47.6807 0 3.85714
7 20.829 13.3527 19.761 2.61617 1.3
6 2.67851 2.67851 18.7276 16.049 3.8
6 2.71393 2.65055 17.6348 14.9332 3.38889
5 18.102 18.0649 18.0848 0.0164255 0.909091
4 21.5081 21.071 21.1867 0.185596 1.8
2 19.5795 19.5795 19.5795 0 0.933333
2 19.5504 19.5504 19.5504 0 2.88889
2 19.4179 19.4179 19.4179 0 1.3
2 18.0653 18.0653 18.0653 0 0.666667
1 36.0611 36.0611 36.0611 0 2.66667
1 27.6365 27.6365 27.6365 0 3.16667
1 23.4399 23.4399 23.4399 0 2.66667
1 8.2177 8.2177 8.2177 0 2.66667
1 7.14279 7.14279 7.14279 0 3.35714
1 5.06975 5.06975 5.06975 0 4.3
1 3.47797 3.47797 3.47797 0 2.66667
1 2.53575 2.53575 2.53575 0 3.8
1 1.78941 1.78941 1.78941 0 2.66667
1 1.26344 1.26344 1.26344 0 3.35714
1 1.22381 1.22381 1.22381 0 2.66667
1 1.22381 1.22381 1.22381 0 2.66667
1 1.22381 1.22381 1.22381 0 2.66667
1 1.22381 1.22381 1.22381 0 2.66667
1 1.22381 1.22381 1.22381 0 2.66667
1 1.22381 1.22381 1.22381 0 2.66667
1 1.22381 1.22381 1.22381 0 2.66667
1 1.22381 1.22381 1.22381 0 2.66667
1 1.22369 1.22369 1.22369 0 2.66667
1 0.835437 0.835437 0.835437 0 4.16667
1 0.317897 0.317897 0.317897 0 0.857143
1 0.194376 0.194376 0.194376 0 2.85714
1 0.0667926 0.0667926 0.0667926 0 0.666667
1 0.052294 0.052294 0.052294 0 2.8
1 0.040418 0.040418 0.040418 0 4.3
1 1e-08 1e-08 1e-08 0 3.8
1 1e-08 1e-08 1e-08 0 4.16667

5 29.9993 29.9993 29.9993 1.17122e-06 3.8
8 18.7385 18.7166 18.7203 0.00690865 3.85714
6 24.8777 24.2967 24.7646 0.209867 3.35714
6 24.6679 24.6679 24.6679 0 2.8
5 28.7947 28.794 28.7945 0.000276853 0.857143
3 47.6807 47.6807 47.6807 0 3.85714
7 20.829 13.3527 19.761 2.61617 1.3
6 2.9982 2.9982 19.2141 16.2159 4.16667
5 18.102 18.0649 18.0848 0.0164255 0.909091
5 2.54232 2.542 17.7906 15.2485 3.8
4 21.5081 21.071 21.1867 0.185596 2.3
2 19.5795 19.5795 19.5795 0 0.933333
2 19.5504 19.5504 19.5504 0 2.88889
2 19.4179 19.4179 19.4179 0 1.3
2 18.0653 18.0653 18.0653 0 0.666667
1 36.0611 36.0611 36.0611 0 2.66667
1 27.6365 27.6365 27.6365 0 3.16667
1 23.4399 23.4399 23.4399 0 2.66667
1 8.2177 8.2177 8.2177 0 2.66667
1 7.14279 7.14279 7.14279 0 3.35714
1 5.06975 5.06975 5.06975 0 4.3
1 3.47797 3.47797 3.47797 0 2.66667
1 2.53575 2.53575 2.53575 0 3.8
1 1.78941 1.78941 1.78941 0 2.66667
1 1.26344 1.26344 1.26344 0 3.35714
1 1.22381 1.22381 1.22381 0 2.66667
1 1.22381 1.22381 1.22381 0 2.66667
1 1.22381 1.22381 1.22381 0 2.66667
1 1.22381 1.22381 1.22381 0 2.66667
1 1.22381 1.22381 1.22381 0 2.66667
1 1.22381 1.22381 1.22381 0 2.66667
1 1.22381 1.22381 1.22381 0 2.66667
1 1.22381 1.22381 1.22381 0 2.66667
1 1.22369 1.22369 1.22369 0 2.66667
1 0.835437 0.835437 0.835437 0 4.16667
1 0.317897 0.317897 0.317897 0 0.857143
1 0.194376 0.194376 0.194376 0 2.85714
1 0.0667926 0.0667926 0.0667926 0 0.666667
1 0.052294 0.052294 0.052294 0 2.8
1 0.040418 0.040418 0.040418 0 4.3
1 1e-08 1e-08 1e-08 0 3.8
1 1e-08 1e-08 1e-08 0 4.16667

2 74.9963 74.9898 74.9931 0.00325637 3.85714
6 24.985 24.985 24.985 0 4.16667
6 24.8777 24.2967 24.7646 0.209867 3.35714
6 24.6679 24.6679 24.6679 0 2.8
4 37.4945 35.7605 36.194 0.750847 3.85714
5 28.7947 28.794 28.7945 0.000276853 0.857143
7 20.829 13.3527 18.6929 3.37747 1.3
6 2.82846 2.82548 17.7541 14.9275 3.85714
5 2.459 2.45896 19.5068 17.0478 3.8
5 18.102 18.0649 18.0848 0.0164255 1.42308
4 21.5081 21.071 21.1867 0.185596 1.8
2 19.5795 19.5795 19.5795 0 0.933333
2 19.5504 19.5504 19.5504 0 2.88889
2 19.4179 19.4179 19.4179 0 1.3
2 18.0653 18.0653 18.0653 0 0.666667
1 36.0611 36.0611 36.0611 0 2.66667
1 27.6365 27.6365 27.6365 0 3.16667
1 23.4399 23.4399 23.4399 0 2.66667
1 8.2177 8.2177 8.2177 0 2.66667
1 7.14279 7.14279 7.14279 0 3.35714
1 5.06975 5.06975 5.06975 0 4.3
1 3.47797 3.47797 3.47797 0 2.66667
1 2.53575 2.53575 2.53575 0 3.8
1 1.78941 1.78941 1.78941 0 2.66667
1 1.26344 1.26344 1.26344 0 3.35714
1 1.22381 1.22381 1.22381 0 2.66667
1 1.22381 1.22381 1.22381 0 2.66667
1 1.22381 1.22381 1.22381 0 2.66667
1 1.22381 1.22381 1.22381 0 2.66667
1 1.22381 1.22381 1.22381 0 2.66667
1 1.22381 1.22381 1.22381 0 2.66667
1 1.22381 1.22381 1.22381 0 2.66667
1 1.22381 1.22381 1.22381 0 2.66667
1 1.22369 1.22369 1.22369 0 2.66667
1 0.835437 0.835437 0.835437 0 4.16667
1 0.317897 0.317897 0.317897 0 0.857143
1 0.194376 0.194376 0.194376 0 2.85714
1 0.0667926 0.0667926 0.0667926 0 0.666667
1 0.052294 0.052294 0.052294 0 2.8
1 0.040418 0.040418 0.040418 0 4.3
1 1e-08 1e-08 1e-08 0 3.8
1 1e-08 1e-08 1e-08 0 4.16667
1 1e-08 1e-08 1e-08 0 3.85714

5 29.9998 29.9993 29.9994 0.000178891 3.85714
6 24.9847 24.9584 24.9684 0.0116394 3.85714
8 18.7204 18.2225 18.5906 0.144911 3.35714
6 24.6679 24.6679 24.6679 0 2.8
5 28.7947 28.794 28.7945 0.000276853 0.857143
3 47.6807 47.6807 47.6807 0 3.85714
7 20.829 13.3527 19.761 2.61617 1.3
7 3.4882 3.4882 17.3567 13.8685 3.8
6 2.58465 2.58465 19.421 16.8364 4.16667
5 18.102 18.0649 18.0848 0.0164255 0.909091
4 17.2065 16.8568 21.0894 4.14264 2.16667
2 19.5795 19.5795 19.5795 0 0.933333
2 19.5504 19.5504 19.5504 0 2.88889
2 19.4179 19.4179 19.4179 0 1.3
2 18.0653 18.0653 18.0653 0 0.666667
1 36.0611 36.0611 36.0611 0 2.66667
1 27.6365 27.6365 27.6365 0 3.16667
1 23.4399 23.4399 23.4399 0 2.66667
1 8.2177 8.2177 8.2177 0 2.66667
1 7.14279 7.14279 7.14279 0 3.35714
1 5.06975 5.06975 5.06975 0 4.3
1 3.47797 3.47797 3.47797 0 2.66667
1 2.53575 2.53575 2.53575 0 3.8
1 1.78941 1.78941 1.78941 0 2.66667
1 1.26344 1.26344 1.26344 0 3.35714
1 1.22381 1.22381 1.22381 0 2.66667
1 1.22381 1.22381 1.22381 0 2.66667
1 1.22381 1.22381 1.22381 0 2.66667
1 1.22381 1.22381 1.22381 0 2.66667
1 1.22381 1.22381 1.22381 0 2.66667
1 1.22381 1.22381 1.22381 0 2.66667
1 1.22381 1.22381 1.22381 0 2.66667
1 1.22381 1.22381 1.22381 0 2.66667
1 1.22369 1.22369 1.22369 0 2.66667
1 0.835437 0.835437 0.835437 0 4.16667
1 0.317897 0.317897 0.317897 0 0.857143
1 0.194376 0.194376 0.194376 0 2.85714
1 0.0667926 0.0667926 0.0667926 0 0.666667
1 0.052294 0.052294 0.052294 0 2.8
1 0.040418 0.040418 0.040418 0 4.3
1 1e-08 1e-08 1e-08 0 3.8
1 1e-08 1e-08 1e-08 0 4.16667
1 1e-08 1e-08 1e-08 0 3.85714
1 3.33333e-09 3.33333e-09 1e-08 6.66667e-09 3.8
1 1e-08 1e-08 1e-08 0 4.16667
1 1e-08 1e-08 1e-08 0 4.3

