1 0.0522536 0.0522536 0.0522536 0 2
1 1e-08 1e-08 1e-08 0 0
1 1e-08 1e-08 1e-08 0 2
1 1e-08 1e-08 1e-08 0 2
1 1e-08 1e-08 1e-08 0 2

93 0.0131668 0.000185078 0.00163945 0.00353655 2
1 2e-09 2e-09 1e-08 8e-09 0
1 3.33333e-09 3.33333e-09 1e-08 6.66667e-09 2
1 5e-09 5e-09 1e-08 5e-09 2
1 5e-09 5e-09 1e-08 5e-09 2

5 0.244866 2e-09 0.0489733 0.0979466 2
36 0.00676529 0.000288694 0.00392624 0.00334627 2
1 2e-09 2e-09 1e-08 8e-09 0
1 3.33333e-09 3.33333e-09 1e-08 6.66667e-09 2
1 3.33333e-09 3.33333e-09 1e-08 6.66667e-09 2

50 0.0910253 0.000791722 0.0126129 0.0141574 2
3 0.408111 3.33333e-09 0.136037 0.192385 0
17 0.0194698 1.47059e-10 0.0127955 0.00826646 2
1 1.66667e-09 1.66667e-09 1e-08 8.33333e-09 2
1 1e-08 1e-08 1e-08 0 2

35 0.0438122 2.85714e-10 0.0231102 0.0167496 2.66667
28 0.0594819 0.0121233 0.0229763 0.0126469 2.66667
3 0.40815 3.33333e-09 0.13605 0.192404 2
17 0.0408129 3.33333e-10 0.0228231 0.0196482 0
1 3.33333e-09 3.33333e-09 1e-08 6.66667e-09 2

9 0.667519 1.11111e-09 0.239042 0.232847 2.66667
2 0.698771 0.698771 0.698771 0 2.66667
5 0.2449 0.2449 0.2449 0 2.66667
3 0.408167 0.408167 0.408167 0 2.66667
4 0.306127 0.30612 0.306125 3.05014e-06 2.66667
4 0.306124 0.306124 0.306124 0 2.66667
2 0.612247 0.612247 0.612247 0 2.66667
4 0.306124 0.306124 0.306124 0 2.66667
6 0.204075 0.204075 0.204075 0 2.66667
6 0.204086 0.133962 0.192399 0.0261339 2.66667
5 0.111318 0.111318 0.179059 0.067741 2.66667
3 0.408158 3.33333e-09 0.272106 0.192408 3.16667
5 0.0194105 0.0167588 0.162967 0.144623 2
1 0.0532369 0.0532369 0.212948 0.159711 2
1 0.102042 0.102042 0.102042 9.16667e-09 0
1 0.052256 0.052256 0.052256 0 2.66667
1 2.5e-09 2.5e-09 1e-08 7.5e-09 2.66667
1 5e-09 5e-09 1e-08 5e-09 2
1 1e-08 1e-08 1e-08 0 2.66667
1 1e-08 1e-08 1e-08 0 2.66667
1 1e-08 1e-08 1e-08 0 2.66667
1 1e-08 1e-08 1e-08 0 2.8

12 3.56455 0.102037 0.390581 0.956989 2.66667
8 0.333759 0.0680287 0.177705 0.122922 2.66667
6 0.111318 0.111318 0.204082 0.0927647 2.66667
6 0.111318 0.111318 0.204082 0.0927647 2.66667
6 0.0816339 0.0816339 0.190478 0.108844 2.66667
6 0.139754 0.139754 0.188043 0.0482886 2.66667
6 0.111318 0.111318 0.185529 0.0742118 2.66667
6 0.325932 0.111318 0.17981 0.0864167 2.66667
6 0.0874655 0.0874655 0.179491 0.0920253 3.16667
6 0.125383 0.0941925 0.178555 0.0800128 2.66667
5 0.219061 0.189135 0.207091 0.0146608 2.66667
5 0.0874639 0.0874639 0.193914 0.10645 2.66667
1 0.174925 0.174925 0.34985 0.174925 3.16667
1 0.0522728 0.0522728 0.0522728 0 2.8
1 0.052256 0.052256 0.052256 0 2.66667
1 0.0261363 0.0261363 0.0261363 5e-09 2.8
1 1e-08 1e-08 1e-08 0 2
1 1e-08 1e-08 1e-08 0 2.66667
1 1e-08 1e-08 1e-08 0 2.66667
1 1e-08 1e-08 1e-08 0 2.8
1 3.33333e-09 3.33333e-09 1e-08 6.66667e-09 2.8
1 1e-08 1e-08 1e-08 0 2.66667
1 1e-08 1e-08 1e-08 0 3.16667

20 0.872952 0.0249888 0.224274 0.340482 2.66667
10 0.353392 0.0720304 0.226531 0.144082 2.66667
7 0.448157 0.153063 0.217085 0.105551 2.66667
5 0.306686 0.264789 0.289927 0.0205251 2.66667
6 0.0784176 0.0776412 0.220113 0.142342 2.66667
5 0.271662 0.204084 0.258416 0.0489562 2.66667
4 0.896313 0.010985 0.306623 0.361009 2.8
5 0.204086 0.204086 0.244903 0.0408172 2.66667
5 0.244899 0.244899 0.244899 0 2.66667
1 1.22447 1.22447 1.22447 0 2.66667
5 0.111318 0.111318 0.222635 0.111318 2.66667
5 0.122449 0.122449 0.221454 0.099005 2.66667
5 0.0701125 0.0680282 0.216487 0.148044 2.66667
4 0.0765309 0.0765309 0.224258 0.147727 2.66667
1 0.0522728 0.0522728 0.0522728 0 2.8
1 0.052256 0.052256 0.052256 0 2.66667
1 0.0499216 0.0499216 0.0499216 0 2.8
1 0.0261291 0.0261291 0.0261291 5e-09 2.66667
1 1e-08 1e-08 1e-08 0 2
1 1e-08 1e-08 1e-08 0 2.66667
1 1e-08 1e-08 1e-08 0 2.66667
1 1e-08 1e-08 1e-08 0 2.8
1 1e-08 1e-08 1e-08 0 2.8
1 1e-08 1e-08 1e-08 0 2.66667
1 1e-08 1e-08 1e-08 0 3.16667
1 1e-08 1e-08 1e-08 0 2.66667
1 1e-08 1e-08 1e-08 0 2.8
1 1e-08 1e-08 1e-08 0 2.8

33 0.891139 0.0255094 0.269889 0.385607 2.66667
9 0.261203 0.0532399 0.268127 0.124194 2.66667
8 1.21268 0.088263 0.268602 0.370736 2.66667
5 0.156835 0.155282 0.267621 0.11203 2.66667
4 0.252405 0.244902 0.308003 0.0613116 2.66667
4 0.244899 0.244899 0.306124 0.0612247 2.66667
4 0.244899 0.244899 0.306124 0.0612247 2.66667
4 0.306119 0.306119 0.306119 0 2.66667
1 1.22445 1.22445 1.22445 0 2.66667
4 0.137894 0.0470962 0.293217 0.182313 2.66667
4 0.102041 0.102041 0.292953 0.190912 2.66667
4 0.135831 0.102042 0.271999 0.153992 2.66667
3 0.102043 0.102043 0.341542 0.239499 2.66667
3 0.244899 0.244899 0.326532 0.081633 2.66667
1 0.023017 0.023017 0.0595468 0.0365299 2.8
1 0.0522728 0.0522728 0.0522728 0 2.8
1 0.0522583 0.0522583 0.0522583 0 2.66667
1 0.052256 0.052256 0.052256 0 2.66667
1 1e-08 1e-08 1e-08 0 2.66667
1 1e-08 1e-08 1e-08 0 2.66667
1 1e-08 1e-08 1e-08 0 2.8
1 1e-08 1e-08 1e-08 0 2.8
1 1e-08 1e-08 1e-08 0 2.66667
1 1e-08 1e-08 1e-08 0 3.16667
1 1e-08 1e-08 1e-08 0 2.66667

36 0.619923 0.0177456 0.331188 0.300898 2.66667
10 0.300383 0.300383 0.343424 0.0430407 2.66667
4 0.896313 0.306126 0.748766 0.255559 2.66667
5 0.866197 0.0730204 0.39559 0.357121 2.66667
4 0.407494 0.306126 0.35681 0.050684 2.66667
4 0.108578 0.107503 0.350192 0.241883 2.66667
1 1.22452 1.22452 1.22452 0 0.666667
3 0.408172 0.408172 0.408172 0 2.66667
3 0.306124 0.306124 0.408165 0.102041 2.66667
3 0.408165 0.408165 0.408165 0 2.66667
3 0.153062 0.153062 0.357144 0.204082 2.66667
3 0.153062 0.153062 0.3355 0.182438 2.66667
2 0.105169 0.102042 0.462932 0.35933 2.66667
2 0.111316 0.111316 0.447639 0.336324 2.66667
2 0.204075 0.204075 0.412506 0.208431 0.666667
1 0.0690509 0.0690509 0.0690509 0 3.3
1 0.0522728 0.0522728 0.0522728 0 2.8
1 0.0522686 0.0522686 0.0522686 0 1.3
1 0.0522583 0.0522583 0.0522583 0 2.66667
1 0.052256 0.052256 0.052256 0 2.66667
1 1e-08 1e-08 1e-08 0 2.66667
1 1e-08 1e-08 1e-08 0 2.66667
1 1e-08 1e-08 1e-08 0 2.8
1 1e-08 1e-08 1e-08 0 2.8
1 1e-08 1e-08 1e-08 0 2.66667
1 1e-08 1e-08 1e-08 0 3.16667
1 1e-08 1e-08 1e-08 0 2.66667
1 1e-08 1e-08 1e-08 0 3.3
1 1e-08 1e-08 1e-08 0 2.66667

44 0.515357 0.0147524 0.424364 0.201036 3.16667
11 0.286079 0.286079 0.417219 0.131139 2.66667
9 1.39924 0.117956 0.442347 0.534156 2.66667
7 0.398361 0.398361 0.417798 0.0194365 2.66667
3 0.12832 0.12832 0.428381 0.300061 2.66667
2 0.306124 0.306124 0.612247 0.306124 2.66667
2 0.408165 0.408165 0.612247 0.204082 2.66667
2 0.408165 0.408165 0.612247 0.204082 2.66667
2 0.612237 0.612237 0.612237 0 2.66667
2 0.135831 0.135831 0.564912 0.429081 2.66667
2 0.244899 0.244899 0.549674 0.304775 2.66667
2 0.204086 0.204086 0.514571 0.310485 2.66667
2 0.210338 0.204087 0.513342 0.306146 2.66667
1 0.612225 0.612225 0.612225 5e-09 2.66667
1 0.0522728 0.0522728 0.0522728 0 2.8
1 0.0522686 0.0522686 0.0522686 0 1.3
1 0.0522583 0.0522583 0.0522583 0 2.66667
1 0.052256 0.052256 0.052256 0 2.66667
1 0.0345254 0.0345254 0.0461061 0.0115806 3.3
1 1e-08 1e-08 1e-08 0 2.66667
1 1e-08 1e-08 1e-08 0 2.66667
1 1e-08 1e-08 1e-08 0 2.8
1 1e-08 1e-08 1e-08 0 2.8
1 1e-08 1e-08 1e-08 0 2.66667

1 42.7747 42.7747 42.7747 0 2.8
27 0.486076 0.486076 1.18007 0.693991 2.8
11 3.8886 9.09091e-10 1.77783 1.75571 2.66667
4 1.07001 1.07001 1.31868 0.248673 2.66667
4 0.240307 0.240307 1.20257 0.962268 2.8
2 0.210897 0.210897 1.61313 1.40223 2.66667
1 0.631013 0.631013 1.24328 0.612262 0.666667
1 0.612258 0.612258 1.22452 0.612258 2.66667
1 0.612247 0.612247 1.22449 0.612247 2.66667
1 0.612247 0.612247 1.22449 0.612247 2.66667
1 0.612237 0.612237 1.22447 0.612237 2.66667
1 0.543325 0.543325 1.08665 0.543325 2.66667
1 0.204082 0.204082 1.02912 0.825042 2.66667
1 0.17644 0.17644 0.882198 0.705758 2.66667
1 0.306124 0.306124 0.63838 0.332256 2.66667
1 0.40815 0.40815 0.442997 0.0348468 0.666667
1 0.052256 0.052256 0.052256 0 2.66667
1 0.0508135 0.0508135 0.0508135 5e-09 2.8
1 1e-08 1e-08 1e-08 0 2.66667
1 1e-08 1e-08 1e-08 0 2.8
1 1e-08 1e-08 1e-08 0 2.8
1 1e-08 1e-08 1e-08 0 2.66667
1 1e-08 1e-08 1e-08 0 2.66667

32 0.777721 0.777721 1.21727 0.439552 2.66667
23 1.43113 0.701224 1.24533 0.533531 2.8
4 4.54753 4.54753 4.54753 0 2.66667
10 3.8886 9.09091e-10 1.22303 1.74555 0.666667
4 1.50192 1.50192 1.50192 0 2.66667
2 1.79263 1.79263 1.79263 0 2.66667
1 1.62997 1.62997 1.62997 0 2.66667
1 1.41152 1.41152 1.41152 0 2.66667
1 1.26203 1.26203 1.26203 0 2.66667
1 1.22452 1.22452 1.22452 0 2.66667
1 1.22449 1.22449 1.22449 0 2.66667
1 1.22449 1.22449 1.22449 0 2.66667
1 1.22449 1.22449 1.22449 0 2.66667
1 1.22449 1.22449 1.22449 0 2.66667
1 1.22447 1.22447 1.22447 0 2.66667
1 0.612225 0.612225 1.10381 0.49159 2.66667
1 0.0771452 0.0771452 0.0771452 0 0.8
1 0.052256 0.052256 0.052256 0 2.66667
1 0.0507975 0.0507975 0.0507975 0 2.8
1 0.0338757 0.0338757 0.0338757 6.66667e-09 2.66667
1 1e-08 1e-08 1e-08 0 2.66667
1 1e-08 1e-08 1e-08 0 2.8
1 1e-08 1e-08 1e-08 0 2.8
1 1e-08 1e-08 1e-08 0 2.66667
1 1e-08 1e-08 1e-08 0 2.66667
1 2.5e-09 2.5e-09 1e-08 7.5e-09 2.66667
1 1e-08 1e-08 1e-08 0 2.8
1 5e-09 5e-09 1e-08 5e-09 2.85714

36 1.71174 0.838719 1.07659 0.277914 2.8
28 0.475274 0.475274 1.08645 0.611177 2.66667
15 0.790876 0.790876 1.11673 0.325857 2.66667
4 1.50192 1.50192 1.50192 0 2.66667
2 1.79263 1.79263 1.79263 0 2.66667
1 1.62997 1.62997 1.62997 0 2.66667
1 1.41152 1.41152 1.41152 0 2.66667
1 1.26203 1.26203 1.26203 0 2.66667
1 1.22452 1.22452 1.22452 0 2.66667
1 1.22449 1.22449 1.22449 0 2.66667
1 1.22449 1.22449 1.22449 0 2.66667
1 1.22449 1.22449 1.22449 0 2.66667
1 1.22449 1.22449 1.22449 0 2.66667
1 1.22447 1.22447 1.22447 0 2.66667
1 0.204075 0.204075 0.226355 0.0222799 2.66667
1 0.052256 0.052256 0.052256 0 2.66667
1 1e-08 1e-08 1e-08 0 3.16667
1 1e-08 1e-08 1e-08 0 2.66667
1 1e-08 1e-08 1e-08 0 2.8
1 1e-08 1e-08 1e-08 0 2.8
1 1e-08 1e-08 1e-08 0 2.66667

1 42.9697 42.9697 42.9697 0 2.8
19 1.17971 0.578036 2.09133 1.38749 2.8
18 0.701224 0.701224 2.14265 1.44143 2.66667
3 14.2582 0.0174253 9.51129 6.71317 2.8
2 21.3873 0.0229092 10.7051 10.6822 0.8
7 0.606338 0.606338 2.16463 1.55829 2.8
2 1.50192 1.50192 3.00383 1.50192 2.66667
1 1.79263 1.79263 3.58525 1.79263 2.66667
1 1.62997 1.62997 1.62997 0 2.66667
1 1.41152 1.41152 1.41152 0 2.66667
1 1.26203 1.26203 1.26203 0 2.66667
1 1.22452 1.22452 1.22452 0 2.66667
1 1.22449 1.22449 1.22449 0 2.66667
1 1.22449 1.22449 1.22449 0 2.66667
1 1.22449 1.22449 1.22449 0 2.66667
1 1.22449 1.22449 1.22449 0 2.66667
1 1.22447 1.22447 1.22447 0 2.66667
1 0.612225 0.612225 0.615168 0.00294364 2.66667
1 0.052256 0.052256 0.052256 0 2.66667
1 1e-08 1e-08 1e-08 0 2.66667
1 1e-08 1e-08 1e-08 0 2.8
1 1e-08 1e-08 1e-08 0 2.8
1 1e-08 1e-08 1e-08 0 2.66667
1 1e-08 1e-08 1e-08 0 2.66667
1 1e-08 1e-08 1e-08 0 2.85714
1 3.33333e-09 3.33333e-09 1e-08 6.66667e-09 2.66667
1 1e-08 1e-08 1e-08 0 2.66667
1 1e-08 1e-08 1e-08 0 0.8
1 1e-08 1e-08 1e-08 0 0.666667

1 42.813 42.813 42.813 0 0.8
18 2.06486 0.716162 2.22883 1.30114 2.8
18 0.872952 0.872952 2.2055 1.33255 2.66667
12 2.50996 1.42582 2.23808 0.720073 2.8
3 14.2582 0.0152728 6.97646 5.81907 0.8
7 2.59859 2.59859 2.59859 0 2.66667
2 3.00383 3.00383 3.00383 0 2.66667
1 3.58525 3.58525 3.58525 0 2.66667
1 1.62997 1.62997 1.62997 0 2.66667
1 1.41152 1.41152 1.41152 0 2.66667
1 1.26203 1.26203 1.26203 0 2.66667
1 1.22452 1.22452 1.22452 0 2.66667
1 1.22449 1.22449 1.22449 0 2.66667
1 1.22449 1.22449 1.22449 0 2.66667
1 1.22449 1.22449 1.22449 0 2.66667
1 1.22449 1.22449 1.22449 0 2.66667
1 1.22447 1.22447 1.22447 0 2.66667
1 1.22445 1.22445 1.22445 0 2.66667
1 0.340113 0.340113 0.340113 0 2.8
1 0.052256 0.052256 0.052256 0 2.66667
1 1e-08 1e-08 1e-08 0 2.66667
1 1e-08 1e-08 1e-08 0 2.8
1 1e-08 1e-08 1e-08 0 2.8
1 1e-08 1e-08 1e-08 0 2.66667
1 5e-09 5e-09 1e-08 5e-09 2.66667
1 1e-08 1e-08 1e-08 0 2.66667
1 1e-08 1e-08 1e-08 0 0.666667
1 1e-08 1e-08 1e-08 0 2.8

18 3.09729 1.07424 2.6209 1.19777 2.85714
1 42.7747 42.7747 42.7747 0 2.8
14 1.76292 0.713549 2.7648 1.81672 0.8
13 1.18818 1.18818 2.6533 1.46512 2.66667
2 21.4848 2.98587 12.2354 9.24949 2.85714
2 21.4848 5e-09 10.7424 10.7424 2.85714
6 2.59859 2.59859 3.03169 0.433099 2.66667
4 4.75274 0.00509093 2.92721 1.97525 0.8
2 3.00383 3.00383 3.00383 0 2.66667
1 3.58525 3.58525 3.58525 0 2.66667
1 1.62997 1.62997 1.62997 0 2.66667
1 1.41152 1.41152 1.41152 0 2.66667
1 1.26203 1.26203 1.26203 0 2.66667
1 1.22452 1.22452 1.22452 0 2.66667
1 1.22449 1.22449 1.22449 0 2.66667
1 1.22449 1.22449 1.22449 0 2.66667
1 1.22449 1.22449 1.22449 0 2.66667
1 1.22449 1.22449 1.22449 0 2.66667
1 1.22447 1.22447 1.22447 0 2.66667
1 0.340113 0.340113 0.340113 0 2.8
1 0.052256 0.052256 0.052256 0 2.66667
1 1e-08 1e-08 1e-08 0 2.66667
1 1e-08 1e-08 1e-08 0 2.8
1 1e-08 1e-08 1e-08 0 2.8
1 1e-08 1e-08 1e-08 0 2.66667
1 1e-08 1e-08 1e-08 0 2.66667
1 5e-09 5e-09 1e-08 5e-09 2.66667
1 5e-09 5e-09 1e-08 5e-09 0.666667
1 1e-08 1e-08 1e-08 0 2.8
1 1e-08 1e-08 1e-08 0 2.8

13 3.9965 1.38106 4.48734 1.90444 2.8
7 10.757 1.42857e-09 7.68463 4.85783 2.85714
1 42.7747 42.7747 42.7747 0 2.8
9 7.74322 2.46536 4.33833 2.04693 2.8
8 1.15607 1.15607 4.48042 3.32435 2.8
7 7.0517 2.85437 4.72893 1.89689 0.8
7 6.13853 1.42857e-09 4.38466 2.7731 0.8
6 1.43249 1.43232 4.73038 3.29803 2.8
4 10.6937 0.0114546 6.58222 4.44431 0.8
4 3.03169 3.03169 4.54753 1.51584 2.66667
4 17.1488 2.5e-09 4.32774 7.40251 0.8
3 14.2582 3.33333e-09 4.75274 6.72139 2.85714
1 3.00383 3.00383 6.00767 3.00383 2.66667
1 3.58525 3.58525 3.58525 0 2.66667
1 1.62997 1.62997 1.62997 0 2.66667
1 1.41152 1.41152 1.41152 0 2.66667
1 1.26203 1.26203 1.26203 0 2.66667
1 1.22452 1.22452 1.22452 0 2.66667
1 1.22449 1.22449 1.22449 0 2.66667
1 1.22449 1.22449 1.22449 0 2.66667
1 1.22449 1.22449 1.22449 0 2.66667
1 1.22449 1.22449 1.22449 0 2.66667
1 1.22447 1.22447 1.22447 0 2.66667
1 0.170057 0.170057 0.170057 5e-09 2.8
1 0.052256 0.052256 0.052256 0 2.66667
1 1e-08 1e-08 1e-08 0 2.66667
1 1e-08 1e-08 1e-08 0 2.8
1 1e-08 1e-08 1e-08 0 2.8
1 1e-08 1e-08 1e-08 0 2.66667
1 1e-08 1e-08 1e-08 0 2.66667
1 1e-08 1e-08 1e-08 0 2.66667
1 1e-08 1e-08 1e-08 0 0.666667

21 3.6344 2.12924 3.56156 0.969457 2.8
1 42.9697 42.9697 42.9697 0 2.85714
11 1.83656 1.83656 3.69182 1.85526 2.85714
11 2.67342 2.67342 3.64586 0.972448 2.66667
11 2.93821 1.1936 3.52669 2.21795 3.3
8 4.75274 1.11111e-09 3.57357 2.04247 0.666667
6 7.1293 0.0076364 4.45944 2.82695 0.8
4 4.54753 4.54753 4.54753 0 2.66667
4 6.8595 0.00394872 3.84774 2.45936 1.3
1 6.00767 6.00767 6.00767 0 2.66667
1 3.58525 3.58525 3.58525 0 2.66667
1 1.62997 1.62997 1.62997 0 2.66667
1 1.41152 1.41152 1.41152 0 2.66667
1 1.26203 1.26203 1.26203 0 2.66667
1 1.22452 1.22452 1.22452 0 2.66667
1 1.22449 1.22449 1.22449 0 2.66667
1 1.22449 1.22449 1.22449 0 2.66667
1 1.22449 1.22449 1.22449 0 2.66667
1 1.22449 1.22449 1.22449 0 2.66667
1 1.22447 1.22447 1.22447 0 2.66667
1 0.340113 0.340113 0.340113 0 2.8
1 0.052256 0.052256 0.052256 0 2.66667
1 0.0468791 0.0468791 0.0468791 0 2.85714
1 0.00079626 0.00079626 0.000796267 6.66667e-09 2.8
1 1e-08 1e-08 1e-08 0 0.8
1 1e-08 1e-08 1e-08 0 2.66667
1 1e-08 1e-08 1e-08 0 2.8
1 1e-08 1e-08 1e-08 0 2.8
1 1e-08 1e-08 1e-08 0 2.66667
1 1e-08 1e-08 1e-08 0 2.66667
1 1e-08 1e-08 1e-08 0 2.66667
1 1e-08 1e-08 1e-08 0 0.666667
1 1e-08 1e-08 1e-08 0 2.8

20 2.19133 1.82193 3.81919 1.97443 2.8
9 9.69985 0.00026542 7.5446 4.03211 2.8
10 10.5775 1e-09 5.59411 4.42872 2.8
11 1.06937 1.06937 3.79145 2.72209 0.666667
10 4.43384 1.7904 3.6688 1.79786 2.85714
8 5.37121 1.25e-09 4.0262 2.32285 2.85714
4 4.54753 4.54753 4.54753 0 2.66667
3 3.05542 3.03768 4.83494 1.78548 0.857143
1 6.00767 6.00767 6.00767 0 2.66667
1 3.58525 3.58525 3.58525 0 2.66667
1 1.62997 1.62997 1.62997 0 2.66667
1 1.41152 1.41152 1.41152 0 2.66667
1 1.26203 1.26203 1.26203 0 2.66667
1 1.22452 1.22452 1.22452 0 2.66667
1 1.22449 1.22449 1.22449 0 2.66667
1 1.22449 1.22449 1.22449 0 2.66667
1 1.22449 1.22449 1.22449 0 2.66667
1 1.22449 1.22449 1.22449 0 2.66667
1 1.22447 1.22447 1.22447 0 2.66667
1 0.703077 0.703077 1.0275 0.324427 0.857143
1 0.340113 0.340113 0.340113 0 2.8
1 0.052256 0.052256 0.052256 0 2.66667
1 1e-08 1e-08 1e-08 0 0.8
1 1e-08 1e-08 1e-08 0 2.66667
1 1e-08 1e-08 1e-08 0 2.8
1 1e-08 1e-08 1e-08 0 2.8
1 1e-08 1e-08 1e-08 0 2.66667
1 1e-08 1e-08 1e-08 0 2.66667
1 1e-08 1e-08 1e-08 0 2.66667
1 1e-08 1e-08 1e-08 0 0.8
1 1e-08 1e-08 1e-08 0 2.8

26 2.12872 1.76988 3.12728 1.32211 2.8
15 5.56713 2.2513 3.14227 1.21219 2.66667
11 2.876 1.16438 3.16399 1.34388 0.8
11 2.86465 2.86465 3.12631 0.261659 2.85714
10 12.3891 1e-09 3.30261 4.81543 2.8
10 3.56455 0.002377 3.20834 1.06865 2.66667
4 4.54753 4.54753 4.54753 0 2.66667
1 6.00767 6.00767 6.00767 0 2.66667
1 3.58525 3.58525 3.58525 0 2.66667
1 1.62997 1.62997 1.62997 0 2.66667
1 1.41152 1.41152 1.41152 0 2.66667
1 1.40615 1.40615 1.40615 0 0.857143
1 1.26203 1.26203 1.26203 0 2.66667
1 1.22452 1.22452 1.22452 0 2.66667
1 1.22449 1.22449 1.22449 0 2.66667
1 1.22449 1.22449 1.22449 0 2.66667
1 1.22449 1.22449 1.22449 0 2.66667
1 1.22449 1.22449 1.22449 0 2.66667
1 1.22447 1.22447 1.22447 0 2.66667
1 0.170057 0.170057 0.170057 5e-09 2.66667
1 0.0597451 0.0597451 0.0597451 0 2.85714

1 105.624 105.624 105.624 0 0.857143
18 1.6933 1.40786 4.3911 2.9009 2.8
12 8.80431 8.33333e-10 5.36539 3.68259 2.8
2 52.8877 5e-09 26.4439 26.4439 0.857143
8 0.994759 0.994759 4.60349 3.60873 2.66667
7 1.49576 1.48171 4.89074 3.40702 2.85714
4 10.694 2.5e-09 5.34861 5.3452 0.857143
4 4.54753 4.54753 4.54753 0 2.66667
1 6.00767 6.00767 6.00767 0 2.66667
1 3.58525 3.58525 3.58525 0 2.66667
1 1.62997 1.62997 1.62997 0 2.66667
1 1.41152 1.41152 1.41152 0 2.66667
1 1.40615 1.40615 1.40615 0 0.857143
1 1.26203 1.26203 1.26203 0 2.66667
1 1.22452 1.22452 1.22452 0 2.66667
1 1.22449 1.22449 1.22449 0 2.66667
1 1.22449 1.22449 1.22449 0 2.66667
1 1.22449 1.22449 1.22449 0 2.66667
1 1.22449 1.22449 1.22449 0 2.66667
1 1.22447 1.22447 1.22447 0 2.66667
1 0.340113 0.340113 0.340113 0 2.8
1 0.0597451 0.0597451 0.0597451 0 2.85714
1 1e-08 1e-08 1e-08 0 2.8
1 1e-08 1e-08 1e-08 0 2.8
1 1e-08 1e-08 1e-08 0 2.8
1 1e-08 1e-08 1e-08 0 2.8

26 3.3866 2.81572 4.01105 0.976292 2.8
18 2.78356 2.77958 4.05192 1.27208 0.857143
7 6.19673 6.13853 6.14684 0.0203682 2.88889
10 3.8886 3.8886 4.27747 0.38886 2.66667
10 4.06829 1.75099 4.21248 0.790911 0.8
7 7.12641 6.66667e-10 4.06931 3.46599 0.857143
4 4.54753 4.54753 4.54753 0 2.66667
4 8.55516 0.00544505 4.28031 4.27474 0.8
1 6.00767 6.00767 6.00767 0 2.66667
1 3.58525 3.58525 3.58525 0 2.66667
1 1.62997 1.62997 1.62997 0 2.66667
1 1.41152 1.41152 1.41152 0 2.66667
1 1.26203 1.26203 1.26203 0 2.66667
1 1.22452 1.22452 1.22452 0 2.66667
1 1.22449 1.22449 1.22449 0 2.66667
1 1.22449 1.22449 1.22449 0 2.66667
1 1.22449 1.22449 1.22449 0 2.66667
1 1.22449 1.22449 1.22449 0 2.66667
1 1.22447 1.22447 1.22447 0 2.66667
1 0.468718 0.468718 0.468718 6.66667e-09 0.8
1 0.340113 0.340113 0.340113 0 2.8
1 0.0597451 0.0597451 0.0597451 0 2.85714
1 0.0266329 0.0266329 0.0266329 5e-09 0.8

23 2.70928 2.25257 4.42522 1.84242 3.3
23 2.51846 2.51486 4.26438 1.74914 0.857143
17 2.88909 2.85545 4.36328 1.4967 0.857143
8 2.2513 2.2513 4.57034 2.31904 2.66667
7 2.40984 2.38721 4.78055 2.38722 2.85714
4 10.694 0.00680631 5.35039 5.34342 0.8
4 4.54753 4.54753 4.54753 0 2.66667
4 17.6292 1.66667e-09 4.40772 7.63345 0.888889
1 6.00767 6.00767 6.00767 0 2.66667
1 3.58525 3.58525 3.58525 0 2.66667
1 1.62997 1.62997 1.62997 0 2.66667
1 1.41152 1.41152 1.41152 0 2.66667
1 1.40615 1.40615 1.40615 0 0.857143
1 1.26203 1.26203 1.26203 0 2.66667
1 1.22452 1.22452 1.22452 0 2.66667
1 1.22449 1.22449 1.22449 0 2.66667
1 1.22449 1.22449 1.22449 0 2.66667
1 1.22449 1.22449 1.22449 0 2.66667
1 1.22449 1.22449 1.22449 0 2.66667

1 106.412 106.412 106.412 0 0.8
20 2.56915 2.56915 5.31025 2.7411 2.8
16 1.7928 1.79024 5.48351 3.69265 0.857143
13 2.27439 2.25054 5.38083 3.1165 0.8
7 6.19673 6.13853 6.15431 0.0211722 2.88889
8 5.34683 5.34683 5.34683 0 2.66667
4 10.694 0.00680631 5.35039 5.34342 0.857143
3 4.54753 4.54753 6.06338 1.51584 2.66667
1 6.00767 6.00767 6.00767 0 2.66667
1 3.58525 3.58525 3.58525 0 2.66667
1 1.62997 1.62997 1.62997 0 2.66667
1 1.41152 1.41152 1.41152 0 2.66667
1 1.40615 1.40615 1.40615 0 0.857143
1 1.26203 1.26203 1.26203 0 2.66667
1 1.22452 1.22452 1.22452 0 2.66667
1 1.22449 1.22449 1.22449 0 2.66667
1 1.22449 1.22449 1.22449 0 2.66667
1 1.22449 1.22449 1.22449 0 2.66667
1 1.22449 1.22449 1.22449 0 2.66667
1 1e-08 1e-08 1e-08 0 2.8
1 1e-08 1e-08 1e-08 0 2.85714

26 1.6933 1.6933 4.0964 2.4031 2.8
19 3.97838 3.91761 4.20387 0.260923 0.909091
19 3.81772 3.77229 4.17414 0.397517 3.35714
7 6.19673 6.13853 6.15431 0.0211722 2.85714
8 4.27747 4.27747 4.27747 2.49999e-10 2.85714
4 10.694 0.00680631 5.35039 5.34342 0.8
3 6.06338 6.06338 6.06338 0 2.66667
1 6.00767 6.00767 6.00767 0 2.66667
1 4.21368 4.21368 4.23077 0.0170858 2.8
1 3.58525 3.58525 3.58525 0 2.66667
1 1.62997 1.62997 1.62997 0 2.66667
1 1.41152 1.41152 1.41152 0 2.66667
1 1.40615 1.40615 1.40615 0 0.857143
1 1.26203 1.26203 1.26203 0 2.66667
1 1.22452 1.22452 1.22452 0 2.66667
1 1.22449 1.22449 1.22449 0 2.66667
1 1.22449 1.22449 1.22449 0 2.66667
1 1.22449 1.22449 1.22449 0 2.66667
1 1.22449 1.22449 1.22449 0 2.66667
1 1e-08 1e-08 1e-08 0 2.85714

12 2.86559 2.86559 8.96026 6.09468 0.857143
1 106.339 106.339 106.339 0 0.857143
5 21.2678 21.2678 21.2678 0 2.8
11 3.02338 3.02137 9.11864 6.09641 0.857143
10 3.48425 3.44826 9.28842 5.83489 0.857143
4 26.4061 2.5e-09 19.8045 11.4342 0.857143
8 13.2924 1.25e-09 9.14078 5.67567 0.857143
3 35.8054 3.33333e-09 23.688 16.7514 2.85714
4 4.27747 4.27747 9.62501 5.34754 2.66667
3 1.97169 1.97169 11.1471 9.17537 2.88889
2 10.694 10.6937 10.7008 0.00696995 0.8
2 7.12911 7.12911 10.6945 3.56543 2.66667
2 6.06338 6.06338 9.09507 3.03169 2.66667
1 6.00767 6.00767 6.00767 0 2.66667
1 3.58525 3.58525 3.58525 0 2.66667
1 1.62997 1.62997 1.62997 0 2.66667
1 1.41152 1.41152 1.41152 0 2.66667
1 1.40615 1.40615 1.40615 0 0.857143
1 1.26203 1.26203 1.26203 0 2.66667
1 1.22452 1.22452 1.22452 0 2.66667
1 1.22449 1.22449 1.22449 0 2.66667
1 1.22449 1.22449 1.22449 0 2.66667
1 1.22449 1.22449 1.22449 0 2.66667
1 1.22449 1.22449 1.22449 0 2.66667
1 0.0532713 0.0532713 0.0532713 0 2.88889
1 1e-08 1e-08 1e-08 0 0.888889
1 5e-09 5e-09 1e-08 5e-09 0.857143

25 5.73117 3.84615e-10 5.32288 1.39592 2.8
16 1.14906 1.13719 5.3667 4.22555 0.8
13 6.61186 0.0169504 5.60629 2.34346 0.888889
6 17.605 1.66667e-09 8.80218 8.80218 0.888889
3 14.459 14.459 14.459 0 2.88889
2 21.3879 21.3873 21.3876 0.000290694 0.857143
6 7.12911 7.12911 7.12911 8.88178e-16 2.66667
2 9.09507 9.09507 9.09507 0 2.66667
2 13.2924 0.11361 6.74387 6.58952 2.85714
1 6.00767 6.00767 6.00767 0 2.66667
1 3.58525 3.58525 3.58525 0 2.66667
1 1.62997 1.62997 1.62997 0 2.66667
1 1.41152 1.41152 1.41152 0 2.66667
1 1.40615 1.40615 1.40615 0 0.857143
1 1.26203 1.26203 1.26203 0 2.66667
1 1.22452 1.22452 1.22452 0 2.66667
1 1.22449 1.22449 1.22449 0 2.66667
1 1.22449 1.22449 1.22449 0 2.66667
1 1.22449 1.22449 1.22449 0 2.66667
1 1.22449 1.22449 1.22449 0 2.66667
1 5e-09 5e-09 1e-08 5e-09 2.85714
1 2.5e-09 2.5e-09 1e-08 7.5e-09 0.888889
1 1e-08 1e-08 1e-08 0 2.8

1 105.635 105.635 105.635 0 0.857143
20 2.32829 2.32829 5.26784 2.93955 2.8
16 2.40026 2.37547 5.3859 2.99636 0.857143
11 4.2252 4.22497 5.21455 0.989533 0.888889
7 3.56469 3.56455 5.60148 2.03689 0.857143
7 3.8886 3.8886 5.55552 1.66692 2.66667
7 3.61476 3.61476 5.15677 1.54201 2.88889
2 9.09507 9.09507 9.09507 0 2.66667
1 6.00767 6.00767 6.00767 0 2.66667
1 3.58525 3.58525 3.58525 0 2.66667
1 1.62997 1.62997 1.62997 0 2.66667
1 1.41152 1.41152 1.41152 0 2.66667
1 1.40615 1.40615 1.40615 0 0.857143
1 1.26203 1.26203 1.26203 0 2.66667
1 1.22452 1.22452 1.22452 0 2.66667
1 1.22449 1.22449 1.22449 0 2.66667
1 1.22449 1.22449 1.22449 0 2.66667
1 1.22449 1.22449 1.22449 0 2.66667
1 1.22449 1.22449 1.22449 0 2.66667
1 0.915118 0.915118 0.915118 0 2.88889
1 5e-09 5e-09 1e-08 5e-09 2.85714
1 1e-08 1e-08 1e-08 0 2.85714
1 1e-08 1e-08 1e-08 0 0.8
1 1e-08 1e-08 1e-08 0 0.888889

17 2.81152 2.81152 6.03211 3.2206 2.8
14 3.1823 3.1593 5.87776 2.70682 0.857143
12 2.1062 2.07127 6.04479 3.97052 0.857143
6 17.604 1.66667e-09 11.6188 8.21948 0.888889
6 17.605 1.66667e-09 8.80234 8.80234 0.857143
7 6.19673 6.19673 6.19673 0 2.88889
6 7.12938 7.12911 7.1292 0.000105684 0.857143
7 6.11066 6.11066 6.11066 8.88178e-16 2.66667
2 21.3873 5e-09 10.6937 10.6937 0.8
2 9.09507 9.09507 9.09507 0 2.66667
1 6.00767 6.00767 6.00767 0 2.66667
1 3.58525 3.58525 3.58525 0 2.66667
1 1.62997 1.62997 1.62997 0 2.66667
1 1.41152 1.41152 1.41152 0 2.66667
1 1.40615 1.40615 1.40615 0 0.857143
1 1.26203 1.26203 1.26203 0 2.66667
1 1.22452 1.22452 1.22452 0 2.66667
1 1.22449 1.22449 1.22449 0 2.66667
1 1.22449 1.22449 1.22449 0 2.66667
1 1.22449 1.22449 1.22449 0 2.66667
1 1.22449 1.22449 1.22449 0 2.66667
1 0.915118 0.915118 0.915118 0 2.88889
1 1e-08 1e-08 1e-08 0 2.85714

1 106.516 106.516 106.516 0 2.85714
1 105.775 105.775 105.775 0 1.38889
12 3.6344 3.6344 7.87527 4.24087 2.8
12 2.84732 2.84242 7.563 4.71982 2.85714
11 3.91371 3.91254 7.81381 3.90086 0.857143
6 3.77299 3.77229 8.60306 4.83058 0.888889
4 26.402 2.5e-09 12.5187 12.4485 2.88889
5 6.11089 6.11066 8.55503 2.44427 0.857143
5 6.11066 6.11066 8.55493 2.44427 2.66667
4 2.16886 2.16886 8.06829 5.89944 2.88889
2 9.09507 9.09507 9.09507 0 2.66667
1 6.00767 6.00767 6.00767 0 2.66667
1 3.58525 3.58525 3.58525 0 2.66667
1 1.62997 1.62997 1.62997 0 2.66667
1 1.41152 1.41152 1.41152 0 2.66667
1 1.40615 1.40615 1.40615 0 0.857143
1 1.26203 1.26203 1.26203 0 2.66667
1 1.22452 1.22452 1.22452 0 2.66667
1 1.22449 1.22449 1.22449 0 2.66667
1 1.22449 1.22449 1.22449 0 2.66667
1 1.22449 1.22449 1.22449 0 2.66667
1 1.22449 1.22449 1.22449 0 2.66667
1 5e-09 5e-09 1e-08 5e-09 2.85714
1 1e-08 1e-08 1e-08 0 2.85714
1 1e-08 1e-08 1e-08 0 2.88889
1 1e-08 1e-08 1e-08 0 0.8

10 5.73117 5.73117 11.6302 5.89901 2.8
1 108.176 108.176 108.176 0 0.888889
1 105.639 105.639 105.639 0 2.85714
9 7.54786 7.54491 11.7372 4.19138 0.857143
2 52.8193 52.8039 52.8116 0.00765891 0.888889
8 5.03289 5.03077 11.3192 6.28786 0.857143
7 5.69465 5.68483 12.2348 6.54562 0.857143
4 31.0921 2.5e-09 20.5546 12.0948 0.888889
6 4.69616 4.63113 12.51 7.84647 2.8
5 3.78389 3.77769 12.0362 8.25713 1.38889
3 10.8443 10.8443 14.459 3.61476 2.88889
3 8.55525 8.55506 14.2584 5.70329 0.8
3 8.55493 8.55493 14.2582 5.70329 2.66667
2 23.4439 0.228779 11.8363 11.6076 2.88889
1 9.09507 9.09507 18.1901 9.09507 2.66667
1 6.00767 6.00767 6.00767 0 2.66667
1 3.58525 3.58525 3.58525 0 2.66667
1 1.62997 1.62997 1.62997 0 2.66667
1 1.41152 1.41152 1.41152 0 2.66667
1 1.40615 1.40615 1.40615 0 0.857143
1 1.26203 1.26203 1.26203 0 2.66667
1 1.22452 1.22452 1.22452 0 2.66667
1 1.22449 1.22449 1.22449 0 2.66667
1 1.22449 1.22449 1.22449 0 2.66667
1 1.22449 1.22449 1.22449 0 2.66667
1 1.22449 1.22449 1.22449 0 2.66667
1 0.381537 0.381537 0.381537 0 2.88889
1 0.249199 0.249199 0.249199 0 0.888889
1 0.000818035 0.000818035 0.00081804 5e-09 0.888889
1 1e-08 1e-08 1e-08 0 2.85714
1 1e-08 1e-08 1e-08 0 0.8
1 1e-08 1e-08 1e-08 0 1.38889
1 1e-08 1e-08 1e-08 0 3.3

12 4.80679 4.80679 9.178 4.37121 3.3
3 35.5053 35.5053 35.5053 0 2.85714
4 26.4872 26.4439 26.4547 0.0187719 1.38889
10 3.5363 3.52141 9.59456 6.07149 2.85714
9 3.7454 3.73021 9.69552 5.96345 0.857143
7 4.59407 4.59281 10.3974 5.80423 9.22337e+18
7 4.97474 4.22636 9.77568 5.44288 0.888889
5 15.4303 0.0076256 10.7872 6.17727 2.85714
5 17.6047 0.0415332 10.5811 8.5965 2.88889
3 14.459 14.459 14.459 0 2.90909
3 14.2582 14.2582 14.2582 0 2.66667
3 10.6941 10.6938 10.6939 9.98898e-05 0.8
1 18.1901 18.1901 18.1901 0 2.66667
1 6.00767 6.00767 6.00767 0 2.66667
1 3.58525 3.58525 3.58525 0 2.66667
1 1.62997 1.62997 1.62997 0 2.66667
1 1.41152 1.41152 1.41152 0 2.66667
1 1.40615 1.40615 1.40615 0 0.857143
1 1.26203 1.26203 1.26203 0 2.66667
1 1.22452 1.22452 1.22452 0 2.66667
1 1.22449 1.22449 1.22449 0 2.66667
1 1.22449 1.22449 1.22449 0 2.66667
1 1.22449 1.22449 1.22449 0 2.66667
1 1.22449 1.22449 1.22449 0 2.66667
1 1e-08 1e-08 1e-08 0 2.85714
1 1e-08 1e-08 1e-08 0 1.38889
1 1e-08 1e-08 1e-08 0 3.3

11 6.20877 6.20877 11.289 5.08024 2.8
1 108.141 108.141 108.141 0 0.888889
9 4.40378 4.40206 11.2501 6.84761 0.857143
8 4.86918 4.80797 11.9829 7.16439 1.38889
8 4.02283 4.00653 11.7248 7.71582 0.857143
8 11.7877 9.71548 11.4915 0.67145 0.857143
7 5.14342 5.07219 11.6875 6.57475 0.857143
3 35.2153 3.33333e-09 23.4756 16.5998 0.857143
5 6.90936 5.86917 12.018 5.9438 0.888889
2 53.2751 0.0476596 26.6614 26.6137 0.857143
3 14.459 14.459 14.459 0 2.90909
3 14.2588 14.2584 14.2586 0.000133186 0.857143
3 14.2582 14.2582 14.2582 0 2.66667
2 23.0514 0.190769 11.6211 11.4303 0.888889
1 18.1901 18.1901 18.1901 0 2.66667
1 16.2901 16.2901 16.2901 0 0.888889
1 6.00767 6.00767 6.00767 0 2.66667
1 3.58525 3.58525 3.58525 0 2.66667
1 1.62997 1.62997 1.62997 0 2.66667
1 1.41152 1.41152 1.41152 0 2.66667
1 1.40615 1.40615 1.40615 0 0.857143
1 1.26203 1.26203 1.26203 0 2.66667
1 1.22452 1.22452 1.22452 0 2.66667
1 1.22449 1.22449 1.22449 0 2.66667
1 1.22449 1.22449 1.22449 0 2.66667
1 1.22449 1.22449 1.22449 0 2.66667
1 1.22449 1.22449 1.22449 0 2.66667
1 0.41266 0.41266 0.542626 0.129966 0.888889
1 0.0771327 0.0771327 0.0771327 0 0.888889
1 1e-08 1e-08 1e-08 0 2.85714
1 1e-08 1e-08 1e-08 0 1.38889
1 1e-08 1e-08 1e-08 0 3.3
1 1e-08 1e-08 1e-08 0 0.857143
1 1e-08 1e-08 1e-08 0 3.3

10 5.13829 5.13829 10.5736 5.43535 3.3
2 52.835 52.8318 52.8334 0.00164926 0.888889
9 6.2171 6.21463 10.4926 4.27721 0.888889
8 4.86918 4.80797 10.8333 6.00944 1.38889
7 2.8019 2.78046 11.2926 8.50394 0.857143
7 2.96059 2.92428 11.2845 8.3534 0.857143
3 41.4562 3.33333e-09 25.6576 18.304 0.888889
3 36.0039 0.0139171 24.0034 16.9631 2.88889
5 21.3032 2e-09 12.7819 10.4364 2.85714
3 35.5369 0.031773 16.9788 14.5396 0.857143
3 14.459 14.459 14.459 0 2.90909
3 14.2588 14.2584 14.2586 0.000133186 0.8
3 14.2582 14.2582 14.2582 0 2.66667
1 16.0868 16.0868 19.4564 3.36967 2.88889
1 18.1901 18.1901 18.1901 0 2.66667
1 6.00767 6.00767 6.00767 0 2.66667
1 3.58525 3.58525 3.58525 0 2.66667
1 1.62997 1.62997 1.62997 0 2.66667
1 1.41152 1.41152 1.41152 0 2.66667
1 1.40615 1.40615 1.40615 0 0.857143
1 1.26203 1.26203 1.26203 0 2.66667
1 1.22452 1.22452 1.22452 0 2.66667
1 1.22449 1.22449 1.22449 0 2.66667
1 1.22449 1.22449 1.22449 0 2.66667
1 1.22449 1.22449 1.22449 0 2.66667
1 1.22449 1.22449 1.22449 0 2.66667
1 0.10008 0.10008 0.10008 0 3.35714
1 0.000247036 0.000247036 0.000247036 0 0.857143
1 5e-09 5e-09 1e-08 5e-09 2.85714
1 1e-08 1e-08 1e-08 0 1.38889
1 1e-08 1e-08 1e-08 0 3.3
1 1e-08 1e-08 1e-08 0 2.85714
1 1e-08 1e-08 1e-08 0 2.85714
1 1e-08 1e-08 1e-08 0 2.85714

15 5.73117 5.73117 8.58034 2.84917 2.8
11 6.84636 6.76239 8.6072 1.83259 0.857143
10 2.07281 1.76117 8.40996 6.61664 0.857143
10 4.88504 4.81586 8.31417 3.47679 1.38889
4 26.5375 0.0129051 19.8701 11.4646 0.857143
8 13.5015 1.25e-09 8.39251 6.49908 2.85714
7 15.2103 1.42857e-09 9.54571 6.76276 1.35714
3 14.459 14.459 14.459 0 2.88889
5 17.7584 1.66667e-09 8.64223 7.94907 2.85714
3 14.2588 14.2584 14.2586 0.000133186 0.857143
4 8.87633 3.56455 9.33172 2.91043 2.85714
1 18.1901 18.1901 18.1901 0 2.66667
1 6.00767 6.00767 6.00767 0 2.66667
1 3.58525 3.58525 3.58525 0 2.66667
1 1.62997 1.62997 1.62997 0 2.66667
1 1.41152 1.41152 1.41152 0 2.66667
1 1.40615 1.40615 1.40615 0 0.857143
1 1.26203 1.26203 1.26203 0 2.66667
1 1.22452 1.22452 1.22452 0 2.66667
1 1.22449 1.22449 1.22449 0 2.66667
1 1.22449 1.22449 1.22449 0 2.66667
1 1.22449 1.22449 1.22449 0 2.66667
1 1.22449 1.22449 1.22449 0 2.66667
1 0.0476596 0.0476596 0.0476596 5e-09 0.857143
1 1e-08 1e-08 1e-08 0 2.85714
1 1e-08 1e-08 1e-08 0 1.38889
1 1e-08 1e-08 1e-08 0 2.8
1 1e-08 1e-08 1e-08 0 2.85714
1 1e-08 1e-08 1e-08 0 2.88889
1 1e-08 1e-08 1e-08 0 0.857143

1 124.369 124.369 124.369 0 0.888889
12 3.92133 3.92133 8.65664 4.73531 2.8
10 5.33065 5.2836 9.22615 3.92896 0.857143
9 3.92548 3.60661 9.24717 5.5948 0.857143
9 4.88504 4.83465 8.59499 3.7433 1.38889
6 4.90963 4.87625 8.94176 4.04225 2.85714
4 26.6376 0.0238298 13.3287 13.3008 0.857143
2 52.8453 5e-09 26.4227 26.4227 2.85714
3 14.2588 14.2584 14.2586 0.000133186 0.857143
1 42.7747 42.7747 42.7747 0 2.66667
4 4.8397 4.82223 10.1421 5.30679 0.857143
3 4.81968 4.81968 11.1733 6.35358 2.90909
1 18.1901 18.1901 18.1901 0 2.66667
1 6.00767 6.00767 6.00767 0 2.66667
1 3.58525 3.58525 3.58525 0 2.66667
1 2.46199 2.46199 2.46199 8e-09 0.888889
1 1.62997 1.62997 1.62997 0 2.66667
1 1.41152 1.41152 1.41152 0 2.66667
1 1.40615 1.40615 1.40615 0 0.857143
1 1.26203 1.26203 1.26203 0 2.66667
1 1.22452 1.22452 1.22452 0 2.66667
1 1.22449 1.22449 1.22449 0 2.66667
1 1.22449 1.22449 1.22449 0 2.66667
1 1.22449 1.22449 1.22449 0 2.66667
1 1.22449 1.22449 1.22449 0 2.66667
1 1e-08 1e-08 1e-08 0 2.85714
1 1e-08 1e-08 1e-08 0 1.38889
1 1e-08 1e-08 1e-08 0 2.8
1 3.33333e-09 3.33333e-09 1e-08 6.66667e-09 2.85714
1 1e-08 1e-08 1e-08 0 2.88889
1 1e-08 1e-08 1e-08 0 2.88889

12 5.5189 5.5189 9.66084 4.14193 2.8
1 106.506 106.506 106.506 0 0.857143
10 6.58662 4.9181 9.54554 4.42745 0.888889
10 8.96376 7.6749 9.48195 1.69344 2.88889
5 21.2947 2e-09 17.0203 8.51021 2.85714
8 2.89229 2.45781 9.71876 7.10088 0.857143
7 5.11767 5.06504 10.1559 5.06043 1.38889
6 5.12154 5.07382 10.1453 5.06205 0.857143
4 26.6392 0.000374493 13.3489 13.2884 2.85714
3 14.459 14.459 14.459 0 2.90909
3 14.2588 14.2584 14.2586 0.000133186 0.8
1 42.7747 42.7747 42.7747 0 2.66667
1 18.1901 18.1901 18.1901 0 2.66667
1 6.00767 6.00767 6.00767 0 2.66667
1 3.58525 3.58525 3.58525 0 2.66667
1 1.62997 1.62997 1.62997 0 2.66667
1 1.41152 1.41152 1.41152 0 2.66667
1 1.40615 1.40615 1.40615 0 0.857143
1 1.26203 1.26203 1.26203 0 2.66667
1 1.22452 1.22452 1.22452 0 2.66667
1 1.22449 1.22449 1.22449 0 2.66667
1 1.22449 1.22449 1.22449 0 2.66667
1 1.22449 1.22449 1.22449 0 2.66667
1 1.22449 1.22449 1.22449 0 2.66667
1 1e-08 1e-08 1e-08 0 2.88889
1 1e-08 1e-08 1e-08 0 2.85714
1 1e-08 1e-08 1e-08 0 1.38889
1 1e-08 1e-08 1e-08 0 2.8
1 1e-08 1e-08 1e-08 0 2.88889
1 1e-08 1e-08 1e-08 0 2.85714

14 4.96701 4.96701 8.74449 3.77748 2.8
11 6.58662 4.93711 8.73464 3.62529 0.857143
10 5.92231 5.03274 9.16054 3.87267 0.888889
10 6.71694 6.64786 8.66659 1.98997 1.38889
9 5.22886 4.50049 8.6574 4.0824 2.85714
8 10.648 1e-09 9.30129 3.51567 2.85714
8 3.26811 3.04439 8.7893 5.70985 0.857143
2 39.7736 24.1622 31.9679 7.8057 0.888889
3 14.459 14.459 14.459 0 2.90909
3 14.2588 14.2584 14.2586 0.000133186 0.8
1 42.7747 42.7747 42.7747 0 2.66667
1 18.1901 18.1901 18.1901 0 2.66667
1 6.00767 6.00767 6.00767 0 2.66667
1 3.58525 3.58525 3.58525 0 2.66667
1 1.62997 1.62997 1.62997 0 2.66667
1 1.41152 1.41152 1.41152 0 2.66667
1 1.40615 1.40615 1.40615 0 0.857143
1 1.26203 1.26203 1.26203 0 2.66667
1 1.22452 1.22452 1.22452 0 2.66667
1 1.22449 1.22449 1.22449 0 2.66667
1 1.22449 1.22449 1.22449 0 2.66667
1 1.22449 1.22449 1.22449 0 2.66667
1 1.22449 1.22449 1.22449 0 2.66667
1 0.00149797 0.00149797 0.00149797 0 0.857143
1 1e-08 1e-08 1e-08 0 2.88889
1 1e-08 1e-08 1e-08 0 2.85714
1 1e-08 1e-08 1e-08 0 1.38889
1 1e-08 1e-08 1e-08 0 2.8
1 1e-08 1e-08 1e-08 0 2.88889
1 1e-08 1e-08 1e-08 0 2.85714
1 5e-09 5e-09 1e-08 5e-09 1.35714

8 14.298 13.3192 13.4886 0.311242 0.857143
1 107.277 107.277 107.277 0 0.888889
8 8.05031 6.08565 12.187 5.38635 0.888889
8 4.25744 4.25744 12.1413 7.88387 2.8
8 5.77094 4.26429 11.9343 7.22835 0.888889
6 10.6473 10.6472 12.7996 2.15229 1.35714
6 3.83922 3.83825 12.713 8.87461 1.38889
6 5.22886 4.50049 12.1193 7.50233 2.85714
3 35.4933 3.33333e-09 23.5693 16.6664 2.85714
5 21.3226 2e-09 12.7889 10.442 0.857143
4 9.74215 9.64445 14.5046 4.81312 2.85714
2 52.8699 2.54992 27.7099 25.16 0.857143
3 14.459 14.459 14.459 0 2.90909
3 14.2588 14.2584 14.2586 0.000133186 0.8
1 42.7747 42.7747 42.7747 0 2.66667
2 24.1622 0.0218954 12.092 12.0701 0.888889
1 18.1901 18.1901 18.1901 0 2.66667
1 6.00767 6.00767 6.00767 0 2.66667
1 3.58525 3.58525 3.58525 0 2.66667
1 1.62997 1.62997 1.62997 0 2.66667
1 1.41152 1.41152 1.41152 0 2.66667
1 1.40615 1.40615 1.40615 0 0.857143
1 1.26203 1.26203 1.26203 0 2.66667
1 1.22452 1.22452 1.22452 0 2.66667
1 1.22449 1.22449 1.22449 0 2.66667
1 1.22449 1.22449 1.22449 0 2.66667
1 1.22449 1.22449 1.22449 0 2.66667
1 1.22449 1.22449 1.22449 0 2.66667
1 1e-08 1e-08 1e-08 0 2.85714
1 1e-08 1e-08 1e-08 0 1.38889
1 1e-08 1e-08 1e-08 0 2.8
1 1e-08 1e-08 1e-08 0 2.88889
1 3.33333e-09 3.33333e-09 1e-08 6.66667e-09 0.909091
1 1e-08 1e-08 1e-08 0 2.8

11 7.62661 5.64618 9.87947 3.72016 0.888889
10 7.45052 7.45052 10.2231 2.77255 2.8
9 4.08514 3.84103 10.4494 6.52956 0.857143
8 7.67859 7.6765 10.5565 2.87953 1.38889
8 3.82728 3.80285 10.5345 6.72074 2.85714
8 9.65328 8.3086 10.5238 2.09488 2.85714
7 12.0228 5.21236 10.2683 2.73917 0.888889
6 5.66364 5.61109 9.71607 4.09624 0.857143
4 29.4411 2.5e-09 14.2098 14.222 0.857143
2 53.0445 5e-09 26.5222 26.5222 2.85714
3 14.459 14.459 14.459 0 2.88889
3 14.2588 14.2584 14.2586 0.000133186 0.857143
1 42.7747 42.7747 42.7747 0 2.66667
1 18.1901 18.1901 18.1901 0 2.66667
1 6.00767 6.00767 6.00767 0 2.66667
1 3.58525 3.58525 3.58525 0 2.66667
1 1.62997 1.62997 1.62997 0 2.66667
1 1.41152 1.41152 1.41152 0 2.66667
1 1.40615 1.40615 1.40615 0 0.857143
1 1.26203 1.26203 1.26203 0 2.66667
1 1.22452 1.22452 1.22452 0 2.66667
1 1.22449 1.22449 1.22449 0 2.66667
1 1.22449 1.22449 1.22449 0 2.66667
1 1.22449 1.22449 1.22449 0 2.66667
1 1.22449 1.22449 1.22449 0 2.66667
1 0.0545659 0.0545659 0.0545659 6.66667e-09 3.38889
1 0.000499324 0.000499324 0.000998652 0.000499328 0.857143
1 1e-08 1e-08 1e-08 0 0.857143
1 1e-08 1e-08 1e-08 0 2.85714
1 1e-08 1e-08 1e-08 0 2.8
1 1e-08 1e-08 1e-08 0 2.88889
1 1e-08 1e-08 1e-08 0 2.8
1 1e-08 1e-08 1e-08 0 1.38889
1 1e-08 1e-08 1e-08 0 2.85714

13 8.27836 8.27836 9.82533 1.54697 2.8
10 4.99674 3.7773 9.76202 5.16114 0.857143
10 6.31474 6.26352 9.53618 3.24925 2.85714
8 2.59963 2.44437 10.3315 7.8276 0.888889
8 13.5015 1.25e-09 10.2094 5.70455 2.85714
8 5.11906 5.11767 9.73003 4.61203 3.38889
8 11.4084 6.29821 9.48412 1.54259 2.85714
5 23.5529 0.0101841 13.3874 10.9447 0.857143
5 10.3053 6.46717 10.8383 2.48416 0.888889
3 14.459 14.459 14.459 0 2.88889
3 14.2588 14.2584 14.2586 0.000133186 0.8
1 42.7747 42.7747 42.7747 0 2.66667
1 18.1901 18.1901 18.1901 0 2.66667
1 6.00767 6.00767 6.00767 0 2.66667
1 3.58525 3.58525 3.58525 0 2.66667
1 1.62997 1.62997 1.62997 0 2.66667
1 1.41152 1.41152 1.41152 0 2.66667
1 1.40615 1.40615 1.40615 0 0.857143
1 1.26203 1.26203 1.26203 0 2.66667
1 1.22452 1.22452 1.22452 0 2.66667
1 1.22449 1.22449 1.22449 0 2.66667
1 1.22449 1.22449 1.22449 0 2.66667
1 1.22449 1.22449 1.22449 0 2.66667
1 1.22449 1.22449 1.22449 0 2.66667
1 0.0309393 0.0309393 0.0309393 0 0.857143
1 0.015042 0.015042 0.015042 5e-09 0.888889
1 6.56429e-06 6.56429e-06 6.56429e-06 0 2.8
1 1e-08 1e-08 1e-08 0 2.88889
1 1e-08 1e-08 1e-08 0 2.8
1 1e-08 1e-08 1e-08 0 1.38889
1 1e-08 1e-08 1e-08 0 2.85714

12 9.61824 6.87665 8.40518 1.05007 0.888889
12 6.58662 4.97917 8.2852 2.16799 0.857143
12 5.5189 5.5189 8.19342 2.67451 3.3
11 5.96042 4.55838 8.55428 3.17031 0.857143
10 4.12887 4.11897 8.23674 4.11399 2.88889
9 7.18461 7.16473 8.77588 1.60853 1.38889
8 3.21776 2.76953 8.84568 6.02194 2.85714
3 14.2588 14.2584 14.2586 0.000133186 0.8
4 26.7844 2.5e-09 9.48388 10.9306 2.85714
4 10.8443 0.00399387 8.13421 4.69398 2.90909
2 21.3873 5e-09 10.6937 10.6937 2.85714
1 18.1901 18.1901 18.1901 0 2.66667
1 6.00767 6.00767 6.00767 0 2.66667
1 4.1831 4.1831 4.1831 0 0.857143
1 3.58525 3.58525 3.58525 0 2.66667
1 1.62997 1.62997 1.62997 0 2.66667
1 1.41152 1.41152 1.41152 0 2.66667
1 1.40615 1.40615 1.40615 0 0.857143
1 1.26203 1.26203 1.26203 0 2.66667
1 1.22452 1.22452 1.22452 0 2.66667
1 1.22449 1.22449 1.22449 0 2.66667
1 1.22449 1.22449 1.22449 0 2.66667
1 1.22449 1.22449 1.22449 0 2.66667
1 1.22449 1.22449 1.22449 0 2.66667
1 0.0300839 0.0300839 0.0300839 0 0.888889

15 3.92133 3.92133 8.30804 4.38671 2.8
12 3.91637 3.91637 8.23546 4.3191 2.88889
11 6.0114 4.48077 8.25079 3.47228 0.888889
10 5.96392 5.95351 8.93015 2.97387 2.88889
10 3.92336 3.83825 8.37032 4.5138 1.38889
7 8.20235 6.69365 8.7416 1.46474 0.857143
5 21.4275 0.00999132 11.5927 8.24449 0.857143
6 13.9436 0.0547865 8.89944 4.57899 2.85714
3 14.459 14.459 14.459 0 2.88889
3 14.2588 14.2584 14.2586 0.000133186 0.8
3 35.4707 0.00260512 11.8278 16.7181 0.888889
1 18.1901 18.1901 18.1901 0 2.66667
1 6.00767 6.00767 6.00767 0 2.66667
1 3.58525 3.58525 3.58525 0 2.66667
1 2.25413 2.25413 2.25413 0 2.85714
1 1.62997 1.62997 1.62997 0 2.66667
1 1.41152 1.41152 1.41152 0 2.66667
1 1.40615 1.40615 1.40615 0 0.857143
1 1.26203 1.26203 1.26203 0 2.66667
1 1.22452 1.22452 1.22452 0 2.66667
1 1.22449 1.22449 1.22449 0 2.66667
1 1.22449 1.22449 1.22449 0 2.66667
1 1.22449 1.22449 1.22449 0 2.66667
1 1.22449 1.22449 1.22449 0 2.66667
1 5e-09 5e-09 1e-08 5e-09 2.85714
1 1e-08 1e-08 1e-08 0 2.88889
1 1e-08 1e-08 1e-08 0 2.88889

5 29.8021 0.00152673 23.842 11.9202 2.8
10 4.5283 4.5283 10.9405 6.41216 0.888889
10 5.13829 5.13829 10.5872 5.44891 2.8
9 5.77094 4.30539 10.5662 5.69691 0.888889
4 31.3731 17.3201 23.2541 6.13184 2.85714
8 4.23347 3.6898 10.786 6.82587 0.857143
8 4.66741 4.65929 10.4894 5.82508 2.88889
7 6.46201 6.32342 11.0687 4.70153 1.38889
2 54.0059 0.246539 27.1262 26.8797 2.88889
3 14.459 14.459 14.459 0 2.90909
3 14.2588 14.2584 14.2586 0.000133186 0.8
3 35.2081 0.00200766 11.74 16.5944 0.857143
2 21.3873 5e-09 10.6937 10.6937 2.85714
1 18.1901 18.1901 18.1901 0 2.66667
1 6.00767 6.00767 6.00767 0 2.66667
1 3.58525 3.58525 3.58525 0 2.66667
1 2.25413 2.25413 2.25413 0 2.85714
1 1.62997 1.62997 1.62997 0 2.66667
1 1.41152 1.41152 1.41152 0 2.66667
1 1.40615 1.40615 1.40615 0 0.857143
1 1.26203 1.26203 1.26203 0 2.66667
1 1.22452 1.22452 1.22452 0 2.66667
1 1.22449 1.22449 1.22449 0 2.66667
1 1.22449 1.22449 1.22449 0 2.66667
1 1.22449 1.22449 1.22449 0 2.66667
1 1.22449 1.22449 1.22449 0 2.66667
1 0.673769 0.673769 0.673769 5e-09 2.88889
1 5e-09 5e-09 1e-08 5e-09 2.88889
1 1e-08 1e-08 1e-08 0 0.888889
1 1e-08 1e-08 1e-08 0 3.38889
1 5e-09 5e-09 1e-08 5e-09 1.38889
1 1e-08 1e-08 1e-08 0 2.88889

10 4.39108 4.39108 11.8014 7.41034 0.857143
1 117.074 117.074 117.074 0 0.888889
9 4.13918 4.13918 12.5844 8.4452 2.8
6 18.309 17.9167 18.0699 0.169835 1.38889
7 8.45514 7.14525 13.2839 5.71767 2.85714
7 7.1567 7.14832 13.1589 6.0034 2.85714
7 6.27276 5.40733 12.0767 6.43404 0.888889
6 6.01331 5.14342 12.0427 6.49056 2.85714
3 35.8328 3.33333e-09 23.8885 16.8917 1.38889
3 35.6443 3.33333e-09 23.6197 16.7025 2.90909
2 67.2537 5e-09 33.6268 33.6268 2.85714
3 14.459 14.459 14.459 0 2.90909
3 14.2588 14.2584 14.2586 0.000133186 0.8
1 42.7747 42.7747 42.7747 0 2.66667
1 18.1901 18.1901 18.1901 0 2.66667
1 6.00767 6.00767 6.00767 0 2.66667
1 3.58525 3.58525 3.58525 0 2.66667
1 1.62997 1.62997 1.62997 0 2.66667
1 1.41152 1.41152 1.41152 0 2.66667
1 1.40615 1.40615 1.40615 0 0.857143
1 1.26203 1.26203 1.26203 0 2.66667
1 1.22452 1.22452 1.22452 0 2.66667
1 1.22449 1.22449 1.22449 0 2.66667
1 1.22449 1.22449 1.22449 0 2.66667
1 1.22449 1.22449 1.22449 0 2.66667
1 1.22449 1.22449 1.22449 0 2.66667
1 0.163084 0.163084 0.163084 0 2.88889
1 0.0270485 0.0270485 0.0270486 6.66667e-09 0.888889
1 0.015042 0.015042 0.0180535 0.00301149 0.888889
1 0.00825841 0.00825841 0.00825841 0 2.88889
1 1e-08 1e-08 1e-08 0 0.857143
1 1e-08 1e-08 1e-08 0 2.85714
1 1e-08 1e-08 1e-08 0 2.85714
1 1e-08 1e-08 1e-08 0 2.88889
1 1e-08 1e-08 1e-08 0 1.38889
1 1e-08 1e-08 1e-08 0 0.888889
1 1e-08 1e-08 1e-08 0 2.88889

14 9.31315 2.67465 8.83897 1.70968 2.8
6 22.4179 0.0271806 17.0488 7.67861 0.857143
10 9.71381 8.3086 9.68944 1.06977 2.85714
10 4.39108 4.39108 8.90734 4.51626 0.857143
9 8.0152 5.35742 9.29706 2.42701 0.888889
8 5.65003 5.65003 9.86633 4.2163 2.90909
8 4.49179 4.10105 9.70578 5.49737 0.857143
6 4.39416 4.31076 10.1077 5.76928 1.38889
3 14.459 14.459 14.459 0 2.88889
3 14.2588 14.2584 14.2586 0.000133186 0.857143
1 42.7747 42.7747 42.7747 0 2.66667
1 18.1901 18.1901 18.1901 0 2.66667
1 6.00767 6.00767 6.00767 0 2.66667
1 3.58525 3.58525 3.58525 0 2.66667
1 1.62997 1.62997 1.62997 0 2.66667
1 1.41152 1.41152 1.41152 0 2.66667
1 1.40615 1.40615 1.40615 0 0.857143
1 1.26203 1.26203 1.26203 0 2.66667
1 1.22452 1.22452 1.22452 0 2.66667
1 1.22449 1.22449 1.22449 0 2.66667
1 1.22449 1.22449 1.22449 0 2.66667
1 1.22449 1.22449 1.22449 0 2.66667
1 1.22449 1.22449 1.22449 0 2.66667
1 0.0405728 0.0405728 0.0405728 5e-09 2.85714
1 0.010028 0.010028 0.010028 6.66667e-09 2.85714
1 0.00825841 0.00825841 0.00825841 0 2.88889
1 1e-08 1e-08 1e-08 0 2.85714
1 1e-08 1e-08 1e-08 0 0.857143
1 1e-08 1e-08 1e-08 0 2.88889
1 1e-08 1e-08 1e-08 0 2.85714

10 12.4175 12.4175 13.712 1.29449 2.8
8 6.31474 6.31474 13.4178 7.10309 2.88889
1 106.479 106.479 106.479 0 0.857143
1 105.624 105.624 105.624 0 1.38889
8 8.05031 8.05031 13.1048 5.05453 0.857143
7 3.88759 3.54696 14.2201 10.4861 0.857143
3 44.8358 3.33333e-09 29.8905 21.1358 0.857143
6 6.7732 6.7732 14.6911 7.9179 2.8
6 7.59335 6.54571 14.4094 7.51099 0.888889
6 12.206 11.9743 14.0473 1.99871 1.38889
5 4.07353 4.04815 14.1634 10.1 2.85714
3 14.459 14.459 14.459 0 2.90909
2 21.3972 21.3972 21.3972 0 2.85714
3 14.2588 14.2584 14.2586 0.000133186 0.857143
1 42.7747 42.7747 42.7747 0 2.66667
1 18.1901 18.1901 18.1901 0 2.66667
1 6.00767 6.00767 6.00767 0 2.66667
1 3.58525 3.58525 3.58525 0 2.66667
1 1.62997 1.62997 1.62997 0 2.66667
1 1.41152 1.41152 1.41152 0 2.66667
1 1.40615 1.40615 1.40615 0 0.857143
1 1.26203 1.26203 1.26203 0 2.66667
1 1.22452 1.22452 1.22452 0 2.66667
1 1.22449 1.22449 1.22449 0 2.66667
1 1.22449 1.22449 1.22449 0 2.66667
1 1.22449 1.22449 1.22449 0 2.66667
1 1.22449 1.22449 1.22449 0 2.66667
1 0.161356 0.161356 0.166482 0.00512665 2.88889
1 0.0300839 0.0300839 0.0300839 0 0.888889
1 0.00825841 0.00825841 0.00825841 0 2.88889
1 1e-08 1e-08 1e-08 0 0.857143
1 1e-08 1e-08 1e-08 0 2.88889

12 9.66037 9.66037 12.0755 2.41509 0.857143
2 63.1397 63.1397 63.1397 0 2.85714
3 42.0932 41.8309 41.9183 0.12365 2.85714
9 3.92133 3.92133 12.5241 8.60274 3.3
1 109.854 109.854 109.854 0 1.38889
7 9.08103 8.98358 12.8244 3.82423 0.857143
7 5.36753 5.36753 12.2566 6.88909 2.88889
6 10.3053 8.88347 12.8443 3.55077 0.888889
6 4.54003 4.47525 12.023 7.53245 0.857143
5 4.57725 4.49038 12.4737 7.96599 1.38889
3 14.459 14.459 14.459 0 2.90909
3 14.2588 14.2584 14.2586 0.000133186 0.8
1 42.7747 42.7747 42.7747 0 2.66667
1 18.1901 18.1901 18.1901 0 2.66667
1 6.00767 6.00767 6.00767 0 2.66667
1 3.58525 3.58525 3.58525 0 2.66667
1 1.62997 1.62997 1.62997 0 2.66667
1 1.41152 1.41152 1.41152 0 2.66667
1 1.40615 1.40615 1.40615 0 0.857143
1 1.26203 1.26203 1.26203 0 2.66667
1 1.22452 1.22452 1.22452 0 2.66667
1 1.22449 1.22449 1.22449 0 2.66667
1 1.22449 1.22449 1.22449 0 2.66667
1 1.22449 1.22449 1.22449 0 2.66667
1 1.22449 1.22449 1.22449 0 2.66667
1 0.0388618 0.0388618 0.0388618 0 0.888889
1 0.0300839 0.0300839 0.0300839 0 0.888889
1 1e-08 1e-08 1e-08 0 0.857143
1 1e-08 1e-08 1e-08 0 2.88889
1 1e-08 1e-08 1e-08 0 2.85714

4 36.4938 33.6268 34.3436 1.24145 0.857143
11 7.26482 7.18687 10.6096 3.39513 0.857143
11 5.1752 5.1752 10.2798 5.10464 0.857143
10 8.45031 8.28993 10.9199 2.48744 1.38889
10 5.3218 5.3218 10.4515 5.12969 2.8
9 11.098 6.7765 11.0352 2.03938 0.888889
8 8.25773 8.25773 11.3505 3.09278 2.88889
7 3.07999 3.07999 10.2564 7.17639 2.85714
3 14.459 14.459 14.459 0 2.90909
1 42.7758 42.7758 42.7758 0 0.857143
1 42.7747 42.7747 42.7747 0 2.66667
1 18.1901 18.1901 18.1901 0 2.66667
1 6.00767 6.00767 6.00767 0 2.66667
1 3.58525 3.58525 3.58525 0 2.66667
1 1.62997 1.62997 1.62997 0 2.66667
1 1.41152 1.41152 1.41152 0 2.66667
1 1.40615 1.40615 1.40615 0 0.857143
1 1.26203 1.26203 1.26203 0 2.66667
1 1.22452 1.22452 1.22452 0 2.66667
1 1.22449 1.22449 1.22449 0 2.66667
1 1.22449 1.22449 1.22449 0 2.66667
1 1.22449 1.22449 1.22449 0 2.66667
1 1.22449 1.22449 1.22449 0 2.66667
1 0.0388618 0.0388618 0.0388618 0 0.888889
1 0.0300839 0.0300839 0.0300839 0 0.888889
1 0.0100074 0.0100074 0.0100074 0 2.85714
1 1e-08 1e-08 1e-08 0 0.857143
1 1e-08 1e-08 1e-08 0 2.88889

7 18.0399 18.0399 18.0399 0 2.85714
13 7.07105 6.90026 9.44876 2.53577 0.857143
11 5.96042 5.96042 9.90996 3.94954 2.8
11 3.4756 3.42492 9.3564 5.90371 0.857143
9 4.10763 4.06867 9.61209 5.5391 1.38889
9 5.96392 5.96392 9.41337 3.44945 2.90909
8 6.0114 5.18202 9.57073 4.19676 2.88889
4 20.4011 0.0353784 11.0632 8.79644 0.857143
3 14.459 14.459 14.459 0 2.90909
1 42.7758 42.7758 42.7758 0 0.857143
1 42.7747 42.7747 42.7747 0 2.66667
1 18.1901 18.1901 18.1901 0 2.66667
1 6.00767 6.00767 6.00767 0 2.66667
1 3.58525 3.58525 3.58525 0 2.66667
1 1.62997 1.62997 1.62997 0 2.66667
1 1.41152 1.41152 1.41152 0 2.66667
1 1.40615 1.40615 1.40615 0 0.857143
1 1.26203 1.26203 1.26203 0 2.66667
1 1.22452 1.22452 1.22452 0 2.66667
1 1.22449 1.22449 1.22449 0 2.66667
1 1.22449 1.22449 1.22449 0 2.66667
1 1.22449 1.22449 1.22449 0 2.66667
1 1.22449 1.22449 1.22449 0 2.66667
1 0.0388618 0.0388618 0.0388618 0 0.888889
1 0.0300839 0.0300839 0.0300839 0 0.888889
1 1e-08 1e-08 1e-08 0 0.857143
1 1e-08 1e-08 1e-08 0 2.88889

14 5.4997 5.36687 9.45869 4.08248 0.857143
13 7.45801 7.24896 9.49294 2.2121 0.857143
13 4.65658 4.65658 9.44788 4.7913 2.8
11 11.098 4.00066 9.3841 1.7869 0.888889
9 4.10763 4.06867 9.91103 5.8356 1.38889
8 4.8569 4.8569 9.62672 4.76982 2.85714
7 5.65003 5.65003 9.81212 4.16209 2.88889
3 14.459 14.459 14.459 0 2.88889
1 42.7758 42.7758 42.7758 0 0.857143
1 42.7747 42.7747 42.7747 0 2.66667
4 20.4011 0.0278356 9.85568 9.83552 0.857143
1 18.1901 18.1901 18.1901 0 2.66667
1 6.00767 6.00767 6.00767 0 2.66667
1 3.58525 3.58525 3.58525 0 2.66667
1 1.62997 1.62997 1.62997 0 2.66667
1 1.41152 1.41152 1.41152 0 2.66667
1 1.40615 1.40615 1.40615 0 0.857143
1 1.26203 1.26203 1.26203 0 2.66667
1 1.22452 1.22452 1.22452 0 2.66667
1 1.22449 1.22449 1.22449 0 2.66667
1 1.22449 1.22449 1.22449 0 2.66667
1 1.22449 1.22449 1.22449 0 2.66667
1 1.22449 1.22449 1.22449 0 2.66667
1 0.0388618 0.0388618 0.0388618 0 0.888889
1 0.015042 0.015042 0.015042 5e-09 2.8
1 1e-08 1e-08 1e-08 0 0.857143
1 1e-08 1e-08 1e-08 0 2.88889

13 11.4623 11.4623 11.4623 0 2.8
8 15.7849 15.7849 15.7849 0 2.85714
11 9.97165 9.70743 11.0723 1.2516 0.857143
11 13.1158 4.72805 11.0372 2.11113 0.888889
10 2.15206 2.10008 11.1664 9.05072 0.857143
9 12.3229 12.206 12.2263 0.0396646 1.38889
7 15.3358 15.3358 15.3358 1.77636e-15 2.88889
9 3.24023 3.15862 11.4278 8.2526 0.857143
3 14.459 14.459 14.459 0 2.88889
1 42.7758 42.7758 42.7758 0 0.857143
1 21.3873 21.3873 21.4077 0.0203815 2.85714
1 18.1901 18.1901 18.1901 0 2.66667
1 6.00767 6.00767 6.00767 0 2.66667
1 3.58525 3.58525 3.58525 0 2.66667
1 1.62997 1.62997 1.62997 0 2.66667
1 1.41152 1.41152 1.41152 0 2.66667
1 1.40615 1.40615 1.40615 0 0.857143
1 1.26203 1.26203 1.26203 0 2.66667
1 1.22452 1.22452 1.22452 0 2.66667
1 1.22449 1.22449 1.22449 0 2.66667
1 1.22449 1.22449 1.22449 0 2.66667
1 1.22449 1.22449 1.22449 0 2.66667
1 1.22449 1.22449 1.22449 0 2.66667
1 0.833238 0.833238 0.84828 0.015042 0.888889
1 1e-08 1e-08 1e-08 0 0.857143
1 1e-08 1e-08 1e-08 0 2.88889

10 14.8492 14.4906 14.5981 0.164349 0.857143
5 29.0593 29.0593 29.0593 0 0.857143
12 9.34842 9.11353 11.5143 2.28368 0.857143
11 13.1158 5.95327 11.1486 1.78198 0.888889
9 12.3229 12.206 12.2263 0.0396646 1.38889
7 15.3358 15.3358 15.3358 1.77636e-15 2.88889
8 2.29247 2.29247 12.0612 9.76874 3.8
5 2.38927 2.25499 12.4016 10.1199 2.85714
3 14.459 14.459 14.459 0 2.90909
1 42.7758 42.7758 42.7758 0 0.857143
1 42.7747 42.7747 42.7747 0 2.66667
1 18.1901 18.1901 18.1901 0 2.66667
1 6.00767 6.00767 6.00767 0 2.66667
1 3.58525 3.58525 3.58525 0 2.66667
1 1.62997 1.62997 1.62997 0 2.66667
1 1.41152 1.41152 1.41152 0 2.66667
1 1.40615 1.40615 1.40615 0 0.857143
1 1.26203 1.26203 1.26203 0 2.66667
1 1.22452 1.22452 1.22452 0 2.66667
1 1.22449 1.22449 1.22449 0 2.66667
1 1.22449 1.22449 1.22449 0 2.66667
1 1.22449 1.22449 1.22449 0 2.66667
1 1.22449 1.22449 1.22449 0 2.66667
1 1e-08 1e-08 1e-08 0 0.857143
1 1e-08 1e-08 1e-08 0 2.88889

8 18.6263 18.6263 18.6263 3.55271e-15 3.8
10 14.9575 14.5817 14.7539 0.13694 0.857143
5 26.7598 25.2559 25.5567 0.601581 2.85714
10 13.1158 11.3062 12.2635 0.937192 0.888889
9 12.3229 12.206 12.2263 0.0396646 1.38889
7 15.3358 15.3358 15.3358 1.77636e-15 2.88889
1 105.624 105.624 105.624 0 0.857143
7 2.65164 2.65164 13.2747 10.623 0.857143
7 2.52628 2.46265 12.9467 10.4631 0.857143
3 14.459 14.459 14.459 0 2.90909
1 42.7758 42.7758 42.7758 0 0.857143
1 42.7747 42.7747 42.7747 0 2.66667
1 18.1901 18.1901 18.1901 0 2.66667
1 6.00767 6.00767 6.00767 0 2.66667
1 3.58525 3.58525 3.58525 0 2.66667
1 1.62997 1.62997 1.62997 0 2.66667
1 1.41152 1.41152 1.41152 0 2.66667
1 1.40615 1.40615 1.40615 0 0.857143
1 1.26203 1.26203 1.26203 0 2.66667
1 1.22452 1.22452 1.22452 0 2.66667
1 1.22449 1.22449 1.22449 0 2.66667
1 1.22449 1.22449 1.22449 0 2.66667
1 1.22449 1.22449 1.22449 0 2.66667
1 1.22449 1.22449 1.22449 0 2.66667
1 1e-08 1e-08 1e-08 0 0.857143
1 1e-08 1e-08 1e-08 0 2.88889
1 1e-08 1e-08 1e-08 0 0.857143

6 24.8351 24.8351 24.8351 0 3.8
2 74.246 74.246 74.246 0 0.857143
6 24.7487 17.604 23.5579 2.66264 0.857143
9 14.4274 12.4369 14.2611 1.61071 0.888889
5 26.7598 25.2559 25.5567 0.601581 2.85714
8 12.3229 12.206 13.7546 1.52631 1.38889
7 15.3358 15.3358 15.3358 1.77636e-15 2.88889
8 2.26628 2.25651 13.389 11.1271 0.857143
7 2.86559 2.86559 14.2046 11.339 2.8
3 14.459 14.459 14.459 0 2.88889
1 42.7758 42.7758 42.7758 0 0.857143
1 42.7747 42.7747 42.7747 0 2.66667
1 38.4792 38.4792 38.4792 0 0.857143
1 18.1901 18.1901 18.1901 0 2.66667
1 6.00767 6.00767 6.00767 0 2.66667
1 3.58525 3.58525 3.58525 0 2.66667
1 1.62997 1.62997 1.62997 0 2.66667
1 1.41152 1.41152 1.41152 0 2.66667
1 1.40615 1.40615 1.40615 0 0.857143
1 1.26203 1.26203 1.26203 0 2.66667
1 1.22452 1.22452 1.22452 0 2.66667
1 1.22449 1.22449 1.22449 0 2.66667
1 1.22449 1.22449 1.22449 0 2.66667
1 1.22449 1.22449 1.22449 0 2.66667
1 1.22449 1.22449 1.22449 0 2.66667
1 1e-08 1e-08 1e-08 0 0.857143
1 1e-08 1e-08 1e-08 0 2.88889
1 1e-08 1e-08 1e-08 0 0.857143

8 18.6968 18.6162 18.6611 0.0268489 0.857143
11 8.27836 8.27836 12.7967 4.51831 3.8
9 16.0304 13.8187 14.3102 0.919479 0.888889
5 26.7598 25.2559 25.5567 0.601581 2.88889
8 13.8632 13.7318 13.7575 0.0465468 1.38889
7 15.3358 15.3358 15.3358 1.77636e-15 2.88889
7 2.85631 2.85561 13.5787 10.723 0.857143
6 2.98021 2.98021 13.2298 10.2496 3.8
2 52.8121 5e-09 26.4061 26.4061 0.857143
3 14.459 14.459 14.459 0 2.88889
1 42.7758 42.7758 42.7758 0 0.857143
1 42.7747 42.7747 42.7747 0 2.66667
1 38.4792 38.4792 38.4792 0 0.857143
1 18.1901 18.1901 18.1901 0 2.66667
1 6.00767 6.00767 6.00767 0 2.66667
1 3.58525 3.58525 3.58525 0 2.66667
1 1.62997 1.62997 1.62997 0 2.66667
1 1.41152 1.41152 1.41152 0 2.66667
1 1.40615 1.40615 1.40615 0 0.857143
1 1.26203 1.26203 1.26203 0 2.66667
1 1.22452 1.22452 1.22452 0 2.66667
1 1.22449 1.22449 1.22449 0 2.66667
1 1.22449 1.22449 1.22449 0 2.66667
1 1.22449 1.22449 1.22449 0 2.66667
1 1.22449 1.22449 1.22449 0 2.66667
1 1e-08 1e-08 1e-08 0 0.857143
1 1e-08 1e-08 1e-08 0 2.88889

7 21.2183 21.2131 21.2141 0.00179853 0.857143
9 16.0304 13.8187 14.3102 0.919479 0.888889
5 26.7598 25.2559 25.5567 0.601581 2.88889
9 2.62819 2.622 12.3598 9.73537 0.857143
8 13.8632 13.7318 13.7575 0.0465468 0.888889
7 15.3358 15.3358 15.3358 1.77636e-15 2.88889
1 105.624 105.624 105.624 0 0.857143
9 2.25773 2.25773 11.4941 9.23637 3.8
3 14.459 14.459 14.459 0 2.90909
1 42.7758 42.7758 42.7758 0 0.857143
1 42.7747 42.7747 42.7747 0 2.66667
1 18.1901 18.1901 18.1901 0 2.66667
1 12.8264 12.8264 15.4654 2.63897 0.857143
1 6.00767 6.00767 6.00767 0 2.66667
1 3.58525 3.58525 3.58525 0 2.66667
1 1.62997 1.62997 1.62997 0 2.66667
1 1.41152 1.41152 1.41152 0 2.66667
1 1.40615 1.40615 1.40615 0 0.857143
1 1.26203 1.26203 1.26203 0 2.66667
1 1.22452 1.22452 1.22452 0 2.66667
1 1.22449 1.22449 1.22449 0 2.66667
1 1.22449 1.22449 1.22449 0 2.66667
1 1.22449 1.22449 1.22449 0 2.66667
1 1.22449 1.22449 1.22449 0 2.66667
1 1e-08 1e-08 1e-08 0 0.857143
1 1e-08 1e-08 1e-08 0 2.88889
1 1e-08 1e-08 1e-08 0 0.857143

9 16.6452 16.606 16.6215 0.0103339 0.857143
9 16.5567 16.5567 16.5567 0 3.8
5 26.7598 25.2559 25.5567 0.601581 2.85714
8 13.8632 13.7318 13.7575 0.0465468 1.38889
7 15.3358 15.3358 15.3358 1.77636e-15 2.88889
1 105.624 105.624 105.624 0 0.857143
7 2.85631 2.85561 11.5424 8.6865 0.857143
6 2.25427 1.94326 12.5024 10.3873 0.888889
3 14.459 14.459 14.459 0 2.88889
1 42.7758 42.7758 42.7758 0 0.857143
1 42.7747 42.7747 42.7747 0 2.66667
1 38.4792 38.4792 38.4792 0 0.857143
1 18.1901 18.1901 18.1901 0 2.66667
1 6.00767 6.00767 6.00767 0 2.66667
1 3.58525 3.58525 3.58525 0 2.66667
1 1.62997 1.62997 1.62997 0 2.66667
1 1.41152 1.41152 1.41152 0 2.66667
1 1.40615 1.40615 1.40615 0 0.857143
1 1.26203 1.26203 1.26203 0 2.66667
1 1.22452 1.22452 1.22452 0 2.66667
1 1.22449 1.22449 1.22449 0 2.66667
1 1.22449 1.22449 1.22449 0 2.66667
1 1.22449 1.22449 1.22449 0 2.66667
1 1.22449 1.22449 1.22449 0 2.66667
1 1e-08 1e-08 1e-08 0 0.857143
1 1e-08 1e-08 1e-08 0 2.88889
1 1e-08 1e-08 1e-08 0 0.857143

6 24.7547 24.7487 24.752 0.00275567 0.857143
6 24.0456 20.7281 22.5712 1.51979 0.888889
5 26.7598 25.2559 25.5567 0.601581 2.85714
2 74.246 52.8121 63.529 10.7169 0.857143
8 13.8632 13.7318 13.7575 0.0465468 1.38889
9 2.53976 2.53544 12.1404 9.60308 0.857143
7 15.3358 15.3358 15.3358 1.77636e-15 2.88889
8 2.56915 2.56915 12.0571 9.48795 3.8
3 14.459 14.459 14.459 0 2.90909
1 42.7758 42.7758 42.7758 0 0.857143
1 42.7747 42.7747 42.7747 0 2.66667
1 19.2396 19.2396 19.2563 0.0166968 0.888889
1 18.1901 18.1901 18.1901 0 2.66667
1 6.00767 6.00767 6.00767 0 2.66667
1 3.58525 3.58525 3.58525 0 2.66667
1 1.62997 1.62997 1.62997 0 2.66667
1 1.41152 1.41152 1.41152 0 2.66667
1 1.40615 1.40615 1.40615 0 0.857143
1 1.26203 1.26203 1.26203 0 2.66667
1 1.22452 1.22452 1.22452 0 2.66667
1 1.22449 1.22449 1.22449 0 2.66667
1 1.22449 1.22449 1.22449 0 2.66667
1 1.22449 1.22449 1.22449 0 2.66667
1 1.22449 1.22449 1.22449 0 2.66667
1 1e-08 1e-08 1e-08 0 0.857143
1 1e-08 1e-08 1e-08 0 2.88889
1 1e-08 1e-08 1e-08 0 0.857143

8 18.6263 18.6263 18.6263 3.55271e-15 3.8
10 14.9846 3.84792 13.8582 3.33677 0.857143
5 26.7598 25.2559 25.5567 0.601581 2.85714
8 13.8632 13.7318 13.7575 0.0465468 1.40909
7 15.3358 15.3358 15.3358 1.77636e-15 2.88889
9 2.70593 2.70051 10.2445 7.54285 0.857143
6 2.48748 2.48748 10.9755 8.48799 2.88889
2 52.8121 5e-09 26.4061 26.4061 0.857143
3 14.459 14.459 14.459 0 2.90909
1 42.7758 42.7758 42.7758 0 0.857143
1 42.7747 42.7747 42.7747 0 2.66667
1 18.1901 18.1901 18.1901 0 2.66667
1 6.00767 6.00767 6.00767 0 2.66667
1 3.58525 3.58525 3.58525 0 2.66667
1 1.62997 1.62997 1.62997 0 2.66667
1 1.41152 1.41152 1.41152 0 2.66667
1 1.40615 1.40615 1.40615 0 0.857143
1 1.26203 1.26203 1.26203 0 2.66667
1 1.22452 1.22452 1.22452 0 2.66667
1 1.22449 1.22449 1.22449 0 2.66667
1 1.22449 1.22449 1.22449 0 2.66667
1 1.22449 1.22449 1.22449 0 2.66667
1 1.22449 1.22449 1.22449 0 2.66667
1 1e-08 1e-08 1e-08 0 0.857143
1 1e-08 1e-08 1e-08 0 2.88889

9 16.5363 16.5031 16.5099 0.0106373 0.857143
6 24.0456 24.0456 24.0456 0 0.888889
5 26.7598 25.2559 25.5567 0.601581 2.85714
8 13.8632 13.7318 13.7575 0.0465468 1.38889
7 15.3358 15.3358 15.3358 1.77636e-15 2.88889
1 105.624 105.624 105.624 0 0.857143
9 2.32829 2.32829 11.4515 9.12322 3.8
8 2.77493 2.77165 11.4083 8.63435 0.857143
3 14.459 14.459 14.459 0 2.90909
1 42.7758 42.7758 42.7758 0 0.857143
1 42.7747 42.7747 42.7747 0 2.66667
1 18.1901 18.1901 18.1901 0 2.66667
1 6.00767 6.00767 6.00767 0 2.66667
1 3.58525 3.58525 3.58525 0 2.66667
1 1.62997 1.62997 1.62997 0 2.66667
1 1.41152 1.41152 1.41152 0 2.66667
1 1.40615 1.40615 1.40615 0 0.857143
1 1.26203 1.26203 1.26203 0 2.66667
1 1.22452 1.22452 1.22452 0 2.66667
1 1.22449 1.22449 1.22449 0 2.66667
1 1.22449 1.22449 1.22449 0 2.66667
1 1.22449 1.22449 1.22449 0 2.66667
1 1.22449 1.22449 1.22449 0 2.66667
1 1e-08 1e-08 1e-08 0 0.857143
1 1e-08 1e-08 1e-08 0 2.88889
1 1e-08 1e-08 1e-08 0 0.857143

5 29.9692 29.96 29.963 0.00324965 0.857143
6 24.8351 24.8351 24.8351 0 3.8
3 49.6701 49.6701 49.6701 0 3.8
4 37.4517 26.4061 34.6817 4.77797 0.857143
5 26.7598 25.2559 25.5567 0.601581 2.85714
8 13.8632 13.7318 13.7575 0.0465468 1.38889
7 15.3358 15.3358 15.3358 1.77636e-15 2.88889
7 2.12612 2.12379 13.6436 11.5187 0.857143
2 74.5246 5e-09 37.2623 37.2623 0.857143
5 3.27894 3.27894 14.0814 10.8025 0.888889
3 14.459 14.459 14.459 0 2.90909
1 42.7758 42.7758 42.7758 0 0.857143
1 42.7747 42.7747 42.7747 0 2.66667
1 18.1901 18.1901 18.1901 0 2.66667
1 6.00767 6.00767 6.00767 0 2.66667
1 3.58525 3.58525 3.58525 0 2.66667
1 1.62997 1.62997 1.62997 0 2.66667
1 1.41152 1.41152 1.41152 0 2.66667
1 1.40615 1.40615 1.40615 0 0.857143
1 1.26203 1.26203 1.26203 0 2.66667
1 1.22452 1.22452 1.22452 0 2.66667
1 1.22449 1.22449 1.22449 0 2.66667
1 1.22449 1.22449 1.22449 0 2.66667
1 1.22449 1.22449 1.22449 0 2.66667
1 1.22449 1.22449 1.22449 0 2.66667
1 1e-08 1e-08 1e-08 0 0.857143
1 1e-08 1e-08 1e-08 0 2.88889

5 28.8547 28.8547 28.8547 0 0.888889
9 16.561 1.11111e-09 14.694 5.19512 0.857143
5 26.7598 25.2559 25.5567 0.601581 2.85714
8 13.8632 13.7318 13.7575 0.0465468 1.38889
7 15.3358 15.3358 15.3358 1.77636e-15 2.88889
1 105.624 105.624 105.624 0 0.857143
9 2.41687 2.41639 11.2877 8.87115 0.857143
8 2.70928 2.70928 12.1524 9.44308 3.8
3 14.459 14.459 14.459 0 2.90909
1 42.7758 42.7758 42.7758 0 0.857143
1 42.7747 42.7747 42.7747 0 2.66667
1 18.1901 18.1901 18.1901 0 2.66667
1 6.00767 6.00767 6.00767 0 2.66667
1 3.58525 3.58525 3.58525 0 2.66667
1 1.62997 1.62997 1.62997 0 2.66667
1 1.41152 1.41152 1.41152 0 2.66667
1 1.40615 1.40615 1.40615 0 0.857143
1 1.26203 1.26203 1.26203 0 2.66667
1 1.22452 1.22452 1.22452 0 2.66667
1 1.22449 1.22449 1.22449 0 2.66667
1 1.22449 1.22449 1.22449 0 2.66667
1 1.22449 1.22449 1.22449 0 2.66667
1 1.22449 1.22449 1.22449 0 2.66667
1 1e-08 1e-08 1e-08 0 0.857143
1 1e-08 1e-08 1e-08 0 0.857143

9 16.6496 16.6463 16.647 0.00136628 0.857143
8 18.6263 18.6263 18.6263 3.55271e-15 3.8
5 26.7598 25.2559 25.5567 0.601581 2.85714
8 13.8632 13.7318 13.7575 0.0465468 1.38889
7 15.3358 15.3358 15.3358 1.77636e-15 2.88889
1 105.624 105.624 105.624 0 0.857143
7 2.76543 2.75604 11.2457 8.48645 0.857143
7 2.57631 2.57631 10.7411 8.16478 0.888889
3 14.459 14.459 14.459 0 2.90909
1 42.7758 42.7758 42.7758 0 0.857143
1 42.7747 42.7747 42.7747 0 2.66667
1 18.1901 18.1901 18.1901 0 2.66667
1 6.00767 6.00767 6.00767 0 2.66667
1 3.58525 3.58525 3.58525 0 2.66667
1 1.62997 1.62997 1.62997 0 2.66667
1 1.41152 1.41152 1.41152 0 2.66667
1 1.40615 1.40615 1.40615 0 0.857143
1 1.26203 1.26203 1.26203 0 2.66667
1 1.22452 1.22452 1.22452 0 2.66667
1 1.22449 1.22449 1.22449 0 2.66667
1 1.22449 1.22449 1.22449 0 2.66667
1 1.22449 1.22449 1.22449 0 2.66667
1 1.22449 1.22449 1.22449 0 2.66667
1 1e-08 1e-08 1e-08 0 0.857143
1 1e-08 1e-08 1e-08 0 0.857143
1 2.5e-09 2.5e-09 1e-08 7.5e-09 0.888889

1 149.085 149.085 149.085 0 0.857143
4 37.3333 37.2066 37.2387 0.0546124 0.857143
7 20.6105 20.6105 20.6105 3.55271e-15 0.888889
5 26.7598 25.2559 25.5567 0.601581 2.85714
8 13.8632 13.7318 13.7575 0.0465468 1.38889
7 15.3358 15.3358 15.3358 1.77636e-15 2.88889
1 105.624 105.624 105.624 0 0.857143
7 2.45803 2.45649 14.5781 12.1212 0.857143
7 2.6609 2.6609 14.2197 11.5588 3.8
3 49.683 3.33333e-09 33.122 23.4208 0.857143
3 14.459 14.459 14.459 0 2.90909
1 42.7758 42.7758 42.7758 0 0.857143
1 42.7747 42.7747 42.7747 0 2.66667
1 18.1901 18.1901 18.1901 0 2.66667
1 6.00767 6.00767 6.00767 0 2.66667
1 3.58525 3.58525 3.58525 0 2.66667
1 1.62997 1.62997 1.62997 0 2.66667
1 1.41152 1.41152 1.41152 0 2.66667
1 1.40615 1.40615 1.40615 0 0.857143
1 1.26203 1.26203 1.26203 0 2.66667
1 1.22452 1.22452 1.22452 0 2.66667
1 1.22449 1.22449 1.22449 0 2.66667
1 1.22449 1.22449 1.22449 0 2.66667
1 1.22449 1.22449 1.22449 0 2.66667
1 1.22449 1.22449 1.22449 0 2.66667
1 1e-08 1e-08 1e-08 0 0.857143
1 1e-08 1e-08 1e-08 0 2.88889

7 21.42 21.4066 21.4099 0.00537382 0.857143
7 21.2872 21.2872 21.2872 0 3.8
7 20.6105 20.6105 20.6105 3.55271e-15 0.888889
5 26.7598 25.2559 25.5567 0.601581 2.85714
8 4.51093 4.51004 14.127 9.61664 0.857143
8 13.8632 13.7318 13.7575 0.0465468 1.40909
7 15.3358 15.3358 15.3358 1.77636e-15 2.88889
1 105.624 105.624 105.624 0 0.857143
7 2.01809 2.01802 12.8021 10.7841 0.857143
3 14.459 14.459 14.459 0 2.90909
1 42.7758 42.7758 42.7758 0 0.857143
1 42.7747 42.7747 42.7747 0 2.66667
1 18.1901 18.1901 18.1901 0 2.66667
1 6.00767 6.00767 6.00767 0 2.66667
1 3.58525 3.58525 3.58525 0 2.66667
1 1.62997 1.62997 1.62997 0 2.66667
1 1.41152 1.41152 1.41152 0 2.66667
1 1.40615 1.40615 1.40615 0 0.857143
1 1.26203 1.26203 1.26203 0 2.66667
1 1.22452 1.22452 1.22452 0 2.66667
1 1.22449 1.22449 1.22449 0 2.66667
1 1.22449 1.22449 1.22449 0 2.66667
1 1.22449 1.22449 1.22449 0 2.66667
1 1.22449 1.22449 1.22449 0 2.66667
1 1e-08 1e-08 1e-08 0 0.857143
1 1e-08 1e-08 1e-08 0 0.857143
1 1e-08 1e-08 1e-08 0 2.88889

13 9.95593 9.92209 11.467 1.52656 0.857143
7 20.6105 20.6105 20.6105 3.55271e-15 0.888889
5 26.7598 25.2559 25.5567 0.601581 2.88889
8 13.8632 13.7318 13.7575 0.0465468 1.40909
7 15.3358 15.3358 15.3358 1.77636e-15 2.88889
1 105.624 105.624 105.624 0 0.857143
8 2.75945 2.75945 10.978 8.21853 3.8
7 2.58517 2.58355 12.0146 9.4305 0.857143
3 14.459 14.459 14.459 0 2.90909
1 42.7758 42.7758 42.7758 0 0.857143
1 42.7747 42.7747 42.7747 0 2.66667
1 18.1901 18.1901 18.1901 0 2.66667
1 6.00767 6.00767 6.00767 0 2.66667
1 3.58525 3.58525 3.58525 0 2.66667
1 1.62997 1.62997 1.62997 0 2.66667
1 1.41152 1.41152 1.41152 0 2.66667
1 1.40615 1.40615 1.40615 0 0.857143
1 1.26203 1.26203 1.26203 0 2.66667
1 1.22452 1.22452 1.22452 0 2.66667
1 1.22449 1.22449 1.22449 0 2.66667
1 1.22449 1.22449 1.22449 0 2.66667
1 1.22449 1.22449 1.22449 0 2.66667
1 1.22449 1.22449 1.22449 0 2.66667
1 0.0142325 0.0142325 0.0142325 5e-09 3.8
1 1e-08 1e-08 1e-08 0 0.857143
1 1e-08 1e-08 1e-08 0 0.857143
1 1e-08 1e-08 1e-08 0 2.88889

7 21.42 21.4066 21.4113 0.00561813 0.857143
8 18.6263 18.6263 18.6263 3.55271e-15 3.8
2 74.4303 74.4303 74.4303 0 0.857143
5 26.7598 25.2559 25.5567 0.601581 2.85714
8 13.8632 13.7318 13.7575 0.0465468 1.40909
7 15.3358 15.3358 15.3358 1.77636e-15 2.88889
1 105.624 105.624 105.624 0 0.857143
7 2.57737 2.57471 14.4948 11.9196 0.857143
2 74.2947 0.0142325 37.1545 37.1402 0.857143
5 2.36514 2.36514 13.3433 10.9781 0.888889
3 14.459 14.459 14.459 0 2.88889
1 42.7758 42.7758 42.7758 0 0.857143
1 42.7747 42.7747 42.7747 0 2.66667
1 18.1901 18.1901 18.1901 0 2.66667
1 6.00767 6.00767 6.00767 0 2.66667
1 3.58525 3.58525 3.58525 0 2.66667
1 1.62997 1.62997 1.62997 0 2.66667
1 1.41152 1.41152 1.41152 0 2.66667
1 1.40615 1.40615 1.40615 0 0.857143
1 1.26203 1.26203 1.26203 0 2.66667
1 1.22452 1.22452 1.22452 0 2.66667
1 1.22449 1.22449 1.22449 0 2.66667
1 1.22449 1.22449 1.22449 0 2.66667
1 1.22449 1.22449 1.22449 0 2.66667
1 1.22449 1.22449 1.22449 0 2.66667
1 1e-08 1e-08 1e-08 0 0.857143

