5 1 0.0522536 0.0522536 0.0522536 0 2
1 1 1e-08 1e-08 1e-08 0 0
2 1 1e-08 1e-08 1e-08 0 2
3 1 1e-08 1e-08 1e-08 0 2
4 1 1e-08 1e-08 1e-08 0 2

5 91 0.0134571 1.0989e-10 0.0021283 0.00420118 2
1 1 3.33333e-09 3.33333e-09 1e-08 6.66667e-09 0
2 1 2.5e-09 2.5e-09 1e-08 7.5e-09 2
3 1 2e-09 2e-09 1e-08 8e-09 2
4 1 5e-09 5e-09 1e-08 5e-09 2

5 99 0.00665542 0.000283987 0.00186496 0.00261302 2
1 1 3.33333e-09 3.33333e-09 1e-08 6.66667e-09 0
2 1 1e-08 1e-08 1e-08 0 2

1 2 0.612273 5e-09 0.306136 0.306136 0
5 34 0.011757 0.00647891 0.0092989 0.00280885 2
2 1 2.5e-09 2.5e-09 1e-08 7.5e-09 2
6 1 5e-09 5e-09 1e-08 5e-09 2
7 1 2.5e-09 2.5e-09 1e-08 7.5e-09 2

8 1 1.22452 1.22452 1.22452 0 1.16667
5 27 0.0358398 0.0197513 0.0400629 0.0195716 2.66667
2 2 0.612273 5e-09 0.306136 0.306136 2
6 2 0.612273 5e-09 0.306136 0.306136 2
1 11 0.0172471 0.0172471 0.0400408 0.0227937 0
7 1 1e-08 1e-08 1e-08 0 2

8 9 0.356047 0.0165479 0.162307 0.147497 0.666667
15 7 0.370953 0.17494 0.202942 0.0685901 2.66667
9 7 0.317439 0.00746688 0.196795 0.117764 2.66667
12 1 1.22459 1.22459 1.22459 0 2.66667
13 1 1.22459 1.22459 1.22459 0 2.66667
14 3 0.408194 0.408194 0.408194 0 2.66667
16 3 0.408194 0.408194 0.408194 0 2.66667
18 2 0.612291 0.612291 0.612291 0 2.66667
5 1 1.22455 1.22455 1.22455 0 2.66667
11 7 0.0680332 0.0680332 0.156334 0.0883008 2.66667
10 6 0.205018 1.66667e-09 0.170695 0.0763377 2.66667
17 3 0.408194 0.0172651 0.277884 0.184286 2.66667
6 1 0.204097 0.204097 0.204097 8.33333e-09 2
2 1 1.42857e-09 1.42857e-09 1e-08 8.57143e-09 2
7 1 2.5e-09 2.5e-09 1e-08 7.5e-09 2
19 1 1e-08 1e-08 1e-08 0 1.3

15 18 1.87475 0.00134882 0.16385 0.416207 2.66667
8 16 0.940982 0.0437338 0.161272 0.217834 2.66667
5 3 1.22115 3.33333e-09 0.407051 0.575657 2
12 7 0.277133 1.42857e-09 0.164549 0.0758679 2.66667
9 7 0.123448 0.0680323 0.161884 0.0597652 2.66667
16 7 0.102048 0.102048 0.160362 0.0583134 2.66667
14 7 0.122458 0.122458 0.157446 0.0349881 2.66667
10 5 0.153763 0.153763 0.184378 0.0306145 2.66667
11 5 0.0644525 0.0644525 0.182118 0.117665 2.66667
17 3 0.408194 0.0172651 0.277884 0.184286 2.66667
13 5 0.10138 0.0874704 0.162469 0.0724304 2.66667
18 5 0.17494 0.0819583 0.157837 0.0372228 2.8
7 1 5e-09 5e-09 1e-08 5e-09 2
19 1 1e-08 1e-08 1e-08 0 1.3
20 1 1e-08 1e-08 1e-08 0 2.66667

9 19 1.3562 5.26316e-10 0.223406 0.390862 2.66667
21 15 1.7565 6.66667e-10 0.217303 0.41954 1.3
15 13 0.771954 0.0509151 0.215686 0.265665 2.66667
8 7 0.318235 0.0556628 0.209519 0.10938 2.66667
13 5 0.283863 0.244917 0.252706 0.0155785 2.66667
10 5 0.123011 0.123011 0.246021 0.123011 2.66667
14 5 0.0941986 0.0941986 0.226077 0.131878 2.66667
12 5 0.138567 0.0874709 0.220149 0.124153 2.66667
18 5 0.244916 0.114742 0.218881 0.0520699 2.66667
16 5 0.0816388 0.0816388 0.212261 0.130622 2.8
11 5 0.0941998 0.0941998 0.207239 0.11304 2.66667
17 3 0.408194 0.0172651 0.277884 0.184286 2.8
22 1 0.0522704 0.0522704 0.0522704 0 2.8
7 1 1e-08 1e-08 1e-08 0 2
19 1 1e-08 1e-08 1e-08 0 1.3
20 1 1e-08 1e-08 1e-08 0 2.66667
5 1 5e-09 5e-09 1e-08 5e-09 2.5

15 21 1.71172 0.112899 0.346678 0.559498 2.66667
24 2 5.88775 0.232571 3.06016 2.82759 2.85714
21 11 0.675577 0.100942 0.334721 0.2398 1.66667
9 9 0.613517 0.0529064 0.361294 0.290873 2.66667
8 7 0.777907 0.136065 0.338429 0.212537 2.66667
27 1 1.68539 1.68539 1.68539 0 1.8
11 3 0.244919 0.244919 0.408199 0.16328 2.66667
16 3 0.244916 0.244916 0.408194 0.163278 2.66667
13 3 0.118276 0.102049 0.384997 0.272238 2.66667
10 3 0.0946236 0.0946236 0.37982 0.285197 2.66667
14 3 0.111326 0.111326 0.372669 0.261344 2.66667
18 3 0.244916 0.244916 0.364802 0.119886 2.66667
12 2 0.176357 0.111327 0.477822 0.335559 2.66667
17 2 0.408194 0.408194 0.416827 0.00863256 2.66667
23 1 0.169881 0.169881 0.169881 5e-09 3.66667
22 1 0.0522704 0.0522704 0.0522704 0 2.8
31 1 1e-08 1e-08 1e-08 0 2.66667
30 1 1e-08 1e-08 1e-08 0 2.66667
29 1 1e-08 1e-08 1e-08 0 1.3
28 1 1e-08 1e-08 1e-08 0 2.66667
26 1 1e-08 1e-08 1e-08 0 1.66667
25 1 3.33333e-09 3.33333e-09 1e-08 6.66667e-09 1.3
5 1 5e-09 5e-09 1e-08 5e-09 3.16667
20 1 1e-08 1e-08 1e-08 0 2.66667
19 1 1e-08 1e-08 1e-08 0 1.3
7 1 1e-08 1e-08 1e-08 0 2

15 17 0.937373 0.0618255 0.399481 0.406909 2.8
21 15 0.823359 0.123023 0.402824 0.277978 1.3
9 15 1.22703 0.105813 0.388109 0.446581 2.66667
24 13 0.563249 0.0599586 0.399673 0.137836 2.88889
32 4 0.370953 0.370953 0.465658 0.0947053 3.16667
12 2 0.969966 0.612297 0.791131 0.178835 2.66667
27 3 0.24077 0.24077 0.457259 0.216489 1.8
13 3 0.473105 0.408195 0.451469 0.030599 2.66667
8 3 0.305795 0.149554 0.412998 0.175488 2.66667
10 3 0.410036 0.410036 0.410036 0 2.66667
16 3 0.204097 0.204097 0.408194 0.204097 2.66667
14 3 0.408194 0.408194 0.408194 0 2.66667
18 3 0.408194 0.408194 0.408194 0 2.66667
17 2 0.612291 0.612291 0.612291 0 2.66667
11 2 0.244919 0.244919 0.495066 0.250146 2.66667
23 1 0.339762 0.339762 0.339762 0 3.66667
33 1 1e-08 1e-08 1e-08 0 3.16667
7 1 1e-08 1e-08 1e-08 0 2
19 1 1e-08 1e-08 1e-08 0 1.3
20 1 1e-08 1e-08 1e-08 0 2.66667
5 1 1e-08 1e-08 1e-08 0 2.5
25 1 5e-09 5e-09 1e-08 5e-09 1.3
28 1 1e-08 1e-08 1e-08 0 2.66667
29 1 1e-08 1e-08 1e-08 0 1.3
31 1 1e-08 1e-08 1e-08 0 2.66667

15 7 12.9931 0.153281 5.89537 3.45827 2.66667
23 3 23.5863 3.33333e-09 7.89984 11.0921 2.66667
21 10 0.774954 0.774927 1.2063 0.431367 1.8
24 7 0.696782 0.560738 1.33176 0.715664 2.85714
9 6 0.736221 0.736221 1.28291 0.54669 2.66667
32 5 1.03604 0.0683334 1.2525 0.563857 2.66667
34 3 1.0705 1.06683 1.55332 0.484048 2.88889
8 2 0.611589 0.611589 1.52229 0.910697 2.66667
27 1 0.337218 0.337218 1.68553 1.34831 1.8
12 1 0.484983 0.484983 1.27611 0.791131 2.66667
10 1 0.136679 0.136679 1.23011 1.09343 2.66667
11 1 0.612299 0.612299 1.2246 0.612299 2.66667
17 1 0.612291 0.612291 1.22458 0.612291 2.66667
18 1 0.408194 0.408194 1.22458 0.816388 2.66667
14 1 0.408194 0.408194 1.22458 0.816388 2.66667
16 1 0.408194 0.408194 1.22458 0.816388 2.66667
13 1 0.283863 0.283863 1.09651 0.812643 2.66667
19 1 1e-08 1e-08 1e-08 0 1.3
20 1 1e-08 1e-08 1e-08 0 2.66667
5 1 1e-08 1e-08 1e-08 0 2.5
28 1 1e-08 1e-08 1e-08 0 2.66667
29 1 1e-08 1e-08 1e-08 0 1.3
31 1 1e-08 1e-08 1e-08 0 2.66667
35 1 1e-08 1e-08 1e-08 0 3.35714
36 1 5e-09 5e-09 1e-08 5e-09 2.66667
37 1 1e-08 1e-08 1e-08 0 3.16667

15 27 1.44368 0.624915 1.0438 0.414011 2.66667
9 13 1.98213 7.69231e-10 1.82966 0.528178 2.66667
21 9 2.9276 0.00354087 2.27781 1.21565 1.3
23 17 1.36075 0.506683 1.09495 0.530329 2.66667
12 1 1.93993 1.93993 1.93993 0 2.66667
27 1 1.68609 1.68609 1.68609 0 1.8
13 1 1.41932 1.41932 1.41932 0 2.66667
10 1 1.23011 1.23011 1.23011 0 2.66667
11 1 1.2246 1.2246 1.2246 0 2.66667
16 1 1.22458 1.22458 1.22458 0 2.66667
14 1 1.22458 1.22458 1.22458 0 2.66667
18 1 1.22458 1.22458 1.22458 0 2.66667
17 1 1.22458 1.22458 1.22458 0 2.66667
38 1 0.0679686 0.0679686 0.257402 0.189433 3.8
24 1 1e-08 1e-08 1e-08 0 2.88889
19 1 1e-08 1e-08 1e-08 0 1.3
20 1 1e-08 1e-08 1e-08 0 2.66667
5 1 1e-08 1e-08 1e-08 0 2.5
28 1 1e-08 1e-08 1e-08 0 2.66667
29 1 1e-08 1e-08 1e-08 0 1.3
31 1 1e-08 1e-08 1e-08 0 2.66667
35 1 1e-08 1e-08 1e-08 0 3.35714
37 1 1e-08 1e-08 1e-08 0 3.16667
39 1 1e-08 1e-08 1e-08 0 2.66667

15 24 1.93515 0.837652 2.08331 0.849699 2.66667
40 5 7.87393 0.0084527 6.30083 3.14619 2.8
37 3 13.1232 3.33333e-09 8.74881 6.18634 2.66667
9 12 0.78084 0.78084 2.14731 1.36647 2.66667
21 12 1.33507 0.49714 2.13514 1.28902 1.16667
42 2 19.6848 5e-09 9.84241 9.84241 2.66667
23 7 3.29355 1.25e-09 2.1414 1.44201 2.66667
12 1 1.93993 1.93993 1.93993 0 2.66667
27 1 1.68609 1.68609 1.68609 0 1.8
39 1 1.6801 1.6801 1.6801 5e-09 2.66667
13 1 1.41932 1.41932 1.41932 0 2.66667
10 1 1.23011 1.23011 1.23011 0 2.66667
11 1 1.2246 1.2246 1.2246 0 2.66667
18 1 1.22458 1.22458 1.22458 0 2.66667
17 1 1.22458 1.22458 1.22458 0 2.66667
14 1 1.22458 1.22458 1.22458 0 2.66667
16 1 1.22458 1.22458 1.22458 0 2.66667
47 1 0.0174235 0.0174235 0.0174235 6.66667e-09 2.8
48 1 1e-08 1e-08 1e-08 0 2.66667
46 1 1e-08 1e-08 1e-08 0 1.16667
45 1 1e-08 1e-08 1e-08 0 1.16667
44 1 5e-09 5e-09 1e-08 5e-09 1.8
43 1 1e-08 1e-08 1e-08 0 3.3
41 1 3.33333e-09 3.33333e-09 1e-08 6.66667e-09 2.66667
35 1 1e-08 1e-08 1e-08 0 3.35714
31 1 5e-09 5e-09 1e-08 5e-09 2.66667
29 1 1e-08 1e-08 1e-08 0 1.3
28 1 5e-09 5e-09 1e-08 5e-09 2.66667
5 1 1e-08 1e-08 1e-08 0 2.5
20 1 1e-08 1e-08 1e-08 0 2.66667
19 1 3.33333e-09 3.33333e-09 1e-08 6.66667e-09 1.16667
24 1 1e-08 1e-08 1e-08 0 2.88889

15 36 1.03354 0.447382 1.23209 0.43064 2.66667
21 28 2.08114 0.205917 1.24285 0.686803 3.66667
9 20 0.95436 0.95436 1.2465 0.292143 2.66667
23 4 5.26969 2e-09 1.32089 2.27984 2.66667
12 1 1.93993 1.93993 1.93993 0 2.66667
27 1 1.68609 1.68609 1.68609 0 1.8
13 1 1.41932 1.41932 1.41932 0 2.66667
10 1 1.23011 1.23011 1.23011 0 2.66667
11 1 1.2246 1.2246 1.2246 0 2.66667
16 1 1.22458 1.22458 1.22458 0 2.66667
14 1 1.22458 1.22458 1.22458 0 2.66667
17 1 1.22458 1.22458 1.22458 0 2.66667
18 1 1.22458 1.22458 1.22458 0 2.66667
47 1 0.0492391 0.0492391 0.0782621 0.029023 2.8
37 1 0.00746688 0.00746688 0.00746689 8.57143e-09 3.16667
51 1 1e-08 1e-08 1e-08 0 2.8
50 1 1e-08 1e-08 1e-08 0 2.8

15 33 1.24592 1.24592 1.91186 0.665947 2.66667
23 22 2.35863 0.878281 1.94716 0.723323 2.66667
21 14 2.5271 0.941015 1.92807 0.893552 1.66667
52 4 17.6897 2.5e-09 5.76344 7.00321 2.66667
9 11 0.58563 0.58563 2.03519 1.44956 2.66667
12 1 1.93993 1.93993 1.93993 0 2.66667
27 1 1.68609 1.68609 1.68609 0 1.8
13 1 1.41932 1.41932 1.41932 0 2.66667
10 1 1.23011 1.23011 1.23011 0 2.66667
11 1 1.2246 1.2246 1.2246 0 2.66667
18 1 1.22458 1.22458 1.22458 0 2.66667
17 1 1.22458 1.22458 1.22458 0 2.66667
14 1 1.22458 1.22458 1.22458 0 2.66667
16 1 1.22458 1.22458 1.22458 0 2.66667
53 1 0.069465 0.069465 0.069465 0 2.8
54 1 0.0522682 0.0522682 0.0522682 0 3.3
59 1 0.0318716 0.0318716 0.0318716 0 1.3
61 1 0.000136705 0.000136705 0.000136705 0 2.66667
62 1 1e-08 1e-08 1e-08 0 0.666667
60 1 1e-08 1e-08 1e-08 0 2.66667
58 1 1e-08 1e-08 1e-08 0 0.8
57 1 5e-09 5e-09 1e-08 5e-09 1.16667

15 37 1.12286 1.12286 2.03354 0.910681 2.66667
23 20 1.10561 1.10561 2.07832 0.972716 2.66667
63 1 25.7677 25.7677 25.7677 0 2.66667
9 10 2.57677 2.57677 2.57677 0 2.66667
21 10 2.72149 1.0134 2.22478 1.1599 1.66667
12 1 1.93993 1.93993 1.93993 0 2.66667
27 1 1.68609 1.68609 1.68609 0 1.8
13 1 1.41932 1.41932 1.41932 0 2.66667
10 1 1.23011 1.23011 1.23011 0 2.66667
11 1 1.2246 1.2246 1.2246 0 2.66667
16 1 1.22458 1.22458 1.22458 0 2.66667
14 1 1.22458 1.22458 1.22458 0 2.66667
17 1 1.22458 1.22458 1.22458 0 2.66667
18 1 1.22458 1.22458 1.22458 0 2.66667
54 1 0.0522682 0.0522682 0.0522682 0 3.3
61 1 0.000136705 0.000136705 0.000136705 0 2.66667
64 1 0.000135365 0.000135365 0.000135365 0 2.66667
62 1 1e-08 1e-08 1e-08 0 0.666667
60 1 1e-08 1e-08 1e-08 0 2.66667
58 1 1e-08 1e-08 1e-08 0 0.8
52 1 2.5e-09 2.5e-09 1e-08 7.5e-09 0.666667

15 26 0.995007 0.988607 3.1241 2.13525 2.66667
23 21 2.72149 2.72149 3.11028 0.388785 2.66667
65 2 50.0825 0.0179052 25.0502 25.0323 2.8
21 15 2.28254 2.28254 3.24912 0.966578 0.666667
9 2 12.8839 12.8839 12.8839 0 3.16667
63 7 1.03071 1.03071 3.23967 2.20896 2.66667
12 1 1.93993 1.93993 1.93993 0 2.66667
27 1 1.68609 1.68609 1.68609 0 1.8
13 1 1.41932 1.41932 1.41932 0 2.66667
10 1 1.23011 1.23011 1.23011 0 2.66667
11 1 1.2246 1.2246 1.2246 0 2.66667
16 1 1.22458 1.22458 1.22458 0 2.66667
14 1 1.22458 1.22458 1.22458 0 2.66667
17 1 1.22458 1.22458 1.22458 0 2.66667
18 1 1.22458 1.22458 1.22458 0 2.66667
54 1 0.0522682 0.0522682 0.0522682 0 3.3
61 1 0.000136705 0.000136705 0.000136705 0 2.66667
64 1 0.000135365 0.000135365 0.000135365 0 2.66667
62 1 1e-08 1e-08 1e-08 0 0.666667
60 1 1e-08 1e-08 1e-08 0 2.66667
58 1 1e-08 1e-08 1e-08 0 0.8
52 1 1e-08 1e-08 1e-08 0 2.66667

15 38 1.45303 1.44368 1.9516 0.50743 2.66667
23 28 1.07704 0.760848 1.96005 1.12849 2.66667
9 3 8.58924 8.58924 8.58924 0 3.16667
63 6 4.29462 4.29462 4.29462 0 2.66667
12 1 1.93993 1.93993 1.93993 0 2.66667
27 1 1.68609 1.68609 1.68609 0 1.8
13 1 1.41932 1.41932 1.41932 0 2.66667
10 1 1.23011 1.23011 1.23011 0 2.66667
11 1 1.2246 1.2246 1.2246 0 2.66667
18 1 1.22458 1.22458 1.22458 0 2.66667
17 1 1.22458 1.22458 1.22458 0 2.66667
14 1 1.22458 1.22458 1.22458 0 2.66667
16 1 1.22458 1.22458 1.22458 0 2.66667
54 1 0.0522682 0.0522682 0.0522682 0 3.3
66 1 0.0522537 0.0522537 0.0522537 0 2.66667
65 1 0.0179052 0.0179052 0.0352125 0.0173073 2.8
68 1 0.0111927 0.0111927 0.0111927 5e-09 2.8
61 1 0.000136705 0.000136705 0.000136705 0 2.66667
64 1 0.000135365 0.000135365 0.000135365 0 2.66667
67 1 0.000135273 0.000135273 0.000135273 0 2.8
21 1 1e-08 1e-08 1e-08 0 1.16667
62 1 1e-08 1e-08 1e-08 0 0.666667
60 1 1e-08 1e-08 1e-08 0 2.66667
58 1 1e-08 1e-08 1e-08 0 0.8
52 1 1e-08 1e-08 1e-08 0 2.66667
69 1 1e-08 1e-08 1e-08 0 2.8

15 24 1.02855 1.02193 3.30838 2.28563 2.66667
72 1 70.7588 70.7588 70.7588 0 2.66667
23 20 1.72698 1.21998 3.31464 1.90809 2.66667
21 3 23.5863 3.33333e-09 15.7242 11.1187 1.16667
9 7 2.57677 2.57677 3.31345 0.736677 3.16667
63 6 2.57677 2.57677 3.43744 0.860666 2.66667
12 1 1.93993 1.93993 1.93993 0 2.66667
27 1 1.68609 1.68609 1.68609 0 1.8
13 1 1.41932 1.41932 1.41932 0 2.66667
10 1 1.23011 1.23011 1.23011 0 2.66667
11 1 1.2246 1.2246 1.2246 0 2.66667
18 1 1.22458 1.22458 1.22458 0 2.66667
17 1 1.22458 1.22458 1.22458 0 2.66667
14 1 1.22458 1.22458 1.22458 0 2.66667
16 1 1.22458 1.22458 1.22458 0 2.66667
74 1 0.177163 0.177163 0.177163 0 2.8
54 1 0.0522682 0.0522682 0.0522682 0 3.3
66 1 0.0522537 0.0522537 0.0522537 0 2.66667
65 1 0.0358103 0.0358103 0.0358103 0 2.8
68 1 0.0223855 0.0223855 0.0223855 0 2.8
61 1 0.000136705 0.000136705 0.000136705 0 2.66667
64 1 0.000135365 0.000135365 0.000135365 0 2.66667
67 1 0.000135273 0.000135273 0.000135273 0 2.8
62 1 1e-08 1e-08 1e-08 0 0.666667
60 1 1e-08 1e-08 1e-08 0 2.66667
58 1 1e-08 1e-08 1e-08 0 0.8
52 1 5e-09 5e-09 1e-08 5e-09 2.66667
69 1 1e-08 1e-08 1e-08 0 2.8
70 1 1e-08 1e-08 1e-08 0 2.66667
71 1 1e-08 1e-08 1e-08 0 0.8
73 1 1e-08 1e-08 1e-08 0 2.66667

15 24 1.82266 1.28101 3.08799 1.7739 2.66667
23 21 2.78236 1.96552 3.02068 0.748277 2.66667
72 16 1.96552 1.96552 3.11791 1.15239 2.66667
21 3 23.5863 3.33333e-09 15.7242 11.1187 1.16667
9 8 2.14731 2.14731 3.22097 1.07366 2.66667
63 1 25.7677 25.7677 25.7677 0 2.66667
12 1 1.93993 1.93993 1.93993 0 2.66667
27 1 1.68609 1.68609 1.68609 0 1.8
13 1 1.41932 1.41932 1.41932 0 2.66667
10 1 1.23011 1.23011 1.23011 0 2.66667
11 1 1.2246 1.2246 1.2246 0 2.66667
18 1 1.22458 1.22458 1.22458 0 2.66667
17 1 1.22458 1.22458 1.22458 0 2.66667
14 1 1.22458 1.22458 1.22458 0 2.66667
16 1 1.22458 1.22458 1.22458 0 2.66667
74 1 0.0590543 0.0590543 0.0665162 0.00746183 2.8
76 1 0.0616959 0.0616959 0.0616959 0 2.85714
54 1 0.0522682 0.0522682 0.0522682 0 3.3
66 1 0.0522537 0.0522537 0.0522537 0 2.66667
65 1 0.0358103 0.0358103 0.0358103 0 2.8
67 1 0.000135273 0.000135273 0.000135273 0 2.8
62 1 1e-08 1e-08 1e-08 0 0.666667
60 1 5e-09 5e-09 1e-08 5e-09 2.66667
58 1 1e-08 1e-08 1e-08 0 0.8
52 1 1e-08 1e-08 1e-08 0 2.66667
69 1 1e-08 1e-08 1e-08 0 2.8
70 1 1e-08 1e-08 1e-08 0 2.66667
71 1 1e-08 1e-08 1e-08 0 0.8
73 1 1e-08 1e-08 1e-08 0 2.66667
75 1 1e-08 1e-08 1e-08 0 2.66667

15 23 2.12146 1.49101 3.44985 1.89237 2.66667
23 21 2.27648 1.60816 3.49794 1.44432 2.66667
72 17 2.38488 1.68473 3.51998 1.76734 2.8
77 3 33.3883 0.0117816 11.309 15.6139 2.8
21 7 10.1084 1.42857e-09 4.33217 5.00236 1.66667
63 2 12.8839 12.8839 12.8839 0 2.66667
9 6 3.22097 3.22097 3.75779 0.536828 3.16667
12 1 1.93993 1.93993 1.93993 0 2.66667
27 1 1.68609 1.68609 1.68609 0 1.8
13 1 1.41932 1.41932 1.41932 0 2.66667
10 1 1.23011 1.23011 1.23011 0 2.66667
11 1 1.2246 1.2246 1.2246 0 2.66667
18 1 1.22458 1.22458 1.22458 0 2.66667
17 1 1.22458 1.22458 1.22458 0 2.66667
14 1 1.22458 1.22458 1.22458 0 2.66667
16 1 1.22458 1.22458 1.22458 0 2.66667
74 1 0.177163 0.177163 0.177163 0 2.8
82 1 0.0704523 0.0704523 0.0704523 5e-09 1.3
76 1 0.0616959 0.0616959 0.0616959 0 2.85714
54 1 0.0522682 0.0522682 0.0522682 0 3.3
66 1 0.0522537 0.0522537 0.0522537 0 2.66667
65 1 0.0358103 0.0358103 0.0358103 0 2.8
81 1 0.0358078 0.0358078 0.0358078 0 0.8
67 1 0.000135273 0.000135273 0.000135273 0 2.8
62 1 1e-08 1e-08 1e-08 0 0.666667
60 1 1e-08 1e-08 1e-08 0 2.66667
58 1 1e-08 1e-08 1e-08 0 0.8
52 1 5e-09 5e-09 1e-08 5e-09 3.66667
69 1 1e-08 1e-08 1e-08 0 2.8

15 24 2.05411 1.45303 3.28566 1.73367 2.66667
72 4 25.0412 2.5e-09 18.7809 10.8432 2.8
23 23 1.53022 1.25206 3.23558 1.96922 2.66667
21 8 7.07588 1e-09 3.54015 3.53574 1.66667
63 3 8.58924 8.58924 8.58924 0 2.66667
9 5 5.15354 5.15354 5.15354 0 3.16667
12 1 1.93993 1.93993 1.93993 0 2.66667
27 1 1.68609 1.68609 1.68609 0 1.8
13 1 1.41932 1.41932 1.41932 0 2.66667
10 1 1.23011 1.23011 1.23011 0 2.66667
11 1 1.2246 1.2246 1.2246 0 2.66667
16 1 1.22458 1.22458 1.22458 0 2.66667
14 1 1.22458 1.22458 1.22458 0 2.66667
17 1 1.22458 1.22458 1.22458 0 2.66667
18 1 1.22458 1.22458 1.22458 0 2.66667
77 1 0.263444 0.263444 0.2771 0.0136564 2.8
74 1 0.177163 0.177163 0.177163 0 2.8
65 1 0.0386977 0.0386977 0.0566029 0.0179052 2.8
54 1 0.0522682 0.0522682 0.0522682 0 3.3
66 1 0.0522537 0.0522537 0.0522537 0 2.66667
76 1 0.030848 0.030848 0.030848 5e-09 2.85714
67 1 0.000135273 0.000135273 0.000135273 0 2.8
84 1 7.72714e-05 7.72714e-05 7.72794e-05 8e-09 2.66667
86 1 1e-08 1e-08 1e-08 0 2.85714
85 1 1e-08 1e-08 1e-08 0 2.66667
83 1 1e-08 1e-08 1e-08 0 2.66667
69 1 1e-08 1e-08 1e-08 0 2.8
52 1 1e-08 1e-08 1e-08 0 3.3
58 1 1e-08 1e-08 1e-08 0 0.8
60 1 1e-08 1e-08 1e-08 0 2.66667
62 1 1e-08 1e-08 1e-08 0 0.666667

15 30 2.31087 1.63465 2.40594 0.708702 2.66667
72 28 1.34525 1.10071 2.4055 1.29468 2.8
21 9 7.86209 1.11111e-09 3.49645 3.90476 1.16667
9 1 25.7677 25.7677 25.7677 0 3.16667
63 7 3.6811 3.6811 3.6811 4.44089e-16 2.66667
12 1 1.93993 1.93993 1.93993 0 2.66667
27 1 1.68609 1.68609 1.68609 0 1.8
13 1 1.41932 1.41932 1.41932 0 2.66667
10 1 1.23011 1.23011 1.23011 0 2.66667
11 1 1.2246 1.2246 1.2246 0 2.66667
16 1 1.22458 1.22458 1.22458 0 2.66667
14 1 1.22458 1.22458 1.22458 0 2.66667
17 1 1.22458 1.22458 1.22458 0 2.66667
18 1 1.22458 1.22458 1.22458 0 2.66667
74 1 0.177163 0.177163 0.177163 0 2.8
65 1 0.0773954 0.0773954 0.0773954 0 2.8
76 1 0.0616959 0.0616959 0.0616959 0 2.85714
54 1 0.0522682 0.0522682 0.0522682 0 3.3
66 1 0.0522537 0.0522537 0.0522537 0 2.66667
23 1 0.000386357 0.000386357 0.000386357 0 2.66667
67 1 0.000135273 0.000135273 0.000135273 0 2.8
88 1 8.68051e-05 8.68051e-05 8.68101e-05 5e-09 2.8
86 1 1e-08 1e-08 1e-08 0 2.85714
85 1 1e-08 1e-08 1e-08 0 2.66667
83 1 1e-08 1e-08 1e-08 0 2.66667
69 1 1e-08 1e-08 1e-08 0 2.8
58 1 1e-08 1e-08 1e-08 0 0.8
60 1 1e-08 1e-08 1e-08 0 2.66667
62 1 1e-08 1e-08 1e-08 0 0.666667
87 1 1e-08 1e-08 1e-08 0 2.8
89 1 1e-08 1e-08 1e-08 0 2.8

72 32 2.30867 1.69771 2.49343 0.771808 2.85714
15 29 1.82266 1.2893 2.52959 1.13705 2.66667
21 13 3.36947 4.7619e-10 2.65307 1.3203 1.66667
63 3 8.58924 8.58924 8.58924 0 2.66667
9 8 1.84055 1.84055 2.76083 0.920276 3.16667
12 1 1.93993 1.93993 1.93993 0 2.66667
27 1 1.68609 1.68609 1.68609 0 1.8
13 1 1.41932 1.41932 1.41932 0 2.66667
10 1 1.23011 1.23011 1.23011 0 2.66667
11 1 1.2246 1.2246 1.2246 0 2.66667
16 1 1.22458 1.22458 1.22458 0 2.66667
14 1 1.22458 1.22458 1.22458 0 2.66667
17 1 1.22458 1.22458 1.22458 0 2.66667
18 1 1.22458 1.22458 1.22458 0 2.66667
76 1 0.0616959 0.0616959 0.0616959 0 2.85714
54 1 0.0522682 0.0522682 0.0522682 0 3.3
66 1 0.0522537 0.0522537 0.0522537 0 2.66667
91 1 0.0469682 0.0469682 0.0469682 6.66667e-09 0.8
95 1 0.0387459 0.0387459 0.0387459 0 2.8
92 1 0.00895195 0.00895195 0.0268559 0.0179039 1.3
23 1 0.00764839 0.00764839 0.00784157 0.000193178 2.66667

15 25 2.02201 1.43032 3.32515 1.6519 2.66667
72 24 2.03301 1.495 3.40396 1.86983 2.8
96 3 45.4038 3.33333e-09 16.6157 20.4369 2.85714
21 14 2.02168 2.02168 3.43654 1.41486 0.666667
9 4 6.44193 6.44193 6.44193 0 3.16667
63 7 3.6811 3.6811 3.6811 4.44089e-16 2.66667
12 1 1.93993 1.93993 1.93993 0 2.66667
27 1 1.68609 1.68609 1.68609 0 1.8
13 1 1.41932 1.41932 1.41932 0 2.66667
10 1 1.23011 1.23011 1.23011 0 2.66667
11 1 1.2246 1.2246 1.2246 0 2.66667
18 1 1.22458 1.22458 1.22458 0 2.66667
17 1 1.22458 1.22458 1.22458 0 2.66667
14 1 1.22458 1.22458 1.22458 0 2.66667
16 1 1.22458 1.22458 1.22458 0 2.66667
76 1 0.0616959 0.0616959 0.0616959 0 2.85714
54 1 0.0522682 0.0522682 0.0522682 0 3.3
66 1 0.0522537 0.0522537 0.0522537 0 2.66667
95 1 0.0387459 0.0387459 0.0387459 0 2.8
92 1 0.0358078 0.0358078 0.0358078 0 0.8
23 1 0.0152968 0.0152968 0.0152968 0 2.85714
98 1 6.77829e-05 6.77829e-05 0.000135418 6.76354e-05 2.66667
97 1 5e-09 5e-09 1e-08 5e-09 2.66667
99 1 1e-08 1e-08 1e-08 0 2.85714
100 1 1e-08 1e-08 1e-08 0 1.8

15 25 2.31087 1.63465 2.99695 0.954447 2.66667
21 20 3.53794 0.00179039 3.36113 0.770686 1.66667
72 20 1.48056 1.08875 3.06379 1.89702 2.8
9 8 3.22097 3.22097 3.22097 0 3.16667
63 1 25.7677 25.7677 25.7677 0 2.66667
101 2 12.8839 12.8839 12.8839 0 2.66667
12 1 1.93993 1.93993 1.93993 0 2.66667
27 1 1.68609 1.68609 1.68609 0 1.8
13 1 1.41932 1.41932 1.41932 0 2.66667
10 1 1.23011 1.23011 1.23011 0 2.66667
11 1 1.2246 1.2246 1.2246 0 2.66667
16 1 1.22458 1.22458 1.22458 0 2.66667
14 1 1.22458 1.22458 1.22458 0 2.66667
17 1 1.22458 1.22458 1.22458 0 2.66667
18 1 1.22458 1.22458 1.22458 0 2.66667
76 1 0.0616959 0.0616959 0.0616959 0 2.85714
54 1 0.0522682 0.0522682 0.0522682 0 3.3
66 1 0.0522537 0.0522537 0.0522537 0 2.66667
95 1 0.0387459 0.0387459 0.0387459 0 2.8
98 1 0.000135566 0.000135566 0.000135566 0 2.66667
97 1 1e-08 1e-08 1e-08 0 2.66667
100 1 1e-08 1e-08 1e-08 0 1.8
102 1 1e-08 1e-08 1e-08 0 1.66667

15 26 2.15681 1.87282 3.7161 1.58294 2.66667
72 25 4.54038 3.33883 3.67894 0.391238 2.8
103 12 11.351 8.33333e-10 5.12175 4.47167 2.85714
21 15 1.41518 1.41518 3.77405 2.35887 1.66667
63 3 8.58924 8.58924 8.58924 0 2.66667
9 5 1.3562 1.3562 4.06947 2.71328 2.66667
12 1 1.93993 1.93993 1.93993 0 2.66667
27 1 1.68609 1.68609 1.68609 0 1.8
13 1 1.41932 1.41932 1.41932 0 2.66667
10 1 1.23011 1.23011 1.23011 0 2.66667
11 1 1.2246 1.2246 1.2246 0 2.66667
18 1 1.22458 1.22458 1.22458 0 2.66667
17 1 1.22458 1.22458 1.22458 0 2.66667
14 1 1.22458 1.22458 1.22458 0 2.66667
16 1 1.22458 1.22458 1.22458 0 2.66667
76 1 0.0616959 0.0616959 0.0616959 0 2.85714
54 1 0.0522682 0.0522682 0.0522682 0 3.3
66 1 0.0522537 0.0522537 0.0522537 0 2.66667
105 1 0.0418765 0.0418765 0.0418765 0 0.8
95 1 0.0387459 0.0387459 0.0387459 0 2.8
98 1 0.000250598 0.000250598 0.000318381 6.77829e-05 2.66667

106 1 129.409 129.409 129.409 0 2.66667
15 24 2.48863 2.48863 4.44448 1.95585 2.66667
72 15 1.49683 1.16246 4.57975 3.21627 2.8
21 14 3.21631 3.21631 4.59473 1.37842 1.66667
63 3 8.58924 8.58924 8.58924 0 2.66667
9 5 5.15354 5.15354 5.15354 0 3.16667
103 2 3.50833 3.50833 5.26449 1.75616 2.85714
12 1 1.93993 1.93993 1.93993 0 2.66667
27 1 1.68609 1.68609 1.68609 0 1.8
13 1 1.41932 1.41932 1.41932 0 2.66667
10 1 1.23011 1.23011 1.23011 0 2.66667
11 1 1.2246 1.2246 1.2246 0 2.66667
16 1 1.22458 1.22458 1.22458 0 2.66667
14 1 1.22458 1.22458 1.22458 0 2.66667
17 1 1.22458 1.22458 1.22458 0 2.66667
18 1 1.22458 1.22458 1.22458 0 2.66667
76 1 0.0616959 0.0616959 0.0616959 0 2.85714
54 1 0.0522682 0.0522682 0.0522682 0 3.3
66 1 0.0522537 0.0522537 0.0522537 0 2.66667
105 1 0.0418765 0.0418765 0.0418765 0 0.8
95 1 0.0387459 0.0387459 0.0387459 0 2.8
98 1 0.000501196 0.000501196 0.000501196 0 2.66667
107 1 5e-09 5e-09 1e-08 5e-09 2.85714
108 1 1e-08 1e-08 1e-08 0 2.85714
109 1 1e-08 1e-08 1e-08 0 0.666667
110 1 1e-08 1e-08 1e-08 0 3.66667
111 1 1e-08 1e-08 1e-08 0 2.85714

106 29 1.3205 1.3205 3.21644 1.89594 2.66667
72 27 3.68139 0.772225 3.13378 0.714174 2.8
21 19 3.72415 5.26316e-10 3.13622 1.35775 1.66667
63 3 8.58924 8.58924 8.58924 0 2.66667
9 5 5.15354 5.15354 5.15354 0 3.16667
103 3 5.26249 2.57986e-05 3.50834 2.48075 0.857143
12 1 1.93993 1.93993 1.93993 0 2.66667
27 1 1.68609 1.68609 1.68609 0 1.8
13 1 1.41932 1.41932 1.41932 0 2.66667
10 1 1.23011 1.23011 1.23011 0 2.66667
11 1 1.2246 1.2246 1.2246 0 2.66667
18 1 1.22458 1.22458 1.22458 0 2.66667
17 1 1.22458 1.22458 1.22458 0 2.66667
14 1 1.22458 1.22458 1.22458 0 2.66667
16 1 1.22458 1.22458 1.22458 0 2.66667
76 1 0.0616959 0.0616959 0.0616959 0 2.85714
54 1 0.0522682 0.0522682 0.0522682 0 3.3
66 1 0.0522537 0.0522537 0.0522537 0 2.66667
105 1 0.0418765 0.0418765 0.0418765 0 0.8
112 1 0.000501388 0.000501388 0.000501388 0 2.8
107 1 1e-08 1e-08 1e-08 0 2.85714

106 26 1.82266 1.82266 4.13072 2.30806 2.66667
72 23 2.83774 2.55037 4.13204 1.42323 2.85714
115 1 73.0238 73.0238 73.0238 0 2.88889
21 11 1.81433 1.81433 4.3105 2.49617 1.66667
9 5 5.15354 5.15354 5.15354 0 3.16667
63 6 1.98213 1.98213 4.29462 2.31249 2.66667
103 2 5.26249 5.26249 5.30498 0.0424919 2.85714
107 1 3.29096 3.29096 3.30546 0.0144943 2.88889
12 1 1.93993 1.93993 1.93993 0 2.66667
27 1 1.68609 1.68609 1.68609 0 1.8
13 1 1.41932 1.41932 1.41932 0 2.66667
10 1 1.23011 1.23011 1.23011 0 2.66667
11 1 1.2246 1.2246 1.2246 0 2.66667
18 1 1.22458 1.22458 1.22458 0 2.66667
17 1 1.22458 1.22458 1.22458 0 2.66667
14 1 1.22458 1.22458 1.22458 0 2.66667
16 1 1.22458 1.22458 1.22458 0 2.66667
54 1 0.0522682 0.0522682 0.0522682 0 3.3
66 1 0.0522537 0.0522537 0.0522537 0 2.66667
105 1 0.0418765 0.0418765 0.0418765 0 0.8
76 1 0.030848 0.030848 0.0308996 5.15973e-05 2.85714
112 1 0.000250694 0.000250694 0.000498945 0.000248251 2.8
114 1 1e-08 1e-08 1e-08 0 3.66667

72 24 3.24313 2.91471 4.29229 1.16533 2.85714
106 24 2.39646 2.39646 4.28429 1.88783 2.66667
21 12 5.89657 8.33333e-10 5.40519 1.62973 1.16667
115 14 2.80007 1.46048 4.27593 1.80793 2.85714
103 6 9.54049 1.41041 4.79048 2.82962 2.85714
9 5 5.15354 5.15354 5.15354 0 2.66667
63 6 4.29462 4.29462 4.29462 0 2.66667
12 1 1.93993 1.93993 1.93993 0 2.66667
27 1 1.68609 1.68609 1.68609 0 1.8
13 1 1.41932 1.41932 1.41932 0 2.66667
10 1 1.23011 1.23011 1.23011 0 2.66667
11 1 1.2246 1.2246 1.2246 0 2.66667
18 1 1.22458 1.22458 1.22458 0 2.66667
17 1 1.22458 1.22458 1.22458 0 2.66667
14 1 1.22458 1.22458 1.22458 0 2.66667
16 1 1.22458 1.22458 1.22458 0 2.66667
76 1 0.0616959 0.0616959 0.0616959 0 2.85714

106 18 2.641 2.641 6.23025 3.58925 2.66667
72 18 2.61945 2.61037 6.18113 3.56218 2.85714
103 1 98.2233 98.2233 98.2233 0 2.88889
120 1 70.7588 70.7588 70.7588 0 0.8
115 10 3.33342 3.22892 6.32358 3.07778 2.85714
21 10 2.5271 2.5271 6.31792 3.79082 1.66667
63 4 5.15354 5.15354 6.44193 1.28839 2.8
9 4 4.29462 4.29462 6.44193 2.14731 3.16667
118 3 22.5619 0.0687218 7.76522 10.4657 2.90909
12 1 1.93993 1.93993 1.93993 0 2.66667
27 1 1.68609 1.68609 1.68609 0 1.8
13 1 1.41932 1.41932 1.41932 0 2.66667
10 1 1.23011 1.23011 1.23011 0 2.66667
11 1 1.2246 1.2246 1.2246 0 2.66667
18 1 1.22458 1.22458 1.22458 0 2.66667
17 1 1.22458 1.22458 1.22458 0 2.66667
14 1 1.22458 1.22458 1.22458 0 2.66667
16 1 1.22458 1.22458 1.22458 0 2.66667
76 1 0.0616959 0.0616959 0.0616959 0 2.85714
117 1 3.33333e-09 3.33333e-09 1e-08 6.66667e-09 2.66667
119 1 1e-08 1e-08 1e-08 0 2.88889

106 26 2.87575 2.87575 4.34946 1.47371 2.66667
72 23 1.86672 1.81615 4.31097 2.49264 2.88889
21 8 8.84485 8.84485 8.84485 0 1.66667
120 14 3.45654 2.83035 4.28888 1.42297 0.857143
63 4 6.44193 6.44193 6.44193 0 2.66667
9 4 6.44193 6.44193 6.44193 0 3.16667
103 4 12.2779 1.25e-09 5.25525 5.30286 2.88889
12 1 1.93993 1.93993 1.93993 0 2.66667
27 1 1.68609 1.68609 1.68609 0 1.8
13 1 1.41932 1.41932 1.41932 0 2.66667
10 1 1.23011 1.23011 1.23011 0 2.66667
11 1 1.2246 1.2246 1.2246 0 2.66667
18 1 1.22458 1.22458 1.22458 0 2.66667
17 1 1.22458 1.22458 1.22458 0 2.66667
14 1 1.22458 1.22458 1.22458 0 2.66667
16 1 1.22458 1.22458 1.22458 0 2.66667
76 1 0.0616959 0.0616959 0.0616959 0 2.85714
121 1 0.000501623 0.000501623 0.000501623 0 2.8
117 1 1e-08 1e-08 1e-08 0 3.66667

106 26 2.27033 2.27033 4.80287 2.53254 2.66667
72 23 3.24982 3.09572 4.9313 1.82548 2.85714
120 14 3.60057 2.94828 4.89022 1.90276 0.8
21 12 3.36947 3.36947 4.77341 1.40395 1.66667
122 10 6.28874 1.39149 4.85052 1.8184 0.857143
63 4 6.44193 6.44193 6.44193 0 2.8
9 4 6.44193 6.44193 6.44193 0 2.66667
12 1 1.93993 1.93993 1.93993 0 2.66667
27 1 1.68609 1.68609 1.68609 0 1.8
13 1 1.41932 1.41932 1.41932 0 2.66667
10 1 1.23011 1.23011 1.23011 0 2.66667
11 1 1.2246 1.2246 1.2246 0 2.66667
16 1 1.22458 1.22458 1.22458 0 2.66667
14 1 1.22458 1.22458 1.22458 0 2.66667
17 1 1.22458 1.22458 1.22458 0 2.66667

106 26 2.08724 2.08724 3.98572 1.89848 2.66667
72 25 1.90317 1.79226 3.99207 2.18466 2.85714
21 10 7.07588 1e-09 6.3683 2.12277 1.66667
120 15 2.3355 1.9124 4.11972 2.17026 0.8
63 4 6.44193 6.44193 6.44193 0 2.8
9 4 6.44193 6.44193 6.44193 0 3.16667
12 1 1.93993 1.93993 1.93993 0 2.66667
27 1 1.68609 1.68609 1.68609 0 1.8
13 1 1.41932 1.41932 1.41932 0 2.66667
10 1 1.23011 1.23011 1.23011 0 2.66667
11 1 1.2246 1.2246 1.2246 0 2.66667
16 1 1.22458 1.22458 1.22458 0 2.66667
14 1 1.22458 1.22458 1.22458 0 2.66667
17 1 1.22458 1.22458 1.22458 0 2.66667

106 23 2.08724 2.08724 4.68136 2.59412 2.66667
72 21 2.37712 2.23297 4.66184 2.37767 2.85714
128 4 21.6034 17.6897 19.0734 1.60347 0.857143
120 11 6.43282 6.43262 6.43271 9.80654e-05 0.8
21 10 2.72149 2.72149 4.89939 2.1779 1.8
63 4 6.44193 6.44193 6.44193 0 2.8
9 4 6.44193 6.44193 6.44193 0 3.16667
12 1 1.93993 1.93993 1.93993 0 2.66667
27 1 1.68609 1.68609 1.68609 0 1.8
13 1 1.41932 1.41932 1.41932 0 2.66667
10 1 1.23011 1.23011 1.23011 0 2.66667
11 1 1.2246 1.2246 1.2246 0 2.66667
17 1 1.22458 1.22458 1.22458 0 2.66667
14 1 1.22458 1.22458 1.22458 0 2.66667
16 1 1.22458 1.22458 1.22458 0 2.66667
135 1 0.0522719 0.0522719 0.0522719 0 3.66667
134 1 0.0386162 0.0386162 0.0386162 0 2.88889
129 1 0.00718607 0.00718607 0.00735321 0.000167146 2.8
131 1 0.00126541 0.00126541 0.00126541 0 2.85714
136 1 0.000250812 0.000250812 0.000250817 5e-09 2.66667
130 1 1e-08 1e-08 1e-08 0 2.85714
132 1 1e-08 1e-08 1e-08 0 3.66667
133 1 1e-08 1e-08 1e-08 0 2.85714
137 1 1e-08 1e-08 1e-08 0 2.85714

120 2 69.3821 43.334 56.358 13.024 2.8
72 19 3.29555 3.09618 5.30178 2.09347 2.85714
106 19 2.53743 2.53743 5.12881 2.59139 2.66667
21 10 7.07588 7.07588 7.07588 8.88178e-16 1.16667
128 11 1.55026 1.07214 5.4379 4.22304 0.8
63 4 6.44193 6.44193 6.44193 0 2.66667
9 4 6.44193 6.44193 6.44193 0 3.16667
12 1 1.93993 1.93993 1.93993 0 2.66667
27 1 1.68609 1.68609 1.68609 0 1.8
13 1 1.41932 1.41932 1.41932 0 2.66667
10 1 1.23011 1.23011 1.23011 0 2.66667
11 1 1.2246 1.2246 1.2246 0 2.66667
17 1 1.22458 1.22458 1.22458 0 2.66667
14 1 1.22458 1.22458 1.22458 0 2.66667
16 1 1.22458 1.22458 1.22458 0 2.66667
135 1 0.0522719 0.0522719 0.0522719 0 3.66667
132 1 1e-08 1e-08 1e-08 0 3.66667
138 1 1e-08 1e-08 1e-08 0 2.88889
139 1 1e-08 1e-08 1e-08 0 2.85714
140 1 1e-08 1e-08 1e-08 0 2.66667

144 1 129.409 129.409 129.409 0 2.66667
106 11 3.23522 3.23522 9.87866 6.64344 2.66667
72 11 5.00014 4.93076 9.75655 4.7989 2.85714
142 4 34.9594 4.50445 24.9808 12.4299 0.857143
138 3 46.6679 3.33333e-09 31.1119 21.9995 2.88889
120 9 3.65169 3.65169 9.69178 6.0401 2.8
128 7 12.2927 10.1087 10.8226 0.734293 0.857143
141 3 46.6466 0.0976058 19.4943 19.7791 2.85714
21 6 2.35863 2.35863 9.46887 7.11024 0.666667
148 1 47.8328 47.8328 47.8328 0 2.88889
63 2 6.44193 6.44193 12.8839 6.44193 2.66667
9 2 6.44193 6.44193 12.8839 6.44193 3.16667
12 1 1.93993 1.93993 1.93993 0 2.66667
27 1 1.68609 1.68609 1.68609 0 1.8
13 1 1.41932 1.41932 1.41932 0 2.66667
10 1 1.23011 1.23011 1.23011 0 2.66667
11 1 1.2246 1.2246 1.2246 0 2.66667
16 1 1.22458 1.22458 1.22458 0 2.66667
14 1 1.22458 1.22458 1.22458 0 2.66667
17 1 1.22458 1.22458 1.22458 0 2.66667
149 1 0.469276 0.469276 0.469276 0 2.88889
135 1 0.0522719 0.0522719 0.0522719 0 3.66667
145 1 0.0347724 0.0347724 0.0347724 0 2.88889
132 1 1e-08 1e-08 1e-08 0 3.66667
139 1 1e-08 1e-08 1e-08 0 2.85714
140 1 1e-08 1e-08 1e-08 0 2.66667
143 1 1e-08 1e-08 1e-08 0 3.66667
146 1 5e-09 5e-09 1e-08 5e-09 2.85714
147 1 1e-08 1e-08 1e-08 0 2.66667

120 18 7.70912 5.55556e-10 6.42857 2.86343 2.8
144 17 2.27033 2.27033 5.77886 3.50853 2.66667
72 15 2.95927 2.9182 5.83216 2.89711 2.85714
128 11 6.14637 5.05437 5.71466 0.43731 0.857143
21 6 11.7931 1.66667e-09 9.82762 4.39504 1.66667
106 6 21.5681 1.66667e-09 8.28444 9.67501 0.666667
142 5 16.2417 2e-09 6.28432 7.31652 0.857143
63 2 12.8839 12.8839 12.8839 0 2.66667
9 2 12.8839 12.8839 12.8839 0 3.16667
12 1 1.93993 1.93993 1.93993 0 2.66667
27 1 1.68609 1.68609 1.68609 0 1.8
13 1 1.41932 1.41932 1.41932 0 2.66667
10 1 1.23011 1.23011 1.23011 0 2.66667
11 1 1.2246 1.2246 1.2246 0 2.66667
16 1 1.22458 1.22458 1.22458 0 2.66667
14 1 1.22458 1.22458 1.22458 0 2.66667
17 1 1.22458 1.22458 1.22458 0 2.66667
135 1 0.0522719 0.0522719 0.0522719 0 3.66667
138 1 0.0201037 0.0201037 0.0201037 6.66667e-09 2.88889
132 1 1e-08 1e-08 1e-08 0 3.66667
139 1 1e-08 1e-08 1e-08 0 2.85714
140 1 1e-08 1e-08 1e-08 0 2.66667
150 1 1e-08 1e-08 1e-08 0 2.66667
151 1 1e-08 1e-08 1e-08 0 2.85714
152 1 1e-08 1e-08 1e-08 0 2.85714

72 16 7.47536 7.1496 7.48683 0.29942 2.85714
153 13 5.62647 5.62647 7.60564 1.97917 2.66667
120 12 3.08365 3.08365 7.25987 4.17622 2.8
144 11 4.17448 4.17448 7.27283 3.09835 2.66667
142 10 13.1822 9.09091e-10 7.35916 6.14463 2.85714
128 8 3.6203 3.21834 7.42751 4.07809 0.666667
155 2 43.0246 5e-09 21.5123 21.5123 2.85714
156 4 33.9321 0.00920489 10.4262 13.7347 2.88889
21 5 3.72415 3.72415 8.19313 4.46898 3.66667
63 2 12.8839 12.8839 12.8839 0 2.66667
9 2 12.8839 12.8839 12.8839 0 3.16667
12 1 1.93993 1.93993 1.93993 0 2.66667
27 1 1.68609 1.68609 1.68609 0 1.8
13 1 1.41932 1.41932 1.41932 0 2.66667
10 1 1.23011 1.23011 1.23011 0 2.66667
11 1 1.2246 1.2246 1.2246 0 2.66667
16 1 1.22458 1.22458 1.22458 0 2.66667
14 1 1.22458 1.22458 1.22458 0 2.66667
17 1 1.22458 1.22458 1.22458 0 2.66667
138 1 0.0603112 0.0603112 0.0603112 0 2.88889
135 1 0.0522719 0.0522719 0.0522719 0 3.66667
132 1 1e-08 1e-08 1e-08 0 3.66667
139 1 1e-08 1e-08 1e-08 0 2.85714
140 1 1e-08 1e-08 1e-08 0 2.66667
151 1 1e-08 1e-08 1e-08 0 2.85714
154 1 1e-08 1e-08 1e-08 0 2.66667

153 15 4.31363 4.31363 8.055 3.74137 2.66667
144 14 5.62647 5.62647 8.56197 2.9355 2.66667
120 13 6.03322 6.03322 8.57735 2.54413 2.8
72 11 2.62293 2.53756 8.72449 6.15253 2.85714
163 1 78.0317 78.0317 78.0317 0 0.857143
128 5 14.1518 14.1518 14.1518 0 1.66667
155 8 4.13749 3.78165 8.23224 4.3209 0.857143
160 3 43.1363 0.00672843 14.3864 20.3292 2.8
142 3 17.8928 2.25223 10.0987 6.38534 2.88889
9 2 12.8839 12.8839 12.8839 0 3.16667
63 2 12.8839 12.8839 12.8839 0 2.66667
12 1 1.93993 1.93993 1.93993 0 2.66667
157 1 1.71367 1.71367 1.71367 6.66667e-09 0.857143
27 1 1.68609 1.68609 1.68609 0 1.8
13 1 1.41932 1.41932 1.41932 0 2.66667
10 1 1.23011 1.23011 1.23011 0 2.66667
11 1 1.2246 1.2246 1.2246 0 2.66667
17 1 1.22458 1.22458 1.22458 0 2.66667
14 1 1.22458 1.22458 1.22458 0 2.66667
16 1 1.22458 1.22458 1.22458 0 2.66667
138 1 0.0603112 0.0603112 0.0603112 0 2.88889
135 1 0.0522719 0.0522719 0.0522719 0 3.66667
165 1 0.000501468 0.000501468 0.000501468 0 2.66667
132 1 1e-08 1e-08 1e-08 0 3.66667
139 1 1e-08 1e-08 1e-08 0 2.85714
140 1 1e-08 1e-08 1e-08 0 2.66667
151 1 1e-08 1e-08 1e-08 0 2.85714
158 1 1e-08 1e-08 1e-08 0 2.88889
159 1 1e-08 1e-08 1e-08 0 2.85714
161 1 5e-09 5e-09 1e-08 5e-09 0.888889
162 1 1e-08 1e-08 1e-08 0 2.66667
164 1 1e-08 1e-08 1e-08 0 3.3
166 1 1e-08 1e-08 1e-08 0 0.888889

120 18 4.20497 4.20497 6.18965 1.98467 2.8
72 17 5.15542 4.98762 6.2106 1.16847 2.85714
153 16 1.70275 1.70275 6.41964 4.71689 2.8
144 4 32.3522 0.000310395 24.2642 14.0088 2.66667
163 12 5.79248 5.20211 6.29767 0.893604 0.888889
128 7 5.89657 5.89657 6.73988 0.843312 1.66667
9 2 12.8839 12.8839 12.8839 0 3.16667
63 2 12.8839 12.8839 12.8839 0 2.66667
169 1 2.92635 2.92635 2.92635 0 0.857143
12 1 1.93993 1.93993 1.93993 0 2.66667
27 1 1.68609 1.68609 1.68609 0 1.8
13 1 1.41932 1.41932 1.41932 0 2.66667
10 1 1.23011 1.23011 1.23011 0 2.66667
11 1 1.2246 1.2246 1.2246 0 2.66667
16 1 1.22458 1.22458 1.22458 0 2.66667
14 1 1.22458 1.22458 1.22458 0 2.66667
17 1 1.22458 1.22458 1.22458 0 2.66667
138 1 0.0603112 0.0603112 0.0603112 0 2.88889
135 1 0.0522719 0.0522719 0.0522719 0 3.66667
171 1 0.0215582 0.0215582 0.0215582 0 2.8
167 1 0.0199122 0.0199122 0.0199122 0 2.66667
165 1 0.000250734 0.000250734 0.000499101 0.000248366 2.8
173 1 1e-08 1e-08 1e-08 0 3.66667
172 1 1e-08 1e-08 1e-08 0 2.66667
170 1 1e-08 1e-08 1e-08 0 1.16667
155 1 1e-08 1e-08 1e-08 0 0.888889
168 1 1e-08 1e-08 1e-08 0 0.8
166 1 1e-08 1e-08 1e-08 0 0.888889
159 1 1e-08 1e-08 1e-08 0 2.85714
151 1 1e-08 1e-08 1e-08 0 2.85714
140 1 1e-08 1e-08 1e-08 0 2.66667

120 17 3.17738 2.95243 6.84098 3.8642 2.8
72 16 3.73768 3.6251 6.79646 3.11558 2.85714
153 16 4.04403 4.04403 6.73681 2.69278 2.66667
144 12 5.88222 5.88222 6.92208 1.03986 2.66667
163 10 5.43045 4.96341 7.13333 1.97657 0.857143
128 7 10.1084 10.1084 10.1084 0 1.66667
155 4 20.0364 2.5e-09 9.23482 9.30103 0.857143
63 2 12.8839 12.8839 12.8839 0 2.66667
9 2 12.8839 12.8839 12.8839 0 3.16667
12 1 1.93993 1.93993 1.93993 0 2.66667
27 1 1.68609 1.68609 1.68609 0 1.8
13 1 1.41932 1.41932 1.41932 0 2.66667
10 1 1.23011 1.23011 1.23011 0 2.66667
11 1 1.2246 1.2246 1.2246 0 2.66667
16 1 1.22458 1.22458 1.22458 0 2.66667
14 1 1.22458 1.22458 1.22458 0 2.66667
17 1 1.22458 1.22458 1.22458 0 2.66667
138 1 0.0603112 0.0603112 0.0603112 0 2.88889
135 1 0.0522719 0.0522719 0.0522719 0 3.66667
171 1 0.0215582 0.0215582 0.0215582 0 2.8
167 1 0.0199122 0.0199122 0.0199122 0 2.66667
175 1 0.00117393 0.00117393 0.00117393 0 2.8
174 1 0.000310395 0.000310395 0.00106657 0.000756173 2.66667
140 1 0.000846455 0.000846455 0.00084646 5e-09 2.66667

153 18 3.00951 3.00951 6.23835 3.22884 2.66667
72 18 4.15298 4.02789 6.21838 2.10687 2.85714
120 16 2.98674 2.77528 6.3758 3.56326 0.8
144 14 6.16233 6.16233 6.1656 0.00327862 2.8
128 7 10.1084 10.1084 10.1084 0 1.66667
163 10 3.6203 3.36991 6.12337 2.59826 0.857143
63 2 12.8839 12.8839 12.8839 0 2.66667
9 2 12.8839 12.8839 12.8839 0 3.16667
12 1 1.93993 1.93993 1.93993 0 2.66667
27 1 1.68609 1.68609 1.68609 0 1.8
13 1 1.41932 1.41932 1.41932 0 2.66667
10 1 1.23011 1.23011 1.23011 0 2.66667
11 1 1.2246 1.2246 1.2246 0 2.66667
16 1 1.22458 1.22458 1.22458 0 2.66667
14 1 1.22458 1.22458 1.22458 0 2.66667
17 1 1.22458 1.22458 1.22458 0 2.66667
138 1 0.0603112 0.0603112 0.0603112 0 2.88889
135 1 0.0522719 0.0522719 0.0522719 0 3.66667
171 1 0.0215582 0.0215582 0.0215582 0 2.8
167 1 0.0199122 0.0199122 0.0199122 0 2.66667
174 1 0.000846455 0.000846455 0.00146725 0.000620791 2.66667
175 1 0.00117393 0.00117393 0.00117393 0 2.8

144 17 4.46237 4.46237 7.61228 3.14991 2.66667
72 15 3.18101 3.18101 7.43363 4.25262 2.88889
120 13 3.64237 3.38449 7.86891 4.37607 2.8
153 13 2.81324 2.81324 7.42512 4.61189 3.16667
163 7 12.4125 11.554 12.1165 0.290137 0.857143
180 1 84.6832 84.6832 84.6832 0 0.888889
128 7 10.1084 0.00661813 8.66529 3.53489 1.66667
63 2 12.8839 12.8839 12.8839 0 2.66667
9 2 12.8839 12.8839 12.8839 0 3.16667
12 1 1.93993 1.93993 1.93993 0 2.66667
27 1 1.68609 1.68609 1.68609 0 1.8
13 1 1.41932 1.41932 1.41932 0 2.66667
10 1 1.23011 1.23011 1.23011 0 2.66667
11 1 1.2246 1.2246 1.2246 0 2.66667
17 1 1.22458 1.22458 1.22458 0 2.66667
14 1 1.22458 1.22458 1.22458 0 2.66667
16 1 1.22458 1.22458 1.22458 0 2.66667
138 1 0.0603112 0.0603112 0.0603112 0 2.88889
135 1 0.0522719 0.0522719 0.0522719 0 3.66667
183 1 0.0348736 0.0348736 0.0348736 0 2.88889
171 1 0.0215582 0.0215582 0.0215582 0 2.8
167 1 0.0199122 0.0199122 0.0199122 0 2.66667
174 1 0.00169291 0.00169291 0.00169291 0 2.66667
175 1 0.00117393 0.00117393 0.00117393 0 2.8
181 1 0.000250714 0.000250714 0.000250719 5e-09 3.16667
182 1 5e-09 5e-09 1e-08 5e-09 2.66667

185 1 129.409 129.409 129.409 0 2.66667
72 15 4.40689 4.39727 7.95338 3.55546 2.85714
120 14 4.66678 4.33638 7.8076 3.32416 2.88889
153 13 4.46237 4.46237 8.15176 3.68939 2.66667
144 13 2.641 2.641 7.83397 5.19297 2.66667
163 9 3.77771 3.69951 8.14051 4.39583 0.857143
128 7 10.1084 0.00661813 8.66529 3.53489 1.66667
63 2 12.8839 12.8839 12.8839 0 2.66667
9 2 12.8839 12.8839 12.8839 0 3.16667
12 1 1.93993 1.93993 1.93993 0 2.66667
27 1 1.68609 1.68609 1.68609 0 1.8
13 1 1.41932 1.41932 1.41932 0 2.66667
10 1 1.23011 1.23011 1.23011 0 2.66667
11 1 1.2246 1.2246 1.2246 0 2.66667
17 1 1.22458 1.22458 1.22458 0 2.66667
14 1 1.22458 1.22458 1.22458 0 2.66667
16 1 1.22458 1.22458 1.22458 0 2.66667
138 1 0.0603112 0.0603112 0.0603112 0 2.88889
135 1 0.0522719 0.0522719 0.0522719 0 3.66667
171 1 0.0215582 0.0215582 0.0215582 0 2.8
167 1 0.0199122 0.0199122 0.0199122 0 2.66667
174 1 0.00169291 0.00169291 0.00169291 0 2.66667
175 1 0.00117393 0.00117393 0.00117393 0 2.8
184 1 1e-08 1e-08 1e-08 0 2.8

72 20 4.28098 4.27164 5.5415 1.2694 2.85714
120 20 4.39951 4.0813 5.36121 1.14075 2.85714
185 19 1.54058 1.54058 5.45732 3.91674 2.8
163 9 9.65414 9.45431 9.56986 0.0558023 0.857143
128 7 10.1084 0.00661813 8.66529 3.53489 1.16667
63 2 12.8839 12.8839 12.8839 0 2.66667
9 2 12.8839 12.8839 12.8839 0 3.16667
12 1 1.93993 1.93993 1.93993 0 2.66667
27 1 1.68609 1.68609 1.68609 0 1.8
13 1 1.41932 1.41932 1.41932 0 2.66667
10 1 1.23011 1.23011 1.23011 0 2.66667
11 1 1.2246 1.2246 1.2246 0 2.66667
17 1 1.22458 1.22458 1.22458 0 2.66667
14 1 1.22458 1.22458 1.22458 0 2.66667
16 1 1.22458 1.22458 1.22458 0 2.66667
138 1 0.0603112 0.0603112 0.0603112 0 2.88889
135 1 0.0522719 0.0522719 0.0522719 0 3.66667
167 1 0.0199122 0.0199122 0.0199122 0 2.66667
174 1 0.00169291 0.00169291 0.00169291 0 2.66667
175 1 0.00117393 0.00117393 0.00117393 0 2.8
144 1 1e-08 1e-08 1e-08 0 2.66667
184 1 1e-08 1e-08 1e-08 0 2.8
186 1 1e-08 1e-08 1e-08 0 2.66667
187 1 1e-08 1e-08 1e-08 0 2.66667
188 1 1e-08 1e-08 1e-08 0 2.8

120 22 3.73958 3.4691 5.35468 1.72936 2.8
185 21 2.69602 2.69602 5.45068 2.75466 2.66667
72 19 3.05784 3.05117 5.52238 2.47051 2.85714
163 12 3.54557 3.30958 5.68591 2.34131 0.857143
128 7 10.1084 0.00661813 8.66529 3.53489 0.8
63 2 12.8839 12.8839 12.8839 0 2.66667
9 2 12.8839 12.8839 12.8839 0 3.16667
12 1 1.93993 1.93993 1.93993 0 2.66667
27 1 1.68609 1.68609 1.68609 0 1.8
13 1 1.41932 1.41932 1.41932 0 2.66667
10 1 1.23011 1.23011 1.23011 0 2.66667
11 1 1.2246 1.2246 1.2246 0 2.66667
16 1 1.22458 1.22458 1.22458 0 2.66667
14 1 1.22458 1.22458 1.22458 0 2.66667
17 1 1.22458 1.22458 1.22458 0 2.66667
138 1 0.0603112 0.0603112 0.0603112 0 2.88889
135 1 0.0522719 0.0522719 0.0522719 0 3.66667
167 1 0.0199122 0.0199122 0.0199122 0 2.66667
190 1 0.0163101 0.0163101 0.0163101 0 2.8
174 1 0.00169291 0.00169291 0.00169291 0 2.66667
175 1 0.00117393 0.00117393 0.00117393 0 2.8
144 1 1e-08 1e-08 1e-08 0 2.66667
184 1 1e-08 1e-08 1e-08 0 2.8

194 1 129.409 129.409 129.409 0 2.66667
185 12 3.6974 3.6974 9.64535 5.94795 2.66667
120 11 3.05272 3.04769 9.6417 6.59355 2.8
72 11 3.05784 3.05117 9.63993 6.58512 2.85714
190 10 7.18938 7.18938 10.0659 2.87649 2.66667
163 8 7.34589 6.20623 10.2376 3.8602 0.857143
193 3 23.5863 23.5863 23.5863 0 1.16667
195 4 32.3522 2.5e-09 16.1777 16.1745 2.66667
128 4 17.6897 0.0115817 13.2702 7.65485 1.66667
197 1 39.3708 39.3708 39.3708 0 0.666667
9 2 12.8839 12.8839 12.8839 0 3.16667
63 2 12.8839 12.8839 12.8839 0 2.66667
12 1 1.93993 1.93993 1.93993 0 2.66667
27 1 1.68609 1.68609 1.68609 0 1.8
13 1 1.41932 1.41932 1.41932 0 2.66667
10 1 1.23011 1.23011 1.23011 0 2.66667
11 1 1.2246 1.2246 1.2246 0 2.66667
16 1 1.22458 1.22458 1.22458 0 2.66667
14 1 1.22458 1.22458 1.22458 0 2.66667
17 1 1.22458 1.22458 1.22458 0 2.66667
138 1 0.0603112 0.0603112 0.0603112 0 2.88889
135 1 0.0522719 0.0522719 0.0522719 0 3.66667
167 1 0.0199122 0.0199122 0.0199122 0 2.66667
174 1 0.00169291 0.00169291 0.00169291 0 2.66667
175 1 0.00117393 0.00117393 0.00117393 0 2.8
200 1 7.75335e-05 7.75335e-05 7.75335e-05 0 2.66667
184 1 1e-08 1e-08 1e-08 0 2.8
196 1 1e-08 1e-08 1e-08 0 3.35714
198 1 1e-08 1e-08 1e-08 0 2.85714
199 1 1e-08 1e-08 1e-08 0 3.16667
201 1 1e-08 1e-08 1e-08 0 2.85714

72 18 5.35122 5.33955 6.23583 0.889901 3.35714
120 17 6.50362 3.07446 6.25324 0.825456 2.85714
194 16 3.23522 3.23522 6.36063 3.12541 2.66667
185 16 3.49754 3.49754 6.14637 2.64883 2.66667
193 8 8.84485 0.00579086 7.73997 2.92325 1.16667
163 9 5.58299 3.94942 6.42916 2.14396 0.857143
9 2 12.8839 12.8839 12.8839 0 3.16667
63 2 12.8839 12.8839 12.8839 0 2.66667
190 2 13.1236 3.33333e-09 6.56179 6.56179 2.66667
12 1 1.93993 1.93993 1.93993 0 2.66667
27 1 1.68609 1.68609 1.68609 0 1.8
13 1 1.41932 1.41932 1.41932 0 2.66667
10 1 1.23011 1.23011 1.23011 0 2.66667
11 1 1.2246 1.2246 1.2246 0 2.66667
17 1 1.22458 1.22458 1.22458 0 2.66667
14 1 1.22458 1.22458 1.22458 0 2.66667
16 1 1.22458 1.22458 1.22458 0 2.66667
201 1 0.161663 0.161663 0.161663 5e-09 2.85714
138 1 0.0603112 0.0603112 0.0603112 0 2.88889
135 1 0.0522719 0.0522719 0.0522719 0 3.66667

194 15 3.80614 3.80614 7.95426 4.14812 2.66667
206 12 10.7841 8.33333e-10 8.98672 4.01899 2.66667
72 13 3.40532 3.40532 8.20115 4.79583 2.85714
163 9 13.6473 9.65414 10.6302 1.2662 0.857143
185 12 4.46237 4.46237 7.79522 3.33284 0.666667
120 11 3.83547 3.82915 8.41546 4.58516 2.85714
193 7 5.0542 5.0542 7.94326 2.88906 1.66667
211 1 39.3696 39.3696 39.3696 0 2.8
63 2 12.8839 12.8839 12.8839 0 2.66667
9 2 12.8839 12.8839 12.8839 0 3.16667
12 1 1.93993 1.93993 1.93993 0 2.66667
27 1 1.68609 1.68609 1.68609 0 1.8
13 1 1.41932 1.41932 1.41932 0 2.66667
10 1 1.23011 1.23011 1.23011 0 2.66667
11 1 1.2246 1.2246 1.2246 0 2.66667
17 1 1.22458 1.22458 1.22458 0 2.66667
14 1 1.22458 1.22458 1.22458 0 2.66667
16 1 1.22458 1.22458 1.22458 0 2.66667
138 1 0.0603112 0.0603112 0.0603112 0 2.88889
135 1 0.0261359 0.0261359 0.026136 5e-09 1.66667
207 1 1e-08 1e-08 1e-08 0 1.16667
208 1 1e-08 1e-08 1e-08 0 3.66667
209 1 1e-08 1e-08 1e-08 0 2.66667
210 1 1e-08 1e-08 1e-08 0 2.66667

120 13 11.5064 11.4875 11.4904 0.00683283 2.85714
215 1 134.328 134.328 134.328 0 2.85714
212 8 16.1761 16.1761 16.1761 0 2.66667
185 3 43.1363 43.1363 43.1363 0 2.66667
194 10 3.59469 3.59469 11.2583 7.66357 2.66667
72 8 4.99447 4.99447 11.4327 6.43826 2.85714
206 7 2.58818 2.58818 11.0509 8.46272 2.66667
193 6 10.1084 10.1084 11.7931 1.68473 1.66667
163 6 4.38664 3.67294 11.3118 7.29074 0.857143
211 1 39.3696 39.3696 39.3696 0 2.8
63 2 12.8839 12.8839 12.8839 0 2.66667
9 2 12.8839 12.8839 12.8839 0 3.16667
12 1 1.93993 1.93993 1.93993 0 2.66667
27 1 1.68609 1.68609 1.68609 0 1.8
13 1 1.41932 1.41932 1.41932 0 2.66667
10 1 1.23011 1.23011 1.23011 0 2.66667
11 1 1.2246 1.2246 1.2246 0 2.66667
17 1 1.22458 1.22458 1.22458 0 2.66667
14 1 1.22458 1.22458 1.22458 0 2.66667
16 1 1.22458 1.22458 1.22458 0 2.66667
138 1 0.0603112 0.0603112 0.0603112 0 2.88889
213 1 0.0422706 0.0422706 0.0422706 0 0.8
135 1 0.0261359 0.0261359 0.026136 5e-09 3.66667
214 1 0.000140779 0.000140779 0.000140779 0 2.8
208 1 1e-08 1e-08 1e-08 0 3.66667
209 1 5e-09 5e-09 1e-08 5e-09 2.66667
210 1 1e-08 1e-08 1e-08 0 2.66667

163 6 20.471 17.1404 18.8057 1.66528 0.857143
72 13 8.32412 7.13506 8.51945 0.427368 2.85714
212 11 1.87549 1.87549 9.20085 7.32536 2.66667
206 4 32.3522 2.5e-09 24.2642 14.0089 2.66667
120 11 4.82526 4.81732 8.70706 3.88829 2.85714
216 6 21.5681 0.0533177 15.4812 8.81081 2.66667
215 9 6.79951 6.10584 8.66546 2.4304 0.857143
193 7 10.1084 1.42857e-09 8.66435 3.5372 1.66667
211 1 39.3696 39.3696 39.3696 0 2.8
63 2 12.8839 12.8839 12.8839 0 2.66667
9 2 12.8839 12.8839 12.8839 0 3.16667
12 1 1.93993 1.93993 1.93993 0 2.66667
27 1 1.68609 1.68609 1.68609 0 1.8
13 1 1.41932 1.41932 1.41932 0 2.66667
10 1 1.23011 1.23011 1.23011 0 2.66667
11 1 1.2246 1.2246 1.2246 0 2.66667
16 1 1.22458 1.22458 1.22458 0 2.66667
14 1 1.22458 1.22458 1.22458 0 2.66667
17 1 1.22458 1.22458 1.22458 0 2.66667
138 1 0.0603112 0.0603112 0.0603112 0 2.88889
135 1 0.0522719 0.0522719 0.0522719 0 3.66667
213 1 0.0422706 0.0422706 0.0422706 0 0.8
214 1 0.000140779 0.000140779 0.000140779 0 2.8
209 1 1e-08 1e-08 1e-08 0 2.66667
185 1 1e-08 1e-08 1e-08 0 2.66667

120 20 7.47946 6.71642 7.20185 0.356725 2.85714
212 14 9.24349 9.24349 9.24349 1.77636e-15 2.66667
206 6 21.5681 0.0533177 15.4812 8.81081 2.66667
72 12 2.34116 2.34116 6.87899 4.53783 3.38889
163 9 2.2332 2.2332 7.36615 5.13296 0.857143
193 7 10.1084 1.42857e-09 8.66435 3.5372 1.16667
211 1 39.3696 39.3696 39.3696 0 2.8
63 2 12.8839 12.8839 12.8839 0 2.66667
9 2 12.8839 12.8839 12.8839 0 3.16667
12 1 1.93993 1.93993 1.93993 0 2.66667
27 1 1.68609 1.68609 1.68609 0 1.8
13 1 1.41932 1.41932 1.41932 0 2.66667
10 1 1.23011 1.23011 1.23011 0 2.66667
11 1 1.2246 1.2246 1.2246 0 2.66667
16 1 1.22458 1.22458 1.22458 0 2.66667
14 1 1.22458 1.22458 1.22458 0 2.66667
17 1 1.22458 1.22458 1.22458 0 2.66667
138 1 0.0603112 0.0603112 0.0603112 0 2.88889
135 1 0.0522719 0.0522719 0.0522719 0 3.66667
213 1 0.0422706 0.0422706 0.0422706 0 0.8
214 1 0.000140779 0.000140779 0.000140779 0 2.8
209 1 1e-08 1e-08 1e-08 0 2.66667
185 1 1e-08 1e-08 1e-08 0 2.66667
217 1 1e-08 1e-08 1e-08 0 2.66667

72 12 12.4862 12.4862 12.4862 0 2.85714
163 9 13.6473 13.6473 13.6473 1.77636e-15 0.857143
120 12 2.30137 2.29749 8.6813 6.38348 2.85714
218 7 21.369 1.42857e-09 14.4174 9.33565 2.85714
206 11 7.18938 7.18938 8.71299 1.52362 2.66667
212 10 2.81324 2.81324 9.18203 6.36879 2.66667
193 6 11.7931 11.7931 11.7931 0 1.16667
211 1 39.3696 39.3696 39.3696 0 2.8
63 2 12.8839 12.8839 12.8839 0 2.66667
9 2 12.8839 12.8839 12.8839 0 3.16667
12 1 1.93993 1.93993 1.93993 0 2.66667
27 1 1.68609 1.68609 1.68609 0 1.8
13 1 1.41932 1.41932 1.41932 0 2.66667
10 1 1.23011 1.23011 1.23011 0 2.66667
11 1 1.2246 1.2246 1.2246 0 2.66667
17 1 1.22458 1.22458 1.22458 0 2.66667
14 1 1.22458 1.22458 1.22458 0 2.66667
16 1 1.22458 1.22458 1.22458 0 2.66667
138 1 0.0603112 0.0603112 0.0603112 0 2.88889
135 1 0.0522719 0.0522719 0.0522719 0 3.66667
213 1 0.0422706 0.0422706 0.0422706 0 0.8
221 1 0.0390383 0.0390383 0.0390383 0 2.66667
220 1 0.0123105 0.0123105 0.0123105 0 2.66667
214 1 0.000140779 0.000140779 0.000140779 0 2.8
209 1 1e-08 1e-08 1e-08 0 2.66667
185 1 1e-08 1e-08 1e-08 0 2.66667
217 1 1e-08 1e-08 1e-08 0 2.66667
219 1 1e-08 1e-08 1e-08 0 3.66667
222 1 1e-08 1e-08 1e-08 0 2.85714
223 1 1e-08 1e-08 1e-08 0 0.888889

120 18 8.31051 5.55556e-10 7.71218 1.94266 2.85714
206 19 5.62647 5.62647 6.21885 0.592378 2.66667
72 16 2.4563 2.4563 6.25345 3.79715 2.85714
163 12 2.41263 2.0471 6.06986 3.99358 0.857143
193 6 11.7931 11.7931 11.7931 0 1.66667
211 1 39.3696 39.3696 39.3696 0 2.8
63 2 12.8839 12.8839 12.8839 0 2.66667
9 2 12.8839 12.8839 12.8839 0 3.16667
12 1 1.93993 1.93993 1.93993 0 2.66667
27 1 1.68609 1.68609 1.68609 0 1.8
13 1 1.41932 1.41932 1.41932 0 2.66667
10 1 1.23011 1.23011 1.23011 0 2.66667
11 1 1.2246 1.2246 1.2246 0 2.66667
17 1 1.22458 1.22458 1.22458 0 2.66667
14 1 1.22458 1.22458 1.22458 0 2.66667
16 1 1.22458 1.22458 1.22458 0 2.66667
138 1 0.0603112 0.0603112 0.0603112 0 2.88889
135 1 0.0522719 0.0522719 0.0522719 0 3.66667
213 1 0.0422706 0.0422706 0.0422706 0 0.8
214 1 0.000140779 0.000140779 0.000140779 0 2.8
218 1 5e-09 5e-09 1e-08 5e-09 2.88889
209 1 1e-08 1e-08 1e-08 0 2.66667
185 1 1e-08 1e-08 1e-08 0 2.66667
217 1 1e-08 1e-08 1e-08 0 2.66667
219 1 1e-08 1e-08 1e-08 0 3.66667
223 1 1e-08 1e-08 1e-08 0 0.888889

72 15 9.36464 9.36464 9.98895 0.624309 2.85714
163 12 12.0631 10.2355 10.3878 0.505138 0.857143
226 4 32.3522 9.84269 26.7248 9.74691 2.66667
206 9 4.17448 4.17448 10.8096 6.63512 2.66667
227 9 5.62647 5.62647 10.0026 4.37615 2.66667
120 8 2.45218 2.44815 10.331 7.87985 2.85714
193 6 11.7931 11.7931 11.7931 0 1.66667
209 2 64.7044 5e-09 32.3522 32.3522 2.66667
223 3 23.5681 3.33333e-09 15.7121 11.1101 0.888889
211 1 39.3696 39.3696 39.3696 0 2.8
224 3 18.6987 8.83738 12.9719 4.1803 2.88889
9 2 12.8839 12.8839 12.8839 0 3.16667
63 2 12.8839 12.8839 12.8839 0 2.66667
12 1 1.93993 1.93993 1.93993 0 2.66667
27 1 1.68609 1.68609 1.68609 0 1.8
13 1 1.41932 1.41932 1.41932 0 2.66667
10 1 1.23011 1.23011 1.23011 0 2.66667
11 1 1.2246 1.2246 1.2246 0 2.66667
17 1 1.22458 1.22458 1.22458 0 2.66667
14 1 1.22458 1.22458 1.22458 0 2.66667
16 1 1.22458 1.22458 1.22458 0 2.66667
138 1 0.0603112 0.0603112 0.0603112 0 2.88889
135 1 0.0522719 0.0522719 0.0522719 0 3.66667
213 1 0.0422706 0.0422706 0.0422706 0 0.8
214 1 0.000140779 0.000140779 0.000140779 0 2.8
217 1 1e-08 1e-08 1e-08 0 2.66667
219 1 1e-08 1e-08 1e-08 0 3.66667
185 1 1e-08 1e-08 1e-08 0 2.66667
225 1 5e-09 5e-09 1e-08 5e-09 2.85714
228 1 1e-08 1e-08 1e-08 0 2.66667
229 1 1e-08 1e-08 1e-08 0 2.66667
230 1 1e-08 1e-08 1e-08 0 2.8
231 1 1e-08 1e-08 1e-08 0 2.85714
232 1 1e-08 1e-08 1e-08 0 2.66667
233 1 1e-08 1e-08 1e-08 0 2.8

206 16 8.08805 8.08805 8.08805 3.55271e-15 2.66667
120 14 10.6849 7.14286e-10 8.4128 3.32345 2.85714
72 13 2.41668 2.41668 8.23932 5.82264 2.88889
226 8 16.1761 1.25e-09 12.7472 6.06506 2.66667
234 1 88.7168 88.7168 88.7168 0 2.88889
163 9 2.26184 1.91915 8.41021 6.39942 0.888889
193 6 11.7931 11.7931 11.7931 0 1.66667
211 1 39.3696 39.3696 39.3696 0 2.8
9 2 12.8839 12.8839 12.8839 0 3.16667
63 2 12.8839 12.8839 12.8839 0 2.66667
12 1 1.93993 1.93993 1.93993 0 2.66667
27 1 1.68609 1.68609 1.68609 0 1.8
13 1 1.41932 1.41932 1.41932 0 2.66667
10 1 1.23011 1.23011 1.23011 0 2.66667
11 1 1.2246 1.2246 1.2246 0 2.66667
17 1 1.22458 1.22458 1.22458 0 2.66667
14 1 1.22458 1.22458 1.22458 0 2.66667
16 1 1.22458 1.22458 1.22458 0 2.66667
138 1 0.0603112 0.0603112 0.0603112 0 2.88889
135 1 0.0522719 0.0522719 0.0522719 0 3.66667
213 1 0.0422706 0.0422706 0.0422706 0 0.8
214 1 0.000140779 0.000140779 0.000140779 0 2.8
223 1 1e-08 1e-08 1e-08 0 0.888889
217 1 1e-08 1e-08 1e-08 0 2.66667
219 1 1e-08 1e-08 1e-08 0 3.66667
185 1 1e-08 1e-08 1e-08 0 2.66667
228 1 1e-08 1e-08 1e-08 0 2.66667
229 1 1e-08 1e-08 1e-08 0 2.66667
230 1 1e-08 1e-08 1e-08 0 2.8
231 1 1e-08 1e-08 1e-08 0 2.85714
233 1 1e-08 1e-08 1e-08 0 2.8
209 1 1e-08 1e-08 1e-08 0 2.66667

72 13 11.5257 11.5257 11.5257 1.77636e-15 3.35714
163 9 16.0842 13.6473 14.3101 1.00632 0.857143
206 13 1.72545 1.72545 7.87081 6.14536 3.16667
234 1 88.7168 88.7168 88.7168 0 2.88889
120 9 2.82244 2.82232 7.91188 5.08954 0.857143
193 6 11.7931 11.7931 11.7931 0 1.66667
211 1 39.3696 39.3696 39.3696 0 2.8
63 2 12.8839 12.8839 12.8839 0 2.66667
9 2 12.8839 12.8839 12.8839 0 3.16667
226 2 19.6854 5e-09 9.84269 9.84269 2.66667
12 1 1.93993 1.93993 1.93993 0 2.66667
27 1 1.68609 1.68609 1.68609 0 1.8
13 1 1.41932 1.41932 1.41932 0 2.66667
235 1 1.26334 1.26334 1.26334 6.66667e-09 0.888889
10 1 1.23011 1.23011 1.23011 0 2.66667
11 1 1.2246 1.2246 1.2246 0 2.66667
16 1 1.22458 1.22458 1.22458 0 2.66667
14 1 1.22458 1.22458 1.22458 0 2.66667
17 1 1.22458 1.22458 1.22458 0 2.66667
138 1 0.0603112 0.0603112 0.0603112 0 2.88889
135 1 0.0522719 0.0522719 0.0522719 0 3.66667
213 1 0.0422706 0.0422706 0.0422706 0 0.8
231 1 0.00981633 0.00981633 0.00981633 5e-09 2.85714
214 1 0.000140779 0.000140779 0.000140779 0 2.8
236 1 5e-09 5e-09 1e-08 5e-09 2.85714
209 1 1e-08 1e-08 1e-08 0 2.66667
233 1 1e-08 1e-08 1e-08 0 2.8
230 1 1e-08 1e-08 1e-08 0 2.8
229 1 1e-08 1e-08 1e-08 0 2.66667
228 1 3.33333e-09 3.33333e-09 1e-08 6.66667e-09 2.66667
185 1 1e-08 1e-08 1e-08 0 2.66667
219 1 1e-08 1e-08 1e-08 0 3.66667
217 1 1e-08 1e-08 1e-08 0 2.66667
223 1 1e-08 1e-08 1e-08 0 0.888889

237 6 24.9305 24.9305 24.9305 0 2.85714
206 13 9.95453 9.95453 9.95453 0 2.66667
72 12 2.20344 2.20344 8.54005 6.33661 2.85714
163 10 2.6807 2.45642 8.92874 6.27393 0.857143
234 1 88.7168 88.7168 88.7168 0 2.88889
120 6 24.9315 1.66667e-09 12.5707 12.362 0.888889
193 7 10.1084 1.42857e-09 8.66435 3.5372 1.16667
211 1 39.3696 39.3696 39.3696 0 2.8
63 2 12.8839 12.8839 12.8839 0 2.66667
9 2 12.8839 12.8839 12.8839 0 3.16667
226 2 19.6854 5e-09 9.84269 9.84269 0.666667
12 1 1.93993 1.93993 1.93993 0 2.66667
27 1 1.68609 1.68609 1.68609 0 1.8
13 1 1.41932 1.41932 1.41932 0 2.66667
10 1 1.23011 1.23011 1.23011 0 2.66667
11 1 1.2246 1.2246 1.2246 0 2.66667
14 1 1.22458 1.22458 1.22458 0 2.66667
17 1 1.22458 1.22458 1.22458 0 2.66667
16 1 1.22458 1.22458 1.22458 0 2.66667
138 1 0.0603112 0.0603112 0.0603112 0 2.88889
135 1 0.0522719 0.0522719 0.0522719 0 3.66667
213 1 0.0422706 0.0422706 0.0422706 0 0.8
231 1 0.0196327 0.0196327 0.0196327 0 2.85714
214 1 0.000140779 0.000140779 0.000140779 0 2.8
233 1 1e-08 1e-08 1e-08 0 2.8
230 1 1e-08 1e-08 1e-08 0 2.8
229 1 1e-08 1e-08 1e-08 0 2.66667
228 1 1e-08 1e-08 1e-08 0 2.66667
185 1 1e-08 1e-08 1e-08 0 2.66667
217 1 1e-08 1e-08 1e-08 0 2.66667
209 1 1e-08 1e-08 1e-08 0 2.66667

72 12 12.4862 12.4862 12.4862 0 2.85714
238 1 149.589 149.589 149.589 0 2.85714
163 10 14.4758 13.2647 14.3379 0.361215 0.857143
206 10 2.19337 2.19337 9.3507 7.15733 2.66667
234 1 88.7168 88.7168 88.7168 0 2.88889
237 9 2.41264 2.41263 9.35757 6.94494 2.85714
193 6 11.7931 11.7931 11.7931 0 1.66667
211 1 39.3696 39.3696 39.3696 0 2.8
9 2 12.8839 12.8839 12.8839 0 3.16667
63 2 12.8839 12.8839 12.8839 0 2.66667
226 2 19.6854 5e-09 9.84269 9.84269 0.666667
120 1 3.79001 3.79001 3.79001 0 0.888889
12 1 1.93993 1.93993 1.93993 0 2.66667
27 1 1.68609 1.68609 1.68609 0 1.8
13 1 1.41932 1.41932 1.41932 0 2.66667
10 1 1.23011 1.23011 1.23011 0 2.66667
11 1 1.2246 1.2246 1.2246 0 2.66667
16 1 1.22458 1.22458 1.22458 0 2.66667
17 1 1.22458 1.22458 1.22458 0 2.66667
14 1 1.22458 1.22458 1.22458 0 2.66667
138 1 0.0603112 0.0603112 0.0603112 0 2.88889
135 1 0.0522719 0.0522719 0.0522719 0 3.66667
213 1 0.0422706 0.0422706 0.0422706 0 0.8
242 1 0.00604462 0.00604462 0.00604462 0 0.666667
214 1 0.000140779 0.000140779 0.000140779 0 2.8
230 1 1e-08 1e-08 1e-08 0 2.8
229 1 1e-08 1e-08 1e-08 0 2.66667
228 1 1e-08 1e-08 1e-08 0 2.66667
185 1 1e-08 1e-08 1e-08 0 2.66667
217 1 1e-08 1e-08 1e-08 0 2.66667
209 1 1e-08 1e-08 1e-08 0 2.66667
233 1 1e-08 1e-08 1e-08 0 2.8
239 1 1e-08 1e-08 1e-08 0 0.888889
240 1 1e-08 1e-08 1e-08 0 0.888889
241 1 1e-08 1e-08 1e-08 0 3.66667

237 9 16.6204 16.6204 16.6204 7.29092e-06 2.85714
163 10 14.4758 13.2647 14.3379 0.361215 0.857143
243 1 129.409 129.409 129.409 0 2.66667
206 9 14.3788 14.3788 14.3788 0 2.66667
238 9 2.99178 2.99178 11.4321 8.44029 2.85714
72 9 2.37832 2.37832 10.9579 8.57957 2.85714
234 1 88.7168 88.7168 88.7168 0 2.88889
193 6 11.7931 11.7931 11.7931 0 1.16667
211 1 39.3696 39.3696 39.3696 0 2.8
9 2 12.8839 12.8839 12.8839 0 3.16667
63 2 12.8839 12.8839 12.8839 0 2.66667
226 1 19.6854 19.6854 19.6854 5e-09 0.666667
120 1 3.79001 3.79001 3.79001 0 0.888889
12 1 1.93993 1.93993 1.93993 0 2.66667
27 1 1.68609 1.68609 1.68609 0 1.8
13 1 1.41932 1.41932 1.41932 0 2.66667
10 1 1.23011 1.23011 1.23011 0 2.66667
11 1 1.2246 1.2246 1.2246 0 2.66667
16 1 1.22458 1.22458 1.22458 0 2.66667
14 1 1.22458 1.22458 1.22458 0 2.66667
17 1 1.22458 1.22458 1.22458 0 2.66667
138 1 0.0603112 0.0603112 0.0603112 0 2.88889
135 1 0.0522719 0.0522719 0.0522719 0 3.66667
213 1 0.0422706 0.0422706 0.0422706 0 0.8
242 1 0.00604462 0.00604462 0.00604462 0 0.666667
214 1 0.000140779 0.000140779 0.000140779 0 2.8
217 1 1e-08 1e-08 1e-08 0 2.66667
209 1 1e-08 1e-08 1e-08 0 2.66667
233 1 1e-08 1e-08 1e-08 0 2.8
239 1 1e-08 1e-08 1e-08 0 0.888889
240 1 1e-08 1e-08 1e-08 0 0.888889
241 1 1e-08 1e-08 1e-08 0 3.66667
230 1 1e-08 1e-08 1e-08 0 2.8
229 1 1e-08 1e-08 1e-08 0 2.66667
228 1 1e-08 1e-08 1e-08 0 2.66667
185 1 1e-08 1e-08 1e-08 0 2.66667

72 9 16.6482 16.6482 16.6482 0 2.85714
238 9 16.621 16.621 16.621 3.55271e-15 2.85714
243 10 12.9409 12.9409 12.9409 0 2.66667
234 1 88.7168 88.7168 88.7168 0 2.88889
163 9 2.58496 2.58496 9.78418 7.19922 0.857143
237 9 2.37434 2.37434 9.60944 7.2351 2.88889
193 6 11.7931 11.7931 11.7931 0 1.66667
226 1 39.3708 39.3708 39.3708 0 0.666667
211 1 39.3696 39.3696 39.3696 0 2.8
63 2 12.8839 12.8839 12.8839 0 2.66667
9 2 12.8839 12.8839 12.8839 0 3.16667
120 1 3.79001 3.79001 3.79001 0 0.888889
12 1 1.93993 1.93993 1.93993 0 2.66667
27 1 1.68609 1.68609 1.68609 0 1.8
13 1 1.41932 1.41932 1.41932 0 2.66667
10 1 1.23011 1.23011 1.23011 0 2.66667
11 1 1.2246 1.2246 1.2246 0 2.66667
17 1 1.22458 1.22458 1.22458 0 2.66667
14 1 1.22458 1.22458 1.22458 0 2.66667
16 1 1.22458 1.22458 1.22458 0 2.66667
138 1 0.0603112 0.0603112 0.0603112 0 2.88889
135 1 0.0522719 0.0522719 0.0522719 0 3.66667
213 1 0.0422706 0.0422706 0.0422706 0 0.8
242 1 0.00604462 0.00604462 0.00604462 0 0.666667
214 1 0.000140779 0.000140779 0.000140779 0 2.8
185 1 1e-08 1e-08 1e-08 0 2.66667
228 1 1e-08 1e-08 1e-08 0 2.66667
229 1 1e-08 1e-08 1e-08 0 2.66667
230 1 1e-08 1e-08 1e-08 0 2.8
241 1 1e-08 1e-08 1e-08 0 3.66667
240 1 1e-08 1e-08 1e-08 0 0.888889
239 1 1e-08 1e-08 1e-08 0 0.888889
233 1 1e-08 1e-08 1e-08 0 2.8
209 1 1e-08 1e-08 1e-08 0 2.66667
217 1 1e-08 1e-08 1e-08 0 2.66667

237 9 16.6204 16.6204 16.6204 8.68029e-06 2.85714
163 9 16.0842 16.0842 16.0842 0 0.857143
243 10 12.9409 12.9409 12.9409 0 2.66667
238 11 2.62437 2.62437 9.33183 6.70745 2.85714
234 1 88.7168 88.7168 88.7168 0 2.88889
72 7 2.4563 2.4563 10.1265 7.67018 2.85714
193 6 10.1084 10.1084 10.1084 2.38096e-10 1.66667
226 1 39.3708 39.3708 39.3708 0 0.666667
211 1 39.3696 39.3696 39.3696 0 2.8
9 2 12.8839 12.8839 12.8839 0 3.16667
63 2 12.8839 12.8839 12.8839 0 2.66667
120 1 3.79001 3.79001 3.79001 0 0.888889
12 1 1.93993 1.93993 1.93993 0 2.66667
27 1 1.68609 1.68609 1.68609 0 1.8
13 1 1.41932 1.41932 1.41932 0 2.66667
10 1 1.23011 1.23011 1.23011 0 2.66667
11 1 1.2246 1.2246 1.2246 0 2.66667
16 1 1.22458 1.22458 1.22458 0 2.66667
14 1 1.22458 1.22458 1.22458 0 2.66667
17 1 1.22458 1.22458 1.22458 0 2.66667
138 1 0.0603112 0.0603112 0.0603112 0 2.88889
135 1 0.0522719 0.0522719 0.0522719 0 3.66667
213 1 0.0422706 0.0422706 0.0422706 0 0.8
242 1 0.00604462 0.00604462 0.00604462 0 0.666667
214 1 0.000140779 0.000140779 0.000140779 0 2.8
185 1 1e-08 1e-08 1e-08 0 2.66667
228 1 1e-08 1e-08 1e-08 0 2.66667
229 1 1e-08 1e-08 1e-08 0 2.66667
230 1 1e-08 1e-08 1e-08 0 2.8
240 1 1e-08 1e-08 1e-08 0 0.888889
239 1 1e-08 1e-08 1e-08 0 0.888889
233 1 1e-08 1e-08 1e-08 0 2.8
209 1 1e-08 1e-08 1e-08 0 2.66667
217 1 1e-08 1e-08 1e-08 0 2.66667

72 7 21.4049 21.4049 21.4049 0 2.85714
238 11 13.599 13.599 13.599 3.55271e-15 2.85714
243 7 18.487 18.487 18.487 3.55271e-15 2.66667
244 2 64.7044 64.7044 64.7044 0 2.66667
234 1 88.7168 88.7168 88.7168 0 2.88889
163 8 2.66258 2.63196 10.949 8.31127 0.857143
237 6 2.37434 2.37434 12.6865 10.3122 2.85714
193 6 11.7931 11.7931 11.7931 0 1.16667
209 2 64.7044 5e-09 32.3522 32.3522 2.66667
226 1 39.3708 39.3708 39.3708 0 0.666667
211 1 39.3696 39.3696 39.3696 0 2.8
9 2 12.8839 12.8839 12.8839 0 3.16667
63 2 12.8839 12.8839 12.8839 0 2.66667
120 1 3.79001 3.79001 3.79001 0 0.888889
12 1 1.93993 1.93993 1.93993 0 2.66667
27 1 1.68609 1.68609 1.68609 0 1.8
13 1 1.41932 1.41932 1.41932 0 2.66667
10 1 1.23011 1.23011 1.23011 0 2.66667
11 1 1.2246 1.2246 1.2246 0 2.66667
17 1 1.22458 1.22458 1.22458 0 2.66667
14 1 1.22458 1.22458 1.22458 0 2.66667
16 1 1.22458 1.22458 1.22458 0 2.66667
138 1 0.0603112 0.0603112 0.0603112 0 2.88889
135 1 0.0522719 0.0522719 0.0522719 0 3.66667
213 1 0.0422706 0.0422706 0.0422706 0 0.8
242 1 0.00604462 0.00604462 0.00604462 0 0.666667
214 1 0.000140779 0.000140779 0.000140779 0 2.8
185 1 1e-08 1e-08 1e-08 0 2.66667
228 1 1e-08 1e-08 1e-08 0 2.66667
229 1 1e-08 1e-08 1e-08 0 2.66667
230 1 1e-08 1e-08 1e-08 0 2.8
240 1 1e-08 1e-08 1e-08 0 0.888889
239 1 1e-08 1e-08 1e-08 0 0.888889
233 1 1e-08 1e-08 1e-08 0 2.8
217 1 1e-08 1e-08 1e-08 0 2.66667

237 6 24.9306 24.9306 24.9306 6.59542e-06 2.85714
163 8 18.3052 18.0947 18.1344 0.068417 0.857143
243 10 12.9409 12.9409 12.9409 0 2.66667
238 10 2.16796 2.16796 9.59751 7.42955 0.857143
72 9 3.05784 3.05784 10.1408 7.08293 2.85714
234 1 88.7168 88.7168 88.7168 0 2.88889
193 6 11.7931 11.7931 11.7931 0 1.16667
226 1 39.3708 39.3708 39.3708 0 0.666667
211 1 39.3696 39.3696 39.3696 0 2.8
9 2 12.8839 12.8839 12.8839 0 3.16667
63 2 12.8839 12.8839 12.8839 0 2.66667
120 1 3.79001 3.79001 3.79001 0 0.888889
12 1 1.93993 1.93993 1.93993 0 2.66667
27 1 1.68609 1.68609 1.68609 0 1.8
13 1 1.41932 1.41932 1.41932 0 2.66667
10 1 1.23011 1.23011 1.23011 0 2.66667
11 1 1.2246 1.2246 1.2246 0 2.66667
17 1 1.22458 1.22458 1.22458 0 2.66667
14 1 1.22458 1.22458 1.22458 0 2.66667
16 1 1.22458 1.22458 1.22458 0 2.66667
138 1 0.0603112 0.0603112 0.0603112 0 2.88889
135 1 0.0522719 0.0522719 0.0522719 0 3.66667
213 1 0.0422706 0.0422706 0.0422706 0 0.8
242 1 0.00604462 0.00604462 0.00604462 0 0.666667
214 1 0.000140779 0.000140779 0.000140779 0 2.8
217 1 1e-08 1e-08 1e-08 0 2.66667
233 1 1e-08 1e-08 1e-08 0 2.8
239 1 1e-08 1e-08 1e-08 0 0.888889
240 1 1e-08 1e-08 1e-08 0 0.888889
230 1 1e-08 1e-08 1e-08 0 2.8
229 1 1e-08 1e-08 1e-08 0 2.66667
228 1 1e-08 1e-08 1e-08 0 2.66667
185 1 1e-08 1e-08 1e-08 0 2.66667
209 1 1e-08 1e-08 1e-08 0 2.66667

72 9 16.6482 16.6482 16.6482 0 2.85714
238 10 14.9589 14.9589 14.9589 0 2.85714
243 10 12.9409 12.9409 12.9409 0 2.66667
163 11 2.52486 2.50321 9.69504 7.1879 1.35714
234 1 88.7168 88.7168 88.7168 0 2.88889
237 8 2.67113 2.67113 9.36789 6.69676 2.85714
193 6 11.7931 11.7931 11.7931 0 1.66667
226 1 39.3708 39.3708 39.3708 0 0.666667
211 1 39.3696 39.3696 39.3696 0 2.8
63 2 12.8839 12.8839 12.8839 0 2.66667
9 2 12.8839 12.8839 12.8839 0 3.16667
120 1 3.79001 3.79001 3.79001 0 0.888889
12 1 1.93993 1.93993 1.93993 0 2.66667
27 1 1.68609 1.68609 1.68609 0 1.8
13 1 1.41932 1.41932 1.41932 0 2.66667
10 1 1.23011 1.23011 1.23011 0 2.66667
11 1 1.2246 1.2246 1.2246 0 2.66667
16 1 1.22458 1.22458 1.22458 0 2.66667
14 1 1.22458 1.22458 1.22458 0 2.66667
17 1 1.22458 1.22458 1.22458 0 2.66667
138 1 0.0603112 0.0603112 0.0603112 0 2.88889
135 1 0.0522719 0.0522719 0.0522719 0 3.66667
213 1 0.0422706 0.0422706 0.0422706 0 0.8
242 1 0.00604462 0.00604462 0.00604462 0 0.666667
214 1 0.000140779 0.000140779 0.000140779 0 2.8
217 1 1e-08 1e-08 1e-08 0 2.66667
233 1 1e-08 1e-08 1e-08 0 2.8
239 1 1e-08 1e-08 1e-08 0 0.888889
240 1 1e-08 1e-08 1e-08 0 0.888889
230 1 1e-08 1e-08 1e-08 0 2.8
229 1 1e-08 1e-08 1e-08 0 2.66667
228 1 1e-08 1e-08 1e-08 0 2.66667
185 1 1e-08 1e-08 1e-08 0 2.66667
209 1 1e-08 1e-08 1e-08 0 2.66667

237 8 18.6979 18.6979 18.6979 0 2.85714
163 11 13.3129 13.1987 13.2195 0.0440352 0.857143
243 10 12.9409 12.9409 12.9409 0 2.66667
238 10 2.62437 2.62437 9.10919 6.48481 2.85714
234 1 88.7168 88.7168 88.7168 0 2.88889
72 9 2.41668 2.41668 9.68559 7.26891 2.85714
193 6 11.7931 11.7931 11.7931 0 1.16667
226 1 39.3708 39.3708 39.3708 0 0.666667
211 1 39.3696 39.3696 39.3696 0 2.8
9 2 12.8839 12.8839 12.8839 0 3.16667
63 2 12.8839 12.8839 12.8839 0 2.66667
120 1 3.79001 3.79001 3.79001 0 0.888889
12 1 1.93993 1.93993 1.93993 0 2.66667
27 1 1.68609 1.68609 1.68609 0 1.8
13 1 1.41932 1.41932 1.41932 0 2.66667
10 1 1.23011 1.23011 1.23011 0 2.66667
11 1 1.2246 1.2246 1.2246 0 2.66667
17 1 1.22458 1.22458 1.22458 0 2.66667
14 1 1.22458 1.22458 1.22458 0 2.66667
16 1 1.22458 1.22458 1.22458 0 2.66667
138 1 0.0603112 0.0603112 0.0603112 0 2.88889
135 1 0.0522719 0.0522719 0.0522719 0 3.66667
213 1 0.0422706 0.0422706 0.0422706 0 0.8
242 1 0.00604462 0.00604462 0.00604462 0 0.666667
214 1 0.000140779 0.000140779 0.000140779 0 2.8
217 1 1e-08 1e-08 1e-08 0 2.66667
233 1 1e-08 1e-08 1e-08 0 2.8
239 1 1e-08 1e-08 1e-08 0 0.888889
240 1 1e-08 1e-08 1e-08 0 0.888889
230 1 1e-08 1e-08 1e-08 0 2.8
229 1 1e-08 1e-08 1e-08 0 2.66667
228 1 1e-08 1e-08 1e-08 0 2.66667
185 1 1e-08 1e-08 1e-08 0 2.66667
209 1 1e-08 1e-08 1e-08 0 2.66667

72 9 16.6482 16.6482 16.6482 0 2.85714
238 10 14.9589 14.9589 14.9589 0 2.85714
243 10 12.9409 12.9409 12.9409 0 2.66667
234 1 88.7168 88.7168 88.7168 0 2.88889
163 9 2.36708 2.34171 9.72059 7.36031 0.857143
237 8 2.62427 2.62427 9.20792 6.58365 2.85714
193 6 11.7931 11.7931 11.7931 0 1.66667
226 1 39.3708 39.3708 39.3708 0 0.666667
211 1 39.3696 39.3696 39.3696 0 2.8
63 2 12.8839 12.8839 12.8839 0 2.66667
9 2 12.8839 12.8839 12.8839 0 3.16667
120 1 3.79001 3.79001 3.79001 0 0.888889
12 1 1.93993 1.93993 1.93993 0 2.66667
27 1 1.68609 1.68609 1.68609 0 1.8
13 1 1.41932 1.41932 1.41932 0 2.66667
10 1 1.23011 1.23011 1.23011 0 2.66667
11 1 1.2246 1.2246 1.2246 0 2.66667
16 1 1.22458 1.22458 1.22458 0 2.66667
14 1 1.22458 1.22458 1.22458 0 2.66667
17 1 1.22458 1.22458 1.22458 0 2.66667
138 1 0.0603112 0.0603112 0.0603112 0 2.88889
135 1 0.0522719 0.0522719 0.0522719 0 3.66667
213 1 0.0422706 0.0422706 0.0422706 0 0.8
242 1 0.00604462 0.00604462 0.00604462 0 0.666667
214 1 0.000140779 0.000140779 0.000140779 0 2.8
217 1 1e-08 1e-08 1e-08 0 2.66667
233 1 1e-08 1e-08 1e-08 0 2.8
239 1 1e-08 1e-08 1e-08 0 0.888889
240 1 1e-08 1e-08 1e-08 0 0.888889
230 1 1e-08 1e-08 1e-08 0 2.8
229 1 1e-08 1e-08 1e-08 0 2.66667
228 1 1e-08 1e-08 1e-08 0 2.66667
185 1 1e-08 1e-08 1e-08 0 2.66667
209 1 1e-08 1e-08 1e-08 0 2.66667

237 8 18.6979 18.6979 18.6979 0 2.85714
163 9 16.3065 16.1318 16.2597 0.0465502 1.35714
243 10 12.9409 12.9409 12.9409 0 2.66667
238 10 2.2054 2.19984 9.60116 7.40077 2.85714
234 1 88.7168 88.7168 88.7168 0 2.88889
72 9 2.93793 2.93793 9.26076 6.32283 2.85714
193 6 11.7931 11.7931 11.7931 0 1.66667
226 1 39.3708 39.3708 39.3708 0 0.666667
211 1 39.3696 39.3696 39.3696 0 2.8
9 2 12.8839 12.8839 12.8839 0 3.16667
63 2 12.8839 12.8839 12.8839 0 2.66667
120 1 3.79001 3.79001 3.79001 0 0.888889
12 1 1.93993 1.93993 1.93993 0 2.66667
27 1 1.68609 1.68609 1.68609 0 1.8
13 1 1.41932 1.41932 1.41932 0 2.66667
10 1 1.23011 1.23011 1.23011 0 2.66667
11 1 1.2246 1.2246 1.2246 0 2.66667
17 1 1.22458 1.22458 1.22458 0 2.66667
14 1 1.22458 1.22458 1.22458 0 2.66667
16 1 1.22458 1.22458 1.22458 0 2.66667
138 1 0.0603112 0.0603112 0.0603112 0 2.88889
135 1 0.0522719 0.0522719 0.0522719 0 3.66667
213 1 0.0422706 0.0422706 0.0422706 0 0.8
242 1 0.00604462 0.00604462 0.00604462 0 0.666667
214 1 0.000140779 0.000140779 0.000140779 0 2.8
217 1 1e-08 1e-08 1e-08 0 2.66667
233 1 1e-08 1e-08 1e-08 0 2.8
239 1 1e-08 1e-08 1e-08 0 0.888889
240 1 1e-08 1e-08 1e-08 0 0.888889
230 1 1e-08 1e-08 1e-08 0 2.8
229 1 1e-08 1e-08 1e-08 0 2.66667
228 1 1e-08 1e-08 1e-08 0 2.66667
185 1 1e-08 1e-08 1e-08 0 2.66667
209 1 1e-08 1e-08 1e-08 0 2.66667

