1 0.278876 0.278876 0.278876 0 0
1 0.226742 0.226742 0.226742 0 2
1 0.162708 0.162708 0.162708 0 2
1 0.0687602 0.0687602 0.0687602 0 2
1 1e-08 1e-08 1e-08 0 2

25 0.00906968 7.70182e-06 0.00671333 0.00382047 2
29 0.0205383 0.000250935 0.00554414 0.00373264 0
25 0.00671319 4e-10 0.00558035 0.00203326 2
11 0.00778924 9.09091e-10 0.00666159 0.00221121 2
1 5e-09 5e-09 1e-08 5e-09 2

35 0.10261 0.00166731 0.007503 0.0165186 0
24 0.0131349 0.00436043 0.00770726 0.00337892 2
18 0.00794739 0.00332057 0.00744305 0.0039785 2
1 0.0870014 0.0870014 0.0870014 0 1.16667
10 0.0037995 0.00357007 0.00745406 0.00386166 2
1 5e-09 5e-09 1e-08 5e-09 2

60 2.24522 3.20909e-06 0.0415319 0.286903 2
7 0.0154632 0.00441268 0.0322775 0.0243511 0
4 0.0129807 0.00559433 0.0395007 0.0322189 2
1 0.114692 0.114692 0.114692 0 1.16667
1 0.0870014 0.0870014 0.0870014 0 1.16667
2 0.00701446 0.0065909 0.0397985 0.0329965 2
1 0.0146704 0.0146704 0.0146704 0 2.66667
1 3.33333e-09 3.33333e-09 1e-08 6.66667e-09 2

74 0.916415 0.00154246 0.0416924 0.180371 2.5
11 0.0824702 0.016721 0.0429152 0.0218065 0
4 0.0556317 0.0239757 0.0463577 0.0199303 2
3 0.130362 0.0229201 0.061226 0.0489816 2
1 0.114692 0.114692 0.114692 0 1.16667
1 0.0870014 0.0870014 0.0870014 0 1.16667
1 0.0146704 0.0146704 0.0146704 0 2.66667
1 5e-09 5e-09 1e-08 5e-09 2

12 11.2261 8.33333e-10 3.76329 5.27717 2
1 0.312775 0.312775 0.825037 0.512262 2.66667
1 0.0558141 0.0558141 0.420811 0.364996 2.8
1 0.149347 0.149347 0.403617 0.254271 2
1 0.38016 0.38016 0.38016 0 2.66667
1 0.0717104 0.0717104 0.354044 0.282334 0
1 0.308402 0.308402 0.308402 0 2.66667
1 0.125364 0.125364 0.305005 0.179641 2.8
1 0.0174417 0.0174417 0.226742 0.2093 2
1 0.080683 0.080683 0.19607 0.115387 2.66667
1 0.0423332 0.0423332 0.181301 0.138968 2.66667
1 0.0265512 0.0265512 0.147275 0.120724 2
1 0.114692 0.114692 0.114692 0 1.16667
1 0.0870014 0.0870014 0.0870014 0 1.16667
1 0.0492243 0.0492243 0.0492243 0 2.66667
1 0.00639565 0.00639565 0.00639565 6.66667e-09 2.66667

79 1.64284 1.21951e-10 0.503671 0.752762 2
16 7.48405 0.00183382 0.518598 1.79913 2.66667
1 0.461161 0.461161 0.461161 0 2.66667
1 0.451802 0.451802 0.451802 0 2.66667
1 0.322697 0.322697 0.346279 0.0235824 0
1 0.242049 0.242049 0.242049 0 2.66667
1 0.0809897 0.0809897 0.155548 0.074558 2.66667
1 0.0782171 0.0782171 0.13661 0.0583924 2.66667

79 0.82142 0.00138257 0.420781 0.406789 2
1 2.97276 2.97276 2.97276 0 2.66667
3 1.30557 0.0238584 0.460484 0.597706 2.5
2 0.501089 0.430262 0.604086 0.142869 0.666667
1 0.404948 0.404948 0.809897 0.404948 2.8
1 0.391086 0.391086 0.391086 0 2.66667
1 0.360725 0.360725 0.360725 0 2.66667
1 0.331424 0.331424 0.331424 0 2.8
1 0.13458 0.13458 0.315521 0.180941 2.66667
1 0.308402 0.308402 0.308402 0 2.66667
1 0.0667542 0.0667542 0.2043 0.137546 2.66667
1 0.162708 0.162708 0.162708 0 2
1 0.121025 0.121025 0.156296 0.0352717 2.66667
1 0.0911571 0.0911571 0.0911571 0 2.66667
1 0.0604481 0.0604481 0.0604481 0 2.66667
1 0.0251051 0.0251051 0.0251051 0 2.66667
1 5e-09 5e-09 1e-08 5e-09 2.5
1 1e-08 1e-08 1e-08 0 2.5

91 0.916415 0.0141128 0.601246 0.429892 2.66667
1 1.29079 1.29079 1.29079 0 0.857143
1 1.29 1.29 1.29 0 0.666667
1 0.0834067 0.0834067 0.68025 0.596843 2.66667
1 0.503134 0.503134 0.607778 0.104643 2
1 0.375817 0.375817 0.40522 0.0294032 0
1 0.130362 0.130362 0.283644 0.153282 2
1 0.110475 0.110475 0.220949 0.110475 2.8
1 0.120242 0.120242 0.157698 0.0374564 2.66667
1 0.100656 0.100656 0.100656 0 2.66667
1 1e-08 1e-08 1e-08 0 2.66667

50 0.869116 0.869116 1.62749 0.758373 2
4 33.6782 0.082856 16.8856 16.7926 2
2 2.61115 2.61115 2.61115 0 2.5
1 2.40622 2.40622 2.40622 0 2.66667
1 0.50044 0.50044 2.0739 1.57346 3.16667
1 1.31084 1.31084 1.31084 0 0.666667
1 0.215131 0.215131 0.725586 0.510455 0
1 0.503134 0.503134 0.592853 0.0897189 2
1 0.20187 0.20187 0.331186 0.129316 0.666667
1 0.0782171 0.0782171 0.145254 0.0670369 2
1 0.0879885 0.0879885 0.143849 0.0558609 3
1 0.129004 0.129004 0.129004 0 2.8
1 0.0217525 0.0217525 0.0545686 0.0328162 2.66667
1 0.0540383 0.0540383 0.0540383 0 2.66667
1 0.0268569 0.0268569 0.0537138 0.0268569 2.66667
1 0.0533392 0.0533392 0.0533392 0 2.66667
1 0.0123654 0.0123654 0.0123654 0 2.66667
1 3.33333e-09 3.33333e-09 1e-08 6.66667e-09 2.66667

92 0.942049 0.942049 1.13779 0.19574 2
2 2.61115 2.61115 2.61115 0 2.5
1 0.751634 0.751634 0.805624 0.0539906 0
1 0.645393 0.645393 0.736044 0.090651 0.666667
1 0.0760321 0.0760321 0.317383 0.241351 2.8
1 0.263965 0.263965 0.263965 0 2.66667
1 0.169333 0.169333 0.220813 0.0514806 2
1 0.0252037 0.0252037 0.140126 0.114923 2
1 0.129004 0.129004 0.129004 0 2.8

94 0.724263 0.724263 1.33332 0.609058 2.66667
2 2.61115 2.61115 2.61115 0 2.5
1 0.327709 0.327709 0.678161 0.350452 0.666667
1 0.507998 0.507998 0.507998 0 2.66667
1 0.38016 0.38016 0.38016 0 2.8
1 0.263965 0.263965 0.263965 0 2.66667
1 0.151222 0.151222 0.151222 0 2

25 4.98937 4.98937 5.18951 0.200138 2
25 0.962235 0.962235 5.15788 4.19565 2
3 44.9043 0.0879885 29.9655 21.1266 2
3 44.9043 3.33333e-09 29.9362 21.1681 2
6 22.4522 0.016257 11.5189 10.9369 2
1 1.31084 1.31084 1.31084 0 0.666667
1 1.03964 1.03964 1.03964 0 2.66667
1 0.3601 0.3601 0.390324 0.030224 2.66667
1 0.126999 0.126999 0.18703 0.0600309 2
1 0.169508 0.169508 0.169508 0 2.66667
1 0.0378056 0.0378056 0.151222 0.113417 2
1 0.0845107 0.0845107 0.0845107 0 2.66667
1 0.0537138 0.0537138 0.0537138 0 2.66667
1 0.0299827 0.0299827 0.03052 0.000537344 2.66667
1 0.0291328 0.0291328 0.0293354 0.000202588 2.66667
1 5e-09 5e-09 1e-08 5e-09 2

50 1.54842 1.54842 2.23024 0.681813 2
46 2.07251 2.07251 2.25321 0.180703 2
2 2.61115 2.61115 2.61115 0 2.5
1 0.655419 0.655419 0.674148 0.0187292 0.666667
1 0.503193 0.503193 0.562275 0.0590821 2.66667
1 0.391086 0.391086 0.391086 0 2.66667

34 1.70523 1.70523 3.66165 1.95642 2
32 2.07251 2.07251 3.69864 1.62613 2
32 2.74924 2.74924 3.69486 0.945618 2
1 0.751634 0.751634 0.753153 0.00151971 0.666667
1 0.253999 0.253999 0.288379 0.0343801 2.66667
1 0.0756112 0.0756112 0.151222 0.0756112 2

50 1.38879 1.38879 2.58325 1.19446 2
48 1.44853 1.44853 2.56525 1.11672 2
1 0.501089 0.501089 0.732241 0.231152 0
1 0.0846663 0.0846663 0.153247 0.0685811 2
1 0.151222 0.151222 0.151222 0 2

35 2.49468 2.49468 3.77783 1.28314 2
34 1.44853 1.44853 3.83442 2.3859 2
29 2.99362 2.99362 3.82075 0.827131 2
1 0.375817 0.375817 0.430567 0.0547504 0.666667
1 0.169333 0.169333 0.192253 0.0229201 2
1 0.151222 0.151222 0.151222 0 2

52 1.34713 1.34713 2.48704 1.13991 2
47 1.49681 1.49681 2.51648 1.01967 2
1 0.436946 0.436946 0.450445 0.0134993 0.666667
1 0.130362 0.130362 0.181842 0.0514806 2

98 0.712767 0.712767 1.27291 0.56014 2
1 1.31084 1.31084 1.31084 0 0.666667
1 0.169333 0.169333 0.226454 0.0571211 2
1 0.0543332 0.0543332 0.0543332 0 2.66667

38 1.08639 1.08639 3.54508 2.45868 2
28 4.81118 0.00109396 4.2961 1.48689 2
27 3.06166 3.06166 3.51908 0.457421 2
1 0.655419 0.655419 0.656938 0.00151971 0
1 0.130362 0.130362 0.181842 0.0514806 2

99 0.778688 0.778688 1.2271 0.44841 2
1 0.327709 0.327709 0.505622 0.177913 0
1 0.168724 0.168724 0.247193 0.0784691 2.66667

97 0.72039 0.72039 1.26273 0.542336 2
1 1.68724 1.68724 1.68724 0 2.66667
1 0.501089 0.501089 0.510541 0.00945141 0
1 0.0504075 0.0504075 0.151222 0.100815 2
1 0.143445 0.143445 0.143445 0 2.66667

