5 1 0.0520686 0.0520686 0.0520686 0 2
1 1 1e-08 1e-08 1e-08 0 0
2 1 1e-08 1e-08 1e-08 0 2
3 1 1e-08 1e-08 1e-08 0 2
4 1 1e-08 1e-08 1e-08 0 2

5 97 0.0283199 0.000208945 0.00121651 0.00354245 2.66667
1 1 5e-09 5e-09 1e-08 5e-09 0
2 1 3.33333e-09 3.33333e-09 1e-08 6.66667e-09 2
3 1 1e-08 1e-08 1e-08 0 2
4 1 5e-09 5e-09 1e-08 5e-09 2

11 2 0.99278 0.775823 0.884301 0.108478 2.66667
6 1 1.47276 1.47276 1.47276 0 2.66667
12 1 1.41838 1.41838 1.41838 0 2.66667
7 6 0.201307 1.66667e-09 0.13262 0.090855 2.66667
9 5 0.443578 0.0104137 0.150929 0.179717 2.5
14 1 0.521331 0.521331 0.521331 0 2.66667
13 1 0.224106 0.224106 0.224106 0 2.66667
10 2 0.179019 0.0260343 0.102527 0.0764926 3.16667
5 1 0.0162546 0.0162546 0.0823941 0.0661394 2
8 1 0.0130171 0.0130171 0.0390514 0.0260343 2.5
1 1 1e-08 1e-08 1e-08 0 0
2 1 1e-08 1e-08 1e-08 0 2
3 1 1e-08 1e-08 1e-08 0 2
4 1 1.66667e-09 1.66667e-09 1e-08 8.33333e-09 2

11 33 0.306554 0.00148767 0.100277 0.117718 2.66667
9 13 1.49874 0.00400527 0.181344 0.386392 3.16667
12 11 0.0886489 0.0886489 0.105056 0.0164073 2.66667
6 11 0.0818198 0.0818198 0.103918 0.0220981 2.66667
5 4 0.686758 2.5e-09 0.18135 0.291938 2.66667
7 4 0.0710497 0.0689395 0.117594 0.0481354 2.66667
14 4 0.0868884 0.0868884 0.109966 0.023078 2.66667
10 1 0.0716078 0.0716078 0.153629 0.0820215 3.16667
13 1 0.0747019 0.0747019 0.149404 0.0747019 2.66667
1 1 5e-09 5e-09 1e-08 5e-09 0.5
2 1 5e-09 5e-09 1e-08 5e-09 2
3 1 5e-09 5e-09 1e-08 5e-09 2.8
4 1 5e-09 5e-09 1e-08 5e-09 2

15 1 19.4837 19.4837 19.4837 0 3.16667
5 4 0.686758 0.686758 0.686758 0 2.66667
11 5 0.149302 0.146978 0.371295 0.223855 2.66667
16 4 0.316841 0.316841 0.397892 0.0810508 3.16667
6 4 0.0525985 0.0525985 0.35504 0.302441 2.66667
25 1 1.3512 1.3512 1.3512 0 3.16667
12 4 0.0787991 0.0787991 0.334896 0.256097 2.66667
7 3 0.241569 0.234394 0.39544 0.1563 2.66667
14 1 0.130333 0.130333 0.521331 0.390998 2.66667
9 1 0.0518199 0.0518199 0.499346 0.447526 2.5
18 1 0.448813 0.448813 0.46617 0.0173562 2.5
10 1 0.358039 0.358039 0.358039 0 3.16667
13 1 0.224106 0.224106 0.224106 0 2.66667
17 1 0.051251 0.051251 0.102502 0.051251 2.66667
26 1 0.100436 0.100436 0.100436 0 2.8
20 1 0.0431975 0.0431975 0.0431975 0 2.8
4 1 5e-09 5e-09 1e-08 5e-09 2.5
2 1 1e-08 1e-08 1e-08 0 2
1 1 1e-08 1e-08 1e-08 0 0
19 1 1e-08 1e-08 1e-08 0 2.8
21 1 1e-08 1e-08 1e-08 0 2.8
22 1 1e-08 1e-08 1e-08 0 2.66667
23 1 1e-08 1e-08 1e-08 0 2.5
24 1 8.90337e-10 8.90337e-10 8.90337e-10 0 0.5

15 33 0.295207 0.0047962 0.281379 0.0620216 3.16667
11 13 1.60678 0.00764748 0.423593 0.484917 2.66667
5 8 0.152613 0.152613 0.308981 0.156368 2.66667
16 6 0.221789 0.221789 0.296567 0.0747778 3.3
12 4 0.354596 0.354596 0.354596 0 2.66667
9 1 1.39914 1.39914 1.39914 0 3.16667
25 4 0.270241 0.270241 0.337801 0.0675602 3.16667
18 1 1.34644 1.34644 1.34644 0 3.16667
6 4 0.184095 0.184095 0.279041 0.0949462 2.66667
7 3 0.301961 0.292993 0.298972 0.00422763 2.66667
14 1 0.521331 0.521331 0.521331 0 2.66667
10 1 0.358039 0.358039 0.358039 0 3.16667
13 1 0.224106 0.224106 0.224106 0 2.66667
17 1 0.102502 0.102502 0.102502 0 2.66667
26 1 0.0950057 0.0950057 0.0950057 0 2.8
4 1 1e-08 1e-08 1e-08 0 2
2 1 1e-08 1e-08 1e-08 0 2
19 1 1e-08 1e-08 1e-08 0 2.8
21 1 1e-08 1e-08 1e-08 0 2.8
23 1 1e-08 1e-08 1e-08 0 2.5
1 1 5e-09 5e-09 5.44517e-09 4.45168e-10 0.5

15 45 0.304432 0.304432 0.359239 0.0548065 3.16667
11 14 0.497338 0.255461 0.362905 0.113231 2.66667
5 7 0.183136 0.183136 0.366271 0.183136 2.66667
28 4 0.686758 0.0129746 0.518312 0.291757 2.66667
16 5 0.246432 0.246432 0.358792 0.11236 3.16667
6 3 0.210394 0.210394 0.469567 0.259173 2.66667
25 3 0.270241 0.270241 0.450401 0.180161 3.16667
7 3 0.402615 0.390657 0.398629 0.00563685 2.66667
9 3 0.279828 0.279828 0.373104 0.0932759 3.16667
12 2 0.177298 0.177298 0.535978 0.35868 2.66667
18 1 0.448813 0.448813 0.648443 0.199629 3.16667
14 1 0.521331 0.521331 0.521331 0 2.66667
10 1 0.358039 0.358039 0.358039 0 3.16667
13 1 0.224106 0.224106 0.224106 0 2.66667
17 1 0.051251 0.051251 0.101685 0.050434 2.66667
26 1 0.100436 0.100436 0.100436 0 2.8
27 1 0.0791373 0.0791373 0.0911558 0.0120185 3.3
1 1 0.00266569 0.00266569 0.00266569 5e-09 0
4 1 5e-09 5e-09 1e-08 5e-09 3.16667
19 1 1e-08 1e-08 1e-08 0 2.8
21 1 1e-08 1e-08 1e-08 0 2.8
23 1 1e-08 1e-08 1e-08 0 2.5

15 32 0.202955 0.202955 0.337794 0.134839 3.16667
11 29 0.596805 0.00925693 0.34 0.155418 2.66667
5 5 0.0947253 0.0947253 0.377777 0.283052 2.66667
16 5 0.170607 0.170607 0.342748 0.172141 3.3
6 4 0.216292 0.210394 0.369664 0.157816 2.66667
12 2 0.709192 0.709192 0.709192 0 2.66667
9 3 0.466379 0.466379 0.466379 0 3.16667
25 3 0.450401 0.450401 0.450401 0 3.16667
18 1 1.34644 1.34644 1.34644 0 3.16667
7 3 0.402615 0.390657 0.398629 0.00563685 2.66667
14 1 0.521331 0.521331 0.521331 0 2.66667
10 1 0.358039 0.358039 0.358039 0 3.16667
13 1 0.224106 0.224106 0.224106 0 2.66667
17 1 0.102502 0.102502 0.102502 0 2.66667
26 1 0.0950057 0.0950057 0.0950057 0 2.8
19 1 1e-08 1e-08 1e-08 0 2.8
21 1 1e-08 1e-08 1e-08 0 2.8
23 1 1e-08 1e-08 1e-08 0 2.5
33 1 1e-08 1e-08 1e-08 0 2

11 38 0.348136 0.178823 0.307153 0.100734 2.66667
15 14 0.295207 0.295207 0.30386 0.0086532 3.16667
5 8 0.21131 0.21131 0.316965 0.105655 2.66667
16 7 0.201626 0.201626 0.316841 0.115215 3.16667
12 4 0.283677 0.283677 0.354596 0.0709192 2.66667
9 3 0.466379 0.466379 0.466379 0 3.16667
25 3 0.450401 0.450401 0.450401 0 3.16667
18 1 1.34644 1.34644 1.34644 0 3.16667
7 3 0.402615 0.390657 0.398629 0.00563685 2.66667
6 3 0.137641 0.133887 0.339622 0.20324 2.66667
14 1 0.521331 0.521331 0.521331 0 2.66667
35 1 0.38243 0.38243 0.38243 6.66667e-09 2.66667
10 1 0.358039 0.358039 0.358039 0 3.16667
13 1 0.224106 0.224106 0.224106 0 2.66667
34 1 0.0787817 0.0787817 0.112068 0.0332865 2.8
26 1 0.100436 0.100436 0.100436 0 2.8
38 1 0.06739 0.06739 0.06739 0 2.66667
17 1 0.051251 0.051251 0.051251 5e-09 2.66667
19 1 1e-08 1e-08 1e-08 0 2.8
21 1 1e-08 1e-08 1e-08 0 2.8
23 1 1e-08 1e-08 1e-08 0 2.5
33 1 1e-08 1e-08 1e-08 0 2
36 1 1e-08 1e-08 1e-08 0 2.66667
37 1 1e-08 1e-08 1e-08 0 2.66667

15 33 0.590414 3.0303e-10 0.483779 0.226214 3.16667
11 16 0.131314 0.131314 0.407754 0.27644 2.66667
39 5 0.549407 0.549407 0.549407 0 2.66667
5 6 0.274703 0.274703 0.412055 0.137352 2.66667
16 4 0.123216 0.123216 0.469768 0.346552 3.16667
40 2 0.757023 0.757023 0.757023 0 0.666667
6 1 1.47276 1.47276 1.47276 0 2.66667
12 3 0.236397 0.236397 0.472794 0.236397 2.66667
7 3 0.402615 0.390657 0.398629 0.00563685 2.66667
9 2 0.321742 0.15546 0.555186 0.32732 3.16667
25 2 0.13512 0.13512 0.541034 0.405913 3.16667
18 1 0.33661 0.33661 0.623862 0.287252 3.3
14 1 0.521331 0.521331 0.521331 0 2.66667
10 1 0.358039 0.358039 0.358039 0 3.16667
13 1 0.224106 0.224106 0.224106 0 2.66667
17 1 0.102502 0.102502 0.102502 0 2.66667
26 1 0.100436 0.100436 0.100436 0 2.8
38 1 0.0480581 0.0480581 0.0817531 0.033695 2.66667
33 1 0.056127 0.056127 0.056127 5e-09 2
35 1 1e-08 1e-08 1e-08 0 2.66667
19 1 1e-08 1e-08 1e-08 0 2.8
21 1 1e-08 1e-08 1e-08 0 2.8
23 1 1e-08 1e-08 1e-08 0 2.5
37 1 1e-08 1e-08 1e-08 0 2.66667

11 31 0.614358 0.320561 0.407841 0.124612 2.66667
15 31 0.256364 0.256364 0.407008 0.150644 3.16667
39 5 0.0784867 0.0784867 0.446189 0.367703 2.66667
9 2 1.44784 0.699569 1.0737 0.374135 3.16667
16 5 0.221789 0.221789 0.40278 0.180991 3.16667
40 3 0.189256 0.189256 0.502962 0.313706 0.666667
12 3 0.472794 0.472794 0.472794 0 2.66667
25 2 0.675602 0.675602 0.675602 0 3.16667
18 1 1.34644 1.34644 1.34644 0 3.16667
7 2 0.402615 0.402615 0.597944 0.195329 2.66667
14 1 0.521331 0.521331 0.521331 0 2.66667
10 1 0.358039 0.358039 0.358039 0 3.16667
13 1 0.224106 0.224106 0.224106 0 2.66667
38 1 0.123289 0.123289 0.123289 0 2.66667
33 1 0.106987 0.106987 0.106987 5e-09 2.8
17 1 0.102502 0.102502 0.102502 0 2.66667
26 1 0.0950057 0.0950057 0.0950057 0 2.8
41 1 0.050775 0.050775 0.050775 0 2.8
5 1 0.00160097 0.00160097 0.00160098 5e-09 2.66667
35 1 5e-09 5e-09 1e-08 5e-09 2.66667
19 1 1e-08 1e-08 1e-08 0 2.8
21 1 1e-08 1e-08 1e-08 0 2.8
23 1 1e-08 1e-08 1e-08 0 2.5

15 40 0.270607 0.270607 0.412882 0.142276 3.16667
11 24 0.286139 0.149302 0.426436 0.245241 2.66667
39 5 0.228919 0.228919 0.460601 0.231682 2.66667
16 4 0.277236 0.277236 0.485163 0.207927 3.16667
9 4 0.482613 0.23319 0.418321 0.138577 3.3
40 3 0.504682 0.504682 0.504682 0 0.666667
12 3 0.472794 0.472794 0.472794 0 2.66667
25 2 0.675602 0.675602 0.675602 0 3.16667
18 1 1.34644 1.34644 1.34644 0 3.16667
7 2 0.603922 0.603922 0.603922 0 2.66667
14 1 0.521331 0.521331 0.521331 0 2.66667
10 1 0.358039 0.358039 0.358039 0 3.16667
13 1 0.224106 0.224106 0.224106 0 2.66667
33 1 0.112254 0.112254 0.112254 0 2.8
17 1 0.102502 0.102502 0.102502 0 2.66667
26 1 0.100436 0.100436 0.100436 0 2.8
38 1 0.0961161 0.0961161 0.0961161 0 2.66667
41 1 0.050775 0.050775 0.050775 0 2.8
5 1 0.00320195 0.00320195 0.00320195 0 2.66667
35 1 1e-08 1e-08 1e-08 0 2.66667
19 1 1e-08 1e-08 1e-08 0 2.8
21 1 1e-08 1e-08 1e-08 0 2.8
23 1 1e-08 1e-08 1e-08 0 2.5

15 34 0.214106 0.214106 0.403973 0.189867 2.66667
11 29 0.307179 0.160281 0.403138 0.186955 2.66667
16 4 0.554472 0.554472 0.554472 0 3.16667
9 4 0.723919 0.349785 0.536852 0.187067 3.16667
39 5 0.343379 0.343379 0.41223 0.0688507 2.66667
40 3 0.504682 0.504682 0.504682 0 0.666667
12 3 0.472794 0.472794 0.472794 0 2.66667
25 2 0.675602 0.675602 0.675602 0 3.16667
18 1 1.34644 1.34644 1.34644 0 3.16667
7 2 0.603922 0.603922 0.603922 0 2.66667
14 1 0.521331 0.521331 0.521331 0 2.66667
10 1 0.358039 0.358039 0.358039 0 3.16667
13 1 0.224106 0.224106 0.224106 0 2.66667
17 1 0.102502 0.102502 0.102502 0 2.66667
26 1 0.100436 0.100436 0.100436 0 2.8
38 1 0.0961161 0.0961161 0.0961161 0 2.66667
45 1 0.0893524 0.0893524 0.0893524 0 3.3
41 1 0.050775 0.050775 0.050775 0 2.8
35 1 1e-08 1e-08 1e-08 0 2.66667
19 1 1e-08 1e-08 1e-08 0 2.8
21 1 1e-08 1e-08 1e-08 0 2.8
23 1 5e-09 5e-09 1e-08 5e-09 3.16667
46 1 1e-08 1e-08 1e-08 0 3.16667
47 1 1e-08 1e-08 1e-08 0 3.16667

11 40 0.321357 0.167678 0.344502 0.0661598 2.66667
15 14 0.240539 0.240539 0.351909 0.11137 3.16667
39 5 0.549407 0.549407 0.549407 0 2.66667
16 6 0.147859 0.147859 0.345005 0.197146 3.16667
9 5 0.321742 0.15546 0.379597 0.148672 3.16667
40 3 0.504682 0.504682 0.504682 0 0.666667
12 3 0.472794 0.472794 0.472794 0 2.66667
25 2 0.675602 0.675602 0.675602 0 3.16667
18 1 1.34644 1.34644 1.34644 0 3.16667
7 2 0.603922 0.603922 0.603922 0 2.66667
14 1 0.521331 0.521331 0.521331 0 2.66667
10 1 0.358039 0.358039 0.358039 0 3.16667
13 1 0.224106 0.224106 0.224106 0 2.66667
17 1 0.102502 0.102502 0.102502 0 2.66667
38 1 0.0961161 0.0961161 0.0961161 0 2.66667
26 1 0.050218 0.050218 0.0820047 0.0317867 2.8
41 1 0.050775 0.050775 0.050775 0 2.8
35 1 1e-08 1e-08 1e-08 0 2.66667
19 1 1e-08 1e-08 1e-08 0 2.8
21 1 1e-08 1e-08 1e-08 0 2.8
23 1 5e-09 5e-09 1e-08 5e-09 2.5
47 1 1e-08 1e-08 1e-08 0 3.16667
48 1 1e-08 1e-08 1e-08 0 2.66667

11 32 0.321357 0.321357 0.506462 0.185106 2.66667
49 25 0.835527 0.00196594 0.639704 0.288415 2.66667
15 8 0.779347 0.00631293 0.518099 0.353995 3.16667
39 5 0.183136 0.183136 0.513455 0.33032 2.66667
9 4 0.289568 0.289568 0.539287 0.249719 3.16667
16 3 0.184824 0.184824 0.587854 0.40303 3.16667
40 2 0.168227 0.168227 0.675315 0.507088 0.666667
18 1 1.34644 1.34644 1.34644 0 3.16667
7 2 0.603922 0.603922 0.603922 0 2.66667
25 2 0.337801 0.337801 0.506702 0.168901 3.16667
12 2 0.202626 0.202626 0.506565 0.303939 2.66667
14 1 0.521331 0.521331 0.521331 0 2.66667
10 1 0.358039 0.358039 0.358039 0 3.16667
50 1 0.235289 0.235289 0.235289 0 3.16667
13 1 0.224106 0.224106 0.224106 0 2.66667
51 1 0.09691 0.09691 0.09691 0 2.66667
26 1 0.050218 0.050218 0.0935938 0.0433758 2.8
38 1 0.0616443 0.0616443 0.0616443 5e-09 2.66667
17 1 0.051251 0.051251 0.0589654 0.00771444 2.66667
41 1 0.050775 0.050775 0.050775 0 2.8
52 1 0.0449437 0.0449437 0.0449437 0 0.8
21 1 1e-08 1e-08 1e-08 0 2.8
23 1 1e-08 1e-08 1e-08 0 2.5
47 1 1e-08 1e-08 1e-08 0 3.16667
48 1 1e-08 1e-08 1e-08 0 2.66667
19 1 1e-08 1e-08 1e-08 0 2.8

11 27 0.154727 0.0807339 0.335954 0.224977 2.66667
15 17 0.974184 0.00789116 0.351487 0.460468 3.16667
9 4 0.723919 0.723919 0.723919 0 3.16667
39 8 0.305226 0.305226 0.343379 0.0381532 2.66667
16 3 0.739296 0.739296 0.739296 0 3.16667
56 1 1.917 1.917 1.917 0 0.666667
40 2 0.757023 0.757023 0.757023 0 0.666667
12 2 0.709192 0.709192 0.709192 0 2.66667
25 2 0.675602 0.675602 0.675602 0 3.16667
18 1 1.34644 1.34644 1.34644 0 3.16667
7 2 0.603922 0.603922 0.603922 0 2.66667
14 1 0.521331 0.521331 0.521331 0 2.66667
10 1 0.358039 0.358039 0.358039 0 3.16667
13 1 0.224106 0.224106 0.224106 0 2.66667
50 1 0.0784295 0.0784295 0.156859 0.0784295 2.8
38 1 0.123289 0.123289 0.123289 0 2.66667
49 1 0.10501 0.10501 0.10501 0 2.66667
17 1 0.102502 0.102502 0.102502 0 2.66667
26 1 0.0950057 0.0950057 0.0950057 0 2.8
41 1 0.050775 0.050775 0.050775 0 2.8
52 1 0.0449437 0.0449437 0.0449437 0 0.8
51 1 1e-08 1e-08 1e-08 0 2.8
21 1 1e-08 1e-08 1e-08 0 2.8
23 1 1e-08 1e-08 1e-08 0 2.5
47 1 1e-08 1e-08 1e-08 0 3.16667
48 1 1e-08 1e-08 1e-08 0 2.66667
19 1 1e-08 1e-08 1e-08 0 2.8
54 1 1e-08 1e-08 1e-08 0 2.66667
55 1 1e-08 1e-08 1e-08 0 3.3

11 37 0.307179 0.160281 0.379764 0.108687 3.16667
15 21 0.487092 0.0166908 0.38397 0.191645 3.16667
39 7 0.137352 0.137352 0.392433 0.255082 2.66667
9 6 0.206834 0.206834 0.413772 0.206938 3.16667
16 4 0.443578 0.443578 0.446014 0.0024365 3.16667
12 3 0.472794 0.472794 0.472794 0 2.66667
25 2 0.675602 0.675602 0.675602 0 3.16667
7 2 0.603922 0.603922 0.603922 0 2.66667
40 3 0.378511 0.378511 0.378511 8.33333e-10 0.666667
56 2 0.270152 0.239625 0.386796 0.132788 0.8
18 1 0.549922 0.549922 0.549922 0 3.16667
14 1 0.521331 0.521331 0.521331 0 2.66667
10 1 0.358039 0.358039 0.358039 0 3.16667
49 1 0.254522 0.254522 0.254522 0 2.66667
50 1 0.235289 0.235289 0.235289 0 3.16667
13 1 0.224106 0.224106 0.224106 0 2.66667
17 1 0.102502 0.102502 0.102502 0 2.66667
26 1 0.100436 0.100436 0.100436 0 2.8
38 1 0.0961161 0.0961161 0.0961161 0 2.66667
57 1 0.0520496 0.0520496 0.0520496 0 2.8
41 1 0.050775 0.050775 0.050775 0 2.8
52 1 0.0449437 0.0449437 0.0449437 0 0.8
51 1 1e-08 1e-08 1e-08 0 2.8
21 1 1e-08 1e-08 1e-08 0 2.8

11 20 0.522204 0.272477 0.579129 0.258451 2.66667
58 20 1.28556 0.403669 0.571762 0.277498 2.66667
15 18 0.397626 0.397626 0.587277 0.189651 3.16667
49 4 2.72477 0.0636306 0.747549 1.14165 2.66667
9 4 0.263243 0.263243 0.658108 0.394865 3.16667
39 3 0.130811 0.130811 0.727967 0.597155 2.8
59 1 2.16122 2.16122 2.16122 0 0.666667
16 3 0.201626 0.201626 0.672087 0.470461 3.16667
56 1 1.917 1.917 1.917 0 0.666667
40 2 0.504682 0.504682 0.757023 0.252341 0.666667
12 2 0.128944 0.128944 0.709192 0.580248 2.66667
25 2 0.675602 0.675602 0.675602 0 3.16667
18 1 1.34644 1.34644 1.34644 0 3.16667
7 2 0.603922 0.603922 0.603922 0 2.66667
14 1 0.521331 0.521331 0.521331 0 2.66667
10 1 0.358039 0.358039 0.358039 0 3.16667
50 1 0.235289 0.235289 0.235289 0 3.16667
13 1 0.224106 0.224106 0.224106 0 2.66667
17 1 0.10919 0.10919 0.10919 0 2.66667
60 1 0.0875021 0.0875021 0.0875021 0 2.8
38 1 0.0616443 0.0616443 0.0616443 5e-09 2.66667
41 1 0.050775 0.050775 0.050775 0 2.8
62 1 0.0499004 0.0499004 0.0499004 0 3.8
26 1 0.0475028 0.0475028 0.0498114 0.00230859 2.8
52 1 0.0449437 0.0449437 0.0449437 0 0.8
51 1 1e-08 1e-08 1e-08 0 2.8
21 1 1e-08 1e-08 1e-08 0 2.8
61 1 1e-08 1e-08 1e-08 0 3.16667
63 1 1e-08 1e-08 1e-08 0 2.66667

15 33 0.526586 0.00222015 0.447445 0.187351 3.16667
11 22 0.324393 0.101861 0.448178 0.267233 2.66667
39 3 0.915678 0.915678 0.915678 0 3.16667
9 5 0.206834 0.206834 0.497029 0.290195 3.16667
16 3 0.739296 0.739296 0.739296 0 3.16667
59 1 2.16122 2.16122 2.16122 0 0.666667
40 2 0.757023 0.757023 0.757023 0 0.666667
12 2 0.709192 0.709192 0.709192 0 2.66667
25 2 0.675602 0.675602 0.675602 0 3.16667
18 1 1.34644 1.34644 1.34644 0 3.16667
7 2 0.603922 0.603922 0.603922 0 2.66667
58 1 0.3195 0.3195 0.60742 0.28792 2.66667
14 1 0.521331 0.521331 0.521331 0 2.66667
10 1 0.358039 0.358039 0.358039 0 3.16667
50 1 0.235289 0.235289 0.235289 0 3.16667
13 1 0.224106 0.224106 0.224106 0 2.66667
38 1 0.123289 0.123289 0.123289 0 2.66667
17 1 0.100436 0.100436 0.100436 0 2.8
49 1 0.0297569 0.0297569 0.0567326 0.0269757 2.66667
41 1 0.050775 0.050775 0.050775 0 2.8
62 1 0.0499004 0.0499004 0.0499004 0 3.8
52 1 0.0449437 0.0449437 0.0449437 0 0.8
51 1 1e-08 1e-08 1e-08 0 2.8
21 1 1e-08 1e-08 1e-08 0 2.8
64 1 1e-08 1e-08 1e-08 0 3.16667
65 1 1e-08 1e-08 1e-08 0 2.66667
66 1 1e-08 1e-08 1e-08 0 3.16667
67 1 1e-08 1e-08 1e-08 0 3.16667

11 30 0.691096 0.209598 0.435151 0.215646 2.66667
15 29 0.2669 0.2669 0.43403 0.16713 3.16667
9 5 0.289568 0.289568 0.469823 0.180256 3.16667
16 4 0.316841 0.316841 0.475262 0.158421 3.16667
59 4 0.308745 0.308745 0.463118 0.154373 0.666667
39 3 0.274703 0.274703 0.554062 0.279359 3.8
40 3 0.252341 0.252341 0.504682 0.252341 0.666667
12 2 0.709192 0.709192 0.709192 0 2.66667
25 2 0.675602 0.675602 0.675602 0 3.16667
18 1 1.34644 1.34644 1.34644 0 3.16667
7 2 0.603922 0.603922 0.603922 0 2.66667
14 1 0.521331 0.521331 0.521331 0 2.66667
10 1 0.358039 0.358039 0.358039 0 3.16667
50 1 0.235289 0.235289 0.235289 0 3.16667
13 1 0.224106 0.224106 0.224106 0 2.66667
72 1 0.204954 0.204954 0.204954 0 2.66667
68 1 0.186615 0.186615 0.186615 0 2.8
71 1 0.0997571 0.0997571 0.0997571 0 0.8
38 1 0.0961161 0.0961161 0.0961161 0 2.66667
17 1 0.0950057 0.0950057 0.0950057 0 2.8
73 1 0.0543654 0.0543654 0.0543654 0 2.8
41 1 0.050775 0.050775 0.050775 0 2.8
52 1 0.0449437 0.0449437 0.0449437 0 0.8
51 1 1e-08 1e-08 1e-08 0 2.8
21 1 1e-08 1e-08 1e-08 0 2.8
64 1 1e-08 1e-08 1e-08 0 3.16667
65 1 1e-08 1e-08 1e-08 0 2.66667

15 33 0.335925 0.335925 0.489023 0.153098 3.16667
11 26 0.482085 0.16853 0.477862 0.237547 2.66667
39 3 0.915678 0.915678 0.915678 0 3.16667
9 5 0.241306 0.241306 0.530874 0.289568 3.16667
16 4 0.184824 0.184824 0.508266 0.323442 2.66667
59 4 0.216122 0.216122 0.486495 0.270373 0.666667
40 3 0.504682 0.504682 0.504682 0 0.666667
72 2 1.37352 0.102477 0.737997 0.63552 2.66667
12 2 0.709192 0.709192 0.709192 0 2.66667
25 2 0.675602 0.675602 0.675602 0 3.16667
7 2 0.603922 0.603922 0.603922 0 2.66667
18 1 0.549922 0.549922 0.549922 0 3.16667
14 1 0.521331 0.521331 0.521331 0 2.66667
10 1 0.358039 0.358039 0.358039 0 3.16667
50 1 0.235289 0.235289 0.235289 0 3.16667
13 1 0.224106 0.224106 0.224106 0 2.66667
68 1 0.186615 0.186615 0.186615 0 2.8
38 1 0.123289 0.123289 0.123289 0 2.66667
76 1 0.11155 0.11155 0.11155 0 1.16667
17 1 0.100436 0.100436 0.100436 0 2.8
73 1 0.0543654 0.0543654 0.0543654 0 2.8
41 1 0.050775 0.050775 0.050775 0 2.8
52 1 0.0449437 0.0449437 0.0449437 0 0.8
71 1 1e-08 1e-08 1e-08 0 0.8
51 1 1e-08 1e-08 1e-08 0 2.8
21 1 1e-08 1e-08 1e-08 0 2.8

11 31 0.569018 0.198921 0.436203 0.196364 2.66667
15 16 0.962715 0.314253 0.439937 0.178579 3.16667
79 11 1.21773 0.00550357 0.435295 0.56532 3.16667
39 5 0.384537 0.183136 0.451243 0.241651 3.16667
16 4 0.554472 0.554472 0.554472 0 3.16667
59 4 0.540304 0.540304 0.540304 0 0.666667
9 4 0.241306 0.241306 0.482613 0.241306 3.16667
40 3 0.504682 0.504682 0.504682 0 0.666667
12 2 0.709192 0.709192 0.709192 0 2.66667
25 2 0.675602 0.675602 0.675602 0 3.16667
18 1 1.34644 1.34644 1.34644 0 3.16667
7 2 0.603922 0.603922 0.603922 0 2.66667
14 1 0.521331 0.521331 0.521331 0 2.66667
10 1 0.358039 0.358039 0.358039 0 3.16667
50 1 0.235289 0.235289 0.235289 0 3.16667
13 1 0.224106 0.224106 0.224106 0 2.66667
76 1 0.11155 0.11155 0.11155 0 1.16667
17 1 0.100436 0.100436 0.100436 0 2.8
38 1 0.0961161 0.0961161 0.0961161 0 2.66667
73 1 0.0543654 0.0543654 0.0543654 0 2.8
41 1 0.050775 0.050775 0.050775 0 2.8
52 1 0.0449437 0.0449437 0.0449437 0 0.8
68 1 0.0161028 0.0161028 0.0161028 0 2.8
71 1 1e-08 1e-08 1e-08 0 0.8
51 1 1e-08 1e-08 1e-08 0 2.8
21 1 1e-08 1e-08 1e-08 0 2.8
80 1 1e-08 1e-08 1e-08 0 3.16667
81 1 1e-08 1e-08 1e-08 0 2.66667

11 37 0.482085 0.16853 0.39967 0.163383 2.66667
15 19 1.1262 0.00932154 0.391113 0.191871 3.16667
39 8 0.480672 0.228919 0.409212 0.1491 3.16667
9 6 0.482613 0.0211806 0.405707 0.171966 3.16667
16 5 0.246432 0.246432 0.394291 0.147859 3.16667
12 2 0.709192 0.709192 0.709192 0 2.66667
25 2 0.675602 0.675602 0.675602 0 3.16667
7 2 0.603922 0.603922 0.603922 0 2.66667
59 3 0.196474 0.196474 0.39598 0.199506 0.666667
40 3 0.168227 0.168227 0.394416 0.226189 0.666667
18 1 0.549922 0.549922 0.549922 0 3.16667
14 1 0.521331 0.521331 0.521331 0 2.66667
10 1 0.358039 0.358039 0.358039 0 3.16667
85 1 0.341849 0.341849 0.341849 0 1.3
50 1 0.235289 0.235289 0.235289 0 3.16667
13 1 0.224106 0.224106 0.224106 0 2.66667
76 1 0.11155 0.11155 0.11155 0 1.16667
17 1 0.100436 0.100436 0.100436 0 2.8
38 1 0.0961161 0.0961161 0.0961161 0 2.66667
73 1 0.0543654 0.0543654 0.0543654 0 2.8
41 1 0.050775 0.050775 0.050775 0 2.8
52 1 0.0449437 0.0449437 0.0449437 0 0.8
68 1 0.0161028 0.0161028 0.0161028 0 2.8
84 1 0.00320195 0.00320195 0.00320195 0 3.16667

11 41 0.445001 0.176643 0.522543 0.101096 3.16667
15 21 1.21813 0.397626 0.531755 0.198917 3.16667
39 7 0.360504 0.17169 0.527301 0.236651 3.16667
16 4 0.246432 0.246432 0.554472 0.30804 3.16667
59 3 0.720405 0.720405 0.720405 0 0.666667
9 3 0.241306 0.241306 0.648031 0.406724 3.3
40 2 0.504682 0.504682 0.757023 0.252341 0.666667
25 2 0.309077 0.270241 0.69502 0.405826 3.16667
18 1 1.34644 1.34644 1.34644 0 3.16667
7 2 0.603922 0.603922 0.603922 0 2.66667
12 1 0.472794 0.472794 0.945589 0.472794 2.66667
14 1 0.521331 0.521331 0.521331 0 2.66667
10 1 0.358039 0.358039 0.358039 0 3.16667
85 1 0.341849 0.341849 0.341849 0 1.3
50 1 0.235289 0.235289 0.235289 0 3.16667
13 1 0.224106 0.224106 0.224106 0 2.66667
76 1 0.11155 0.11155 0.11155 0 1.16667
17 1 0.100436 0.100436 0.100436 0 2.8
38 1 0.0961161 0.0961161 0.0961161 0 2.66667
73 1 0.0543654 0.0543654 0.0543654 0 2.8
41 1 0.050775 0.050775 0.050775 0 2.8
94 1 0.0505096 0.0505096 0.0505096 0 3.3
52 1 0.0449437 0.0449437 0.0449437 0 0.8
68 1 0.0161028 0.0161028 0.0161028 0 2.8
84 1 0.00320195 0.00320195 0.00320195 0 3.16667

11 35 0.377284 0.131893 0.414229 0.200782 2.66667
15 15 0.432971 0.00644025 0.410983 0.106591 3.3
39 10 0.339298 0.339298 0.40863 0.0693323 3.66667
9 3 0.965226 0.965226 0.965226 0 3.16667
59 6 0.835661 0.270152 0.409601 0.215545 0.666667
40 2 0.757023 0.757023 0.757023 0 0.666667
25 2 0.772693 0.675602 0.724147 0.0485454 1.16667
12 1 1.41838 1.41838 1.41838 0 2.66667
18 1 1.34644 1.34644 1.34644 0 3.16667
16 3 0.221789 0.221789 0.448305 0.226516 3.16667
7 2 0.603922 0.603922 0.603922 0 2.66667
14 1 0.521331 0.521331 0.521331 0 2.66667
10 1 0.358039 0.358039 0.358039 0 3.16667
85 1 0.341849 0.341849 0.341849 0 1.3
50 1 0.235289 0.235289 0.235289 0 3.16667
13 1 0.224106 0.224106 0.224106 0 2.66667
68 1 0.186615 0.186615 0.186615 0 2.8
76 1 0.11155 0.11155 0.11155 0 1.16667
17 1 0.100436 0.100436 0.100436 0 2.8
73 1 0.0543654 0.0543654 0.0543654 0 2.8
41 1 0.050775 0.050775 0.050775 0 2.8
38 1 0.0480581 0.0480581 0.0480581 5e-09 2.66667
52 1 0.0449437 0.0449437 0.0449437 0 0.8
97 1 0.00379044 0.00379044 0.00379044 0 3.16667
84 1 0.00320195 0.00320195 0.00320195 0 3.16667
96 1 1e-08 1e-08 1e-08 0 2.66667
98 1 1e-08 1e-08 1e-08 0 2.8
99 1 1e-08 1e-08 1e-08 0 3.3

11 37 0.475481 0.166221 0.367352 0.177513 2.66667
39 13 0.27467 0.27467 0.380522 0.105853 3.16667
15 8 0.695846 0.00563654 0.365937 0.343567 3.16667
9 7 0.241306 0.241306 0.379196 0.137889 3.16667
16 3 0.739296 0.739296 0.739296 0 3.16667
59 5 0.514253 0.166247 0.402439 0.217094 0.666667
25 3 0.220769 0.220769 0.478142 0.257372 3.16667
12 1 1.41838 1.41838 1.41838 0 2.66667
7 2 0.603922 0.603922 0.603922 0 2.66667
40 2 0.216292 0.216292 0.538034 0.321741 0.666667
18 1 0.549922 0.549922 0.549922 0 3.16667
14 1 0.521331 0.521331 0.521331 0 2.66667
10 1 0.358039 0.358039 0.358039 0 3.16667
85 1 0.170924 0.170924 0.315305 0.14438 1.3
50 1 0.235289 0.235289 0.235289 0 3.16667
13 1 0.224106 0.224106 0.224106 0 2.66667
68 1 0.186615 0.186615 0.186615 0 2.8
76 1 0.11155 0.11155 0.11155 0 1.16667
106 1 0.105622 0.105622 0.105622 0 3.16667
17 1 0.100436 0.100436 0.100436 0 2.8
73 1 0.0543654 0.0543654 0.0543654 0 2.8
41 1 0.050775 0.050775 0.050775 0 2.8
38 1 0.0480581 0.0480581 0.0480581 5e-09 2.66667
108 1 0.0474819 0.0474819 0.0474819 0 3.3
52 1 0.0449437 0.0449437 0.0449437 0 0.8
98 1 1e-08 1e-08 1e-08 0 2.8
99 1 1e-08 1e-08 1e-08 0 3.3
100 1 3.33333e-09 3.33333e-09 1e-08 6.66667e-09 3.16667
101 1 5e-09 5e-09 1e-08 5e-09 3.16667
102 1 1e-08 1e-08 1e-08 0 2.8

11 30 0.433876 0.151677 0.417871 0.225918 3.16667
15 16 0.749372 0.0066327 0.429668 0.364149 3.16667
39 12 0.180252 0.180252 0.435753 0.255501 3.16667
59 6 0.835661 0.270152 0.454454 0.229185 0.666667
9 6 0.206834 0.206834 0.448141 0.241306 3.16667
16 5 0.315209 0.184824 0.43269 0.227838 3.16667
40 2 0.757023 0.757023 0.757023 0 0.666667
12 1 1.41838 1.41838 1.41838 0 2.66667
18 1 1.34644 1.34644 1.34644 0 3.16667
7 2 0.603922 0.603922 0.603922 0 2.66667
25 2 0.386346 0.386346 0.585455 0.199108 1.16667
14 1 0.521331 0.521331 0.521331 0 2.66667
10 1 0.358039 0.358039 0.358039 0 3.16667
85 1 0.341849 0.341849 0.341849 0 1.3
50 1 0.235289 0.235289 0.235289 0 3.16667
13 1 0.224106 0.224106 0.224106 0 2.66667
76 1 0.11155 0.11155 0.11155 0 1.16667
17 1 0.100436 0.100436 0.100436 0 2.8
38 1 0.0961161 0.0961161 0.0961161 0 2.66667
73 1 0.0543654 0.0543654 0.0543654 0 2.8
41 1 0.050775 0.050775 0.050775 0 2.8
52 1 0.0449437 0.0449437 0.0449437 0 0.8
68 1 0.0161028 0.0161028 0.0161028 0 2.8
98 1 1e-08 1e-08 1e-08 0 2.8
99 1 1e-08 1e-08 1e-08 0 3.3
102 1 1e-08 1e-08 1e-08 0 2.8
109 1 1e-08 1e-08 1e-08 0 3.3
110 1 1e-08 1e-08 1e-08 0 2.66667
111 1 1e-08 1e-08 1e-08 0 3.16667

11 30 0.475481 0.166221 0.433824 0.213252 2.66667
39 15 1.06596 0.262185 0.438122 0.234881 3.16667
113 8 0.816427 0.0869136 0.653673 0.21648 3.16667
16 5 0.756502 0.443578 0.506163 0.12517 3.16667
59 4 0.477521 0.154373 0.514383 0.255897 0.666667
9 4 0.289568 0.289568 0.509921 0.220353 3.16667
15 4 0.556676 0.0232116 0.465497 0.234818 3.3
25 2 0.772693 0.772693 0.772693 0 1.16667
40 2 0.757023 0.757023 0.757023 0 0.666667
12 1 1.41838 1.41838 1.41838 0 2.66667
18 1 1.34644 1.34644 1.34644 0 3.16667
7 2 0.603922 0.603922 0.603922 0 2.66667
14 1 0.521331 0.521331 0.521331 0 2.66667
10 1 0.358039 0.358039 0.358039 0 3.16667
114 1 0.343676 0.343676 0.343676 0 0.666667
50 1 0.235289 0.235289 0.235289 0 3.16667
13 1 0.224106 0.224106 0.224106 0 2.66667
85 1 0.170924 0.170924 0.170924 5e-09 1.3
76 1 0.11155 0.11155 0.11155 0 1.16667
17 1 0.0524418 0.0524418 0.10266 0.050218 2.8
73 1 0.0543654 0.0543654 0.0543654 0 2.8
38 1 0.0480581 0.0480581 0.0480581 5e-09 2.66667
52 1 0.0449437 0.0449437 0.0449437 0 0.8
41 1 0.0253875 0.0253875 0.0253875 5e-09 3.16667
68 1 0.0161028 0.0161028 0.0161028 0 2.8
98 1 1e-08 1e-08 1e-08 0 2.8
99 1 3.33333e-09 3.33333e-09 1e-08 6.66667e-09 3.3
102 1 1e-08 1e-08 1e-08 0 2.8
109 1 1e-08 1e-08 1e-08 0 3.3
110 1 1e-08 1e-08 1e-08 0 2.66667
115 1 1e-08 1e-08 1e-08 0 2.8
116 1 1e-08 1e-08 1e-08 0 3.3

11 32 1.30969 0.192606 0.449381 0.258959 2.66667
39 12 0.532979 0.131092 0.442036 0.298861 3.16667
15 8 1.77124 0.0143476 0.476011 0.75139 3.16667
59 7 0.607754 0.196474 0.499956 0.186051 0.666667
9 6 0.289568 0.289568 0.482613 0.193045 3.16667
41 6 0.816427 0.00634688 0.470098 0.352621 3.16667
16 3 0.290962 0.170607 0.553249 0.347191 3.16667
25 3 0.515129 0.515129 0.515129 0 1.16667
40 2 0.757023 0.757023 0.757023 0 0.666667
12 1 1.41838 1.41838 1.41838 0 2.66667
18 1 1.34644 1.34644 1.34644 0 3.16667
7 2 0.603922 0.603922 0.603922 0 2.66667
14 1 0.521331 0.521331 0.521331 0 2.66667
10 1 0.358039 0.358039 0.358039 0 3.16667
85 1 0.341849 0.341849 0.341849 0 1.3
50 1 0.235289 0.235289 0.235289 0 3.16667
13 1 0.224106 0.224106 0.224106 0 2.66667
68 1 0.186615 0.186615 0.186615 0 2.8
119 1 0.121662 0.121662 0.121662 0 1.3
76 1 0.11155 0.11155 0.11155 0 1.16667
17 1 0.0833999 0.0833999 0.0833999 0 3.16667
38 1 0.0616443 0.0616443 0.0616443 5e-09 2.66667
73 1 0.0543654 0.0543654 0.0543654 0 2.8
52 1 0.0449437 0.0449437 0.0449437 0 0.8
123 1 0.0326089 0.0326089 0.0326089 0 1.3
120 1 0.00160097 0.00160097 0.00160098 5e-09 3.16667
98 1 1e-08 1e-08 1e-08 0 2.8
99 1 1e-08 1e-08 1e-08 0 3.3
102 1 1e-08 1e-08 1e-08 0 2.8
109 1 5e-09 5e-09 1e-08 5e-09 3.3

11 32 1.03138 0.15662 0.52743 0.272079 2.66667
15 15 1.1461 0.00928372 0.546684 0.560877 3.16667
39 12 0.756486 0.186067 0.548751 0.318618 1.16667
59 10 0.445686 0.445686 0.536967 0.0912811 0.666667
9 5 0.193045 0.193045 0.541209 0.348164 3.16667
16 4 0.540359 0.316841 0.643125 0.185838 3.16667
25 2 0.515129 0.515129 0.772693 0.257564 1.16667
40 2 0.757023 0.757023 0.757023 0 0.666667
12 1 1.41838 1.41838 1.41838 0 2.66667
18 1 1.34644 1.34644 1.34644 0 3.16667
7 2 0.603922 0.603922 0.603922 0 2.66667
14 1 0.521331 0.521331 0.521331 0 2.66667
10 1 0.358039 0.358039 0.358039 0 3.16667
85 1 0.341849 0.341849 0.341849 0 1.3
50 1 0.235289 0.235289 0.235289 0 3.16667
13 1 0.224106 0.224106 0.224106 0 2.66667
41 1 0.14293 0.14293 0.19376 0.05083 2.66667
68 1 0.186615 0.186615 0.186615 0 2.8
124 1 0.170667 0.170667 0.170667 0 3.16667
76 1 0.11155 0.11155 0.11155 0 1.16667
38 1 0.0961161 0.0961161 0.0961161 0 2.66667
17 1 0.0833999 0.0833999 0.0833999 0 3.16667
73 1 0.0543654 0.0543654 0.0543654 0 2.8
52 1 0.0449437 0.0449437 0.0449437 0 0.8
125 1 0.0173479 0.0173479 0.0173479 0 3.3
123 1 0.0163045 0.0163045 0.0163045 5e-09 1.3

11 32 1.21339 0.184259 0.687081 0.292622 3.16667
15 15 0.526586 0.526586 0.675149 0.148564 3.16667
39 13 1.30284 0.320448 0.688698 0.432923 1.16667
128 6 0.961344 0.115885 0.820434 0.315084 3.16667
59 7 0.247603 0.247603 0.676505 0.428901 0.666667
16 4 0.756502 0.443578 0.679166 0.135503 3.16667
9 3 0.263243 0.263243 0.791495 0.528252 3.3
25 2 0.772693 0.772693 0.772693 0 1.16667
40 2 0.757023 0.757023 0.757023 0 0.666667
12 1 1.41838 1.41838 1.41838 0 2.66667
18 1 1.34644 1.34644 1.34644 0 3.16667
7 1 0.603922 0.603922 1.20784 0.603922 2.66667
129 1 0.705572 0.705572 0.705572 0 1.3
14 1 0.521331 0.521331 0.521331 0 2.66667
10 1 0.358039 0.358039 0.358039 0 3.16667
85 1 0.341849 0.341849 0.341849 0 1.3
125 1 0.305495 0.305495 0.305495 0 3.3
41 1 0.28586 0.28586 0.28586 5e-09 3.3
50 1 0.235289 0.235289 0.235289 0 3.16667
13 1 0.224106 0.224106 0.224106 0 2.66667
68 1 0.186615 0.186615 0.186615 0 2.8
124 1 0.170667 0.170667 0.170667 0 3.16667
38 1 0.123289 0.123289 0.123289 0 2.66667
76 1 0.11155 0.11155 0.11155 0 1.16667
131 1 0.0983102 0.0983102 0.0983102 0 0.8
17 1 0.0651257 0.0651257 0.0651257 0 2.66667

11 32 1.16212 0.170904 0.648141 0.385466 3.66667
39 13 0.781702 0.217714 0.666723 0.315036 1.16667
59 9 0.607754 0.607754 0.675282 0.0675282 0.666667
15 9 0.692076 0.512728 0.655486 0.135145 3.16667
128 7 0.524369 0.524369 0.683333 0.158964 3.16667
16 5 0.472814 0.472814 0.639156 0.166342 3.16667
9 3 0.965226 0.965226 0.965226 0 3.16667
25 2 0.772693 0.772693 0.772693 0 1.16667
40 2 0.757023 0.757023 0.757023 0 0.666667
12 1 1.41838 1.41838 1.41838 0 2.66667
18 1 1.34644 1.34644 1.34644 0 3.16667
7 1 1.20784 1.20784 1.20784 0 2.66667
129 1 0.705572 0.705572 0.705572 0 1.3
134 1 0.57172 0.57172 0.57172 0 2.8
14 1 0.521331 0.521331 0.521331 0 2.66667
10 1 0.358039 0.358039 0.358039 0 3.16667
85 1 0.341849 0.341849 0.341849 0 1.3
50 1 0.235289 0.235289 0.235289 0 3.16667
13 1 0.224106 0.224106 0.224106 0 2.66667
68 1 0.186615 0.186615 0.186615 0 2.8
125 1 0.125328 0.125328 0.179923 0.0545951 3.16667
140 1 0.160802 0.160802 0.160802 0 2.66667
124 1 0.0853334 0.0853334 0.135723 0.0503893 3.16667
38 1 0.123289 0.123289 0.123289 0 2.66667
131 1 0.115282 0.115282 0.115282 0 0.8
76 1 0.11155 0.11155 0.11155 0 1.16667
137 1 0.0367518 0.0367518 0.0722488 0.035497 3.3
135 1 1e-08 1e-08 1e-08 0 2.66667

11 22 1.28922 0.542345 1.73363 0.689308 2.66667
137 1 23.4511 23.4511 23.4511 0 3.16667
50 5 6.94202 0.0470577 3.75695 2.74194 2.66667
128 11 1.67508 1.67508 1.69354 0.01846 3.16667
131 2 15.5019 0.057641 7.77977 7.72213 0.666667
141 4 8.67753 0.00727187 2.85943 3.53621 2.66667
39 4 1.29876 0.261209 1.98303 1.27642 1.16667
15 3 1.64368 1.21773 2.20897 0.872668 3.16667
140 2 6.06708 0.0804012 3.07374 2.99334 2.66667
59 2 0.417831 0.417831 2.09647 1.67864 0.666667
16 2 0.420279 0.420279 1.89126 1.47098 3.16667
9 1 0.289568 0.289568 2.03184 1.74228 3.16667
25 1 0.772693 0.772693 1.54539 0.772693 1.16667
40 1 0.757023 0.757023 1.51405 0.757023 0.666667
12 1 1.41838 1.41838 1.41838 0 2.66667
18 1 1.34644 1.34644 1.34644 0 3.16667
7 1 1.20784 1.20784 1.20784 0 2.66667
129 1 0.705572 0.705572 0.705572 0 1.3
134 1 0.57172 0.57172 0.57172 0 2.8
14 1 0.521331 0.521331 0.521331 0 2.66667
10 1 0.358039 0.358039 0.358039 0 3.16667
85 1 0.341849 0.341849 0.341849 0 1.3
13 1 0.224106 0.224106 0.224106 0 2.66667
68 1 0.186615 0.186615 0.186615 0 2.8
125 1 0.0763737 0.0763737 0.118074 0.0417 2.66667
76 1 0.11155 0.11155 0.11155 0 1.16667
124 1 0.0853334 0.0853334 0.0853334 5e-09 3.16667
38 1 0.0616443 0.0616443 0.0616443 5e-09 2.66667
142 1 0.0501153 0.0501153 0.0501153 0 1.3
144 1 0.0155544 0.0155544 0.0155544 0 3.3
143 1 0.00320195 0.00320195 0.00320195 0 3.16667
135 1 1e-08 1e-08 1e-08 0 2.66667
145 1 1e-08 1e-08 1e-08 0 2.66667

11 36 1.03138 0.222835 0.965986 0.29039 2.66667
137 19 0.721533 0.434279 1.01034 0.536922 3.16667
15 6 4.38315 1.66667e-09 2.89538 1.35966 3.16667
59 2 3.34264 3.34264 3.34264 0 0.666667
16 2 1.89126 1.89126 1.89126 0 3.66667
9 1 2.89568 2.89568 2.89568 0 3.16667
25 1 1.54539 1.54539 1.54539 0 1.16667
40 1 1.51405 1.51405 1.51405 0 0.666667
12 1 1.41838 1.41838 1.41838 0 2.66667
18 1 1.34644 1.34644 1.34644 0 3.16667
7 1 1.20784 1.20784 1.20784 0 2.66667
131 1 0.68779 0.68779 0.717509 0.029719 0.8
129 1 0.705572 0.705572 0.705572 0 1.3
134 1 0.57172 0.57172 0.57172 0 2.8
14 1 0.521331 0.521331 0.521331 0 2.66667
10 1 0.358039 0.358039 0.358039 0 3.16667
85 1 0.341849 0.341849 0.341849 0 1.3
152 1 0.315336 0.315336 0.315336 0 2.66667
124 1 0.299103 0.299103 0.299103 0 3.16667
13 1 0.224106 0.224106 0.224106 0 2.66667
146 1 0.0588221 0.0588221 0.222769 0.163947 2.8
76 1 0.11155 0.11155 0.11155 0 1.16667
147 1 0.101282 0.101282 0.101282 0 2.8
38 1 0.0961161 0.0961161 0.0961161 0 2.66667
39 1 0.0501153 0.0501153 0.0501153 0 1.3
125 1 0.0173479 0.0173479 0.0173479 0 3.3
68 1 0.0161028 0.0161028 0.0161028 0 2.8
144 1 0.0155544 0.0155544 0.0155544 0 3.3
153 1 1e-08 1e-08 1e-08 0 3.16667
151 1 1e-08 1e-08 1e-08 0 3.16667
150 1 1e-08 1e-08 1e-08 0 2.8
149 1 1e-08 1e-08 1e-08 0 3.16667
148 1 1e-08 1e-08 1e-08 0 3.3
135 1 1e-08 1e-08 1e-08 0 2.66667

11 37 1.4734 1.4734 1.79482 0.321427 3.16667
154 12 6.87585 8.33333e-10 2.87016 3.38545 3.16667
137 13 1.02534 0.617133 1.88007 1.075 3.16667
131 5 6.20076 0.0339567 3.82182 2.9169 0.666667
15 6 1.0115 0.749372 2.07581 1.15829 3.16667
59 2 0.607754 0.607754 2.1365 1.52875 1.16667
16 2 0.756502 0.756502 1.89126 1.13475 3.66667
9 1 0.965226 0.965226 2.89568 1.93045 3.16667
25 1 1.54539 1.54539 1.54539 0 1.16667
40 1 1.51405 1.51405 1.51405 0 0.666667
12 1 1.41838 1.41838 1.41838 0 2.66667
18 1 1.34644 1.34644 1.34644 0 3.16667
7 1 1.20784 1.20784 1.20784 0 2.66667
129 1 0.705572 0.705572 0.705572 0 1.3
134 1 0.57172 0.57172 0.57172 0 2.8
14 1 0.521331 0.521331 0.521331 0 2.66667
10 1 0.358039 0.358039 0.358039 0 3.16667
85 1 0.341849 0.341849 0.341849 0 1.3
125 1 0.250656 0.250656 0.250656 0 3.3
13 1 0.224106 0.224106 0.224106 0 2.66667
68 1 0.186615 0.186615 0.186615 0 2.8
124 1 0.170667 0.170667 0.170667 0 3.16667
152 1 0.157668 0.157668 0.157668 5e-09 2.66667
76 1 0.11155 0.11155 0.11155 0 1.16667
158 1 0.101651 0.101651 0.101651 0 0.666667
147 1 0.101282 0.101282 0.101282 0 2.8
160 1 0.0758518 0.0758518 0.0758518 0 3.16667
39 1 0.0501153 0.0501153 0.0501153 0 1.3
155 1 0.0497076 0.0497076 0.0497076 5e-09 3.16667
38 1 0.0480581 0.0480581 0.0480581 5e-09 2.66667
156 1 0.0175854 0.0175854 0.0348512 0.0172658 3.3

11 33 0.778399 0.778399 1.98305 1.20465 2.66667
168 5 16.5021 0.00489074 6.60866 8.07792 2.8
15 6 4.38315 3.24728 4.00453 0.535455 3.3
137 11 1.34354 0.951076 2.09688 0.838474 3.16667
131 10 6.7375 0.0121274 2.09313 1.77778 0.666667
59 2 3.34264 3.34264 3.34264 0 0.666667
16 1 1.89126 1.89126 3.78251 1.89126 3.16667
9 1 2.89568 2.89568 2.89568 0 3.16667
165 1 2.34669 2.34669 2.34669 0 1.16667
147 1 2.05588 2.05588 2.05588 0 2.8
25 1 1.54539 1.54539 1.54539 0 1.16667
40 1 1.51405 1.51405 1.51405 0 0.666667
12 1 1.41838 1.41838 1.41838 0 2.66667
7 1 1.20784 1.20784 1.20784 0 2.66667
129 1 0.705572 0.705572 0.705572 0 1.3
134 1 0.57172 0.57172 0.57172 0 2.8
18 1 0.549922 0.549922 0.549922 0 3.16667
14 1 0.521331 0.521331 0.521331 0 2.66667
10 1 0.358039 0.358039 0.358039 0 3.16667
85 1 0.341849 0.341849 0.341849 0 1.3
162 1 0.315336 0.315336 0.315336 0 2.66667
124 1 0.299103 0.299103 0.299103 0 3.16667
13 1 0.224106 0.224106 0.224106 0 2.66667
38 1 0.123289 0.123289 0.123289 0 2.66667
76 1 0.11155 0.11155 0.11155 0 1.16667
154 1 0.0509158 0.0509158 0.097628 0.0467122 2.8
163 1 0.0520196 0.0520196 0.0520196 0 3.3
39 1 0.0501153 0.0501153 0.0501153 0 1.3
167 1 0.0344078 0.0344078 0.0344078 0 3.8
171 1 0.0248096 0.0248096 0.0248096 0 3.3
68 1 0.0161028 0.0161028 0.0161028 0 2.8
164 1 0.00379044 0.00379044 0.00379044 0 3.16667
166 1 0.00141623 0.00141623 0.00283246 0.00141623 3.16667
152 1 1e-08 1e-08 1e-08 0 2.66667
169 1 1e-08 1e-08 1e-08 0 2.85714
170 1 3.33333e-09 3.33333e-09 1e-08 6.66667e-09 2.66667

11 41 0.797863 0.756975 1.36404 0.6061 2.66667
137 17 1.44307 0.868558 1.36588 0.182772 3.16667
131 5 18.865 2e-09 4.31461 7.29911 0.857143
15 12 1.1954 0.885622 1.39359 0.239809 3.16667
16 1 3.78251 3.78251 3.78251 0 3.66667
9 1 2.89568 2.89568 2.89568 0 3.16667
25 1 1.54539 1.54539 1.54539 0 1.16667
40 1 1.51405 1.51405 1.51405 0 0.666667
12 1 1.41838 1.41838 1.41838 0 2.66667
7 1 1.20784 1.20784 1.20784 0 2.66667
129 1 0.705572 0.705572 0.705572 0 1.3
18 1 0.549922 0.549922 0.549922 0 3.16667
14 1 0.521331 0.521331 0.521331 0 2.66667
10 1 0.358039 0.358039 0.358039 0 3.16667
85 1 0.341849 0.341849 0.341849 0 1.3
162 1 0.315336 0.315336 0.315336 0 2.66667
124 1 0.299103 0.299103 0.299103 0 3.16667
134 1 0.28586 0.28586 0.28586 5e-09 3.16667
13 1 0.224106 0.224106 0.224106 0 2.66667
68 1 0.186615 0.186615 0.186615 0 2.8
171 1 0.140179 0.140179 0.140179 0 3.3
76 1 0.11155 0.11155 0.11155 0 1.16667
147 1 0.101282 0.101282 0.101282 0 2.8
38 1 0.0961161 0.0961161 0.0961161 0 2.66667
39 1 0.0501153 0.0501153 0.0501153 0 1.3
166 1 0.00283246 0.00283246 0.00283246 0 3.16667
164 1 0.00282417 0.00282417 0.00282417 0 3.16667
168 1 6.56019e-05 6.56019e-05 6.56069e-05 5e-09 2.85714
152 1 3.33333e-09 3.33333e-09 1e-08 6.66667e-09 2.66667
172 1 1e-08 1e-08 1e-08 0 3.3

177 1 86.9671 86.9671 86.9671 0 1.16667
11 28 1.08419 0.948394 2.49595 1.53826 3.16667
137 13 1.05305 1.05305 2.45709 1.40404 3.66667
15 8 1.75326 1.75326 2.63153 0.878268 3.3
181 3 7.79256 2e-09 2.67756 3.61818 3.16667
178 1 1.11421 1.11421 4.50588 3.39167 0.666667
16 1 3.78251 3.78251 3.78251 0 3.66667
9 1 2.89568 2.89568 2.89568 0 3.16667
147 1 2.05588 2.05588 2.05588 0 2.8
25 1 1.54539 1.54539 1.54539 0 1.16667
40 1 1.51405 1.51405 1.51405 0 0.666667
12 1 1.41838 1.41838 1.41838 0 2.66667
7 1 1.20784 1.20784 1.20784 0 2.66667
129 1 0.705572 0.705572 0.705572 0 1.3
134 1 0.57172 0.57172 0.57172 0 2.8
131 1 0.429869 0.429869 0.552638 0.122769 0.857143
18 1 0.549922 0.549922 0.549922 0 3.16667
182 1 0.549228 0.549228 0.549228 5e-09 2.66667
14 1 0.521331 0.521331 0.521331 0 2.66667
10 1 0.358039 0.358039 0.358039 0 3.16667
85 1 0.341849 0.341849 0.341849 0 1.3
162 1 0.315336 0.315336 0.315336 0 2.66667
124 1 0.299103 0.299103 0.299103 0 3.16667
68 1 0.266179 0.266179 0.266179 0 2.8
13 1 0.224106 0.224106 0.224106 0 2.66667
184 1 0.200908 0.200908 0.200908 0 3.66667
76 1 0.11155 0.11155 0.11155 0 1.16667
188 1 0.0991243 0.0991243 0.0991243 0 2.66667
38 1 0.0961161 0.0961161 0.0961161 0 2.66667
39 1 0.0501153 0.0501153 0.0501153 0 1.3
186 1 0.0460668 0.0460668 0.0460668 5e-09 3.3
171 1 0.0248096 0.0248096 0.0248096 0 3.3
164 1 0.00189522 0.00189522 0.0033073 0.00141208 3.16667
166 1 0.00283246 0.00283246 0.00283246 0 3.16667
180 1 1e-08 1e-08 1e-08 0 2.85714
179 1 2.5e-09 2.5e-09 1e-08 7.5e-09 0.857143
172 1 1e-08 1e-08 1e-08 0 3.3
183 1 3.33333e-09 3.33333e-09 1e-08 6.66667e-09 0.666667
185 1 1e-08 1e-08 1e-08 0 0.8
187 1 1e-08 1e-08 1e-08 0 3.16667
189 1 1e-08 1e-08 1e-08 0 3.16667

11 27 1.4734 1.4734 2.83985 1.36645 3.66667
182 5 18.865 0.0321605 15.0984 7.53313 2.66667
177 18 1.58122 1.58122 2.82382 1.2426 1.16667
137 10 1.55851 1.55851 2.82464 1.26613 3.16667
15 8 2.9221 2.9221 2.92338 0.00127963 3.3
178 1 6.68529 6.68529 6.68529 0 0.666667
16 1 3.78251 3.78251 3.78251 0 3.66667
9 1 2.89568 2.89568 2.89568 0 3.16667
25 1 1.54539 1.54539 1.54539 0 1.16667
40 1 1.51405 1.51405 1.51405 0 0.666667
12 1 1.41838 1.41838 1.41838 0 2.66667
7 1 1.20784 1.20784 1.20784 0 2.66667
147 1 1.02794 1.02794 1.02794 5e-09 2.8
129 1 0.705572 0.705572 0.705572 0 1.3
134 1 0.57172 0.57172 0.57172 0 2.8
18 1 0.549922 0.549922 0.549922 0 3.16667
14 1 0.521331 0.521331 0.521331 0 2.66667
10 1 0.358039 0.358039 0.358039 0 3.16667
85 1 0.341849 0.341849 0.341849 0 1.3
162 1 0.315336 0.315336 0.315336 0 2.66667
124 1 0.299103 0.299103 0.299103 0 3.16667
13 1 0.224106 0.224106 0.224106 0 2.66667
68 1 0.186615 0.186615 0.186615 0 2.8
38 1 0.123289 0.123289 0.123289 0 2.66667
76 1 0.11155 0.11155 0.11155 0 1.16667
189 1 0.109642 0.109642 0.109642 0 3.16667
188 1 0.0991243 0.0991243 0.0991243 0 2.66667
39 1 0.0501153 0.0501153 0.0501153 0 1.3
184 1 0.0339364 0.0339364 0.0339364 6.66667e-09 2.66667
171 1 0.00826985 0.00826985 0.00826986 6.66667e-09 3.3
166 1 0.00283246 0.00283246 0.00283246 0 3.16667
191 1 5.06076e-05 5.06076e-05 5.06076e-05 0 2.8
180 1 1e-08 1e-08 1e-08 0 2.85714
179 1 1e-08 1e-08 1e-08 0 0.857143
172 1 1e-08 1e-08 1e-08 0 3.3
183 1 1e-08 1e-08 1e-08 0 0.666667
185 1 1e-08 1e-08 1e-08 0 0.8
190 1 1e-08 1e-08 1e-08 0 2.8

177 25 2.63537 2.63537 3.08048 0.445118 1.16667
11 21 1.35263 1.35263 3.09388 1.74125 2.66667
182 17 2.14375 2.14375 3.04542 0.901667 2.66667
137 11 3.54207 3.54207 3.54207 1.33227e-15 3.16667
15 8 3.28736 3.28736 3.28736 4.44089e-16 3.3
179 2 15.5019 5e-09 7.75095 7.75095 0.857143
178 1 6.68529 6.68529 6.68529 0 0.666667
16 1 3.78251 3.78251 3.78251 0 3.66667
9 1 2.89568 2.89568 2.89568 0 3.16667
25 1 1.54539 1.54539 1.54539 0 1.16667
40 1 1.51405 1.51405 1.51405 0 0.666667
12 1 1.41838 1.41838 1.41838 0 2.66667
18 1 1.34644 1.34644 1.34644 0 3.16667
7 1 1.20784 1.20784 1.20784 0 2.66667
171 1 1.04936 1.04936 1.0844 0.0350447 3.3
129 1 0.705572 0.705572 0.705572 0 1.3
134 1 0.57172 0.57172 0.57172 0 2.8
14 1 0.521331 0.521331 0.521331 0 2.66667
198 1 0.381296 0.381296 0.381296 0 2.66667
10 1 0.358039 0.358039 0.358039 0 3.16667
85 1 0.341849 0.341849 0.341849 0 1.3
162 1 0.315336 0.315336 0.315336 0 2.66667
124 1 0.299103 0.299103 0.299103 0 3.16667

182 28 2.94765 2.94765 3.03348 0.0858303 2.66667
11 23 1.74676 1.52797 3.0666 1.52977 2.66667
177 20 1.47402 1.47402 3.12247 1.64846 1.16667
137 10 1.29876 1.29876 3.12423 1.82548 3.16667
15 8 2.9221 2.9221 3.28736 0.365262 3.3
178 1 6.68529 6.68529 6.68529 0 0.666667
16 1 3.78251 3.78251 3.78251 0 3.66667
9 1 2.89568 2.89568 2.89568 0 3.16667
25 1 1.54539 1.54539 1.54539 0 1.16667
40 1 1.51405 1.51405 1.51405 0 0.666667
12 1 1.41838 1.41838 1.41838 0 2.66667
18 1 1.34644 1.34644 1.34644 0 3.16667
7 1 1.20784 1.20784 1.20784 0 2.66667
129 1 0.705572 0.705572 0.705572 0 1.3
134 1 0.57172 0.57172 0.57172 0 2.8
14 1 0.521331 0.521331 0.521331 0 2.66667
10 1 0.358039 0.358039 0.358039 0 3.16667

182 27 0.906971 0.906971 3.08215 2.17518 2.66667
177 24 2.17418 2.17418 3.14556 0.971387 1.3
11 18 3.75047 0.00344635 3.12617 1.3961 2.66667
137 10 3.89628 3.89628 3.89628 0 3.66667
15 8 3.28736 3.28736 3.28736 4.44089e-16 3.3
178 1 6.68529 6.68529 6.68529 0 0.666667
16 1 3.78251 3.78251 3.78251 0 3.66667
9 1 2.89568 2.89568 2.89568 0 3.16667
25 1 1.54539 1.54539 1.54539 0 1.16667
40 1 1.51405 1.51405 1.51405 0 0.666667
12 1 1.41838 1.41838 1.41838 0 2.66667
18 1 1.34644 1.34644 1.34644 0 3.16667
7 1 1.20784 1.20784 1.20784 0 2.66667
129 1 0.705572 0.705572 0.705572 0 1.3
134 1 0.57172 0.57172 0.57172 0 2.8
14 1 0.521331 0.521331 0.521331 0 2.66667
10 1 0.358039 0.358039 0.358039 0 3.16667
201 1 0.110259 0.110259 0.110259 0 2.66667
202 1 0.0724895 0.0724895 0.0724895 0 2.8

177 28 2.89303 1.77484 2.84696 1.05284 1.16667
182 25 1.59873 1.59873 2.86599 1.26726 2.66667
11 19 1.7937 1.7937 2.83323 1.03953 2.66667
137 11 2.1646 2.1646 2.952 0.787399 3.16667
15 8 3.28736 3.28736 3.28736 4.44089e-16 3.3
16 1 3.78251 3.78251 3.78251 0 3.66667
178 1 3.34264 3.34264 3.38872 0.0460719 1.16667
9 1 2.89568 2.89568 2.89568 0 3.16667
25 1 1.54539 1.54539 1.54539 0 1.16667
40 1 1.51405 1.51405 1.51405 0 0.666667
12 1 1.41838 1.41838 1.41838 0 2.66667
7 1 1.20784 1.20784 1.20784 0 2.66667
129 1 0.705572 0.705572 0.705572 0 1.3
134 1 0.57172 0.57172 0.57172 0 2.8
18 1 0.549922 0.549922 0.549922 0 3.16667

210 17 4.85354 0.00552952 4.56837 1.14071 2.66667
11 16 5.15689 6.25e-10 4.83459 1.24828 2.66667
182 19 1.59873 1.59873 3.81287 2.21415 2.66667
177 17 1.86524 1.1443 3.83787 2.65658 1.16667
137 10 3.54207 3.54207 3.89628 0.354207 3.66667
15 6 3.28736 3.28736 4.38315 1.09579 3.3
16 1 3.78251 3.78251 3.78251 0 3.66667
178 1 3.34264 3.34264 3.34264 5e-09 3.16667
9 1 2.89568 2.89568 2.89568 0 3.16667
25 1 1.54539 1.54539 1.54539 0 1.16667
40 1 1.51405 1.51405 1.51405 0 0.666667
12 1 1.41838 1.41838 1.41838 0 2.66667
18 1 1.34644 1.34644 1.34644 0 3.16667
7 1 1.20784 1.20784 1.20784 0 2.66667
129 1 0.705572 0.705572 0.705572 0 1.3
134 1 0.57172 0.57172 0.57172 0 2.8
212 1 0.265067 0.265067 0.265067 0 2.66667
211 1 0.0116729 0.0116729 0.0116729 0 1.16667
213 1 1e-08 1e-08 1e-08 0 3.3

182 23 2.1936 2.1936 3.4617 1.26809 2.66667
177 22 4.05024 2.48477 3.43296 0.923021 1.16667
210 21 1.1958 1.1958 3.47372 2.27792 2.66667
137 10 3.89628 3.89628 3.89628 0 3.16667
214 6 13.7517 1.66667e-09 4.5923 6.4767 2.66667
15 6 4.38315 4.38315 4.38315 0 3.3
215 1 6.68529 6.68529 6.68529 0 0.666667
16 1 3.78251 3.78251 3.78251 0 3.66667
9 1 2.89568 2.89568 2.89568 0 3.16667
25 1 1.54539 1.54539 1.54539 0 1.16667
40 1 1.51405 1.51405 1.51405 0 0.666667
12 1 1.41838 1.41838 1.41838 0 2.66667
18 1 1.34644 1.34644 1.34644 0 3.16667
7 1 1.20784 1.20784 1.20784 0 2.66667
129 1 0.705572 0.705572 0.705572 0 1.3
134 1 0.57172 0.57172 0.57172 0 2.8
219 1 0.407482 0.407482 0.407482 5e-09 2.8
212 1 0.0883558 0.0883558 0.0883558 6.66667e-09 2.66667
220 1 0.0332097 0.0332097 0.0332097 0 2.66667

182 24 1.8865 1.8865 3.07739 1.19089 2.66667
177 22 2.67469 1.64089 3.07131 1.31631 1.16667
210 22 1.4734 1.4734 3.01589 1.54249 2.66667
137 13 2.43517 2.43517 2.99714 0.561963 3.16667
15 6 4.38315 4.38315 4.38315 0 3.3
215 1 6.68529 6.68529 6.68529 0 0.666667
16 1 3.78251 3.78251 3.78251 0 3.66667
9 1 2.89568 2.89568 2.89568 0 3.16667
25 1 1.54539 1.54539 1.54539 0 1.16667
40 1 1.51405 1.51405 1.51405 0 0.666667
12 1 1.41838 1.41838 1.41838 0 2.66667
18 1 1.34644 1.34644 1.34644 0 3.16667
7 1 1.20784 1.20784 1.20784 0 2.66667
219 1 0.814964 0.814964 0.814964 0 2.8
129 1 0.705572 0.705572 0.705572 0 1.3
134 1 0.57172 0.57172 0.57172 0 2.8
212 1 0.265067 0.265067 0.265067 0 2.66667
228 1 0.0732098 0.0732098 0.0732098 0 2.66667
220 1 0.0332097 0.0332097 0.0332097 0 2.66667

177 20 2.05447 1.26039 4.21428 2.7932 2.66667
231 1 82.5103 82.5103 82.5103 0 3.16667
210 19 3.75047 3.75047 4.14525 0.394786 2.66667
182 18 1.54631 1.54631 4.11421 2.5679 2.66667
137 9 2.99714 2.99714 4.3292 1.33206 3.16667
15 6 4.38315 4.38315 4.38315 0 3.3
215 1 6.68529 6.68529 6.68529 0 0.666667
16 1 3.78251 3.78251 3.78251 0 3.66667
9 1 2.89568 2.89568 2.89568 0 3.16667
25 1 1.54539 1.54539 1.54539 0 1.16667
40 1 1.51405 1.51405 1.51405 0 0.666667
12 1 1.41838 1.41838 1.41838 0 2.66667
18 1 1.34644 1.34644 1.34644 0 3.16667
7 1 1.20784 1.20784 1.20784 0 2.66667
129 1 0.705572 0.705572 0.705572 0 1.3
134 1 0.57172 0.57172 0.57172 0 2.8
219 1 0.407482 0.407482 0.407482 5e-09 2.8
229 1 0.283652 0.283652 0.283652 0 2.66667
212 1 0.132534 0.132534 0.132534 5e-09 2.66667
234 1 0.0992081 0.0992081 0.121619 0.022411 1.3
228 1 0.0533105 0.0533105 0.0899153 0.0366049 2.66667
220 1 0.0332097 0.0332097 0.0332097 0 2.66667
233 1 8.01483e-06 8.01483e-06 8.01983e-06 5e-09 1.16667
230 1 1e-08 1e-08 1e-08 0 1.16667
232 1 5e-09 5e-09 1e-08 5e-09 1.16667
235 1 1e-08 1e-08 1e-08 0 2.66667
236 1 1e-08 1e-08 1e-08 0 3.16667
237 1 1e-08 1e-08 1e-08 0 2.66667
238 1 1e-08 1e-08 1e-08 0 2.66667

182 21 3.49352 3.49352 3.82963 0.336114 2.66667
234 20 3.01614 1.85036 3.6652 1.57651 1.16667
177 18 1.925 1.68388 3.69361 1.97159 2.66667
231 16 3.17347 3.17347 3.79753 0.624057 3.16667
137 9 4.3292 4.3292 4.3292 0 3.16667
15 6 4.38315 4.38315 4.38315 0 3.3
16 1 3.78251 3.78251 3.78251 0 3.66667
215 1 3.34264 3.34264 3.35753 0.0148861 1.16667
9 1 2.89568 2.89568 2.89568 0 3.16667
25 1 1.54539 1.54539 1.54539 0 1.16667
40 1 1.51405 1.51405 1.51405 0 0.666667
12 1 1.41838 1.41838 1.41838 0 2.66667
18 1 1.34644 1.34644 1.34644 0 3.16667
7 1 1.20784 1.20784 1.20784 0 2.66667
239 1 0.946407 0.946407 0.946407 0 2.8
129 1 0.705572 0.705572 0.705572 0 1.3
134 1 0.57172 0.57172 0.57172 0 2.8

234 25 3.73048 2.28861 3.22915 0.78396 1.3
177 24 1.1958 1.1958 3.18935 1.99355 3.16667
182 22 2.1351 1.715 3.31782 1.58614 2.66667
137 9 4.3292 4.3292 4.3292 0 3.16667
15 6 4.38315 4.38315 4.38315 0 3.3
215 1 6.68529 6.68529 6.68529 0 0.666667
16 1 3.78251 3.78251 3.78251 0 3.66667
9 1 2.89568 2.89568 2.89568 0 3.16667
25 1 1.54539 1.54539 1.54539 0 1.16667
40 1 1.51405 1.51405 1.51405 0 0.666667
12 1 1.41838 1.41838 1.41838 0 2.66667
18 1 1.34644 1.34644 1.34644 0 3.16667
7 1 1.20784 1.20784 1.20784 0 2.66667
129 1 0.705572 0.705572 0.705572 0 1.3
134 1 0.57172 0.57172 0.57172 0 2.8
231 1 0.0720482 0.0720482 0.112125 0.0400767 3.16667
247 1 0.0538923 0.0538923 0.0538923 0 1.3
245 1 1e-08 1e-08 1e-08 0 3.3
246 1 1e-08 1e-08 1e-08 0 2.66667
248 1 1e-08 1e-08 1e-08 0 2.66667

234 23 3.29671 2.02249 4.02145 1.46524 1.16667
250 4 28.7213 2.5e-09 18.0512 10.8044 1.16667
182 17 2.1351 1.715 4.11104 2.32742 2.66667
177 17 1.47383 1.28922 3.93419 2.59204 3.16667
137 9 4.3292 4.3292 4.3292 0 3.16667
15 6 4.38315 4.38315 4.38315 0 3.3
215 1 6.68529 6.68529 6.68529 0 0.666667
16 1 3.78251 3.78251 3.78251 0 3.66667
9 1 2.89568 2.89568 2.89568 0 3.16667
25 1 1.54539 1.54539 1.54539 0 1.16667
40 1 1.51405 1.51405 1.51405 0 0.666667
12 1 1.41838 1.41838 1.41838 0 2.66667
18 1 1.34644 1.34644 1.34644 0 3.16667
7 1 1.20784 1.20784 1.20784 0 2.66667
129 1 0.705572 0.705572 0.705572 0 1.3
251 1 0.648434 0.648434 0.648434 0 1.16667
134 1 0.57172 0.57172 0.57172 0 2.8
253 1 0.0786661 0.0786661 0.0786661 0 2.66667
231 1 0.0607415 0.0607415 0.0607415 0 3.16667
254 1 0.0577278 0.0577278 0.0577278 0 1.16667
247 1 0.0538923 0.0538923 0.0538923 0 1.3
245 1 5e-09 5e-09 1e-08 5e-09 3.3
246 1 1e-08 1e-08 1e-08 0 2.66667
252 1 5e-09 5e-09 1e-08 5e-09 1.16667

182 15 2.93576 2.35812 6.40068 3.78399 2.66667
256 2 41.2551 41.2551 41.2551 0 2.66667
234 12 1.96887 1.96887 6.30426 4.3354 1.16667
251 9 9.16781 0.0720482 8.15717 2.85852 3.16667
177 9 9.16781 1.11111e-09 7.13304 3.80671 3.16667
231 3 27.5034 0.0364479 18.3478 12.9481 2.66667
255 8 7.25576 0.542628 6.41714 2.22016 2.66667
246 2 41.2551 5e-09 20.6276 20.6276 2.66667
137 6 4.3292 4.3292 6.4938 2.1646 3.16667
15 4 4.38315 4.38315 6.57472 2.19157 3.3
215 1 6.68529 6.68529 6.68529 0 0.666667
16 1 3.78251 3.78251 3.78251 0 3.66667
9 1 2.89568 2.89568 2.89568 0 3.16667
250 1 1.7841 1.7841 1.84807 0.0639713 1.16667
25 1 1.54539 1.54539 1.54539 0 1.16667
40 1 1.51405 1.51405 1.51405 0 0.666667
12 1 1.41838 1.41838 1.41838 0 2.66667
18 1 1.34644 1.34644 1.34644 0 3.16667
7 1 1.20784 1.20784 1.20784 0 2.66667
129 1 0.705572 0.705572 0.705572 0 1.3
134 1 0.57172 0.57172 0.57172 0 2.8
253 1 0.0786661 0.0786661 0.0786661 0 2.66667
254 1 0.0734495 0.0734495 0.0734495 0 1.16667
247 1 0.0538923 0.0538923 0.0538923 0 1.3
257 1 0.0406006 0.0406006 0.0406006 0 3.3
262 1 0.0104899 0.0104899 0.0104899 0 1.16667
245 1 1e-08 1e-08 1e-08 0 3.3
258 1 1e-08 1e-08 1e-08 0 3.3
259 1 1e-08 1e-08 1e-08 0 3.3
260 1 1e-08 1e-08 1e-08 0 3.16667
261 1 1e-08 1e-08 1e-08 0 3.16667

234 24 5.9066 4.16667e-10 4.68066 2.38984 1.16667
182 21 2.21567 1.77972 3.98749 1.92962 2.66667
256 18 1.58674 1.58674 4.15488 2.56814 2.66667
137 6 6.4938 6.4938 6.4938 0 3.16667
15 4 6.57472 6.57472 6.57472 0 3.3
251 6 4.5839 1.0264 4.00766 1.32591 1.16667
250 1 16.0569 16.0569 16.0569 0 1.16667
215 1 6.68529 6.68529 6.68529 0 0.666667
16 1 3.78251 3.78251 3.78251 0 3.66667
9 1 2.89568 2.89568 2.89568 0 3.16667
25 1 1.54539 1.54539 1.54539 0 1.16667
40 1 1.51405 1.51405 1.51405 0 0.666667
12 1 1.41838 1.41838 1.41838 0 2.66667
18 1 1.34644 1.34644 1.34644 0 3.16667
7 1 1.20784 1.20784 1.20784 0 2.66667
129 1 0.705572 0.705572 0.705572 0 1.3
134 1 0.57172 0.57172 0.57172 0 2.8
265 1 0.420289 0.420289 0.420289 0 1.16667
177 1 0.0409294 0.0409294 0.0567183 0.0157889 2.66667
247 1 0.0538923 0.0538923 0.0538923 0 1.3
263 1 0.0474127 0.0474127 0.0474127 5e-09 2.66667
253 1 0.0425211 0.0425211 0.0471917 0.0046706 2.66667
254 1 0.0104899 0.0104899 0.0104899 0 1.16667
245 1 1e-08 1e-08 1e-08 0 3.3
258 1 5e-09 5e-09 1e-08 5e-09 3.3
259 1 1e-08 1e-08 1e-08 0 3.3
231 1 3.33333e-09 3.33333e-09 1e-08 6.66667e-09 2.66667
264 1 5e-09 5e-09 1e-08 5e-09 1.16667

182 27 2.39654 1.925 3.20315 0.892332 2.66667
234 24 2.44411 2.44411 3.31462 0.870513 1.16667
256 24 1.87523 1.87523 3.20366 1.32843 2.66667
137 8 2.1646 2.1646 3.54232 1.37772 3.16667
15 4 6.57472 6.57472 6.57472 0 3.3
215 1 6.68529 6.68529 6.68529 0 0.666667
16 1 3.78251 3.78251 3.78251 0 3.66667
9 1 2.89568 2.89568 2.89568 0 3.16667
25 1 1.54539 1.54539 1.54539 0 1.16667
40 1 1.51405 1.51405 1.51405 0 0.666667
12 1 1.41838 1.41838 1.41838 0 2.66667
18 1 1.34644 1.34644 1.34644 0 3.16667
7 1 1.20784 1.20784 1.20784 0 2.66667
129 1 0.705572 0.705572 0.705572 0 1.3
134 1 0.57172 0.57172 0.57172 0 2.8
251 1 0.420289 0.420289 0.420289 0 1.16667
177 1 0.204166 0.204166 0.204166 0 2.66667
263 1 0.0727146 0.0727146 0.13267 0.0599559 2.66667
247 1 0.0538923 0.0538923 0.0538923 0 1.3

234 28 2.57743 2.57743 3.70135 1.12393 1.16667
182 26 1.80662 1.80662 3.71477 1.90815 2.66667
256 20 1.71896 1.71896 3.78179 2.06283 3.16667
137 8 4.87035 4.87035 4.87035 0 3.16667
15 4 6.57472 6.57472 6.57472 0 3.3
16 1 3.78251 3.78251 3.78251 0 3.66667
215 1 3.34264 3.34264 3.38495 0.0423083 0.666667
9 1 2.89568 2.89568 2.89568 0 3.16667
25 1 1.54539 1.54539 1.54539 0 1.16667
40 1 1.51405 1.51405 1.51405 0 0.666667
12 1 1.41838 1.41838 1.41838 0 2.66667
18 1 1.34644 1.34644 1.34644 0 3.16667
7 1 1.20784 1.20784 1.20784 0 2.66667
129 1 0.705572 0.705572 0.705572 0 1.3
134 1 0.57172 0.57172 0.57172 0 2.8
251 1 0.420289 0.420289 0.420289 0 1.16667
177 1 0.245576 0.245576 0.245576 0 2.66667
263 1 0.218144 0.218144 0.218144 0 2.66667
247 1 0.0404934 0.0404934 0.0404934 0 1.3
269 1 1e-08 1e-08 1e-08 0 3.16667

234 22 1.9419 1.9419 5.16941 3.22752 1.16667
182 19 1.80662 1.80662 5.23438 3.42776 2.66667
256 16 3.5874 3.5874 5.15689 1.56949 3.16667
275 5 16.5021 0.00886885 9.90938 8.07434 3.16667
276 2 41.2551 0.00621809 20.6307 20.6245 3.66667
269 2 41.2551 5e-09 20.6276 20.6276 3.16667
137 7 4.87035 4.87035 5.56611 0.695764 3.16667
15 4 6.57472 6.57472 6.57472 0 3.3
16 1 3.78251 3.78251 3.78251 0 3.66667
215 1 3.34264 3.34264 3.38592 0.0432713 2.66667
9 1 2.89568 2.89568 2.89568 0 3.16667
25 1 1.54539 1.54539 1.54539 0 1.16667
40 1 1.51405 1.51405 1.51405 0 0.666667
12 1 1.41838 1.41838 1.41838 0 2.66667
18 1 1.34644 1.34644 1.34644 0 3.16667
7 1 1.20784 1.20784 1.20784 0 2.66667
129 1 0.705572 0.705572 0.705572 0 1.3
134 1 0.57172 0.57172 0.57172 0 2.8
251 1 0.420289 0.420289 0.420289 0 1.16667
177 1 0.204166 0.204166 0.204166 0 2.66667
279 1 0.075328 0.075328 0.075328 0 2.8
247 1 0.0538923 0.0538923 0.0538923 0 1.3
263 1 1e-08 1e-08 1e-08 0 2.66667
277 1 1e-08 1e-08 1e-08 0 2.66667
278 1 1e-08 1e-08 1e-08 0 2.66667
280 1 1e-08 1e-08 1e-08 0 2.66667

182 27 2.73094 2.73094 4.14839 1.41746 2.66667
234 25 2.89303 2.89303 4.15823 1.2652 1.16667
256 16 1.39848 1.39848 4.19604 2.79756 2.66667
137 7 5.56611 5.56611 5.56611 0 3.16667
275 7 11.7872 0.0227683 5.06768 5.81926 3.16667
15 4 6.57472 6.57472 6.57472 0 3.3
281 1 6.68529 6.68529 6.68529 0 0.666667
16 1 3.78251 3.78251 3.78251 0 3.66667
9 1 2.89568 2.89568 2.89568 0 3.16667
25 1 1.54539 1.54539 1.54539 0 1.16667
40 1 1.51405 1.51405 1.51405 0 0.666667
12 1 1.41838 1.41838 1.41838 0 2.66667
18 1 1.34644 1.34644 1.34644 0 3.16667
7 1 1.20784 1.20784 1.20784 0 2.66667
129 1 0.705572 0.705572 0.705572 0 1.3
134 1 0.57172 0.57172 0.57172 0 2.8
251 1 0.420289 0.420289 0.420289 0 1.16667
284 1 0.0807876 0.0807876 0.0807876 0 1.16667
279 1 0.075328 0.075328 0.075328 0 2.8
247 1 0.0404934 0.0404934 0.0404934 0 1.3
283 1 0.0167241 0.0167241 0.0329695 0.0162454 3.3

234 26 2.32391 2.32391 4.03532 1.71141 1.16667
182 23 1.72692 1.72692 3.91565 2.18873 2.66667
256 19 2.75034 2.75034 3.91193 1.16159 3.16667
275 7 11.7872 0.0227683 5.06768 5.81926 3.16667
137 9 3.54207 3.54207 3.93564 0.393564 3.16667
15 4 6.57472 6.57472 6.57472 0 3.3
281 1 6.68529 6.68529 6.68529 0 0.666667
16 1 3.78251 3.78251 3.78251 0 3.66667
9 1 2.89568 2.89568 2.89568 0 3.16667
25 1 1.54539 1.54539 1.54539 0 1.16667
40 1 1.51405 1.51405 1.51405 0 0.666667
12 1 1.41838 1.41838 1.41838 0 2.66667
18 1 1.34644 1.34644 1.34644 0 3.16667
7 1 1.20784 1.20784 1.20784 0 2.66667
129 1 0.705572 0.705572 0.705572 0 1.3
134 1 0.57172 0.57172 0.57172 0 2.8
251 1 0.420289 0.420289 0.420289 0 1.16667
279 1 0.107314 0.107314 0.107314 0 2.8
284 1 0.0807876 0.0807876 0.0807876 0 1.16667

234 23 3.01614 3.01614 5.00474 1.98861 1.16667
291 12 11.8132 0.00373912 8.9013 5.04431 1.16667
182 16 1.89404 1.89404 5.09383 3.19979 2.66667
256 15 1.91884 1.91884 4.99873 3.07988 2.66667
137 7 4.3292 4.3292 5.56611 1.23691 3.16667
275 3 27.5034 0.0531261 9.20322 12.9402 3.66667
15 4 6.57472 6.57472 6.57472 0 3.3
16 1 3.78251 3.78251 3.78251 0 3.66667
9 1 2.89568 2.89568 2.89568 0 3.16667
251 1 2.61169 2.61169 2.75178 0.140096 1.16667
25 1 1.54539 1.54539 1.54539 0 1.16667
40 1 1.51405 1.51405 1.51405 0 0.666667
12 1 1.41838 1.41838 1.41838 0 2.66667
7 1 1.20784 1.20784 1.20784 0 2.66667
129 1 0.705572 0.705572 0.705572 0 1.3
134 1 0.57172 0.57172 0.57172 0 2.8
18 1 0.549922 0.549922 0.549922 0 3.16667
292 1 0.0796891 0.0796891 0.106026 0.0263373 3.3
279 1 0.0536571 0.0536571 0.0895168 0.0358597 2.66667
284 1 0.0807876 0.0807876 0.0807876 0 1.16667
293 1 5e-09 5e-09 1e-08 5e-09 1.16667
294 1 1e-08 1e-08 1e-08 0 2.66667
295 1 1e-08 1e-08 1e-08 0 3.66667

234 21 1.56427 1.52428 4.84297 3.3168 1.16667
182 21 3.35515 3.35515 4.80078 1.44563 2.66667
279 9 13.0478 1.11111e-09 8.70205 6.14584 2.66667
256 15 2.84518 2.84518 4.93169 2.08651 2.66667
137 7 5.56611 5.56611 5.56611 0 3.16667
275 3 27.5034 0.0531261 9.20322 12.9402 3.16667
15 4 6.57472 6.57472 6.57472 0 3.3
16 1 3.78251 3.78251 3.78251 0 3.66667
9 1 2.89568 2.89568 2.89568 0 3.16667
25 1 1.54539 1.54539 1.54539 0 1.16667
40 1 1.51405 1.51405 1.51405 0 0.666667
12 1 1.41838 1.41838 1.41838 0 2.66667
7 1 1.20784 1.20784 1.20784 0 2.66667
129 1 0.705572 0.705572 0.705572 0 1.3
298 1 0.610384 0.610384 0.610384 0 3.3
134 1 0.57172 0.57172 0.57172 0 2.8
18 1 0.549922 0.549922 0.549922 0 3.16667
292 1 0.159378 0.159378 0.159378 0 3.16667
296 1 0.12109 0.12109 0.12109 0 3.16667
297 1 0.086376 0.086376 0.086376 0 2.8
284 1 0.0807876 0.0807876 0.0807876 0 1.16667
293 1 1e-08 1e-08 1e-08 0 3.16667
294 1 1e-08 1e-08 1e-08 0 2.66667

234 27 3.46373 3.3752 4.51119 1.1265 1.16667
182 19 1.52507 1.52507 4.50813 2.98306 2.66667
300 5 16.5021 16.5021 16.5021 0 3.66667
256 15 4.43301 3.05594 4.57431 1.46735 3.3
137 7 5.56611 5.56611 5.56611 0 3.16667
15 4 6.57472 6.57472 6.57472 0 3.3
16 1 3.78251 3.78251 3.78251 0 3.66667
9 1 2.89568 2.89568 2.89568 0 3.16667
25 1 1.54539 1.54539 1.54539 0 1.16667
40 1 1.51405 1.51405 1.51405 0 0.666667
12 1 1.41838 1.41838 1.41838 0 2.66667
18 1 1.34644 1.34644 1.34644 0 3.16667
7 1 1.20784 1.20784 1.20784 0 2.66667
129 1 0.705572 0.705572 0.705572 0 1.3
298 1 0.610384 0.610384 0.610384 0 3.3
134 1 0.57172 0.57172 0.57172 0 2.8
275 1 0.0796891 0.0796891 0.159378 0.0796891 3.16667
296 1 0.12109 0.12109 0.12109 0 3.16667
299 1 0.0357516 0.0357516 0.0859703 0.0502187 2.8
303 1 0.0540151 0.0540151 0.0786111 0.0245961 2.66667
284 1 0.0403938 0.0403938 0.0551791 0.0147853 1.16667
279 1 0.0377368 0.0377368 0.0414856 0.00374882 2.8
305 1 0.0314935 0.0314935 0.0314935 0 1.16667
306 1 0.0269103 0.0269103 0.0269103 0 1.16667
304 1 0.0119383 0.0119383 0.0119383 0 2.66667
301 1 0.00268802 0.00268802 0.00268803 5e-09 2.66667
293 1 1e-08 1e-08 1e-08 0 3.16667
302 1 1e-08 1e-08 1e-08 0 2.66667
307 1 1e-08 1e-08 1e-08 0 2.66667

234 26 2.3464 2.28643 4.25494 1.94797 1.16667
182 21 2.09697 2.09697 4.22963 2.13266 3.66667
309 1 70.451 70.451 70.451 0 3.3
300 16 1.91884 1.91884 4.32459 2.40575 3.66667
137 7 5.56611 5.56611 5.56611 0 3.16667
15 4 6.57472 6.57472 6.57472 0 3.3
16 1 3.78251 3.78251 3.78251 0 3.66667
9 1 2.89568 2.89568 2.89568 0 3.16667
25 1 1.54539 1.54539 1.54539 0 1.16667
40 1 1.51405 1.51405 1.51405 0 0.666667
12 1 1.41838 1.41838 1.41838 0 2.66667
18 1 1.34644 1.34644 1.34644 0 3.16667
7 1 1.20784 1.20784 1.20784 0 2.66667
129 1 0.705572 0.705572 0.705572 0 1.3
305 1 0.614706 0.614706 0.61665 0.00194353 1.16667
298 1 0.610384 0.610384 0.610384 0 3.3
134 1 0.57172 0.57172 0.57172 0 2.8
311 1 0.290368 0.290368 0.290368 0 2.8
275 1 0.159378 0.159378 0.159378 0 3.16667
296 1 0.12109 0.12109 0.12109 0 3.16667
303 1 0.105991 0.105991 0.105991 0 2.66667
299 1 0.103498 0.103498 0.103498 0 2.8
284 1 0.0807876 0.0807876 0.0807876 0 1.16667
308 1 0.0312956 0.0312956 0.0587481 0.0274525 3.16667
306 1 0.0269103 0.0269103 0.0269103 0 1.16667
310 1 0.0204362 0.0204362 0.0204362 0 1.16667
304 1 0.0119383 0.0119383 0.0119383 0 2.66667
293 1 1e-08 1e-08 1e-08 0 3.16667
302 1 1e-08 1e-08 1e-08 0 2.66667
312 1 1e-08 1e-08 1e-08 0 3.66667
313 1 1e-08 1e-08 1e-08 0 3.66667

234 25 2.27307 2.21498 4.12126 1.86698 1.16667
314 25 2.93576 2.93576 4.11175 1.176 2.66667
182 17 4.51655 3.17347 4.26677 1.03054 3.66667
309 10 2.27261 2.27261 4.27027 1.99766 3.3
137 7 5.56611 5.56611 5.56611 0 3.16667
15 4 6.57472 6.57472 6.57472 0 3.3
16 1 3.78251 3.78251 3.78251 0 3.66667
9 1 2.89568 2.89568 2.89568 0 3.16667
25 1 1.54539 1.54539 1.54539 0 1.16667
40 1 1.51405 1.51405 1.51405 0 0.666667
12 1 1.41838 1.41838 1.41838 0 2.66667
18 1 1.34644 1.34644 1.34644 0 3.16667
7 1 1.20784 1.20784 1.20784 0 2.66667
129 1 0.705572 0.705572 0.705572 0 1.3
298 1 0.610384 0.610384 0.610384 0 3.3
305 1 0.409804 0.409804 0.581561 0.171757 1.16667
134 1 0.57172 0.57172 0.57172 0 2.8
311 1 0.289633 0.289633 0.289633 0 2.8
296 1 0.12109 0.12109 0.12109 0 3.16667

234 25 2.42461 2.42461 4.34143 1.91682 1.16667
314 22 1.99034 1.99034 4.27519 2.28485 2.66667
182 17 1.96453 1.96453 4.39147 2.42694 3.16667
309 13 5.41931 7.69231e-10 4.60495 1.91048 3.3
137 7 5.56611 5.56611 5.56611 0 3.16667
15 4 6.57472 6.57472 6.57472 0 3.3
16 1 3.78251 3.78251 3.78251 0 3.66667
9 1 2.89568 2.89568 2.89568 0 3.16667
25 1 1.54539 1.54539 1.54539 0 1.16667
40 1 1.51405 1.51405 1.51405 0 0.666667
12 1 1.41838 1.41838 1.41838 0 2.66667
18 1 1.34644 1.34644 1.34644 0 3.16667
7 1 1.20784 1.20784 1.20784 0 2.66667
129 1 0.705572 0.705572 0.705572 0 1.3
134 1 0.57172 0.57172 0.57172 0 2.8
298 1 0.412888 0.412888 0.412888 0 3.3
311 1 0.290368 0.290368 0.290368 0 2.8
317 1 0.140078 0.140078 0.140078 0 2.66667
296 1 0.12109 0.12109 0.12109 0 3.16667

234 24 2.42461 2.42461 5.40557 2.98096 1.16667
314 17 2.09697 2.09697 5.30837 3.2114 2.66667
323 1 85.4973 85.4973 85.4973 0 2.8
182 13 2.01245 2.01245 5.57312 3.56067 3.66667
309 11 5.03221 5.03221 5.51096 0.478743 3.3
137 7 5.56611 5.56611 5.56611 0 3.16667
15 4 6.57472 6.57472 6.57472 0 3.3
16 1 3.78251 3.78251 3.78251 0 3.66667
9 1 2.89568 2.89568 2.89568 0 3.16667
25 1 1.54539 1.54539 1.54539 0 1.16667
40 1 1.51405 1.51405 1.51405 0 0.666667
12 1 1.41838 1.41838 1.41838 0 2.66667
7 1 1.20784 1.20784 1.20784 0 2.66667
129 1 0.705572 0.705572 0.705572 0 1.3
298 1 0.610384 0.610384 0.610384 0 3.3
134 1 0.57172 0.57172 0.57172 0 2.8
18 1 0.549922 0.549922 0.549922 0 3.16667
311 1 0.290368 0.290368 0.290368 0 2.8
321 1 0.159378 0.159378 0.159378 0 3.16667
317 1 0.140078 0.140078 0.140078 0 2.66667
325 1 0.129314 0.129314 0.129314 0 1.16667
296 1 0.12109 0.12109 0.12109 0 3.16667
324 1 0.0128542 0.0128542 0.0128542 0 3.16667
320 1 1e-08 1e-08 1e-08 0 3.16667
322 1 1e-08 1e-08 1e-08 0 3.16667

234 15 2.42461 2.42461 8.10011 5.6755 1.16667
328 1 117.43 117.43 117.43 0 2.66667
314 12 2.39654 2.39654 7.9331 5.53656 2.66667
326 1 82.5103 82.5103 82.5103 0 3.66667
182 10 5.50068 5.50068 7.70528 2.2046 3.16667
324 5 16.5021 0.00257084 13.2022 6.59979 3.16667
309 8 5.87091 5.87091 8.07251 2.20159 3.3
323 7 3.41989 3.41989 8.38519 4.9653 2.8
137 5 5.56611 5.56611 7.79256 2.22645 3.16667
15 3 6.57472 6.57472 8.7663 2.19157 3.3
16 1 3.78251 3.78251 3.78251 0 3.66667
9 1 2.89568 2.89568 2.89568 0 3.16667
25 1 1.54539 1.54539 1.54539 0 1.16667
40 1 1.51405 1.51405 1.51405 0 0.666667
12 1 1.41838 1.41838 1.41838 0 2.66667
18 1 1.34644 1.34644 1.34644 0 3.16667
7 1 1.20784 1.20784 1.20784 0 2.66667
129 1 0.705572 0.705572 0.705572 0 1.3
298 1 0.610384 0.610384 0.610384 0 3.3
134 1 0.57172 0.57172 0.57172 0 2.8
311 1 0.290368 0.290368 0.290368 0 2.8
321 1 0.159378 0.159378 0.159378 0 3.16667
296 1 0.12109 0.12109 0.12109 0 3.16667
322 1 1e-08 1e-08 1e-08 0 3.16667
327 1 1e-08 1e-08 1e-08 0 2.66667
329 1 1e-08 1e-08 1e-08 0 3.66667

234 18 3.54821 3.54821 6.31585 2.76764 1.16667
328 15 2.66887 2.66887 6.23774 3.56887 2.66667
323 7 12.2139 4.8184 11.1574 2.58788 2.8
326 11 2.29195 2.29195 6.46224 4.17029 3.66667
309 8 8.80637 8.80637 8.80637 0 3.3
182 9 9.16781 1.11111e-09 6.11292 4.32026 3.16667
314 7 14.6788 1.25e-09 6.76073 6.92894 2.66667
137 5 7.79256 7.79256 7.79256 0 3.16667
15 3 8.7663 8.7663 8.7663 0 3.3
16 1 3.78251 3.78251 3.78251 0 3.66667
9 1 2.89568 2.89568 2.89568 0 3.16667
25 1 1.54539 1.54539 1.54539 0 1.16667
40 1 1.51405 1.51405 1.51405 0 0.666667
12 1 1.41838 1.41838 1.41838 0 2.66667
18 1 1.34644 1.34644 1.34644 0 3.16667
7 1 1.20784 1.20784 1.20784 0 2.66667
129 1 0.705572 0.705572 0.705572 0 1.3
298 1 0.610384 0.610384 0.610384 0 3.3
134 1 0.57172 0.57172 0.57172 0 2.8
311 1 0.286004 0.286004 0.286004 0 2.8
321 1 0.159378 0.159378 0.159378 0 3.16667
296 1 0.117932 0.117932 0.117932 0 3.16667
324 1 0.00428473 0.00428473 0.00856947 0.00428474 3.16667
330 1 0.00177774 0.00177774 0.00177774 0 3.66667
327 1 1e-08 1e-08 1e-08 0 2.66667
331 1 1e-08 1e-08 1e-08 0 2.66667
332 1 1e-08 1e-08 1e-08 0 1.16667

234 18 3.46373 3.46373 6.24421 2.78048 1.16667
328 16 3.91434 3.91434 6.11661 2.20227 2.66667
314 3 39.1434 8.25755 28.8481 14.5597 2.66667
326 11 3.30041 3.30041 6.30266 3.00225 3.66667
182 9 7.33939 5.15689 6.55626 1.34491 3.16667
323 9 3.71727 3.71727 6.43547 2.7182 2.8
309 7 2.42934 2.42934 6.3643 3.93495 3.35714
137 5 7.79256 7.79256 7.79256 0 3.16667
15 3 8.7663 8.7663 8.7663 0 3.3
16 1 3.78251 3.78251 3.78251 0 3.66667
9 1 2.89568 2.89568 2.89568 0 3.16667
25 1 1.54539 1.54539 1.54539 0 1.16667
40 1 1.51405 1.51405 1.51405 0 0.666667
12 1 1.41838 1.41838 1.41838 0 2.66667
339 1 1.38892 1.38892 1.38892 0 1.3
18 1 1.34644 1.34644 1.34644 0 3.16667
7 1 1.20784 1.20784 1.20784 0 2.66667
129 1 0.705572 0.705572 0.705572 0 1.3
298 1 0.610384 0.610384 0.610384 0 3.3
134 1 0.57172 0.57172 0.57172 0 2.8
311 1 0.286004 0.286004 0.286004 0 2.8
337 1 0.199309 0.199309 0.199309 0 0.666667
321 1 0.159378 0.159378 0.159378 0 3.16667
296 1 0.117932 0.117932 0.117932 0 3.16667
335 1 0.0219489 0.0219489 0.055943 0.0339941 3.66667
330 1 0.00177774 0.00177774 0.00177774 0 3.66667
327 1 1e-08 1e-08 1e-08 0 2.66667
331 1 1e-08 1e-08 1e-08 0 2.66667
336 1 1e-08 1e-08 1e-08 0 2.66667

234 20 3.46373 3.46373 5.56869 2.10496 1.16667
328 14 3.17379 3.17379 5.71861 2.54482 2.66667
323 10 8.54973 3.37288 7.51436 2.07074 2.8
309 7 10.0644 10.0644 10.0644 1.77636e-15 3.3
326 11 1.61785 1.61785 5.96724 4.34939 3.16667
314 11 4.89293 4.89293 5.75763 0.864698 2.66667
137 5 7.79256 7.79256 7.79256 0 3.16667
15 3 8.7663 8.7663 8.7663 0 3.3
16 1 3.78251 3.78251 3.78251 0 3.66667
9 1 2.89568 2.89568 2.89568 0 3.16667
25 1 1.54539 1.54539 1.54539 0 1.16667
40 1 1.51405 1.51405 1.51405 0 0.666667
12 1 1.41838 1.41838 1.41838 0 2.66667
339 1 1.34354 1.34354 1.34354 0 1.3
7 1 1.20784 1.20784 1.20784 0 2.66667
129 1 0.705572 0.705572 0.705572 0 1.3
298 1 0.610384 0.610384 0.610384 0 3.3
134 1 0.57172 0.57172 0.57172 0 2.8
18 1 0.549922 0.549922 0.549922 0 3.16667
311 1 0.290368 0.290368 0.290368 0 2.8
337 1 0.199309 0.199309 0.199309 0 0.666667
321 1 0.159378 0.159378 0.159378 0 3.16667
296 1 0.12109 0.12109 0.12109 0 3.16667
342 1 0.0549611 0.0549611 0.0549611 0 2.66667
341 1 0.0174647 0.0174647 0.0174647 0 3.66667
327 1 1e-08 1e-08 1e-08 0 2.66667
331 1 5e-09 5e-09 1e-08 5e-09 2.66667
336 1 1e-08 1e-08 1e-08 0 2.66667

234 18 3.46373 3.46373 5.94733 2.4836 1.16667
328 18 3.55849 3.55849 5.73407 2.17557 2.66667
314 13 9.0331 7.69231e-10 7.64509 3.25519 2.66667
326 13 4.51655 3.17347 5.96219 2.70914 3.16667
323 8 2.51463 2.51463 6.40266 3.88803 2.8
309 8 3.35481 3.35481 6.17325 2.81844 3.3
137 5 7.79256 7.79256 7.79256 0 3.16667
15 3 8.7663 8.7663 8.7663 0 3.3
16 1 3.78251 3.78251 3.78251 0 3.66667
9 1 2.89568 2.89568 2.89568 0 3.16667
25 1 1.54539 1.54539 1.54539 0 1.16667
40 1 1.51405 1.51405 1.51405 0 0.666667
12 1 1.41838 1.41838 1.41838 0 2.66667
18 1 1.34644 1.34644 1.34644 0 3.16667
339 1 1.34354 1.34354 1.34354 0 1.3
7 1 1.20784 1.20784 1.20784 0 2.66667
129 1 0.705572 0.705572 0.705572 0 1.3
298 1 0.610384 0.610384 0.610384 0 3.3
134 1 0.57172 0.57172 0.57172 0 2.8
311 1 0.290368 0.290368 0.290368 0 2.8
296 1 0.150413 0.150413 0.210958 0.0605452 1.16667
337 1 0.199309 0.199309 0.199309 0 0.666667
321 1 0.159378 0.159378 0.159378 0 3.16667

314 16 3.26195 3.26195 6.11787 2.85592 2.66667
234 16 2.90953 2.90953 6.09509 3.18556 1.16667
328 14 2.93576 2.93576 6.08493 3.14917 2.66667
326 13 3.05594 3.05594 6.11499 3.05905 3.16667
309 8 8.80637 8.80637 8.80637 0 3.3
323 10 7.12477 2.81073 6.26197 1.72562 2.8
137 5 7.79256 7.79256 7.79256 0 3.16667
15 3 8.7663 8.7663 8.7663 0 3.3
16 1 3.78251 3.78251 3.78251 0 3.66667
9 1 2.89568 2.89568 2.89568 0 3.16667
25 1 1.54539 1.54539 1.54539 0 1.16667
40 1 1.51405 1.51405 1.51405 0 0.666667
12 1 1.41838 1.41838 1.41838 0 2.66667
18 1 1.34644 1.34644 1.34644 0 3.16667
339 1 1.34354 1.34354 1.34354 0 1.3
7 1 1.20784 1.20784 1.20784 0 2.66667
129 1 0.705572 0.705572 0.705572 0 1.3
298 1 0.610384 0.610384 0.610384 0 3.3
134 1 0.57172 0.57172 0.57172 0 2.8
347 1 0.301769 0.301769 0.301769 0 2.66667
296 1 0.300825 0.300825 0.300825 0 1.16667
311 1 0.290368 0.290368 0.290368 0 2.8
337 1 0.199309 0.199309 0.199309 0 0.666667
321 1 0.0531261 0.0531261 0.0872398 0.0341137 3.16667

234 16 4.15648 4.15648 7.28052 3.12405 1.16667
314 14 2.93576 2.93576 7.5498 4.61404 2.66667
328 14 4.19394 4.19394 7.25948 3.06554 2.66667
326 9 3.01103 2.11565 7.7787 5.38117 3.66667
323 9 7.77248 3.06626 7.59026 1.51776 2.8
309 8 5.87091 5.87091 7.40757 1.53666 3.3
347 2 58.7152 0.150884 29.433 29.2821 2.66667
350 2 58.7152 0.0252604 29.3702 29.3449 2.66667
137 5 7.79256 7.79256 7.79256 0 3.16667
15 3 8.7663 8.7663 8.7663 0 3.3
16 1 3.78251 3.78251 3.78251 0 3.66667
9 1 2.89568 2.89568 2.89568 0 3.16667
25 1 1.54539 1.54539 1.54539 0 1.16667
40 1 1.51405 1.51405 1.51405 0 0.666667
12 1 1.41838 1.41838 1.41838 0 2.66667
339 1 1.38892 1.38892 1.38892 0 1.3
18 1 1.34644 1.34644 1.34644 0 3.16667
7 1 1.20784 1.20784 1.20784 0 2.66667
129 1 0.705572 0.705572 0.705572 0 1.3
298 1 0.610384 0.610384 0.610384 0 3.3
134 1 0.57172 0.57172 0.57172 0 2.8
296 1 0.300825 0.300825 0.300825 0 1.16667
337 1 0.199309 0.199309 0.199309 0 0.666667
321 1 0.159378 0.159378 0.159378 0 3.16667
311 1 0.0832236 0.0832236 0.0832236 0 3.16667
353 1 0.0150768 0.0150768 0.0150768 0 2.8
355 1 0.010072 0.010072 0.010072 0 2.8
349 1 1e-08 1e-08 1e-08 0 1.16667
351 1 1e-08 1e-08 1e-08 0 2.66667

234 23 3.46373 3.46373 5.6502 2.18647 1.16667
314 18 2.55283 2.55283 5.62548 3.07265 2.66667
328 15 4.51655 4.51655 5.72379 1.20724 2.66667
323 10 4.0713 4.0713 6.09815 2.02685 2.8
326 8 4.85354 4.85354 6.11621 1.26266 3.66667
309 8 3.35481 3.35481 5.8153 2.46049 3.35714
137 5 7.79256 7.79256 7.79256 0 3.16667
15 3 8.7663 8.7663 8.7663 0 3.3
16 1 3.78251 3.78251 3.78251 0 3.66667
9 1 2.89568 2.89568 2.89568 0 3.16667
25 1 1.54539 1.54539 1.54539 0 1.16667
40 1 1.51405 1.51405 1.51405 0 0.666667
12 1 1.41838 1.41838 1.41838 0 2.66667
339 1 1.34354 1.34354 1.34354 0 1.3
7 1 1.20784 1.20784 1.20784 0 2.66667
129 1 0.705572 0.705572 0.705572 0 1.3
298 1 0.610384 0.610384 0.610384 0 3.3
134 1 0.57172 0.57172 0.57172 0 2.8
18 1 0.549922 0.549922 0.549922 0 3.16667

234 18 2.79763 2.79763 6.05712 3.25949 1.16667
314 16 2.86415 2.86415 6.27084 3.40668 2.66667
328 15 2.93576 2.93576 6.29385 3.35809 2.66667
326 10 8.25103 8.25103 8.25103 0 3.16667
309 8 8.80637 8.80637 8.80637 0 3.3
323 8 3.16657 3.16657 6.56377 3.39721 2.8
137 5 7.79256 7.79256 7.79256 0 3.16667
15 3 8.7663 8.7663 8.7663 0 3.3
16 1 3.78251 3.78251 3.78251 0 3.66667
9 1 2.89568 2.89568 2.89568 0 3.16667
25 1 1.54539 1.54539 1.54539 0 1.16667
40 1 1.51405 1.51405 1.51405 0 0.666667
12 1 1.41838 1.41838 1.41838 0 2.66667
339 1 1.38892 1.38892 1.38892 0 1.3
18 1 1.34644 1.34644 1.34644 0 3.16667
7 1 1.20784 1.20784 1.20784 0 2.66667
129 1 0.705572 0.705572 0.705572 0 1.3
298 1 0.610384 0.610384 0.610384 0 3.3
134 1 0.57172 0.57172 0.57172 0 2.8
361 1 0.00784549 0.00784549 0.00784549 0 2.66667
360 1 1e-08 1e-08 1e-08 0 2.66667
362 1 1e-08 1e-08 1e-08 0 2.8
363 1 1e-08 1e-08 1e-08 0 2.85714

234 19 3.63692 3.63692 6.07258 2.43566 1.16667
314 18 1.70189 1.70189 6.05222 4.35033 2.66667
326 12 3.55849 2.50031 6.15534 3.1704 3.16667
323 9 9.4997 1.11111e-09 7.80506 3.29114 2.85714
309 11 6.40463 3.49774 6.14037 0.835674 3.3
328 2 58.7152 5e-09 29.3576 29.3576 2.66667
137 5 7.79256 7.79256 7.79256 0 3.16667
15 3 8.7663 8.7663 8.7663 0 3.3
16 1 3.78251 3.78251 3.78251 0 3.66667
9 1 2.89568 2.89568 2.89568 0 3.16667
25 1 1.54539 1.54539 1.54539 0 1.16667
40 1 1.51405 1.51405 1.51405 0 0.666667
12 1 1.41838 1.41838 1.41838 0 2.66667
339 1 1.38892 1.38892 1.38892 0 1.3
18 1 1.34644 1.34644 1.34644 0 3.16667
7 1 1.20784 1.20784 1.20784 0 2.66667
129 1 0.705572 0.705572 0.705572 0 1.3
134 1 0.57172 0.57172 0.57172 0 2.8
364 1 0.42239 0.42239 0.42239 0 2.66667
298 1 0.412888 0.412888 0.412888 0 3.3
366 1 0.02754 0.02754 0.0542462 0.0267062 2.8
360 1 0.0462002 0.0462002 0.0462002 5e-09 2.8
367 1 0.0319276 0.0319276 0.0319276 0 1.3
361 1 0.00383201 0.00383201 0.00383202 5e-09 3.16667
365 1 0.00107521 0.00107521 0.00107522 8e-09 2.66667
362 1 1e-08 1e-08 1e-08 0 2.8
368 1 1e-08 1e-08 1e-08 0 3.16667

234 21 3.73017 3.73017 5.69224 1.96206 1.16667
314 17 4.69721 4.69721 5.81084 1.11363 2.66667
328 15 5.33774 5.33774 5.70312 0.365382 2.66667
326 12 3.45383 2.42677 5.75281 2.46284 2.66667
309 9 3.91394 3.91394 5.90831 1.99436 3.35714
323 8 3.56239 3.56239 5.87129 2.30891 2.8
137 5 7.79256 7.79256 7.79256 0 3.16667
15 3 8.7663 8.7663 8.7663 0 3.3
16 1 3.78251 3.78251 3.78251 0 3.66667
9 1 2.89568 2.89568 2.89568 0 3.16667
25 1 1.54539 1.54539 1.54539 0 1.16667
40 1 1.51405 1.51405 1.51405 0 0.666667
12 1 1.41838 1.41838 1.41838 0 2.66667
339 1 1.38892 1.38892 1.38892 0 1.3
18 1 1.34644 1.34644 1.34644 0 3.16667
7 1 1.20784 1.20784 1.20784 0 2.66667
129 1 0.705572 0.705572 0.705572 0 1.3
298 1 0.610384 0.610384 0.610384 0 3.3
134 1 0.57172 0.57172 0.57172 0 2.8

234 19 2.85248 2.85248 5.75049 2.898 1.16667
314 17 2.06018 2.06018 5.95449 3.89431 2.66667
328 17 3.26195 3.26195 5.68464 2.42269 2.66667
323 8 10.6872 4.2161 9.87828 2.1401 2.8
309 11 4.14417 4.14417 6.06265 1.91847 3.3
137 5 7.79256 7.79256 7.79256 0 3.16667
326 4 13.7517 0.159195 7.00543 6.74665 1.16667
15 3 8.7663 8.7663 8.7663 0 3.3
16 1 3.78251 3.78251 3.78251 0 3.66667
9 1 2.89568 2.89568 2.89568 0 3.16667
25 1 1.54539 1.54539 1.54539 0 1.16667
40 1 1.51405 1.51405 1.51405 0 0.666667
12 1 1.41838 1.41838 1.41838 0 2.66667
339 1 1.38892 1.38892 1.38892 0 1.3
18 1 1.34644 1.34644 1.34644 0 3.16667
7 1 1.20784 1.20784 1.20784 0 2.66667
129 1 0.705572 0.705572 0.705572 0 1.3
298 1 0.610384 0.610384 0.610384 0 3.3
134 1 0.57172 0.57172 0.57172 0 2.8
379 1 0.0907399 0.0907399 0.0907399 0 2.66667
378 1 0.0253294 0.0253294 0.0253294 5e-09 3.3
374 1 1e-08 1e-08 1e-08 0 0.666667
375 1 1e-08 1e-08 1e-08 0 2.8
376 1 1e-08 1e-08 1e-08 0 2.8
377 1 1e-08 1e-08 1e-08 0 2.8

234 24 1.93969 1.93969 4.85897 2.91928 1.16667
314 20 1.5869 1.5869 4.96729 3.38039 2.66667
323 8 10.6872 4.2161 9.87828 2.1401 2.8
309 12 5.87091 0.0084761 5.38238 1.62029 3.3
137 5 7.79256 7.79256 7.79256 0 3.16667
326 5 16.5021 2e-09 6.68966 8.01328 3.16667
15 3 8.7663 8.7663 8.7663 0 3.3
16 1 3.78251 3.78251 3.78251 0 3.66667
9 1 2.89568 2.89568 2.89568 0 3.16667
25 1 1.54539 1.54539 1.54539 0 1.16667
40 1 1.51405 1.51405 1.51405 0 0.666667
12 1 1.41838 1.41838 1.41838 0 2.66667
339 1 1.38892 1.38892 1.38892 0 1.3
18 1 1.34644 1.34644 1.34644 0 3.16667
7 1 1.20784 1.20784 1.20784 0 2.66667
129 1 0.705572 0.705572 0.705572 0 1.3
298 1 0.610384 0.610384 0.610384 0 3.3
134 1 0.57172 0.57172 0.57172 0 2.8
380 1 0.190834 0.190834 0.190834 0 3.3
379 1 0.0907399 0.0907399 0.0907399 0 2.66667
382 1 0.0108561 0.0108561 0.0108561 0 3.16667
375 1 1e-08 1e-08 1e-08 0 2.8
376 1 1e-08 1e-08 1e-08 0 2.8
377 1 1e-08 1e-08 1e-08 0 2.8
381 1 1e-08 1e-08 1e-08 0 2.66667
383 1 1e-08 1e-08 1e-08 0 2.8

390 1 117.43 117.43 117.43 0 2.66667
234 17 2.02051 2.02051 6.65211 4.6316 1.16667
380 15 3.09027 3.09027 6.39898 3.30871 2.66667
314 13 4.34927 4.34927 6.83649 2.48722 2.66667
323 8 10.6872 4.2161 9.0694 2.80205 2.8
309 10 5.87091 5.87091 6.45843 0.587514 3.3
137 5 7.79256 7.79256 7.79256 0 3.16667
15 3 8.7663 8.7663 8.7663 0 3.3
16 1 3.78251 3.78251 3.78251 0 3.66667
9 1 2.89568 2.89568 2.89568 0 3.16667
25 1 1.54539 1.54539 1.54539 0 1.16667
40 1 1.51405 1.51405 1.51405 0 0.666667
12 1 1.41838 1.41838 1.41838 0 2.66667
339 1 1.38892 1.38892 1.38892 0 1.3
18 1 1.34644 1.34644 1.34644 0 3.16667
7 1 1.20784 1.20784 1.20784 0 2.66667
387 1 0.760077 0.760077 0.760077 5e-09 2.8
129 1 0.705572 0.705572 0.705572 0 1.3
298 1 0.610384 0.610384 0.610384 0 3.3
134 1 0.57172 0.57172 0.57172 0 2.8
388 1 0.111849 0.111849 0.111849 0 1.16667
379 1 0.00901051 0.00901051 0.0226924 0.0136819 2.66667
385 1 0.0215717 0.0215717 0.0215717 0 2.66667
382 1 0.0108561 0.0108561 0.0108561 0 3.16667
386 1 0.00760927 0.00760927 0.00760927 0 2.66667
375 1 5e-09 5e-09 1e-08 5e-09 2.66667
376 1 1e-08 1e-08 1e-08 0 2.8
377 1 1e-08 1e-08 1e-08 0 2.8
381 1 1e-08 1e-08 1e-08 0 2.66667
383 1 1e-08 1e-08 1e-08 0 2.8
384 1 1e-08 1e-08 1e-08 0 0.666667
389 1 1e-08 1e-08 1e-08 0 2.66667

314 2 58.7152 58.7152 58.7152 0 2.66667
234 17 2.17129 2.17129 5.46815 3.29686 1.16667
390 16 1.48646 1.48646 5.4894 4.00294 2.66667
323 8 10.6872 4.2161 9.87828 2.1401 2.8
309 10 7.0451 7.0451 7.0451 0 3.3
137 5 7.79256 7.79256 7.79256 0 3.16667
15 3 8.7663 8.7663 8.7663 0 3.3
16 1 3.78251 3.78251 3.78251 0 3.66667
9 1 2.89568 2.89568 2.89568 0 3.16667
25 1 1.54539 1.54539 1.54539 0 1.16667
40 1 1.51405 1.51405 1.51405 0 0.666667
12 1 1.41838 1.41838 1.41838 0 2.66667
339 1 1.38892 1.38892 1.38892 0 1.3
18 1 1.34644 1.34644 1.34644 0 3.16667
7 1 1.20784 1.20784 1.20784 0 2.66667
129 1 0.705572 0.705572 0.705572 0 1.3
298 1 0.610384 0.610384 0.610384 0 3.3
134 1 0.57172 0.57172 0.57172 0 2.8
380 1 0.56316 0.56316 0.56316 5e-09 2.66667
382 1 0.0436354 0.0436354 0.0436354 0 3.16667
375 1 1e-08 1e-08 1e-08 0 2.8
376 1 1e-08 1e-08 1e-08 0 2.8
377 1 1e-08 1e-08 1e-08 0 2.8
383 1 1e-08 1e-08 1e-08 0 2.8
384 1 1e-08 1e-08 1e-08 0 0.666667
391 1 1e-08 1e-08 1e-08 0 1.3
392 1 1e-08 1e-08 1e-08 0 2.8
393 1 1e-08 1e-08 1e-08 0 1.16667

390 12 9.78586 9.78586 9.78586 1.77636e-15 2.66667
234 15 2.07824 2.07824 6.38563 4.30739 1.3
314 14 2.49852 2.49852 6.2485 3.74998 2.66667
394 3 39.1434 0.162429 26.1498 18.3758 2.66667
323 8 10.6872 4.2161 9.0694 2.80205 2.8
309 10 7.0451 7.0451 7.0451 0 3.3
137 5 7.79256 7.79256 7.79256 0 3.16667
15 3 8.7663 8.7663 8.7663 0 3.3
16 1 3.78251 3.78251 3.78251 0 3.66667
9 1 2.89568 2.89568 2.89568 0 3.16667
396 1 2.34763 2.34763 2.34763 0 3.3
393 1 1.55196 1.55196 1.55196 0 1.16667
25 1 1.54539 1.54539 1.54539 0 1.16667
40 1 1.51405 1.51405 1.51405 0 0.666667
12 1 1.41838 1.41838 1.41838 0 2.66667
339 1 1.34354 1.34354 1.34354 0 1.3
7 1 1.20784 1.20784 1.20784 0 2.66667
129 1 0.705572 0.705572 0.705572 0 1.3
298 1 0.610384 0.610384 0.610384 0 3.3
134 1 0.57172 0.57172 0.57172 0 2.8
18 1 0.549922 0.549922 0.549922 0 3.16667
395 1 0.185242 0.185242 0.185242 0 2.66667
397 1 0.178085 0.178085 0.178085 0 2.8
382 1 0.0108561 0.0108561 0.0108561 0 3.16667
375 1 1e-08 1e-08 1e-08 0 2.8
376 1 1e-08 1e-08 1e-08 0 2.8
377 1 1e-08 1e-08 1e-08 0 2.8
383 1 1e-08 1e-08 1e-08 0 2.8
384 1 1e-08 1e-08 1e-08 0 0.666667
391 1 1e-08 1e-08 1e-08 0 1.3
392 1 1e-08 1e-08 1e-08 0 2.8
398 1 1e-08 1e-08 1e-08 0 3.3

314 14 8.38788 8.38788 8.38788 1.77636e-15 2.66667
234 19 3.03076 3.03076 5.91526 2.8845 1.16667
390 15 1.60863 1.60863 6.03951 4.43087 3.16667
323 8 10.6872 4.2161 9.0694 2.80205 2.8
309 10 6.40463 6.40463 6.40629 0.00166157 3.3
401 1 46.9411 46.9411 46.9411 0 1.3
137 5 7.79256 7.79256 7.79256 0 3.16667
15 3 8.7663 8.7663 8.7663 0 3.3
16 1 3.78251 3.78251 3.78251 0 3.66667
9 1 2.89568 2.89568 2.89568 0 3.16667
396 1 2.34763 2.34763 2.34763 0 3.3
393 1 1.55196 1.55196 1.55196 0 1.16667
25 1 1.54539 1.54539 1.54539 0 1.16667
40 1 1.51405 1.51405 1.51405 0 0.666667
12 1 1.41838 1.41838 1.41838 0 2.66667
339 1 1.38892 1.38892 1.38892 0 1.3
18 1 1.34644 1.34644 1.34644 0 3.16667
7 1 1.20784 1.20784 1.20784 0 2.66667
129 1 0.705572 0.705572 0.705572 0 1.3
298 1 0.610384 0.610384 0.610384 0 3.3
134 1 0.57172 0.57172 0.57172 0 2.8
394 1 0.487286 0.487286 0.487286 0 2.66667
395 1 0.385181 0.385181 0.385181 0 2.66667
397 1 0.178085 0.178085 0.178085 0 2.8
391 1 0.150413 0.150413 0.150413 5e-09 1.3
382 1 0.0108561 0.0108561 0.0108561 0 3.16667
375 1 1e-08 1e-08 1e-08 0 2.8
376 1 1e-08 1e-08 1e-08 0 2.8
377 1 1e-08 1e-08 1e-08 0 2.8
383 1 1e-08 1e-08 1e-08 0 2.8
384 1 1e-08 1e-08 1e-08 0 0.666667
392 1 1e-08 1e-08 1e-08 0 2.8
398 1 5e-09 5e-09 1e-08 5e-09 3.16667
399 1 5e-09 5e-09 1e-08 5e-09 3.16667

390 15 7.82869 7.82869 7.82869 2.66454e-15 2.66667
234 18 2.13936 2.13936 5.80654 3.66717 1.16667
314 17 1.80662 1.80662 5.84585 4.03923 2.66667
323 8 10.6872 4.2161 9.0694 2.80205 2.8
309 10 7.0451 7.0451 7.0451 0 3.3
137 5 7.79256 7.79256 7.79256 0 3.16667
15 3 8.7663 8.7663 8.7663 0 3.3
396 1 15.608 15.608 15.608 0 3.3
16 1 3.78251 3.78251 3.78251 0 3.66667
9 1 2.89568 2.89568 2.89568 0 3.16667
393 1 1.55196 1.55196 1.55196 0 1.16667
25 1 1.54539 1.54539 1.54539 0 1.16667
40 1 1.51405 1.51405 1.51405 0 0.666667
12 1 1.41838 1.41838 1.41838 0 2.66667
339 1 1.38892 1.38892 1.38892 0 1.3
18 1 1.34644 1.34644 1.34644 0 3.16667
7 1 1.20784 1.20784 1.20784 0 2.66667
402 1 1.05982 1.05982 1.05982 0 3.16667
129 1 0.705572 0.705572 0.705572 0 1.3
298 1 0.610384 0.610384 0.610384 0 3.3
134 1 0.57172 0.57172 0.57172 0 2.8
394 1 0.487286 0.487286 0.487286 0 2.66667
395 1 0.385181 0.385181 0.385181 0 2.66667
397 1 0.178085 0.178085 0.178085 0 2.8
382 1 0.0108561 0.0108561 0.0108561 0 3.16667
403 1 0.00220934 0.00220934 0.00220934 0 2.66667
375 1 1e-08 1e-08 1e-08 0 2.8
376 1 1e-08 1e-08 1e-08 0 2.8
377 1 1e-08 1e-08 1e-08 0 2.8
383 1 1e-08 1e-08 1e-08 0 2.8
384 1 1e-08 1e-08 1e-08 0 0.666667
392 1 1e-08 1e-08 1e-08 0 2.8

314 16 7.33939 7.33939 7.33939 3.55271e-15 2.66667
234 19 2.04897 2.04897 5.80611 3.75715 1.16667
390 15 1.92509 1.92509 5.76133 3.83624 2.66667
323 8 10.6872 4.2161 9.0694 2.80205 2.8
309 10 7.0451 7.0451 7.0451 0 3.3
137 5 7.79256 7.79256 7.79256 0 3.16667
15 3 8.7663 8.7663 8.7663 0 3.3
396 1 15.608 15.608 15.608 0 3.3
16 1 3.78251 3.78251 3.78251 0 3.66667
9 1 2.89568 2.89568 2.89568 0 3.16667
393 1 1.55196 1.55196 1.55196 0 1.16667
25 1 1.54539 1.54539 1.54539 0 1.16667
40 1 1.51405 1.51405 1.51405 0 0.666667
12 1 1.41838 1.41838 1.41838 0 2.66667
339 1 1.38892 1.38892 1.38892 0 1.3
18 1 1.34644 1.34644 1.34644 0 3.16667
7 1 1.20784 1.20784 1.20784 0 2.66667
402 1 1.05982 1.05982 1.05982 0 3.16667
129 1 0.705572 0.705572 0.705572 0 1.3
298 1 0.610384 0.610384 0.610384 0 3.3
134 1 0.57172 0.57172 0.57172 0 2.8
394 1 0.487286 0.487286 0.487286 0 2.66667
395 1 0.385181 0.385181 0.385181 0 2.66667
397 1 0.178085 0.178085 0.178085 0 2.8
406 1 0.0634367 0.0634367 0.0634367 0 2.66667
382 1 0.0108561 0.0108561 0.0108561 0 3.16667
403 1 0.00220934 0.00220934 0.00220934 0 2.66667
375 1 1e-08 1e-08 1e-08 0 2.8
376 1 1e-08 1e-08 1e-08 0 2.8
377 1 1e-08 1e-08 1e-08 0 2.8
383 1 1e-08 1e-08 1e-08 0 2.8
384 1 1e-08 1e-08 1e-08 0 0.666667

234 20 2.85248 2.85248 6.08993 3.23745 1.16667
390 15 7.82869 7.82869 7.82869 2.66454e-15 2.66667
314 14 1.63098 1.63098 6.07167 4.44069 2.66667
323 8 10.6872 4.2161 9.0694 2.80205 2.8
309 10 5.87091 5.87091 5.87396 0.00304621 3.3
137 5 7.79256 7.79256 7.79256 0 3.16667
407 4 36.3692 0.00580927 9.09937 15.7442 1.16667
15 3 8.7663 8.7663 8.7663 0 3.3
396 1 7.80399 7.80399 7.80399 5e-09 3.3
16 1 3.78251 3.78251 3.78251 0 3.66667
9 1 2.89568 2.89568 2.89568 0 3.16667
25 1 1.54539 1.54539 1.54539 0 1.16667
40 1 1.51405 1.51405 1.51405 0 0.666667
12 1 1.41838 1.41838 1.41838 0 2.66667
339 1 1.38892 1.38892 1.38892 0 1.3
18 1 1.34644 1.34644 1.34644 0 3.16667
7 1 1.20784 1.20784 1.20784 0 2.66667
129 1 0.705572 0.705572 0.705572 0 1.3
298 1 0.610384 0.610384 0.610384 0 3.3
134 1 0.57172 0.57172 0.57172 0 2.8
402 1 0.529909 0.529909 0.529909 5e-09 3.16667
394 1 0.487286 0.487286 0.487286 0 2.66667
395 1 0.385181 0.385181 0.385181 0 2.66667
397 1 0.178085 0.178085 0.178085 0 2.8
406 1 0.0634367 0.0634367 0.0634367 0 2.66667
408 1 0.0385031 0.0385031 0.0385031 0 1.3
382 1 0.0108561 0.0108561 0.0108561 0 3.16667
403 1 0.00220934 0.00220934 0.00220934 0 2.66667
411 1 1e-08 1e-08 1e-08 0 2.8
410 1 5e-09 5e-09 1e-08 5e-09 3.16667

314 13 9.0331 9.0331 9.0331 0 2.66667
234 19 2.10836 2.10836 5.37324 3.26488 1.16667
390 15 1.60863 1.60863 5.36777 3.75914 2.66667
323 8 10.6872 4.2161 9.0694 2.80205 2.8
309 10 7.0451 7.0451 7.0451 0 3.3
137 5 7.79256 7.79256 7.79256 0 3.16667
15 3 8.7663 8.7663 8.7663 0 3.3
16 1 3.78251 3.78251 3.78251 0 3.66667
9 1 2.89568 2.89568 2.89568 0 3.16667
396 1 2.34763 2.34763 2.34763 0 3.3
25 1 1.54539 1.54539 1.54539 0 1.16667
40 1 1.51405 1.51405 1.51405 0 0.666667
12 1 1.41838 1.41838 1.41838 0 2.66667
339 1 1.34354 1.34354 1.34354 0 1.3
7 1 1.20784 1.20784 1.20784 0 2.66667
129 1 0.705572 0.705572 0.705572 0 1.3
298 1 0.610384 0.610384 0.610384 0 3.3
134 1 0.57172 0.57172 0.57172 0 2.8
18 1 0.549922 0.549922 0.549922 0 3.16667
395 1 0.185242 0.185242 0.185242 0 2.66667
397 1 0.178085 0.178085 0.178085 0 2.8
402 1 0.157371 0.157371 0.157371 0 3.16667
382 1 0.0108561 0.0108561 0.0108561 0 3.16667
406 1 0.00366364 0.00366364 0.00366364 0 2.66667
403 1 0.00220934 0.00220934 0.00220934 0 2.66667
411 1 1e-08 1e-08 1e-08 0 2.8
410 1 1e-08 1e-08 1e-08 0 3.3

234 21 2.04897 2.04897 5.66313 3.61416 1.16667
390 14 8.38788 8.38788 8.38788 1.77636e-15 2.66667
314 15 1.99034 1.99034 5.72938 3.73904 2.66667
323 8 10.6872 4.2161 9.0694 2.80205 2.8
309 10 7.0451 7.0451 7.0451 0 3.3
137 5 7.79256 7.79256 7.79256 0 3.16667
15 3 8.7663 8.7663 8.7663 0 3.3
396 1 15.608 15.608 15.608 0 3.3
16 1 3.78251 3.78251 3.78251 0 3.66667
9 1 2.89568 2.89568 2.89568 0 3.16667
25 1 1.54539 1.54539 1.54539 0 1.16667
40 1 1.51405 1.51405 1.51405 0 0.666667
12 1 1.41838 1.41838 1.41838 0 2.66667
339 1 1.38892 1.38892 1.38892 0 1.3
7 1 1.20784 1.20784 1.20784 0 2.66667
129 1 0.705572 0.705572 0.705572 0 1.3
298 1 0.610384 0.610384 0.610384 0 3.3
134 1 0.57172 0.57172 0.57172 0 2.8
18 1 0.549922 0.549922 0.549922 0 3.16667
395 1 0.385181 0.385181 0.385181 0 2.66667
397 1 0.178085 0.178085 0.178085 0 2.8
402 1 0.157371 0.157371 0.157371 0 3.16667
406 1 0.0634367 0.0634367 0.0634367 0 2.66667
382 1 0.0108561 0.0108561 0.0108561 0 3.16667
403 1 0.00110467 0.00110467 0.00110467 5e-09 2.66667
411 1 1e-08 1e-08 1e-08 0 2.8
410 1 1e-08 1e-08 1e-08 0 3.3
412 1 1e-08 1e-08 1e-08 0 1.16667
413 1 1e-08 1e-08 1e-08 0 2.66667

314 15 7.82869 7.82869 7.82869 2.66454e-15 2.66667
234 20 2.02051 2.02051 5.64129 3.62079 1.16667
390 16 2.0212 1.89404 5.71013 3.80827 2.66667
323 8 10.6872 4.2161 9.0694 2.80205 2.8
309 10 7.0451 7.0451 7.0451 0 3.3
137 5 7.79256 7.79256 7.79256 0 3.16667
15 3 8.7663 8.7663 8.7663 0 3.3
16 1 3.78251 3.78251 3.78251 0 3.66667
9 1 2.89568 2.89568 2.89568 0 3.16667
396 1 2.34763 2.34763 2.34763 0 3.3
25 1 1.54539 1.54539 1.54539 0 1.16667
40 1 1.51405 1.51405 1.51405 0 0.666667
12 1 1.41838 1.41838 1.41838 0 2.66667
18 1 1.34644 1.34644 1.34644 0 3.16667
7 1 1.20784 1.20784 1.20784 0 2.66667
402 1 1.05982 1.05982 1.05982 0 3.16667
339 1 0.694459 0.694459 0.72932 0.0348608 1.3
129 1 0.705572 0.705572 0.705572 0 1.3
403 1 0.57779 0.57779 0.57779 0 2.66667
134 1 0.57172 0.57172 0.57172 0 2.8
298 1 0.412888 0.412888 0.412888 0 3.3
395 1 0.185242 0.185242 0.185242 0 2.66667
397 1 0.178085 0.178085 0.178085 0 2.8
382 1 0.0436354 0.0436354 0.0436354 0 3.16667
406 1 0.00366364 0.00366364 0.00366364 0 2.66667
411 1 1e-08 1e-08 1e-08 0 2.8
410 1 1e-08 1e-08 1e-08 0 3.3
413 1 1e-08 1e-08 1e-08 0 2.66667
414 1 1e-08 1e-08 1e-08 0 3.16667

390 16 7.83213 7.33939 7.37019 0.119273 2.66667
234 20 2.20419 2.20419 5.72882 3.52463 1.16667
314 15 1.80662 1.80662 5.6683 3.86168 2.8
323 8 10.6872 4.2161 9.0694 2.80205 2.8
309 10 7.0451 7.0451 7.0451 0 3.3
137 5 7.79256 7.79256 7.79256 0 3.16667
15 3 8.7663 8.7663 8.7663 0 3.3
396 1 15.608 15.608 15.608 0 3.3
16 1 3.78251 3.78251 3.78251 0 3.66667
9 1 2.89568 2.89568 2.89568 0 3.16667
339 1 1.33054 1.33054 2.025 0.694459 1.3
25 1 1.54539 1.54539 1.54539 0 1.16667
40 1 1.51405 1.51405 1.51405 0 0.666667
12 1 1.41838 1.41838 1.41838 0 2.66667
18 1 1.34644 1.34644 1.34644 0 3.16667
7 1 1.20784 1.20784 1.20784 0 2.66667
129 1 0.705572 0.705572 0.705572 0 1.3
134 1 0.57172 0.57172 0.57172 0 2.8
298 1 0.412888 0.412888 0.412888 0 3.3
395 1 0.385181 0.385181 0.385181 0 2.66667
397 1 0.178085 0.178085 0.178085 0 2.8
402 1 0.157371 0.157371 0.157371 0 3.16667
415 1 0.121139 0.121139 0.121139 0 1.16667
406 1 0.0634367 0.0634367 0.0634367 0 2.66667
382 1 0.0108561 0.0108561 0.0108561 0 3.16667
403 1 0.00220934 0.00220934 0.00220934 0 2.66667
411 1 1e-08 1e-08 1e-08 0 2.8
410 1 1e-08 1e-08 1e-08 0 3.3
413 1 1e-08 1e-08 1e-08 0 2.66667
414 1 1e-08 1e-08 1e-08 0 3.16667
416 1 1e-08 1e-08 1e-08 0 1.16667

314 14 8.38788 8.38788 8.38788 1.77636e-15 2.66667
234 20 2.17129 2.17129 5.50718 3.33588 1.16667
390 15 1.81615 1.70189 5.57342 3.86402 2.66667
323 8 10.6872 4.2161 9.0694 2.80205 2.8
309 10 7.0451 7.0451 7.0451 0 3.3
137 5 7.79256 7.79256 7.79256 0 3.16667
15 3 8.7663 8.7663 8.7663 0 3.3
16 1 3.78251 3.78251 3.78251 0 3.66667
9 1 2.89568 2.89568 2.89568 0 3.16667
396 1 2.34763 2.34763 2.34763 0 3.3
25 1 1.54539 1.54539 1.54539 0 1.16667
40 1 1.51405 1.51405 1.51405 0 0.666667
12 1 1.41838 1.41838 1.41838 0 2.66667
7 1 1.20784 1.20784 1.20784 0 2.66667
402 1 1.05982 1.05982 1.05982 0 3.16667
129 1 0.705572 0.705572 0.705572 0 1.3
298 1 0.610384 0.610384 0.610384 0 3.3
403 1 0.57779 0.57779 0.57779 0 2.66667
134 1 0.57172 0.57172 0.57172 0 2.8
18 1 0.549922 0.549922 0.549922 0 3.16667
395 1 0.185242 0.185242 0.185242 0 2.66667
397 1 0.178085 0.178085 0.178085 0 2.8
415 1 0.0911429 0.0911429 0.0911429 0 1.16667
382 1 0.0436354 0.0436354 0.0436354 0 3.16667
406 1 0.00366364 0.00366364 0.00366364 0 2.66667
418 1 0.000894925 0.000894925 0.000894925 0 2.66667
411 1 1e-08 1e-08 1e-08 0 2.8
410 1 1e-08 1e-08 1e-08 0 3.3
413 1 1e-08 1e-08 1e-08 0 2.66667
414 1 5e-09 5e-09 1e-08 5e-09 3.16667
416 1 1e-08 1e-08 1e-08 0 1.16667

390 14 8.95101 8.38788 8.4281 0.145028 2.66667
234 20 2.13936 2.13936 5.68448 3.54512 1.16667
314 16 1.83485 1.83485 5.80797 3.97312 3.8
323 8 10.6872 4.2161 9.87828 2.1401 2.8
309 11 6.40463 0.0166157 5.8239 1.83643 3.3
137 5 7.79256 7.79256 7.79256 0 3.16667
15 3 8.7663 8.7663 8.7663 0 3.3
16 1 3.78251 3.78251 3.78251 0 3.66667
9 1 2.89568 2.89568 2.89568 0 3.16667
396 1 2.34763 2.34763 2.34763 0 3.3
25 1 1.54539 1.54539 1.54539 0 1.16667
40 1 1.51405 1.51405 1.51405 0 0.666667
12 1 1.41838 1.41838 1.41838 0 2.66667
18 1 1.34644 1.34644 1.34644 0 3.16667
7 1 1.20784 1.20784 1.20784 0 2.66667
402 1 1.05982 1.05982 1.05982 0 3.16667
129 1 0.705572 0.705572 0.705572 0 1.3
134 1 0.57172 0.57172 0.57172 0 2.8
395 1 0.385181 0.385181 0.385181 0 2.66667
298 1 0.305192 0.305192 0.305192 5e-09 3.16667
418 1 0.185604 0.185604 0.185604 0 2.66667
397 1 0.178085 0.178085 0.178085 0 2.8
415 1 0.121139 0.121139 0.121139 0 1.16667
406 1 0.0634367 0.0634367 0.0634367 0 2.66667
419 1 0.0311285 0.0311285 0.0311285 5e-09 1.16667
382 1 0.0108561 0.0108561 0.0108561 0 3.16667
403 1 0.00220934 0.00220934 0.00220934 0 2.66667
411 1 1e-08 1e-08 1e-08 0 2.8
410 1 1e-08 1e-08 1e-08 0 3.3
413 1 1e-08 1e-08 1e-08 0 2.66667
414 1 1e-08 1e-08 1e-08 0 3.16667

314 16 7.33939 7.33939 7.33939 3.55271e-15 2.66667
234 20 1.86509 1.86509 5.40742 3.54234 1.16667
390 16 2.36442 2.21567 5.70237 3.46846 2.66667
323 8 10.6872 4.2161 9.0694 2.80205 2.8
309 11 6.40463 0.0166157 5.8239 1.83643 3.16667
137 5 7.79256 7.79256 7.79256 0 3.16667
15 3 8.7663 8.7663 8.7663 0 3.3
16 1 3.78251 3.78251 3.78251 0 3.66667
9 1 2.89568 2.89568 2.89568 0 3.16667
396 1 2.34763 2.34763 2.34763 0 3.3
25 1 1.54539 1.54539 1.54539 0 1.16667
40 1 1.51405 1.51405 1.51405 0 0.666667
12 1 1.41838 1.41838 1.41838 0 2.66667
7 1 1.20784 1.20784 1.20784 0 2.66667
129 1 0.705572 0.705572 0.705572 0 1.3
298 1 0.610384 0.610384 0.610384 0 3.3
403 1 0.57779 0.57779 0.57779 0 2.66667
134 1 0.57172 0.57172 0.57172 0 2.8
18 1 0.549922 0.549922 0.549922 0 3.16667
395 1 0.385181 0.385181 0.385181 0 2.66667
418 1 0.185604 0.185604 0.185604 0 2.66667
397 1 0.178085 0.178085 0.178085 0 2.8
402 1 0.157371 0.157371 0.157371 0 3.16667
420 1 0.14805 0.14805 0.14805 0 1.16667
415 1 0.0911429 0.0911429 0.0911429 0 1.16667
419 1 0.062257 0.062257 0.062257 0 1.16667
382 1 0.0436354 0.0436354 0.0436354 0 3.16667
406 1 0.00366364 0.00366364 0.00366364 0 2.66667
411 1 1e-08 1e-08 1e-08 0 2.8

390 15 8.35428 7.82869 7.89877 0.178666 2.66667
234 19 2.20419 2.20419 5.77719 3.57299 1.16667
314 17 1.60863 1.60863 5.59834 3.98971 2.66667
323 8 10.6872 4.2161 9.87828 2.1401 2.8
309 10 7.0451 7.0451 7.0451 0 3.3
137 5 7.79256 7.79256 7.79256 0 3.16667
15 3 8.7663 8.7663 8.7663 0 3.3
16 1 3.78251 3.78251 3.78251 0 3.66667
9 1 2.89568 2.89568 2.89568 0 3.16667
396 1 2.34763 2.34763 2.34763 0 3.3
25 1 1.54539 1.54539 1.54539 0 1.16667
40 1 1.51405 1.51405 1.51405 0 0.666667
12 1 1.41838 1.41838 1.41838 0 2.66667
18 1 1.34644 1.34644 1.34644 0 3.16667
7 1 1.20784 1.20784 1.20784 0 2.66667
402 1 1.05982 1.05982 1.05982 0 3.16667
129 1 0.705572 0.705572 0.705572 0 1.3
134 1 0.57172 0.57172 0.57172 0 2.8
298 1 0.412888 0.412888 0.412888 0 3.3
418 1 0.185604 0.185604 0.185604 0 2.66667
397 1 0.178085 0.178085 0.178085 0 2.8
395 1 0.092621 0.092621 0.0996226 0.00700162 0.666667
415 1 0.0911429 0.0911429 0.0911429 0 1.16667
382 1 0.0436354 0.0436354 0.0436354 0 3.16667
406 1 0.00366364 0.00366364 0.00366364 0 2.66667
403 1 0.00220934 0.00220934 0.00220934 0 2.66667
411 1 1e-08 1e-08 1e-08 0 2.8

314 14 8.38788 8.38788 8.38788 1.77636e-15 2.66667
234 21 1.77411 1.77411 4.74334 2.96924 1.16667
390 20 1.98911 1.86397 4.84798 2.94081 2.66667
323 8 10.6872 4.2161 9.0694 2.80205 2.8
137 5 7.79256 7.79256 7.79256 0 3.16667
15 3 8.7663 8.7663 8.7663 0 3.3
16 1 3.78251 3.78251 3.78251 0 3.66667
9 1 2.89568 2.89568 2.89568 0 3.16667
396 1 2.34763 2.34763 2.34763 0 3.3
25 1 1.54539 1.54539 1.54539 0 1.16667
40 1 1.51405 1.51405 1.51405 0 0.666667
12 1 1.41838 1.41838 1.41838 0 2.66667
18 1 1.34644 1.34644 1.34644 0 3.16667
7 1 1.20784 1.20784 1.20784 0 2.66667
402 1 1.05982 1.05982 1.05982 0 3.16667
129 1 0.705572 0.705572 0.705572 0 1.3
134 1 0.57172 0.57172 0.57172 0 2.8
298 1 0.412888 0.412888 0.412888 0 3.3
395 1 0.185242 0.185242 0.185242 0 2.66667
309 1 0.182773 0.182773 0.182773 0 3.16667
397 1 0.178085 0.178085 0.178085 0 2.8
415 1 0.121139 0.121139 0.121139 0 1.16667
406 1 0.0634367 0.0634367 0.0634367 0 2.66667
382 1 0.0108561 0.0108561 0.0108561 0 3.16667
403 1 0.00220934 0.00220934 0.00220934 0 2.66667
418 1 0.000894925 0.000894925 0.000894925 0 2.66667
411 1 1e-08 1e-08 1e-08 0 2.8
421 1 1e-08 1e-08 1e-08 0 2.66667

