5 1 0.0522538 0.0522538 0.0522538 0 2
1 1 1e-08 1e-08 1e-08 0 0
2 1 1e-08 1e-08 1e-08 0 2
3 1 1e-08 1e-08 1e-08 0 2
4 1 1e-08 1e-08 1e-08 0 2

5 96 1.22429 0.0310227 0.11345 0.112301 2.66667
1 1 3.33333e-09 3.33333e-09 1e-08 6.66667e-09 0
2 1 1e-08 1e-08 1e-08 0 2
3 1 5e-09 5e-09 1e-08 5e-09 2
4 1 3.33333e-09 3.33333e-09 1e-08 6.66667e-09 2

10 1 1.22429 1.22429 1.22429 0 2.66667
15 1 1.22423 1.22423 1.22423 0 2.66667
14 1 1.22422 1.22422 1.22422 0 2.66667
13 3 1.22429 1.22415 1.22422 0.816145 2.66667
12 1 1.22421 1.22421 1.22421 0 2.66667
6 5 1.22429 1e-08 0.979436 0.789646 2.66667
8 2 1.22423 0.0522757 0.638253 0.433225 2.8
9 3 1.22429 0.0522538 0.442933 0.348014 2.5
7 4 0.816196 6.66667e-09 0.423955 0.332791 2.66667
5 1 0.0074652 0.0074652 0.0651205 0.0576553 2
11 1 0.0522538 0.0522538 0.0522538 0 2.5
1 1 2.5e-09 2.5e-09 1e-08 7.5e-09 0
2 1 5e-09 5e-09 1e-08 5e-09 2
3 1 3.33333e-09 3.33333e-09 1e-08 6.66667e-09 2
4 1 3.33333e-09 3.33333e-09 1e-08 6.66667e-09 2

6 15 5.54139 1e-08 1.34886 1.26145 2.66667
10 16 1.72645 1.08826 1.20944 1.13815 2.66667
13 13 0.936225 0.936112 1.01432 0.942312 2.66667
12 13 0.837615 0.837615 0.99308 0.928648 2.66667
15 9 1.22423 1e-08 0.821956 0.733358 2.66667
14 10 1.11293 0.0475221 0.793307 0.715643 2.66667
7 7 1.07126 8.75e-09 0.52901 0.458728 2.66667
5 3 0.734575 0.0313523 0.286591 0.218463 2.5
9 3 0.612146 0.0261269 0.238885 0.189011 2.5
8 2 0.204038 0.204038 0.221464 0.119444 2.8
1 1 1e-08 1e-08 1e-08 0 0
2 1 5e-09 5e-09 1e-08 5e-09 2
3 1 3.33333e-09 3.33333e-09 1e-08 6.66667e-09 2.66667
4 1 1e-08 1e-08 1e-08 0 2

14 11 5.76253 1e-08 1.48183 1.35313 2.66667
10 10 0.669743 0.42217 1.24988 1.2011 2.66667
17 2 1.22429 1.22429 1.22429 0.612146 2.66667
8 2 1.22423 1.22423 1.22423 0.612115 2.66667
13 8 0.362754 0.362754 1.09205 1.04671 2.66667
6 8 1.34337 0.296799 1.0599 1.00738 2.66667
12 8 0.349773 0.349773 1.00933 0.96561 2.66667
1 4 1.22423 1e-08 0.918171 0.701265 0.666667
15 7 0.5356 0.5356 0.912832 0.836318 2.66667
5 4 1.22429 0.0522538 0.638273 0.500622 2.5
7 3 0.282529 0.282529 0.461234 0.367058 2.66667
19 3 1.22423 0.0522332 0.442898 0.34799 2.8
2 3 0.612114 0.0261378 0.4255 0.301 2.8
18 1 0.156407 0.156407 0.156407 0 2.8
9 1 0.0104508 0.0104508 0.0522497 0.041799 2.5
16 1 0.00580841 0.00580841 0.0406583 0.0348499 2.8
3 1 1e-08 1e-08 1e-08 0 2
4 1 1e-08 1e-08 1e-08 0 2

6 12 3.16651 0.699597 1.61527 1.50799 3.16667
10 11 3.67669 0.708802 1.53167 1.42975 2.66667
14 10 2.13427 0.453415 1.46813 1.37452 2.66667
7 3 1.22429 1.22429 1.22429 0.816196 2.66667
20 1 1.22423 1.22423 1.22423 0 2.8
12 8 0.425811 0.425811 1.12003 1.0668 2.66667
1 7 0.451031 0.451031 0.966496 0.902063 2.66667
13 7 0.476114 0.476114 0.955133 0.887117 2.66667
8 6 0.565029 0.565029 0.851565 0.757393 2.66667
17 5 0.360086 0.360086 0.792189 0.720172 2.66667
3 2 1.46334 1e-08 0.731668 0.517368 2
5 4 1.22429 0.0522538 0.638273 0.500622 2.66667
18 1 0.156407 0.156407 0.156407 0 2.8
21 1 0.0522757 0.0522757 0.0522757 0 2.8
9 1 0.0522538 0.0522538 0.0522538 0 2.5
19 1 0.0261166 0.0261166 0.0522332 0.0261166 2.8
4 1 5e-09 5e-09 1e-08 5e-09 2
22 1 1e-08 1e-08 1e-08 0 2.66667
23 1 1e-08 1e-08 1e-08 0 2.8
24 1 1e-08 1e-08 1e-08 0 2.8
25 1 1e-08 1e-08 1e-08 0 2.66667

10 14 11.0299 0.890727 2.41262 2.27783 2.66667
14 14 3.1029 0.659196 2.33675 2.20193 2.66667
6 13 2.25119 0.49737 2.19564 2.07514 0.666667
17 5 1.22429 1.22429 1.22429 0.979434 2.66667
5 2 1.22429 1.22429 1.22429 0.612146 2.66667
8 6 1.22423 1.22423 1.22423 1.02019 2.66667
1 7 1.94806 0.476089 1.16827 1.07274 0.666667
12 6 0.489682 0.489682 1.14608 1.06446 2.66667
13 6 0.45911 0.45911 1.07239 0.995873 2.66667
7 5 0.408098 0.408098 0.904786 0.823166 2.66667
20 4 0.612114 0.612114 0.765129 0.6121 2.8
3 2 0.975558 6.66667e-09 0.487779 0.344912 2.8
18 1 0.156407 0.156407 0.156407 0 2.8
21 1 0.0522757 0.0522757 0.0522757 0 2.8
27 1 0.0261373 0.0261373 0.0522738 0.0261364 2.8
28 1 0.0522728 0.0522728 0.0522728 0 2.8
9 1 0.0522538 0.0522538 0.0522538 0 2.5
26 1 0.0130687 0.0130687 0.0391956 0.0261269 2.8
22 1 1e-08 1e-08 1e-08 0 2.66667
23 1 1e-08 1e-08 1e-08 0 2.8
4 1 5e-09 5e-09 1e-08 5e-09 2.66667
29 1 1e-08 1e-08 1e-08 0 0.666667
30 1 1e-08 1e-08 1e-08 0 2.8

6 20 5.87211 0.981606 4.13545 3.9434 2.66667
14 15 8.81696 0.706281 3.19473 2.99742 2.66667
10 12 5.43619 0.582676 2.58768 2.46278 2.66667
1 6 2.00372 0.489691 1.39495 1.27475 0.666667
7 5 1.22429 1.22429 1.22429 0.979436 2.66667
8 6 0.432081 0.432081 1.22423 1.15222 2.66667
20 4 1.22423 1.22423 1.22423 0.918171 2.8
5 5 0.470882 0.470882 1.13414 1.03996 2.66667
13 5 0.874496 0.874496 1.05686 0.881964 2.66667
12 5 0.780284 0.437216 1.05634 0.955565 2.66667
17 5 0.510122 0.510122 1.03878 0.936759 2.66667
3 2 1.46334 1e-08 0.731668 0.517368 2.8
18 1 0.156407 0.156407 0.156407 0 2.8
9 1 0.0522538 0.0522538 0.0522538 0 2.5
27 1 0.0174249 0.0174249 0.0471621 0.0297372 2.8
22 1 1e-08 1e-08 1e-08 0 2.66667
23 1 1e-08 1e-08 1e-08 0 2.8
4 1 1e-08 1e-08 1e-08 0 2
30 1 1e-08 1e-08 1e-08 0 2.8
31 1 1e-08 1e-08 1e-08 0 3.16667
32 1 1e-08 1e-08 1e-08 0 2.8
33 1 1e-08 1e-08 1e-08 0 2.66667
34 1 1e-08 1e-08 1e-08 0 2.8

7 17 89.0733 1e-08 6.3071 6.05962 2.66667
10 17 12.8354 1.37576 6.2605 5.92311 3.16667
14 13 6.40889 2.41655 4.87116 4.63934 2.66667
6 11 1.64649 1.1952 4.24283 4.12674 2.66667
34 3 3.96208 1e-08 2.64139 1.86774 2.8
1 4 1.66977 0.408076 1.74277 1.50193 0.666667
12 3 1.31088 0.734524 1.41632 1.11114 2.66667
20 3 1.15599 0.282514 1.35489 1.17173 2.66667
13 3 0.734577 0.734577 1.22429 0.979436 2.66667
17 3 0.734575 0.734575 1.22429 0.979434 2.66667
5 3 0.524697 0.524697 1.22429 1.04939 2.66667
4 1 1.22423 1.22423 1.22423 0 2.66667
36 2 1.22423 1.22423 1.22423 0.612114 2.66667
8 2 0.222587 0.222587 1.03281 0.921516 2.66667
18 1 0.156407 0.156407 0.156407 0 2.8
37 1 0.0522713 0.0522713 0.0522713 0 3.3
23 1 0.0261311 0.0261311 0.0261311 5e-09 2.8
9 1 0.0261269 0.0261269 0.0261269 5e-09 2.5
22 1 1e-08 1e-08 1e-08 0 2.66667
30 1 1e-08 1e-08 1e-08 0 2.8
31 1 1e-08 1e-08 1e-08 0 3.16667
32 1 1e-08 1e-08 1e-08 0 2.8
3 1 1e-08 1e-08 1e-08 0 2
38 1 3.33333e-09 3.33333e-09 1e-08 6.66667e-09 2.66667

10 19 7.4846 2.62309 7.71747 7.36454 2.66667
14 14 6.48358 2.44471 5.87146 5.61592 2.66667
6 14 8.65966 3.87897 5.81688 5.50123 2.66667
7 7 15.2076 0.209026 3.17191 2.93339 2.66667
37 2 5.5414 0.0522713 2.79684 1.95927 3.3
34 6 1.82865 1.82865 2.4382 2.13343 2.8
1 5 2.50465 0.612114 2.30366 1.97335 0.666667
41 1 1.94225 1.94225 1.94225 0 2.66667
12 3 1.0924 0.612103 1.34035 1.03235 2.66667
13 3 1.22429 1.22429 1.22429 0.816196 2.66667
17 3 1.22429 1.22429 1.22429 0.816195 2.66667
5 3 1.22429 1.22429 1.22429 0.816195 2.66667
4 3 1.22423 1.22423 1.22423 0.816153 2.66667
40 1 1.22421 1.22421 1.22421 0 2.66667
18 1 0.156407 0.156407 0.156407 0 2.8
9 1 0.0522538 0.0522538 0.0522538 0 2.5
22 1 1e-08 1e-08 1e-08 0 2.66667
30 1 5e-09 5e-09 1e-08 5e-09 2.8
31 1 1e-08 1e-08 1e-08 0 3.16667
32 1 5e-09 5e-09 1e-08 5e-09 2.8
3 1 1e-08 1e-08 1e-08 0 2
39 1 1e-08 1e-08 1e-08 0 2.66667

42 1 15.2827 15.2827 15.2827 0 0.666667
10 18 7.83349 7.09068 13.8703 13.474 3.16667
7 16 89.0733 0.0522747 12.1322 11.5182 2.66667
14 11 5.09425 1.92084 8.47282 8.03636 2.66667
6 7 2.52181 2.28175 5.57568 5.24483 2.66667
34 5 2.4763 2.4763 3.96208 3.46682 2.66667
37 4 2.47419 1.52675 3.71584 3.27655 3.16667
1 4 1.54132 1.54132 3.17606 2.79073 0.666667
12 2 0.873918 0.873918 1.80056 1.3636 2.66667
41 2 0.353137 0.353137 1.76569 1.58912 2.66667
13 1 0.408098 0.408098 1.22429 0.816196 2.66667
17 1 0.408097 0.408097 1.22429 0.816195 2.66667
5 1 0.408097 0.408097 1.22429 0.816195 2.66667
4 1 0.408077 0.408077 1.22423 0.816153 2.66667
18 1 0.156407 0.156407 0.156407 0 2.8
9 1 0.0522538 0.0522538 0.0522538 0 2.5
43 1 0.0101588 0.0101588 0.0101588 0 2.66667
22 1 1e-08 1e-08 1e-08 0 2.66667
30 1 1e-08 1e-08 1e-08 0 2.8
31 1 1e-08 1e-08 1e-08 0 3.16667
32 1 1e-08 1e-08 1e-08 0 2.8
3 1 1e-08 1e-08 1e-08 0 2
39 1 1e-08 1e-08 1e-08 0 2.66667
44 1 1e-08 1e-08 1e-08 0 0.666667

10 20 10.6592 10.6592 16.5587 16.0258 2.66667
42 15 4.9838 4.9835 12.7195 12.3873 0.666667
14 13 8.27815 8.27815 11.0676 10.4308 2.66667
7 11 30.619 0.420851 9.2763 8.57667 2.66667
45 3 18.1206 0.0391569 6.06631 4.94249 3.3
6 6 5.30184 2.37489 5.72832 5.17191 2.66667
41 5 20.0189 1e-08 5.24921 4.45453 3.16667
1 4 5.0093 5.0093 5.0093 3.75698 2.66667
34 4 2.64139 2.64139 3.30174 2.64139 3.16667
12 2 2.1848 2.1848 2.1848 1.0924 2.66667
13 1 1.22429 1.22429 1.22429 0 2.66667
17 1 1.22429 1.22429 1.22429 0 2.66667
5 1 1.22429 1.22429 1.22429 0 2.66667
4 1 1.22423 1.22423 1.22423 0 2.66667
18 1 0.0782034 0.0782034 0.104341 0.0261373 2.8
9 1 0.0522538 0.0522538 0.0522538 0 2.5
22 1 1e-08 1e-08 1e-08 0 2.66667
30 1 1e-08 1e-08 1e-08 0 2.8
32 1 1e-08 1e-08 1e-08 0 2.8
3 1 5e-09 5e-09 1e-08 5e-09 2
39 1 1e-08 1e-08 1e-08 0 2.66667
46 1 1e-08 1e-08 1e-08 0 2.66667

10 17 5.81227 5.81227 14.4693 14.1274 3.16667
42 16 6.43524 6.43484 13.6769 13.2747 0.666667
7 15 60.7318 0.834746 12.942 12.192 2.66667
14 14 7.13194 7.13194 11.7211 11.2117 2.66667
41 3 20.0189 1.94225 7.96781 6.02364 2.66667
6 8 5.4982 3.39277 6.98031 6.44477 2.8
1 4 5.0093 5.0093 5.0093 3.75698 0.666667
34 3 2.37725 2.37725 3.16967 2.37725 3.16667
12 2 2.1848 2.1848 2.1848 1.0924 2.66667
13 1 1.22429 1.22429 1.22429 0 2.66667
17 1 1.22429 1.22429 1.22429 0 2.66667
5 1 1.22429 1.22429 1.22429 0 2.66667
4 1 1.22423 1.22423 1.22423 0 2.66667
47 1 0.340131 0.340131 0.340131 0 2.8
18 1 0.156407 0.156407 0.156407 0 2.8
48 1 0.0554848 0.0554848 0.0774794 0.0219946 2.66667
45 1 0.01958 0.01958 0.01958 5e-09 3.3
22 1 1e-08 1e-08 1e-08 0 2.66667
30 1 1e-08 1e-08 1e-08 0 2.8
32 1 1e-08 1e-08 1e-08 0 2.8
3 1 1e-08 1e-08 1e-08 0 2
39 1 1e-08 1e-08 1e-08 0 2.66667
46 1 1e-08 1e-08 1e-08 0 2.66667
49 1 1e-08 1e-08 1e-08 0 2.8
50 1 1e-08 1e-08 1e-08 0 2.66667
51 1 1e-08 1e-08 1e-08 0 2.66667
52 1 1e-08 1e-08 1e-08 0 2.66667

7 18 38.1743 0.524698 15.7394 14.9308 2.66667
10 15 5.9089 5.9089 13.8273 13.4334 2.66667
42 15 6.95046 6.9467 13.2651 12.8019 0.666667
14 13 5.8434 5.8434 12.1403 11.6908 2.66667
6 8 12.3709 7.63374 9.66045 8.45734 3.16667
41 6 12.0113 1.16535 5.55759 4.83647 2.66667
1 4 5.0093 5.0093 5.0093 3.75698 2.66667
34 3 3.96208 3.96208 3.96208 2.64139 2.66667
12 2 2.1848 2.1848 2.1848 1.0924 2.66667
13 1 1.22429 1.22429 1.22429 0 2.66667
17 1 1.22429 1.22429 1.22429 0 2.66667
5 1 1.22429 1.22429 1.22429 0 2.66667
4 1 1.22423 1.22423 1.22423 0 2.66667
47 1 0.340131 0.340131 0.340131 0 2.8
18 1 0.156407 0.156407 0.156407 0 2.8
48 1 0.11097 0.11097 0.11097 0 2.66667
53 1 0.03916 0.03916 0.03916 0 1.3
32 1 0.0265914 0.0265914 0.0265914 5e-09 2.66667
22 1 1e-08 1e-08 1e-08 0 2.66667
30 1 1e-08 1e-08 1e-08 0 2.8
3 1 1e-08 1e-08 1e-08 0 2
39 1 1e-08 1e-08 1e-08 0 2.66667
46 1 5e-09 5e-09 1e-08 5e-09 2.66667
49 1 1e-08 1e-08 1e-08 0 2.8
50 1 1e-08 1e-08 1e-08 0 2.66667

7 21 50.5551 0.741325 34.4945 32.8968 2.66667
48 3 18.1206 18.1206 18.1206 12.0804 3.16667
55 2 18.1206 18.1206 18.1206 9.06031 3.66667
10 11 7.66642 7.66642 17.4237 16.7267 2.66667
14 8 4.21593 4.21593 13.1766 12.6496 2.66667
42 8 3.93799 3.21761 13.1323 12.7188 0.666667
6 6 19.6583 3.09274 10.7332 9.81172 2.66667
54 4 14.4965 0.0313272 7.26391 5.74015 2.8
41 4 11.4394 1.10986 7.10701 5.68688 2.66667
34 3 10.8724 2.37725 6.02357 4.49026 3.16667
1 3 3.75698 3.75698 5.0093 3.75698 0.666667
12 1 1.0924 1.0924 2.1848 1.0924 2.66667
13 1 1.22429 1.22429 1.22429 0 2.66667
17 1 1.22429 1.22429 1.22429 0 2.66667
5 1 1.22429 1.22429 1.22429 0 2.66667
4 1 1.22423 1.22423 1.22423 0 2.66667
47 1 0.340131 0.340131 0.340131 0 2.8
18 1 0.156407 0.156407 0.156407 0 2.8
32 1 0.0531827 0.0531827 0.0531827 0 2.66667
53 1 0.03916 0.03916 0.03916 0 1.3
22 1 1e-08 1e-08 1e-08 0 2.66667
30 1 1e-08 1e-08 1e-08 0 2.8
3 1 5e-09 5e-09 1e-08 5e-09 2.66667
39 1 1e-08 1e-08 1e-08 0 2.66667
46 1 1e-08 1e-08 1e-08 0 2.66667
49 1 1e-08 1e-08 1e-08 0 2.8
50 1 1e-08 1e-08 1e-08 0 2.66667
56 1 1e-08 1e-08 1e-08 0 2.66667
57 1 1e-08 1e-08 1e-08 0 1.16667

7 38 89.0733 1e-08 58.9446 57.404 2.66667
6 11 78.633 0.0484995 23.2984 21.3151 2.66667
48 11 3.23835 2.93128 16.3382 16.0667 2.66667
14 9 8.59654 8.59654 13.3724 12.4172 2.66667
42 8 7.87598 6.43522 12.4297 11.5805 0.666667
1 3 5.0093 5.0093 5.0093 3.33954 2.66667
59 2 3.96208 3.96208 3.96208 1.98104 2.66667
12 1 2.1848 2.1848 2.1848 0 2.66667
41 1 0.971127 0.971127 1.94225 0.971127 2.66667
13 1 1.22429 1.22429 1.22429 0 2.66667
17 1 1.22429 1.22429 1.22429 0 2.66667
5 1 1.22429 1.22429 1.22429 0 2.66667
4 1 1.22423 1.22423 1.22423 0 2.66667
58 1 0.217691 0.217691 0.666816 0.449126 2.8
10 1 0.58566 0.58566 0.597861 0.012201 2.8
47 1 0.340131 0.340131 0.340131 0 2.8
18 1 0.156407 0.156407 0.156407 0 2.8
32 1 0.0531827 0.0531827 0.0531827 0 2.66667
53 1 0.03916 0.03916 0.03916 0 1.3
55 1 0.0151138 0.0151138 0.0302276 0.0151138 3.66667
22 1 1e-08 1e-08 1e-08 0 2.66667
30 1 1e-08 1e-08 1e-08 0 2.8
3 1 1e-08 1e-08 1e-08 0 2
39 1 5e-09 5e-09 1e-08 5e-09 2.66667
46 1 1e-08 1e-08 1e-08 0 2.66667
49 1 1e-08 1e-08 1e-08 0 2.8

7 25 26.8293 26.8293 56.1832 55.1101 2.66667
61 8 89.0733 1e-08 55.7021 49.0359 2.66667
41 6 31.056 1.94225 18.2147 15.2453 3.16667
6 7 22.9346 3.60819 17.42 15.7805 2.66667
55 7 12.6844 12.6844 16.3197 14.5076 3.66667
42 6 7.48218 6.1164 14.9913 13.8207 1.16667
14 6 5.39391 5.39391 14.3838 13.4848 2.66667
48 6 17.1591 4.14267 14.2396 11.9447 2.66667
1 2 3.33954 3.33954 5.0093 3.33954 0.666667
59 1 1.98104 1.98104 3.96208 1.98104 2.66667
12 1 2.1848 2.1848 2.1848 0 2.66667
13 1 1.22429 1.22429 1.22429 0 2.66667
17 1 1.22429 1.22429 1.22429 0 2.66667
5 1 1.22429 1.22429 1.22429 0 2.66667
4 1 1.22423 1.22423 1.22423 0 2.66667
47 1 0.340131 0.340131 0.340131 0 2.8
18 1 0.156407 0.156407 0.156407 0 2.8
32 1 0.0531827 0.0531827 0.0531827 0 2.66667
62 1 0.0226707 0.0226707 0.0453414 0.0226707 3.8
53 1 0.03916 0.03916 0.03916 0 1.3
30 1 1e-08 1e-08 1e-08 0 2.8
3 1 5e-09 5e-09 1e-08 5e-09 2.66667
39 1 1e-08 1e-08 1e-08 0 2.66667
46 1 1e-08 1e-08 1e-08 0 2.66667
49 1 1e-08 1e-08 1e-08 0 2.8
22 1 1e-08 1e-08 1e-08 0 2.66667
63 1 1e-08 1e-08 1e-08 0 2.66667
64 1 1e-08 1e-08 1e-08 0 2.66667
65 1 1e-08 1e-08 1e-08 0 2.8
66 1 1e-08 1e-08 1e-08 0 2.66667
67 1 1e-08 1e-08 1e-08 0 3.66667
68 1 1e-08 1e-08 1e-08 0 2.8
69 1 5e-09 5e-09 1e-08 5e-09 2.8

7 23 35.4291 34.7235 75.5619 74.0509 2.85714
61 20 61.4299 61.4299 67.5729 64.5014 2.66667
70 7 89.0733 0.0301914 50.9183 44.0957 2.8
6 11 66.5357 10.4677 38.9844 35.6102 3.16667
41 5 7.764 5.00473 17.5693 16.1284 3.16667
42 5 15.5879 12.7425 17.5657 14.564 1.16667
14 4 10.1885 10.1885 15.2827 12.7356 2.66667
55 4 4.0268 4.0268 15.1265 14.1198 3.66667
67 3 18.1206 1e-08 12.0804 8.54214 3.16667
1 1 2.50465 2.50465 5.0093 2.50465 2.66667
59 1 3.96208 3.96208 3.96208 0 3.16667
12 1 2.1848 2.1848 2.1848 0 2.66667
13 1 1.22429 1.22429 1.22429 0 2.66667
17 1 1.22429 1.22429 1.22429 0 2.66667
5 1 1.22429 1.22429 1.22429 0 2.66667
4 1 1.22423 1.22423 1.22423 0 2.66667
47 1 0.340131 0.340131 0.340131 0 2.8
18 1 0.156407 0.156407 0.156407 0 2.8
32 1 0.0531827 0.0531827 0.0531827 0 2.66667
53 1 0.03916 0.03916 0.03916 0 1.3
76 1 5e-09 5e-09 1e-08 5e-09 3.16667
75 1 1e-08 1e-08 1e-08 0 2.66667
74 1 1e-08 1e-08 1e-08 0 0.666667
73 1 2.5e-09 2.5e-09 1e-08 7.5e-09 0.666667
72 1 5e-09 5e-09 1e-08 5e-09 2.66667
71 1 3.33333e-09 3.33333e-09 1e-08 6.66667e-09 2.66667
69 1 1e-08 1e-08 1e-08 0 2.8
68 1 1e-08 1e-08 1e-08 0 2.8

7 17 90.8834 89.0733 89.2876 84.0354 2.66667
61 20 19.1333 18.7523 75.1182 74.1796 2.66667
6 13 37.8604 37.8604 47.8911 44.9787 3.16667
73 4 89.0733 1e-08 44.5361 35.2089 2.66667
41 7 19.7629 19.7629 27.2229 24.3996 3.16667
55 4 18.1206 18.1206 18.1206 13.5905 3.66667
42 4 14.9644 14.9605 18.0206 14.28 0.666667
14 4 15.2827 15.2827 15.2827 11.4621 2.66667
67 3 18.1206 1e-08 12.0804 8.54214 3.66667
1 1 5.0093 5.0093 5.0093 0 0.666667
59 1 3.96208 3.96208 3.96208 0 3.16667
12 1 2.1848 2.1848 2.1848 0 2.66667
13 1 1.22429 1.22429 1.22429 0 2.66667
17 1 1.22429 1.22429 1.22429 0 2.66667
5 1 1.22429 1.22429 1.22429 0 2.66667
4 1 1.22423 1.22423 1.22423 0 2.66667
82 1 0.430558 0.430558 0.430558 0 0.8
47 1 0.340131 0.340131 0.340131 0 2.8
18 1 0.156407 0.156407 0.156407 0 2.8
32 1 0.0531827 0.0531827 0.0531827 0 2.66667
53 1 0.03916 0.03916 0.03916 0 1.3
78 1 0.0301914 0.0301914 0.0301914 0 2.8
85 1 1e-08 1e-08 1e-08 0 0.8
84 1 5e-09 5e-09 1e-08 5e-09 2.66667
83 1 1e-08 1e-08 1e-08 0 2.66667
70 1 1e-08 1e-08 1e-08 0 0.8
81 1 5e-09 5e-09 1e-08 5e-09 2.66667
80 1 5e-09 5e-09 1e-08 5e-09 0.666667
79 1 1e-08 1e-08 1e-08 0 3.16667
77 1 1e-08 1e-08 1e-08 0 2.66667
68 1 1e-08 1e-08 1e-08 0 2.8
69 1 1e-08 1e-08 1e-08 0 2.8
71 1 1e-08 1e-08 1e-08 0 2.66667
74 1 1e-08 1e-08 1e-08 0 0.666667

7 23 24.306 23.8219 73.6448 72.6045 0.666667
6 21 48.5675 48.5675 67.0874 64.7746 3.16667
61 13 89.0733 1e-08 62.5305 57.8021 2.66667
41 8 16.5632 16.5632 26.0528 23.9824 3.16667
42 4 18.7055 18.7006 18.703 14.0273 0.666667
55 4 18.1206 18.1206 18.1206 13.5905 3.66667
14 3 9.16964 9.16964 12.2368 9.18028 2.66667
67 3 18.1206 1e-08 12.0804 8.54214 3.66667
1 1 5.0093 5.0093 5.0093 0 0.666667
59 1 3.96208 3.96208 3.96208 0 3.16667
12 1 2.1848 2.1848 2.1848 0 2.66667
13 1 1.22429 1.22429 1.22429 0 2.66667
17 1 1.22429 1.22429 1.22429 0 2.66667
5 1 1.22429 1.22429 1.22429 0 2.66667
4 1 1.22423 1.22423 1.22423 0 2.66667
82 1 0.430558 0.430558 0.430558 0 0.8
47 1 0.340131 0.340131 0.340131 0 2.8
18 1 0.156407 0.156407 0.156407 0 2.8
87 1 0.0592095 0.0592095 0.0592095 0 0.8
53 1 0.03916 0.03916 0.03916 0 1.3
73 1 9.09091e-10 9.09091e-10 1e-08 9.09091e-09 2.66667
85 1 1e-08 1e-08 1e-08 0 0.8
84 1 5e-09 5e-09 1e-08 5e-09 2.66667
83 1 5e-09 5e-09 1e-08 5e-09 2.66667
70 1 1e-08 1e-08 1e-08 0 0.8
80 1 5e-09 5e-09 1e-08 5e-09 0.666667
79 1 1e-08 1e-08 1e-08 0 3.16667
77 1 1e-08 1e-08 1e-08 0 2.66667
68 1 1e-08 1e-08 1e-08 0 2.8
69 1 1e-08 1e-08 1e-08 0 2.8

7 22 31.7371 31.105 78.0254 76.601 2.66667
6 19 33.9081 26.211 66.3892 64.9844 3.16667
61 13 41.3555 41.3555 48.5247 45.3435 2.66667
89 4 89.0733 1e-08 44.5436 35.2137 2.8
41 8 19.1114 19.1114 31.056 28.6671 3.16667
42 4 18.7055 18.7006 18.703 14.0273 0.666667
55 4 18.1206 18.1206 18.1206 13.5905 3.66667
14 3 15.2827 15.2827 15.2827 10.1885 2.66667
67 3 18.1206 1e-08 12.0804 8.54214 3.16667
1 1 5.0093 5.0093 5.0093 0 0.666667
59 1 3.96208 3.96208 3.96208 0 3.16667
12 1 2.1848 2.1848 2.1848 0 2.66667
13 1 1.22429 1.22429 1.22429 0 2.66667
17 1 1.22429 1.22429 1.22429 0 2.66667
5 1 1.22429 1.22429 1.22429 0 2.66667
4 1 1.22423 1.22423 1.22423 0 2.66667
47 1 0.340131 0.340131 0.340131 0 2.8
18 1 0.156407 0.156407 0.156407 0 2.8
53 1 0.03916 0.03916 0.03916 0 1.3
73 1 5e-09 5e-09 1e-08 5e-09 2.66667
85 1 1e-08 1e-08 1e-08 0 0.8
84 1 5e-09 5e-09 1e-08 5e-09 2.66667
83 1 1e-08 1e-08 1e-08 0 2.66667
79 1 1e-08 1e-08 1e-08 0 3.16667
77 1 1e-08 1e-08 1e-08 0 2.66667
68 1 1e-08 1e-08 1e-08 0 2.8
69 1 1e-08 1e-08 1e-08 0 2.8
88 1 1e-08 1e-08 1e-08 0 2.66667
90 1 1e-08 1e-08 1e-08 0 2.66667

61 19 54.5933 54.5933 71.927 69.0537 2.66667
7 18 22.9991 21.812 69.4969 68.2799 2.66667
6 17 49.409 38.1932 67.8458 65.5532 1.16667
92 3 89.0711 0.0522747 59.3978 41.9965 0.666667
41 7 21.7392 21.7392 27.9512 24.8456 3.16667
42 4 18.7055 18.7006 18.703 14.0273 0.666667
55 4 18.1206 18.1206 18.1206 13.5905 3.66667
14 3 15.2827 15.2827 15.2827 10.1885 2.66667
67 3 18.1206 1e-08 12.0804 8.54214 3.66667
1 1 5.0093 5.0093 5.0093 0 0.666667
59 1 3.96208 3.96208 3.96208 0 3.16667
12 1 2.1848 2.1848 2.1848 0 2.66667
13 1 1.22429 1.22429 1.22429 0 2.66667
17 1 1.22429 1.22429 1.22429 0 2.66667
5 1 1.22429 1.22429 1.22429 0 2.66667
4 1 1.22423 1.22423 1.22423 0 2.66667
47 1 0.340131 0.340131 0.340131 0 2.8
18 1 0.0782034 0.0782034 0.108256 0.0300522 3.16667
88 1 0.0485818 0.0485818 0.0485818 5e-09 2.66667
53 1 0.03916 0.03916 0.03916 0 1.3
96 1 1e-08 1e-08 1e-08 0 2.8
95 1 1e-08 1e-08 1e-08 0 2.8
94 1 1e-08 1e-08 1e-08 0 2.8
93 1 1e-08 1e-08 1e-08 0 2.85714
89 1 1e-08 1e-08 1e-08 0 2.8
91 1 1e-08 1e-08 1e-08 0 2.8
90 1 1e-08 1e-08 1e-08 0 2.66667
69 1 1e-08 1e-08 1e-08 0 2.8
68 1 1e-08 1e-08 1e-08 0 2.8
77 1 1e-08 1e-08 1e-08 0 2.66667
79 1 1e-08 1e-08 1e-08 0 3.16667
83 1 3.33333e-09 3.33333e-09 1e-08 6.66667e-09 2.66667

7 21 62.8881 59.6422 79.4619 76.6113 3.16667
6 21 62.8298 48.5675 78.8718 76.438 2.66667
61 20 31.8889 31.2538 76.7028 75.1337 3.16667
92 8 37.5154 0.911297 32.9475 28.8708 0.8
41 6 18.6336 18.6336 24.9204 21.8148 3.16667
42 4 18.7055 18.7006 18.703 14.0273 0.666667
55 4 18.1206 18.1206 18.1206 13.5905 3.66667
14 3 15.2827 15.2827 15.2827 10.1885 2.66667
67 3 18.1206 1e-08 12.0804 8.54214 3.16667
1 1 5.0093 5.0093 5.0093 0 0.666667
59 1 3.96208 3.96208 3.96208 0 3.16667
12 1 2.1848 2.1848 2.1848 0 2.66667
13 1 1.22429 1.22429 1.22429 0 2.66667
17 1 1.22429 1.22429 1.22429 0 2.66667
5 1 1.22429 1.22429 1.22429 0 2.66667
4 1 1.22423 1.22423 1.22423 0 2.66667
47 1 0.340131 0.340131 0.340131 0 2.8
18 1 0.0782034 0.0782034 0.126785 0.0485818 2.66667
53 1 0.03916 0.03916 0.03916 0 1.3
104 1 0.0314461 0.0314461 0.0314461 0 3.3

109 1 89.0733 89.0733 89.0733 0 2.8
110 1 88.5784 88.5784 88.5784 0 2.66667
7 14 19.1659 18.1767 85.4334 84.1228 2.66667
92 9 89.1607 2.16433 79.4244 70.6646 0.666667
61 12 39.5996 39.5881 72.5825 69.2834 2.66667
6 11 22.3794 18.2555 70.3693 68.4714 3.16667
41 5 30.1785 19.41 33.2097 28.9098 3.16667
42 3 14.0291 14.0254 18.703 14.0271 0.666667
55 3 13.5905 13.5905 18.1206 13.5905 3.66667
14 2 10.1885 10.1885 15.2827 10.1885 2.66667
67 2 12.0804 12.0804 12.0804 6.04021 3.66667
1 1 5.0093 5.0093 5.0093 0 0.666667
59 1 3.96208 3.96208 3.96208 0 3.16667
12 1 2.1848 2.1848 2.1848 0 2.66667
13 1 1.22429 1.22429 1.22429 0 2.66667
17 1 1.22429 1.22429 1.22429 0 2.66667
5 1 1.22429 1.22429 1.22429 0 2.66667
4 1 1.22423 1.22423 1.22423 0 2.66667
47 1 0.340131 0.340131 0.340131 0 2.8
18 1 0.0782034 0.0782034 0.0782034 5e-09 2.66667
53 1 0.03916 0.03916 0.03916 0 1.3
112 1 0.0272483 0.0272483 0.0272483 0 0.666667
105 1 0.0134807 0.0134807 0.0134807 0 3.16667
106 1 1e-08 1e-08 1e-08 0 3.16667
107 1 1e-08 1e-08 1e-08 0 0.8
108 1 3.33333e-09 3.33333e-09 1e-08 6.66667e-09 2.66667
111 1 1e-08 1e-08 1e-08 0 3.16667
113 1 1e-08 1e-08 1e-08 0 1.16667
114 1 1e-08 1e-08 1e-08 0 2.66667

7 14 83.1351 83.1351 83.1386 77.2004 3.16667
109 14 33.5963 24.4686 81.1695 79.3394 2.8
110 13 33.1168 33.0459 78.6406 76.0955 2.66667
6 13 77.7892 63.4548 77.1571 71.5995 3.16667
92 12 48.6088 48.5837 73.3376 69.2887 0.8
116 3 92.9773 0.0522752 62.0023 43.8381 3.16667
41 5 48.2856 31.056 34.5019 27.6359 3.16667
42 3 18.7055 18.7006 18.7038 12.4692 0.666667
55 3 18.1206 18.1206 18.1206 12.0804 3.66667
67 2 18.1206 18.1206 18.1206 9.06031 3.16667
14 2 15.2827 15.2827 15.2827 7.64137 2.66667
1 1 5.0093 5.0093 5.0093 0 0.666667
59 1 3.96208 3.96208 3.96208 0 3.16667
12 1 2.1848 2.1848 2.1848 0 2.66667
13 1 1.22429 1.22429 1.22429 0 2.66667
17 1 1.22429 1.22429 1.22429 0 2.66667
5 1 1.22429 1.22429 1.22429 0 2.66667
4 1 1.22423 1.22423 1.22423 0 2.66667
47 1 0.340131 0.340131 0.340131 0 2.8
18 1 0.156407 0.156407 0.156407 0 2.8
117 1 0.0514706 0.0514706 0.0514706 0 3.3
53 1 0.03916 0.03916 0.03916 0 1.3
105 1 0.00449358 0.00449358 0.00449358 6.66667e-09 3.16667
106 1 5e-09 5e-09 1e-08 5e-09 2.66667
107 1 1e-08 1e-08 1e-08 0 0.8
113 1 1e-08 1e-08 1e-08 0 1.16667
114 1 1e-08 1e-08 1e-08 0 2.66667
115 1 1e-08 1e-08 1e-08 0 2.66667

120 2 89.0733 89.0733 89.0733 44.5367 2.66667
122 1 89.0733 89.0733 89.0733 0 2.66667
110 11 52.9701 49.9859 86.3874 81.7736 0.666667
92 10 40.5073 40.4864 81.7028 77.6537 1.16667
7 10 17.6693 14.8456 79.2752 77.7494 2.66667
6 10 36.3301 36.3301 78.2058 74.5728 2.66667
121 8 64.7806 64.778 64.7921 56.6947 0.666667
116 8 43.4039 31.6116 63.5155 59.0719 3.16667
41 4 38.6285 24.8448 34.5019 27.4698 3.16667
42 2 12.4703 12.4703 18.7038 12.4687 0.666667
55 2 12.0804 12.0804 18.1206 12.0804 3.66667
67 2 18.1206 18.1206 18.1206 9.06031 3.16667
14 2 15.2827 15.2827 15.2827 7.64137 2.66667
1 1 5.0093 5.0093 5.0093 0 0.666667
59 1 3.96208 3.96208 3.96208 0 3.16667
12 1 2.1848 2.1848 2.1848 0 2.66667
13 1 1.22429 1.22429 1.22429 0 2.66667
17 1 1.22429 1.22429 1.22429 0 2.66667
5 1 1.22429 1.22429 1.22429 0 2.66667
4 1 1.22423 1.22423 1.22423 0 2.66667
47 1 0.340131 0.340131 0.340131 0 2.8
18 1 0.156407 0.156407 0.156407 0 2.8
53 1 0.03916 0.03916 0.03916 0 1.3
117 1 0.027999 0.027999 0.027999 0 3.3
105 1 0.00674036 0.00674036 0.00774938 0.00100901 3.16667
107 1 1e-08 1e-08 1e-08 0 0.8
113 1 1e-08 1e-08 1e-08 0 1.16667
114 1 1e-08 1e-08 1e-08 0 2.66667
115 1 1e-08 1e-08 1e-08 0 2.66667
109 1 1e-08 1e-08 1e-08 0 2.66667
123 1 1e-08 1e-08 1e-08 0 2.66667

116 7 124.786 89.0733 103.336 88.5959 3.66667
6 15 61.0346 61.0346 89.5598 85.4908 2.66667
110 15 30.559 27.2804 88.7996 86.881 0.666667
122 13 45.9403 39.3828 76.3092 73.2069 3.16667
120 12 33.8099 32.3903 72.9971 70.288 2.66667
41 4 48.2856 31.056 35.3634 26.588 3.16667
42 2 18.7055 18.7055 18.7055 9.35273 0.666667
55 2 18.1206 18.1206 18.1206 9.06031 3.66667
67 2 18.1206 18.1206 18.1206 9.06031 3.16667
92 3 54.1839 6e-09 18.0613 14.747 0.666667
14 2 15.2827 15.2827 15.2827 7.64137 2.66667
1 1 5.0093 5.0093 5.0093 0 0.666667
59 1 3.96208 3.96208 3.96208 0 3.16667
12 1 2.1848 2.1848 2.1848 0 2.66667
13 1 1.22429 1.22429 1.22429 0 2.66667
17 1 1.22429 1.22429 1.22429 0 2.66667
5 1 1.22429 1.22429 1.22429 0 2.66667
4 1 1.22423 1.22423 1.22423 0 2.66667
47 1 0.340131 0.340131 0.340131 0 2.8
18 1 0.156407 0.156407 0.156407 0 2.8
53 1 0.03916 0.03916 0.03916 0 1.3
117 1 0.0139995 0.0139995 0.0139995 5e-09 3.8
105 1 0.0134807 0.0134807 0.0134807 0 3.16667
125 1 0.00058898 0.00058898 0.000588985 5e-09 1.3
129 1 1e-08 1e-08 1e-08 0 3.16667
128 1 1e-08 1e-08 1e-08 0 2.66667
127 1 1e-08 1e-08 1e-08 0 2.66667
126 1 1e-08 1e-08 1e-08 0 2.66667
124 1 5e-09 5e-09 1e-08 5e-09 3.16667
109 1 1e-08 1e-08 1e-08 0 2.66667
115 1 1e-08 1e-08 1e-08 0 2.66667
114 1 5e-09 5e-09 1e-08 5e-09 2.66667
113 1 1e-08 1e-08 1e-08 0 1.16667
107 1 1e-08 1e-08 1e-08 0 0.8
7 1 5e-09 5e-09 1e-08 5e-09 3.16667

132 1 125.498 125.498 125.498 0 3.16667
120 11 75.3697 75.3697 89.0733 82.2215 2.66667
133 1 89.0711 89.0711 89.0711 0 0.666667
116 11 16.7396 13.9104 88.0841 86.6698 3.16667
6 11 29.4465 29.4465 86.5651 83.8881 2.66667
122 9 47.8038 44.5367 76.0804 70.9261 3.3
110 8 71.2964 3.66703 62.8319 55.0489 1.16667
130 2 89.0733 1e-08 44.5367 31.4922 2.66667
41 4 48.2856 31.056 35.3634 26.588 3.16667
42 2 18.7055 18.7055 18.7055 9.35273 0.666667
55 2 18.1206 18.1206 18.1206 9.06031 3.66667
67 2 18.1206 18.1206 18.1206 9.06031 3.16667
14 1 7.64137 7.64137 15.2827 7.64137 2.66667
1 1 5.0093 5.0093 5.0093 0 0.666667
59 1 3.96208 3.96208 3.96208 0 3.16667
12 1 2.1848 2.1848 2.1848 0 2.66667
13 1 1.22429 1.22429 1.22429 0 2.66667
17 1 1.22429 1.22429 1.22429 0 2.66667
5 1 1.22429 1.22429 1.22429 0 2.66667
4 1 1.22423 1.22423 1.22423 0 2.66667
47 1 0.340131 0.340131 0.340131 0 2.8
18 1 0.0782034 0.0782034 0.0782042 7.73043e-07 2.66667
53 1 0.03916 0.03916 0.03916 0 1.3
105 1 0.00674036 0.00674036 0.00674037 5e-09 3.16667
125 1 0.00117796 0.00117796 0.00117796 0 0.8
129 1 1e-08 1e-08 1e-08 0 3.16667
127 1 1e-08 1e-08 1e-08 0 2.66667
126 1 5e-09 5e-09 1e-08 5e-09 2.66667
124 1 1e-08 1e-08 1e-08 0 2.66667
114 1 5e-09 5e-09 1e-08 5e-09 2.66667
107 1 1e-08 1e-08 1e-08 0 0.8
131 1 1e-08 1e-08 1e-08 0 2.66667
92 1 1e-08 1e-08 1e-08 0 1.16667

132 12 53.785 53.785 106.123 101.641 3.16667
116 12 46.7948 46.5449 103.304 99.4094 3.16667
6 11 48.6508 48.6508 92.8995 88.4767 2.66667
122 7 95.6075 89.0733 92.5388 79.3201 3.8
120 8 19.7941 19.7941 72.3422 69.8679 2.66667
110 5 89.0793 0.0898849 71.2784 57.4654 1.16667
125 3 89.1673 0.00117796 59.4282 42.022 1.3
133 6 41.1325 41.1227 55.315 48.4598 1.16667
131 2 89.0733 1e-08 44.5367 31.4922 2.66667
41 4 48.2856 31.056 35.3634 26.588 3.16667
42 2 18.7055 18.7055 18.7055 9.35273 0.666667
55 2 18.1206 18.1206 18.1206 9.06031 3.66667
67 2 18.1206 18.1206 18.1206 9.06031 3.66667
14 1 15.2827 15.2827 15.2827 0 2.66667
1 1 5.0093 5.0093 5.0093 0 0.666667
59 1 3.96208 3.96208 3.96208 0 3.16667
12 1 2.1848 2.1848 2.1848 0 2.66667
13 1 1.22429 1.22429 1.22429 0 2.66667
17 1 1.22429 1.22429 1.22429 0 2.66667
5 1 1.22429 1.22429 1.22429 0 2.66667
4 1 1.22423 1.22423 1.22423 0 2.66667
47 1 0.340131 0.340131 0.340131 0 2.8
18 1 0.156407 0.156407 0.156407 0 2.8
137 1 0.052225 0.052225 0.052225 0 3.8
53 1 0.03916 0.03916 0.03916 0 1.3
105 1 0.0134807 0.0134807 0.0134807 0 3.16667
129 1 1e-08 1e-08 1e-08 0 3.16667
127 1 1e-08 1e-08 1e-08 0 2.66667
126 1 1e-08 1e-08 1e-08 0 2.66667
124 1 1e-08 1e-08 1e-08 0 2.66667
114 1 5e-09 5e-09 1e-08 5e-09 3.66667
107 1 1e-08 1e-08 1e-08 0 0.8
130 1 1e-08 1e-08 1e-08 0 2.66667
92 1 1e-08 1e-08 1e-08 0 1.16667
134 1 5e-09 5e-09 1e-08 5e-09 3.16667
136 1 1e-08 1e-08 1e-08 0 3.16667
135 1 4.95126e-33 4.95126e-33 4.95126e-33 0 3.66667

114 1 124.786 124.786 124.786 0 3.66667
137 12 73.8488 71.3064 118.9 112.94 3.66667
132 11 44.5317 44.5317 104.085 100.037 3.16667
6 9 33.9081 33.9081 91.0931 87.3255 2.66667
120 9 80.166 80.166 89.0733 80.166 2.66667
116 8 39.4275 27.5488 82.5885 78.8876 3.3
110 8 23.8284 23.7686 81.0387 78.0644 1.16667
135 5 128.663 4.95126e-33 75.647 61.7662 3.66667
41 3 36.2142 23.292 35.3634 26.2423 3.16667
139 1 33.3887 33.3887 33.3887 0 2.66667
125 2 35.6464 2.40852 19.0277 12.6318 0.8
42 1 9.35273 9.35273 18.7055 9.35273 0.666667
55 1 9.06031 9.06031 18.1206 9.06031 3.66667
67 1 9.06031 9.06031 18.1206 9.06031 3.16667
14 1 15.2827 15.2827 15.2827 0 2.66667
1 1 5.0093 5.0093 5.0093 0 0.666667
59 1 3.96208 3.96208 3.96208 0 3.16667
12 1 2.1848 2.1848 2.1848 0 2.66667
13 1 1.22429 1.22429 1.22429 0 2.66667
17 1 1.22429 1.22429 1.22429 0 2.66667
5 1 1.22429 1.22429 1.22429 0 2.66667
4 1 1.22423 1.22423 1.22423 0 2.66667
47 1 0.340131 0.340131 0.340131 0 2.8
18 1 0.156407 0.156407 0.156407 0 2.8
133 1 0.017977 0.017977 0.0428213 0.0248444 1.16667
53 1 0.03916 0.03916 0.03916 0 1.3
141 1 0.0174217 0.0174217 0.0272715 0.00984978 3.8
105 1 0.0134807 0.0134807 0.0134807 0 3.16667
122 1 0.00952368 0.00952368 0.00952368 0 3.3
143 1 1e-08 1e-08 1e-08 0 2.8
142 1 1e-08 1e-08 1e-08 0 3.3
140 1 1e-08 1e-08 1e-08 0 0.857143
138 1 1e-08 1e-08 1e-08 0 2.66667
130 1 1e-08 1e-08 1e-08 0 2.66667
107 1 1e-08 1e-08 1e-08 0 0.8
131 1 1e-08 1e-08 1e-08 0 2.66667
124 1 1e-08 1e-08 1e-08 0 2.66667
126 1 1e-08 1e-08 1e-08 0 2.66667
127 1 1e-08 1e-08 1e-08 0 2.66667
129 1 1e-08 1e-08 1e-08 0 3.16667

114 13 28.9665 27.9693 111.542 109.368 3.66667
132 10 50.1993 50.1993 91.0891 86.0692 3.16667
116 10 73.9266 53.1153 90.1881 84.4645 3.66667
144 1 89.1325 89.1325 89.1325 0 1.3
6 10 48.4402 48.4402 88.7823 83.9382 3.16667
120 9 32.0664 32.0664 78.5818 75.0189 2.66667
125 7 89.1673 1e-08 64.5388 55.5981 1.3
137 5 51.9942 37.2317 47.635 39.6157 3.66667
110 2 89.184 0.0898849 44.637 31.5313 1.16667
41 3 48.2856 31.056 36.7992 24.6817 3.16667
42 1 18.7055 18.7055 18.7055 0 0.666667
55 1 18.1206 18.1206 18.1206 0 3.66667
67 1 18.1206 18.1206 18.1206 0 3.66667
14 1 15.2827 15.2827 15.2827 0 2.66667
1 1 5.0093 5.0093 5.0093 0 0.666667
59 1 3.96208 3.96208 3.96208 0 3.16667
12 1 2.1848 2.1848 2.1848 0 2.66667
13 1 1.22429 1.22429 1.22429 0 2.66667
17 1 1.22429 1.22429 1.22429 0 2.66667
5 1 1.22429 1.22429 1.22429 0 2.66667
4 1 1.22423 1.22423 1.22423 0 2.66667
47 1 0.340131 0.340131 0.340131 0 2.8
18 1 0.0782034 0.0782034 0.0825709 0.00436748 2.8
53 1 0.03916 0.03916 0.03916 0 1.3
105 1 0.0134807 0.0134807 0.0134807 0 3.16667
127 1 1e-08 1e-08 1e-08 0 2.66667
143 1 1e-08 1e-08 1e-08 0 2.8
129 1 1e-08 1e-08 1e-08 0 3.16667
126 1 1e-08 1e-08 1e-08 0 2.66667
142 1 1e-08 1e-08 1e-08 0 3.3
138 1 1e-08 1e-08 1e-08 0 2.66667
130 1 1e-08 1e-08 1e-08 0 2.66667
107 1 1e-08 1e-08 1e-08 0 0.8
131 1 1e-08 1e-08 1e-08 0 2.66667
124 1 1e-08 1e-08 1e-08 0 2.66667

114 14 58.8703 51.3825 109.991 106.219 3.66667
132 13 56.2579 56.2579 102.602 98.2743 3.16667
116 12 69.4267 49.8822 97.4022 92.7056 3.66667
146 2 89.3565 89.3565 89.3565 44.6782 1.66667
120 11 75.3697 75.3697 89.0733 82.2215 2.66667
6 9 33.9081 33.9081 72.9399 69.1723 2.66667
144 9 29.006 28.6497 70.3909 67.2023 1.3
41 3 48.2856 31.056 36.7992 24.6817 3.16667
42 1 18.7055 18.7055 18.7055 0 0.666667
55 1 18.1206 18.1206 18.1206 0 3.66667
67 1 18.1206 18.1206 18.1206 0 3.66667
14 1 15.2827 15.2827 15.2827 0 2.66667
1 1 5.0093 5.0093 5.0093 0 0.666667
59 1 3.96208 3.96208 3.96208 0 3.16667
12 1 2.1848 2.1848 2.1848 0 2.66667
13 1 1.22429 1.22429 1.22429 0 2.66667
17 1 1.22429 1.22429 1.22429 0 2.66667
5 1 1.22429 1.22429 1.22429 0 2.66667
4 1 1.22423 1.22423 1.22423 0 2.66667
47 1 0.340131 0.340131 0.340131 0 2.8
18 1 0.156407 0.156407 0.156407 0 2.8
110 1 0.0449425 0.0449425 0.0449425 5e-09 1.16667
53 1 0.03916 0.03916 0.03916 0 1.3
105 1 0.0134807 0.0134807 0.0134807 0 3.16667
147 1 0.00674546 0.00674546 0.00674546 5e-09 3.66667
142 1 8.08379e-06 8.08379e-06 8.08879e-06 5e-09 3.3
129 1 1e-08 1e-08 1e-08 0 3.16667
126 1 1e-08 1e-08 1e-08 0 2.66667
143 1 1e-08 1e-08 1e-08 0 2.8
130 1 1e-08 1e-08 1e-08 0 2.66667
131 1 5e-09 5e-09 1e-08 5e-09 2.66667
124 1 5e-09 5e-09 1e-08 5e-09 2.66667
145 1 1e-08 1e-08 1e-08 0 0.857143
137 1 5e-09 5e-09 1e-08 5e-09 2.66667
127 1 1e-08 1e-08 1e-08 0 2.66667
148 1 1e-08 1e-08 1e-08 0 3.66667

114 11 88.8493 85.7905 126.033 118.121 3.66667
151 10 84.1005 73.4036 118.957 111.059 3.66667
132 10 40.4833 40.4833 117.819 113.771 3.16667
144 7 78.9609 77.991 89.2887 78.1249 1.3
131 3 89.0733 89.0733 89.0733 59.3822 2.66667
155 1 89.047 89.047 89.047 0 2.66667
6 7 54.7747 54.7747 88.6427 80.8177 2.66667
116 7 26.6136 26.6136 87.1077 83.3058 3.66667
120 7 24.9405 24.9405 85.5104 81.9475 2.66667
147 4 129.235 0.0134909 63.6667 50.3091 3.66667
146 5 29.7855 29.7855 59.5622 53.6051 1.66667
41 3 48.2856 31.056 36.7992 24.6817 3.16667
42 1 18.7055 18.7055 18.7055 0 0.666667
55 1 18.1206 18.1206 18.1206 0 3.66667
67 1 18.1206 18.1206 18.1206 0 3.66667
14 1 15.2827 15.2827 15.2827 0 2.66667
1 1 5.0093 5.0093 5.0093 0 0.666667
59 1 3.96208 3.96208 3.96208 0 3.16667
12 1 2.1848 2.1848 2.1848 0 2.66667
13 1 1.22429 1.22429 1.22429 0 2.66667
17 1 1.22429 1.22429 1.22429 0 2.66667
5 1 1.22429 1.22429 1.22429 0 2.66667
4 1 1.22423 1.22423 1.22423 0 2.66667
47 1 0.340131 0.340131 0.340131 0 2.8
18 1 0.156407 0.156407 0.156407 0 2.8
110 1 0.0898849 0.0898849 0.0898849 0 1.16667
53 1 0.03916 0.03916 0.03916 0 1.3
105 1 0.0134807 0.0134807 0.0134807 0 3.16667
142 1 1.61676e-05 1.61676e-05 1.61676e-05 0 3.3
126 1 1e-08 1e-08 1e-08 0 2.66667
143 1 1e-08 1e-08 1e-08 0 2.8
130 1 1e-08 1e-08 1e-08 0 2.66667
129 1 1e-08 1e-08 1e-08 0 3.16667
124 1 1e-08 1e-08 1e-08 0 2.66667
145 1 1e-08 1e-08 1e-08 0 0.857143
137 1 1e-08 1e-08 1e-08 0 2.66667
127 1 1e-08 1e-08 1e-08 0 2.66667
148 1 5e-09 5e-09 1e-08 5e-09 3.66667

116 13 133.068 1e-08 122.832 113.416 4.16667
132 13 81.5739 81.5739 108.339 102.064 3.16667
114 13 30.977 28.001 105.15 102.907 3.8
6 11 50.8622 50.8622 87.8551 83.2313 2.66667
155 10 59.3822 59.3647 83.1328 77.1958 2.66667
144 9 38.6747 38.2146 76.6859 72.419 1.3
131 9 61.6662 61.6662 75.3879 68.5361 2.66667
41 3 48.2856 31.056 36.7992 24.6817 3.16667
42 1 18.7055 18.7055 18.7055 0 0.666667
55 1 18.1206 18.1206 18.1206 0 3.66667
67 1 18.1206 18.1206 18.1206 0 3.66667
14 1 15.2827 15.2827 15.2827 0 2.66667
151 1 14.9484 14.9484 15.0538 0.105309 3.66667
1 1 5.0093 5.0093 5.0093 0 0.666667
59 1 3.96208 3.96208 3.96208 0 3.16667
12 1 2.1848 2.1848 2.1848 0 2.66667
13 1 1.22429 1.22429 1.22429 0 2.66667
17 1 1.22429 1.22429 1.22429 0 2.66667
5 1 1.22429 1.22429 1.22429 0 2.66667
4 1 1.22423 1.22423 1.22423 0 2.66667
47 1 0.340131 0.340131 0.340131 0 2.8
18 1 0.156407 0.156407 0.156407 0 2.8
110 1 0.0898849 0.0898849 0.0898849 0 1.16667
157 1 0.0521205 0.0521205 0.0521205 0 3.8
53 1 0.03916 0.03916 0.03916 0 1.3
147 1 0.00674036 0.00674036 0.00674037 5e-09 2.66667
142 1 1.61676e-05 1.61676e-05 1.61676e-05 0 3.3
158 1 1e-08 1e-08 1e-08 0 3.3

114 12 131.973 119.294 127.448 116.871 3.66667
116 11 44.5378 43.0514 121.074 117.148 4.16667
132 10 43.2753 43.2753 103.932 99.6048 3.16667
161 3 89.0733 89.0733 89.0733 59.3822 2.66667
155 7 23.9813 23.9813 79.5618 76.1359 2.66667
144 7 25.2675 25.2029 78.8964 75.2885 1.3
131 6 89.0733 0.0521205 74.2365 62.1103 2.66667
160 7 129.235 0.0522634 74.1511 64.2043 3.66667
6 7 23.7357 23.7357 73.4541 70.0633 2.66667
151 4 142.468 1e-08 67.9293 53.715 3.66667
41 3 48.2856 31.056 36.7992 24.6817 3.16667
42 1 18.7055 18.7055 18.7055 0 0.666667
55 1 18.1206 18.1206 18.1206 0 3.66667
67 1 18.1206 18.1206 18.1206 0 3.66667
14 1 15.2827 15.2827 15.2827 0 2.66667
1 1 5.0093 5.0093 5.0093 0 0.666667
59 1 3.96208 3.96208 3.96208 0 3.16667
12 1 2.1848 2.1848 2.1848 0 2.66667
13 1 1.22429 1.22429 1.22429 0 2.66667
17 1 1.22429 1.22429 1.22429 0 2.66667
5 1 1.22429 1.22429 1.22429 0 2.66667
4 1 1.22423 1.22423 1.22423 0 2.66667
47 1 0.340131 0.340131 0.340131 0 2.8
18 1 0.156407 0.156407 0.156407 0 2.8
110 1 0.0898849 0.0898849 0.0898849 0 1.16667
162 1 0.0519007 0.0519007 0.0519007 0 3.16667
53 1 0.03916 0.03916 0.03916 0 1.3
142 1 1.61676e-05 1.61676e-05 1.61676e-05 0 3.3
158 1 1e-08 1e-08 1e-08 0 3.3
159 1 1e-08 1e-08 1e-08 0 2.66667
163 1 1e-08 1e-08 1e-08 0 1.66667
164 1 1e-08 1e-08 1e-08 0 2.66667

114 14 41.667 40.0318 105.219 102.352 3.66667
132 14 73.5882 73.2074 104.43 99.1993 3.66667
116 13 68.8312 66.5339 96.7442 91.6126 4.16667
6 8 101.724 1e-08 89.0088 77.9962 2.66667
161 11 32.6602 32.6602 83.1368 80.1677 2.66667
144 10 45.1325 45.1205 76.6535 72.1413 1.3
131 5 49.4852 0.0290419 39.6085 31.9358 3.8
41 3 48.2856 31.056 36.7992 24.6817 3.16667
42 1 18.7055 18.7055 18.7055 0 0.666667
55 1 18.1206 18.1206 18.1206 0 3.66667
67 1 18.1206 18.1206 18.1206 0 3.66667
14 1 15.2827 15.2827 15.2827 0 2.66667
1 1 5.0093 5.0093 5.0093 0 0.666667
59 1 3.96208 3.96208 3.96208 0 3.16667
12 1 2.1848 2.1848 2.1848 0 2.66667
13 1 1.22429 1.22429 1.22429 0 2.66667
17 1 1.22429 1.22429 1.22429 0 2.66667
5 1 1.22429 1.22429 1.22429 0 2.66667
4 1 1.22423 1.22423 1.22423 0 2.66667
18 1 0.404741 0.404741 0.482944 0.0782034 2.66667
47 1 0.340131 0.340131 0.340131 0 2.8
169 1 0.340015 0.340015 0.340015 0 3.8
110 1 0.0898849 0.0898849 0.0898849 0 1.16667
166 1 0.0521883 0.0521883 0.0521883 0 3.8
162 1 0.0519007 0.0519007 0.0519007 0 3.16667
53 1 0.03916 0.03916 0.03916 0 1.3
168 1 0.0316126 0.0316126 0.0316126 0 3.8
171 1 0.0284593 0.0284593 0.0284593 0 3.16667
165 1 0.0134807 0.0134807 0.0134807 0 3.16667
142 1 1.61676e-05 1.61676e-05 1.61676e-05 0 3.3
163 1 1e-08 1e-08 1e-08 0 1.66667

114 15 54.4429 52.3064 136.207 132.697 3.66667
132 13 58.5702 58.2671 122.661 118.177 3.16667
116 12 48.5867 46.9651 107.429 103.481 4.16667
144 10 64.4749 64.4579 90.218 83.7719 1.3
161 8 33.9327 33.9327 72.3012 68.0596 2.66667
131 4 89.0733 0.0521883 66.818 51.0317 2.66667
6 7 28.4828 28.4828 65.1145 61.0456 2.66667
172 3 89.0733 0.0522754 59.3996 41.9978 2.66667
41 3 48.2856 31.056 36.7992 24.6817 3.16667
176 1 33.3887 33.3887 33.3887 0 2.66667
42 1 18.7055 18.7055 18.7055 0 0.666667
55 1 18.1206 18.1206 18.1206 0 3.66667
67 1 18.1206 18.1206 18.1206 0 3.66667
14 1 15.2827 15.2827 15.2827 0 2.66667
1 1 5.0093 5.0093 5.0093 0 0.666667
59 1 3.96208 3.96208 3.96208 0 3.16667
12 1 2.1848 2.1848 2.1848 0 2.66667
13 1 1.22429 1.22429 1.22429 0 2.66667
17 1 1.22429 1.22429 1.22429 0 2.66667
5 1 1.22429 1.22429 1.22429 0 2.66667
4 1 1.22423 1.22423 1.22423 0 2.66667
47 1 0.340131 0.340131 0.340131 0 2.8
169 1 0.340015 0.340015 0.340015 0 3.8
110 1 0.0898849 0.0898849 0.0898849 0 1.16667
162 1 0.0519007 0.0519007 0.0519007 0 3.16667
53 1 0.03916 0.03916 0.03916 0 1.3
168 1 0.0316126 0.0316126 0.0316126 0 3.8
171 1 0.0142296 0.0142296 0.014789 0.000559353 3.66667
165 1 0.0134807 0.0134807 0.0134807 0 3.16667
142 1 1.61676e-05 1.61676e-05 1.61676e-05 0 3.3
163 1 1e-08 1e-08 1e-08 0 1.66667
173 1 5e-09 5e-09 1e-08 5e-09 2.66667
174 1 5e-09 5e-09 1e-08 5e-09 2.66667
175 1 1e-08 1e-08 1e-08 0 4.16667

114 17 63.2445 60.7626 136.465 132.84 3.66667
116 15 66.6109 64.3877 121.182 116.845 4.16667
132 12 44.524 44.2935 96.1261 92.4302 3.16667
6 8 101.724 33.3887 93.1824 81.5835 2.66667
144 10 34.7173 34.7081 79.7354 76.2644 1.3
161 9 47.1565 47.1565 73.3576 68.118 2.66667
131 7 44.5367 44.5367 57.2726 50.9102 2.66667
41 3 48.2856 31.056 36.7992 24.6817 3.16667
42 1 18.7055 18.7055 18.7055 0 0.666667
55 1 18.1206 18.1206 18.1206 0 3.66667
67 1 18.1206 18.1206 18.1206 0 3.66667
14 1 15.2827 15.2827 15.2827 0 2.66667
1 1 5.0093 5.0093 5.0093 0 0.666667
59 1 3.96208 3.96208 3.96208 0 3.16667
12 1 2.1848 2.1848 2.1848 0 2.66667
13 1 1.22429 1.22429 1.22429 0 2.66667
17 1 1.22429 1.22429 1.22429 0 2.66667
5 1 1.22429 1.22429 1.22429 0 2.66667
4 1 1.22423 1.22423 1.22423 0 2.66667
47 1 0.340131 0.340131 0.340131 0 2.8
169 1 0.340015 0.340015 0.340015 0 3.8
110 1 0.0898849 0.0898849 0.0898849 0 1.16667
180 1 0.052172 0.052172 0.052172 0 3.3
162 1 0.0519007 0.0519007 0.0519007 0 3.16667
53 1 0.03916 0.03916 0.03916 0 1.3
177 1 0.0173961 0.0173961 0.0345402 0.0171441 3.8
168 1 0.0316126 0.0316126 0.0316126 0 3.8
142 1 1.61676e-05 1.61676e-05 1.61676e-05 0 3.3

114 15 60.3286 57.9612 132.67 128.692 3.66667
116 14 60.2273 58.2172 124.844 120.607 4.16667
132 12 52.2005 51.9303 106.176 101.837 3.16667
161 10 89.0733 89.0733 89.0733 80.166 2.66667
6 9 41.6145 41.6145 80.0668 75.443 2.66667
144 8 25.1157 24.8941 72.6842 69.5684 1.3
131 7 77.9392 8.75e-09 66.805 57.3938 2.66667
41 3 48.2856 31.056 36.7992 24.6817 3.16667
181 4 142.971 1e-08 35.7427 30.9541 3.66667
182 2 16.6944 16.6944 25.0545 16.7073 2.66667
42 1 18.7055 18.7055 18.7055 0 0.666667
55 1 18.1206 18.1206 18.1206 0 3.66667
67 1 18.1206 18.1206 18.1206 0 3.66667
14 1 15.2827 15.2827 15.2827 0 2.66667
1 1 5.0093 5.0093 5.0093 0 0.666667
59 1 3.96208 3.96208 3.96208 0 3.16667
12 1 2.1848 2.1848 2.1848 0 2.66667
13 1 1.22429 1.22429 1.22429 0 2.66667
17 1 1.22429 1.22429 1.22429 0 2.66667
5 1 1.22429 1.22429 1.22429 0 2.66667
4 1 1.22423 1.22423 1.22423 0 2.66667
47 1 0.340131 0.340131 0.340131 0 2.8
169 1 0.340015 0.340015 0.340015 0 3.8
185 1 0.124442 0.124442 0.124442 0 3.66667
110 1 0.0898849 0.0898849 0.0898849 0 1.16667
177 1 0.0521883 0.0521883 0.0521883 0 3.8
180 1 0.052172 0.052172 0.052172 0 3.3

132 14 53.5187 53.5187 113.676 109.853 3.66667
114 14 47.3488 47.3488 112.52 109.138 3.66667
116 14 59.3185 56.6845 112.429 108.354 4.16667
144 10 91.0445 90.004 90.2899 81.2609 1.3
161 11 46.6575 46.6575 89.0733 84.8317 2.66667
6 10 40.6898 40.6898 85.3861 81.3171 2.66667
186 8 89.0733 1e-08 66.8088 58.6561 2.8
41 3 48.2856 31.056 36.7992 24.6817 3.16667
42 1 18.7055 18.7055 18.7055 0 0.666667
55 1 18.1206 18.1206 18.1206 0 3.66667
67 1 18.1206 18.1206 18.1206 0 3.66667
14 1 15.2827 15.2827 15.2827 0 2.66667
1 1 5.0093 5.0093 5.0093 0 0.666667
59 1 3.96208 3.96208 3.96208 0 3.16667
12 1 2.1848 2.1848 2.1848 0 2.66667
13 1 1.22429 1.22429 1.22429 0 2.66667
17 1 1.22429 1.22429 1.22429 0 2.66667
5 1 1.22429 1.22429 1.22429 0 2.66667
4 1 1.22423 1.22423 1.22423 0 2.66667
47 1 0.340131 0.340131 0.340131 0 2.8
169 1 0.340015 0.340015 0.340015 0 3.8
185 1 0.124442 0.124442 0.124442 0 3.66667
110 1 0.0898849 0.0898849 0.0898849 0 1.16667
177 1 0.0521883 0.0521883 0.0521883 0 3.8
180 1 0.052172 0.052172 0.052172 0 3.3

116 15 69.706 66.6109 126.207 121.73 4.16667
114 15 83.0409 82.6726 119.432 113.919 3.66667
132 13 38.1387 38.1387 109.297 106.363 3.66667
6 11 101.724 101.724 101.724 92.4767 2.66667
144 10 27.4467 26.5485 82.8121 80.1427 1.3
161 9 32.0664 32.0664 74.887 71.324 2.66667
193 7 69.2793 0.0406567 57.3192 49.2498 2.8
41 3 48.2856 31.056 36.7992 24.6817 3.16667
42 1 18.7055 18.7055 18.7055 0 0.666667
55 1 18.1206 18.1206 18.1206 0 3.66667
67 1 18.1206 18.1206 18.1206 0 3.66667
14 1 15.2827 15.2827 15.2827 0 2.66667
1 1 5.0093 5.0093 5.0093 0 0.666667
59 1 3.96208 3.96208 3.96208 0 3.16667
12 1 2.1848 2.1848 2.1848 0 2.66667
13 1 1.22429 1.22429 1.22429 0 2.66667
17 1 1.22429 1.22429 1.22429 0 2.66667
5 1 1.22429 1.22429 1.22429 0 2.66667
4 1 1.22423 1.22423 1.22423 0 2.66667
47 1 0.340131 0.340131 0.340131 0 2.8
169 1 0.340015 0.340015 0.340015 0 3.8
110 1 0.0898849 0.0898849 0.0898849 0 1.16667
177 1 0.0521883 0.0521883 0.0521883 0 3.8
180 1 0.052172 0.052172 0.052172 0 3.3
194 1 1e-08 1e-08 1e-08 0 3.66667
195 1 1e-08 1e-08 1e-08 0 3.8

114 16 68.3308 68.0277 128.117 123.863 3.66667
116 14 53.0744 50.7177 109.643 105.949 3.66667
132 12 52.2005 52.2005 96.3881 92.0381 3.66667
161 9 89.0733 89.0733 89.0733 79.1763 2.66667
6 10 31.7889 31.7889 81.5606 78.3817 2.66667
144 10 34.7389 33.4315 80.6309 77.2438 1.3
193 7 89.0733 0.0522728 73.6918 63.3169 2.66667
41 3 48.2856 31.056 36.7992 24.6817 3.16667
42 1 18.7055 18.7055 18.7055 0 0.666667
55 1 18.1206 18.1206 18.1206 0 3.66667
67 1 18.1206 18.1206 18.1206 0 3.66667
14 1 15.2827 15.2827 15.2827 0 2.66667
1 1 5.0093 5.0093 5.0093 0 0.666667
59 1 3.96208 3.96208 3.96208 0 3.16667
12 1 2.1848 2.1848 2.1848 0 2.66667
13 1 1.22429 1.22429 1.22429 0 2.66667
17 1 1.22429 1.22429 1.22429 0 2.66667
5 1 1.22429 1.22429 1.22429 0 2.66667
4 1 1.22423 1.22423 1.22423 0 2.66667
47 1 0.340131 0.340131 0.340131 0 2.8
169 1 0.340015 0.340015 0.340015 0 3.8
110 1 0.0898849 0.0898849 0.0898849 0 1.16667
177 1 0.0521883 0.0521883 0.0521883 0 3.8
180 1 0.052172 0.052172 0.052172 0 3.3
195 1 1e-08 1e-08 1e-08 0 3.8
196 1 5e-09 5e-09 1e-08 5e-09 1.35714
197 1 1e-08 1e-08 1e-08 0 2.8
198 1 1e-08 1e-08 1e-08 0 3.16667

114 14 55.0692 54.825 144.752 140.827 3.66667
116 12 54.0222 53.4067 123.629 119.155 3.66667
132 11 55.5065 55.5065 116.063 111.017 3.66667
193 1 89.0733 89.0733 89.0733 0 2.66667
144 8 53.5971 52.0254 84.9858 78.3954 1.35714
6 8 38.2973 26.2515 84.6249 81.1568 2.66667
161 7 29.6911 29.6911 75.5362 71.2946 2.8
180 3 126.151 0.052172 71.7589 50.9874 3.8
199 5 74.2278 0.0435628 59.3996 47.8906 3.16667
201 2 89.0733 0.0521071 44.5627 31.4922 3.8
41 3 48.2856 31.056 36.7992 24.6817 3.16667
42 1 18.7055 18.7055 18.7055 0 0.666667
55 1 18.1206 18.1206 18.1206 0 3.66667
67 1 18.1206 18.1206 18.1206 0 3.66667
14 1 15.2827 15.2827 15.2827 0 2.66667
1 1 5.0093 5.0093 5.0093 0 0.666667
59 1 3.96208 3.96208 3.96208 0 3.16667
12 1 2.1848 2.1848 2.1848 0 2.66667
13 1 1.22429 1.22429 1.22429 0 2.66667
17 1 1.22429 1.22429 1.22429 0 2.66667
5 1 1.22429 1.22429 1.22429 0 2.66667
4 1 1.22423 1.22423 1.22423 0 2.66667
47 1 0.340131 0.340131 0.340131 0 2.8
169 1 0.340015 0.340015 0.340015 0 3.8
110 1 0.0898849 0.0898849 0.0898849 0 1.16667
177 1 0.0521883 0.0521883 0.0521883 0 3.8
203 1 0.000806452 0.000806452 0.0016129 0.000806451 3.66667
202 1 8.09031e-05 8.09031e-05 8.09031e-05 0 3.16667
195 1 1e-08 1e-08 1e-08 0 3.8
196 1 1e-08 1e-08 1e-08 0 1.35714
197 1 1e-08 1e-08 1e-08 0 2.8
198 1 1e-08 1e-08 1e-08 0 3.16667
200 1 1e-08 1e-08 1e-08 0 3.66667
204 1 1e-08 1e-08 1e-08 0 3.66667
205 1 1e-08 1e-08 1e-08 0 3.66667

116 12 54.0222 53.4067 108.751 104.257 3.66667
114 12 48.4779 48.4779 106.982 102.942 3.66667
132 11 31.5378 31.5378 99.367 96.4999 3.66667
6 10 114.155 78.2495 89.1998 80.3146 2.66667
161 5 89.0733 89.0733 89.0733 71.2587 2.66667
206 1 89.0733 89.0733 89.0733 0 3.8
193 9 34.8548 34.8548 85.2029 81.3301 2.66667
144 7 34.556 33.8707 68.237 63.3696 1.35714
41 3 48.2856 31.056 36.7992 24.6817 3.16667
42 1 18.7055 18.7055 18.7055 0 0.666667
55 1 18.1206 18.1206 18.1206 0 3.66667
67 1 18.1206 18.1206 18.1206 0 3.66667
14 1 15.2827 15.2827 15.2827 0 2.66667
1 1 5.0093 5.0093 5.0093 0 0.666667
59 1 3.96208 3.96208 3.96208 0 3.16667
12 1 2.1848 2.1848 2.1848 0 2.66667
13 1 1.22429 1.22429 1.22429 0 2.66667
17 1 1.22429 1.22429 1.22429 0 2.66667
5 1 1.22429 1.22429 1.22429 0 2.66667
4 1 1.22423 1.22423 1.22423 0 2.66667
47 1 0.340131 0.340131 0.340131 0 2.8
169 1 0.340015 0.340015 0.340015 0 3.8
110 1 0.0898849 0.0898849 0.0898849 0 1.16667
177 1 0.0521883 0.0521883 0.0521883 0 3.8
180 1 0.052172 0.052172 0.052172 0 3.3
207 1 0.0301192 0.0301192 0.0301192 0 4.3
199 1 8.09031e-05 8.09031e-05 8.09031e-05 0 3.16667
195 1 1e-08 1e-08 1e-08 0 3.8
197 1 1e-08 1e-08 1e-08 0 2.8
198 1 1e-08 1e-08 1e-08 0 3.16667

114 12 68.9878 68.9878 137.976 132.227 3.66667
116 11 51.1177 51.1177 128.962 124.315 3.66667
132 9 41.6922 39.1504 109.086 104.705 3.66667
6 9 58.0704 39.8052 100.986 95.4415 2.66667
208 2 93.0622 92.9731 93.0177 46.5088 1.40909
144 5 93.795 91.9348 92.5951 74.0762 1.35714
193 8 54.8144 54.8144 89.0733 82.2215 2.66667
212 1 89.0733 89.0733 89.0733 0 3.8
161 7 38.9698 38.9696 77.9407 72.3736 2.66667
206 5 34.259 34.259 63.4108 56.559 4.3
41 3 48.2856 31.056 36.7992 24.6817 3.16667
42 1 18.7055 18.7055 18.7055 0 0.666667
55 1 18.1206 18.1206 18.1206 0 3.66667
67 1 18.1206 18.1206 18.1206 0 3.66667
14 1 15.2827 15.2827 15.2827 0 2.66667
1 1 5.0093 5.0093 5.0093 0 0.666667
59 1 3.96208 3.96208 3.96208 0 3.16667
12 1 2.1848 2.1848 2.1848 0 2.66667
13 1 1.22429 1.22429 1.22429 0 2.66667
17 1 1.22429 1.22429 1.22429 0 2.66667
5 1 1.22429 1.22429 1.22429 0 2.66667
4 1 1.22423 1.22423 1.22423 0 2.66667
47 1 0.340131 0.340131 0.340131 0 2.8
169 1 0.340015 0.340015 0.340015 0 3.8
210 1 0.202436 0.202436 0.212422 0.00998547 3.66667
110 1 0.0898849 0.0898849 0.0898849 0 1.16667
177 1 0.0521883 0.0521883 0.0521883 0 3.8
180 1 0.052172 0.052172 0.052172 0 3.3
207 1 0.0301192 0.0301192 0.0301192 0 4.3
214 1 0.0167102 0.0167102 0.0167102 0 0.666667
199 1 8.09031e-05 8.09031e-05 8.09031e-05 0 3.16667
198 1 1e-08 1e-08 1e-08 0 3.16667
209 1 3.33333e-09 3.33333e-09 1e-08 6.66667e-09 3.66667
197 1 1e-08 1e-08 1e-08 0 2.8
211 1 1e-08 1e-08 1e-08 0 2.66667
195 1 1e-08 1e-08 1e-08 0 3.8
213 1 1e-08 1e-08 1e-08 0 2.66667

116 12 86.4355 86.4355 134.581 127.378 3.8
114 12 54.354 54.354 132.045 127.516 3.66667
132 9 39.0024 36.6245 100.826 96.6392 3.66667
6 9 63.6009 63.6009 97.5091 90.4423 2.66667
215 1 89.0739 89.0739 89.0739 0 0.666667
206 5 89.0733 89.0733 89.0733 71.2587 3.8
212 1 89.0733 89.0733 89.0733 0 3.8
161 6 89.0733 89.0733 89.0733 74.2278 2.66667
193 6 23.2365 23.2365 72.6931 68.8203 3.3
208 5 27.6158 18.6638 61.3841 57.2799 1.35714
41 3 48.2856 31.056 36.7992 24.6817 3.16667
42 1 18.7055 18.7055 18.7055 0 0.666667
55 1 18.1206 18.1206 18.1206 0 3.66667
67 1 18.1206 18.1206 18.1206 0 3.66667
14 1 15.2827 15.2827 15.2827 0 2.66667
1 1 5.0093 5.0093 5.0093 0 0.666667
59 1 3.96208 3.96208 3.96208 0 3.16667
12 1 2.1848 2.1848 2.1848 0 2.66667
13 1 1.22429 1.22429 1.22429 0 2.66667
17 1 1.22429 1.22429 1.22429 0 2.66667
5 1 1.22429 1.22429 1.22429 0 2.66667
4 1 1.22423 1.22423 1.22423 0 2.66667
47 1 0.340131 0.340131 0.340131 0 2.8
169 1 0.340015 0.340015 0.340015 0 3.8
217 1 0.237217 0.237217 0.237217 0 3.8
110 1 0.0898849 0.0898849 0.0898849 0 1.16667
177 1 0.0521883 0.0521883 0.0521883 0 3.8
180 1 0.052172 0.052172 0.052172 0 3.3
207 1 0.0301192 0.0301192 0.0301192 0 4.3
214 1 0.0167102 0.0167102 0.0167102 0 0.666667
199 1 8.09031e-05 8.09031e-05 8.09031e-05 0 3.16667
198 1 1e-08 1e-08 1e-08 0 3.16667
197 1 1e-08 1e-08 1e-08 0 2.8
211 1 1e-08 1e-08 1e-08 0 2.66667
195 1 1e-08 1e-08 1e-08 0 3.8
213 1 1e-08 1e-08 1e-08 0 2.66667
144 1 1e-08 1e-08 1e-08 0 1.35714
216 1 1e-08 1e-08 1e-08 0 3.66667
218 1 5e-09 5e-09 1e-08 5e-09 3.66667

116 12 72.0296 72.0296 142.278 136.275 3.66667
6 11 77.7344 77.7344 134.27 127.203 2.66667
132 10 58.4094 54.8483 118.033 112.263 3.8
114 10 46.7105 46.7105 117.878 113.207 3.66667
161 4 89.0733 89.0733 89.0733 66.805 2.66667
193 6 89.0733 89.0733 89.0733 74.2278 2.66667
208 6 138.079 1e-08 85.597 71.6661 1.35714
215 6 24.2929 24.2929 81.0977 77.0489 2.66667
206 6 41.1108 41.1108 75.3697 68.518 3.8
212 6 44.5367 44.5367 74.2278 66.805 3.8
41 3 48.2856 31.056 36.7992 24.6817 3.16667
220 1 33.3866 33.3866 33.3866 0 0.8
42 1 18.7055 18.7055 18.7055 0 0.666667
55 1 18.1206 18.1206 18.1206 0 3.66667
67 1 18.1206 18.1206 18.1206 0 3.66667
14 1 15.2827 15.2827 15.2827 0 2.66667
1 1 5.0093 5.0093 5.0093 0 0.666667
59 1 3.96208 3.96208 3.96208 0 3.16667
12 1 2.1848 2.1848 2.1848 0 2.66667
13 1 1.22429 1.22429 1.22429 0 2.66667
17 1 1.22429 1.22429 1.22429 0 2.66667
5 1 1.22429 1.22429 1.22429 0 2.66667
4 1 1.22423 1.22423 1.22423 0 2.66667
47 1 0.340131 0.340131 0.340131 0 2.8
169 1 0.340015 0.340015 0.340015 0 3.8
217 1 0.237217 0.237217 0.237217 0 3.8
110 1 0.0898849 0.0898849 0.0898849 0 1.16667
177 1 0.0521883 0.0521883 0.0521883 0 3.8
180 1 0.052172 0.052172 0.052172 0 3.3
207 1 0.0301192 0.0301192 0.0301192 0 4.3
214 1 0.0167102 0.0167102 0.0167102 0 0.666667
222 1 0.0163819 0.0163819 0.0163819 0 3.66667

114 12 81.5311 81.5311 136.23 129.435 3.66667
132 10 53.7366 53.7366 117.29 111.916 3.66667
6 10 53.0007 53.0007 116.602 111.302 2.66667
116 10 51.4497 51.4497 112.689 107.544 3.66667
215 7 89.0739 89.0739 89.0739 76.3491 0.666667
212 6 89.0733 89.0733 89.0733 74.2278 3.8
206 6 89.0733 89.0733 89.0733 74.2278 3.8
193 7 34.6396 34.6396 84.1244 79.1758 2.66667
161 6 38.1743 38.1743 69.9931 63.6308 3.35714
208 5 36.3366 24.8481 56.2524 50.8184 1.35714
41 3 48.2856 31.056 36.7992 24.6817 3.16667
220 1 33.3866 33.3866 33.3866 0 0.8
42 1 18.7055 18.7055 18.7055 0 0.666667
55 1 18.1206 18.1206 18.1206 0 3.66667
67 1 18.1206 18.1206 18.1206 0 3.66667
14 1 15.2827 15.2827 15.2827 0 2.66667
1 1 5.0093 5.0093 5.0093 0 0.666667
59 1 3.96208 3.96208 3.96208 0 3.16667
12 1 2.1848 2.1848 2.1848 0 2.66667
224 1 1.55852 1.55852 1.55852 0 3.35714
13 1 1.22429 1.22429 1.22429 0 2.66667
17 1 1.22429 1.22429 1.22429 0 2.66667
5 1 1.22429 1.22429 1.22429 0 2.66667
4 1 1.22423 1.22423 1.22423 0 2.66667
47 1 0.340131 0.340131 0.340131 0 2.8
169 1 0.340015 0.340015 0.340015 0 3.8
225 1 0.329835 0.329835 0.329835 0 3.8
217 1 0.237217 0.237217 0.237217 0 3.8
110 1 0.0898849 0.0898849 0.0898849 0 1.16667
177 1 0.0521883 0.0521883 0.0521883 0 3.8

116 11 72.0296 72.0296 129.414 122.865 3.66667
132 10 55.9757 55.9757 125.179 119.581 3.66667
114 10 41.5204 41.5204 123.879 119.727 3.66667
6 9 53.4247 53.4247 114.172 108.236 2.66667
161 8 122.737 79.1763 97.0331 86.158 1.35714
212 7 51.9594 51.9594 81.6506 74.2278 3.8
193 6 59.3822 59.3822 79.1763 69.2793 2.66667
206 6 29.6911 29.6911 78.5006 73.5521 3.8
215 6 26.7222 26.7222 71.3669 66.9132 0.666667
226 3 89.0733 1e-08 59.3822 41.9896 3.8
41 3 48.2856 31.056 36.7992 24.6817 3.16667
220 1 33.3866 33.3866 33.3866 0 0.8
227 1 33.3828 33.3828 33.3828 0 2.66667
42 1 18.7055 18.7055 18.7055 0 0.666667
55 1 18.1206 18.1206 18.1206 0 3.66667
67 1 18.1206 18.1206 18.1206 0 3.66667
14 1 15.2827 15.2827 15.2827 0 2.66667
1 1 5.0093 5.0093 5.0093 0 0.666667
59 1 3.96208 3.96208 3.96208 0 3.16667
12 1 2.1848 2.1848 2.1848 0 2.66667
208 1 1.55852 1.55852 1.55852 0 3.35714
13 1 1.22429 1.22429 1.22429 0 2.66667
17 1 1.22429 1.22429 1.22429 0 2.66667
5 1 1.22429 1.22429 1.22429 0 2.66667
4 1 1.22423 1.22423 1.22423 0 2.66667
47 1 0.340131 0.340131 0.340131 0 2.8
169 1 0.340015 0.340015 0.340015 0 3.8
225 1 0.329835 0.329835 0.329835 0 3.8
217 1 0.237217 0.237217 0.237217 0 3.8
110 1 0.0898849 0.0898849 0.0898849 0 1.16667
177 1 0.0521883 0.0521883 0.0521883 0 3.8

6 10 61.8342 61.8342 125.283 119.1 2.66667
116 10 49.6756 49.6756 124.672 119.704 3.66667
114 9 48.0451 48.0451 120.821 115.483 3.66667
132 8 41.3359 41.3359 105.858 100.691 3.66667
161 7 74.3503 50.843 89.8376 82.0807 1.35714
228 2 89.0739 89.0739 89.0739 44.537 0.666667
215 4 89.0739 89.0739 89.0739 66.8054 0.666667
206 6 89.0733 89.0733 89.0733 74.2278 3.8
226 6 66.805 66.805 77.9392 66.805 2.66667
212 5 32.2789 19.3638 72.1339 67.7524 3.8
193 5 31.8119 31.8119 69.9899 63.6275 2.66667
41 3 48.2856 31.056 36.7992 24.6817 3.16667
220 1 33.3866 33.3866 33.3866 0 0.8
42 1 18.7055 18.7055 18.7055 0 0.666667
55 1 18.1206 18.1206 18.1206 0 3.66667
67 1 18.1206 18.1206 18.1206 0 3.66667
14 1 15.2827 15.2827 15.2827 0 2.66667
1 1 5.0093 5.0093 5.0093 0 0.666667
59 1 3.96208 3.96208 3.96208 0 3.16667
12 1 2.1848 2.1848 2.1848 0 2.66667
208 1 1.55852 1.55852 1.55852 0 3.35714
13 1 1.22429 1.22429 1.22429 0 2.66667
17 1 1.22429 1.22429 1.22429 0 2.66667
5 1 1.22429 1.22429 1.22429 0 2.66667
4 1 1.22423 1.22423 1.22423 0 2.66667
47 1 0.340131 0.340131 0.340131 0 2.8
169 1 0.340015 0.340015 0.340015 0 3.8
225 1 0.329835 0.329835 0.329835 0 3.8
217 1 0.237217 0.237217 0.237217 0 3.8
110 1 0.0898849 0.0898849 0.0898849 0 1.16667
177 1 0.0521883 0.0521883 0.0521883 0 3.8

116 12 38.4158 38.4158 125.313 122.112 3.66667
6 11 81.6211 81.6211 119.074 111.654 2.66667
114 11 58.7218 58.7218 118.972 113.634 3.8
212 5 148.483 89.0733 100.955 80.9039 3.8
193 5 89.0733 89.0733 89.0733 71.2587 2.66667
226 6 89.0733 89.0733 89.0733 74.2278 2.66667
161 8 50.2106 34.4843 84.3869 79.7533 1.35714
228 7 27.11 27.1095 73.585 69.7122 0.666667
206 6 38.1743 38.1743 70.5558 64.1934 3.8
41 3 48.2856 31.056 36.7992 24.6817 3.16667
220 1 33.3866 33.3866 33.3866 0 0.8
42 1 18.7055 18.7055 18.7055 0 0.666667
55 1 18.1206 18.1206 18.1206 0 3.66667
67 1 18.1206 18.1206 18.1206 0 3.66667
14 1 15.2827 15.2827 15.2827 0 2.66667
132 1 12.5068 12.5068 12.5068 0 3.66667
1 1 5.0093 5.0093 5.0093 0 0.666667
59 1 3.96208 3.96208 3.96208 0 3.16667
12 1 2.1848 2.1848 2.1848 0 2.66667
13 1 1.22429 1.22429 1.22429 0 2.66667
17 1 1.22429 1.22429 1.22429 0 2.66667
5 1 1.22429 1.22429 1.22429 0 2.66667
4 1 1.22423 1.22423 1.22423 0 2.66667
47 1 0.340131 0.340131 0.340131 0 2.8
169 1 0.340015 0.340015 0.340015 0 3.8
225 1 0.329835 0.329835 0.329835 0 3.8
217 1 0.237217 0.237217 0.237217 0 3.8
110 1 0.0898849 0.0898849 0.0898849 0 1.16667
177 1 0.0521883 0.0521883 0.0521883 0 3.8
229 1 1e-08 1e-08 1e-08 0 3.66667
230 1 1e-08 1e-08 1e-08 0 3.66667
231 1 1e-08 1e-08 1e-08 0 2.66667
232 1 1e-08 1e-08 1e-08 0 2.8

233 2 148.402 148.402 148.402 74.201 2.66667
234 10 55.3606 55.3606 133.949 128.413 3.8
6 9 53.4247 53.4247 115.741 109.805 2.66667
116 8 44.3259 44.3259 111.497 105.957 3.66667
228 7 77.9412 77.9397 89.0741 77.9399 0.666667
114 6 89.0733 89.0733 89.0733 74.2278 3.8
238 1 89.0733 89.0733 89.0733 0 3.85714
212 6 38.7347 23.2365 82.6576 77.9282 3.8
193 6 31.4376 31.4376 78.5941 73.3545 2.66667
161 5 32.876 22.9167 73.7416 68.2285 1.85714
226 5 34.259 34.259 68.5203 61.6685 2.66667
41 2 32.1904 20.704 36.7992 23.7498 3.16667
220 1 33.3866 33.3866 33.3866 0 0.8
42 1 18.7055 18.7055 18.7055 0 0.666667
55 1 18.1206 18.1206 18.1206 0 3.66667
67 1 18.1206 18.1206 18.1206 0 3.66667
14 1 15.2827 15.2827 15.2827 0 2.66667
132 1 12.5068 12.5068 12.5068 0 3.66667
1 1 5.0093 5.0093 5.0093 0 0.666667
59 1 3.96208 3.96208 3.96208 0 3.16667
12 1 2.1848 2.1848 2.1848 0 2.66667
13 1 1.22429 1.22429 1.22429 0 2.66667
17 1 1.22429 1.22429 1.22429 0 2.66667
5 1 1.22429 1.22429 1.22429 0 2.66667
4 1 1.22423 1.22423 1.22423 0 2.66667
47 1 0.340131 0.340131 0.340131 0 2.8
169 1 0.340015 0.340015 0.340015 0 3.8
225 1 0.329835 0.329835 0.329835 0 3.8
217 1 0.237217 0.237217 0.237217 0 3.8
110 1 0.0898849 0.0898849 0.0898849 0 1.16667
177 1 0.0521883 0.0521883 0.0521883 0 3.8
235 1 0.000252831 0.000252831 0.000252831 0 2.66667
231 1 1e-08 1e-08 1e-08 0 2.66667
232 1 1e-08 1e-08 1e-08 0 2.8
236 1 1e-08 1e-08 1e-08 0 2.66667
237 1 1e-08 1e-08 1e-08 0 2.8
239 1 1e-08 1e-08 1e-08 0 2.66667

234 9 42.1066 42.0394 135.541 130.869 3.66667
116 9 92.6094 92.6094 132.726 122.436 3.66667
161 5 138.079 96.2503 115.876 92.7636 1.85714
240 2 141.721 89.7709 115.746 59.3125 3.8
233 8 27.6097 27.6097 112.786 109.335 2.66667
228 6 31.4384 31.4379 89.0741 83.8345 0.666667
212 1 89.0733 89.0733 89.0733 0 3.8
193 6 89.0733 89.0733 89.0733 74.2278 2.66667
241 1 89.0733 89.0733 89.0733 0 3.8
226 5 74.2278 74.2278 74.2278 59.3822 2.66667
238 5 39.0745 23.4427 71.9864 66.054 3.85714
114 4 23.7529 23.7529 59.3876 53.4493 3.8
41 2 48.2856 31.056 39.6708 20.2977 3.16667
243 1 37.7214 37.7214 37.7214 0 1.66667
220 1 33.3866 33.3866 33.3866 0 0.8
42 1 18.7055 18.7055 18.7055 0 0.666667
55 1 18.1206 18.1206 18.1206 0 3.66667
67 1 18.1206 18.1206 18.1206 0 3.66667
14 1 15.2827 15.2827 15.2827 0 2.66667
132 1 12.5068 12.5068 12.5068 0 3.66667
1 1 5.0093 5.0093 5.0093 0 0.666667
59 1 3.96208 3.96208 3.96208 0 3.16667
12 1 2.1848 2.1848 2.1848 0 2.66667
13 1 1.22429 1.22429 1.22429 0 2.66667
17 1 1.22429 1.22429 1.22429 0 2.66667
5 1 1.22429 1.22429 1.22429 0 2.66667
4 1 1.22423 1.22423 1.22423 0 2.66667
47 1 0.340131 0.340131 0.340131 0 2.8
225 1 0.329835 0.329835 0.329835 0 3.8
217 1 0.237217 0.237217 0.237217 0 3.8
169 1 0.170007 0.170007 0.170007 5e-09 3.66667
110 1 0.0898849 0.0898849 0.0898849 0 1.16667
177 1 0.0521883 0.0521883 0.0521883 0 3.8
235 1 0.000126416 0.000126416 0.000126421 5e-09 2.66667
231 1 1e-08 1e-08 1e-08 0 2.66667
232 1 1e-08 1e-08 1e-08 0 2.8
236 1 1e-08 1e-08 1e-08 0 2.66667
237 1 1e-08 1e-08 1e-08 0 2.8
239 1 1e-08 1e-08 1e-08 0 2.66667
242 1 1e-08 1e-08 1e-08 0 2.66667

233 10 61.8342 61.8342 129.853 123.67 2.66667
212 3 148.483 89.0824 128.683 86.2948 3.85714
116 9 41.8236 41.8236 117.258 112.611 4.16667
234 8 52.0739 51.9908 105.836 99.3341 3.66667
238 1 89.4143 89.4143 89.4143 0 3.85714
114 4 89.0733 89.0733 89.0733 66.805 3.8
240 6 38.4805 38.4732 83.0129 76.6002 3.85714
193 6 35.6293 35.6293 80.194 74.2558 2.66667
228 6 47.5855 35.6302 79.1951 72.9284 0.666667
226 6 48.5855 48.5855 73.0459 64.9483 2.66667
161 5 38.3553 29.5012 63.1377 56.1956 1.85714
41 2 48.2856 31.056 39.6708 20.2977 3.16667
220 1 33.3866 33.3866 33.3866 0 0.8
42 1 18.7055 18.7055 18.7055 0 0.666667
55 1 18.1206 18.1206 18.1206 0 3.66667
67 1 18.1206 18.1206 18.1206 0 3.66667
14 1 15.2827 15.2827 15.2827 0 2.66667
132 1 12.5068 12.5068 12.5068 0 3.66667
1 1 5.0093 5.0093 5.0093 0 0.666667
59 1 3.96208 3.96208 3.96208 0 3.16667
12 1 2.1848 2.1848 2.1848 0 2.66667
13 1 1.22429 1.22429 1.22429 0 2.66667
17 1 1.22429 1.22429 1.22429 0 2.66667
5 1 1.22429 1.22429 1.22429 0 2.66667
4 1 1.22423 1.22423 1.22423 0 2.66667
47 1 0.340131 0.340131 0.340131 0 2.8
169 1 0.340015 0.340015 0.340015 0 3.8
225 1 0.329835 0.329835 0.329835 0 3.8
217 1 0.237217 0.237217 0.237217 0 3.8
110 1 0.0898849 0.0898849 0.0898849 0 1.16667
177 1 0.0521883 0.0521883 0.0521883 0 3.8
244 1 1e-08 1e-08 1e-08 0 0.666667
242 1 1e-08 1e-08 1e-08 0 2.66667
239 1 1e-08 1e-08 1e-08 0 2.66667
236 1 1e-08 1e-08 1e-08 0 2.66667
232 1 1e-08 1e-08 1e-08 0 2.8
231 1 1e-08 1e-08 1e-08 0 2.66667
235 1 5e-09 5e-09 1e-08 5e-09 2.8
241 1 5e-09 5e-09 1e-08 5e-09 3.8

161 5 138.079 106.204 125.064 100.093 1.35714
233 10 57.0777 57.0777 122.451 116.743 0.666667
234 10 71.2916 71.1779 121.166 114.045 3.66667
116 9 58.9333 58.9333 104.765 98.2173 3.66667
228 8 79.3092 59.3822 91.5652 83.8349 0.666667
238 2 89.3763 88.9362 89.1562 44.5783 3.88889
193 6 41.1108 41.1108 75.3716 68.5198 2.66667
240 6 44.8939 44.8854 74.8187 67.3369 3.8
212 6 28.9992 27.2991 70.92 66.163 3.85714
114 5 39.5275 37.1139 67.2877 59.7687 3.8
41 2 48.2856 31.056 39.6708 20.2977 3.16667
220 1 33.3866 33.3866 33.3866 0 0.8
42 1 18.7055 18.7055 18.7055 0 0.666667
55 1 18.1206 18.1206 18.1206 0 3.66667
67 1 18.1206 18.1206 18.1206 0 3.66667
14 1 15.2827 15.2827 15.2827 0 2.66667
245 1 14.9616 14.9616 15.075 0.113344 3.8
132 1 12.5068 12.5068 12.5068 0 3.66667
1 1 5.0093 5.0093 5.0093 0 0.666667
59 1 3.96208 3.96208 3.96208 0 3.16667
12 1 2.1848 2.1848 2.1848 0 2.66667
13 1 1.22429 1.22429 1.22429 0 2.66667
17 1 1.22429 1.22429 1.22429 0 2.66667
5 1 1.22429 1.22429 1.22429 0 2.66667
4 1 1.22423 1.22423 1.22423 0 2.66667
47 1 0.340131 0.340131 0.340131 0 2.8
169 1 0.340015 0.340015 0.340015 0 3.8
225 1 0.329835 0.329835 0.329835 0 3.8
217 1 0.237217 0.237217 0.237217 0 3.8
110 1 0.0898849 0.0898849 0.0898849 0 1.16667
177 1 0.0521883 0.0521883 0.0521883 0 3.8
244 1 1e-08 1e-08 1e-08 0 0.666667
242 1 1e-08 1e-08 1e-08 0 2.66667
239 1 1e-08 1e-08 1e-08 0 2.66667
236 1 1e-08 1e-08 1e-08 0 2.66667
232 1 1e-08 1e-08 1e-08 0 2.8
231 1 1e-08 1e-08 1e-08 0 2.66667
235 1 1e-08 1e-08 1e-08 0 2.8
241 1 1e-08 1e-08 1e-08 0 3.8
226 1 1e-08 1e-08 1e-08 0 3.8
246 1 1e-08 1e-08 1e-08 0 3.8

233 10 78.1063 78.1063 134.538 126.727 2.66667
234 10 53.4687 53.3834 131.592 126.247 3.66667
116 10 60.0246 60.0246 131.522 125.519 3.66667
114 5 94.8659 89.0733 90.2319 72.187 3.8
228 6 54.9069 41.1118 89.1248 81.1309 0.666667
247 1 89.0733 89.0733 89.0733 0 3.8
161 6 44.6334 43.4536 87.199 79.9085 1.35714
193 6 31.4376 31.4376 83.8337 78.5941 3.16667
212 3 141.045 1e-08 76.8072 54.7641 1.88889
226 5 74.2278 74.2278 74.2278 59.3822 2.66667
240 5 32.0671 32.0671 70.5495 64.1361 3.8
238 4 33.2954 32.9962 51.8142 43.5465 3.88889
41 2 48.2856 31.056 39.6708 20.2977 3.16667
251 1 33.3866 33.3866 33.3866 0 2.8
42 1 18.7055 18.7055 18.7055 0 0.666667
55 1 18.1206 18.1206 18.1206 0 3.66667
67 1 18.1206 18.1206 18.1206 0 3.66667
14 1 15.2827 15.2827 15.2827 0 2.66667
132 1 12.5068 12.5068 12.5068 0 3.66667
1 1 5.0093 5.0093 5.0093 0 0.666667
59 1 3.96208 3.96208 3.96208 0 3.16667
12 1 2.1848 2.1848 2.1848 0 2.66667
13 1 1.22429 1.22429 1.22429 0 2.66667
17 1 1.22429 1.22429 1.22429 0 2.66667
5 1 1.22429 1.22429 1.22429 0 2.66667
4 1 1.22423 1.22423 1.22423 0 2.66667
47 1 0.340131 0.340131 0.340131 0 2.8
169 1 0.340015 0.340015 0.340015 0 3.8
225 1 0.329835 0.329835 0.329835 0 3.8
217 1 0.237217 0.237217 0.237217 0 3.8
110 1 0.0898849 0.0898849 0.0898849 0 1.16667
249 1 0.0522747 0.0522747 0.0522747 0 2.8
177 1 0.0521883 0.0521883 0.0521883 0 3.8
244 1 1e-08 1e-08 1e-08 0 0.666667
242 1 1e-08 1e-08 1e-08 0 2.66667
239 1 1e-08 1e-08 1e-08 0 2.66667
232 1 1e-08 1e-08 1e-08 0 2.8
231 1 1e-08 1e-08 1e-08 0 2.66667
235 1 1e-08 1e-08 1e-08 0 2.8
241 1 1e-08 1e-08 1e-08 0 3.8
246 1 1e-08 1e-08 1e-08 0 3.8

238 5 149.829 141.092 147.274 117.821 3.8
233 10 59.3608 59.3608 131.929 125.993 2.66667
116 9 34.1193 34.1193 116.936 113.145 3.66667
161 8 86.9779 84.8909 113.039 102.388 1.35714
228 7 55.5169 55.4567 103.016 95.0863 0.666667
234 7 41.9195 41.9195 99.1188 93.1303 3.66667
240 5 89.7878 89.7878 89.7878 71.8302 3.8
193 6 35.6293 35.6293 89.0679 83.1297 2.66667
226 5 74.2278 74.2278 74.2365 59.3909 2.66667
246 2 141.045 1e-08 70.5226 49.867 3.8
114 5 36.4869 34.259 69.4114 62.3818 3.8
41 2 48.2856 31.056 39.6708 20.2977 3.16667
212 2 35.7505 35.7505 35.7505 17.8753 1.88889
42 1 18.7055 18.7055 18.7055 0 0.666667
55 1 18.1206 18.1206 18.1206 0 3.66667
67 1 18.1206 18.1206 18.1206 0 3.66667
247 1 17.8589 17.8589 17.8589 8e-09 1.8
14 1 15.2827 15.2827 15.2827 0 2.66667
132 1 12.5068 12.5068 12.5068 0 3.66667
1 1 5.0093 5.0093 5.0093 0 0.666667
59 1 3.96208 3.96208 3.96208 0 3.16667
12 1 2.1848 2.1848 2.1848 0 2.66667
13 1 1.22429 1.22429 1.22429 0 2.66667
17 1 1.22429 1.22429 1.22429 0 2.66667
5 1 1.22429 1.22429 1.22429 0 2.66667
4 1 1.22423 1.22423 1.22423 0 2.66667
244 1 0.34265 0.34265 0.34265 5e-09 0.666667
47 1 0.340131 0.340131 0.340131 0 2.8
169 1 0.340015 0.340015 0.340015 0 3.8
225 1 0.329835 0.329835 0.329835 0 3.8
217 1 0.237217 0.237217 0.237217 0 3.8
110 1 0.0898849 0.0898849 0.0898849 0 1.16667
177 1 0.0521883 0.0521883 0.0521883 0 3.8
242 1 1e-08 1e-08 1e-08 0 2.66667
239 1 1e-08 1e-08 1e-08 0 2.66667
232 1 5e-09 5e-09 1e-08 5e-09 2.8
231 1 1e-08 1e-08 1e-08 0 2.66667
235 1 1e-08 1e-08 1e-08 0 2.8
241 1 1e-08 1e-08 1e-08 0 3.8

116 10 90.0369 90.0369 133.487 124.483 2.66667
233 10 64.5226 64.5226 129.048 122.596 2.66667
161 9 84.8035 82.7686 120.703 111.474 1.35714
228 8 52.8733 52.8728 110.646 104.037 2.66667
234 8 57.0333 57.0333 105.554 98.4253 3.66667
238 7 45.6002 45.1905 97.1406 90.6764 3.8
114 5 94.8659 89.0733 91.3904 73.1145 3.8
212 3 89.3763 89.2944 89.349 59.566 1.88889
226 2 89.0733 89.0733 89.0733 44.5367 2.66667
240 6 27.6702 26.9363 80.937 76.4258 3.8
193 6 25.4495 25.4495 76.3511 72.1095 2.66667
41 2 48.2856 31.056 39.6708 20.2977 3.16667
42 1 18.7055 18.7055 18.7055 0 0.666667
55 1 18.1206 18.1206 18.1206 0 3.66667
67 1 18.1206 18.1206 18.1206 0 3.66667
14 1 15.2827 15.2827 15.2827 0 2.66667
132 1 12.5068 12.5068 12.5068 0 3.66667
1 1 5.0093 5.0093 5.0093 0 0.666667
59 1 3.96208 3.96208 3.96208 0 3.16667
12 1 2.1848 2.1848 2.1848 0 2.66667
13 1 1.22429 1.22429 1.22429 0 2.66667
17 1 1.22429 1.22429 1.22429 0 2.66667
5 1 1.22429 1.22429 1.22429 0 2.66667
4 1 1.22423 1.22423 1.22423 0 2.66667
244 1 0.34265 0.34265 0.34265 5e-09 0.8
47 1 0.340131 0.340131 0.340131 0 2.8
169 1 0.340015 0.340015 0.340015 0 3.8
225 1 0.329835 0.329835 0.329835 0 3.8
217 1 0.237217 0.237217 0.237217 0 3.8
110 1 0.0898849 0.0898849 0.0898849 0 1.16667
177 1 0.0521883 0.0521883 0.0521883 0 3.8
242 1 1e-08 1e-08 1e-08 0 2.66667
239 1 1e-08 1e-08 1e-08 0 2.66667
232 1 1e-08 1e-08 1e-08 0 2.8
231 1 1e-08 1e-08 1e-08 0 2.66667
235 1 1e-08 1e-08 1e-08 0 2.8
241 1 1e-08 1e-08 1e-08 0 3.8

234 8 149.712 149.712 149.712 130.998 3.66667
238 7 149.829 148.483 148.675 127.436 3.8
161 9 141.339 137.948 138.427 123.046 1.35714
116 9 26.4598 26.4598 134.957 132.017 3.66667
233 7 16.7551 16.7551 99.6417 97.2481 2.66667
114 5 94.8659 89.0733 91.3904 73.1145 3.8
240 6 69.1755 67.3408 90.0852 78.8072 3.66667
244 4 118.965 0.685301 89.395 68.2579 0.8
212 3 89.3763 89.2944 89.349 59.566 1.88889
193 6 89.0733 89.0733 89.0733 74.2278 2.66667
228 2 89.0733 89.0733 89.0733 44.5367 2.66667
256 5 65.4814 65.4814 73.6133 60.517 3.66667
41 2 48.2856 31.056 39.6708 20.2977 3.16667
42 1 18.7055 18.7055 18.7055 0 0.666667
55 1 18.1206 18.1206 18.1206 0 3.66667
67 1 18.1206 18.1206 18.1206 0 3.66667
14 1 15.2827 15.2827 15.2827 0 2.66667
132 1 12.5068 12.5068 12.5068 0 3.66667
1 1 5.0093 5.0093 5.0093 0 0.666667
59 1 3.96208 3.96208 3.96208 0 3.16667
12 1 2.1848 2.1848 2.1848 0 2.66667
13 1 1.22429 1.22429 1.22429 0 2.66667
17 1 1.22429 1.22429 1.22429 0 2.66667
5 1 1.22429 1.22429 1.22429 0 2.66667
4 1 1.22423 1.22423 1.22423 0 2.66667
47 1 0.340131 0.340131 0.340131 0 2.8
169 1 0.340015 0.340015 0.340015 0 3.8
225 1 0.329835 0.329835 0.329835 0 3.8
217 1 0.237217 0.237217 0.237217 0 3.8
110 1 0.0898849 0.0898849 0.0898849 0 1.16667
177 1 0.0521883 0.0521883 0.0521883 0 3.8
242 1 1e-08 1e-08 1e-08 0 2.66667
239 1 1e-08 1e-08 1e-08 0 2.66667
232 1 1e-08 1e-08 1e-08 0 2.8
231 1 1e-08 1e-08 1e-08 0 2.66667
235 1 1e-08 1e-08 1e-08 0 2.8
241 1 1e-08 1e-08 1e-08 0 3.8
257 1 1e-08 1e-08 1e-08 0 3.66667

233 7 148.402 148.402 148.402 127.202 2.66667
116 10 102.899 102.899 144.059 133.769 3.66667
161 9 141.339 137.948 138.427 123.046 1.35714
234 8 24.4428 24.4428 123.27 120.215 3.66667
258 3 118.965 118.965 118.965 79.3099 0.8
238 8 18.7286 18.5604 118.306 115.97 3.8
114 5 94.8659 89.0733 91.3904 73.1145 3.8
240 6 92.234 89.7878 90.2245 75.1873 3.8
212 3 89.3763 89.2944 89.349 59.566 1.88889
228 2 89.0733 89.0733 89.0733 44.5367 2.66667
193 6 89.0733 89.0733 89.0733 74.2278 2.66667
41 2 48.2856 31.056 39.6708 20.2977 3.16667
42 1 18.7055 18.7055 18.7055 0 0.666667
55 1 18.1206 18.1206 18.1206 0 3.66667
67 1 18.1206 18.1206 18.1206 0 3.66667
14 1 15.2827 15.2827 15.2827 0 2.66667
132 1 12.5068 12.5068 12.5068 0 3.66667
1 1 5.0093 5.0093 5.0093 0 0.666667
59 1 3.96208 3.96208 3.96208 0 3.16667
12 1 2.1848 2.1848 2.1848 0 2.66667
13 1 1.22429 1.22429 1.22429 0 2.66667
17 1 1.22429 1.22429 1.22429 0 2.66667
5 1 1.22429 1.22429 1.22429 0 2.66667
4 1 1.22423 1.22423 1.22423 0 2.66667
244 1 0.685301 0.685301 0.685301 0 0.8
47 1 0.340131 0.340131 0.340131 0 2.8
169 1 0.340015 0.340015 0.340015 0 3.8
225 1 0.329835 0.329835 0.329835 0 3.8
217 1 0.237217 0.237217 0.237217 0 3.8
110 1 0.0898849 0.0898849 0.0898849 0 1.16667
177 1 0.0521883 0.0521883 0.0521883 0 3.8
259 1 5e-09 5e-09 1e-08 5e-09 3.66667
241 1 1e-08 1e-08 1e-08 0 3.8
235 1 1e-08 1e-08 1e-08 0 2.8
231 1 1e-08 1e-08 1e-08 0 2.66667
232 1 1e-08 1e-08 1e-08 0 2.8
239 1 1e-08 1e-08 1e-08 0 2.66667
242 1 1e-08 1e-08 1e-08 0 2.66667
256 1 1e-08 1e-08 1e-08 0 3.66667

234 8 149.712 149.712 149.712 130.998 3.66667
238 8 149.829 148.483 149.491 130.805 3.8
161 9 141.339 137.948 138.427 123.046 1.35714
258 3 118.965 118.965 118.965 79.3099 0.8
233 8 19.7869 19.7869 114.13 111.657 2.66667
116 8 20.9541 20.9541 110.832 108.213 3.66667
114 5 94.8659 89.0733 91.3904 73.1145 3.8
240 6 92.234 89.7878 90.2245 75.1873 3.8
212 3 89.3763 89.2944 89.349 59.566 1.8
193 6 89.0733 89.0733 89.0733 74.2278 2.66667
228 2 89.0733 89.0733 89.0733 44.5367 2.66667
41 2 48.2856 31.056 39.6708 20.2977 3.16667
42 1 18.7055 18.7055 18.7055 0 0.666667
55 1 18.1206 18.1206 18.1206 0 3.66667
67 1 18.1206 18.1206 18.1206 0 3.66667
14 1 15.2827 15.2827 15.2827 0 2.66667
132 1 12.5068 12.5068 12.5068 0 3.66667
1 1 5.0093 5.0093 5.0093 0 0.666667
59 1 3.96208 3.96208 3.96208 0 3.16667
12 1 2.1848 2.1848 2.1848 0 2.66667
13 1 1.22429 1.22429 1.22429 0 2.66667
17 1 1.22429 1.22429 1.22429 0 2.66667
5 1 1.22429 1.22429 1.22429 0 2.66667
4 1 1.22423 1.22423 1.22423 0 2.66667
244 1 0.685301 0.685301 0.685301 0 0.8
47 1 0.340131 0.340131 0.340131 0 2.8
169 1 0.340015 0.340015 0.340015 0 3.8
225 1 0.329835 0.329835 0.329835 0 3.8
217 1 0.237217 0.237217 0.237217 0 3.8
110 1 0.0898849 0.0898849 0.0898849 0 1.16667
177 1 0.0521883 0.0521883 0.0521883 0 3.8
261 1 0.0519848 0.0519848 0.0519848 0 3.66667
260 1 0.031446 0.031446 0.031446 0 0.8
259 1 1e-08 1e-08 1e-08 0 3.66667
241 1 1e-08 1e-08 1e-08 0 3.8
235 1 1e-08 1e-08 1e-08 0 2.8
231 1 1e-08 1e-08 1e-08 0 2.66667
232 1 1e-08 1e-08 1e-08 0 2.8
239 1 1e-08 1e-08 1e-08 0 2.66667
242 1 1e-08 1e-08 1e-08 0 2.66667
256 1 1e-08 1e-08 1e-08 0 3.66667

233 8 148.402 148.402 148.402 129.852 2.66667
116 7 144.059 144.059 144.059 123.479 3.66667
161 9 141.339 137.948 138.427 123.046 1.35714
234 8 20.65 20.65 121.678 119.097 3.66667
238 8 21.0509 21.0287 119.107 116.478 3.8
258 3 118.965 118.965 118.965 79.3099 0.8
114 5 94.8659 89.0733 91.3904 73.1145 3.8
240 6 92.234 89.7878 90.2245 75.1873 3.8
212 3 89.3763 89.2944 89.349 59.566 1.88889
228 2 89.0733 89.0733 89.0733 44.5367 2.66667
193 6 89.0733 89.0733 89.0733 74.2278 2.66667
41 2 48.2856 31.056 39.6708 20.2977 3.16667
42 1 18.7055 18.7055 18.7055 0 0.666667
55 1 18.1206 18.1206 18.1206 0 3.66667
67 1 18.1206 18.1206 18.1206 0 3.66667
14 1 15.2827 15.2827 15.2827 0 2.66667
132 1 12.5068 12.5068 12.5068 0 3.66667
1 1 5.0093 5.0093 5.0093 0 0.666667
59 1 3.96208 3.96208 3.96208 0 3.16667
12 1 2.1848 2.1848 2.1848 0 2.66667
13 1 1.22429 1.22429 1.22429 0 2.66667
17 1 1.22429 1.22429 1.22429 0 2.66667
5 1 1.22429 1.22429 1.22429 0 2.66667
4 1 1.22423 1.22423 1.22423 0 2.66667
244 1 0.685301 0.685301 0.685301 0 0.8
47 1 0.340131 0.340131 0.340131 0 2.8
169 1 0.340015 0.340015 0.340015 0 3.8
225 1 0.329835 0.329835 0.329835 0 3.8
217 1 0.237217 0.237217 0.237217 0 3.8
110 1 0.0898849 0.0898849 0.0898849 0 1.16667
177 1 0.0521883 0.0521883 0.0521883 0 3.8
261 1 0.0519848 0.0519848 0.0519848 0 3.66667
260 1 0.031446 0.031446 0.031446 0 0.8
259 1 5e-09 5e-09 1e-08 5e-09 3.66667
241 1 1e-08 1e-08 1e-08 0 3.8
235 1 1e-08 1e-08 1e-08 0 2.8
231 1 1e-08 1e-08 1e-08 0 2.66667
232 1 1e-08 1e-08 1e-08 0 2.8
239 1 1e-08 1e-08 1e-08 0 2.66667
242 1 1e-08 1e-08 1e-08 0 2.66667
256 1 1e-08 1e-08 1e-08 0 3.66667
262 1 1e-08 1e-08 1e-08 0 3.66667

238 8 149.987 149.829 149.849 131.118 3.8
234 8 149.712 149.712 149.712 130.998 3.66667
161 9 141.339 137.948 138.427 123.046 1.35714
258 3 118.965 118.965 118.965 79.3099 0.8
233 8 21.9855 21.9855 114.533 111.785 2.66667
116 7 16.8069 16.8069 99.6554 97.2544 3.66667
114 5 94.8659 89.0733 91.3904 73.1145 3.8
240 6 92.234 89.7878 90.2245 75.1873 3.8
212 3 89.3763 89.2944 89.349 59.566 1.8
193 6 89.0733 89.0733 89.0733 74.2278 2.66667
228 2 89.0733 89.0733 89.0733 44.5367 2.66667
41 2 48.2856 31.056 39.6708 20.2977 3.16667
42 1 18.7055 18.7055 18.7055 0 0.666667
55 1 18.1206 18.1206 18.1206 0 3.66667
67 1 18.1206 18.1206 18.1206 0 3.66667
14 1 15.2827 15.2827 15.2827 0 2.66667
132 1 12.5068 12.5068 12.5068 0 3.66667
1 1 5.0093 5.0093 5.0093 0 0.666667
59 1 3.96208 3.96208 3.96208 0 3.16667
12 1 2.1848 2.1848 2.1848 0 2.66667
13 1 1.22429 1.22429 1.22429 0 2.66667
17 1 1.22429 1.22429 1.22429 0 2.66667
5 1 1.22429 1.22429 1.22429 0 2.66667
4 1 1.22423 1.22423 1.22423 0 2.66667
244 1 0.685301 0.685301 0.685301 0 0.8
47 1 0.340131 0.340131 0.340131 0 2.8
169 1 0.340015 0.340015 0.340015 0 3.8
225 1 0.329835 0.329835 0.329835 0 3.8
217 1 0.237217 0.237217 0.237217 0 3.8
110 1 0.0898849 0.0898849 0.0898849 0 1.16667
177 1 0.0521883 0.0521883 0.0521883 0 3.8
261 1 0.0519848 0.0519848 0.0519848 0 3.66667
260 1 0.031446 0.031446 0.031446 0 0.8
259 1 1e-08 1e-08 1e-08 0 3.66667
241 1 1e-08 1e-08 1e-08 0 3.8
235 1 1e-08 1e-08 1e-08 0 2.8
231 1 1e-08 1e-08 1e-08 0 2.66667
232 1 1e-08 1e-08 1e-08 0 2.8
239 1 5e-09 5e-09 1e-08 5e-09 2.66667
242 1 1e-08 1e-08 1e-08 0 2.66667
256 1 1e-08 1e-08 1e-08 0 3.66667
262 1 1e-08 1e-08 1e-08 0 3.66667

233 8 148.402 148.402 148.402 129.852 2.66667
116 7 144.059 144.059 144.059 123.479 3.66667
161 9 141.339 137.948 138.427 123.046 1.35714
234 8 23.0327 23.0327 120.037 117.158 3.66667
258 3 118.965 118.965 118.965 79.3099 0.8
114 5 94.8659 89.0733 91.3904 73.1145 3.8
238 6 14.2845 14.2694 90.7814 88.4015 3.8
240 6 92.234 89.7878 90.2245 75.1873 3.8
212 3 89.3763 89.2944 89.349 59.566 1.88889
228 2 89.0733 89.0733 89.0733 44.5367 2.66667
193 6 89.0733 89.0733 89.0733 74.2278 2.66667
41 2 48.2856 31.056 39.6708 20.2977 3.16667
42 1 18.7055 18.7055 18.7055 0 0.666667
55 1 18.1206 18.1206 18.1206 0 3.66667
67 1 18.1206 18.1206 18.1206 0 3.66667
14 1 15.2827 15.2827 15.2827 0 2.66667
132 1 12.5068 12.5068 12.5068 0 3.66667
1 1 5.0093 5.0093 5.0093 0 0.666667
59 1 3.96208 3.96208 3.96208 0 3.16667
12 1 2.1848 2.1848 2.1848 0 2.66667
13 1 1.22429 1.22429 1.22429 0 2.66667
17 1 1.22429 1.22429 1.22429 0 2.66667
5 1 1.22429 1.22429 1.22429 0 2.66667
4 1 1.22423 1.22423 1.22423 0 2.66667
244 1 0.685301 0.685301 0.685301 0 0.8
47 1 0.340131 0.340131 0.340131 0 2.8
169 1 0.340015 0.340015 0.340015 0 3.8
263 1 0.334658 0.334658 0.334658 0 3.66667
225 1 0.329835 0.329835 0.329835 0 3.8
217 1 0.237217 0.237217 0.237217 0 3.8
110 1 0.0898849 0.0898849 0.0898849 0 1.16667
177 1 0.0521883 0.0521883 0.0521883 0 3.8
261 1 0.0519848 0.0519848 0.0519848 0 3.66667
260 1 0.031446 0.031446 0.031446 0 0.8
259 1 1e-08 1e-08 1e-08 0 3.66667
241 1 1e-08 1e-08 1e-08 0 3.8
235 1 1e-08 1e-08 1e-08 0 2.8
231 1 1e-08 1e-08 1e-08 0 2.66667
232 1 1e-08 1e-08 1e-08 0 2.8
239 1 1e-08 1e-08 1e-08 0 2.66667
242 1 1e-08 1e-08 1e-08 0 2.66667
256 1 1e-08 1e-08 1e-08 0 3.66667
262 1 1e-08 1e-08 1e-08 0 3.66667

238 6 149.987 149.829 149.935 124.946 3.8
234 8 149.712 149.712 149.712 130.998 3.66667
161 9 141.339 137.948 138.427 123.046 1.35714
258 3 118.965 118.965 118.965 79.3099 0.8
116 8 20.9541 20.9541 118.681 116.062 3.66667
233 8 20.8284 20.8284 115.953 113.349 2.66667
114 5 94.8659 89.0733 91.3904 73.1145 3.8
240 6 92.234 89.7878 90.2245 75.1873 3.8
212 3 89.3763 89.2944 89.349 59.566 1.88889
228 2 89.0733 89.0733 89.0733 44.5367 2.66667
193 6 89.0733 89.0733 89.0733 74.2278 2.66667
41 2 48.2856 31.056 39.6708 20.2977 3.16667
42 1 18.7055 18.7055 18.7055 0 0.666667
55 1 18.1206 18.1206 18.1206 0 3.66667
67 1 18.1206 18.1206 18.1206 0 3.66667
14 1 15.2827 15.2827 15.2827 0 2.66667
132 1 12.5068 12.5068 12.5068 0 3.66667
1 1 5.0093 5.0093 5.0093 0 0.666667
59 1 3.96208 3.96208 3.96208 0 3.16667
12 1 2.1848 2.1848 2.1848 0 2.66667
13 1 1.22429 1.22429 1.22429 0 2.66667
17 1 1.22429 1.22429 1.22429 0 2.66667
5 1 1.22429 1.22429 1.22429 0 2.66667
4 1 1.22423 1.22423 1.22423 0 2.66667
244 1 0.685301 0.685301 0.685301 0 0.8
47 1 0.340131 0.340131 0.340131 0 2.8
169 1 0.340015 0.340015 0.340015 0 3.8
263 1 0.334658 0.334658 0.334658 0 3.66667
225 1 0.329835 0.329835 0.329835 0 3.8
217 1 0.237217 0.237217 0.237217 0 3.8
110 1 0.0898849 0.0898849 0.0898849 0 1.16667
265 1 0.0522537 0.0522537 0.0522537 0 2.66667
177 1 0.0521883 0.0521883 0.0521883 0 3.8
261 1 0.0519848 0.0519848 0.0519848 0 3.66667
260 1 0.031446 0.031446 0.031446 0 0.8
264 1 0.0150344 0.0150344 0.0150344 0 3.8
266 1 0.00484992 0.00484992 0.00484992 0 2.8
231 1 1e-08 1e-08 1e-08 0 2.66667
232 1 1e-08 1e-08 1e-08 0 2.8
239 1 1e-08 1e-08 1e-08 0 2.66667
242 1 1e-08 1e-08 1e-08 0 2.66667
256 1 1e-08 1e-08 1e-08 0 3.66667
262 1 1e-08 1e-08 1e-08 0 3.66667
235 1 1e-08 1e-08 1e-08 0 2.8
241 1 1e-08 1e-08 1e-08 0 3.8
259 1 1e-08 1e-08 1e-08 0 3.66667

233 8 148.402 148.402 148.402 129.852 2.66667
116 8 144.059 144.059 144.059 126.052 3.66667
161 9 141.339 137.948 138.427 123.046 1.35714
234 9 22.8375 22.8375 128.911 126.374 3.66667
258 3 118.965 118.965 118.965 79.3099 0.8
238 7 19.8097 19.8097 105.549 102.719 3.8
240 6 92.234 89.7878 90.2245 75.1873 3.8
212 3 89.3763 89.2944 89.349 59.566 1.8
228 2 89.0733 89.0733 89.0733 44.5367 2.66667
193 6 89.0733 89.0733 89.0733 74.2278 2.66667
114 4 54.2091 50.899 65.2788 52.142 3.8
41 2 48.2856 31.056 39.6708 20.2977 3.16667
42 1 18.7055 18.7055 18.7055 0 0.666667
55 1 18.1206 18.1206 18.1206 0 3.66667
67 1 18.1206 18.1206 18.1206 0 3.66667
14 1 15.2827 15.2827 15.2827 0 2.66667
132 1 12.5068 12.5068 12.5068 0 3.66667
1 1 5.0093 5.0093 5.0093 0 0.666667
59 1 3.96208 3.96208 3.96208 0 3.16667
12 1 2.1848 2.1848 2.1848 0 2.66667
13 1 1.22429 1.22429 1.22429 0 2.66667
17 1 1.22429 1.22429 1.22429 0 2.66667
5 1 1.22429 1.22429 1.22429 0 2.66667
4 1 1.22423 1.22423 1.22423 0 2.66667
244 1 0.685301 0.685301 0.685301 0 0.8
47 1 0.340131 0.340131 0.340131 0 2.8
169 1 0.340015 0.340015 0.340015 0 3.8
263 1 0.334658 0.334658 0.334658 0 3.66667
225 1 0.329835 0.329835 0.329835 0 3.8
217 1 0.237217 0.237217 0.237217 0 3.8
110 1 0.0898849 0.0898849 0.0898849 0 1.16667
265 1 0.0522537 0.0522537 0.0522537 0 2.66667
177 1 0.0521883 0.0521883 0.0521883 0 3.8
261 1 0.0519848 0.0519848 0.0519848 0 3.66667
260 1 0.031446 0.031446 0.031446 0 0.8
264 1 0.0150344 0.0150344 0.0150344 0 3.8
266 1 0.00484992 0.00484992 0.00484992 0 2.8
231 1 1e-08 1e-08 1e-08 0 2.66667
232 1 1e-08 1e-08 1e-08 0 2.8
239 1 1e-08 1e-08 1e-08 0 2.66667
242 1 1e-08 1e-08 1e-08 0 2.66667
256 1 1e-08 1e-08 1e-08 0 3.66667
262 1 1e-08 1e-08 1e-08 0 3.66667
235 1 1e-08 1e-08 1e-08 0 2.8
241 1 1e-08 1e-08 1e-08 0 3.8
259 1 1e-08 1e-08 1e-08 0 3.66667

238 7 149.987 149.987 149.987 128.561 3.8
234 9 149.712 149.712 149.712 133.078 3.66667
161 9 141.339 137.948 138.427 123.046 1.35714
258 3 118.965 118.965 118.965 79.3099 0.8
116 7 18.0074 18.0074 104.863 102.29 3.66667
233 7 17.9106 17.9106 98.0902 95.5316 2.66667
114 4 94.8659 89.0733 91.9696 68.981 3.8
240 6 79.0577 76.9609 90.0601 77.171 3.8
212 3 89.3763 89.2944 89.349 59.566 1.88889
228 2 89.0733 89.0733 89.0733 44.5367 2.66667
193 6 89.0733 89.0733 89.0733 74.2278 2.66667
41 2 48.2856 31.056 39.6708 20.2977 3.16667
42 1 18.7055 18.7055 18.7055 0 0.666667
55 1 18.1206 18.1206 18.1206 0 3.66667
67 1 18.1206 18.1206 18.1206 0 3.66667
14 1 15.2827 15.2827 15.2827 0 2.66667
132 1 12.5068 12.5068 12.5068 0 3.66667
1 1 5.0093 5.0093 5.0093 0 0.666667
59 1 3.96208 3.96208 3.96208 0 3.16667
12 1 2.1848 2.1848 2.1848 0 2.66667
13 1 1.22429 1.22429 1.22429 0 2.66667
17 1 1.22429 1.22429 1.22429 0 2.66667
5 1 1.22429 1.22429 1.22429 0 2.66667
4 1 1.22423 1.22423 1.22423 0 2.66667
244 1 0.685301 0.685301 0.685301 0 0.8
47 1 0.340131 0.340131 0.340131 0 2.8
169 1 0.340015 0.340015 0.340015 0 3.8
263 1 0.334658 0.334658 0.334658 0 3.66667
225 1 0.329835 0.329835 0.329835 0 3.8
217 1 0.237217 0.237217 0.237217 0 3.8
110 1 0.0898849 0.0898849 0.0898849 0 1.16667
265 1 0.0522537 0.0522537 0.0522537 0 2.66667
177 1 0.0521883 0.0521883 0.0521883 0 3.8
261 1 0.0519848 0.0519848 0.0519848 0 3.66667
260 1 0.031446 0.031446 0.031446 0 0.8
264 1 0.0150344 0.0150344 0.0150344 0 3.8
266 1 0.00484992 0.00484992 0.00484992 0 2.8
231 1 1e-08 1e-08 1e-08 0 2.66667
232 1 1e-08 1e-08 1e-08 0 2.8
239 1 1e-08 1e-08 1e-08 0 2.66667
242 1 1e-08 1e-08 1e-08 0 2.66667
256 1 1e-08 1e-08 1e-08 0 3.66667
262 1 1e-08 1e-08 1e-08 0 3.66667
235 1 1e-08 1e-08 1e-08 0 2.8
241 1 1e-08 1e-08 1e-08 0 3.8
259 1 1e-08 1e-08 1e-08 0 3.66667
267 1 1e-08 1e-08 1e-08 0 3.8

233 7 148.402 148.402 148.402 127.202 2.66667
116 6 144.059 144.059 144.059 120.049 3.66667
234 10 23.7639 23.7639 140.84 138.463 3.66667
161 9 141.339 137.948 138.427 123.046 1.35714
258 3 118.965 118.965 118.965 79.3099 0.8
238 7 20.5865 20.5865 98.6965 95.7556 3.8
114 4 94.8659 89.0733 91.9696 68.981 3.8
240 6 79.0577 76.9609 90.1323 77.2432 3.8
212 3 89.3763 89.2944 89.349 59.566 1.88889
228 2 89.0733 89.0733 89.0733 44.5367 2.66667
193 6 89.0733 89.0733 89.0733 74.2278 2.66667
41 2 48.2856 31.056 39.6708 20.2977 3.16667
42 1 18.7055 18.7055 18.7055 0 0.666667
55 1 18.1206 18.1206 18.1206 0 3.66667
67 1 18.1206 18.1206 18.1206 0 3.66667
14 1 15.2827 15.2827 15.2827 0 2.66667
132 1 12.5068 12.5068 12.5068 0 3.66667
1 1 5.0093 5.0093 5.0093 0 0.666667
59 1 3.96208 3.96208 3.96208 0 3.16667
12 1 2.1848 2.1848 2.1848 0 2.66667
13 1 1.22429 1.22429 1.22429 0 2.66667
17 1 1.22429 1.22429 1.22429 0 2.66667
5 1 1.22429 1.22429 1.22429 0 2.66667
4 1 1.22423 1.22423 1.22423 0 2.66667
244 1 0.685301 0.685301 0.685301 0 0.8
47 1 0.340131 0.340131 0.340131 0 2.8
169 1 0.340015 0.340015 0.340015 0 3.8
225 1 0.329835 0.329835 0.329835 0 3.8
217 1 0.237217 0.237217 0.237217 0 3.8
263 1 0.167329 0.167329 0.167329 5e-09 3.66667
268 1 0.0947576 0.0947576 0.0947576 0 3.66667
110 1 0.0898849 0.0898849 0.0898849 0 1.16667
265 1 0.0522537 0.0522537 0.0522537 0 2.66667
177 1 0.0521883 0.0521883 0.0521883 0 3.8
261 1 0.0519848 0.0519848 0.0519848 0 3.66667
260 1 0.031446 0.031446 0.031446 0 0.8
264 1 0.0150344 0.0150344 0.0150344 0 3.8
266 1 0.00484992 0.00484992 0.00484992 0 2.8
231 1 1e-08 1e-08 1e-08 0 2.66667
232 1 1e-08 1e-08 1e-08 0 2.8
239 1 1e-08 1e-08 1e-08 0 2.66667
242 1 1e-08 1e-08 1e-08 0 2.66667
256 1 1e-08 1e-08 1e-08 0 3.66667
262 1 1e-08 1e-08 1e-08 0 3.66667
235 1 1e-08 1e-08 1e-08 0 2.8
241 1 1e-08 1e-08 1e-08 0 3.8
259 1 1e-08 1e-08 1e-08 0 3.66667
267 1 1e-08 1e-08 1e-08 0 3.8

238 7 149.987 149.987 149.987 128.561 3.8
234 10 149.712 149.712 149.712 134.741 3.66667
161 9 141.339 137.948 138.427 123.046 1.35714
258 3 118.965 118.965 118.965 79.3099 0.8
116 8 17.4617 17.4617 116.66 114.477 3.66667
233 7 23.0848 23.0848 108.053 104.755 2.66667
114 4 94.8659 89.0733 91.9696 68.981 3.8
240 6 92.234 89.7878 90.2245 75.1873 3.8
228 2 89.0733 89.0733 89.0733 44.5367 2.66667
193 6 89.0733 89.0733 89.0733 74.2278 2.66667
212 4 89.3763 5.09975 68.2867 52.0207 1.8
41 2 48.2856 31.056 39.6708 20.2977 3.16667
42 1 18.7055 18.7055 18.7055 0 0.666667
55 1 18.1206 18.1206 18.1206 0 3.66667
67 1 18.1206 18.1206 18.1206 0 3.66667
14 1 15.2827 15.2827 15.2827 0 2.66667
132 1 12.5068 12.5068 12.5068 0 3.66667
1 1 5.0093 5.0093 5.0093 0 0.666667
59 1 3.96208 3.96208 3.96208 0 3.16667
12 1 2.1848 2.1848 2.1848 0 2.66667
13 1 1.22429 1.22429 1.22429 0 2.66667
17 1 1.22429 1.22429 1.22429 0 2.66667
5 1 1.22429 1.22429 1.22429 0 2.66667
4 1 1.22423 1.22423 1.22423 0 2.66667
244 1 0.685301 0.685301 0.685301 0 0.8
47 1 0.340131 0.340131 0.340131 0 2.8
169 1 0.340015 0.340015 0.340015 0 3.8
263 1 0.334658 0.334658 0.334658 0 3.66667
225 1 0.329835 0.329835 0.329835 0 3.8
217 1 0.237217 0.237217 0.237217 0 3.8
268 1 0.0947576 0.0947576 0.0947576 0 3.66667
110 1 0.0898849 0.0898849 0.0898849 0 1.16667
265 1 0.0522537 0.0522537 0.0522537 0 2.66667
177 1 0.0521883 0.0521883 0.0521883 0 3.8
261 1 0.0519848 0.0519848 0.0519848 0 3.66667
260 1 0.031446 0.031446 0.031446 0 0.8
264 1 0.0150344 0.0150344 0.0150344 0 3.8
269 1 0.0131185 0.0131185 0.0131185 0 2.8
266 1 0.00484992 0.00484992 0.00484992 0 2.8
231 1 1e-08 1e-08 1e-08 0 2.66667
232 1 1e-08 1e-08 1e-08 0 2.8
239 1 1e-08 1e-08 1e-08 0 2.66667
242 1 1e-08 1e-08 1e-08 0 2.66667
256 1 1e-08 1e-08 1e-08 0 3.66667
262 1 1e-08 1e-08 1e-08 0 3.66667

233 7 148.402 148.402 148.402 127.202 2.66667
116 8 144.059 144.059 144.059 126.052 3.66667
161 9 141.339 137.948 138.427 123.046 1.35714
234 9 22.8375 22.8375 133.282 130.744 3.66667
258 3 118.965 118.965 118.965 79.3099 0.8
238 8 21.0509 21.0509 115.872 113.24 3.8
114 4 94.8659 89.0733 91.9696 68.981 3.8
240 6 92.234 89.7878 90.2245 75.1873 3.8
228 2 89.0733 89.0733 89.0733 44.5367 2.66667
193 6 89.0733 89.0733 89.0733 74.2278 2.66667
212 4 89.3763 5.09975 68.2867 52.0207 1.88889
41 2 48.2856 31.056 39.6708 20.2977 3.16667
42 1 18.7055 18.7055 18.7055 0 0.666667
55 1 18.1206 18.1206 18.1206 0 3.66667
67 1 18.1206 18.1206 18.1206 0 3.66667
14 1 15.2827 15.2827 15.2827 0 2.66667
132 1 12.5068 12.5068 12.5068 0 3.66667
1 1 5.0093 5.0093 5.0093 0 0.666667
59 1 3.96208 3.96208 3.96208 0 3.16667
12 1 2.1848 2.1848 2.1848 0 2.66667
13 1 1.22429 1.22429 1.22429 0 2.66667
17 1 1.22429 1.22429 1.22429 0 2.66667
5 1 1.22429 1.22429 1.22429 0 2.66667
4 1 1.22423 1.22423 1.22423 0 2.66667
244 1 0.685301 0.685301 0.685301 0 0.8
47 1 0.340131 0.340131 0.340131 0 2.8
169 1 0.340015 0.340015 0.340015 0 3.8
263 1 0.334658 0.334658 0.334658 0 3.66667
225 1 0.329835 0.329835 0.329835 0 3.8
217 1 0.237217 0.237217 0.237217 0 3.8
268 1 0.0947576 0.0947576 0.0947576 0 3.66667
110 1 0.0898849 0.0898849 0.0898849 0 1.16667
265 1 0.0522537 0.0522537 0.0522537 0 2.66667
177 1 0.0521883 0.0521883 0.0521883 0 3.8
261 1 0.0519848 0.0519848 0.0519848 0 3.66667
260 1 0.031446 0.031446 0.031446 0 0.8
264 1 0.0150344 0.0150344 0.0150344 0 3.8
269 1 0.0131185 0.0131185 0.0131185 0 2.8
266 1 0.00484992 0.00484992 0.00484992 0 2.8
231 1 1e-08 1e-08 1e-08 0 2.66667
232 1 1e-08 1e-08 1e-08 0 2.8
239 1 1e-08 1e-08 1e-08 0 2.66667
242 1 1e-08 1e-08 1e-08 0 2.66667
256 1 1e-08 1e-08 1e-08 0 3.66667
262 1 1e-08 1e-08 1e-08 0 3.66667

238 8 149.987 149.987 149.987 131.239 3.8
234 9 149.712 149.712 149.712 133.078 3.66667
161 9 141.339 137.948 138.427 123.046 1.35714
258 3 118.965 118.965 118.965 79.3099 0.8
233 8 21.5858 21.5858 115.649 112.951 2.66667
116 7 17.6915 17.6915 102.871 100.343 3.66667
114 4 94.8659 89.0733 91.9696 68.981 3.8
240 6 79.0577 76.9609 90.0601 77.171 3.8
228 2 89.0733 89.0733 89.0733 44.5367 2.66667
193 6 89.0733 89.0733 89.0733 74.2278 3.16667
212 4 89.3763 5.09975 68.2867 52.0207 1.88889
41 2 48.2856 31.056 39.6708 20.2977 3.16667
42 1 18.7055 18.7055 18.7055 0 0.666667
55 1 18.1206 18.1206 18.1206 0 3.66667
67 1 18.1206 18.1206 18.1206 0 3.66667
14 1 15.2827 15.2827 15.2827 0 2.66667
132 1 12.5068 12.5068 12.5068 0 3.66667
1 1 5.0093 5.0093 5.0093 0 0.666667
59 1 3.96208 3.96208 3.96208 0 3.16667
12 1 2.1848 2.1848 2.1848 0 2.66667
13 1 1.22429 1.22429 1.22429 0 2.66667
17 1 1.22429 1.22429 1.22429 0 2.66667
5 1 1.22429 1.22429 1.22429 0 2.66667
4 1 1.22423 1.22423 1.22423 0 2.66667
244 1 0.685301 0.685301 0.685301 0 0.8
47 1 0.340131 0.340131 0.340131 0 2.8
169 1 0.340015 0.340015 0.340015 0 3.8
263 1 0.334658 0.334658 0.334658 0 3.66667
225 1 0.329835 0.329835 0.329835 0 3.8
217 1 0.237217 0.237217 0.237217 0 3.8
256 1 0.127583 0.127583 0.127583 5e-09 3.66667
268 1 0.0947576 0.0947576 0.0947576 0 3.66667
110 1 0.0898849 0.0898849 0.0898849 0 1.16667
177 1 0.0521883 0.0521883 0.0521883 0 3.8
261 1 0.0519848 0.0519848 0.0519848 0 3.66667
260 1 0.031446 0.031446 0.031446 0 0.8
265 1 0.0261268 0.0261268 0.0261268 5e-09 2.66667
264 1 0.0150344 0.0150344 0.0150344 0 3.8
269 1 0.0131185 0.0131185 0.0131185 0 2.8
266 1 0.00484992 0.00484992 0.00484992 0 2.8
231 1 1e-08 1e-08 1e-08 0 2.66667
232 1 1e-08 1e-08 1e-08 0 2.8
239 1 1e-08 1e-08 1e-08 0 2.66667
242 1 1e-08 1e-08 1e-08 0 2.66667
262 1 1e-08 1e-08 1e-08 0 3.66667

233 8 148.402 148.402 148.402 129.852 2.66667
116 7 144.059 144.059 144.059 123.479 3.66667
161 9 141.339 137.948 138.427 123.046 1.35714
258 3 118.965 118.965 118.965 79.3099 0.8
234 8 19.9616 19.9616 116.287 113.792 3.66667
238 8 22.6396 22.6396 110.902 108.072 3.8
240 6 92.234 89.7878 90.2245 75.1873 3.8
193 6 89.0733 89.0733 89.0733 74.2278 2.66667
114 5 94.8659 1e-08 73.5757 59.3209 3.8
212 4 89.3763 5.09975 68.2867 52.0207 1.8
228 3 89.0733 1e-08 59.3822 41.9896 3.85714
41 2 48.2856 31.056 39.6708 20.2977 3.16667
42 1 18.7055 18.7055 18.7055 0 0.666667
55 1 18.1206 18.1206 18.1206 0 3.66667
67 1 18.1206 18.1206 18.1206 0 3.66667
14 1 15.2827 15.2827 15.2827 0 2.66667
132 1 12.5068 12.5068 12.5068 0 3.66667
1 1 5.0093 5.0093 5.0093 0 0.666667
59 1 3.96208 3.96208 3.96208 0 3.16667
12 1 2.1848 2.1848 2.1848 0 2.66667
13 1 1.22429 1.22429 1.22429 0 2.66667
17 1 1.22429 1.22429 1.22429 0 2.66667
5 1 1.22429 1.22429 1.22429 0 2.66667
4 1 1.22423 1.22423 1.22423 0 2.66667
244 1 0.685301 0.685301 0.685301 0 0.8
47 1 0.340131 0.340131 0.340131 0 2.8
169 1 0.340015 0.340015 0.340015 0 3.8
263 1 0.334658 0.334658 0.334658 0 3.66667
225 1 0.329835 0.329835 0.329835 0 3.8
256 1 0.255166 0.255166 0.255166 0 3.66667
217 1 0.237217 0.237217 0.237217 0 3.8
268 1 0.0947576 0.0947576 0.0947576 0 3.66667
110 1 0.0898849 0.0898849 0.0898849 0 1.16667
265 1 0.0522537 0.0522537 0.0522537 0 2.66667
177 1 0.0521883 0.0521883 0.0521883 0 3.8
261 1 0.0519848 0.0519848 0.0519848 0 3.66667
260 1 0.031446 0.031446 0.031446 0 0.8
269 1 0.0131185 0.0131185 0.0131185 0 2.8
264 1 0.00751721 0.00751721 0.00751721 5e-09 3.8
266 1 0.00484992 0.00484992 0.00484992 0 2.8
231 1 1e-08 1e-08 1e-08 0 2.66667
232 1 1e-08 1e-08 1e-08 0 2.8
239 1 1e-08 1e-08 1e-08 0 2.66667
242 1 1e-08 1e-08 1e-08 0 2.66667

238 8 149.987 149.987 149.987 131.239 3.8
161 9 141.339 137.948 138.427 123.046 1.35714
234 9 149.712 0.329835 133.114 118.439 3.8
258 3 118.965 118.965 118.965 79.3099 0.8
116 8 17.4617 17.4617 106.691 104.509 3.8
233 7 21.642 21.642 100.571 97.4798 2.66667
240 6 92.234 89.7878 90.2245 75.1873 3.8
193 6 89.0733 89.0733 89.0733 74.2278 2.66667
114 5 94.8659 1e-08 73.5757 59.3209 3.8
212 4 89.3763 5.09975 68.2867 52.0207 1.88889
228 3 89.0733 1e-08 59.3822 41.9896 3.85714
41 2 48.2856 31.056 39.6708 20.2977 3.16667
42 1 18.7055 18.7055 18.7055 0 0.666667
55 1 18.1206 18.1206 18.1206 0 3.66667
67 1 18.1206 18.1206 18.1206 0 3.66667
14 1 15.2827 15.2827 15.2827 0 2.66667
132 1 12.5068 12.5068 12.5068 0 3.66667
1 1 5.0093 5.0093 5.0093 0 0.666667
59 1 3.96208 3.96208 3.96208 0 3.16667
12 1 2.1848 2.1848 2.1848 0 2.66667
13 1 1.22429 1.22429 1.22429 0 2.66667
17 1 1.22429 1.22429 1.22429 0 2.66667
5 1 1.22429 1.22429 1.22429 0 2.66667
4 1 1.22423 1.22423 1.22423 0 2.66667
244 1 0.685301 0.685301 0.685301 0 0.8
47 1 0.340131 0.340131 0.340131 0 2.8
169 1 0.340015 0.340015 0.340015 0 3.8
263 1 0.334658 0.334658 0.334658 0 3.66667
256 1 0.255166 0.255166 0.255166 0 3.66667
217 1 0.237217 0.237217 0.237217 0 3.8
268 1 0.0947576 0.0947576 0.0947576 0 3.66667
110 1 0.0898849 0.0898849 0.0898849 0 1.16667
265 1 0.0522537 0.0522537 0.0522537 0 2.66667
177 1 0.0521883 0.0521883 0.0521883 0 3.8
261 1 0.0519848 0.0519848 0.0519848 0 3.66667
260 1 0.031446 0.031446 0.031446 0 0.8
264 1 0.0150344 0.0150344 0.0150344 0 3.8
272 1 0.0148744 0.0148744 0.0148744 0 1.66667
269 1 0.0131185 0.0131185 0.0131185 0 2.8
266 1 0.00484992 0.00484992 0.00484992 0 2.8
231 1 1e-08 1e-08 1e-08 0 2.66667
232 1 1e-08 1e-08 1e-08 0 2.8
239 1 1e-08 1e-08 1e-08 0 2.66667

273 8 149.712 149.712 149.712 130.998 3.66667
233 7 148.402 148.402 148.402 127.202 2.66667
116 8 144.059 144.059 144.059 126.052 3.66667
258 3 118.965 118.965 118.965 79.3099 0.8
238 8 20.3373 20.3373 108.25 105.708 3.35714
161 7 17.7315 17.6674 93.6651 91.1399 1.35714
240 6 92.234 89.7878 90.2245 75.1873 3.8
193 6 89.0733 89.0733 89.0733 74.2278 2.66667
114 5 94.8659 1e-08 73.5757 59.3209 3.8
212 4 89.3763 5.09975 68.2867 52.0207 1.8
228 3 66.805 0.0928751 44.5676 31.5068 1.8
41 2 48.2856 31.056 39.6708 20.2977 3.16667
42 1 18.7055 18.7055 18.7055 0 0.666667
55 1 18.1206 18.1206 18.1206 0 3.66667
67 1 18.1206 18.1206 18.1206 0 3.66667
14 1 15.2827 15.2827 15.2827 0 2.66667
132 1 12.5068 12.5068 12.5068 0 3.66667
1 1 5.0093 5.0093 5.0093 0 0.666667
59 1 3.96208 3.96208 3.96208 0 3.16667
12 1 2.1848 2.1848 2.1848 0 2.66667
13 1 1.22429 1.22429 1.22429 0 2.66667
17 1 1.22429 1.22429 1.22429 0 2.66667
5 1 1.22429 1.22429 1.22429 0 2.66667
4 1 1.22423 1.22423 1.22423 0 2.66667
244 1 0.685301 0.685301 0.685301 0 0.8
47 1 0.340131 0.340131 0.340131 0 2.8
169 1 0.340015 0.340015 0.340015 0 3.8
263 1 0.334658 0.334658 0.334658 0 3.66667
234 1 0.329835 0.329835 0.329835 0 3.8
256 1 0.255166 0.255166 0.255166 0 3.66667
217 1 0.237217 0.237217 0.237217 0 3.8
268 1 0.0947576 0.0947576 0.0947576 0 3.66667
110 1 0.0898849 0.0898849 0.0898849 0 1.16667
265 1 0.0522537 0.0522537 0.0522537 0 2.66667
177 1 0.0521883 0.0521883 0.0521883 0 3.8
261 1 0.0519848 0.0519848 0.0519848 0 3.66667
260 1 0.031446 0.031446 0.031446 0 0.8
264 1 0.0150344 0.0150344 0.0150344 0 3.8
272 1 0.0148744 0.0148744 0.0148744 0 1.66667
269 1 0.0131185 0.0131185 0.0131185 0 2.8
274 1 0.0118429 0.0118429 0.0118429 0 3.8
266 1 0.00484992 0.00484992 0.00484992 0 2.8
231 1 1e-08 1e-08 1e-08 0 2.66667
232 1 1e-08 1e-08 1e-08 0 2.8
239 1 1e-08 1e-08 1e-08 0 2.66667

238 8 149.987 149.987 149.987 131.239 3.8
116 2 144.059 144.059 144.059 72.0296 3.66667
161 7 141.852 141.339 141.412 121.211 1.35714
258 3 118.965 118.965 118.965 79.3099 0.8
273 8 19.9616 19.9616 113.258 110.763 3.66667
233 8 20.1223 20.1223 110.661 108.145 2.66667
240 6 92.234 89.7878 90.2245 75.1873 3.8
193 6 89.0733 89.0733 89.0733 74.2278 2.66667
275 2 89.0733 89.0733 89.0733 44.5367 2.66667
114 5 94.8659 1e-08 73.5757 59.3209 3.8
212 4 89.3763 5.09975 68.2867 52.0207 1.88889
41 2 48.2856 31.056 39.6708 20.2977 3.16667
42 1 18.7055 18.7055 18.7055 0 0.666667
55 1 18.1206 18.1206 18.1206 0 3.66667
67 1 18.1206 18.1206 18.1206 0 3.66667
14 1 15.2827 15.2827 15.2827 0 2.66667
132 1 12.5068 12.5068 12.5068 0 3.66667
1 1 5.0093 5.0093 5.0093 0 0.666667
59 1 3.96208 3.96208 3.96208 0 3.16667
12 1 2.1848 2.1848 2.1848 0 2.66667
13 1 1.22429 1.22429 1.22429 0 2.66667
17 1 1.22429 1.22429 1.22429 0 2.66667
5 1 1.22429 1.22429 1.22429 0 2.66667
4 1 1.22423 1.22423 1.22423 0 2.66667
244 1 0.685301 0.685301 0.685301 0 0.8
47 1 0.340131 0.340131 0.340131 0 2.8
169 1 0.340015 0.340015 0.340015 0 3.8
263 1 0.334658 0.334658 0.334658 0 3.66667
234 1 0.329835 0.329835 0.329835 0 3.8
256 1 0.255166 0.255166 0.255166 0 3.66667
217 1 0.237217 0.237217 0.237217 0 3.8
228 1 0.123833 0.123833 0.123833 0 1.8
268 1 0.0947576 0.0947576 0.0947576 0 3.66667
110 1 0.0898849 0.0898849 0.0898849 0 1.16667
265 1 0.0522537 0.0522537 0.0522537 0 2.66667
177 1 0.0521883 0.0521883 0.0521883 0 3.8
261 1 0.0519848 0.0519848 0.0519848 0 3.66667
260 1 0.031446 0.031446 0.031446 0 0.8
264 1 0.0150344 0.0150344 0.0150344 0 3.8
272 1 0.0148744 0.0148744 0.0148744 0 1.66667
269 1 0.0131185 0.0131185 0.0131185 0 2.8
274 1 0.0118429 0.0118429 0.0118429 0 3.8
266 1 0.00484992 0.00484992 0.00484992 0 2.8
231 1 1e-08 1e-08 1e-08 0 2.66667
232 1 1e-08 1e-08 1e-08 0 2.8
239 1 1e-08 1e-08 1e-08 0 2.66667
276 1 1e-08 1e-08 1e-08 0 3.66667
277 1 1e-08 1e-08 1e-08 0 3.8

