5 1 0.0522538 0.0522538 0.0522538 0 2
1 1 1e-08 1e-08 1e-08 0 0
2 1 1e-08 1e-08 1e-08 0 2
3 1 1e-08 1e-08 1e-08 0 2
4 1 1e-08 1e-08 1e-08 0 2

5 96 0.0127531 0.000337442 0.00181394 0.00373025 2.66667
1 1 2.5e-09 2.5e-09 1e-08 7.5e-09 0
2 1 3.33333e-09 3.33333e-09 1e-08 6.66667e-09 2
3 1 1e-08 1e-08 1e-08 0 2
4 1 1e-08 1e-08 1e-08 0 2

16 1 1.22429 1.22429 1.22429 0 2.66667
14 1 1.22429 1.22429 1.22429 0 2.66667
13 1 1.22429 1.22429 1.22429 0 2.66667
6 1 1.22429 1.22429 1.22429 0 2.66667
7 2 0.612147 0.612147 0.612147 0 2.66667
8 3 0.408098 0.408098 0.408098 0 2.66667
9 1 1.22429 1.22429 1.22429 0 2.66667
11 2 0.612096 0.612096 0.612096 0 2.66667
12 3 0.408044 3.33333e-09 0.27203 0.192354 2.66667
4 3 0.408098 3.33333e-09 0.136033 0.192379 2
10 3 0.408091 3.33333e-09 0.13603 0.192376 2.66667
15 1 0.202224 0.202224 0.202224 0 2.66667
5 1 0.00724435 0.00724435 0.0643282 0.0570839 2
3 1 1e-08 1e-08 1e-08 0 2
2 1 1.66667e-09 1.66667e-09 1e-08 8.33333e-09 2
1 1 1e-08 1e-08 1e-08 0 0
17 1 1e-08 1e-08 1e-08 0 2.66667

8 17 1.49778 5.88235e-10 0.136965 0.341533 2.66667
13 6 0.204049 0.204049 0.204049 0 2.66667
16 10 0.203367 0.0765184 0.112485 0.0446118 2.66667
7 9 0.0765184 0.0765184 0.11975 0.043232 2.66667
11 9 0.076512 0.076512 0.111243 0.0347314 2.66667
9 8 0.102025 0.102025 0.114778 0.0127531 2.66667
6 7 0.174899 1.42857e-09 0.125995 0.0773503 2.8
12 6 0.136015 0.00580601 0.115275 0.0485355 2.66667
14 5 0.204049 0.00871214 0.125914 0.095695 2.66667
10 4 0.153034 1.25e-09 0.114776 0.0662657 2.66667
5 3 0.408098 3.33333e-09 0.136033 0.192379 2.66667
15 2 0.150079 0.150079 0.150079 0 2.66667
4 1 2e-09 2e-09 1e-08 8e-09 2
3 1 1e-08 1e-08 1e-08 0 2
2 1 5e-09 5e-09 1e-08 5e-09 2
1 1 1e-08 1e-08 1e-08 0 0

8 12 0.592145 0.028472 0.156265 0.212778 2.66667
16 9 0.203367 0.0765184 0.155719 0.0733713 2.66667
18 1 1.22429 1.22429 1.22429 0 2.66667
23 1 1.22394 1.22394 1.22394 0 1.16667
13 7 0.0612147 0.0612147 0.166154 0.10494 2.66667
7 7 0.0720173 0.0720173 0.16505 0.093033 2.66667
9 7 0.0874496 0.0874496 0.162406 0.0749568 2.66667
12 7 0.136015 0.136015 0.156275 0.0202601 3.16667
11 6 0.0556451 0.0556451 0.167331 0.111686 3.16667
10 5 0.244855 2e-09 0.195884 0.0979418 2.66667
6 5 0.111299 0.111299 0.158671 0.0473712 2.8
2 2 0.671296 5e-09 0.335648 0.335648 2
14 3 0.174899 0.174899 0.182367 0.00746788 2.8
4 2 0.408098 3.33333e-09 0.204049 0.204049 2
15 2 0.150079 0.150079 0.150079 0 2.66667
5 1 3.33333e-09 3.33333e-09 1e-08 6.66667e-09 3.16667
3 1 2e-09 2e-09 1e-08 8e-09 2.66667
1 1 5e-09 5e-09 1e-08 5e-09 0.8
19 1 1e-08 1e-08 1e-08 0 2.8
20 1 3.33333e-09 3.33333e-09 1e-08 6.66667e-09 2.66667
21 1 1e-08 1e-08 1e-08 0 2.66667
22 1 5e-09 5e-09 1e-08 5e-09 2.66667

8 22 0.878008 0.042217 0.203136 0.322398 2.66667
9 12 1.4178 0.0612147 0.205111 0.376208 2.66667
16 8 0.171257 0.0644365 0.211745 0.0957181 2.66667
11 6 0.124594 0.11129 0.205541 0.0921674 2.66667
14 3 0.408098 0.408098 0.408098 0 2.66667
6 5 0.244859 0.244859 0.244859 0 2.66667
23 5 0.0874381 0.0874381 0.228276 0.140838 3.16667
13 5 0.0883749 0.0816196 0.214259 0.131316 2.66667
7 5 0.0612147 0.0612147 0.209176 0.147961 2.8
12 4 0.0816089 0.0816089 0.245698 0.164089 3.16667
10 4 0.244855 0.244855 0.244855 5e-10 2.66667
18 4 0.111299 0.111299 0.222599 0.111299 2.66667
2 2 0.671296 5e-09 0.335648 0.335648 2.66667
4 2 0.408098 3.33333e-09 0.204049 0.204049 2.66667
15 1 0.101112 0.101112 0.202224 0.101112 2.66667
26 1 1e-08 1e-08 1e-08 0 2.66667
25 1 1e-08 1e-08 1e-08 0 2.66667
24 1 1e-08 1e-08 1e-08 0 3.16667
22 1 1e-08 1e-08 1e-08 0 2.66667
21 1 1e-08 1e-08 1e-08 0 2.66667
19 1 1e-08 1e-08 1e-08 0 2.8
1 1 1e-08 1e-08 1e-08 0 0
3 1 1e-08 1e-08 1e-08 0 2
5 1 1e-08 1e-08 1e-08 0 3.16667

8 25 0.647757 0.0218624 0.240003 0.224608 2.66667
16 10 0.130155 0.130155 0.256017 0.125862 2.66667
9 10 1.09062 0.0470882 0.241864 0.325472 2.66667
14 5 0.122429 0.122429 0.244859 0.122429 2.66667
7 4 0.306074 0.306074 0.306074 0 2.66667
18 3 0.408098 0.408098 0.408098 0 2.66667
28 1 1.22429 1.22429 1.22429 0 2.66667
27 2 0.612147 0.612147 0.612147 0 2.66667
10 4 0.306068 0.306068 0.306068 0 2.66667
23 4 0.0941641 0.0941641 0.283494 0.18933 1.16667
13 4 0.0828515 0.0765184 0.273381 0.192132 2.66667
11 4 0.124594 0.11129 0.254917 0.140419 2.66667
6 3 0.0941765 0.0941765 0.315262 0.221086 2.8
1 3 0.40805 3.33333e-09 0.272031 0.192355 0.666667
15 1 0.300158 0.300158 0.300158 0 2.66667
29 1 0.0522633 0.0522633 0.0522633 0 2.8
24 1 1e-08 1e-08 1e-08 0 3.16667
21 1 1e-08 1e-08 1e-08 0 2.66667
19 1 1e-08 1e-08 1e-08 0 2.8
25 1 5e-09 5e-09 1e-08 5e-09 2.66667
26 1 1e-08 1e-08 1e-08 0 2.66667
4 1 1e-08 1e-08 1e-08 0 2
2 1 1e-08 1e-08 1e-08 0 2

8 33 0.626839 0.0200704 0.32406 0.200173 2.8
9 19 1.4178 0.0183609 0.325572 0.49688 3.16667
16 8 0.147903 0.147903 0.339484 0.191581 2.66667
13 4 0.331406 0.306074 0.325073 0.0109692 2.66667
11 3 0.342634 0.306048 0.420259 0.103464 3.16667
6 3 0.408098 0.408098 0.408098 0 2.66667
10 3 0.204045 0.204045 0.408091 0.204045 2.66667
23 3 0.204025 0.204022 0.408045 0.204022 0.666667
14 3 0.122429 0.122429 0.405113 0.282684 2.66667
7 3 0.0942915 0.0941765 0.370296 0.276081 2.66667
18 3 0.0680164 0.0680164 0.319346 0.251329 2.66667
30 2 0.306074 0.306074 0.45911 0.153037 0.666667
27 2 0.174899 0.174899 0.349798 0.174899 2.8
4 1 0.612147 0.612147 0.612147 5e-09 2.8
15 1 0.202224 0.202224 0.202224 0 2.66667
32 1 0.0522747 0.0522747 0.0522747 0 3.3
29 1 0.0522633 0.0522633 0.0522633 0 2.8
31 1 0.00470281 0.00470281 0.00470281 0 2.66667
21 1 1e-08 1e-08 1e-08 0 2.66667
19 1 1e-08 1e-08 1e-08 0 2.8
25 1 1e-08 1e-08 1e-08 0 2.66667
24 1 1e-08 1e-08 1e-08 0 3.16667
2 1 5e-09 5e-09 1e-08 5e-09 2
1 1 1e-08 1e-08 1e-08 0 0

8 48 0.588264 0.0205496 0.384334 0.122936 2.66667
9 12 0.578696 0.0249856 0.397022 0.259593 2.66667
16 8 0.203367 0.203367 0.406735 0.203367 2.66667
11 3 0.124594 0.11129 0.416933 0.29684 3.16667
7 3 0.408596 0.408098 0.408264 0.000234839 2.66667
14 3 0.408098 0.408098 0.408098 0 2.66667
18 3 0.408098 0.408098 0.408098 0 2.66667
27 2 0.612147 0.612147 0.612147 0 2.8
33 3 0.408044 0.408044 0.408044 0 3.16667
13 3 0.132562 0.132562 0.39431 0.261747 2.66667
10 2 0.122427 0.122427 0.550923 0.428496 2.66667
6 2 0.204049 0.204049 0.514479 0.31043 2.66667
23 1 0.612075 0.612075 0.612075 5e-09 0.666667
15 1 0.300158 0.300158 0.300158 0 2.66667
29 1 0.0522633 0.0522633 0.0522633 0 2.8
34 1 0.0161271 0.0161271 0.0161271 6.66667e-09 2.66667
21 1 5e-09 5e-09 1e-08 5e-09 2.66667
19 1 1e-08 1e-08 1e-08 0 2.8
25 1 1e-08 1e-08 1e-08 0 2.66667
24 1 1e-08 1e-08 1e-08 0 3.16667
2 1 1e-08 1e-08 1e-08 0 2

8 39 0.364164 0.242497 0.50976 0.246432 2.66667
9 24 1.1815 4.16667e-10 0.613738 0.492884 2.66667
16 5 0.180771 0.180771 0.578466 0.397695 2.66667
13 2 0.441875 0.441875 0.662812 0.220937 2.66667
6 2 0.612147 0.612147 0.612147 0 2.66667
27 2 0.306074 0.306074 0.612147 0.306074 2.8
14 2 0.306074 0.306074 0.612147 0.306074 2.66667
10 2 0.612136 0.612136 0.612136 0 2.66667
23 1 1.22415 1.22415 1.22415 0 0.666667
33 2 0.408044 0.408044 0.612067 0.204022 3.16667
11 2 0.152282 0.152282 0.59566 0.443379 3.16667
18 2 0.153037 0.153037 0.564837 0.411801 2.66667
7 2 0.153224 0.153224 0.535909 0.382685 2.66667
15 1 0.300158 0.300158 0.300158 0 2.66667
29 1 0.0522633 0.0522633 0.0522633 0 2.8
21 1 1e-08 1e-08 1e-08 0 2.66667
19 1 1e-08 1e-08 1e-08 0 2.8
25 1 1e-08 1e-08 1e-08 0 2.66667
24 1 1e-08 1e-08 1e-08 0 3.16667
2 1 1e-08 1e-08 1e-08 0 2
39 1 5e-09 5e-09 1e-08 5e-09 0.666667
40 1 1e-08 1e-08 1e-08 0 3.16667

8 45 0.402497 0.268023 0.526447 0.223563 2.66667
9 26 0.443064 0.372885 0.539908 0.100454 2.66667
16 5 0.650775 0.650775 0.650775 0 2.66667
11 2 0.685269 0.685269 0.685269 0 3.16667
13 2 0.662812 0.662812 0.662812 0 2.66667
27 2 0.306447 0.306447 0.612521 0.306074 2.66667
6 2 0.612147 0.612147 0.612147 0 2.66667
14 2 0.612147 0.612147 0.612147 0 2.66667
18 2 0.612147 0.612147 0.612147 0 2.66667
10 2 0.612136 0.612136 0.612136 0 2.66667
23 1 1.22415 1.22415 1.22415 0 0.666667
33 2 0.612067 0.612067 0.612067 0 3.16667
15 1 0.300158 0.300158 0.300158 0 2.66667
29 1 0.0522633 0.0522633 0.0522633 0 2.8
41 1 0.031735 0.031735 0.031735 0 2.8
21 1 1e-08 1e-08 1e-08 0 2.66667
19 1 1e-08 1e-08 1e-08 0 2.8
25 1 1e-08 1e-08 1e-08 0 2.66667
24 1 1e-08 1e-08 1e-08 0 3.16667
2 1 1e-08 1e-08 1e-08 0 2

8 40 0.374874 0.24963 0.662783 0.322166 2.66667
9 37 0.751621 0.497475 0.664796 0.16566 2.66667
16 3 0.23242 0.23242 0.852206 0.619786 2.66667
11 2 0.685269 0.685269 0.685269 0 3.16667
13 2 0.662812 0.662812 0.662812 0 2.66667
27 1 0.612894 0.612894 1.22579 0.612894 2.66667
6 1 0.612147 0.612147 1.22429 0.612147 2.66667
14 1 0.612147 0.612147 1.22429 0.612147 2.66667
18 1 0.612147 0.612147 1.22429 0.612147 2.66667
10 1 0.612136 0.612136 1.22427 0.612136 2.66667
23 1 1.22415 1.22415 1.22415 0 0.666667
33 1 0.612067 0.612067 1.22413 0.612067 3.16667
46 1 0.218949 0.218949 0.218949 0 0.666667
15 1 0.202224 0.202224 0.202224 0 2.66667
29 1 0.0522633 0.0522633 0.0522633 0 2.8
41 1 0.031735 0.031735 0.031735 0 2.8
21 1 1e-08 1e-08 1e-08 0 2.66667
19 1 1e-08 1e-08 1e-08 0 2.8
25 1 1e-08 1e-08 1e-08 0 2.66667
24 1 1e-08 1e-08 1e-08 0 3.16667
2 1 5e-09 5e-09 1e-08 5e-09 2
45 1 1e-08 1e-08 1e-08 0 2.66667

49 1 36.2438 36.2438 36.2438 0 1.16667
8 24 0.394198 0.373963 1.12621 0.74375 3.16667
9 21 0.603414 0.399382 1.12463 0.708352 2.66667
2 4 9.0686 2.5e-09 2.26715 3.92682 2.66667
16 2 1.08463 1.08463 1.62694 0.542313 2.66667
11 1 0.685269 0.685269 1.37054 0.685269 3.16667
13 1 0.662812 0.662812 1.32562 0.662812 2.66667
27 1 1.22579 1.22579 1.22579 0 2.66667
6 1 1.22429 1.22429 1.22429 0 2.66667
14 1 1.22429 1.22429 1.22429 0 2.66667
18 1 1.22429 1.22429 1.22429 0 2.66667
10 1 1.22427 1.22427 1.22427 0 2.66667
23 1 1.22415 1.22415 1.22415 0 0.666667
33 1 1.22413 1.22413 1.22413 0 3.16667
46 1 0.218949 0.218949 0.218949 0 0.666667
15 1 0.202224 0.202224 0.202224 0 2.66667
29 1 0.0522633 0.0522633 0.0522633 0 2.8
41 1 0.0260723 0.0260723 0.0419398 0.0158675 2.8
21 1 1e-08 1e-08 1e-08 0 2.66667
19 1 1e-08 1e-08 1e-08 0 2.8
25 1 1e-08 1e-08 1e-08 0 2.66667
24 1 1e-08 1e-08 1e-08 0 3.16667
45 1 5e-09 5e-09 1e-08 5e-09 2.66667
47 1 1e-08 1e-08 1e-08 0 0.666667
48 1 1e-08 1e-08 1e-08 0 3.3
50 1 1e-08 1e-08 1e-08 0 2.8

54 1 36.2744 36.2744 36.2744 0 2.66667
49 19 0.439508 0.439508 1.52664 1.08713 3.16667
9 17 1.12743 0.746213 1.5159 0.717293 3.16667
8 15 2.41829 6.66667e-10 1.61257 1.13947 2.66667
2 4 9.07782 2.5e-09 4.53661 4.53661 2.66667
16 2 1.62694 1.62694 1.62694 0 2.66667
11 1 1.37054 1.37054 1.37054 0 3.16667
13 1 1.32562 1.32562 1.32562 0 2.66667
27 1 1.22579 1.22579 1.22579 0 2.66667
6 1 1.22429 1.22429 1.22429 0 2.66667
14 1 1.22429 1.22429 1.22429 0 2.66667
18 1 1.22429 1.22429 1.22429 0 2.66667
10 1 1.22427 1.22427 1.22427 0 2.66667
23 1 1.22415 1.22415 1.22415 0 0.666667
33 1 1.22413 1.22413 1.22413 0 3.16667
15 1 0.300158 0.300158 0.300158 0 2.66667
46 1 0.218949 0.218949 0.218949 0 0.666667
29 1 0.0522633 0.0522633 0.0522633 0 2.8
55 1 0.0522537 0.0522537 0.0522537 0 3.16667
53 1 0.0522501 0.0522501 0.0522501 0 0.8
41 1 0.0521446 0.0521446 0.0521446 0 2.8
21 1 1e-08 1e-08 1e-08 0 2.66667
19 1 1e-08 1e-08 1e-08 0 2.8
25 1 1e-08 1e-08 1e-08 0 2.66667
24 1 1e-08 1e-08 1e-08 0 3.16667
45 1 5e-09 5e-09 1e-08 5e-09 2.66667
47 1 1e-08 1e-08 1e-08 0 0.666667
48 1 1e-08 1e-08 1e-08 0 3.3
50 1 1e-08 1e-08 1e-08 0 2.8
51 1 1e-08 1e-08 1e-08 0 2.66667
52 1 1e-08 1e-08 1e-08 0 3.3

54 19 0.460689 0.460689 1.7567 1.29601 2.66667
56 2 14.178 14.178 14.178 0 2.8
9 16 1.19007 0.787669 1.68364 0.814233 2.66667
49 6 6.37286 1.66667e-09 4.17476 2.95094 2.8
51 3 14.2808 3.33333e-09 4.76026 6.73203 2.66667
53 2 14.178 0.026125 7.10208 7.07596 0.8
8 6 1.72735 1.72735 1.72779 0.00043617 2.66667
16 1 1.62694 1.62694 3.25388 1.62694 2.66667
11 1 1.37054 1.37054 1.37054 0 3.16667
13 1 1.32562 1.32562 1.32562 0 2.66667
27 1 1.22579 1.22579 1.22579 0 2.66667
6 1 1.22429 1.22429 1.22429 0 2.66667
14 1 1.22429 1.22429 1.22429 0 2.66667
18 1 1.22429 1.22429 1.22429 0 2.66667
10 1 1.22427 1.22427 1.22427 0 2.66667
23 1 1.22415 1.22415 1.22415 0 0.666667
33 1 1.22413 1.22413 1.22413 0 3.16667
46 1 0.218949 0.218949 0.218949 0 0.666667
15 1 0.202224 0.202224 0.202224 0 2.66667
29 1 0.0522633 0.0522633 0.0522633 0 2.8
55 1 0.0522537 0.0522537 0.0522537 0 3.16667
41 1 0.0521446 0.0521446 0.0521446 0 2.8
58 1 0.0313133 0.0313133 0.0313133 0 0.8
57 1 0.00674738 0.00674738 0.00674738 0 2.66667
21 1 1e-08 1e-08 1e-08 0 2.66667
19 1 1e-08 1e-08 1e-08 0 2.8
25 1 1e-08 1e-08 1e-08 0 2.66667
24 1 1e-08 1e-08 1e-08 0 3.16667
45 1 1e-08 1e-08 1e-08 0 2.66667
47 1 5e-09 5e-09 1e-08 5e-09 2.66667
48 1 1e-08 1e-08 1e-08 0 3.3
50 1 5e-09 5e-09 1e-08 5e-09 2.8
52 1 1e-08 1e-08 1e-08 0 3.3
2 1 1e-08 1e-08 1e-08 0 2

64 1 37.4903 37.4903 37.4903 0 3.16667
54 17 0.518618 0.516719 1.91274 1.39591 3.16667
56 16 2.89715 0.945203 1.90396 0.700314 3.3
9 12 1.09062 1.09062 2.00182 0.911206 2.66667
58 2 19.1186 0.0156566 9.56712 9.55146 0.8
53 3 9.45203 0.0174167 6.30716 4.44752 0.8
2 5 5.18206 1.42857e-09 2.07282 2.53868 2.66667
16 1 3.25388 3.25388 3.25388 0 2.66667
11 1 1.37054 1.37054 1.37054 0 3.16667
13 1 1.32562 1.32562 1.32562 0 2.66667
27 1 1.22579 1.22579 1.22579 0 2.66667
6 1 1.22429 1.22429 1.22429 0 2.66667
14 1 1.22429 1.22429 1.22429 0 2.66667
18 1 1.22429 1.22429 1.22429 0 2.66667
10 1 1.22427 1.22427 1.22427 0 2.66667
23 1 1.22415 1.22415 1.22415 0 0.666667
33 1 1.22413 1.22413 1.22413 0 3.16667
15 1 0.202224 0.202224 0.202224 0 2.66667
46 1 0.109475 0.109475 0.109475 5e-09 0.8
29 1 0.0522633 0.0522633 0.0522633 0 2.8
55 1 0.0522537 0.0522537 0.0522537 0 3.16667
41 1 0.0521446 0.0521446 0.0521446 0 2.8
51 1 0.00134948 0.00134948 0.00134948 8e-09 2.66667
65 1 1e-08 1e-08 1e-08 0 0.666667
49 1 1e-08 1e-08 1e-08 0 3.3
63 1 1e-08 1e-08 1e-08 0 2.8
62 1 1e-08 1e-08 1e-08 0 3.16667
61 1 1e-08 1e-08 1e-08 0 0.666667
60 1 1e-08 1e-08 1e-08 0 2.66667
59 1 1e-08 1e-08 1e-08 0 2.66667
52 1 1e-08 1e-08 1e-08 0 3.3
50 1 1e-08 1e-08 1e-08 0 2.8
48 1 1e-08 1e-08 1e-08 0 3.3
47 1 1e-08 1e-08 1e-08 0 0.666667
45 1 1e-08 1e-08 1e-08 0 2.66667
24 1 1e-08 1e-08 1e-08 0 3.16667
25 1 1e-08 1e-08 1e-08 0 2.66667
19 1 1e-08 1e-08 1e-08 0 2.8
21 1 1e-08 1e-08 1e-08 0 2.66667
8 1 1e-08 1e-08 1e-08 0 2.66667

56 15 2.89715 1.42808 2.5048 1.04514 2.66667
54 15 2.24925 2.24925 2.3992 0.14995 2.66667
66 11 3.47611 9.09091e-10 2.8502 1.32783 3.16667
64 12 1.12462 1.10265 2.58421 1.47268 3.16667
2 6 6.39629 1.66667e-09 4.14344 2.93312 2.66667
9 10 1.28891 1.28891 2.45114 1.16223 0.666667
53 3 9.45203 0.0174167 6.30716 4.44752 0.8
58 4 2.24932 2.24925 2.64437 0.395104 0.8
21 3 9.55929 2.5e-09 3.18643 4.50629 2.8
16 1 3.25388 3.25388 3.25388 0 2.66667
11 1 1.37054 1.37054 1.37054 0 3.16667
13 1 1.32562 1.32562 1.32562 0 2.66667
27 1 1.22579 1.22579 1.22579 0 2.66667
6 1 1.22429 1.22429 1.22429 0 2.66667
14 1 1.22429 1.22429 1.22429 0 2.66667
18 1 1.22429 1.22429 1.22429 0 2.66667
10 1 1.22427 1.22427 1.22427 0 2.66667
23 1 1.22415 1.22415 1.22415 0 0.666667
33 1 1.22413 1.22413 1.22413 0 3.16667
46 1 0.218949 0.218949 0.218949 0 0.666667
15 1 0.202224 0.202224 0.202224 0 2.66667
29 1 0.0522633 0.0522633 0.0522633 0 2.8
55 1 0.0522537 0.0522537 0.0522537 0 3.16667
41 1 0.0521446 0.0521446 0.0521446 0 2.8
67 1 0.00347932 0.00347932 0.0243548 0.0208755 0.8
51 1 0.00337369 0.00337369 0.0033737 5e-09 0.666667
63 1 1e-08 1e-08 1e-08 0 2.8
62 1 1e-08 1e-08 1e-08 0 3.16667
61 1 5e-09 5e-09 1e-08 5e-09 0.666667
60 1 1e-08 1e-08 1e-08 0 2.66667
59 1 1e-08 1e-08 1e-08 0 2.66667

64 20 1.42261 1.38853 1.74637 0.345873 3.16667
56 19 2.16847 0.856847 1.78701 0.884258 2.66667
54 19 0.581481 0.579351 1.74044 1.16086 2.66667
58 5 7.67555 0.00626278 4.60891 3.73306 0.8
68 5 7.25488 2e-09 4.36645 3.53765 2.66667
9 6 2.36301 0.00435417 1.97173 0.878981 0.8
16 1 3.25388 3.25388 3.25388 0 2.66667
11 1 1.37054 1.37054 1.37054 0 3.16667
13 1 1.32562 1.32562 1.32562 0 2.66667
27 1 1.22579 1.22579 1.22579 0 2.66667
6 1 1.22429 1.22429 1.22429 0 2.66667
14 1 1.22429 1.22429 1.22429 0 2.66667
18 1 1.22429 1.22429 1.22429 0 2.66667
10 1 1.22427 1.22427 1.22427 0 2.66667
23 1 1.22415 1.22415 1.22415 0 0.666667
33 1 1.22413 1.22413 1.22413 0 3.16667
46 1 0.218949 0.218949 0.218949 0 0.666667
15 1 0.202224 0.202224 0.202224 0 2.66667
71 1 0.0569684 0.0569684 0.0831048 0.0261364 2.8
29 1 0.0522633 0.0522633 0.0522633 0 2.8
55 1 0.0522537 0.0522537 0.0522537 0 3.16667
41 1 0.0521446 0.0521446 0.0521446 0 2.8
74 1 1e-08 1e-08 1e-08 0 2.66667
73 1 1e-08 1e-08 1e-08 0 3.3
72 1 1e-08 1e-08 1e-08 0 2.8
70 1 1e-08 1e-08 1e-08 0 2.8
69 1 5e-09 5e-09 1e-08 5e-09 2.66667
2 1 1.42857e-09 1.42857e-09 1e-08 8.57143e-09 0.666667
59 1 1e-08 1e-08 1e-08 0 2.66667
60 1 1e-08 1e-08 1e-08 0 2.66667
61 1 1e-08 1e-08 1e-08 0 2.66667
62 1 1e-08 1e-08 1e-08 0 3.16667
63 1 1e-08 1e-08 1e-08 0 2.8

56 12 2.35703 0.931356 3.32761 2.24408 2.66667
75 2 19.2052 19.2052 19.2052 0 3.16667
54 11 1.23799 1.23346 3.2546 2.01949 2.8
64 11 0.850326 0.849638 3.19591 2.34617 3.16667
58 9 4.26419 0.0375683 3.78244 1.32402 0.8
68 8 2.73123 2.59103 3.31794 0.660544 2.66667
80 3 12.7457 0.0174249 8.50296 6.00018 3.16667
9 5 5.67122 0.01045 4.53881 2.26418 0.8
77 2 19.1889 5e-09 9.59444 9.59444 2.8
71 2 14.178 0.0569684 7.11751 7.06054 2.8
76 1 5.46157 5.46157 5.47598 0.0144091 0.666667
16 1 3.25388 3.25388 3.25388 0 2.66667
11 1 1.37054 1.37054 1.37054 0 3.16667
13 1 1.32562 1.32562 1.32562 0 2.66667
27 1 1.22579 1.22579 1.22579 0 2.66667
18 1 1.22429 1.22429 1.22429 0 2.66667
14 1 1.22429 1.22429 1.22429 0 2.66667
6 1 1.22429 1.22429 1.22429 0 2.66667
10 1 1.22427 1.22427 1.22427 0 2.66667
23 1 1.22415 1.22415 1.22415 0 0.666667
33 1 1.22413 1.22413 1.22413 0 3.16667
15 1 0.300158 0.300158 0.300158 0 2.66667
46 1 0.218949 0.218949 0.218949 0 0.666667
29 1 0.0522633 0.0522633 0.0522633 0 2.8
41 1 0.0521446 0.0521446 0.0521446 0 2.8
55 1 0.0174179 0.0174179 0.0174179 6.66667e-09 3.16667
83 1 0.00325574 0.00325574 0.00325575 5e-09 2.8
82 1 1e-08 1e-08 1e-08 0 2.8
81 1 1e-08 1e-08 1e-08 0 0.8
79 1 1e-08 1e-08 1e-08 0 2.8
78 1 1e-08 1e-08 1e-08 0 3.16667
74 1 1e-08 1e-08 1e-08 0 2.66667
73 1 1e-08 1e-08 1e-08 0 3.3
63 1 1e-08 1e-08 1e-08 0 2.8
62 1 1e-08 1e-08 1e-08 0 3.16667
61 1 1e-08 1e-08 1e-08 0 2.66667
60 1 1e-08 1e-08 1e-08 0 2.66667
59 1 1e-08 1e-08 1e-08 0 2.66667
2 1 5e-09 5e-09 1e-08 5e-09 0.666667
69 1 1e-08 1e-08 1e-08 0 2.66667
70 1 1e-08 1e-08 1e-08 0 2.8
72 1 1e-08 1e-08 1e-08 0 2.8

56 14 3.73874 1.47732 2.84132 1.20162 2.8
88 1 38.2372 38.2372 38.2372 0 0.8
54 12 0.984045 0.98044 3.02183 2.03839 3.16667
75 12 1.13454 1.12972 2.97095 1.84083 1.16667
68 10 3.82372 0.00313155 2.92528 1.45458 2.66667
64 8 2.73123 2.73123 3.0928 0.361572 3.3
58 8 1.73811 1.73805 3.05836 1.3203 0.857143
9 5 5.67122 0.01045 4.53881 2.26418 0.8
71 2 14.178 0.0569684 7.11751 7.06054 2.8
16 1 3.25388 3.25388 3.25388 0 2.66667
11 1 1.37054 1.37054 1.37054 0 3.16667
13 1 1.32562 1.32562 1.32562 0 2.66667
27 1 1.22579 1.22579 1.22579 0 2.66667
18 1 1.22429 1.22429 1.22429 0 2.66667
14 1 1.22429 1.22429 1.22429 0 2.66667
6 1 1.22429 1.22429 1.22429 0 2.66667
10 1 1.22427 1.22427 1.22427 0 2.66667
23 1 1.22415 1.22415 1.22415 0 0.666667
33 1 1.22413 1.22413 1.22413 0 3.16667
90 1 0.338137 0.338137 0.338137 0 0.857143
15 1 0.300158 0.300158 0.300158 0 2.66667
46 1 0.218949 0.218949 0.218949 0 0.666667
29 1 0.0522633 0.0522633 0.0522633 0 2.8
41 1 0.0521446 0.0521446 0.0521446 0 2.8
55 1 0.0261269 0.0261269 0.0419261 0.0157992 2.66667
80 1 0.0130686 0.0130686 0.022084 0.0090154 2.66667
83 1 0.00651149 0.00651149 0.00651149 0 2.8
89 1 1e-08 1e-08 1e-08 0 3.3
82 1 1e-08 1e-08 1e-08 0 2.8
87 1 1e-08 1e-08 1e-08 0 0.8
86 1 1e-08 1e-08 1e-08 0 2.8
85 1 1e-08 1e-08 1e-08 0 2.8
84 1 1e-08 1e-08 1e-08 0 2.66667
72 1 1e-08 1e-08 1e-08 0 2.8
70 1 1e-08 1e-08 1e-08 0 2.8
69 1 1e-08 1e-08 1e-08 0 2.66667
2 1 1e-08 1e-08 1e-08 0 0.666667
59 1 1e-08 1e-08 1e-08 0 2.66667

56 11 4.01568 1.58675 3.99922 1.8992 2.8
99 1 38.461 38.461 38.461 0 0.857143
95 1 38.2372 38.2372 38.2372 0 1.35714
75 8 1.28581 1.28035 4.15992 2.87888 3.16667
64 8 2.9439 2.94132 3.99809 1.05645 3.3
54 8 1.74453 1.74444 3.92872 2.18427 2.66667
88 8 1.74444 1.73805 3.91659 2.17694 0.8
58 3 12.7457 0.112712 8.53472 5.95526 1.3
68 6 1.27457 1.20915 4.26169 3.03089 2.66667
9 6 4.05157 4.04998 4.0522 0.00135529 0.666667
71 2 14.178 0.0569684 7.11751 7.06054 3.16667
91 3 5.76795 0.0537978 3.78031 2.63512 3.16667
87 1 5.09919 5.09919 5.09919 5e-09 1.3
16 1 3.25388 3.25388 3.25388 0 2.66667
11 1 1.37054 1.37054 1.37054 0 3.16667
13 1 1.32562 1.32562 1.32562 0 2.66667
27 1 1.22579 1.22579 1.22579 0 2.66667
18 1 1.22429 1.22429 1.22429 0 2.66667
14 1 1.22429 1.22429 1.22429 0 2.66667
6 1 1.22429 1.22429 1.22429 0 2.66667
10 1 1.22427 1.22427 1.22427 0 2.66667
23 1 1.22415 1.22415 1.22415 0 0.666667
33 1 1.22413 1.22413 1.22413 0 3.16667
46 1 0.218949 0.218949 0.218949 0 0.666667
15 1 0.202224 0.202224 0.202224 0 2.66667
29 1 0.0522633 0.0522633 0.0522633 0 2.8
92 1 0.0522537 0.0522537 0.0522537 0 3.16667
41 1 0.0521446 0.0521446 0.0521446 0 2.8
83 1 0.0313294 0.0313294 0.0345852 0.00325574 2.8
96 1 0.0183387 0.0183387 0.0183387 0 2.66667
94 1 0.000118068 0.000118068 0.000118068 0 2.66667
100 1 1e-08 1e-08 1e-08 0 2.8
98 1 1e-08 1e-08 1e-08 0 2.66667
97 1 1e-08 1e-08 1e-08 0 2.85714
93 1 5e-09 5e-09 1e-08 5e-09 2.8
59 1 1e-08 1e-08 1e-08 0 2.66667
2 1 5e-09 5e-09 1e-08 5e-09 0.666667
69 1 1e-08 1e-08 1e-08 0 2.66667
70 1 1e-08 1e-08 1e-08 0 2.8
72 1 1e-08 1e-08 1e-08 0 2.8
84 1 5e-09 5e-09 1e-08 5e-09 2.8
86 1 1e-08 1e-08 1e-08 0 2.8
89 1 1e-08 1e-08 1e-08 0 3.3

56 16 4.33693 1.71369 3.80821 1.31359 2.66667
64 9 1.82242 1.82082 3.84413 2.02313 3.3
75 9 1.92265 1.82911 3.67327 1.83227 3.16667
68 7 5.46245 1.42857e-09 4.52188 1.8501 2.66667
99 8 1.04095 1.03949 3.94095 2.90129 2.8
88 8 3.47611 3.47611 3.91062 0.434513 2.8
9 6 4.72683 4.72497 4.72611 0.000627365 0.666667
95 6 1.73983 1.73805 3.84396 2.1053 1.35714
54 5 7.67555 2e-09 4.60533 3.76024 2.8
100 2 19.1186 5e-09 9.55929 9.55929 2.85714
41 2 14.5048 0.0260723 7.26545 7.23938 2.66667
71 2 14.178 0.0569684 7.11751 7.06054 2.8
16 1 3.25388 3.25388 3.25388 0 2.66667
11 1 1.37054 1.37054 1.37054 0 3.16667
13 1 1.32562 1.32562 1.32562 0 2.66667
27 1 1.22579 1.22579 1.22579 0 2.66667
18 1 1.22429 1.22429 1.22429 0 2.66667
14 1 1.22429 1.22429 1.22429 0 2.66667
6 1 1.22429 1.22429 1.22429 0 2.66667
10 1 1.22427 1.22427 1.22427 0 2.66667
23 1 1.22415 1.22415 1.22415 0 0.666667
33 1 1.22413 1.22413 1.22413 0 3.16667
102 1 0.338153 0.338153 0.338153 0 3.3
101 1 0.169069 0.169069 0.338126 0.169057 0.857143
15 1 0.202224 0.202224 0.202224 0 2.66667
58 1 0.169068 0.169068 0.183258 0.01419 0.888889
105 1 0.131754 0.131754 0.131754 0 0.857143
46 1 0.109475 0.109475 0.109475 5e-09 0.8
83 1 0.0626588 0.0626588 0.0626588 0 2.66667
29 1 0.0522633 0.0522633 0.0522633 0 2.8
92 1 0.0522537 0.0522537 0.0522537 0 3.16667
96 1 0.0183387 0.0183387 0.0183387 0 2.66667
94 1 0.000118068 0.000118068 0.000118068 0 2.66667

56 16 3.49753 1.38201 3.79261 1.0877 2.8
64 10 2.02549 1.66249 3.8567 2.16011 2.66667
105 9 2.94132 2.94132 3.92283 0.98151 0.8
75 9 2.01878 1.92057 3.85437 1.90913 3.16667
99 8 1.74903 1.74823 4.14972 2.40139 0.857143
95 8 2.39226 2.38982 3.88439 1.49364 1.38889
68 7 2.39861 2.26715 4.32311 1.95004 2.66667
9 6 1.93398 1.89041 4.10339 2.20568 0.8
46 2 19.1186 0.00137093 9.55998 9.55861 0.857143
100 2 19.1186 5e-09 9.55929 9.55929 2.85714
107 3 4.27947 4.27344 4.27679 0.00313731 2.88889
108 3 12.7457 3.33333e-09 4.24857 6.00839 2.85714
71 2 9.45203 0.278554 4.88428 4.58678 3.16667
16 1 3.25388 3.25388 3.25388 0 2.66667
11 1 1.37054 1.37054 1.37054 0 3.16667
13 1 1.32562 1.32562 1.32562 0 2.66667
27 1 1.22579 1.22579 1.22579 0 2.66667
113 1 1.22429 1.22429 1.22429 0 2.8
18 1 1.22429 1.22429 1.22429 0 2.66667
14 1 1.22429 1.22429 1.22429 0 2.66667
6 1 1.22429 1.22429 1.22429 0 2.66667
10 1 1.22427 1.22427 1.22427 0 2.66667
23 1 1.22415 1.22415 1.22415 0 0.666667
33 1 1.22413 1.22413 1.22413 0 3.16667
102 1 0.338153 0.338153 0.338153 0 3.3
101 1 0.169069 0.169069 0.338136 0.169068 0.857143
110 1 0.218949 0.218949 0.218949 0 0.666667
15 1 0.202224 0.202224 0.202224 0 2.66667
29 1 0.0522633 0.0522633 0.0522633 0 2.8

56 14 2.93036 2.54409 5.02995 2.15039 3.3
116 2 26.0433 14.5048 20.274 5.76922 3.35714
117 1 38.2601 38.2601 38.2601 0 1.3
68 1 38.2372 38.2372 38.2372 0 2.8
64 7 1.50424 1.23454 5.02405 3.71302 0.666667
95 7 3.18969 3.18643 5.00957 1.82082 1.3
99 6 1.67634 1.67222 5.44277 3.76909 0.857143
105 6 1.19613 1.19491 5.389 4.19347 1.3
75 6 1.4954 1.42868 5.27604 3.80298 3.16667
9 5 5.6722 5.67122 5.67161 0.000479279 0.666667
115 3 12.7569 0.04722 8.51662 5.98877 3.35714
101 2 19.1381 0.169069 9.65359 9.48452 1.3
71 2 14.178 0.417832 7.29794 6.88011 2.8
113 2 12.7457 0.408098 6.63327 6.16907 2.8
16 1 3.25388 3.25388 3.25388 0 2.66667
11 1 1.37054 1.37054 1.37054 0 3.16667
13 1 1.32562 1.32562 1.32562 0 2.66667
27 1 1.22579 1.22579 1.22579 0 2.66667
6 1 1.22429 1.22429 1.22429 0 2.66667
14 1 1.22429 1.22429 1.22429 0 2.66667
18 1 1.22429 1.22429 1.22429 0 2.66667
10 1 1.22427 1.22427 1.22427 0 2.66667
23 1 1.22415 1.22415 1.22415 0 0.666667
33 1 1.22413 1.22413 1.22413 0 3.16667
110 1 0.218949 0.218949 0.218949 0 0.666667
15 1 0.202224 0.202224 0.202224 0 2.66667
29 1 0.0522633 0.0522633 0.0522633 0 2.8
118 1 0.00390315 0.00390315 0.00390315 0 3.16667
100 1 1e-08 1e-08 1e-08 0 2.8
46 1 1e-08 1e-08 1e-08 0 2.85714
119 1 1e-08 1e-08 1e-08 0 2.85714
120 1 1e-08 1e-08 1e-08 0 3.3
121 1 1e-08 1e-08 1e-08 0 2.66667
122 1 1e-08 1e-08 1e-08 0 2.8

56 17 3.73874 3.73874 5.35894 1.6202 2.8
131 1 38.5557 38.5557 38.5557 0 0.909091
95 6 6.37937 6.37286 6.37612 0.00325542 1.38889
133 1 38.2227 38.2227 38.2227 0 2.8
64 7 1.86345 1.53915 5.21341 3.50695 0.857143
75 6 4.03757 3.85796 5.93651 1.93003 3.16667
68 6 1.82751 1.82751 5.47602 3.64851 2.8
116 6 2.78124 2.58069 5.26279 2.6338 3.35714
115 5 6.66161 5.46245 5.71227 0.476762 2.8
9 5 5.6722 5.67122 5.67161 0.000479279 0.666667
117 5 3.48136 3.47819 5.56597 2.08657 1.3
99 5 5.50796 5.49696 5.50541 0.0045062 0.888889
105 4 3.20316 3.18969 6.16979 2.97674 0.857143
71 2 14.178 0.417832 7.29794 6.88011 2.8
16 1 3.25388 3.25388 3.25388 0 2.66667
11 1 1.37054 1.37054 1.37054 0 3.16667
13 1 1.32562 1.32562 1.32562 0 2.66667
27 1 1.22579 1.22579 1.22579 0 2.66667
18 1 1.22429 1.22429 1.22429 0 2.66667
113 1 1.22429 1.22429 1.22429 0 2.8
6 1 1.22429 1.22429 1.22429 0 2.66667
14 1 1.22429 1.22429 1.22429 0 2.66667
10 1 1.22427 1.22427 1.22427 0 2.66667
23 1 1.22415 1.22415 1.22415 0 0.666667
33 1 1.22413 1.22413 1.22413 0 3.16667
123 1 0.338137 0.338137 0.338137 0 0.857143
15 1 0.202224 0.202224 0.202224 0 2.66667
29 1 0.0522633 0.0522633 0.0522633 0 2.8
46 1 1e-08 1e-08 1e-08 0 2.85714
120 1 1e-08 1e-08 1e-08 0 3.3
121 1 1e-08 1e-08 1e-08 0 2.66667
100 1 1e-08 1e-08 1e-08 0 2.8
124 1 1e-08 1e-08 1e-08 0 1.38889
125 1 1e-08 1e-08 1e-08 0 2.66667
126 1 5e-09 5e-09 1e-08 5e-09 2.66667
127 1 1e-08 1e-08 1e-08 0 2.8
128 1 1e-08 1e-08 1e-08 0 0.909091
129 1 1e-08 1e-08 1e-08 0 0.857143
130 1 1e-08 1e-08 1e-08 0 0.8

56 17 2.78009 2.78009 4.77954 1.99945 2.8
117 4 9.57293 9.56503 9.567 0.0034188 1.3
115 3 12.765 12.7457 12.7559 0.00790452 3.3
133 7 3.32759 3.1434 5.19726 1.9241 3.16667
116 7 3.47655 3.25541 5.14849 1.83262 3.35714
75 6 2.52967 2.52348 5.46082 2.93631 3.16667
95 6 1.66418 1.66418 5.40853 3.74435 1.3
134 6 5.82891 4.78384 5.13272 0.492651 3.3
68 6 2.74127 2.74127 5.02566 2.28439 2.8
9 6 4.05194 4.05087 4.72654 0.675145 0.8
131 5 1.87632 1.54223 5.62122 4.0144 0.857143
135 3 12.8126 3.33333e-09 8.52379 6.02727 1.3
71 2 14.178 0.417832 7.29794 6.88011 3.16667
16 1 3.25388 3.25388 3.25388 0 2.66667
11 1 1.37054 1.37054 1.37054 0 3.16667
13 1 1.32562 1.32562 1.32562 0 2.66667
27 1 1.22579 1.22579 1.22579 0 2.66667
14 1 1.22429 1.22429 1.22429 0 2.66667
6 1 1.22429 1.22429 1.22429 0 2.66667
113 1 1.22429 1.22429 1.22429 0 2.8
18 1 1.22429 1.22429 1.22429 0 2.66667
10 1 1.22427 1.22427 1.22427 0 2.66667
23 1 1.22415 1.22415 1.22415 0 0.666667
33 1 1.22413 1.22413 1.22413 0 3.16667
123 1 0.338137 0.338137 0.338137 0 0.857143
15 1 0.202224 0.202224 0.202224 0 2.66667
29 1 0.0522633 0.0522633 0.0522633 0 2.8
120 1 0.0143162 0.0143162 0.0143162 5e-09 3.3
136 1 0.00057447 0.00057447 0.00057447 0 3.3
121 1 1e-08 1e-08 1e-08 0 2.66667
100 1 1e-08 1e-08 1e-08 0 2.8
125 1 1e-08 1e-08 1e-08 0 2.66667
126 1 1e-08 1e-08 1e-08 0 2.66667
130 1 1e-08 1e-08 1e-08 0 0.8
46 1 1e-08 1e-08 1e-08 0 2.85714
64 1 3.33333e-09 3.33333e-09 1e-08 6.66667e-09 0.857143

56 18 3.18892 3.18892 4.42921 1.24029 2.8
116 12 6.5557 3.47244 4.66686 1.19279 2.85714
115 9 1.94109 1.94109 4.40943 2.46834 3.3
133 8 2.74302 2.58868 4.69394 1.9712 2.8
131 6 7.818 1.66667e-09 5.58697 2.54975 0.909091
75 6 2.02374 2.01878 5.03728 3.01767 3.16667
68 6 4.79722 4.79722 4.79722 4.16668e-10 2.8
9 6 4.72727 4.72601 4.72663 0.000462204 0.666667
95 6 2.74556 2.73402 4.55868 1.8227 1.35714
117 5 1.36768 1.36756 4.40092 3.03329 1.3
134 3 12.7569 0.195301 7.1085 5.20566 3.35714
71 2 14.178 0.417832 7.29794 6.88011 2.8
16 1 3.25388 3.25388 3.25388 0 2.66667
11 1 1.37054 1.37054 1.37054 0 3.16667
13 1 1.32562 1.32562 1.32562 0 2.66667
27 1 1.22579 1.22579 1.22579 0 2.66667
18 1 1.22429 1.22429 1.22429 0 2.66667
113 1 1.22429 1.22429 1.22429 0 2.8
6 1 1.22429 1.22429 1.22429 0 2.66667
14 1 1.22429 1.22429 1.22429 0 2.66667
10 1 1.22427 1.22427 1.22427 0 2.66667
23 1 1.22415 1.22415 1.22415 0 0.666667
33 1 1.22413 1.22413 1.22413 0 3.16667
123 1 0.33814 0.33814 0.33814 0 0.857143
15 1 0.202224 0.202224 0.202224 0 2.66667
29 1 0.0522633 0.0522633 0.0522633 0 2.8

56 12 2.52147 2.52147 5.82393 3.30246 2.8
116 9 3.57659 1.87018 5.65934 3.31645 3.35714
115 8 1.26031 1.26031 5.59295 4.33265 3.3
95 6 6.40631 6.37937 6.38396 0.00999947 1.3
141 1 38.295 38.295 38.295 0 3.35714
142 1 38.2917 38.2917 38.2917 0 0.8
117 1 38.2917 38.2917 38.2917 0 0.8
75 5 2.52967 2.52348 6.56874 4.04325 3.66667
145 3 15.5281 3.33333e-09 10.3504 7.31887 1.3
140 5 3.85557 3.85557 6.16198 2.30641 0.909091
68 5 2.25751 2.25751 5.86756 3.61005 2.8
9 5 3.15151 3.15122 5.67193 2.52065 1.16667
131 4 6.70114 5.25534 6.0414 0.665765 1.35714
134 3 12.7569 0.195301 7.1085 5.20566 3.38889
71 2 14.178 0.417832 7.29794 6.88011 2.8
16 1 3.25388 3.25388 3.25388 0 2.66667
11 1 1.37054 1.37054 1.37054 0 3.16667
13 1 1.32562 1.32562 1.32562 0 2.66667
27 1 1.22579 1.22579 1.22579 0 2.66667
14 1 1.22429 1.22429 1.22429 0 2.66667
6 1 1.22429 1.22429 1.22429 0 2.66667
113 1 1.22429 1.22429 1.22429 0 2.8
18 1 1.22429 1.22429 1.22429 0 2.66667
10 1 1.22427 1.22427 1.22427 0 2.66667
23 1 1.22415 1.22415 1.22415 0 0.666667
33 1 1.22413 1.22413 1.22413 0 3.16667
123 1 0.338137 0.338137 0.338137 0 0.857143
15 1 0.300158 0.300158 0.300158 0 2.66667
29 1 0.0522633 0.0522633 0.0522633 0 2.8
143 1 1e-08 1e-08 1e-08 0 3.16667
144 1 1e-08 1e-08 1e-08 0 3.3
146 1 1e-08 1e-08 1e-08 0 3.16667

56 16 3.09781 3.09781 5.31858 2.22078 3.35714
116 10 5.27076 2.85992 5.34394 1.88835 3.38889
131 2 23.454 23.454 23.454 0 0.857143
147 4 11.6461 11.6459 11.646 7.14788e-05 1.16667
68 5 7.67555 7.67555 7.67555 0 2.8
140 7 5.50796 5.25534 5.47187 0.0883986 0.857143
115 6 1.45723 1.45723 5.66437 4.20714 1.3
75 6 3.3729 3.36464 5.58372 2.21409 3.66667
141 5 2.94577 2.94552 5.89167 2.94595 0.8
142 5 3.88201 3.19098 5.88468 2.57041 1.16667
95 5 2.40237 2.39226 5.74451 3.34814 1.35714
9 5 5.67272 5.6722 5.6723 0.000209351 0.666667
71 2 14.178 0.417832 7.29794 6.88011 3.16667
16 1 3.25388 3.25388 3.25388 0 2.66667
11 1 1.37054 1.37054 1.37054 0 3.16667
13 1 1.32562 1.32562 1.32562 0 2.66667
27 1 1.22579 1.22579 1.22579 0 2.66667
14 1 1.22429 1.22429 1.22429 0 2.66667
6 1 1.22429 1.22429 1.22429 0 2.66667
113 1 1.22429 1.22429 1.22429 0 2.8
18 1 1.22429 1.22429 1.22429 0 2.66667
10 1 1.22427 1.22427 1.22427 0 2.66667
23 1 1.22415 1.22415 1.22415 0 0.666667
33 1 1.22413 1.22413 1.22413 0 3.16667
123 1 0.33814 0.33814 0.33814 0 0.857143
15 1 0.202224 0.202224 0.202224 0 2.66667
29 1 0.0522633 0.0522633 0.0522633 0 2.8
143 1 1e-08 1e-08 1e-08 0 3.16667
144 1 1e-08 1e-08 1e-08 0 3.3
146 1 1e-08 1e-08 1e-08 0 3.16667
145 1 2e-09 2e-09 1e-08 8e-09 1.3
148 1 1e-08 1e-08 1e-08 0 3.16667

149 13 3.26647 2.85325 6.27953 3.39629 2.8
56 12 5.95557 2.73368 6.00952 2.25283 2.8
147 7 2.91152 2.91152 6.08026 3.16874 0.666667
115 6 3.88594 3.88594 6.95711 3.07117 3.3
140 1 38.5557 38.5557 38.5557 0 1.90909
95 3 12.8126 12.7599 12.795 0.0248669 1.3
68 5 7.67555 7.64743 7.66993 0.0112458 2.8
141 6 3.8295 3.82917 6.38136 2.55197 3.35714
9 6 9.1133 4.05157 6.17544 2.19621 0.8
131 5 1.303 1.303 7.1258 5.8228 1.16667
75 5 2.69832 2.69832 6.45971 3.76139 3.66667
150 3 15.5438 3.33333e-09 10.3625 7.3274 3.35714
142 2 19.1946 5e-09 9.59728 9.59728 3.16667
151 3 9.61035 0.00471322 6.39145 4.51616 1.40909
71 2 14.178 0.417832 7.29794 6.88011 3.16667
16 1 3.25388 3.25388 3.25388 0 2.66667
11 1 1.37054 1.37054 1.37054 0 3.16667
13 1 1.32562 1.32562 1.32562 0 2.66667
27 1 1.22579 1.22579 1.22579 0 2.66667
18 1 1.22429 1.22429 1.22429 0 2.66667
113 1 1.22429 1.22429 1.22429 0 2.8
6 1 1.22429 1.22429 1.22429 0 2.66667
14 1 1.22429 1.22429 1.22429 0 2.66667
10 1 1.22427 1.22427 1.22427 0 2.66667
23 1 1.22415 1.22415 1.22415 0 0.666667
33 1 1.22413 1.22413 1.22413 0 3.16667
152 1 1.19226 1.19226 1.19226 0 4.35714
123 1 0.33814 0.33814 0.33814 0 0.857143
15 1 0.202224 0.202224 0.202224 0 2.66667
29 1 0.0522633 0.0522633 0.0522633 0 2.8
144 1 1e-08 1e-08 1e-08 0 3.3
146 1 1e-08 1e-08 1e-08 0 3.16667
148 1 1e-08 1e-08 1e-08 0 3.16667
153 1 1e-08 1e-08 1e-08 0 3.35714

155 1 103.743 103.743 103.743 0 3.35714
149 12 3.35475 2.93036 5.79745 2.80083 2.8
56 11 5.07734 3.39088 5.91788 2.17792 4.35714
147 7 2.58801 2.58801 5.91543 3.32741 1.16667
95 6 3.49874 3.49435 5.80673 2.31111 1.35714
115 6 2.74302 2.74302 5.77709 3.03408 3.3
140 5 3.1272 2.57038 6.79721 4.12124 0.909091
75 5 6.74579 6.74579 6.74579 3.33332e-10 3.66667
131 5 5.8635 4.78646 6.60539 1.04977 3.16667
141 4 3.48136 3.48136 6.96177 3.48041 3.35714
68 4 2.95213 2.95213 5.90376 2.95163 2.8
9 3 4.72727 4.72683 7.03303 2.30605 0.666667
152 3 14.3971 0.908483 6.04385 6.01416 2.85714
71 2 14.178 0.417832 7.29794 6.88011 3.16667
16 1 3.25388 3.25388 3.25388 0 2.66667
11 1 1.37054 1.37054 1.37054 0 3.16667
13 1 1.32562 1.32562 1.32562 0 2.66667
27 1 1.22579 1.22579 1.22579 0 2.66667
14 1 1.22429 1.22429 1.22429 0 2.66667
6 1 1.22429 1.22429 1.22429 0 2.66667
113 1 1.22429 1.22429 1.22429 0 2.8
18 1 1.22429 1.22429 1.22429 0 2.66667
10 1 1.22427 1.22427 1.22427 0 2.66667
23 1 1.22415 1.22415 1.22415 0 0.666667
33 1 1.22413 1.22413 1.22413 0 3.16667
123 1 0.338137 0.338137 0.338137 0 0.857143
15 1 0.300158 0.300158 0.300158 0 2.66667
29 1 0.0522633 0.0522633 0.0522633 0 2.8
144 1 1e-08 1e-08 1e-08 0 3.3
146 1 1e-08 1e-08 1e-08 0 3.16667
148 1 1e-08 1e-08 1e-08 0 3.16667
154 1 5e-09 5e-09 1e-08 5e-09 0.666667
156 1 1e-08 1e-08 1e-08 0 3.35714

155 13 2.88711 2.10131 5.29675 2.86086 3.35714
149 12 3.54645 3.09781 5.3407 2.17455 2.8
157 5 9.3816 9.3816 9.3816 0 0.857143
115 7 3.88594 3.88594 5.55111 1.66517 3.3
68 4 9.59444 9.59444 9.59444 0 2.8
141 4 9.57375 9.57375 9.57375 0 3.35714
158 1 38.2917 38.2917 38.2917 0 0.8
95 6 3.49874 3.49435 5.82518 2.32957 1.35714
147 6 2.91152 2.91152 5.81974 2.90823 1.16667
75 5 4.49719 4.49719 6.29724 1.80004 3.66667
140 5 2.98861 2.96583 5.36003 2.3891 1.92308
9 4 7.0909 2.5e-09 5.31785 3.07026 0.666667
56 2 7.28038 5.81758 7.39161 1.11579 2.85714
71 2 14.178 0.417832 7.29794 6.88011 3.16667
16 1 3.25388 3.25388 3.25388 0 2.66667
11 1 1.37054 1.37054 1.37054 0 3.16667
13 1 1.32562 1.32562 1.32562 0 2.66667
27 1 1.22579 1.22579 1.22579 0 2.66667
18 1 1.22429 1.22429 1.22429 0 2.66667
113 1 1.22429 1.22429 1.22429 0 2.8
6 1 1.22429 1.22429 1.22429 0 2.66667
14 1 1.22429 1.22429 1.22429 0 2.66667
10 1 1.22427 1.22427 1.22427 0 2.66667
23 1 1.22415 1.22415 1.22415 0 0.666667
33 1 1.22413 1.22413 1.22413 0 3.16667
123 1 0.338137 0.338137 0.338137 0 0.857143
15 1 0.300158 0.300158 0.300158 0 2.66667
29 1 0.0522633 0.0522633 0.0522633 0 2.8
144 1 1e-08 1e-08 1e-08 0 3.3
146 1 1e-08 1e-08 1e-08 0 3.16667
148 1 1e-08 1e-08 1e-08 0 3.16667
152 1 1e-08 1e-08 1e-08 0 3.38889
159 1 1e-08 1e-08 1e-08 0 1.35714
160 1 1e-08 1e-08 1e-08 0 1.92308

155 13 6.40186 4.74754 7.45149 2.04574 3.35714
149 11 4.96503 4.33693 7.83727 3.39479 2.8
163 1 72.4832 72.4832 72.4832 0 4.35714
165 1 63.7931 63.7931 63.7931 0 0.8
56 5 21.4333 2e-09 9.79236 6.99279 3.35714
147 6 3.88202 3.88202 7.76404 3.88202 1.16667
75 5 8.09495 8.09495 8.09495 0 3.66667
115 5 2.16391 1.45723 7.71175 6.11972 3.35714
157 5 2.93175 2.93175 7.62284 4.69109 0.857143
158 4 4.78646 4.78646 8.37393 3.58746 0.8
140 4 6.47533 6.42595 8.04631 1.60662 1.92308
68 4 2.56029 2.55852 7.72934 5.17038 2.8
95 3 2.40538 2.40536 9.62419 7.21881 1.35714
113 2 23.2931 0.612147 11.9526 11.3405 3.3
9 2 7.0909 7.09025 10.6357 3.54512 0.666667
71 1 14.178 14.178 14.5959 0.417832 3.16667
16 1 3.25388 3.25388 3.25388 0 2.66667
11 1 1.37054 1.37054 1.37054 0 3.16667
13 1 1.32562 1.32562 1.32562 0 2.66667
27 1 1.22579 1.22579 1.22579 0 2.66667
14 1 1.22429 1.22429 1.22429 0 2.66667
6 1 1.22429 1.22429 1.22429 0 2.66667
18 1 1.22429 1.22429 1.22429 0 2.66667
10 1 1.22427 1.22427 1.22427 0 2.66667
23 1 1.22415 1.22415 1.22415 0 0.666667
33 1 1.22413 1.22413 1.22413 0 3.16667
123 1 0.338137 0.338137 0.338137 0 0.857143
15 1 0.300158 0.300158 0.300158 0 2.66667
29 1 0.0522633 0.0522633 0.0522633 0 2.8
144 1 1e-08 1e-08 1e-08 0 3.3
146 1 1e-08 1e-08 1e-08 0 3.16667
148 1 1e-08 1e-08 1e-08 0 3.16667
161 1 1e-08 1e-08 1e-08 0 3.35714
162 1 5e-09 5e-09 1e-08 5e-09 2.8
141 1 3.33333e-09 3.33333e-09 1e-08 6.66667e-09 3.35714
164 1 1e-08 1e-08 1e-08 0 3.38889

149 10 4.13753 3.61411 7.56187 3.74718 2.8
56 1 70.3131 70.3131 70.3131 0 2.88889
155 9 2.62934 2.14308 7.71455 5.185 3.35714
161 6 10.786 5.18125 8.26124 2.72769 3.35714
113 1 46.5862 46.5862 46.5862 0 3.3
140 4 9.71299 9.63893 9.65972 0.0308154 1.92308
95 3 12.8287 12.8286 12.8287 5.96704e-05 1.35714
68 4 9.60109 9.59444 9.5961 0.00288075 2.8
158 4 9.57293 9.57293 9.57293 0 0.8
147 5 3.10575 3.10562 7.46555 4.35991 1.16667
75 5 4.04748 4.04748 7.28546 3.23798 3.66667
157 4 4.27065 4.26436 8.51358 4.24765 0.857143
165 4 5.31609 5.31609 8.45401 3.13792 0.8
163 2 28.517 5e-09 14.2585 14.2585 3.85714
9 2 14.1818 14.1805 14.1811 0.000654222 1.16667
71 1 28.3561 28.3561 28.3561 0 3.16667
167 1 12.5836 12.5836 12.5836 6.66667e-09 3.3
16 1 3.25388 3.25388 3.25388 0 2.66667
11 1 1.37054 1.37054 1.37054 0 3.16667
13 1 1.32562 1.32562 1.32562 0 2.66667
27 1 1.22579 1.22579 1.22579 0 2.66667
166 1 1.22429 1.22429 1.22429 0 2.8
18 1 1.22429 1.22429 1.22429 0 2.66667
6 1 1.22429 1.22429 1.22429 0 2.66667
14 1 1.22429 1.22429 1.22429 0 2.66667
10 1 1.22427 1.22427 1.22427 0 2.66667
23 1 1.22415 1.22415 1.22415 0 0.666667
33 1 1.22413 1.22413 1.22413 0 3.16667
169 1 0.74833 0.74833 0.74833 0 3.40909
123 1 0.338137 0.338137 0.338137 0 0.857143
15 1 0.300158 0.300158 0.300158 0 2.66667
171 1 0.0522707 0.0522707 0.0522707 0 3.66667
29 1 0.0522633 0.0522633 0.0522633 0 2.8
172 1 0.0431398 0.0431398 0.0431398 0 3.3
170 1 0.0294599 0.0294599 0.0294599 0 2.35714
115 1 1e-08 1e-08 1e-08 0 3.35714
168 1 1e-08 1e-08 1e-08 0 2.8
148 1 1e-08 1e-08 1e-08 0 3.16667
146 1 5e-09 5e-09 1e-08 5e-09 3.16667
144 1 1e-08 1e-08 1e-08 0 3.3

155 12 12.2702 8.33333e-10 10.1641 4.5475 3.35714
163 8 18.4054 1.25e-09 11.0216 6.03412 4.35714
149 10 4.77407 4.77407 8.75968 3.98561 0.8
56 6 6.787 5.4087 9.23513 3.34178 2.88889
161 5 6.93386 3.33081 10.3836 5.83982 3.3
157 3 15.636 15.636 15.636 0 0.857143
147 4 3.1272 3.10575 10.88 7.76451 1.3
167 2 23.2527 18.8754 21.064 2.18864 3.3
140 4 3.61363 3.60285 10.3029 6.69201 1.92308
95 4 7.24039 4.81076 9.02607 3.75816 1.35714
113 4 5.83415 5.82328 8.73939 2.9134 3.3
75 3 2.02648 2.02374 10.7984 8.77375 3.66667
68 3 5.212 4.26715 10.27 5.70536 0.857143
158 3 4.78646 4.78646 9.57293 4.78646 0.8
9 2 14.1818 14.1805 14.1811 0.000654222 0.666667
169 1 28.3571 28.3571 28.3571 0 4.35714
71 1 28.3561 28.3561 28.3561 0 3.16667
174 3 15.0069 1.40976 9.42976 5.81356 3.38889
16 1 3.25388 3.25388 3.25388 0 2.66667
11 1 1.37054 1.37054 1.37054 0 3.16667
13 1 1.32562 1.32562 1.32562 0 2.66667
27 1 1.22579 1.22579 1.22579 0 2.66667
14 1 1.22429 1.22429 1.22429 0 2.66667
166 1 1.22429 1.22429 1.22429 0 2.8
18 1 1.22429 1.22429 1.22429 0 2.66667
6 1 1.22429 1.22429 1.22429 0 2.66667
10 1 1.22427 1.22427 1.22427 0 2.66667
23 1 1.22415 1.22415 1.22415 0 0.666667
33 1 1.22413 1.22413 1.22413 0 3.16667
123 1 0.338137 0.338137 0.338137 0 0.857143
15 1 0.202224 0.202224 0.202224 0 2.66667
171 1 0.0522707 0.0522707 0.0522707 0 3.66667
29 1 0.0522633 0.0522633 0.0522633 0 2.8
170 1 0.0477041 0.0477041 0.0477041 0 2.35714
172 1 0.0431398 0.0431398 0.0431398 0 3.3
115 1 1e-08 1e-08 1e-08 0 3.35714
148 1 1e-08 1e-08 1e-08 0 3.16667
146 1 1e-08 1e-08 1e-08 0 3.16667
144 1 1e-08 1e-08 1e-08 0 3.3
173 1 1e-08 1e-08 1e-08 0 3.35714

149 15 5.64208 5.64208 7.87402 2.23194 2.8
177 1 84.9095 84.9095 84.9095 0 3.85714
155 9 2.26527 2.26527 7.72552 5.46024 4.35714
56 7 12.2711 1.42857e-09 8.90861 3.87028 2.88889
113 5 9.33464 9.31724 9.32072 0.00696139 3.3
147 6 7.76437 7.76361 7.76424 0.000283992 0.8
161 5 4.04475 2.88522 8.22977 5.13364 3.3
75 3 13.5099 13.4916 13.4977 0.00862138 3.66667
175 2 19.2022 19.2022 19.2022 0 2.8
158 3 12.7639 12.7639 12.7639 0 0.8
95 4 6.4359 4.27623 9.07471 4.36003 1.35714
157 4 1.95738 1.95738 8.31534 6.35796 0.857143
9 2 14.1818 14.1805 14.1811 0.000654222 1.16667
71 1 28.3561 28.3561 28.3561 0 3.16667
163 2 19.0114 3.33333e-09 9.50568 9.50568 4.35714
16 1 3.25388 3.25388 3.25388 0 2.66667
11 1 1.37054 1.37054 1.37054 0 3.16667
13 1 1.32562 1.32562 1.32562 0 2.66667
27 1 1.22579 1.22579 1.22579 0 2.66667
14 1 1.22429 1.22429 1.22429 0 2.66667
166 1 1.22429 1.22429 1.22429 0 2.8
18 1 1.22429 1.22429 1.22429 0 2.66667
6 1 1.22429 1.22429 1.22429 0 2.66667
10 1 1.22427 1.22427 1.22427 0 2.66667
23 1 1.22415 1.22415 1.22415 0 0.666667
33 1 1.22413 1.22413 1.22413 0 3.16667
123 1 0.338137 0.338137 0.338137 0 0.857143
15 1 0.202224 0.202224 0.202224 0 2.66667
171 1 0.0522707 0.0522707 0.0522707 0 3.66667
29 1 0.0522633 0.0522633 0.0522633 0 2.8
170 1 0.0294599 0.0294599 0.0294599 0 2.35714
176 1 0.0210391 0.0210391 0.0210391 5e-09 2.8
115 1 1e-08 1e-08 1e-08 0 3.35714
148 1 1e-08 1e-08 1e-08 0 3.16667
146 1 1e-08 1e-08 1e-08 0 3.16667
144 1 1e-08 1e-08 1e-08 0 3.3
173 1 1e-08 1e-08 1e-08 0 3.35714

155 15 9.81619 6.66667e-10 7.56425 3.06878 3.35714
149 11 3.26647 3.26647 7.69069 4.42422 2.8
161 9 6.93386 4.94609 7.80764 2.38945 3.35714
177 7 5.88971 3.39638 7.20875 3.00847 3.85714
157 1 46.9771 46.9771 46.9771 0 0.857143
147 5 4.65862 4.65862 8.38524 3.72662 1.3
95 5 9.65385 6.41435 8.34548 1.8231 1.35714
113 5 3.88944 3.88218 7.7773 3.89367 3.3
158 5 6.38195 6.38195 7.65636 1.27441 0.8
56 5 4.93326 4.13607 7.63287 3.35256 2.88889
75 5 4.05296 4.04748 7.11047 3.0597 3.66667
175 4 4.69771 3.84044 8.32383 3.85833 0.857143
9 2 14.1818 14.1805 14.1811 0.000654222 1.16667
71 1 28.3561 28.3561 28.3561 0 3.16667
16 1 3.25388 3.25388 3.25388 0 2.66667
11 1 1.37054 1.37054 1.37054 0 3.16667
13 1 1.32562 1.32562 1.32562 0 2.66667
27 1 1.22579 1.22579 1.22579 0 2.66667
6 1 1.22429 1.22429 1.22429 0 2.66667
18 1 1.22429 1.22429 1.22429 0 2.66667
166 1 1.22429 1.22429 1.22429 0 2.8
14 1 1.22429 1.22429 1.22429 0 2.66667
10 1 1.22427 1.22427 1.22427 0 2.66667
23 1 1.22415 1.22415 1.22415 0 0.666667
33 1 1.22413 1.22413 1.22413 0 3.16667
123 1 0.338137 0.338137 0.338137 0 0.857143
15 1 0.202224 0.202224 0.202224 0 2.66667
171 1 0.0522707 0.0522707 0.0522707 0 3.66667
29 1 0.0522633 0.0522633 0.0522633 0 2.8
170 1 0.0477041 0.0477041 0.0477041 0 2.35714
179 1 0.0286327 0.0286327 0.0286327 0 3.35714
163 1 1e-08 1e-08 1e-08 0 4.35714
115 1 1e-08 1e-08 1e-08 0 3.35714
148 1 1e-08 1e-08 1e-08 0 3.16667
146 1 1e-08 1e-08 1e-08 0 3.16667

149 14 6.20629 6.20629 7.97967 1.77337 2.8
155 11 2.72672 2.72672 7.58707 4.86035 3.35714
56 5 16.7731 14.0626 14.6047 1.08418 2.88889
177 9 9.43438 0.566593 7.76442 3.17613 3.85714
161 8 5.10916 3.64546 8.00627 3.51204 3.3
157 6 5.21968 5.21968 7.82221 2.60252 0.857143
147 5 2.74037 2.74037 8.22143 5.48107 1.3
75 5 8.10592 8.09495 8.10153 0.00537576 3.66667
180 1 38.4044 38.4044 38.4044 0 2.8
113 5 5.18591 5.17625 7.65112 2.46908 3.3
158 4 3.19098 3.19098 8.77185 5.58088 0.8
95 4 5.15785 2.75017 8.64766 4.89125 1.35714
9 2 14.1818 14.1805 14.1811 0.000654222 1.16667
71 1 28.3561 28.3561 28.3561 0 3.16667
16 1 3.25388 3.25388 3.25388 0 2.66667
11 1 1.37054 1.37054 1.37054 0 3.16667
13 1 1.32562 1.32562 1.32562 0 2.66667
27 1 1.22579 1.22579 1.22579 0 2.66667
14 1 1.22429 1.22429 1.22429 0 2.66667
166 1 1.22429 1.22429 1.22429 0 2.8
18 1 1.22429 1.22429 1.22429 0 2.66667
6 1 1.22429 1.22429 1.22429 0 2.66667
10 1 1.22427 1.22427 1.22427 0 2.66667
23 1 1.22415 1.22415 1.22415 0 0.666667
33 1 1.22413 1.22413 1.22413 0 3.16667
123 1 0.338137 0.338137 0.338137 0 0.857143
15 1 0.300158 0.300158 0.300158 0 2.66667
171 1 0.0522707 0.0522707 0.0522707 0 3.66667
29 1 0.0522633 0.0522633 0.0522633 0 2.8
170 1 0.0294599 0.0294599 0.0294599 0 2.35714
163 1 1e-08 1e-08 1e-08 0 4.35714
115 1 1e-08 1e-08 1e-08 0 3.35714
148 1 1e-08 1e-08 1e-08 0 3.16667
146 1 1e-08 1e-08 1e-08 0 3.16667
181 1 1e-08 1e-08 1e-08 0 3.3

155 12 4.74977 4.61077 7.9161 3.17814 4.35714
149 11 3.54645 3.54645 7.77298 4.22653 2.8
161 9 5.71024 4.11405 8.03993 2.99745 3.35714
56 9 7.73004 5.02237 7.51502 1.94751 2.88889
95 4 18.0525 9.62559 13.4438 3.17151 1.35714
177 6 4.46892 4.46892 7.99377 3.52485 4.35714
113 5 9.33464 9.31724 9.32768 0.00852593 3.3
147 5 5.82328 5.82328 8.1533 2.33003 1.35714
158 4 9.57293 9.57293 9.57293 0 0.8
157 5 2.23701 2.23701 7.58967 5.35266 0.857143
75 4 3.68451 3.68451 8.30558 4.62107 3.66667
180 3 9.60109 9.59278 9.59832 0.00391512 2.8
9 2 14.1818 14.1805 14.1811 0.000654222 0.666667
71 1 28.3561 28.3561 28.3561 0 3.16667
185 3 23.1891 3.33333e-09 7.72969 10.9314 3.35714
16 1 3.25388 3.25388 3.25388 0 2.66667
11 1 1.37054 1.37054 1.37054 0 3.16667
13 1 1.32562 1.32562 1.32562 0 2.66667
27 1 1.22579 1.22579 1.22579 0 2.66667
6 1 1.22429 1.22429 1.22429 0 2.66667
18 1 1.22429 1.22429 1.22429 0 2.66667
166 1 1.22429 1.22429 1.22429 0 2.8
14 1 1.22429 1.22429 1.22429 0 2.66667
10 1 1.22427 1.22427 1.22427 0 2.66667
23 1 1.22415 1.22415 1.22415 0 0.666667
33 1 1.22413 1.22413 1.22413 0 3.16667
123 1 0.338137 0.338137 0.338137 0 0.857143
15 1 0.202224 0.202224 0.202224 0 2.66667
171 1 0.0522707 0.0522707 0.0522707 0 3.66667
29 1 0.0522633 0.0522633 0.0522633 0 2.8
170 1 0.0294599 0.0294599 0.0294599 0 2.35714
163 1 1e-08 1e-08 1e-08 0 4.35714
115 1 1e-08 1e-08 1e-08 0 3.35714

155 14 3.87481 3.75671 7.22101 3.37967 3.35714
149 12 5.39678 5.39678 7.09668 1.6999 2.8
161 10 4.22061 4.22061 7.24906 3.02845 3.35714
56 8 4.50919 2.98037 7.36661 3.58935 3.38889
177 7 8.49095 0.0591921 7.27199 2.94442 4.35714
157 5 9.39543 9.39543 9.39543 0 0.857143
113 6 2.60084 2.59296 7.00654 4.41228 3.3
75 4 10.1324 10.1324 10.1324 0 3.66667
95 5 8.74777 4.74288 7.88647 2.56276 1.35714
180 3 12.8015 12.7904 12.7978 0.00522016 2.8
147 5 4.23511 4.23511 7.6235 3.38839 1.3
158 4 4.25463 4.25463 7.44371 3.18908 0.8
9 2 14.1818 14.1805 14.1811 0.000654222 0.666667
16 1 3.25388 3.25388 3.25388 0 2.66667
11 1 1.37054 1.37054 1.37054 0 3.16667
13 1 1.32562 1.32562 1.32562 0 2.66667
27 1 1.22579 1.22579 1.22579 0 2.66667
6 1 1.22429 1.22429 1.22429 0 2.66667
18 1 1.22429 1.22429 1.22429 0 2.66667
166 1 1.22429 1.22429 1.22429 0 2.8
14 1 1.22429 1.22429 1.22429 0 2.66667
10 1 1.22427 1.22427 1.22427 0 2.66667
23 1 1.22415 1.22415 1.22415 0 0.666667
33 1 1.22413 1.22413 1.22413 0 3.16667
123 1 0.338137 0.338137 0.338137 0 0.857143
15 1 0.202224 0.202224 0.202224 0 2.66667
171 1 0.0522707 0.0522707 0.0522707 0 3.66667
29 1 0.0522633 0.0522633 0.0522633 0 2.8
187 1 0.0522538 0.0522538 0.0522538 0 3.3

155 14 4.90809 4.7585 7.57596 2.73078 3.35714
149 11 4.00406 4.00406 8.05578 4.05172 2.8
161 10 3.41515 3.13142 7.8127 4.65369 3.35714
95 5 20.9946 11.3829 13.9978 3.67798 1.35714
56 9 7.31729 4.94211 7.56625 1.7642 2.88889
177 7 4.04508 4.04331 7.75464 3.71108 4.35714
157 5 4.69844 4.69771 8.44526 3.7474 0.857143
147 5 7.76437 7.76437 7.76611 0.00174179 3.3
113 5 3.90126 3.88944 7.67884 3.78704 3.35714
180 3 12.8015 12.7904 12.7978 0.00522016 2.8
158 4 9.57293 9.57293 9.57293 0 0.8
75 5 2.89497 2.89497 7.50017 4.60519 3.66667
9 2 14.1818 14.1805 14.1811 0.000654222 0.666667
16 1 3.25388 3.25388 3.25388 0 2.66667
11 1 1.37054 1.37054 1.37054 0 3.16667
13 1 1.32562 1.32562 1.32562 0 2.66667
27 1 1.22579 1.22579 1.22579 0 2.66667
6 1 1.22429 1.22429 1.22429 0 2.66667
18 1 1.22429 1.22429 1.22429 0 2.66667
166 1 1.22429 1.22429 1.22429 0 2.8
14 1 1.22429 1.22429 1.22429 0 2.66667
10 1 1.22427 1.22427 1.22427 0 2.66667
23 1 1.22415 1.22415 1.22415 0 0.666667
33 1 1.22413 1.22413 1.22413 0 3.16667
123 1 0.33814 0.33814 0.33814 0 0.857143
15 1 0.202224 0.202224 0.202224 0 2.66667
171 1 0.0522707 0.0522707 0.0522707 0 3.66667
29 1 0.0522633 0.0522633 0.0522633 0 2.8
189 1 1e-08 1e-08 1e-08 0 2.8

149 13 4.99465 4.77407 7.67062 2.88018 2.8
155 11 3.77546 3.66497 7.76846 4.02344 3.35714
177 10 7.49705 5.66063 7.62555 1.81487 4.35714
56 9 5.57508 4.80453 8.43317 3.25239 2.90909
161 9 4.33827 3.59534 8.17146 4.46399 3.35714
95 7 5.83184 3.21795 8.01984 3.49728 1.35714
113 5 9.36302 9.33464 9.34032 0.0113485 3.3
147 6 7.76437 7.76437 7.76437 0 1.3
75 5 8.10592 8.10592 8.10592 0 3.66667
180 3 12.8015 12.7904 12.7978 0.00522016 2.8
158 4 9.57293 9.57293 9.57293 0 0.8
157 5 3.61421 3.61363 7.63657 4.02256 2.85714
9 2 14.1818 14.1805 14.1811 0.000654222 1.16667
16 1 3.25388 3.25388 3.25388 0 2.66667
11 1 1.37054 1.37054 1.37054 0 3.16667
13 1 1.32562 1.32562 1.32562 0 2.66667
27 1 1.22579 1.22579 1.22579 0 2.66667
6 1 1.22429 1.22429 1.22429 0 2.66667
18 1 1.22429 1.22429 1.22429 0 2.66667
166 1 1.22429 1.22429 1.22429 0 2.8
14 1 1.22429 1.22429 1.22429 0 2.66667
10 1 1.22427 1.22427 1.22427 0 2.66667
23 1 1.22415 1.22415 1.22415 0 0.666667
33 1 1.22413 1.22413 1.22413 0 3.16667
123 1 0.338137 0.338137 0.338137 0 0.857143

155 14 5.45344 5.28722 7.94407 2.56172 3.38889
149 11 4.80966 4.59725 7.93779 3.30293 2.8
56 10 6.27248 4.70524 7.92672 2.90565 2.88889
161 8 4.88056 4.04475 8.17176 3.76214 3.35714
177 8 4.03871 3.69172 8.06141 4.31304 4.35714
95 8 5.24866 3.6105 7.95071 2.95688 1.35714
157 5 9.39695 9.39543 9.39642 0.000610814 0.857143
75 5 8.10592 8.10592 8.10592 0 3.66667
147 5 3.10575 3.10575 8.07532 4.96958 1.3
180 3 12.8015 12.7904 12.7978 0.00522016 2.8
158 4 9.57293 9.57293 9.57293 0 0.8
113 5 4.25592 4.24302 7.64101 3.39284 3.3
9 2 14.1818 14.1805 14.1811 0.000654222 1.16667
16 1 3.25388 3.25388 3.25388 0 2.66667
11 1 1.37054 1.37054 1.37054 0 3.16667
13 1 1.32562 1.32562 1.32562 0 2.66667
27 1 1.22579 1.22579 1.22579 0 2.66667
6 1 1.22429 1.22429 1.22429 0 2.66667
18 1 1.22429 1.22429 1.22429 0 2.66667
166 1 1.22429 1.22429 1.22429 0 2.8
14 1 1.22429 1.22429 1.22429 0 2.66667
10 1 1.22427 1.22427 1.22427 0 2.66667
23 1 1.22415 1.22415 1.22415 0 0.666667
33 1 1.22413 1.22413 1.22413 0 3.16667
123 1 0.338137 0.338137 0.338137 0 0.857143

155 14 5.25867 5.09839 8.34694 3.13348 3.35714
149 10 4.80966 4.59725 8.85809 4.19825 2.8
56 10 6.86986 5.15336 8.67735 3.14934 2.88889
161 10 6.43778 4.85371 8.17441 2.62068 3.35714
95 8 5.83184 5.83184 9.01629 3.18444 1.35714
177 8 4.88938 3.71123 8.62049 4.55088 4.35714
113 5 9.36302 9.33464 9.34599 0.013899 3.3
147 5 9.31724 9.31724 9.31724 0 1.3
75 4 5.78995 5.78995 10.0502 4.2603 3.66667
180 3 12.8015 12.7904 12.7978 0.00522016 2.8
158 4 9.57293 9.57293 9.57293 0 0.8
157 4 2.34924 2.34922 9.28067 6.93145 0.857143
9 2 14.1818 14.1805 14.1811 0.000654222 0.666667
16 1 3.25388 3.25388 3.25388 0 2.66667
11 1 1.37054 1.37054 1.37054 0 3.16667
13 1 1.32562 1.32562 1.32562 0 2.66667
27 1 1.22579 1.22579 1.22579 0 2.66667
6 1 1.22429 1.22429 1.22429 0 2.66667
18 1 1.22429 1.22429 1.22429 0 2.66667
166 1 1.22429 1.22429 1.22429 0 2.8
14 1 1.22429 1.22429 1.22429 0 2.66667
10 1 1.22427 1.22427 1.22427 0 2.66667
23 1 1.22415 1.22415 1.22415 0 0.666667
33 1 1.22413 1.22413 1.22413 0 3.16667
123 1 0.338137 0.338137 0.338137 0 0.857143
191 1 0.0260165 0.0260165 0.0260165 5e-09 3.35714
192 1 1e-08 1e-08 1e-08 0 3.40909

195 1 117.133 117.133 117.133 0 3.35714
149 10 6.18385 5.91075 10.1301 4.11231 2.8
161 10 6.13122 5.22712 9.58969 3.95891 2.88889
155 9 3.50578 3.50578 9.98646 6.48067 3.35714
95 8 4.99872 4.99872 9.56716 4.56843 1.35714
177 7 6.61504 5.46414 10.4832 4.22906 4.35714
56 7 4.90077 4.45959 10.2016 5.53682 2.88889
157 4 11.7462 11.7461 11.7461 4.38364e-05 0.857143
147 5 9.31724 9.31724 9.31724 0 1.3
113 4 2.75383 2.75383 10.3096 7.55575 3.35714
75 4 10.1324 10.1324 10.1324 0 3.66667
180 3 12.8015 12.7904 12.7978 0.00522016 2.8
158 4 9.57293 9.57293 9.57293 0 0.8
9 2 14.1818 14.1805 14.1811 0.000654222 0.666667
16 1 3.25388 3.25388 3.25388 0 2.66667
11 1 1.37054 1.37054 1.37054 0 3.16667
13 1 1.32562 1.32562 1.32562 0 2.66667
27 1 1.22579 1.22579 1.22579 0 2.66667
6 1 1.22429 1.22429 1.22429 0 2.66667
18 1 1.22429 1.22429 1.22429 0 2.66667
166 1 1.22429 1.22429 1.22429 0 2.8
14 1 1.22429 1.22429 1.22429 0 2.66667
10 1 1.22427 1.22427 1.22427 0 2.66667
23 1 1.22415 1.22415 1.22415 0 0.666667
33 1 1.22413 1.22413 1.22413 0 3.16667
123 1 0.338137 0.338137 0.338137 0 0.857143
197 1 0.00281684 0.00281684 0.00281684 0 3.38889
196 1 1e-08 1e-08 1e-08 0 3.38889

56 11 6.44838 5.67155 8.15261 2.06094 2.90909
149 10 4.47796 4.2802 8.75839 4.30062 2.8
195 10 3.14038 2.85691 8.66161 5.58589 3.35714
177 10 12.3952 2.36266 8.27913 2.44454 3.85714
155 9 5.66319 5.49745 8.81545 3.18984 3.38889
95 9 5.83184 5.83184 8.33845 2.50661 1.35714
113 4 11.7038 11.7038 11.7038 0 3.3
147 5 9.31724 9.31724 9.31724 0 1.3
157 5 5.87323 5.87305 8.22182 2.34872 0.857143
75 4 10.1324 10.1324 10.1324 0 3.66667
180 3 12.8015 12.7904 12.7978 0.00522016 2.8
158 4 9.57293 9.57293 9.57293 0 0.8
9 2 14.1818 14.1805 14.1811 0.000654222 0.666667
161 2 17.3334 0.000249628 8.66684 8.66659 2.88889
16 1 3.25388 3.25388 3.25388 0 2.66667
11 1 1.37054 1.37054 1.37054 0 3.16667
13 1 1.32562 1.32562 1.32562 0 2.66667
27 1 1.22579 1.22579 1.22579 0 2.66667
6 1 1.22429 1.22429 1.22429 0 2.66667
18 1 1.22429 1.22429 1.22429 0 2.66667
166 1 1.22429 1.22429 1.22429 0 2.8
14 1 1.22429 1.22429 1.22429 0 2.66667
10 1 1.22427 1.22427 1.22427 0 2.66667
23 1 1.22415 1.22415 1.22415 0 0.666667
33 1 1.22413 1.22413 1.22413 0 3.16667
123 1 0.338137 0.338137 0.338137 0 0.857143
198 1 0.0518719 0.0518719 0.0518719 0 2.85714

200 1 130.351 130.351 130.351 0 3.38889
155 11 7.01156 6.79786 10.2172 3.28368 3.35714
195 10 6.13122 6.13122 10.7337 4.60247 3.35714
149 9 7.23904 6.83478 10.7195 3.84188 2.8
56 7 4.71227 4.50295 11.1928 6.60325 2.88889
95 7 4.77151 4.77151 10.8162 6.04469 0.857143
177 6 7.08298 5.04037 10.7507 5.2044 3.85714
157 4 3.91549 3.9154 10.7839 6.86839 0.857143
113 4 4.25592 4.25592 10.6364 6.38047 3.3
75 4 10.1324 10.1324 10.1324 0 3.66667
180 3 12.8015 12.7904 12.7978 0.00522016 2.8
158 3 9.57293 9.57293 12.7639 3.19098 0.8
147 3 2.91164 2.91164 12.6171 9.70546 1.3
161 2 34.6669 0.000499256 17.3337 17.3332 2.88889
9 2 14.1818 14.1805 14.1811 0.000654222 0.666667
16 1 3.25388 3.25388 3.25388 0 2.66667
11 1 1.37054 1.37054 1.37054 0 3.16667
13 1 1.32562 1.32562 1.32562 0 2.66667
27 1 1.22579 1.22579 1.22579 0 2.66667
6 1 1.22429 1.22429 1.22429 0 2.66667
18 1 1.22429 1.22429 1.22429 0 2.66667
166 1 1.22429 1.22429 1.22429 0 2.8
14 1 1.22429 1.22429 1.22429 0 2.66667
10 1 1.22427 1.22427 1.22427 0 2.66667
23 1 1.22415 1.22415 1.22415 0 0.666667
33 1 1.22413 1.22413 1.22413 0 3.16667
199 1 0.86601 0.86601 0.86601 5e-09 3.38889
123 1 0.338137 0.338137 0.338137 0 0.857143
198 1 0.0305871 0.0305871 0.0305871 5e-09 3.35714

149 12 8.59636 8.1163 8.85187 0.70811 2.8
200 11 3.10359 3.06561 8.92611 5.83457 3.38889
155 11 4.90809 4.7585 8.90781 4.05364 3.35714
177 9 8.74956 6.61504 9.36151 2.59741 4.35714
56 9 6.1805 5.09714 9.12757 3.69166 2.88889
95 7 4.56405 4.56405 9.14806 4.584 1.35714
157 4 11.7465 11.7462 11.7464 0.000119471 0.857143
113 4 11.7038 11.7038 11.7038 0 3.3
147 3 15.5287 15.5287 15.5287 0 1.3
75 4 10.1324 10.1324 10.1324 0 3.66667
180 3 12.8015 12.7904 12.7978 0.00522016 2.8
158 3 12.7639 12.7639 12.7639 0 0.8
9 2 14.1818 14.1805 14.1811 0.000654222 0.666667
195 2 23.1112 0.0220781 11.5668 11.5446 2.88889
16 1 3.25388 3.25388 3.25388 0 2.66667
11 1 1.37054 1.37054 1.37054 0 3.16667
13 1 1.32562 1.32562 1.32562 0 2.66667
27 1 1.22579 1.22579 1.22579 0 2.66667
6 1 1.22429 1.22429 1.22429 0 2.66667
18 1 1.22429 1.22429 1.22429 0 2.66667
166 1 1.22429 1.22429 1.22429 0 2.8
14 1 1.22429 1.22429 1.22429 0 2.66667
10 1 1.22427 1.22427 1.22427 0 2.66667
23 1 1.22415 1.22415 1.22415 0 0.666667
33 1 1.22413 1.22413 1.22413 0 3.16667
123 1 0.338137 0.338137 0.338137 0 0.857143
201 1 1e-08 1e-08 1e-08 0 2.90909

149 11 5.50167 5.19443 9.43295 4.18434 2.8
155 11 6.40186 6.20674 9.33056 2.99892 3.35714
56 10 5.92298 4.88476 9.65177 4.43233 3.40909
177 10 7.82855 5.91872 9.53972 3.47754 3.85714
95 9 6.17489 6.17489 9.85576 3.68087 1.35714
200 7 4.58312 4.49485 10.1008 5.5934 3.38889
195 1 69.3337 69.3337 69.3337 0 2.88889
113 4 4.25592 4.25592 10.64 6.38412 3.3
75 4 10.1324 10.1324 10.1324 0 3.66667
157 4 3.6143 3.6143 9.92131 6.30701 0.857143
180 3 12.8015 12.7904 12.7978 0.00522016 2.8
158 3 12.7639 12.7639 12.7639 0 0.8
147 4 4.65862 4.65862 9.31724 4.65862 1.3
9 2 14.1818 14.1805 14.1811 0.000654222 1.16667
16 1 3.25388 3.25388 3.25388 0 2.66667
11 1 1.37054 1.37054 1.37054 0 3.16667
13 1 1.32562 1.32562 1.32562 0 2.66667
27 1 1.22579 1.22579 1.22579 0 2.66667
6 1 1.22429 1.22429 1.22429 0 2.66667
18 1 1.22429 1.22429 1.22429 0 2.66667
166 1 1.22429 1.22429 1.22429 0 2.8
14 1 1.22429 1.22429 1.22429 0 2.66667
10 1 1.22427 1.22427 1.22427 0 2.66667
23 1 1.22415 1.22415 1.22415 0 0.666667
33 1 1.22413 1.22413 1.22413 0 3.16667
123 1 0.33814 0.33814 0.33814 0 0.857143
202 1 0.0662344 0.0662344 0.0662344 0 3.35714

155 12 5.66319 5.66319 10.8664 5.20326 3.35714
200 11 9.4936 9.31076 11.0738 1.6988 3.38889
177 9 5.9497 4.49823 11.209 6.10192 4.35714
204 1 90.0042 90.0042 90.0042 0 2.90909
56 7 5.26487 4.42264 12.1354 7.36886 2.88889
206 1 79.7547 79.7547 79.7547 0 3.35714
149 6 3.82061 3.82061 12.599 8.77837 2.8
95 6 4.99872 4.99872 12.5973 7.59854 1.35714
157 4 11.7465 11.7465 11.7465 0 0.857143
113 4 11.7038 11.7038 11.7038 0 3.3
147 4 11.6466 11.6466 11.6466 0 1.3
75 3 10.1324 10.1324 13.5099 3.37747 3.66667
180 3 12.8015 12.7904 12.7978 0.00522016 2.8
158 3 12.7639 12.7639 12.7639 0 0.8
9 2 14.1818 14.1805 14.1811 0.000654222 0.666667
195 2 11.5556 11.528 11.5485 0.0153765 2.88889
16 1 3.25388 3.25388 3.25388 0 2.66667
11 1 1.37054 1.37054 1.37054 0 3.16667
13 1 1.32562 1.32562 1.32562 0 2.66667
27 1 1.22579 1.22579 1.22579 0 2.66667
6 1 1.22429 1.22429 1.22429 0 2.66667
18 1 1.22429 1.22429 1.22429 0 2.66667
166 1 1.22429 1.22429 1.22429 0 2.8
14 1 1.22429 1.22429 1.22429 0 2.66667
10 1 1.22427 1.22427 1.22427 0 2.66667
23 1 1.22415 1.22415 1.22415 0 0.666667
33 1 1.22413 1.22413 1.22413 0 3.16667
123 1 0.33814 0.33814 0.33814 0 0.857143
202 1 0.0662344 0.0662344 0.0662344 0 3.35714
203 1 1e-08 1e-08 1e-08 0 2.88889
205 1 1e-08 1e-08 1e-08 0 2.8

149 15 8.09069 8.09069 8.46769 0.376994 2.85714
200 10 4.99299 4.8278 9.07019 4.17139 3.38889
177 10 6.76102 5.11162 8.65172 2.69772 4.38889
155 9 3.77546 3.77546 9.25095 5.47549 3.35714
204 9 5.92298 4.63591 9.19399 3.89916 2.88889
195 2 34.6669 34.5839 34.6254 0.0414612 2.88889
95 6 4.77151 4.77151 9.59542 4.82391 1.35714
147 4 11.6466 11.6466 11.6466 0 1.3
75 3 13.5099 13.5099 13.5099 0 3.66667
157 4 7.83098 7.83098 9.78872 1.95774 0.857143
180 3 12.8015 12.7904 12.7978 0.00522016 2.8
158 3 12.7639 12.7639 12.7639 0 0.8
9 2 9.45453 9.45366 9.47835 0.0242528 0.666667
16 1 3.25388 3.25388 3.25388 0 2.66667
56 1 2.412 2.412 2.58295 0.170943 2.88889
11 1 1.37054 1.37054 1.37054 0 3.16667
13 1 1.32562 1.32562 1.32562 0 2.66667
27 1 1.22579 1.22579 1.22579 0 2.66667
6 1 1.22429 1.22429 1.22429 0 2.66667
18 1 1.22429 1.22429 1.22429 0 2.66667
166 1 1.22429 1.22429 1.22429 0 2.8
14 1 1.22429 1.22429 1.22429 0 2.66667
10 1 1.22427 1.22427 1.22427 0 2.66667
23 1 1.22415 1.22415 1.22415 0 0.666667
33 1 1.22413 1.22413 1.22413 0 3.16667
123 1 0.338137 0.338137 0.338137 0 0.857143
202 1 0.0662344 0.0662344 0.0662344 0 3.35714
205 1 1e-08 1e-08 1e-08 0 2.8
207 1 1e-08 1e-08 1e-08 0 2.88889

155 13 7.74962 7.51342 8.90904 1.2723 3.35714
149 11 4.56266 4.43683 9.12843 4.6803 2.8
200 11 5.86134 5.7543 9.0177 3.23603 3.38889
177 10 5.31223 4.92489 9.53023 4.32534 4.35714
95 10 7.49809 7.49809 8.9977 1.49962 1.35714
204 8 5.07684 4.37568 9.8182 5.09989 2.88889
195 5 4.95241 4.94056 9.88586 4.94057 2.88889
157 4 11.7465 11.7465 11.7465 0 0.857143
147 4 5.82379 5.82328 10.1909 4.36746 1.3
75 3 13.5099 13.5099 13.5099 0 3.66667
180 3 12.8015 12.7904 12.7978 0.00522016 2.8
158 3 12.7639 12.7639 12.7639 0 0.8
9 2 14.1818 14.1805 14.1811 0.000654222 0.666667
16 1 3.25388 3.25388 3.25388 0 2.66667
11 1 1.37054 1.37054 1.37054 0 3.16667
13 1 1.32562 1.32562 1.32562 0 2.66667
27 1 1.22579 1.22579 1.22579 0 2.66667
6 1 1.22429 1.22429 1.22429 0 2.66667
18 1 1.22429 1.22429 1.22429 0 2.66667
166 1 1.22429 1.22429 1.22429 0 2.8
14 1 1.22429 1.22429 1.22429 0 2.66667
10 1 1.22427 1.22427 1.22427 0 2.66667
23 1 1.22415 1.22415 1.22415 0 0.666667
33 1 1.22413 1.22413 1.22413 0 3.16667
123 1 0.338137 0.338137 0.338137 0 0.857143
202 1 0.0662344 0.0662344 0.0662344 0 3.35714
208 1 0.0522309 0.0522309 0.0522309 0 2.8

177 10 7.08298 7.08298 11.6709 4.58789 4.35714
200 9 5.18503 5.11194 11.4729 6.34391 3.38889
149 9 5.23861 5.09414 10.8701 5.74419 2.8
155 8 4.60134 4.60134 11.4832 6.8819 3.35714
204 8 6.59919 6.1003 11.3728 5.12746 2.90909
95 7 4.19893 4.19893 11.843 7.64406 1.35714
211 1 80.1988 80.1988 80.1988 0 2.90909
210 2 40.4132 34.5839 37.4986 2.91464 2.90909
195 6 6.27477 5.77781 11.633 5.76687 2.88889
157 4 11.7465 11.7465 11.7465 0 0.857143
147 4 11.6476 11.6466 11.6468 0.000448601 1.3
75 3 13.5099 13.5099 13.5099 0 3.66667
180 3 12.8015 12.7904 12.7978 0.00522016 2.8
158 3 12.7639 12.7639 12.7639 0 0.8
9 2 14.1818 14.1805 14.1811 0.000654222 1.16667
16 1 3.25388 3.25388 3.25388 0 2.66667
11 1 1.37054 1.37054 1.37054 0 3.16667
13 1 1.32562 1.32562 1.32562 0 2.66667
27 1 1.22579 1.22579 1.22579 0 2.66667
6 1 1.22429 1.22429 1.22429 0 2.66667
18 1 1.22429 1.22429 1.22429 0 2.66667
166 1 1.22429 1.22429 1.22429 0 2.8
14 1 1.22429 1.22429 1.22429 0 2.66667
10 1 1.22427 1.22427 1.22427 0 2.66667
23 1 1.22415 1.22415 1.22415 0 0.666667
33 1 1.22413 1.22413 1.22413 0 3.16667
123 1 0.33814 0.33814 0.33814 0 0.857143
202 1 0.0662344 0.0662344 0.0662344 0 3.35714
212 1 1e-08 1e-08 1e-08 0 3.40909

155 11 7.36214 7.14669 10.2219 2.90012 3.35714
204 10 8.60481 7.8945 10.3339 2.17953 2.88889
177 10 5.9497 5.9497 10.1146 4.16491 3.85714
149 9 6.42921 6.2519 10.079 3.76896 2.8
200 8 4.21284 4.15345 10.7102 6.53226 3.38889
95 8 6.46477 5.83184 10.523 4.61675 1.35714
211 7 7.31122 3.76486 9.89794 5.57608 2.90909
210 4 20.263 2.5e-09 15.0307 8.68127 2.90909
157 4 11.7465 11.7465 11.7465 0 0.857143
147 4 11.6476 11.6466 11.6468 0.000448601 1.3
75 3 13.5099 13.5099 13.5099 0 3.66667
180 3 12.8015 12.7904 12.7978 0.00522016 2.8
158 3 12.7639 12.7639 12.7639 0 0.8
9 2 14.1818 14.1805 14.1811 0.000654222 0.666667
16 1 3.25388 3.25388 3.25388 0 2.66667
11 1 1.37054 1.37054 1.37054 0 3.16667
13 1 1.32562 1.32562 1.32562 0 2.66667
27 1 1.22579 1.22579 1.22579 0 2.66667
6 1 1.22429 1.22429 1.22429 0 2.66667
18 1 1.22429 1.22429 1.22429 0 2.66667
166 1 1.22429 1.22429 1.22429 0 2.8
14 1 1.22429 1.22429 1.22429 0 2.66667
10 1 1.22427 1.22427 1.22427 0 2.66667
23 1 1.22415 1.22415 1.22415 0 0.666667
33 1 1.22413 1.22413 1.22413 0 3.16667
123 1 0.338137 0.338137 0.338137 0 0.857143
202 1 0.0662344 0.0662344 0.0662344 0 3.35714
212 1 1e-08 1e-08 1e-08 0 3.40909
213 1 1e-08 1e-08 1e-08 0 3.85714

149 12 9.4295 9.16945 10.0829 0.815237 2.8
177 11 5.72087 5.72087 10.2527 4.5318 3.85714
204 10 6.20193 5.59194 10.5228 4.69119 2.90909
95 10 7.27286 6.56083 10.288 3.59602 1.35714
200 10 6.0174 5.54618 9.8347 4.20806 3.38889
155 8 5.45344 5.45344 10.1702 4.71673 2.85714
210 5 5.50079 5.38843 9.90431 4.47109 2.90909
211 5 6.64657 3.6454 9.77437 5.65756 2.90909
157 4 11.7465 11.7465 11.7465 0 0.857143
147 4 11.6476 11.6466 11.6468 0.000448601 1.3
75 3 13.5099 13.5099 13.5099 0 3.66667
180 3 12.8015 12.7904 12.7978 0.00522016 2.8
158 3 12.7639 12.7639 12.7639 0 0.8
9 2 14.1818 14.1805 14.1811 0.000654222 0.666667
16 1 3.25388 3.25388 3.25388 0 2.66667
11 1 1.37054 1.37054 1.37054 0 3.16667
13 1 1.32562 1.32562 1.32562 0 2.66667
27 1 1.22579 1.22579 1.22579 0 2.66667
6 1 1.22429 1.22429 1.22429 0 2.66667
18 1 1.22429 1.22429 1.22429 0 2.66667
166 1 1.22429 1.22429 1.22429 0 2.8
14 1 1.22429 1.22429 1.22429 0 2.66667
10 1 1.22427 1.22427 1.22427 0 2.66667
23 1 1.22415 1.22415 1.22415 0 0.666667
33 1 1.22413 1.22413 1.22413 0 3.16667

177 11 6.1976 6.1976 10.2421 4.04446 3.85714
155 10 8.18016 7.93084 10.3115 2.25732 3.35714
200 9 5.15777 4.81467 10.6151 5.72597 3.38889
204 9 6.20193 5.60218 10.2049 4.34623 2.90909
149 9 4.56266 4.43683 10.135 5.60058 2.8
95 8 4.47561 4.03743 10.065 5.81256 1.35714
211 8 14.6224 8.01988 10.0573 2.39159 2.90909
210 6 9.16798 8.98072 10.3273 1.28648 2.90909
157 4 11.7465 11.7465 11.7465 0 0.857143
147 4 11.6476 11.6466 11.6468 0.000448601 1.3
75 3 13.5099 13.5099 13.5099 0 3.66667
180 3 12.8015 12.7904 12.7978 0.00522016 2.8
158 3 12.7639 12.7639 12.7639 0 0.8
9 2 14.1818 14.1805 14.1811 0.000654222 0.666667
16 1 3.25388 3.25388 3.25388 0 2.66667
11 1 1.37054 1.37054 1.37054 0 3.16667
13 1 1.32562 1.32562 1.32562 0 2.66667
27 1 1.22579 1.22579 1.22579 0 2.66667
6 1 1.22429 1.22429 1.22429 0 2.66667
18 1 1.22429 1.22429 1.22429 0 2.66667
166 1 1.22429 1.22429 1.22429 0 2.8
14 1 1.22429 1.22429 1.22429 0 2.66667
10 1 1.22427 1.22427 1.22427 0 2.66667
23 1 1.22415 1.22415 1.22415 0 0.666667
33 1 1.22413 1.22413 1.22413 0 3.16667
215 1 1e-08 1e-08 1e-08 0 2.88889

177 11 5.9497 5.9497 10.2383 4.28863 4.35714
200 10 7.88042 7.0953 10.8411 3.57745 3.38889
149 10 4.87733 4.87733 10.5329 5.65559 2.8
204 9 8.75566 7.90895 11.0659 2.80292 2.90909
155 8 5.45344 5.45344 11.2973 5.84391 3.35714
95 8 5.81829 5.81829 11.129 5.31066 1.35714
211 7 7.69603 4.22099 10.6251 5.44108 2.90909
210 7 6.87599 6.73554 10.5849 3.80243 2.90909
157 4 11.7465 11.7465 11.7465 0 0.857143
147 4 11.6476 11.6466 11.6468 0.000448601 1.3
75 3 13.5099 13.5099 13.5099 0 3.66667
180 3 12.8015 12.7904 12.7978 0.00522016 2.8
158 3 12.7639 12.7639 12.7639 0 0.8
9 2 14.1818 14.1805 14.1811 0.000654222 1.16667
16 1 3.25388 3.25388 3.25388 0 2.66667
11 1 1.37054 1.37054 1.37054 0 3.16667
13 1 1.32562 1.32562 1.32562 0 2.66667
27 1 1.22579 1.22579 1.22579 0 2.66667
6 1 1.22429 1.22429 1.22429 0 2.66667
18 1 1.22429 1.22429 1.22429 0 2.66667
166 1 1.22429 1.22429 1.22429 0 2.8
14 1 1.22429 1.22429 1.22429 0 2.66667
10 1 1.22427 1.22427 1.22427 0 2.66667
23 1 1.22415 1.22415 1.22415 0 0.666667
33 1 1.22413 1.22413 1.22413 0 3.16667
215 1 1e-08 1e-08 1e-08 0 2.88889

155 11 8.66134 8.40787 11.0432 2.45357 3.35714
204 11 6.47158 5.84575 10.9293 4.76744 2.88889
200 10 7.4864 6.74054 10.7127 3.7927 3.38889
149 9 4.56266 4.56266 10.9835 6.42083 2.8
177 9 4.95808 4.95808 10.7989 5.8408 4.38889
210 7 9.16798 8.98072 11.4431 2.38451 2.90909
211 7 7.31122 4.9754 11.4222 6.04446 2.90909
95 7 6.60612 5.81829 11.1281 5.2046 0.857143
157 4 11.7465 11.7465 11.7465 0 0.857143
147 4 11.6476 11.6466 11.6468 0.000448601 1.3
75 3 13.5099 13.5099 13.5099 0 3.66667
180 3 12.8015 12.7904 12.7978 0.00522016 2.8
158 3 12.7639 12.7639 12.7639 0 0.8
9 2 14.1818 14.1805 14.1811 0.000654222 1.16667
16 1 3.25388 3.25388 3.25388 0 2.66667
11 1 1.37054 1.37054 1.37054 0 3.16667
13 1 1.32562 1.32562 1.32562 0 2.66667
27 1 1.22579 1.22579 1.22579 0 2.66667
6 1 1.22429 1.22429 1.22429 0 2.66667
18 1 1.22429 1.22429 1.22429 0 2.66667
166 1 1.22429 1.22429 1.22429 0 2.8
14 1 1.22429 1.22429 1.22429 0 2.66667
10 1 1.22427 1.22427 1.22427 0 2.66667
23 1 1.22415 1.22415 1.22415 0 0.666667
33 1 1.22413 1.22413 1.22413 0 3.16667

155 11 6.40186 6.21451 9.6249 3.2579 3.35714
149 11 8.84016 8.84016 9.61607 0.775911 2.8
177 10 8.26347 8.26347 9.73161 1.46814 3.85714
95 9 12.0111 5.71327 10.3564 1.74265 1.35714
204 9 5.31594 5.03411 10.2127 5.0466 2.90909
200 9 5.54548 4.99299 9.92186 4.67766 3.40909
211 7 6.64657 4.52309 10.6284 5.43888 2.90909
157 4 11.7465 11.7465 11.7465 0 0.857143
147 4 11.6476 11.6466 11.6468 0.000448601 1.3
210 4 4.83554 3.91883 10.7847 6.6374 2.90909
75 3 13.5099 13.5099 13.5099 0 3.66667
180 3 12.8015 12.7904 12.7978 0.00522016 2.8
158 3 12.7639 12.7639 12.7639 0 0.8
9 2 14.1818 14.1805 14.1811 0.000654222 0.666667
16 1 3.25388 3.25388 3.25388 0 2.66667
11 1 1.37054 1.37054 1.37054 0 3.16667
13 1 1.32562 1.32562 1.32562 0 2.66667
27 1 1.22579 1.22579 1.22579 0 2.66667
6 1 1.22429 1.22429 1.22429 0 2.66667
18 1 1.22429 1.22429 1.22429 0 2.66667
166 1 1.22429 1.22429 1.22429 0 2.8
14 1 1.22429 1.22429 1.22429 0 2.66667
10 1 1.22427 1.22427 1.22427 0 2.66667
23 1 1.22415 1.22415 1.22415 0 0.666667
33 1 1.22413 1.22413 1.22413 0 3.16667
218 1 5e-09 5e-09 1e-08 5e-09 4.35714

149 11 5.23861 5.23861 10.1372 4.89857 2.8
204 9 7.08792 6.76912 10.9467 4.04806 2.90909
155 9 4.90809 4.90809 10.9237 6.01563 3.35714
95 9 6.95381 6.12451 10.3484 3.96675 1.35714
177 9 5.12905 5.12905 10.2453 5.11629 3.85714
211 9 10.4446 7.04294 10.2195 2.34213 2.90909
210 4 25.3866 20.5739 21.8335 2.05228 2.90909
200 7 7.4864 6.9203 10.9668 3.71733 3.38889
147 4 5.17671 5.17625 11.6469 6.47031 1.3
75 3 13.5099 13.5099 13.5099 0 3.66667
180 3 12.8015 12.7904 12.7978 0.00522016 2.8
158 3 12.7639 12.7639 12.7639 0 0.8
157 3 9.39718 9.39718 12.5296 3.13239 0.857143
9 2 14.1818 14.1805 14.1811 0.000654222 1.16667
16 1 3.25388 3.25388 3.25388 0 2.66667
11 1 1.37054 1.37054 1.37054 0 3.16667
13 1 1.32562 1.32562 1.32562 0 2.66667
27 1 1.22579 1.22579 1.22579 0 2.66667
6 1 1.22429 1.22429 1.22429 0 2.66667
18 1 1.22429 1.22429 1.22429 0 2.66667
166 1 1.22429 1.22429 1.22429 0 2.8
14 1 1.22429 1.22429 1.22429 0 2.66667
10 1 1.22427 1.22427 1.22427 0 2.66667
23 1 1.22415 1.22415 1.22415 0 0.666667
33 1 1.22413 1.22413 1.22413 0 3.16667
222 1 1e-08 1e-08 1e-08 0 2.88889

200 9 16.6364 0.116732 13.3998 5.40007 3.40909
155 11 3.81391 3.81391 10.2866 6.47266 3.35714
149 10 5.05152 5.05152 10.588 5.5365 2.8
204 10 7.08792 6.76912 10.1984 3.29861 2.90909
211 9 6.64657 4.52309 10.1964 4.3535 2.90909
177 3 49.5808 9.45449 24.4951 17.8551 4.35714
95 6 5.2849 4.65463 10.9488 5.77369 1.35714
157 3 15.662 15.662 15.662 0 0.857143
210 4 5.64146 4.63358 11.6842 6.71259 2.90909
147 4 11.6476 11.6466 11.6473 0.000448601 1.3
75 3 13.5099 13.5099 13.5099 0 3.66667
180 3 12.8015 12.7904 12.7978 0.00522016 2.8
158 3 12.7639 12.7639 12.7639 0 0.8
9 2 14.1818 14.1805 14.1811 0.000654222 0.666667
16 1 3.25388 3.25388 3.25388 0 2.66667
11 1 1.37054 1.37054 1.37054 0 3.16667
13 1 1.32562 1.32562 1.32562 0 2.66667
27 1 1.22579 1.22579 1.22579 0 2.66667
6 1 1.22429 1.22429 1.22429 0 2.66667
18 1 1.22429 1.22429 1.22429 0 2.66667
166 1 1.22429 1.22429 1.22429 0 2.8
14 1 1.22429 1.22429 1.22429 0 2.66667
10 1 1.22427 1.22427 1.22427 0 2.66667
23 1 1.22415 1.22415 1.22415 0 0.666667
33 1 1.22413 1.22413 1.22413 0 3.16667
223 1 0.185165 0.185165 0.185165 0 2.88889
222 1 1e-08 1e-08 1e-08 0 2.88889
224 1 1e-08 1e-08 1e-08 0 3.38889

149 12 6.14968 6.14968 10.2539 4.10427 2.8
225 9 16.5269 1.11111e-09 12.8546 6.87029 4.38889
204 10 5.72486 5.50044 10.354 4.76869 2.88889
210 4 25.3866 20.8511 22.4287 1.84599 2.90909
211 8 5.84898 5.35747 11.0078 5.33682 2.90909
200 8 7.4864 7.22088 10.9256 3.57441 3.40909
177 7 4.50735 4.50735 11.1485 6.64111 4.35714
95 7 10.1633 8.95121 9.99171 0.424131 0.857143
147 4 11.6476 11.6466 11.6473 0.000448601 1.3
75 3 13.5099 13.5099 13.5099 0 3.66667
180 3 12.8015 12.7904 12.7978 0.00522016 2.8
158 3 12.7639 12.7639 12.7639 0 0.8
157 3 3.91549 3.91549 11.6241 7.7086 0.857143
9 2 14.1818 14.1805 14.1811 0.000654222 0.666667
16 1 3.25388 3.25388 3.25388 0 2.66667
11 1 1.37054 1.37054 1.37054 0 3.16667
13 1 1.32562 1.32562 1.32562 0 2.66667
27 1 1.22579 1.22579 1.22579 0 2.66667
6 1 1.22429 1.22429 1.22429 0 2.66667
18 1 1.22429 1.22429 1.22429 0 2.66667
166 1 1.22429 1.22429 1.22429 0 2.8
14 1 1.22429 1.22429 1.22429 0 2.66667
10 1 1.22427 1.22427 1.22427 0 2.66667
23 1 1.22415 1.22415 1.22415 0 0.666667
33 1 1.22413 1.22413 1.22413 0 3.16667
223 1 0.185165 0.185165 0.185165 0 2.88889
155 1 1e-08 1e-08 1e-08 0 3.38889
222 1 1e-08 1e-08 1e-08 0 2.88889

200 11 7.49701 7.22088 10.6435 3.30361 3.4
204 11 6.20193 6.04926 10.4821 4.39348 2.90909
211 11 9.7483 6.41188 9.99929 1.56872 2.92308
149 10 5.23861 5.23861 10.5066 5.26798 2.8
95 9 6.95381 6.95381 10.7586 3.80477 0.857143
225 8 3.71856 3.71856 10.7164 6.99787 4.38889
210 7 5.07732 4.51746 10.6347 5.8991 3.40909
157 3 15.662 15.662 15.662 0 0.857143
147 4 9.31807 9.31807 11.6474 2.32931 1.3
75 3 13.5099 13.5099 13.5099 0 3.66667
180 3 12.8015 12.7904 12.7978 0.00522016 2.8
158 3 12.7639 12.7639 12.7639 0 0.8
226 1 35.836 35.836 35.836 0 1.35714
9 2 14.1818 14.1805 14.1811 0.000654222 1.16667
16 1 3.25388 3.25388 3.25388 0 2.66667
11 1 1.37054 1.37054 1.37054 0 3.16667
13 1 1.32562 1.32562 1.32562 0 2.66667
27 1 1.22579 1.22579 1.22579 0 2.66667
6 1 1.22429 1.22429 1.22429 0 2.66667
18 1 1.22429 1.22429 1.22429 0 2.66667
166 1 1.22429 1.22429 1.22429 0 2.8
14 1 1.22429 1.22429 1.22429 0 2.66667
10 1 1.22427 1.22427 1.22427 0 2.66667
23 1 1.22415 1.22415 1.22415 0 0.666667
33 1 1.22413 1.22413 1.22413 0 3.16667
155 1 1e-08 1e-08 1e-08 0 3.38889

225 2 74.3713 74.3713 74.3713 0 4.35714
227 6 24.7904 24.7904 24.7904 0 3.85714
149 10 14.1443 14.1443 14.1443 0 2.8
211 11 13.606 8.74347 12.4653 1.33469 2.92308
95 10 13.2122 3.5836 12.2494 2.88859 0.857143
210 7 14.5066 12.907 13.5456 0.71921 2.90909
204 7 2.32572 2.26847 12.7709 10.4564 2.88889
200 7 2.72619 2.72233 12.3833 9.66046 3.38889
157 3 15.662 15.662 15.662 0 0.857143
147 3 11.6476 11.6476 15.5301 3.88253 1.3
75 3 13.5099 13.5099 13.5099 0 3.66667
180 3 12.8015 12.7904 12.7978 0.00522016 2.8
158 3 12.7639 12.7639 12.7639 0 0.8
9 2 14.1818 14.1805 14.1811 0.000654222 0.666667
16 1 3.25388 3.25388 3.25388 0 2.66667
11 1 1.37054 1.37054 1.37054 0 3.16667
13 1 1.32562 1.32562 1.32562 0 2.66667
27 1 1.22579 1.22579 1.22579 0 2.66667
6 1 1.22429 1.22429 1.22429 0 2.66667
18 1 1.22429 1.22429 1.22429 0 2.66667
166 1 1.22429 1.22429 1.22429 0 2.8
14 1 1.22429 1.22429 1.22429 0 2.66667
10 1 1.22427 1.22427 1.22427 0 2.66667
23 1 1.22415 1.22415 1.22415 0 0.666667
33 1 1.22413 1.22413 1.22413 0 3.16667
230 1 0.0357877 0.0357877 0.0357877 0 3.38889
229 1 2.65805e-05 2.65805e-05 2.65805e-05 0 3.38889
155 1 1e-08 1e-08 1e-08 0 3.38889
228 1 1e-08 1e-08 1e-08 0 2.88889

149 10 14.1443 14.1443 14.1443 0 2.8
211 11 13.2931 10.9043 12.3594 0.885391 2.90909
204 8 18.6058 1.25e-09 16.2017 6.12533 2.88889
95 10 13.2122 3.5836 12.2494 2.88859 0.857143
200 9 16.66 2.95339e-06 12.9425 6.91701 3.38889
210 7 14.5066 12.907 13.5456 0.71921 2.90909
225 7 1.37725 1.37725 11.4925 10.1153 4.35714
157 3 15.662 15.662 15.662 0 0.857143
147 3 15.5301 15.5301 15.5301 0 1.3
75 3 13.5099 13.5099 13.5099 0 3.66667
180 3 12.8015 12.7904 12.7978 0.00522016 2.8
158 3 12.7639 12.7639 12.7639 0 0.8
9 2 14.1818 14.1805 14.1811 0.000654222 0.666667
16 1 3.25388 3.25388 3.25388 0 2.66667
11 1 1.37054 1.37054 1.37054 0 3.16667
13 1 1.32562 1.32562 1.32562 0 2.66667
27 1 1.22579 1.22579 1.22579 0 2.66667
6 1 1.22429 1.22429 1.22429 0 2.66667
18 1 1.22429 1.22429 1.22429 0 2.66667
166 1 1.22429 1.22429 1.22429 0 2.8
14 1 1.22429 1.22429 1.22429 0 2.66667
10 1 1.22427 1.22427 1.22427 0 2.66667
23 1 1.22415 1.22415 1.22415 0 0.666667
33 1 1.22413 1.22413 1.22413 0 3.16667
155 1 1e-08 1e-08 1e-08 0 3.38889

225 7 21.2489 21.2489 21.2489 3.55271e-15 4.35714
204 8 18.6058 1.25e-09 16.2017 6.12533 2.88889
95 10 13.2122 3.5836 12.2494 2.88859 0.857143
200 9 16.66 2.95339e-06 12.9425 6.91701 3.38889
210 7 14.5066 12.907 13.5456 0.71921 2.90909
149 9 2.66873 2.66873 10.2763 7.60759 2.8
211 6 2.15036 2.15036 10.9889 8.83852 2.90909
157 3 15.662 15.662 15.662 0 0.857143
147 3 15.5301 15.5301 15.5301 0 1.3
75 3 13.5099 13.5099 13.5099 0 3.66667
180 3 12.8015 12.7904 12.7978 0.00522016 2.8
158 3 12.7639 12.7639 12.7639 0 0.8
9 2 14.1818 14.1805 14.1811 0.000654222 1.16667
16 1 3.25388 3.25388 3.25388 0 2.66667
11 1 1.37054 1.37054 1.37054 0 3.16667
13 1 1.32562 1.32562 1.32562 0 2.66667
27 1 1.22579 1.22579 1.22579 0 2.66667
6 1 1.22429 1.22429 1.22429 0 2.66667
18 1 1.22429 1.22429 1.22429 0 2.66667
166 1 1.22429 1.22429 1.22429 0 2.8
14 1 1.22429 1.22429 1.22429 0 2.66667
10 1 1.22427 1.22427 1.22427 0 2.66667
23 1 1.22415 1.22415 1.22415 0 0.666667
33 1 1.22413 1.22413 1.22413 0 3.16667
155 1 1e-08 1e-08 1e-08 0 3.38889

211 6 24.3707 24.3707 24.3707 0 2.90909
149 9 15.7158 15.7158 15.7158 0 2.8
200 8 18.7425 0.00447347 16.3804 6.18951 3.38889
95 10 13.2122 3.5836 12.2494 2.88859 1.85714
210 7 14.5066 12.907 13.5456 0.71921 2.90909
225 8 2.60952 2.60952 11.215 8.60552 4.35714
204 6 2.75641 2.75332 11.1605 8.4062 2.88889
157 3 15.662 15.662 15.662 0 0.857143
147 3 15.5301 15.5301 15.5301 0 1.3
75 3 13.5099 13.5099 13.5099 0 3.66667
180 3 12.8015 12.7904 12.7978 0.00522016 2.8
158 3 12.7639 12.7639 12.7639 0 0.8
9 2 14.1818 14.1805 14.1811 0.000654222 0.666667
16 1 3.25388 3.25388 3.25388 0 2.66667
11 1 1.37054 1.37054 1.37054 0 3.16667
13 1 1.32562 1.32562 1.32562 0 2.66667
27 1 1.22579 1.22579 1.22579 0 2.66667
6 1 1.22429 1.22429 1.22429 0 2.66667
18 1 1.22429 1.22429 1.22429 0 2.66667
166 1 1.22429 1.22429 1.22429 0 2.8
14 1 1.22429 1.22429 1.22429 0 2.66667
10 1 1.22427 1.22427 1.22427 0 2.66667
23 1 1.22415 1.22415 1.22415 0 0.666667
33 1 1.22413 1.22413 1.22413 0 3.16667
231 1 2.65805e-05 2.65805e-05 2.65805e-05 0 3.38889
155 1 1e-08 1e-08 1e-08 0 3.38889
232 1 1e-08 1e-08 1e-08 0 2.88889
233 1 1e-08 1e-08 1e-08 0 4.35714
234 1 1e-08 1e-08 1e-08 0 2.88889
235 1 1e-08 1e-08 1e-08 0 2.90909

225 8 18.5928 18.5928 18.5928 0 4.35714
204 7 21.2638 1.42857e-09 18.2125 7.43521 2.88889
95 10 13.2122 3.5836 12.2494 2.88859 1.35714
200 9 16.66 2.95339e-06 12.9425 6.91701 3.38889
210 7 14.5066 12.907 13.5456 0.71921 2.90909
149 8 2.31873 2.31873 10.9598 8.64109 2.8
157 3 15.662 15.662 15.662 0 0.857143
147 3 15.5301 15.5301 15.5301 0 1.3
211 4 2.75895 2.75895 11.4872 8.72821 2.90909
75 3 13.5099 13.5099 13.5099 0 3.66667
180 3 12.8015 12.7904 12.7978 0.00522016 2.8
158 3 12.7639 12.7639 12.7639 0 0.8
9 2 14.1818 14.1805 14.1811 0.000654222 1.16667
16 1 3.25388 3.25388 3.25388 0 2.66667
11 1 1.37054 1.37054 1.37054 0 3.16667
13 1 1.32562 1.32562 1.32562 0 2.66667
27 1 1.22579 1.22579 1.22579 0 2.66667
6 1 1.22429 1.22429 1.22429 0 2.66667
18 1 1.22429 1.22429 1.22429 0 2.66667
166 1 1.22429 1.22429 1.22429 0 2.8
14 1 1.22429 1.22429 1.22429 0 2.66667
10 1 1.22427 1.22427 1.22427 0 2.66667
23 1 1.22415 1.22415 1.22415 0 0.666667
33 1 1.22413 1.22413 1.22413 0 3.16667
155 1 1e-08 1e-08 1e-08 0 3.38889
233 1 1e-08 1e-08 1e-08 0 4.35714
234 1 1e-08 1e-08 1e-08 0 2.88889
235 1 1e-08 1e-08 1e-08 0 2.90909
236 1 1e-08 1e-08 1e-08 0 2.8

211 4 36.5561 36.5561 36.5561 0 2.90909
149 8 17.6803 17.6803 17.6803 3.55271e-15 2.8
95 10 13.2122 3.5836 12.2494 2.88859 0.857143
200 9 16.66 2.95339e-06 12.9862 6.83601 3.38889
210 7 14.5066 12.907 13.5456 0.71921 2.90909
204 8 2.91855 2.91528 10.8787 7.96222 2.88889
225 7 2.39907 2.39907 11.3674 8.96829 4.35714
157 3 15.662 15.662 15.662 0 0.857143
147 3 15.5301 15.5301 15.5301 0 1.3
75 3 13.5099 13.5099 13.5099 0 3.66667
180 3 12.8015 12.7904 12.7978 0.00522016 2.8
158 3 12.7639 12.7639 12.7639 0 0.8
9 2 14.1818 14.1805 14.1811 0.000654222 0.666667
16 1 3.25388 3.25388 3.25388 0 2.66667
11 1 1.37054 1.37054 1.37054 0 3.16667
13 1 1.32562 1.32562 1.32562 0 2.66667
27 1 1.22579 1.22579 1.22579 0 2.66667
6 1 1.22429 1.22429 1.22429 0 2.66667
18 1 1.22429 1.22429 1.22429 0 2.66667
166 1 1.22429 1.22429 1.22429 0 2.8
14 1 1.22429 1.22429 1.22429 0 2.66667
10 1 1.22427 1.22427 1.22427 0 2.66667
23 1 1.22415 1.22415 1.22415 0 0.666667
33 1 1.22413 1.22413 1.22413 0 3.16667
155 1 1e-08 1e-08 1e-08 0 3.38889
233 1 1e-08 1e-08 1e-08 0 4.35714
234 1 1e-08 1e-08 1e-08 0 2.88889
235 1 5e-09 5e-09 1e-08 5e-09 2.90909
236 1 1e-08 1e-08 1e-08 0 2.8
237 1 1e-08 1e-08 1e-08 0 2.88889

225 7 21.2489 21.2489 21.2489 3.55271e-15 3.85714
204 8 18.6058 18.5849 18.5927 0.0100988 2.88889
95 10 13.2122 3.5836 12.2494 2.88859 0.857143
200 9 16.66 2.95339e-06 12.9862 6.83601 3.38889
210 7 14.5066 12.907 13.5456 0.71921 2.90909
149 8 2.52576 2.52576 10.7072 8.18141 2.8
211 6 2.61115 2.61115 11.681 9.06983 2.90909
157 3 15.662 15.662 15.662 0 0.857143
147 3 15.5301 15.5301 15.5301 0 1.3
75 3 13.5099 13.5099 13.5099 0 3.66667
180 3 12.8015 12.7904 12.7978 0.00522016 2.8
158 3 12.7639 12.7639 12.7639 0 0.8
9 2 14.1818 14.1805 14.1811 0.000654222 1.16667
16 1 3.25388 3.25388 3.25388 0 2.66667
11 1 1.37054 1.37054 1.37054 0 3.16667
13 1 1.32562 1.32562 1.32562 0 2.66667
27 1 1.22579 1.22579 1.22579 0 2.66667
6 1 1.22429 1.22429 1.22429 0 2.66667
18 1 1.22429 1.22429 1.22429 0 2.66667
166 1 1.22429 1.22429 1.22429 0 2.8
14 1 1.22429 1.22429 1.22429 0 2.66667
10 1 1.22427 1.22427 1.22427 0 2.66667
23 1 1.22415 1.22415 1.22415 0 0.666667
33 1 1.22413 1.22413 1.22413 0 3.16667
155 1 1e-08 1e-08 1e-08 0 3.38889
233 1 1e-08 1e-08 1e-08 0 4.35714
234 1 1e-08 1e-08 1e-08 0 2.88889
235 1 5e-09 5e-09 1e-08 5e-09 2.88889
236 1 1e-08 1e-08 1e-08 0 2.8

211 6 24.3707 24.3707 24.3707 0 2.90909
149 9 15.7158 1.11111e-09 13.9696 4.93901 2.8
95 10 13.2122 3.5836 12.2494 2.88859 0.857143
200 9 16.66 2.95339e-06 12.9425 6.91701 3.38889
204 9 2.93421 2.91528 11.4139 8.49401 2.88889
210 7 14.5066 12.907 13.5456 0.71921 2.90909
225 7 2.33261 2.3241 11.2488 8.92344 3.85714
157 3 15.662 15.662 15.662 0 0.857143
147 3 15.5301 15.5301 15.5301 0 1.3
75 3 13.5099 13.5099 13.5099 0 3.66667
180 3 12.8015 12.7904 12.7978 0.00522016 2.8
158 3 12.7639 12.7639 12.7639 0 0.8
9 2 14.1818 14.1805 14.1811 0.000654222 1.16667
16 1 3.25388 3.25388 3.25388 0 2.66667
11 1 1.37054 1.37054 1.37054 0 3.16667
13 1 1.32562 1.32562 1.32562 0 2.66667
27 1 1.22579 1.22579 1.22579 0 2.66667
6 1 1.22429 1.22429 1.22429 0 2.66667
18 1 1.22429 1.22429 1.22429 0 2.66667
166 1 1.22429 1.22429 1.22429 0 2.8
14 1 1.22429 1.22429 1.22429 0 2.66667
10 1 1.22427 1.22427 1.22427 0 2.66667
23 1 1.22415 1.22415 1.22415 0 0.666667
33 1 1.22413 1.22413 1.22413 0 3.16667
155 1 1e-08 1e-08 1e-08 0 3.38889
233 1 1e-08 1e-08 1e-08 0 4.35714
234 1 1e-08 1e-08 1e-08 0 2.88889
238 1 1e-08 1e-08 1e-08 0 2.90909

240 1 149.645 149.645 149.645 0 2.88889
225 7 21.3267 21.2489 21.26 0.0272087 3.85714
204 2 74.4231 74.3397 74.3814 0.0417198 2.88889
200 8 18.7425 3.32256e-06 16.3798 6.19099 3.38889
238 7 21.2638 1.42857e-09 18.2261 7.44076 2.90909
95 9 13.2122 13.2122 13.6104 0.398178 0.857143
210 7 14.5066 12.907 13.5456 0.71921 2.90909
211 6 2.35846 2.35846 14.8595 12.5011 2.90909
149 6 2.66873 2.66873 13.8553 11.1865 2.8
157 3 15.662 15.662 15.662 0 0.857143
147 3 15.5301 15.5301 15.5301 0 1.3
75 3 13.5099 13.5099 13.5099 0 3.66667
180 2 12.8015 12.8015 19.1966 6.39519 2.8
158 2 12.7639 12.7639 19.1459 6.38195 0.8
9 2 14.1818 14.1805 14.1811 0.000654222 0.666667
16 1 3.25388 3.25388 3.25388 0 2.66667
11 1 1.37054 1.37054 1.37054 0 3.16667
13 1 1.32562 1.32562 1.32562 0 2.66667
27 1 1.22579 1.22579 1.22579 0 2.66667
6 1 1.22429 1.22429 1.22429 0 2.66667
18 1 1.22429 1.22429 1.22429 0 2.66667
166 1 1.22429 1.22429 1.22429 0 2.8
14 1 1.22429 1.22429 1.22429 0 2.66667
10 1 1.22427 1.22427 1.22427 0 2.66667
23 1 1.22415 1.22415 1.22415 0 0.666667
33 1 1.22413 1.22413 1.22413 0 3.16667
239 1 0.0357877 0.0357877 0.0357877 0 3.38889
155 1 1e-08 1e-08 1e-08 0 3.38889
233 1 1e-08 1e-08 1e-08 0 4.35714
234 1 1e-08 1e-08 1e-08 0 2.88889

211 6 24.3707 24.3707 24.3707 0 2.90909
149 6 23.5738 23.5738 23.5738 0 2.8
95 9 14.6803 14.6803 14.6803 0 1.85714
200 9 16.66 2.95339e-06 12.9425 6.91701 3.38889
210 7 14.5066 12.907 13.5456 0.71921 2.90909
225 8 2.40785 2.39907 10.694 8.28949 4.35714
240 7 2.7712 2.7712 11.0456 8.27443 2.90909
157 3 15.662 15.662 15.662 0 0.857143
147 3 15.5301 15.5301 15.5301 0 1.3
75 3 13.5099 13.5099 13.5099 0 3.66667
180 2 19.2022 19.2022 19.2022 0 2.8
158 2 19.1459 19.1459 19.1459 0 0.8
9 2 14.1818 14.1805 14.1811 0.000654222 1.16667
16 1 3.25388 3.25388 3.25388 0 2.66667
11 1 1.37054 1.37054 1.37054 0 3.16667
13 1 1.32562 1.32562 1.32562 0 2.66667
27 1 1.22579 1.22579 1.22579 0 2.66667
6 1 1.22429 1.22429 1.22429 0 2.66667
18 1 1.22429 1.22429 1.22429 0 2.66667
166 1 1.22429 1.22429 1.22429 0 2.8
14 1 1.22429 1.22429 1.22429 0 2.66667
10 1 1.22427 1.22427 1.22427 0 2.66667
23 1 1.22415 1.22415 1.22415 0 0.666667
33 1 1.22413 1.22413 1.22413 0 3.16667
238 1 1e-08 1e-08 1e-08 0 2.90909
155 1 1e-08 1e-08 1e-08 0 3.38889
233 1 1e-08 1e-08 1e-08 0 4.35714
234 1 1e-08 1e-08 1e-08 0 2.88889

225 8 18.6608 18.5928 18.6353 0.0329378 4.35714
95 9 14.6803 14.6803 14.6803 0 1.85714
240 8 18.7056 1.25e-09 16.3674 6.1863 2.88889
200 9 16.66 2.95339e-06 12.9862 6.83601 3.38889
210 7 14.5066 12.907 13.5456 0.71921 2.90909
149 8 2.57168 2.57168 11.2829 8.7112 2.8
211 6 2.56534 2.56534 11.6428 9.07748 2.90909
157 3 15.662 15.662 15.662 0 0.857143
147 3 15.5301 15.5301 15.5301 0 1.3
75 3 13.5099 13.5099 13.5099 0 3.66667
180 2 19.2022 19.2022 19.2022 0 2.8
158 2 19.1459 19.1459 19.1459 0 0.8
9 2 14.1818 14.1805 14.1811 0.000654222 0.666667
16 1 3.25388 3.25388 3.25388 0 2.66667
11 1 1.37054 1.37054 1.37054 0 3.16667
13 1 1.32562 1.32562 1.32562 0 2.66667
27 1 1.22579 1.22579 1.22579 0 2.66667
6 1 1.22429 1.22429 1.22429 0 2.66667
18 1 1.22429 1.22429 1.22429 0 2.66667
166 1 1.22429 1.22429 1.22429 0 2.8
14 1 1.22429 1.22429 1.22429 0 2.66667
10 1 1.22427 1.22427 1.22427 0 2.66667
23 1 1.22415 1.22415 1.22415 0 0.666667
33 1 1.22413 1.22413 1.22413 0 3.16667
155 1 1e-08 1e-08 1e-08 0 3.38889
233 1 1e-08 1e-08 1e-08 0 4.35714
234 1 1e-08 1e-08 1e-08 0 2.88889

240 7 21.3778 21.3778 21.3778 3.55271e-15 2.88889
211 6 24.3707 24.3707 24.3707 0 2.90909
149 8 17.6803 17.6803 17.6803 3.55271e-15 2.8
200 9 16.66 2.95339e-06 12.9425 6.91701 3.38889
210 7 14.5066 12.907 13.5456 0.71921 2.90909
225 7 2.53028 2.53028 10.6248 8.09455 4.38889
95 6 2.31794 2.31794 11.5299 9.21196 1.85714
157 3 15.662 15.662 15.662 0 0.857143
147 3 15.5301 15.5301 15.5301 0 1.3
75 3 13.5099 13.5099 13.5099 0 3.66667
180 2 19.2022 19.2022 19.2022 0 2.8
158 2 19.1459 19.1459 19.1459 0 0.8
9 2 14.1818 14.1805 14.1811 0.000654222 1.16667
16 1 3.25388 3.25388 3.25388 0 2.66667
11 1 1.37054 1.37054 1.37054 0 3.16667
13 1 1.32562 1.32562 1.32562 0 2.66667
27 1 1.22579 1.22579 1.22579 0 2.66667
6 1 1.22429 1.22429 1.22429 0 2.66667
18 1 1.22429 1.22429 1.22429 0 2.66667
166 1 1.22429 1.22429 1.22429 0 2.8
14 1 1.22429 1.22429 1.22429 0 2.66667
10 1 1.22427 1.22427 1.22427 0 2.66667
23 1 1.22415 1.22415 1.22415 0 0.666667
33 1 1.22413 1.22413 1.22413 0 3.16667
242 1 0.075924 0.075924 0.075924 0 4.38889
155 1 1e-08 1e-08 1e-08 0 3.38889
233 1 1e-08 1e-08 1e-08 0 4.35714
234 1 1e-08 1e-08 1e-08 0 2.88889
241 1 1e-08 1e-08 1e-08 0 2.90909

225 7 21.3267 21.3267 21.3267 0 4.35714
149 8 17.6803 17.6803 17.6803 3.55271e-15 2.8
95 6 22.0204 22.0204 22.0204 0 0.857143
200 8 18.7425 0.00447347 16.3804 6.18951 3.38889
240 9 2.49408 2.49408 10.9108 8.41674 2.88889
210 7 14.5066 12.907 13.5456 0.71921 2.90909
211 5 2.75895 2.75895 12.1313 9.37235 0.909091
157 3 15.662 15.662 15.662 0 0.857143
147 3 15.5301 15.5301 15.5301 0 1.3
75 3 13.5099 13.5099 13.5099 0 3.66667
180 2 19.2022 19.2022 19.2022 0 2.8
158 2 19.1459 19.1459 19.1459 0 0.8
9 2 14.1818 14.1805 14.1811 0.000654222 0.666667
16 1 3.25388 3.25388 3.25388 0 2.66667
11 1 1.37054 1.37054 1.37054 0 3.16667
13 1 1.32562 1.32562 1.32562 0 2.66667
27 1 1.22579 1.22579 1.22579 0 2.66667
6 1 1.22429 1.22429 1.22429 0 2.66667
18 1 1.22429 1.22429 1.22429 0 2.66667
166 1 1.22429 1.22429 1.22429 0 2.8
14 1 1.22429 1.22429 1.22429 0 2.66667
10 1 1.22427 1.22427 1.22427 0 2.66667
23 1 1.22415 1.22415 1.22415 0 0.666667
33 1 1.22413 1.22413 1.22413 0 3.16667
242 1 0.075924 0.075924 0.075924 0 4.38889
243 1 2.65805e-05 2.65805e-05 2.65805e-05 0 3.38889
155 1 1e-08 1e-08 1e-08 0 3.38889
233 1 1e-08 1e-08 1e-08 0 4.35714
234 1 1e-08 1e-08 1e-08 0 2.88889
241 1 1e-08 1e-08 1e-08 0 2.90909

240 9 16.6272 16.6272 16.6272 3.55271e-15 2.88889
211 5 29.2449 29.2449 29.2449 0 2.90909
95 6 22.0204 22.0204 22.0204 0 0.857143
200 8 18.7425 0.00447347 16.3804 6.18951 3.38889
210 7 14.5066 12.907 13.5456 0.71921 2.90909
149 7 2.21004 2.21004 11.2933 9.08325 2.8
225 7 2.92719 2.92719 11.0328 8.10558 4.35714
157 3 15.662 15.662 15.662 0 0.857143
147 3 15.5301 15.5301 15.5301 0 1.3
75 3 13.5099 13.5099 13.5099 0 3.66667
180 2 19.2022 19.2022 19.2022 0 2.8
158 2 19.1459 19.1459 19.1459 0 0.8
9 2 14.1818 14.1805 14.1811 0.000654222 0.666667
16 1 3.25388 3.25388 3.25388 0 2.66667
11 1 1.37054 1.37054 1.37054 0 3.16667
13 1 1.32562 1.32562 1.32562 0 2.66667
27 1 1.22579 1.22579 1.22579 0 2.66667
6 1 1.22429 1.22429 1.22429 0 2.66667
18 1 1.22429 1.22429 1.22429 0 2.66667
166 1 1.22429 1.22429 1.22429 0 2.8
14 1 1.22429 1.22429 1.22429 0 2.66667
10 1 1.22427 1.22427 1.22427 0 2.66667
23 1 1.22415 1.22415 1.22415 0 0.666667
33 1 1.22413 1.22413 1.22413 0 3.16667
242 1 0.075924 0.075924 0.075924 0 4.38889
243 1 2.65805e-05 2.65805e-05 2.65805e-05 0 3.38889
155 1 1e-08 1e-08 1e-08 0 3.38889
233 1 1e-08 1e-08 1e-08 0 4.35714
234 1 1e-08 1e-08 1e-08 0 2.88889
241 1 1e-08 1e-08 1e-08 0 2.90909

244 1 149.645 149.645 149.645 0 2.88889
225 7 21.3267 21.3267 21.3267 0 3.85714
149 7 20.2061 20.2061 20.2061 0 2.8
95 6 22.0204 22.0204 22.0204 0 0.857143
200 9 16.66 2.95339e-06 12.9862 6.83601 3.38889
210 7 14.5066 12.907 13.5456 0.71921 2.90909
240 7 2.82349 2.82349 12.6967 9.8732 2.88889
211 5 2.49867 2.43707 13.0685 10.6191 2.90909
157 3 15.662 15.662 15.662 0 0.857143
147 3 15.5301 15.5301 15.5301 0 1.3
75 3 13.5099 13.5099 13.5099 0 3.66667
180 2 19.2022 19.2022 19.2022 0 2.8
158 2 19.1459 19.1459 19.1459 0 0.8
9 2 14.1818 14.1805 14.1811 0.000654222 0.666667
16 1 3.25388 3.25388 3.25388 0 2.66667
11 1 1.37054 1.37054 1.37054 0 3.16667
13 1 1.32562 1.32562 1.32562 0 2.66667
27 1 1.22579 1.22579 1.22579 0 2.66667
14 1 1.22429 1.22429 1.22429 0 2.66667
6 1 1.22429 1.22429 1.22429 0 2.66667
18 1 1.22429 1.22429 1.22429 0 2.66667
166 1 1.22429 1.22429 1.22429 0 2.8
10 1 1.22427 1.22427 1.22427 0 2.66667
23 1 1.22415 1.22415 1.22415 0 0.666667
33 1 1.22413 1.22413 1.22413 0 3.16667
242 1 0.075924 0.075924 0.075924 0 4.38889
241 1 1e-08 1e-08 1e-08 0 2.90909
155 1 1e-08 1e-08 1e-08 0 3.38889
233 1 1e-08 1e-08 1e-08 0 4.35714
234 1 1e-08 1e-08 1e-08 0 2.88889

211 5 29.9841 29.2449 29.3927 0.295674 2.90909
149 7 20.2061 20.2061 20.2061 0 2.8
95 6 22.0204 22.0204 22.0204 0 0.857143
200 8 18.7425 3.32256e-06 16.3798 6.19099 3.38889
210 7 14.5066 12.907 13.5456 0.71921 2.90909
225 8 2.29672 2.29672 11.0659 8.76921 4.35714
244 6 2.9929 2.9929 12.3472 9.35435 2.88889
157 3 15.662 15.662 15.662 0 0.857143
147 3 15.5301 15.5301 15.5301 0 1.3
75 3 13.5099 13.5099 13.5099 0 3.66667
180 2 19.2022 19.2022 19.2022 0 2.8
158 2 19.1459 19.1459 19.1459 0 0.8
9 2 14.1818 14.1805 14.1811 0.000654222 0.666667
16 1 3.25388 3.25388 3.25388 0 2.66667
11 1 1.37054 1.37054 1.37054 0 3.16667
13 1 1.32562 1.32562 1.32562 0 2.66667
27 1 1.22579 1.22579 1.22579 0 2.66667
14 1 1.22429 1.22429 1.22429 0 2.66667
6 1 1.22429 1.22429 1.22429 0 2.66667
18 1 1.22429 1.22429 1.22429 0 2.66667
166 1 1.22429 1.22429 1.22429 0 2.8
10 1 1.22427 1.22427 1.22427 0 2.66667
23 1 1.22415 1.22415 1.22415 0 0.666667
33 1 1.22413 1.22413 1.22413 0 3.16667
242 1 0.075924 0.075924 0.075924 0 4.38889
245 1 0.0357877 0.0357877 0.0357877 0 3.38889
241 1 1e-08 1e-08 1e-08 0 2.90909
155 1 1e-08 1e-08 1e-08 0 3.38889
233 1 1e-08 1e-08 1e-08 0 4.35714
234 1 1e-08 1e-08 1e-08 0 2.88889

225 8 18.6608 18.6608 18.6608 0 4.35714
95 6 22.0204 22.0204 22.0204 0 0.857143
244 7 21.3778 1.42857e-09 18.3239 7.48068 2.88889
200 9 16.66 2.95339e-06 12.9425 6.91701 3.38889
149 9 2.39733 2.39733 10.9142 8.51689 2.8
210 7 14.5066 12.907 13.5456 0.71921 2.90909
211 6 2.88308 2.81201 11.9821 9.13464 2.90909
157 3 15.662 15.662 15.662 0 0.857143
147 3 15.5301 15.5301 15.5301 0 1.3
75 3 13.5099 13.5099 13.5099 0 3.66667
180 2 19.2022 19.2022 19.2022 0 2.8
158 2 19.1459 19.1459 19.1459 0 0.8
9 2 14.1818 14.1805 14.1811 0.000654222 0.666667
16 1 3.25388 3.25388 3.25388 0 2.66667
11 1 1.37054 1.37054 1.37054 0 3.16667
13 1 1.32562 1.32562 1.32562 0 2.66667
27 1 1.22579 1.22579 1.22579 0 2.66667
14 1 1.22429 1.22429 1.22429 0 2.66667
6 1 1.22429 1.22429 1.22429 0 2.66667
18 1 1.22429 1.22429 1.22429 0 2.66667
166 1 1.22429 1.22429 1.22429 0 2.8
10 1 1.22427 1.22427 1.22427 0 2.66667
23 1 1.22415 1.22415 1.22415 0 0.666667
33 1 1.22413 1.22413 1.22413 0 3.16667
242 1 0.075924 0.075924 0.075924 0 4.38889
246 1 0.0478999 0.0478999 0.0478999 0 2.90909
155 1 1e-08 1e-08 1e-08 0 3.38889
233 1 1e-08 1e-08 1e-08 0 4.35714
234 1 1e-08 1e-08 1e-08 0 2.88889

