5 1 0.0522538 0.0522538 0.0522538 0 2
1 1 1e-08 1e-08 1e-08 0 0
2 1 1e-08 1e-08 1e-08 0 2
3 1 1e-08 1e-08 1e-08 0 2
4 1 1e-08 1e-08 1e-08 0 2

5 96 1.42446 0.0522538 0.128049 0.126752 2
1 1 2e-09 2e-09 1e-08 8e-09 0
2 1 1e-08 1e-08 1e-08 0 2
3 1 5e-09 5e-09 1e-08 5e-09 2
4 1 1e-08 1e-08 1e-08 0 2

1 3 1.22531 1e-08 0.408437 0.333488 0
5 31 0.229992 0.00843682 0.186984 0.182353 2
2 1 5e-09 5e-09 1e-08 5e-09 2
3 1 5e-09 5e-09 1e-08 5e-09 2
4 1 1e-08 1e-08 1e-08 0 2

5 59 1.42446 1e-08 0.816942 0.803154 2.66667
1 30 0.505582 4.10959e-09 0.354022 0.342306 0
2 1 1e-08 1e-08 1e-08 0 2
3 1 5e-09 5e-09 1e-08 5e-09 2
4 1 5e-09 5e-09 1e-08 5e-09 2

17 1 1.25198 1.25198 1.25198 0 2.66667
13 4 1.22429 1.22429 1.22429 0.918221 2.66667
11 3 1.22429 1.22429 1.22429 0.816196 2.66667
15 2 1.22415 1.22415 1.22415 0.612073 2.66667
12 7 1.22429 1e-08 1.0494 0.901561 2.66667
10 7 1.22429 1e-08 1.04936 0.901534 2.66667
9 7 0.952229 0.952229 1.00498 0.868949 2.66667
7 7 0.779096 0.77904 1.00166 0.890359 2.66667
6 7 0.586544 0.504091 0.99251 0.913785 2.66667
14 5 1.22415 1e-08 0.979317 0.78955 2.66667
5 5 0.0749063 0.0738289 0.742414 0.727562 2
8 5 1.22429 1e-08 0.734577 0.599779 2.66667
1 1 0.0473173 0.0473173 0.14598 0.0986631 0.8
16 1 0.0261269 0.0261269 0.0522538 0.0261269 2.5
18 1 0.0521023 0.0521023 0.0521023 0 2.8
4 1 3.33333e-09 3.33333e-09 1e-08 6.66667e-09 2.66667
3 1 1e-08 1e-08 1e-08 0 2
2 1 3.33333e-09 3.33333e-09 1e-08 6.66667e-09 2
19 1 1e-08 1e-08 1e-08 0 2.8

7 10 5.11507 0.612147 1.51151 1.41089 2.66667
6 8 1.42446 1.22422 1.34937 1.18076 2.66667
1 1 1.23025 1.23025 1.23025 0 0.8
9 8 0.816196 0.816196 1.22429 1.12227 2.66667
17 8 1.11287 1.11287 1.17905 1.03994 2.66667
13 8 0.544131 0.544131 1.11584 1.04783 2.66667
15 7 0.659155 0.659155 1.03984 0.945672 2.66667
10 7 0.659235 0.659205 1.03591 0.941733 2.66667
11 7 0.714172 0.714172 0.974687 0.872662 2.66667
12 6 0.432104 0.432104 0.945449 0.873432 2.66667
14 6 0.489658 0.489658 0.897707 0.816097 2.66667
2 3 1.25843 1e-08 0.838951 0.593228 2
5 2 0.124032 0.124032 0.382752 0.320736 2.66667
21 1 0.0500041 0.0500041 0.0500041 0 0.8
4 1 1e-08 1e-08 1e-08 0 2
3 1 1e-08 1e-08 1e-08 0 2
20 1 1e-08 1e-08 1e-08 0 0.666667
22 1 1e-08 1e-08 1e-08 0 0.666667
23 1 1e-08 1e-08 1e-08 0 2.66667

7 12 4.54673 0.544131 2.03745 1.91775 2.66667
5 2 1.24032 1.24032 1.24032 0.620162 2.66667
12 6 1.22429 1.22429 1.22429 1.02025 2.66667
11 7 1.07126 1.07126 1.22429 1.07126 2.66667
10 7 0.535629 0.535629 1.22426 1.14774 2.66667
14 6 1.22415 1.22415 1.22415 1.02012 2.66667
17 7 0.398356 0.398356 1.19798 1.14107 2.66667
6 7 0.623203 0.623203 1.19635 1.10732 2.66667
13 7 0.535629 0.535629 1.15103 1.07451 2.66667
15 7 0.571268 0.571268 1.14254 1.06093 3.16667
9 7 0.978237 0.342802 1.12127 1.05981 2.66667
1 5 0.364949 0.361838 0.945127 0.872503 0.8
2 3 1.25843 1e-08 0.838951 0.593228 2
21 1 0.0500041 0.0500041 0.0500041 0 0.8
4 1 5e-09 5e-09 1e-08 5e-09 2.66667
3 1 5e-09 5e-09 1e-08 5e-09 2
20 1 1e-08 1e-08 1e-08 0 0.666667
22 1 1e-08 1e-08 1e-08 0 0.666667
24 1 1e-08 1e-08 1e-08 0 2.66667

7 19 6.27008 0.750374 3.34083 3.1889 2.66667
9 6 3.4937 1.22429 1.60253 1.34286 2.66667
17 7 0.747853 0.674141 1.26251 1.1647 2.66667
1 5 1.23621 1.23025 1.23369 0.98695 0.8
25 1 1.22429 1.22429 1.22429 0 2.66667
13 7 1.22429 1.22429 1.22429 1.0494 2.66667
15 7 1.22415 1.22415 1.22415 1.04927 2.66667
14 6 0.432052 0.432052 1.0832 1.0112 2.66667
6 6 0.449831 0.449831 1.07616 1.00119 2.66667
5 6 1.16866 0.826883 1.06495 0.917207 2.66667
11 5 0.244859 0.244859 1.00302 0.954052 2.66667
10 5 0.291499 0.291499 0.996074 0.937774 2.66667
12 4 0.257746 0.257746 0.843178 0.778741 2.66667
21 1 0.0500041 0.0500041 0.0500041 0 0.8
2 1 1e-08 1e-08 1e-08 0 2
4 1 1e-08 1e-08 1e-08 0 2
3 1 5e-09 5e-09 1e-08 5e-09 2
20 1 1e-08 1e-08 1e-08 0 0.666667
22 1 1e-08 1e-08 1e-08 0 0.666667
24 1 1e-08 1e-08 1e-08 0 2.66667
26 1 1e-08 1e-08 1e-08 0 0.666667

7 21 5.23983 0.712434 3.73007 3.57412 2.66667
9 11 7.02152 0.517971 1.94502 1.83604 2.66667
6 8 1.42446 1.42446 1.42446 1.24641 2.66667
12 4 1.22429 1.22429 1.22429 0.918221 2.66667
10 5 1.22429 1.22429 1.22429 0.979436 2.66667
11 5 1.22429 1.22429 1.22429 0.979436 2.66667
15 6 0.367244 0.367244 1.16294 1.10173 2.66667
5 6 1.50256 1.06314 1.14154 0.951668 2.66667
14 6 0.524634 0.524634 1.13671 1.04927 2.66667
13 6 0.45911 0.45911 1.07126 0.994739 2.66667
17 5 0.434022 0.391242 1.03578 0.954119 2.66667
1 4 0.27628 0.274456 0.866759 0.79787 0.8
4 1 0.31461 0.31461 0.31461 7.5e-09 2.8
21 1 0.0500041 0.0500041 0.0500041 0 0.8
25 1 5e-09 5e-09 1e-08 5e-09 2.66667
3 1 1e-08 1e-08 1e-08 0 2
20 1 1e-08 1e-08 1e-08 0 0.666667
22 1 1e-08 1e-08 1e-08 0 0.666667
24 1 1e-08 1e-08 1e-08 0 2.66667
26 1 1e-08 1e-08 1e-08 0 0.666667

7 23 5.22874 4.77553 5.58005 5.3688 2.66667
9 12 9.05254 0.667797 2.87557 2.68956 2.66667
5 5 0.796812 0.572012 1.38343 1.24225 2.66667
6 5 0.356116 0.356116 1.29368 1.22246 2.66667
28 1 1.25198 1.25198 1.25198 0 2.66667
1 4 1.24428 1.23505 1.23794 0.928456 0.857143
25 3 1.22431 1.22429 1.2243 0.816202 2.66667
13 5 1.02025 1.02025 1.22429 1.02025 2.66667
14 5 0.87439 0.87439 1.22415 1.04927 2.66667
27 1 1.22415 1.22415 1.22415 0 2.66667
15 4 0.445144 0.445144 1.11761 1.00633 2.66667
17 4 0.925914 0.834651 1.09002 0.869754 2
11 4 0.376706 0.376706 0.947593 0.853417 0.666667
10 3 0.19331 0.19331 0.914993 0.850556 2.66667
12 3 0.282529 0.282529 0.87049 0.776314 2.66667
31 1 0.0519948 0.0519948 0.0519948 0 2.8
21 1 0.0500041 0.0500041 0.0500041 0 0.8
29 1 0.00796638 0.00796638 0.00796638 0 2.66667
22 1 1e-08 1e-08 1e-08 0 0.666667
24 1 1e-08 1e-08 1e-08 0 2.66667
26 1 1e-08 1e-08 1e-08 0 0.666667
20 1 1e-08 1e-08 1e-08 0 0.666667
3 1 2.5e-09 2.5e-09 1e-08 7.5e-09 2.66667
30 1 1e-08 1e-08 1e-08 0 2.66667
32 1 1e-08 1e-08 1e-08 0 2.8

7 31 5.37516 4.90926 8.10193 7.93844 2.66667
9 12 6.03503 0.445203 3.21742 3.00914 2.66667
5 5 0.818936 0.796812 1.30431 1.14407 2.66667
28 4 0.617276 0.556434 1.26719 1.12429 2.66667
12 3 1.22429 1.22429 1.22429 0.816196 2.66667
10 3 1.22429 1.22429 1.22429 0.816196 2.66667
11 4 1.22429 1.22429 1.22429 0.918221 2.66667
14 4 0.489658 0.489658 1.22415 1.10173 2.66667
1 4 0.820467 0.497304 1.19819 1.05422 0.857143
13 4 0.408098 0.408098 1.12663 1.0246 2.66667
6 4 0.633095 0.633095 1.11874 0.960464 2.8
27 4 0.816097 0.816097 1.02012 0.816097 2.66667
17 3 1.38887 1e-08 0.882437 0.62423 2.8
15 2 1.22415 1e-08 0.612073 0.432801 2.66667
25 1 0.306074 0.306074 0.444977 0.138904 2.66667
34 1 0.0522746 0.0522746 0.0522746 0 2.8
35 1 0.0522728 0.0522728 0.0522728 0 2.8
31 1 0.0519948 0.0519948 0.0519948 0 2.8
21 1 0.0500041 0.0500041 0.0500041 0 0.8
29 1 0.00796638 0.00796638 0.00796638 0 2.66667
37 1 1e-08 1e-08 1e-08 0 0.666667
36 1 1e-08 1e-08 1e-08 0 2.66667
33 1 1e-08 1e-08 1e-08 0 2.8
32 1 1e-08 1e-08 1e-08 0 2.8
3 1 1e-08 1e-08 1e-08 0 2
20 1 1e-08 1e-08 1e-08 0 0.666667
26 1 1e-08 1e-08 1e-08 0 0.666667
24 1 1e-08 1e-08 1e-08 0 2.66667

7 28 3.87086 3.55452 8.38623 8.25121 2.66667
9 22 14.6048 1.07738 6.68243 6.38696 2.66667
5 5 0.750691 0.730411 1.47732 1.32881 2.66667
1 4 2.05791 1.24326 1.44692 1.08877 0.857143
6 4 1.42446 1.42446 1.42446 1.06835 2.66667
13 4 1.22429 1.22429 1.22429 0.918221 2.66667
14 4 0.979317 0.979317 1.22415 0.979317 2.66667
27 4 1.22415 1.22415 1.22415 0.918109 2.66667
15 1 1.22415 1.22415 1.22415 0 2.66667
12 3 0.244859 0.244859 1.14267 1.06106 2.66667
28 3 0.231478 0.231478 1.13889 1.06173 2.66667
11 3 0.524698 0.524698 1.05686 0.881964 2.66667
10 3 0.408098 0.408098 0.952229 0.816196 2.66667
25 2 1.22429 1e-08 0.612147 0.432853 2.66667
34 1 0.0522746 0.0522746 0.0522746 0 2.8
35 1 0.0522728 0.0522728 0.0522728 0 2.8
21 1 0.0500041 0.0500041 0.0500041 0 0.8
29 1 0.00796638 0.00796638 0.00796638 0 2.66667
37 1 1e-08 1e-08 1e-08 0 0.666667
33 1 1e-08 1e-08 1e-08 0 2.8
32 1 1e-08 1e-08 1e-08 0 2.8
3 1 1e-08 1e-08 1e-08 0 2
20 1 1e-08 1e-08 1e-08 0 0.666667
26 1 1e-08 1e-08 1e-08 0 0.666667
24 1 1e-08 1e-08 1e-08 0 2.66667

7 28 3.92389 3.92389 8.75272 8.61258 2.66667
9 27 12.4472 2.62028 8.31423 8.01702 2.66667
5 5 1.00092 1.00092 1.59645 1.39626 2.66667
28 3 1.38887 1.38887 1.38887 0.925914 2.66667
6 4 0.438297 0.438297 1.31489 1.20532 2.66667
12 3 1.22429 1.22429 1.22429 0.816196 2.66667
11 3 1.22429 1.22429 1.22429 0.816196 0.666667
10 3 1.22429 1.22429 1.22429 0.816196 2.66667
27 4 0.979317 0.979317 1.22415 0.979317 2.66667
13 3 0.333898 0.333898 1.11299 1.0017 2.66667
1 3 0.617374 0.373285 1.03131 0.8537 0.857143
14 3 0.734488 0.734488 0.979317 0.734488 2.66667
25 3 0.282535 0.282532 0.945789 0.851611 2.66667
34 1 0.0522746 0.0522746 0.0522746 0 2.8
35 1 0.0522728 0.0522728 0.0522728 0 2.8
21 1 0.0500041 0.0500041 0.0500041 0 0.8
29 1 0.00796638 0.00796638 0.00796638 0 2.66667
37 1 1e-08 1e-08 1e-08 0 0.666667
33 1 1e-08 1e-08 1e-08 0 2.8
32 1 1e-08 1e-08 1e-08 0 2.8
3 1 1e-08 1e-08 1e-08 0 2
20 1 1e-08 1e-08 1e-08 0 0.666667

9 28 7.14922 7.14919 9.37455 9.11922 2.66667
7 28 4.62006 4.62006 9.2543 9.08929 2.66667
5 5 0.643449 0.643449 1.80095 1.67226 2.66667
1 3 2.05182 1.24326 1.78208 1.19482 0.857143
25 3 1.22432 1.22431 1.22431 0.816207 2.66667
12 3 0.918221 0.918221 1.22429 0.918221 2.66667
11 3 1.22429 1.22429 1.22429 0.816196 2.66667
10 3 1.22429 1.22429 1.22429 0.816196 2.66667
13 3 1.22429 1.22429 1.22429 0.816196 2.66667
27 3 0.918109 0.918109 1.22415 0.918109 2.66667
14 3 1.22415 1.22415 1.22415 0.816097 2.66667
6 3 0.427339 0.427339 1.13957 0.997125 2.66667
28 2 0.231478 0.231478 0.820215 0.704476 2.66667
34 1 0.0522746 0.0522746 0.0522746 0 2.8
35 1 0.0522728 0.0522728 0.0522728 0 2.8
47 1 0.0520392 0.0520392 0.0520392 0 2.8
21 1 0.0500041 0.0500041 0.0500041 0 0.8
29 1 1e-08 1e-08 1e-08 0 2.66667
37 1 1e-08 1e-08 1e-08 0 0.666667
33 1 1e-08 1e-08 1e-08 0 2.8
32 1 1e-08 1e-08 1e-08 0 2.8
3 1 1e-08 1e-08 1e-08 0 2.66667
20 1 1e-08 1e-08 1e-08 0 0.666667
48 1 1e-08 1e-08 1e-08 0 2.66667

51 2 16.5978 16.5963 16.597 8.29852 0.8
9 26 5.91105 5.91102 14.1879 13.9606 2.66667
7 16 2.44302 2.44302 8.87783 8.72514 2.66667
1 3 1.23759 1.2307 1.72979 1.31819 0.857143
5 2 0.240221 0.240221 1.48214 1.36203 2.66667
6 2 0.949643 0.949643 1.42446 0.949643 2.66667
28 2 1.38887 1.38887 1.38887 0.694435 2.66667
12 2 0.816196 0.816196 1.22429 0.816196 2.66667
11 2 0.816196 0.816196 1.22429 0.816196 2.66667
10 2 0.816196 0.816196 1.22429 0.816196 2.66667
13 2 0.816196 0.816196 1.22429 0.816196 2.66667
27 2 0.816097 0.816097 1.22415 0.816097 2.66667
14 2 0.816097 0.816097 1.22415 0.816097 2.66667
25 1 0.408106 0.408106 0.408106 6.66667e-09 2.66667
34 1 0.0522746 0.0522746 0.0522746 0 2.8
35 1 0.0522728 0.0522728 0.0522728 0 2.8
47 1 0.0520392 0.0520392 0.0520392 0 2.8
21 1 0.0500041 0.0500041 0.0500041 0 0.8
29 1 1e-08 1e-08 1e-08 0 2.66667
37 1 1e-08 1e-08 1e-08 0 0.666667
33 1 1e-08 1e-08 1e-08 0 2.8
32 1 1e-08 1e-08 1e-08 0 2.8
20 1 1e-08 1e-08 1e-08 0 0.666667
48 1 1e-08 1e-08 1e-08 0 2.66667
50 1 1e-08 1e-08 1e-08 0 2.66667
52 1 1e-08 1e-08 1e-08 0 2.8
53 1 1e-08 1e-08 1e-08 0 2.8

58 1 16.5959 16.5959 16.5959 0 1.16667
9 21 5.90937 5.90717 15.1899 14.9086 2.66667
51 20 6.63989 6.63856 14.1295 13.7976 0.666667
7 12 4.38446 4.38434 8.40613 8.04077 2.66667
1 2 1.3751 1.3751 2.05883 1.37127 0.857143
5 2 1.80166 1.80166 1.80166 0.900829 2.66667
28 2 1.38887 1.38887 1.38887 0.694435 2.66667
25 1 1.22432 1.22432 1.22432 0 2.66667
13 1 0.612147 0.612147 1.22429 0.612147 2.66667
10 1 0.612147 0.612147 1.22429 0.612147 2.66667
11 1 0.612147 0.612147 1.22429 0.612147 2.66667
12 1 0.612147 0.612147 1.22429 0.612147 2.66667
27 1 0.612073 0.612073 1.22415 0.612073 2.66667
14 1 0.612073 0.612073 1.22415 0.612073 2.66667
6 1 0.474821 0.474821 0.966989 0.492168 2.66667
54 1 0.0522756 0.0522756 0.0522756 0 2.8
34 1 0.0522746 0.0522746 0.0522746 0 2.8
35 1 0.0522728 0.0522728 0.0522728 0 2.8
21 1 0.0500041 0.0500041 0.0500041 0 0.8
56 1 0.0270432 0.0270432 0.0270432 0 2.8
29 1 5e-09 5e-09 1e-08 5e-09 2.66667
37 1 1e-08 1e-08 1e-08 0 0.666667
33 1 1e-08 1e-08 1e-08 0 2.8
32 1 1e-08 1e-08 1e-08 0 2.8
20 1 1e-08 1e-08 1e-08 0 0.666667
50 1 1e-08 1e-08 1e-08 0 2.66667
52 1 1e-08 1e-08 1e-08 0 2.8
53 1 5e-09 5e-09 1e-08 5e-09 2.8
55 1 1e-08 1e-08 1e-08 0 3.16667
57 1 1e-08 1e-08 1e-08 0 2.66667
59 1 1e-08 1e-08 1e-08 0 2.8

58 15 2.59371 2.5934 15.0983 14.9254 0.666667
9 13 5.53567 5.53211 13.196 12.7704 2.66667
51 4 16.5981 0.0521857 12.4607 9.51563 0.666667
60 1 10.2304 10.2304 10.2304 0 2.66667
7 9 10.2301 10.2301 10.2301 9.09346 2.66667
35 2 16.6222 0.0522728 8.33723 5.87686 3.16667
54 2 10.2301 0.0522756 5.14121 3.61695 2.66667
29 2 10.2301 1e-08 5.11507 3.6169 2.66667
1 2 2.06266 2.06266 2.06266 1.03133 0.857143
5 1 0.900829 0.900829 1.80166 0.900829 2.66667
6 1 1.42446 1.42446 1.42446 0 2.66667
28 1 0.694435 0.694435 1.38887 0.694435 2.66667
13 1 1.22429 1.22429 1.22429 0 2.66667
10 1 1.22429 1.22429 1.22429 0 2.66667
11 1 1.22429 1.22429 1.22429 0 0.666667
12 1 1.22429 1.22429 1.22429 0 2.66667
27 1 1.22415 1.22415 1.22415 0 2.66667
14 1 1.22415 1.22415 1.22415 0 2.66667
25 1 0.612159 0.612159 0.62568 0.0135216 2.66667
34 1 0.0522746 0.0522746 0.0522746 0 2.8
21 1 0.0500041 0.0500041 0.0500041 0 0.8
37 1 1e-08 1e-08 1e-08 0 0.666667
33 1 1e-08 1e-08 1e-08 0 2.8
32 1 1e-08 1e-08 1e-08 0 2.8
20 1 1e-08 1e-08 1e-08 0 0.666667
50 1 5e-09 5e-09 1e-08 5e-09 2.66667
52 1 1e-08 1e-08 1e-08 0 2.8
53 1 1e-08 1e-08 1e-08 0 2.8
55 1 1e-08 1e-08 1e-08 0 3.16667
59 1 1e-08 1e-08 1e-08 0 2.8
61 1 1e-08 1e-08 1e-08 0 1.3
62 1 1e-08 1e-08 1e-08 0 0.666667

9 22 16.6253 1e-08 15.8446 15.1252 2.66667
58 19 7.62932 4.20484 13.2806 13.0498 0.666667
60 13 4.03016 4.03005 8.68019 8.37018 2.66667
63 2 16.5963 1e-08 8.29816 5.86769 0.8
7 4 10.2301 0.0260374 5.13465 4.05621 2.66667
1 2 2.05182 2.05182 2.05182 1.02591 0.857143
5 1 1.80166 1.80166 1.80166 0 2.66667
6 1 1.42446 1.42446 1.42446 0 2.66667
28 1 1.38887 1.38887 1.38887 0 2.66667
25 1 1.22432 1.22432 1.22432 0 2.66667
13 1 1.22429 1.22429 1.22429 0 2.66667
10 1 1.22429 1.22429 1.22429 0 2.66667
11 1 1.22429 1.22429 1.22429 0 0.666667
12 1 1.22429 1.22429 1.22429 0 2.66667
27 1 1.22415 1.22415 1.22415 0 2.66667
14 1 1.22415 1.22415 1.22415 0 2.66667
34 1 0.0522746 0.0522746 0.0522746 0 2.8
21 1 0.0500041 0.0500041 0.0500041 0 0.8
35 1 0.0104546 0.0104546 0.036772 0.0263174 2.8
54 1 0.0104551 0.0104551 0.0313654 0.0209102 2.8
66 1 1e-08 1e-08 1e-08 0 2.8
65 1 1e-08 1e-08 1e-08 0 2.66667
64 1 1e-08 1e-08 1e-08 0 2.8
61 1 1e-08 1e-08 1e-08 0 1.3
59 1 1e-08 1e-08 1e-08 0 2.8
55 1 1e-08 1e-08 1e-08 0 3.16667
53 1 1e-08 1e-08 1e-08 0 2.8
52 1 1e-08 1e-08 1e-08 0 2.8
50 1 1e-08 1e-08 1e-08 0 2.66667
20 1 1e-08 1e-08 1e-08 0 0.666667
32 1 1e-08 1e-08 1e-08 0 2.8
33 1 1e-08 1e-08 1e-08 0 2.8
37 1 1e-08 1e-08 1e-08 0 0.666667

68 2 16.6025 16.5963 16.5994 8.29971 2.66667
58 17 12.7992 7.0544 15.9214 15.4867 2.66667
9 15 4.61815 4.61009 14.3367 14.0292 2.66667
35 6 16.6253 1e-08 11.0779 9.32298 3.16667
67 5 10.2304 1e-08 8.18416 6.59828 2.8
60 7 2.31023 2.31009 7.26614 6.93613 2.8
63 5 8.29816 5e-09 4.9789 4.06525 0.8
1 1 0.228912 0.228912 1.83273 1.60381 0.857143
5 1 1.80166 1.80166 1.80166 0 2.66667
6 1 1.42446 1.42446 1.42446 0 2.66667
28 1 1.38887 1.38887 1.38887 0 2.66667
25 1 1.22432 1.22432 1.22432 0 2.66667
13 1 1.22429 1.22429 1.22429 0 2.66667
10 1 1.22429 1.22429 1.22429 0 2.66667
11 1 1.22429 1.22429 1.22429 0 0.666667
12 1 1.22429 1.22429 1.22429 0 2.66667
14 1 1.22415 1.22415 1.22415 0 2.66667
27 1 1.22415 1.22415 1.22415 0 2.66667
54 1 0.0522756 0.0522756 0.0522756 0 2.8
34 1 0.0522746 0.0522746 0.0522746 0 2.8
21 1 0.0500041 0.0500041 0.0500041 0 0.8
73 1 1e-08 1e-08 1e-08 0 2.8
72 1 1e-08 1e-08 1e-08 0 2.8
71 1 1e-08 1e-08 1e-08 0 2.8
70 1 1e-08 1e-08 1e-08 0 2.66667
69 1 5e-09 5e-09 1e-08 5e-09 0.857143
37 1 1e-08 1e-08 1e-08 0 0.666667
33 1 1e-08 1e-08 1e-08 0 2.8
32 1 1e-08 1e-08 1e-08 0 2.8
20 1 1e-08 1e-08 1e-08 0 0.666667
50 1 1e-08 1e-08 1e-08 0 2.66667
52 1 1e-08 1e-08 1e-08 0 2.8
53 1 5e-09 5e-09 1e-08 5e-09 2.8
55 1 1e-08 1e-08 1e-08 0 3.16667
59 1 1e-08 1e-08 1e-08 0 2.8
61 1 1e-08 1e-08 1e-08 0 1.3
64 1 1e-08 1e-08 1e-08 0 2.8
65 1 1e-08 1e-08 1e-08 0 2.66667

58 14 16.6253 1e-08 14.2295 13.2196 1.16667
68 14 4.68467 2.58291 13.999 13.7931 2.8
9 5 16.5963 1e-08 13.2771 10.7043 2.66667
67 10 4.65057 4.65018 10.2186 9.75355 2.66667
63 5 16.5963 1e-08 9.9578 8.13051 0.8
76 2 16.5963 0.0522586 8.32429 5.86772 1.3
35 2 16.5986 1e-08 8.29928 5.86848 0.666667
1 1 2.06021 2.06021 2.06021 0 0.857143
5 1 1.80166 1.80166 1.80166 0 2.66667
6 1 1.42446 1.42446 1.42446 0 2.66667
28 1 1.38887 1.38887 1.38887 0 2.66667
25 1 1.22432 1.22432 1.22432 0 2.66667
13 1 1.22429 1.22429 1.22429 0 2.66667
10 1 1.22429 1.22429 1.22429 0 2.66667
11 1 1.22429 1.22429 1.22429 0 0.666667
12 1 1.22429 1.22429 1.22429 0 2.66667
14 1 1.22415 1.22415 1.22415 0 2.66667
27 1 1.22415 1.22415 1.22415 0 2.66667
61 1 0.0540688 0.0540688 0.0540688 5e-09 1.16667
54 1 0.0522756 0.0522756 0.0522756 0 2.8
34 1 0.0522746 0.0522746 0.0522746 0 2.8
21 1 0.0500041 0.0500041 0.0500041 0 0.8
77 1 0.0448836 0.0448836 0.0448836 0 2.8
75 1 0.000645663 0.000645663 0.00064567 6.66667e-09 2.66667
84 1 1e-08 1e-08 1e-08 0 2.8
83 1 1e-08 1e-08 1e-08 0 1.16667
82 1 1e-08 1e-08 1e-08 0 1.16667
81 1 1e-08 1e-08 1e-08 0 2.8
80 1 1e-08 1e-08 1e-08 0 2.66667
79 1 1e-08 1e-08 1e-08 0 2.66667
78 1 1e-08 1e-08 1e-08 0 2.8
74 1 3.33333e-09 3.33333e-09 1e-08 6.66667e-09 2.8
65 1 1e-08 1e-08 1e-08 0 2.66667
64 1 1e-08 1e-08 1e-08 0 2.8
59 1 1e-08 1e-08 1e-08 0 2.8
55 1 1e-08 1e-08 1e-08 0 3.16667
53 1 1e-08 1e-08 1e-08 0 2.8
52 1 1e-08 1e-08 1e-08 0 2.8
50 1 5e-09 5e-09 1e-08 5e-09 2.8
20 1 1e-08 1e-08 1e-08 0 0.666667
32 1 1e-08 1e-08 1e-08 0 2.8
33 1 1e-08 1e-08 1e-08 0 2.8
37 1 1e-08 1e-08 1e-08 0 0.666667
69 1 1e-08 1e-08 1e-08 0 0.857143
70 1 5e-09 5e-09 1e-08 5e-09 2.66667
71 1 1e-08 1e-08 1e-08 0 2.8
72 1 1e-08 1e-08 1e-08 0 2.8
73 1 1e-08 1e-08 1e-08 0 2.8

58 18 6.69239 3.69045 13.9767 13.7255 0.666667
9 10 16.5963 1e-08 13.2823 11.9724 2.66667
63 13 12.6915 7.64706e-09 10.0647 9.29802 0.8
67 10 3.9351 3.93477 7.8935 7.50002 2.66667
68 5 16.6253 1e-08 6.66034 5.57072 2.8
85 5 16.5963 1e-08 6.63853 5.55419 2.8
1 1 2.05182 2.05182 2.05182 0 0.857143
5 1 1.80166 1.80166 1.80166 0 2.66667
6 1 1.42446 1.42446 1.42446 0 2.66667
28 1 1.38887 1.38887 1.38887 0 2.66667
25 1 1.22432 1.22432 1.22432 0 2.66667
13 1 1.22429 1.22429 1.22429 0 2.66667
10 1 1.22429 1.22429 1.22429 0 2.66667
11 1 1.22429 1.22429 1.22429 0 0.666667
12 1 1.22429 1.22429 1.22429 0 2.66667
27 1 1.22415 1.22415 1.22415 0 2.66667
14 1 1.22415 1.22415 1.22415 0 2.66667
34 1 0.0522746 0.0522746 0.0522746 0 2.8
21 1 0.0500041 0.0500041 0.0500041 0 0.8
54 1 0.0261378 0.0261378 0.0320497 0.00591191 2.66667
86 1 0.00653273 0.00653273 0.00653274 8.75e-09 3.16667
87 1 5e-09 5e-09 1e-08 5e-09 2.66667
73 1 1e-08 1e-08 1e-08 0 2.8
72 1 1e-08 1e-08 1e-08 0 2.8
71 1 1e-08 1e-08 1e-08 0 2.8
70 1 1e-08 1e-08 1e-08 0 2.66667
37 1 1e-08 1e-08 1e-08 0 0.666667
33 1 1e-08 1e-08 1e-08 0 2.8
32 1 1e-08 1e-08 1e-08 0 2.8
20 1 1e-08 1e-08 1e-08 0 0.666667
50 1 3.33333e-09 3.33333e-09 1e-08 6.66667e-09 2.66667
52 1 1e-08 1e-08 1e-08 0 2.8
53 1 1e-08 1e-08 1e-08 0 2.8
55 1 1e-08 1e-08 1e-08 0 3.16667
59 1 1e-08 1e-08 1e-08 0 2.8
64 1 1e-08 1e-08 1e-08 0 2.8
65 1 1e-08 1e-08 1e-08 0 2.66667
78 1 1e-08 1e-08 1e-08 0 2.8
81 1 5e-09 5e-09 1e-08 5e-09 2.8
82 1 1e-08 1e-08 1e-08 0 1.16667
84 1 5e-09 5e-09 1e-08 5e-09 3.16667
61 1 1e-08 1e-08 1e-08 0 1.16667

58 20 20.7708 11.4457 17.3792 16.6911 2.66667
68 18 12.9076 7.12515 15.3135 14.7935 3.16667
63 14 10.1125 10.1021 12.5135 11.7918 0.8
67 11 8.65703 8.65649 9.44756 8.6606 2.66667
85 9 5.33453 5.33453 7.71104 7.11831 3.16667
54 4 10.2312 1e-08 5.11562 4.04426 2.8
1 2 1.03144 1.03133 2.05939 1.5437 0.857143
91 1 1.9277 1.9277 1.9277 0 2.66667
5 1 1.80166 1.80166 1.80166 0 2.66667
6 1 1.42446 1.42446 1.42446 0 2.66667
28 1 1.38887 1.38887 1.38887 0 2.66667
25 1 1.22432 1.22432 1.22432 0 2.66667
13 1 1.22429 1.22429 1.22429 0 2.66667
10 1 1.22429 1.22429 1.22429 0 2.66667
11 1 1.22429 1.22429 1.22429 0 0.666667
12 1 1.22429 1.22429 1.22429 0 2.66667
27 1 1.22415 1.22415 1.22415 0 2.66667
14 1 1.22415 1.22415 1.22415 0 2.66667
92 1 0.102431 0.102431 0.102431 0 2.8
89 1 0.0470789 0.0470789 0.0582998 0.0112209 2.8
34 1 0.0522746 0.0522746 0.0522746 0 2.8
86 1 0.0261317 0.0261317 0.0522627 0.0261309 3.16667
21 1 0.0500041 0.0500041 0.0500041 0 0.8
9 1 0.0104524 0.0104524 0.0313571 0.0209047 2.66667
93 1 0.0270441 0.0270441 0.0270441 0 2.8
94 1 1e-08 1e-08 1e-08 0 2.8
90 1 5e-09 5e-09 1e-08 5e-09 2.66667
88 1 1e-08 1e-08 1e-08 0 0.857143
61 1 1e-08 1e-08 1e-08 0 1.16667
84 1 3.33333e-09 3.33333e-09 1e-08 6.66667e-09 2.8

58 21 7.71307 7.71257 18.9936 18.6264 3.16667
95 2 16.5963 16.5963 16.5963 8.29816 0.666667
63 16 7.1842 7.17679 14.4973 14.0486 0.857143
85 13 11.9862 11.9862 11.9921 11.0701 2.66667
67 9 9.42304 2.70822 8.27261 7.89226 2.66667
91 2 1.9277 1.72413 1.82591 0.914374 3.16667
5 1 1.80166 1.80166 1.80166 0 2.66667
1 1 0.412575 0.412575 1.64588 1.2333 0.857143
6 1 1.42446 1.42446 1.42446 0 2.66667
28 1 1.38887 1.38887 1.38887 0 2.66667
25 1 1.22432 1.22432 1.22432 0 2.66667
12 1 1.22429 1.22429 1.22429 0 2.66667
11 1 1.22429 1.22429 1.22429 0 0.666667
10 1 1.22429 1.22429 1.22429 0 2.66667
13 1 1.22429 1.22429 1.22429 0 2.66667
27 1 1.22415 1.22415 1.22415 0 2.66667
14 1 1.22415 1.22415 1.22415 0 2.66667
89 1 0.188316 0.188316 0.188316 0 2.8
96 1 0.174098 0.174098 0.174098 5e-09 2.66667
54 1 0.102431 0.102431 0.102431 0 2.8
34 1 0.0522746 0.0522746 0.0522746 0 2.8
86 1 0.0522635 0.0522635 0.0522635 0 2.8
21 1 0.0500041 0.0500041 0.0500041 0 0.8
88 1 1e-08 1e-08 1e-08 0 0.857143
61 1 1e-08 1e-08 1e-08 0 1.16667
84 1 1e-08 1e-08 1e-08 0 2.8
97 1 1e-08 1e-08 1e-08 0 3.3

58 24 14.173 14.1721 25.5991 25.0086 3.16667
95 18 86.2276 11.0642 19.2239 18.3567 1.16667
85 14 15.2833 8.6055 15.2451 14.5969 2.66667
63 14 5.81471 5.80878 14.9137 14.4986 0.8
67 10 32.362 9.30036 11.6076 10.4697 2.66667
101 1 2.78176 2.78176 2.78176 0 2.66667
1 1 2.06288 2.06288 2.06288 0 0.857143
5 1 1.80166 1.80166 1.80166 0 2.66667
6 1 1.42446 1.42446 1.42446 0 2.66667
28 1 1.38887 1.38887 1.38887 0 2.66667
25 1 1.22432 1.22432 1.22432 0 2.66667
12 1 1.22429 1.22429 1.22429 0 2.66667
11 1 1.22429 1.22429 1.22429 0 0.666667
10 1 1.22429 1.22429 1.22429 0 2.66667
13 1 1.22429 1.22429 1.22429 0 2.66667
14 1 1.22415 1.22415 1.22415 0 2.66667
27 1 1.22415 1.22415 1.22415 0 2.66667
91 1 0.642567 0.642567 1.21728 0.574708 2.66667
89 1 0.188316 0.188316 0.188316 0 2.8
54 1 0.102431 0.102431 0.102431 0 2.8
34 1 0.0522746 0.0522746 0.0522746 0 2.8
86 1 0.0522635 0.0522635 0.0522635 0 2.8
21 1 0.0500041 0.0500041 0.0500041 0 0.8
88 1 1e-08 1e-08 1e-08 0 0.857143
61 1 1e-08 1e-08 1e-08 0 1.16667
84 1 1e-08 1e-08 1e-08 0 2.8

103 1 129.341 129.341 129.341 0 2.8
58 10 6.412 6.40802 29.4729 28.8321 3.16667
106 2 30.1177 16.5962 23.3569 12.1579 2.66667
95 7 20.577 2.64042 21.2043 20.0541 2.66667
63 6 3.43749 3.43727 16.6049 16.032 0.8
85 5 4.4659 2.5146 15.1047 14.5246 2.83333
67 4 12.9448 3.72045 11.6123 10.1548 2.66667
101 2 11.0642 1.85451 6.46084 3.96756 2.66667
104 2 11.0642 6.66667e-09 5.53211 3.91179 2.85714
1 1 2.06288 2.06288 2.06288 0 0.857143
5 1 1.80166 1.80166 1.80166 0 2.66667
91 1 0.960331 0.960331 1.70084 0.740511 3.16667
6 1 1.42446 1.42446 1.42446 0 2.66667
28 1 1.38887 1.38887 1.38887 0 2.66667
25 1 1.22432 1.22432 1.22432 0 2.66667
12 1 1.22429 1.22429 1.22429 0 2.66667
11 1 1.22429 1.22429 1.22429 0 0.666667
10 1 1.22429 1.22429 1.22429 0 2.66667
13 1 1.22429 1.22429 1.22429 0 2.66667
27 1 1.22415 1.22415 1.22415 0 2.66667
14 1 1.22415 1.22415 1.22415 0 2.66667
89 1 0.188316 0.188316 0.188316 0 2.8
54 1 0.102431 0.102431 0.102431 0 2.8
34 1 0.0522746 0.0522746 0.0522746 0 2.8
86 1 0.0522635 0.0522635 0.0522635 0 2.8
105 1 0.0522548 0.0522548 0.0522548 0 2.66667
21 1 0.0500041 0.0500041 0.0500041 0 0.8
108 1 0.0247503 0.0247503 0.0247503 5e-09 2.66667
88 1 1e-08 1e-08 1e-08 0 0.857143
61 1 1e-08 1e-08 1e-08 0 1.16667
84 1 5e-09 5e-09 1e-08 5e-09 3.16667
107 1 1e-08 1e-08 1e-08 0 3.3
109 1 1e-08 1e-08 1e-08 0 2.8

103 47 92.1269 90.732 107.283 105.352 2.8
58 11 10.2491 7.36211 25.0538 24.3608 3.16667
63 6 16.6145 16.6135 16.6138 13.8448 1.3
106 2 16.5963 16.5963 16.5963 8.29816 2.66667
67 4 35.5982 10.2312 16.5743 12.7304 2.8
85 5 29.4749 1e-08 15.8528 12.8198 3.3
95 5 10.3743 10.3731 12.7957 10.721 0.666667
1 1 2.06288 2.06288 2.06288 0 0.857143
5 1 1.80166 1.80166 1.80166 0 2.66667
6 1 1.42446 1.42446 1.42446 0 2.66667
28 1 1.38887 1.38887 1.38887 0 2.66667
25 1 1.22432 1.22432 1.22432 0 2.66667
13 1 1.22429 1.22429 1.22429 0 2.66667
10 1 1.22429 1.22429 1.22429 0 2.66667
11 1 1.22429 1.22429 1.22429 0 0.666667
12 1 1.22429 1.22429 1.22429 0 2.66667
27 1 1.22415 1.22415 1.22415 0 2.66667
14 1 1.22415 1.22415 1.22415 0 2.66667
91 1 0.188316 0.188316 0.188316 0 2.8
54 1 0.102431 0.102431 0.102431 0 2.8
34 1 0.0522746 0.0522746 0.0522746 0 2.8
86 1 0.0522635 0.0522635 0.0522635 0 2.8
105 1 0.0522548 0.0522548 0.0522548 0 2.66667
21 1 0.0500041 0.0500041 0.0500041 0 0.8
108 1 0.0495007 0.0495007 0.0495007 0 2.66667
88 1 1e-08 1e-08 1e-08 0 0.857143
61 1 1e-08 1e-08 1e-08 0 1.16667
84 1 3.33333e-09 3.33333e-09 1e-08 6.66667e-09 2.66667

103 54 69.5275 68.4748 119.285 118.017 2.8
58 12 19.3776 13.9005 27.991 26.7194 3.16667
95 5 16.5989 16.5969 16.5973 13.2779 1.16667
106 7 18.7568 10.5613 16.2584 14.5881 2.66667
63 6 5.86395 5.86358 14.6572 13.6799 0.8
67 4 10.1709 2.92321 9.12804 7.9827 2.8
1 1 2.06288 2.06288 2.06288 0 0.857143
5 1 1.80166 1.80166 1.80166 0 2.66667
6 1 1.42446 1.42446 1.42446 0 2.66667
28 1 1.38887 1.38887 1.38887 0 2.66667
25 1 1.22432 1.22432 1.22432 0 2.66667
12 1 1.22429 1.22429 1.22429 0 2.66667
11 1 1.22429 1.22429 1.22429 0 0.666667
10 1 1.22429 1.22429 1.22429 0 2.66667
13 1 1.22429 1.22429 1.22429 0 2.66667
27 1 1.22415 1.22415 1.22415 0 2.66667
14 1 1.22415 1.22415 1.22415 0 2.66667
91 1 0.188316 0.188316 0.188316 0 2.8
34 1 0.0522746 0.0522746 0.0522746 0 2.8

116 2 129.341 129.341 129.341 64.6707 2.8
103 32 30.6756 30.2111 112.441 111.496 2.8
58 7 12.778 9.16626 27.0876 25.4854 3.16667
63 4 11.0763 11.0763 16.6142 13.8451 1.3
95 4 13.2791 13.2776 16.5973 13.2779 1.16667
67 4 35.5982 10.2312 16.5756 12.7313 2.8
106 4 14.7375 8.29816 16.1316 13.6724 3.3
1 1 2.06288 2.06288 2.06288 0 0.857143
5 1 1.80166 1.80166 1.80166 0 2.66667
6 1 1.42446 1.42446 1.42446 0 2.66667
28 1 1.38887 1.38887 1.38887 0 2.66667
25 1 1.22432 1.22432 1.22432 0 2.66667
13 1 1.22429 1.22429 1.22429 0 2.66667
10 1 1.22429 1.22429 1.22429 0 2.66667
11 1 1.22429 1.22429 1.22429 0 0.666667
12 1 1.22429 1.22429 1.22429 0 2.66667
27 1 1.22415 1.22415 1.22415 0 2.66667
14 1 1.22415 1.22415 1.22415 0 2.66667
91 1 0.188316 0.188316 0.188316 0 2.8
34 1 0.0522746 0.0522746 0.0522746 0 2.8
118 1 0.00402685 0.00402685 0.00402685 0 2.85714
117 1 1e-08 1e-08 1e-08 0 2.66667
119 1 1e-08 1e-08 1e-08 0 3.3

103 28 131.824 1e-08 120.357 116.065 2.88889
116 31 39.1852 38.1865 119.904 118.67 2.85714
58 7 41.9849 30.1177 36.88 31.6224 3.16667
106 3 29.4749 16.5963 20.8892 14.0724 2.8
63 4 16.6145 16.6145 16.6145 12.4609 0.8
95 4 16.5989 16.5969 16.5974 12.4481 1.16667
120 1 16.5963 16.5963 16.5963 0 2.66667
67 4 35.5982 10.2312 16.5756 12.7313 2.66667
1 1 2.06288 2.06288 2.06288 0 0.857143
5 1 1.80166 1.80166 1.80166 0 2.66667
6 1 1.42446 1.42446 1.42446 0 2.66667
28 1 1.38887 1.38887 1.38887 0 2.66667
25 1 1.22432 1.22432 1.22432 0 2.66667
12 1 1.22429 1.22429 1.22429 0 2.66667
11 1 1.22429 1.22429 1.22429 0 0.666667
10 1 1.22429 1.22429 1.22429 0 2.66667
13 1 1.22429 1.22429 1.22429 0 2.66667
27 1 1.22415 1.22415 1.22415 0 2.66667
14 1 1.22415 1.22415 1.22415 0 2.66667
91 1 0.188316 0.188316 0.188316 0 2.8
34 1 0.0522746 0.0522746 0.0522746 0 2.8
118 1 0.00402685 0.00402685 0.00402685 0 2.85714
117 1 1e-08 1e-08 1e-08 0 2.66667
119 1 1e-08 1e-08 1e-08 0 3.3
121 1 1e-08 1e-08 1e-08 0 2.85714

103 15 40.203 39.5943 124.38 121.729 2.8
116 11 129.413 0.0725257 117.604 106.966 2.8
122 13 46.3164 45.4445 109.116 105.605 2.85714
121 12 131.032 1e-08 107.992 99.0744 2.8
123 12 76.1012 73.9093 98.7337 92.5592 2.85714
118 4 132.724 1e-08 66.3631 52.4645 2.8
95 5 139.143 16.5969 41.1065 34.3154 1.16667
58 4 32.3394 10.482 34.4739 30.5771 3.16667
124 4 129.342 1e-08 32.3354 28.0033 2.88889
106 2 5.35908 3.01751 17.7671 15.6839 2.66667
63 2 8.30726 8.30726 16.6145 12.4609 1.3
67 2 17.7991 5.11829 16.5756 11.3001 2.8
1 1 2.06288 2.06288 2.06288 0 0.857143
5 1 1.80166 1.80166 1.80166 0 2.66667
6 1 1.42446 1.42446 1.42446 0 2.66667
28 1 1.38887 1.38887 1.38887 0 2.66667
25 1 1.22432 1.22432 1.22432 0 2.66667
13 1 1.22429 1.22429 1.22429 0 2.66667
10 1 1.22429 1.22429 1.22429 0 2.66667
11 1 1.22429 1.22429 1.22429 0 0.666667
12 1 1.22429 1.22429 1.22429 0 2.66667
27 1 1.22415 1.22415 1.22415 0 2.66667
14 1 1.22415 1.22415 1.22415 0 2.66667
125 1 0.568009 0.568009 0.568692 0.000682941 2.8
91 1 0.188316 0.188316 0.188316 0 2.8
34 1 0.0522746 0.0522746 0.0522746 0 2.8
120 1 0.0178192 0.0178192 0.0178192 5e-09 2.66667

128 1 129.341 129.341 129.341 0 2.85714
103 20 19.8772 19.4759 99.9671 98.9867 2.8
116 18 90.5145 86.2276 91.2808 86.476 2.8
121 5 139.143 1e-08 57.1375 47.0672 2.8
58 3 41.9849 12.3478 32.1059 21.9047 2.85714
67 2 35.5982 10.2366 22.9174 13.0959 2.8
63 2 16.6145 16.6145 16.6145 8.30726 0.8
95 3 12.4492 12.4477 16.5974 12.448 0.666667
106 3 29.4749 0.0356385 15.369 11.0051 2.66667
1 1 2.06288 2.06288 2.06288 0 0.857143
5 1 1.80166 1.80166 1.80166 0 2.66667
6 1 1.42446 1.42446 1.42446 0 2.66667
28 1 1.38887 1.38887 1.38887 0 2.66667
25 1 1.22432 1.22432 1.22432 0 2.66667
13 1 1.22429 1.22429 1.22429 0 2.66667
10 1 1.22429 1.22429 1.22429 0 2.66667
11 1 1.22429 1.22429 1.22429 0 0.666667
12 1 1.22429 1.22429 1.22429 0 2.66667
27 1 1.22415 1.22415 1.22415 0 2.66667
14 1 1.22415 1.22415 1.22415 0 2.66667
91 1 0.188316 0.188316 0.188316 0 2.8
34 1 0.0522746 0.0522746 0.0522746 0 2.8
129 1 0.00737498 0.00737498 0.00737498 0 2.85714
123 1 0.00201343 0.00201343 0.00201343 5e-09 2.85714
130 1 1e-08 1e-08 1e-08 0 2.8
131 1 5e-09 5e-09 1e-08 5e-09 2.85714
132 1 1e-08 1e-08 1e-08 0 3.3

116 14 61.3163 58.4447 117.109 112.919 2.8
103 14 41.6578 40.8994 116.857 113.909 2.8
133 5 129.368 1e-08 103.485 83.432 2.8
121 7 139.143 41.9282 90.3946 77.7257 3.16667
131 3 132.287 3.11468 88.5716 62.3893 2.85714
128 9 31.8597 30.6335 75.0181 71.5993 2.85714
136 3 132.374 1e-08 45.1814 36.4667 2.85714
134 5 41.9849 41.9849 41.9849 33.5879 3.66667
135 1 29.4749 29.4749 29.4749 0 2.8
67 2 35.5982 10.2366 22.9174 13.0959 2.8
63 2 16.6145 16.6145 16.6145 8.30726 0.8
95 1 4.14973 4.14973 12.4482 8.29847 2.8
106 1 8.29816 8.29816 8.31598 0.0178192 2.66667
58 1 2.05797 2.05797 7.832 5.77403 2.85714
1 1 2.06288 2.06288 2.06288 0 0.857143
5 1 1.80166 1.80166 1.80166 0 2.66667
6 1 1.42446 1.42446 1.42446 0 2.66667
28 1 1.38887 1.38887 1.38887 0 2.66667
25 1 1.22432 1.22432 1.22432 0 2.66667
12 1 1.22429 1.22429 1.22429 0 2.66667
11 1 1.22429 1.22429 1.22429 0 0.666667
10 1 1.22429 1.22429 1.22429 0 2.66667
13 1 1.22429 1.22429 1.22429 0 2.66667
14 1 1.22415 1.22415 1.22415 0 2.66667
27 1 1.22415 1.22415 1.22415 0 2.66667
91 1 0.188316 0.188316 0.188316 0 2.8
34 1 0.0522746 0.0522746 0.0522746 0 2.8
129 1 0.00368749 0.00368749 0.00570092 0.00201343 2.85714
137 1 8.45939e-06 8.45939e-06 8.46606e-06 6.66667e-09 2.85714
130 1 1e-08 1e-08 1e-08 0 2.8
132 1 1e-08 1e-08 1e-08 0 3.3
138 1 1e-08 1e-08 1e-08 0 0.8

103 14 62.3976 55.9252 96.6776 92.6154 2.85714
116 13 25.6279 24.6394 95.3945 93.4663 2.8
128 13 88.4967 88.4967 95.3907 88.5833 2.85714
133 10 134.519 0.00287279 92.9867 83.9044 2.88889
139 5 139.143 0.424213 82.6422 67.3918 0.8
140 3 129.341 0.0517393 48.664 37.6723 0.857143
121 6 48.2847 19.3776 46.9909 42.9603 3.16667
131 3 112.487 1e-08 37.4955 30.615 2.88889
135 2 29.4749 16.5963 23.0356 11.9594 2.8
67 2 35.5982 10.2366 22.9174 13.0959 2.8
63 2 16.6145 16.6145 16.6145 8.30726 1.3
58 1 12.3478 12.3478 12.3478 0 2.85714
1 1 2.06288 2.06288 2.06288 0 0.857143
5 1 1.80166 1.80166 1.80166 0 2.66667
6 1 1.42446 1.42446 1.42446 0 2.66667
28 1 1.38887 1.38887 1.38887 0 2.66667
25 1 1.22432 1.22432 1.22432 0 2.66667
13 1 1.22429 1.22429 1.22429 0 2.66667
10 1 1.22429 1.22429 1.22429 0 2.66667
11 1 1.22429 1.22429 1.22429 0 0.666667
12 1 1.22429 1.22429 1.22429 0 2.66667
14 1 1.22415 1.22415 1.22415 0 2.66667
27 1 1.22415 1.22415 1.22415 0 2.66667
91 1 0.188316 0.188316 0.188316 0 2.8
34 1 0.0522746 0.0522746 0.0522746 0 2.8
141 1 0.015006 0.015006 0.015006 0 2.8
129 1 0.00737498 0.00737498 0.00737498 0 2.85714
137 1 2.53782e-05 2.53782e-05 2.53782e-05 0 2.85714
145 1 1e-08 1e-08 1e-08 0 2.85714
144 1 1e-08 1e-08 1e-08 0 2.8
143 1 1e-08 1e-08 1e-08 0 2.8
142 1 1e-08 1e-08 1e-08 0 2.8
136 1 1e-08 1e-08 1e-08 0 2.85714
138 1 1e-08 1e-08 1e-08 0 0.8
132 1 1e-08 1e-08 1e-08 0 3.3
130 1 1e-08 1e-08 1e-08 0 2.8

136 1 132.374 132.374 132.374 0 2.85714
133 5 138.519 1e-08 108.048 87.1131 2.8
103 13 25.4939 23.1074 99.3585 97.5486 2.85714
128 12 51.7394 51.7365 94.8608 90.5494 2.85714
141 3 136.025 0.015006 89.1846 63.0648 2.8
116 7 42.4123 39.3657 58.6205 52.7343 2.8
121 6 70.5498 22.9009 46.6015 41.4823 3.66667
139 3 25.8683 20.9234 26.5135 18.4566 0.8
135 2 29.4749 16.5963 23.0356 11.9594 2.8
67 2 35.5982 10.2366 22.9174 13.0959 2.8
63 2 16.6145 16.6145 16.6145 8.30726 1.3
58 1 12.3478 12.3478 12.3478 0 2.85714
1 1 2.06288 2.06288 2.06288 0 0.857143
5 1 1.80166 1.80166 1.80166 0 2.66667
6 1 1.42446 1.42446 1.42446 0 2.66667
28 1 1.38887 1.38887 1.38887 0 2.66667
25 1 1.22432 1.22432 1.22432 0 2.66667
12 1 1.22429 1.22429 1.22429 0 2.66667
11 1 1.22429 1.22429 1.22429 0 0.666667
10 1 1.22429 1.22429 1.22429 0 2.66667
13 1 1.22429 1.22429 1.22429 0 2.66667
14 1 1.22415 1.22415 1.22415 0 2.66667
27 1 1.22415 1.22415 1.22415 0 2.66667
150 1 0.990357 0.990357 0.990357 0 3.66667
91 1 0.188316 0.188316 0.188316 0 2.8
138 1 0.109245 0.109245 0.109245 5e-09 0.666667
147 1 0.0696382 0.0696382 0.0696382 0 2.8
34 1 0.0522746 0.0522746 0.0522746 0 2.8
140 1 0.0517575 0.0517575 0.0517575 0 0.857143
129 1 0.00368749 0.00368749 0.0036875 5e-09 2.8
137 1 2.53782e-05 2.53782e-05 2.53782e-05 0 2.85714
144 1 1e-08 1e-08 1e-08 0 2.8
142 1 1e-08 1e-08 1e-08 0 2.8
132 1 1e-08 1e-08 1e-08 0 3.3
130 1 1e-08 1e-08 1e-08 0 2.8
146 1 1e-08 1e-08 1e-08 0 2.85714
148 1 1e-08 1e-08 1e-08 0 2.8
149 1 1e-08 1e-08 1e-08 0 3.8

136 12 44.0341 42.9321 118.665 115.05 2.85714
103 11 58.4097 52.8236 110.119 105.173 2.85714
128 11 61.8728 61.8589 106.852 101.228 2.8
116 5 132.235 1e-08 104.525 84.2709 2.8
139 10 126.686 9.09091e-09 101.214 91.233 0.8
138 3 129.341 0.21849 86.3004 61.0065 0.666667
58 2 129.341 12.3478 70.8446 45.937 2.85714
133 7 42.789 40.8464 70.0549 64.124 2.8
155 3 135.356 1e-08 45.4621 36.9803 2.88889
142 3 104.617 1e-08 34.8826 28.4773 2.85714
121 3 14.8886 14.0112 28.7012 23.8362 3.66667
135 2 29.4749 16.5963 23.0356 11.9594 2.66667
67 2 35.5982 10.2366 22.9174 13.0959 2.8
63 1 8.30726 8.30726 16.6145 8.30726 1.3
1 1 2.06288 2.06288 2.06288 0 0.857143
5 1 1.80166 1.80166 1.80166 0 2.66667
6 1 1.42446 1.42446 1.42446 0 2.66667
28 1 1.38887 1.38887 1.38887 0 2.66667
25 1 1.22432 1.22432 1.22432 0 2.66667
12 1 1.22429 1.22429 1.22429 0 2.66667
11 1 1.22429 1.22429 1.22429 0 0.666667
10 1 1.22429 1.22429 1.22429 0 2.66667
13 1 1.22429 1.22429 1.22429 0 2.66667
27 1 1.22415 1.22415 1.22415 0 2.66667
14 1 1.22415 1.22415 1.22415 0 2.66667
91 1 0.188316 0.188316 0.188316 0 2.8
147 1 0.0696382 0.0696382 0.0696382 0 2.8
34 1 0.0522746 0.0522746 0.0522746 0 2.8
154 1 0.0519553 0.0519553 0.0519553 0 2.85714
140 1 0.0517575 0.0517575 0.0517575 0 0.857143
152 1 0.0250593 0.0250593 0.0250593 0 2.88889
129 1 0.00368749 0.00368749 0.0036875 5e-09 3.3
137 1 2.53782e-05 2.53782e-05 2.53782e-05 0 2.85714
157 1 1e-08 1e-08 1e-08 0 2.88889
156 1 1e-08 1e-08 1e-08 0 3.3
153 1 1e-08 1e-08 1e-08 0 0.857143
151 1 2.5e-09 2.5e-09 1e-08 7.5e-09 2.8
149 1 1e-08 1e-08 1e-08 0 3.8
146 1 1e-08 1e-08 1e-08 0 2.85714
130 1 1e-08 1e-08 1e-08 0 2.8

133 2 136.025 135.357 135.691 67.8457 2.85714
136 11 51.4996 50.2268 125.377 120.738 2.85714
103 11 77.8796 70.4686 123.687 117.048 2.85714
116 4 129.349 1e-08 97.0114 74.0937 2.8
128 8 20.549 19.5288 95.8284 93.3709 0.8
139 7 70.9968 69.6453 88.0674 78.0578 0.8
146 2 137.319 1e-08 68.6597 48.5497 2.85714
58 5 54.074 49.7467 64.7709 54.6496 2.8
162 2 129.341 0.12157 64.7315 45.7291 2.85714
155 3 138.519 1e-08 46.5164 37.8411 2.88889
160 3 129.341 1e-08 43.1138 35.2023 2.85714
156 1 42.0336 42.0336 42.0336 0 3.3
138 3 36.9153 35.1967 36.6414 24.5554 0.666667
67 2 35.5982 10.2366 22.9174 13.0959 2.66667
142 1 11.1665 11.1665 22.3407 11.1742 2.8
63 1 16.6145 16.6145 16.6145 0 0.8
135 1 7.36874 7.36874 11.5178 4.14908 2.8
1 1 2.06288 2.06288 2.06288 0 0.857143
5 1 1.80166 1.80166 1.80166 0 2.66667
6 1 1.42446 1.42446 1.42446 0 2.66667
28 1 1.38887 1.38887 1.38887 0 2.66667
25 1 1.22432 1.22432 1.22432 0 2.66667
12 1 1.22429 1.22429 1.22429 0 2.66667
11 1 1.22429 1.22429 1.22429 0 0.666667
10 1 1.22429 1.22429 1.22429 0 2.66667
13 1 1.22429 1.22429 1.22429 0 2.66667
27 1 1.22415 1.22415 1.22415 0 2.66667
14 1 1.22415 1.22415 1.22415 0 2.66667
158 1 0.741021 0.741021 0.741021 5e-09 2.8
91 1 0.188316 0.188316 0.188316 0 2.8
163 1 0.165807 0.165807 0.165807 0 0.666667
147 1 0.0696382 0.0696382 0.0696382 0 2.8
164 1 0.0581696 0.0581696 0.0581696 0 2.8
34 1 0.0522746 0.0522746 0.0522746 0 2.8
165 1 0.0522726 0.0522726 0.0522726 0 2.88889
140 1 0.0517575 0.0517575 0.0517575 0 0.857143
152 1 0.0250593 0.0250593 0.0250593 0 2.88889
159 1 0.00737498 0.00737498 0.00737498 0 2.85714
137 1 2.53782e-05 2.53782e-05 2.53782e-05 0 2.85714
130 1 1e-08 1e-08 1e-08 0 2.8
149 1 1e-08 1e-08 1e-08 0 3.8
151 1 1e-08 1e-08 1e-08 0 2.8
161 1 5e-09 5e-09 1e-08 5e-09 3.3
157 1 1e-08 1e-08 1e-08 0 2.88889

136 5 134.641 130.479 132.812 106.25 2.85714
167 2 134.472 129.055 131.763 65.8956 0.8
128 10 41.8319 39.7551 125.016 120.985 0.8
133 9 35.4264 32.2164 114.257 110.567 2.8
103 8 139.848 1e-08 100.545 88.2768 2.85714
116 8 60.8703 60.8699 98.9124 91.3036 2.8
166 8 74.3396 67.4321 96.3847 87.5076 2.88889
58 6 43.1138 43.1138 76.6934 69.5077 2.8
157 2 129.349 1e-08 64.6743 45.7316 2.85714
155 5 102.639 7.14286e-09 59.8 48.816 2.88889
162 5 49.7495 49.7467 59.7259 49.7763 3.38889
135 1 29.4749 29.4749 29.4749 0 2.8
67 1 17.7991 17.7991 22.9174 5.11829 2.66667
63 1 16.6145 16.6145 16.6145 0 0.8
1 1 2.06288 2.06288 2.06288 0 0.857143
5 1 1.80166 1.80166 1.80166 0 2.66667
139 1 1.48204 1.48204 1.48204 0 0.8
6 1 1.42446 1.42446 1.42446 0 2.66667
28 1 1.38887 1.38887 1.38887 0 2.66667
25 1 1.22432 1.22432 1.22432 0 2.66667
13 1 1.22429 1.22429 1.22429 0 2.66667
10 1 1.22429 1.22429 1.22429 0 2.66667
12 1 1.22429 1.22429 1.22429 0 2.66667
11 1 1.22429 1.22429 1.22429 0 0.666667
27 1 1.22415 1.22415 1.22415 0 2.66667
14 1 1.22415 1.22415 1.22415 0 2.66667
91 1 0.188316 0.188316 0.188316 0 2.8
138 1 0.165807 0.165807 0.165807 0 0.666667
168 1 0.104 0.104 0.104 0 0.857143
152 1 0.0826791 0.0826791 0.0952088 0.0125297 2.85714
147 1 0.0696382 0.0696382 0.0696382 0 2.8
34 1 0.0522746 0.0522746 0.0522746 0 2.8
165 1 0.0522726 0.0522726 0.0522726 0 2.88889
140 1 0.0517575 0.0517575 0.0517575 0 0.857143
159 1 0.00737498 0.00737498 0.00737498 0 2.85714
137 1 2.53782e-05 2.53782e-05 2.53782e-05 0 2.85714
149 1 1e-08 1e-08 1e-08 0 3.8
130 1 1e-08 1e-08 1e-08 0 2.8
169 1 1e-08 1e-08 1e-08 0 2.66667
170 1 1e-08 1e-08 1e-08 0 1.16667
171 1 5e-09 5e-09 1e-08 5e-09 3.40909

128 12 80.3871 75.896 133.768 127.257 0.8
133 11 46.4328 44.0081 121.58 117.497 2.85714
136 11 71.5373 63.6446 119.618 113.612 2.85714
167 11 75.516 68.2387 114.734 108.232 0.857143
157 4 129.341 1e-08 97.006 74.0896 2.88889
103 9 49.5598 47.0665 95.5719 90.1616 2.85714
58 7 37.7246 37.7246 76.5991 71.2099 2.8
174 2 137.595 1e-08 68.7976 48.6472 0.857143
166 2 129.691 1e-08 64.8454 45.8526 2.88889
172 4 91.5462 6.66667e-09 45.8473 36.2338 2.85714
67 1 35.5982 35.5982 35.5982 0 2.66667
135 1 29.4749 29.4749 29.4749 0 2.8
63 1 16.6145 16.6145 16.6145 0 0.8
1 1 2.06288 2.06288 2.06288 0 0.857143
5 1 1.80166 1.80166 1.80166 0 2.66667
139 1 1.48204 1.48204 1.48204 0 0.8
6 1 1.42446 1.42446 1.42446 0 2.66667
28 1 1.38887 1.38887 1.38887 0 2.66667
25 1 1.22432 1.22432 1.22432 0 2.66667
13 1 1.22429 1.22429 1.22429 0 2.66667
10 1 1.22429 1.22429 1.22429 0 2.66667
12 1 1.22429 1.22429 1.22429 0 2.66667
11 1 1.22429 1.22429 1.22429 0 0.666667
14 1 1.22415 1.22415 1.22415 0 2.66667
27 1 1.22415 1.22415 1.22415 0 2.66667
155 1 0.515016 0.515016 0.515016 5e-09 2.88889
91 1 0.188316 0.188316 0.188316 0 2.8
138 1 0.165807 0.165807 0.165807 0 0.666667
34 1 0.0522746 0.0522746 0.0522746 0 2.8
165 1 0.0522726 0.0522726 0.0522726 0 2.88889
152 1 0.0517575 0.0517575 0.0517575 0 0.857143
147 1 0.0348191 0.0348191 0.0348191 5e-09 2.8
159 1 0.00737498 0.00737498 0.00737498 0 2.85714
137 1 2.53782e-05 2.53782e-05 2.53782e-05 0 2.85714
149 1 1e-08 1e-08 1e-08 0 3.8
130 1 1e-08 1e-08 1e-08 0 2.8
169 1 1e-08 1e-08 1e-08 0 2.66667
170 1 5e-09 5e-09 1e-08 5e-09 0.8

136 14 36.105 35.5021 126.163 123.599 2.88889
128 13 44.5556 43.5627 124.015 120.621 0.8
167 13 104.12 94.826 120.299 112.714 0.8
58 12 80.3386 73.9093 110.442 104.109 2.8
133 11 81.0357 74.8818 103.195 96.3054 3.38889
172 7 137.319 1e-08 78.1289 67.6612 2.85714
155 2 135.356 1e-08 67.6781 47.8557 2.88889
103 2 129.691 1.03003 65.3604 45.8541 2.88889
67 1 35.5982 35.5982 35.5982 0 2.66667
135 1 29.4749 29.4749 29.4749 0 2.8
63 1 16.6145 16.6145 16.6145 0 0.8
1 1 2.06288 2.06288 2.06288 0 0.857143
5 1 1.80166 1.80166 1.80166 0 2.66667
139 1 1.48204 1.48204 1.48204 0 0.8
6 1 1.42446 1.42446 1.42446 0 2.66667
28 1 1.38887 1.38887 1.38887 0 2.66667
25 1 1.22432 1.22432 1.22432 0 2.66667
11 1 1.22429 1.22429 1.22429 0 0.666667
12 1 1.22429 1.22429 1.22429 0 2.66667
10 1 1.22429 1.22429 1.22429 0 2.66667
13 1 1.22429 1.22429 1.22429 0 2.66667
14 1 1.22415 1.22415 1.22415 0 2.66667
27 1 1.22415 1.22415 1.22415 0 2.66667
91 1 0.188316 0.188316 0.188316 0 2.8
138 1 0.165807 0.165807 0.165807 0 0.666667
147 1 0.0696382 0.0696382 0.0696382 0 2.8
34 1 0.0522746 0.0522746 0.0522746 0 2.8
165 1 0.0522726 0.0522726 0.0522726 0 2.88889
152 1 0.0517575 0.0517575 0.0517575 0 0.857143
159 1 0.00737498 0.00737498 0.00737498 0 2.85714
137 1 2.53782e-05 2.53782e-05 2.53782e-05 0 2.85714
149 1 1e-08 1e-08 1e-08 0 3.8
130 1 1e-08 1e-08 1e-08 0 2.8
169 1 1e-08 1e-08 1e-08 0 2.66667
170 1 1e-08 1e-08 1e-08 0 1.16667

128 11 70.4843 70.023 137.031 130.661 0.8
103 11 90.8596 89.8823 129.559 121.308 2.88889
182 1 128.498 128.498 128.498 0 3.3
167 10 43.5637 39.5906 124.458 120.263 0.8
136 9 48.0786 45.0523 108.189 103.063 0.888889
58 9 64.6707 64.6707 107.785 100.599 2.8
133 9 44.772 44.772 104.592 99.6171 2.88889
179 7 149.789 1e-08 88.4067 76.3578 2.85714
180 5 148.679 1e-08 82.1196 67.1003 2.88889
172 4 39.2341 38.9001 48.3276 38.54 2.85714
67 1 35.5982 35.5982 35.5982 0 2.66667
135 1 29.4749 29.4749 29.4749 0 2.8
63 1 16.6145 16.6145 16.6145 0 0.8
1 1 2.06288 2.06288 2.06288 0 0.857143
5 1 1.80166 1.80166 1.80166 0 2.66667
139 1 1.48204 1.48204 1.48204 0 0.8
6 1 1.42446 1.42446 1.42446 0 2.66667
28 1 1.38887 1.38887 1.38887 0 2.66667
25 1 1.22432 1.22432 1.22432 0 2.66667
11 1 1.22429 1.22429 1.22429 0 0.666667
12 1 1.22429 1.22429 1.22429 0 2.66667
13 1 1.22429 1.22429 1.22429 0 2.66667
10 1 1.22429 1.22429 1.22429 0 2.66667
27 1 1.22415 1.22415 1.22415 0 2.66667
14 1 1.22415 1.22415 1.22415 0 2.66667
91 1 0.188316 0.188316 0.188316 0 2.8
138 1 0.165807 0.165807 0.165807 0 0.666667
181 1 0.0838409 0.0838409 0.0838409 0 2.8
34 1 0.0522746 0.0522746 0.0522746 0 2.8
165 1 0.0522726 0.0522726 0.0522726 0 2.88889
152 1 0.0517575 0.0517575 0.0517575 0 0.857143
159 1 0.00737498 0.00737498 0.00737498 0 2.85714
137 1 2.53782e-05 2.53782e-05 2.53782e-05 0 2.85714
149 1 1e-08 1e-08 1e-08 0 3.8
130 1 1e-08 1e-08 1e-08 0 2.8

172 3 137.319 136.15 136.93 91.2866 2.85714
183 9 147.376 3.17293 130.603 116.2 0.8
167 10 59.2467 57.6667 129.629 123.829 0.857143
181 10 140.593 0.0838409 125.934 113.418 2.8
103 9 35.4264 35.2135 120.489 116.566 2.88889
58 9 57.21 50.6118 113.159 107.454 2.8
133 8 79.5947 79.5947 109.577 99.6275 3.38889
128 8 55.7997 55.7759 109.203 102.23 0.8
182 8 40.6872 38.0734 105.85 101.043 3.3
179 5 83.216 29.8622 71.946 58.6405 2.85714
67 1 35.5982 35.5982 35.5982 0 2.66667
135 1 29.4749 29.4749 29.4749 0 2.8
63 1 16.6145 16.6145 16.6145 0 0.8
1 1 2.06288 2.06288 2.06288 0 0.857143
5 1 1.80166 1.80166 1.80166 0 2.66667
139 1 1.48204 1.48204 1.48204 0 0.8
6 1 1.42446 1.42446 1.42446 0 2.66667
28 1 1.38887 1.38887 1.38887 0 2.66667
25 1 1.22432 1.22432 1.22432 0 2.66667
12 1 1.22429 1.22429 1.22429 0 2.66667
13 1 1.22429 1.22429 1.22429 0 2.66667
10 1 1.22429 1.22429 1.22429 0 2.66667
11 1 1.22429 1.22429 1.22429 0 0.666667
27 1 1.22415 1.22415 1.22415 0 2.66667
14 1 1.22415 1.22415 1.22415 0 2.66667
91 1 0.188316 0.188316 0.188316 0 2.8
138 1 0.165807 0.165807 0.165807 0 0.666667
34 1 0.0522746 0.0522746 0.0522746 0 2.8
165 1 0.0522726 0.0522726 0.0522726 0 2.88889
137 1 2.53782e-05 2.53782e-05 2.53782e-05 0 2.85714
149 1 1e-08 1e-08 1e-08 0 3.8
130 1 1e-08 1e-08 1e-08 0 2.8

179 11 149.789 1e-08 131.966 120.03 2.85714
182 7 129.346 128.498 128.731 110.341 3.3
167 12 81.4712 78.6365 125.526 118.888 0.857143
103 12 148.679 1e-08 123.378 113.158 2.88889
133 10 58.7915 58.7915 111.67 105.791 3.38889
183 10 50.8194 50.4868 105.811 100.759 0.857143
181 9 32.7323 30.8618 100.824 97.3423 2.8
172 9 48.0075 44.1384 97.7139 92.747 2.88889
67 1 35.5982 35.5982 35.5982 0 2.66667
135 1 29.4749 29.4749 29.4749 0 2.8
63 1 16.6145 16.6145 16.6145 0 0.8
1 1 2.06288 2.06288 2.06288 0 0.857143
5 1 1.80166 1.80166 1.80166 0 2.66667
139 1 1.48204 1.48204 1.48204 0 0.8
6 1 1.42446 1.42446 1.42446 0 2.66667
28 1 1.38887 1.38887 1.38887 0 2.66667
25 1 1.22432 1.22432 1.22432 0 2.66667
12 1 1.22429 1.22429 1.22429 0 2.66667
13 1 1.22429 1.22429 1.22429 0 2.66667
10 1 1.22429 1.22429 1.22429 0 2.66667
11 1 1.22429 1.22429 1.22429 0 0.666667
27 1 1.22415 1.22415 1.22415 0 2.66667
14 1 1.22415 1.22415 1.22415 0 2.66667
91 1 0.188316 0.188316 0.188316 0 2.8
138 1 0.165807 0.165807 0.165807 0 0.666667
188 1 0.0933987 0.0933987 0.0933987 0 2.85714
34 1 0.0522746 0.0522746 0.0522746 0 2.8
165 1 0.0522726 0.0522726 0.0522726 0 2.88889
137 1 2.53782e-05 2.53782e-05 2.53782e-05 0 2.85714

190 2 149.929 146.474 148.201 74.1057 0.857143
172 8 141.376 137.319 137.826 120.598 2.85714
181 9 70.7479 66.5965 117.654 109.963 2.8
179 9 39.65 39.5942 117.437 113.037 2.88889
183 9 60.2903 59.8957 112.543 105.877 0.8
167 9 51.7029 50.562 111.381 105.69 0.857143
133 8 38.3234 38.3234 105.471 100.681 3.38889
182 8 49.2747 48.9516 103.428 97.2981 3.3
103 6 49.5598 49.5598 79.4131 71.1532 2.88889
189 2 129.341 1e-08 64.6707 45.7291 3.38889
67 1 35.5982 35.5982 35.5982 0 2.66667
135 1 29.4749 29.4749 29.4749 0 2.8
63 1 16.6145 16.6145 16.6145 0 0.8
1 1 2.06288 2.06288 2.06288 0 0.857143
5 1 1.80166 1.80166 1.80166 0 2.66667
139 1 1.48204 1.48204 1.48204 0 0.8
6 1 1.42446 1.42446 1.42446 0 2.66667
28 1 1.38887 1.38887 1.38887 0 2.66667
25 1 1.22432 1.22432 1.22432 0 2.66667
13 1 1.22429 1.22429 1.22429 0 2.66667
10 1 1.22429 1.22429 1.22429 0 2.66667
11 1 1.22429 1.22429 1.22429 0 0.666667
12 1 1.22429 1.22429 1.22429 0 2.66667
27 1 1.22415 1.22415 1.22415 0 2.66667
14 1 1.22415 1.22415 1.22415 0 2.66667
91 1 0.188316 0.188316 0.188316 0 2.8
138 1 0.165807 0.165807 0.165807 0 0.666667
188 1 0.0933987 0.0933987 0.0933987 0 2.85714
34 1 0.0522746 0.0522746 0.0522746 0 2.8
165 1 0.0522726 0.0522726 0.0522726 0 2.88889
191 1 0.00946912 0.00946912 0.00946912 0 2.8
137 1 2.53782e-05 2.53782e-05 2.53782e-05 0 2.85714

103 1 149.578 149.578 149.578 0 2.85714
179 9 67.3101 67.3101 144.718 137.239 2.85714
190 9 56.2232 54.9278 142.595 136.394 0.857143
194 1 129.341 129.341 129.341 0 2.88889
193 3 129.341 129.341 129.341 86.2276 3.38889
182 6 129.346 128.498 128.758 107.298 3.3
167 7 40.2133 39.8776 120.171 114.448 0.857143
172 7 34.8499 32.0412 117.839 113.165 2.85714
181 7 47.7211 46.5192 116.684 109.965 2.8
183 7 60.6844 60.2872 111.327 102.703 0.8
133 7 64.7001 64.6707 110.87 101.631 3.38889
192 5 149.789 1e-08 82.0756 67.0304 2.88889
67 1 35.5982 35.5982 35.5982 0 2.66667
135 1 29.4749 29.4749 29.4749 0 2.8
63 1 16.6145 16.6145 16.6145 0 0.8
1 1 2.06288 2.06288 2.06288 0 0.857143
5 1 1.80166 1.80166 1.80166 0 2.66667
139 1 1.48204 1.48204 1.48204 0 0.8
6 1 1.42446 1.42446 1.42446 0 2.66667
28 1 1.38887 1.38887 1.38887 0 2.66667
25 1 1.22432 1.22432 1.22432 0 2.66667
11 1 1.22429 1.22429 1.22429 0 0.666667
12 1 1.22429 1.22429 1.22429 0 2.66667
10 1 1.22429 1.22429 1.22429 0 2.66667
13 1 1.22429 1.22429 1.22429 0 2.66667
27 1 1.22415 1.22415 1.22415 0 2.66667
14 1 1.22415 1.22415 1.22415 0 2.66667
91 1 0.188316 0.188316 0.188316 0 2.8
138 1 0.165807 0.165807 0.165807 0 0.666667
188 1 0.0933987 0.0933987 0.0933987 0 2.85714
34 1 0.0522746 0.0522746 0.0522746 0 2.8
165 1 0.0522726 0.0522726 0.0522726 0 2.88889
137 1 2.53782e-05 2.53782e-05 2.53782e-05 0 2.85714
191 1 5e-09 5e-09 1e-08 5e-09 2.85714

181 4 146.203 129.341 141.988 106.506 2.8
190 9 61.3344 60.2903 138.543 131.759 0.888889
179 1 136.079 136.079 136.079 0 2.85714
194 9 74.9903 64.6707 129.522 121.852 2.88889
133 1 129.341 129.341 129.341 0 3.38889
193 8 64.7001 64.6707 121.261 113.177 2.88889
103 8 24.4553 24.4209 115.268 112.215 2.85714
167 7 55.0288 54.6271 107.846 100.012 0.857143
172 7 55.0262 51.4535 107.032 99.4229 0.857143
182 7 56.5433 52.9225 106.548 98.8863 3.3
195 3 147.376 1e-08 97.8086 69.1613 0.8
67 1 35.5982 35.5982 35.5982 0 2.66667
135 1 29.4749 29.4749 29.4749 0 2.8
63 1 16.6145 16.6145 16.6145 0 0.8
1 1 2.06288 2.06288 2.06288 0 0.857143
5 1 1.80166 1.80166 1.80166 0 2.66667
139 1 1.48204 1.48204 1.48204 0 0.8
6 1 1.42446 1.42446 1.42446 0 2.66667
28 1 1.38887 1.38887 1.38887 0 2.66667
25 1 1.22432 1.22432 1.22432 0 2.66667
11 1 1.22429 1.22429 1.22429 0 0.666667
12 1 1.22429 1.22429 1.22429 0 2.66667
10 1 1.22429 1.22429 1.22429 0 2.66667
13 1 1.22429 1.22429 1.22429 0 2.66667
27 1 1.22415 1.22415 1.22415 0 2.66667
14 1 1.22415 1.22415 1.22415 0 2.66667
91 1 0.188316 0.188316 0.188316 0 2.8
138 1 0.165807 0.165807 0.165807 0 0.666667
188 1 0.0933987 0.0933987 0.0933987 0 2.85714
34 1 0.0522746 0.0522746 0.0522746 0 2.8
165 1 0.0522726 0.0522726 0.0522726 0 2.88889
196 1 0.052261 0.052261 0.052261 0 3.40909
137 1 2.53782e-05 2.53782e-05 2.53782e-05 0 2.85714

167 11 136.917 123.17 134.873 122.612 0.857143
133 7 129.4 129.341 129.35 110.871 3.38889
182 6 129.346 128.526 129.076 107.563 3.3
190 10 59.9714 59.7974 118.873 112.888 0.888889
103 9 70.9526 70.8527 116.301 108.427 2.88889
179 9 43.5195 40.5463 107.824 103.127 2.85714
193 7 69.6453 69.6453 89.5745 79.6251 2.88889
194 7 57.0254 56.5868 89.0638 80.9709 2.88889
181 7 34.9955 34.1141 88.3489 83.408 2.8
195 4 147.376 1e-08 73.3564 57.9935 2.8
67 1 35.5982 35.5982 35.5982 0 2.66667
135 1 29.4749 29.4749 29.4749 0 2.8
63 1 16.6145 16.6145 16.6145 0 0.8
1 1 2.06288 2.06288 2.06288 0 0.857143
5 1 1.80166 1.80166 1.80166 0 2.66667
139 1 1.48204 1.48204 1.48204 0 0.8
6 1 1.42446 1.42446 1.42446 0 2.66667
28 1 1.38887 1.38887 1.38887 0 2.66667
25 1 1.22432 1.22432 1.22432 0 2.66667
11 1 1.22429 1.22429 1.22429 0 0.666667
12 1 1.22429 1.22429 1.22429 0 2.66667
10 1 1.22429 1.22429 1.22429 0 2.66667
13 1 1.22429 1.22429 1.22429 0 2.66667
14 1 1.22415 1.22415 1.22415 0 2.66667
27 1 1.22415 1.22415 1.22415 0 2.66667
198 1 0.465678 0.465678 0.465678 0 0.888889
91 1 0.188316 0.188316 0.188316 0 2.8
138 1 0.165807 0.165807 0.165807 0 0.666667
188 1 0.0933987 0.0933987 0.0933987 0 2.85714
197 1 0.0539704 0.0539704 0.0539704 0 2.90909
34 1 0.0522746 0.0522746 0.0522746 0 2.8
165 1 0.0522726 0.0522726 0.0522726 0 2.88889
137 1 2.53782e-05 2.53782e-05 2.53782e-05 0 2.85714

181 9 122.201 118.825 146.325 132.985 2.85714
103 8 44.3819 44.3194 134.102 128.561 2.85714
133 8 69.0134 68.9821 129.345 120.722 3.38889
200 4 129.341 129.314 129.335 97.0009 3.38889
194 8 70.5791 60.8736 127.59 119.251 1.38889
190 7 34.9833 34.8818 118.824 113.833 0.888889
199 7 147.059 0.0297598 116.741 100.302 2.88889
167 7 40.2133 40.1418 116.342 110.603 2.85714
182 6 41.0012 40.791 108.741 101.93 3.35714
193 6 97.006 97.006 97.0222 80.8545 3.38889
179 3 148.894 0.81229 95.3066 67.3505 2.85714
195 4 147.376 1e-08 73.3564 57.9935 0.8
197 2 129.341 0.0539704 64.6977 45.7291 2.90909
67 1 35.5982 35.5982 35.5982 0 2.66667
135 1 29.4749 29.4749 29.4749 0 2.8
63 1 16.6145 16.6145 16.6145 0 0.8
1 1 2.06288 2.06288 2.06288 0 0.857143
5 1 1.80166 1.80166 1.80166 0 2.66667
139 1 1.48204 1.48204 1.48204 0 0.8
6 1 1.42446 1.42446 1.42446 0 2.66667
28 1 1.38887 1.38887 1.38887 0 2.66667
25 1 1.22432 1.22432 1.22432 0 2.66667
13 1 1.22429 1.22429 1.22429 0 2.66667
10 1 1.22429 1.22429 1.22429 0 2.66667
11 1 1.22429 1.22429 1.22429 0 0.666667
12 1 1.22429 1.22429 1.22429 0 2.66667
14 1 1.22415 1.22415 1.22415 0 2.66667
27 1 1.22415 1.22415 1.22415 0 2.66667
198 1 0.465678 0.465678 0.465678 0 0.888889
91 1 0.188316 0.188316 0.188316 0 2.8
138 1 0.165807 0.165807 0.165807 0 0.666667
188 1 0.0933987 0.0933987 0.0933987 0 2.85714
34 1 0.0522746 0.0522746 0.0522746 0 2.8
165 1 0.0522726 0.0522726 0.0522726 0 2.88889
202 1 0.0206293 0.0206293 0.0206293 0 2.85714

193 2 129.341 129.341 129.341 64.6707 3.38889
103 8 52.1005 52.0271 125.66 119.152 2.85714
167 8 54.3141 54.2433 124.146 117.362 0.857143
190 8 70.5546 70.3499 122.543 113.73 0.857143
181 8 30.7653 30.5724 120.18 116.35 2.85714
133 7 45.3096 45.2695 117.408 110.939 3.38889
182 7 113.178 113.025 113.327 97.1622 2.85714
200 7 56.5868 56.5868 113.199 105.115 3.38889
194 7 113.187 113.035 113.15 96.987 1.40909
206 5 104.431 18.1407 87.251 70.1569 2.8
199 5 88.8717 52.8667 73.9323 59.2385 2.90909
195 4 147.376 1e-08 73.3564 57.9935 0.8
207 2 130.344 1e-08 65.1719 46.0835 2.90909
67 1 35.5982 35.5982 35.5982 0 2.66667
135 1 29.4749 29.4749 29.4749 0 2.8
63 1 16.6145 16.6145 16.6145 0 0.8
1 1 2.06288 2.06288 2.06288 0 0.857143
5 1 1.80166 1.80166 1.80166 0 2.66667
139 1 1.48204 1.48204 1.48204 0 0.8
6 1 1.42446 1.42446 1.42446 0 2.66667
28 1 1.38887 1.38887 1.38887 0 2.66667
25 1 1.22432 1.22432 1.22432 0 2.66667
13 1 1.22429 1.22429 1.22429 0 2.66667
10 1 1.22429 1.22429 1.22429 0 2.66667
11 1 1.22429 1.22429 1.22429 0 0.666667
12 1 1.22429 1.22429 1.22429 0 2.66667
14 1 1.22415 1.22415 1.22415 0 2.66667
27 1 1.22415 1.22415 1.22415 0 2.66667
198 1 0.465678 0.465678 0.465678 0 0.888889
91 1 0.188316 0.188316 0.188316 0 2.8
138 1 0.165807 0.165807 0.165807 0 0.666667
188 1 0.0933987 0.0933987 0.0933987 0 2.85714
34 1 0.0522746 0.0522746 0.0522746 0 2.8
165 1 0.0522726 0.0522726 0.0522726 0 2.88889
197 1 0.0269852 0.0269852 0.0269852 5e-09 2.88889
208 1 1e-08 1e-08 1e-08 0 3.3

199 1 131.815 131.815 131.815 0 3.40909
103 7 47.6601 47.593 131.756 124.949 2.85714
133 2 129.441 129.341 129.391 64.6956 3.38889
211 1 129.341 129.341 129.341 0 3.38889
197 1 129.269 129.269 129.269 0 3.3
194 2 129.216 129.183 129.2 64.5999 1.38889
206 6 69.2218 68.8217 127.009 115.528 2.8
190 6 35.9829 35.9829 124.098 118.101 0.888889
167 6 56.0114 55.9384 120.851 111.518 0.857143
181 6 74.6784 71.0974 115.52 103.326 2.85714
193 6 17.2608 17.2534 113.496 110.619 3.38889
182 5 38.7575 38.043 106.999 99.3594 3.35714
200 5 80.8477 80.8383 97.9916 81.8224 1.38889
207 2 130.344 1e-08 65.1719 46.0835 2.90909
213 2 129.207 0.0298701 64.6182 45.6814 1.40909
212 2 86.2276 6.66667e-09 43.1138 30.486 3.38889
67 1 35.5982 35.5982 35.5982 0 2.66667
135 1 29.4749 29.4749 29.4749 0 2.8
63 1 16.6145 16.6145 16.6145 0 0.8
1 1 2.06288 2.06288 2.06288 0 0.857143
5 1 1.80166 1.80166 1.80166 0 2.66667
139 1 1.48204 1.48204 1.48204 0 0.8
6 1 1.42446 1.42446 1.42446 0 2.66667
28 1 1.38887 1.38887 1.38887 0 2.66667
25 1 1.22432 1.22432 1.22432 0 2.66667
13 1 1.22429 1.22429 1.22429 0 2.66667
10 1 1.22429 1.22429 1.22429 0 2.66667
11 1 1.22429 1.22429 1.22429 0 0.666667
12 1 1.22429 1.22429 1.22429 0 2.66667
27 1 1.22415 1.22415 1.22415 0 2.66667
14 1 1.22415 1.22415 1.22415 0 2.66667
210 1 0.454431 0.454431 0.481416 0.0269852 2.90909
198 1 0.465678 0.465678 0.465678 0 0.888889
91 1 0.188316 0.188316 0.188316 0 2.8
138 1 0.165807 0.165807 0.165807 0 0.666667
188 1 0.0933987 0.0933987 0.0933987 0 2.85714
34 1 0.0522746 0.0522746 0.0522746 0 2.8
165 1 0.0522726 0.0522726 0.0522726 0 2.88889
208 1 0.0130657 0.0130657 0.0130657 7.5e-09 3.3
195 1 5e-09 5e-09 1e-08 5e-09 2.8

206 8 109.077 108.446 148.642 135.077 2.8
103 8 85.5936 85.5936 143.565 132.866 2.85714
182 3 131.775 129.346 130.156 86.7715 3.35714
214 1 129.54 129.54 129.54 0 1.35714
215 1 121.615 121.615 121.615 0 2.90909
181 6 149.357 1e-08 120.648 100.944 0.888889
190 7 61.7353 61.7353 116.925 108.106 0.857143
199 6 73.5294 65.9075 102.729 91.0692 3.40909
133 6 33.7711 33.7566 100.684 95.0571 3.38889
167 5 37.341 37.341 97.8852 90.417 0.857143
211 5 58.8206 58.7915 95.9707 84.2112 3.38889
197 5 38.1441 35.9082 93.8061 86.5335 1.3
194 5 38.3364 38.046 91.324 83.7032 1.38889
210 2 129.341 0.908862 65.1251 45.7302 2.90909
67 1 35.5982 35.5982 35.5982 0 2.66667
135 1 29.4749 29.4749 29.4749 0 2.8
63 1 16.6145 16.6145 16.6145 0 0.8
1 1 2.06288 2.06288 2.06288 0 0.857143
5 1 1.80166 1.80166 1.80166 0 2.66667
6 1 1.42446 1.42446 1.42446 0 2.66667
28 1 1.38887 1.38887 1.38887 0 2.66667
25 1 1.22432 1.22432 1.22432 0 2.66667
13 1 1.22429 1.22429 1.22429 0 2.66667
10 1 1.22429 1.22429 1.22429 0 2.66667
11 1 1.22429 1.22429 1.22429 0 0.666667
12 1 1.22429 1.22429 1.22429 0 2.66667
27 1 1.22415 1.22415 1.22415 0 2.66667
14 1 1.22415 1.22415 1.22415 0 2.66667
139 1 0.741021 0.741021 0.741021 5e-09 0.8
198 1 0.465678 0.465678 0.465678 0 0.888889
91 1 0.188316 0.188316 0.188316 0 2.8
138 1 0.165807 0.165807 0.165807 0 0.666667
188 1 0.0933987 0.0933987 0.0933987 0 2.85714
34 1 0.0522746 0.0522746 0.0522746 0 2.8
165 1 0.0522726 0.0522726 0.0522726 0 2.88889
208 1 0.0522628 0.0522628 0.0522628 0 3.35714
195 1 1e-08 1e-08 1e-08 0 0.8
207 1 1e-08 1e-08 1e-08 0 2.90909
200 1 5e-09 5e-09 1e-08 5e-09 1.3
216 1 1e-08 1e-08 1e-08 0 2.8

190 9 122.669 122.669 145.754 132.124 0.857143
211 5 129.405 129.341 129.354 103.483 3.38889
197 3 129.292 129.269 129.277 86.1847 3.3
103 7 49.9529 49.9296 125.118 117.984 2.88889
133 7 64.728 64.7193 120.175 110.929 3.38889
206 6 29.9961 29.8227 111.058 106.082 2.8
194 6 130.344 1e-08 107.962 90.3271 1.38889
167 6 89.6183 86.3204 102.415 87.5702 0.857143
182 6 41.6133 40.8462 99.4701 92.598 3.35714
181 3 138.555 55.7471 98.7243 66.778 2.85714
215 5 26.7082 25.272 93.9157 88.6824 2.90909
214 5 49.8377 49.8232 89.6159 79.6507 1.35714
199 4 107.962 8e-09 79.7164 60.885 3.40909
210 2 129.341 0.908862 65.1251 45.7302 2.90909
67 1 35.5982 35.5982 35.5982 0 2.66667
135 1 29.4749 29.4749 29.4749 0 2.8
63 1 16.6145 16.6145 16.6145 0 0.8
1 1 2.06288 2.06288 2.06288 0 0.857143
5 1 1.80166 1.80166 1.80166 0 2.66667
139 1 1.48204 1.48204 1.48204 0 0.8
6 1 1.42446 1.42446 1.42446 0 2.66667
28 1 1.38887 1.38887 1.38887 0 2.66667
25 1 1.22432 1.22432 1.22432 0 2.66667
13 1 1.22429 1.22429 1.22429 0 2.66667
10 1 1.22429 1.22429 1.22429 0 2.66667
11 1 1.22429 1.22429 1.22429 0 0.666667
12 1 1.22429 1.22429 1.22429 0 2.66667
27 1 1.22415 1.22415 1.22415 0 2.66667
14 1 1.22415 1.22415 1.22415 0 2.66667
198 1 0.465678 0.465678 0.465678 0 0.888889
91 1 0.188316 0.188316 0.188316 0 2.8
138 1 0.165807 0.165807 0.165807 0 0.666667
188 1 0.0933987 0.0933987 0.0933987 0 2.85714
34 1 0.0522746 0.0522746 0.0522746 0 2.8
165 1 0.0522726 0.0522726 0.0522726 0 2.88889
195 1 1e-08 1e-08 1e-08 0 0.8
207 1 1e-08 1e-08 1e-08 0 2.90909
217 1 1e-08 1e-08 1e-08 0 2.85714

215 2 149.566 146.003 147.784 73.8976 2.88889
103 7 95.3647 95.3201 138.175 124.557 2.85714
167 7 52.356 52.2774 137.081 129.611 0.857143
220 1 129.341 129.341 129.341 0 3.38889
190 6 40.8896 40.8896 124.936 118.121 0.857143
182 6 56.4752 55.5334 121.047 111.661 3.35714
211 6 28.768 28.7649 112.349 107.555 3.38889
221 1 110.808 110.808 110.808 0 0.909091
206 5 44.112 43.8569 106.75 97.9657 2.8
197 5 34.0588 29.3958 103.452 97.0153 2.85714
199 4 134.952 1e-08 99.6455 76.1062 3.40909
181 5 53.396 49.5429 94.1534 83.8587 2.88889
194 5 58.7984 58.7983 94.0773 82.3177 1.38889
207 2 130.344 1e-08 65.1719 46.0835 2.90909
210 2 129.341 0.908862 65.1251 45.7302 2.90909
133 2 86.2276 1.06737e-05 43.1138 30.4861 3.38889
67 1 35.5982 35.5982 35.5982 0 2.66667
135 1 29.4749 29.4749 29.4749 0 2.8
63 1 16.6145 16.6145 16.6145 0 0.8
1 1 2.06288 2.06288 2.06288 0 0.857143
5 1 1.80166 1.80166 1.80166 0 2.66667
6 1 1.42446 1.42446 1.42446 0 2.66667
28 1 1.38887 1.38887 1.38887 0 2.66667
25 1 1.22432 1.22432 1.22432 0 2.66667
12 1 1.22429 1.22429 1.22429 0 2.66667
11 1 1.22429 1.22429 1.22429 0 0.666667
10 1 1.22429 1.22429 1.22429 0 2.66667
13 1 1.22429 1.22429 1.22429 0 2.66667
27 1 1.22415 1.22415 1.22415 0 2.66667
14 1 1.22415 1.22415 1.22415 0 2.66667
139 1 0.741021 0.741021 0.741021 5e-09 0.8
198 1 0.465678 0.465678 0.465678 0 0.888889
91 1 0.188316 0.188316 0.188316 0 2.8
138 1 0.165807 0.165807 0.165807 0 0.666667
188 1 0.0933987 0.0933987 0.0933987 0 2.85714
34 1 0.0522746 0.0522746 0.0522746 0 2.8
165 1 0.0522726 0.0522726 0.0522726 0 2.88889
195 1 1e-08 1e-08 1e-08 0 0.8
218 1 1e-08 1e-08 1e-08 0 3.38889
219 1 1e-08 1e-08 1e-08 0 3.38889

197 1 141.259 141.259 141.259 0 2.85714
206 7 87.4887 86.9829 134.062 121.615 2.8
103 7 36.1728 36.1559 133.238 128.072 2.85714
222 2 130.539 129.578 130.059 65.0297 1.35714
194 5 129.356 129.356 129.356 103.485 1.40909
215 7 45.5201 44.4357 122.131 115.692 2.88889
190 6 52.916 52.916 115.313 106.493 0.857143
167 6 44.9529 44.8092 112.595 105.119 2.85714
220 6 60.1894 55.432 112.027 102.655 3.38889
182 5 50.6829 50.6829 102.159 92.0223 3.35714
211 5 40.4551 40.4509 90.1909 82.1002 3.38889
221 3 61.6865 46.9229 65.8684 48.64 0.909091
207 2 130.344 1e-08 65.1719 46.0835 2.90909
210 2 129.341 0.908862 65.1251 45.7302 2.90909
223 2 129.341 1e-08 64.6707 45.7291 3.35714
25 2 110.385 1.22432 55.8048 39.0295 2.66667
67 1 35.5982 35.5982 35.5982 0 2.66667
135 1 29.4749 29.4749 29.4749 0 2.8
63 1 16.6145 16.6145 16.6145 0 0.8
1 1 2.06288 2.06288 2.06288 0 0.857143
5 1 1.80166 1.80166 1.80166 0 2.66667
139 1 1.48204 1.48204 1.48204 0 0.8
6 1 1.42446 1.42446 1.42446 0 2.66667
28 1 1.38887 1.38887 1.38887 0 2.66667
10 1 1.22429 1.22429 1.22429 0 2.66667
13 1 1.22429 1.22429 1.22429 0 2.66667
11 1 1.22429 1.22429 1.22429 0 0.666667
12 1 1.22429 1.22429 1.22429 0 2.66667
27 1 1.22415 1.22415 1.22415 0 2.66667
14 1 1.22415 1.22415 1.22415 0 2.66667
198 1 0.465678 0.465678 0.465678 0 0.888889
91 1 0.188316 0.188316 0.188316 0 2.8
138 1 0.165807 0.165807 0.165807 0 0.666667
188 1 0.0933987 0.0933987 0.0933987 0 2.85714
34 1 0.0522746 0.0522746 0.0522746 0 2.8
165 1 0.0522726 0.0522726 0.0522726 0 2.88889
195 1 1e-08 1e-08 1e-08 0 0.8
218 1 1e-08 1e-08 1e-08 0 3.38889
224 1 1e-08 1e-08 1e-08 0 3.35714

215 7 95.1783 92.911 133.924 120.47 2.88889
103 7 116.557 104.177 128.552 112.31 2.85714
206 7 43.7444 43.4915 124.155 117.925 2.8
220 7 57.829 53.2582 123.75 115.861 3.38889
167 7 74.9216 74.6819 119.276 108.592 0.857143
221 3 143.935 98.0565 115.351 77.1995 0.909091
211 6 129.456 1e-08 107.874 90.2537 3.38889
222 6 71.2031 70.6789 104.598 92.7554 1.35714
197 6 56.197 54.0507 103.711 94.405 2.85714
190 5 44.0966 44.0966 99.9644 91.1451 0.857143
182 5 51.9865 50.6829 93.7018 83.5132 3.35714
194 4 25.8715 25.8713 77.9875 71.5196 1.38889
207 2 130.344 1e-08 65.1719 46.0835 2.90909
210 2 129.341 0.908862 65.1251 45.7302 2.90909
226 1 58.9551 58.9551 58.9551 0 2.85714
25 2 110.385 1.22432 55.8048 39.0295 2.85714
67 1 35.5982 35.5982 35.5982 0 2.66667
135 1 29.4749 29.4749 29.4749 0 2.8
63 1 16.6145 16.6145 16.6145 0 0.8
1 1 2.06288 2.06288 2.06288 0 0.857143
5 1 1.80166 1.80166 1.80166 0 2.66667
139 1 1.48204 1.48204 1.48204 0 0.8
6 1 1.42446 1.42446 1.42446 0 2.66667
28 1 1.38887 1.38887 1.38887 0 2.66667
10 1 1.22429 1.22429 1.22429 0 2.66667
13 1 1.22429 1.22429 1.22429 0 2.66667
11 1 1.22429 1.22429 1.22429 0 0.666667
12 1 1.22429 1.22429 1.22429 0 2.66667
27 1 1.22415 1.22415 1.22415 0 2.66667
14 1 1.22415 1.22415 1.22415 0 2.66667
198 1 0.465678 0.465678 0.465678 0 0.888889
91 1 0.188316 0.188316 0.188316 0 2.8
138 1 0.165807 0.165807 0.165807 0 0.666667
188 1 0.0933987 0.0933987 0.0933987 0 2.85714
34 1 0.0522746 0.0522746 0.0522746 0 2.8
165 1 0.0522726 0.0522726 0.0522726 0 2.88889
195 1 1e-08 1e-08 1e-08 0 0.8
224 1 1e-08 1e-08 1e-08 0 3.35714
225 1 1e-08 1e-08 1e-08 0 0.888889

167 8 119.875 115.734 134.159 119.263 0.857143
206 8 109.077 108.446 134.157 120.552 2.8
103 8 31.5492 31.5492 133.964 130.02 2.88889
194 4 129.357 129.356 129.357 97.0175 1.40909
182 7 118.269 109.359 115.259 98.794 3.35714
215 7 45.6219 45.3278 114.758 108.261 2.88889
226 1 110.385 110.385 110.385 0 2.85714
190 6 69.1978 69.1978 109.725 98.1925 0.857143
221 6 79.9722 59.7201 107.875 96.1033 0.909091
220 6 33.706 33.4812 96.006 90.3946 3.40909
222 5 31.0807 31.0807 87.9296 81.7134 1.35714
207 2 130.344 1e-08 65.1719 46.0835 2.90909
210 2 129.341 0.908862 65.1251 45.7302 2.90909
211 2 129.455 0.423493 64.9391 45.7694 3.38889
67 1 35.5982 35.5982 35.5982 0 2.66667
135 1 29.4749 29.4749 29.4749 0 2.8
63 1 16.6145 16.6145 16.6145 0 0.8
1 1 2.06288 2.06288 2.06288 0 0.857143
5 1 1.80166 1.80166 1.80166 0 2.66667
139 1 1.48204 1.48204 1.48204 0 0.8
6 1 1.42446 1.42446 1.42446 0 2.66667
28 1 1.38887 1.38887 1.38887 0 2.66667
25 1 1.22432 1.22432 1.22432 0 2.66667
10 1 1.22429 1.22429 1.22429 0 2.66667
13 1 1.22429 1.22429 1.22429 0 2.66667
11 1 1.22429 1.22429 1.22429 0 0.666667
12 1 1.22429 1.22429 1.22429 0 2.66667
27 1 1.22415 1.22415 1.22415 0 2.66667
14 1 1.22415 1.22415 1.22415 0 2.66667
198 1 0.465678 0.465678 0.465678 0 0.888889
91 1 0.188316 0.188316 0.188316 0 2.8
138 1 0.165807 0.165807 0.165807 0 0.666667
188 1 0.0933987 0.0933987 0.0933987 0 2.85714
34 1 0.0522746 0.0522746 0.0522746 0 2.8
165 1 0.0522726 0.0522726 0.0522726 0 2.88889
229 1 0.00474856 0.00474856 0.00474857 6.66667e-09 3.38889
225 1 1e-08 1e-08 1e-08 0 0.888889
227 1 1e-08 1e-08 1e-08 0 2.88889
228 1 1e-08 1e-08 1e-08 0 0.857143
230 1 1e-08 1e-08 1e-08 0 3.40909
231 1 1e-08 1e-08 1e-08 0 0.888889

222 5 130.539 130.539 130.539 104.431 1.35714
206 8 70.5791 70.1711 130.214 121.402 2.8
167 7 55.2592 55.1116 117.148 109.263 0.857143
103 7 58.2784 58.2784 113.215 104.889 2.85714
190 7 61.7353 61.7353 112.969 104.15 0.857143
215 7 65.5521 64.3383 109.584 100.26 0.888889
220 6 70.2209 70.2189 104.401 92.6981 3.40909
182 6 38.6186 37.6501 102.141 95.7623 3.35714
194 6 59.7034 59.7029 99.6578 89.7073 1.38889
221 5 45.9226 44.2715 91.2635 82.2172 1.42308
226 5 56.3834 42.4559 83 73.119 2.85714
230 2 140.442 1e-08 70.2208 49.6536 3.40909
207 2 130.344 1e-08 65.1719 46.0835 2.90909
211 2 129.455 0.0142457 64.7345 45.7692 3.38889
210 2 86.2276 0.605908 43.5579 30.5875 2.90909
67 1 35.5982 35.5982 35.5982 0 2.66667
135 1 29.4749 29.4749 29.4749 0 2.8
63 1 16.6145 16.6145 16.6145 0 0.8
1 1 2.06288 2.06288 2.06288 0 0.857143
5 1 1.80166 1.80166 1.80166 0 2.66667
139 1 1.48204 1.48204 1.48204 0 0.8
6 1 1.42446 1.42446 1.42446 0 2.66667
28 1 1.38887 1.38887 1.38887 0 2.66667
10 1 1.22429 1.22429 1.22429 0 2.66667
13 1 1.22429 1.22429 1.22429 0 2.66667
11 1 1.22429 1.22429 1.22429 0 0.666667
12 1 1.22429 1.22429 1.22429 0 2.66667
27 1 1.22415 1.22415 1.22415 0 2.66667
14 1 1.22415 1.22415 1.22415 0 2.66667
198 1 0.465678 0.465678 0.465678 0 0.888889
91 1 0.188316 0.188316 0.188316 0 2.8
138 1 0.165807 0.165807 0.165807 0 0.666667
188 1 0.0933987 0.0933987 0.0933987 0 2.85714
34 1 0.0522746 0.0522746 0.0522746 0 2.8
165 1 0.0522726 0.0522726 0.0522726 0 2.88889
227 1 1e-08 1e-08 1e-08 0 2.88889
228 1 1e-08 1e-08 1e-08 0 0.857143
232 1 1e-08 1e-08 1e-08 0 0.857143

236 1 148.299 148.299 148.299 0 2.85714
230 1 140.528 140.528 140.528 0 3.40909
190 7 58.3056 58.3056 139.002 130.673 0.857143
215 7 38.7763 38.7763 130.592 125.052 0.909091
226 5 146.597 110.385 128.578 102.908 2.85714
206 7 52.4932 52.4932 128.367 120.868 2.85714
167 7 58.3292 58.2723 127.761 119.434 0.857143
222 6 60.2488 60.2488 120.347 110.306 1.35714
194 6 55.4395 55.4389 120.117 110.877 1.40909
103 6 44.9576 44.9576 117.912 110.419 2.85714
182 6 55.6456 50.6159 117.615 109.034 3.35714
220 6 56.2111 56.1752 110.182 100.818 3.40909
207 2 130.344 1e-08 65.1719 46.0835 2.90909
210 2 129.341 0.908862 65.1251 45.7302 2.90909
211 2 129.455 0.0345743 64.7446 45.7692 3.38889
67 1 35.5982 35.5982 35.5982 0 2.66667
135 1 29.4749 29.4749 29.4749 0 2.8
63 1 16.6145 16.6145 16.6145 0 0.8
1 1 2.06288 2.06288 2.06288 0 0.857143
5 1 1.80166 1.80166 1.80166 0 2.66667
139 1 1.48204 1.48204 1.48204 0 0.8
6 1 1.42446 1.42446 1.42446 0 2.66667
28 1 1.38887 1.38887 1.38887 0 2.66667
12 1 1.22429 1.22429 1.22429 0 2.66667
11 1 1.22429 1.22429 1.22429 0 0.666667
13 1 1.22429 1.22429 1.22429 0 2.66667
10 1 1.22429 1.22429 1.22429 0 2.66667
27 1 1.22415 1.22415 1.22415 0 2.66667
14 1 1.22415 1.22415 1.22415 0 2.66667
221 1 0.713065 0.713065 0.713065 0 2.90909
198 1 0.465678 0.465678 0.465678 0 0.888889
91 1 0.188316 0.188316 0.188316 0 2.8
138 1 0.165807 0.165807 0.165807 0 0.666667
235 1 0.15819 0.15819 0.15819 0 0.888889
188 1 0.0933987 0.0933987 0.0933987 0 2.85714
34 1 0.0522746 0.0522746 0.0522746 0 2.8
165 1 0.0522726 0.0522726 0.0522726 0 2.88889
233 1 0.00561062 0.00561062 0.00561062 0 3.40909
227 1 1e-08 1e-08 1e-08 0 2.88889
228 1 1e-08 1e-08 1e-08 0 0.857143
234 1 1e-08 1e-08 1e-08 0 3.38889

167 7 149.989 149.843 149.885 128.473 0.857143
103 5 149.859 149.859 149.859 119.887 2.85714
206 7 74.9903 74.9903 149.773 139.06 2.88889
237 1 148.388 148.388 148.388 0 3.35714
220 2 140.442 140.442 140.442 70.2208 3.40909
182 5 135.165 134.976 135.089 108.071 3.35714
190 7 116.611 116.611 133.28 116.621 2.85714
222 6 130.539 130.539 130.539 108.783 1.35714
194 6 129.359 129.357 129.358 107.798 1.42308
226 5 146.597 110.385 128.578 102.908 2.85714
230 5 12.2606 12.1145 102.811 100.382 3.40909
236 5 15.1861 15.1861 97.3635 94.3262 2.85714
207 2 130.344 1e-08 65.1719 46.0835 2.90909
210 2 129.341 0.908862 65.1251 45.7302 2.90909
211 2 129.455 0.0142457 64.7345 45.7692 3.38889
67 1 35.5982 35.5982 35.5982 0 2.66667
135 1 29.4749 29.4749 29.4749 0 2.8
63 1 16.6145 16.6145 16.6145 0 0.8
1 1 2.06288 2.06288 2.06288 0 0.857143
5 1 1.80166 1.80166 1.80166 0 2.66667
139 1 1.48204 1.48204 1.48204 0 0.8
6 1 1.42446 1.42446 1.42446 0 2.66667
28 1 1.38887 1.38887 1.38887 0 2.66667
10 1 1.22429 1.22429 1.22429 0 2.66667
13 1 1.22429 1.22429 1.22429 0 2.66667
11 1 1.22429 1.22429 1.22429 0 0.666667
12 1 1.22429 1.22429 1.22429 0 2.66667
27 1 1.22415 1.22415 1.22415 0 2.66667
14 1 1.22415 1.22415 1.22415 0 2.66667
198 1 0.465678 0.465678 0.465678 0 0.888889
215 1 0.258481 0.258481 0.258481 0 2.90909
91 1 0.188316 0.188316 0.188316 0 2.8
138 1 0.165807 0.165807 0.165807 0 0.666667
188 1 0.0933987 0.0933987 0.0933987 0 2.85714
34 1 0.0522746 0.0522746 0.0522746 0 2.8
165 1 0.0522726 0.0522726 0.0522726 0 2.88889
227 1 1e-08 1e-08 1e-08 0 2.88889
228 1 1e-08 1e-08 1e-08 0 0.857143
234 1 1e-08 1e-08 1e-08 0 3.38889

238 7 149.981 149.981 149.981 128.555 2.8
239 4 149.929 149.929 149.929 112.446 0.857143
236 5 148.823 148.823 148.823 119.059 2.85714
230 4 143.711 140.528 141.325 105.994 3.40909
220 3 140.528 140.442 140.47 93.6469 3.90909
237 6 148.388 134.976 137.306 114.424 3.35714
222 6 130.539 130.539 130.539 108.783 1.35714
194 6 129.359 129.357 129.358 107.798 1.40909
226 5 146.597 110.385 128.578 102.908 2.85714
103 6 15.782 15.7746 115.66 113.03 2.85714
167 5 12.9301 12.9301 105.214 102.628 0.857143
207 2 130.344 1e-08 65.1719 46.0835 2.90909
210 2 129.341 0.908862 65.1251 45.7302 2.90909
211 2 129.455 0.0142457 64.7345 45.7692 3.38889
67 1 35.5982 35.5982 35.5982 0 2.66667
135 1 29.4749 29.4749 29.4749 0 2.8
215 1 21.7903 21.7903 21.7903 0 2.90909
63 1 16.6145 16.6145 16.6145 0 0.8
1 1 2.06288 2.06288 2.06288 0 0.857143
5 1 1.80166 1.80166 1.80166 0 2.66667
139 1 1.48204 1.48204 1.48204 0 0.8
6 1 1.42446 1.42446 1.42446 0 2.66667
28 1 1.38887 1.38887 1.38887 0 2.66667
12 1 1.22429 1.22429 1.22429 0 2.66667
11 1 1.22429 1.22429 1.22429 0 0.666667
13 1 1.22429 1.22429 1.22429 0 2.66667
10 1 1.22429 1.22429 1.22429 0 2.66667
27 1 1.22415 1.22415 1.22415 0 2.66667
14 1 1.22415 1.22415 1.22415 0 2.66667
198 1 0.465678 0.465678 0.465678 0 0.888889
91 1 0.188316 0.188316 0.188316 0 2.8
138 1 0.165807 0.165807 0.165807 0 0.666667
188 1 0.0933987 0.0933987 0.0933987 0 2.85714
34 1 0.0522746 0.0522746 0.0522746 0 2.8
165 1 0.0522726 0.0522726 0.0522726 0 2.88889
227 1 1e-08 1e-08 1e-08 0 2.88889
228 1 1e-08 1e-08 1e-08 0 0.857143
234 1 1e-08 1e-08 1e-08 0 3.38889

167 5 149.989 149.989 149.989 119.991 0.875
103 2 149.859 149.859 149.859 74.9294 2.85714
236 5 148.823 148.299 148.718 118.975 2.85714
230 5 143.711 140.528 141.165 112.933 3.40909
240 1 140.442 140.442 140.442 0 3.40909
220 1 140.442 140.442 140.442 0 3.40909
237 6 148.388 134.976 137.306 114.424 3.35714
226 6 149.859 110.385 132.125 110.137 2.85714
222 6 130.539 130.539 130.539 108.783 1.35714
194 6 129.359 129.357 129.358 107.798 1.42308
239 5 15.3002 15.2988 121.627 118.567 0.857143
238 5 13.1562 13.1562 110.377 107.746 2.8
242 1 103.787 103.787 103.787 0 2.88889
207 2 130.344 1e-08 65.1719 46.0835 2.90909
210 2 129.341 0.908862 65.1251 45.7302 2.90909
211 2 129.455 0.0142457 64.7345 45.7692 3.38889
241 2 42.69 37.1356 57.9338 38.0028 0.857143
67 1 35.5982 35.5982 35.5982 0 2.66667
135 1 29.4749 29.4749 29.4749 0 2.8
63 1 16.6145 16.6145 16.6145 0 0.8
1 1 2.06288 2.06288 2.06288 0 0.857143
5 1 1.80166 1.80166 1.80166 0 2.66667
139 1 1.48204 1.48204 1.48204 0 0.8
6 1 1.42446 1.42446 1.42446 0 2.66667
28 1 1.38887 1.38887 1.38887 0 2.66667
12 1 1.22429 1.22429 1.22429 0 2.66667
10 1 1.22429 1.22429 1.22429 0 2.66667
13 1 1.22429 1.22429 1.22429 0 2.66667
11 1 1.22429 1.22429 1.22429 0 0.666667
27 1 1.22415 1.22415 1.22415 0 2.66667
14 1 1.22415 1.22415 1.22415 0 2.66667
215 1 0.713065 0.713065 0.713065 0 2.90909
198 1 0.465678 0.465678 0.465678 0 0.888889
91 1 0.188316 0.188316 0.188316 0 2.8
138 1 0.165807 0.165807 0.165807 0 0.666667
188 1 0.0933987 0.0933987 0.0933987 0 2.85714
34 1 0.0522746 0.0522746 0.0522746 0 2.8
165 1 0.0522726 0.0522726 0.0522726 0 2.88889
227 1 1e-08 1e-08 1e-08 0 2.88889
228 1 1e-08 1e-08 1e-08 0 0.857143
234 1 1e-08 1e-08 1e-08 0 3.38889

238 5 149.981 149.981 149.981 119.985 2.8
236 5 148.823 148.823 148.823 119.059 2.85714
239 8 149.942 103.787 141.604 123.919 0.857143
230 5 143.711 140.528 141.165 112.933 3.40909
240 2 140.442 140.442 140.442 70.2208 3.40909
237 6 148.388 134.976 137.306 114.424 3.35714
222 6 130.539 130.539 130.539 108.783 1.35714
194 6 129.359 129.357 129.358 107.798 1.40909
226 5 146.597 110.385 128.578 102.908 2.85714
103 6 21.4084 21.4084 118.089 114.521 2.85714
167 5 11.3628 11.3628 103.867 101.594 0.875
207 2 130.344 1e-08 65.1719 46.0835 2.90909
210 2 129.341 0.908862 65.1251 45.7302 2.90909
211 2 129.455 0.0142457 64.7345 45.7692 3.38889
67 1 35.5982 35.5982 35.5982 0 2.66667
135 1 29.4749 29.4749 29.4749 0 2.8
63 1 16.6145 16.6145 16.6145 0 0.8
215 1 5.95679 5.95679 5.95679 0 2.90909
1 1 2.06288 2.06288 2.06288 0 0.857143
5 1 1.80166 1.80166 1.80166 0 2.66667
139 1 1.48204 1.48204 1.48204 0 0.8
6 1 1.42446 1.42446 1.42446 0 2.66667
28 1 1.38887 1.38887 1.38887 0 2.66667
12 1 1.22429 1.22429 1.22429 0 2.66667
10 1 1.22429 1.22429 1.22429 0 2.66667
13 1 1.22429 1.22429 1.22429 0 2.66667
11 1 1.22429 1.22429 1.22429 0 0.666667
27 1 1.22415 1.22415 1.22415 0 2.66667
14 1 1.22415 1.22415 1.22415 0 2.66667
198 1 0.465678 0.465678 0.465678 0 0.888889
91 1 0.188316 0.188316 0.188316 0 2.8
138 1 0.165807 0.165807 0.165807 0 0.666667
188 1 0.0933987 0.0933987 0.0933987 0 2.85714
34 1 0.0522746 0.0522746 0.0522746 0 2.8
165 1 0.0522726 0.0522726 0.0522726 0 2.88889
227 1 1e-08 1e-08 1e-08 0 2.88889
228 1 1e-08 1e-08 1e-08 0 0.857143
234 1 1e-08 1e-08 1e-08 0 3.38889

167 5 149.989 149.989 149.989 119.991 0.875
239 5 149.942 149.929 149.931 119.945 0.857143
103 6 149.859 149.859 149.859 124.882 2.85714
230 5 142.222 140.528 140.868 112.694 3.40909
240 2 140.442 140.44 140.441 70.2203 3.40909
243 2 149.415 129.974 139.695 70.0162 0.857143
237 6 148.388 134.976 137.306 114.424 3.35714
222 6 130.539 130.539 130.539 108.783 1.35714
194 6 129.359 129.357 129.358 107.798 1.40909
226 5 146.597 110.385 128.578 102.908 2.85714
238 5 13.3911 13.3911 118.645 115.967 2.8
244 1 103.787 103.787 103.787 0 2.88889
236 4 11.0337 11.024 98.8104 96.0538 2.85714
207 2 130.344 1e-08 65.1719 46.0835 2.90909
210 2 129.341 0.908862 65.1251 45.7302 2.90909
211 2 129.445 0.0142457 64.7296 45.7657 3.38889
67 1 35.5982 35.5982 35.5982 0 2.66667
135 1 29.4749 29.4749 29.4749 0 2.8
63 1 16.6145 16.6145 16.6145 0 0.8
215 1 5.95679 5.95679 5.95679 0 2.90909
1 1 2.06288 2.06288 2.06288 0 0.857143
5 1 1.80166 1.80166 1.80166 0 2.66667
139 1 1.48204 1.48204 1.48204 0 0.8
6 1 1.42446 1.42446 1.42446 0 2.66667
28 1 1.38887 1.38887 1.38887 0 2.66667
10 1 1.22429 1.22429 1.22429 0 2.66667
13 1 1.22429 1.22429 1.22429 0 2.66667
11 1 1.22429 1.22429 1.22429 0 0.666667
12 1 1.22429 1.22429 1.22429 0 2.66667
27 1 1.22415 1.22415 1.22415 0 2.66667
14 1 1.22415 1.22415 1.22415 0 2.66667
198 1 0.465678 0.465678 0.465678 0 0.888889
91 1 0.188316 0.188316 0.188316 0 2.8
138 1 0.165807 0.165807 0.165807 0 0.666667
188 1 0.0933987 0.0933987 0.0933987 0 2.85714
34 1 0.0522746 0.0522746 0.0522746 0 2.8
165 1 0.0522726 0.0522726 0.0522726 0 2.88889
227 1 1e-08 1e-08 1e-08 0 2.88889
228 1 1e-08 1e-08 1e-08 0 0.857143
234 1 1e-08 1e-08 1e-08 0 3.38889

238 5 149.981 149.981 149.981 119.985 2.8
103 6 149.859 149.859 149.859 124.882 2.85714
236 4 148.955 148.823 148.856 111.642 2.85714
230 5 143.711 140.528 141.165 112.933 3.40909
240 2 140.442 140.44 140.441 70.2203 3.40909
237 6 148.388 134.976 137.306 114.424 3.35714
222 6 130.539 130.539 130.539 108.783 1.35714
194 6 129.359 129.357 129.358 107.798 1.40909
226 5 146.597 110.385 128.578 102.908 2.85714
239 6 14.5105 14.5092 118.22 115.802 0.857143
244 1 103.787 103.787 103.787 0 2.88889
167 4 13.6354 13.6354 91.0399 87.631 0.875
207 2 130.344 1e-08 65.1719 46.0835 2.90909
210 2 129.341 0.908862 65.1251 45.7302 2.90909
211 2 129.445 0.0142457 64.7296 45.7657 3.38889
243 2 59.7659 51.9898 55.8779 28.0065 2.85714
67 1 35.5982 35.5982 35.5982 0 2.66667
135 1 29.4749 29.4749 29.4749 0 2.8
63 1 16.6145 16.6145 16.6145 0 0.8
215 1 5.95679 5.95679 5.95679 0 2.90909
1 1 2.06288 2.06288 2.06288 0 0.857143
5 1 1.80166 1.80166 1.80166 0 2.66667
139 1 1.48204 1.48204 1.48204 0 0.8
6 1 1.42446 1.42446 1.42446 0 2.66667
28 1 1.38887 1.38887 1.38887 0 2.66667
10 1 1.22429 1.22429 1.22429 0 2.66667
13 1 1.22429 1.22429 1.22429 0 2.66667
11 1 1.22429 1.22429 1.22429 0 0.666667
12 1 1.22429 1.22429 1.22429 0 2.66667
14 1 1.22415 1.22415 1.22415 0 2.66667
27 1 1.22415 1.22415 1.22415 0 2.66667
198 1 0.465678 0.465678 0.465678 0 0.888889
91 1 0.188316 0.188316 0.188316 0 2.8
138 1 0.165807 0.165807 0.165807 0 0.666667
188 1 0.0933987 0.0933987 0.0933987 0 2.85714
34 1 0.0522746 0.0522746 0.0522746 0 2.8
165 1 0.0522726 0.0522726 0.0522726 0 2.88889
227 1 1e-08 1e-08 1e-08 0 2.88889
228 1 1e-08 1e-08 1e-08 0 0.857143
234 1 1e-08 1e-08 1e-08 0 3.38889
245 1 1e-08 1e-08 1e-08 0 0.888889

167 4 149.989 149.989 149.989 112.492 0.875
239 6 149.942 149.929 149.938 124.948 0.857143
236 4 149.361 148.823 148.958 111.718 2.85714
230 5 142.222 140.528 140.868 112.694 3.40909
240 2 140.442 140.442 140.442 70.2208 3.40909
243 2 149.415 129.974 139.695 70.0162 0.857143
237 6 148.388 134.976 137.306 114.424 3.35714
222 6 130.539 130.539 130.539 108.783 1.35714
194 6 129.359 129.357 129.358 107.798 1.40909
226 5 146.597 110.385 128.578 102.908 2.85714
103 5 13.1455 13.1455 111.086 108.457 2.85714
238 5 14.1491 14.1491 110.551 107.721 2.8
244 1 103.787 103.787 103.787 0 2.88889
207 2 130.344 1e-08 65.1719 46.0835 2.90909
210 2 129.341 0.908862 65.1251 45.7302 2.90909
211 2 129.455 0.0142457 64.7345 45.7692 3.38889
67 1 35.5982 35.5982 35.5982 0 2.66667
135 1 29.4749 29.4749 29.4749 0 2.8
215 1 21.7903 21.7903 21.7903 0 2.90909
63 1 16.6145 16.6145 16.6145 0 0.8
1 1 2.06288 2.06288 2.06288 0 0.857143
5 1 1.80166 1.80166 1.80166 0 2.66667
139 1 1.48204 1.48204 1.48204 0 0.8
6 1 1.42446 1.42446 1.42446 0 2.66667
28 1 1.38887 1.38887 1.38887 0 2.66667
10 1 1.22429 1.22429 1.22429 0 2.66667
13 1 1.22429 1.22429 1.22429 0 2.66667
11 1 1.22429 1.22429 1.22429 0 0.666667
12 1 1.22429 1.22429 1.22429 0 2.66667
14 1 1.22415 1.22415 1.22415 0 2.66667
27 1 1.22415 1.22415 1.22415 0 2.66667
198 1 0.465678 0.465678 0.465678 0 0.888889
91 1 0.188316 0.188316 0.188316 0 2.8
138 1 0.165807 0.165807 0.165807 0 0.666667
188 1 0.0933987 0.0933987 0.0933987 0 2.85714
34 1 0.0522746 0.0522746 0.0522746 0 2.8
165 1 0.0522726 0.0522726 0.0522726 0 2.88889
246 1 0.0520589 0.0520589 0.0520589 0 2.85714
227 1 1e-08 1e-08 1e-08 0 2.88889
228 1 1e-08 1e-08 1e-08 0 0.857143
234 1 1e-08 1e-08 1e-08 0 3.38889
245 1 1e-08 1e-08 1e-08 0 0.888889

238 5 149.981 149.981 149.981 119.985 2.8
103 5 149.859 149.859 149.859 119.887 2.85714
236 4 148.955 148.823 148.856 111.642 2.85714
230 5 143.711 140.528 141.165 112.933 3.90909
240 2 140.442 140.442 140.442 70.2208 3.40909
237 6 148.388 134.976 137.306 114.424 3.35714
222 6 130.539 130.539 130.539 108.783 1.35714
194 6 129.359 129.357 129.358 107.798 1.40909
226 5 146.597 110.385 128.578 102.908 2.85714
239 6 14.5105 14.5105 113.253 110.835 0.857143
167 5 14.7048 14.7048 103.094 100.153 0.875
207 2 130.344 1e-08 65.1719 46.0835 2.90909
210 2 129.341 0.908862 65.1251 45.7302 2.90909
211 2 129.455 0.0142457 64.7345 45.7692 3.38889
67 1 35.5982 35.5982 35.5982 0 2.66667
135 1 29.4749 29.4749 29.4749 0 2.8
63 1 16.6145 16.6145 16.6145 0 0.8
1 1 2.06288 2.06288 2.06288 0 0.857143
5 1 1.80166 1.80166 1.80166 0 2.66667
139 1 1.48204 1.48204 1.48204 0 0.8
6 1 1.42446 1.42446 1.42446 0 2.66667
28 1 1.38887 1.38887 1.38887 0 2.66667
10 1 1.22429 1.22429 1.22429 0 2.66667
13 1 1.22429 1.22429 1.22429 0 2.66667
11 1 1.22429 1.22429 1.22429 0 0.666667
12 1 1.22429 1.22429 1.22429 0 2.66667
14 1 1.22415 1.22415 1.22415 0 2.66667
27 1 1.22415 1.22415 1.22415 0 2.66667
215 1 0.735977 0.735977 0.735977 0 2.90909
198 1 0.465678 0.465678 0.465678 0 0.888889
91 1 0.188316 0.188316 0.188316 0 2.8
138 1 0.165807 0.165807 0.165807 0 0.666667
188 1 0.0933987 0.0933987 0.0933987 0 2.85714
34 1 0.0522746 0.0522746 0.0522746 0 2.8
165 1 0.0522726 0.0522726 0.0522726 0 2.88889
246 1 0.0520589 0.0520589 0.0520589 0 2.85714
227 1 1e-08 1e-08 1e-08 0 2.88889
228 1 1e-08 1e-08 1e-08 0 0.857143
234 1 1e-08 1e-08 1e-08 0 3.38889
245 1 1e-08 1e-08 1e-08 0 0.888889

167 5 149.989 149.989 149.989 119.991 0.875
239 6 149.942 149.942 149.942 124.952 0.857143
236 4 148.955 148.823 148.856 111.642 2.85714
230 6 143.711 140.442 141.045 117.537 3.40909
240 1 140.442 140.442 140.442 0 3.40909
237 6 148.388 134.976 137.306 114.424 3.35714
222 6 130.539 130.539 130.539 108.783 1.35714
194 6 129.359 129.357 129.358 107.798 1.42308
226 5 146.597 110.385 128.578 102.908 2.85714
103 6 16.9651 16.9651 124.383 121.556 2.85714
238 6 15.7874 15.7874 107.143 104.512 2.8
207 2 130.344 1e-08 65.1719 46.0835 2.90909
210 2 129.341 0.908862 65.1251 45.7302 2.90909
211 2 129.455 0.0142457 64.7345 45.7692 3.38889
67 1 35.5982 35.5982 35.5982 0 2.66667
135 1 29.4749 29.4749 29.4749 0 2.8
63 1 16.6145 16.6145 16.6145 0 0.8
1 1 2.06288 2.06288 2.06288 0 0.857143
5 1 1.80166 1.80166 1.80166 0 2.66667
139 1 1.48204 1.48204 1.48204 0 0.8
6 1 1.42446 1.42446 1.42446 0 2.66667
28 1 1.38887 1.38887 1.38887 0 2.66667
10 1 1.22429 1.22429 1.22429 0 2.66667
13 1 1.22429 1.22429 1.22429 0 2.66667
11 1 1.22429 1.22429 1.22429 0 0.666667
12 1 1.22429 1.22429 1.22429 0 2.66667
14 1 1.22415 1.22415 1.22415 0 2.66667
27 1 1.22415 1.22415 1.22415 0 2.66667
198 1 0.465678 0.465678 0.465678 0 0.888889
215 1 0.258481 0.258481 0.258481 0 2.90909
91 1 0.188316 0.188316 0.188316 0 2.8
138 1 0.165807 0.165807 0.165807 0 0.666667
188 1 0.0933987 0.0933987 0.0933987 0 2.85714
34 1 0.0522746 0.0522746 0.0522746 0 2.8
165 1 0.0522726 0.0522726 0.0522726 0 2.88889
246 1 0.0520912 0.0520912 0.0520912 0 2.85714
227 1 1e-08 1e-08 1e-08 0 2.88889
228 1 1e-08 1e-08 1e-08 0 0.857143
234 1 1e-08 1e-08 1e-08 0 3.38889
245 1 1e-08 1e-08 1e-08 0 0.888889

238 6 149.981 149.981 149.981 124.984 2.8
103 6 149.859 149.859 149.859 124.882 2.85714
236 4 148.955 148.823 148.856 111.642 2.85714
230 5 143.711 140.528 141.165 112.933 3.40909
240 2 140.442 140.442 140.442 70.2208 3.40909
237 6 148.388 134.976 137.306 114.424 3.35714
222 6 130.539 130.539 130.539 108.783 1.35714
194 6 129.359 129.357 129.358 107.798 1.40909
226 5 146.597 110.385 128.578 102.908 2.85714
239 6 15.7834 15.7834 114.388 111.758 0.857143
167 5 13.8879 13.8879 92.699 89.9214 0.875
207 2 130.344 1e-08 65.1719 46.0835 2.90909
210 2 129.341 0.908862 65.1251 45.7302 2.90909
211 2 129.455 0.0142457 64.7345 45.7692 3.38889
67 1 35.5982 35.5982 35.5982 0 2.66667
135 1 29.4749 29.4749 29.4749 0 2.8
63 1 16.6145 16.6145 16.6145 0 0.8
1 1 2.06288 2.06288 2.06288 0 0.857143
5 1 1.80166 1.80166 1.80166 0 2.66667
139 1 1.48204 1.48204 1.48204 0 0.8
6 1 1.42446 1.42446 1.42446 0 2.66667
28 1 1.38887 1.38887 1.38887 0 2.66667
10 1 1.22429 1.22429 1.22429 0 2.66667
13 1 1.22429 1.22429 1.22429 0 2.66667
11 1 1.22429 1.22429 1.22429 0 0.666667
12 1 1.22429 1.22429 1.22429 0 2.66667
14 1 1.22415 1.22415 1.22415 0 2.66667
27 1 1.22415 1.22415 1.22415 0 2.66667
215 1 0.735977 0.735977 0.735977 0 2.90909
198 1 0.465678 0.465678 0.465678 0 0.888889
91 1 0.188316 0.188316 0.188316 0 2.8
138 1 0.165807 0.165807 0.165807 0 0.666667
188 1 0.0933987 0.0933987 0.0933987 0 2.85714
34 1 0.0522746 0.0522746 0.0522746 0 2.8
165 1 0.0522726 0.0522726 0.0522726 0 2.88889
246 1 0.0520589 0.0520589 0.0520589 0 2.85714
227 1 1e-08 1e-08 1e-08 0 2.88889
228 1 1e-08 1e-08 1e-08 0 0.857143
234 1 1e-08 1e-08 1e-08 0 3.38889
245 1 1e-08 1e-08 1e-08 0 0.888889

167 5 149.989 149.989 149.989 119.991 0.875
239 6 149.942 149.942 149.942 124.952 0.857143
236 4 149.361 148.823 148.958 111.718 2.85714
230 5 142.222 140.528 140.868 112.694 3.40909
240 2 140.442 140.442 140.442 70.2208 3.40909
237 6 148.388 134.976 137.306 114.424 3.35714
222 6 130.539 130.539 130.539 108.783 1.35714
194 6 129.359 129.357 129.358 107.798 1.40909
226 5 146.597 110.385 128.578 102.908 2.85714
238 6 14.7522 14.7522 118.849 116.39 2.8
103 5 14.692 14.692 101.812 98.874 2.85714
207 2 130.344 1e-08 65.1719 46.0835 2.90909
210 2 129.341 0.908862 65.1251 45.7302 2.90909
211 2 129.445 0.0142457 64.7296 45.7657 3.38889
67 1 35.5982 35.5982 35.5982 0 2.66667
135 1 29.4749 29.4749 29.4749 0 2.8
63 1 16.6145 16.6145 16.6145 0 0.8
215 1 5.95679 5.95679 5.95679 0 2.90909
1 1 2.06288 2.06288 2.06288 0 0.857143
5 1 1.80166 1.80166 1.80166 0 2.66667
139 1 1.48204 1.48204 1.48204 0 0.8
6 1 1.42446 1.42446 1.42446 0 2.66667
28 1 1.38887 1.38887 1.38887 0 2.66667
10 1 1.22429 1.22429 1.22429 0 2.66667
13 1 1.22429 1.22429 1.22429 0 2.66667
11 1 1.22429 1.22429 1.22429 0 0.666667
12 1 1.22429 1.22429 1.22429 0 2.66667
14 1 1.22415 1.22415 1.22415 0 2.66667
27 1 1.22415 1.22415 1.22415 0 2.66667
198 1 0.465678 0.465678 0.465678 0 0.888889
91 1 0.188316 0.188316 0.188316 0 2.8
138 1 0.165807 0.165807 0.165807 0 0.666667
188 1 0.0933987 0.0933987 0.0933987 0 2.85714
34 1 0.0522746 0.0522746 0.0522746 0 2.8
165 1 0.0522726 0.0522726 0.0522726 0 2.88889
246 1 0.0520912 0.0520912 0.0520912 0 2.85714
227 1 1e-08 1e-08 1e-08 0 2.88889
228 1 1e-08 1e-08 1e-08 0 0.857143
234 1 1e-08 1e-08 1e-08 0 3.38889
245 1 1e-08 1e-08 1e-08 0 0.888889

238 6 149.981 149.981 149.981 124.984 2.8
103 5 149.859 149.859 149.859 119.887 2.85714
236 4 148.955 148.823 148.856 111.642 2.85714
240 2 140.442 140.442 140.442 70.2208 3.40909
230 5 140.533 129.48 138.319 110.659 3.40909
237 6 148.388 134.976 137.306 114.424 3.35714
222 6 130.539 130.539 130.539 108.783 1.35714
194 6 129.359 129.357 129.358 107.798 1.40909
226 5 146.597 110.385 128.578 102.908 2.85714
239 6 16.3573 16.3573 105.281 102.555 0.857143
167 5 13.6354 13.6354 96.6288 93.9018 0.875
207 2 130.344 1e-08 65.1719 46.0835 2.90909
210 2 129.341 0.908862 65.1251 45.7302 2.90909
211 2 129.455 0.0345743 64.7446 45.7692 3.38889
67 1 35.5982 35.5982 35.5982 0 2.66667
135 1 29.4749 29.4749 29.4749 0 2.8
63 1 16.6145 16.6145 16.6145 0 0.8
245 1 2.89732 2.89732 2.89732 5e-09 0.857143
1 1 2.06288 2.06288 2.06288 0 0.857143
5 1 1.80166 1.80166 1.80166 0 2.66667
139 1 1.48204 1.48204 1.48204 0 0.8
6 1 1.42446 1.42446 1.42446 0 2.66667
28 1 1.38887 1.38887 1.38887 0 2.66667
10 1 1.22429 1.22429 1.22429 0 2.66667
13 1 1.22429 1.22429 1.22429 0 2.66667
11 1 1.22429 1.22429 1.22429 0 0.666667
12 1 1.22429 1.22429 1.22429 0 2.66667
14 1 1.22415 1.22415 1.22415 0 2.66667
27 1 1.22415 1.22415 1.22415 0 2.66667
215 1 0.735977 0.735977 0.735977 0 2.90909
198 1 0.465678 0.465678 0.465678 0 0.888889
91 1 0.188316 0.188316 0.188316 0 2.8
138 1 0.165807 0.165807 0.165807 0 0.666667
188 1 0.0933987 0.0933987 0.0933987 0 2.85714
34 1 0.0522746 0.0522746 0.0522746 0 2.8
165 1 0.0522726 0.0522726 0.0522726 0 2.88889
246 1 0.0520589 0.0520589 0.0520589 0 2.85714
227 1 1e-08 1e-08 1e-08 0 2.88889
228 1 1e-08 1e-08 1e-08 0 0.857143
234 1 1e-08 1e-08 1e-08 0 3.38889

167 5 149.989 149.989 149.989 119.991 0.875
239 6 149.942 149.942 149.942 124.952 0.857143
236 4 149.361 148.299 148.827 111.62 2.85714
230 4 143.711 140.528 141.325 105.994 3.40909
240 3 140.528 140.442 140.47 93.6469 3.40909
237 6 148.388 134.976 137.306 114.424 3.35714
222 6 130.539 130.539 130.539 108.783 1.35714
194 6 129.359 129.357 129.358 107.798 1.40909
226 5 146.597 110.385 128.578 102.908 2.85714
103 6 13.8331 13.8331 111.905 109.599 2.85714
238 5 16.3022 16.3022 90.6898 87.4294 2.8
207 2 130.344 1e-08 65.1719 46.0835 2.90909
210 2 129.341 0.908862 65.1251 45.7302 2.90909
211 2 129.445 0.0142457 64.7296 45.7657 3.38889
67 1 35.5982 35.5982 35.5982 0 2.66667
135 1 29.4749 29.4749 29.4749 0 2.8
63 1 16.6145 16.6145 16.6145 0 0.8
215 1 5.95679 5.95679 5.95679 0 2.90909
245 1 5.79463 5.79463 5.79463 0 0.857143
1 1 2.06288 2.06288 2.06288 0 0.857143
5 1 1.80166 1.80166 1.80166 0 2.66667
139 1 1.48204 1.48204 1.48204 0 0.8
6 1 1.42446 1.42446 1.42446 0 2.66667
28 1 1.38887 1.38887 1.38887 0 2.66667
10 1 1.22429 1.22429 1.22429 0 2.66667
13 1 1.22429 1.22429 1.22429 0 2.66667
11 1 1.22429 1.22429 1.22429 0 0.666667
12 1 1.22429 1.22429 1.22429 0 2.66667
14 1 1.22415 1.22415 1.22415 0 2.66667
27 1 1.22415 1.22415 1.22415 0 2.66667
198 1 0.465678 0.465678 0.465678 0 0.888889
91 1 0.188316 0.188316 0.188316 0 2.8
138 1 0.165807 0.165807 0.165807 0 0.666667
188 1 0.0933987 0.0933987 0.0933987 0 2.85714
34 1 0.0522746 0.0522746 0.0522746 0 2.8
165 1 0.0522726 0.0522726 0.0522726 0 2.88889
246 1 0.0520912 0.0520912 0.0520912 0 2.85714
227 1 1e-08 1e-08 1e-08 0 2.88889
228 1 1e-08 1e-08 1e-08 0 0.857143
234 1 1e-08 1e-08 1e-08 0 3.38889

238 5 149.981 149.981 149.981 119.985 2.8
103 6 149.859 149.859 149.859 124.882 2.85714
236 4 149.361 148.299 148.827 111.62 2.85714
230 5 142.222 140.528 140.868 112.694 3.40909
240 2 140.442 140.44 140.441 70.2203 3.40909
237 6 148.388 134.976 137.306 114.424 3.35714
222 6 130.539 130.539 130.539 108.783 1.35714
194 6 129.359 129.357 129.358 107.798 1.40909
226 5 146.597 110.385 128.578 102.908 2.85714
239 6 17.301 17.301 122.647 119.764 0.857143
167 6 15.7883 15.7883 115.148 112.517 0.875
207 2 130.344 1e-08 65.1719 46.0835 2.90909
210 2 129.341 0.908862 65.1251 45.7302 2.90909
211 2 129.455 0.0142457 64.7345 45.7692 3.38889
245 2 91.6185 3.86309 48.0151 32.6233 2.85714
67 1 35.5982 35.5982 35.5982 0 2.66667
135 1 29.4749 29.4749 29.4749 0 2.8
63 1 16.6145 16.6145 16.6145 0 0.8
1 1 2.06288 2.06288 2.06288 0 0.857143
5 1 1.80166 1.80166 1.80166 0 2.66667
139 1 1.48204 1.48204 1.48204 0 0.8
6 1 1.42446 1.42446 1.42446 0 2.66667
28 1 1.38887 1.38887 1.38887 0 2.66667
10 1 1.22429 1.22429 1.22429 0 2.66667
13 1 1.22429 1.22429 1.22429 0 2.66667
11 1 1.22429 1.22429 1.22429 0 0.666667
12 1 1.22429 1.22429 1.22429 0 2.66667
14 1 1.22415 1.22415 1.22415 0 2.66667
27 1 1.22415 1.22415 1.22415 0 2.66667
215 1 0.713065 0.713065 0.713065 0 2.90909
198 1 0.465678 0.465678 0.465678 0 0.888889
91 1 0.188316 0.188316 0.188316 0 2.8
138 1 0.165807 0.165807 0.165807 0 0.666667
188 1 0.0933987 0.0933987 0.0933987 0 2.85714
34 1 0.0522746 0.0522746 0.0522746 0 2.8
165 1 0.0522726 0.0522726 0.0522726 0 2.88889
246 1 0.0520589 0.0520589 0.0520589 0 2.85714
227 1 1e-08 1e-08 1e-08 0 2.88889
228 1 1e-08 1e-08 1e-08 0 0.857143
234 1 1e-08 1e-08 1e-08 0 3.38889

167 6 149.989 149.989 149.989 124.991 0.875
236 4 148.955 148.823 148.856 111.642 2.85714
245 2 149.942 137.428 143.685 71.9106 0.857143
240 2 140.442 140.442 140.442 70.2208 3.40909
230 5 140.533 129.48 138.319 110.659 3.40909
237 6 148.388 134.976 137.306 114.424 3.35714
222 6 130.539 130.539 130.539 108.783 1.35714
194 6 129.359 129.357 129.358 107.798 1.40909
226 5 146.597 110.385 128.578 102.908 2.85714
239 6 149.942 5.79463 125.918 105.313 0.857143
103 6 14.9996 14.9859 116.129 113.631 2.85714
238 5 14.704 14.704 99.7527 96.8119 2.85714
207 2 130.344 1e-08 65.1719 46.0835 2.90909
210 2 129.341 0.908862 65.1251 45.7302 2.90909
211 2 129.455 0.0345743 64.7446 45.7692 3.38889
67 1 35.5982 35.5982 35.5982 0 2.66667
135 1 29.4749 29.4749 29.4749 0 2.8
63 1 16.6145 16.6145 16.6145 0 0.8
1 1 2.06288 2.06288 2.06288 0 0.857143
5 1 1.80166 1.80166 1.80166 0 2.66667
139 1 1.48204 1.48204 1.48204 0 0.8
6 1 1.42446 1.42446 1.42446 0 2.66667
28 1 1.38887 1.38887 1.38887 0 2.66667
10 1 1.22429 1.22429 1.22429 0 2.66667
13 1 1.22429 1.22429 1.22429 0 2.66667
11 1 1.22429 1.22429 1.22429 0 0.666667
12 1 1.22429 1.22429 1.22429 0 2.66667
14 1 1.22415 1.22415 1.22415 0 2.66667
27 1 1.22415 1.22415 1.22415 0 2.66667
215 1 0.735977 0.735977 0.735977 0 2.90909
198 1 0.465678 0.465678 0.465678 0 0.888889
91 1 0.188316 0.188316 0.188316 0 2.8
138 1 0.165807 0.165807 0.165807 0 0.666667
188 1 0.0933987 0.0933987 0.0933987 0 2.85714
34 1 0.0522746 0.0522746 0.0522746 0 2.8
165 1 0.0522726 0.0522726 0.0522726 0 2.88889
246 1 0.0520589 0.0520589 0.0520589 0 2.85714
227 1 1e-08 1e-08 1e-08 0 2.88889
228 1 1e-08 1e-08 1e-08 0 0.857143
234 1 1e-08 1e-08 1e-08 0 3.38889

238 5 149.981 149.981 149.981 119.985 2.8
230 5 143.711 140.528 141.165 112.933 3.40909
240 2 140.442 140.44 140.441 70.2203 3.40909
237 6 148.388 134.976 137.306 114.424 3.35714
222 6 130.539 130.539 130.539 108.783 1.35714
245 7 131.199 120.249 130.359 111.841 0.857143
194 6 129.359 129.357 129.358 107.798 1.40909
226 5 146.597 110.385 128.578 102.908 2.85714
103 7 149.996 0.0520589 128.482 110.382 3.35714
167 6 17.3065 17.3065 111.304 108.42 0.9
236 5 12.9186 12.8409 90.4104 87.8377 2.85714
207 2 130.344 1e-08 65.1719 46.0835 2.90909
210 2 129.341 0.908862 65.1251 45.7302 2.90909
211 2 129.455 0.0142457 64.7345 45.7692 3.38889
67 1 35.5982 35.5982 35.5982 0 2.66667
135 1 29.4749 29.4749 29.4749 0 2.8
63 1 16.6145 16.6145 16.6145 0 0.8
215 1 5.31116 5.31116 5.31116 0 2.90909
1 1 2.06288 2.06288 2.06288 0 0.857143
5 1 1.80166 1.80166 1.80166 0 2.66667
139 1 1.48204 1.48204 1.48204 0 0.8
6 1 1.42446 1.42446 1.42446 0 2.66667
28 1 1.38887 1.38887 1.38887 0 2.66667
10 1 1.22429 1.22429 1.22429 0 2.66667
13 1 1.22429 1.22429 1.22429 0 2.66667
11 1 1.22429 1.22429 1.22429 0 0.666667
12 1 1.22429 1.22429 1.22429 0 2.66667
14 1 1.22415 1.22415 1.22415 0 2.66667
27 1 1.22415 1.22415 1.22415 0 2.66667
198 1 0.465678 0.465678 0.465678 0 0.888889
91 1 0.188316 0.188316 0.188316 0 2.8
138 1 0.165807 0.165807 0.165807 0 0.666667
188 1 0.0933987 0.0933987 0.0933987 0 2.85714
34 1 0.0522746 0.0522746 0.0522746 0 2.8
165 1 0.0522726 0.0522726 0.0522726 0 2.88889
227 1 1e-08 1e-08 1e-08 0 2.88889
228 1 1e-08 1e-08 1e-08 0 0.857143
234 1 1e-08 1e-08 1e-08 0 3.38889

167 6 149.989 149.989 149.989 124.991 0.875
103 6 149.996 149.859 149.887 124.905 2.85714
236 5 149.856 148.955 149.135 119.308 2.85714
245 7 149.942 137.428 148.154 126.991 2.85714
240 2 140.442 140.442 140.442 70.2208 3.40909
237 6 148.388 134.976 137.306 114.424 3.35714
222 6 130.539 130.539 130.539 108.783 1.35714
194 6 129.359 129.357 129.358 107.798 1.40909
226 5 146.597 110.385 128.578 102.908 2.85714
230 5 14.192 13.9039 105.866 103.056 3.40909
238 5 12.9294 12.9294 103.127 100.541 2.8
207 2 130.344 1e-08 65.1719 46.0835 2.90909
210 2 129.341 0.908862 65.1251 45.7302 2.90909
211 2 129.445 0.0142457 64.7296 45.7657 3.38889
67 1 35.5982 35.5982 35.5982 0 2.66667
135 1 29.4749 29.4749 29.4749 0 2.8
63 1 16.6145 16.6145 16.6145 0 0.8
1 1 2.06288 2.06288 2.06288 0 0.857143
5 1 1.80166 1.80166 1.80166 0 2.66667
139 1 1.48204 1.48204 1.48204 0 0.8
6 1 1.42446 1.42446 1.42446 0 2.66667
28 1 1.38887 1.38887 1.38887 0 2.66667
10 1 1.22429 1.22429 1.22429 0 2.66667
13 1 1.22429 1.22429 1.22429 0 2.66667
11 1 1.22429 1.22429 1.22429 0 0.666667
12 1 1.22429 1.22429 1.22429 0 2.66667
14 1 1.22415 1.22415 1.22415 0 2.66667
27 1 1.22415 1.22415 1.22415 0 2.66667
198 1 0.465678 0.465678 0.465678 0 0.888889
215 1 0.258481 0.258481 0.258481 0 2.90909
91 1 0.188316 0.188316 0.188316 0 2.8
138 1 0.165807 0.165807 0.165807 0 0.666667
188 1 0.0933987 0.0933987 0.0933987 0 2.85714
34 1 0.0522746 0.0522746 0.0522746 0 2.8
165 1 0.0522726 0.0522726 0.0522726 0 2.88889
247 1 0.0520912 0.0520912 0.0520912 0 2.85714
227 1 1e-08 1e-08 1e-08 0 2.88889
228 1 1e-08 1e-08 1e-08 0 0.857143
234 1 1e-08 1e-08 1e-08 0 3.38889

