5 1 0.0522538 0.0522538 0.0522538 0 2
1 1 1e-08 1e-08 1e-08 0 0
2 1 1e-08 1e-08 1e-08 0 2
3 1 1e-08 1e-08 1e-08 0 2
4 1 1e-08 1e-08 1e-08 0 2

5 95 0.0128873 0.000550041 0.00159402 0.00342463 2
1 1 3.33333e-09 3.33333e-09 1e-08 6.66667e-09 0
2 1 5e-09 5e-09 1e-08 5e-09 2
3 1 1e-08 1e-08 1e-08 0 2
4 1 2.5e-09 2.5e-09 1e-08 7.5e-09 2

5 99 0.0063108 0.00026935 0.00150732 0.00223503 2
1 1 1e-08 1e-08 1e-08 0 0
2 1 5e-09 5e-09 1e-08 5e-09 2

5 99 0.0063108 0.00026935 0.00222807 0.00272118 2.66667
1 1 5e-09 5e-09 1e-08 5e-09 0
2 1 3.33333e-09 3.33333e-09 1e-08 6.66667e-09 2

34 1 3.0631 3.0631 3.0631 0 2.66667
33 1 1.22429 1.22429 1.22429 0 2.66667
27 1 1.22429 1.22429 1.22429 0 2.66667
8 2 0.612147 0.612147 0.612147 0 2.66667
9 1 1.22429 1.22429 1.22429 0 2.66667
10 1 1.22429 1.22429 1.22429 0 2.66667
11 4 0.306074 0.306074 0.306074 0 2.66667
25 1 1.22429 1.22429 1.22429 0 2.66667
31 1 1.22429 1.22429 1.22429 0 2.66667
14 1 1.22429 1.22429 1.22429 0 2.66667
28 1 1.22428 1.22428 1.22428 0 2.66667
16 4 0.30607 0.30607 0.30607 0 2.66667
18 1 1.22426 1.22426 1.22426 0 2.66667
32 1 1.22426 1.22426 1.22426 0 2.66667
30 1 1.22425 1.22425 1.22425 0 2.66667
19 3 0.40808 0.40808 0.40808 0 2.66667
26 1 1.22422 1.22422 1.22422 0 2.66667
20 2 0.612107 0.612107 0.612107 0 2.66667
21 1 1.22421 1.22421 1.22421 0 2.66667
7 2 0.408098 0.408098 0.416811 0.00871245 2.66667
15 2 0.408095 0.408095 0.416804 0.00870897 2.66667
12 2 0.408098 0.408098 0.408098 1.66667e-09 2.66667
13 2 0.408098 0.408098 0.408098 1.66667e-09 2.66667
22 2 0.153023 0.153023 0.38909 0.236068 2.66667
17 1 0.40809 0.40809 0.442925 0.0348359 2.5
5 1 0.00874444 0.00874444 0.134242 0.125497 2
24 1 0.0261269 0.0261269 0.0522538 0.0261269 2.5
23 1 0.0174179 0.0174179 0.0522538 0.0348359 2.5
29 1 1e-08 1e-08 1e-08 0 2.66667
2 1 1e-08 1e-08 1e-08 0 2
1 1 1e-08 1e-08 1e-08 0 0
35 1 1e-08 1e-08 1e-08 0 2

28 6 4.77891 0.204047 0.966524 1.70495 2.66667
34 7 0.278464 0.278464 0.335521 0.0570573 0.666667
30 4 0.663112 0.153031 0.3587 0.234289 2.66667
32 4 0.642095 0.174894 0.338234 0.207588 2.8
13 3 0.408098 0.408098 0.408098 0 2.66667
31 3 0.244859 0.244859 0.408098 0.163239 2.66667
25 3 0.408098 0.408098 0.408098 0 2.66667
11 3 0.204049 0.204049 0.408098 0.204049 2.66667
8 3 0.306074 0.306074 0.408098 0.102025 2.66667
16 3 0.174897 0.174897 0.408093 0.233196 2.66667
17 2 0.612134 0.61211 0.612122 1.18866e-05 2.66667
26 3 0.244844 0.244844 0.408074 0.163229 2.66667
20 3 0.306053 0.306053 0.408071 0.102018 2.66667
22 3 0.306045 0.306045 0.40806 0.102015 2.66667
10 3 0.244859 0.244859 0.329963 0.0851046 2.66667
7 3 0.244859 0.244859 0.326479 0.0816196 3.16667
18 2 0.136029 0.136029 0.476736 0.340707 2.66667
15 2 0.306072 0.306072 0.459107 0.153036 2.66667
33 2 0.244859 0.244859 0.442786 0.197927 2.8
21 2 0.174887 0.174887 0.437218 0.262331 2.66667
9 2 0.204049 0.204049 0.418029 0.21398 2.66667
14 2 0.204049 0.204049 0.416811 0.212762 2.66667
19 2 0.174892 0.174892 0.349783 0.174892 2.66667
27 1 0.612147 0.612147 0.638285 0.0261382 2.8
12 1 0.153037 0.153037 0.45911 0.306074 2.8
5 1 0.0130635 0.0130635 0.0261269 0.0130635 2.5
29 1 1e-08 1e-08 1e-08 0 2.66667
2 1 1e-08 1e-08 1e-08 0 2
1 1 1e-08 1e-08 1e-08 0 0
35 1 1e-08 1e-08 1e-08 0 2

28 11 1.14694 0.0489712 0.406482 0.492428 3.16667
32 6 0.561833 0.153032 0.408443 0.210669 2.66667
34 6 0.218793 0.218793 0.39793 0.179137 2.66667
30 5 0.757842 0.174892 0.409566 0.28559 2.66667
13 3 0.204049 0.204049 0.408098 0.204049 2.66667
12 1 1.22429 1.22429 1.22429 0 2.66667
11 3 0.204049 0.204049 0.408098 0.204049 2.66667
27 1 1.22429 1.22429 1.22429 0 2.66667
14 2 0.612147 0.612147 0.612147 0 2.66667
9 2 0.612147 0.612147 0.612147 0 2.66667
33 2 0.612147 0.612147 0.612147 0 2.66667
7 3 0.408098 0.408098 0.408098 0 2.66667
31 3 0.136033 0.136033 0.408097 0.272064 2.66667
15 2 0.612143 0.612143 0.612143 0 2.66667
18 2 0.612132 0.612132 0.612132 0 2.66667
19 2 0.612121 0.612121 0.612121 0 2.66667
21 2 0.612106 0.612106 0.612106 0 2.66667
22 3 0.174883 0.174883 0.40806 0.233177 2.66667
26 3 0.136025 0.136025 0.407765 0.27174 2.66667
25 3 0.0978076 0.0941765 0.377916 0.282535 2.66667
20 2 0.136024 0.136024 0.544095 0.408071 2.66667
16 2 0.174897 0.174897 0.528425 0.353528 2.66667
36 2 0.20715 0.204037 0.511649 0.306059 2.66667
17 2 0.204045 0.204045 0.510112 0.306067 2.66667
8 2 0.136033 0.136033 0.479019 0.342986 2.66667
10 2 0.153037 0.153037 0.385859 0.232822 2.66667
2 1 0.612107 0.612107 0.612107 5e-09 2
37 1 0.0522538 0.0522538 0.0522538 0 2.5
29 1 1e-08 1e-08 1e-08 0 2.66667
35 1 1e-08 1e-08 1e-08 0 2
38 1 1e-08 1e-08 1e-08 0 2.66667
39 1 1e-08 1e-08 1e-08 0 2.66667
40 1 1e-08 1e-08 1e-08 0 2.8
41 1 1e-08 1e-08 1e-08 0 3.66667

28 16 1.19473 0.0510117 0.422393 0.53031 2.66667
34 5 0.235623 0.235623 0.49442 0.258797 2.66667
30 5 0.35366 0.0816164 0.44616 0.182821 2.66667
32 4 0.345743 0.345743 0.488009 0.142266 2.8
15 3 0.645668 0.244857 0.541699 0.249693 2.66667
25 2 0.423833 0.408098 0.620015 0.204201 2.66667
36 2 0.621451 0.61211 0.616781 0.00467006 2.66667
7 2 0.204049 0.204049 0.612147 0.408098 2.66667
33 2 0.153037 0.153037 0.612147 0.45911 2.66667
9 2 0.204049 0.204049 0.612147 0.408098 2.66667
8 2 0.612147 0.612147 0.612147 0 2.66667
10 2 0.612147 0.612147 0.612147 0 2.66667
42 1 1.22428 1.22428 1.22428 0 0.666667
16 2 0.612139 0.612139 0.612139 0 2.66667
17 2 0.612134 0.612134 0.612134 0 2.66667
26 2 0.408074 0.408074 0.612111 0.204037 2.66667
2 1 1.22421 1.22421 1.22421 0 2.66667
20 2 0.612107 0.612107 0.612107 0 2.66667
22 2 0.40806 0.40806 0.61209 0.20403 2.66667
11 2 0.122429 0.122429 0.553546 0.431117 2.66667
14 2 0.136033 0.136033 0.540398 0.404366 3.16667
31 2 0.153037 0.153037 0.534345 0.381308 2.66667
13 2 0.174899 0.174899 0.528432 0.353532 2.66667
21 2 0.244842 0.244842 0.489685 0.244842 2.66667
19 2 0.174892 0.174892 0.471977 0.297085 2.66667
18 2 0.306066 0.306066 0.459099 0.153033 2.66667
12 2 0.174899 0.174899 0.437248 0.262349 2.66667
35 1 0.612147 0.612147 0.612147 5e-09 2.8
27 1 0.174899 0.174899 0.547055 0.372156 2.8
37 1 0.0522538 0.0522538 0.0522538 0 2.5
29 1 1e-08 1e-08 1e-08 0 2.66667
39 1 1e-08 1e-08 1e-08 0 2.66667
40 1 1e-08 1e-08 1e-08 0 2.8
41 1 1e-08 1e-08 1e-08 0 3.66667
43 1 1e-08 1e-08 1e-08 0 2.8

28 13 0.682701 0.0291495 0.480857 0.321789 2.8
30 9 0.279205 0.279205 0.510683 0.231478 2.66667
32 9 0.408606 0.408606 0.499407 0.0908013 2.66667
34 4 0.235623 0.235623 0.558288 0.322665 2.66667
15 4 0.322834 0.322834 0.506477 0.183643 2.66667
27 1 1.22429 1.22429 1.22429 0 2.66667
35 1 1.22429 1.22429 1.22429 0 2.8
12 2 0.612147 0.612147 0.612147 0 2.66667
13 2 0.612147 0.612147 0.612147 0 2.66667
31 2 0.612147 0.612147 0.612147 0 2.66667
14 2 0.612147 0.612147 0.612147 0 2.66667
11 2 0.612147 0.612147 0.612147 0 2.66667
10 2 0.408098 0.408098 0.612147 0.204049 2.66667
9 2 0.408098 0.408098 0.612147 0.204049 2.66667
33 2 0.306074 0.306074 0.612147 0.306074 2.66667
16 2 0.408093 0.408093 0.612139 0.204046 2.66667
17 2 0.244854 0.244854 0.612134 0.367281 2.66667
18 2 0.612132 0.612132 0.612132 0 2.66667
19 2 0.612121 0.612121 0.612121 0 2.66667
20 1 1.22421 1.22421 1.22421 0 2.66667
2 2 0.204036 0.204036 0.612107 0.408071 2.66667
21 2 0.612106 0.612106 0.612106 0 2.66667
22 2 0.61209 0.61209 0.61209 0 2.66667
7 2 0.244859 0.244859 0.535567 0.290708 2.66667
36 2 0.20715 0.20715 0.519119 0.311968 2.66667
25 2 0.2543 0.244859 0.499666 0.250131 2.66667
8 2 0.174899 0.174899 0.487724 0.312824 2.66667
26 1 0.153028 0.153028 0.765138 0.612111 2.66667
42 1 0.408093 0.408093 0.408093 6.66667e-09 0.666667
37 1 0.0522538 0.0522538 0.0522538 0 2.5
29 1 1e-08 1e-08 1e-08 0 2.66667
39 1 1e-08 1e-08 1e-08 0 2.66667
40 1 1e-08 1e-08 1e-08 0 2.8
41 1 1e-08 1e-08 1e-08 0 3.66667
43 1 1e-08 1e-08 1e-08 0 2.8
44 1 1e-08 1e-08 1e-08 0 2.66667
45 1 1e-08 1e-08 1e-08 0 2.66667
46 1 1e-08 1e-08 1e-08 0 2.66667

28 18 1.59297 0.0680156 1.08465 0.71887 2.66667
44 6 4.77891 1.66667e-09 2.42346 2.35643 2.66667
30 5 0.26771 0.196478 0.83266 0.622588 2.66667
32 4 0.187278 0.187278 0.759776 0.572498 2.66667
15 3 0.293486 0.293486 0.881148 0.587663 2.66667
34 3 0.278464 0.278464 0.784331 0.505868 2.66667
25 1 0.63575 0.63575 1.2479 0.612147 2.66667
36 1 0.621451 0.621451 1.2429 0.621451 2.66667
7 1 0.612147 0.612147 1.22429 0.612147 2.66667
8 1 0.612147 0.612147 1.22429 0.612147 2.66667
33 1 0.408098 0.408098 1.22429 0.816196 2.66667
9 1 0.408098 0.408098 1.22429 0.816196 2.66667
10 1 0.408098 0.408098 1.22429 0.816196 2.66667
31 1 0.306074 0.306074 1.22429 0.918221 2.66667
13 1 0.204049 0.204049 1.22429 1.02025 2.66667
27 1 0.408098 0.408098 1.22429 0.816196 2.66667
42 1 0.408095 0.408095 1.22428 0.816187 0.666667
47 1 1.22428 1.22428 1.22428 0 0.8
16 1 0.30607 0.30607 1.22428 0.918209 2.66667
19 1 0.612121 0.612121 1.22424 0.612121 2.66667
26 1 1.22422 1.22422 1.22422 0 2.66667
2 1 1.22421 1.22421 1.22421 0 2.66667
20 1 0.612107 0.612107 1.22421 0.612107 2.66667
21 1 0.612106 0.612106 1.22421 0.612106 2.66667
22 1 0.61209 0.61209 1.22418 0.61209 2.66667
12 1 0.204049 0.204049 1.02896 0.824909 2.66667
17 1 0.204045 0.204045 1.02022 0.816179 2.66667
18 1 0.204044 0.204044 1.02022 0.816176 2.66667
11 1 0.244859 0.244859 0.979436 0.734577 2.66667
14 1 0.136033 0.136033 0.912033 0.776001 2.66667
35 1 0.306074 0.306074 0.795419 0.489345 2.8
37 1 0.0522538 0.0522538 0.0522538 0 2.5
49 1 1e-08 1e-08 1e-08 0 2.66667
48 1 5e-09 5e-09 1e-08 5e-09 2.66667
46 1 1e-08 1e-08 1e-08 0 2.66667
43 1 1e-08 1e-08 1e-08 0 2.8
41 1 1e-08 1e-08 1e-08 0 3.66667
40 1 1e-08 1e-08 1e-08 0 2.8
39 1 1e-08 1e-08 1e-08 0 2.66667
29 1 1e-08 1e-08 1e-08 0 2.66667

28 26 0.382313 0.382313 0.591719 0.209407 2.66667
30 8 0.481878 0.35366 0.635009 0.268689 2.66667
32 7 0.408606 0.408606 0.583722 0.175117 2.66667
15 5 0.461192 0.461192 0.645668 0.184477 2.66667
34 3 0.340344 0.340344 0.764507 0.424162 3.16667
25 2 0.423833 0.423833 0.63575 0.211917 2.66667
35 1 1.22429 1.22429 1.22429 0 2.8
14 1 1.22429 1.22429 1.22429 0 2.66667
11 1 1.22429 1.22429 1.22429 0 2.66667
12 1 1.22429 1.22429 1.22429 0 2.66667
9 1 1.22429 1.22429 1.22429 0 2.66667
10 1 1.22429 1.22429 1.22429 0 2.66667
31 1 1.22429 1.22429 1.22429 0 2.66667
13 1 1.22429 1.22429 1.22429 0 2.66667
27 1 1.22429 1.22429 1.22429 0 2.66667
16 1 1.22428 1.22428 1.22428 0 2.66667
17 1 1.22427 1.22427 1.22427 0 2.66667
18 1 1.22426 1.22426 1.22426 0 2.66667
19 1 1.22424 1.22424 1.22424 0 2.66667
26 1 1.22422 1.22422 1.22422 0 2.66667
20 1 1.22421 1.22421 1.22421 0 2.66667
2 1 1.22421 1.22421 1.22421 0 2.66667
21 1 1.22421 1.22421 1.22421 0 2.66667
22 1 1.22418 1.22418 1.22418 0 2.66667
7 1 0.244859 0.244859 0.989891 0.745032 2.66667
36 1 0.310725 0.310725 0.944643 0.633918 2.66667
8 1 0.408098 0.408098 0.816196 0.408098 2.66667
33 1 0.612147 0.612147 0.638274 0.0261269 2.5
42 1 0.61214 0.61214 0.61214 5e-09 0.8
52 1 1e-08 1e-08 1e-08 0 2.8
51 1 1e-08 1e-08 1e-08 0 2.8
50 1 1e-08 1e-08 1e-08 0 2.8
29 1 1e-08 1e-08 1e-08 0 2.66667
39 1 1e-08 1e-08 1e-08 0 2.66667
40 1 1e-08 1e-08 1e-08 0 2.8
41 1 1e-08 1e-08 1e-08 0 3.66667
43 1 1e-08 1e-08 1e-08 0 2.8
46 1 1e-08 1e-08 1e-08 0 2.66667
48 1 1e-08 1e-08 1e-08 0 2.66667
49 1 1e-08 1e-08 1e-08 0 2.66667
44 1 1.25e-09 1.25e-09 1e-08 8.75e-09 2.66667

28 38 1.70564 0.49437 0.716106 0.271368 2.8
30 6 0.328553 0.241132 0.778549 0.523862 3.16667
32 6 0.321047 0.321047 0.74911 0.428063 2.66667
15 4 0.322834 0.322834 0.727684 0.40485 2.66667
34 3 0.466463 0.340344 0.919994 0.540888 2.66667
36 1 1.2429 1.2429 1.2429 0 2.66667
7 1 1.22429 1.22429 1.22429 0 2.66667
27 1 0.612147 0.612147 1.22429 0.612147 2.66667
13 1 0.244859 0.244859 1.22429 0.979436 2.66667
31 1 0.244859 0.244859 1.22429 0.979436 2.66667
10 1 0.612147 0.612147 1.22429 0.612147 2.66667
9 1 0.408098 0.408098 1.22429 0.816196 2.66667
12 1 0.612147 0.612147 1.22429 0.612147 2.66667
8 1 1.22429 1.22429 1.22429 0 2.66667
14 1 0.244859 0.244859 1.22429 0.979436 2.66667
53 1 1.22429 1.22429 1.22429 0 2.66667
42 1 1.22428 1.22428 1.22428 0 0.8
16 1 0.408093 0.408093 1.22428 0.816186 2.66667
17 1 0.612134 0.612134 1.22427 0.612134 2.66667
18 1 1.22426 1.22426 1.22426 0 2.66667
19 1 1.22424 1.22424 1.22424 0 2.66667
26 1 1.22422 1.22422 1.22422 0 2.66667
2 1 1.22421 1.22421 1.22421 0 2.66667
20 1 1.22421 1.22421 1.22421 0 2.66667
21 1 1.22421 1.22421 1.22421 0 2.66667
22 1 1.22418 1.22418 1.22418 0 2.66667
25 1 0.181643 0.181643 0.973799 0.792156 2.66667
11 1 0.204049 0.204049 0.816196 0.612147 2.66667
35 1 0.306074 0.306074 0.612147 0.306074 2.8
56 1 0.0522721 0.0522721 0.0522721 0 2.8
50 1 5e-09 5e-09 1e-08 5e-09 2.66667
29 1 1e-08 1e-08 1e-08 0 2.66667
39 1 1e-08 1e-08 1e-08 0 2.66667
40 1 1e-08 1e-08 1e-08 0 2.8
41 1 1e-08 1e-08 1e-08 0 3.66667
43 1 1e-08 1e-08 1e-08 0 2.8
46 1 1e-08 1e-08 1e-08 0 2.66667
48 1 1e-08 1e-08 1e-08 0 2.66667
49 1 1e-08 1e-08 1e-08 0 2.66667
51 1 1e-08 1e-08 1e-08 0 2.8
54 1 1e-08 1e-08 1e-08 0 2.66667
55 1 1e-08 1e-08 1e-08 0 2.66667
52 1 1e-08 1e-08 1e-08 0 2.8

56 15 6.59513 0.0034848 2.72107 1.99363 2.66667
28 15 0.427962 0.427962 1.68661 1.25865 2.66667
55 10 2.86735 1e-09 2.00714 1.31398 2.66667
42 3 9.55782 0.408093 6.50769 4.31307 0.666667
57 2 14.3367 5e-09 7.16836 7.16836 2.66667
30 3 0.45176 0.45176 1.77775 1.32599 2.66667
32 2 0.321047 0.321047 1.92951 1.60846 2.8
15 1 0.322834 0.322834 2.58267 2.25984 2.66667
34 1 0.278464 0.278464 2.2865 2.00804 2.66667
25 1 1.2715 1.2715 1.2715 0 2.66667
36 1 1.2429 1.2429 1.2429 0 2.66667
10 1 1.22429 1.22429 1.22429 0 2.66667
9 1 1.22429 1.22429 1.22429 0 2.66667
12 1 1.22429 1.22429 1.22429 0 2.66667
8 1 1.22429 1.22429 1.22429 0 2.66667
14 1 1.22429 1.22429 1.22429 0 2.66667
53 1 1.22429 1.22429 1.22429 0 2.66667
31 1 1.22429 1.22429 1.22429 0 2.66667
13 1 1.22429 1.22429 1.22429 0 2.66667
35 1 1.22429 1.22429 1.22429 0 2.8
11 1 1.22429 1.22429 1.22429 0 2.66667
16 1 1.22428 1.22428 1.22428 0 2.66667
17 1 1.22427 1.22427 1.22427 0 2.66667
18 1 1.22426 1.22426 1.22426 0 2.66667
19 1 1.22424 1.22424 1.22424 0 2.66667
26 1 1.22422 1.22422 1.22422 0 2.66667
20 1 1.22421 1.22421 1.22421 0 2.66667
2 1 1.22421 1.22421 1.22421 0 2.66667
21 1 1.22421 1.22421 1.22421 0 2.66667
22 1 1.22418 1.22418 1.22418 0 2.66667
27 1 0.306074 0.306074 1.15458 0.848506 2.66667
7 1 0.204049 0.204049 0.629572 0.425523 2.8
60 1 1e-08 1e-08 1e-08 0 2.66667
59 1 1e-08 1e-08 1e-08 0 2.66667
58 1 5e-09 5e-09 1e-08 5e-09 2.66667
52 1 1e-08 1e-08 1e-08 0 2.8
51 1 5e-09 5e-09 1e-08 5e-09 2.66667
49 1 1e-08 1e-08 1e-08 0 2.66667
48 1 1e-08 1e-08 1e-08 0 2.66667
46 1 1e-08 1e-08 1e-08 0 2.66667
43 1 1e-08 1e-08 1e-08 0 2.8
41 1 1e-08 1e-08 1e-08 0 3.66667
40 1 1e-08 1e-08 1e-08 0 2.8
39 1 1e-08 1e-08 1e-08 0 2.66667
29 1 1e-08 1e-08 1e-08 0 2.66667
50 1 1e-08 1e-08 1e-08 0 2.8

56 21 0.942162 0.27308 1.2984 0.911694 3.16667
58 5 5.73469 2e-09 4.58775 2.29388 3.16667
61 7 4.09621 1.42857e-09 2.3424 2.02512 3.66667
42 6 3.58418 0.152943 1.29736 1.61741 0.666667
30 5 1.20469 1.20469 1.44563 0.240939 2.66667
32 3 1.12367 1.12367 1.49822 0.374555 2.66667
55 2 3.58418 1.25e-09 1.79209 1.79209 2.8
15 2 1.07611 1.07611 1.61417 0.538057 2.66667
34 1 3.0631 3.0631 3.0631 0 2.66667
25 1 1.2715 1.2715 1.2715 0 2.66667
36 1 1.2429 1.2429 1.2429 0 2.66667
27 1 1.22429 1.22429 1.22429 0 2.66667
7 1 1.22429 1.22429 1.22429 0 2.66667
11 1 1.22429 1.22429 1.22429 0 2.66667
35 1 1.22429 1.22429 1.22429 0 2.8
13 1 1.22429 1.22429 1.22429 0 2.66667
31 1 1.22429 1.22429 1.22429 0 2.66667
53 1 1.22429 1.22429 1.22429 0 2.66667
14 1 1.22429 1.22429 1.22429 0 2.66667
8 1 1.22429 1.22429 1.22429 0 2.66667
12 1 1.22429 1.22429 1.22429 0 2.66667
9 1 1.22429 1.22429 1.22429 0 2.66667
10 1 1.22429 1.22429 1.22429 0 2.66667
16 1 1.22428 1.22428 1.22428 0 2.66667
17 1 1.22427 1.22427 1.22427 0 2.66667
18 1 1.22426 1.22426 1.22426 0 2.66667
19 1 1.22424 1.22424 1.22424 0 2.66667
26 1 1.22422 1.22422 1.22422 0 2.66667
2 1 1.22421 1.22421 1.22421 0 2.66667
20 1 1.22421 1.22421 1.22421 0 2.66667
21 1 1.22421 1.22421 1.22421 0 2.66667
22 1 1.22418 1.22418 1.22418 0 2.66667
65 1 1e-08 1e-08 1e-08 0 1.3
64 1 1e-08 1e-08 1e-08 0 2.8
63 1 1e-08 1e-08 1e-08 0 2.66667
62 1 1e-08 1e-08 1e-08 0 2.66667
50 1 1e-08 1e-08 1e-08 0 2.8
29 1 1e-08 1e-08 1e-08 0 2.66667
39 1 1e-08 1e-08 1e-08 0 2.66667
40 1 1e-08 1e-08 1e-08 0 2.8
41 1 1e-08 1e-08 1e-08 0 3.66667
43 1 1e-08 1e-08 1e-08 0 2.8
46 1 1e-08 1e-08 1e-08 0 2.66667
48 1 5e-09 5e-09 1e-08 5e-09 2.66667
49 1 1e-08 1e-08 1e-08 0 2.66667
51 1 3.33333e-09 3.33333e-09 1e-08 6.66667e-09 2.8
52 1 1e-08 1e-08 1e-08 0 2.8
59 1 1e-08 1e-08 1e-08 0 2.66667

56 30 2.06098 0.597364 1.41628 0.759683 2.66667
66 3 9.55782 3.33333e-09 6.37166 4.50544 0.666667
58 12 0.682701 0.682701 1.42625 0.74355 3.66667
61 3 9.55782 3.33333e-09 3.18968 4.50296 3.16667
30 4 0.657106 0.657106 1.64277 0.985659 2.66667
55 4 1.91157 0.0933633 1.59802 0.799831 2.66667
25 2 3.36339 0.63575 1.99957 1.36382 2.66667
32 2 0.408606 0.408606 1.64169 1.23308 2.66667
15 1 0.645668 0.645668 2.58267 1.937 2.8
34 1 0.61262 0.61262 1.27152 0.658896 2.8
10 1 1.22429 1.22429 1.22429 0 2.66667
9 1 1.22429 1.22429 1.22429 0 2.66667
12 1 1.22429 1.22429 1.22429 0 2.66667
8 1 1.22429 1.22429 1.22429 0 2.66667
14 1 1.22429 1.22429 1.22429 0 2.66667
53 1 1.22429 1.22429 1.22429 0 2.66667
31 1 1.22429 1.22429 1.22429 0 2.66667
13 1 1.22429 1.22429 1.22429 0 2.66667
35 1 0.408098 0.408098 1.22429 0.816196 2.8
7 1 1.22429 1.22429 1.22429 0 2.66667
27 1 1.22429 1.22429 1.22429 0 2.66667
16 1 1.22428 1.22428 1.22428 0 2.66667
17 1 1.22427 1.22427 1.22427 0 2.66667
18 1 1.22426 1.22426 1.22426 0 2.66667
19 1 1.22424 1.22424 1.22424 0 2.66667
26 1 1.22422 1.22422 1.22422 0 2.66667
2 1 1.22421 1.22421 1.22421 0 2.66667
20 1 1.22421 1.22421 1.22421 0 2.66667
21 1 1.22421 1.22421 1.22421 0 2.66667
22 1 1.22418 1.22418 1.22418 0 2.66667
67 1 1.22364 1.22364 1.22364 0 1.35714
36 1 0.621451 0.621451 0.810486 0.189035 2.66667
11 1 0.612147 0.612147 0.612147 5e-09 2.66667
71 1 1.42318e-07 1.42318e-07 1.42318e-07 0 2.8
49 1 1e-08 1e-08 1e-08 0 2.66667
52 1 1e-08 1e-08 1e-08 0 2.8
42 1 3.33333e-09 3.33333e-09 1e-08 6.66667e-09 2.66667
68 1 1e-08 1e-08 1e-08 0 2.8
69 1 1e-08 1e-08 1e-08 0 2.8
70 1 1e-08 1e-08 1e-08 0 1.66667
72 1 1e-08 1e-08 1e-08 0 3.16667
48 1 1e-08 1e-08 1e-08 0 2.66667
46 1 1e-08 1e-08 1e-08 0 2.66667
43 1 1e-08 1e-08 1e-08 0 2.8
41 1 1e-08 1e-08 1e-08 0 3.66667
40 1 1e-08 1e-08 1e-08 0 2.8
39 1 1e-08 1e-08 1e-08 0 2.66667
29 1 1e-08 1e-08 1e-08 0 2.66667
50 1 1e-08 1e-08 1e-08 0 2.8

73 2 49.4635 14.3367 31.9001 17.5634 3.3
56 20 1.06373 1.06373 2.20132 1.13759 3.66667
74 1 28.6715 28.6715 28.6715 0 1.16667
55 7 2.20565 2.20565 2.20565 5.59654e-07 3.16667
66 6 2.20565 2.2055 2.22355 0.0179546 0.666667
30 3 0.602347 0.602347 2.21006 1.60771 2.66667
32 1 1.12367 1.12367 3.371 2.24733 2.66667
15 1 1.07611 1.07611 3.22834 2.15223 2.66667
34 1 3.0631 3.0631 3.0631 0 2.66667
25 1 1.12113 1.12113 1.9688 0.847666 2.66667
36 1 1.2429 1.2429 1.2429 0 2.66667
10 1 1.22429 1.22429 1.22429 0 2.66667
11 1 1.22429 1.22429 1.22429 0 2.66667
27 1 1.22429 1.22429 1.22429 0 2.66667
7 1 1.22429 1.22429 1.22429 0 2.66667
35 1 1.22429 1.22429 1.22429 0 2.8
13 1 1.22429 1.22429 1.22429 0 2.66667
31 1 1.22429 1.22429 1.22429 0 2.66667
53 1 1.22429 1.22429 1.22429 0 2.66667
14 1 1.22429 1.22429 1.22429 0 2.66667
8 1 1.22429 1.22429 1.22429 0 2.66667
12 1 1.22429 1.22429 1.22429 0 2.66667
9 1 1.22429 1.22429 1.22429 0 2.66667
16 1 1.22428 1.22428 1.22428 0 2.66667
17 1 1.22427 1.22427 1.22427 0 2.66667
18 1 1.22426 1.22426 1.22426 0 2.66667
19 1 1.22424 1.22424 1.22424 0 2.66667
26 1 1.22422 1.22422 1.22422 0 2.66667
2 1 1.22421 1.22421 1.22421 0 2.66667
20 1 1.22421 1.22421 1.22421 0 2.66667
21 1 1.22421 1.22421 1.22421 0 2.66667
22 1 1.22418 1.22418 1.22418 0 2.66667
67 1 1.22364 1.22364 1.22364 0 1.35714
81 1 0.0522725 0.0522725 0.0522725 0 0.8
77 1 0.0522713 0.0522713 0.0522713 0 0.8
71 1 1.42318e-07 1.42318e-07 1.42318e-07 0 2.8
84 1 1e-08 1e-08 1e-08 0 2.66667
83 1 1e-08 1e-08 1e-08 0 2.66667
82 1 1e-08 1e-08 1e-08 0 3.16667
80 1 1e-08 1e-08 1e-08 0 3.16667
79 1 1e-08 1e-08 1e-08 0 3.16667
78 1 1e-08 1e-08 1e-08 0 3.66667
76 1 2.5e-09 2.5e-09 1e-08 7.5e-09 1.16667
75 1 1e-08 1e-08 1e-08 0 2.8
58 1 5e-09 5e-09 1e-08 5e-09 3.66667
61 1 1e-08 1e-08 1e-08 0 3.16667
50 1 1e-08 1e-08 1e-08 0 2.8
29 1 1e-08 1e-08 1e-08 0 2.66667
39 1 1e-08 1e-08 1e-08 0 2.66667
40 1 1e-08 1e-08 1e-08 0 2.8
41 1 1e-08 1e-08 1e-08 0 3.66667
43 1 1e-08 1e-08 1e-08 0 2.8
46 1 1e-08 1e-08 1e-08 0 2.66667
48 1 1e-08 1e-08 1e-08 0 2.66667
70 1 1e-08 1e-08 1e-08 0 1.66667
69 1 1e-08 1e-08 1e-08 0 2.8
68 1 1e-08 1e-08 1e-08 0 2.8
52 1 1e-08 1e-08 1e-08 0 2.8
49 1 1e-08 1e-08 1e-08 0 2.66667

73 23 1.23659 1.23659 2.61389 1.37731 3.16667
85 1 28.6735 28.6735 28.6735 0 2.8
86 1 28.6735 28.6735 28.6735 0 0.666667
74 9 1.19479 1.19465 2.69796 1.50327 1.16667
75 9 1.79209 1.79209 2.6004 0.808313 2.8
67 5 5.73469 0.244727 4.6367 2.19599 0.8
66 5 5.73469 2e-09 3.44081 2.80941 0.666667
25 1 6.72677 6.72677 6.72677 0 2.66667
30 2 1.44563 1.44563 2.89127 1.44563 2.66667
32 1 4.49466 4.49466 4.49466 0 2.66667
15 1 1.61417 1.61417 1.61417 5e-09 2.66667
34 1 1.53155 1.53155 1.53155 5e-09 2.66667
36 1 1.2429 1.2429 1.2429 0 2.66667
10 1 1.22429 1.22429 1.22429 0 2.66667
11 1 1.22429 1.22429 1.22429 0 2.66667
9 1 1.22429 1.22429 1.22429 0 2.66667
12 1 1.22429 1.22429 1.22429 0 2.66667
8 1 1.22429 1.22429 1.22429 0 2.66667
14 1 1.22429 1.22429 1.22429 0 2.66667
53 1 1.22429 1.22429 1.22429 0 2.66667
31 1 1.22429 1.22429 1.22429 0 2.66667
13 1 1.22429 1.22429 1.22429 0 2.66667
35 1 1.22429 1.22429 1.22429 0 2.8
7 1 1.22429 1.22429 1.22429 0 2.66667
27 1 1.22429 1.22429 1.22429 0 2.66667
16 1 1.22428 1.22428 1.22428 0 2.66667
17 1 1.22427 1.22427 1.22427 0 2.66667
18 1 1.22426 1.22426 1.22426 0 2.66667
19 1 1.22424 1.22424 1.22424 0 2.66667
26 1 1.22422 1.22422 1.22422 0 2.66667
2 1 1.22421 1.22421 1.22421 0 2.66667
20 1 1.22421 1.22421 1.22421 0 2.66667
21 1 1.22421 1.22421 1.22421 0 2.66667
22 1 1.22418 1.22418 1.22418 0 2.66667
56 1 0.543502 0.543502 0.543502 5e-09 1.16667
81 1 0.0522725 0.0522725 0.0522725 0 0.8
77 1 0.0522713 0.0522713 0.0522713 0 0.8
71 1 1.42318e-07 1.42318e-07 1.42318e-07 0 2.8
90 1 1e-08 1e-08 1e-08 0 3.16667
89 1 1e-08 1e-08 1e-08 0 3.3
88 1 1e-08 1e-08 1e-08 0 3.16667
87 1 1e-08 1e-08 1e-08 0 3.16667
49 1 1e-08 1e-08 1e-08 0 2.66667
52 1 1e-08 1e-08 1e-08 0 2.8
68 1 1e-08 1e-08 1e-08 0 2.8
69 1 1e-08 1e-08 1e-08 0 2.8
70 1 1e-08 1e-08 1e-08 0 1.66667
48 1 1e-08 1e-08 1e-08 0 2.66667
46 1 1e-08 1e-08 1e-08 0 2.66667
43 1 1e-08 1e-08 1e-08 0 2.8
41 1 1e-08 1e-08 1e-08 0 3.66667
40 1 1e-08 1e-08 1e-08 0 2.8
39 1 1e-08 1e-08 1e-08 0 2.66667
29 1 1e-08 1e-08 1e-08 0 2.66667

73 34 1.64878 1.64878 2.2404 0.591617 3.16667
74 13 2.20576 2.20496 2.2055 0.000183662 1.16667
85 11 2.48035 0.774958 2.20155 1.36266 0.857143
86 10 0.735437 0.735217 2.29069 1.55545 0.857143
75 2 14.3367 5e-09 7.16836 7.16836 2.8
30 2 3.61408 3.61408 3.61408 0 2.66667
25 1 6.72677 6.72677 6.72677 0 2.66667
32 1 4.49466 4.49466 4.49466 0 2.66667
15 1 3.22834 3.22834 3.22834 0 2.66667
34 1 3.0631 3.0631 3.0631 0 2.66667
36 1 1.2429 1.2429 1.2429 0 2.66667
27 1 1.22429 1.22429 1.22429 0 2.66667
7 1 1.22429 1.22429 1.22429 0 2.66667
35 1 1.22429 1.22429 1.22429 0 2.8
13 1 1.22429 1.22429 1.22429 0 2.66667
31 1 1.22429 1.22429 1.22429 0 2.66667
53 1 1.22429 1.22429 1.22429 0 2.66667
14 1 1.22429 1.22429 1.22429 0 2.66667
8 1 1.22429 1.22429 1.22429 0 2.66667
12 1 1.22429 1.22429 1.22429 0 2.66667
9 1 1.22429 1.22429 1.22429 0 2.66667
11 1 1.22429 1.22429 1.22429 0 2.66667
10 1 1.22429 1.22429 1.22429 0 2.66667
16 1 1.22428 1.22428 1.22428 0 2.66667
17 1 1.22427 1.22427 1.22427 0 2.66667
18 1 1.22426 1.22426 1.22426 0 2.66667
19 1 1.22424 1.22424 1.22424 0 2.66667
26 1 1.22422 1.22422 1.22422 0 2.66667
2 1 1.22421 1.22421 1.22421 0 2.66667
20 1 1.22421 1.22421 1.22421 0 2.66667
21 1 1.22421 1.22421 1.22421 0 2.66667
22 1 1.22418 1.22418 1.22418 0 2.66667
67 1 0.611818 0.611818 0.611818 5e-09 0.8
92 1 0.259378 0.259378 0.259378 0 0.857143
81 1 0.0522725 0.0522725 0.0522725 0 0.8

73 33 1.41324 1.41324 2.53952 1.12628 3.16667
86 2 14.3632 14.3632 14.3632 0 2.8
85 10 1.10289 1.10283 2.65129 1.54844 1.35714
74 9 0.651864 0.651679 2.76744 2.11567 1.16667
95 5 5.74513 2e-09 3.4429 2.81112 2.8
75 6 4.83016 1.50913 2.83401 1.45821 2.8
30 2 3.61408 3.61408 3.61408 0 2.66667
25 1 6.72677 6.72677 6.72677 0 2.66667
32 1 4.49466 4.49466 4.49466 0 2.66667
15 1 3.22834 3.22834 3.22834 0 2.66667
34 1 3.0631 3.0631 3.0631 0 2.66667
36 1 1.2429 1.2429 1.2429 0 2.66667
10 1 1.22429 1.22429 1.22429 0 2.66667
11 1 1.22429 1.22429 1.22429 0 2.66667
9 1 1.22429 1.22429 1.22429 0 2.66667
12 1 1.22429 1.22429 1.22429 0 2.66667
8 1 1.22429 1.22429 1.22429 0 2.66667
14 1 1.22429 1.22429 1.22429 0 2.66667
53 1 1.22429 1.22429 1.22429 0 2.66667
31 1 1.22429 1.22429 1.22429 0 2.66667
13 1 1.22429 1.22429 1.22429 0 2.66667
35 1 1.22429 1.22429 1.22429 0 2.8
7 1 1.22429 1.22429 1.22429 0 2.66667
27 1 1.22429 1.22429 1.22429 0 2.66667
16 1 1.22428 1.22428 1.22428 0 2.66667
17 1 1.22427 1.22427 1.22427 0 2.66667
18 1 1.22426 1.22426 1.22426 0 2.66667
19 1 1.22424 1.22424 1.22424 0 2.66667
26 1 1.22422 1.22422 1.22422 0 2.66667
20 1 1.22421 1.22421 1.22421 0 2.66667
2 1 1.22421 1.22421 1.22421 0 2.66667
21 1 1.22421 1.22421 1.22421 0 2.66667
22 1 1.22418 1.22418 1.22418 0 2.66667
92 1 0.259378 0.259378 0.259378 0 0.857143
81 1 0.0522725 0.0522725 0.0522725 0 0.8
67 1 0.0494812 0.0494812 0.0494812 0 0.8
96 1 1e-08 1e-08 1e-08 0 3.16667
97 1 1e-08 1e-08 1e-08 0 0.666667
98 1 1e-08 1e-08 1e-08 0 3.16667
99 1 1e-08 1e-08 1e-08 0 0.666667

73 32 1.11154 1.11154 2.55598 1.44445 3.16667
85 11 2.39017 2.38949 2.60702 0.217227 0.8
101 1 28.6752 28.6752 28.6752 0 1.35714
86 9 1.79947 0.563263 2.71894 2.05537 2.8
74 7 3.58525 0.0065316 2.56827 1.60691 1.16667
75 2 14.3468 0.0247406 7.18579 7.16105 0.8
30 2 3.61408 3.61408 3.61408 0 2.66667
25 1 6.72677 6.72677 6.72677 0 2.66667
32 1 4.49466 4.49466 4.49466 0 2.66667
15 1 3.22834 3.22834 3.22834 0 2.66667
34 1 3.0631 3.0631 3.0631 0 2.66667
36 1 1.2429 1.2429 1.2429 0 2.66667
27 1 1.22429 1.22429 1.22429 0 2.66667
7 1 1.22429 1.22429 1.22429 0 2.66667
35 1 1.22429 1.22429 1.22429 0 2.8
13 1 1.22429 1.22429 1.22429 0 2.66667
31 1 1.22429 1.22429 1.22429 0 2.66667
53 1 1.22429 1.22429 1.22429 0 2.66667
14 1 1.22429 1.22429 1.22429 0 2.66667
8 1 1.22429 1.22429 1.22429 0 2.66667
12 1 1.22429 1.22429 1.22429 0 2.66667
9 1 1.22429 1.22429 1.22429 0 2.66667
11 1 1.22429 1.22429 1.22429 0 2.66667
10 1 1.22429 1.22429 1.22429 0 2.66667
16 1 1.22428 1.22428 1.22428 0 2.66667
17 1 1.22427 1.22427 1.22427 0 2.66667
18 1 1.22426 1.22426 1.22426 0 2.66667
19 1 1.22424 1.22424 1.22424 0 2.66667
26 1 1.22422 1.22422 1.22422 0 2.66667
2 1 1.22421 1.22421 1.22421 0 2.66667
20 1 1.22421 1.22421 1.22421 0 2.66667
21 1 1.22421 1.22421 1.22421 0 2.66667
22 1 1.22418 1.22418 1.22418 0 2.66667
92 1 0.259378 0.259378 0.259378 0 0.857143
81 1 0.0522725 0.0522725 0.0522725 0 0.8
102 1 0.00337514 0.00337514 0.00337514 0 1.66667
96 1 1e-08 1e-08 1e-08 0 3.16667
97 1 5e-09 5e-09 1e-08 5e-09 1.66667
98 1 1e-08 1e-08 1e-08 0 3.16667
99 1 1e-08 1e-08 1e-08 0 0.666667
100 1 1e-08 1e-08 1e-08 0 3.16667

73 31 1.35516 1.35516 2.51906 1.1639 3.16667
103 1 28.6937 28.6937 28.6937 0 2.8
85 10 1.87292 0.585348 2.59795 1.92277 1.85714
86 8 1.79765 1.7954 2.71404 0.918349 2.8
74 8 1.68719 1.68676 2.60317 0.916254 1.16667
105 2 14.3701 5e-09 7.18507 7.18507 2.85714
30 2 3.61408 3.61408 3.61408 0 2.66667
25 1 6.72677 6.72677 6.72677 0 2.66667
101 2 6.27535 3.33333e-09 3.13767 3.13767 1.35714
32 1 4.49466 4.49466 4.49466 0 2.66667
15 1 3.22834 3.22834 3.22834 0 2.66667
36 1 1.2429 1.2429 1.2429 0 2.66667
27 1 1.22429 1.22429 1.22429 0 2.66667
7 1 1.22429 1.22429 1.22429 0 2.66667
35 1 1.22429 1.22429 1.22429 0 2.8
13 1 1.22429 1.22429 1.22429 0 2.66667
31 1 1.22429 1.22429 1.22429 0 2.66667
53 1 1.22429 1.22429 1.22429 0 2.66667
14 1 1.22429 1.22429 1.22429 0 2.66667
8 1 1.22429 1.22429 1.22429 0 2.66667
12 1 1.22429 1.22429 1.22429 0 2.66667
9 1 1.22429 1.22429 1.22429 0 2.66667
11 1 1.22429 1.22429 1.22429 0 2.66667
10 1 1.22429 1.22429 1.22429 0 2.66667
16 1 1.22428 1.22428 1.22428 0 2.66667
17 1 1.22427 1.22427 1.22427 0 2.66667
18 1 1.22426 1.22426 1.22426 0 2.66667
19 1 1.22424 1.22424 1.22424 0 2.66667
26 1 1.22422 1.22422 1.22422 0 2.66667
2 1 1.22421 1.22421 1.22421 0 2.66667
20 1 1.22421 1.22421 1.22421 0 2.66667
21 1 1.22421 1.22421 1.22421 0 2.66667
22 1 1.22418 1.22418 1.22418 0 2.66667
34 1 1.13154 1.13154 1.13154 0 2.66667
92 1 0.259378 0.259378 0.259378 0 0.857143
81 1 0.0522725 0.0522725 0.0522725 0 0.8
102 1 0.00337514 0.00337514 0.00337514 0 1.66667
96 1 1e-08 1e-08 1e-08 0 3.16667
97 1 1e-08 1e-08 1e-08 0 0.666667
98 1 1e-08 1e-08 1e-08 0 3.16667
99 1 1e-08 1e-08 1e-08 0 0.666667
100 1 1e-08 1e-08 1e-08 0 3.16667
104 1 1e-08 1e-08 1e-08 0 3.16667

73 32 1.23659 1.23659 2.28077 1.04418 3.16667
74 12 1.14729 1.14728 2.38988 1.24259 1.16667
103 11 4.58865 1.43468 2.27028 1.24341 2.8
86 10 1.29212 1.24898 2.25232 0.998734 2.8
85 9 2.61037 0.00288304 2.21997 0.832225 1.35714
30 2 3.61408 3.61408 3.61408 0 2.66667
25 1 6.72677 6.72677 6.72677 0 2.66667
32 1 4.49466 4.49466 4.49466 0 2.66667
15 1 3.22834 3.22834 3.22834 0 2.66667
34 1 3.0631 3.0631 3.0631 0 2.66667
36 1 1.2429 1.2429 1.2429 0 2.66667
10 1 1.22429 1.22429 1.22429 0 2.66667
11 1 1.22429 1.22429 1.22429 0 2.66667
9 1 1.22429 1.22429 1.22429 0 2.66667
12 1 1.22429 1.22429 1.22429 0 2.66667
8 1 1.22429 1.22429 1.22429 0 2.66667
14 1 1.22429 1.22429 1.22429 0 2.66667
53 1 1.22429 1.22429 1.22429 0 2.66667
31 1 1.22429 1.22429 1.22429 0 2.66667
13 1 1.22429 1.22429 1.22429 0 2.66667
35 1 1.22429 1.22429 1.22429 0 2.8
7 1 1.22429 1.22429 1.22429 0 2.66667
27 1 1.22429 1.22429 1.22429 0 2.66667
16 1 1.22428 1.22428 1.22428 0 2.66667
17 1 1.22427 1.22427 1.22427 0 2.66667
18 1 1.22426 1.22426 1.22426 0 2.66667
19 1 1.22424 1.22424 1.22424 0 2.66667
26 1 1.22422 1.22422 1.22422 0 2.66667
2 1 1.22421 1.22421 1.22421 0 2.66667
20 1 1.22421 1.22421 1.22421 0 2.66667
21 1 1.22421 1.22421 1.22421 0 2.66667

73 25 1.22132 1.22132 3.11353 1.89221 3.16667
85 7 18.9885 0.00453049 5.64124 5.62917 1.35714
103 11 3.46201 1.06273 3.27655 1.65541 2.8
109 1 28.714 28.714 28.714 0 1.8
110 1 28.6735 28.6735 28.6735 0 1.8
74 8 0.989938 0.989045 3.46192 2.47251 1.66667
86 6 1.14774 1.10628 3.53231 2.39466 3.3
30 2 3.61408 3.61408 3.61408 0 2.66667
25 1 6.72677 6.72677 6.72677 0 2.66667
32 1 4.49466 4.49466 4.49466 0 2.66667
15 1 3.22834 3.22834 3.22834 0 2.66667
34 1 3.0631 3.0631 3.0631 0 2.66667
36 1 1.2429 1.2429 1.2429 0 2.66667
27 1 1.22429 1.22429 1.22429 0 2.66667
7 1 1.22429 1.22429 1.22429 0 2.66667
35 1 1.22429 1.22429 1.22429 0 2.8
13 1 1.22429 1.22429 1.22429 0 2.66667
31 1 1.22429 1.22429 1.22429 0 2.66667
53 1 1.22429 1.22429 1.22429 0 2.66667
14 1 1.22429 1.22429 1.22429 0 2.66667
8 1 1.22429 1.22429 1.22429 0 2.66667
12 1 1.22429 1.22429 1.22429 0 2.66667
9 1 1.22429 1.22429 1.22429 0 2.66667
10 1 1.22429 1.22429 1.22429 0 2.66667
11 1 1.22429 1.22429 1.22429 0 2.66667
16 1 1.22428 1.22428 1.22428 0 2.66667
17 1 1.22427 1.22427 1.22427 0 2.66667
18 1 1.22426 1.22426 1.22426 0 2.66667
19 1 1.22424 1.22424 1.22424 0 2.66667
26 1 1.22422 1.22422 1.22422 0 2.66667
2 1 1.22421 1.22421 1.22421 0 2.66667
20 1 1.22421 1.22421 1.22421 0 2.66667
21 1 1.22421 1.22421 1.22421 0 2.66667
111 1 1e-08 1e-08 1e-08 0 3.16667
112 1 1e-08 1e-08 1e-08 0 2.8

73 33 1.79867 1.79867 2.79681 0.998136 3.16667
103 14 3.33695 0.990627 2.88546 1.2351 1.85714
74 4 7.17058 7.17058 7.17058 0 1.66667
85 8 2.50985 0.541774 3.06701 2.20445 1.8
86 2 14.9206 5e-09 7.46031 7.46031 2.88889
110 5 4.77891 1.66667e-09 2.86735 2.34118 2.3
109 4 5.73737 2e-09 2.86812 2.86812 1.8
30 2 3.61408 3.61408 3.61408 0 2.66667
25 1 6.72677 6.72677 6.72677 0 2.66667
32 1 4.49466 4.49466 4.49466 0 2.66667
15 1 3.22834 3.22834 3.22834 0 2.66667
34 1 3.0631 3.0631 3.0631 0 2.66667
36 1 1.2429 1.2429 1.2429 0 2.66667
11 1 1.22429 1.22429 1.22429 0 2.66667
10 1 1.22429 1.22429 1.22429 0 2.66667
9 1 1.22429 1.22429 1.22429 0 2.66667
12 1 1.22429 1.22429 1.22429 0 2.66667
8 1 1.22429 1.22429 1.22429 0 2.66667
14 1 1.22429 1.22429 1.22429 0 2.66667
53 1 1.22429 1.22429 1.22429 0 2.66667
31 1 1.22429 1.22429 1.22429 0 2.66667
13 1 1.22429 1.22429 1.22429 0 2.66667
35 1 1.22429 1.22429 1.22429 0 2.8
7 1 1.22429 1.22429 1.22429 0 2.66667
27 1 1.22429 1.22429 1.22429 0 2.66667
16 1 1.22428 1.22428 1.22428 0 2.66667
17 1 1.22427 1.22427 1.22427 0 2.66667
18 1 1.22426 1.22426 1.22426 0 2.66667
19 1 1.22424 1.22424 1.22424 0 2.66667
26 1 1.22422 1.22422 1.22422 0 2.66667
2 1 1.22421 1.22421 1.22421 0 2.66667
20 1 1.22421 1.22421 1.22421 0 2.66667
21 1 1.22421 1.22421 1.22421 0 2.66667
111 1 0.0799301 0.0799301 0.0799301 5e-09 3.16667
113 1 0.0540497 0.0540497 0.0540497 0 2.85714
114 1 1e-08 1e-08 1e-08 0 3.16667
115 1 1e-08 1e-08 1e-08 0 1.85714

73 22 1.26829 1.26829 3.67222 2.40393 3.16667
103 12 4.58345 0.990289 3.78697 1.69283 0.8
86 11 6.23163 1.98109 3.87659 2.03219 2.88889
118 4 21.0681 2.5e-09 10.2746 10.2811 2.8
85 9 13.3022 1e-09 3.70831 3.50782 1.85714
113 8 3.78493 2.76965 3.87626 0.558934 2.8
74 6 1.7981 1.79264 3.9241 2.13055 1.66667
117 2 9.55517 3.33333e-09 4.77758 4.77758 2.8
30 2 3.61408 3.61408 3.61408 0 2.66667
25 1 6.72677 6.72677 6.72677 0 2.66667
32 1 4.49466 4.49466 4.49466 0 2.66667
15 1 3.22834 3.22834 3.22834 0 2.66667
36 1 1.2429 1.2429 1.2429 0 2.66667
27 1 1.22429 1.22429 1.22429 0 2.66667
7 1 1.22429 1.22429 1.22429 0 2.66667
35 1 1.22429 1.22429 1.22429 0 2.8
13 1 1.22429 1.22429 1.22429 0 2.66667
31 1 1.22429 1.22429 1.22429 0 2.66667
53 1 1.22429 1.22429 1.22429 0 2.66667
14 1 1.22429 1.22429 1.22429 0 2.66667
8 1 1.22429 1.22429 1.22429 0 2.66667
12 1 1.22429 1.22429 1.22429 0 2.66667
9 1 1.22429 1.22429 1.22429 0 2.66667
11 1 1.22429 1.22429 1.22429 0 2.66667
10 1 1.22429 1.22429 1.22429 0 2.66667
16 1 1.22428 1.22428 1.22428 0 2.66667
17 1 1.22427 1.22427 1.22427 0 2.66667
18 1 1.22426 1.22426 1.22426 0 2.66667
19 1 1.22424 1.22424 1.22424 0 2.66667
26 1 1.22422 1.22422 1.22422 0 2.66667
20 1 1.22421 1.22421 1.22421 0 2.66667
2 1 1.22421 1.22421 1.22421 0 2.66667
21 1 1.22421 1.22421 1.22421 0 2.66667
34 1 1.13154 1.13154 1.13154 0 2.66667

73 18 2.01892 2.01892 4.8326 2.81368 3.16667
117 1 73.0126 73.0126 73.0126 0 2.8
123 8 16.6278 1.25e-09 8.75888 7.93876 1.85714
103 13 2.43476 1.61163 4.8032 2.96488 2.8
86 6 3.40023 1.85743 4.84778 2.53037 2.8
74 6 4.79493 4.78038 4.78281 0.00542151 1.66667
85 5 2.60678 2.60668 5.21426 2.60756 1.8
118 5 7.71435 2.20565 5.17236 2.14127 2.8
124 2 14.3367 0.000335816 7.16853 7.1682 1.3
30 1 3.61408 3.61408 7.22817 3.61408 2.66667
25 1 6.72677 6.72677 6.72677 0 2.66667
32 1 4.49466 4.49466 4.49466 0 2.66667
15 1 3.22834 3.22834 3.22834 0 2.66667
34 1 3.0631 3.0631 3.0631 0 2.66667
36 1 1.2429 1.2429 1.2429 0 2.66667
10 1 1.22429 1.22429 1.22429 0 2.66667
11 1 1.22429 1.22429 1.22429 0 2.66667
9 1 1.22429 1.22429 1.22429 0 2.66667
12 1 1.22429 1.22429 1.22429 0 2.66667
8 1 1.22429 1.22429 1.22429 0 2.66667
14 1 1.22429 1.22429 1.22429 0 2.66667
53 1 1.22429 1.22429 1.22429 0 2.66667
31 1 1.22429 1.22429 1.22429 0 2.66667
13 1 1.22429 1.22429 1.22429 0 2.66667
35 1 1.22429 1.22429 1.22429 0 2.8
27 1 1.22429 1.22429 1.22429 0 2.66667
7 1 1.22429 1.22429 1.22429 0 2.66667
16 1 1.22428 1.22428 1.22428 0 2.66667
17 1 1.22427 1.22427 1.22427 0 2.66667
18 1 1.22426 1.22426 1.22426 0 2.66667
19 1 1.22424 1.22424 1.22424 0 2.66667
26 1 1.22422 1.22422 1.22422 0 2.66667
2 1 1.22421 1.22421 1.22421 0 2.66667
20 1 1.22421 1.22421 1.22421 0 2.66667
21 1 1.22421 1.22421 1.22421 0 2.66667
113 1 0.335626 0.335626 0.335626 5e-09 2.9
125 1 3.33333e-09 3.33333e-09 1e-08 6.66667e-09 1.85714
126 1 1e-08 1e-08 1e-08 0 2.8
127 1 1e-08 1e-08 1e-08 0 2.8
128 1 1e-08 1e-08 1e-08 0 2.85714
129 1 1e-08 1e-08 1e-08 0 1.16667
130 1 1e-08 1e-08 1e-08 0 1.8

73 19 2.53659 2.53659 4.32382 1.78723 3.16667
86 1 79.3441 79.3441 79.3441 0 2.88889
123 14 4.93255 1.06417 4.39128 1.38388 1.38889
103 14 3.92267 2.59651 4.38349 1.57651 2.8
117 9 2.74925 2.14743 4.36542 2.14796 2.88889
74 6 2.39747 2.39019 4.38366 1.99226 1.66667
85 5 4.09636 4.09621 4.9155 0.819261 1.85714
30 1 7.22817 7.22817 7.22817 0 2.66667
25 1 6.72677 6.72677 6.72677 0 2.66667
32 1 4.49466 4.49466 4.49466 0 2.66667
15 1 3.22834 3.22834 3.22834 0 2.66667
34 1 3.0631 3.0631 3.0631 0 2.66667
36 1 1.2429 1.2429 1.2429 0 2.66667
27 1 1.22429 1.22429 1.22429 0 2.66667
7 1 1.22429 1.22429 1.22429 0 2.66667
35 1 1.22429 1.22429 1.22429 0 2.8
13 1 1.22429 1.22429 1.22429 0 2.66667
31 1 1.22429 1.22429 1.22429 0 2.66667
53 1 1.22429 1.22429 1.22429 0 2.66667
14 1 1.22429 1.22429 1.22429 0 2.66667
8 1 1.22429 1.22429 1.22429 0 2.66667
12 1 1.22429 1.22429 1.22429 0 2.66667
9 1 1.22429 1.22429 1.22429 0 2.66667
11 1 1.22429 1.22429 1.22429 0 2.66667
10 1 1.22429 1.22429 1.22429 0 2.66667
16 1 1.22428 1.22428 1.22428 0 2.66667
17 1 1.22427 1.22427 1.22427 0 2.66667
18 1 1.22426 1.22426 1.22426 0 2.66667
19 1 1.22424 1.22424 1.22424 0 2.66667
26 1 1.22422 1.22422 1.22422 0 2.66667
2 1 1.22421 1.22421 1.22421 0 2.66667
20 1 1.22421 1.22421 1.22421 0 2.66667
21 1 1.22421 1.22421 1.22421 0 2.66667
133 1 0.482418 0.482418 0.482418 5e-09 3.35714
113 1 0.335626 0.335626 0.335626 5e-09 2.85714
131 1 0.0522306 0.0522306 0.0522306 0 2.8
132 1 0.00996759 0.00996759 0.0099676 5e-09 1.8
118 1 5e-09 5e-09 1e-08 5e-09 1.8
124 1 5e-09 5e-09 1e-08 5e-09 1.85714
129 1 1e-08 1e-08 1e-08 0 1.16667

135 1 122.607 122.607 122.607 0 2.85714
123 13 4.44207 4.43067 7.20443 2.76931 3.85714
73 12 3.47629 2.3554 7.07731 4.63885 3.16667
103 11 4.15342 2.74925 7.19617 4.19214 2.8
117 9 6.08438 6.08438 7.43646 1.35208 2.8
118 2 66.4601 5e-09 33.23 33.23 1.85714
86 6 3.39467 2.33365 7.04066 4.314 2.88889
74 4 3.5962 3.58529 7.17303 3.58501 1.8
85 2 14.3367 14.3367 14.3367 0 1.8
136 1 28.6735 28.6735 28.6735 0 1.85714
30 1 7.22817 7.22817 7.22817 0 2.66667
25 1 6.72677 6.72677 6.72677 0 2.66667
32 1 4.49466 4.49466 4.49466 0 2.66667
15 1 3.22834 3.22834 3.22834 0 2.66667
34 1 3.0631 3.0631 3.0631 0 2.66667
36 1 1.2429 1.2429 1.2429 0 2.66667
10 1 1.22429 1.22429 1.22429 0 2.66667
11 1 1.22429 1.22429 1.22429 0 2.66667
9 1 1.22429 1.22429 1.22429 0 2.66667
12 1 1.22429 1.22429 1.22429 0 2.66667
8 1 1.22429 1.22429 1.22429 0 2.66667
14 1 1.22429 1.22429 1.22429 0 2.66667
53 1 1.22429 1.22429 1.22429 0 2.66667
31 1 1.22429 1.22429 1.22429 0 2.66667
13 1 1.22429 1.22429 1.22429 0 2.66667
27 1 1.22429 1.22429 1.22429 0 2.66667
7 1 1.22429 1.22429 1.22429 0 2.66667
35 1 1.22429 1.22429 1.22429 0 2.8
16 1 1.22428 1.22428 1.22428 0 2.66667
17 1 1.22427 1.22427 1.22427 0 2.66667
18 1 1.22426 1.22426 1.22426 0 2.66667
19 1 1.22424 1.22424 1.22424 0 2.66667
26 1 1.22422 1.22422 1.22422 0 2.66667
2 1 1.22421 1.22421 1.22421 0 2.66667
20 1 1.22421 1.22421 1.22421 0 2.66667
21 1 1.22421 1.22421 1.22421 0 2.66667
113 1 0.671252 0.671252 0.671252 0 2.9
131 1 0.0522306 0.0522306 0.0522306 0 2.8
132 1 0.00996759 0.00996759 0.0099676 5e-09 1.8
129 1 1e-08 1e-08 1e-08 0 1.16667
137 1 1e-08 1e-08 1e-08 0 1.85714
138 1 1e-08 1e-08 1e-08 0 2.8
139 1 1e-08 1e-08 1e-08 0 2.8
140 1 1e-08 1e-08 1e-08 0 2.85714

123 20 3.80958 3.79859 5.89368 2.0913 3.88889
86 4 28.8547 19.836 23.0544 3.70015 2.88889
73 13 4.29424 2.90962 5.92588 2.93305 3.16667
135 12 3.62093 2.57145 5.8128 2.79064 2.85714
117 7 3.17446 3.17446 6.4703 3.29584 2.8
103 7 10.7825 0.166182 6.17184 3.92687 2.88889
141 1 28.7696 28.7696 28.7696 0 1.85714
74 3 9.56077 9.56077 9.56077 0 1.66667
85 3 7.16836 7.16836 7.16836 8.33333e-10 1.85714
30 1 7.22817 7.22817 7.22817 0 2.66667
25 1 6.72677 6.72677 6.72677 0 2.66667
32 1 4.49466 4.49466 4.49466 0 2.66667
15 1 3.22834 3.22834 3.22834 0 2.66667
34 1 3.0631 3.0631 3.0631 0 2.66667
36 1 1.2429 1.2429 1.2429 0 2.66667
35 1 1.22429 1.22429 1.22429 0 2.8
7 1 1.22429 1.22429 1.22429 0 2.66667
27 1 1.22429 1.22429 1.22429 0 2.66667
13 1 1.22429 1.22429 1.22429 0 2.66667
31 1 1.22429 1.22429 1.22429 0 2.66667
53 1 1.22429 1.22429 1.22429 0 2.66667
14 1 1.22429 1.22429 1.22429 0 2.66667
8 1 1.22429 1.22429 1.22429 0 2.66667
12 1 1.22429 1.22429 1.22429 0 2.66667
9 1 1.22429 1.22429 1.22429 0 2.66667
11 1 1.22429 1.22429 1.22429 0 2.66667
10 1 1.22429 1.22429 1.22429 0 2.66667
16 1 1.22428 1.22428 1.22428 0 2.66667
17 1 1.22427 1.22427 1.22427 0 2.66667
18 1 1.22426 1.22426 1.22426 0 2.66667
19 1 1.22424 1.22424 1.22424 0 2.66667
26 1 1.22422 1.22422 1.22422 0 2.66667
20 1 1.22421 1.22421 1.22421 0 2.66667
2 1 1.22421 1.22421 1.22421 0 2.66667
21 1 1.22421 1.22421 1.22421 0 2.66667
131 1 0.0522306 0.0522306 0.0522306 0 2.8
132 1 0.0199352 0.0199352 0.0199352 0 1.8
118 1 0.0012962 0.0012962 0.00129621 8.57143e-09 1.38889
129 1 1e-08 1e-08 1e-08 0 1.16667
139 1 1e-08 1e-08 1e-08 0 2.8

141 13 7.00233 6.99109 8.00159 1.00246 1.66667
135 12 8.30684 6.54136 8.12603 0.982488 2.85714
123 6 22.2226 1.66667e-09 14.7949 10.4616 1.38889
118 10 10.2598 0.00184025 8.19979 4.09213 1.85714
73 9 4.05567 2.74797 7.81125 4.93512 3.16667
145 9 9.51274 7.14286e-10 7.61585 3.55631 3.35714
117 8 6.27719 3.17446 8.14906 4.08815 2.85714
146 6 12.5707 3.18591 8.69583 4.08332 2.8
86 6 4.61675 3.79052 8.59245 4.39253 2.88889
85 3 9.55782 9.55782 9.55782 0 1.85714
30 1 7.22817 7.22817 7.22817 0 2.66667
25 1 6.72677 6.72677 6.72677 0 2.66667
32 1 4.49466 4.49466 4.49466 0 2.66667
15 1 3.22834 3.22834 3.22834 0 2.66667
34 1 3.0631 3.0631 3.0631 0 2.66667
36 1 1.2429 1.2429 1.2429 0 2.66667
10 1 1.22429 1.22429 1.22429 0 2.66667
11 1 1.22429 1.22429 1.22429 0 2.66667
9 1 1.22429 1.22429 1.22429 0 2.66667
12 1 1.22429 1.22429 1.22429 0 2.66667
8 1 1.22429 1.22429 1.22429 0 2.66667
14 1 1.22429 1.22429 1.22429 0 2.66667
53 1 1.22429 1.22429 1.22429 0 2.66667
31 1 1.22429 1.22429 1.22429 0 2.66667
13 1 1.22429 1.22429 1.22429 0 2.66667
27 1 1.22429 1.22429 1.22429 0 2.66667
35 1 1.22429 1.22429 1.22429 0 2.8
7 1 1.22429 1.22429 1.22429 0 2.66667
16 1 1.22428 1.22428 1.22428 0 2.66667

141 3 44.3407 44.2301 44.3025 0.0511938 1.35714
86 5 23.0838 18.9526 20.8856 1.55748 2.88889
135 13 3.62935 2.99043 8.00311 4.79823 2.85714
123 13 1.71811 1.70764 7.81717 6.10782 1.38889
73 11 6.348 4.30117 8.11986 3.67996 3.16667
146 8 8.75768 6.67674 8.36798 1.35891 2.85714
118 5 22.1415 0.00151223 8.92632 10.7831 1.88889
117 3 14.6025 0.784065 10.0412 6.51423 2.8
85 2 14.3367 14.3367 14.3367 0 1.85714
152 1 11.9246 11.9246 11.9246 0 2.85714
30 1 7.22817 7.22817 7.22817 0 2.66667
25 1 6.72677 6.72677 6.72677 0 2.66667
32 1 4.49466 4.49466 4.49466 0 2.66667
15 1 3.22834 3.22834 3.22834 0 2.66667
36 1 1.2429 1.2429 1.2429 0 2.66667
7 1 1.22429 1.22429 1.22429 0 2.66667
35 1 1.22429 1.22429 1.22429 0 2.8
27 1 1.22429 1.22429 1.22429 0 2.66667
13 1 1.22429 1.22429 1.22429 0 2.66667
31 1 1.22429 1.22429 1.22429 0 2.66667
53 1 1.22429 1.22429 1.22429 0 2.66667
14 1 1.22429 1.22429 1.22429 0 2.66667
8 1 1.22429 1.22429 1.22429 0 2.66667
12 1 1.22429 1.22429 1.22429 0 2.66667
9 1 1.22429 1.22429 1.22429 0 2.66667
11 1 1.22429 1.22429 1.22429 0 2.66667
10 1 1.22429 1.22429 1.22429 0 2.66667
16 1 1.22428 1.22428 1.22428 0 2.66667
34 1 1.13154 1.13154 1.13154 0 2.66667
149 1 1e-08 1e-08 1e-08 0 1.40909
150 1 1e-08 1e-08 1e-08 0 3.16667
151 1 1e-08 1e-08 1e-08 0 2.8
153 1 1e-08 1e-08 1e-08 0 3.16667

154 2 61.3037 61.3037 61.3037 0 2.85714
135 14 5.95213 4.9043 7.51145 2.21268 2.85714
141 14 2.09203 2.05019 7.48838 5.43338 1.85714
73 13 8.11134 5.49594 7.38895 1.82974 3.16667
146 9 10.4536 0.435592 8.17786 3.91909 2.85714
117 2 36.5063 36.5063 36.5063 0 2.8
86 8 4.1221 3.85089 7.91265 4.01763 2.88889
85 2 14.3367 14.3367 14.3367 0 1.8
30 1 7.22817 7.22817 7.22817 0 2.66667
25 1 6.72677 6.72677 6.72677 0 2.66667
151 1 6.52431 6.52431 6.52431 5e-09 2.85714
32 1 4.49466 4.49466 4.49466 0 2.66667
15 1 3.22834 3.22834 3.22834 0 2.66667
34 1 3.0631 3.0631 3.0631 0 2.66667
36 1 1.2429 1.2429 1.2429 0 2.66667
10 1 1.22429 1.22429 1.22429 0 2.66667
11 1 1.22429 1.22429 1.22429 0 2.66667
9 1 1.22429 1.22429 1.22429 0 2.66667
12 1 1.22429 1.22429 1.22429 0 2.66667
8 1 1.22429 1.22429 1.22429 0 2.66667
14 1 1.22429 1.22429 1.22429 0 2.66667
53 1 1.22429 1.22429 1.22429 0 2.66667
31 1 1.22429 1.22429 1.22429 0 2.66667
13 1 1.22429 1.22429 1.22429 0 2.66667
27 1 1.22429 1.22429 1.22429 0 2.66667
35 1 1.22429 1.22429 1.22429 0 2.8
7 1 1.22429 1.22429 1.22429 0 2.66667
16 1 1.22428 1.22428 1.22428 0 2.66667
162 1 0.202797 0.202797 0.202797 0 3.16667
160 1 0.0650411 0.0650411 0.0650411 0 3.16667
156 1 0.0522704 0.0522704 0.0522704 0 3.3
155 1 0.0209371 0.0209371 0.0212925 0.000355434 3.16667
157 1 0.0049123 0.0049123 0.0049123 0 2.85714
118 1 0.00302447 0.00302447 0.00302448 6.66667e-09 1.38889
158 1 0.000216496 0.000216496 0.000216496 0 2.88889
153 1 1e-08 1e-08 1e-08 0 3.16667
159 1 5e-09 5e-09 1e-08 5e-09 3.16667
161 1 1e-08 1e-08 1e-08 0 2.90909
150 1 1e-08 1e-08 1e-08 0 3.16667

163 3 44.6708 44.4451 44.5819 0.0981649 1.38889
141 14 4.38652 4.30127 8.00122 3.68953 1.88889
86 8 14.4273 13.4781 13.6359 0.30674 2.88889
154 11 2.32505 2.16364 7.79014 5.56479 2.8
73 10 3.29757 3.29757 8.41673 5.11917 3.16667
151 9 7.84017 7.78953 8.18955 0.386879 2.8
117 6 11.4294 6.08438 8.20327 2.22545 2.8
162 3 48.668 3.33333e-09 16.2452 22.9264 3.16667
85 2 14.3367 14.3367 14.3367 0 1.85714
146 1 5.96232 5.96232 9.70182 3.7395 2.88889
30 1 7.22817 7.22817 7.22817 0 2.66667
25 1 6.72677 6.72677 6.72677 0 2.66667
32 1 4.49466 4.49466 4.49466 0 2.66667
15 1 3.22834 3.22834 3.22834 0 2.66667
36 1 1.2429 1.2429 1.2429 0 2.66667
7 1 1.22429 1.22429 1.22429 0 2.66667
35 1 1.22429 1.22429 1.22429 0 2.8
27 1 1.22429 1.22429 1.22429 0 2.66667
13 1 1.22429 1.22429 1.22429 0 2.66667
31 1 1.22429 1.22429 1.22429 0 2.66667
53 1 1.22429 1.22429 1.22429 0 2.66667
14 1 1.22429 1.22429 1.22429 0 2.66667
8 1 1.22429 1.22429 1.22429 0 2.66667
12 1 1.22429 1.22429 1.22429 0 2.66667
9 1 1.22429 1.22429 1.22429 0 2.66667
11 1 1.22429 1.22429 1.22429 0 2.66667
10 1 1.22429 1.22429 1.22429 0 2.66667
16 1 1.22428 1.22428 1.22428 0 2.66667
34 1 1.13154 1.13154 1.13154 0 2.66667
160 1 0.0650411 0.0650411 0.0650411 0 3.16667
156 1 0.0522704 0.0522704 0.0522704 0 3.3
157 1 0.0049123 0.0049123 0.0049123 0 2.85714
158 1 5.32145e-05 5.32145e-05 5.32145e-05 0 2.88889
161 1 1e-08 1e-08 1e-08 0 2.90909
150 1 1e-08 1e-08 1e-08 0 3.16667
164 1 5e-09 5e-09 1e-08 5e-09 2.8
165 1 1e-08 1e-08 1e-08 0 2.8

163 19 2.61504 2.56636 5.97096 3.39208 1.85714
154 18 3.54294 3.02741 6.04937 2.68109 2.88889
73 15 5.84016 3.95708 6.10819 2.0102 3.16667
117 4 18.2531 18.2531 18.2531 0 2.8
86 11 4.27477 3.57675 5.96226 1.97854 2.88889
141 3 44.4639 3.33333e-09 14.8213 20.9605 1.88889
85 2 14.3367 14.3367 14.3367 0 1.8
151 2 12.2406 0.282686 6.26232 5.97894 2.8
30 1 7.22817 7.22817 7.22817 0 2.66667
25 1 6.72677 6.72677 6.72677 0 2.66667
32 1 4.49466 4.49466 4.49466 0 2.66667
15 1 3.22834 3.22834 3.22834 0 2.66667
34 1 3.0631 3.0631 3.0631 0 2.66667
36 1 1.2429 1.2429 1.2429 0 2.66667
10 1 1.22429 1.22429 1.22429 0 2.66667
11 1 1.22429 1.22429 1.22429 0 2.66667
9 1 1.22429 1.22429 1.22429 0 2.66667
12 1 1.22429 1.22429 1.22429 0 2.66667
8 1 1.22429 1.22429 1.22429 0 2.66667
14 1 1.22429 1.22429 1.22429 0 2.66667
53 1 1.22429 1.22429 1.22429 0 2.66667
31 1 1.22429 1.22429 1.22429 0 2.66667
13 1 1.22429 1.22429 1.22429 0 2.66667
27 1 1.22429 1.22429 1.22429 0 2.66667
35 1 1.22429 1.22429 1.22429 0 2.8
7 1 1.22429 1.22429 1.22429 0 2.66667
16 1 1.22428 1.22428 1.22428 0 2.66667
162 1 0.0675989 0.0675989 0.0892793 0.0216804 3.16667
156 1 0.0522704 0.0522704 0.0522704 0 3.3
157 1 0.0049123 0.0049123 0.0049123 0 2.85714
150 1 7.86341e-05 7.86341e-05 7.86341e-05 0 3.16667
158 1 5.32145e-05 5.32145e-05 5.32145e-05 0 2.88889
161 1 1e-08 1e-08 1e-08 0 2.90909
166 1 1e-08 1e-08 1e-08 0 3.16667
167 1 5e-09 5e-09 1e-08 5e-09 3.16667

162 2 73.002 73.002 73.002 0 3.16667
163 11 12.3768 12.1342 12.2191 0.0847433 1.38889
154 11 3.91588 3.76244 10.264 6.46282 2.8
86 9 8.85146 7.18834 10.6697 3.21719 2.88889
170 9 5.01204 4.95891 10.541 5.57348 0.909091
141 5 26.8013 2e-09 16.056 13.1097 3.85714
73 7 2.60334 2.60334 10.4134 7.81003 3.16667
171 2 63.5756 0.0130373 31.7943 31.7813 2.85714
117 5 4.57175 2.43375 10.3352 6.701 2.8
151 2 36.7217 0.848058 18.7849 17.9368 2.8
175 1 28.683 28.683 28.683 0 0.8
85 2 14.3367 14.3367 14.3367 0 1.8
173 1 16.5652 16.5652 16.5652 0 2.85714
30 1 7.22817 7.22817 7.22817 0 2.66667
25 1 6.72677 6.72677 6.72677 0 2.66667
32 1 4.49466 4.49466 4.49466 0 2.66667
15 1 3.22834 3.22834 3.22834 0 2.66667
36 1 1.2429 1.2429 1.2429 0 2.66667
7 1 1.22429 1.22429 1.22429 0 2.66667
35 1 1.22429 1.22429 1.22429 0 2.8
27 1 1.22429 1.22429 1.22429 0 2.66667
13 1 1.22429 1.22429 1.22429 0 2.66667
31 1 1.22429 1.22429 1.22429 0 2.66667
53 1 1.22429 1.22429 1.22429 0 2.66667
14 1 1.22429 1.22429 1.22429 0 2.66667
8 1 1.22429 1.22429 1.22429 0 2.66667
12 1 1.22429 1.22429 1.22429 0 2.66667
10 1 1.22429 1.22429 1.22429 0 2.66667
9 1 1.22429 1.22429 1.22429 0 2.66667
11 1 1.22429 1.22429 1.22429 0 2.66667
16 1 1.22428 1.22428 1.22428 0 2.66667
34 1 1.13154 1.13154 1.13154 0 2.66667
172 1 0.202797 0.202797 0.202797 0 3.16667
156 1 0.0522704 0.0522704 0.0522704 0 3.3
157 1 0.0049123 0.0049123 0.0049123 0 2.85714
158 1 5.32145e-05 5.32145e-05 5.32145e-05 0 2.88889
161 1 1e-08 1e-08 1e-08 0 2.90909
174 1 1e-08 1e-08 1e-08 0 2.8
150 1 1e-08 1e-08 1e-08 0 3.3
176 1 1e-08 1e-08 1e-08 0 1.88889

163 14 2.78685 2.73634 7.65943 4.89883 0.888889
117 6 22.8587 12.1688 17.719 5.15613 2.8
180 1 105.444 105.444 105.444 0 2.85714
154 13 4.96011 4.76575 7.69488 2.87711 2.8
162 12 4.70981 4.70981 7.74868 3.03887 3.16667
86 9 5.12707 4.14712 7.89245 3.47083 2.88889
73 9 7.60977 7.60977 7.60977 3.41879e-10 3.16667
85 2 14.3367 14.3367 14.3367 0 1.8
30 1 7.22817 7.22817 7.22817 0 2.66667
141 1 7.17074 7.17074 7.17074 7.5e-09 1.88889
25 1 6.72677 6.72677 6.72677 0 2.66667
32 1 4.49466 4.49466 4.49466 0 2.66667
15 1 3.22834 3.22834 3.22834 0 2.66667
34 1 3.0631 3.0631 3.0631 0 2.66667
36 1 1.2429 1.2429 1.2429 0 2.66667
11 1 1.22429 1.22429 1.22429 0 2.66667
9 1 1.22429 1.22429 1.22429 0 2.66667
10 1 1.22429 1.22429 1.22429 0 2.66667
12 1 1.22429 1.22429 1.22429 0 2.66667
8 1 1.22429 1.22429 1.22429 0 2.66667
14 1 1.22429 1.22429 1.22429 0 2.66667
53 1 1.22429 1.22429 1.22429 0 2.66667
31 1 1.22429 1.22429 1.22429 0 2.66667
13 1 1.22429 1.22429 1.22429 0 2.66667
27 1 1.22429 1.22429 1.22429 0 2.66667
35 1 1.22429 1.22429 1.22429 0 2.8
7 1 1.22429 1.22429 1.22429 0 2.66667
16 1 1.22428 1.22428 1.22428 0 2.66667
178 1 1.09863 1.09863 1.09863 0 1.85714
156 1 0.0522704 0.0522704 0.0522704 0 3.3
171 1 0.0260746 0.0260746 0.0260746 0 2.85714
179 1 0.0126571 0.0126571 0.0126571 0 2.8
157 1 0.0049123 0.0049123 0.0049123 0 2.85714
176 1 2.5e-09 2.5e-09 1e-08 7.5e-09 1.85714
177 1 1e-08 1e-08 1e-08 0 2.85714
150 1 1e-08 1e-08 1e-08 0 3.3
174 1 1e-08 1e-08 1e-08 0 2.8
181 1 1e-08 1e-08 1e-08 0 3.85714

162 17 5.03462 5.03462 7.70011 2.66549 3.16667
86 13 7.84643 5.99028 8.07444 1.73557 2.90909
73 6 16.4878 16.4878 16.4878 0 3.16667
163 12 3.90213 3.87267 7.78217 3.89502 1.88889
154 11 12.0313 0.0239049 8.16964 5.30046 2.8
180 10 4.02171 3.86412 8.26916 4.35321 2.85714
117 7 6.53107 4.71081 7.95729 2.38314 2.8
141 1 28.683 28.683 28.683 0 0.8
85 2 14.3367 14.3367 14.3367 0 1.8
30 1 7.22817 7.22817 7.22817 0 2.66667
25 1 6.72677 6.72677 6.72677 0 2.66667
32 1 4.49466 4.49466 4.49466 0 2.66667
15 1 3.22834 3.22834 3.22834 0 2.66667
36 1 1.2429 1.2429 1.2429 0 2.66667
7 1 1.22429 1.22429 1.22429 0 2.66667
35 1 1.22429 1.22429 1.22429 0 2.8
27 1 1.22429 1.22429 1.22429 0 2.66667
13 1 1.22429 1.22429 1.22429 0 2.66667
31 1 1.22429 1.22429 1.22429 0 2.66667
53 1 1.22429 1.22429 1.22429 0 2.66667
14 1 1.22429 1.22429 1.22429 0 2.66667
8 1 1.22429 1.22429 1.22429 0 2.66667
12 1 1.22429 1.22429 1.22429 0 2.66667
10 1 1.22429 1.22429 1.22429 0 2.66667
9 1 1.22429 1.22429 1.22429 0 2.66667
11 1 1.22429 1.22429 1.22429 0 2.66667
16 1 1.22428 1.22428 1.22428 0 2.66667
34 1 1.13154 1.13154 1.13154 0 2.66667
178 1 0.549314 0.549314 0.549314 5e-09 1.85714
156 1 0.0522704 0.0522704 0.0522704 0 3.3
171 1 0.0130373 0.0130373 0.0130373 5e-09 2.85714

117 4 34.2881 34.2881 34.2881 0 2.8
163 16 4.70946 4.68442 7.21204 2.51585 1.88889
162 15 3.56108 3.56108 7.13247 3.5714 3.16667
154 13 3.54294 3.43751 7.65778 4.20792 2.8
73 11 3.95708 3.95708 7.29918 3.3421 3.16667
86 10 4.30151 3.35035 7.50641 3.84506 2.88889
141 1 28.683 28.683 28.683 0 0.8
85 2 14.3367 14.3367 14.3367 0 1.8
30 1 7.22817 7.22817 7.22817 0 2.66667
25 1 6.72677 6.72677 6.72677 0 2.66667
32 1 4.49466 4.49466 4.49466 0 2.66667
15 1 3.22834 3.22834 3.22834 0 2.66667
36 1 1.2429 1.2429 1.2429 0 2.66667
11 1 1.22429 1.22429 1.22429 0 2.66667
9 1 1.22429 1.22429 1.22429 0 2.66667
10 1 1.22429 1.22429 1.22429 0 2.66667
12 1 1.22429 1.22429 1.22429 0 2.66667
8 1 1.22429 1.22429 1.22429 0 2.66667
14 1 1.22429 1.22429 1.22429 0 2.66667
53 1 1.22429 1.22429 1.22429 0 2.66667
31 1 1.22429 1.22429 1.22429 0 2.66667
13 1 1.22429 1.22429 1.22429 0 2.66667
27 1 1.22429 1.22429 1.22429 0 2.66667
35 1 1.22429 1.22429 1.22429 0 2.8
7 1 1.22429 1.22429 1.22429 0 2.66667
16 1 1.22428 1.22428 1.22428 0 2.66667
34 1 1.13154 1.13154 1.13154 0 2.66667
178 1 1.09863 1.09863 1.09863 0 1.85714
156 1 0.0522704 0.0522704 0.0522704 0 3.3
171 1 0.0130373 0.0130373 0.0130373 5e-09 2.85714
180 1 1e-08 1e-08 1e-08 0 2.85714

162 18 3.94606 3.94606 7.01616 3.07011 3.16667
86 10 13.3304 9.65723 11.4649 0.865726 2.88889
163 16 3.59491 3.58276 6.94775 3.35801 1.88889
154 14 4.96011 4.81251 7.09081 2.24092 2.8
73 13 7.06621 7.06621 7.08782 0.0216051 3.16667
117 11 3.42881 3.42881 7.05541 3.6266 2.8
85 2 14.3367 14.3367 14.3367 0 1.8
30 1 7.22817 7.22817 7.22817 0 2.66667
25 1 6.72677 6.72677 6.72677 0 2.66667
32 1 4.49466 4.49466 4.49466 0 2.66667
15 1 3.22834 3.22834 3.22834 0 2.66667
34 1 3.0631 3.0631 3.0631 0 2.66667
36 1 1.2429 1.2429 1.2429 0 2.66667
7 1 1.22429 1.22429 1.22429 0 2.66667
35 1 1.22429 1.22429 1.22429 0 2.8
27 1 1.22429 1.22429 1.22429 0 2.66667
13 1 1.22429 1.22429 1.22429 0 2.66667
31 1 1.22429 1.22429 1.22429 0 2.66667
53 1 1.22429 1.22429 1.22429 0 2.66667
14 1 1.22429 1.22429 1.22429 0 2.66667
8 1 1.22429 1.22429 1.22429 0 2.66667
12 1 1.22429 1.22429 1.22429 0 2.66667
10 1 1.22429 1.22429 1.22429 0 2.66667
9 1 1.22429 1.22429 1.22429 0 2.66667

117 11 12.4684 12.4684 12.4684 0 2.8
162 15 3.24454 3.24454 7.93874 4.69421 3.16667
163 14 3.68748 3.41024 8.30784 4.87191 1.88889
154 13 3.91588 3.79935 7.88564 4.05182 2.8
73 11 5.20668 5.20668 8.04821 2.84153 3.3
86 11 6.17173 4.95676 7.82942 2.62799 2.88889
190 1 28.7481 28.7481 28.7481 0 0.9
192 1 28.6873 28.6873 28.6873 0 0.857143
85 2 14.3367 14.3367 14.3367 0 1.8
30 1 7.22817 7.22817 7.22817 0 2.66667
25 1 6.72677 6.72677 6.72677 0 2.66667
32 1 4.49466 4.49466 4.49466 0 2.66667
15 1 3.22834 3.22834 3.22834 0 2.66667
34 1 3.0631 3.0631 3.0631 0 2.66667
36 1 1.2429 1.2429 1.2429 0 2.66667
9 1 1.22429 1.22429 1.22429 0 2.66667
10 1 1.22429 1.22429 1.22429 0 2.66667
12 1 1.22429 1.22429 1.22429 0 2.66667
8 1 1.22429 1.22429 1.22429 0 2.66667
14 1 1.22429 1.22429 1.22429 0 2.66667
53 1 1.22429 1.22429 1.22429 0 2.66667
31 1 1.22429 1.22429 1.22429 0 2.66667
13 1 1.22429 1.22429 1.22429 0 2.66667
27 1 1.22429 1.22429 1.22429 0 2.66667
35 1 1.22429 1.22429 1.22429 0 2.8
7 1 1.22429 1.22429 1.22429 0 2.66667
193 1 0.448785 0.448785 0.448785 0 3.16667
191 1 0.0809605 0.0809605 0.0809605 0 2.8
194 1 1e-08 1e-08 1e-08 0 1.88889
195 1 1e-08 1e-08 1e-08 0 2.85714

162 14 3.56108 3.56108 9.41207 5.85099 3.16667
86 11 12.8396 10.3641 11.1688 1.01461 2.88889
154 13 6.46971 6.27719 9.25819 2.91707 2.8
163 13 4.60935 4.26745 9.19364 4.89518 1.88889
73 11 6.59513 6.59513 8.99336 2.39823 3.16667
117 9 3.18959 3.18959 9.52658 6.33699 0.8
192 3 48.7915 0.0168612 19.4569 21.1056 2.88889
191 4 36.5253 2.5e-09 11.5746 14.9443 2.8
190 1 28.7481 28.7481 28.7481 0 0.9
85 2 14.3367 14.3367 14.3367 0 1.8
30 1 7.22817 7.22817 7.22817 0 2.66667
25 1 6.72677 6.72677 6.72677 0 2.66667
32 1 4.49466 4.49466 4.49466 0 2.66667
15 1 3.22834 3.22834 3.22834 0 2.66667
34 1 3.0631 3.0631 3.0631 0 2.66667
36 1 1.2429 1.2429 1.2429 0 2.66667
7 1 1.22429 1.22429 1.22429 0 2.66667
35 1 1.22429 1.22429 1.22429 0 2.8
27 1 1.22429 1.22429 1.22429 0 2.66667
13 1 1.22429 1.22429 1.22429 0 2.66667
31 1 1.22429 1.22429 1.22429 0 2.66667
53 1 1.22429 1.22429 1.22429 0 2.66667
14 1 1.22429 1.22429 1.22429 0 2.66667
8 1 1.22429 1.22429 1.22429 0 2.66667
12 1 1.22429 1.22429 1.22429 0 2.66667
10 1 1.22429 1.22429 1.22429 0 2.66667
9 1 1.22429 1.22429 1.22429 0 2.66667
193 1 0.224393 0.224393 0.224393 5e-09 3.16667
196 1 0.132503 0.132503 0.132542 3.85458e-05 3.16667
195 1 1e-08 1e-08 1e-08 0 2.85714

117 10 13.7152 1e-09 12.3437 4.11457 2.8
163 15 6.41301 5.93748 7.61429 1.64209 1.88889
154 14 4.96011 4.82503 7.90841 3.03797 2.85714
73 12 4.42427 3.19119 7.89189 4.61055 3.16667
86 12 5.08774 4.09742 7.53443 3.01982 2.88889
162 11 3.56108 3.56108 7.85575 4.29468 3.16667
192 4 16.2335 3.18599 8.00275 5.35654 2.8
190 1 28.6758 28.6758 28.6758 0 0.857143
85 2 14.3367 14.3367 14.3367 0 1.85714
30 1 7.22817 7.22817 7.22817 0 2.66667
25 1 6.72677 6.72677 6.72677 0 2.66667
32 1 4.49466 4.49466 4.49466 0 2.66667
15 1 3.22834 3.22834 3.22834 0 2.66667
206 1 1.46567 1.46567 1.46567 0 3.35714
36 1 1.2429 1.2429 1.2429 0 2.66667
9 1 1.22429 1.22429 1.22429 0 2.66667
10 1 1.22429 1.22429 1.22429 0 2.66667
12 1 1.22429 1.22429 1.22429 0 2.66667
8 1 1.22429 1.22429 1.22429 0 2.66667
14 1 1.22429 1.22429 1.22429 0 2.66667
53 1 1.22429 1.22429 1.22429 0 2.66667
31 1 1.22429 1.22429 1.22429 0 2.66667
13 1 1.22429 1.22429 1.22429 0 2.66667
27 1 1.22429 1.22429 1.22429 0 2.66667
35 1 1.22429 1.22429 1.22429 0 2.8
7 1 1.22429 1.22429 1.22429 0 2.66667
34 1 1.13154 1.13154 1.13154 0 2.66667
193 1 0.448785 0.448785 0.448785 0 3.16667
204 1 0.0522539 0.0522539 0.0522539 0 3.16667

162 12 12.167 12.167 12.167 3.55271e-15 3.16667
163 13 4.75804 4.40667 9.20273 4.76128 1.88889
208 1 113.21 113.21 113.21 0 2.8
154 11 4.13343 4.05837 9.11657 5.006 2.8
207 3 45.5723 3.33333e-09 29.9718 21.1992 1.90909
73 10 3.80488 3.80488 8.87432 5.06944 3.16667
86 8 5.08774 4.30442 9.13493 4.35652 2.90909
117 8 3.34518 3.34518 8.91032 5.56514 2.8
85 2 14.3367 14.3367 14.3367 0 1.85714
30 1 7.22817 7.22817 7.22817 0 2.66667
25 1 6.72677 6.72677 6.72677 0 2.66667
32 1 4.49466 4.49466 4.49466 0 2.66667
15 1 3.22834 3.22834 3.22834 0 2.66667
34 1 3.0631 3.0631 3.0631 0 2.66667
206 1 1.46567 1.46567 1.46567 0 3.35714
36 1 1.2429 1.2429 1.2429 0 2.66667
7 1 1.22429 1.22429 1.22429 0 2.66667
35 1 1.22429 1.22429 1.22429 0 2.8
27 1 1.22429 1.22429 1.22429 0 2.66667
13 1 1.22429 1.22429 1.22429 0 2.66667
31 1 1.22429 1.22429 1.22429 0 2.66667
53 1 1.22429 1.22429 1.22429 0 2.66667
14 1 1.22429 1.22429 1.22429 0 2.66667
8 1 1.22429 1.22429 1.22429 0 2.66667
12 1 1.22429 1.22429 1.22429 0 2.66667
10 1 1.22429 1.22429 1.22429 0 2.66667
9 1 1.22429 1.22429 1.22429 0 2.66667
193 1 0.448785 0.448785 0.448785 0 3.16667
209 1 0.176521 0.176521 0.176521 0 2.88889
204 1 0.0522539 0.0522539 0.0522539 0 3.16667

117 8 17.1441 17.1441 17.1441 3.55271e-15 2.8
210 2 71.2283 63.0317 67.13 4.09831 2.90909
211 1 131.763 131.763 131.763 0 1.90909
86 6 23.5393 19.0009 21.5466 1.52373 2.88889
154 10 5.51123 5.46322 10.8492 5.34758 2.8
162 9 4.29424 4.29424 11.4554 7.16117 3.16667
163 8 3.27776 3.04436 10.8932 7.7786 3.88889
73 7 3.95708 3.95708 11.4698 7.51271 3.16667
208 5 6.84102 6.28945 10.5098 4.06589 0.8
85 2 14.3367 14.3367 14.3367 0 1.8
30 1 7.22817 7.22817 7.22817 0 2.66667
25 1 6.72677 6.72677 6.72677 0 2.66667
32 1 4.49466 4.49466 4.49466 0 2.66667
15 1 3.22834 3.22834 3.22834 0 2.66667
34 1 3.0631 3.0631 3.0631 0 2.66667
36 1 1.2429 1.2429 1.2429 0 2.66667
9 1 1.22429 1.22429 1.22429 0 2.66667
10 1 1.22429 1.22429 1.22429 0 2.66667
12 1 1.22429 1.22429 1.22429 0 2.66667
8 1 1.22429 1.22429 1.22429 0 2.66667
14 1 1.22429 1.22429 1.22429 0 2.66667
53 1 1.22429 1.22429 1.22429 0 2.66667
31 1 1.22429 1.22429 1.22429 0 2.66667
13 1 1.22429 1.22429 1.22429 0 2.66667
27 1 1.22429 1.22429 1.22429 0 2.66667
35 1 1.22429 1.22429 1.22429 0 2.8
7 1 1.22429 1.22429 1.22429 0 2.66667
193 1 0.448785 0.448785 0.448785 0 3.16667
209 1 0.176521 0.176521 0.176521 0 2.88889
204 1 0.0522539 0.0522539 0.0522539 0 3.16667
212 1 1e-08 1e-08 1e-08 0 2.85714

162 14 8.11134 8.11134 9.27188 1.16054 3.16667
208 5 24.6277 22.642 23.2192 0.785821 2.8
154 12 9.30021 9.21919 9.59493 0.309698 2.85714
117 11 5.96315 5.96315 9.76229 3.79914 2.8
163 8 18.4374 1.25e-09 13.2524 7.66448 1.88889
211 11 5.31771 4.88024 9.45735 4.44803 1.90909
73 7 14.1324 14.1324 14.1324 1.77636e-15 3.16667
210 5 3.09688 2.89791 9.72744 6.69364 2.88889
85 2 14.3367 14.3367 14.3367 0 1.8
30 1 7.22817 7.22817 7.22817 0 2.66667
25 1 6.72677 6.72677 6.72677 0 2.66667
32 1 4.49466 4.49466 4.49466 0 2.66667
15 1 3.22834 3.22834 3.22834 0 2.66667
34 1 3.0631 3.0631 3.0631 0 2.66667
36 1 1.2429 1.2429 1.2429 0 2.66667
7 1 1.22429 1.22429 1.22429 0 2.66667
35 1 1.22429 1.22429 1.22429 0 2.8
27 1 1.22429 1.22429 1.22429 0 2.66667
13 1 1.22429 1.22429 1.22429 0 2.66667
31 1 1.22429 1.22429 1.22429 0 2.66667
53 1 1.22429 1.22429 1.22429 0 2.66667
14 1 1.22429 1.22429 1.22429 0 2.66667
8 1 1.22429 1.22429 1.22429 0 2.66667
12 1 1.22429 1.22429 1.22429 0 2.66667
10 1 1.22429 1.22429 1.22429 0 2.66667
9 1 1.22429 1.22429 1.22429 0 2.66667
214 1 0.425275 0.425275 0.425275 5e-09 2.85714
213 1 0.283467 0.283467 0.283467 0 3.3
204 1 0.0522539 0.0522539 0.0522539 0 3.16667
86 1 0.0441303 0.0441303 0.0441304 7.5e-09 2.88889
212 1 1e-08 1e-08 1e-08 0 2.85714
215 1 1e-08 1e-08 1e-08 0 3.16667

210 5 28.4913 22.8011 26.7975 2.1111 2.88889
211 8 16.9816 1.25e-09 14.4968 5.48169 1.90909
162 12 4.8668 4.8668 9.34469 4.47789 3.16667
117 11 3.91864 3.91864 9.14203 5.22339 2.8
154 10 4.96011 4.96011 9.76997 4.80986 2.85714
163 10 4.60935 4.28726 9.22387 4.76226 3.88889
73 10 8.99336 8.99336 8.99336 9.09104e-11 3.16667
208 9 6.52036 4.92218 9.73183 4.4958 2.8
85 2 14.3367 14.3367 14.3367 0 1.8
30 1 7.22817 7.22817 7.22817 0 2.66667
25 1 6.72677 6.72677 6.72677 0 2.66667
32 1 4.49466 4.49466 4.49466 0 2.66667
15 1 3.22834 3.22834 3.22834 0 2.66667
36 1 1.2429 1.2429 1.2429 0 2.66667
217 1 1.22668 1.22668 1.22668 0 3.3
7 1 1.22429 1.22429 1.22429 0 2.66667
35 1 1.22429 1.22429 1.22429 0 2.8
27 1 1.22429 1.22429 1.22429 0 2.66667
13 1 1.22429 1.22429 1.22429 0 2.66667
31 1 1.22429 1.22429 1.22429 0 2.66667
53 1 1.22429 1.22429 1.22429 0 2.66667
14 1 1.22429 1.22429 1.22429 0 2.66667
8 1 1.22429 1.22429 1.22429 0 2.66667
12 1 1.22429 1.22429 1.22429 0 2.66667
10 1 1.22429 1.22429 1.22429 0 2.66667
9 1 1.22429 1.22429 1.22429 0 2.66667
34 1 1.13154 1.13154 1.13154 0 2.66667
204 1 0.0522539 0.0522539 0.0522539 0 3.16667
86 1 0.0512883 0.0512883 0.0512883 0 2.88889
216 1 0.00659777 0.00659777 0.00695423 0.000356453 1.88889

208 9 16.6631 12.5789 13.4446 1.20743 2.8
162 12 5.40756 5.40756 9.68757 4.28001 3.16667
154 11 5.51123 5.51123 9.50096 3.98973 2.85714
73 10 9.8927 9.8927 9.8927 0 3.16667
211 10 4.74473 4.26073 9.63126 5.20635 3.90909
216 9 11.3461 0.111281 9.84133 3.45607 1.88889
117 9 5.71468 5.71468 9.62536 3.91067 2.8
218 5 27.6386 2e-09 14.6698 12.4666 1.88889
210 7 5.74094 5.50857 9.56565 3.91941 2.88889
85 2 14.3367 14.3367 14.3367 0 1.8
30 1 7.22817 7.22817 7.22817 0 2.66667
25 1 6.72677 6.72677 6.72677 0 2.66667
32 1 4.49466 4.49466 4.49466 0 2.66667
15 1 3.22834 3.22834 3.22834 0 2.66667
34 1 3.0631 3.0631 3.0631 0 2.66667
36 1 1.2429 1.2429 1.2429 0 2.66667
217 1 1.22668 1.22668 1.22668 0 3.3
9 1 1.22429 1.22429 1.22429 0 2.66667
10 1 1.22429 1.22429 1.22429 0 2.66667
12 1 1.22429 1.22429 1.22429 0 2.66667
8 1 1.22429 1.22429 1.22429 0 2.66667
14 1 1.22429 1.22429 1.22429 0 2.66667
53 1 1.22429 1.22429 1.22429 0 2.66667
31 1 1.22429 1.22429 1.22429 0 2.66667
13 1 1.22429 1.22429 1.22429 0 2.66667
27 1 1.22429 1.22429 1.22429 0 2.66667
35 1 1.22429 1.22429 1.22429 0 2.8

210 7 20.5033 16.2865 19.5985 1.38863 2.88889
162 13 5.40756 5.40756 9.57008 4.16252 3.16667
211 12 8.91883 8.25044 9.70021 1.29277 1.92308
117 12 6.2342 6.2342 9.3513 3.1171 2.8
154 11 6.76379 6.76379 10.0698 3.30601 2.85714
208 9 5.76801 4.52736 10.0645 5.14001 2.8
216 9 5.26783 5.12779 9.94886 4.74258 1.38889
73 8 3.29757 3.29757 9.61107 6.3135 3.16667
85 2 14.3367 14.3367 14.3367 0 1.85714
30 1 7.22817 7.22817 7.22817 0 2.66667
25 1 6.72677 6.72677 6.72677 0 2.66667
32 1 4.49466 4.49466 4.49466 0 2.66667
15 1 3.22834 3.22834 3.22834 0 2.66667
222 1 1.34226 1.34226 1.34226 0 2.88889
36 1 1.2429 1.2429 1.2429 0 2.66667
217 1 1.22668 1.22668 1.22668 0 3.3
9 1 1.22429 1.22429 1.22429 0 2.66667
10 1 1.22429 1.22429 1.22429 0 2.66667
12 1 1.22429 1.22429 1.22429 0 2.66667
8 1 1.22429 1.22429 1.22429 0 2.66667
14 1 1.22429 1.22429 1.22429 0 2.66667
53 1 1.22429 1.22429 1.22429 0 2.66667
31 1 1.22429 1.22429 1.22429 0 2.66667
13 1 1.22429 1.22429 1.22429 0 2.66667
27 1 1.22429 1.22429 1.22429 0 2.66667
35 1 1.22429 1.22429 1.22429 0 2.8
34 1 1.13154 1.13154 1.13154 0 2.66667

216 7 21.0713 19.4499 20.7652 0.546862 1.88889
208 11 12.4974 9.43418 11.4101 1.26228 2.8
154 10 4.6501 4.6501 11.5042 6.85408 2.85714
225 6 23.0341 1.66667e-09 18.8354 8.42798 1.90909
162 10 4.17155 4.17155 10.8393 6.66772 3.16667
117 9 4.42427 4.42427 11.503 7.0787 2.8
211 9 5.19328 4.79076 11.2878 6.29534 1.90909
73 8 12.3659 12.3659 12.3659 1.77636e-15 3.16667
210 7 7.09148 6.55782 11.1766 4.37639 2.88889
85 2 14.3367 14.3367 14.3367 0 1.8
30 1 7.22817 7.22817 7.22817 0 2.66667
25 1 6.72677 6.72677 6.72677 0 2.66667
32 1 4.49466 4.49466 4.49466 0 2.66667
15 1 3.22834 3.22834 3.22834 0 2.66667
34 1 3.0631 3.0631 3.0631 0 2.66667
36 1 1.2429 1.2429 1.2429 0 2.66667
217 1 1.22668 1.22668 1.22668 0 3.3
10 1 1.22429 1.22429 1.22429 0 2.66667
12 1 1.22429 1.22429 1.22429 0 2.66667
8 1 1.22429 1.22429 1.22429 0 2.66667
14 1 1.22429 1.22429 1.22429 0 2.66667
53 1 1.22429 1.22429 1.22429 0 2.66667
31 1 1.22429 1.22429 1.22429 0 2.66667
13 1 1.22429 1.22429 1.22429 0 2.66667
27 1 1.22429 1.22429 1.22429 0 2.66667
35 1 1.22429 1.22429 1.22429 0 2.8
9 1 1.22429 1.22429 1.22429 0 2.66667
226 1 0.0795078 0.0795078 0.0795078 0 3.66667
227 1 0.0522398 0.0522398 0.0522398 0 2.90909

228 1 135.192 135.192 135.192 0 1.90909
229 1 132.339 132.339 132.339 0 1.90909
210 8 18.6151 0.00652997 15.6256 5.91408 2.90909
216 10 4.50691 4.43767 12.0781 7.61572 1.88889
208 10 3.84534 3.51673 11.938 8.19703 2.8
162 10 6.95258 6.95258 11.8197 4.86713 3.16667
73 8 12.3659 12.3659 12.3659 1.77636e-15 3.16667
225 8 5.47048 5.08109 12.2382 7.00952 1.90909
154 7 5.51123 5.51123 11.9605 6.4493 2.85714
117 4 15.2392 0.402148 11.5407 6.42462 2.85714
85 2 14.3367 14.3367 14.3367 0 1.85714
30 1 7.22817 7.22817 7.22817 0 2.66667
25 1 6.72677 6.72677 6.72677 0 2.66667
32 1 4.49466 4.49466 4.49466 0 2.66667
15 1 3.22834 3.22834 3.22834 0 2.66667
36 1 1.2429 1.2429 1.2429 0 2.66667
217 1 1.22668 1.22668 1.22668 0 3.3
10 1 1.22429 1.22429 1.22429 0 2.66667
12 1 1.22429 1.22429 1.22429 0 2.66667
8 1 1.22429 1.22429 1.22429 0 2.66667
14 1 1.22429 1.22429 1.22429 0 2.66667
53 1 1.22429 1.22429 1.22429 0 2.66667
31 1 1.22429 1.22429 1.22429 0 2.66667
13 1 1.22429 1.22429 1.22429 0 2.66667
27 1 1.22429 1.22429 1.22429 0 2.66667
35 1 1.22429 1.22429 1.22429 0 2.8
9 1 1.22429 1.22429 1.22429 0 2.66667
34 1 1.13154 1.13154 1.13154 0 2.66667
226 1 0.0795078 0.0795078 0.0795078 0 3.66667
231 1 0.00370932 0.00370932 0.00370933 5e-09 1.88889
211 1 1e-08 1e-08 1e-08 0 1.90909
230 1 1e-08 1e-08 1e-08 0 1.90909

154 7 21.2576 21.2576 21.2576 3.55271e-15 2.85714
162 12 6.0835 6.0835 10.1408 4.05728 3.16667
216 11 6.197 6.1018 10.5069 4.36474 1.90909
232 10 6.81674 6.64096 10.92 4.17449 2.8
229 8 5.47048 4.90145 11.1482 6.12823 1.90909
208 7 19.5932 1.42857e-09 12.0203 8.88031 2.8
73 8 7.06621 7.06621 10.0409 2.97465 3.16667
210 7 6.47483 6.19377 11.2119 4.93941 2.90909
228 5 12.3228 11.266 11.7527 0.50797 1.90909
233 3 33.0072 0.349152 11.2528 15.3827 3.90909
85 2 14.3367 14.3367 14.3367 0 1.85714
236 1 8.25832 8.25832 8.25832 0 3.90909
30 1 7.22817 7.22817 7.22817 0 2.66667
25 1 6.72677 6.72677 6.72677 0 2.66667
32 1 4.49466 4.49466 4.49466 0 2.66667
15 1 3.22834 3.22834 3.22834 0 2.66667
34 1 3.0631 3.0631 3.0631 0 2.66667
36 1 1.2429 1.2429 1.2429 0 2.66667
217 1 1.22668 1.22668 1.22668 0 3.3
9 1 1.22429 1.22429 1.22429 0 2.66667
35 1 1.22429 1.22429 1.22429 0 2.8
27 1 1.22429 1.22429 1.22429 0 2.66667
13 1 1.22429 1.22429 1.22429 0 2.66667
31 1 1.22429 1.22429 1.22429 0 2.66667
53 1 1.22429 1.22429 1.22429 0 2.66667
14 1 1.22429 1.22429 1.22429 0 2.66667
8 1 1.22429 1.22429 1.22429 0 2.66667
12 1 1.22429 1.22429 1.22429 0 2.66667
10 1 1.22429 1.22429 1.22429 0 2.66667
234 1 0.388237 0.388237 0.388237 0 3.16667
226 1 0.0795078 0.0795078 0.0795078 0 3.66667
230 1 1e-08 1e-08 1e-08 0 1.90909

210 7 21.2744 20.351 20.6148 0.417185 2.90909
229 3 47.5656 44.2121 45.5361 1.45713 1.90909
232 10 6.81674 6.81674 11.9391 5.12235 2.8
233 8 4.79768 4.75804 12.8265 8.06067 3.88889
228 4 33.798 2.5e-09 25.3485 14.635 1.90909
162 8 4.56263 4.56263 12.5674 8.0048 3.16667
239 8 16.5504 1.25e-09 12.4075 7.16347 1.90909
154 8 5.3144 5.3144 11.8736 6.55916 2.88889
73 6 5.49594 5.49594 12.8239 7.32793 3.16667
216 5 14.7703 13.4716 13.8874 0.459906 1.90909
208 4 9.1435 9.1435 13.8406 4.69713 2.8
85 2 14.3367 14.3367 14.3367 0 1.8
30 1 7.22817 7.22817 7.22817 0 2.66667
25 1 6.72677 6.72677 6.72677 0 2.66667
32 1 4.49466 4.49466 4.49466 0 2.66667
15 1 3.22834 3.22834 3.22834 0 2.66667
36 1 1.2429 1.2429 1.2429 0 2.66667
217 1 1.22668 1.22668 1.22668 0 3.3
10 1 1.22429 1.22429 1.22429 0 2.66667
12 1 1.22429 1.22429 1.22429 0 2.66667
8 1 1.22429 1.22429 1.22429 0 2.66667
14 1 1.22429 1.22429 1.22429 0 2.66667
53 1 1.22429 1.22429 1.22429 0 2.66667
31 1 1.22429 1.22429 1.22429 0 2.66667
13 1 1.22429 1.22429 1.22429 0 2.66667
27 1 1.22429 1.22429 1.22429 0 2.66667
35 1 1.22429 1.22429 1.22429 0 2.8
9 1 1.22429 1.22429 1.22429 0 2.66667
34 1 1.13154 1.13154 1.13154 0 2.66667
241 1 0.517309 0.517309 0.517309 0 1.3
234 1 0.388237 0.388237 0.388237 0 3.16667
226 1 0.0795078 0.0795078 0.0795078 0 3.66667
240 1 1e-08 1e-08 1e-08 0 1.88889

208 4 34.2881 34.2881 34.2881 0 2.8
154 11 13.5276 9.09091e-10 11.3047 4.74793 2.85714
162 11 9.12525 9.12525 10.7918 1.66651 3.16667
232 10 7.14135 7.14135 11.226 4.08465 2.8
233 10 7.87669 7.76311 10.8619 3.06826 1.88889
73 6 16.4878 16.4878 16.4878 0 3.16667
229 8 2.9163 2.67018 11.085 8.29137 1.40909
210 8 7.09148 6.78365 10.8811 3.98594 2.90909
244 2 39.8113 16.0459 27.9286 11.8827 2.90909
228 4 7.55178 7.51068 11.2379 3.71696 1.90909
85 2 14.3367 14.3367 14.3367 0 1.85714
30 1 7.22817 7.22817 7.22817 0 2.66667
25 1 6.72677 6.72677 6.72677 0 2.66667
32 1 4.49466 4.49466 4.49466 0 2.66667
15 1 3.22834 3.22834 3.22834 0 2.66667
34 1 3.0631 3.0631 3.0631 0 2.66667
36 1 1.2429 1.2429 1.2429 0 2.66667
217 1 1.22668 1.22668 1.22668 0 3.3
9 1 1.22429 1.22429 1.22429 0 2.66667
35 1 1.22429 1.22429 1.22429 0 2.8
27 1 1.22429 1.22429 1.22429 0 2.66667
13 1 1.22429 1.22429 1.22429 0 2.66667
31 1 1.22429 1.22429 1.22429 0 2.66667
53 1 1.22429 1.22429 1.22429 0 2.66667
14 1 1.22429 1.22429 1.22429 0 2.66667
8 1 1.22429 1.22429 1.22429 0 2.66667
12 1 1.22429 1.22429 1.22429 0 2.66667
10 1 1.22429 1.22429 1.22429 0 2.66667
241 1 0.517309 0.517309 0.517309 0 1.3
234 1 0.388237 0.388237 0.388237 0 3.16667
226 1 0.0795078 0.0795078 0.0795078 0 3.66667
243 1 4.87949e-05 4.87949e-05 4.87999e-05 5e-09 2.85714
242 1 1e-08 1e-08 1e-08 0 1.90909

245 4 36.9157 32.7637 34.5688 1.50342 1.90909
233 10 5.3449 5.27896 12.1522 6.84397 1.88889
229 9 16.4115 1.11111e-09 12.2161 6.54498 1.90909
232 9 7.49841 7.49841 12.1674 4.66894 2.8
228 5 27.1864 2e-09 21.6603 10.8303 1.90909
162 9 5.61554 5.61554 11.8621 6.2466 3.16667
210 9 9.92807 9.28631 11.523 1.92059 2.90909
208 8 7.21855 7.21855 11.6544 4.43581 2.8
154 7 5.148 5.13115 12.4153 7.28175 2.85714
73 6 6.18294 6.18294 12.3659 6.18294 3.16667
85 2 14.3367 14.3367 14.3367 0 1.85714
30 1 7.22817 7.22817 7.22817 0 2.66667
25 1 6.72677 6.72677 6.72677 0 2.66667
32 1 4.49466 4.49466 4.49466 0 2.66667
15 1 3.22834 3.22834 3.22834 0 2.66667
34 1 3.0631 3.0631 3.0631 0 2.66667
36 1 1.2429 1.2429 1.2429 0 2.66667
217 1 1.22668 1.22668 1.22668 0 3.3
10 1 1.22429 1.22429 1.22429 0 2.66667
12 1 1.22429 1.22429 1.22429 0 2.66667
8 1 1.22429 1.22429 1.22429 0 2.66667
14 1 1.22429 1.22429 1.22429 0 2.66667
53 1 1.22429 1.22429 1.22429 0 2.66667
31 1 1.22429 1.22429 1.22429 0 2.66667
13 1 1.22429 1.22429 1.22429 0 2.66667
27 1 1.22429 1.22429 1.22429 0 2.66667
35 1 1.22429 1.22429 1.22429 0 2.8
9 1 1.22429 1.22429 1.22429 0 2.66667
241 1 0.517309 0.517309 0.517309 0 1.3
234 1 0.388237 0.388237 0.388237 0 3.16667
226 1 0.0795078 0.0795078 0.0795078 0 3.66667
247 1 0.0397832 0.0397832 0.0397832 0 3.16667
242 1 1e-08 1e-08 1e-08 0 1.90909
246 1 5e-09 5e-09 1e-08 5e-09 2.90909

154 7 21.3274 21.2576 21.2676 0.024435 2.85714
208 9 15.2392 15.2392 15.2392 3.55271e-15 2.8
210 11 9.92807 9.31126 11.3168 1.71484 2.92308
162 10 7.68443 7.68443 11.5372 3.8528 3.16667
233 10 9.99103 9.85407 10.9351 1.01519 1.40909
73 6 16.4878 16.4878 16.4878 0 3.16667
232 8 5.17132 5.17132 12.0263 6.85498 2.8
245 8 2.6114 2.59057 11.0211 8.42179 1.90909
228 6 11.3277 10.989 11.2301 0.110152 1.90909
85 2 14.3367 14.3367 14.3367 0 1.85714
246 2 21.6691 0.000465323 10.8348 10.8343 2.90909
30 1 7.22817 7.22817 7.22817 0 2.66667
25 1 6.72677 6.72677 6.72677 0 2.66667
32 1 4.49466 4.49466 4.49466 0 2.66667
229 1 2.7302 2.7302 3.41479 0.684588 1.92308
15 1 3.22834 3.22834 3.22834 0 2.66667
34 1 3.0631 3.0631 3.0631 0 2.66667
36 1 1.2429 1.2429 1.2429 0 2.66667
217 1 1.22668 1.22668 1.22668 0 3.3
10 1 1.22429 1.22429 1.22429 0 2.66667
12 1 1.22429 1.22429 1.22429 0 2.66667
8 1 1.22429 1.22429 1.22429 0 2.66667
14 1 1.22429 1.22429 1.22429 0 2.66667
53 1 1.22429 1.22429 1.22429 0 2.66667
31 1 1.22429 1.22429 1.22429 0 2.66667
13 1 1.22429 1.22429 1.22429 0 2.66667
27 1 1.22429 1.22429 1.22429 0 2.66667
35 1 1.22429 1.22429 1.22429 0 2.8
9 1 1.22429 1.22429 1.22429 0 2.66667
241 1 0.517309 0.517309 0.517309 0 1.3
234 1 0.388237 0.388237 0.388237 0 3.16667
226 1 0.0795078 0.0795078 0.0795078 0 3.66667
242 1 1e-08 1e-08 1e-08 0 1.90909

245 4 36.9857 36.0696 36.7242 0.378868 1.90909
250 1 139.669 139.669 139.669 0 2.90909
228 6 22.6553 21.978 22.4602 0.220304 1.90909
233 10 5.35234 5.31172 13.2103 7.87559 1.88889
232 9 11.536 11.536 13.992 2.456 2.8
154 9 8.78189 8.75314 13.9394 5.18312 2.85714
162 8 5.03462 5.03462 13.2214 8.18682 3.16667
210 6 5.72773 5.4791 15.2448 9.6244 2.90909
246 1 87.8907 87.8907 87.8907 0 2.90909
208 6 5.27509 5.27509 13.8766 8.60153 2.8
73 5 3.95708 3.95708 14.4789 10.5218 3.66667
85 2 14.3367 14.3367 14.3367 0 1.8
30 1 7.22817 7.22817 7.22817 0 2.66667
25 1 6.72677 6.72677 6.72677 0 2.66667
251 1 5.46041 5.46041 5.46041 0 1.90909
32 1 4.49466 4.49466 4.49466 0 2.66667
15 1 3.22834 3.22834 3.22834 0 2.66667
34 1 3.0631 3.0631 3.0631 0 2.66667
36 1 1.2429 1.2429 1.2429 0 2.66667
217 1 1.22668 1.22668 1.22668 0 3.3
12 1 1.22429 1.22429 1.22429 0 2.66667
8 1 1.22429 1.22429 1.22429 0 2.66667
14 1 1.22429 1.22429 1.22429 0 2.66667
53 1 1.22429 1.22429 1.22429 0 2.66667
31 1 1.22429 1.22429 1.22429 0 2.66667
13 1 1.22429 1.22429 1.22429 0 2.66667
27 1 1.22429 1.22429 1.22429 0 2.66667
35 1 1.22429 1.22429 1.22429 0 2.8
9 1 1.22429 1.22429 1.22429 0 2.66667
10 1 1.22429 1.22429 1.22429 0 2.66667
241 1 0.517309 0.517309 0.517309 0 1.3
234 1 0.388237 0.388237 0.388237 0 3.16667
226 1 0.0795078 0.0795078 0.0795078 0 3.66667
242 1 1e-08 1e-08 1e-08 0 1.90909
252 1 1e-08 1e-08 1e-08 0 1.88889

232 10 14.9968 14.8803 14.9852 0.0349494 2.8
154 8 18.6615 18.6004 18.6081 0.020207 2.85714
210 4 37.1791 31.3274 34.9337 2.17793 2.90909
228 6 22.6553 21.978 22.4602 0.220304 1.90909
233 7 21.3796 1.42857e-09 18.294 7.46863 1.90909
208 9 13.7152 9.8927 13.5403 2.11076 3.16667
162 9 14.6004 0.122668 12.9975 4.54992 3.16667
245 8 2.93854 2.89811 13.8325 10.9164 1.90909
73 1 98.927 98.927 98.927 0 3.16667
250 5 2.44133 2.28965 14.7982 12.4186 2.90909
85 2 14.3367 14.3367 14.3367 0 1.8
30 1 7.22817 7.22817 7.22817 0 2.66667
25 1 6.72677 6.72677 6.72677 0 2.66667
251 1 5.46041 5.46041 5.46041 0 1.90909
32 1 4.49466 4.49466 4.49466 0 2.66667
15 1 3.22834 3.22834 3.22834 0 2.66667
34 1 3.0631 3.0631 3.0631 0 2.66667
36 1 1.2429 1.2429 1.2429 0 2.66667
12 1 1.22429 1.22429 1.22429 0 2.66667
8 1 1.22429 1.22429 1.22429 0 2.66667
14 1 1.22429 1.22429 1.22429 0 2.66667
53 1 1.22429 1.22429 1.22429 0 2.66667
31 1 1.22429 1.22429 1.22429 0 2.66667
13 1 1.22429 1.22429 1.22429 0 2.66667
27 1 1.22429 1.22429 1.22429 0 2.66667
35 1 1.22429 1.22429 1.22429 0 2.8
9 1 1.22429 1.22429 1.22429 0 2.66667
10 1 1.22429 1.22429 1.22429 0 2.66667
234 1 0.388237 0.388237 0.388237 0 3.16667
226 1 0.0795078 0.0795078 0.0795078 0 3.66667
242 1 1e-08 1e-08 1e-08 0 1.90909

233 6 24.9429 24.788 24.9002 0.053746 1.88889
245 3 49.4562 49.2679 49.3899 0.0863665 1.90909
162 8 18.2505 18.2505 18.2505 3.55271e-15 3.16667
210 6 24.8202 22.7615 24.0203 0.714616 2.90909
250 3 49.5519 46.5563 47.5548 1.41213 2.90909
228 10 13.6241 12.2902 14.1256 1.35206 1.90909
254 4 34.2881 34.2881 34.2881 0 2.8
208 6 22.8587 16.4878 18.6115 3.00327 3.16667
232 7 2.67801 2.67801 15.3447 12.6667 2.8
154 6 2.40794 2.40005 15.2718 12.8678 2.85714
85 2 14.3367 14.3367 14.3367 0 1.8
30 1 7.22817 7.22817 7.22817 0 2.66667
25 1 6.72677 6.72677 6.72677 0 2.66667
251 1 5.46041 5.46041 5.46041 0 1.90909
32 1 4.49466 4.49466 4.49466 0 2.66667
15 1 3.22834 3.22834 3.22834 0 2.66667
34 1 3.0631 3.0631 3.0631 0 2.66667
36 1 1.2429 1.2429 1.2429 0 2.66667
255 1 1.22668 1.22668 1.22668 0 3.3
12 1 1.22429 1.22429 1.22429 0 2.66667
8 1 1.22429 1.22429 1.22429 0 2.66667
14 1 1.22429 1.22429 1.22429 0 2.66667
53 1 1.22429 1.22429 1.22429 0 2.66667
31 1 1.22429 1.22429 1.22429 0 2.66667
13 1 1.22429 1.22429 1.22429 0 2.66667
27 1 1.22429 1.22429 1.22429 0 2.66667
35 1 1.22429 1.22429 1.22429 0 2.8
9 1 1.22429 1.22429 1.22429 0 2.66667
10 1 1.22429 1.22429 1.22429 0 2.66667
234 1 0.388237 0.388237 0.388237 0 3.16667
226 1 0.0795078 0.0795078 0.0795078 0 3.66667
242 1 1e-08 1e-08 1e-08 0 1.90909
253 1 1e-08 1e-08 1e-08 0 1.88889

232 7 21.424 21.424 21.424 0 2.8
154 6 24.882 24.8006 24.8413 0.0407334 2.85714
210 6 24.8202 23.7428 24.3577 0.480054 2.90909
162 8 18.2505 18.2505 18.2505 3.55271e-15 3.16667
250 3 49.5519 46.5563 47.5548 1.41213 2.90909
254 6 22.8587 22.8587 22.8587 0 2.8
228 5 27.1864 27.0384 27.068 0.0591845 1.90909
233 7 2.02521 2.02185 15.1776 13.1546 1.88889
208 4 24.7317 24.7317 24.7317 0 3.16667
245 6 3.83344 3.80432 14.2843 10.4656 1.90909
85 2 14.3367 14.3367 14.3367 0 1.85714
30 1 7.22817 7.22817 7.22817 0 2.66667
25 1 6.72677 6.72677 6.72677 0 2.66667
251 1 5.46041 5.46041 5.46041 0 1.90909
32 1 4.49466 4.49466 4.49466 0 2.66667
15 1 3.22834 3.22834 3.22834 0 2.66667
34 1 3.0631 3.0631 3.0631 0 2.66667
36 1 1.2429 1.2429 1.2429 0 2.66667
255 1 1.22668 1.22668 1.22668 0 3.3
10 1 1.22429 1.22429 1.22429 0 2.66667
9 1 1.22429 1.22429 1.22429 0 2.66667
35 1 1.22429 1.22429 1.22429 0 2.8
27 1 1.22429 1.22429 1.22429 0 2.66667
13 1 1.22429 1.22429 1.22429 0 2.66667
31 1 1.22429 1.22429 1.22429 0 2.66667
53 1 1.22429 1.22429 1.22429 0 2.66667
14 1 1.22429 1.22429 1.22429 0 2.66667
8 1 1.22429 1.22429 1.22429 0 2.66667
12 1 1.22429 1.22429 1.22429 0 2.66667
234 1 0.388237 0.388237 0.388237 0 3.16667
226 1 0.0795078 0.0795078 0.0795078 0 3.66667
242 1 1e-08 1e-08 1e-08 0 1.90909
253 1 5e-09 5e-09 1e-08 5e-09 1.90909

233 5 29.9314 29.9233 29.9272 0.00353231 1.90909
245 6 24.9173 24.7281 24.8218 0.0772636 1.90909
162 8 18.2505 18.2505 18.2505 3.55271e-15 3.16667
210 9 16.5468 15.5188 16.1095 0.418806 2.90909
228 7 21.4093 19.3132 19.9271 0.937951 1.90909
254 9 15.2392 10.9919 13.8234 2.00218 2.8
154 8 3.04678 3.04678 13.1481 10.1013 2.85714
208 1 98.927 98.927 98.927 0 3.16667
232 7 2.38045 2.38045 13.3248 10.9443 2.8
85 2 14.3367 14.3367 14.3367 0 1.8
30 1 7.22817 7.22817 7.22817 0 2.66667
25 1 6.72677 6.72677 6.72677 0 2.66667
251 1 5.46041 5.46041 5.46041 0 1.90909
32 1 4.49466 4.49466 4.49466 0 2.66667
15 1 3.22834 3.22834 3.22834 0 2.66667
34 1 3.0631 3.0631 3.0631 0 2.66667
36 1 1.2429 1.2429 1.2429 0 2.66667
255 1 1.22668 1.22668 1.22668 0 3.3
12 1 1.22429 1.22429 1.22429 0 2.66667
8 1 1.22429 1.22429 1.22429 0 2.66667
14 1 1.22429 1.22429 1.22429 0 2.66667
53 1 1.22429 1.22429 1.22429 0 2.66667
31 1 1.22429 1.22429 1.22429 0 2.66667
13 1 1.22429 1.22429 1.22429 0 2.66667
27 1 1.22429 1.22429 1.22429 0 2.66667
35 1 1.22429 1.22429 1.22429 0 2.8
9 1 1.22429 1.22429 1.22429 0 2.66667
10 1 1.22429 1.22429 1.22429 0 2.66667
234 1 0.388237 0.388237 0.388237 0 3.16667
226 1 0.0795078 0.0795078 0.0795078 0 3.66667
256 1 0.0533199 0.0533199 0.0533199 0 2.8
242 1 1e-08 1e-08 1e-08 0 1.90909
253 1 1e-08 1e-08 1e-08 0 1.88889

232 7 21.424 21.424 21.424 0 2.8
154 8 18.6615 18.6615 18.6615 0 2.85714
162 8 18.2505 18.2505 18.2505 3.55271e-15 3.16667
210 5 29.7842 27.9338 29.0334 0.89806 2.90909
257 4 37.1791 35.6142 36.1898 0.645674 2.92308
228 5 27.1864 27.0384 27.068 0.0591845 1.90909
254 9 15.2392 10.9919 13.8234 2.00218 3.16667
208 1 98.927 98.927 98.927 0 3.16667
233 7 3.05848 3.05423 13.7214 10.666 1.90909
245 6 2.3365 2.336 15.7605 13.4243 1.90909
85 2 14.3367 14.3367 14.3367 0 1.85714
30 1 7.22817 7.22817 7.22817 0 2.66667
25 1 6.72677 6.72677 6.72677 0 2.66667
251 1 5.46041 5.46041 5.46041 0 1.90909
32 1 4.49466 4.49466 4.49466 0 2.66667
15 1 3.22834 3.22834 3.22834 0 2.66667
34 1 3.0631 3.0631 3.0631 0 2.66667
36 1 1.2429 1.2429 1.2429 0 2.66667
255 1 1.22668 1.22668 1.22668 0 3.3
35 1 1.22429 1.22429 1.22429 0 2.8
53 1 1.22429 1.22429 1.22429 0 2.66667
10 1 1.22429 1.22429 1.22429 0 2.66667
27 1 1.22429 1.22429 1.22429 0 2.66667
12 1 1.22429 1.22429 1.22429 0 2.66667
9 1 1.22429 1.22429 1.22429 0 2.66667
14 1 1.22429 1.22429 1.22429 0 2.66667
31 1 1.22429 1.22429 1.22429 0 2.66667
8 1 1.22429 1.22429 1.22429 0 2.66667
13 1 1.22429 1.22429 1.22429 0 2.66667
234 1 0.388237 0.388237 0.388237 0 3.16667
226 1 0.0795078 0.0795078 0.0795078 0 3.66667
256 1 0.0533199 0.0533199 0.0533199 0 2.8
253 1 1e-08 1e-08 1e-08 0 1.88889
242 1 1e-08 1e-08 1e-08 0 1.90909

162 8 18.2505 18.2505 18.2505 3.55271e-15 3.16667
210 5 29.7842 27.9338 29.0334 0.89806 2.90909
257 4 37.1791 35.6142 36.1898 0.645674 2.90909
228 7 21.4093 19.3132 19.9271 0.937951 1.90909
258 4 34.2881 34.2881 34.2881 0 2.8
245 7 21.3623 1.42857e-09 18.3081 7.47425 1.92308
233 6 24.9429 1.66667e-09 20.7857 9.29565 1.90909
254 6 22.8587 16.4878 18.6115 3.00327 3.16667
232 7 2.63102 2.63102 13.5239 10.8929 2.8
154 6 2.61916 2.61916 14.3394 11.7203 2.85714
85 2 14.3367 14.3367 14.3367 0 1.8
30 1 7.22817 7.22817 7.22817 0 2.66667
25 1 6.72677 6.72677 6.72677 0 2.66667
251 1 5.46041 5.46041 5.46041 0 1.90909
32 1 4.49466 4.49466 4.49466 0 2.66667
15 1 3.22834 3.22834 3.22834 0 2.66667
34 1 3.0631 3.0631 3.0631 0 2.66667
36 1 1.2429 1.2429 1.2429 0 2.66667
255 1 1.22668 1.22668 1.22668 0 3.3
35 1 1.22429 1.22429 1.22429 0 2.8
53 1 1.22429 1.22429 1.22429 0 2.66667
10 1 1.22429 1.22429 1.22429 0 2.66667
27 1 1.22429 1.22429 1.22429 0 2.66667
12 1 1.22429 1.22429 1.22429 0 2.66667
9 1 1.22429 1.22429 1.22429 0 2.66667
14 1 1.22429 1.22429 1.22429 0 2.66667
31 1 1.22429 1.22429 1.22429 0 2.66667
8 1 1.22429 1.22429 1.22429 0 2.66667
13 1 1.22429 1.22429 1.22429 0 2.66667
234 1 0.388237 0.388237 0.388237 0 3.16667
226 1 0.0795078 0.0795078 0.0795078 0 3.66667
256 1 0.0533199 0.0533199 0.0533199 0 2.8
259 1 1e-08 1e-08 1e-08 0 2.85714

232 7 21.424 21.424 21.424 0 2.8
233 5 29.9314 29.9314 29.9314 6.30469e-06 1.90909
245 6 24.9226 24.9173 24.9194 0.0021563 1.92308
154 6 24.882 24.882 24.882 0 2.85714
228 7 21.4093 19.3132 19.9271 0.937951 1.90909
258 6 22.8587 22.8587 22.8587 0 2.8
162 8 2.75479 2.75479 12.7637 10.0089 3.16667
254 4 24.7317 24.7317 24.7317 0 3.16667
210 5 2.32689 2.32689 12.5408 10.214 2.90909
85 2 14.3367 14.3367 14.3367 0 1.8
30 1 7.22817 7.22817 7.22817 0 2.66667
25 1 6.72677 6.72677 6.72677 0 2.66667
251 1 5.46041 5.46041 5.46041 0 1.90909
32 1 4.49466 4.49466 4.49466 0 2.66667
15 1 3.22834 3.22834 3.22834 0 2.66667
34 1 3.0631 3.0631 3.0631 0 2.66667
36 1 1.2429 1.2429 1.2429 0 2.66667
255 1 1.22668 1.22668 1.22668 0 3.3
13 1 1.22429 1.22429 1.22429 0 2.66667
8 1 1.22429 1.22429 1.22429 0 2.66667
31 1 1.22429 1.22429 1.22429 0 2.66667
14 1 1.22429 1.22429 1.22429 0 2.66667
9 1 1.22429 1.22429 1.22429 0 2.66667
12 1 1.22429 1.22429 1.22429 0 2.66667
27 1 1.22429 1.22429 1.22429 0 2.66667
10 1 1.22429 1.22429 1.22429 0 2.66667
53 1 1.22429 1.22429 1.22429 0 2.66667
35 1 1.22429 1.22429 1.22429 0 2.8
234 1 0.388237 0.388237 0.388237 0 3.16667
226 1 0.0795078 0.0795078 0.0795078 0 3.66667
256 1 0.0533199 0.0533199 0.0533199 0 2.8
259 1 1e-08 1e-08 1e-08 0 2.85714
260 1 1e-08 1e-08 1e-08 0 1.90909
261 1 1e-08 1e-08 1e-08 0 1.88889

245 6 24.9226 24.9173 24.9194 0.0021563 1.90909
154 6 24.882 24.882 24.882 0 2.85714
210 5 29.7842 29.7842 29.7842 0 2.90909
162 8 18.2505 18.2505 18.2505 3.55271e-15 3.16667
228 5 27.1864 27.0384 27.068 0.0591845 1.90909
258 9 15.2392 10.9919 13.8234 2.00218 3.16667
233 8 2.49776 2.4944 13.3224 10.8268 3.90909
232 8 2.77719 2.77719 13.2501 10.4729 2.8
254 1 98.927 98.927 98.927 0 3.16667
85 2 14.3367 14.3367 14.3367 0 1.8
30 1 7.22817 7.22817 7.22817 0 2.66667
25 1 6.72677 6.72677 6.72677 0 2.66667
251 1 5.46041 5.46041 5.46041 0 1.90909
32 1 4.49466 4.49466 4.49466 0 2.66667
15 1 3.22834 3.22834 3.22834 0 2.66667
34 1 3.0631 3.0631 3.0631 0 2.66667
36 1 1.2429 1.2429 1.2429 0 2.66667
255 1 1.22668 1.22668 1.22668 0 3.3
35 1 1.22429 1.22429 1.22429 0 2.8
53 1 1.22429 1.22429 1.22429 0 2.66667
10 1 1.22429 1.22429 1.22429 0 2.66667
27 1 1.22429 1.22429 1.22429 0 2.66667
12 1 1.22429 1.22429 1.22429 0 2.66667
9 1 1.22429 1.22429 1.22429 0 2.66667
14 1 1.22429 1.22429 1.22429 0 2.66667
31 1 1.22429 1.22429 1.22429 0 2.66667
8 1 1.22429 1.22429 1.22429 0 2.66667
13 1 1.22429 1.22429 1.22429 0 2.66667
234 1 0.388237 0.388237 0.388237 0 3.16667
226 1 0.0795078 0.0795078 0.0795078 0 3.66667
256 1 0.0533199 0.0533199 0.0533199 0 2.8
259 1 1e-08 1e-08 1e-08 0 2.85714
260 1 1e-08 1e-08 1e-08 0 1.90909
261 1 1e-08 1e-08 1e-08 0 1.88889

263 1 149.968 149.968 149.968 0 2.8
232 7 21.424 21.424 21.424 0 2.8
233 6 24.9678 24.944 24.9489 0.00865255 1.90909
210 5 29.7842 29.7842 29.7842 0 2.90909
162 8 18.2505 18.2505 18.2505 3.55271e-15 3.16667
228 7 21.4093 19.3132 19.9271 0.937951 1.88889
262 4 34.2881 34.2881 34.2881 0 2.8
258 6 22.8587 16.4878 18.6115 3.00327 2.8
154 6 2.44741 2.44741 13.8457 11.3983 2.85714
245 5 2.8772 2.87508 16.4666 13.5908 1.90909
85 2 14.3367 14.3367 14.3367 0 1.8
30 1 7.22817 7.22817 7.22817 0 2.66667
25 1 6.72677 6.72677 6.72677 0 2.66667
251 1 5.46041 5.46041 5.46041 0 1.90909
32 1 4.49466 4.49466 4.49466 0 2.66667
15 1 3.22834 3.22834 3.22834 0 2.66667
34 1 3.0631 3.0631 3.0631 0 2.66667
36 1 1.2429 1.2429 1.2429 0 2.66667
255 1 1.22668 1.22668 1.22668 0 3.3
13 1 1.22429 1.22429 1.22429 0 2.66667
8 1 1.22429 1.22429 1.22429 0 2.66667
31 1 1.22429 1.22429 1.22429 0 2.66667
14 1 1.22429 1.22429 1.22429 0 2.66667
9 1 1.22429 1.22429 1.22429 0 2.66667
12 1 1.22429 1.22429 1.22429 0 2.66667
27 1 1.22429 1.22429 1.22429 0 2.66667
10 1 1.22429 1.22429 1.22429 0 2.66667
53 1 1.22429 1.22429 1.22429 0 2.66667
35 1 1.22429 1.22429 1.22429 0 2.8
234 1 0.388237 0.388237 0.388237 0 3.16667
226 1 0.0795078 0.0795078 0.0795078 0 3.66667
256 1 0.0533199 0.0533199 0.0533199 0 2.8
260 1 1e-08 1e-08 1e-08 0 1.90909
261 1 1e-08 1e-08 1e-08 0 1.88889

233 8 18.7332 18.708 18.717 0.0107772 1.90909
245 5 29.9229 29.9008 29.9081 0.00768395 1.92308
154 6 24.882 24.882 24.882 0 2.85714
210 5 29.7842 29.7842 29.7842 0 2.90909
162 8 18.2505 18.2505 18.2505 3.55271e-15 3.16667
262 6 22.8587 22.8587 22.8587 0 2.8
264 5 27.1864 27.0384 27.068 0.0591845 1.90909
265 1 98.927 98.927 98.927 0 3.16667
258 3 32.9757 32.9757 32.9757 0 3.16667
263 6 1.40157 1.40157 15.2856 13.884 2.8
85 2 14.3367 14.3367 14.3367 0 1.85714
30 1 7.22817 7.22817 7.22817 0 2.66667
25 1 6.72677 6.72677 6.72677 0 2.66667
251 1 5.46041 5.46041 5.46041 0 1.90909
32 1 4.49466 4.49466 4.49466 0 2.66667
15 1 3.22834 3.22834 3.22834 0 2.66667
36 1 1.2429 1.2429 1.2429 0 2.66667
255 1 1.22668 1.22668 1.22668 0 3.3
35 1 1.22429 1.22429 1.22429 0 2.8
53 1 1.22429 1.22429 1.22429 0 2.66667
10 1 1.22429 1.22429 1.22429 0 2.66667
27 1 1.22429 1.22429 1.22429 0 2.66667
12 1 1.22429 1.22429 1.22429 0 2.66667
9 1 1.22429 1.22429 1.22429 0 2.66667
14 1 1.22429 1.22429 1.22429 0 2.66667
31 1 1.22429 1.22429 1.22429 0 2.66667
8 1 1.22429 1.22429 1.22429 0 2.66667
13 1 1.22429 1.22429 1.22429 0 2.66667
34 1 1.13154 1.13154 1.13154 0 2.66667
234 1 0.388237 0.388237 0.388237 0 3.16667
226 1 0.0795078 0.0795078 0.0795078 0 3.66667
256 1 0.0533199 0.0533199 0.0533199 0 2.8
260 1 1e-08 1e-08 1e-08 0 1.90909
232 1 1e-08 1e-08 1e-08 0 0.8
228 1 1e-08 1e-08 1e-08 0 1.88889

266 3 49.6403 49.6403 49.6403 0 2.90909
210 2 74.4605 74.4605 74.4605 0 2.90909
162 8 18.2505 18.2505 18.2505 3.55271e-15 3.16667
154 11 11.536 11.484 12.5568 1.04469 2.8
262 6 22.8587 22.8587 22.8587 0 2.8
264 6 23.8328 22.532 22.7694 0.477714 1.90909
265 4 24.7317 24.7317 24.7317 0 3.16667
245 8 2.58509 2.57956 12.2514 9.6694 1.92308
233 7 2.77528 2.77329 13.9808 11.2064 1.90909
85 2 14.3367 14.3367 14.3367 0 1.85714
30 1 7.22817 7.22817 7.22817 0 2.66667
25 1 6.72677 6.72677 6.72677 0 2.66667
251 1 5.46041 5.46041 5.46041 0 1.90909
32 1 4.49466 4.49466 4.49466 0 2.66667
15 1 3.22834 3.22834 3.22834 0 2.66667
34 1 3.0631 3.0631 3.0631 0 2.66667
36 1 1.2429 1.2429 1.2429 0 2.66667
255 1 1.22668 1.22668 1.22668 0 3.3
13 1 1.22429 1.22429 1.22429 0 2.66667
8 1 1.22429 1.22429 1.22429 0 2.66667
31 1 1.22429 1.22429 1.22429 0 2.66667
14 1 1.22429 1.22429 1.22429 0 2.66667
9 1 1.22429 1.22429 1.22429 0 2.66667
12 1 1.22429 1.22429 1.22429 0 2.66667
27 1 1.22429 1.22429 1.22429 0 2.66667
10 1 1.22429 1.22429 1.22429 0 2.66667
53 1 1.22429 1.22429 1.22429 0 2.66667
35 1 1.22429 1.22429 1.22429 0 2.8
234 1 0.388237 0.388237 0.388237 0 3.16667
226 1 0.0795078 0.0795078 0.0795078 0 3.66667
260 1 1e-08 1e-08 1e-08 0 1.90909
232 1 1e-08 1e-08 1e-08 0 0.8
228 1 1e-08 1e-08 1e-08 0 1.88889

233 4 37.4521 37.45 37.4511 0.000853309 1.90909
245 8 18.7419 18.7018 18.7192 0.015045 1.92308
267 5 29.8584 29.8584 29.8584 0 2.85714
162 8 18.2505 18.2505 18.2505 3.55271e-15 3.16667
264 9 16.6517 15.0214 15.6689 0.739263 1.88889
262 6 22.8587 22.8587 22.8587 0 2.8
154 7 21.424 1.42857e-09 18.3635 7.49685 0.8
265 4 24.7317 24.7317 24.7317 0 3.16667
266 6 1.4183 1.4183 12.5532 11.1349 2.90909
85 2 14.3367 14.3367 14.3367 0 1.85714
30 1 7.22817 7.22817 7.22817 0 2.66667
25 1 6.72677 6.72677 6.72677 0 2.66667
251 1 5.46041 5.46041 5.46041 0 1.90909
32 1 4.49466 4.49466 4.49466 0 2.66667
15 1 3.22834 3.22834 3.22834 0 2.66667
36 1 1.2429 1.2429 1.2429 0 2.66667
255 1 1.22668 1.22668 1.22668 0 3.3
35 1 1.22429 1.22429 1.22429 0 2.8
53 1 1.22429 1.22429 1.22429 0 2.66667
10 1 1.22429 1.22429 1.22429 0 2.66667
27 1 1.22429 1.22429 1.22429 0 2.66667
12 1 1.22429 1.22429 1.22429 0 2.66667
9 1 1.22429 1.22429 1.22429 0 2.66667
14 1 1.22429 1.22429 1.22429 0 2.66667
31 1 1.22429 1.22429 1.22429 0 2.66667
8 1 1.22429 1.22429 1.22429 0 2.66667
13 1 1.22429 1.22429 1.22429 0 2.66667
34 1 1.13154 1.13154 1.13154 0 2.66667
234 1 0.388237 0.388237 0.388237 0 3.16667
226 1 0.0795078 0.0795078 0.0795078 0 3.66667
260 1 1e-08 1e-08 1e-08 0 1.90909
228 1 1e-08 1e-08 1e-08 0 1.88889

268 3 49.9894 49.9894 49.9894 0 2.8
267 5 29.8584 29.8584 29.8584 0 2.85714
266 6 24.8202 24.8202 24.8202 0 2.90909
162 8 18.2505 18.2505 18.2505 3.55271e-15 3.16667
262 6 22.8587 22.8587 22.8587 0 2.8
264 7 20.4281 1.42857e-09 16.7285 6.8399 1.88889
154 4 37.4921 2.5e-09 28.1191 16.2345 2.8
233 7 2.93854 2.9374 14.9916 12.0538 1.90909
245 7 2.38004 2.37839 14.9126 12.5332 1.42308
265 4 24.7317 24.7317 24.7317 0 3.16667
85 2 14.3367 14.3367 14.3367 0 1.85714
30 1 7.22817 7.22817 7.22817 0 2.66667
25 1 6.72677 6.72677 6.72677 0 2.66667
251 1 5.46041 5.46041 5.46041 0 1.90909
32 1 4.49466 4.49466 4.49466 0 2.66667
15 1 3.22834 3.22834 3.22834 0 2.66667
34 1 3.0631 3.0631 3.0631 0 2.66667
36 1 1.2429 1.2429 1.2429 0 2.66667
255 1 1.22668 1.22668 1.22668 0 3.3
53 1 1.22429 1.22429 1.22429 0 2.66667
10 1 1.22429 1.22429 1.22429 0 2.66667
27 1 1.22429 1.22429 1.22429 0 2.66667
12 1 1.22429 1.22429 1.22429 0 2.66667
9 1 1.22429 1.22429 1.22429 0 2.66667
14 1 1.22429 1.22429 1.22429 0 2.66667
31 1 1.22429 1.22429 1.22429 0 2.66667
8 1 1.22429 1.22429 1.22429 0 2.66667
13 1 1.22429 1.22429 1.22429 0 2.66667
35 1 1.22429 1.22429 1.22429 0 2.8
234 1 0.388237 0.388237 0.388237 0 3.16667
226 1 0.0795078 0.0795078 0.0795078 0 3.66667
260 1 1e-08 1e-08 1e-08 0 1.90909
269 1 1e-08 1e-08 1e-08 0 1.92857

233 4 37.454 37.4521 37.4526 0.00079517 1.90909
266 6 24.8202 24.8202 24.8202 0 2.90909
162 8 18.2505 18.2505 18.2505 3.55271e-15 3.16667
262 6 22.8587 22.8587 22.8587 0 2.8
264 10 13.6312 12.2902 12.9016 0.623798 1.90909
245 7 21.4193 1.42857e-09 18.355 7.49339 1.92308
265 4 24.7317 24.7317 24.7317 0 3.16667
267 7 2.4882 2.4882 13.2579 10.7697 2.85714
268 7 2.94055 2.94055 12.0256 9.08504 2.85714
85 2 14.3367 14.3367 14.3367 0 1.8
30 1 7.22817 7.22817 7.22817 0 2.66667
25 1 6.72677 6.72677 6.72677 0 2.66667
251 1 5.46041 5.46041 5.46041 0 1.90909
32 1 4.49466 4.49466 4.49466 0 2.66667
15 1 3.22834 3.22834 3.22834 0 2.66667
34 1 3.0631 3.0631 3.0631 0 2.66667
36 1 1.2429 1.2429 1.2429 0 2.66667
255 1 1.22668 1.22668 1.22668 0 3.3
53 1 1.22429 1.22429 1.22429 0 2.66667
10 1 1.22429 1.22429 1.22429 0 2.66667
27 1 1.22429 1.22429 1.22429 0 2.66667
12 1 1.22429 1.22429 1.22429 0 2.66667
9 1 1.22429 1.22429 1.22429 0 2.66667
14 1 1.22429 1.22429 1.22429 0 2.66667
31 1 1.22429 1.22429 1.22429 0 2.66667
8 1 1.22429 1.22429 1.22429 0 2.66667
13 1 1.22429 1.22429 1.22429 0 2.66667
35 1 1.22429 1.22429 1.22429 0 2.8
234 1 0.388237 0.388237 0.388237 0 3.16667
226 1 0.0795078 0.0795078 0.0795078 0 3.66667
154 1 1e-08 1e-08 1e-08 0 0.8
260 1 1e-08 1e-08 1e-08 0 1.90909

268 7 21.424 21.424 21.424 0 2.8
267 7 21.3274 21.3274 21.3274 0 2.85714
162 8 18.2505 18.2505 18.2505 3.55271e-15 3.16667
262 6 22.8587 22.8587 22.8587 0 2.8
271 6 23.8328 22.532 22.7694 0.477714 1.90909
245 8 18.7429 1.25e-09 16.3959 6.19706 1.92308
270 7 10.6372 10.6372 14.7013 4.0641 2.90909
265 4 24.7317 24.7317 24.7317 0 3.16667
233 7 2.93854 2.93742 13.8004 10.8627 1.90909
266 6 3.16853 3.16853 14.357 11.1884 0.923077
85 2 14.3367 14.3367 14.3367 0 1.85714
30 1 7.22817 7.22817 7.22817 0 2.66667
25 1 6.72677 6.72677 6.72677 0 2.66667
251 1 5.46041 5.46041 5.46041 0 1.90909
32 1 4.49466 4.49466 4.49466 0 2.66667
15 1 3.22834 3.22834 3.22834 0 2.66667
34 1 3.0631 3.0631 3.0631 0 2.66667
36 1 1.2429 1.2429 1.2429 0 2.66667
255 1 1.22668 1.22668 1.22668 0 3.3
35 1 1.22429 1.22429 1.22429 0 2.8
13 1 1.22429 1.22429 1.22429 0 2.66667
8 1 1.22429 1.22429 1.22429 0 2.66667
31 1 1.22429 1.22429 1.22429 0 2.66667
14 1 1.22429 1.22429 1.22429 0 2.66667
9 1 1.22429 1.22429 1.22429 0 2.66667
12 1 1.22429 1.22429 1.22429 0 2.66667
27 1 1.22429 1.22429 1.22429 0 2.66667
10 1 1.22429 1.22429 1.22429 0 2.66667
53 1 1.22429 1.22429 1.22429 0 2.66667
234 1 0.388237 0.388237 0.388237 0 3.16667
226 1 0.0795078 0.0795078 0.0795078 0 3.66667
154 1 1e-08 1e-08 1e-08 0 0.8
260 1 1e-08 1e-08 1e-08 0 1.90909
272 1 1e-08 1e-08 1e-08 0 1.92308

233 5 29.9632 29.9617 29.9621 0.00056592 1.90909
270 11 11.4555 11.4555 13.5383 2.08281 2.90909
162 8 18.2505 18.2505 18.2505 3.55271e-15 3.16667
271 8 18.7332 16.899 17.491 0.781273 1.88889
262 6 22.8587 22.8587 22.8587 0 2.8
245 8 18.7429 1.25e-09 16.3959 6.19706 1.40909
268 8 2.4585 2.4585 12.8576 10.3991 2.8
265 4 24.7317 24.7317 24.7317 0 3.16667
267 7 2.98584 2.98584 13.7918 10.8059 2.85714
274 1 28.6739 28.6739 28.6739 0 0.857143
85 2 14.3367 14.3367 14.3367 0 1.85714
30 1 7.22817 7.22817 7.22817 0 2.66667
25 1 6.72677 6.72677 6.72677 0 2.66667
251 1 5.46041 5.46041 5.46041 0 1.90909
32 1 4.49466 4.49466 4.49466 0 2.66667
15 1 3.22834 3.22834 3.22834 0 2.66667
34 1 3.0631 3.0631 3.0631 0 2.66667
36 1 1.2429 1.2429 1.2429 0 2.66667
255 1 1.22668 1.22668 1.22668 0 3.3
53 1 1.22429 1.22429 1.22429 0 2.66667
10 1 1.22429 1.22429 1.22429 0 2.66667
27 1 1.22429 1.22429 1.22429 0 2.66667
12 1 1.22429 1.22429 1.22429 0 2.66667
9 1 1.22429 1.22429 1.22429 0 2.66667
14 1 1.22429 1.22429 1.22429 0 2.66667
31 1 1.22429 1.22429 1.22429 0 2.66667
8 1 1.22429 1.22429 1.22429 0 2.66667
13 1 1.22429 1.22429 1.22429 0 2.66667
35 1 1.22429 1.22429 1.22429 0 2.8
234 1 0.388237 0.388237 0.388237 0 3.16667
226 1 0.0795078 0.0795078 0.0795078 0 3.66667
154 1 1e-08 1e-08 1e-08 0 0.8
260 1 1e-08 1e-08 1e-08 0 1.90909
272 1 1e-08 1e-08 1e-08 0 1.92308
273 1 1e-08 1e-08 1e-08 0 2.85714
275 1 1e-08 1e-08 1e-08 0 2.88889

268 8 18.746 18.746 18.746 0 2.8
162 8 18.2505 18.2505 18.2505 3.55271e-15 3.16667
271 1 142.997 142.997 142.997 0 1.88889
262 6 22.8587 22.8587 22.8587 0 2.8
276 5 27.1864 27.0384 27.068 0.0591845 1.90909
245 8 18.7429 1.25e-09 16.3959 6.19706 1.40909
267 8 16.588 3.18598 14.9128 4.4323 2.85714
233 8 2.72491 2.72393 13.5549 10.8306 1.90909
265 4 24.7317 24.7317 24.7317 0 3.16667
270 6 2.44133 2.44133 14.4967 12.0554 2.90909
85 2 14.3367 14.3367 14.3367 0 1.85714
30 1 7.22817 7.22817 7.22817 0 2.66667
25 1 6.72677 6.72677 6.72677 0 2.66667
251 1 5.46041 5.46041 5.46041 0 1.90909
32 1 4.49466 4.49466 4.49466 0 2.66667
15 1 3.22834 3.22834 3.22834 0 2.66667
36 1 1.2429 1.2429 1.2429 0 2.66667
255 1 1.22668 1.22668 1.22668 0 3.3
35 1 1.22429 1.22429 1.22429 0 2.8
13 1 1.22429 1.22429 1.22429 0 2.66667
8 1 1.22429 1.22429 1.22429 0 2.66667
31 1 1.22429 1.22429 1.22429 0 2.66667
14 1 1.22429 1.22429 1.22429 0 2.66667
9 1 1.22429 1.22429 1.22429 0 2.66667
12 1 1.22429 1.22429 1.22429 0 2.66667
27 1 1.22429 1.22429 1.22429 0 2.66667
10 1 1.22429 1.22429 1.22429 0 2.66667
53 1 1.22429 1.22429 1.22429 0 2.66667
34 1 1.13154 1.13154 1.13154 0 2.66667
234 1 0.388237 0.388237 0.388237 0 3.16667
226 1 0.0795078 0.0795078 0.0795078 0 3.66667
277 1 0.00833945 0.00833945 0.00833946 5e-09 1.92308
154 1 1e-08 1e-08 1e-08 0 0.8
260 1 1e-08 1e-08 1e-08 0 1.90909
272 1 1e-08 1e-08 1e-08 0 1.92308
273 1 1e-08 1e-08 1e-08 0 2.85714

