1 0.340133 0.340133 0.340133 0 0
1 0.0522562 0.0522562 0.0522562 0 2
1 1e-08 1e-08 1e-08 0 2
1 1e-08 1e-08 1e-08 0 2
1 1e-08 1e-08 1e-08 0 2

76 0.00447543 1.31579e-10 0.0039632 0.00134398 0
14 0.00647351 0.00239948 0.00383314 0.00080836 2
1 1.42857e-09 1.42857e-09 1e-08 8.57143e-09 2
1 5e-09 5e-09 1e-08 5e-09 2.66667
1 1.66667e-09 1.66667e-09 1e-08 8.33333e-09 2

68 0.00218034 0.00218034 0.00410391 0.00192357 0
30 0.0407923 0.00111976 0.00436706 0.00973817 2
1 5e-09 5e-09 1e-08 5e-09 2
1 2.5e-09 2.5e-09 1e-08 7.5e-09 2
1 1e-08 1e-08 1e-08 0 2

71 0.00218034 0.00218034 0.00447667 0.00229633 0
28 0.0370839 0.00158352 0.00442329 0.00913727 2
1 3.33333e-09 3.33333e-09 1e-08 6.66667e-09 2
1 2.5e-09 2.5e-09 1e-08 7.5e-09 2

71 0.00211263 0.00211263 0.00454774 0.00243511 0.666667
28 0.0407923 0.00174187 0.00470121 0.0100476 2
1 2e-09 2e-09 1e-08 8e-09 2.66667
1 2.5e-09 2.5e-09 1e-08 7.5e-09 2

32 0.00212584 0.00212583 0.0102255 0.00809967 0
1 0.208128 0.208128 0.208128 0 0.666667
2 0.16551 0.00106965 0.0832898 0.0822201 0.5
13 0.043706 0.00186629 0.0105618 0.015208 2
2 0.0566484 0.0513014 0.0539749 0.00267352 0.666667
1 0.0488349 0.0488349 0.0488349 0 0.666667
1 3.33333e-09 3.33333e-09 1e-08 6.66667e-09 2
1 1e-08 1e-08 1e-08 0 2
1 1e-08 1e-08 1e-08 0 0.666667
1 1e-08 1e-08 1e-08 0 2
1 1e-08 1e-08 1e-08 0 0.666667

1 0.335427 0.335427 0.335427 0 1.16667
23 0.00261641 0.00261641 0.0109681 0.0083517 0
14 0.0874121 0.00373259 0.0158823 0.0292093 2
2 0.104064 0.0261281 0.0650961 0.038968 2.66667
4 0.0850336 0.00671329 0.0323027 0.0315746 1.16667
1 5e-09 5e-09 1e-08 5e-09 2
1 5e-09 5e-09 1e-08 5e-09 2
1 1e-08 1e-08 1e-08 0 2

1 0.340135 0.340135 0.340135 0 1.16667
18 0.0339936 0.00145156 0.0175431 0.0160806 2
18 0.00688617 0.00485904 0.0170874 0.0121246 1.16667
17 0.0136053 0.0136053 0.0176476 0.00404228 0
4 0.0520321 2.5e-09 0.0390241 0.0225306 2.66667
1 0.113307 0.113307 0.113307 0 1.16667
1 0.0522562 0.0522562 0.0522562 0 3.16667
2 0.0490332 5e-09 0.0245166 0.0245166 2.8
1 0.0365488 0.0365488 0.0365488 0 1.16667
1 0.0268532 0.0268532 0.0268532 0 1.16667
1 3.33333e-09 3.33333e-09 1e-08 6.66667e-09 2
1 5e-09 5e-09 1e-08 5e-09 2

1 1.23321 1.23321 1.23321 0 2.66667
1 1.22377 1.22377 1.22377 0 2.66667
11 0.047068 0.00348574 0.0455662 0.0127682 2.66667
7 0.00654105 0.00654105 0.0462565 0.0397154 1.16667
6 0.0804992 0.000920726 0.0511271 0.0341145 1.16667
6 0.00723689 0.00723689 0.0474903 0.0402534 0.666667
1 0.113307 0.113307 0.113307 0 1.16667
1 0.0980664 0.0980664 0.0980664 0 2.8
1 0.014012 0.014012 0.0860296 0.0720176 2.66667
1 0.0572721 0.0572721 0.0572721 5e-09 2
1 0.0261432 0.0261432 0.052279 0.0261358 3.66667
1 0.0522562 0.0522562 0.0522562 0 3.16667
1 0.0365488 0.0365488 0.0365488 0 1.16667
1 0.0268532 0.0268532 0.0268532 0 1.16667
1 2.5e-09 2.5e-09 1e-08 7.5e-09 2.66667
1 1e-08 1e-08 1e-08 0 2.66667
1 1e-08 1e-08 1e-08 0 2.66667
1 1e-08 1e-08 1e-08 0 3.16667

19 0.0702703 0.0274046 0.0578219 0.0289655 2.66667
12 0.101986 8.33333e-10 0.0853474 0.0372051 3.16667
2 0.611864 0.27016 0.441012 0.170852 2.66667
14 0.0339936 0.0339936 0.0564404 0.0224469 2.66667
3 0.407923 3.33333e-09 0.141784 0.188323 2.8
6 0.0485905 0.0485905 0.056689 0.00809842 0
5 0.0212584 0.0212584 0.0623207 0.0410622 1.16667
4 0.0439086 0.0438211 0.0637869 0.0199002 1.16667
2 0.104064 0.0572721 0.0806681 0.023396 2.66667
1 0.113307 0.113307 0.113307 0 1.16667
1 0.0980664 0.0980664 0.0980664 0 2.8
1 0.0522562 0.0522562 0.0522562 0 3.16667
1 0.0365488 0.0365488 0.0365488 0 1.16667
1 0.0268532 0.0268532 0.0268532 0 1.16667
1 1e-08 1e-08 1e-08 0 2
1 1e-08 1e-08 1e-08 0 2.66667
1 1e-08 1e-08 1e-08 0 3.16667
1 1e-08 1e-08 1e-08 0 2.8
1 1e-08 1e-08 1e-08 0 0.666667

23 1.86802 0.0180107 0.113052 0.375192 2.66667
16 0.519538 0.0342557 0.111582 0.123898 2.66667
2 0.668882 0.612519 0.6407 0.0281819 2.66667
10 0.0453248 0.0453248 0.117844 0.0725196 2.66667
3 0.981081 0.0127944 0.335864 0.456238 2.8
8 0.0928964 0.0382428 0.117542 0.0746878 2.66667
4 0.120749 0.120508 0.120689 0.000104275 1.16667
4 0.20406 1.66667e-09 0.110677 0.0941357 2.66667
3 0.0680269 0.0680269 0.113378 0.0453513 1.16667
2 0.0340134 0.0340134 0.148302 0.114289 0
1 0.114544 0.114544 0.114544 0 2.8
1 0.113307 0.113307 0.113307 0 1.16667
1 0.0980664 0.0980664 0.0980664 0 2.8
1 0.0174289 0.0174289 0.0522865 0.0348576 3.66667
1 0.0522562 0.0522562 0.0522562 0 3.16667
1 0.0365488 0.0365488 0.0365488 0 1.16667
1 0.0268532 0.0268532 0.0268532 0 1.16667
1 1e-08 1e-08 1e-08 0 3.16667
1 1e-08 1e-08 1e-08 0 2.8
1 1e-08 1e-08 1e-08 0 2.66667
1 2.5e-09 2.5e-09 1e-08 7.5e-09 2.66667
1 5e-09 5e-09 1e-08 5e-09 2
1 1e-08 1e-08 1e-08 0 2.66667
1 1e-08 1e-08 1e-08 0 2.8
1 1e-08 1e-08 1e-08 0 2.8
1 1e-08 1e-08 1e-08 0 2.66667

24 1.01892 0.0222496 0.117875 0.275752 2.66667
14 0.300973 0.0340288 0.122411 0.104858 2.66667
12 0.389653 0.0256918 0.118136 0.10299 2.66667
5 0.588595 2e-09 0.262649 0.267291 0.666667
1 1.22436 1.22436 1.22436 0 2.8
10 0.185793 0.0764855 0.121293 0.0493777 2.66667
4 0.120749 0.120508 0.120689 0.000104275 1.16667
3 0.407923 3.33333e-09 0.141784 0.188323 2.8
2 0.113378 0.113378 0.170067 0.0566891 1.16667
1 0.104064 0.104064 0.161336 0.0572721 2.66667
1 0.113307 0.113307 0.113307 0 1.16667
1 0.0980664 0.0980664 0.0980664 0 2.8
1 0.0522562 0.0522562 0.0522562 0 3.16667
1 0.0365488 0.0365488 0.0365488 0 1.16667
1 0.0268532 0.0268532 0.0268532 0 1.16667
1 0.0174197 0.0174197 0.0174197 6.66667e-09 2.8
1 1e-08 1e-08 1e-08 0 2.8
1 1e-08 1e-08 1e-08 0 3.16667
1 1e-08 1e-08 1e-08 0 2.8
1 1e-08 1e-08 1e-08 0 2.66667
1 1e-08 1e-08 1e-08 0 2
1 1e-08 1e-08 1e-08 0 2.66667
1 1e-08 1e-08 1e-08 0 2.8
1 1e-08 1e-08 1e-08 0 2.8
1 1e-08 1e-08 1e-08 0 2.66667
1 1e-08 1e-08 1e-08 0 2.66667

41 2.28369 0.0226616 0.180515 0.483263 2.66667
17 0.519538 0.0817493 0.185466 0.147616 2.66667
14 0.318678 0.039346 0.188547 0.142433 2.66667
8 0.141556 0.0582747 0.177229 0.0965448 3.16667
2 0.650648 5e-09 0.325324 0.325324 2.66667
2 0.120749 0.120749 0.241377 0.120628 1.16667
2 0.119915 0.111306 0.236119 0.120586 2.8
1 0.170067 0.170067 0.340135 0.170067 1.16667
1 0.056689 0.056689 0.283445 0.226756 0.666667
1 0.24839 0.24839 0.24839 0 2.8
1 0.208128 0.208128 0.208128 0 2.66667
1 0.113307 0.113307 0.113307 0 1.16667
1 0.0980664 0.0980664 0.0980664 0 2.8
1 0.0522562 0.0522562 0.0522562 0 3.16667
1 0.0419574 0.0419574 0.0419574 0 2.8
1 0.0365488 0.0365488 0.0365488 0 1.16667
1 0.0268532 0.0268532 0.0268532 0 1.16667
1 0.0261434 0.0261434 0.0261434 5e-09 3.66667
1 5e-09 5e-09 1e-08 5e-09 2.66667
1 1e-08 1e-08 1e-08 0 0.666667
1 5e-09 5e-09 1e-08 5e-09 2.66667
1 1e-08 1e-08 1e-08 0 2.8

31 1.25836 0.012487 0.312164 0.453125 2.66667
24 2.63301 0.00274493 0.310573 0.531463 0.666667
16 0.374443 0.0445921 0.323117 0.134796 2.66667
6 0.490541 1.66667e-09 0.408784 0.182814 2.8
5 0.185793 0.185793 0.346497 0.160704 2.66667
3 1.2633 3.33333e-09 0.425761 0.592256 2.8
2 0.659531 0.612181 0.635856 0.0236752 2.8
1 0.241498 0.241498 0.482995 0.241498 1.16667
1 0.340135 0.340135 0.340135 0 1.16667
1 0.24839 0.24839 0.24839 0 2.8
1 0.208128 0.208128 0.208128 0 2.66667
1 0.113378 0.113378 0.113378 6.66667e-09 0.666667
1 0.113307 0.113307 0.113307 0 1.16667
1 0.0980664 0.0980664 0.0980664 0 2.8
1 0.0522868 0.0522868 0.0522868 0 3.66667
1 0.0522562 0.0522562 0.0522562 0 3.16667
1 0.0365488 0.0365488 0.0365488 0 1.16667
1 0.0268532 0.0268532 0.0268532 0 1.16667
1 0.0028481 0.0028481 0.0028481 0 3.16667
1 1e-08 1e-08 1e-08 0 2.66667
1 1e-08 1e-08 1e-08 0 0.666667

39 2.32678 0.0230892 0.851233 0.967039 2.66667
7 1.54182 0.174824 1.34302 0.476921 2.66667
10 0.622982 0.601947 0.929591 0.325589 3.16667
7 1.43619 0.425077 0.877933 0.469365 2.66667
7 0.748886 0.747939 0.859149 0.110535 2.66667
6 3.18968 0.424669 0.891418 1.03048 2.8
2 4.61053 0.0261365 2.31833 2.2922 2.8
2 1.47162 1.47162 1.47162 0 2.8
2 0.207551 0.147162 1.06033 0.883489 3.3
1 1.70367 1.70367 1.70367 0 2.66667
1 0.536458 0.536458 1.55623 1.01977 2.66667
1 0.329765 0.329765 0.941866 0.6121 2.8
1 0.482995 0.482995 0.482995 0 1.16667
1 0.340135 0.340135 0.340135 0 1.16667
1 0.208128 0.208128 0.208128 0 2.66667
1 0.113307 0.113307 0.113307 0 1.16667
1 0.0980664 0.0980664 0.0980664 0 2.8
1 0.0522868 0.0522868 0.0522868 0 3.66667
1 0.0522562 0.0522562 0.0522562 0 3.16667
1 0.0365488 0.0365488 0.0365488 0 1.16667
1 0.0268532 0.0268532 0.0268532 0 1.16667
1 0.0028481 0.0028481 0.0028481 0 3.16667
1 9.23758e-05 9.23758e-05 9.23758e-05 0 2.8
1 1e-08 1e-08 1e-08 0 3.3
1 2e-09 2e-09 1e-08 8e-09 2.66667
1 1e-08 1e-08 1e-08 0 0.666667
1 3.33333e-09 3.33333e-09 1e-08 6.66667e-09 2.66667
1 1e-08 1e-08 1e-08 0 3.16667

37 1.37021 0.0357639 0.953277 0.440069 2.66667
1 22.3278 22.3278 22.3278 0 2.66667
15 3.32591 0.0001499 0.968514 0.71751 3.3
10 0.200594 0.200341 0.94447 0.743926 2.66667
3 0.39227 0.297268 1.02256 0.695071 2.66667
2 1.47162 1.47162 1.47162 0 2.8
2 2.69819 0.00847238 1.35333 1.34486 2.66667
1 1.31906 1.31906 1.31906 0 2.8
1 0.851835 0.851835 0.878584 0.0267492 2.8
1 0.482995 0.482995 0.482995 0 1.16667
1 0.340135 0.340135 0.340135 0 1.16667
1 0.238204 0.238204 0.238204 0 2.66667
1 0.113307 0.113307 0.113307 0 1.16667
1 0.0980664 0.0980664 0.0980664 0 2.8
1 0.0797921 0.0797921 0.0797921 0 2.8
1 0.0522868 0.0522868 0.0522868 0 3.66667
1 0.0522562 0.0522562 0.0522562 0 3.16667
1 0.0365488 0.0365488 0.0365488 0 1.16667
1 0.0268532 0.0268532 0.0268532 0 1.16667
1 1e-08 1e-08 1e-08 0 3.3
1 1e-08 1e-08 1e-08 0 0.666667
1 1e-08 1e-08 1e-08 0 2.8
1 1e-08 1e-08 1e-08 0 2.66667
1 1e-08 1e-08 1e-08 0 2.8
1 1e-08 1e-08 1e-08 0 2.66667

41 1.73689 1.40591 1.71638 0.25682 2.66667
5 12.6384 0.588605 7.81851 5.90319 1.16667
10 0.890636 0.890636 1.72599 0.835355 3.16667
9 5.45627 0.510604 1.73856 1.69589 2.66667
8 0.984533 0.697743 1.69511 0.966182 2.66667
2 2.24382 2.15855 2.21134 0.0438251 2.8
1 1.47162 1.47162 2.94324 1.47162 2.8
1 1.24146 1.24146 2.39458 1.15312 3.3
1 1.31906 1.31906 1.31906 0 2.8
1 0.56789 0.56789 0.56789 6.66667e-09 2.66667
1 0.482995 0.482995 0.482995 0 1.16667
1 0.340135 0.340135 0.340135 0 1.16667
1 0.208128 0.208128 0.208128 0 2.66667
1 0.113307 0.113307 0.113307 0 1.16667
1 0.0980664 0.0980664 0.0980664 0 2.8
1 0.0522868 0.0522868 0.0522868 0 3.66667
1 0.0522562 0.0522562 0.0522562 0 3.16667
1 0.0365488 0.0365488 0.0365488 0 1.16667
1 0.0268532 0.0268532 0.0268532 0 1.16667
1 0.0028481 0.0028481 0.0028481 0 3.16667
1 9.23758e-05 9.23758e-05 9.23758e-05 0 2.8
1 5e-09 5e-09 1e-08 5e-09 3.3
1 1e-08 1e-08 1e-08 0 0.666667
1 1e-08 1e-08 1e-08 0 2.8
1 1e-08 1e-08 1e-08 0 2.8
1 1e-08 1e-08 1e-08 0 2.66667
1 5e-09 5e-09 1e-08 5e-09 3.16667
1 1e-08 1e-08 1e-08 0 2.66667
1 1e-08 1e-08 1e-08 0 2.66667
1 1e-08 1e-08 1e-08 0 2.66667
1 1e-08 1e-08 1e-08 0 3.16667

56 1.50389 1.21731 1.61368 0.316412 3.3
8 3.93813 2.79097 2.93437 0.379388 2.66667
13 1.10921 1.10861 1.71205 0.603375 1.16667
10 7.06105 0.660781 1.69483 1.96009 2.66667
1 2.94324 2.94324 2.94324 0 2.8
1 1.70367 1.70367 1.70367 0 2.66667
1 1.31906 1.31906 1.31906 0 2.8
1 0.744876 0.744876 0.81632 0.0714436 3.3
1 0.482995 0.482995 0.482995 0 1.16667
1 0.340135 0.340135 0.340135 0 1.16667
1 0.208128 0.208128 0.208128 0 2.66667
1 0.113307 0.113307 0.113307 0 1.16667
1 0.0980664 0.0980664 0.0980664 0 2.8
1 0.0522868 0.0522868 0.0522868 0 3.66667
1 0.0522714 0.0522714 0.0522714 0 0.8
1 0.0522562 0.0522562 0.0522562 0 3.16667
1 0.0365488 0.0365488 0.0365488 0 1.16667
1 0.0268532 0.0268532 0.0268532 0 1.16667

24 1.32601 1.32601 3.79726 2.47124 2.66667
8 15.4149 1.25e-09 11.285 4.37236 2.66667
9 13.7021 0.00328957 7.69016 5.48454 0.666667
16 2.43174 2.43047 3.86015 1.42938 0.666667
6 12.0038 1.12333 3.68562 4.12348 2.66667
5 1.16685 0.82696 3.94214 2.98366 2.66667
1 3.72438 3.72438 3.72438 0 3.3
1 2.94324 2.94324 2.94324 0 2.8
1 1.70367 1.70367 1.70367 0 2.66667
1 1.31906 1.31906 1.31906 0 2.8
1 0.482995 0.482995 0.482995 0 1.16667
1 0.340135 0.340135 0.340135 0 1.16667
1 0.208128 0.208128 0.208128 0 2.66667
1 0.169604 0.169604 0.169604 5e-09 2.66667
1 0.113307 0.113307 0.113307 0 1.16667
1 0.0980664 0.0980664 0.0980664 0 2.8
1 0.0522868 0.0522868 0.0522868 0 3.66667
1 0.0522562 0.0522562 0.0522562 0 3.16667
1 0.0365488 0.0365488 0.0365488 0 1.16667
1 0.0268532 0.0268532 0.0268532 0 1.16667
1 1.11111e-09 1.11111e-09 1e-08 8.88889e-09 2.66667
1 1e-08 1e-08 1e-08 0 2.66667
1 5e-09 5e-09 1e-08 5e-09 2.66667
1 1e-08 1e-08 1e-08 0 0.666667

40 1.01081 1.01081 2.29646 1.28565 0.666667
23 2.74892 4.34783e-10 2.26979 1.04145 0.666667
6 20.0063 1.87221 4.89456 6.75818 2.66667
5 6.30101 4.46559 5.20089 0.898246 0.666667
3 15.6479 3.33333e-09 5.22673 7.36888 2.8
1 3.72438 3.72438 3.72438 0 3.3
1 2.94324 2.94324 2.94324 0 2.8
1 1.70367 1.70367 1.70367 0 2.66667
1 1.31906 1.31906 1.31906 0 2.8
1 0.482995 0.482995 0.482995 0 1.16667
1 0.340135 0.340135 0.340135 0 1.16667
1 0.208128 0.208128 0.208128 0 2.66667
1 0.113307 0.113307 0.113307 0 1.16667
1 0.0980664 0.0980664 0.0980664 0 2.8
1 0.0522868 0.0522868 0.0522868 0 3.66667
1 0.0522562 0.0522562 0.0522562 0 3.16667
1 0.0365488 0.0365488 0.0365488 0 1.16667
1 0.0268532 0.0268532 0.0268532 0 1.16667
1 0.00653393 0.00653393 0.0130679 0.00653393 0.666667
1 1e-08 1e-08 1e-08 0 2.66667
1 1e-08 1e-08 1e-08 0 2.66667
1 5e-09 5e-09 1e-08 5e-09 2.66667
1 1e-08 1e-08 1e-08 0 0.666667
1 1e-08 1e-08 1e-08 0 2.8

29 1.71276 1.71276 3.98002 2.26726 3.16667
20 7.0734 0.00148036 4.97891 2.49527 2.66667
13 1.85903 1.28964 4.01236 2.68266 1.16667
8 4.80152 0.449331 3.87829 2.17141 2.66667
2 15.7525 11.164 13.4582 2.29428 3.3
3 10.5017 7.44736 8.46547 1.43982 3.66667
2 23.4718 0.0484558 11.7601 11.7117 2.8
1 3.72438 3.72438 3.72438 0 3.3
1 2.94324 2.94324 2.94324 0 2.8
1 1.70367 1.70367 1.70367 0 2.66667
1 1.31906 1.31906 1.31906 0 2.8
1 0.482995 0.482995 0.482995 0 1.16667
1 0.340135 0.340135 0.340135 0 1.16667
1 0.340022 0.340022 0.340022 0 0.8
1 0.238204 0.238204 0.238204 0 2.66667
1 0.113307 0.113307 0.113307 0 1.16667
1 0.0980664 0.0980664 0.0980664 0 2.8
1 0.0522868 0.0522868 0.0522868 0 3.66667
1 0.0522562 0.0522562 0.0522562 0 3.16667
1 0.0522562 0.0522562 0.0522562 0 2.66667
1 0.0365488 0.0365488 0.0365488 0 1.16667
1 0.0268532 0.0268532 0.0268532 0 1.16667
1 1e-08 1e-08 1e-08 0 2.66667
1 1e-08 1e-08 1e-08 0 2.66667
1 1e-08 1e-08 1e-08 0 2.66667
1 5e-09 5e-09 1e-08 5e-09 2.66667
1 1e-08 1e-08 1e-08 0 0.666667
1 1e-08 1e-08 1e-08 0 2.8
1 1e-08 1e-08 1e-08 0 0.666667

26 1.23016 1.07234 3.98513 2.88908 3.16667
8 15.0047 0.212959 9.62462 6.69217 2.66667
4 30.8333 0.0242279 18.3558 13.1449 2.8
15 3.2533 2.25804 3.89704 1.54381 1.66667
3 10.5017 7.44264 9.482 1.44204 3.66667
2 11.171 11.171 11.171 0 0.666667
2 4.0357 4.0357 5.75184 1.71614 3.16667
1 3.72438 3.72438 3.72438 0 3.3
1 2.94324 2.94324 2.94324 0 2.8
1 1.31906 1.31906 1.31906 0 2.8
1 0.482995 0.482995 0.482995 0 1.16667
1 0.340135 0.340135 0.340135 0 1.16667
1 0.340022 0.340022 0.340022 0 0.8
1 0.208128 0.208128 0.208128 0 2.66667
1 0.113307 0.113307 0.113307 0 1.16667
1 0.0980664 0.0980664 0.0980664 0 2.8
1 0.0188942 0.0188942 0.0755769 0.0566826 3.16667
1 0.0522868 0.0522868 0.0522868 0 3.66667
1 0.0522562 0.0522562 0.0522562 0 3.16667
1 0.0522562 0.0522562 0.0522562 0 2.66667
1 0.0365488 0.0365488 0.0365488 0 1.16667
1 0.0268532 0.0268532 0.0268532 0 1.16667
1 0.00568443 0.00568443 0.00568443 0 1.66667
1 4.38738e-05 4.38738e-05 4.38738e-05 0 2.66667
1 5e-09 5e-09 1e-08 5e-09 2.66667
1 1e-08 1e-08 1e-08 0 2.66667
1 3.33333e-09 3.33333e-09 1e-08 6.66667e-09 2.66667
1 1e-08 1e-08 1e-08 0 0.666667
1 1e-08 1e-08 1e-08 0 2.8
1 1e-08 1e-08 1e-08 0 0.666667
1 2.5e-09 2.5e-09 1e-08 7.5e-09 2.66667

1 123.319 123.319 123.319 0 0.666667
18 2.31915 2.02162 5.65409 3.48688 2.66667
3 47.0977 3.33333e-09 29.4014 20.9333 2.66667
10 3.79551 2.63438 5.77646 2.9464 1.66667
10 3.07789 3.07789 5.50151 2.42361 3.3
9 7.2549 2.76139 5.76003 2.11807 2.8
3 10.5017 7.44264 9.482 1.44204 3.3
2 11.171 11.171 11.171 0 0.666667
1 3.72438 3.72438 3.72438 0 3.3
1 2.94324 2.94324 2.94324 0 2.8
1 0.425917 0.425917 1.70367 1.27775 2.66667
1 1.31906 1.31906 1.31906 0 2.8
1 0.482995 0.482995 0.482995 0 1.16667
1 0.340135 0.340135 0.340135 0 1.16667
1 0.340022 0.340022 0.340022 0 0.8
1 0.208128 0.208128 0.208128 0 2.66667
1 0.113307 0.113307 0.113307 0 1.16667
1 0.0980664 0.0980664 0.0980664 0 2.8
1 0.0566826 0.0566826 0.0567046 2.19369e-05 2.66667
1 0.0522868 0.0522868 0.0522868 0 3.66667
1 0.0522562 0.0522562 0.0522562 0 2.66667
1 0.0522562 0.0522562 0.0522562 0 3.16667
1 0.0365488 0.0365488 0.0365488 0 1.16667
1 0.0268532 0.0268532 0.0268532 0 1.16667
1 1e-08 1e-08 1e-08 0 2.66667
1 1e-08 1e-08 1e-08 0 2.66667
1 1e-08 1e-08 1e-08 0 2.66667
1 1e-08 1e-08 1e-08 0 0.666667
1 1e-08 1e-08 1e-08 0 2.8
1 1e-08 1e-08 1e-08 0 0.666667
1 5e-09 5e-09 1e-08 5e-09 2.66667
1 1e-08 1e-08 1e-08 0 2.66667
1 1e-08 1e-08 1e-08 0 2.8
1 3.33333e-09 3.33333e-09 1e-08 6.66667e-09 3.3
1 1e-08 1e-08 1e-08 0 3.16667

7 20.2097 20.2097 20.2097 3.55271e-15 3.16667
16 3.13985 2.74042 6.7563 3.9432 0.666667
16 6.31778 6.31778 6.75583 0.438041 3.16667
15 4.42088 3.85372 6.50625 2.32887 2.66667
4 30.8333 11.7359 16.5103 8.26942 2.66667
8 3.50438 2.43186 7.11925 4.28584 1.66667
3 10.5017 7.44264 9.482 1.44204 3.66667
2 11.171 11.171 11.171 0 0.666667
1 3.72438 3.72438 3.72438 0 3.3
1 2.94324 2.94324 2.94324 0 2.8
1 1.70367 1.70367 1.70367 0 2.66667
1 1.31906 1.31906 1.31906 0 2.8
1 0.482995 0.482995 0.482995 0 1.16667
1 0.340135 0.340135 0.340135 0 1.16667
1 0.340022 0.340022 0.340022 0 0.8
1 0.208128 0.208128 0.208128 0 2.66667
1 0.113307 0.113307 0.113307 0 1.16667
1 0.0980664 0.0980664 0.0980664 0 2.8
1 0.0522868 0.0522868 0.0522868 0 3.66667
1 0.0522711 0.0522711 0.0522711 0 3.66667
1 0.0522562 0.0522562 0.0522562 0 2.66667
1 0.0522562 0.0522562 0.0522562 0 3.16667
1 0.0257694 0.0257694 0.040573 0.0148035 2.8
1 0.0377884 0.0377884 0.0377884 6.66667e-09 2.66667
1 0.0365488 0.0365488 0.0365488 0 1.16667
1 0.0288146 0.0288146 0.0288146 0 2.8
1 0.0268532 0.0268532 0.0268532 0 1.16667
1 1e-08 1e-08 1e-08 0 3.3
1 1e-08 1e-08 1e-08 0 3.16667
1 2e-09 2e-09 1e-08 8e-09 2.66667
1 1e-08 1e-08 1e-08 0 0.666667
1 1e-08 1e-08 1e-08 0 3.16667
1 1e-08 1e-08 1e-08 0 2.8
1 1e-08 1e-08 1e-08 0 3.16667
1 1e-08 1e-08 1e-08 0 3.16667
1 1e-08 1e-08 1e-08 0 3.3
1 5e-09 5e-09 1e-08 5e-09 3.16667
1 1e-08 1e-08 1e-08 0 2.66667

1 123.319 123.319 123.319 0 3.16667
16 5.14339 5.13829 7.08927 1.94835 1.16667
14 1.66433 1.66433 7.53807 5.87374 0.666667
8 17.6835 1.25e-09 11.8467 6.87472 2.66667
12 3.33439 3.33439 7.53286 4.19847 3.16667
8 11.3893 7.90356 9.30438 1.63073 1.66667
9 13.7037 1.11111e-09 7.1906 4.3759 2.8
3 6.30101 4.46842 8.66814 3.10077 3.3
1 3.72438 3.72438 3.72438 0 3.3
1 2.94324 2.94324 2.94324 0 2.8
1 1.70367 1.70367 1.70367 0 2.66667
1 1.31906 1.31906 1.31906 0 2.8
1 0.482995 0.482995 0.482995 0 1.16667
1 0.340135 0.340135 0.340135 0 1.16667
1 0.340022 0.340022 0.340022 0 0.8
1 0.238204 0.238204 0.238204 0 2.66667
1 0.113365 0.113365 0.113365 0 2.66667
1 0.113307 0.113307 0.113307 0 1.16667
1 0.0980664 0.0980664 0.0980664 0 2.8
1 0.0522868 0.0522868 0.0522868 0 3.66667
1 0.0522711 0.0522711 0.0522711 0 3.66667
1 0.0522562 0.0522562 0.0522562 0 2.66667
1 0.0522562 0.0522562 0.0522562 0 3.16667
1 0.0365488 0.0365488 0.0365488 0 1.16667
1 0.0268532 0.0268532 0.0268532 0 1.16667
1 1e-08 1e-08 1e-08 0 0.666667
1 1e-08 1e-08 1e-08 0 3.16667
1 1e-08 1e-08 1e-08 0 3.3
1 1e-08 1e-08 1e-08 0 2.8
1 1e-08 1e-08 1e-08 0 2.66667
1 5e-09 5e-09 1e-08 5e-09 3.16667
1 1e-08 1e-08 1e-08 0 3.3

14 2.02097 2.02097 8.34293 6.32195 2.66667
13 6.52948 6.49048 8.49437 1.99731 0.666667
11 12.8607 9.09091e-10 9.92336 4.73456 0.666667
11 12.8607 9.09091e-10 9.77293 4.66623 2.8
11 5.21904 5.21904 8.59349 3.37446 3.16667
7 20.2097 0.00749794 11.5611 9.98661 3.16667
8 11.3893 7.90356 9.30438 1.63073 0.666667
6 17.619 6.70624 8.52504 4.06696 2.8
2 15.7525 15.7525 15.7525 0 3.66667
1 22.3421 22.3421 22.3421 0 0.666667
1 3.72438 3.72438 3.72438 0 3.3
1 2.94324 2.94324 2.94324 0 2.8
1 1.70367 1.70367 1.70367 0 2.66667
1 1.31906 1.31906 1.31906 0 2.8
1 0.482995 0.482995 0.482995 0 1.16667
1 0.340135 0.340135 0.340135 0 1.16667
1 0.340022 0.340022 0.340022 0 0.8
1 0.208128 0.208128 0.208128 0 2.66667
1 0.113365 0.113365 0.113365 0 2.66667
1 0.113307 0.113307 0.113307 0 1.16667
1 0.056574 0.056574 0.113116 0.0565421 2.66667
1 0.0980664 0.0980664 0.0980664 0 2.8
1 0.0522868 0.0522868 0.0522868 0 3.66667
1 0.0522711 0.0522711 0.0522711 0 3.66667
1 0.0522658 0.0522658 0.0522658 0 0.8
1 0.0522562 0.0522562 0.0522562 0 2.66667
1 0.0522562 0.0522562 0.0522562 0 3.16667

1 123.319 123.319 123.319 0 3.16667
2 61.6595 61.3879 61.5237 0.135803 2.66667
13 8.84176 7.70744 9.08559 0.790929 2.8
12 2.08041 2.08041 9.35006 7.26964 3.16667
11 5.00158 5.00158 9.55492 4.55334 3.16667
11 4.55784 3.97881 8.88038 4.84553 1.3
10 10.2778 3.91197 9.15031 3.0202 2.66667
8 7.00877 4.86376 9.3011 3.1911 0.666667
3 10.5017 7.44736 9.48357 1.43982 0.666667
1 3.72438 3.72438 3.72438 0 3.3
1 2.94324 2.94324 2.94324 0 2.8
1 1.31906 1.31906 1.31906 0 2.8
1 0.482995 0.482995 0.482995 0 1.16667
1 0.347075 0.347075 0.347075 0 2.8
1 0.340135 0.340135 0.340135 0 1.16667
1 0.340022 0.340022 0.340022 0 0.8
1 0.238204 0.238204 0.238204 0 2.66667
1 0.113365 0.113365 0.113365 0 2.66667
1 0.113307 0.113307 0.113307 0 1.16667
1 0.113148 0.113148 0.113148 0 2.66667
1 0.0980664 0.0980664 0.0980664 0 2.8
1 0.0450509 0.0450509 0.0556967 0.0106458 3.3
1 0.0522868 0.0522868 0.0522868 0 3.66667
1 0.0522711 0.0522711 0.0522711 0 3.66667
1 0.0522562 0.0522562 0.0522562 0 2.66667
1 0.0522562 0.0522562 0.0522562 0 3.16667
1 0.0135827 0.0135827 0.0146877 0.00110502 0.666667
1 0.0136589 0.0136589 0.0136589 5e-09 3.3
1 1e-08 1e-08 1e-08 0 2.66667
1 1e-08 1e-08 1e-08 0 2.66667
1 1e-08 1e-08 1e-08 0 3.16667
1 1e-08 1e-08 1e-08 0 2.8
1 1e-08 1e-08 1e-08 0 2.66667

13 6.49574 6.43037 9.76584 3.33048 3.3
12 8.86143 8.81724 10.2941 1.46958 1.16667
1 123.469 123.469 123.469 0 1.16667
11 5.8945 5.8945 10.1132 4.21867 3.16667
10 4.56349 3.97803 10.4678 6.37698 3.16667
10 4.04195 3.52381 10.1807 6.29922 2.66667
10 4.44585 4.44585 9.84766 5.40181 3.16667
8 11.3893 7.90361 10.1751 1.57937 1.66667
1 31.505 31.505 31.505 0 3.66667
2 15.7525 11.171 13.4618 2.29074 0.666667
1 15.6479 15.6479 15.6479 6.66667e-09 2.8
1 3.72438 3.72438 3.72438 0 3.3
1 2.94324 2.94324 2.94324 0 2.8
1 1.31906 1.31906 1.31906 0 2.8
1 0.482995 0.482995 0.482995 0 1.16667
1 0.347075 0.347075 0.347075 0 2.8
1 0.340135 0.340135 0.340135 0 1.16667
1 0.340022 0.340022 0.340022 0 0.8
1 0.238204 0.238204 0.238204 0 2.66667
1 0.113365 0.113365 0.113365 0 2.66667
1 0.113307 0.113307 0.113307 0 1.16667
1 0.113148 0.113148 0.113148 0 2.66667
1 0.0980664 0.0980664 0.0980664 0 2.8
1 0.0901018 0.0901018 0.0901018 0 3.3
1 0.0814961 0.0814961 0.0814961 0 0.666667
1 0.0522868 0.0522868 0.0522868 0 3.66667
1 0.0522711 0.0522711 0.0522711 0 3.66667
1 0.0522562 0.0522562 0.0522562 0 2.66667
1 0.0522562 0.0522562 0.0522562 0 3.16667
1 1e-08 1e-08 1e-08 0 3.16667
1 1e-08 1e-08 1e-08 0 3.16667
1 1e-08 1e-08 1e-08 0 2.8
1 1e-08 1e-08 1e-08 0 2.66667

4 35.367 35.367 35.367 0 2.8
11 9.43121 8.22127 10.6857 2.29241 3.16667
11 4.08304 4.04195 10.6585 6.61285 2.8
11 2.82586 2.46975 10.5902 8.08118 1.16667
10 3.62739 3.62739 11.1882 7.56076 2.8
10 10.9125 10.9125 10.9125 9.09086e-11 3.16667
4 30.8333 11.7359 26.059 8.26942 2.66667
7 11.3893 7.9098 11.6287 1.81195 1.66667
2 70.6514 9.88313 40.2673 30.3841 0.666667
2 15.7525 15.7525 15.7525 0 3.66667
1 22.3421 22.3421 22.3421 0 0.666667
1 5.0981 5.0981 5.0981 0 3.16667
1 3.72438 3.72438 3.72438 0 3.3
1 2.94324 2.94324 2.94324 0 2.8
1 1.31906 1.31906 1.31906 0 2.8
1 0.482995 0.482995 0.482995 0 1.16667
1 0.347075 0.347075 0.347075 0 2.8
1 0.340135 0.340135 0.340135 0 1.16667
1 0.340022 0.340022 0.340022 0 0.8
1 0.208128 0.208128 0.208128 0 2.66667
1 0.113365 0.113365 0.113365 0 2.66667
1 0.113307 0.113307 0.113307 0 1.16667
1 0.113148 0.113148 0.113148 0 2.66667
1 0.0980664 0.0980664 0.0980664 0 2.8
1 0.0901018 0.0901018 0.0901018 0 3.3
1 0.0814961 0.0814961 0.0814961 0 0.666667
1 0.0522868 0.0522868 0.0522868 0 3.66667
1 0.0522711 0.0522711 0.0522711 0 3.66667
1 0.0522562 0.0522562 0.0522562 0 2.66667
1 0.0522562 0.0522562 0.0522562 0 3.16667
1 0.00965239 0.00965239 0.00965239 0 1.3
1 0.00178602 0.00178602 0.00178602 0 1.16667
1 1e-08 1e-08 1e-08 0 1.3
1 1e-08 1e-08 1e-08 0 2.66667
1 1e-08 1e-08 1e-08 0 2.66667
1 1e-08 1e-08 1e-08 0 3.3
1 1e-08 1e-08 1e-08 0 3.16667
1 1e-08 1e-08 1e-08 0 2.66667
1 1e-08 1e-08 1e-08 0 3.16667

9 15.7187 15.7187 15.7187 0 2.66667
13 3.1757 3.14374 9.90249 6.75339 2.8
7 20.2097 1.42857e-09 17.3226 7.07193 2.66667
10 4.55815 4.00194 10.6061 6.38755 3.66667
10 4.00126 4.00126 10.4063 6.40505 3.3
9 7.503 7.25406 10.5018 3.22105 3.16667
7 13.0163 9.03977 11.9996 1.61961 1.66667
7 10.2778 3.91197 10.7994 2.64762 2.66667
6 23.578 0.00506896 11.7928 11.7852 2.66667
2 10.5017 10.5017 14.2254 3.72368 3.66667
1 3.72438 3.72438 3.72438 0 3.3
1 2.94324 2.94324 2.94324 0 2.8
1 2.54905 2.54905 2.56372 0.0146729 3.16667
1 1.31906 1.31906 1.31906 0 2.8
1 0.482995 0.482995 0.482995 0 1.16667
1 0.340135 0.340135 0.340135 0 1.16667
1 0.340022 0.340022 0.340022 0 0.8
1 0.238204 0.238204 0.238204 0 2.66667
1 0.173537 0.173537 0.173537 5e-09 2.8
1 0.113365 0.113365 0.113365 0 2.66667
1 0.113307 0.113307 0.113307 0 1.16667
1 0.113148 0.113148 0.113148 0 2.66667
1 0.0980664 0.0980664 0.0980664 0 2.8
1 0.0901018 0.0901018 0.0901018 0 3.3
1 0.0814961 0.0814961 0.0814961 0 0.666667
1 0.0522868 0.0522868 0.0522868 0 3.66667
1 0.0522711 0.0522711 0.0522711 0 3.66667
1 0.0522562 0.0522562 0.0522562 0 2.66667
1 0.0522562 0.0522562 0.0522562 0 3.16667
1 0.00965239 0.00965239 0.00965239 0 1.3
1 0.00178602 0.00178602 0.00178602 0 1.16667

1 140.615 140.615 140.615 0 1.16667
12 5.4964 5.44108 11.2914 5.83238 2.8
11 9.11078 8.80952 11.2725 2.40391 2.66667
10 7.25406 7.25406 11.6066 4.35254 3.16667
10 1.99256 1.99251 11.0361 9.04355 2.66667
9 5.21904 5.21904 11.1432 5.92414 3.16667
7 13.0163 9.03977 11.9996 1.61961 1.66667
5 24.812 2e-09 16.74 10.2737 2.66667
2 70.6491 5e-09 35.3246 35.3246 0.666667
3 20.6767 0.0100076 13.7894 9.74236 1.16667
2 15.7525 15.7525 15.7525 0 3.66667
1 10.7935 10.7935 10.7935 0 1.16667
1 5.0981 5.0981 5.0981 0 3.16667
1 3.72438 3.72438 3.72438 0 3.3
1 2.94324 2.94324 2.94324 0 2.8
1 1.31906 1.31906 1.31906 0 2.8
1 0.482995 0.482995 0.482995 0 1.16667
1 0.347075 0.347075 0.347075 0 2.8
1 0.340135 0.340135 0.340135 0 1.16667
1 0.340022 0.340022 0.340022 0 0.8
1 0.238204 0.238204 0.238204 0 2.66667
1 0.113307 0.113307 0.113307 0 1.16667
1 0.113148 0.113148 0.113148 0 2.66667
1 0.0980664 0.0980664 0.0980664 0 2.8
1 0.0901018 0.0901018 0.0901018 0 3.3
1 0.0566826 0.0566826 0.0824512 0.0257686 3.3
1 0.0522868 0.0522868 0.0522868 0 3.66667
1 0.0522711 0.0522711 0.0522711 0 3.66667
1 0.0522562 0.0522562 0.0522562 0 2.66667
1 0.0522562 0.0522562 0.0522562 0 3.16667
1 0.0407481 0.0407481 0.0407481 5e-09 1.16667
1 0.00965239 0.00965239 0.00965239 0 1.3
1 0.00178602 0.00178602 0.00178602 0 1.16667
1 5e-09 5e-09 1e-08 5e-09 3.16667
1 1e-08 1e-08 1e-08 0 3.16667

15 8.32165 8.31166 8.44441 0.123446 2.66667
14 4.76354 4.7156 8.75662 4.01774 3.3
13 3.64233 3.60551 8.88455 5.26857 0.666667
13 9.43121 8.22222 8.6751 0.51137 2.66667
12 5.71609 5.71609 8.61697 2.90088 3.16667
12 5.31462 5.1383 8.5838 3.43115 3.16667
8 7.00877 7.0071 8.96999 1.96269 1.66667
4 20.6767 0.00356778 10.3421 10.3349 1.16667
2 15.7525 15.7525 15.7525 0 3.66667
1 3.72438 3.72438 3.72438 0 3.3
1 2.94324 2.94324 2.94324 0 2.8
1 1.31906 1.31906 1.31906 0 2.8
1 0.482995 0.482995 0.482995 0 1.16667
1 0.347075 0.347075 0.347075 0 2.8
1 0.340135 0.340135 0.340135 0 1.16667
1 0.340022 0.340022 0.340022 0 0.8
1 0.208128 0.208128 0.208128 0 2.66667

2 72.3525 70.734 71.5433 0.809249 2.85714
12 2.33628 2.31915 10.8625 8.54041 2.66667
12 3.97355 3.83049 10.3901 6.52654 2.8
11 5.88657 5.85896 10.7358 4.87392 2.66667
10 10.6292 10.2766 10.3476 0.141017 3.66667
9 4.61684 4.61684 10.6789 6.06209 3.16667
6 23.6752 1.66667e-09 15.7705 11.1483 1.16667
8 11.3893 11.3865 11.3869 0.00089739 0.666667
8 11.7994 10.2778 10.4694 0.503246 2.66667
2 15.7525 15.7525 15.7525 0 3.66667
1 3.72438 3.72438 3.72438 0 3.3
1 2.94324 2.94324 2.94324 0 2.8
1 1.31906 1.31906 1.31906 0 2.8
1 0.482995 0.482995 0.482995 0 1.16667
1 0.347075 0.347075 0.347075 0 2.8
1 0.340135 0.340135 0.340135 0 1.16667
1 0.340022 0.340022 0.340022 0 0.8
1 0.208128 0.208128 0.208128 0 2.66667
1 0.0341666 0.0341666 0.0341666 0 3.3
1 1e-08 1e-08 1e-08 0 2.8
1 1e-08 1e-08 1e-08 0 3.16667

1 141.593 141.593 141.593 0 2.66667
1 123.319 123.319 123.319 0 2.66667
8 15.4167 15.3398 15.4071 0.0254097 2.66667
9 4.17797 4.13589 13.3481 9.19082 3.16667
9 2.86819 2.78279 13.1108 10.3082 3.16667
9 6.60433 6.43037 12.8841 6.43415 0.666667
8 16.4691 0.0325583 13.9024 5.30875 2.8
8 11.5955 11.2108 13.0883 1.78894 3.16667
7 5.21904 5.21904 13.5003 8.28124 3.16667
7 11.3893 11.3865 13.0136 1.62665 0.666667
3 41.1064 3.33333e-09 27.1656 19.2112 3.16667
2 15.7525 15.7525 15.7525 0 3.66667
1 3.72438 3.72438 3.72438 0 3.3
1 3.0478 3.0478 3.0478 0 2.8
1 2.94324 2.94324 2.94324 0 2.8
1 1.31906 1.31906 1.31906 0 2.8
1 0.482995 0.482995 0.482995 0 1.16667
1 0.347075 0.347075 0.347075 0 2.8
1 0.340135 0.340135 0.340135 0 1.16667
1 0.340118 0.340118 0.340118 0 3.16667
1 0.340022 0.340022 0.340022 0 0.8
1 0.281049 0.281049 0.281049 0 3.16667
1 0.238204 0.238204 0.238204 0 2.66667
1 0.0341666 0.0341666 0.0341666 0 3.3
1 0.00269688 0.00269688 0.00269688 0 2.8
1 5e-09 5e-09 1e-08 5e-09 3.16667
1 1e-08 1e-08 1e-08 0 3.3
1 1e-08 1e-08 1e-08 0 2.66667

2 73.1353 72.6797 72.9075 0.227806 0.888889
9 11.8389 11.7275 15.7255 3.90772 1.16667
8 8.77329 8.52288 17.038 8.43702 2.8
8 8.3268 8.13202 16.0099 7.82857 0.857143
6 20.0063 20.0063 20.0063 3.55271e-15 3.16667
1 120.038 120.038 120.038 0 3.16667
7 7.08616 6.85106 15.777 8.79223 3.16667
7 4.35946 4.16451 15.5792 11.3315 2.66667
6 4.87821 4.25287 16.8639 12.0922 3.16667
3 47.1712 3.33333e-09 31.4474 22.2367 0.666667
5 13.0163 13.0132 18.2191 5.20527 0.666667
2 70.734 0.0281428 35.3811 35.353 2.66667
4 13.7037 13.6354 15.8126 2.12653 2.8
3 23.6679 0.0593235 15.8011 11.1292 1.66667
2 15.7525 15.7525 15.7525 0 3.66667
1 3.72438 3.72438 3.72438 0 3.3
1 3.72158 3.72158 3.72158 0 1.3
1 3.0478 3.0478 3.0478 0 2.8
1 2.94324 2.94324 2.94324 0 2.8
1 1.31906 1.31906 1.31906 0 2.8
1 0.482995 0.482995 0.482995 0 1.16667
1 0.347075 0.347075 0.347075 0 2.8
1 0.340135 0.340135 0.340135 0 1.16667
1 0.340022 0.340022 0.340022 0 0.8
1 0.281049 0.281049 0.281049 0 3.16667
1 0.208843 0.208843 0.265374 0.0565318 2.85714
1 0.208128 0.208128 0.208128 0 2.66667
1 0.0723978 0.0723978 0.0723978 0 0.666667
1 0.0341666 0.0341666 0.0341666 0 3.3
1 0.00134844 0.00134844 0.00134845 5e-09 2.8
1 1e-08 1e-08 1e-08 0 3.3
1 1e-08 1e-08 1e-08 0 2.66667
1 1e-08 1e-08 1e-08 0 1.16667
1 1e-08 1e-08 1e-08 0 3.16667
1 1e-08 1e-08 1e-08 0 3.66667

1 141.468 141.468 141.468 0 2.85714
4 30.8333 30.8298 30.8324 0.00153912 2.8
3 41.11 41.1064 41.1088 0.00170157 3.16667
7 6.1759 6.12635 17.0195 10.8707 2.85714
7 12.3518 11.7994 16.8777 5.00313 2.66667
7 4.27339 4.17797 16.7132 12.5215 1.66667
4 35.367 0.0140714 26.5288 15.3083 2.66667
6 10.6351 10.6292 17.5915 6.96124 3.16667
6 20.2162 0.775719 16.9729 7.24359 0.666667
6 4.44585 4.44585 16.3681 11.9222 3.16667
6 24.4295 1.66667e-09 16.299 11.3875 2.88889
6 5.99529 5.86614 15.6532 9.71604 2.88889
5 18.2228 18.2185 18.2193 0.00173661 0.666667
2 36.1089 0.208843 18.1589 17.95 2.8
2 15.7525 15.7525 15.7525 0 3.66667
1 3.72438 3.72438 3.72438 0 3.3
1 3.0478 3.0478 3.0478 0 2.8
1 2.94324 2.94324 2.94324 0 2.8
1 2.69849 2.69849 2.69849 7.5e-09 3.16667
1 1.31906 1.31906 1.31906 0 2.8
1 0.482995 0.482995 0.482995 0 1.16667
1 0.347075 0.347075 0.347075 0 2.8
1 0.340135 0.340135 0.340135 0 1.16667
1 0.340022 0.340022 0.340022 0 0.8
1 0.281049 0.281049 0.281049 0 3.16667
1 0.208128 0.208128 0.208128 0 2.66667
1 0.0723978 0.0723978 0.0723978 0 0.666667
1 0.0341666 0.0341666 0.0341666 0 3.3
1 0.00433784 0.00433784 0.00433784 0 3.66667
1 0.000306582 0.000306582 0.000306582 0 1.3
1 1e-08 1e-08 1e-08 0 3.3
1 5e-09 5e-09 1e-08 5e-09 2.66667
1 1e-08 1e-08 1e-08 0 3.16667
1 1e-08 1e-08 1e-08 0 3.66667
1 1e-08 1e-08 1e-08 0 2.66667
1 1e-08 1e-08 1e-08 0 3.3

3 49.8565 48.8845 49.3165 0.404083 2.88889
10 14.5319 8.8616 13.4441 1.72099 1.16667
9 4.03598 3.93315 14.0617 10.0944 2.66667
9 5.54877 5.54569 13.339 7.79267 3.66667
8 11.3183 11.2279 14.0731 2.78615 2.85714
8 9.23368 9.23368 13.9543 4.72063 3.16667
8 8.22222 8.22222 13.362 5.13979 2.8
7 4.66081 4.63192 13.8792 9.23904 2.8
3 47.156 3.33333e-09 31.4374 22.2296 2.66667
5 18.2228 18.2185 18.2193 0.00173661 0.666667
2 57.0096 0.00216892 28.5059 28.5037 4.16667
2 35.5128 0.0986139 17.8057 17.7071 1.16667
2 15.7525 15.7525 15.7525 0 3.66667
1 3.72438 3.72438 3.72438 0 3.3
1 2.96795 2.96795 3.10848 0.140524 3.16667
1 2.94324 2.94324 2.94324 0 2.8
1 1.5239 1.5239 1.54965 0.0257522 2.66667
1 1.31906 1.31906 1.31906 0 2.8
1 0.482995 0.482995 0.482995 0 1.16667
1 0.417685 0.417685 0.417685 0 0.857143
1 0.347075 0.347075 0.347075 0 2.8
1 0.304047 0.304047 0.342888 0.0388406 3.16667
1 0.340135 0.340135 0.340135 0 1.16667
1 0.340022 0.340022 0.340022 0 0.8
1 0.238204 0.238204 0.238204 0 2.66667
1 0.0723978 0.0723978 0.0723978 0 0.666667
1 0.0261375 0.0261375 0.0408806 0.0147431 3.8
1 0.0374759 0.0374759 0.0374759 0 3.3
1 0.0341666 0.0341666 0.0341666 0 3.3
1 0.0296066 0.0296066 0.0296066 0 2.8
1 0.000306582 0.000306582 0.000306582 0 1.3
1 1e-08 1e-08 1e-08 0 2.66667
1 1e-08 1e-08 1e-08 0 3.16667
1 1e-08 1e-08 1e-08 0 3.3
1 1e-08 1e-08 1e-08 0 3.66667
1 1e-08 1e-08 1e-08 0 2.66667
1 1e-08 1e-08 1e-08 0 3.3

1 142.688 142.688 142.688 0 2.8
1 141.468 141.468 141.468 0 2.8
10 7.49412 7.36932 13.809 6.37996 2.88889
9 7.4844 7.35145 13.8525 6.48168 2.85714
8 6.31822 6.1768 14.6378 8.37337 1.16667
7 5.11109 5.11109 14.6071 9.49601 2.8
7 7.07966 6.16666 14.4847 7.94132 2.66667
5 24.6667 0.00990624 19.7349 9.8625 2.66667
7 5.21904 5.21904 13.4888 8.26976 3.16667
5 18.2228 18.2185 18.2193 0.00173661 0.666667
6 6.07723 6.07385 15.0542 8.97921 2.66667
2 44.308 0.208843 22.2584 22.0496 0.8
2 15.7525 15.7525 15.7525 0 3.66667
1 5.93591 5.93591 5.93591 0 3.16667
1 3.72438 3.72438 3.72438 0 3.3
1 3.0478 3.0478 3.0478 0 2.8
1 2.94324 2.94324 2.94324 0 2.8
1 1.82428 1.82428 1.82428 0 3.3
1 1.31906 1.31906 1.31906 0 2.8
1 0.482995 0.482995 0.482995 0 1.16667
1 0.347075 0.347075 0.347075 0 2.8
1 0.340135 0.340135 0.340135 0 1.16667
1 0.340022 0.340022 0.340022 0 0.8
1 0.238204 0.238204 0.238204 0 2.66667
1 0.0723978 0.0723978 0.0723978 0 0.666667
1 0.0524385 0.0524385 0.0524385 0 1.3
1 0.0374759 0.0374759 0.0374759 0 3.3
1 0.0341666 0.0341666 0.0341666 0 3.3
1 0.0296066 0.0296066 0.0296066 0 2.8
1 0.000306582 0.000306582 0.000306582 0 1.3
1 1e-08 1e-08 1e-08 0 1.16667
1 1e-08 1e-08 1e-08 0 0.857143
1 1e-08 1e-08 1e-08 0 1.16667
1 1e-08 1e-08 1e-08 0 2.66667
1 1e-08 1e-08 1e-08 0 2.66667
1 1e-08 1e-08 1e-08 0 3.3
1 1e-08 1e-08 1e-08 0 2.66667
1 1e-08 1e-08 1e-08 0 3.66667
1 1e-08 1e-08 1e-08 0 3.3
1 1e-08 1e-08 1e-08 0 3.16667
1 1e-08 1e-08 1e-08 0 2.66667

1 141.452 141.452 141.452 0 2.66667
9 10.7059 10.5447 15.2513 4.64205 0.888889
8 4.9896 4.9046 15.3273 10.4003 2.85714
7 17.1483 17.1483 17.1483 0 3.16667
8 6.3254 6.31718 14.9624 8.64393 1.16667
8 9.32162 8.91797 14.544 5.42799 2.8
8 7.05817 6.73658 14.517 7.58023 2.8
7 8.71891 8.69406 16.3068 7.5914 2.66667
6 15.9527 15.9439 16.0715 0.124783 2.8
6 23.578 1.66667e-09 15.2274 10.7933 2.66667
5 18.2228 18.2185 18.2193 0.00173661 1.66667
5 7.85847 6.85185 16.6473 9.60253 2.8
2 15.7525 15.7525 15.7525 0 3.66667
2 29.5387 0.0174795 14.7781 14.7606 0.8
1 3.72438 3.72438 3.72438 0 3.3
1 3.0478 3.0478 3.0478 0 2.8
1 2.94324 2.94324 2.94324 0 2.8
1 1.82428 1.82428 1.82428 0 3.3
1 1.59409 1.59409 1.59409 0 2.66667
1 1.31906 1.31906 1.31906 0 2.8
1 0.482995 0.482995 0.482995 0 1.16667
1 0.417685 0.417685 0.417685 0 0.857143
1 0.347075 0.347075 0.347075 0 2.8
1 0.340135 0.340135 0.340135 0 1.16667
1 0.340022 0.340022 0.340022 0 0.8
1 0.208128 0.208128 0.208128 0 2.66667
1 0.0723978 0.0723978 0.0723978 0 0.666667
1 0.0374759 0.0374759 0.0374759 0 3.3
1 0.0341666 0.0341666 0.0341666 0 3.3
1 0.000306582 0.000306582 0.000306582 0 1.3
1 1e-08 1e-08 1e-08 0 3.16667
1 1e-08 1e-08 1e-08 0 3.16667
1 1e-08 1e-08 1e-08 0 3.16667

1 141.267 141.267 141.267 0 3.3
9 5.76471 5.70083 15.2323 9.50538 2.88889
5 25.5244 25.5102 25.5159 0.00694296 2.66667
8 6.44441 6.15011 15.3155 9.12811 2.8
8 7.128 7.01675 15.2277 8.13593 2.85714
8 4.98183 4.97153 14.1664 9.19358 2.8
7 5.60291 5.58919 15.6753 10.0814 1.16667
7 9.26385 8.98341 15.5541 6.33109 2.8
4 35.367 0.115438 25.4198 14.7264 2.66667
5 18.2228 18.2185 18.2193 0.00173661 0.666667
6 7.50237 7.50237 15.1172 7.61479 3.16667
5 25.5102 0.00360789 15.3084 12.4946 3.66667
2 15.7525 15.7525 15.7525 0 3.66667
1 3.72438 3.72438 3.72438 0 3.3
1 3.0478 3.0478 3.0478 0 2.8
1 2.94324 2.94324 2.94324 0 2.8
1 1.82428 1.82428 1.82428 0 3.3
1 1.31906 1.31906 1.31906 0 2.8
1 0.482995 0.482995 0.482995 0 1.16667
1 0.347075 0.347075 0.347075 0 2.8
1 0.340135 0.340135 0.340135 0 1.16667
1 0.340022 0.340022 0.340022 0 0.8
1 0.208128 0.208128 0.208128 0 2.66667
1 0.0374759 0.0374759 0.0374759 0 3.3
1 0.0341666 0.0341666 0.0341666 0 3.3
1 0.000306582 0.000306582 0.000306582 0 1.3
1 1e-08 1e-08 1e-08 0 3.16667
1 1e-08 1e-08 1e-08 0 3.16667
1 1e-08 1e-08 1e-08 0 3.16667
1 1e-08 1e-08 1e-08 0 2.66667
1 1e-08 1e-08 1e-08 0 2.8
1 1e-08 1e-08 1e-08 0 2.8
1 1e-08 1e-08 1e-08 0 2.8
1 1e-08 1e-08 1e-08 0 0.666667

2 74.7151 70.734 72.7246 1.99052 2.8
7 10.4178 10.3917 17.8133 7.41593 1.66667
7 4.68382 4.66957 17.7785 13.1012 2.88889
7 7.84979 7.43509 17.1692 9.5621 3.3
6 20.0063 20.0063 20.0063 3.55271e-15 3.16667
7 9.88144 9.88144 16.8225 6.94109 2.8
1 111.892 111.892 111.892 0 2.88889
5 28.2936 0.0923501 21.9274 11.0077 2.66667
6 4.55792 4.55792 17.4372 12.8792 3.66667
6 14.1593 14.1452 17.1401 2.99104 2.8
6 9.3555 9.20948 16.2382 6.93083 2.85714
5 18.2228 18.2185 18.2193 0.00173661 0.666667
5 21.1745 1.42857e-09 16.9396 8.4698 0.8
3 48.235 3.33333e-09 16.0827 22.7351 2.85714
3 48.0407 3.33333e-09 16.0136 22.6466 2.8
1 15.7525 15.7525 31.505 15.7525 3.66667
1 3.72438 3.72438 3.72438 0 3.3
1 3.0478 3.0478 3.0478 0 2.8
1 2.94324 2.94324 2.94324 0 2.8
1 1.82428 1.82428 1.82428 0 3.3
1 1.31906 1.31906 1.31906 0 2.8
1 0.482995 0.482995 0.482995 0 1.16667
1 0.340135 0.340135 0.340135 0 1.16667
1 0.340022 0.340022 0.340022 0 0.8
1 0.238204 0.238204 0.238204 0 2.66667
1 0.173537 0.173537 0.173537 5e-09 2.8
1 0.0563469 0.0563469 0.0563469 5e-09 2.88889
1 0.0374759 0.0374759 0.0374759 0 3.3
1 0.0341666 0.0341666 0.0341666 0 3.3
1 0.0308654 0.0308654 0.0308654 0 2.8
1 0.0296066 0.0296066 0.0296066 0 2.8
1 0.012266 0.012266 0.012266 0 2.8
1 0.000306582 0.000306582 0.000306582 0 1.3
1 1e-08 1e-08 1e-08 0 2.8
1 1e-08 1e-08 1e-08 0 3.16667
1 1e-08 1e-08 1e-08 0 0.666667
1 1e-08 1e-08 1e-08 0 3.16667
1 3.33333e-09 3.33333e-09 1e-08 6.66667e-09 2.66667
1 1e-08 1e-08 1e-08 0 2.66667
1 1e-08 1e-08 1e-08 0 3.66667

2 74.3443 74.1492 74.2468 0.0975695 0.888889
7 21.384 20.6722 21.1886 0.254841 2.85714
1 141.468 141.468 141.468 0 2.66667
6 4.40016 4.39501 21.6911 17.2953 2.8
6 14.8603 14.1284 21.5037 7.09983 3.3
6 18.7093 17.7348 21.2038 2.84854 2.8
5 14.1468 14.1468 25.1105 10.9637 2.66667
5 9.26385 9.26385 24.0024 14.7385 2.85714
5 9.11561 9.09276 23.657 14.5485 1.16667
5 10.6351 10.6351 23.3973 12.7622 2.66667
4 35.5085 8.78219 28.7562 11.5321 2.8
5 16.6569 16.5691 22.7645 6.12935 0.888889
5 10.0032 10.0032 22.0069 12.0038 3.16667
3 48.9084 3.33333e-09 32.157 22.7451 2.8
4 18.2228 18.2185 22.7742 4.55462 0.666667
3 9.98591 7.45948 26.1931 17.9311 2.90909
3 24.8577 24.8577 24.8616 0.00391796 2.85714
2 72.0611 5e-09 36.0306 36.0306 2.85714
1 31.505 31.505 31.505 0 3.66667
1 5.22763 5.22763 5.23376 0.006133 2.8
1 3.72438 3.72438 3.72438 0 3.3
1 3.0478 3.0478 3.0478 0 2.8
1 2.94324 2.94324 2.94324 0 2.8
1 1.82428 1.82428 1.82428 0 3.3
1 1.31906 1.31906 1.31906 0 2.8
1 0.482995 0.482995 0.482995 0 1.16667
1 0.347075 0.347075 0.347075 0 2.8
1 0.340135 0.340135 0.340135 0 1.16667
1 0.340022 0.340022 0.340022 0 0.8
1 0.238204 0.238204 0.238204 0 2.66667
1 0.112694 0.112694 0.112694 0 2.85714
1 0.0502633 0.0502633 0.0502633 6.66667e-09 3.16667
1 0.0374759 0.0374759 0.0374759 0 3.3
1 0.0341666 0.0341666 0.0341666 0 3.3
1 0.0296066 0.0296066 0.0296066 0 2.8
1 0.000306582 0.000306582 0.000306582 0 1.3
1 1e-08 1e-08 1e-08 0 2.85714
1 1e-08 1e-08 1e-08 0 2.8
1 1e-08 1e-08 1e-08 0 2.66667
1 1e-08 1e-08 1e-08 0 2.8
1 1e-08 1e-08 1e-08 0 3.16667
1 1e-08 1e-08 1e-08 0 0.666667

8 11.4728 10.9165 16.6446 5.43896 3.3
1 130.122 130.122 130.122 0 3.3
8 4.83286 4.82864 16.0804 11.251 2.8
7 4.54379 4.53905 17.9222 13.3806 1.40909
7 5.8945 5.8945 17.7399 11.8454 2.66667
5 24.0076 24.0076 24.0076 0 3.16667
2 55.9461 55.9461 55.9461 0 2.88889
4 36.4682 0.00414773 27.3493 15.7877 1.66667
6 14.1802 14.1802 16.5436 2.36337 2.66667
3 49.8684 3.33333e-09 31.7462 22.523 2.85714
5 14.2034 14.1468 18.3926 4.23457 2.8
5 5.16556 5.14296 18.3446 13.187 2.8
4 22.7785 22.7731 22.7744 0.00234992 0.666667
5 14.7876 14.2839 17.2994 2.84611 3.3
1 31.505 31.505 31.505 0 3.66667
1 3.85437 3.85437 3.85437 0 2.8
1 3.72438 3.72438 3.72438 0 3.3
1 3.0478 3.0478 3.0478 0 2.8
1 2.94324 2.94324 2.94324 0 2.8
1 1.82428 1.82428 1.82428 0 3.3
1 1.31906 1.31906 1.31906 0 2.8
1 0.482995 0.482995 0.482995 0 1.16667
1 0.347075 0.347075 0.347075 0 2.8
1 0.340135 0.340135 0.340135 0 1.16667
1 0.340022 0.340022 0.340022 0 0.8
1 0.208128 0.208128 0.208128 0 2.66667
1 0.15079 0.15079 0.15079 0 2.66667
1 0.0374759 0.0374759 0.0374759 0 3.3
1 0.0341666 0.0341666 0.0341666 0 3.3
1 0.000306582 0.000306582 0.000306582 0 1.3
1 1e-08 1e-08 1e-08 0 2.85714
1 1e-08 1e-08 1e-08 0 2.66667
1 1e-08 1e-08 1e-08 0 2.8
1 1e-08 1e-08 1e-08 0 3.16667
1 1e-08 1e-08 1e-08 0 0.666667
1 1e-08 1e-08 1e-08 0 1.40909
1 1.79477e-33 1.79477e-33 1.79477e-33 0 3.38889

1 149.801 149.801 149.801 0 2.8
5 28.4068 28.2936 28.3162 0.0452575 2.8
9 15.7187 15.7187 15.7187 0 2.66667
9 9.32162 9.01863 15.1576 5.93614 3.35714
8 11.6902 11.602 15.9629 4.34994 2.66667
7 4.16164 4.158 17.0831 12.9238 2.85714
7 7.49737 7.48943 16.0584 8.56509 0.888889
6 8.00253 8.00253 16.0056 8.00311 3.16667
6 6.80338 6.4927 15.9215 9.25666 3.3
6 23.578 0.00484021 15.7209 11.1116 2.66667
6 13.2612 13.1487 15.3868 2.14637 1.16667
4 22.7785 22.7731 22.7744 0.00234992 0.666667
4 10.1045 9.32436 16.2902 6.60531 2.88889
1 31.505 31.505 31.505 0 3.66667
1 3.72438 3.72438 3.72438 0 3.3
1 3.0478 3.0478 3.0478 0 2.8
1 2.94324 2.94324 2.94324 0 2.8
1 1.82428 1.82428 1.82428 0 3.3
1 1.31906 1.31906 1.31906 0 2.8
1 0.482995 0.482995 0.482995 0 1.16667
1 0.347075 0.347075 0.347075 0 2.8
1 0.340135 0.340135 0.340135 0 1.16667
1 0.340022 0.340022 0.340022 0 0.8
1 0.238204 0.238204 0.238204 0 2.66667
1 0.15079 0.15079 0.15079 0 2.66667
1 0.0409648 0.0409648 0.0409648 0 2.8
1 0.0374759 0.0374759 0.0374759 0 3.3
1 0.0341666 0.0341666 0.0341666 0 3.3
1 0.000306582 0.000306582 0.000306582 0 1.3
1 1e-08 1e-08 1e-08 0 2.85714
1 5e-09 5e-09 1e-08 5e-09 2.66667
1 1e-08 1e-08 1e-08 0 3.16667
1 1e-08 1e-08 1e-08 0 0.666667
1 1e-08 1e-08 1e-08 0 3.35714
1 1e-08 1e-08 1e-08 0 3.16667
1 1e-08 1e-08 1e-08 0 2.85714

6 24.3121 24.1059 24.2749 0.0755806 1.66667
8 14.7876 13.7815 15.4297 0.956234 2.85714
8 6.51935 6.51255 15.3278 8.81116 0.888889
8 10.1453 10.1049 15.1674 5.05246 2.8
8 7.8906 7.87831 15.1326 7.24967 2.85714
6 24.6605 1.66667e-09 20.1366 9.00888 2.8
5 29.7206 2e-09 23.6333 11.8199 3.35714
7 4.28235 4.28004 16.6038 12.3234 2.8
7 4.87821 4.87821 16.0433 11.1651 2.66667
7 6.12346 6.07723 15.6444 9.55023 2.66667
7 13.3375 13.3375 15.2432 1.90563 3.66667
4 22.7785 22.7731 22.7744 0.00234992 0.666667
1 31.505 31.505 31.505 0 3.66667
1 3.72438 3.72438 3.72438 0 3.3
1 3.0478 3.0478 3.0478 0 2.8
1 2.94324 2.94324 2.94324 0 2.8
1 1.82428 1.82428 1.82428 0 3.3
1 1.31906 1.31906 1.31906 0 2.8
1 0.482995 0.482995 0.482995 0 1.16667
1 0.347075 0.347075 0.347075 0 2.8
1 0.340135 0.340135 0.340135 0 1.16667
1 0.340022 0.340022 0.340022 0 0.8
1 0.238204 0.238204 0.238204 0 2.66667
1 0.15079 0.15079 0.15079 0 2.66667
1 0.0374759 0.0374759 0.0374759 0 3.3
1 0.0341666 0.0341666 0.0341666 0 3.3
1 0.000306582 0.000306582 0.000306582 0 1.3
1 1e-08 1e-08 1e-08 0 2.85714
1 1e-08 1e-08 1e-08 0 3.16667
1 1e-08 1e-08 1e-08 0 0.666667
1 1e-08 1e-08 1e-08 0 3.35714
1 1e-08 1e-08 1e-08 0 3.16667

3 48.1747 48.0993 48.1245 0.0355275 3.3
3 49.2919 45.9385 47.5911 1.36946 2.8
8 15.7187 15.7187 17.6835 1.96483 2.66667
7 7.13912 7.13423 19.2826 12.1471 2.85714
7 10.7099 10.4804 17.9584 7.40677 1.35714
6 7.47546 7.44569 19.8937 12.4282 2.66667
6 5.9979 5.99276 19.4112 13.4148 0.888889
6 7.14208 7.07634 18.997 11.908 3.3
6 9.36258 9.36258 18.99 9.62746 2.8
6 16.0741 15.9527 18.6634 2.65935 2.66667
6 12.3303 12.0588 18.1093 6.00618 2.8
6 8.13347 8.10276 17.5507 9.44264 1.66667
5 13.3375 13.3375 18.6734 5.33585 3.16667
4 22.7785 22.7731 22.7744 0.00234992 1.66667
1 31.505 31.505 31.505 0 3.66667
1 3.72438 3.72438 3.72438 0 3.3
1 3.0478 3.0478 3.0478 0 2.8
1 2.94324 2.94324 2.94324 0 2.8
1 1.82428 1.82428 1.82428 0 3.3
1 1.31906 1.31906 1.31906 0 2.8
1 0.482995 0.482995 0.482995 0 1.16667
1 0.347075 0.347075 0.347075 0 2.8
1 0.340135 0.340135 0.340135 0 1.16667
1 0.340022 0.340022 0.340022 0 0.8
1 0.208128 0.208128 0.208128 0 2.66667
1 0.15079 0.15079 0.15079 0 2.66667
1 0.0341666 0.0341666 0.0341666 0 3.3
1 0.000306582 0.000306582 0.000306582 0 1.3
1 1e-08 1e-08 1e-08 0 2.85714
1 1e-08 1e-08 1e-08 0 3.16667
1 1e-08 1e-08 1e-08 0 3.35714
1 1e-08 1e-08 1e-08 0 2.8
1 1e-08 1e-08 1e-08 0 2.88889

1 149.819 149.819 149.819 0 0.888889
7 8.81891 8.81287 21.2873 12.472 2.85714
6 24.4004 24.3083 24.3243 0.0340724 1.66667
5 29.5926 28.941 29.0713 0.260638 3.3
6 16.3338 16.3028 24.1463 7.83464 1.3
1 143.23 143.23 143.23 0 1.3
6 7.44569 7.44569 22.3371 14.8914 2.66667
6 5.76861 5.71551 22.3346 16.6038 3.3
6 10.1453 10.1453 21.9495 11.8043 2.66667
6 4.28395 4.28004 21.682 17.4013 1.3
6 21.4321 21.2703 21.3395 0.0730449 2.66667
5 24.0076 24.0076 24.0076 0 3.16667
5 29.6543 2.08729 23.7002 10.8204 1.40909
5 9.99634 9.99126 21.8905 11.8961 0.888889
3 49.1107 3.33333e-09 32.7292 23.143 3.35714
4 22.7785 22.7731 22.7744 0.00234992 1.66667
1 31.505 31.505 31.505 0 3.66667
1 3.72438 3.72438 3.72438 0 3.3
1 3.0478 3.0478 3.0478 0 2.8
1 2.94324 2.94324 2.94324 0 2.8
1 1.82428 1.82428 1.82428 0 3.3
1 1.31906 1.31906 1.31906 0 2.8
1 0.482995 0.482995 0.482995 0 1.16667
1 0.347075 0.347075 0.347075 0 2.8
1 0.340135 0.340135 0.340135 0 1.16667
1 0.340022 0.340022 0.340022 0 0.8
1 0.208304 0.208304 0.208304 0 2.85714
1 0.208128 0.208128 0.208128 0 2.66667
1 0.113347 0.113347 0.113347 0 2.66667
1 0.0370328 0.0370328 0.0370328 0 3.3
1 0.0341666 0.0341666 0.0341666 0 3.3
1 0.0320096 0.0320096 0.0320096 0 3.35714
1 0.000306582 0.000306582 0.000306582 0 1.3
1 1e-08 1e-08 1e-08 0 2.8
1 1e-08 1e-08 1e-08 0 2.88889
1 1e-08 1e-08 1e-08 0 3.16667
1 1e-08 1e-08 1e-08 0 2.8
1 1e-08 1e-08 1e-08 0 2.85714
1 1e-08 1e-08 1e-08 0 2.66667

9 12.4954 12.4648 15.5689 3.08309 0.888889
9 11.2617 11.2192 14.9624 3.73833 1.66667
8 11.8362 11.8362 16.2788 4.44266 2.66667
8 4.99479 4.99338 16.2288 11.2352 2.8
8 7.49691 7.23525 15.5145 8.12984 3.3
7 10.8822 10.8822 15.5699 4.68772 3.66667
7 13.5244 13.5094 15.1612 1.64247 3.3
7 8.81891 8.81288 15.1167 6.30028 2.85714
7 9.99892 9.82213 14.8997 4.97967 3.35714
6 20.0063 1.66667e-09 16.6719 7.45591 3.16667
4 22.7785 22.7731 22.7744 0.00234992 0.666667
6 6.42963 6.42963 14.9471 8.51742 2.66667
2 35.3812 0.0445042 17.7129 17.6684 3.3
1 31.505 31.505 31.505 0 3.66667
1 17.4413 17.4413 17.4413 5e-09 2.8
1 10.4364 10.4364 10.4364 0 2.88889
1 3.72438 3.72438 3.72438 0 3.3
1 3.0478 3.0478 3.0478 0 2.8
1 2.94324 2.94324 2.94324 0 2.8
1 1.82428 1.82428 1.82428 0 3.3
1 1.31906 1.31906 1.31906 0 2.8
1 0.482995 0.482995 0.482995 0 1.16667
1 0.347075 0.347075 0.347075 0 2.8
1 0.340135 0.340135 0.340135 0 1.16667
1 0.340111 0.340111 0.340111 0 3.66667
1 0.340022 0.340022 0.340022 0 0.8

4 37.4548 37.3943 37.4094 0.0261723 0.888889
1 147.332 147.332 147.332 0 3.35714
1 141.525 141.525 141.525 0 1.3
7 11.5325 11.5269 19.6987 8.16846 2.85714
6 5.63086 5.6096 22.4263 16.8057 1.66667
6 8.87743 8.87711 22.1824 13.3052 2.66667
6 5.35656 5.32913 22.089 16.7491 3.3
6 20.2103 18.3704 21.7387 3.13757 3.16667
6 20.2097 20.2097 20.211 0.00124974 2.66667
6 5.76322 5.76159 19.9713 14.2092 2.8
5 7.89148 7.78753 23.1942 15.3561 3.3
5 6.81579 6.81046 22.5414 15.7269 1.16667
5 21.1784 20.2403 21.9401 1.05728 1.35714
5 20.0063 20.0063 20.0063 3.33333e-10 3.16667
4 22.7785 22.7731 22.7744 0.00234992 0.666667
1 31.505 31.505 31.505 0 3.66667
1 10.4364 10.4364 10.4364 0 2.88889
1 3.72438 3.72438 3.72438 0 3.3
1 3.0478 3.0478 3.0478 0 2.8
1 2.94324 2.94324 2.94324 0 2.8
1 1.82428 1.82428 1.82428 0 3.3
1 1.31906 1.31906 1.31906 0 2.8
1 0.482995 0.482995 0.482995 0 1.16667
1 0.347075 0.347075 0.347075 0 2.8
1 0.340135 0.340135 0.340135 0 1.16667
1 0.340111 0.340111 0.340111 0 3.66667
1 0.340022 0.340022 0.340022 0 0.8
1 0.178017 0.178017 0.178017 0 1.35714
1 1e-08 1e-08 1e-08 0 2.8

2 74.9691 74.9691 74.9691 0 3.35714
2 74.2601 73.9815 74.1208 0.139303 3.3
1 147.756 147.756 147.756 0 3.35714
7 7.14268 7.13424 20.0457 12.9081 0.8
7 9.46926 9.46892 18.9394 9.47041 2.66667
6 5.99935 5.96863 21.0169 15.0375 3.35714
6 9.36522 9.36258 20.207 10.8427 2.8
5 24.0076 24.0076 24.0076 0 3.16667
5 10.1049 10.1049 22.2657 12.1608 2.66667
5 7.89068 7.8906 22.1761 14.2855 2.85714
5 9.89174 9.89174 21.5646 11.6729 3.16667
5 6.65465 6.65465 21.256 14.6013 1.66667
2 74.1358 29.2662 51.701 22.4348 2.88889
5 11.4985 10.8865 20.3929 9.38719 1.3
4 22.7785 22.7731 22.7744 0.00234992 0.666667
1 31.505 31.505 31.505 0 3.66667
1 3.72438 3.72438 3.72438 0 3.3
1 3.0478 3.0478 3.0478 0 2.8
1 2.94324 2.94324 2.94324 0 2.8
1 1.82428 1.82428 1.82428 0 3.3
1 1.31906 1.31906 1.31906 0 2.8
1 0.482995 0.482995 0.482995 0 1.16667
1 0.347075 0.347075 0.347075 0 2.8
1 0.340135 0.340135 0.340135 0 1.16667
1 0.340111 0.340111 0.340111 0 3.66667
1 0.340022 0.340022 0.340022 0 0.8
1 0.178017 0.178017 0.178017 0 1.35714
1 1e-08 1e-08 1e-08 0 2.66667

8 16.6581 16.4942 18.6096 1.97291 2.85714
3 48.8008 48.8008 48.8008 0 1.66667
5 29.8961 28.305 28.6232 0.636431 3.3
7 7.10194 7.10169 19.2852 12.1834 2.66667
7 12.8649 12.8607 18.3731 5.51174 2.66667
5 25.7185 25.7185 25.7185 0 3.16667
7 6.24985 6.24172 17.785 11.5396 2.8
6 5.55327 5.54976 18.1658 12.6149 3.35714
2 73.9379 29.2662 51.602 22.3359 2.88889
6 9.37398 9.32598 17.0804 7.72962 3.35714
4 22.7785 22.7731 22.7744 0.00234992 0.666667
5 12.3767 12.2813 17.1259 4.78695 3.3
2 73.0601 5e-09 36.53 36.53 3.35714
4 8.00253 8.00253 18.0448 10.0423 3.16667
2 60.0189 5e-09 30.0095 30.0095 3.16667
1 31.505 31.505 31.505 0 3.66667
1 3.72438 3.72438 3.72438 0 3.3
1 3.0478 3.0478 3.0478 0 2.8
1 2.94324 2.94324 2.94324 0 2.8
1 1.82428 1.82428 1.82428 0 3.3
1 1.31906 1.31906 1.31906 0 2.8
1 0.482995 0.482995 0.482995 0 1.16667
1 0.347075 0.347075 0.347075 0 2.8
1 0.340135 0.340135 0.340135 0 1.16667
1 0.340111 0.340111 0.340111 0 3.66667
1 0.340022 0.340022 0.340022 0 0.8
1 0.178017 0.178017 0.178017 0 1.35714
1 0.106088 0.106088 0.106088 0 0.888889
1 0.0524328 0.0524328 0.0524328 0 2.8
1 0.0473712 0.0473712 0.0473712 0 3.3
1 0.0252075 0.0252075 0.0252075 0 2.88889
1 1e-08 1e-08 1e-08 0 3.35714
1 1e-08 1e-08 1e-08 0 3.35714
1 5e-09 5e-09 1e-08 5e-09 2.66667
1 1e-08 1e-08 1e-08 0 2.66667
1 1e-08 1e-08 1e-08 0 2.88889
1 1e-08 1e-08 1e-08 0 2.66667

9 7.49615 7.49607 16.6401 9.14396 2.85714
5 29.7041 29.4751 29.6137 0.0853399 3.3
8 6.81744 6.78253 16.5703 9.76792 3.35714
8 7.70539 7.70539 16.3343 8.62895 1.66667
8 10.8857 10.8822 16.3237 5.44108 2.66667
7 10.7099 10.7001 16.1094 5.40233 3.35714
6 7.14268 7.13541 16.988 9.85055 3.35714
6 9.18563 9.18518 16.8401 7.65486 3.16667
6 20.0063 1.66667e-09 16.6719 7.45591 3.16667
6 10.9261 10.9257 16.3895 5.46351 2.66667
3 47.3324 0.107701 31.565 22.2437 1.3
4 22.7785 22.7731 22.7744 0.00234992 0.666667
5 14.9996 14.967 17.3476 2.36171 0.888889
5 13.6273 13.185 16.5314 3.08926 2.88889
1 31.505 31.505 31.505 0 3.66667
1 3.72438 3.72438 3.72438 0 3.3
1 3.0478 3.0478 3.0478 0 2.8
1 2.94324 2.94324 2.94324 0 2.8
1 1.82428 1.82428 1.82428 0 3.3
1 1.31906 1.31906 1.31906 0 2.8
1 0.482995 0.482995 0.482995 0 1.16667
1 0.347075 0.347075 0.347075 0 2.8
1 0.340135 0.340135 0.340135 0 1.16667
1 0.340111 0.340111 0.340111 0 3.66667
1 0.340022 0.340022 0.340022 0 0.8
1 0.0890085 0.0890085 0.114224 0.0252156 1.3
1 0.0473712 0.0473712 0.0473712 0 3.3
1 0.0295749 0.0295749 0.0295749 0 1.8
1 1e-08 1e-08 1e-08 0 2.88889

3 49.9338 49.362 49.7432 0.269505 0.8
6 23.6731 23.6731 23.6731 0 2.66667
3 47.3446 47.2499 47.313 0.0446466 3.16667
7 8.33243 8.33243 20.0931 11.7607 3.35714
7 7.07239 7.06222 20.0856 13.0146 2.8
7 8.1681 8.13347 19.8388 11.7004 1.66667
7 13.6338 13.6142 19.3979 5.7726 0.888889
7 6.24679 6.24673 18.5486 12.3019 2.85714
7 12.8599 12.8593 18.3705 5.51111 3.16667
6 5.17028 5.17028 20.3999 15.2296 3.35714
6 7.10194 7.0734 20.0467 12.9682 2.66667
5 13.3375 13.3375 21.6206 8.2831 3.16667
3 47.3324 0.107701 31.565 22.2437 1.3
4 22.7785 22.7731 22.7744 0.00234992 1.66667
1 31.505 31.505 31.505 0 3.66667
1 3.72438 3.72438 3.72438 0 3.3
1 3.0478 3.0478 3.0478 0 2.8
1 2.94324 2.94324 2.94324 0 2.8
1 1.82428 1.82428 1.82428 0 3.3
1 1.31906 1.31906 1.31906 0 2.8
1 0.482995 0.482995 0.482995 0 1.16667
1 0.347075 0.347075 0.347075 0 2.8
1 0.340135 0.340135 0.340135 0 1.16667
1 0.340111 0.340111 0.340111 0 3.66667
1 0.340022 0.340022 0.340022 0 0.8
1 0.178017 0.178017 0.178017 0 1.35714
1 0.0473712 0.0473712 0.0473712 0 3.3
1 0.0295749 0.0295749 0.0295749 0 1.8
1 0.00325964 0.00325964 0.00325964 0 3.3
1 3.33333e-09 3.33333e-09 1e-08 6.66667e-09 3.16667
1 1e-08 1e-08 1e-08 0 3.38889
1 1e-08 1e-08 1e-08 0 1.8
1 1e-08 1e-08 1e-08 0 2.85714
1 1e-08 1e-08 1e-08 0 0.857143

6 24.9897 24.9897 24.9897 0 3.35714
4 35.367 35.367 35.367 0 2.66667
8 12.4936 12.4932 16.8486 4.35512 2.85714
7 4.30421 4.30421 18.4463 14.1421 2.66667
7 7.49919 7.49919 18.238 10.7389 3.35714
7 6.47822 6.36532 18.2161 11.8231 1.66667
5 29.9881 6.83997 24.9715 9.08717 0.888889
4 30.0095 30.0095 30.0095 0 3.16667
6 4.83701 4.83588 19.0901 14.2533 0.888889
6 8.73649 8.73649 17.4028 8.66628 1.3
3 47.3324 0.107701 31.565 22.2437 1.3
5 11.6908 11.6902 18.6914 7.00107 3.16667
4 22.7785 22.7731 22.7744 0.00234992 0.666667
2 60.0189 5e-09 30.0095 30.0095 3.16667
1 31.505 31.505 31.505 0 3.66667
1 3.72438 3.72438 3.72438 0 3.3
1 3.0478 3.0478 3.0478 0 2.8
1 2.94324 2.94324 2.94324 0 2.8
1 1.82428 1.82428 1.82428 0 3.3
1 1.31906 1.31906 1.31906 0 2.8
1 0.482995 0.482995 0.482995 0 1.16667
1 0.347075 0.347075 0.347075 0 2.8
1 0.340135 0.340135 0.340135 0 1.16667
1 0.340111 0.340111 0.340111 0 3.66667
1 0.340022 0.340022 0.340022 0 0.8
1 0.178017 0.178017 0.178017 0 1.35714
1 0.0473712 0.0473712 0.0473712 0 3.3
1 0.0295749 0.0295749 0.0295749 0 1.8
1 0.0294213 0.0294213 0.0294213 0 3.3
1 0.00325964 0.00325964 0.00325964 0 3.3
1 1e-08 1e-08 1e-08 0 3.16667
1 1e-08 1e-08 1e-08 0 3.38889
1 1e-08 1e-08 1e-08 0 1.8
1 1e-08 1e-08 1e-08 0 2.85714
1 1e-08 1e-08 1e-08 0 0.857143
1 1e-08 1e-08 1e-08 0 2.8
1 1e-08 1e-08 1e-08 0 0.888889

7 21.4262 21.4262 21.4262 3.55271e-15 3.35714
8 18.7404 18.7398 18.7403 0.000195795 2.85714
6 24.7534 24.7534 24.7534 0 3.3
7 21.2856 20.9146 21.0058 0.121434 1.66667
7 20.2913 20.2913 20.2913 0 2.66667
8 14.9996 14.9886 17.391 2.39791 0.888889
5 25.7198 25.7185 25.7188 0.000505165 3.16667
4 30.0095 30.0095 30.0095 0 3.16667
6 2.62111 2.61978 18.3396 15.7195 2.66667
6 2.63049 2.63049 17.3974 14.7669 3.35714
3 47.3324 0.107701 31.565 22.2437 1.35714
4 22.7785 22.7731 22.7744 0.00234992 0.666667
2 60.0189 5e-09 30.0095 30.0095 3.16667
1 31.505 31.505 31.505 0 3.66667
1 3.72438 3.72438 3.72438 0 3.3
1 3.0478 3.0478 3.0478 0 2.8
1 2.94324 2.94324 2.94324 0 2.8
1 1.82428 1.82428 1.82428 0 3.3
1 1.31906 1.31906 1.31906 0 2.8
1 0.482995 0.482995 0.482995 0 1.16667
1 0.347075 0.347075 0.347075 0 2.8
1 0.340135 0.340135 0.340135 0 1.16667
1 0.340111 0.340111 0.340111 0 3.66667
1 0.340022 0.340022 0.340022 0 0.8
1 0.178017 0.178017 0.178017 0 1.35714
1 0.0473712 0.0473712 0.0473712 0 3.3
1 0.0295749 0.0295749 0.0295749 0 1.8
1 0.0294213 0.0294213 0.0294213 0 3.3
1 0.00325964 0.00325964 0.00325964 0 3.3
1 1e-08 1e-08 1e-08 0 3.16667
1 1e-08 1e-08 1e-08 0 3.38889
1 1e-08 1e-08 1e-08 0 1.8
1 1e-08 1e-08 1e-08 0 2.85714
1 1e-08 1e-08 1e-08 0 0.857143
1 1e-08 1e-08 1e-08 0 2.8
1 1e-08 1e-08 1e-08 0 0.888889

6 24.9897 24.9897 24.9897 0 3.35714
1 149.819 149.819 149.819 0 0.888889
6 24.7534 24.7534 24.7534 0 3.3
7 18.6249 18.3003 20.9076 2.52973 1.66667
7 20.2913 20.2913 20.2913 0 2.66667
1 141.513 141.513 141.513 0 0.666667
4 35.367 35.367 35.367 0 3.16667
6 18.7434 18.7164 21.8528 3.11639 0.888889
5 25.7198 25.7185 25.7188 0.000505165 3.16667
4 30.0095 30.0095 30.0095 0 3.16667
5 2.67741 2.6772 22.8661 20.1889 2.85714
5 2.58593 2.58593 22.1367 19.5508 3.35714
3 47.3324 0.107701 31.565 22.2437 1.3
4 22.7785 22.7731 22.7744 0.00234992 0.666667
2 60.0189 5e-09 30.0095 30.0095 3.16667
1 31.505 31.505 31.505 0 3.66667
1 3.72438 3.72438 3.72438 0 3.3
1 3.0478 3.0478 3.0478 0 2.8
1 2.94324 2.94324 2.94324 0 2.8
1 1.82428 1.82428 1.82428 0 3.3
1 1.31906 1.31906 1.31906 0 2.8
1 0.482995 0.482995 0.482995 0 1.16667
1 0.347075 0.347075 0.347075 0 2.8
1 0.340135 0.340135 0.340135 0 1.16667
1 0.340111 0.340111 0.340111 0 3.66667
1 0.340022 0.340022 0.340022 0 0.8
1 0.178017 0.178017 0.178017 0 1.35714
1 0.0473712 0.0473712 0.0473712 0 3.3
1 0.0295749 0.0295749 0.0295749 0 1.8
1 0.0294213 0.0294213 0.0294213 0 3.3
1 0.00325964 0.00325964 0.00325964 0 3.3
1 1e-08 1e-08 1e-08 0 2.85714
1 1e-08 1e-08 1e-08 0 2.8
1 1e-08 1e-08 1e-08 0 0.857143
1 1e-08 1e-08 1e-08 0 2.85714
1 1e-08 1e-08 1e-08 0 1.8
1 1e-08 1e-08 1e-08 0 3.38889
1 1e-08 1e-08 1e-08 0 3.16667

5 29.9967 29.9967 29.9967 0 3.35714
2 74.9675 74.964 74.9657 0.00174035 2.85714
3 49.9743 49.9743 49.9743 0 2.85714
6 24.7534 24.7534 24.7534 0 3.3
7 21.2856 20.9146 21.0058 0.121434 1.66667
7 20.2913 20.2913 20.2913 0 2.66667
5 28.3027 28.2936 28.2954 0.00362913 2.66667
5 25.7198 25.7185 25.7188 0.000505165 3.16667
7 2.37997 2.37997 18.2777 15.8977 3.35714
4 30.0095 30.0095 30.0095 0 3.16667
6 2.99895 2.99825 18.6638 15.6651 0.909091
3 47.3324 0.107701 31.565 22.2437 1.3
4 22.7785 22.7731 22.7744 0.00234992 0.666667
2 60.0189 5e-09 30.0095 30.0095 3.16667
1 31.505 31.505 31.505 0 3.66667
1 3.72438 3.72438 3.72438 0 3.3
1 3.0478 3.0478 3.0478 0 2.8
1 2.94324 2.94324 2.94324 0 2.8
1 1.82428 1.82428 1.82428 0 3.3
1 1.31906 1.31906 1.31906 0 2.8
1 0.482995 0.482995 0.482995 0 1.16667
1 0.347075 0.347075 0.347075 0 2.8
1 0.340135 0.340135 0.340135 0 1.16667
1 0.340111 0.340111 0.340111 0 3.66667
1 0.340022 0.340022 0.340022 0 0.8
1 0.178017 0.178017 0.178017 0 1.35714
1 0.0473712 0.0473712 0.0473712 0 3.3
1 0.0295749 0.0295749 0.0295749 0 1.8
1 0.0294213 0.0294213 0.0294213 0 3.3
1 0.00325964 0.00325964 0.00325964 0 3.3
1 1e-08 1e-08 1e-08 0 2.85714
1 1e-08 1e-08 1e-08 0 1.8
1 1e-08 1e-08 1e-08 0 3.38889
1 1e-08 1e-08 1e-08 0 3.16667
1 1e-08 1e-08 1e-08 0 2.85714
1 1e-08 1e-08 1e-08 0 2.8
1 1e-08 1e-08 1e-08 0 0.857143

7 21.4197 21.4197 21.4197 3.55271e-15 3.35714
6 24.9912 24.9295 24.9742 0.0211712 0.888889
6 24.7534 24.7534 24.7534 0 3.3
7 21.2856 20.9146 21.0058 0.121434 1.66667
7 20.2913 20.2913 20.2913 0 2.66667
5 28.3027 28.2936 28.2954 0.00362913 2.66667
8 2.54165 2.54132 16.2196 13.6781 2.85714
5 25.7198 25.7185 25.7188 0.000505165 3.16667
6 2.99967 2.99967 18.3585 15.3588 3.35714
6 20.0063 1.66667e-09 16.6719 7.45591 3.16667
3 47.3324 0.107701 31.565 22.2437 1.3
4 22.7785 22.7731 22.7744 0.00234992 0.666667
1 31.505 31.505 31.505 0 3.66667
1 3.72438 3.72438 3.72438 0 3.3
1 3.0478 3.0478 3.0478 0 2.8
1 2.94324 2.94324 2.94324 0 2.8
1 1.82428 1.82428 1.82428 0 3.3
1 1.31906 1.31906 1.31906 0 2.8
1 0.482995 0.482995 0.482995 0 1.16667
1 0.347075 0.347075 0.347075 0 2.8
1 0.340135 0.340135 0.340135 0 1.16667
1 0.340111 0.340111 0.340111 0 3.66667
1 0.340022 0.340022 0.340022 0 0.8
1 0.178017 0.178017 0.178017 0 1.35714
1 0.0473712 0.0473712 0.0473712 0 3.3
1 0.0295749 0.0295749 0.0295749 0 1.8
1 0.0294213 0.0294213 0.0294213 0 3.3
1 0.00325964 0.00325964 0.00325964 0 3.3
1 1e-08 1e-08 1e-08 0 2.85714
1 1e-08 1e-08 1e-08 0 1.8
1 1e-08 1e-08 1e-08 0 3.38889
1 1e-08 1e-08 1e-08 0 3.16667
1 1e-08 1e-08 1e-08 0 2.85714
1 1e-08 1e-08 1e-08 0 2.8
1 1e-08 1e-08 1e-08 0 0.857143
1 1e-08 1e-08 1e-08 0 2.88889

6 24.9973 24.9973 24.9973 0 3.35714
6 24.7534 24.7534 24.7534 0 3.3
7 21.2856 20.9146 21.0058 0.121434 1.66667
7 20.2913 20.2913 20.2913 0 2.66667
5 28.3027 28.2936 28.2954 0.00362913 2.66667
8 16.6627 16.6587 16.66 0.00147045 2.85714
5 25.7198 25.7185 25.7188 0.000505165 3.16667
2 60.0189 60.0189 60.0189 0 3.16667
6 2.77749 2.7768 19.1435 16.3666 0.888889
6 2.54133 2.54133 18.5706 16.0293 3.35714
3 47.3324 0.107701 31.565 22.2437 1.35714
4 22.7785 22.7731 22.7744 0.00234992 0.666667
4 30.0095 2.5e-09 22.5071 12.9945 3.16667
1 31.505 31.505 31.505 0 3.66667
1 3.72438 3.72438 3.72438 0 3.3
1 3.0478 3.0478 3.0478 0 2.8
1 2.94324 2.94324 2.94324 0 2.8
1 1.82428 1.82428 1.82428 0 3.3
1 1.31906 1.31906 1.31906 0 2.8
1 0.482995 0.482995 0.482995 0 1.16667
1 0.347075 0.347075 0.347075 0 2.8
1 0.340135 0.340135 0.340135 0 1.16667
1 0.340111 0.340111 0.340111 0 3.66667
1 0.340022 0.340022 0.340022 0 0.8
1 0.178017 0.178017 0.178017 0 1.35714
1 0.0473712 0.0473712 0.0473712 0 3.3
1 0.0295749 0.0295749 0.0295749 0 1.8
1 0.0294213 0.0294213 0.0294213 0 3.3
1 0.00325964 0.00325964 0.00325964 0 3.3
1 1e-08 1e-08 1e-08 0 2.85714
1 1e-08 1e-08 1e-08 0 1.8
1 1e-08 1e-08 1e-08 0 3.38889
1 1e-08 1e-08 1e-08 0 3.16667
1 1e-08 1e-08 1e-08 0 2.85714
1 1e-08 1e-08 1e-08 0 2.8
1 1e-08 1e-08 1e-08 0 0.857143

6 24.9974 24.9833 24.9909 0.00409181 0.888889
6 24.9897 24.9897 24.9897 0 3.35714
8 18.7446 18.741 18.742 0.00135387 2.85714
7 21.2856 20.9146 21.0058 0.121434 1.66667
7 20.2913 20.2913 20.2913 0 2.66667
5 28.3027 28.2936 28.2954 0.00362913 2.66667
5 25.7198 25.7185 25.7188 0.000505165 3.16667
1 120.038 120.038 120.038 0 3.16667
4 30.0095 30.0095 30.0095 0 3.16667
7 2.82988 2.82988 17.0238 14.1939 3.35714
3 47.3324 0.107701 31.565 22.2437 1.3
4 22.7785 22.7731 22.7744 0.00234992 0.666667
5 2.52285 2.51729 17.9394 15.4201 3.3
1 31.505 31.505 31.505 0 3.66667
1 3.72438 3.72438 3.72438 0 3.3
1 3.0478 3.0478 3.0478 0 2.8
1 2.94324 2.94324 2.94324 0 2.8
1 1.82428 1.82428 1.82428 0 3.3
1 1.31906 1.31906 1.31906 0 2.8
1 0.482995 0.482995 0.482995 0 1.16667
1 0.347075 0.347075 0.347075 0 2.8
1 0.340135 0.340135 0.340135 0 1.16667
1 0.340111 0.340111 0.340111 0 3.66667
1 0.340022 0.340022 0.340022 0 0.8
1 0.178017 0.178017 0.178017 0 1.35714
1 0.0473712 0.0473712 0.0473712 0 3.3
1 0.0295749 0.0295749 0.0295749 0 1.8
1 0.0294213 0.0294213 0.0294213 0 3.3
1 0.00325964 0.00325964 0.00325964 0 3.3
1 1e-08 1e-08 1e-08 0 2.85714
1 1e-08 1e-08 1e-08 0 1.8
1 1e-08 1e-08 1e-08 0 3.38889
1 1e-08 1e-08 1e-08 0 3.16667
1 1e-08 1e-08 1e-08 0 2.85714
1 1e-08 1e-08 1e-08 0 2.8
1 1e-08 1e-08 1e-08 0 0.857143
1 1e-08 1e-08 1e-08 0 3.16667

7 21.4262 21.4262 21.4262 3.55271e-15 3.35714
8 18.7446 18.741 18.7421 0.00135149 2.85714
5 29.7697 29.7041 29.7267 0.0283522 3.3
7 21.2856 20.9146 21.0058 0.121434 1.66667
7 20.2913 20.2913 20.2913 0 2.66667
5 28.3027 28.2936 28.2954 0.00362913 2.66667
5 25.7198 25.7185 25.7188 0.000505165 3.16667
2 60.0189 60.0189 60.0189 0 3.16667
7 2.63049 2.63049 17.0324 14.4019 3.35714
5 2.72722 2.72632 19.6479 16.9213 2.88889
3 47.3324 0.107701 31.565 22.2437 1.35714
4 22.7785 22.7731 22.7744 0.00234992 0.666667
4 30.0095 2.5e-09 22.5071 12.9945 3.16667
1 31.505 31.505 31.505 0 3.66667
1 3.72438 3.72438 3.72438 0 3.3
1 3.0478 3.0478 3.0478 0 2.8
1 2.94324 2.94324 2.94324 0 2.8
1 1.82428 1.82428 1.82428 0 3.3
1 1.31906 1.31906 1.31906 0 2.8
1 0.482995 0.482995 0.482995 0 1.16667
1 0.347075 0.347075 0.347075 0 2.8
1 0.340135 0.340135 0.340135 0 1.16667
1 0.340111 0.340111 0.340111 0 3.66667
1 0.340022 0.340022 0.340022 0 0.8
1 0.178017 0.178017 0.178017 0 1.35714
1 0.0473712 0.0473712 0.0473712 0 3.3
1 0.0295749 0.0295749 0.0295749 0 1.8
1 0.0294213 0.0294213 0.0294213 0 3.3
1 0.00325964 0.00325964 0.00325964 0 3.3
1 1e-08 1e-08 1e-08 0 2.85714
1 1e-08 1e-08 1e-08 0 1.8
1 1e-08 1e-08 1e-08 0 3.38889
1 1e-08 1e-08 1e-08 0 3.16667
1 1e-08 1e-08 1e-08 0 2.85714
1 1e-08 1e-08 1e-08 0 2.8
1 1e-08 1e-08 1e-08 0 0.857143

7 21.4197 21.4197 21.4197 3.55271e-15 3.35714
5 29.9994 29.9472 29.9792 0.0175228 0.888889
5 29.7697 29.7041 29.7267 0.0283522 3.3
7 21.2856 20.9146 21.0058 0.121434 1.66667
7 20.2913 20.2913 20.2913 0 2.66667
5 28.3027 28.2936 28.2954 0.00362913 3.16667
5 25.7198 25.7185 25.7188 0.000505165 3.16667
7 2.72683 2.72624 18.2014 15.475 2.85714
4 30.0095 30.0095 30.0095 0 3.16667
6 2.49973 2.49973 18.7778 16.2781 3.35714
3 47.3324 0.107701 31.565 22.2437 1.35714
4 22.7785 22.7731 22.7744 0.00234992 0.666667
2 60.0189 5e-09 30.0095 30.0095 3.16667
1 31.505 31.505 31.505 0 3.66667
1 3.72438 3.72438 3.72438 0 3.3
1 3.0478 3.0478 3.0478 0 2.8
1 2.94324 2.94324 2.94324 0 2.8
1 1.82428 1.82428 1.82428 0 3.3
1 1.31906 1.31906 1.31906 0 2.8
1 0.482995 0.482995 0.482995 0 1.16667
1 0.347075 0.347075 0.347075 0 2.8
1 0.340135 0.340135 0.340135 0 1.16667
1 0.340111 0.340111 0.340111 0 3.66667
1 0.340022 0.340022 0.340022 0 0.8
1 0.178017 0.178017 0.178017 0 1.35714
1 0.0473712 0.0473712 0.0473712 0 3.3
1 0.0295749 0.0295749 0.0295749 0 1.8
1 0.0294213 0.0294213 0.0294213 0 3.3
1 0.00325964 0.00325964 0.00325964 0 3.3
1 1e-08 1e-08 1e-08 0 2.85714
1 1e-08 1e-08 1e-08 0 1.8
1 1e-08 1e-08 1e-08 0 3.38889
1 1e-08 1e-08 1e-08 0 3.16667
1 1e-08 1e-08 1e-08 0 2.85714
1 1e-08 1e-08 1e-08 0 2.8
1 1e-08 1e-08 1e-08 0 0.857143

6 24.9973 24.9973 24.9973 0 3.35714
7 21.4251 21.4204 21.4221 0.00147803 2.85714
1 149.882 149.882 149.882 0 0.888889
5 29.7697 29.7041 29.7267 0.0283522 3.3
7 21.2856 20.9146 21.0058 0.121434 1.66667
7 20.2913 20.2913 20.2913 0 2.66667
5 28.3027 28.2936 28.2954 0.00362913 0.666667
5 25.7198 25.7185 25.7188 0.000505165 3.16667
5 24.0076 24.0076 24.0076 0 3.16667
6 2.77663 2.77663 19.2636 16.487 3.38889
6 2.63152 2.62982 17.4268 14.7961 0.888889
3 47.3324 0.107701 31.565 22.2437 1.3
4 22.7785 22.7731 22.7744 0.00234992 0.666667
1 31.505 31.505 31.505 0 3.66667
1 3.72438 3.72438 3.72438 0 3.3
1 3.0478 3.0478 3.0478 0 2.8
1 2.94324 2.94324 2.94324 0 2.8
1 1.82428 1.82428 1.82428 0 3.3
1 1.31906 1.31906 1.31906 0 2.8
1 0.482995 0.482995 0.482995 0 1.16667
1 0.347075 0.347075 0.347075 0 2.8
1 0.340135 0.340135 0.340135 0 1.16667
1 0.340111 0.340111 0.340111 0 3.66667
1 0.340022 0.340022 0.340022 0 0.8
1 0.178017 0.178017 0.178017 0 1.35714
1 0.0473712 0.0473712 0.0473712 0 3.3
1 0.0295749 0.0295749 0.0295749 0 1.8
1 0.0294213 0.0294213 0.0294213 0 3.3
1 0.00325964 0.00325964 0.00325964 0 3.3
1 1e-08 1e-08 1e-08 0 2.85714
1 1e-08 1e-08 1e-08 0 1.8
1 1e-08 1e-08 1e-08 0 3.38889
1 1e-08 1e-08 1e-08 0 3.16667
1 1e-08 1e-08 1e-08 0 2.85714
1 1e-08 1e-08 1e-08 0 2.8
1 1e-08 1e-08 1e-08 0 0.857143
1 1e-08 1e-08 1e-08 0 3.16667

7 21.4281 21.4118 21.4203 0.00520121 0.888889
6 24.9897 24.9897 24.9897 0 3.35714
5 29.7697 29.7041 29.7267 0.0283522 3.35714
7 21.2856 20.9146 21.0058 0.121434 1.66667
7 20.2913 20.2913 20.2913 0 2.66667
5 28.3027 28.2936 28.2954 0.00362913 2.66667
5 25.7198 25.7185 25.7188 0.000505165 3.16667
4 30.0095 30.0095 30.0095 0 3.16667
6 2.99967 2.99967 18.9159 15.9163 3.35714
6 2.41918 2.41866 18.0313 15.6124 2.88889
3 47.3324 0.107701 31.565 22.2437 1.3
4 22.7785 22.7731 22.7744 0.00234992 1.66667
2 60.0189 5e-09 30.0095 30.0095 3.16667
1 31.505 31.505 31.505 0 3.66667
1 3.72438 3.72438 3.72438 0 3.3
1 3.0478 3.0478 3.0478 0 2.8
1 2.94324 2.94324 2.94324 0 2.8
1 1.82428 1.82428 1.82428 0 3.3
1 1.31906 1.31906 1.31906 0 2.8
1 0.482995 0.482995 0.482995 0 1.16667
1 0.347075 0.347075 0.347075 0 2.8
1 0.340135 0.340135 0.340135 0 1.16667
1 0.340111 0.340111 0.340111 0 3.66667
1 0.340022 0.340022 0.340022 0 0.8
1 0.178017 0.178017 0.178017 0 1.35714
1 0.0473712 0.0473712 0.0473712 0 3.3
1 0.0295749 0.0295749 0.0295749 0 1.8
1 0.0294213 0.0294213 0.0294213 0 3.3
1 0.00325964 0.00325964 0.00325964 0 3.3
1 1e-08 1e-08 1e-08 0 2.90909
1 1e-08 1e-08 1e-08 0 0.857143
1 1e-08 1e-08 1e-08 0 2.8
1 1e-08 1e-08 1e-08 0 2.85714
1 1e-08 1e-08 1e-08 0 3.16667
1 1e-08 1e-08 1e-08 0 3.38889
1 1e-08 1e-08 1e-08 0 1.8
1 1e-08 1e-08 1e-08 0 2.85714

6 24.9973 24.9973 24.9973 0 3.35714
1 149.957 149.957 149.957 0 2.88889
3 49.9904 49.7695 49.8965 0.0931522 0.888889
5 29.7697 29.7041 29.7267 0.0283522 3.3
7 21.2856 20.9146 21.0058 0.121434 1.66667
7 20.2913 20.2913 20.2913 0 2.66667
5 28.3027 28.2936 28.2954 0.00362913 2.66667
5 25.7198 25.7185 25.7188 0.000505165 3.16667
6 24.9982 1.66667e-09 20.8304 9.31562 2.88889
5 2.82902 2.82902 21.2604 18.4314 3.35714
5 20.0063 20.0063 20.0063 3.33333e-10 3.16667
5 2.58615 2.5853 19.7915 17.2057 0.888889
3 47.3324 0.107701 31.565 22.2437 1.3
4 22.7785 22.7731 22.7744 0.00234992 0.666667
1 31.505 31.505 31.505 0 3.66667
1 3.72438 3.72438 3.72438 0 3.3
1 3.0478 3.0478 3.0478 0 2.8
1 2.94324 2.94324 2.94324 0 2.8
1 1.82428 1.82428 1.82428 0 3.3
1 1.31906 1.31906 1.31906 0 2.8
1 0.482995 0.482995 0.482995 0 1.16667
1 0.347075 0.347075 0.347075 0 2.8
1 0.340135 0.340135 0.340135 0 1.16667
1 0.340111 0.340111 0.340111 0 3.66667
1 0.340022 0.340022 0.340022 0 0.8
1 0.0473712 0.0473712 0.0473712 0 3.3
1 0.0295749 0.0295749 0.0295749 0 1.8
1 0.0294213 0.0294213 0.0294213 0 3.3
1 0.00325964 0.00325964 0.00325964 0 3.3
1 1e-08 1e-08 1e-08 0 0.857143
1 1e-08 1e-08 1e-08 0 2.8
1 1e-08 1e-08 1e-08 0 2.85714
1 1e-08 1e-08 1e-08 0 3.16667
1 1e-08 1e-08 1e-08 0 3.38889
1 1e-08 1e-08 1e-08 0 1.8
1 1e-08 1e-08 1e-08 0 2.85714

5 29.9876 29.9876 29.9876 0 3.35714
8 18.7496 18.6636 18.7341 0.0269429 0.888889
5 29.7697 29.7041 29.7267 0.0283522 3.3
7 21.2856 20.9146 21.0058 0.121434 1.66667
7 20.2913 20.2913 20.2913 0 2.66667
5 28.3027 28.2936 28.2954 0.00362913 0.666667
5 25.7198 25.7185 25.7188 0.000505165 3.16667
1 120.038 120.038 120.038 0 3.16667
4 30.0095 30.0095 30.0095 0 3.16667
5 29.9952 2e-09 23.9961 11.9981 2.88889
6 2.77758 2.77698 18.5455 15.7684 2.88889
5 2.77748 2.77748 21.4522 18.6748 3.35714
3 47.3324 0.107701 31.565 22.2437 1.3
4 22.7785 22.7731 22.7744 0.00234992 0.666667
1 31.505 31.505 31.505 0 3.66667
1 3.72438 3.72438 3.72438 0 3.3
1 3.0478 3.0478 3.0478 0 2.8
1 2.94324 2.94324 2.94324 0 2.8
1 1.82428 1.82428 1.82428 0 3.3
1 1.31906 1.31906 1.31906 0 2.8
1 0.482995 0.482995 0.482995 0 1.16667
1 0.347075 0.347075 0.347075 0 2.8
1 0.340135 0.340135 0.340135 0 1.16667
1 0.340111 0.340111 0.340111 0 3.66667
1 0.340022 0.340022 0.340022 0 0.8
1 0.0473712 0.0473712 0.0473712 0 3.3
1 0.0295749 0.0295749 0.0295749 0 1.8
1 0.0294213 0.0294213 0.0294213 0 3.3
1 0.00325964 0.00325964 0.00325964 0 3.3
1 1e-08 1e-08 1e-08 0 0.857143
1 1e-08 1e-08 1e-08 0 2.8
1 1e-08 1e-08 1e-08 0 2.85714
1 1e-08 1e-08 1e-08 0 3.16667
1 1e-08 1e-08 1e-08 0 3.38889
1 1e-08 1e-08 1e-08 0 1.8
1 1e-08 1e-08 1e-08 0 2.85714

5 29.9967 29.9967 29.9967 0 3.35714
5 29.9914 29.9914 29.9914 8.00151e-06 2.88889
7 14.9997 14.9789 21.3589 6.36757 0.888889
5 29.7697 29.7041 29.7267 0.0283522 3.3
7 21.2856 20.9146 21.0058 0.121434 1.66667
7 20.2913 20.2913 20.2913 0 2.66667
6 11.5382 11.4353 22.4867 10.9665 3.16667
5 25.7198 25.7185 25.7188 0.000505165 3.16667
6 24.9982 1.66667e-09 20.8304 9.31562 2.88889
3 40.0126 40.0126 40.0126 0 3.16667
2 60.0189 60.0189 60.0189 0 3.16667
6 2.67747 2.67747 19.8789 17.2014 3.35714
5 3.84607 3.84481 23.2761 19.4304 0.909091
3 47.3324 0.107701 31.565 22.2437 1.35714
4 22.7785 22.7731 22.7744 0.00234992 1.66667
1 31.505 31.505 31.505 0 3.66667
1 3.72438 3.72438 3.72438 0 3.3
1 3.0478 3.0478 3.0478 0 2.8
1 2.94324 2.94324 2.94324 0 2.8
1 1.82428 1.82428 1.82428 0 3.3
1 1.31906 1.31906 1.31906 0 2.8
1 0.482995 0.482995 0.482995 0 1.16667
1 0.347075 0.347075 0.347075 0 2.8
1 0.340135 0.340135 0.340135 0 1.16667
1 0.340111 0.340111 0.340111 0 3.66667
1 0.340022 0.340022 0.340022 0 0.8
1 0.0473712 0.0473712 0.0473712 0 3.3
1 0.0295749 0.0295749 0.0295749 0 1.8
1 0.0294213 0.0294213 0.0294213 0 3.3
1 0.00325964 0.00325964 0.00325964 0 3.3
1 1e-08 1e-08 1e-08 0 2.85714
1 1e-08 1e-08 1e-08 0 0.857143
1 1e-08 1e-08 1e-08 0 2.8
1 1e-08 1e-08 1e-08 0 2.85714
1 1e-08 1e-08 1e-08 0 3.16667
1 1e-08 1e-08 1e-08 0 3.38889
1 1e-08 1e-08 1e-08 0 1.8

6 24.9897 24.9897 24.9897 0 3.35714
8 8.33316 8.33173 18.7286 10.3958 0.888889
5 29.7697 29.7041 29.7267 0.0283522 3.3
7 21.2856 20.9146 21.0058 0.121434 1.66667
7 20.2913 20.2913 20.2913 0 2.66667
5 25.7198 25.7185 25.7188 0.000505165 3.16667
3 40.0126 40.0126 40.0126 0 3.16667
2 60.0189 60.0189 60.0189 0 3.16667
5 29.9952 2e-09 23.9961 11.9981 2.88889
6 2.63139 2.63083 18.6393 16.0084 2.88889
6 2.77748 2.77748 18.4951 15.7176 3.35714
3 47.3324 0.107701 31.565 22.2437 1.35714
4 22.7785 22.7731 22.7744 0.00234992 0.666667
1 31.505 31.505 31.505 0 3.66667
1 3.72438 3.72438 3.72438 0 3.3
1 3.0478 3.0478 3.0478 0 2.8
1 2.94324 2.94324 2.94324 0 2.8
1 1.82428 1.82428 1.82428 0 3.3
1 1.31906 1.31906 1.31906 0 2.8
1 0.482995 0.482995 0.482995 0 1.16667
1 0.347075 0.347075 0.347075 0 2.8
1 0.340135 0.340135 0.340135 0 1.16667
1 0.340111 0.340111 0.340111 0 3.66667
1 0.340022 0.340022 0.340022 0 0.8
1 0.0473712 0.0473712 0.0473712 0 3.3
1 0.0295749 0.0295749 0.0295749 0 1.8
1 0.0294213 0.0294213 0.0294213 0 3.3
1 0.00325964 0.00325964 0.00325964 0 3.3
1 1e-08 1e-08 1e-08 0 2.85714
1 1e-08 1e-08 1e-08 0 0.857143
1 1e-08 1e-08 1e-08 0 2.8
1 1e-08 1e-08 1e-08 0 2.85714
1 1e-08 1e-08 1e-08 0 3.16667
1 1e-08 1e-08 1e-08 0 3.38889
1 1e-08 1e-08 1e-08 0 1.8

6 24.9973 24.9973 24.9973 0 3.35714
5 29.9927 29.9914 29.9917 0.00049588 2.88889
5 29.7697 29.7041 29.7267 0.0283522 3.3
7 21.2856 20.9146 21.0058 0.121434 1.66667
7 20.2913 20.2913 20.2913 0 2.66667
5 25.7198 25.7185 25.7188 0.000505165 3.16667
6 24.9982 1.66667e-09 20.8304 9.31562 2.88889
5 24.0076 24.0076 24.0076 0 3.16667
7 3.19142 3.19142 16.7486 13.5571 0.888889
7 2.23788 2.23788 16.6109 14.3731 3.35714
3 47.3324 0.107701 31.565 22.2437 1.35714
4 22.7785 22.7731 22.7744 0.00234992 0.666667
1 31.505 31.505 31.505 0 3.66667
1 3.72438 3.72438 3.72438 0 3.3
1 3.0478 3.0478 3.0478 0 2.8
1 2.94324 2.94324 2.94324 0 2.8
1 1.82428 1.82428 1.82428 0 3.3
1 1.31906 1.31906 1.31906 0 2.8
1 0.482995 0.482995 0.482995 0 1.16667
1 0.347075 0.347075 0.347075 0 2.8
1 0.340135 0.340135 0.340135 0 1.16667
1 0.340111 0.340111 0.340111 0 3.66667
1 0.340022 0.340022 0.340022 0 0.8
1 0.0473712 0.0473712 0.0473712 0 3.3
1 0.0295749 0.0295749 0.0295749 0 1.8
1 0.0294213 0.0294213 0.0294213 0 3.3
1 0.00325964 0.00325964 0.00325964 0 3.3
1 1e-08 1e-08 1e-08 0 2.85714
1 1e-08 1e-08 1e-08 0 0.857143
1 1e-08 1e-08 1e-08 0 2.8
1 1e-08 1e-08 1e-08 0 2.85714
1 1e-08 1e-08 1e-08 0 3.16667
1 1e-08 1e-08 1e-08 0 3.38889
1 1e-08 1e-08 1e-08 0 1.8

7 21.4281 21.4244 21.4271 0.00166105 0.888889
7 21.4197 21.4197 21.4197 3.55271e-15 3.35714
5 29.7697 29.7041 29.7267 0.0283522 3.3
7 21.2856 20.9146 21.0058 0.121434 1.66667
7 20.2913 20.2913 20.2913 0 2.66667
5 25.7198 25.7185 25.7188 0.000505165 3.16667
2 60.0189 60.0189 60.0189 0 3.16667
3 40.0126 40.0126 40.0126 0 3.16667
5 29.9952 2e-09 23.9961 11.9981 2.90909
6 2.20564 2.20564 17.8121 15.6064 3.35714
6 3.40885 3.40812 17.207 13.7987 2.88889
3 47.3324 0.107701 31.565 22.2437 1.35714
4 22.7785 22.7731 22.7744 0.00234992 1.66667
1 31.505 31.505 31.505 0 3.66667
1 3.72438 3.72438 3.72438 0 3.3
1 3.0478 3.0478 3.0478 0 2.8
1 2.94324 2.94324 2.94324 0 2.8
1 1.82428 1.82428 1.82428 0 3.3
1 1.31906 1.31906 1.31906 0 2.8
1 0.482995 0.482995 0.482995 0 1.16667
1 0.347075 0.347075 0.347075 0 2.8
1 0.340135 0.340135 0.340135 0 1.16667
1 0.340111 0.340111 0.340111 0 3.66667
1 0.340022 0.340022 0.340022 0 0.8
1 0.0473712 0.0473712 0.0473712 0 3.3
1 0.0295749 0.0295749 0.0295749 0 1.8
1 0.0294213 0.0294213 0.0294213 0 3.3
1 0.00325964 0.00325964 0.00325964 0 3.3
1 1e-08 1e-08 1e-08 0 1.8
1 1e-08 1e-08 1e-08 0 2.85714
1 1e-08 1e-08 1e-08 0 0.857143
1 1e-08 1e-08 1e-08 0 2.8
1 1e-08 1e-08 1e-08 0 2.85714
1 1e-08 1e-08 1e-08 0 3.16667
1 1e-08 1e-08 1e-08 0 3.38889

6 24.9973 24.9973 24.9973 0 3.35714
5 29.9927 29.9915 29.9922 0.00058736 2.88889
5 29.7697 29.7041 29.7267 0.0283522 3.3
7 21.2856 20.9146 21.0058 0.121434 1.66667
7 20.2913 20.2913 20.2913 0 2.66667
5 25.7198 25.7185 25.7188 0.000505165 3.16667
6 24.9982 1.66667e-09 20.8304 9.31562 2.90909
4 30.0095 30.0095 30.0095 0 3.16667
1 120.038 120.038 120.038 0 3.16667
6 2.82902 2.82902 18.8068 15.9777 3.35714
6 2.45896 2.45896 17.3794 14.9204 0.888889
3 47.3324 0.107701 31.565 22.2437 1.3
4 22.7785 22.7731 22.7744 0.00234992 0.666667
1 31.505 31.505 31.505 0 3.66667
1 3.72438 3.72438 3.72438 0 3.3
1 3.0478 3.0478 3.0478 0 2.8
1 2.94324 2.94324 2.94324 0 2.8
1 1.82428 1.82428 1.82428 0 3.3
1 1.31906 1.31906 1.31906 0 2.8
1 0.482995 0.482995 0.482995 0 1.16667
1 0.347075 0.347075 0.347075 0 2.8
1 0.340135 0.340135 0.340135 0 1.16667
1 0.340111 0.340111 0.340111 0 3.66667
1 0.340022 0.340022 0.340022 0 0.8
1 0.0473712 0.0473712 0.0473712 0 3.3
1 0.0295749 0.0295749 0.0295749 0 1.8
1 0.0294213 0.0294213 0.0294213 0 3.3
1 0.00325964 0.00325964 0.00325964 0 3.3
1 1e-08 1e-08 1e-08 0 1.8
1 1e-08 1e-08 1e-08 0 2.85714
1 1e-08 1e-08 1e-08 0 0.857143
1 1e-08 1e-08 1e-08 0 2.8
1 1e-08 1e-08 1e-08 0 2.85714
1 1e-08 1e-08 1e-08 0 3.16667
1 1e-08 1e-08 1e-08 0 3.38889

