5 1 0.0632156 0.0632156 0.0632156 0 2
1 1 1e-08 1e-08 1e-08 0 0
2 1 1e-08 1e-08 1e-08 0 2
3 1 1e-08 1e-08 1e-08 0 2
4 1 1e-08 1e-08 1e-08 0 2

5 95 1.28704 0.0463628 0.160359 0.158707 2
1 1 5e-09 5e-09 1e-08 5e-09 0
2 1 3.33333e-09 3.33333e-09 1e-08 6.66667e-09 2
3 1 3.33333e-09 3.33333e-09 1e-08 6.66667e-09 2
4 1 5e-09 5e-09 1e-08 5e-09 2

6 1 1.22632 1.22632 1.22632 0 3.16667
5 13 0.15488 0.0825044 0.192147 0.185332 2
4 1 0.0145667 0.0145667 0.0145667 5e-09 2
1 1 1e-08 1e-08 1e-08 0 0
2 1 1e-08 1e-08 1e-08 0 2
3 1 1e-08 1e-08 1e-08 0 2

5 20 2.29937 1e-08 1.21838 1.15774 2.66667
6 44 1.18223 0.580196 0.997492 0.983997 3.16667
4 1 0.0291334 0.0291334 0.0291334 0 2
1 1 1e-08 1e-08 1e-08 0 0
2 1 1e-08 1e-08 1e-08 0 2
3 1 1e-08 1e-08 1e-08 0 2
7 1 1e-08 1e-08 1e-08 0 3.3

14 6 15.9788 1.22487 3.68387 3.20375 2.66667
11 12 10.9174 0.735228 1.77022 1.65493 3.35714
9 3 1.90104 1.27044 1.48064 0.992055 2.66667
5 9 0.827773 0.44164 1.33082 1.24851 2.66667
13 5 1.22497 1.22497 1.22497 0.979975 2.66667
6 8 0.27014 0.132575 1.15346 1.13261 3.3
8 6 1.28704 0.051969 1.0812 0.904258 2.66667
12 7 0.571763 0.571752 1.06531 0.983633 2.66667
10 4 1.22671 0.0531429 0.933315 0.711422 2.66667
1 2 0.817387 6.66667e-09 0.408693 0.28899 0
2 1 0.0639585 0.0639585 0.0639586 5e-09 2.66667
4 1 0.00971115 0.00971115 0.00971116 6.66667e-09 2.66667
3 1 5e-09 5e-09 1e-08 5e-09 2.66667
7 1 1e-08 1e-08 1e-08 0 3.3

14 23 7.81943 0.599406 3.52163 3.39087 2.66667
11 17 13.4489 0.905716 2.68455 2.55554 2.66667
6 9 1.32289 0.64923 1.37603 1.28763 3.16667
9 8 0.844907 0.56464 1.23639 1.14404 2.66667
5 2 1.22678 1.22678 1.22678 0.613389 2.66667
13 7 0.428739 0.428739 1.13773 1.07648 2.66667
8 6 0.772226 0.772226 1.02938 0.900675 2.66667
12 6 0.668771 0.668294 1.00251 0.891119 2.66667
10 4 1.22671 0.0531429 0.933315 0.711422 2.66667
1 2 1.58718 1e-08 0.793589 0.561152 0
2 1 0.127917 0.127917 0.127917 0 2.66667
21 1 0.0343308 0.0343308 0.0343308 0 2.8
4 1 0.0291334 0.0291334 0.0291334 0 2
3 1 1e-08 1e-08 1e-08 0 2
7 1 1e-08 1e-08 1e-08 0 3.3
15 1 1e-08 1e-08 1e-08 0 3.16667
16 1 5e-09 5e-09 1e-08 5e-09 2.66667
17 1 1e-08 1e-08 1e-08 0 4.16667
18 1 1e-08 1e-08 1e-08 0 2.66667
19 1 1e-08 1e-08 1e-08 0 2.8
20 1 1e-08 1e-08 1e-08 0 2.8

3 4 47.5672 1e-08 11.8918 10.2986 2
14 17 5.77958 0.831686 4.776 4.55812 2
11 8 2.97071 0.200099 2.22787 2.03607 2.66667
9 5 0.594075 0.594075 1.42774 1.30893 2.66667
6 4 0.38443 0.38443 1.33308 1.23697 3.16667
12 4 0.817387 0.816804 1.22535 1.02111 0.666667
13 3 0.282685 0.282685 1.04361 0.949382 3.16667
5 3 0.283103 0.283103 1.03804 0.943675 2.66667
8 3 0.351012 0.351012 0.947657 0.830653 2.66667
10 3 0.92003 0.92003 0.932559 0.625882 2.66667
4 1 0.0291334 0.0291334 0.0291334 0 2
1 1 1e-08 1e-08 1e-08 0 0
7 1 1e-08 1e-08 1e-08 0 3.3
18 1 1e-08 1e-08 1e-08 0 2.66667
19 1 1e-08 1e-08 1e-08 0 2.8
20 1 1e-08 1e-08 1e-08 0 2.8

11 5 18.1956 1e-08 14.5565 11.7358 2.66667
22 23 15.9788 1e-08 13.3999 12.8196 2.66667
3 17 14.44 3.03571e-09 8.52223 8.0317 2.8
23 5 18.1956 1e-08 4.37449 3.76383 3.16667
6 5 1.56175 1.56175 2.4988 2.18645 3.16667
1 2 1.58718 1.58718 1.58718 0.793589 0.666667
14 3 0.153291 0.153291 1.5484 1.4973 2.66667
10 1 1.22671 1.22671 1.22671 0 2.66667
12 1 0.30652 0.30652 0.308123 0.00160335 0
25 1 0.062989 0.062989 0.062989 0 2.66667
4 1 0.00971115 0.00971115 0.00971116 6.66667e-09 2.66667
27 1 1e-08 1e-08 1e-08 0 2.66667
26 1 1e-08 1e-08 1e-08 0 3.16667
24 1 1e-08 1e-08 1e-08 0 2.8
20 1 1e-08 1e-08 1e-08 0 2.8
18 1 5e-09 5e-09 1e-08 5e-09 2.66667
7 1 1e-08 1e-08 1e-08 0 3.3

3 30 47.5672 1e-08 32.3169 31.2481 2
29 1 14.7776 14.7776 14.7776 0 2.5
22 15 4.69966 4.69966 10.8329 10.5196 2.66667
11 11 3.51144 3.51144 8.50877 8.18955 2
6 3 0.832933 0.832933 2.4988 2.22115 3.16667
10 1 1.22671 1.22671 1.22671 0 2.66667
12 1 1.22608 1.22608 1.22608 0 0.666667
1 1 0.395092 0.395092 0.39723 0.00213779 0.666667
28 1 0.20422 0.20422 0.28314 0.07892 2.66667
25 1 0.0209963 0.0209963 0.034747 0.0137507 2
33 1 1e-08 1e-08 1e-08 0 2.8
32 1 1e-08 1e-08 1e-08 0 2.66667
31 1 1e-08 1e-08 1e-08 0 2.66667
30 1 1e-08 1e-08 1e-08 0 2.8
7 1 1e-08 1e-08 1e-08 0 3.3
18 1 1e-08 1e-08 1e-08 0 2.66667
20 1 1e-08 1e-08 1e-08 0 2.8
24 1 1e-08 1e-08 1e-08 0 2.8
26 1 1e-08 1e-08 1e-08 0 3.16667
4 1 1e-08 1e-08 1e-08 0 2.66667
23 1 1e-08 1e-08 1e-08 0 3.66667

3 35 17.3422 17.3422 28.8387 28.3433 2
11 1 18.1956 18.1956 18.1956 0 2.66667
34 14 18.1956 1e-08 16.8959 15.6927 2.66667
22 13 5.19312 5.19312 10.9093 10.5099 2
6 3 2.4988 2.4988 2.4988 1.66587 3.16667
10 1 1.22671 1.22671 1.22671 0 2.66667
35 1 1.18528 1.18528 1.18528 0 0.8
12 1 0.408693 0.408693 0.412969 0.00427558 0
4 1 0.0878305 0.0878305 0.0878305 5e-09 2.66667
25 1 0.0314945 0.0314945 0.0378954 0.00640094 2.66667
33 1 1e-08 1e-08 1e-08 0 2.8
30 1 1e-08 1e-08 1e-08 0 2.8
7 1 1e-08 1e-08 1e-08 0 3.3
18 1 1e-08 1e-08 1e-08 0 2.66667
20 1 1e-08 1e-08 1e-08 0 2.8
24 1 1e-08 1e-08 1e-08 0 2.8
26 1 1e-08 1e-08 1e-08 0 3.16667
23 1 1e-08 1e-08 1e-08 0 3.66667
29 1 2e-09 2e-09 1e-08 8e-09 2.8

3 57 38.1878 38.1878 44.259 43.589 2
11 17 4.07007 4.07007 13.4946 13.2552 0.666667
22 16 15.9788 1e-08 12.9828 12.1776 3.16667
6 3 2.4988 2.4988 2.4988 1.66587 3.16667
10 1 1.22671 1.22671 1.22671 0 2.66667
12 1 1.22608 1.22608 1.22608 0 0.666667
35 1 0.592638 0.592638 0.595844 0.00320668 0
4 1 0.341565 0.341565 0.429395 0.0878305 2.66667
25 1 0.062989 0.062989 0.062989 0 2.66667
7 1 1e-08 1e-08 1e-08 0 3.3
18 1 1e-08 1e-08 1e-08 0 2.66667
20 1 1e-08 1e-08 1e-08 0 2.8

3 55 21.0984 21.0984 42.9909 42.6073 2
22 16 15.9788 0.0632156 14.9841 14.0497 3.16667
11 18 7.98832 7.98832 14.5341 14.0903 2.66667
6 3 2.4988 2.4988 2.4988 1.66587 3.16667
10 1 1.22671 1.22671 1.22671 0 2.66667
12 1 1.22608 1.22608 1.22608 0 0.666667
18 1 0.341565 0.341565 0.341565 5e-09 2
25 1 0.0268689 0.0268689 0.0963539 0.069485 2
7 1 1e-08 1e-08 1e-08 0 3.3
20 1 1e-08 1e-08 1e-08 0 2.8
37 1 5e-09 5e-09 1e-08 5e-09 2.66667
38 1 1e-08 1e-08 1e-08 0 2.8
39 1 1e-08 1e-08 1e-08 0 2.8

3 55 18.6871 18.6871 43.837 43.4972 2
11 18 18.1956 18.1956 18.1956 17.1848 2.66667
22 15 9.21856 9.21856 12.3007 11.6861 2
6 3 2.4988 2.4988 2.4988 1.66587 3.16667
10 1 1.22671 1.22671 1.22671 0 2.66667
18 1 0.341565 0.341565 0.341565 5e-09 2
12 1 0.245216 0.245216 0.250347 0.00513069 0
25 1 0.107475 0.107475 0.107475 0 2
7 1 1e-08 1e-08 1e-08 0 3.3
37 1 1e-08 1e-08 1e-08 0 2.8
38 1 1e-08 1e-08 1e-08 0 2.8
39 1 1e-08 1e-08 1e-08 0 2.8
42 1 1e-08 1e-08 1e-08 0 2.66667

3 58 20.7436 20.7436 45.4432 45.0856 2
11 20 11.3723 11.3723 16.1557 15.587 2.66667
22 14 10.1683 10.1683 10.9033 10.177 2.8
6 3 2.4988 2.4988 2.4988 1.66587 3.16667
10 1 1.22671 1.22671 1.22671 0 2.66667
18 1 0.170782 0.170782 0.683129 0.512347 2
12 1 0.408693 0.408693 0.412969 0.00427558 0.666667
25 1 0.107475 0.107475 0.107475 0 2
7 1 1e-08 1e-08 1e-08 0 3.3

3 53 16.9199 16.9199 41.8486 41.5294 2
43 14 15.9788 15.9788 15.9788 14.8375 3.16667
11 20 15.8223 15.8223 15.8305 15.0394 2.66667
6 3 2.4988 2.4988 2.4988 1.66587 3.16667
10 1 1.22671 1.22671 1.22671 0 2.66667
18 1 0.170782 0.170782 0.683129 0.512347 2
12 1 0.30652 0.30652 0.31133 0.00481002 0.666667
25 1 0.107475 0.107475 0.107475 0 2
7 1 1e-08 1e-08 1e-08 0 3.3

3 51 19.723 19.723 43.7164 43.3296 2
11 20 18.1956 18.1956 18.1956 17.2858 2.66667
43 17 7.76115 7.76115 15.0658 14.6092 3.16667
6 2 1.66587 1.66587 2.4988 1.66587 3.16667
45 1 1.24453 1.24453 1.24453 0 2.66667
46 1 1.22823 1.22823 1.22823 0 2.66667
10 1 1.22671 1.22671 1.22671 0 2.66667
18 1 0.683129 0.683129 0.683129 0 2
12 1 0.30652 0.30652 0.31133 0.00481002 0
25 1 0.0268689 0.0268689 0.0754137 0.0485448 2
7 1 1e-08 1e-08 1e-08 0 3.3
44 1 1e-08 1e-08 1e-08 0 2.66667

3 50 18.7272 18.7272 39.4431 39.0686 2
43 17 15.9788 15.9788 15.9788 15.0389 2.66667
11 20 9.33109 9.33109 15.8641 15.3976 2.66667
6 2 2.4988 2.4988 2.4988 1.2494 3.16667
45 1 1.24453 1.24453 1.24453 0 2.66667
46 1 1.22823 1.22823 1.22823 0 2.66667
10 1 1.22671 1.22671 1.22671 0 2.66667
18 1 0.341565 0.341565 0.683129 0.341565 2
12 1 0.408693 0.408693 0.430963 0.0222692 0.666667
25 1 0.0537377 0.0537377 0.107475 0.0537377 2
7 1 1e-08 1e-08 1e-08 0 3.3
44 1 1e-08 1e-08 1e-08 0 2.66667
47 1 1e-08 1e-08 1e-08 0 2.66667

3 51 20.049 20.049 42.4857 42.0926 2
11 20 18.1956 18.1956 18.1956 17.2858 2.66667
43 16 9.1723 5.94561 13.6603 13.2762 3.16667
6 2 2.4988 2.4988 2.4988 1.2494 3.16667
45 1 1.24453 1.24453 1.24453 0 2.66667
46 1 1.22823 1.22823 1.22823 0 2.66667
10 1 1.22671 1.22671 1.22671 0 2.66667
12 1 1.22608 1.22608 1.22608 0 0.666667
18 1 0.341565 0.341565 0.683129 0.341565 2
25 1 0.0537377 0.0537377 0.107475 0.0537377 2
48 1 0.00379511 0.00379511 0.00379511 0 0.5
7 1 1e-08 1e-08 1e-08 0 3.3
44 1 1e-08 1e-08 1e-08 0 2.66667
47 1 1e-08 1e-08 1e-08 0 2.66667

3 52 19.3242 19.3242 44.6053 44.2337 2
43 16 24.6506 15.9788 16.5208 15.4888 0.666667
11 19 10.1681 10.1681 16.2068 15.6716 2.66667
6 2 2.4988 2.4988 2.4988 1.2494 3.16667
45 1 1.24453 1.24453 1.24453 0 2.66667
46 1 1.22823 1.22823 1.22823 0 2.66667
10 1 1.22671 1.22671 1.22671 0 2.66667
18 1 0.22771 0.22771 0.683129 0.45542 2
12 1 0.408693 0.408693 0.412969 0.00427558 0
25 1 0.0268689 0.0268689 0.0806066 0.0537377 2
48 1 0.00126504 0.00126504 0.00253008 0.00126504 0.666667
7 1 1e-08 1e-08 1e-08 0 3.3
44 1 1e-08 1e-08 1e-08 0 2.66667
47 1 1e-08 1e-08 1e-08 0 2.66667

3 48 17.6994 17.6994 43.4936 43.1249 2
11 19 17.2858 17.2858 17.289 16.3792 2.66667
43 16 15.2147 9.46894 14.2925 13.6587 2.66667
49 3 15.9788 0.0326502 5.34812 4.35782 3.16667
6 2 2.4988 2.4988 2.4988 1.2494 3.16667
18 2 3.87697 0.341565 2.45083 1.65244 2
46 1 1.22823 1.22823 1.22823 0 2.66667
10 1 1.22671 1.22671 1.22671 0 2.66667
45 1 0.622265 0.622265 0.653873 0.0316078 2.5
12 1 0.408693 0.408693 0.412498 0.00380449 0.5
25 1 0.0537377 0.0537377 0.107475 0.0537377 2
7 1 1e-08 1e-08 1e-08 0 3.3
44 1 1e-08 1e-08 1e-08 0 2.66667
47 1 1e-08 1e-08 1e-08 0 2.66667
50 1 5e-09 5e-09 1e-08 5e-09 2.66667

3 52 22.0848 22.0848 43.3494 42.9247 2
11 18 6.55042 6.55042 14.9281 14.5642 3.66667
43 17 21.8236 13.582 14.5037 13.6515 3.16667
18 3 7.75393 0.683129 3.04006 2.31128 2.5
6 2 2.4988 2.4988 2.4988 1.2494 3.16667
46 1 1.22823 1.22823 1.22823 0 2.66667
10 1 1.22671 1.22671 1.22671 0 2.66667
51 1 1.22608 1.22608 1.22608 0 0.666667
45 1 0.622265 0.622265 0.622265 5e-09 2.66667
25 1 0.111951 0.111951 0.147776 0.0358252 2.66667
12 1 0.0114135 0.0114135 0.0114135 0 0.5
7 1 1e-08 1e-08 1e-08 0 3.3
44 1 1e-08 1e-08 1e-08 0 2.66667
47 1 1e-08 1e-08 1e-08 0 2.66667

3 49 17.6575 17.6575 41.4919 41.1316 2
43 17 25.6748 15.9788 17.0593 16.0567 3.16667
11 19 10.4763 10.4763 16.0717 15.5203 2.66667
6 2 2.4988 2.4988 2.4988 1.2494 3.16667
18 2 2.58464 0.22771 1.79022 1.23655 2
45 1 1.24453 1.24453 1.24453 0 2.66667
46 1 1.22823 1.22823 1.22823 0 2.66667
10 1 1.22671 1.22671 1.22671 0 2.66667
51 1 0.61304 0.61304 0.616247 0.00320668 0.666667
25 1 0.167926 0.167926 0.335852 0.167926 2.5
12 1 0.0114135 0.0114135 0.0114135 0 0.5
7 1 1e-08 1e-08 1e-08 0 3.3
44 1 1e-08 1e-08 1e-08 0 2.66667
47 1 1e-08 1e-08 1e-08 0 2.66667

3 48 18.1208 18.1208 43.0604 42.6829 2.5
11 19 18.1956 18.1956 18.1956 17.238 2.66667
43 16 10.8104 6.72793 14.3638 13.9133 2.66667
18 2 7.75393 0.683129 4.21853 2.75205 2.5
6 2 2.4988 2.4988 2.4988 1.2494 3.16667
45 1 1.24453 1.24453 1.24453 0 2.66667
46 1 1.22823 1.22823 1.22823 0 2.66667
10 1 1.22671 1.22671 1.22671 0 2.66667
51 1 1.22608 1.22608 1.22608 0 0.666667
25 1 0.686014 0.686014 0.85394 0.167926 2.5
12 1 0.0114135 0.0114135 0.0114135 0 0.5
7 1 1e-08 1e-08 1e-08 0 3.3
44 1 1e-08 1e-08 1e-08 0 2.66667
47 1 1e-08 1e-08 1e-08 0 2.66667
52 1 1e-08 1e-08 1e-08 0 3.3

3 50 21.4267 21.4267 44.5763 44.1478 2
43 16 25.6748 15.9788 17.1268 16.0575 0.666667
11 18 6.82336 6.82336 16.3057 15.9266 2.8
6 2 2.4988 2.4988 2.4988 1.2494 3.16667
18 2 3.10157 0.273252 1.86619 1.24316 2.5
45 1 1.24453 1.24453 1.24453 0 2.66667
46 1 1.22823 1.22823 1.22823 0 2.66667
10 1 1.22671 1.22671 1.22671 0 2.66667
51 1 1.22608 1.22608 1.22608 0 0.666667
25 1 0.457343 0.457343 0.605119 0.147776 2
12 1 0.0240629 0.0240629 0.0297696 0.00570673 0.5
7 1 1e-08 1e-08 1e-08 0 3.3
44 1 1e-08 1e-08 1e-08 0 2.66667
47 1 1e-08 1e-08 1e-08 0 2.66667
52 1 1e-08 1e-08 1e-08 0 3.3
53 1 1e-08 1e-08 1e-08 0 2.66667
54 1 1e-08 1e-08 1e-08 0 2.8

3 45 16.4656 16.4656 43.547 43.181 2.5
11 17 16.2803 16.2803 17.2413 16.2836 2.66667
43 16 16.4319 10.2265 15.6164 14.9318 2.66667
55 5 15.9788 1e-08 9.59769 7.83563 3.16667
6 2 2.4988 2.4988 2.4988 1.2494 3.16667
18 2 3.87697 0.341565 2.38301 1.59555 2
45 1 1.24453 1.24453 1.24453 0 2.66667
46 1 1.22823 1.22823 1.22823 0 2.66667
10 1 1.22671 1.22671 1.22671 0 2.66667
51 1 1.22608 1.22608 1.22608 0 0.666667
25 1 0.343007 0.343007 0.796846 0.453839 2.5
56 1 0.0151685 0.0151685 0.0151685 0 0.5
7 1 1e-08 1e-08 1e-08 0 3.3
44 1 1e-08 1e-08 1e-08 0 2.66667
47 1 1e-08 1e-08 1e-08 0 2.66667
52 1 1e-08 1e-08 1e-08 0 3.3
54 1 1e-08 1e-08 1e-08 0 2.8
57 1 1e-08 1e-08 1e-08 0 3.16667

3 49 20.4456 20.4456 42.6446 42.2274 2
11 20 9.09781 9.09781 17.2867 16.8318 2.66667
43 17 16.7874 10.4477 14.8443 14.1886 2.66667
18 3 7.75393 0.411841 2.94963 2.26947 2
6 2 2.4988 2.4988 2.4988 1.2494 3.16667
45 1 1.24453 1.24453 1.24453 0 2.66667
46 1 1.22823 1.22823 1.22823 0 2.66667
10 1 1.22671 1.22671 1.22671 0 2.66667
25 1 0.686014 0.686014 0.848526 0.162512 2.5
51 1 0.61304 0.61304 0.616247 0.00320668 0.666667
56 1 0.0151685 0.0151685 0.0151685 0 0.5
7 1 1e-08 1e-08 1e-08 0 3.3
44 1 1e-08 1e-08 1e-08 0 2.66667
47 1 1e-08 1e-08 1e-08 0 2.66667
52 1 1e-08 1e-08 1e-08 0 3.3

3 47 17.7433 17.7433 42.3004 41.9229 2.5
11 19 9.27029 9.09781 17.2767 16.7974 2.66667
43 17 25.6748 15.9788 17.0593 16.0567 2.66667
6 2 2.4988 2.4988 2.4988 1.2494 3.16667
18 2 3.87697 0.341565 2.2147 1.4584 2
25 1 1.37203 1.37203 1.37203 0 2.5
45 1 1.24453 1.24453 1.24453 0 2.66667
46 1 1.22823 1.22823 1.22823 0 2.66667
10 1 1.22671 1.22671 1.22671 0 2.66667
51 1 1.22608 1.22608 1.22608 0 0.666667
60 1 0.61266 0.61266 0.61266 0 3.16667
56 1 0.0151685 0.0151685 0.0151685 0 0.5
7 1 1e-08 1e-08 1e-08 0 3.3
44 1 1e-08 1e-08 1e-08 0 2.66667
47 1 1e-08 1e-08 1e-08 0 2.66667
52 1 1e-08 1e-08 1e-08 0 3.3
58 1 1e-08 1e-08 1e-08 0 2.66667
59 1 1e-08 1e-08 1e-08 0 3.66667
61 1 1e-08 1e-08 1e-08 0 3.16667

3 34 13.7058 13.7058 42.3567 41.9536 2.5
63 1 25.6748 25.6748 25.6748 0 0.666667
43 13 20.0286 12.9828 16.5208 15.4811 3.16667
11 12 5.17411 5.07785 15.2435 14.8197 2.66667
62 2 18.1956 1e-08 9.09781 6.43312 2.66667
18 2 5.16929 0.854838 3.23977 2.04188 2.5
6 2 2.4988 2.4988 2.4988 1.2494 3.16667
45 1 1.24453 1.24453 1.24453 0 2.66667
46 1 1.22823 1.22823 1.22823 0 2.66667
10 1 1.22671 1.22671 1.22671 0 2.66667
51 1 1.22608 1.22608 1.22608 0 0.666667
25 1 0.686014 0.686014 1.18661 0.500599 3
64 1 0.274487 0.274487 0.274487 0 0.8
65 1 0.0316078 0.0316078 0.0632156 0.0316078 2.5
56 1 0.0517318 0.0517318 0.0593161 0.00758426 0.5
52 1 1e-08 1e-08 1e-08 0 3.3
47 1 1e-08 1e-08 1e-08 0 2.66667
44 1 1e-08 1e-08 1e-08 0 2.66667
7 1 1e-08 1e-08 1e-08 0 3.3
66 1 1e-08 1e-08 1e-08 0 2.66667

3 42 21.7155 21.7155 42.8808 42.3638 2.5
63 19 13.6347 9.75642 19.5175 18.9755 0.666667
11 14 18.5406 1e-08 16.9206 15.7155 2.66667
43 5 15.9788 0.032977 9.60086 7.83796 2.8
18 2 7.75393 1.28226 4.5181 2.77866 2.5
6 2 2.4988 2.4988 2.4988 1.2494 3.16667
45 1 1.24453 1.24453 1.24453 0 2.66667
46 1 1.22823 1.22823 1.22823 0 2.66667
10 1 1.22671 1.22671 1.22671 0 2.66667
51 1 1.22608 1.22608 1.22608 0 0.666667
25 1 0.686014 0.686014 0.848526 0.162512 2.5
64 1 0.274487 0.274487 0.274487 0 0.8
65 1 0.0632156 0.0632156 0.0632156 0 2.5
52 1 5e-09 5e-09 1e-08 5e-09 3.3
47 1 1e-08 1e-08 1e-08 0 2.66667
44 1 1e-08 1e-08 1e-08 0 2.66667
7 1 1e-08 1e-08 1e-08 0 3.3
66 1 1e-08 1e-08 1e-08 0 2.66667

3 42 20.18 20.18 44.3109 43.8304 2.5
63 22 20.8766 12.2793 23.3902 22.7622 0.666667
11 15 12.0917 11.8667 15.8573 15.0642 2.66667
43 6 15.9788 0.032977 8.01125 6.80683 2.8
18 3 7.75393 1.28226 3.43948 2.50837 2.5
6 2 2.4988 2.4988 2.4988 1.2494 3.16667
25 1 1.37203 1.37203 1.37203 0 2.5
45 1 1.24453 1.24453 1.24453 0 2.66667
46 1 1.22823 1.22823 1.22823 0 2.66667
10 1 1.22671 1.22671 1.22671 0 2.66667
51 1 1.22608 1.22608 1.22608 0 0.666667
64 1 0.274487 0.274487 0.274487 0 0.8
68 1 0.0761348 0.0761348 0.0761348 0 0.5
65 1 0.0632156 0.0632156 0.0632156 0 2.5
69 1 0.0309354 0.0309354 0.0309354 0 2.66667
52 1 1e-08 1e-08 1e-08 0 3.3
47 1 1e-08 1e-08 1e-08 0 2.66667

71 2 47.5672 47.5672 47.5672 23.7836 2.5
3 27 13.2404 13.2404 42.7769 42.2865 2.5
63 16 16.5531 8.79959 25.5937 24.9722 0.666667
11 11 12.7466 12.5095 17.1055 15.9643 2.66667
43 5 15.9788 0.032977 9.60086 7.83796 2.8
18 1 1.93848 1.93848 2.63231 0.693823 2.5
6 1 1.2494 1.2494 2.4988 1.2494 3.16667
25 1 0.686014 0.686014 1.37203 0.686014 2.5
45 1 1.24453 1.24453 1.24453 0 2.66667
46 1 1.22823 1.22823 1.22823 0 2.66667
10 1 1.22671 1.22671 1.22671 0 2.66667
51 1 1.22608 1.22608 1.22608 0 0.666667
64 1 0.274487 0.274487 0.274487 0 0.8
68 1 0.0761348 0.0761348 0.0761348 0 0.5
65 1 0.0632156 0.0632156 0.0632156 0 2.5
69 1 0.0309354 0.0309354 0.0309354 0 2.66667
52 1 1e-08 1e-08 1e-08 0 3.3
72 1 1e-08 1e-08 1e-08 0 0.666667
73 1 1e-08 1e-08 1e-08 0 2.66667

3 21 47.5672 0.305251 45.3166 43.1614 2.5
71 26 12.75 12.75 42.693 42.2027 2.5
63 21 61.2277 0.484871 34.2919 32.6627 0.666667
11 11 18.5406 18.1956 18.2583 16.5985 2.66667
43 5 15.9788 0.032977 9.60086 7.83796 2.8
18 1 2.58464 2.58464 2.7451 0.160456 2.5
6 1 2.4988 2.4988 2.4988 0 3.16667
45 1 1.24453 1.24453 1.24453 0 2.66667
46 1 1.22823 1.22823 1.22823 0 2.66667
10 1 1.22671 1.22671 1.22671 0 2.66667
51 1 1.22608 1.22608 1.22608 0 0.666667
25 1 0.686014 0.686014 0.85394 0.167926 2.5
74 1 0.149958 0.149958 0.299915 0.149958 2.5
64 1 0.274487 0.274487 0.274487 0 0.8
68 1 0.0761348 0.0761348 0.0761348 0 0.5
65 1 0.0632156 0.0632156 0.0632156 0 2.5
69 1 0.0309354 0.0309354 0.0309354 0 2.66667
52 1 1e-08 1e-08 1e-08 0 3.3
72 1 1e-08 1e-08 1e-08 0 0.666667
73 1 1e-08 1e-08 1e-08 0 2.66667

71 28 35.9968 35.9968 45.0307 43.7451 2.5
3 25 15.6471 15.6471 41.6028 40.9769 3
63 18 25.0995 13.4049 29.7192 28.8214 0.666667
11 10 11.5879 11.3723 17.1015 15.96 2.66667
43 5 15.9788 0.032977 9.60086 7.83796 2.66667
18 1 7.75393 7.75393 7.75393 0 2.5
6 1 2.4988 2.4988 2.4988 0 3.16667
25 1 1.37203 1.37203 1.37203 0 2.5
45 1 1.24453 1.24453 1.24453 0 2.66667
46 1 1.22823 1.22823 1.22823 0 2.66667
10 1 1.22671 1.22671 1.22671 0 2.66667
51 1 1.22608 1.22608 1.22608 0 0.666667
74 1 0.299915 0.299915 0.299915 0 2.5
64 1 0.274487 0.274487 0.274487 0 0.8
68 1 0.0380674 0.0380674 0.0761348 0.0380674 0.5
65 1 0.0632156 0.0632156 0.0632156 0 2.5
69 1 0.0309354 0.0309354 0.0309354 0 2.66667
52 1 1e-08 1e-08 1e-08 0 3.3
72 1 5e-09 5e-09 1e-08 5e-09 0.666667
73 1 1e-08 1e-08 1e-08 0 2.66667

71 26 14.7232 14.7232 45.3123 44.746 2.5
3 26 29.4464 29.4464 44.1695 43.037 2.5
63 22 38.1392 21.3345 37.1949 35.9745 1.16667
11 10 18.5406 18.1956 18.2646 16.4382 2.66667
43 5 15.9788 0.032977 9.60086 7.83796 3.16667
18 2 7.75393 0.454223 4.10408 2.74613 2.5
6 1 2.4988 2.4988 2.4988 0 3.16667
25 1 1.37203 1.37203 1.37203 0 2.5
45 1 1.24453 1.24453 1.24453 0 2.66667
46 1 1.22823 1.22823 1.22823 0 2.66667
10 1 1.22671 1.22671 1.22671 0 2.66667
51 1 1.22608 1.22608 1.22608 0 0.666667
64 1 0.274487 0.274487 0.274487 0 0.8
74 1 0.0999717 0.0999717 0.199943 0.0999717 2.5
68 1 0.0380674 0.0380674 0.0761348 0.0380674 0.5
65 1 0.0158039 0.0158039 0.0632156 0.0474117 2.5

71 29 10.6934 10.6934 43.9091 43.5404 2.5
63 25 41.1175 27.9814 38.1486 36.9665 0.666667
78 2 47.5672 0.374243 23.9707 16.8181 2.5
11 10 18.5406 18.1956 18.2646 16.4382 2.66667
43 5 15.9788 0.032977 9.60086 7.83796 2.8
18 2 7.75393 0.454223 4.10408 2.74613 2.5
6 1 2.4988 2.4988 2.4988 0 3.16667
25 1 1.37203 1.37203 1.37203 0 2.5
45 1 1.24453 1.24453 1.24453 0 2.66667
46 1 1.22823 1.22823 1.22823 0 2.66667
10 1 1.22671 1.22671 1.22671 0 2.66667
51 1 1.22608 1.22608 1.22608 0 0.666667
64 1 0.274487 0.274487 0.274487 0 0.8
80 1 0.240684 0.240684 0.240684 0 2.5
74 1 0.0999717 0.0999717 0.116901 0.0169289 2.5
68 1 0.0761348 0.0761348 0.0761348 0 0.5
65 1 0.0632156 0.0632156 0.0632156 0 2.5
79 1 1e-08 1e-08 1e-08 0 0.666667

71 30 17.8377 17.8377 36.9251 36.3305 2.5
63 28 27.631 18.8035 34.059 33.3424 0.666667
11 10 18.5406 18.1956 18.2646 16.4382 2.66667
81 8 47.5672 1e-08 17.938 15.9558 3.16667
18 2 5.16929 0.302816 2.80755 1.88478 2.5
6 1 2.4988 2.4988 2.4988 0 3.16667
45 1 1.24453 1.24453 1.24453 0 2.66667
46 1 1.22823 1.22823 1.22823 0 2.66667
10 1 1.22671 1.22671 1.22671 0 2.66667
51 1 1.22608 1.22608 1.22608 0 0.666667
25 1 0.686014 0.686014 0.715415 0.029401 2.5
74 1 0.159511 0.159511 0.309469 0.149958 2
64 1 0.274487 0.274487 0.274487 0 0.8
80 1 0.240684 0.240684 0.240684 0 2.5
68 1 0.0761348 0.0761348 0.0761348 0 0.5
65 1 0.0632156 0.0632156 0.0632156 0 2.5
43 1 0.0210719 0.0210719 0.0436702 0.0225984 2.8
79 1 1e-08 1e-08 1e-08 0 0.666667
82 1 1e-08 1e-08 1e-08 0 2.66667
83 1 1e-08 1e-08 1e-08 0 0.666667

71 28 24.6645 24.6645 41.4265 40.5456 3.16667
84 26 47.5672 1e-08 38.4264 36.9555 2.5
63 25 24.6705 16.7889 37.6696 36.9096 1.3
11 11 8.49776 8.33966 16.7238 15.9617 2.66667
18 2 7.75393 0.454223 4.10408 2.74613 2.5
6 1 2.4988 2.4988 2.4988 0 3.16667
46 1 1.22823 1.22823 1.22823 0 2.66667
10 1 1.22671 1.22671 1.22671 0 2.66667
51 1 1.22608 1.22608 1.22608 0 0.666667
25 1 0.457343 0.457343 0.793937 0.336594 2.5
45 1 0.622265 0.622265 0.653873 0.0316078 2.66667
64 1 0.248337 0.248337 0.38558 0.137244 0.666667
80 1 0.240684 0.240684 0.240684 0 2.5
68 1 0.0761348 0.0761348 0.0761348 0 0.5

71 30 30.362 30.362 46.6138 45.6017 2
63 30 44.282 29.1007 46.5112 45.3116 0.666667
84 23 15.6292 15.6292 36.0226 35.343 2.5
11 9 11.9189 11.6972 14.4309 13.123 2.66667
18 1 2.58464 2.58464 2.81628 0.231636 2.5
6 1 2.4988 2.4988 2.4988 0 3.16667
45 1 1.24453 1.24453 1.24453 0 2.66667
10 1 1.22671 1.22671 1.22671 0 2.66667
51 1 1.22608 1.22608 1.22608 0 0.666667
25 1 0.343007 0.343007 0.606369 0.263362 2.5
46 1 0.409411 0.409411 0.451555 0.0421437 2.5
89 1 0.0875175 0.0875175 0.0875175 5e-09 3.16667
68 1 0.0761348 0.0761348 0.0761348 0 0.5

71 37 17.4256 17.4256 46.1561 45.6852 2.5
63 36 31.4636 20.7669 44.863 44.0363 1.16667
11 9 18.5406 18.1956 18.3106 16.2761 2.66667
18 2 7.75393 0.214501 3.98422 2.74248 2.5
6 1 2.4988 2.4988 2.4988 0 3.16667
25 1 1.37203 1.37203 1.37203 0 2.5
45 1 1.24453 1.24453 1.24453 0 2.66667
46 1 1.22823 1.22823 1.22823 0 2.66667
10 1 1.22671 1.22671 1.22671 0 2.66667
51 1 1.22608 1.22608 1.22608 0 0.666667
68 1 0.0699726 0.0699726 0.228952 0.158979 0.5
93 1 1e-08 1e-08 1e-08 0 1.3
94 1 1e-08 1e-08 1e-08 0 3.16667
95 1 1e-08 1e-08 1e-08 0 3.16667

63 27 22.141 21.3811 52.0612 51.2662 1.16667
71 23 16.0889 16.0889 44.0825 43.383 2.5
96 17 47.5672 1e-08 41.9711 39.5125 3
11 8 18.5406 18.1956 18.325 16.0344 2.66667
97 1 18.1956 18.1956 18.1956 0 2.66667
6 1 2.4988 2.4988 2.4988 0 3.16667
25 1 1.37203 1.37203 1.37203 0 2.5
18 1 1.1077 1.1077 1.30048 0.192775 3.16667
45 1 1.24453 1.24453 1.24453 0 2.66667
46 1 1.22823 1.22823 1.22823 0 2.66667
10 1 1.22671 1.22671 1.22671 0 2.66667
51 1 1.22608 1.22608 1.22608 0 0.666667
99 1 1.22586 1.22586 1.22586 0 3.16667
68 1 0.279891 0.279891 0.279891 0 0.5
98 1 0.0975951 0.0975951 0.248705 0.15111 2.5
93 1 1e-08 1e-08 1e-08 0 1.3

63 23 25.6615 20.4902 52.7349 51.8232 1.16667
102 1 47.5672 47.5672 47.5672 0 3
71 19 16.1389 16.1389 43.3418 42.4924 2
96 18 24.4631 24.4631 40.7977 39.4387 2.5
11 8 16.4805 16.1739 18.3106 16.2745 2.66667
18 1 7.75393 7.75393 7.75393 0 2.5
6 1 2.4988 2.4988 2.4988 0 3.16667
25 1 1.37203 1.37203 1.37203 0 2.5
46 1 1.22823 1.22823 1.22823 0 2.66667
10 1 1.22671 1.22671 1.22671 0 2.66667
51 1 1.22608 1.22608 1.22608 0 0.666667
99 1 1.22586 1.22586 1.22586 0 3.16667
45 1 0.622265 0.622265 0.653873 0.0316078 2.66667
98 1 0.292785 0.292785 0.292785 0 2.5
68 1 0.279891 0.279891 0.279891 0 0.5
93 1 1e-08 1e-08 1e-08 0 1.3
100 1 1e-08 1e-08 1e-08 0 3.16667
101 1 1e-08 1e-08 1e-08 0 1.3

63 30 46.6876 27.1028 54.1699 53.2017 1.16667
102 26 26.3138 26.3138 46.5551 45.5431 3
71 24 30.8544 30.8544 42.4248 41.1392 2.5
11 8 18.5406 18.1956 18.325 16.0344 2.66667
18 2 7.75393 0.00683872 3.88039 2.74143 2.5
6 1 2.4988 2.4988 2.4988 0 3.16667
45 1 1.24453 1.24453 1.24453 0 2.66667
46 1 1.22823 1.22823 1.22823 0 2.66667
10 1 1.22671 1.22671 1.22671 0 2.66667
51 1 1.22608 1.22608 1.22608 0 0.666667
99 1 1.22586 1.22586 1.22586 0 3.16667
25 1 0.686014 0.686014 0.837956 0.151942 2.5
103 1 0.111691 0.111691 0.335074 0.223383 1
98 1 0.292785 0.292785 0.292785 0 2.5
68 1 0.279891 0.279891 0.279891 0 0.5
93 1 5e-09 5e-09 1e-08 5e-09 1.3

63 25 36.8314 22.141 55.1145 54.161 3.16667
71 20 23.2035 23.2035 44.1131 42.9529 2.5
102 19 15.0629 15.0629 42.0606 41.2678 3
104 2 47.5672 1e-08 23.7836 16.8175 3.16667
105 1 18.1956 18.1956 18.1956 0 2.66667
11 7 16.223 15.9212 16.0584 13.7655 2.66667
18 1 3.87697 3.87697 3.88039 0.00341936 2
6 1 2.4988 2.4988 2.4988 0 3.16667
45 1 1.24453 1.24453 1.24453 0 2.66667
46 1 1.22823 1.22823 1.22823 0 2.66667
10 1 1.22671 1.22671 1.22671 0 2.66667
51 1 1.22608 1.22608 1.22608 0 0.666667
106 1 1.22589 1.22589 1.22589 0 3.66667
99 1 1.22586 1.22586 1.22586 0 3.16667
25 1 0.686014 0.686014 0.832407 0.146393 2.5
103 1 0.335074 0.335074 0.335074 0 1
68 1 0.279891 0.279891 0.279891 0 0.5
93 1 1e-08 1e-08 1e-08 0 1.3

63 20 38.1014 22.9045 57.5505 56.2717 0.666667
111 1 47.5672 47.5672 47.5672 0 2.5
71 16 11.3593 11.3593 45.4373 44.7274 2
102 15 35.6754 35.6754 43.3531 40.9747 3
108 5 110.494 0.0244919 35.4022 29.7482 0.666667
105 6 15.8919 15.5962 18.3435 15.7195 2.66667
11 1 18.1956 18.1956 18.1956 0 2.66667
18 1 2.90705 2.90705 5.6431 2.73605 3
6 1 2.4988 2.4988 2.4988 0 3.16667
25 1 1.37203 1.37203 1.37203 0 2.5
45 1 1.24453 1.24453 1.24453 0 2.66667
46 1 1.22823 1.22823 1.22823 0 2.66667
10 1 1.22671 1.22671 1.22671 0 2.66667
51 1 1.22608 1.22608 1.22608 0 0.666667
106 1 1.22589 1.22589 1.22589 0 3.66667
99 1 1.22586 1.22586 1.22586 0 3.16667
107 1 0.339239 0.339239 0.339239 0 3
103 1 0.335074 0.335074 0.335074 0 1
68 1 0.0399844 0.0399844 0.0521423 0.0121579 0.666667
110 1 0.000872204 0.000872204 0.000872211 6.66667e-09 0.666667
93 1 1e-08 1e-08 1e-08 0 1.3
109 1 5e-09 5e-09 1e-08 5e-09 0.666667
112 1 1e-08 1e-08 1e-08 0 3.16667

63 25 49.3277 29.6532 56.3543 54.9451 0.666667
71 19 16.4323 16.4323 44.1284 43.2635 2.5
111 19 25.8222 25.8222 43.5464 42.1873 2.5
102 5 47.5672 1e-08 38.0538 30.6799 3
105 7 18.5406 18.1956 18.3435 15.723 2.66667
18 1 8.72115 8.72115 8.72115 0 3
6 1 2.4988 2.4988 2.4988 0 3.16667
25 1 1.37203 1.37203 1.37203 0 2.5
45 1 1.24453 1.24453 1.24453 0 2.66667
46 1 1.22823 1.22823 1.22823 0 2.66667
10 1 1.22671 1.22671 1.22671 0 2.66667
51 1 1.22608 1.22608 1.22608 0 0.666667
99 1 1.22586 1.22586 1.22586 0 3.16667
116 1 0.227112 0.227112 0.454223 0.227112 2.5
106 1 0.40863 0.40863 0.450774 0.0421437 3.66667
107 1 0.16962 0.16962 0.339239 0.16962 3
113 1 0.279891 0.279891 0.279891 0 0.5
103 1 0.167537 0.167537 0.220172 0.0526346 1
93 1 1e-08 1e-08 1e-08 0 1.3
114 1 1e-08 1e-08 1e-08 0 2.66667
115 1 1e-08 1e-08 1e-08 0 2.66667
117 1 1e-08 1e-08 1e-08 0 1.16667

63 25 54.1638 39.3783 73.546 71.8718 0.666667
111 16 33.0902 33.0902 47.5672 45.4991 2.5
71 15 25.4824 25.4824 44.1696 42.4707 2.5
102 14 13.8738 13.8738 42.6123 41.6213 3.66667
118 4 110.494 0.044691 27.6603 23.9439 1.3
105 6 18.5406 18.1956 18.3681 15.3068 2.66667
119 1 18.1956 18.1956 18.1956 0 2.66667
18 1 8.72115 8.72115 8.72115 0 3
25 1 1.37203 1.37203 1.37203 0 2.5
6 1 1.2494 1.2494 1.28101 0.0316078 3.16667
45 1 1.24453 1.24453 1.24453 0 2.66667
46 1 1.22823 1.22823 1.22823 0 2.66667
10 1 1.22671 1.22671 1.22671 0 2.66667
51 1 1.22608 1.22608 1.22608 0 0.666667
106 1 1.22589 1.22589 1.22589 0 3.66667
99 1 1.22586 1.22586 1.22586 0 3.16667
116 1 0.454223 0.454223 0.454223 0 2.5
107 1 0.339239 0.339239 0.339239 0 3
103 1 0.335074 0.335074 0.335074 0 1
113 1 0.208972 0.208972 0.278945 0.0699726 0.666667
122 1 0.0304247 0.0304247 0.0304247 0 0.8
114 1 0.00285446 0.00285446 0.00285446 6.66667e-09 1.16667
93 1 1e-08 1e-08 1e-08 0 1.3
115 1 1e-08 1e-08 1e-08 0 2.66667
117 1 1e-08 1e-08 1e-08 0 1.16667
120 1 1e-08 1e-08 1e-08 0 3.16667
121 1 3.33333e-09 3.33333e-09 1e-08 6.66667e-09 0.666667

63 25 40.0341 29.1057 65.9813 64.6391 0.666667
102 18 32.9311 32.9311 47.5672 45.7377 3
71 17 38.5068 38.5068 43.7296 41.4645 2
111 16 13.5906 13.5906 43.3596 42.5101 2.5
105 7 18.5406 18.1956 18.3435 15.723 2.66667
130 1 16.2895 16.2895 16.2895 0 3.3
18 1 8.72115 8.72115 8.72115 0 3
6 1 2.4988 2.4988 2.4988 0 3.16667
25 1 1.37203 1.37203 1.37203 0 2.5
45 1 1.24453 1.24453 1.24453 0 2.66667
46 1 1.22823 1.22823 1.22823 0 2.66667
10 1 1.22671 1.22671 1.22671 0 2.66667
51 1 1.22608 1.22608 1.22608 0 0.666667
99 1 1.22586 1.22586 1.22586 0 3.16667
126 1 0.835888 0.835888 0.835888 0 0.5
106 1 0.612945 0.612945 0.644553 0.0316078 3
116 1 0.454223 0.454223 0.454223 0 2.5
107 1 0.339239 0.339239 0.339239 0 3
103 1 0.335074 0.335074 0.335074 0 1
93 1 1e-08 1e-08 1e-08 0 1.3
115 1 1e-08 1e-08 1e-08 0 2.66667
117 1 1e-08 1e-08 1e-08 0 1.16667
120 1 1e-08 1e-08 1e-08 0 3.16667

63 25 43.1617 31.3795 73.057 71.4226 0.666667
111 16 40.0566 40.0566 47.5672 45.0637 2.5
102 15 14.3124 10.193 44.5428 43.845 3
71 15 37.5531 37.5531 42.6056 40.1021 2.5
105 6 18.5406 18.1956 18.3681 15.3068 2.66667
131 1 18.1956 18.1956 18.1956 0 2.66667
130 1 16.2895 16.2895 16.2895 0 3.3
18 1 8.72115 8.72115 8.72115 0 3
6 1 2.4988 2.4988 2.4988 0 3.16667
25 1 1.37203 1.37203 1.37203 0 2.5
45 1 1.24453 1.24453 1.24453 0 2.66667
46 1 1.22823 1.22823 1.22823 0 2.66667
10 1 1.22671 1.22671 1.22671 0 2.66667
106 1 1.22589 1.22589 1.22589 0 3.66667
99 1 1.22586 1.22586 1.22586 0 3.16667
126 1 0.835888 0.835888 0.835888 0 0.5
51 1 0.61304 0.61304 0.636476 0.0234363 0
116 1 0.454223 0.454223 0.454223 0 2.5
107 1 0.11308 0.11308 0.339239 0.22616 3
103 1 0.335074 0.335074 0.335074 0 1
93 1 1e-08 1e-08 1e-08 0 1.3
115 1 1e-08 1e-08 1e-08 0 2.66667
117 1 1e-08 1e-08 1e-08 0 1.16667
120 1 1e-08 1e-08 1e-08 0 3.16667
132 1 1e-08 1e-08 1e-08 0 3.16667

63 29 68.9103 53.4055 77.8601 76.0002 0.666667
111 17 22.2638 15.8557 45.1668 44.212 2.5
71 16 19.5148 19.5148 43.9503 42.7306 2.5
102 16 44.7691 10.9975 42.6584 39.9955 2.5
105 6 15.8919 15.5962 18.3435 15.7195 2.66667
130 1 16.2895 16.2895 16.2895 0 3.3
18 1 8.72115 8.72115 8.72115 0 3
6 1 2.4988 2.4988 2.4988 0 3.16667
45 1 1.24453 1.24453 1.24453 0 2.66667
46 1 1.22823 1.22823 1.22823 0 2.66667
10 1 1.22671 1.22671 1.22671 0 2.66667
106 1 1.22589 1.22589 1.22589 0 3.66667
99 1 1.22586 1.22586 1.22586 0 3.16667
126 1 0.835888 0.835888 0.835888 0 0.5
25 1 0.686014 0.686014 0.802983 0.116969 2.5
51 1 0.408693 0.408693 0.520385 0.111691 0.8
116 1 0.454223 0.454223 0.454223 0 2.5
107 1 0.339239 0.339239 0.339239 0 3
133 1 0.0286208 0.0286208 0.0286208 0 1.16667
93 1 1e-08 1e-08 1e-08 0 1.3
115 1 1e-08 1e-08 1e-08 0 2.66667
117 1 1e-08 1e-08 1e-08 0 1.16667

63 32 74.7925 57.9641 89.0366 87.1925 1.16667
111 16 24.8526 17.6994 45.5765 44.4146 2.5
71 15 17.4026 17.4026 44.1614 43.0013 2.5
102 15 32.4322 32.4322 43.774 41.6119 3
105 6 18.5406 18.1956 18.3681 15.3068 2.66667
130 1 16.2895 16.2895 16.2895 0 3.3
18 1 8.72115 8.72115 8.72115 0 3
6 1 2.4988 2.4988 2.4988 0 3.16667
45 1 1.24453 1.24453 1.24453 0 2.66667
46 1 1.22823 1.22823 1.22823 0 2.66667
10 1 1.22671 1.22671 1.22671 0 2.66667
135 1 1.22608 1.22608 1.22608 0 0.666667
106 1 1.22589 1.22589 1.22589 0 3.66667
99 1 1.22586 1.22586 1.22586 0 3.16667
126 1 0.417944 0.417944 0.835888 0.417944 0.5
25 1 0.457343 0.457343 0.657113 0.19977 2.5
107 1 0.16962 0.16962 0.308242 0.138622 3
116 1 0.113556 0.113556 0.233917 0.120361 2.5
133 1 0.0286208 0.0286208 0.0286208 0 1.16667
93 1 1e-08 1e-08 1e-08 0 1.3
115 1 1e-08 1e-08 1e-08 0 2.66667
117 1 1e-08 1e-08 1e-08 0 1.16667

63 32 53.6746 41.5978 83.8411 82.4823 1.16667
71 17 22.4623 22.4623 46.2459 44.9246 2.5
111 16 29.685 21.141 43.8851 42.4642 2.5
102 15 37.5531 37.5531 40.0934 37.5899 3
105 6 18.5406 18.1956 18.3681 15.3068 2.66667
18 1 8.72115 8.72115 8.72115 0 3
130 2 16.2895 0.301994 8.29574 5.76019 3.3
6 1 2.4988 2.4988 2.4988 0 3.16667
45 1 1.24453 1.24453 1.24453 0 2.66667
46 1 1.22823 1.22823 1.22823 0 2.66667
10 1 1.22671 1.22671 1.22671 0 2.66667
135 1 1.22608 1.22608 1.22608 0 0.666667
106 1 1.22589 1.22589 1.22589 0 3.66667
99 1 1.22586 1.22586 1.22586 0 3.16667
126 1 0.835888 0.835888 0.835888 0 0.5
25 1 0.686014 0.686014 0.802983 0.116969 2.5
116 1 0.454223 0.454223 0.454223 0 2.5
107 1 0.339239 0.339239 0.339239 0 3
93 1 1e-08 1e-08 1e-08 0 1.3

63 33 62.7322 48.6174 91.1935 89.5908 1.16667
111 18 42.9373 30.5789 49.9878 48.0612 2.5
71 16 14.094 14.094 44.9271 44.0462 2
102 16 47.5672 1e-08 44.5943 41.8133 3
105 6 18.5406 18.1956 18.3681 15.3068 2.66667
18 1 8.72115 8.72115 8.72115 0 3
130 2 10.8597 0.201329 5.63116 3.91324 2.5
6 1 2.4988 2.4988 2.4988 0 3.16667
46 1 1.22823 1.22823 1.22823 0 2.66667
10 1 1.22671 1.22671 1.22671 0 2.66667
106 1 1.22589 1.22589 1.22589 0 3.66667
99 1 1.22586 1.22586 1.22586 0 3.16667
126 1 0.835888 0.835888 0.835888 0 0.5
135 1 0.61304 0.61304 0.636476 0.0234363 0
25 1 0.343007 0.343007 0.529549 0.186542 2
45 1 0.414844 0.414844 0.456987 0.0421437 2.5

63 34 64.6332 50.0906 90.9798 89.3181 1.16667
111 19 23.9441 17.0524 51.0223 49.8961 2.5
71 16 17.2972 17.2972 43.2634 42.1823 3
102 6 47.5672 1e-08 32.0049 26.9219 3.16667
105 6 18.5406 18.1956 18.3681 15.3068 2.66667
18 1 8.72115 8.72115 8.72115 0 3
130 2 10.8597 0.914685 5.98784 3.93051 2.5
6 1 2.4988 2.4988 2.4988 0 3.16667
46 1 1.22823 1.22823 1.22823 0 2.66667
135 1 1.22608 1.22608 1.22608 0 0.666667
106 1 1.22589 1.22589 1.22589 0 3.66667
99 1 1.22586 1.22586 1.22586 0 3.16667
126 1 0.835888 0.835888 0.835888 0 0.5
10 1 0.613353 0.613353 0.644961 0.0316078 2.66667
45 1 0.622265 0.622265 0.622265 5e-09 3.16667
25 1 0.233937 0.233937 0.233937 0 2.5
140 1 1e-08 1e-08 1e-08 0 2.66667
141 1 1e-08 1e-08 1e-08 0 3.16667

63 33 52.2768 40.5145 99.4468 97.8951 1.16667
111 19 30.9521 30.9521 58.6241 56.995 2.5
142 9 47.5672 47.5672 47.5672 42.282 2.5
71 14 22.9635 22.9635 44.3474 42.7072 3
143 1 16.2895 16.2895 16.2895 0 3.3
105 5 13.2433 12.9969 15.7531 13.1242 2.66667
18 1 4.36057 4.36057 4.52746 0.166891 3
6 1 2.4988 2.4988 2.4988 0 3.16667
144 1 1.24453 1.24453 1.24453 0 2.66667
46 1 1.22823 1.22823 1.22823 0 2.66667
10 1 1.22671 1.22671 1.22671 0 2.66667
135 1 1.22608 1.22608 1.22608 0 0.666667
106 1 1.22589 1.22589 1.22589 0 3.66667
99 1 1.22586 1.22586 1.22586 0 3.16667
147 1 1.22518 1.22518 1.22518 0 3.16667
126 1 0.835888 0.835888 0.835888 0 0.5
130 1 0.686014 0.686014 0.802983 0.116969 2.5
145 1 0.045823 0.045823 0.045823 0 0.5
146 1 0.040492 0.040492 0.040492 0 2.5
141 1 1e-08 1e-08 1e-08 0 3.16667
140 1 1e-08 1e-08 1e-08 0 2.66667
148 1 1e-08 1e-08 1e-08 0 1.16667

63 42 75.1209 73.9268 112.651 110.89 1.16667
111 23 28.9849 28.9849 61.768 60.5078 2.5
142 15 21.6215 21.6215 41.8061 40.3647 2
105 5 18.5406 18.1956 18.4026 14.7221 2.66667
143 1 16.2895 16.2895 16.2895 0 3.3
18 1 4.36057 4.36057 4.52746 0.166891 2.5
6 1 2.4988 2.4988 2.4988 0 3.16667
130 1 1.37203 1.37203 1.37203 0 2.5
144 1 1.24453 1.24453 1.24453 0 2.66667
46 1 1.22823 1.22823 1.22823 0 2.66667
135 1 1.22608 1.22608 1.22608 0 0.666667
106 1 1.22589 1.22589 1.22589 0 3.66667
99 1 1.22586 1.22586 1.22586 0 3.16667
147 1 1.22518 1.22518 1.22518 0 3.16667
126 1 0.835888 0.835888 0.835888 0 0.5
10 1 0.408902 0.408902 0.451046 0.0421437 2.5
148 1 0.118166 0.118166 0.118166 5e-09 0.8
145 1 0.045823 0.045823 0.045823 0 0.5
146 1 0.040492 0.040492 0.040492 0 2.5
141 1 5e-09 5e-09 1e-08 5e-09 3.16667

63 42 59.6548 58.7066 118.979 117.58 1.3
111 19 21.5091 21.5091 55.588 54.456 2.5
142 17 47.5672 47.5672 47.5672 44.7691 2.5
105 5 18.5406 18.1956 18.4026 14.7221 2.66667
143 1 16.2895 16.2895 16.2895 0 3.3
18 1 8.72115 8.72115 8.72115 0 3
6 1 2.4988 2.4988 2.4988 0 3.16667
130 1 1.37203 1.37203 1.37203 0 2.5
144 1 1.24453 1.24453 1.24453 0 2.66667
46 1 1.22823 1.22823 1.22823 0 2.66667
10 1 1.22671 1.22671 1.22671 0 2.66667
135 1 1.22608 1.22608 1.22608 0 0.666667
106 1 1.22589 1.22589 1.22589 0 3.66667
99 1 1.22586 1.22586 1.22586 0 3.16667
147 1 1.22518 1.22518 1.22518 0 3.16667
126 1 0.835888 0.835888 0.835888 0 0.5
152 1 0.277245 0.277245 0.277245 0 2.5
148 1 0.236331 0.236331 0.236331 0 0.8
145 1 0.045823 0.045823 0.045823 0 0.5
146 1 0.040492 0.040492 0.040492 0 2.5
141 1 1e-08 1e-08 1e-08 0 3.16667
153 1 1e-08 1e-08 1e-08 0 3.16667

63 45 74.0843 72.9067 125.365 123.744 1.16667
111 20 26.7165 26.7165 56.3179 54.9821 2.5
142 16 31.7115 31.7115 45.5852 43.6033 2.5
105 5 18.5406 18.1956 18.4026 14.7221 2.66667
18 1 8.72115 8.72115 8.72115 0 3
143 1 5.42983 5.42983 5.42983 6.66667e-09 3.16667
6 1 2.4988 2.4988 2.4988 0 3.16667
130 1 1.37203 1.37203 1.37203 0 2.5
144 1 1.24453 1.24453 1.24453 0 2.66667
46 1 1.22823 1.22823 1.22823 0 2.66667
10 1 1.22671 1.22671 1.22671 0 2.66667
135 1 1.22608 1.22608 1.22608 0 0.666667
106 1 1.22589 1.22589 1.22589 0 3.66667
99 1 1.22586 1.22586 1.22586 0 3.16667
147 1 1.22518 1.22518 1.22518 0 3.16667
156 1 1.22466 1.22466 1.22466 0 3.16667
126 1 0.835888 0.835888 0.835888 0 0.5
152 1 0.277245 0.277245 0.277245 0 2.5
148 1 0.118166 0.118166 0.118166 5e-09 1.16667

63 42 52.4551 51.6213 112.932 111.701 1.16667
111 22 33.3957 33.3957 59.2345 57.7166 2.5
142 16 47.5672 47.5672 47.5672 44.5943 2.5
105 5 18.5406 18.1956 18.4026 14.7221 2.66667
143 2 16.2895 1e-08 8.14475 5.75921 3.3
18 1 4.36057 4.36057 4.52746 0.166891 3
6 1 2.4988 2.4988 2.4988 0 3.16667
130 1 1.37203 1.37203 1.37203 0 2.5
144 1 1.24453 1.24453 1.24453 0 2.66667
46 1 1.22823 1.22823 1.22823 0 2.66667
10 1 1.22671 1.22671 1.22671 0 2.66667
135 1 1.22608 1.22608 1.22608 0 0.666667
106 1 1.22589 1.22589 1.22589 0 3.66667
99 1 1.22586 1.22586 1.22586 0 3.16667
147 1 1.22518 1.22518 1.22518 0 3.16667
156 1 1.22466 1.22466 1.22466 0 3.16667
126 1 0.835888 0.835888 0.835888 0 0.5
152 1 0.277245 0.277245 0.277245 0 2.5
148 1 0.118166 0.118166 0.118166 5e-09 1.16667

63 43 61.6799 60.6995 122.104 120.687 1.16667
111 21 28.6248 28.6248 60.1262 58.7631 2.5
142 14 35.0495 35.0495 40.086 37.5825 2.5
105 5 18.5406 18.1956 18.4026 14.7221 2.66667
143 1 16.2895 16.2895 16.2895 0 3.3
18 1 8.72115 8.72115 8.72115 0 3
6 1 2.4988 2.4988 2.4988 0 3.16667
130 1 1.37203 1.37203 1.37203 0 2.5
144 1 1.24453 1.24453 1.24453 0 2.66667
46 1 1.22823 1.22823 1.22823 0 2.66667
135 1 1.22608 1.22608 1.22608 0 0.666667
106 1 1.22589 1.22589 1.22589 0 3.66667
99 1 1.22586 1.22586 1.22586 0 3.16667
147 1 1.22518 1.22518 1.22518 0 3.16667
156 1 1.22466 1.22466 1.22466 0 3.16667
126 1 0.835888 0.835888 0.835888 0 0.5
10 1 0.613353 0.613353 0.644961 0.0316078 2.66667
168 1 0.377713 0.377713 0.377713 0 3.3
152 1 0.092415 0.092415 0.277245 0.18483 2.5
162 1 0.236331 0.236331 0.236331 0 0.8
163 1 0.045823 0.045823 0.045823 0 0.5
148 1 5e-09 5e-09 1e-08 5e-09 1.16667

63 42 60.2455 59.2878 118.704 117.285 1.16667
111 22 26.7165 26.7165 62.0021 60.7877 2.5
142 14 47.5672 47.5672 47.5672 44.1695 2.5
105 5 18.5406 18.1956 18.4026 14.7221 2.66667
143 1 16.2895 16.2895 16.2895 0 3.3
18 1 2.90705 2.90705 3.12957 0.222521 2.5
6 1 2.4988 2.4988 2.4988 0 3.16667
130 1 1.37203 1.37203 1.37203 0 2.5
144 1 1.24453 1.24453 1.24453 0 2.66667
46 1 1.22823 1.22823 1.22823 0 2.66667
10 1 1.22671 1.22671 1.22671 0 2.66667
135 1 1.22608 1.22608 1.22608 0 0.666667
106 1 1.22589 1.22589 1.22589 0 3.66667
99 1 1.22586 1.22586 1.22586 0 3.16667
147 1 1.22518 1.22518 1.22518 0 3.16667
156 1 1.22466 1.22466 1.22466 0 3.16667
126 1 0.835888 0.835888 0.835888 0 0.5
168 1 0.377713 0.377713 0.377713 0 3.3
152 1 0.138622 0.138622 0.277245 0.138622 2.5
162 1 0.236331 0.236331 0.236331 0 0.8
163 1 0.0229115 0.0229115 0.045823 0.0229115 0.5
148 1 0.0183923 0.0183923 0.0183923 5e-09 3.16667

63 40 56.2625 55.3682 109.867 108.469 1.16667
111 21 28.0524 28.0524 60.1198 58.7839 2.5
142 16 42.282 42.282 44.9384 42.2958 2.5
105 5 18.5406 18.1956 18.4026 14.7221 2.66667
143 1 16.2895 16.2895 16.2895 0 3.3
18 1 8.72115 8.72115 8.72115 0 3
6 1 2.4988 2.4988 2.4988 0 3.16667
130 1 1.37203 1.37203 1.37203 0 2.5
144 1 1.24453 1.24453 1.24453 0 2.66667
46 1 1.22823 1.22823 1.22823 0 2.66667
10 1 1.22671 1.22671 1.22671 0 2.66667
135 1 1.22608 1.22608 1.22608 0 0.666667
106 1 1.22589 1.22589 1.22589 0 3.66667
99 1 1.22586 1.22586 1.22586 0 3.16667
147 1 1.22518 1.22518 1.22518 0 3.16667
156 1 1.22466 1.22466 1.22466 0 3.16667
126 1 0.835888 0.835888 0.835888 0 0.5
152 1 0.138622 0.138622 0.277245 0.138622 2.5
162 1 0.236331 0.236331 0.236331 0 0.8
168 1 0.188857 0.188857 0.188857 5e-09 3.16667
163 1 0.0229115 0.0229115 0.045823 0.0229115 0.5
148 1 0.0367845 0.0367845 0.0367845 0 3.16667
172 1 1e-08 1e-08 1e-08 0 1.16667

63 40 62.3123 62.0097 107.907 106.35 1.16667
111 22 26.7165 26.7165 59.6469 58.4325 2.5
142 17 33.6934 33.6934 45.5978 43.6158 2.5
143 1 16.2895 16.2895 16.2895 0 3.3
105 5 15.4505 15.163 15.346 12.279 2.66667
18 1 4.36057 4.36057 4.52746 0.166891 2.5
6 1 2.4988 2.4988 2.4988 0 3.16667
130 1 1.37203 1.37203 1.37203 0 2.5
144 1 1.24453 1.24453 1.24453 0 2.66667
46 1 1.22823 1.22823 1.22823 0 2.66667
135 1 1.22608 1.22608 1.22608 0 0.666667
106 1 1.22589 1.22589 1.22589 0 3.66667
99 1 1.22586 1.22586 1.22586 0 3.16667
147 1 1.22518 1.22518 1.22518 0 3.16667
156 1 1.22466 1.22466 1.22466 0 3.16667
126 1 0.835888 0.835888 0.835888 0 0.5
10 1 0.613353 0.613353 0.644961 0.0316078 2.5
168 1 0.377713 0.377713 0.377713 0 3.3
152 1 0.277245 0.277245 0.277245 0 2.5
162 1 0.236331 0.236331 0.236331 0 0.8
163 1 0.045823 0.045823 0.045823 0 0.5

63 42 59.0219 57.9504 121.289 119.909 1.16667
111 20 27.8297 27.8297 58.4773 57.0859 2.5
142 16 33.0902 33.0902 45.5191 43.451 2.5
143 1 16.2895 16.2895 16.2895 0 3.3
105 5 15.4505 15.163 15.346 12.279 2.66667
18 1 8.72115 8.72115 8.72115 0 3
6 1 2.4988 2.4988 2.4988 0 3.16667
178 1 1.43647 1.43647 1.43647 0 3.16667
130 1 1.37203 1.37203 1.37203 0 2.5
144 1 1.24453 1.24453 1.24453 0 2.66667
46 1 1.22823 1.22823 1.22823 0 2.66667
10 1 1.22671 1.22671 1.22671 0 2.66667
135 1 1.22608 1.22608 1.22608 0 0.666667
106 1 1.22589 1.22589 1.22589 0 3.66667
99 1 1.22586 1.22586 1.22586 0 3.16667
147 1 1.22518 1.22518 1.22518 0 3.16667
156 1 1.22466 1.22466 1.22466 0 3.16667
126 1 0.835888 0.835888 0.835888 0 0.5
168 1 0.377713 0.377713 0.377713 0 3.3
152 1 0.277245 0.277245 0.277245 0 2.5
162 1 0.236331 0.236331 0.236331 0 0.8
163 1 0.0229115 0.0229115 0.045823 0.0229115 0.5

63 38 50.9734 50.0481 106.127 104.809 1.3
111 22 29.9879 29.9879 61.0345 59.6715 2.5
142 16 47.5672 47.5672 47.5672 44.5943 2.5
105 5 18.5406 18.1956 18.4026 14.7221 2.66667
143 1 16.2895 16.2895 16.2895 0 3.3
18 1 8.72115 8.72115 8.72115 0 3
6 1 2.4988 2.4988 2.4988 0 3.16667
178 1 1.43647 1.43647 1.43647 0 3.16667
130 1 1.37203 1.37203 1.37203 0 2.5
181 1 1.36819 1.36819 1.36819 0 3.16667
144 1 1.24453 1.24453 1.24453 0 2.66667
46 1 1.22823 1.22823 1.22823 0 2.66667
10 1 1.22671 1.22671 1.22671 0 2.66667
135 1 1.22608 1.22608 1.22608 0 0.666667
106 1 1.22589 1.22589 1.22589 0 3.66667
99 1 1.22586 1.22586 1.22586 0 3.16667
147 1 1.22518 1.22518 1.22518 0 3.16667
156 1 1.22466 1.22466 1.22466 0 3.16667
126 1 0.835888 0.835888 0.835888 0 0.5
168 1 0.377713 0.377713 0.377713 0 3.3
152 1 0.277245 0.277245 0.277245 0 2.5
162 1 0.236331 0.236331 0.236331 0 0.8
179 1 0.051036 0.051036 0.051036 0 1.3
163 1 0.045823 0.045823 0.045823 0 0.5

63 44 83.236 81.7249 126.126 124.268 1.16667
111 20 26.1927 26.1927 57.7003 56.3907 2.5
142 15 23.0164 23.0164 44.5153 42.9809 2.5
105 5 18.5406 18.1956 18.4026 14.7221 2.66667
18 1 8.72115 8.72115 8.72115 0 3
143 2 16.2895 1e-08 8.14475 5.75921 3.16667
6 1 2.4988 2.4988 2.4988 0 3.16667
130 1 1.37203 1.37203 1.37203 0 2.5
181 1 1.36819 1.36819 1.36819 0 3.16667
144 1 1.24453 1.24453 1.24453 0 2.66667
46 1 1.22823 1.22823 1.22823 0 2.66667
135 1 1.22608 1.22608 1.22608 0 0.666667
106 1 1.22589 1.22589 1.22589 0 3.66667
99 1 1.22586 1.22586 1.22586 0 3.16667
147 1 1.22518 1.22518 1.22518 0 3.16667
156 1 1.22466 1.22466 1.22466 0 3.16667
162 1 1.02658 1.02658 1.10845 0.0818684 1.16667
178 1 0.478825 0.478825 0.957649 0.478825 3.16667
126 1 0.835888 0.835888 0.835888 0 0.5
10 1 0.613353 0.613353 0.644961 0.0316078 2.5

63 40 51.3234 50.3917 108.571 107.311 1.16667
111 23 34.1378 34.1378 62.3436 60.8593 2.5
142 15 47.5672 47.5672 47.5672 44.3961 2.5
105 5 18.5406 18.1956 18.4026 14.7221 2.66667
18 1 8.72115 8.72115 8.72115 0 3
143 2 10.8597 0.957649 6.36472 4.21413 3.16667
6 1 2.4988 2.4988 2.4988 0 3.16667
130 1 1.37203 1.37203 1.37203 0 2.5
144 1 1.24453 1.24453 1.24453 0 2.66667
46 1 1.22823 1.22823 1.22823 0 2.66667
10 1 1.22671 1.22671 1.22671 0 2.66667
135 1 1.22608 1.22608 1.22608 0 0.666667
106 1 1.22589 1.22589 1.22589 0 3.66667
99 1 1.22586 1.22586 1.22586 0 3.16667
147 1 1.22518 1.22518 1.22518 0 3.16667
156 1 1.22466 1.22466 1.22466 0 3.16667
126 1 0.835888 0.835888 0.835888 0 0.5
186 1 0.0137624 0.0137624 0.0137625 5e-09 1.16667
187 1 1e-08 1e-08 1e-08 0 3.16667
188 1 1e-08 1e-08 1e-08 0 3.16667
189 1 1e-08 1e-08 1e-08 0 3.16667

63 42 65.4279 65.4279 117.465 115.907 1.16667
111 21 25.5021 25.5021 59.666 58.4516 3.16667
142 17 44.9246 44.9246 47.5672 44.9246 2.5
191 1 16.2895 16.2895 16.2895 0 3.3
105 5 15.4505 15.163 15.346 12.279 2.66667
18 1 2.90705 2.90705 3.01831 0.111261 2.5
6 1 2.4988 2.4988 2.4988 0 3.16667
193 1 2.07001 2.07001 2.07001 0 3.16667
130 1 1.37203 1.37203 1.37203 0 2.5
144 1 1.24453 1.24453 1.24453 0 2.66667
46 1 1.22823 1.22823 1.22823 0 2.66667
10 1 1.22671 1.22671 1.22671 0 2.66667
135 1 1.22608 1.22608 1.22608 0 0.666667
106 1 1.22589 1.22589 1.22589 0 3.66667
99 1 1.22586 1.22586 1.22586 0 3.16667
147 1 1.22518 1.22518 1.22518 0 3.16667
156 1 1.22466 1.22466 1.22466 0 3.16667
126 1 0.835888 0.835888 0.835888 0 0.5
143 1 0.718237 0.718237 0.72261 0.0043731 3.16667
192 1 0.277245 0.277245 0.277245 0 2.5

202 1 144.876 144.876 144.876 0 1.16667
63 28 40.1636 40.1636 117.84 116.406 1.16667
111 14 20.7795 20.7795 61.0108 59.5266 2.5
142 9 18.6133 18.6133 41.3628 39.2946 2.5
105 4 14.8325 14.5565 18.4026 14.7118 2.66667
18 1 8.72115 8.72115 8.72115 0 3
191 1 8.14475 8.14475 8.14475 5e-09 3.16667
6 1 2.4988 2.4988 2.4988 0 3.16667
205 1 1.63375 1.63375 1.63375 0 3.66667
143 1 1.43647 1.43647 1.43647 0 3.16667
130 1 1.37203 1.37203 1.37203 0 2.5
144 1 1.24453 1.24453 1.24453 0 2.66667
46 1 1.22823 1.22823 1.22823 0 2.66667
10 1 1.22671 1.22671 1.22671 0 2.66667
135 1 1.22608 1.22608 1.22608 0 0.666667
106 1 1.22589 1.22589 1.22589 0 3.66667
99 1 1.22586 1.22586 1.22586 0 3.16667
147 1 1.22518 1.22518 1.22518 0 3.16667
156 1 1.22466 1.22466 1.22466 0 3.16667
193 1 1.03501 1.03501 1.04374 0.00873395 3.16667
126 1 0.835888 0.835888 0.835888 0 0.5
192 1 0.277245 0.277245 0.277245 0 2.5
206 1 0.0819805 0.0819805 0.0819805 0 3.16667
199 1 0.0434286 0.0434286 0.0434286 0 1.16667
201 1 0.00693703 0.00693703 0.00693703 0 1.16667
198 1 1e-08 1e-08 1e-08 0 3.16667
200 1 1e-08 1e-08 1e-08 0 3.16667
203 1 1e-08 1e-08 1e-08 0 3.16667
204 1 1e-08 1e-08 1e-08 0 1.3

202 32 49.8498 49.8498 112.827 111.269 1.16667
63 23 111.072 0.0399721 82.547 78.9858 1.16667
111 14 46.7539 46.7539 50.1997 46.8601 2.5
142 9 47.5672 47.5672 47.5672 42.282 2.5
105 4 18.5406 18.1956 18.4543 13.8408 2.66667
18 1 8.72115 8.72115 8.72115 0 3
191 2 16.2895 1e-08 8.14475 5.75921 3.3
6 1 2.4988 2.4988 2.4988 0 3.16667
193 1 2.07001 2.07001 2.07001 0 3.16667
143 1 1.43647 1.43647 1.43647 0 3.16667
130 1 1.37203 1.37203 1.37203 0 2.5
144 1 1.24453 1.24453 1.24453 0 2.66667
209 1 1.23514 1.23514 1.23514 0 3.16667
46 1 1.22823 1.22823 1.22823 0 2.66667
10 1 1.22671 1.22671 1.22671 0 2.66667
135 1 1.22608 1.22608 1.22608 0 0.666667
106 1 1.22589 1.22589 1.22589 0 3.66667
99 1 1.22586 1.22586 1.22586 0 3.16667
147 1 1.22518 1.22518 1.22518 0 3.16667
156 1 1.22466 1.22466 1.22466 0 3.16667
126 1 0.835888 0.835888 0.835888 0 0.5
207 1 0.803612 0.803612 0.803612 0 1.16667
192 1 0.277245 0.277245 0.277245 0 2.5

202 38 49.5972 49.5972 117.218 115.913 1.16667
111 20 38.1665 38.1665 61.0708 59.1624 2.5
142 14 27.7475 27.7475 45.5852 43.6033 2.5
105 4 18.5406 18.1956 18.4543 13.8408 2.66667
191 1 16.2895 16.2895 16.2895 0 3.3
211 3 35.9075 1e-08 16.1963 11.8807 1.16667
18 1 8.72115 8.72115 8.72115 0 3
6 1 2.4988 2.4988 2.4988 0 3.16667
193 1 2.07001 2.07001 2.07001 0 3.16667
143 1 1.43647 1.43647 1.43647 0 3.16667
130 1 1.37203 1.37203 1.37203 0 2.5
144 1 1.24453 1.24453 1.24453 0 2.66667
46 1 1.22823 1.22823 1.22823 0 2.66667
10 1 1.22671 1.22671 1.22671 0 2.66667
135 1 1.22608 1.22608 1.22608 0 0.666667
106 1 1.22589 1.22589 1.22589 0 3.66667
99 1 1.22586 1.22586 1.22586 0 3.16667
147 1 1.22518 1.22518 1.22518 0 3.16667
156 1 1.22466 1.22466 1.22466 0 3.16667
63 1 0.515954 0.515954 0.91776 0.401806 1.16667
126 1 0.835888 0.835888 0.835888 0 0.5
212 1 0.760013 0.760013 0.760013 5e-09 3.16667
209 1 0.617568 0.617568 0.649175 0.0316078 3.16667
192 1 0.277245 0.277245 0.277245 0 2.5
210 1 0.0822185 0.0822185 0.0822185 0 3.16667
213 1 1e-08 1e-08 1e-08 0 3.16667

202 26 50.9024 50.9024 113.487 111.53 1.16667
211 25 120.73 10.5679 109.482 105.125 1.16667
111 15 23.2993 23.2993 65.238 63.6847 2.5
142 9 20.3859 20.3859 43.2308 40.9656 2.5
215 1 37.0214 37.0214 37.0214 0 1.16667
105 4 18.5406 18.1956 18.4543 13.8408 2.66667
191 1 16.2895 16.2895 16.2895 0 3.3
18 1 8.72115 8.72115 8.72115 0 3
6 1 2.4988 2.4988 2.4988 0 3.16667
193 1 2.07001 2.07001 2.07001 0 3.16667
212 1 1.52003 1.52003 1.52003 0 3.16667
130 1 1.37203 1.37203 1.37203 0 2.5
144 1 1.24453 1.24453 1.24453 0 2.66667
209 1 1.23514 1.23514 1.23514 0 3.16667
46 1 1.22823 1.22823 1.22823 0 2.66667
10 1 1.22671 1.22671 1.22671 0 2.66667
135 1 1.22608 1.22608 1.22608 0 0.666667
106 1 1.22589 1.22589 1.22589 0 3.66667
99 1 1.22586 1.22586 1.22586 0 3.16667
147 1 1.22518 1.22518 1.22518 0 3.16667
156 1 1.22466 1.22466 1.22466 0 3.16667
126 1 0.835888 0.835888 0.835888 0 0.5
143 1 0.718237 0.718237 0.718237 5e-09 3.16667
192 1 0.277245 0.277245 0.277245 0 2.5
210 1 0.0822185 0.0822185 0.0822185 0 3.16667
217 1 0.0737641 0.0737641 0.0737641 0 1.16667
214 1 0.0723386 0.0723386 0.0723386 0 1.3

202 43 53.704 53.704 124.68 123.431 1.16667
111 20 37.1063 37.1063 59.5806 57.7253 2.5
142 11 47.5672 47.5672 47.5672 43.2429 2.5
105 4 18.5406 18.1956 18.4543 13.8408 2.66667
211 2 10.2593 3.62329 6.98831 3.88925 3.16667
191 1 5.42983 5.42983 5.62188 0.19205 2.5
18 1 4.36057 4.36057 4.52746 0.166891 2.5
6 1 2.4988 2.4988 2.4988 0 3.16667
212 1 1.52003 1.52003 1.52003 0 3.16667
130 1 1.37203 1.37203 1.37203 0 2.5
144 1 1.24453 1.24453 1.24453 0 2.66667
209 1 1.23514 1.23514 1.23514 0 3.16667
46 1 1.22823 1.22823 1.22823 0 2.66667
10 1 1.22671 1.22671 1.22671 0 2.66667
135 1 1.22608 1.22608 1.22608 0 0.666667
106 1 1.22589 1.22589 1.22589 0 3.66667
99 1 1.22586 1.22586 1.22586 0 3.16667
147 1 1.22518 1.22518 1.22518 0 3.16667
156 1 1.22466 1.22466 1.22466 0 3.16667
193 1 1.03501 1.03501 1.12548 0.0904724 1.16667
126 1 0.835888 0.835888 0.835888 0 0.5
143 1 0.718237 0.718237 0.759346 0.0411093 3.16667
192 1 0.277245 0.277245 0.277245 0 2.5
217 1 0.0737641 0.0737641 0.0737641 0 1.16667
210 1 0.00833444 0.00833444 0.00833444 0 3.16667
219 1 1e-08 1e-08 1e-08 0 1.16667

202 42 61.4626 61.4626 125.757 124.294 1.16667
221 18 27.9592 27.9592 55.9218 54.3685 2.5
142 14 47.5672 47.5672 47.5672 44.1695 2.5
105 4 18.5406 18.1956 18.4543 13.8408 2.66667
222 4 35.9075 0.0869122 13.0263 10.3772 1.16667
191 2 16.2895 1.37203 8.83076 5.7796 2.5
18 1 8.72115 8.72115 8.72115 0 3
6 1 2.4988 2.4988 2.4988 0 3.16667
223 1 1.43647 1.43647 1.43647 0 3.16667
144 1 1.24453 1.24453 1.24453 0 2.66667
209 1 1.23514 1.23514 1.23514 0 3.16667
46 1 1.22823 1.22823 1.22823 0 2.66667
10 1 1.22671 1.22671 1.22671 0 2.66667
135 1 1.22608 1.22608 1.22608 0 0.666667
106 1 1.22589 1.22589 1.22589 0 3.66667
99 1 1.22586 1.22586 1.22586 0 3.16667
147 1 1.22518 1.22518 1.22518 0 3.16667
156 1 1.22466 1.22466 1.22466 0 3.16667
193 1 1.03501 1.03501 1.04676 0.0117508 1.16667
126 1 0.835888 0.835888 0.835888 0 0.5
111 1 0.506676 0.506676 0.672769 0.166093 3.16667
192 1 0.092415 0.092415 0.277245 0.18483 2.5
224 1 0.0409903 0.0409903 0.0819805 0.0409903 3.16667

202 40 60.365 60.365 121.524 120.015 1.16667
221 19 28.2008 28.2008 59.0616 57.5773 2.5
142 14 27.7475 27.7475 43.6033 41.6213 2.5
105 4 18.5406 18.1956 18.4543 13.8408 2.66667
229 1 16.2895 16.2895 16.2895 0 3.3
222 4 35.9075 0.0869122 13.0263 10.3772 1.16667
18 1 8.72115 8.72115 8.72115 0 3
6 1 2.4988 2.4988 2.4988 0 3.16667
230 1 2.07001 2.07001 2.07001 0 3.16667
111 1 1.52003 1.52003 1.52003 0 3.16667
223 1 1.43647 1.43647 1.43647 0 3.16667
191 1 1.37203 1.37203 1.37203 0 2.5
144 1 1.24453 1.24453 1.24453 0 2.66667
209 1 1.23514 1.23514 1.23514 0 3.16667
46 1 1.22823 1.22823 1.22823 0 2.66667
10 1 1.22671 1.22671 1.22671 0 2.66667
135 1 1.22608 1.22608 1.22608 0 0.666667
106 1 1.22589 1.22589 1.22589 0 3.66667
99 1 1.22586 1.22586 1.22586 0 3.16667
147 1 1.22518 1.22518 1.22518 0 3.16667
156 1 1.22466 1.22466 1.22466 0 3.16667
126 1 0.835888 0.835888 0.835888 0 0.5
192 1 0.277245 0.277245 0.277245 0 2.5
235 1 0.191906 0.191906 0.191906 0 1.16667
233 1 0.0738939 0.0738939 0.147788 0.0738939 2.5

235 25 69.6519 69.6519 121.981 119.195 1.16667
202 22 86.1425 86.1425 104.421 100.506 1.16667
221 12 14.5727 14.5727 60.8108 59.5964 2.5
236 3 144.876 0.00521474 48.8395 39.6557 1.16667
142 9 20.3859 20.3859 45.3021 43.037 2.5
238 4 77.232 0.224631 25.2974 20.5137 0.666667
105 3 13.9054 13.9054 18.4543 13.8192 2.66667
229 1 16.2895 16.2895 16.2895 0 3.3
18 1 8.72115 8.72115 8.72115 0 3
6 1 2.4988 2.4988 2.4988 0 3.16667
111 1 1.52003 1.52003 1.52003 0 3.16667
223 1 1.43647 1.43647 1.43647 0 3.16667
191 1 1.37203 1.37203 1.37203 0 2.5
144 1 1.24453 1.24453 1.24453 0 2.66667
209 1 1.23514 1.23514 1.23514 0 3.16667
46 1 1.22823 1.22823 1.22823 0 2.66667
10 1 1.22671 1.22671 1.22671 0 2.66667
135 1 1.22608 1.22608 1.22608 0 0.666667
106 1 1.22589 1.22589 1.22589 0 3.66667
99 1 1.22586 1.22586 1.22586 0 3.16667
147 1 1.22518 1.22518 1.22518 0 3.16667
156 1 1.22466 1.22466 1.22466 0 3.16667
126 1 0.835888 0.835888 0.835888 0 0.5
239 1 0.702916 0.702916 0.702916 0 3.3
230 1 0.690005 0.690005 0.697683 0.00767836 3.16667
192 1 0.138622 0.138622 0.277245 0.138622 2.5
233 1 0.147788 0.147788 0.147788 0 2.5
240 1 0.00551912 0.00551912 0.00551912 0 1.66667
237 1 1e-08 1e-08 1e-08 0 3.16667

235 27 42.518 42.518 109.554 107.979 1.66667
202 27 105.72 49.6471 107.229 103.391 1.16667
221 15 32.3184 32.3184 62.5341 60.3796 2.5
142 9 47.5672 47.5672 47.5672 42.282 2.5
105 3 18.5406 18.5406 18.5406 12.3604 2.66667
229 1 16.2895 16.2895 16.2895 0 3.3
18 1 8.72115 8.72115 8.72115 0 3
6 1 2.4988 2.4988 2.4988 0 3.16667
230 1 2.07001 2.07001 2.07001 0 3.16667
111 1 1.52003 1.52003 1.52003 0 3.16667
223 1 1.43647 1.43647 1.43647 0 3.16667
191 1 1.37203 1.37203 1.37203 0 2.5
144 1 1.24453 1.24453 1.24453 0 2.66667
209 1 1.23514 1.23514 1.23514 0 3.16667
46 1 1.22823 1.22823 1.22823 0 2.66667
10 1 1.22671 1.22671 1.22671 0 2.66667
135 1 1.22608 1.22608 1.22608 0 0.666667
106 1 1.22589 1.22589 1.22589 0 3.66667
99 1 1.22586 1.22586 1.22586 0 3.16667
147 1 1.22518 1.22518 1.22518 0 3.16667
156 1 1.22466 1.22466 1.22466 0 3.16667
126 1 0.835888 0.835888 0.835888 0 0.5
236 1 0.327466 0.327466 0.717678 0.390212 3.16667
192 1 0.277245 0.277245 0.277245 0 2.5
233 1 0.147788 0.147788 0.147788 0 2.5

235 26 99.1257 99.1257 129.546 125.734 1.16667
202 24 45.1562 45.1562 121.034 119.152 1.16667
243 9 144.876 0.0099252 64.4103 57.8093 1.16667
221 12 25.8547 25.8547 61.2562 59.1017 2.5
142 9 32.9311 32.9311 47.5672 43.9082 2.5
105 3 18.5406 18.5406 18.5406 12.3604 2.66667
229 1 16.2895 16.2895 16.2895 0 3.3
18 1 8.72115 8.72115 8.72115 0 3
6 1 2.4988 2.4988 2.4988 0 3.16667
111 1 1.64003 1.64003 1.64003 0 3.16667
236 1 1.63733 1.63733 1.63733 0 1.16667
223 1 1.43647 1.43647 1.43647 0 3.16667
191 1 1.37203 1.37203 1.37203 0 2.5
144 1 1.24453 1.24453 1.24453 0 2.66667
46 1 1.22823 1.22823 1.22823 0 2.66667
10 1 1.22671 1.22671 1.22671 0 2.66667
135 1 1.22608 1.22608 1.22608 0 0.666667
106 1 1.22589 1.22589 1.22589 0 3.66667
99 1 1.22586 1.22586 1.22586 0 3.16667
147 1 1.22518 1.22518 1.22518 0 3.16667
156 1 1.22466 1.22466 1.22466 0 3.16667
126 1 0.835888 0.835888 0.835888 0 0.5
230 1 0.690005 0.690005 0.69751 0.00750547 3.16667
209 1 0.617568 0.617568 0.649175 0.0316078 2.5

202 29 89.3916 89.3916 120.286 117.203 1.16667
235 26 38.8327 38.8327 107.975 106.481 1.16667
221 15 58.9335 58.9335 62.9008 58.9719 2.5
142 9 47.5672 47.5672 47.5672 42.282 2.5
105 3 18.5406 18.5406 18.5406 12.3604 2.66667
229 1 16.2895 16.2895 16.2895 0 3.3
18 1 8.72115 8.72115 8.72115 0 3
6 1 2.4988 2.4988 2.4988 0 3.16667
111 1 1.52003 1.52003 1.52003 0 3.16667
223 1 1.43647 1.43647 1.43647 0 3.16667
191 1 1.37203 1.37203 1.37203 0 2.5
144 1 1.24453 1.24453 1.24453 0 2.66667
209 1 1.23514 1.23514 1.23514 0 3.16667
46 1 1.22823 1.22823 1.22823 0 2.66667
10 1 1.22671 1.22671 1.22671 0 2.66667
135 1 1.22608 1.22608 1.22608 0 0.666667
106 1 1.22589 1.22589 1.22589 0 3.66667
99 1 1.22586 1.22586 1.22586 0 3.16667
147 1 1.22518 1.22518 1.22518 0 3.16667
156 1 1.22466 1.22466 1.22466 0 3.16667
230 1 1.03501 1.03501 1.14727 0.11226 3.16667
126 1 0.835888 0.835888 0.835888 0 0.5
236 1 0.545777 0.545777 0.545777 6.66667e-09 1.16667
253 1 0.483627 0.483627 0.483627 0 3.3

202 28 57.9504 57.9504 114.25 112.18 1.16667
235 28 66.5005 66.5005 112.992 110.617 1.16667
221 15 32.3184 32.3184 60.435 58.2804 2.5
142 12 47.5672 47.5672 47.5672 43.6033 2.5
105 3 18.5406 18.5406 18.5406 12.3604 2.66667
229 1 16.2895 16.2895 16.2895 0 3.3
18 1 4.36057 4.36057 4.52746 0.166891 3
6 1 2.4988 2.4988 2.4988 0 3.16667
230 1 2.07001 2.07001 2.07001 0 3.16667
111 1 1.52003 1.52003 1.52003 0 3.16667
223 1 1.43647 1.43647 1.43647 0 3.16667
191 1 1.37203 1.37203 1.37203 0 2.5
144 1 1.24453 1.24453 1.24453 0 2.66667
46 1 1.22823 1.22823 1.22823 0 2.66667
10 1 1.22671 1.22671 1.22671 0 2.66667
135 1 1.22608 1.22608 1.22608 0 0.666667
106 1 1.22589 1.22589 1.22589 0 3.66667
99 1 1.22586 1.22586 1.22586 0 3.16667
147 1 1.22518 1.22518 1.22518 0 3.16667
156 1 1.22466 1.22466 1.22466 0 3.16667

235 25 54.0582 54.0582 121.977 119.814 1.16667
202 23 51.2638 51.2638 113.781 111.552 1.16667
257 4 144.876 0.0819805 77.8334 60.7631 1.3
221 12 26.7165 26.7165 62.3386 60.1122 2.5
142 9 35.6754 35.6754 47.5672 43.6033 2.5
105 3 18.5406 18.5406 18.5406 12.3604 2.66667
229 1 16.2895 16.2895 16.2895 0 3.3
18 1 8.72115 8.72115 8.72115 0 3
6 1 2.4988 2.4988 2.4988 0 3.16667
111 1 1.52003 1.52003 1.52003 0 3.16667
223 1 1.43647 1.43647 1.43647 0 3.16667
191 1 1.37203 1.37203 1.37203 0 2.5
230 1 1.03501 1.03501 1.32427 0.289259 3.16667
144 1 1.24453 1.24453 1.24453 0 2.66667
46 1 1.22823 1.22823 1.22823 0 2.66667
10 1 1.22671 1.22671 1.22671 0 2.66667
135 1 1.22608 1.22608 1.22608 0 0.666667
106 1 1.22589 1.22589 1.22589 0 3.66667
99 1 1.22586 1.22586 1.22586 0 3.16667
147 1 1.22518 1.22518 1.22518 0 3.16667
156 1 1.22466 1.22466 1.22466 0 3.16667
260 1 0.277245 0.277245 0.277245 0 2.5
258 1 5e-09 5e-09 1e-08 5e-09 1.16667
259 1 1e-08 1e-08 1e-08 0 1.16667

202 28 112.681 112.681 125.483 121.459 1.16667
235 26 41.3931 41.3931 116.677 115.085 1.16667
221 12 66.7913 66.7913 66.7913 61.2254 2.5
142 9 47.5672 47.5672 47.5672 42.282 2.5
257 6 108.657 12.0285 30.8641 26.3668 1.3
105 3 18.5406 18.5406 18.5406 12.3604 2.66667
18 1 8.72115 8.72115 8.72115 0 3
229 1 8.14475 8.14475 8.14475 5e-09 3.3
6 1 2.4988 2.4988 2.4988 0 3.16667
230 1 2.07001 2.07001 2.07001 0 3.16667
111 1 1.52003 1.52003 1.52003 0 3.16667
223 1 1.43647 1.43647 1.43647 0 3.16667
191 1 1.37203 1.37203 1.37203 0 2.5
144 1 1.24453 1.24453 1.24453 0 2.66667
46 1 1.22823 1.22823 1.22823 0 2.66667
10 1 1.22671 1.22671 1.22671 0 2.66667
135 1 1.22608 1.22608 1.22608 0 0.666667
106 1 1.22589 1.22589 1.22589 0 3.66667
99 1 1.22586 1.22586 1.22586 0 3.16667
147 1 1.22518 1.22518 1.22518 0 3.16667
156 1 1.22466 1.22466 1.22466 0 3.16667
263 1 0.349488 0.349488 0.355949 0.00646124 1.16667
264 1 0.342275 0.342275 0.342275 5e-09 3.3

202 29 47.2068 47.2068 116.275 114.647 1.16667
235 28 109.636 55.077 110.752 106.906 1.16667
221 15 38.5335 38.5335 61.6535 59.0846 2.5
142 10 18.2951 18.2951 42.0955 40.266 2.5
105 3 18.5406 18.5406 18.5406 12.3604 2.66667
229 1 16.2895 16.2895 16.2895 0 3.3
18 1 8.72115 8.72115 8.72115 0 3
6 1 2.4988 2.4988 2.4988 0 3.16667
230 1 2.07001 2.07001 2.07001 0 3.16667
111 1 1.52003 1.52003 1.52003 0 3.16667
223 1 1.43647 1.43647 1.43647 0 3.16667
191 1 1.37203 1.37203 1.37203 0 2.5
144 1 1.24453 1.24453 1.24453 0 2.66667
46 1 1.22823 1.22823 1.22823 0 2.66667
10 1 1.22671 1.22671 1.22671 0 2.66667
135 1 1.22608 1.22608 1.22608 0 0.666667
106 1 1.22589 1.22589 1.22589 0 3.66667
99 1 1.22586 1.22586 1.22586 0 3.16667
147 1 1.22518 1.22518 1.22518 0 3.16667
156 1 1.22466 1.22466 1.22466 0 3.16667
264 1 0.68455 0.68455 0.68455 0 3.3

202 22 46.8717 46.8717 114.866 112.736 1.16667
235 22 41.3931 41.3931 112.243 110.362 1.16667
270 7 144.876 0.327873 96.7779 83.3785 1.16667
221 13 57.8858 57.8858 66.7913 62.3386 2.5
142 9 42.8105 42.8105 47.5672 42.8105 2.5
105 3 18.5406 18.5406 18.5406 12.3604 2.66667
229 1 16.2895 16.2895 16.2895 0 3.3
18 1 8.72115 8.72115 8.72115 0 3
6 1 2.4988 2.4988 2.4988 0 3.16667
230 1 2.07001 2.07001 2.07001 0 3.16667
111 1 1.52003 1.52003 1.52003 0 3.16667
223 1 1.43647 1.43647 1.43647 0 3.16667
191 1 1.37203 1.37203 1.37203 0 2.5
144 1 1.24453 1.24453 1.24453 0 2.66667
46 1 1.22823 1.22823 1.22823 0 2.66667
10 1 1.22671 1.22671 1.22671 0 2.66667
135 1 1.22608 1.22608 1.22608 0 0.666667
106 1 1.22589 1.22589 1.22589 0 3.66667
99 1 1.22586 1.22586 1.22586 0 3.16667
147 1 1.22518 1.22518 1.22518 0 3.16667
156 1 1.22466 1.22466 1.22466 0 3.16667
264 1 0.68455 0.68455 0.68455 0 3.3
271 1 0.419673 0.419673 0.419673 0 1.16667
273 1 0.132107 0.132107 0.132107 0 1.16667
274 1 0.0186019 0.0186019 0.0186019 0 1.16667
272 1 5e-09 5e-09 1e-08 5e-09 3.16667

202 34 39.7241 39.7241 119.77 118.601 1.16667
221 13 66.7913 66.7913 66.7913 61.6535 2.5
235 14 92.1938 0.0840679 52.0003 48.3786 1.16667
142 9 47.5672 47.5672 47.5672 42.282 2.5
105 3 18.5406 18.5406 18.5406 12.3604 2.66667
229 1 16.2895 16.2895 16.2895 0 3.3
18 1 8.72115 8.72115 8.72115 0 3
6 1 2.4988 2.4988 2.4988 0 3.16667
230 1 2.07001 2.07001 2.07001 0 3.16667
277 1 1.9592 1.9592 1.9592 0 1.3
111 1 1.64003 1.64003 1.64003 0 3.16667
223 1 1.43647 1.43647 1.43647 0 3.16667
191 1 1.37203 1.37203 1.37203 0 2.5
144 1 1.24453 1.24453 1.24453 0 2.66667
46 1 1.22823 1.22823 1.22823 0 2.66667
10 1 1.22671 1.22671 1.22671 0 2.66667
135 1 1.22608 1.22608 1.22608 0 0.666667
106 1 1.22589 1.22589 1.22589 0 3.66667
99 1 1.22586 1.22586 1.22586 0 3.16667
147 1 1.22518 1.22518 1.22518 0 3.16667
156 1 1.22466 1.22466 1.22466 0 3.16667
264 1 0.68455 0.68455 0.68455 0 3.3
271 1 0.419673 0.419673 0.419673 0 1.16667
270 1 0.327873 0.327873 0.327873 0 1.16667
278 1 0.170422 0.170422 0.170422 0 1.16667
280 1 0.0426133 0.0426133 0.0426133 0 1.16667
279 1 0.00231279 0.00231279 0.00231279 0 1.16667
274 1 0.00112227 0.00112227 0.00112227 0 1.16667
275 1 1e-08 1e-08 1e-08 0 1.16667
276 1 1e-08 1e-08 1e-08 0 3.16667

202 25 54.0582 54.0582 121.018 118.856 1.16667
279 17 144.876 0.00231279 103.521 97.5046 1.16667
281 8 144.876 3.25082 81.0738 71.3923 1.16667
221 11 12.2451 12.2451 54.8475 53.7343 2.5
142 9 47.5672 47.5672 47.5672 42.282 2.5
105 3 18.5406 18.5406 18.5406 12.3604 2.66667
229 1 16.2895 16.2895 16.2895 0 3.3
18 1 4.36057 4.36057 4.52746 0.166891 3
6 1 2.4988 2.4988 2.4988 0 3.16667
111 1 1.52003 1.52003 1.52003 0 3.16667
223 1 1.43647 1.43647 1.43647 0 3.16667
191 1 1.37203 1.37203 1.37203 0 2.5
277 1 0.979602 0.979602 1.32909 0.349488 1.16667
144 1 1.24453 1.24453 1.24453 0 2.66667
46 1 1.22823 1.22823 1.22823 0 2.66667
10 1 1.22671 1.22671 1.22671 0 2.66667
135 1 1.22608 1.22608 1.22608 0 0.666667
106 1 1.22589 1.22589 1.22589 0 3.66667
99 1 1.22586 1.22586 1.22586 0 3.16667
147 1 1.22518 1.22518 1.22518 0 3.16667
156 1 1.22466 1.22466 1.22466 0 3.16667
230 1 1.03501 1.03501 1.05608 0.0210733 3.16667
264 1 0.68455 0.68455 0.68455 0 3.3
271 1 0.419673 0.419673 0.419673 0 1.16667
235 1 0.327873 0.327873 0.327873 0 1.16667
285 1 0.277245 0.277245 0.277245 0 2.5
270 1 0.11923 0.11923 0.185283 0.0660533 1.16667
278 1 0.170422 0.170422 0.170422 0 1.16667
274 1 0.113552 0.113552 0.114113 0.000561135 1.16667
280 1 0.0426133 0.0426133 0.0426133 0 1.16667
282 1 0.00157349 0.00157349 0.00157349 0 3.16667
275 1 1e-08 1e-08 1e-08 0 1.16667
276 1 1e-08 1e-08 1e-08 0 3.16667
283 1 1e-08 1e-08 1e-08 0 3.16667

202 20 48.292 48.292 114.174 111.759 1.16667
235 12 144.876 0.327873 112.681 103.399 1.16667
279 16 39.2884 39.2884 92.9762 90.5206 1.16667
221 11 66.7913 66.7913 66.7913 60.7194 2.5
281 9 76.6991 8.49062 54.909 49.0319 1.3
142 8 42.282 42.282 47.5672 42.282 2.5
105 3 18.5406 18.5406 18.5406 12.3604 2.66667
229 1 16.2895 16.2895 16.2895 0 3.3
18 1 8.72115 8.72115 8.72115 0 3
6 1 2.4988 2.4988 2.4988 0 3.16667
230 1 2.07001 2.07001 2.07001 0 3.16667
111 1 1.52003 1.52003 1.52003 0 3.16667
223 1 1.43647 1.43647 1.43647 0 3.16667
191 1 1.37203 1.37203 1.37203 0 2.5
144 1 1.24453 1.24453 1.24453 0 2.66667
46 1 1.22823 1.22823 1.22823 0 2.66667
10 1 1.22671 1.22671 1.22671 0 2.66667
135 1 1.22608 1.22608 1.22608 0 0.666667
106 1 1.22589 1.22589 1.22589 0 3.66667
99 1 1.22586 1.22586 1.22586 0 3.16667
147 1 1.22518 1.22518 1.22518 0 3.16667
156 1 1.22466 1.22466 1.22466 0 3.16667
277 1 0.979602 0.979602 1.06481 0.0852108 1.16667
264 1 0.68455 0.68455 0.68455 0 3.3
271 1 0.419673 0.419673 0.419673 0 1.16667
286 1 0.282221 0.282221 0.282221 0 3.3
285 1 0.277245 0.277245 0.277245 0 2.5
288 1 0.0819805 0.0819805 0.0819805 0 3.16667
280 1 0.0426133 0.0426133 0.0426133 0 1.16667

279 24 102.265 102.265 113.322 109.061 1.16667
202 23 39.2017 39.2017 108.394 106.69 1.16667
221 11 66.7913 66.7913 66.7913 60.7194 2.5
235 14 63.3833 63.3833 66.0456 61.5182 1.3
142 9 47.5672 1e-08 42.282 37.6206 2.5
105 3 18.5406 18.5406 18.5406 12.3604 2.66667
229 1 16.2895 16.2895 16.2895 0 3.3
18 1 8.72115 8.72115 8.72115 0 3
6 1 2.4988 2.4988 2.4988 0 3.16667
230 1 2.07001 2.07001 2.07001 0 3.16667
289 1 1.9592 1.9592 1.9592 0 1.3
111 1 1.52003 1.52003 1.52003 0 3.16667
223 1 1.43647 1.43647 1.43647 0 3.16667
191 1 1.37203 1.37203 1.37203 0 2.5
144 1 1.24453 1.24453 1.24453 0 2.66667
46 1 1.22823 1.22823 1.22823 0 2.66667
10 1 1.22671 1.22671 1.22671 0 2.66667
135 1 1.22608 1.22608 1.22608 0 0.666667
106 1 1.22589 1.22589 1.22589 0 3.66667
99 1 1.22586 1.22586 1.22586 0 3.16667
147 1 1.22518 1.22518 1.22518 0 3.16667
156 1 1.22466 1.22466 1.22466 0 3.16667
264 1 0.68455 0.68455 0.68455 0 3.3

279 23 37.4399 37.4399 121.252 119.624 1.16667
235 22 88.5353 88.5353 119.025 115.001 1.16667
202 20 107.316 107.316 108.237 102.871 1.16667
221 11 66.7913 66.7913 66.7913 60.7194 2.5
142 8 42.282 42.282 42.282 36.9967 2.5
105 3 18.5406 18.5406 18.5406 12.3604 2.66667
229 1 16.2895 16.2895 16.2895 0 3.3
18 1 8.72115 8.72115 8.72115 0 3
6 1 2.4988 2.4988 2.4988 0 3.16667
289 1 1.9592 1.9592 1.9592 0 1.3
111 1 1.52003 1.52003 1.52003 0 3.16667
223 1 1.43647 1.43647 1.43647 0 3.16667
191 1 1.37203 1.37203 1.37203 0 2.5
144 1 1.24453 1.24453 1.24453 0 2.66667
46 1 1.22823 1.22823 1.22823 0 2.66667
10 1 1.22671 1.22671 1.22671 0 2.66667
135 1 1.22608 1.22608 1.22608 0 0.666667
106 1 1.22589 1.22589 1.22589 0 3.66667
99 1 1.22586 1.22586 1.22586 0 3.16667
147 1 1.22518 1.22518 1.22518 0 3.16667

202 5 144.876 144.876 144.876 115.901 1.16667
279 20 43.2466 43.2466 115.276 113.114 1.16667
235 20 34.4943 34.4943 114.195 112.47 1.16667
221 11 66.7913 66.7913 66.7913 60.7194 2.5
142 8 47.5672 47.5672 47.5672 41.6213 2.5
105 3 18.5406 18.5406 18.5406 12.3604 2.66667
229 1 16.2895 16.2895 16.2895 0 3.3
18 1 8.72115 8.72115 8.72115 0 3
6 1 2.4988 2.4988 2.4988 0 3.16667
289 1 1.9592 1.9592 1.9592 0 1.3
111 1 1.52003 1.52003 1.52003 0 3.16667
223 1 1.43647 1.43647 1.43647 0 3.16667
191 1 1.37203 1.37203 1.37203 0 2.5
144 1 1.24453 1.24453 1.24453 0 2.66667
46 1 1.22823 1.22823 1.22823 0 2.66667
10 1 1.22671 1.22671 1.22671 0 2.66667
135 1 1.22608 1.22608 1.22608 0 0.666667
106 1 1.22589 1.22589 1.22589 0 3.66667
99 1 1.22586 1.22586 1.22586 0 3.16667
147 1 1.22518 1.22518 1.22518 0 3.16667
301 1 0.0261376 0.0261376 0.0723704 0.0462328 1.16667
304 1 0.0499556 0.0499556 0.0499556 0 1.3
302 1 0.0446367 0.0446367 0.0446367 0 1.16667
303 1 0.0427733 0.0427733 0.0427733 0 1.3
305 1 1e-08 1e-08 1e-08 0 3.16667
306 1 1e-08 1e-08 1e-08 0 1.3

235 11 144.876 144.876 144.876 131.705 1.16667
279 20 52.6822 52.6822 109.321 106.687 1.16667
202 19 38.2312 38.2312 106.151 104.139 1.16667
221 11 66.7913 66.7913 66.7913 60.7194 2.5
142 8 47.5672 47.5672 47.5672 41.6213 2.5
105 3 18.5406 18.5406 18.5406 12.3604 2.66667
229 1 16.2895 16.2895 16.2895 0 3.3
18 1 8.72115 8.72115 8.72115 0 3
6 1 2.4988 2.4988 2.4988 0 3.16667
289 1 1.9592 1.9592 1.9592 0 1.3
309 1 1.81772 1.81772 1.81772 0 1.3
111 1 1.52003 1.52003 1.52003 0 3.16667
223 1 1.43647 1.43647 1.43647 0 3.16667
191 1 1.37203 1.37203 1.37203 0 2.5
144 1 1.24453 1.24453 1.24453 0 2.66667
46 1 1.22823 1.22823 1.22823 0 2.66667
10 1 1.22671 1.22671 1.22671 0 2.66667
135 1 1.22608 1.22608 1.22608 0 0.666667
106 1 1.22589 1.22589 1.22589 0 3.66667
99 1 1.22586 1.22586 1.22586 0 3.16667
147 1 1.22518 1.22518 1.22518 0 3.16667
301 1 0.0403618 0.0403618 0.0856736 0.0453118 1.16667
303 1 0.0427733 0.0427733 0.0427733 0 1.3
302 1 0.0223183 0.0223183 0.0234747 0.0011564 1.16667
305 1 1e-08 1e-08 1e-08 0 3.16667
306 1 1e-08 1e-08 1e-08 0 1.3
307 1 1e-08 1e-08 1e-08 0 1.16667
308 1 1e-08 1e-08 1e-08 0 1.16667
310 1 1e-08 1e-08 1e-08 0 1.16667

202 17 144.876 144.876 144.876 136.354 1.16667
235 18 42.0608 42.0608 110.558 108.221 1.16667
279 17 36.219 36.219 109.271 107.14 1.16667
305 2 144.876 1e-08 72.438 51.2214 3.16667
221 10 60.7194 60.7194 66.7913 60.7194 2.5
142 7 41.6213 41.6213 47.5672 41.6213 2.5
105 3 18.5406 18.5406 18.5406 12.3604 2.66667
229 1 16.2895 16.2895 16.2895 0 3.3
18 1 8.72115 8.72115 8.72115 0 3
6 1 2.4988 2.4988 2.4988 0 3.16667
289 1 1.9592 1.9592 1.9592 0 1.3
111 1 1.64003 1.64003 1.64003 0 3.16667
223 1 1.43647 1.43647 1.43647 0 3.16667
191 1 1.37203 1.37203 1.37203 0 2.5
144 1 1.24453 1.24453 1.24453 0 2.66667
46 1 1.22823 1.22823 1.22823 0 2.66667
10 1 1.22671 1.22671 1.22671 0 2.66667
135 1 1.22608 1.22608 1.22608 0 0.666667
106 1 1.22589 1.22589 1.22589 0 3.66667
99 1 1.22586 1.22586 1.22586 0 3.16667
147 1 1.22518 1.22518 1.22518 0 3.16667
307 1 0.161447 0.161447 0.161447 0 1.16667
309 1 0.0429652 0.0429652 0.0429652 0 1.3
303 1 0.0427733 0.0427733 0.0427733 0 1.3
301 1 0.00276388 0.00276388 0.00276389 6.66667e-09 1.16667
306 1 1e-08 1e-08 1e-08 0 1.3
308 1 1e-08 1e-08 1e-08 0 1.16667
310 1 1e-08 1e-08 1e-08 0 1.16667
311 1 1e-08 1e-08 1e-08 0 1.16667

279 17 144.876 144.876 144.876 136.354 1.16667
202 20 39.6921 39.6921 111.966 109.982 1.16667
235 20 49.1105 49.1105 111.159 108.704 1.16667
221 10 66.7913 66.7913 66.7913 60.1122 2.5
142 7 47.5672 47.5672 47.5672 40.7719 2.5
105 3 18.5406 18.5406 18.5406 12.3604 2.66667
229 1 16.2895 16.2895 16.2895 0 3.3
18 1 8.72115 8.72115 8.72115 0 3
6 1 2.4988 2.4988 2.4988 0 3.16667
289 1 1.9592 1.9592 1.9592 0 1.3
111 1 1.52003 1.52003 1.52003 0 3.16667
223 1 1.43647 1.43647 1.43647 0 3.16667
191 1 1.37203 1.37203 1.37203 0 2.5
144 1 1.24453 1.24453 1.24453 0 2.66667
46 1 1.22823 1.22823 1.22823 0 2.66667
10 1 1.22671 1.22671 1.22671 0 2.66667
135 1 1.22608 1.22608 1.22608 0 0.666667
106 1 1.22589 1.22589 1.22589 0 3.66667
99 1 1.22586 1.22586 1.22586 0 3.16667
147 1 1.22518 1.22518 1.22518 0 3.16667
312 1 0.273153 0.273153 0.273153 0 3.3
307 1 0.0807237 0.0807237 0.0848695 0.00414582 1.16667
313 1 0.0819805 0.0819805 0.0819805 0 3.16667
303 1 0.0427733 0.0427733 0.0427733 0 1.3
309 1 0.000219087 0.000219087 0.000219087 0 1.3
305 1 1e-08 1e-08 1e-08 0 3.16667
306 1 1e-08 1e-08 1e-08 0 1.3
308 1 1e-08 1e-08 1e-08 0 1.16667
310 1 1e-08 1e-08 1e-08 0 1.16667
311 1 1e-08 1e-08 1e-08 0 1.16667

235 21 144.876 0.0819805 137.981 131.419 1.16667
279 19 40.4801 40.4801 102.312 100.181 1.16667
202 19 42.3484 42.3484 97.7563 95.5275 1.16667
221 10 66.7913 66.7913 66.7913 60.1122 2.5
142 7 47.5672 47.5672 47.5672 40.7719 2.5
105 3 18.5406 18.5406 18.5406 12.3604 2.66667
229 1 16.2895 16.2895 16.2895 0 3.3
18 1 8.72115 8.72115 8.72115 0 3
6 1 2.4988 2.4988 2.4988 0 3.16667
289 1 1.9592 1.9592 1.9592 0 1.3
111 1 1.52003 1.52003 1.52003 0 3.16667
223 1 1.43647 1.43647 1.43647 0 3.16667
191 1 1.37203 1.37203 1.37203 0 2.5
144 1 1.24453 1.24453 1.24453 0 2.66667
46 1 1.22823 1.22823 1.22823 0 2.66667
10 1 1.22671 1.22671 1.22671 0 2.66667
135 1 1.22608 1.22608 1.22608 0 0.666667
106 1 1.22589 1.22589 1.22589 0 3.66667
99 1 1.22586 1.22586 1.22586 0 3.16667
147 1 1.22518 1.22518 1.22518 0 3.16667
309 1 0.567314 0.567314 0.567314 0 1.3
307 1 0.161447 0.161447 0.161447 0 1.16667
312 1 0.0537376 0.0537376 0.0537376 0 3.3
303 1 0.0427733 0.0427733 0.0427733 0 1.3
308 1 0.000561135 0.000561135 0.00056114 5e-09 1.16667
305 1 1e-08 1e-08 1e-08 0 3.16667
306 1 1e-08 1e-08 1e-08 0 1.3
310 1 1e-08 1e-08 1e-08 0 1.16667

202 19 144.876 144.876 144.876 137.251 1.16667
279 20 51.7414 51.7414 114.254 111.667 1.16667
235 20 39.1557 39.1557 113.629 111.671 1.16667
221 10 66.7913 66.7913 66.7913 60.1122 2.5
142 7 47.5672 47.5672 47.5672 40.7719 2.5
105 3 18.5406 18.5406 18.5406 12.3604 2.66667
229 1 16.2895 16.2895 16.2895 0 3.3
18 1 8.72115 8.72115 8.72115 0 3
6 1 2.4988 2.4988 2.4988 0 3.16667
289 1 1.9592 1.9592 1.9592 0 1.3
111 1 1.52003 1.52003 1.52003 0 3.16667
223 1 1.43647 1.43647 1.43647 0 3.16667
191 1 1.37203 1.37203 1.37203 0 2.5
144 1 1.24453 1.24453 1.24453 0 2.66667
46 1 1.22823 1.22823 1.22823 0 2.66667
10 1 1.22671 1.22671 1.22671 0 2.66667
135 1 1.22608 1.22608 1.22608 0 0.666667
106 1 1.22589 1.22589 1.22589 0 3.66667
99 1 1.22586 1.22586 1.22586 0 3.16667
147 1 1.22518 1.22518 1.22518 0 3.16667
308 1 0.937959 0.937959 0.93852 0.000561135 1.16667
307 1 0.161447 0.161447 0.161447 0 1.16667
321 1 0.0967881 0.0967881 0.0967881 0 1.16667
318 1 0.0204951 0.0204951 0.0819805 0.0614854 3.16667
312 1 0.0537376 0.0537376 0.0537376 0 3.3
303 1 0.0427733 0.0427733 0.0427733 0 1.3
319 1 0.00972217 0.00972217 0.00972217 0 1.16667
309 1 1.36891e-05 1.36891e-05 1.36891e-05 0 1.3

235 20 144.876 0.0819805 137.636 130.764 1.16667
202 19 39.8934 39.8934 103.536 101.436 1.3
279 19 42.3484 42.3484 101.913 99.6844 1.16667
221 10 66.7913 66.7913 66.7913 60.1122 2.5
142 7 47.5672 47.5672 47.5672 40.7719 2.5
105 3 18.5406 18.5406 18.5406 12.3604 2.66667
229 1 16.2895 16.2895 16.2895 0 3.3
18 1 8.72115 8.72115 8.72115 0 3
6 1 2.4988 2.4988 2.4988 0 3.16667
289 1 1.9592 1.9592 1.9592 0 1.3
111 1 1.52003 1.52003 1.52003 0 3.16667
191 1 1.37203 1.37203 1.37203 0 2.5
144 1 1.24453 1.24453 1.24453 0 2.66667
46 1 1.22823 1.22823 1.22823 0 2.66667
10 1 1.22671 1.22671 1.22671 0 2.66667
135 1 1.22608 1.22608 1.22608 0 0.666667
106 1 1.22589 1.22589 1.22589 0 3.66667
99 1 1.22586 1.22586 1.22586 0 3.16667
147 1 1.22518 1.22518 1.22518 0 3.16667
223 1 0.404394 0.404394 0.770026 0.365632 1.16667
307 1 0.161447 0.161447 0.161447 0 1.16667
309 1 0.0845728 0.0845728 0.15641 0.0718368 1.3
321 1 0.0967881 0.0967881 0.0967881 0 1.16667
312 1 0.0537376 0.0537376 0.0537376 0 3.3
323 1 0.0516102 0.0516102 0.0516102 0 3.3
303 1 0.0427733 0.0427733 0.0427733 0 1.3
319 1 0.00972217 0.00972217 0.00972217 0 1.16667
324 1 1e-08 1e-08 1e-08 0 3.16667
325 1 1e-08 1e-08 1e-08 0 1.16667

279 20 144.876 1.61758 137.713 130.837 1.16667
202 22 52.2504 52.2504 116.816 114.441 1.16667
235 19 41.7067 41.7067 103.847 101.651 1.16667
221 10 66.7913 66.7913 66.7913 60.1122 2.5
142 7 47.5672 47.5672 47.5672 40.7719 2.5
105 3 18.5406 18.5406 18.5406 12.3604 2.66667
18 1 8.72115 8.72115 8.72115 0 3
229 1 8.14475 8.14475 8.14475 5e-09 3.16667
6 1 2.4988 2.4988 2.4988 0 3.16667
111 1 1.52003 1.52003 1.52003 0 3.16667
191 1 1.37203 1.37203 1.37203 0 2.5
144 1 1.24453 1.24453 1.24453 0 2.66667
46 1 1.22823 1.22823 1.22823 0 2.66667
10 1 1.22671 1.22671 1.22671 0 2.66667
135 1 1.22608 1.22608 1.22608 0 0.666667
106 1 1.22589 1.22589 1.22589 0 3.66667
99 1 1.22586 1.22586 1.22586 0 3.16667
147 1 1.22518 1.22518 1.22518 0 3.16667
289 1 0.489801 0.489801 0.499493 0.00969186 1.16667
312 1 0.273153 0.273153 0.273153 0 3.3
309 1 0.169146 0.169146 0.169146 0 1.16667
307 1 0.161447 0.161447 0.161447 0 1.16667
321 1 0.0967881 0.0967881 0.0967881 0 1.16667
323 1 0.0409903 0.0409903 0.0667954 0.0258051 3.16667
303 1 0.0427733 0.0427733 0.0427733 0 1.3
319 1 0.00972217 0.00972217 0.00972217 0 1.16667

332 1 144.876 144.876 144.876 0 1.16667
235 17 129.626 129.626 129.632 122.006 1.16667
279 16 33.1145 33.1145 125.806 123.737 1.16667
202 14 30.7313 30.7313 111.081 108.886 1.16667
334 2 144.876 1e-08 72.438 51.2214 1.16667
221 8 53.4331 53.4331 66.7913 60.1122 2.5
142 6 40.7719 40.7719 47.5672 40.7719 2.5
105 2 12.3604 12.3604 18.5406 12.3604 2.66667
229 1 16.2895 16.2895 16.2895 0 3.3
18 1 8.72115 8.72115 8.72115 0 3
6 1 2.4988 2.4988 2.4988 0 3.16667
111 1 1.52003 1.52003 1.52003 0 3.16667
191 1 1.37203 1.37203 1.37203 0 2.5
144 1 1.24453 1.24453 1.24453 0 2.66667
46 1 1.22823 1.22823 1.22823 0 2.66667
10 1 1.22671 1.22671 1.22671 0 2.66667
135 1 1.22608 1.22608 1.22608 0 0.666667
106 1 1.22589 1.22589 1.22589 0 3.66667
99 1 1.22586 1.22586 1.22586 0 3.16667
147 1 1.22518 1.22518 1.22518 0 3.16667
289 1 0.979602 0.979602 1.09759 0.117991 1.3
307 1 0.0890537 0.0890537 0.169777 0.0807237 1.16667
309 1 0.169146 0.169146 0.169146 0 1.16667
312 1 0.0537376 0.0537376 0.0537376 0 3.3
337 1 0.0428311 0.0428311 0.0428311 0 1.3
303 1 0.0427733 0.0427733 0.0427733 0 1.3
333 1 1e-08 1e-08 1e-08 0 1.16667
335 1 1e-08 1e-08 1e-08 0 3.16667
336 1 1e-08 1e-08 1e-08 0 3.16667

202 13 144.876 144.876 144.876 133.732 1.16667
279 20 131.705 0.0389373 111.967 106.395 1.16667
332 19 23.5269 23.5269 105.346 104.107 1.16667
221 8 66.7913 66.7913 66.7913 58.4424 2.5
142 6 47.5672 47.5672 47.5672 39.6393 2.5
105 2 18.5406 18.5406 18.5406 9.27029 2.66667
229 1 16.2895 16.2895 16.2895 0 3.3
18 1 8.72115 8.72115 8.72115 0 3
6 1 2.4988 2.4988 2.4988 0 3.16667
289 1 1.9592 1.9592 1.9592 0 1.3
111 1 1.52003 1.52003 1.52003 0 3.16667
191 1 1.37203 1.37203 1.37203 0 2.5
144 1 1.24453 1.24453 1.24453 0 2.66667
46 1 1.22823 1.22823 1.22823 0 2.66667
10 1 1.22671 1.22671 1.22671 0 2.66667
135 1 1.22608 1.22608 1.22608 0 0.666667
106 1 1.22589 1.22589 1.22589 0 3.66667
99 1 1.22586 1.22586 1.22586 0 3.16667
147 1 1.22518 1.22518 1.22518 0 3.16667
312 1 0.0537376 0.0537376 0.0537376 0 3.3
303 1 0.0427733 0.0427733 0.0427733 0 1.3
235 1 1e-08 1e-08 1e-08 0 1.16667
333 1 1e-08 1e-08 1e-08 0 1.16667
336 1 1e-08 1e-08 1e-08 0 3.16667
338 1 1e-08 1e-08 1e-08 0 1.3

332 18 144.876 144.876 144.876 136.827 1.16667
279 21 49.8754 49.8754 120.92 118.545 1.16667
202 18 46.7157 46.5673 102.509 99.9219 1.16667
221 8 66.7913 66.7913 66.7913 58.4424 2.5
142 6 47.5672 47.5672 47.5672 39.6393 2.5
105 2 18.5406 18.5406 18.5406 9.27029 2.66667
339 3 54.3285 0.0634296 18.2055 14.8471 1.16667
229 1 16.2895 16.2895 16.2895 0 3.3
18 1 8.72115 8.72115 8.72115 0 3
6 1 2.4988 2.4988 2.4988 0 3.16667
289 1 1.9592 1.9592 1.9592 0 1.3
111 1 1.52003 1.52003 1.52003 0 3.16667
191 1 1.37203 1.37203 1.37203 0 2.5
144 1 1.24453 1.24453 1.24453 0 2.66667
46 1 1.22823 1.22823 1.22823 0 2.66667
10 1 1.22671 1.22671 1.22671 0 2.66667
135 1 1.22608 1.22608 1.22608 0 0.666667
106 1 1.22589 1.22589 1.22589 0 3.66667
99 1 1.22586 1.22586 1.22586 0 3.16667
147 1 1.22518 1.22518 1.22518 0 3.16667
342 1 0.454513 0.454513 0.454513 0 3.16667
312 1 0.273153 0.273153 0.273153 0 3.3
340 1 0.0551303 0.0551303 0.134629 0.0794984 1.16667
303 1 0.0427733 0.0427733 0.0427733 0 1.3
235 1 1e-08 1e-08 1e-08 0 1.16667
333 1 1e-08 1e-08 1e-08 0 1.16667
336 1 1e-08 1e-08 1e-08 0 3.16667
338 1 1e-08 1e-08 1e-08 0 1.3
341 1 1e-08 1e-08 1e-08 0 3.3

