5 1 0.0522552 0.0522552 0.0522552 0 2
1 1 1e-08 1e-08 1e-08 0 0
2 1 1e-08 1e-08 1e-08 0 2
3 1 1e-08 1e-08 1e-08 0 2
4 1 1e-08 1e-08 1e-08 0 2

5 96 0.0160342 0.000544325 0.00186522 0.00375294 2
1 1 2.5e-09 2.5e-09 1e-08 7.5e-09 0
2 1 1e-08 1e-08 1e-08 0 2
3 1 1e-08 1e-08 1e-08 0 2
4 1 3.33333e-09 3.33333e-09 1e-08 6.66667e-09 2

4 4 0.305975 2.5e-09 0.0764936 0.132491 2.5
5 34 0.00827571 0.000280942 0.00470932 0.0033176 2
1 1 3.33333e-09 3.33333e-09 1e-08 6.66667e-09 0
2 1 2.5e-09 2.5e-09 1e-08 7.5e-09 2
3 1 3.33333e-09 3.33333e-09 1e-08 6.66667e-09 2.66667

6 7 0.174843 1.42857e-09 0.124888 0.0789858 2.66667
5 32 0.0247666 0.00869756 0.0194762 0.00335029 2.66667
1 3 0.407966 3.33333e-09 0.135989 0.192317 0.666667
4 1 0.0055235 0.0055235 0.0055235 9.81818e-09 2.5
2 1 5e-09 5e-09 1e-08 5e-09 2
3 1 3.33333e-09 3.33333e-09 1e-08 6.66667e-09 2
7 1 1e-08 1e-08 1e-08 0 2.5
8 1 1e-08 1e-08 1e-08 0 2.66667
9 1 1e-08 1e-08 1e-08 0 2.66667
10 1 1e-08 1e-08 1e-08 0 2.66667
11 1 1e-08 1e-08 1e-08 0 2.66667
12 1 1e-08 1e-08 1e-08 0 2.5
13 1 1e-08 1e-08 1e-08 0 2.66667

15 3 0.513094 0.513094 0.513094 0 2.66667
14 4 0.396265 0.305975 0.328547 0.0390971 2.66667
17 6 0.204003 0.203985 0.203988 6.53952e-06 2.8
23 1 1.2239 1.2239 1.2239 0 2.66667
22 2 0.611949 0.611949 0.611949 0 2.66667
21 1 1.2239 1.2239 1.2239 0 2.66667
24 2 0.611861 0.611861 0.611861 0 2.66667
5 6 0.0874213 0.0874213 0.175465 0.0880435 2.66667
25 5 0.231983 2e-09 0.185586 0.0927932 2.66667
19 4 0.305975 2.5e-09 0.229481 0.132491 2.66667
6 5 0.0389555 0.0218553 0.173246 0.148104 2.66667
20 5 0.174843 0.0795206 0.168522 0.056502 2.66667
18 5 0.135991 0.135991 0.165512 0.0295211 2.66667
26 2 0.398633 0.398633 0.398633 0 2.66667
16 2 0.658121 5e-09 0.32906 0.32906 2.66667
28 1 0.309259 0.309259 0.309259 0 0.666667
4 1 0.303792 0.303792 0.303792 0 2.5
1 1 0.00275133 0.00275133 0.00550265 0.00275132 0
31 1 1e-08 1e-08 1e-08 0 2.66667
30 1 1e-08 1e-08 1e-08 0 0.666667
29 1 1e-08 1e-08 1e-08 0 2.66667
27 1 1e-08 1e-08 1e-08 0 2.8
2 1 1e-08 1e-08 1e-08 0 2
3 1 3.33333e-09 3.33333e-09 1e-08 6.66667e-09 2.66667
9 1 1e-08 1e-08 1e-08 0 2.66667
10 1 1e-08 1e-08 1e-08 0 2.66667
11 1 1e-08 1e-08 1e-08 0 2.66667
12 1 1e-08 1e-08 1e-08 0 2.5
13 1 1e-08 1e-08 1e-08 0 2.66667

14 9 0.185846 0.12239 0.155078 0.026509 2.66667
15 8 0.0962051 0.0962051 0.159928 0.0637231 2.66667
6 7 0.181792 0.102217 0.168712 0.0565894 2.66667
17 7 0.081601 0.081594 0.159889 0.0782935 2.8
5 7 0.071994 0.071994 0.154273 0.0822789 2.66667
18 6 0.174845 0.174845 0.174845 2.38095e-10 2.66667
21 6 0.174843 0.174843 0.174843 2.38095e-10 2.66667
24 6 0.174818 0.174818 0.174818 2.38095e-10 2.66667
22 6 0.111263 0.111263 0.17429 0.0630266 2.66667
20 5 0.094146 0.094146 0.164358 0.0702117 2.66667
25 5 0.115992 0.115992 0.162388 0.0463966 2.66667
19 4 0.12239 0.12239 0.183585 0.0611949 2.66667
26 4 0.159453 0.159453 0.177222 0.0177688 2.66667
16 2 0.658121 5e-09 0.32906 0.32906 2.66667
23 4 0.203983 0.00871256 0.157413 0.0845845 2.8
28 1 0.309259 0.309259 0.309259 0 0.666667
4 1 0.303792 0.303792 0.303792 0 2.5
1 1 0.0461151 0.0461151 0.0591839 0.0130688 0.666667
31 1 1e-08 1e-08 1e-08 0 2.66667
29 1 1e-08 1e-08 1e-08 0 2.66667
27 1 1e-08 1e-08 1e-08 0 2.8
2 1 1e-08 1e-08 1e-08 0 2
3 1 1e-08 1e-08 1e-08 0 2
9 1 1e-08 1e-08 1e-08 0 2.66667
10 1 1e-08 1e-08 1e-08 0 2.66667
11 1 1e-08 1e-08 1e-08 0 2.66667
12 1 1e-08 1e-08 1e-08 0 2.5
13 1 1e-08 1e-08 1e-08 0 2.66667
32 1 1e-08 1e-08 1e-08 0 2.66667
33 1 1e-08 1e-08 1e-08 0 2.66667

6 7 0.218151 0.122661 0.188115 0.0531896 2.66667
15 6 0.0615713 0.0615713 0.213214 0.151643 2.66667
19 4 0.305975 0.305975 0.305975 0 2.66667
24 6 0.0815815 0.0815815 0.19591 0.114328 2.66667
14 6 0.0978137 0.0644157 0.193548 0.109077 2.66667
17 6 0.094155 0.0941469 0.188299 0.0941469 2.8
20 6 0.111263 0.111263 0.185439 0.0741757 2.66667
21 5 0.12239 0.12239 0.220302 0.0979119 2.66667
2 3 0.663368 3.33333e-09 0.357113 0.273196 2
5 5 0.14085 0.0764936 0.21245 0.125748 0.666667
18 5 0.0815943 0.0815943 0.212145 0.130551 2.66667
25 5 0.105447 0.105447 0.211611 0.106164 2.66667
22 5 0.0644157 0.0644157 0.20613 0.141715 2.66667
23 4 0.305975 0.0130688 0.232748 0.126832 2.66667
26 4 0.199317 0.199317 0.199317 0 2.66667
16 2 0.658121 5e-09 0.32906 0.32906 2.66667
35 2 0.408869 0.0171968 0.213033 0.195836 2.8
28 1 0.309259 0.309259 0.309259 0 0.666667
4 1 0.303792 0.303792 0.303792 0 2.5
36 1 0.18446 0.18446 0.18446 0 0.666667
38 1 0.0522748 0.0522748 0.0522748 0 0.8
29 1 1e-08 1e-08 1e-08 0 2.66667
27 1 1e-08 1e-08 1e-08 0 2.8
31 1 1e-08 1e-08 1e-08 0 2.66667
3 1 1e-08 1e-08 1e-08 0 2
9 1 1e-08 1e-08 1e-08 0 2.66667
10 1 1e-08 1e-08 1e-08 0 2.66667
11 1 1e-08 1e-08 1e-08 0 2.66667
13 1 1e-08 1e-08 1e-08 0 2.66667
32 1 5e-09 5e-09 1e-08 5e-09 2.66667
33 1 1e-08 1e-08 1e-08 0 2.66667
37 1 1e-08 1e-08 1e-08 0 2.8
39 1 1e-08 1e-08 1e-08 0 2.66667

17 15 1.48903 0.067995 0.260459 0.457132 2.66667
20 13 2.12623 0.0874213 0.250978 0.543322 2.66667
14 5 0.116154 0.0990664 0.280865 0.171751 2.66667
5 5 0.187801 0.101992 0.276738 0.130232 2.66667
6 5 0.0994126 0.0991594 0.276432 0.177185 2.66667
15 5 0.139935 0.139935 0.272546 0.132611 2.66667
18 5 0.244783 0.244783 0.244783 0 2.66667
45 1 1.22391 1.22391 1.22391 0 2.66667
22 5 0.24478 0.24478 0.24478 0 2.66667
25 4 0.231983 0.231983 0.289979 0.0579958 2.66667
24 4 0.0777552 0.0764827 0.287128 0.210328 2.66667
21 4 0.0815932 0.0815932 0.285576 0.203983 2.66667
23 3 0.305975 0.305975 0.310331 0.00435628 2.66667
19 3 0.094146 0.094146 0.298412 0.204266 2.66667
26 3 0.199317 0.199317 0.265755 0.0664389 2.66667
16 2 0.658121 5e-09 0.32906 0.32906 2.66667
2 1 0.111265 0.111265 0.337795 0.226531 2
28 1 0.309259 0.309259 0.309259 0 0.666667
4 1 0.303792 0.303792 0.303792 0 2.5
36 1 0.18446 0.18446 0.18446 0 0.666667
47 1 0.181936 0.181936 0.181936 0 2.8
43 1 0.0436702 0.0436702 0.0436702 0 2.8
29 1 1e-08 1e-08 1e-08 0 2.66667
46 1 1e-08 1e-08 1e-08 0 2.66667
27 1 1e-08 1e-08 1e-08 0 2.8
44 1 1e-08 1e-08 1e-08 0 2.8
42 1 1e-08 1e-08 1e-08 0 2.8
41 1 1e-08 1e-08 1e-08 0 2.8
40 1 1e-08 1e-08 1e-08 0 2.8
39 1 1e-08 1e-08 1e-08 0 2.66667
37 1 1e-08 1e-08 1e-08 0 2.8
33 1 1e-08 1e-08 1e-08 0 2.66667
32 1 5e-09 5e-09 1e-08 5e-09 2.66667
13 1 1e-08 1e-08 1e-08 0 2.66667
11 1 1e-08 1e-08 1e-08 0 2.66667

5 13 2.44444 0.00335925 0.316698 0.616344 2.66667
17 13 0.788308 0.0360004 0.250202 0.309331 2.8
20 8 1.10249 0.0453296 0.268376 0.361247 2.66667
6 6 0.145805 0.145434 0.267286 0.121684 2.66667
14 5 0.116154 0.116154 0.288983 0.17283 2.66667
24 4 0.248817 0.244745 0.306949 0.0612115 2.66667
22 4 0.12239 0.12239 0.305975 0.183585 2.66667
21 4 0.305975 0.305975 0.305975 0 2.66667
23 3 0.407966 0.407966 0.407966 0 2.66667
19 3 0.407966 0.407966 0.407966 0 2.66667
15 4 0.109949 0.109949 0.305608 0.195659 2.66667
18 4 0.101993 0.101993 0.254982 0.152989 2.66667
25 3 0.105447 0.105447 0.316341 0.210894 2.66667
26 3 0.265755 0.265755 0.265755 0 2.66667
16 2 0.658121 5e-09 0.32906 0.32906 2.66667
55 1 0.407961 0.407961 0.407961 6.66667e-09 2.8
28 1 0.309259 0.309259 0.309259 0 0.666667
4 1 0.303792 0.303792 0.303792 0 2.5
36 1 0.18446 0.18446 0.18446 0 0.666667
48 1 0.0521583 0.0521583 0.0521583 0 2.8
2 1 1e-08 1e-08 1e-08 0 2.8
54 1 1e-08 1e-08 1e-08 0 3.16667
53 1 2e-09 2e-09 1e-08 8e-09 2.66667
52 1 1e-08 1e-08 1e-08 0 0.666667
51 1 1e-08 1e-08 1e-08 0 2.8
50 1 1e-08 1e-08 1e-08 0 2.8
49 1 1e-08 1e-08 1e-08 0 2.66667
11 1 1e-08 1e-08 1e-08 0 2.66667
13 1 1e-08 1e-08 1e-08 0 2.66667
33 1 1e-08 1e-08 1e-08 0 2.66667
37 1 1e-08 1e-08 1e-08 0 2.8
39 1 1e-08 1e-08 1e-08 0 2.66667
40 1 1e-08 1e-08 1e-08 0 2.8
41 1 1e-08 1e-08 1e-08 0 2.8
42 1 1e-08 1e-08 1e-08 0 2.8
44 1 1e-08 1e-08 1e-08 0 2.8
29 1 5e-09 5e-09 1e-08 5e-09 2.66667

17 15 0.864595 0.0394844 0.281317 0.355915 2.8
5 11 0.858858 0.0609083 0.278675 0.316231 2.66667
20 10 1.86045 0.0764936 0.277838 0.53568 2.66667
14 6 0.185846 0.185846 0.309743 0.123897 2.66667
6 6 0.155033 0.136344 0.276666 0.137223 2.66667
15 4 0.38482 0.38482 0.38482 0 2.66667
18 4 0.305979 0.305979 0.305979 0 2.66667
60 1 1.2239 1.2239 1.2239 0 2.8
59 1 1.2239 1.2239 1.2239 0 0.8
25 3 0.386639 0.386639 0.386639 0 2.66667
22 4 0.101992 0.101992 0.280477 0.178485 2.66667
24 3 0.15551 0.152965 0.357767 0.203957 2.66667
19 3 0.174843 0.174843 0.352175 0.177332 2.66667
23 3 0.135989 0.135989 0.319243 0.183254 2.66667
21 3 0.094146 0.094146 0.31382 0.219674 2.66667
26 2 0.265755 0.265755 0.398633 0.132878 2.66667
16 2 0.658121 5e-09 0.32906 0.32906 2.66667
28 1 0.309259 0.309259 0.309259 0 0.666667
4 1 0.303792 0.303792 0.303792 0 2.5
36 1 0.18446 0.18446 0.18446 0 0.666667
56 1 0.0522748 0.0522748 0.0522748 0 2.8
48 1 0.0521583 0.0521583 0.0521583 0 2.8
58 1 0.0458802 0.0458802 0.0458802 0 2.8
62 1 1e-08 1e-08 1e-08 0 2.66667
61 1 1e-08 1e-08 1e-08 0 2.8
57 1 1e-08 1e-08 1e-08 0 2.66667
29 1 1e-08 1e-08 1e-08 0 2.66667
44 1 1e-08 1e-08 1e-08 0 2.8
42 1 1e-08 1e-08 1e-08 0 2.8
41 1 1e-08 1e-08 1e-08 0 2.8
40 1 1e-08 1e-08 1e-08 0 2.8
39 1 1e-08 1e-08 1e-08 0 2.66667
37 1 1e-08 1e-08 1e-08 0 2.8
33 1 1e-08 1e-08 1e-08 0 2.66667
13 1 1e-08 1e-08 1e-08 0 2.66667
11 1 1e-08 1e-08 1e-08 0 2.66667
50 1 1e-08 1e-08 1e-08 0 2.8

5 17 1.22222 0.0866772 0.388372 0.482746 2.66667
17 16 0.724391 0.0330815 0.399532 0.337622 2.8
15 11 3.17981 0.109949 0.402615 0.882627 2.66667
60 9 3.30747 1.11111e-09 0.473266 1.00294 2.66667
6 4 0.17718 0.15622 0.477165 0.310641 2.66667
14 4 0.132747 0.132747 0.431428 0.298681 2.66667
24 3 0.414694 0.407908 0.41017 0.00319934 2.66667
59 1 1.2239 1.2239 1.2239 0 0.857143
22 3 0.135989 0.135989 0.407966 0.271977 2.66667
19 3 0.407966 0.407966 0.407966 0 2.66667
23 3 0.407966 0.407966 0.407966 0 2.66667
21 3 0.407966 0.407966 0.407966 0 2.66667
18 2 0.0941473 0.0941473 0.566895 0.472747 2.66667
20 2 0.094146 0.094146 0.564876 0.47073 2.66667
25 2 0.165702 0.165702 0.414256 0.248553 2.66667
26 2 0.398633 0.398633 0.398633 0 2.66667
16 1 0.658121 0.658121 0.658121 5e-09 2.66667
50 1 0.407966 0.407966 0.407966 6.66667e-09 2.66667
28 1 0.309259 0.309259 0.309259 0 0.666667
4 1 0.303792 0.303792 0.303792 0 2.5
36 1 0.18446 0.18446 0.18446 0 0.666667
56 1 0.0522748 0.0522748 0.0522748 0 2.8
48 1 0.0521583 0.0521583 0.0521583 0 2.8
58 1 0.0458802 0.0458802 0.0458802 0 2.8
67 1 1e-08 1e-08 1e-08 0 2.8
66 1 1e-08 1e-08 1e-08 0 0.666667
65 1 1e-08 1e-08 1e-08 0 2.66667
64 1 1e-08 1e-08 1e-08 0 2.8
63 1 1e-08 1e-08 1e-08 0 0.666667
11 1 1e-08 1e-08 1e-08 0 2.66667
13 1 1e-08 1e-08 1e-08 0 2.66667
33 1 1e-08 1e-08 1e-08 0 2.66667

5 22 0.882715 0.0626002 0.532904 0.408833 0.666667
17 20 0.957231 0.0437148 0.54989 0.435835 2.66667
60 14 3.77899 0.047073 0.537119 0.981505 2.66667
15 13 1.85489 0.0641367 0.554218 0.746059 2.66667
6 3 0.20671 0.20671 0.649408 0.442698 2.66667
14 3 0.232308 0.232308 0.542051 0.309743 2.66667
16 1 1.31624 1.31624 1.31624 0 2.66667
18 2 0.611958 0.611958 0.611958 0 2.66667
59 2 0.305975 0.305975 0.611949 0.305975 0.857143
22 2 0.135989 0.135989 0.611949 0.47596 2.66667
19 2 0.152987 0.152987 0.611949 0.458962 2.66667
25 2 0.579958 0.579958 0.579958 0 2.66667
24 2 0.162034 0.15551 0.54373 0.384972 2.66667
23 1 0.152987 0.152987 0.917924 0.764936 2.66667
26 1 0.398633 0.398633 0.797266 0.398633 2.66667
21 1 0.203983 0.203983 0.620536 0.416553 2.66667
28 1 0.309259 0.309259 0.309259 0 0.666667
4 1 0.303792 0.303792 0.303792 0 2.5
36 1 0.18446 0.18446 0.18446 0 0.666667
56 1 0.0522748 0.0522748 0.0522748 0 2.8
48 1 0.0521583 0.0521583 0.0521583 0 2.8
58 1 0.0458802 0.0458802 0.0458802 0 2.8
70 1 1e-08 1e-08 1e-08 0 2.8
69 1 1e-08 1e-08 1e-08 0 2.88889
68 1 1e-08 1e-08 1e-08 0 2.8
33 1 1e-08 1e-08 1e-08 0 2.66667

5 26 0.6955 0.648525 0.736135 0.0862775 0.666667
17 22 1.53144 0.629939 0.746969 0.181367 2.8
15 15 1.43604 0.0496543 0.760117 0.663916 2.66667
60 15 2.65551 0.0330783 0.732687 0.82933 2.66667
6 2 0.225502 0.225502 1.0757 0.850202 2.66667
14 2 0.464615 0.464615 0.92923 0.464615 2.66667
18 1 0.407972 0.407972 1.22392 0.815943 2.66667
21 1 1.2239 1.2239 1.2239 0 2.66667
22 1 0.611949 0.611949 1.2239 0.611949 2.66667
19 1 0.611949 0.611949 1.2239 0.611949 2.66667
23 1 1.2239 1.2239 1.2239 0 2.66667
25 1 0.579958 0.579958 1.15992 0.579958 2.66667
24 1 0.43209 0.43209 0.864171 0.43208 2.66667
26 1 0.797266 0.797266 0.797266 0 2.66667
16 1 0.263248 0.263248 0.526496 0.263248 2.66667
28 1 0.309259 0.309259 0.309259 0 0.666667
4 1 0.303792 0.303792 0.303792 0 2.5
36 1 0.18446 0.18446 0.18446 0 0.666667
56 1 0.0522748 0.0522748 0.0522748 0 2.8
58 1 0.0458802 0.0458802 0.0458802 0 2.8
72 1 0.0422756 0.0422756 0.0422756 0 2.8
70 1 1e-08 1e-08 1e-08 0 2.8
69 1 1e-08 1e-08 1e-08 0 2.88889
68 1 1e-08 1e-08 1e-08 0 2.8
33 1 1e-08 1e-08 1e-08 0 2.66667

5 17 0.90126 0.557504 1.77041 1.18591 0.666667
79 1 26.8025 26.8025 26.8025 0 0.8
15 15 2.47318 0.0855157 1.74143 1.05028 2.66667
17 14 1.66271 0.765785 1.73625 0.935369 2.8
60 13 3.44728 0.284292 1.78087 1.10411 2.85714
73 6 4.46708 0.00530685 3.72345 1.6628 2.66667
6 1 0.496105 0.496105 2.48053 1.98442 2.66667
74 1 1.17843 1.17843 2.03906 0.860623 3.16667
14 1 0.309743 0.309743 1.85846 1.54872 2.66667
16 1 1.31624 1.31624 1.31624 0 2.66667
24 1 1.29627 1.29627 1.29627 0 2.66667
18 1 1.22392 1.22392 1.22392 0 2.66667
21 1 1.2239 1.2239 1.2239 0 2.66667
22 1 1.2239 1.2239 1.2239 0 2.66667
19 1 1.2239 1.2239 1.2239 0 2.66667
23 1 1.2239 1.2239 1.2239 0 2.66667
25 1 1.15992 1.15992 1.15992 0 2.66667
26 1 0.797266 0.797266 0.797266 0 2.66667
28 1 0.309259 0.309259 0.309259 0 0.666667
4 1 0.303792 0.303792 0.303792 0 2.5
36 1 0.18446 0.18446 0.18446 0 0.666667
78 1 0.0808734 0.0808734 0.0808734 0 2.66667
56 1 0.0522748 0.0522748 0.0522748 0 2.8
58 1 0.0458802 0.0458802 0.0458802 0 2.8
72 1 0.0422756 0.0422756 0.0422756 0 2.8
70 1 1e-08 1e-08 1e-08 0 2.8
69 1 1e-08 1e-08 1e-08 0 2.88889
68 1 1e-08 1e-08 1e-08 0 2.8
33 1 1e-08 1e-08 1e-08 0 2.66667
75 1 3.33333e-09 3.33333e-09 1e-08 6.66667e-09 2.66667
76 1 1e-08 1e-08 1e-08 0 2.66667
77 1 1e-08 1e-08 1e-08 0 2.8
80 1 1e-08 1e-08 1e-08 0 2.8
81 1 1e-08 1e-08 1e-08 0 2.66667
82 1 1e-08 1e-08 1e-08 0 2.66667

17 1 58.1947 58.1947 58.1947 0 2.8
60 19 4.55534 0.375672 2.47594 1.38635 2.66667
5 13 1.55072 0.882715 2.48575 1.44665 2.66667
15 11 1.23659 1.23659 2.47703 1.24044 2.66667
73 10 0.924223 0.924223 2.49551 1.57129 2.66667
79 9 1.33972 0.924223 2.41589 1.44377 0.8
83 2 13.4012 5e-09 6.70061 6.70061 2.66667
14 1 1.85846 1.85846 1.85846 0 2.66667
16 1 1.31624 1.31624 1.31624 0 2.66667
24 1 1.29627 1.29627 1.29627 0 2.66667
18 1 1.22392 1.22392 1.22392 0 2.66667
21 1 1.2239 1.2239 1.2239 0 2.66667
22 1 1.2239 1.2239 1.2239 0 2.66667
19 1 1.2239 1.2239 1.2239 0 2.66667
23 1 1.2239 1.2239 1.2239 0 2.66667
25 1 1.15992 1.15992 1.15992 0 2.66667
26 1 0.797266 0.797266 0.797266 0 2.66667
6 1 0.620131 0.620131 0.620131 7.5e-09 2.66667
28 1 0.309259 0.309259 0.309259 0 0.666667
4 1 0.303792 0.303792 0.303792 0 2.5
36 1 0.18446 0.18446 0.18446 0 0.666667
78 1 0.0808734 0.0808734 0.0808734 0 2.66667
56 1 0.0522748 0.0522748 0.0522748 0 2.8
58 1 0.0458802 0.0458802 0.0458802 0 2.8
72 1 0.0140919 0.0140919 0.0408993 0.0268074 2.8
86 1 1e-08 1e-08 1e-08 0 0.8
85 1 1e-08 1e-08 1e-08 0 3.16667
84 1 1e-08 1e-08 1e-08 0 2.66667
82 1 5e-09 5e-09 1e-08 5e-09 2.66667
77 1 1e-08 1e-08 1e-08 0 2.8
75 1 3.33333e-09 3.33333e-09 1e-08 6.66667e-09 2.66667
33 1 1e-08 1e-08 1e-08 0 2.66667
68 1 1e-08 1e-08 1e-08 0 2.8

60 21 2.45288 0.572447 2.12596 0.644357 2.66667
15 17 1.85489 1.85489 2.18412 0.329234 3.16667
17 16 1.18765 1.18765 2.20283 1.01519 2.8
5 14 1.92503 1.17515 2.15278 0.812201 2.8
79 9 4.31689 2.97805 3.15118 0.417775 0.8
73 4 6.70061 0.0130686 5.02556 2.89397 2.66667
6 1 2.48053 2.48053 2.48053 0 2.66667
14 1 1.85846 1.85846 1.85846 0 2.66667
16 1 1.31624 1.31624 1.31624 0 2.66667
24 1 1.29627 1.29627 1.29627 0 2.66667
18 1 1.22392 1.22392 1.22392 0 2.66667
21 1 1.2239 1.2239 1.2239 0 2.66667
22 1 1.2239 1.2239 1.2239 0 2.66667
19 1 1.2239 1.2239 1.2239 0 2.66667
23 1 1.2239 1.2239 1.2239 0 2.66667
25 1 1.15992 1.15992 1.15992 0 2.66667
26 1 0.797266 0.797266 0.797266 0 2.66667
28 1 0.309259 0.309259 0.309259 0 0.666667
4 1 0.303792 0.303792 0.303792 0 2.5
36 1 0.18446 0.18446 0.18446 0 0.666667
78 1 0.0808734 0.0808734 0.0808734 0 2.66667
56 1 0.0522748 0.0522748 0.0522748 0 2.8
58 1 0.0458802 0.0458802 0.0458802 0 2.8
83 1 1e-08 1e-08 1e-08 0 2.66667
86 1 1e-08 1e-08 1e-08 0 0.8
82 1 1e-08 1e-08 1e-08 0 2.66667

60 21 2.71382 2.09051 3.3817 1.17322 2.85714
17 14 1.71161 1.71161 3.54131 1.8297 2.8
82 7 7.33883 1.42857e-09 6.29043 2.56806 2.66667
15 11 1.23659 1.23659 3.59763 2.36104 3.16667
5 8 3.72172 2.27197 3.61933 1.26086 2.66667
79 8 3.9343 0.893415 3.38573 2.22952 0.8
89 2 22.2586 0.00537419 11.132 11.1266 2.8
73 4 6.70061 0.0130686 5.02556 2.89397 2.66667
87 2 15.8776 5e-09 7.93879 7.93879 0.666667
6 1 2.48053 2.48053 2.48053 0 2.66667
14 1 1.85846 1.85846 1.85846 0 2.66667
16 1 1.31624 1.31624 1.31624 0 2.66667
24 1 1.29627 1.29627 1.29627 0 2.66667
18 1 1.22392 1.22392 1.22392 0 2.66667
21 1 1.2239 1.2239 1.2239 0 2.66667
22 1 1.2239 1.2239 1.2239 0 2.66667
19 1 1.2239 1.2239 1.2239 0 2.66667
23 1 1.2239 1.2239 1.2239 0 2.66667
25 1 1.15992 1.15992 1.15992 0 2.66667
26 1 0.797266 0.797266 0.797266 0 2.66667
28 1 0.309259 0.309259 0.309259 0 0.666667
4 1 0.303792 0.303792 0.303792 0 2.5
36 1 0.18446 0.18446 0.18446 0 0.666667
78 1 0.0808734 0.0808734 0.0808734 0 2.66667
56 1 0.0522748 0.0522748 0.0522748 0 2.8
92 1 0.0460019 0.0460019 0.0460019 0 0.8
58 1 0.0458802 0.0458802 0.0458802 0 2.8
88 1 0.0300986 0.0300986 0.0300986 0 2.8
83 1 1e-08 1e-08 1e-08 0 2.66667
86 1 5e-09 5e-09 1e-08 5e-09 0.8
90 1 1e-08 1e-08 1e-08 0 2.66667
91 1 1e-08 1e-08 1e-08 0 0.666667

60 25 2.71382 2.09051 3.28877 0.974434 2.66667
97 1 51.3718 51.3718 51.3718 0 2.8
17 14 1.81858 1.81858 3.46353 1.64494 2.8
79 8 14.7536 3.35031 5.18417 3.66963 0.857143
82 10 1.1393 1.0484 3.45 2.39266 2.66667
15 10 1.53508 1.53508 3.37764 1.84256 2.66667
73 4 6.70061 0.0130686 5.02556 2.89397 2.8
6 1 2.48053 2.48053 2.48053 0 2.66667
14 1 1.85846 1.85846 1.85846 0 2.66667
16 1 1.31624 1.31624 1.31624 0 2.66667
24 1 1.29627 1.29627 1.29627 0 2.66667
18 1 1.22392 1.22392 1.22392 0 2.66667
21 1 1.2239 1.2239 1.2239 0 2.66667
22 1 1.2239 1.2239 1.2239 0 2.66667
19 1 1.2239 1.2239 1.2239 0 2.66667
23 1 1.2239 1.2239 1.2239 0 2.66667
25 1 1.15992 1.15992 1.15992 0 2.66667
26 1 0.797266 0.797266 0.797266 0 2.66667
28 1 0.309259 0.309259 0.309259 0 0.666667
4 1 0.303792 0.303792 0.303792 0 2.5
36 1 0.18446 0.18446 0.18446 0 0.666667
78 1 0.0808734 0.0808734 0.0808734 0 2.66667
56 1 0.0522748 0.0522748 0.0522748 0 2.8
92 1 0.0460019 0.0460019 0.0460019 0 0.8
58 1 0.0458802 0.0458802 0.0458802 0 2.8
88 1 0.0300986 0.0300986 0.0300986 0 2.8
96 1 0.0190066 0.0190066 0.0190066 5e-09 2.66667
83 1 1e-08 1e-08 1e-08 0 2.66667
86 1 1e-08 1e-08 1e-08 0 0.8
91 1 1e-08 1e-08 1e-08 0 0.666667
93 1 5e-09 5e-09 1e-08 5e-09 2.66667
94 1 5e-09 5e-09 1e-08 5e-09 2.66667
95 1 1e-08 1e-08 1e-08 0 2.66667
5 1 1e-08 1e-08 1e-08 0 2.66667

60 20 2.09098 1.61072 3.6359 1.65219 2.66667
82 13 3.28387 3.02187 3.7394 0.70086 2.66667
17 13 1.93982 1.93982 3.66404 1.72421 2.8
15 10 4.45173 4.45173 4.45173 8.88178e-16 2.66667
97 11 2.56859 2.56859 3.5028 0.934209 2.8
98 1 26.7518 26.7518 26.7518 0 2.66667
79 7 4.06997 1.33972 3.77179 2.25447 0.8
73 2 13.4012 0.0261372 6.71368 6.68755 2.66667
83 2 13.4012 5e-09 6.70061 6.70061 2.66667
6 1 2.48053 2.48053 2.48053 0 2.66667
14 1 1.85846 1.85846 1.85846 0 2.66667
16 1 1.31624 1.31624 1.31624 0 2.66667
24 1 1.29627 1.29627 1.29627 0 2.66667
18 1 1.22392 1.22392 1.22392 0 2.66667
21 1 1.2239 1.2239 1.2239 0 2.66667
22 1 1.2239 1.2239 1.2239 0 2.66667
19 1 1.2239 1.2239 1.2239 0 2.66667
23 1 1.2239 1.2239 1.2239 0 2.66667
25 1 1.15992 1.15992 1.15992 0 2.66667
26 1 0.797266 0.797266 0.797266 0 2.66667
28 1 0.309259 0.309259 0.309259 0 0.666667
4 1 0.303792 0.303792 0.303792 0 2.5
36 1 0.18446 0.18446 0.18446 0 0.666667
78 1 0.0808734 0.0808734 0.0808734 0 2.66667
56 1 0.0522748 0.0522748 0.0522748 0 2.8
100 1 0.0522748 0.0522748 0.0522748 0 2.88889
92 1 0.0460019 0.0460019 0.0460019 0 0.8
58 1 0.0458802 0.0458802 0.0458802 0 2.8
88 1 0.0300986 0.0300986 0.0300986 0 2.8
86 1 1e-08 1e-08 1e-08 0 0.8
91 1 1e-08 1e-08 1e-08 0 0.666667

60 20 2.96627 2.96627 4.17125 1.20499 2.8
102 1 55.8258 55.8258 55.8258 0 2.66667
17 13 2.32779 2.32779 4.03503 1.70724 2.8
79 7 16.8613 5.55028 7.16614 3.95803 0.8
82 10 1.60537 1.60537 4.23256 2.62719 2.66667
97 10 1.90266 1.90266 4.18597 2.28331 2.8
15 8 1.53508 1.53508 4.22881 2.69373 3.16667
98 6 4.46708 4.45863 4.46144 0.00398376 2.66667
6 1 2.48053 2.48053 2.48053 0 2.66667
14 1 1.85846 1.85846 1.85846 0 2.66667
16 1 1.31624 1.31624 1.31624 0 2.66667
24 1 1.29627 1.29627 1.29627 0 2.66667
18 1 1.22392 1.22392 1.22392 0 2.66667
21 1 1.2239 1.2239 1.2239 0 2.66667
22 1 1.2239 1.2239 1.2239 0 2.66667
19 1 1.2239 1.2239 1.2239 0 2.66667
23 1 1.2239 1.2239 1.2239 0 2.66667
25 1 1.15992 1.15992 1.15992 0 2.66667
26 1 0.797266 0.797266 0.797266 0 2.66667
28 1 0.309259 0.309259 0.309259 0 0.666667
4 1 0.303792 0.303792 0.303792 0 2.5
36 1 0.18446 0.18446 0.18446 0 0.666667
78 1 0.0808734 0.0808734 0.0808734 0 2.66667
56 1 0.0522748 0.0522748 0.0522748 0 2.8
73 1 0.0522744 0.0522744 0.0522744 0 2.8
92 1 0.0460019 0.0460019 0.0460019 0 0.8
58 1 0.0458802 0.0458802 0.0458802 0 2.8
100 1 0.0261374 0.0261374 0.0409541 0.0148167 2.88889
88 1 0.0300986 0.0300986 0.0300986 0 2.8
108 1 1e-08 1e-08 1e-08 0 0.666667
107 1 1e-08 1e-08 1e-08 0 2.66667
106 1 1e-08 1e-08 1e-08 0 2.66667
105 1 1e-08 1e-08 1e-08 0 2.8
104 1 1e-08 1e-08 1e-08 0 2.85714

60 31 3.2705 3.2705 4.1145 0.844 2.66667
97 10 5.13718 5.13718 5.13718 8.88178e-16 2.8
15 8 5.56466 5.56466 5.56466 8.88178e-16 2.66667
17 10 1.57283 1.57283 4.20437 2.63154 2.8
102 10 1.50881 1.50881 4.15893 2.65012 2.66667
79 8 3.68841 1.21412 4.27434 2.86955 0.8
98 4 6.68794 6.68794 6.68794 0 2.66667
82 5 10.2744 2e-09 4.11184 5.03168 2.66667
6 1 2.48053 2.48053 2.48053 0 2.66667
14 1 1.85846 1.85846 1.85846 0 2.66667
16 1 1.31624 1.31624 1.31624 0 2.66667
24 1 1.29627 1.29627 1.29627 0 2.66667
18 1 1.22392 1.22392 1.22392 0 2.66667
21 1 1.2239 1.2239 1.2239 0 2.66667
22 1 1.2239 1.2239 1.2239 0 2.66667
19 1 1.2239 1.2239 1.2239 0 2.66667
23 1 1.2239 1.2239 1.2239 0 2.66667
25 1 1.15992 1.15992 1.15992 0 2.66667
26 1 0.797266 0.797266 0.797266 0 2.66667
28 1 0.309259 0.309259 0.309259 0 0.666667
4 1 0.303792 0.303792 0.303792 0 2.5
36 1 0.18446 0.18446 0.18446 0 0.666667
78 1 0.0808734 0.0808734 0.0808734 0 2.66667

115 1 127.55 127.55 127.55 0 0.8
60 18 1.70066 1.70066 5.9712 4.27054 2.66667
113 2 25.6859 25.6859 25.6859 0 2.66667
102 8 2.58819 2.53754 6.37402 3.83019 2.66667
79 8 14.7536 4.8565 6.09553 3.27246 0.8
17 8 2.5302 2.5302 6.02084 3.49063 2.8
97 7 2.05487 2.05487 6.47407 4.4192 2.8
15 7 2.47318 2.47318 6.35961 3.88643 3.16667
98 4 6.68794 6.68794 6.68794 0 2.66667
6 1 2.48053 2.48053 2.48053 0 2.66667
14 1 1.85846 1.85846 1.85846 0 2.66667
16 1 1.31624 1.31624 1.31624 0 2.66667
24 1 1.29627 1.29627 1.29627 0 2.66667
18 1 1.22392 1.22392 1.22392 0 2.66667
23 1 1.2239 1.2239 1.2239 0 2.66667
19 1 1.2239 1.2239 1.2239 0 2.66667
22 1 1.2239 1.2239 1.2239 0 2.66667
21 1 1.2239 1.2239 1.2239 0 2.66667
25 1 1.15992 1.15992 1.15992 0 2.66667
26 1 0.797266 0.797266 0.797266 0 2.66667
28 1 0.309259 0.309259 0.309259 0 0.666667
4 1 0.303792 0.303792 0.303792 0 2.5
36 1 0.18446 0.18446 0.18446 0 0.666667
78 1 0.0808734 0.0808734 0.0808734 0 2.66667
82 1 0.0174249 0.0174249 0.0174249 6.66667e-09 2.66667
114 1 1e-08 1e-08 1e-08 0 0.666667
116 1 5e-09 5e-09 1e-08 5e-09 3.16667
117 1 1e-08 1e-08 1e-08 0 2.8
118 1 1e-08 1e-08 1e-08 0 2.8

117 9 14.1722 1.11111e-09 12.5975 4.45388 2.8
60 14 4.25165 4.25165 7.35879 3.10714 2.66667
115 12 3.44741 3.44728 7.48384 4.03655 0.857143
119 4 31.8874 2.5e-09 15.9455 15.9418 2.66667
17 8 7.27434 7.27434 7.27434 0 2.8
97 7 7.33883 7.33883 7.33883 0 2.8
102 7 2.2776 2.23303 7.03084 4.78511 2.66667
15 6 6.35961 6.35961 7.41955 1.05994 2.66667
113 6 4.67016 4.67016 7.00579 2.33563 2.8
79 5 5.36496 1.76621 7.09596 4.82728 0.8
98 3 6.68794 6.68794 8.91725 2.22931 2.66667
6 1 2.48053 2.48053 2.48053 0 2.66667
14 1 1.85846 1.85846 1.85846 0 2.66667
16 1 1.31624 1.31624 1.31624 0 2.66667
24 1 1.29627 1.29627 1.29627 0 2.66667
18 1 1.22392 1.22392 1.22392 0 2.66667
19 1 1.2239 1.2239 1.2239 0 2.66667
22 1 1.2239 1.2239 1.2239 0 2.66667
21 1 1.2239 1.2239 1.2239 0 2.66667
23 1 1.2239 1.2239 1.2239 0 2.66667
25 1 1.15992 1.15992 1.15992 0 2.66667
26 1 0.797266 0.797266 0.797266 0 2.66667
28 1 0.309259 0.309259 0.309259 0 0.666667
4 1 0.303792 0.303792 0.303792 0 2.5
36 1 0.18446 0.18446 0.18446 0 0.666667
78 1 0.0808734 0.0808734 0.0808734 0 2.66667
82 1 0.0522747 0.0522747 0.0522747 0 2.66667
114 1 1e-08 1e-08 1e-08 0 0.666667
116 1 1e-08 1e-08 1e-08 0 3.16667
118 1 1e-08 1e-08 1e-08 0 2.8

119 1 127.55 127.55 127.55 0 2.66667
115 14 4.55551 4.55534 7.48415 2.92879 0.857143
117 13 1.78477 1.77152 7.63932 5.86678 2.8
79 5 23.6058 7.77131 10.9472 6.32932 0.8
60 7 18.2214 1.42857e-09 7.80915 9.01723 0.666667
113 6 8.56197 8.56197 8.56197 0 2.66667
17 6 2.90974 2.90974 8.32727 5.41754 2.8
102 6 3.90134 3.72172 8.08226 4.29389 2.66667
15 6 7.41955 7.41955 7.41955 0 3.16667
97 5 3.66942 3.66942 8.07389 4.40448 2.8
98 3 8.91725 8.91725 8.91725 0 2.66667
6 1 2.48053 2.48053 2.48053 0 2.66667
14 1 1.85846 1.85846 1.85846 0 2.66667
16 1 1.31624 1.31624 1.31624 0 2.66667
24 1 1.29627 1.29627 1.29627 0 2.66667
18 1 1.22392 1.22392 1.22392 0 2.66667
23 1 1.2239 1.2239 1.2239 0 2.66667
21 1 1.2239 1.2239 1.2239 0 2.66667
22 1 1.2239 1.2239 1.2239 0 2.66667
19 1 1.2239 1.2239 1.2239 0 2.66667
25 1 1.15992 1.15992 1.15992 0 2.66667
26 1 0.797266 0.797266 0.797266 0 2.66667
28 1 0.309259 0.309259 0.309259 0 0.666667
4 1 0.303792 0.303792 0.303792 0 2.5
36 1 0.18446 0.18446 0.18446 0 0.666667
78 1 0.0808734 0.0808734 0.0808734 0 2.66667
82 1 0.0522747 0.0522747 0.0522747 0 2.66667
114 1 1e-08 1e-08 1e-08 0 0.666667
116 1 1e-08 1e-08 1e-08 0 3.16667
118 1 1e-08 1e-08 1e-08 0 2.8
120 1 1e-08 1e-08 1e-08 0 0.666667
121 1 1e-08 1e-08 1e-08 0 2.85714
122 1 1e-08 1e-08 1e-08 0 2.8
123 1 1e-08 1e-08 1e-08 0 2.8

126 1 127.55 127.55 127.55 0 2.8
115 14 4.42968 4.39826 8.48466 4.08387 1.3
117 13 8.56692 8.5033 8.51339 0.0229543 2.8
119 11 3.11096 3.11096 8.77066 5.6597 2.66667
102 6 9.75335 9.30431 9.472 0.150761 2.66667
97 5 10.2744 10.2744 10.2744 0 2.8
113 5 3.02187 3.02187 9.17124 6.14937 2.66667
15 5 7.41955 7.41955 8.90346 1.48391 3.66667
60 3 42.5165 3.33333e-09 14.1722 20.0425 0.666667
79 4 6.55717 2.16493 9.28411 5.39069 0.8
17 4 3.63717 3.63717 9.16097 5.5238 2.85714
98 3 8.91725 8.91725 8.91725 0 2.66667
6 1 2.48053 2.48053 2.48053 0 2.66667
14 1 1.85846 1.85846 1.85846 0 2.66667
16 1 1.31624 1.31624 1.31624 0 2.66667
24 1 1.29627 1.29627 1.29627 0 2.66667
18 1 1.22392 1.22392 1.22392 0 2.66667
19 1 1.2239 1.2239 1.2239 0 2.66667
22 1 1.2239 1.2239 1.2239 0 2.66667
21 1 1.2239 1.2239 1.2239 0 2.66667
23 1 1.2239 1.2239 1.2239 0 2.66667
25 1 1.15992 1.15992 1.15992 0 2.66667
26 1 0.797266 0.797266 0.797266 0 2.66667
28 1 0.309259 0.309259 0.309259 0 0.666667
4 1 0.303792 0.303792 0.303792 0 2.5
36 1 0.18446 0.18446 0.18446 0 0.666667
78 1 0.0808734 0.0808734 0.0808734 0 2.66667
82 1 0.0522747 0.0522747 0.0522747 0 2.66667
129 1 1e-08 1e-08 1e-08 0 3.66667
128 1 1e-08 1e-08 1e-08 0 0.8
127 1 1e-08 1e-08 1e-08 0 2.66667
125 1 1e-08 1e-08 1e-08 0 2.8
124 1 5e-09 5e-09 1e-08 5e-09 0.8
123 1 1e-08 1e-08 1e-08 0 2.8
122 1 5e-09 5e-09 1e-08 5e-09 2.85714
121 1 1e-08 1e-08 1e-08 0 2.85714
120 1 1.42857e-09 1.42857e-09 1e-08 8.57143e-09 2.66667
118 1 1e-08 1e-08 1e-08 0 2.8
116 1 1e-08 1e-08 1e-08 0 3.16667

126 13 1.76033 1.74725 8.58132 6.83114 2.66667
115 12 9.11674 6.14972 8.86588 0.818707 0.8
119 11 7.97184 7.97184 8.69656 0.724713 2.66667
124 3 42.518 3.33333e-09 28.3453 20.0432 0.8
79 4 29.5073 9.74217 19.6247 9.88255 0.8
117 8 14.2782 1.11111e-09 8.87086 6.87142 2.8
17 3 19.3982 19.3982 19.3982 0 2.8
113 6 4.67016 4.67016 8.56197 3.8918 2.66667
102 5 4.18001 4.06715 9.12749 5.0155 2.66667
97 5 4.67016 4.67016 8.4063 3.73613 2.8
15 4 6.35961 6.35961 9.53942 3.17981 3.66667
98 4 14.5487 6.68794 8.65312 3.4038 2.66667
6 1 2.48053 2.48053 2.48053 0 2.66667
14 1 1.85846 1.85846 1.85846 0 2.66667
16 1 1.31624 1.31624 1.31624 0 2.66667
24 1 1.29627 1.29627 1.29627 0 2.66667
18 1 1.22392 1.22392 1.22392 0 2.66667
19 1 1.2239 1.2239 1.2239 0 2.66667
22 1 1.2239 1.2239 1.2239 0 2.66667
21 1 1.2239 1.2239 1.2239 0 2.66667
23 1 1.2239 1.2239 1.2239 0 2.66667
25 1 1.15992 1.15992 1.15992 0 2.66667
26 1 0.797266 0.797266 0.797266 0 2.66667
28 1 0.309259 0.309259 0.309259 0 0.666667
4 1 0.303792 0.303792 0.303792 0 2.5
36 1 0.18446 0.18446 0.18446 0 0.666667
78 1 0.0808734 0.0808734 0.0808734 0 2.66667
133 1 0.0522748 0.0522748 0.0522748 0 2.8
82 1 0.0522747 0.0522747 0.0522747 0 2.66667
135 1 5e-09 5e-09 1e-08 5e-09 2.66667
134 1 1e-08 1e-08 1e-08 0 0.8
132 1 1e-08 1e-08 1e-08 0 2.8
131 1 1e-08 1e-08 1e-08 0 0.8
130 1 1e-08 1e-08 1e-08 0 0.666667
118 1 1e-08 1e-08 1e-08 0 2.8

137 1 128.501 128.501 128.501 0 0.8
126 15 2.67716 2.65728 7.6259 4.96233 2.8
115 13 2.3789 2.3636 7.80634 5.43917 0.857143
102 5 11.704 11.388 11.5144 0.154805 2.66667
79 7 6.94288 2.29227 8.02434 3.19734 0.8
113 7 5.13718 5.13718 7.33883 2.20165 2.66667
97 5 10.2744 10.2744 10.2744 0 3.35714
15 4 11.1293 11.1293 11.1293 0 2.66667
17 4 5.81947 5.81947 8.88168 3.06221 2.8
119 4 15.9437 0.00370413 7.9744 7.96928 2.66667
98 3 8.91725 8.91725 8.91725 0 2.66667
124 1 13.0092 13.0092 13.0092 8.75e-09 0.8
6 1 2.48053 2.48053 2.48053 0 2.66667
14 1 1.85846 1.85846 1.85846 0 2.66667
16 1 1.31624 1.31624 1.31624 0 2.66667
24 1 1.29627 1.29627 1.29627 0 2.66667
18 1 1.22392 1.22392 1.22392 0 2.66667
23 1 1.2239 1.2239 1.2239 0 2.66667
21 1 1.2239 1.2239 1.2239 0 2.66667
22 1 1.2239 1.2239 1.2239 0 2.66667
19 1 1.2239 1.2239 1.2239 0 2.66667
25 1 1.15992 1.15992 1.15992 0 2.66667
26 1 0.797266 0.797266 0.797266 0 2.66667
28 1 0.309259 0.309259 0.309259 0 0.666667
4 1 0.303792 0.303792 0.303792 0 2.5
36 1 0.18446 0.18446 0.18446 0 0.666667
78 1 0.0808734 0.0808734 0.0808734 0 2.66667
82 1 0.0522747 0.0522747 0.0522747 0 2.66667
138 1 8.39061e-05 8.39061e-05 8.39061e-05 0 1.35714
134 1 1e-08 1e-08 1e-08 0 0.8
132 1 3.33333e-09 3.33333e-09 1e-08 6.66667e-09 2.8
130 1 1e-08 1e-08 1e-08 0 0.666667
136 1 1e-08 1e-08 1e-08 0 2.8
117 1 2e-09 2e-09 1e-08 8e-09 2.8

115 10 6.11741 6.07783 12.7683 6.68562 1.3
124 3 42.8112 34.6912 40.1045 3.82778 0.857143
126 8 14.2507 14.1716 14.1931 0.0334243 2.8
137 8 2.99157 2.98846 13.0578 10.0689 0.8
132 8 12.755 12.755 12.775 0.0200934 2.8
119 4 31.8874 1.21575 24.2195 13.2812 2.66667
141 2 64.2519 5e-09 32.1259 32.1259 2.8
117 5 21.2583 1.66667e-09 12.755 10.4144 2.8
17 4 14.5487 14.5487 14.5487 0 2.8
97 4 12.843 12.843 12.843 0 3.35714
139 1 51.3718 51.3718 51.3718 0 3.35714
79 3 7.37682 7.37682 16.3797 9.00285 0.8
113 3 3.95168 3.95168 15.8077 11.856 2.66667
15 3 11.1293 11.1293 14.8391 3.70977 3.66667
134 3 42.5448 3.33333e-09 14.1816 20.0558 0.8
140 3 42.5165 0.00987769 14.1813 20.036 2.8
102 3 3.08 3.08 13.487 10.407 3.16667
98 2 8.91725 8.91725 13.3759 4.45863 2.66667
6 1 2.48053 2.48053 2.48053 0 2.66667
14 1 1.85846 1.85846 1.85846 0 2.66667
4 1 1.31544 1.31544 1.46734 0.151896 2.5
16 1 1.31624 1.31624 1.31624 0 2.66667
24 1 1.29627 1.29627 1.29627 0 2.66667
18 1 1.22392 1.22392 1.22392 0 2.66667
19 1 1.2239 1.2239 1.2239 0 2.66667
22 1 1.2239 1.2239 1.2239 0 2.66667
21 1 1.2239 1.2239 1.2239 0 2.66667
23 1 1.2239 1.2239 1.2239 0 2.66667
25 1 1.15992 1.15992 1.15992 0 2.66667
26 1 0.797266 0.797266 0.797266 0 2.66667
28 1 0.309259 0.309259 0.309259 0 0.666667
36 1 0.18446 0.18446 0.18446 0 0.666667
78 1 0.0808734 0.0808734 0.0808734 0 2.66667
82 1 0.0522747 0.0522747 0.0522747 0 2.66667
142 1 0.0522556 0.0522556 0.0522556 0 2.85714
145 1 0.0296342 0.0296342 0.0296342 0 1.35714
138 1 8.39061e-05 8.39061e-05 8.39061e-05 0 1.35714
130 1 1e-08 1e-08 1e-08 0 0.666667
143 1 1e-08 1e-08 1e-08 0 2.85714
144 1 1e-08 1e-08 1e-08 0 2.85714

145 3 42.7522 42.7522 42.7522 0 2.8
126 2 63.7776 63.7776 63.7776 0 2.8
146 2 63.7745 63.7721 63.7733 0.00119768 2.8
79 4 29.5073 29.5073 29.5073 0 0.8
124 8 10.7073 10.6311 14.4359 3.74159 0.8
137 7 8.56692 8.56692 14.7642 6.19731 2.85714
115 7 3.29839 3.27749 14.0945 10.8075 1.3
132 6 5.54563 5.54563 13.8648 8.31917 2.8
119 5 6.1104 6.07379 15.8932 9.81206 2.66667
102 3 19.5067 19.5067 19.5067 0 2.66667
113 3 17.1239 17.1239 17.1239 0 2.66667
97 3 4.67016 4.67016 15.5622 10.892 2.8
17 3 4.47652 4.47652 14.9217 10.4452 2.8
15 3 14.8391 14.8391 14.8391 0 3.16667
139 2 6.42148 6.42148 19.2644 12.843 3.35714
141 2 18.3577 18.2214 18.2932 0.0682609 2.8
98 1 13.3759 13.3759 26.7518 13.3759 2.66667
6 1 2.48053 2.48053 2.48053 0 2.66667
14 1 1.85846 1.85846 1.85846 0 2.66667
16 1 1.31624 1.31624 1.31624 0 2.66667
24 1 1.29627 1.29627 1.29627 0 2.66667
18 1 1.22392 1.22392 1.22392 0 2.66667
23 1 1.2239 1.2239 1.2239 0 2.66667
21 1 1.2239 1.2239 1.2239 0 2.66667
22 1 1.2239 1.2239 1.2239 0 2.66667
19 1 1.2239 1.2239 1.2239 0 2.66667
25 1 1.15992 1.15992 1.15992 0 2.66667
26 1 0.797266 0.797266 0.797266 0 2.66667
28 1 0.309259 0.309259 0.309259 0 0.666667
36 1 0.18446 0.18446 0.18446 0 0.666667
78 1 0.0808734 0.0808734 0.0808734 0 2.66667
82 1 0.0522747 0.0522747 0.0522747 0 2.66667
130 1 0.0110003 0.0110003 0.0110003 5e-09 0.666667
143 1 1e-08 1e-08 1e-08 0 2.85714
144 1 1e-08 1e-08 1e-08 0 2.88889
117 1 5e-09 5e-09 1e-08 5e-09 2.8
147 1 1e-08 1e-08 1e-08 0 2.88889
148 1 5e-09 5e-09 1e-08 5e-09 2.8
149 1 1e-08 1e-08 1e-08 0 2.85714
150 1 1e-08 1e-08 1e-08 0 2.85714
151 1 1e-08 1e-08 1e-08 0 0.8
152 1 1e-08 1e-08 1e-08 0 2.8

146 1 127.569 127.569 127.569 0 0.8
119 8 15.9437 15.9437 15.9437 3.55271e-15 2.8
145 10 2.79356 2.78818 11.4214 8.63032 2.8
124 10 3.6143 3.5676 11.1124 7.53973 0.8
137 9 4.79814 4.7594 11.2509 6.48663 2.8
126 6 8.03148 7.9718 11.9692 3.98747 2.8
79 6 9.83575 9.83575 11.857 2.02126 0.8
132 2 63.7748 0.0758039 31.9253 31.8495 2.8
102 3 19.5067 19.5067 19.5067 0 2.66667
17 3 19.3982 19.3982 19.3982 0 2.8
113 3 17.1239 17.1239 17.1239 0 2.66667
97 4 10.2744 10.2744 12.843 2.56859 2.8
15 3 14.8391 14.8391 14.8391 0 2.66667
98 1 26.7518 26.7518 26.7518 0 2.66667
6 1 2.48053 2.48053 2.48053 0 2.66667
14 1 1.85846 1.85846 1.85846 0 2.66667
16 1 1.31624 1.31624 1.31624 0 2.66667
24 1 1.29627 1.29627 1.29627 0 2.66667
18 1 1.22392 1.22392 1.22392 0 2.66667
23 1 1.2239 1.2239 1.2239 0 2.66667
21 1 1.2239 1.2239 1.2239 0 2.66667
22 1 1.2239 1.2239 1.2239 0 2.66667
19 1 1.2239 1.2239 1.2239 0 2.66667
25 1 1.15992 1.15992 1.15992 0 2.66667
26 1 0.797266 0.797266 0.797266 0 2.66667
28 1 0.309259 0.309259 0.309259 0 0.666667
36 1 0.18446 0.18446 0.18446 0 0.666667
78 1 0.0808734 0.0808734 0.0808734 0 2.66667
82 1 0.0522747 0.0522747 0.0522747 0 2.66667
143 1 1e-08 1e-08 1e-08 0 2.85714
144 1 3.33333e-09 3.33333e-09 1e-08 6.66667e-09 3.35714
117 1 5e-09 5e-09 1e-08 5e-09 2.8
153 1 1e-08 1e-08 1e-08 0 2.8
154 1 1e-08 1e-08 1e-08 0 2.8

155 1 129.55 129.55 129.55 0 2.85714
159 1 128.44 128.44 128.44 0 0.8
160 1 128.318 128.318 128.318 0 2.8
119 9 4.93532 4.90575 14.1853 9.26643 2.66667
145 8 5.14015 5.13026 14.0702 8.93223 2.8
146 7 2.7684 2.73378 14.0768 11.333 0.8
137 6 5.182 5.14015 13.7087 8.56158 2.8
79 6 7.8686 7.8686 13.6984 5.82984 0.8
156 2 64.2583 5e-09 32.1292 32.1292 0.8
102 4 14.63 14.63 14.63 0 2.66667
17 3 19.3982 19.3982 19.3982 0 2.8
132 4 18.2214 0.0216583 13.6823 7.88071 2.8
113 3 17.1239 17.1239 17.1239 0 2.66667
97 3 12.843 12.843 17.1239 4.28098 2.8
15 3 14.8391 14.8391 14.8391 0 3.16667
98 1 26.7518 26.7518 26.7518 0 2.66667
6 1 2.48053 2.48053 2.48053 0 2.66667
14 1 1.85846 1.85846 1.85846 0 2.66667
16 1 1.31624 1.31624 1.31624 0 2.66667
24 1 1.29627 1.29627 1.29627 0 2.66667
18 1 1.22392 1.22392 1.22392 0 2.66667
23 1 1.2239 1.2239 1.2239 0 2.66667
21 1 1.2239 1.2239 1.2239 0 2.66667
19 1 1.2239 1.2239 1.2239 0 2.66667
22 1 1.2239 1.2239 1.2239 0 2.66667
25 1 1.15992 1.15992 1.15992 0 2.66667
26 1 0.797266 0.797266 0.797266 0 2.66667
28 1 0.309259 0.309259 0.309259 0 0.666667
36 1 0.18446 0.18446 0.18446 0 0.666667
78 1 0.0808734 0.0808734 0.0808734 0 2.66667
82 1 0.0522747 0.0522747 0.0522747 0 2.66667
143 1 1e-08 1e-08 1e-08 0 2.85714
144 1 1e-08 1e-08 1e-08 0 2.88889
154 1 5e-09 5e-09 1e-08 5e-09 2.66667
157 1 1e-08 1e-08 1e-08 0 2.66667
158 1 1e-08 1e-08 1e-08 0 2.66667

155 11 4.17903 4.14528 9.41639 5.25273 2.85714
145 10 8.57582 8.5033 10.2589 1.70188 2.8
159 10 3.06494 3.0581 10.1074 7.04841 0.8
160 10 4.93532 4.90575 9.83823 4.90587 2.66667
146 4 32.5287 2.5e-09 24.3701 14.0701 0.8
79 7 6.94288 6.94288 10.4575 3.51462 0.8
161 2 63.7771 5e-09 31.8885 31.8885 0.857143
17 3 19.3982 19.3982 19.3982 0 2.8
97 3 17.1239 17.1239 17.1239 0 2.8
113 3 17.1239 17.1239 17.1239 0 2.66667
102 5 8.36001 8.36001 10.032 1.672 2.66667
15 3 14.8391 14.8391 14.8391 0 2.66667
98 1 26.7518 26.7518 26.7518 0 2.66667
6 1 2.48053 2.48053 2.48053 0 2.66667
14 1 1.85846 1.85846 1.85846 0 2.66667
16 1 1.31624 1.31624 1.31624 0 2.66667
24 1 1.29627 1.29627 1.29627 0 2.66667
18 1 1.22392 1.22392 1.22392 0 2.66667
23 1 1.2239 1.2239 1.2239 0 2.66667
21 1 1.2239 1.2239 1.2239 0 2.66667
19 1 1.2239 1.2239 1.2239 0 2.66667
22 1 1.2239 1.2239 1.2239 0 2.66667
25 1 1.15992 1.15992 1.15992 0 2.66667
26 1 0.797266 0.797266 0.797266 0 2.66667
28 1 0.309259 0.309259 0.309259 0 0.666667
36 1 0.18446 0.18446 0.18446 0 0.666667
78 1 0.0808734 0.0808734 0.0808734 0 2.66667
82 1 0.0522747 0.0522747 0.0522747 0 2.66667
162 1 1e-08 1e-08 1e-08 0 2.88889
119 1 2e-09 2e-09 1e-08 8e-09 2.66667
154 1 1e-08 1e-08 1e-08 0 2.8
144 1 1e-08 1e-08 1e-08 0 2.88889
143 1 1e-08 1e-08 1e-08 0 2.85714
156 1 1e-08 1e-08 1e-08 0 0.8

155 9 5.39791 5.39791 12.0132 6.61531 2.8
159 9 3.06494 3.0581 11.7761 8.71699 0.8
162 8 16.0877 1.25e-09 12.0503 6.95726 2.8
79 8 7.8686 7.8686 11.3349 3.46633 0.8
161 7 8.03983 7.97213 11.4479 3.4491 0.857143
145 7 12.8637 1e-09 11.0224 4.49989 0.8
146 6 6.84814 6.84814 11.4245 4.57635 0.857143
144 2 63.7748 5e-09 31.8874 31.8874 2.88889
163 5 25.7007 2e-09 12.418 11.4759 2.88889
102 5 11.704 11.704 11.704 0 2.66667
113 3 17.1239 17.1239 17.1239 0 2.66667
97 4 12.843 12.843 12.843 0 3.35714
15 3 14.8391 14.8391 14.8391 0 3.16667
160 3 42.5165 0.0174249 14.2668 19.9758 2.8
17 3 4.84956 4.84956 13.7951 8.94554 2.8
98 1 26.7518 26.7518 26.7518 0 2.66667
6 1 2.48053 2.48053 2.48053 0 2.66667
14 1 1.85846 1.85846 1.85846 0 2.66667
16 1 1.31624 1.31624 1.31624 0 2.66667
24 1 1.29627 1.29627 1.29627 0 2.66667
166 1 0.619316 0.619316 1.23632 0.616999 0.857143
18 1 1.22392 1.22392 1.22392 0 2.66667
22 1 1.2239 1.2239 1.2239 0 2.66667
19 1 1.2239 1.2239 1.2239 0 2.66667
21 1 1.2239 1.2239 1.2239 0 2.66667
23 1 1.2239 1.2239 1.2239 0 2.66667
25 1 1.15992 1.15992 1.15992 0 2.66667
26 1 0.797266 0.797266 0.797266 0 2.66667
28 1 0.309259 0.309259 0.309259 0 0.666667
36 1 0.18446 0.18446 0.18446 0 0.666667
78 1 0.0808734 0.0808734 0.0808734 0 2.66667
82 1 0.0522747 0.0522747 0.0522747 0 2.66667
165 1 0.029638 0.029638 0.029638 0 0.857143
154 1 1e-08 1e-08 1e-08 0 2.8

173 1 127.55 127.55 127.55 0 2.8
145 10 10.8438 10.8413 11.9153 1.07249 0.8
79 9 6.94288 6.94288 12.4663 5.52338 0.8
159 9 6.77625 6.7613 12.0227 5.25804 0.8
155 8 1.87753 1.87753 11.8532 9.9757 2.8
161 8 11.6829 11.5946 11.8395 0.234434 0.857143
146 2 65.0574 0.619316 32.8383 32.219 0.857143
169 4 32.216 2.5e-09 16.0684 16.0685 2.85714
160 2 63.7748 0.0261374 31.9004 31.8743 2.66667
17 3 19.3982 19.3982 19.3982 0 2.8
113 4 10.2744 10.2744 12.843 2.56859 2.66667
97 4 12.843 12.843 12.843 0 2.8
102 3 3.44236 3.44236 14.8524 11.41 2.66667
15 3 14.8391 14.8391 14.8391 0 3.16667
98 1 26.7518 26.7518 26.7518 0 2.66667
6 1 2.48053 2.48053 2.48053 0 2.66667
14 1 1.85846 1.85846 1.85846 0 2.66667
16 1 1.31624 1.31624 1.31624 0 2.66667
24 1 1.29627 1.29627 1.29627 0 2.66667
18 1 1.22392 1.22392 1.22392 0 2.66667
22 1 1.2239 1.2239 1.2239 0 2.66667
19 1 1.2239 1.2239 1.2239 0 2.66667
21 1 1.2239 1.2239 1.2239 0 2.66667
23 1 1.2239 1.2239 1.2239 0 2.66667
25 1 1.15992 1.15992 1.15992 0 2.66667
168 1 0.79912 0.79912 0.79912 0 2.85714
26 1 0.797266 0.797266 0.797266 0 2.66667
28 1 0.309259 0.309259 0.309259 0 0.666667
36 1 0.18446 0.18446 0.18446 0 0.666667
78 1 0.0808734 0.0808734 0.0808734 0 2.66667
82 1 0.0522747 0.0522747 0.0522747 0 2.66667
175 1 1e-08 1e-08 1e-08 0 0.8
174 1 1e-08 1e-08 1e-08 0 2.66667
162 1 3.33333e-09 3.33333e-09 1e-08 6.66667e-09 2.90909
172 1 1e-08 1e-08 1e-08 0 2.66667
171 1 1e-08 1e-08 1e-08 0 0.8
170 1 1e-08 1e-08 1e-08 0 2.88889
144 1 5e-09 5e-09 1e-08 5e-09 2.88889
167 1 5e-09 5e-09 1e-08 5e-09 2.66667
154 1 5e-09 5e-09 1e-08 5e-09 2.8
163 1 1e-08 1e-08 1e-08 0 2.85714

159 10 12.8635 12.7564 12.8423 0.0293809 0.8
179 1 127.584 127.584 127.584 0 0.888889
161 10 9.17945 9.11068 11.8514 2.73321 2.85714
145 8 3.5169 3.51661 12.293 8.77625 0.8
155 4 32.3875 2.5e-09 24.2906 14.0242 2.85714
173 8 4.04843 4.04843 12.0566 8.0082 2.85714
79 7 5.66498 4.91788 12.1584 7.13861 0.8
102 3 19.5067 19.5067 19.5067 0 2.66667
97 4 12.843 12.843 12.843 0 2.8
113 4 12.843 12.843 12.843 0 2.66667
17 4 4.84956 4.84956 11.4697 6.62016 2.85714
15 3 14.8391 14.8391 14.8391 0 3.16667
160 2 14.1722 14.1722 14.2224 0.0502039 2.66667
98 1 26.7518 26.7518 26.7518 0 2.66667
169 2 12.8864 12.8864 12.889 0.00261375 0.888889
6 1 2.48053 2.48053 2.48053 0 2.66667
14 1 1.85846 1.85846 1.85846 0 2.66667
16 1 1.31624 1.31624 1.31624 0 2.66667
24 1 1.29627 1.29627 1.29627 0 2.66667
18 1 1.22392 1.22392 1.22392 0 2.66667
23 1 1.2239 1.2239 1.2239 0 2.66667
21 1 1.2239 1.2239 1.2239 0 2.66667
19 1 1.2239 1.2239 1.2239 0 2.66667
22 1 1.2239 1.2239 1.2239 0 2.66667
25 1 1.15992 1.15992 1.15992 0 2.66667
146 1 0.412878 0.412878 0.825755 0.412878 1.35714
26 1 0.797266 0.797266 0.797266 0 2.66667
28 1 0.309259 0.309259 0.309259 0 0.666667
36 1 0.18446 0.18446 0.18446 0 0.666667
78 1 0.0808734 0.0808734 0.0808734 0 2.66667
82 1 0.0522747 0.0522747 0.0522747 0 2.66667
180 1 0.0522456 0.0522456 0.0522456 0 2.8
144 1 1e-08 1e-08 1e-08 0 2.88889
154 1 1e-08 1e-08 1e-08 0 2.8
163 1 1e-08 1e-08 1e-08 0 2.85714
176 1 5e-09 5e-09 1e-08 5e-09 0.8
177 1 1e-08 1e-08 1e-08 0 2.85714
178 1 1e-08 1e-08 1e-08 0 0.857143
172 1 1e-08 1e-08 1e-08 0 2.66667
162 1 5e-09 5e-09 1e-08 5e-09 2.88889

145 9 8.13284 8.13217 14.4576 6.32502 0.8
181 1 128.512 128.512 128.512 0 0.857143
173 2 63.7748 63.7748 63.7748 0 2.85714
160 2 63.7748 63.7748 63.7748 0 2.66667
159 8 6.77027 6.7613 14.3645 7.59883 0.8
155 7 3.51686 3.50135 13.4953 9.99098 2.85714
179 6 3.98708 3.98699 14.4048 10.4178 0.888889
161 6 21.2592 1.66667e-09 14.174 10.0198 0.888889
79 5 7.15577 6.21205 13.5312 7.14042 0.8
17 4 14.5487 14.5487 14.5487 0 2.8
102 4 4.91961 4.87667 13.4216 8.5342 2.66667
113 3 12.843 12.843 17.1239 4.28098 2.66667
97 3 5.13718 5.13718 15.4431 10.3059 2.8
15 3 14.8391 14.8391 14.8391 0 3.16667
182 3 42.7925 3.33333e-09 14.2642 20.1726 0.8
98 1 26.7518 26.7518 26.7518 0 2.66667
6 1 2.48053 2.48053 2.48053 0 2.66667
14 1 1.85846 1.85846 1.85846 0 2.66667
16 1 1.31624 1.31624 1.31624 0 2.66667
24 1 1.29627 1.29627 1.29627 0 2.66667
146 1 1.23863 1.23863 1.23863 0 0.857143
18 1 1.22392 1.22392 1.22392 0 2.66667
22 1 1.2239 1.2239 1.2239 0 2.66667
19 1 1.2239 1.2239 1.2239 0 2.66667
23 1 1.2239 1.2239 1.2239 0 2.66667
21 1 1.2239 1.2239 1.2239 0 2.66667
25 1 1.15992 1.15992 1.15992 0 2.66667
26 1 0.797266 0.797266 0.797266 0 2.66667
28 1 0.309259 0.309259 0.309259 0 0.666667
36 1 0.18446 0.18446 0.18446 0 0.666667
78 1 0.0808734 0.0808734 0.0808734 0 2.66667
82 1 0.0522747 0.0522747 0.0522747 0 2.66667
180 1 0.0522456 0.0522456 0.0522456 0 2.8
183 1 1e-08 1e-08 1e-08 0 0.888889
162 1 1e-08 1e-08 1e-08 0 2.88889
172 1 1e-08 1e-08 1e-08 0 2.66667
178 1 1e-08 1e-08 1e-08 0 0.857143
177 1 1e-08 1e-08 1e-08 0 2.85714
163 1 1e-08 1e-08 1e-08 0 2.85714
154 1 1e-08 1e-08 1e-08 0 2.8
144 1 1e-08 1e-08 1e-08 0 2.88889

179 10 11.5988 11.5985 12.756 1.15737 0.857143
160 9 9.11068 9.11068 12.1476 3.03689 2.66667
173 9 5.00477 4.98269 12.0722 7.08621 2.85714
159 8 8.0397 8.02905 13.0494 5.01458 2.8
79 8 15.1066 7.53118 13.0377 2.0808 0.8
145 7 5.00483 5.00479 13.5423 8.53747 0.8
181 7 7.5638 7.55955 12.9276 5.36747 0.857143
155 5 25.9466 2e-09 15.5188 12.6714 2.85714
102 4 14.7588 14.63 14.6622 0.0557805 2.66667
17 4 14.5487 14.5487 14.5487 0 2.8
97 3 17.1239 17.1239 17.1239 0 3.35714
113 3 17.1239 17.1239 17.1239 0 2.66667
161 4 7.50489 7.50319 12.778 5.27435 0.857143
15 3 14.8391 14.8391 14.8391 0 2.66667
183 2 29.448 5e-09 14.724 14.724 0.888889
98 1 26.7518 26.7518 26.7518 0 2.66667
6 1 2.48053 2.48053 2.48053 0 2.66667
14 1 1.85846 1.85846 1.85846 0 2.66667
16 1 1.31624 1.31624 1.31624 0 2.66667
24 1 1.29627 1.29627 1.29627 0 2.66667
146 1 1.23863 1.23863 1.23863 0 0.857143
18 1 1.22392 1.22392 1.22392 0 2.66667
21 1 1.2239 1.2239 1.2239 0 2.66667
23 1 1.2239 1.2239 1.2239 0 2.66667
19 1 1.2239 1.2239 1.2239 0 2.66667
22 1 1.2239 1.2239 1.2239 0 2.66667
25 1 1.15992 1.15992 1.15992 0 2.66667
26 1 0.797266 0.797266 0.797266 0 2.66667
28 1 0.309259 0.309259 0.309259 0 0.666667
36 1 0.18446 0.18446 0.18446 0 0.666667

181 11 11.6895 11.6829 11.6836 0.00188409 0.857143
189 1 128.512 128.512 128.512 0 0.888889
159 10 8.04578 8.02905 11.8046 3.76927 0.8
160 10 6.37748 6.37748 11.4795 5.10198 2.8
179 9 4.11763 4.11568 11.7316 7.6157 0.888889
173 8 4.19755 4.17903 12.6483 8.4625 2.85714
145 6 6.50627 6.50627 13.0135 6.50718 0.8
79 6 7.15577 6.21205 12.104 5.59514 2.8
102 4 5.36685 5.32001 13.161 7.81759 2.66667
97 3 17.1239 17.1239 17.1239 0 3.35714
113 3 17.1239 17.1239 17.1239 0 2.66667
17 3 4.84956 4.84956 15.061 10.2114 2.8
15 3 14.8391 14.8391 14.8391 0 2.66667
98 1 26.7518 26.7518 26.7518 0 2.66667
6 1 2.48053 2.48053 2.48053 0 2.66667
14 1 1.85846 1.85846 1.85846 0 2.66667
16 1 1.31624 1.31624 1.31624 0 2.66667
24 1 1.29627 1.29627 1.29627 0 2.66667
146 1 1.23863 1.23863 1.23863 0 0.857143
18 1 1.22392 1.22392 1.22392 0 2.66667
21 1 1.2239 1.2239 1.2239 0 2.66667
23 1 1.2239 1.2239 1.2239 0 2.66667
19 1 1.2239 1.2239 1.2239 0 2.66667
22 1 1.2239 1.2239 1.2239 0 2.66667
25 1 1.15992 1.15992 1.15992 0 2.66667
26 1 0.797266 0.797266 0.797266 0 2.66667
28 1 0.309259 0.309259 0.309259 0 0.666667
36 1 0.18446 0.18446 0.18446 0 0.666667
155 1 0.017403 0.017403 0.017403 6.66667e-09 2.85714
183 1 1e-08 1e-08 1e-08 0 0.888889
188 1 1e-08 1e-08 1e-08 0 2.85714

179 10 8.50978 8.50575 12.7594 4.25281 0.857143
191 1 127.55 127.55 127.55 0 2.66667
145 8 9.29491 9.29468 13.951 4.65626 0.8
79 7 19.4228 3.82168 15.7303 4.98857 0.8
173 8 5.00477 4.98988 13.7046 8.70956 0.857143
160 8 4.55534 4.55534 13.4267 8.87131 2.8
181 8 3.38381 3.3819 13.0947 9.7125 0.857143
159 7 5.15514 5.14471 13.5423 8.39368 1.3
190 5 25.5173 2e-09 15.3091 12.4998 1.35714
102 4 14.7588 14.63 14.6944 0.0644098 2.66667
17 3 19.3982 19.3982 19.3982 0 2.8
97 3 17.1239 17.1239 17.1239 0 3.35714
113 3 17.1239 17.1239 17.1239 0 2.66667
15 3 14.8391 14.8391 14.8391 0 3.16667
6 1 2.48053 2.48053 2.48053 0 2.66667
14 1 1.85846 1.85846 1.85846 0 2.66667
16 1 1.31624 1.31624 1.31624 0 2.66667
24 1 1.29627 1.29627 1.29627 0 2.66667
146 1 1.23863 1.23863 1.23863 0 0.857143
18 1 1.22392 1.22392 1.22392 0 2.66667
21 1 1.2239 1.2239 1.2239 0 2.66667
23 1 1.2239 1.2239 1.2239 0 2.66667
19 1 1.2239 1.2239 1.2239 0 2.66667
22 1 1.2239 1.2239 1.2239 0 2.66667
25 1 1.15992 1.15992 1.15992 0 2.66667
26 1 0.797266 0.797266 0.797266 0 2.66667
28 1 0.309259 0.309259 0.309259 0 0.666667
36 1 0.18446 0.18446 0.18446 0 0.666667
155 1 0.052209 0.052209 0.052209 0 2.85714
183 1 1e-08 1e-08 1e-08 0 0.888889
189 1 5e-09 5e-09 1e-08 5e-09 0.888889
192 1 1e-08 1e-08 1e-08 0 2.85714
193 1 1e-08 1e-08 1e-08 0 2.66667

145 9 8.13304 8.13284 12.6708 4.53794 0.8
191 9 3.17375 3.11096 12.3511 9.23322 2.66667
173 9 9.99984 9.97975 12.1823 2.20003 2.85714
159 8 8.59191 8.57568 12.8709 4.28674 0.8
179 8 3.67585 3.64665 12.7673 9.11315 0.857143
79 8 9.06397 7.8686 12.267 3.99228 2.8
181 7 6.42923 6.42568 13.6751 7.24875 0.857143
155 3 43.3746 0.017403 28.9082 20.4289 2.85714
160 5 25.5099 2e-09 15.308 12.4947 2.8
102 4 14.7588 14.63 14.6944 0.0644098 2.66667
17 3 19.3982 19.3982 19.3982 0 2.8
97 3 17.1239 17.1239 17.1239 0 2.8
113 3 17.1239 17.1239 17.1239 0 2.66667
15 3 14.8391 14.8391 14.8391 0 2.66667
194 2 13.3759 13.3759 13.3759 0 2.66667
6 1 2.48053 2.48053 2.48053 0 2.66667
14 1 1.85846 1.85846 1.85846 0 2.66667
16 1 1.31624 1.31624 1.31624 0 2.66667
24 1 1.29627 1.29627 1.29627 0 2.66667
146 1 1.23863 1.23863 1.23863 0 0.857143
18 1 1.22392 1.22392 1.22392 0 2.66667
21 1 1.2239 1.2239 1.2239 0 2.66667
23 1 1.2239 1.2239 1.2239 0 2.66667
19 1 1.2239 1.2239 1.2239 0 2.66667
22 1 1.2239 1.2239 1.2239 0 2.66667
25 1 1.15992 1.15992 1.15992 0 2.66667
26 1 0.797266 0.797266 0.797266 0 2.66667
28 1 0.309259 0.309259 0.309259 0 0.666667
36 1 0.18446 0.18446 0.18446 0 0.666667
189 1 1e-08 1e-08 1e-08 0 0.888889
193 1 1e-08 1e-08 1e-08 0 2.66667

191 9 6.84863 6.71313 12.7056 5.97752 2.66667
179 9 9.27107 9.11744 12.2279 3.06938 0.857143
173 9 5.00477 4.98988 12.1972 7.20209 2.85714
181 8 5.59531 5.58755 12.5789 6.98915 0.857143
145 8 5.42203 5.42189 12.1992 6.77726 0.8
159 8 6.13708 6.13012 12.175 6.04289 0.8
196 1 90.4623 90.4623 90.4623 0 0.8
79 7 6.17998 5.36496 12.9042 6.96685 0.8
160 7 14.1722 2.06345 12.4432 4.23717 3.3
102 4 14.7588 14.63 14.6944 0.0644098 2.66667
17 3 19.3982 19.3982 19.3982 0 2.8
97 3 17.1239 17.1239 17.1239 0 2.8
113 3 17.1239 17.1239 17.1239 0 2.66667
15 3 14.8391 14.8391 14.8391 0 2.66667
155 1 18.5711 18.5711 18.5976 0.026479 2.85714
6 1 2.48053 2.48053 2.48053 0 2.66667
14 1 1.85846 1.85846 1.85846 0 2.66667
16 1 1.31624 1.31624 1.31624 0 2.66667
24 1 1.29627 1.29627 1.29627 0 2.66667
146 1 1.23863 1.23863 1.23863 0 0.857143
18 1 1.22392 1.22392 1.22392 0 2.66667
21 1 1.2239 1.2239 1.2239 0 2.66667
23 1 1.2239 1.2239 1.2239 0 2.66667
19 1 1.2239 1.2239 1.2239 0 2.66667
22 1 1.2239 1.2239 1.2239 0 2.66667
25 1 1.15992 1.15992 1.15992 0 2.66667
26 1 0.797266 0.797266 0.797266 0 2.66667
28 1 0.309259 0.309259 0.309259 0 0.666667
36 1 0.18446 0.18446 0.18446 0 0.666667
189 1 1e-08 1e-08 1e-08 0 0.888889
193 1 5e-09 5e-09 1e-08 5e-09 2.85714
195 1 1e-08 1e-08 1e-08 0 0.888889

155 1 129.998 129.998 129.998 0 2.85714
197 4 31.8874 31.8874 31.8874 0 2.8
159 8 9.91374 9.9025 14.8583 4.95113 0.8
145 8 6.84888 6.84872 14.5538 7.70499 0.857143
173 8 5.22135 5.19992 14.3058 9.10127 2.85714
179 7 3.16573 3.13621 16.096 12.9506 1.85714
191 7 5.10198 5.10198 15.4121 10.3101 2.8
181 6 21.6278 1.66667e-09 17.9263 8.01724 1.85714
79 6 7.99762 7.99762 15.8766 7.87894 0.8
198 2 64.346 5e-09 32.173 32.173 1.85714
102 4 14.7588 14.63 14.6944 0.0644098 2.66667
17 3 19.3982 19.3982 19.3982 0 2.8
196 3 6.03082 6.03082 17.7592 11.7284 2.8
97 3 17.1239 17.1239 17.1239 0 2.8
113 3 17.1239 17.1239 17.1239 0 2.66667
15 3 14.8391 14.8391 14.8391 0 3.16667
6 1 2.48053 2.48053 2.48053 0 2.66667
14 1 1.85846 1.85846 1.85846 0 2.66667
16 1 1.31624 1.31624 1.31624 0 2.66667
24 1 1.29627 1.29627 1.29627 0 2.66667
146 1 1.23863 1.23863 1.23863 0 0.857143
18 1 1.22392 1.22392 1.22392 0 2.66667
21 1 1.2239 1.2239 1.2239 0 2.66667
23 1 1.2239 1.2239 1.2239 0 2.66667
19 1 1.2239 1.2239 1.2239 0 2.66667
22 1 1.2239 1.2239 1.2239 0 2.66667
25 1 1.15992 1.15992 1.15992 0 2.66667
26 1 0.797266 0.797266 0.797266 0 2.66667
28 1 0.309259 0.309259 0.309259 0 0.666667
36 1 0.18446 0.18446 0.18446 0 0.666667
189 1 1e-08 1e-08 1e-08 0 0.888889
199 1 1e-08 1e-08 1e-08 0 2.66667

204 1 127.567 127.567 127.567 0 0.8
202 1 127.55 127.55 127.55 0 0.666667
201 2 63.7748 63.7748 63.7748 0 3.3
191 7 18.2214 18.2214 18.2214 0 2.66667
159 7 6.78308 6.77826 17.4098 10.6275 1.3
79 6 11.33 11.33 19.2563 7.92637 1.3
179 6 6.48833 6.4346 18.2396 11.7885 1.85714
155 6 4.42112 4.19755 18.2019 13.9652 2.85714
145 6 7.22941 7.22935 16.8782 9.6488 0.857143
197 5 4.9607 4.90575 19.6514 14.7328 2.8
196 3 30.1541 30.1541 30.1541 0 0.8
200 4 18.5421 18.359 18.499 0.0793357 1.35714
173 3 21.7577 21.499 21.6467 0.107877 2.85714
102 3 14.7588 14.63 19.5926 4.87705 2.66667
17 3 19.3982 19.3982 19.3982 0 2.8
97 3 17.1239 17.1239 17.1239 0 2.8
113 3 17.1239 17.1239 17.1239 0 2.66667
15 2 14.8391 14.8391 22.2586 7.41955 2.66667
6 1 2.48053 2.48053 2.48053 0 2.66667
14 1 1.85846 1.85846 1.85846 0 2.66667
16 1 1.31624 1.31624 1.31624 0 2.66667
24 1 1.29627 1.29627 1.29627 0 2.66667
146 1 1.23863 1.23863 1.23863 0 0.857143
18 1 1.22392 1.22392 1.22392 0 2.66667
21 1 1.2239 1.2239 1.2239 0 2.66667
23 1 1.2239 1.2239 1.2239 0 2.66667
19 1 1.2239 1.2239 1.2239 0 2.66667
22 1 1.2239 1.2239 1.2239 0 2.66667
25 1 1.15992 1.15992 1.15992 0 2.66667
26 1 0.797266 0.797266 0.797266 0 2.66667
28 1 0.309259 0.309259 0.309259 0 0.666667
36 1 0.18446 0.18446 0.18446 0 0.666667
198 1 0.0174171 0.0174171 0.0174171 6.66667e-09 0.888889
199 1 1e-08 1e-08 1e-08 0 2.66667
189 1 1e-08 1e-08 1e-08 0 0.888889
203 1 1e-08 1e-08 1e-08 0 0.888889
181 1 5e-09 5e-09 1e-08 5e-09 0.857143
205 1 1e-08 1e-08 1e-08 0 2.66667

211 1 137.055 137.055 137.055 0 2.88889
202 8 9.19297 9.11068 15.954 6.83306 2.66667
159 7 9.20561 9.20561 17.0935 7.88787 1.3
201 7 9.11068 9.11068 15.6183 6.50763 3.3
200 7 10.8162 10.7256 15.397 4.5971 0.857143
155 6 5.71061 5.42183 17.6788 12.1991 2.85714
204 6 5.42206 5.42201 17.019 11.597 0.8
197 6 9.21272 9.11085 16.7605 7.61263 2.8
179 4 32.1754 2.5e-09 24.1303 13.9316 0.857143
79 5 5.66498 5.66498 18.4007 12.7357 2.8
203 2 64.2566 5e-09 32.1283 32.1283 0.888889
191 4 21.2583 0.0127274 15.9469 9.19958 2.8
102 3 19.6785 19.5067 19.6212 0.0809681 2.66667
17 3 19.3982 19.3982 19.3982 0 2.8
97 3 17.1239 17.1239 17.1239 0 2.8
113 3 17.1239 17.1239 17.1239 0 2.66667
15 2 22.2586 22.2586 22.2586 0 2.66667
196 1 27.196 27.196 27.196 0 2.8
6 1 2.48053 2.48053 2.48053 0 2.66667
14 1 1.85846 1.85846 1.85846 0 2.66667
16 1 1.31624 1.31624 1.31624 0 2.66667
24 1 1.29627 1.29627 1.29627 0 2.66667
146 1 1.23863 1.23863 1.23863 0 0.857143
18 1 1.22392 1.22392 1.22392 0 2.66667
22 1 1.2239 1.2239 1.2239 0 2.66667
19 1 1.2239 1.2239 1.2239 0 2.66667
23 1 1.2239 1.2239 1.2239 0 2.66667
21 1 1.2239 1.2239 1.2239 0 2.66667
25 1 1.15992 1.15992 1.15992 0 2.66667
26 1 0.797266 0.797266 0.797266 0 2.66667
28 1 0.309259 0.309259 0.309259 0 0.666667
36 1 0.18446 0.18446 0.18446 0 0.666667
210 1 0.0522748 0.0522748 0.0522748 0 3.85714
199 1 1e-08 1e-08 1e-08 0 2.66667
189 1 1e-08 1e-08 1e-08 0 0.888889
206 1 1e-08 1e-08 1e-08 0 2.85714
207 1 1e-08 1e-08 1e-08 0 2.8
208 1 1e-08 1e-08 1e-08 0 2.85714
209 1 1e-08 1e-08 1e-08 0 2.85714
145 1 5e-09 5e-09 1e-08 5e-09 0.8

159 9 6.78308 6.78308 13.9536 7.17053 0.8
202 9 3.98851 3.98592 13.2896 9.30341 2.8
79 8 11.33 11.33 14.4837 3.15378 0.8
155 8 14.5054 14.1722 14.4457 0.107961 2.85714
197 8 6.7955 6.71496 14.2299 7.47594 2.8
200 8 4.99214 4.99102 13.4515 8.45966 0.857143
204 8 8.71982 8.67524 13.221 4.53825 0.8
211 5 6.52641 6.52641 14.0476 7.52117 2.88889
179 4 21.4487 1.66667e-09 16.0865 9.28752 3.85714
212 2 64.3457 5e-09 32.1728 32.1728 2.85714
102 3 19.6785 19.5067 19.6212 0.0809681 2.66667
17 3 19.3982 19.3982 19.3982 0 2.8
97 3 17.1239 17.1239 17.1239 0 3.35714
113 3 17.1239 17.1239 17.1239 0 2.66667
15 2 22.2586 22.2586 22.2586 0 2.66667
196 1 27.196 27.196 27.196 0 2.8
6 1 2.48053 2.48053 2.48053 0 2.66667
14 1 1.85846 1.85846 1.85846 0 2.66667
16 1 1.31624 1.31624 1.31624 0 2.66667
24 1 1.29627 1.29627 1.29627 0 2.66667
146 1 1.23863 1.23863 1.23863 0 0.857143
18 1 1.22392 1.22392 1.22392 0 2.66667
22 1 1.2239 1.2239 1.2239 0 2.66667
19 1 1.2239 1.2239 1.2239 0 2.66667
23 1 1.2239 1.2239 1.2239 0 2.66667
21 1 1.2239 1.2239 1.2239 0 2.66667
25 1 1.15992 1.15992 1.15992 0 2.66667
26 1 0.797266 0.797266 0.797266 0 2.66667
28 1 0.309259 0.309259 0.309259 0 0.666667
36 1 0.18446 0.18446 0.18446 0 0.666667
214 1 0.113792 0.113792 0.113792 0 1.85714
191 1 0.0522748 0.0522748 0.0522748 0 3.85714
203 1 1e-08 1e-08 1e-08 0 0.888889

202 8 9.8115 9.8115 14.7178 4.90625 2.8
204 8 7.26652 7.22937 14.4551 7.21134 0.8
197 7 5.71061 5.37409 15.3179 9.89567 2.8
216 6 21.2721 0.222813 17.7616 7.84356 0.666667
155 7 8.70322 8.69163 14.8683 6.16714 2.88889
159 7 5.60823 5.60342 14.4256 8.82145 0.8
217 4 31.8874 2.5e-09 23.8903 13.7931 3.3
79 6 5.91129 5.91129 15.8283 9.91702 0.8
212 6 18.3846 1.42857e-09 15.2248 6.81194 1.85714
211 6 11.4212 11.4212 15.1762 3.75494 2.88889
200 6 6.83135 6.83132 14.5259 7.69456 0.857143
102 3 19.6785 19.5067 19.6212 0.0809681 2.66667
17 3 19.3982 19.3982 19.3982 0 2.8
97 3 17.1239 17.1239 17.1239 0 2.8
113 3 17.1239 17.1239 17.1239 0 2.66667
15 2 22.2586 22.2586 22.2586 0 2.66667
196 1 27.196 27.196 27.196 0 2.8
6 1 2.48053 2.48053 2.48053 0 2.66667
14 1 1.85846 1.85846 1.85846 0 2.66667
16 1 1.31624 1.31624 1.31624 0 2.66667
24 1 1.29627 1.29627 1.29627 0 2.66667
146 1 1.23863 1.23863 1.23863 0 0.857143
18 1 1.22392 1.22392 1.22392 0 2.66667
22 1 1.2239 1.2239 1.2239 0 2.66667
19 1 1.2239 1.2239 1.2239 0 2.66667
23 1 1.2239 1.2239 1.2239 0 2.66667
21 1 1.2239 1.2239 1.2239 0 2.66667
25 1 1.15992 1.15992 1.15992 0 2.66667
26 1 0.797266 0.797266 0.797266 0 2.66667
28 1 0.309259 0.309259 0.309259 0 0.666667
36 1 0.18446 0.18446 0.18446 0 0.666667
214 1 0.0568959 0.0568959 0.0568959 5e-09 0.857143

200 6 21.6326 21.6325 21.6325 4.04642e-05 0.857143
155 8 6.52741 6.52708 14.6786 8.15133 2.85714
159 8 7.58761 7.58109 14.2023 6.62036 0.8
204 8 6.53986 6.5183 13.8432 7.31126 0.8
202 8 4.90575 4.90575 13.4782 8.57244 3.3
197 8 8.56591 8.06113 13.3392 5.21544 2.8
79 7 10.4584 10.4584 13.7417 3.28326 2.8
216 6 6.71749 6.71749 13.4688 6.7513 0.666667
211 6 9.78962 9.78962 13.359 3.56943 2.88889
212 4 9.89939 9.89934 14.8249 4.92555 1.85714
102 3 19.6785 19.5067 19.6212 0.0809681 2.66667
17 3 19.3982 19.3982 19.3982 0 2.8
97 3 17.1239 17.1239 17.1239 0 2.8
113 3 17.1239 17.1239 17.1239 0 2.66667
15 2 22.2586 22.2586 22.2586 0 2.66667
196 1 27.196 27.196 27.196 0 2.8
6 1 2.48053 2.48053 2.48053 0 2.66667
14 1 1.85846 1.85846 1.85846 0 2.66667
16 1 1.31624 1.31624 1.31624 0 2.66667
24 1 1.29627 1.29627 1.29627 0 2.66667
146 1 1.23863 1.23863 1.23863 0 0.857143
18 1 1.22392 1.22392 1.22392 0 2.66667
22 1 1.2239 1.2239 1.2239 0 2.66667
19 1 1.2239 1.2239 1.2239 0 2.66667
23 1 1.2239 1.2239 1.2239 0 2.66667
21 1 1.2239 1.2239 1.2239 0 2.66667
25 1 1.15992 1.15992 1.15992 0 2.66667
26 1 0.797266 0.797266 0.797266 0 2.66667
28 1 0.309259 0.309259 0.309259 0 0.666667
36 1 0.18446 0.18446 0.18446 0 0.666667
214 1 0.113792 0.113792 0.113792 0 1.85714
222 1 0.0261896 0.0261896 0.0410061 0.0148166 2.85714
225 1 1e-08 1e-08 1e-08 0 2.88889

211 3 45.6849 45.6849 45.6849 0 2.88889
204 8 16.3497 16.2958 16.3299 0.0254636 0.8
159 8 16.1237 16.1098 16.1116 0.00457648 0.8
212 4 32.173 32.1728 32.1729 9.01754e-05 1.85714
216 8 15.954 15.9437 15.9515 0.00448468 0.666667
202 6 21.2583 21.2583 21.2583 0 2.66667
197 8 11.4212 10.7482 15.1186 4.0449 2.8
79 7 13.596 13.596 16.09 2.49406 0.8
200 5 2.59837 2.59591 17.0799 14.4835 0.857143
155 5 2.03985 2.03982 16.1546 14.1148 2.85714
102 3 19.6785 19.5067 19.6212 0.0809681 2.66667
97 3 17.1239 17.1239 17.1239 0 2.8
113 3 17.1239 17.1239 17.1239 0 2.66667
15 2 22.2586 22.2586 22.2586 0 2.66667
196 1 27.196 27.196 27.196 0 2.8
6 1 2.48053 2.48053 2.48053 0 2.66667
14 1 1.85846 1.85846 1.85846 0 2.66667
16 1 1.31624 1.31624 1.31624 0 2.66667
24 1 1.29627 1.29627 1.29627 0 2.66667
146 1 1.23863 1.23863 1.23863 0 0.857143
18 1 1.22392 1.22392 1.22392 0 2.66667
22 1 1.2239 1.2239 1.2239 0 2.66667
19 1 1.2239 1.2239 1.2239 0 2.66667
23 1 1.2239 1.2239 1.2239 0 2.66667
21 1 1.2239 1.2239 1.2239 0 2.66667
25 1 1.15992 1.15992 1.15992 0 2.66667
26 1 0.797266 0.797266 0.797266 0 2.66667
28 1 0.309259 0.309259 0.309259 0 0.666667
36 1 0.18446 0.18446 0.18446 0 0.666667
214 1 0.113792 0.113792 0.113792 0 1.85714
225 1 1e-08 1e-08 1e-08 0 2.88889

79 7 19.4228 19.4228 19.4228 0 0.8
155 5 26.1101 26.1096 26.1097 0.000162978 2.85714
200 1 129.918 129.918 129.918 0 0.857143
212 8 16.2245 16.0864 16.1555 0.0689944 0.857143
197 4 32.2786 32.2445 32.2616 0.0170472 2.8
159 8 16.1237 16.1098 16.1116 0.00457648 0.8
216 8 10.636 10.6291 15.9489 5.31456 2.66667
202 2 63.7748 63.7748 63.7748 0 2.66667
204 7 2.21864 2.2169 14.5563 12.3391 0.857143
102 3 19.6785 19.5067 19.6212 0.0809681 2.66667
211 3 2.4474 2.4474 18.8884 16.441 2.88889
97 3 17.1239 17.1239 17.1239 0 2.8
113 3 17.1239 17.1239 17.1239 0 2.66667
15 2 22.2586 22.2586 22.2586 0 2.66667
196 1 27.196 27.196 27.196 0 2.8
6 1 2.48053 2.48053 2.48053 0 2.66667
14 1 1.85846 1.85846 1.85846 0 2.66667
16 1 1.31624 1.31624 1.31624 0 2.66667
24 1 1.29627 1.29627 1.29627 0 2.66667
18 1 1.22392 1.22392 1.22392 0 2.66667
22 1 1.2239 1.2239 1.2239 0 2.66667
19 1 1.2239 1.2239 1.2239 0 2.66667
23 1 1.2239 1.2239 1.2239 0 2.66667
21 1 1.2239 1.2239 1.2239 0 2.66667
25 1 1.15992 1.15992 1.15992 0 2.66667
26 1 0.797266 0.797266 0.797266 0 2.66667
28 1 0.309259 0.309259 0.309259 0 0.666667
36 1 0.18446 0.18446 0.18446 0 0.666667
214 1 0.113792 0.113792 0.113792 0 1.85714
225 1 1e-08 1e-08 1e-08 0 2.88889
226 1 1e-08 1e-08 1e-08 0 0.857143

211 3 45.6849 45.6849 45.6849 0 2.88889
204 7 18.7 18.6853 18.6878 0.00499727 0.8
200 5 25.9837 25.9591 25.964 0.00981667 0.857143
197 4 32.2786 32.2445 32.2616 0.0170472 2.8
159 8 16.1237 16.1098 16.1116 0.00457648 0.8
212 4 32.173 32.1728 32.1729 9.01754e-05 1.85714
216 9 12.7632 12.755 14.1777 1.41722 2.66667
155 7 2.46322 2.46317 13.4288 10.9656 2.85714
79 5 2.34413 2.34413 15.7703 13.4262 0.8
102 3 19.6785 19.5067 19.6212 0.0809681 2.66667
97 3 17.1239 17.1239 17.1239 0 2.8
113 3 17.1239 17.1239 17.1239 0 2.66667
15 2 22.2586 22.2586 22.2586 0 2.66667
196 1 27.196 27.196 27.196 0 2.8
6 1 2.48053 2.48053 2.48053 0 2.66667
14 1 1.85846 1.85846 1.85846 0 2.66667
16 1 1.31624 1.31624 1.31624 0 2.66667
24 1 1.29627 1.29627 1.29627 0 2.66667
18 1 1.22392 1.22392 1.22392 0 2.66667
22 1 1.2239 1.2239 1.2239 0 2.66667
19 1 1.2239 1.2239 1.2239 0 2.66667
23 1 1.2239 1.2239 1.2239 0 2.66667
21 1 1.2239 1.2239 1.2239 0 2.66667
25 1 1.15992 1.15992 1.15992 0 2.66667
26 1 0.797266 0.797266 0.797266 0 2.66667
28 1 0.309259 0.309259 0.309259 0 0.666667
36 1 0.18446 0.18446 0.18446 0 0.666667
214 1 0.113792 0.113792 0.113792 0 1.85714
225 1 1e-08 1e-08 1e-08 0 2.88889
226 1 1e-08 1e-08 1e-08 0 0.857143
227 1 1e-08 1e-08 1e-08 0 2.85714

79 5 27.1919 27.1919 27.1919 0 0.8
200 9 14.4354 14.299 14.3687 0.062436 0.857143
197 4 32.2786 32.2445 32.2616 0.0170472 2.8
159 8 16.1237 16.1098 16.1116 0.00457648 0.8
216 9 14.1814 14.1722 14.1783 0.00433982 2.66667
155 8 16.3188 1.25e-09 14.2789 5.39691 2.85714
204 7 2.47172 2.46981 12.6976 10.2275 0.8
102 3 19.6785 19.5067 19.6212 0.0809681 2.66667
211 4 2.40447 2.40447 14.1125 11.7081 2.88889
97 3 17.1239 17.1239 17.1239 0 2.8
113 3 17.1239 17.1239 17.1239 0 2.66667
15 2 22.2586 22.2586 22.2586 0 2.66667
196 1 27.196 27.196 27.196 0 2.8
6 1 2.48053 2.48053 2.48053 0 2.66667
14 1 1.85846 1.85846 1.85846 0 2.66667
16 1 1.31624 1.31624 1.31624 0 2.66667
24 1 1.29627 1.29627 1.29627 0 2.66667
18 1 1.22392 1.22392 1.22392 0 2.66667
22 1 1.2239 1.2239 1.2239 0 2.66667
19 1 1.2239 1.2239 1.2239 0 2.66667
23 1 1.2239 1.2239 1.2239 0 2.66667
21 1 1.2239 1.2239 1.2239 0 2.66667
25 1 1.15992 1.15992 1.15992 0 2.66667
26 1 0.797266 0.797266 0.797266 0 2.66667
28 1 0.309259 0.309259 0.309259 0 0.666667
36 1 0.18446 0.18446 0.18446 0 0.666667
214 1 0.113792 0.113792 0.113792 0 1.85714
225 1 1e-08 1e-08 1e-08 0 2.88889
226 1 1e-08 1e-08 1e-08 0 0.857143

211 4 34.2637 34.2637 34.2637 0 2.88889
204 7 18.7144 18.7 18.702 0.0050638 0.8
197 4 32.2786 32.2445 32.2616 0.0170472 2.8
159 8 16.1237 16.1098 16.1116 0.00457648 0.8
216 9 14.1814 14.1722 14.1783 0.00433982 0.666667
155 8 16.3188 1.25e-09 14.2789 5.39691 2.85714
200 7 2.4059 2.40362 13.7929 11.3878 0.857143
79 6 2.83249 2.83249 14.0224 11.19 1.3
102 3 19.6785 19.5067 19.6212 0.0809681 2.66667
97 3 17.1239 17.1239 17.1239 0 2.8
113 3 17.1239 17.1239 17.1239 0 2.66667
15 2 22.2586 22.2586 22.2586 0 2.66667
228 3 14.1827 14.1672 14.1774 0.00717956 3.85714
196 1 27.196 27.196 27.196 0 2.8
6 1 2.48053 2.48053 2.48053 0 2.66667
14 1 1.85846 1.85846 1.85846 0 2.66667
16 1 1.31624 1.31624 1.31624 0 2.66667
24 1 1.29627 1.29627 1.29627 0 2.66667
18 1 1.22392 1.22392 1.22392 0 2.66667
22 1 1.2239 1.2239 1.2239 0 2.66667
19 1 1.2239 1.2239 1.2239 0 2.66667
23 1 1.2239 1.2239 1.2239 0 2.66667
21 1 1.2239 1.2239 1.2239 0 2.66667
25 1 1.15992 1.15992 1.15992 0 2.66667
26 1 0.797266 0.797266 0.797266 0 2.66667
28 1 0.309259 0.309259 0.309259 0 0.666667
36 1 0.18446 0.18446 0.18446 0 0.666667
214 1 0.113792 0.113792 0.113792 0 1.85714
225 1 1e-08 1e-08 1e-08 0 2.88889
226 1 1e-08 1e-08 1e-08 0 0.857143
229 1 1e-08 1e-08 1e-08 0 2.85714
230 1 1e-08 1e-08 1e-08 0 0.888889
231 1 1e-08 1e-08 1e-08 0 1.88889

79 6 22.6599 22.6599 22.6599 0 0.8
200 5 25.9837 25.9591 25.9738 0.0113596 0.857143
197 4 32.2786 32.2445 32.2616 0.0170472 2.8
159 8 16.1237 16.1098 16.1116 0.00457648 0.8
216 9 11.8108 11.5954 14.224 2.57773 0.666667
232 1 127.55 127.55 127.55 0 2.66667
155 8 16.3188 1.25e-09 14.2789 5.39691 2.85714
204 7 2.86131 2.84565 14.2366 11.3882 3.3
228 3 42.548 3.33333e-09 28.3649 20.057 1.85714
211 5 2.14148 2.14148 14.3634 12.2219 2.88889
102 3 19.6785 19.5067 19.6212 0.0809681 2.66667
97 3 17.1239 17.1239 17.1239 0 2.8
113 3 17.1239 17.1239 17.1239 0 2.66667
15 2 22.2586 22.2586 22.2586 0 2.66667
196 1 27.196 27.196 27.196 0 2.8
6 1 2.48053 2.48053 2.48053 0 2.66667
14 1 1.85846 1.85846 1.85846 0 2.66667
16 1 1.31624 1.31624 1.31624 0 2.66667
24 1 1.29627 1.29627 1.29627 0 2.66667
18 1 1.22392 1.22392 1.22392 0 2.66667
22 1 1.2239 1.2239 1.2239 0 2.66667
19 1 1.2239 1.2239 1.2239 0 2.66667
23 1 1.2239 1.2239 1.2239 0 2.66667
21 1 1.2239 1.2239 1.2239 0 2.66667
25 1 1.15992 1.15992 1.15992 0 2.66667
26 1 0.797266 0.797266 0.797266 0 2.66667
28 1 0.309259 0.309259 0.309259 0 0.666667
36 1 0.18446 0.18446 0.18446 0 0.666667
214 1 0.113792 0.113792 0.113792 0 1.85714
225 1 1e-08 1e-08 1e-08 0 2.88889
226 1 1e-08 1e-08 1e-08 0 0.857143
229 1 1e-08 1e-08 1e-08 0 2.85714
230 1 1e-08 1e-08 1e-08 0 0.888889
233 1 1e-08 1e-08 1e-08 0 3.35714

211 5 27.4109 27.4109 27.4109 0 2.88889
197 4 32.2786 32.2445 32.2616 0.0170472 2.8
159 8 16.1237 16.1098 16.1116 0.00457648 0.8
228 2 63.822 63.8201 63.8211 0.000969903 1.85714
216 7 18.2332 18.2214 18.2315 0.00414191 0.666667
232 1 127.55 127.55 127.55 0 2.66667
204 8 16.4525 1.25e-09 14.3314 5.41682 0.8
155 8 16.3188 1.25e-09 14.2789 5.39691 2.85714
200 6 2.4105 2.16531 15.1673 12.9607 0.888889
79 5 2.61461 2.61461 14.2325 11.6179 0.8
102 3 19.6785 19.5067 19.6212 0.0809681 2.66667
97 3 17.1239 17.1239 17.1239 0 2.8
113 3 17.1239 17.1239 17.1239 0 2.66667
15 2 22.2586 22.2586 22.2586 0 2.66667
196 1 27.196 27.196 27.196 0 2.8
6 1 2.48053 2.48053 2.48053 0 2.66667
14 1 1.85846 1.85846 1.85846 0 2.66667
16 1 1.31624 1.31624 1.31624 0 2.66667
24 1 1.29627 1.29627 1.29627 0 2.66667
18 1 1.22392 1.22392 1.22392 0 2.66667
22 1 1.2239 1.2239 1.2239 0 2.66667
19 1 1.2239 1.2239 1.2239 0 2.66667
23 1 1.2239 1.2239 1.2239 0 2.66667
21 1 1.2239 1.2239 1.2239 0 2.66667
25 1 1.15992 1.15992 1.15992 0 2.66667
26 1 0.797266 0.797266 0.797266 0 2.66667
28 1 0.309259 0.309259 0.309259 0 0.666667
36 1 0.18446 0.18446 0.18446 0 0.666667
214 1 0.113792 0.113792 0.113792 0 1.85714
225 1 1e-08 1e-08 1e-08 0 2.88889
226 1 1e-08 1e-08 1e-08 0 0.857143
229 1 1e-08 1e-08 1e-08 0 2.85714
230 1 1e-08 1e-08 1e-08 0 0.888889
234 1 1e-08 1e-08 1e-08 0 1.88889
235 1 1e-08 1e-08 1e-08 0 2.8

79 5 27.1919 27.1919 27.1919 0 1.3
204 7 18.8029 18.7 18.7185 0.0347525 0.8
159 8 16.1237 16.1098 16.1116 0.00457648 0.8
216 7 18.2332 18.2214 18.2315 0.00414191 0.666667
232 1 127.55 127.55 127.55 0 2.66667
155 8 16.3188 1.25e-09 14.2789 5.39691 2.85714
200 6 21.697 4.79347 18.8509 6.28668 0.888889
197 7 2.48297 2.48297 13.8391 11.3561 2.8
228 3 42.548 3.33333e-09 28.3649 20.057 1.88889
102 3 19.6785 19.5067 19.6212 0.0809681 2.66667
113 3 17.1239 17.1239 17.1239 0 2.66667
97 3 17.1239 17.1239 17.1239 0 2.8
211 3 2.40447 2.40447 15.4877 13.0832 2.88889
15 2 22.2586 22.2586 22.2586 0 2.66667
196 1 27.196 27.196 27.196 0 2.8
6 1 2.48053 2.48053 2.48053 0 2.66667
14 1 1.85846 1.85846 1.85846 0 2.66667
16 1 1.31624 1.31624 1.31624 0 2.66667
24 1 1.29627 1.29627 1.29627 0 2.66667
18 1 1.22392 1.22392 1.22392 0 2.66667
22 1 1.2239 1.2239 1.2239 0 2.66667
19 1 1.2239 1.2239 1.2239 0 2.66667
23 1 1.2239 1.2239 1.2239 0 2.66667
21 1 1.2239 1.2239 1.2239 0 2.66667
25 1 1.15992 1.15992 1.15992 0 2.66667
26 1 0.797266 0.797266 0.797266 0 2.66667
28 1 0.309259 0.309259 0.309259 0 0.666667
36 1 0.18446 0.18446 0.18446 0 0.666667
214 1 0.113792 0.113792 0.113792 0 1.85714
225 1 1e-08 1e-08 1e-08 0 2.88889
226 1 1e-08 1e-08 1e-08 0 0.857143
229 1 1e-08 1e-08 1e-08 0 2.85714
230 1 1e-08 1e-08 1e-08 0 0.888889
235 1 1e-08 1e-08 1e-08 0 2.8
236 1 1e-08 1e-08 1e-08 0 3.35714

211 3 45.6849 45.6849 45.6849 0 2.88889
197 7 18.4449 18.4449 18.4449 0 2.8
159 8 16.1237 16.1098 16.1116 0.00457648 0.8
237 1 127.64 127.64 127.64 0 1.85714
216 7 18.2332 18.2214 18.2315 0.00414191 0.666667
232 1 127.55 127.55 127.55 0 2.66667
155 7 16.3188 16.3185 16.3187 9.05541e-05 2.85714
200 6 21.697 2.18124 18.4155 7.2602 1.35714
204 6 2.4837 2.4834 16.0565 13.5731 0.8
79 5 2.34413 2.34413 15.9934 13.6493 0.8
228 2 63.822 5e-09 31.911 31.911 1.88889
102 3 19.6785 19.5067 19.6212 0.0809681 2.66667
113 3 17.1239 17.1239 17.1239 0 2.66667
97 3 17.1239 17.1239 17.1239 0 2.8
15 2 22.2586 22.2586 22.2586 0 2.66667
196 1 27.196 27.196 27.196 0 2.8
6 1 2.48053 2.48053 2.48053 0 2.66667
14 1 1.85846 1.85846 1.85846 0 2.66667
16 1 1.31624 1.31624 1.31624 0 2.66667
24 1 1.29627 1.29627 1.29627 0 2.66667
18 1 1.22392 1.22392 1.22392 0 2.66667
22 1 1.2239 1.2239 1.2239 0 2.66667
19 1 1.2239 1.2239 1.2239 0 2.66667
23 1 1.2239 1.2239 1.2239 0 2.66667
21 1 1.2239 1.2239 1.2239 0 2.66667
25 1 1.15992 1.15992 1.15992 0 2.66667
26 1 0.797266 0.797266 0.797266 0 2.66667
28 1 0.309259 0.309259 0.309259 0 0.666667
36 1 0.18446 0.18446 0.18446 0 0.666667
214 1 0.113792 0.113792 0.113792 0 1.85714
225 1 1e-08 1e-08 1e-08 0 2.88889
226 1 1e-08 1e-08 1e-08 0 0.857143
229 1 1e-08 1e-08 1e-08 0 2.85714
230 1 1e-08 1e-08 1e-08 0 0.888889
235 1 1e-08 1e-08 1e-08 0 2.8
236 1 1e-08 1e-08 1e-08 0 3.35714
238 1 1e-08 1e-08 1e-08 0 0.857143

79 5 27.1919 27.1919 27.1919 0 1.3
204 6 21.9394 21.9367 21.9371 0.00101091 0.8
239 3 43.5168 43.5168 43.5168 0 2.85714
155 4 32.6376 32.6371 32.6374 0.000200641 2.85714
159 8 16.1237 16.1098 16.1116 0.00457648 0.8
237 2 63.822 63.8201 63.8211 0.000969903 1.85714
216 7 18.2332 18.2214 18.2315 0.00414191 0.666667
232 1 127.55 127.55 127.55 0 2.66667
200 6 21.697 4.79347 18.8509 6.28668 0.857143
197 6 2.35117 2.34754 17.7473 15.3992 2.8
102 3 19.6785 19.5067 19.6212 0.0809681 2.66667
211 3 2.4919 2.4919 17.6255 15.1336 2.90909
113 3 17.1239 17.1239 17.1239 0 2.66667
97 3 17.1239 17.1239 17.1239 0 2.8
15 2 22.2586 22.2586 22.2586 0 2.66667
196 1 27.196 27.196 27.196 0 2.8
6 1 2.48053 2.48053 2.48053 0 2.66667
14 1 1.85846 1.85846 1.85846 0 2.66667
16 1 1.31624 1.31624 1.31624 0 2.66667
24 1 1.29627 1.29627 1.29627 0 2.66667
18 1 1.22392 1.22392 1.22392 0 2.66667
21 1 1.2239 1.2239 1.2239 0 2.66667
23 1 1.2239 1.2239 1.2239 0 2.66667
19 1 1.2239 1.2239 1.2239 0 2.66667
22 1 1.2239 1.2239 1.2239 0 2.66667
25 1 1.15992 1.15992 1.15992 0 2.66667
26 1 0.797266 0.797266 0.797266 0 2.66667
28 1 0.309259 0.309259 0.309259 0 0.666667
36 1 0.18446 0.18446 0.18446 0 0.666667
214 1 0.113792 0.113792 0.113792 0 1.85714
225 1 1e-08 1e-08 1e-08 0 2.88889
226 1 1e-08 1e-08 1e-08 0 0.857143
229 1 1e-08 1e-08 1e-08 0 2.85714
230 1 1e-08 1e-08 1e-08 0 0.888889
235 1 1e-08 1e-08 1e-08 0 2.8
236 1 1e-08 1e-08 1e-08 0 3.35714
238 1 1e-08 1e-08 1e-08 0 0.857143
228 1 1e-08 1e-08 1e-08 0 1.88889

211 3 45.6849 45.6849 45.6849 0 2.88889
200 6 24.105 21.6531 22.0694 0.910446 0.857143
239 7 18.6501 18.6497 18.65 0.00010349 2.85714
197 5 25.8252 25.8229 25.8234 0.00093855 2.8
159 8 16.1237 16.1098 16.1116 0.00457648 0.8
216 8 16.1643 15.9437 15.979 0.0701139 0.666667
237 2 63.822 63.8201 63.8211 0.000969903 1.85714
232 1 127.55 127.55 127.55 0 2.66667
79 6 2.61461 2.61461 14.8464 12.2318 1.3
204 5 2.27023 2.26959 17.3765 15.1068 0.8
102 3 19.6785 19.5067 19.6212 0.0809681 2.66667
113 3 17.1239 17.1239 17.1239 0 2.66667
97 3 17.1239 17.1239 17.1239 0 2.8
15 2 22.2586 22.2586 22.2586 0 2.66667
196 1 27.196 27.196 27.196 0 2.8
6 1 2.48053 2.48053 2.48053 0 2.66667
14 1 1.85846 1.85846 1.85846 0 2.66667
16 1 1.31624 1.31624 1.31624 0 2.66667
24 1 1.29627 1.29627 1.29627 0 2.66667
18 1 1.22392 1.22392 1.22392 0 2.66667
21 1 1.2239 1.2239 1.2239 0 2.66667
23 1 1.2239 1.2239 1.2239 0 2.66667
19 1 1.2239 1.2239 1.2239 0 2.66667
22 1 1.2239 1.2239 1.2239 0 2.66667
25 1 1.15992 1.15992 1.15992 0 2.66667
26 1 0.797266 0.797266 0.797266 0 2.66667
28 1 0.309259 0.309259 0.309259 0 0.666667
36 1 0.18446 0.18446 0.18446 0 0.666667
214 1 0.113792 0.113792 0.113792 0 1.85714
225 1 1e-08 1e-08 1e-08 0 2.88889
226 1 1e-08 1e-08 1e-08 0 0.857143
229 1 1e-08 1e-08 1e-08 0 2.85714
230 1 1e-08 1e-08 1e-08 0 0.888889
235 1 1e-08 1e-08 1e-08 0 2.8
236 1 1e-08 1e-08 1e-08 0 3.35714
238 1 1e-08 1e-08 1e-08 0 0.857143
228 1 1e-08 1e-08 1e-08 0 1.88889
240 1 1e-08 1e-08 1e-08 0 1.3

204 5 26.3347 26.3273 26.3287 0.00296402 0.8
239 7 18.6501 18.6497 18.65 0.00010349 2.85714
197 6 21.5524 21.5191 21.525 0.0123034 3.3
159 8 16.1237 16.1098 16.1116 0.00457648 0.8
216 7 18.2332 18.2214 18.2315 0.00414191 0.666667
232 1 127.55 127.55 127.55 0 2.66667
79 7 19.4228 1.42857e-09 16.6481 6.79656 1.3
237 3 42.548 3.33333e-09 28.3649 20.057 1.88889
200 6 2.67833 2.41078 13.9428 11.3985 0.857143
211 4 2.58594 2.58594 16.0145 13.4286 2.88889
102 3 19.6785 19.5067 19.6212 0.0809681 2.66667
113 3 17.1239 17.1239 17.1239 0 2.66667
97 3 17.1239 17.1239 17.1239 0 2.8
15 2 22.2586 22.2586 22.2586 0 2.66667
196 1 27.196 27.196 27.196 0 2.8
6 1 2.48053 2.48053 2.48053 0 2.66667
14 1 1.85846 1.85846 1.85846 0 2.66667
16 1 1.31624 1.31624 1.31624 0 2.66667
24 1 1.29627 1.29627 1.29627 0 2.66667
18 1 1.22392 1.22392 1.22392 0 2.66667
21 1 1.2239 1.2239 1.2239 0 2.66667
23 1 1.2239 1.2239 1.2239 0 2.66667
19 1 1.2239 1.2239 1.2239 0 2.66667
22 1 1.2239 1.2239 1.2239 0 2.66667
25 1 1.15992 1.15992 1.15992 0 2.66667
26 1 0.797266 0.797266 0.797266 0 2.66667
28 1 0.309259 0.309259 0.309259 0 0.666667
36 1 0.18446 0.18446 0.18446 0 0.666667
214 1 0.113792 0.113792 0.113792 0 1.85714
225 1 1e-08 1e-08 1e-08 0 2.88889
226 1 1e-08 1e-08 1e-08 0 0.857143
229 1 1e-08 1e-08 1e-08 0 2.85714
230 1 1e-08 1e-08 1e-08 0 0.888889
235 1 1e-08 1e-08 1e-08 0 2.8
236 1 1e-08 1e-08 1e-08 0 3.35714
238 1 1e-08 1e-08 1e-08 0 0.857143
241 1 1e-08 1e-08 1e-08 0 3.38889
242 1 1e-08 1e-08 1e-08 0 0.888889

211 4 34.2637 34.2637 34.2637 0 2.88889
79 6 22.6599 22.6599 22.6599 0 0.8
197 6 21.5524 21.5191 21.525 0.0123034 3.3
159 8 16.1237 16.1098 16.1116 0.00457648 0.8
244 1 127.64 127.64 127.64 0 1.85714
216 7 18.2332 18.2214 18.2315 0.00414191 0.666667
232 1 127.55 127.55 127.55 0 2.66667
204 6 2.091 2.08947 16.461 14.371 0.8
239 5 2.72276 2.7198 17.3116 14.5912 2.85714
200 4 21.7124 4.79347 18.5694 7.40465 0.888889
237 2 63.822 5e-09 31.911 31.911 1.85714
102 3 19.6785 19.5067 19.6212 0.0809681 2.66667
97 3 17.1239 17.1239 17.1239 0 2.8
113 3 17.1239 17.1239 17.1239 0 2.66667
15 2 22.2586 22.2586 22.2586 0 2.66667
196 1 27.196 27.196 27.196 0 2.8
6 1 2.48053 2.48053 2.48053 0 2.66667
14 1 1.85846 1.85846 1.85846 0 2.66667
16 1 1.31624 1.31624 1.31624 0 2.66667
24 1 1.29627 1.29627 1.29627 0 2.66667
18 1 1.22392 1.22392 1.22392 0 2.66667
22 1 1.2239 1.2239 1.2239 0 2.66667
19 1 1.2239 1.2239 1.2239 0 2.66667
23 1 1.2239 1.2239 1.2239 0 2.66667
21 1 1.2239 1.2239 1.2239 0 2.66667
25 1 1.15992 1.15992 1.15992 0 2.66667
26 1 0.797266 0.797266 0.797266 0 2.66667
28 1 0.309259 0.309259 0.309259 0 0.666667
36 1 0.18446 0.18446 0.18446 0 0.666667
214 1 0.113792 0.113792 0.113792 0 1.85714
245 1 1e-08 1e-08 1e-08 0 2.88889
243 1 1e-08 1e-08 1e-08 0 1.3
242 1 1e-08 1e-08 1e-08 0 0.888889
241 1 1e-08 1e-08 1e-08 0 3.38889
238 1 1e-08 1e-08 1e-08 0 0.857143
236 1 1e-08 1e-08 1e-08 0 3.35714
235 1 1e-08 1e-08 1e-08 0 2.8
230 1 1e-08 1e-08 1e-08 0 0.888889
229 1 1e-08 1e-08 1e-08 0 2.85714
226 1 1e-08 1e-08 1e-08 0 0.857143
225 1 1e-08 1e-08 1e-08 0 2.88889

204 6 21.9555 21.9394 21.9452 0.00536143 1.3
197 6 21.5524 21.5191 21.525 0.0123034 2.8
159 8 16.1237 16.1098 16.1116 0.00457648 0.8
244 2 63.822 63.8201 63.8211 0.000969903 1.85714
216 7 18.2332 18.2214 18.2315 0.00414191 0.666667
232 1 127.55 127.55 127.55 0 2.66667
239 6 21.7821 1.66667e-09 18.136 8.11065 2.88889
200 5 28.926 2e-09 21.4144 10.765 1.35714
79 6 2.71919 2.71919 15.0454 12.3262 0.8
102 3 19.6785 19.5067 19.6212 0.0809681 2.66667
211 4 2.32296 2.32296 14.3369 12.0139 2.88889
97 3 17.1239 17.1239 17.1239 0 3.35714
113 3 17.1239 17.1239 17.1239 0 2.66667
15 2 22.2586 22.2586 22.2586 0 2.66667
196 1 27.196 27.196 27.196 0 2.8
6 1 2.48053 2.48053 2.48053 0 2.66667
14 1 1.85846 1.85846 1.85846 0 2.66667
16 1 1.31624 1.31624 1.31624 0 2.66667
24 1 1.29627 1.29627 1.29627 0 2.66667
18 1 1.22392 1.22392 1.22392 0 2.66667
22 1 1.2239 1.2239 1.2239 0 2.66667
19 1 1.2239 1.2239 1.2239 0 2.66667
23 1 1.2239 1.2239 1.2239 0 2.66667
21 1 1.2239 1.2239 1.2239 0 2.66667
25 1 1.15992 1.15992 1.15992 0 2.66667
26 1 0.797266 0.797266 0.797266 0 2.66667
28 1 0.309259 0.309259 0.309259 0 0.666667
36 1 0.18446 0.18446 0.18446 0 0.666667
214 1 0.113792 0.113792 0.113792 0 1.85714
243 1 0.0917176 0.0917176 0.0917176 5e-09 1.3
225 1 1e-08 1e-08 1e-08 0 2.88889
226 1 1e-08 1e-08 1e-08 0 0.857143
229 1 1e-08 1e-08 1e-08 0 2.85714
230 1 1e-08 1e-08 1e-08 0 0.888889
235 1 1e-08 1e-08 1e-08 0 2.8
236 1 1e-08 1e-08 1e-08 0 3.35714
238 1 1e-08 1e-08 1e-08 0 0.857143
241 1 1e-08 1e-08 1e-08 0 3.38889
237 1 1e-08 1e-08 1e-08 0 1.88889

211 4 34.2637 34.2637 34.2637 0 2.88889
79 6 22.6599 22.6599 22.6599 0 1.3
246 4 32.6731 32.6376 32.6465 0.0153767 2.85714
159 8 16.1237 16.1098 16.1116 0.00457648 0.8
216 7 18.2332 18.2214 18.2315 0.00414191 0.666667
197 7 2.87494 2.87364 14.7646 11.8907 2.8
204 6 1.99619 1.99596 15.9739 13.9779 1.3
244 3 42.548 3.33333e-09 28.3649 20.057 1.88889
200 5 26.0549 2e-09 16.7797 11.497 1.35714
239 2 65.2751 5e-09 32.6376 32.6376 2.85714
232 2 63.7748 0.756979 32.2659 31.5089 2.66667
102 3 19.6785 19.5067 19.6212 0.0809681 2.66667
97 3 17.1239 17.1239 17.1239 0 2.8
113 3 17.1239 17.1239 17.1239 0 2.66667
15 2 22.2586 22.2586 22.2586 0 2.66667
196 1 27.196 27.196 27.196 0 2.8
6 1 2.48053 2.48053 2.48053 0 2.66667
14 1 1.85846 1.85846 1.85846 0 2.66667
16 1 1.31624 1.31624 1.31624 0 2.66667
24 1 1.29627 1.29627 1.29627 0 2.66667
18 1 1.22392 1.22392 1.22392 0 2.66667
22 1 1.2239 1.2239 1.2239 0 2.66667
19 1 1.2239 1.2239 1.2239 0 2.66667
23 1 1.2239 1.2239 1.2239 0 2.66667
21 1 1.2239 1.2239 1.2239 0 2.66667
25 1 1.15992 1.15992 1.15992 0 2.66667
26 1 0.797266 0.797266 0.797266 0 2.66667
28 1 0.309259 0.309259 0.309259 0 0.666667
36 1 0.18446 0.18446 0.18446 0 0.666667
243 1 0.183435 0.183435 0.183435 0 1.3
214 1 0.113792 0.113792 0.113792 0 1.85714
225 1 1e-08 1e-08 1e-08 0 2.88889
226 1 1e-08 1e-08 1e-08 0 0.857143
229 1 1e-08 1e-08 1e-08 0 2.85714
230 1 1e-08 1e-08 1e-08 0 0.888889
235 1 1e-08 1e-08 1e-08 0 2.8
236 1 1e-08 1e-08 1e-08 0 3.35714
238 1 1e-08 1e-08 1e-08 0 0.857143
247 1 1e-08 1e-08 1e-08 0 0.888889

200 4 36.1574 32.5455 33.46 1.55738 1.35714
204 6 21.9581 21.9555 21.956 0.000937384 1.3
246 5 26.1385 26.1101 26.1158 0.0113677 2.85714
197 2 64.6569 64.6569 64.6569 0 3.3
159 8 16.1237 16.1098 16.1116 0.00457648 0.8
216 8 10.781 10.636 16.0414 5.31759 0.8
248 1 127.64 127.64 127.64 0 1.85714
79 5 2.1929 2.1929 16.6653 14.4724 1.3
211 4 2.8553 2.8553 16.1636 13.3083 2.88889
232 2 63.7748 0.756979 32.2659 31.5089 3.3
244 2 63.822 5e-09 31.911 31.911 1.85714
102 3 19.6785 19.5067 19.6212 0.0809681 2.66667
97 3 17.1239 17.1239 17.1239 0 2.8
113 3 17.1239 17.1239 17.1239 0 2.66667
15 2 22.2586 22.2586 22.2586 0 2.66667
196 1 27.196 27.196 27.196 0 2.8
6 1 2.48053 2.48053 2.48053 0 2.66667
14 1 1.85846 1.85846 1.85846 0 2.66667
16 1 1.31624 1.31624 1.31624 0 2.66667
24 1 1.29627 1.29627 1.29627 0 2.66667
18 1 1.22392 1.22392 1.22392 0 2.66667
22 1 1.2239 1.2239 1.2239 0 2.66667
19 1 1.2239 1.2239 1.2239 0 2.66667
23 1 1.2239 1.2239 1.2239 0 2.66667
21 1 1.2239 1.2239 1.2239 0 2.66667
25 1 1.15992 1.15992 1.15992 0 2.66667
26 1 0.797266 0.797266 0.797266 0 2.66667
28 1 0.309259 0.309259 0.309259 0 0.666667
36 1 0.18446 0.18446 0.18446 0 0.666667
243 1 0.183435 0.183435 0.183435 0 1.3
214 1 0.113792 0.113792 0.113792 0 1.85714
225 1 1e-08 1e-08 1e-08 0 2.88889
226 1 1e-08 1e-08 1e-08 0 0.857143
229 1 1e-08 1e-08 1e-08 0 2.85714
230 1 1e-08 1e-08 1e-08 0 0.888889
235 1 1e-08 1e-08 1e-08 0 2.8
236 1 1e-08 1e-08 1e-08 0 3.35714
238 1 1e-08 1e-08 1e-08 0 0.857143
247 1 1e-08 1e-08 1e-08 0 0.888889
239 1 1e-08 1e-08 1e-08 0 2.88889
249 1 1e-08 1e-08 1e-08 0 3.38889

211 4 34.2637 34.2637 34.2637 0 2.88889
246 5 26.1385 26.1101 26.1158 0.0113677 2.85714
159 8 16.1237 16.1098 16.1116 0.00457648 0.8
248 2 63.822 63.8201 63.8211 0.000969903 1.85714
216 3 42.5441 42.5441 42.5441 0 0.666667
232 1 127.55 127.55 127.55 0 2.66667
197 7 16.1715 16.1642 16.1924 0.0271539 3.3
79 6 22.6599 0.0305725 18.8884 8.43346 1.3
204 7 2.23327 2.23277 15.1971 12.9642 1.3
200 4 2.95163 2.7071 17.6156 14.7255 0.888889
102 3 19.6785 19.5067 19.6212 0.0809681 2.66667
97 3 17.1239 17.1239 17.1239 0 2.8
113 3 17.1239 17.1239 17.1239 0 2.66667
15 2 22.2586 22.2586 22.2586 0 2.66667
247 2 42.5177 3.33333e-09 21.2588 21.2588 2.88889
196 1 27.196 27.196 27.196 0 2.8
6 1 2.48053 2.48053 2.48053 0 2.66667
14 1 1.85846 1.85846 1.85846 0 2.66667
16 1 1.31624 1.31624 1.31624 0 2.66667
24 1 1.29627 1.29627 1.29627 0 2.66667
18 1 1.22392 1.22392 1.22392 0 2.66667
22 1 1.2239 1.2239 1.2239 0 2.66667
19 1 1.2239 1.2239 1.2239 0 2.66667
23 1 1.2239 1.2239 1.2239 0 2.66667
21 1 1.2239 1.2239 1.2239 0 2.66667
25 1 1.15992 1.15992 1.15992 0 2.66667
26 1 0.797266 0.797266 0.797266 0 2.66667
28 1 0.309259 0.309259 0.309259 0 0.666667
36 1 0.18446 0.18446 0.18446 0 0.666667
214 1 0.113792 0.113792 0.113792 0 1.85714
249 1 1e-08 1e-08 1e-08 0 3.38889
239 1 1e-08 1e-08 1e-08 0 2.88889
244 1 1e-08 1e-08 1e-08 0 1.88889
238 1 1e-08 1e-08 1e-08 0 0.857143
236 1 1e-08 1e-08 1e-08 0 3.35714
235 1 1e-08 1e-08 1e-08 0 2.8
230 1 1e-08 1e-08 1e-08 0 0.888889
229 1 1e-08 1e-08 1e-08 0 2.85714
226 1 1e-08 1e-08 1e-08 0 0.857143
225 1 1e-08 1e-08 1e-08 0 2.88889

