1 0.0929603 0.0929603 0.0929603 0 0
1 0.0522536 0.0522536 0.0522536 0 2
1 1e-08 1e-08 1e-08 0 2
1 1e-08 1e-08 1e-08 0 2
1 1e-08 1e-08 1e-08 0 2

38 0.0322252 0.0012277 0.00461859 0.00946899 2
34 0.00595118 0.00163088 0.00275957 0.00131018 0
1 5e-09 5e-09 1e-08 5e-09 2
1 2e-09 2e-09 1e-08 8e-09 2
1 3.33333e-09 3.33333e-09 1e-08 6.66667e-09 2

1 1.22455 1.22455 1.22455 0 3.16667
3 0.113379 3.33333e-09 0.0728456 0.0516188 2
11 0.0119529 0.011032 0.0191456 0.00803424 2
7 0.0201429 0.0044244 0.0194755 0.0133458 0
1 1e-08 1e-08 1e-08 0 2
1 3.33333e-09 3.33333e-09 1e-08 6.66667e-09 2

19 0.0698303 0.00269936 0.0554049 0.02175 2.66667
38 0.0243352 0.016548 0.0275904 0.0104338 3.8
7 0.161143 0.0353952 0.0578382 0.0424479 0
8 0.0188964 0.0188964 0.030809 0.0119126 2
1 1e-08 1e-08 1e-08 0 2
1 1e-08 1e-08 1e-08 0 2
1 1e-08 1e-08 1e-08 0 3.16667
1 1e-08 1e-08 1e-08 0 3.16667
1 5e-09 5e-09 1e-08 5e-09 3.16667

8 0.208342 0.153204 0.20145 0.0182353 1.16667
11 0.102302 0.0177471 0.122166 0.0938231 3.16667
3 0.442259 0.442259 0.442259 0 2.66667
2 0.612279 0.612279 0.612279 0 2.66667
8 0.153071 1.25e-09 0.133938 0.0506236 2.66667
9 0.0941967 0.0941967 0.115129 0.0209326 2.66667
3 0.537809 3.33333e-09 0.315331 0.229167 2
8 0.102046 0.102046 0.115347 0.0133003 2.66667
4 0.0941964 0.0941964 0.116249 0.0220525 2.8
4 0.0680308 0.0626667 0.115192 0.0512367 0
3 0.408186 3.33333e-09 0.136062 0.192421 2.66667
3 0.042517 0.042517 0.113379 0.0708617 2.66667
1 0.0646555 0.0646555 0.0646555 8e-09 3.16667
1 3.33333e-09 3.33333e-09 1e-08 6.66667e-09 2
1 5e-09 5e-09 1e-08 5e-09 3.16667
1 1e-08 1e-08 1e-08 0 3.16667
1 5e-09 5e-09 1e-08 5e-09 3.16667
1 3.33333e-09 3.33333e-09 1e-08 6.66667e-09 3.16667
1 1e-08 1e-08 1e-08 0 3.3

17 0.286622 0.0362335 0.120123 0.0818419 3.16667
11 0.0603452 0.060308 0.120566 0.060255 2.66667
10 0.194438 0.0583122 0.124406 0.0664979 2.66667
4 0.306138 0.306138 0.306138 0 2.66667
4 0.306138 0.282 0.288035 0.0104521 0
9 0.0765348 0.0765348 0.117295 0.0407606 2.66667
8 0.0720336 0.0720336 0.119556 0.047522 2.66667
8 0.0680309 0.0680309 0.119417 0.0513862 2.66667
5 0.146675 0.111323 0.118394 0.0141407 2
3 0.408186 3.33333e-09 0.136062 0.192421 2.66667
2 0.113379 0.113379 0.170068 0.0566893 2.66667
1 0.161639 0.161639 0.161639 5e-09 3.16667
1 1e-08 1e-08 1e-08 0 2
1 1e-08 1e-08 1e-08 0 3.16667
1 1e-08 1e-08 1e-08 0 3.16667
1 1e-08 1e-08 1e-08 0 3.16667
1 1e-08 1e-08 1e-08 0 3.3
1 1e-08 1e-08 1e-08 0 3.35714

3 2.52767 0.0658283 1.04969 1.06404 1.16667
18 0.321576 0.0406522 0.167609 0.0975642 3.16667
8 0.214905 0.0644504 0.172334 0.0952107 2.66667
8 0.049327 0.0491399 0.161212 0.112034 2.66667
7 0.111325 0.111325 0.174939 0.0636141 2.66667
7 0.102046 0.102046 0.174937 0.0728903 2.66667
6 0.0804236 0.0644504 0.176161 0.109211 2.66667
6 0.287395 0.0752001 0.173715 0.1012 0
6 0.0612277 0.0612277 0.169406 0.108178 2.66667
3 0.537809 3.33333e-09 0.17927 0.253525 2
2 0.408186 3.33333e-09 0.204093 0.204093 2.66667
2 0.170068 0.170068 0.170068 6.19294e-10 2.66667
1 0.0615053 0.0615053 0.0615053 0 1.3
1 0.0543921 0.0543921 0.0543921 0 2.8
1 0.0374018 0.0374018 0.0374018 0 2.8
1 0.0346009 0.0346009 0.0346009 0 2.8
1 0.0121021 0.0121021 0.0121021 0 1.16667
1 1e-08 1e-08 1e-08 0 3.3
1 1e-08 1e-08 1e-08 0 3.35714
1 1e-08 1e-08 1e-08 0 3.16667
1 1e-08 1e-08 1e-08 0 2.66667
1 1e-08 1e-08 1e-08 0 3.16667
1 1e-08 1e-08 1e-08 0 3.3
1 1e-08 1e-08 1e-08 0 3.16667
1 1e-08 1e-08 1e-08 0 2

1 6.48731 6.48731 6.48731 0 3.16667
17 0.180611 0.103877 0.213811 0.0975316 1.16667
8 0.340266 0.102046 0.218313 0.117592 2.66667
5 0.359244 0.107863 0.255297 0.138053 0
5 0.254675 0.204093 0.255028 0.0455579 2.66667
5 0.204092 0.204092 0.244911 0.0408185 2.66667
5 0.0980578 0.0612279 0.230554 0.160872 2.66667
5 0.113358 0.0556623 0.223995 0.158483 2.66667
4 0.0832393 0.0829747 0.25098 0.167873 2.66667
2 0.65698 0.0176501 0.337315 0.319665 2.8
2 0.612279 5e-09 0.306139 0.306139 2.66667
1 0.403357 0.403357 0.403357 7.5e-09 2.85714
1 0.170068 0.170068 0.340136 0.170068 2.66667
1 0.311352 0.311352 0.311352 0 3.16667
1 0.0522713 0.0522713 0.0522713 0 3.3
1 0.0307527 0.0307527 0.0307527 5e-09 3.16667
1 1e-08 1e-08 1e-08 0 3.3
1 1e-08 1e-08 1e-08 0 3.16667
1 5e-09 5e-09 1e-08 5e-09 3.16667
1 1e-08 1e-08 1e-08 0 3.3
1 1e-08 1e-08 1e-08 0 3.16667
1 1e-08 1e-08 1e-08 0 2

27 0.346964 0.199553 0.268565 0.0700841 0.8
15 0.286754 0.162183 0.277362 0.103105 3.16667
8 0.340266 0.102046 0.273935 0.12799 3.16667
7 0.287395 0.0887886 0.266901 0.135307 0.666667
1 1.61343 1.61343 1.61343 0 2.85714
4 0.623472 0.306143 0.385475 0.137407 2.66667
5 0.196116 0.122456 0.274716 0.126204 2.66667
1 1.22457 1.22457 1.22457 0 2.66667
1 1.22456 1.22456 1.22456 0 3.16667
4 0.127337 0.102046 0.282983 0.168766 2.66667
3 0.0765346 0.0765346 0.333704 0.257169 2.66667
2 0.65698 0.0176501 0.337315 0.319665 2.66667
2 0.612279 5e-09 0.306139 0.306139 2.66667
1 0.340136 0.340136 0.340136 0 2.66667
1 0.28842 0.28842 0.28842 0 1.3
1 0.0615053 0.0615053 0.0615053 0 1.3
1 0.0323879 0.0323879 0.0323879 0 1.16667
1 1e-08 1e-08 1e-08 0 3.16667
1 1e-08 1e-08 1e-08 0 2
1 1e-08 1e-08 1e-08 0 3.3
1 1e-08 1e-08 1e-08 0 3.16667
1 1e-08 1e-08 1e-08 0 1.3
1 1e-08 1e-08 1e-08 0 2.8
1 1e-08 1e-08 1e-08 0 2.66667
1 1e-08 1e-08 1e-08 0 3.3
1 1e-08 1e-08 1e-08 0 3.16667
1 5e-09 5e-09 1e-08 5e-09 3.16667
1 1e-08 1e-08 1e-08 0 2.66667

1 13.1607 13.1607 13.1607 0 3.3
24 0.872295 0.122306 0.391627 0.262599 1.16667
10 0.347581 0.196585 0.392248 0.113498 3.66667
5 0.240188 0.240188 0.38921 0.149022 2.66667
3 0.131257 0.131257 0.453513 0.322256 2.66667
3 0.408185 0.408185 0.408185 0 2.66667
3 0.147981 0.147981 0.392111 0.24413 0.666667
3 0.130744 0.120394 0.39106 0.263812 2.66667
2 0.30561 0.30561 0.550521 0.244911 2.66667
2 0.230489 0.230489 0.438028 0.207538 2.85714
1 0.65698 0.65698 0.67463 0.0176501 2.66667
1 0.612279 0.612279 0.612279 5e-09 2.66667
1 0.340136 0.340136 0.340136 0 2.66667
1 0.306143 0.306143 0.332278 0.0261355 2.66667
1 0.28842 0.28842 0.28842 0 1.3
1 0.0891693 0.0891693 0.0891693 6.66667e-09 0.666667
1 0.0615053 0.0615053 0.0615053 0 1.3
1 0.0161939 0.0161939 0.0161939 5e-09 0.666667
1 1e-08 1e-08 1e-08 0 3.16667
1 1e-08 1e-08 1e-08 0 2
1 1e-08 1e-08 1e-08 0 3.16667
1 1e-08 1e-08 1e-08 0 1.3
1 1e-08 1e-08 1e-08 0 2.8
1 1e-08 1e-08 1e-08 0 3.3
1 1e-08 1e-08 1e-08 0 3.16667
1 1e-08 1e-08 1e-08 0 3.16667

28 1.39878 0.208549 0.439915 0.305131 1.66667
18 0.845036 0.205635 0.427714 0.23718 3.16667
6 1.08122 0.000215655 0.901051 0.402866 3.16667
9 0.371199 0.371199 0.453688 0.0824887 2.66667
5 0.498777 0.244914 0.448005 0.101545 2.66667
3 0.653718 0.601971 0.636469 0.0243942 2.66667
2 0.806713 0.806713 0.806713 0 2.85714
2 0.764024 0.764024 0.764024 0 2.66667
3 0.443943 0.443943 0.443943 0 0.666667
1 1.31396 1.31396 1.31396 0 2.66667
1 1.22456 1.22456 1.22456 0 2.66667
2 0.408185 0.408185 0.612277 0.204092 2.66667
1 0.340136 0.340136 0.340136 0 2.66667
1 0.14421 0.14421 0.14421 5e-09 0.8
1 0.0989763 0.0989763 0.0989763 5e-09 3.16667
1 0.0615053 0.0615053 0.0615053 0 1.3
1 0.0161939 0.0161939 0.0161939 5e-09 3.16667
1 7.60538e-05 7.60538e-05 7.60538e-05 0 3.3
1 1e-08 1e-08 1e-08 0 2
1 1e-08 1e-08 1e-08 0 3.16667
1 1e-08 1e-08 1e-08 0 1.3
1 1e-08 1e-08 1e-08 0 2.8
1 1e-08 1e-08 1e-08 0 3.3
1 1e-08 1e-08 1e-08 0 3.16667
1 1e-08 1e-08 1e-08 0 3.16667

29 1.13136 0.186098 0.463413 0.317165 1.16667
24 0.622363 0.346333 0.465824 0.120321 3.3
7 0.272213 0.272213 0.470114 0.197902 2.66667
5 0.432487 0.432487 0.529455 0.0969683 3.16667
4 0.155868 0.155868 0.505172 0.349305 2.66667
2 0.764024 0.764024 0.764024 0 2.66667
3 0.326859 0.326859 0.503843 0.176984 2.66667
2 0.443943 0.443943 0.665915 0.221972 0.666667
1 1.31396 1.31396 1.31396 0 2.66667
2 0.653718 0.601971 0.635779 0.0270632 2.66667
1 1.25933 1.25933 1.25933 0 2.66667
1 1.22456 1.22456 1.22456 0 2.66667
2 0.612277 0.612277 0.612277 0 2.66667
2 0.268904 0.268904 0.60042 0.331516 2.85714
1 0.340136 0.340136 0.340136 0 2.66667
1 0.04807 0.04807 0.127553 0.0794826 3.3
1 0.0989763 0.0989763 0.0989763 5e-09 3.16667
1 0.0615053 0.0615053 0.0615053 0 1.3
1 0.0323879 0.0323879 0.0323879 0 1.16667
1 1e-08 1e-08 1e-08 0 2
1 1e-08 1e-08 1e-08 0 3.16667
1 1e-08 1e-08 1e-08 0 1.3
1 1e-08 1e-08 1e-08 0 2.8
1 1e-08 1e-08 1e-08 0 3.16667

34 1.20997 0.178171 0.58424 0.354116 1.3
18 0.627342 0.263213 0.577042 0.29274 3.3
7 0.255199 0.255199 0.583313 0.328114 2.66667
2 2.0416 2.0416 2.0416 0 2.66667
4 0.499024 0.499024 0.571711 0.0726869 3.16667
3 0.311736 0.311736 0.727384 0.415648 2.66667
3 0.490289 0.490289 0.653718 0.16343 2.66667
1 1.80591 1.80591 1.80591 0 2.66667
2 0.806713 0.806713 0.806713 0 2.85714
2 0.254675 0.254675 0.764024 0.50935 2.66667
2 0.665915 0.665915 0.665915 0 0.666667
1 1.31396 1.31396 1.31396 0 2.66667
1 1.25933 1.25933 1.25933 0 2.66667
1 1.22456 1.22456 1.22456 0 2.66667
2 0.612277 0.612277 0.612277 0 2.66667
1 0.340136 0.340136 0.340136 0 2.66667
1 0.28842 0.28842 0.28842 0 1.3
1 0.197953 0.197953 0.197953 0 3.16667
1 0.0738446 0.0738446 0.0738446 0 0.8
1 0.0615053 0.0615053 0.0615053 0 1.3
1 0.0323879 0.0323879 0.0323879 0 1.16667
1 0.0229106 0.0229106 0.0229106 0 1.3
1 1e-08 1e-08 1e-08 0 3.16667
1 1e-08 1e-08 1e-08 0 1.3
1 1e-08 1e-08 1e-08 0 2.8
1 1e-08 1e-08 1e-08 0 3.16667
1 1e-08 1e-08 1e-08 0 2

39 1.28994 0.124191 0.534222 0.294916 3.3
2 5.76106 0.0989763 2.93002 2.83104 3.16667
7 4.48102 1.42857e-09 0.656237 1.56156 2.8
6 0.1408 0.1408 0.551814 0.411015 3.16667
4 0.498777 0.498777 0.538824 0.0400464 2.66667
3 0.653718 0.653718 0.653718 0 2.66667
1 1.80591 1.80591 1.80591 0 2.66667
2 0.806713 0.806713 0.806713 0 2.85714
2 0.764024 0.764024 0.764024 0 2.66667
2 0.926758 0.0923215 0.718138 0.466459 3.16667
2 0.665915 0.665915 0.665915 0 0.666667
1 1.31396 1.31396 1.31396 0 2.66667
1 1.25933 1.25933 1.25933 0 2.66667
1 1.22456 1.22456 1.22456 0 2.66667
2 0.612277 0.612277 0.612277 0 2.66667
1 0.340136 0.340136 0.340136 0 2.66667
1 0.0961399 0.0961399 0.161968 0.0658283 0.666667
1 0.102934 0.102934 0.114389 0.0114553 1.66667
1 0.0583665 0.0583665 0.0583665 5e-09 1.16667
1 0.0224268 0.0224268 0.0332228 0.010796 1.16667
1 0.0205018 0.0205018 0.0205018 6.66667e-09 1.16667
1 1e-08 1e-08 1e-08 0 2.66667
1 1e-08 1e-08 1e-08 0 3.16667
1 1e-08 1e-08 1e-08 0 1.3
1 1e-08 1e-08 1e-08 0 2.8
1 1e-08 1e-08 1e-08 0 3.16667
1 1e-08 1e-08 1e-08 0 2

44 1.8273 0.0679524 0.788309 0.489872 1.16667
23 3.01901 0.227096 0.800249 0.603979 1.3
3 2.16244 0.0961399 1.47367 0.974061 3.16667
4 0.291656 0.291656 0.814973 0.523317 2.66667
3 0.576106 0.576106 0.995069 0.418963 2.66667
3 0.249389 0.249389 0.831296 0.581907 2.66667
2 0.280165 0.280165 0.980578 0.700413 2.66667
2 0.601971 0.601971 0.902956 0.300985 2.66667
1 0.764024 0.764024 1.52805 0.764024 2.66667
1 0.443943 0.443943 1.32587 0.88193 0.666667
1 1.25933 1.25933 1.25933 0 2.66667
1 1.22456 1.22456 1.22456 0 2.66667
1 0.612277 0.612277 1.22455 0.612277 2.66667
1 0.537809 0.537809 1.07562 0.537809 2.85714
1 0.340136 0.340136 0.340136 0 2.66667
1 0.0686227 0.0686227 0.113476 0.0448536 1.66667
1 0.0615053 0.0615053 0.0615053 0 1.3
1 0.0188329 0.0188329 0.0498104 0.0309775 1.3
1 0.0368143 0.0368143 0.0368143 5e-09 3.16667
1 0.00196209 0.00196209 0.00196209 0 3.16667
1 1e-08 1e-08 1e-08 0 2
1 1e-08 1e-08 1e-08 0 3.16667
1 5e-09 5e-09 1e-08 5e-09 1.3
1 1e-08 1e-08 1e-08 0 2.8
1 1e-08 1e-08 1e-08 0 3.16667

3 33.3833 0.038819 14.6259 13.9285 3.3
25 0.898525 0.41544 1.18746 0.680433 1.16667
17 7.46808 0.0213274 1.21146 1.59932 3.3
2 0.810913 0.810913 1.62922 0.818304 3.16667
2 0.453688 0.453688 1.36124 0.907549 3.16667
2 0.415648 0.415648 1.24694 0.831296 2.66667
1 0.902956 0.902956 1.80591 0.902956 2.66667
1 1.61343 1.61343 1.61343 0 2.85714
1 1.52805 1.52805 1.52805 0 2.66667
1 1.33183 1.33183 1.33183 0 0.666667
1 0.653718 0.653718 1.30744 0.653718 2.66667
1 1.25933 1.25933 1.25933 0 2.66667
1 1.22456 1.22456 1.22456 0 2.66667
1 1.22455 1.22455 1.22455 0 2.66667
1 0.340136 0.340136 0.340136 0 2.66667
1 0.14421 0.14421 0.287687 0.143478 1.35714
1 0.0368143 0.0368143 0.0373946 0.000580359 3.16667
1 0.0307527 0.0307527 0.0307527 5e-09 1.3
1 1e-08 1e-08 1e-08 0 3.66667
1 1e-08 1e-08 1e-08 0 2.66667
1 1e-08 1e-08 1e-08 0 3.16667
1 1e-08 1e-08 1e-08 0 2.8
1 1e-08 1e-08 1e-08 0 1.3
1 5e-09 5e-09 1e-08 5e-09 3.16667
1 1e-08 1e-08 1e-08 0 2

23 3.89295 4.34783e-10 2.4204 1.29533 1.16667
17 1.24468 0.474406 1.20977 0.610572 1.3
1 7.75423 7.75423 7.75423 0 1.3
4 2.80003 2e-09 1.34874 0.991285 3.16667
3 4.21506 3.33333e-09 1.40502 1.987 0.857143
1 4.08319 4.08319 4.08319 0 2.66667
2 1.24694 1.24694 1.24694 0 2.66667
1 2.0416 2.0416 2.07841 0.0368143 3.16667
1 1.96116 1.96116 1.96116 0 2.66667
1 1.80591 1.80591 1.80591 0 2.66667
1 1.61343 1.61343 1.61343 0 2.85714
1 1.52805 1.52805 1.52805 0 2.66667
1 1.33183 1.33183 1.33183 0 0.666667
1 1.25933 1.25933 1.25933 0 2.66667
1 1.22456 1.22456 1.22456 0 2.66667
1 1.22455 1.22455 1.22455 0 2.66667
1 0.340136 0.340136 0.340136 0 2.66667
1 0.28842 0.28842 0.28842 0 1.3
1 1e-08 1e-08 1e-08 0 3.66667
1 1e-08 1e-08 1e-08 0 2.66667
1 1e-08 1e-08 1e-08 0 3.16667
1 1e-08 1e-08 1e-08 0 2.8
1 1e-08 1e-08 1e-08 0 1.3
1 1e-08 1e-08 1e-08 0 3.16667
1 1e-08 1e-08 1e-08 0 2
1 5e-09 5e-09 1e-08 5e-09 3.35714

11 12.8994 9.09091e-10 3.29771 4.53172 3.3
36 0.989901 0.458325 0.964413 0.335158 1.66667
6 2.00002 0.0485891 1.05053 0.743264 3.16667
3 1.0208 1.0208 1.0208 8.33333e-10 2.66667
2 1.24694 1.24694 1.24694 0 2.66667
2 0.980578 0.980578 0.980578 0 2.66667
1 0.902956 0.902956 1.80591 0.902956 2.66667
1 1.61343 1.61343 1.61343 0 2.85714
1 1.52805 1.52805 1.52805 0 2.66667
1 1.33183 1.33183 1.33183 0 0.666667
1 1.25933 1.25933 1.25933 0 2.66667
1 1.22456 1.22456 1.22456 0 2.66667
1 1.22455 1.22455 1.22455 0 2.66667
1 0.340136 0.340136 0.340136 0 2.66667
1 0.0771773 0.0771773 0.0771773 6.66667e-09 1.3
1 0.0307527 0.0307527 0.0307527 5e-09 1.3
1 0.0235732 0.0235732 0.0235732 0 3.3
1 1e-08 1e-08 1e-08 0 3.66667
1 1e-08 1e-08 1e-08 0 2.66667
1 1e-08 1e-08 1e-08 0 3.16667
1 1e-08 1e-08 1e-08 0 2.8
1 1e-08 1e-08 1e-08 0 1.3
1 1e-08 1e-08 1e-08 0 3.16667
1 1e-08 1e-08 1e-08 0 2
1 5e-09 5e-09 1e-08 5e-09 3.35714
1 1e-08 1e-08 1e-08 0 3.8
1 1e-08 1e-08 1e-08 0 1.66667

40 1.78735 1.07567 1.46447 0.154433 1.16667
21 2.62766 0.526196 1.46903 0.691127 3.3
13 8.98525 7.69231e-10 2.28253 3.40414 1.8
4 1.55557 1.55557 1.71859 0.163018 3.35714
2 0.583313 0.583313 1.74994 1.16663 2.66667
1 0.980578 0.980578 1.96116 0.980578 2.66667
1 1.80591 1.80591 1.80591 0 2.66667
1 1.61343 1.61343 1.61343 0 2.85714
1 1.52805 1.52805 1.52805 0 2.66667
1 0.498777 0.498777 1.49633 0.997555 2.66667
1 1.33183 1.33183 1.33183 0 0.666667
1 1.25933 1.25933 1.25933 0 2.66667
1 1.22456 1.22456 1.22456 0 2.66667
1 1.22455 1.22455 1.22455 0 2.66667
1 0.340136 0.340136 0.340136 0 2.66667
1 0.113375 0.113375 0.226749 0.113375 3.35714
1 0.113378 0.113378 0.190685 0.0773072 1.8
1 0.0839962 0.0839962 0.0839962 0 1.35714
1 0.0615053 0.0615053 0.0615053 0 1.3
1 0.0292339 0.0292339 0.0292339 6.66667e-09 1.3
1 0.0235732 0.0235732 0.0235732 0 3.3
1 0.00987704 0.00987704 0.00987704 0 1.35714
1 1e-08 1e-08 1e-08 0 2.8
1 1e-08 1e-08 1e-08 0 3.16667
1 1e-08 1e-08 1e-08 0 2
1 1e-08 1e-08 1e-08 0 3.16667

32 4.43417 3.125e-10 1.65439 1.69376 3.3
39 0.911013 0.569872 1.34936 0.716699 1.16667
8 1.40001 1.40001 1.40825 0.00823769 3.35714
2 1.36106 1.36106 1.36106 1.66667e-09 2
1 2.49389 2.49389 2.49389 0 2.66667
1 0.902956 0.902956 1.80591 0.902956 2.66667
1 1.61343 1.61343 1.61343 0 2.85714
1 1.52805 1.52805 1.52805 0 2.66667
1 1.33183 1.33183 1.33183 0 0.666667
1 1.25933 1.25933 1.25933 0 2.66667
1 1.22456 1.22456 1.22456 0 2.66667
1 1.22455 1.22455 1.22455 0 2.66667
1 0.980578 0.980578 0.982677 0.00209977 2.66667
1 0.340136 0.340136 0.340136 0 2.66667
1 0.0615053 0.0615053 0.0615053 0 1.3
1 0.0522715 0.0522715 0.0522715 0 2.8
1 0.0292339 0.0292339 0.0328855 0.0036516 1.3
1 0.0235732 0.0235732 0.0235732 0 3.3
1 1e-08 1e-08 1e-08 0 2.8
1 1e-08 1e-08 1e-08 0 3.16667
1 1e-08 1e-08 1e-08 0 3.16667

40 2.61674 0.00493625 1.41103 0.881111 0.666667
37 1.30178 0.705805 1.41742 0.517413 3.3
8 1.55557 1.55557 1.55566 9.49263e-05 3.35714
1 2.49389 2.49389 2.49389 0 2.66667
1 2.0416 2.0416 2.06773 0.0261357 2.8
1 2.0416 2.0416 2.05338 0.0117866 3.16667
1 1.96116 1.96116 1.96116 0 2.66667
1 1.80591 1.80591 1.80591 0 2.66667
1 1.61343 1.61343 1.61343 0 2.85714
1 1.52805 1.52805 1.52805 0 2.66667
1 1.33183 1.33183 1.33183 0 0.666667
1 1.25933 1.25933 1.25933 0 2.66667
1 1.22456 1.22456 1.22456 0 2.66667
1 1.22455 1.22455 1.22455 0 2.66667
1 0.491486 0.491486 0.491486 6.66667e-09 3.3
1 0.340136 0.340136 0.340136 0 2.66667
1 0.112766 0.112766 0.112766 0 3.35714
1 0.0877018 0.0877018 0.0877018 0 1.3
1 0.0615053 0.0615053 0.0615053 0 1.3

40 3.54734 2.5e-10 2.34333 1.21053 3.3
30 1.02489 0.746149 1.89087 1.00606 1.16667
5 0.777785 0.777785 2.02659 1.24881 3.3
1 4.08319 4.08319 4.08319 0 2.66667
1 4.08319 4.08319 4.08319 0 3.16667
1 2.7483 2.7483 2.7483 7.5e-09 3.3
1 2.49389 2.49389 2.49389 0 2.66667
1 1.96116 1.96116 1.96116 0 2.66667
1 1.80591 1.80591 1.80591 0 2.66667
1 1.61343 1.61343 1.61343 0 2.85714
1 1.52805 1.52805 1.52805 0 2.66667
1 1.33183 1.33183 1.33183 0 0.666667
1 1.25933 1.25933 1.25933 0 2.66667
1 1.22456 1.22456 1.22456 0 2.66667
1 1.22455 1.22455 1.22455 0 2.66667
1 0.340136 0.340136 0.340136 0 2.66667
1 0.340015 0.340015 0.340015 0 3.16667
1 0.272952 0.272952 0.272952 0 1.3
1 0.212558 0.212558 0.212558 0 1.66667
1 0.112766 0.112766 0.112766 0 3.35714
1 0.0877018 0.0877018 0.0877018 0 1.3
1 0.0615053 0.0615053 0.0615053 0 1.3
1 1e-08 1e-08 1e-08 0 3.3

38 3.23649 0.00219543 2.22708 1.14803 1.16667
35 1.05106 0.774417 1.83187 0.84805 1.3
5 2.80003 2.80003 2.80003 0 3.35714
2 2.0416 2.0416 2.0416 0 3.16667
1 2.49389 2.49389 2.49389 0 2.66667
1 1.96116 1.96116 1.96116 0 2.66667
1 1.80591 1.80591 1.80591 0 2.66667
1 1.61343 1.61343 1.61343 0 2.85714
1 1.52805 1.52805 1.52805 0 2.66667
1 1.33183 1.33183 1.33183 0 0.666667
1 1.25933 1.25933 1.25933 0 2.66667
1 1.22456 1.22456 1.22456 0 2.66667
1 1.22455 1.22455 1.22455 0 2.66667
1 0.340136 0.340136 0.340136 0 2.66667
1 0.272952 0.272952 0.272952 0 1.3
1 0.0877018 0.0877018 0.0877018 0 1.3
1 0.0615053 0.0615053 0.0615053 0 1.3
1 0.0294749 0.0294749 0.0294749 0 2.66667
1 1e-08 1e-08 1e-08 0 3.3

35 4.0541 2.85714e-10 2.50028 1.80736 3.3
37 1.06534 0.904314 1.97923 0.992446 0.666667
5 2.80003 2.80003 2.80003 0 3.35714
2 2.0416 2.0416 2.0416 0 3.16667
1 2.49389 2.49389 2.49389 0 2.66667
1 2.03279 2.03279 2.03279 0 3.35714
1 1.96116 1.96116 1.96116 0 2.66667
1 1.80591 1.80591 1.80591 0 2.66667
1 1.61343 1.61343 1.61343 0 2.85714
1 1.52805 1.52805 1.52805 0 2.66667
1 1.33183 1.33183 1.33183 0 0.666667
1 1.25933 1.25933 1.25933 0 2.66667
1 1.22456 1.22456 1.22456 0 2.66667
1 1.22455 1.22455 1.22455 0 2.66667
1 0.340136 0.340136 0.340136 0 2.66667
1 0.272952 0.272952 0.272952 0 1.3
1 0.0877018 0.0877018 0.0877018 0 1.3
1 0.0615053 0.0615053 0.0615053 0 1.3
1 0.0294749 0.0294749 0.0294749 0 2.66667
1 1e-08 1e-08 1e-08 0 2.66667
1 1e-08 1e-08 1e-08 0 3.3

25 5.79543 0.00024111 4.59 1.60103 1.16667
30 0.978576 0.978576 2.18546 1.20688 3.3
5 2.80003 2.80003 2.80003 0 3.35714
1 2.0416 2.0416 4.08319 2.0416 2.66667
1 2.49389 2.49389 2.49389 0 2.66667
1 1.96116 1.96116 1.96116 0 2.66667
1 1.80591 1.80591 1.80591 0 2.66667
1 1.61343 1.61343 1.61343 0 2.85714
1 1.52805 1.52805 1.52805 0 2.66667
1 1.33183 1.33183 1.33183 0 0.666667
1 1.25933 1.25933 1.25933 0 2.66667
1 1.22456 1.22456 1.22456 0 2.66667
1 1.22455 1.22455 1.22455 0 2.66667
1 0.340136 0.340136 0.340136 0 2.66667
1 0.272952 0.272952 0.272952 0 1.3
1 0.0877018 0.0877018 0.0877018 0 1.3
1 0.0615053 0.0615053 0.0615053 0 1.3
1 0.0450032 0.0450032 0.0450032 0 3.3
1 0.0350592 0.0350592 0.0350592 5e-09 1.3
1 0.0294749 0.0294749 0.0294749 0 2.66667
1 5e-09 5e-09 1e-08 5e-09 2.66667

44 1.14989 1.09921 2.2864 1.16077 1.66667
28 5.06763 3.57143e-10 3.28297 2.39552 3.3
5 2.80003 2.80003 2.80003 0 3.35714
1 4.08319 4.08319 4.08319 0 2.66667
1 2.49389 2.49389 2.49389 0 2.66667
1 1.96116 1.96116 1.96116 0 2.66667
1 1.80591 1.80591 1.80591 0 2.66667
1 1.61343 1.61343 1.61343 0 2.85714
1 1.52805 1.52805 1.52805 0 2.66667
1 1.33183 1.33183 1.33183 0 0.666667
1 1.25933 1.25933 1.25933 0 2.66667
1 1.22456 1.22456 1.22456 0 2.66667
1 1.22455 1.22455 1.22455 0 2.66667
1 0.340136 0.340136 0.340136 0 2.66667
1 0.272952 0.272952 0.272952 0 1.3
1 0.0877018 0.0877018 0.0877018 0 1.3
1 0.0701183 0.0701183 0.0701183 0 1.3
1 0.0615053 0.0615053 0.0615053 0 1.3
1 0.0450032 0.0450032 0.0450032 0 3.3
1 0.0294749 0.0294749 0.0294749 0 2.66667
1 1e-08 1e-08 1e-08 0 2.66667
1 1e-08 1e-08 1e-08 0 1.3

35 4.13959 2.85714e-10 2.76533 1.70136 3.16667
40 1.13515 1.13515 2.23998 1.10483 3.3
5 2.80003 2.80003 2.80003 0 3.35714
1 4.08319 4.08319 4.08319 0 2.66667
1 2.47301 2.47301 3.30899 0.835981 3.35714
1 2.49389 2.49389 2.49389 0 2.66667
1 1.96116 1.96116 1.96116 0 2.66667
1 1.80591 1.80591 1.80591 0 2.66667
1 1.61343 1.61343 1.61343 0 2.85714
1 1.52805 1.52805 1.52805 0 2.66667
1 1.33183 1.33183 1.33183 0 0.666667
1 1.25933 1.25933 1.25933 0 2.66667
1 1.22456 1.22456 1.22456 0 2.66667
1 1.22455 1.22455 1.22455 0 2.66667
1 0.340136 0.340136 0.340136 0 2.66667
1 0.164585 0.164585 0.314241 0.149656 3.3
1 0.169966 0.169966 0.306442 0.136476 1.85714
1 0.0877018 0.0877018 0.0877018 0 1.3
1 0.0701183 0.0701183 0.0701183 0 1.3
1 0.0615053 0.0615053 0.0615053 0 1.3
1 0.0559041 0.0559041 0.0559041 0 3.35714
1 0.0450032 0.0450032 0.0450032 0 3.3
1 0.0294749 0.0294749 0.0294749 0 2.66667
1 1e-08 1e-08 1e-08 0 2.66667

52 1.07323 1.05106 2.0343 0.975193 1.66667
15 9.65905 6.66667e-10 3.08902 3.76405 1.16667
7 6.75684 0.0134093 2.14286 2.92844 3.3
5 2.80003 2.80003 2.80003 0 3.35714
1 4.08319 4.08319 4.08319 0 2.66667
1 2.49389 2.49389 2.49389 0 2.66667
1 1.96116 1.96116 1.96116 0 2.66667
1 1.80591 1.80591 1.80591 0 2.66667
1 1.61343 1.61343 1.61343 0 2.85714
1 1.52805 1.52805 1.52805 0 2.66667
1 1.33183 1.33183 1.33183 0 0.666667
1 1.25933 1.25933 1.25933 0 2.66667
1 1.22456 1.22456 1.22456 0 2.66667
1 1.22455 1.22455 1.22455 0 2.66667
1 0.340136 0.340136 0.340136 0 2.66667
1 0.169966 0.169966 0.173389 0.00342375 1.85714
1 0.134466 0.134466 0.134466 0 1.3
1 0.0877018 0.0877018 0.0877018 0 1.3
1 0.0701183 0.0701183 0.0701183 0 1.3
1 0.0559041 0.0559041 0.0559041 0 3.35714
1 0.0519776 0.0519776 0.0519776 0 3.16667
1 0.0474803 0.0474803 0.0474803 0 1.16667
1 0.0450032 0.0450032 0.0450032 0 3.3
1 0.0307527 0.0307527 0.0307527 5e-09 1.3
1 0.0147375 0.0147375 0.0147375 5e-09 2.66667
1 1e-08 1e-08 1e-08 0 1.66667

34 2.02705 2.02705 3.42325 1.3962 3.3
22 1.8249 1.81107 3.44288 1.63118 1.16667
1 68.2092 68.2092 68.2092 0 3.3
13 10.9149 7.69231e-10 3.73434 4.90064 3.3
2 2.00002 2.00002 5.00937 3.00935 3.35714
1 4.08319 4.08319 4.08319 0 2.66667
1 2.49389 2.49389 2.49389 0 2.66667
1 1.96116 1.96116 1.96116 0 2.66667
1 1.80591 1.80591 1.80591 0 2.66667
1 1.61343 1.61343 1.61343 0 2.85714
1 1.52805 1.52805 1.52805 0 2.66667
1 1.5059 1.5059 1.5059 0 1.35714
1 1.33183 1.33183 1.33183 0 0.666667
1 1.25933 1.25933 1.25933 0 2.66667
1 1.22456 1.22456 1.22456 0 2.66667
1 1.22455 1.22455 1.22455 0 2.66667
1 0.340136 0.340136 0.340136 0 2.66667
1 0.11331 0.11331 0.223837 0.110527 1.3
1 0.162743 0.162743 0.188732 0.0259888 3.16667
1 0.160933 0.160933 0.160933 0 1.3
1 0.134466 0.134466 0.134466 0 1.3
1 0.0877018 0.0877018 0.0877018 0 1.3
1 0.0615053 0.0615053 0.0615053 0 1.3
1 0.0496463 0.0496463 0.0496463 0 3.3
1 0.0450032 0.0450032 0.0450032 0 3.3
1 0.0424387 0.0424387 0.0424387 5e-09 1.3
1 0.0279521 0.0279521 0.0279521 5e-09 3.35714
1 0.0147375 0.0147375 0.0147375 5e-09 3.16667
1 1e-08 1e-08 1e-08 0 1.66667

38 3.24426 0.0881554 2.93999 0.767315 1.66667
29 1.46282 1.46282 3.02016 1.55734 3.3
20 5.21838 2.52627 3.013 0.772572 3.3
2 7.00006 7.00006 7.00006 0 3.35714
1 4.08319 4.08319 4.08319 0 2.66667
1 2.49389 2.49389 2.49389 0 2.66667
1 1.96116 1.96116 1.96116 0 2.66667
1 1.80591 1.80591 1.80591 0 2.66667
1 1.61343 1.61343 1.61343 0 2.85714
1 1.52805 1.52805 1.52805 0 2.66667
1 1.33183 1.33183 1.33183 0 0.666667
1 1.25933 1.25933 1.25933 0 2.66667
1 1.22456 1.22456 1.22456 0 2.66667
1 1.22455 1.22455 1.22455 0 2.66667
1 0.340136 0.340136 0.340136 0 2.66667
1 0.339931 0.339931 0.339931 0 1.85714

37 1.75894 1.74561 3.18052 1.43455 1.3
31 2.1499 2.1499 3.21266 1.06275 3.3
20 4.02561 1.94883 3.17193 1.15342 3.3
2 7.00006 7.00006 7.00006 0 3.35714
1 4.08319 4.08319 4.08319 0 2.66667
1 2.49389 2.49389 2.49389 0 2.66667
1 1.96116 1.96116 1.96116 0 2.66667
1 1.80591 1.80591 1.80591 0 2.66667
1 1.61343 1.61343 1.61343 0 2.85714
1 1.59153 1.59153 1.59475 0.00322245 1.66667
1 1.52805 1.52805 1.52805 0 2.66667
1 1.33183 1.33183 1.33183 0 0.666667
1 1.25933 1.25933 1.25933 0 2.66667
1 1.22456 1.22456 1.22456 0 2.66667
1 1.22455 1.22455 1.22455 0 2.66667

1 127.787 127.787 127.787 0 3.3
29 1.55311 1.54134 4.22486 2.68271 1.66667
23 1.68921 1.68921 4.23736 2.54815 3.3
2 25.9417 0.842649 13.3922 12.5495 1.8
2 7.00006 7.00006 7.00006 0 3.35714
1 4.08319 4.08319 4.08319 0 2.66667
1 2.49389 2.49389 2.49389 0 2.66667
1 1.96116 1.96116 1.96116 0 2.66667
1 1.80591 1.80591 1.80591 0 2.66667
1 1.61343 1.61343 1.61343 0 2.85714
1 1.59153 1.59153 1.59623 0.00469761 1.66667
1 1.52805 1.52805 1.52805 0 2.66667
1 1.33183 1.33183 1.33183 0 0.666667
1 1.25933 1.25933 1.25933 0 2.66667
1 1.22456 1.22456 1.22456 0 2.66667
1 1.22455 1.22455 1.22455 0 2.66667
1 0.527947 0.527947 1.05589 0.527947 1.66667
1 0.031412 0.031412 0.031412 5e-09 1.66667
1 5e-09 5e-09 1e-08 5e-09 3.66667

14 10.1353 10.1353 10.1353 1.77636e-15 3.3
26 1.87169 1.85751 4.50017 2.63994 1.66667
18 2.62766 2.36643 4.66279 2.14551 3.3
7 20.2705 1.42857e-09 6.12784 8.96708 3.3
3 21.4646 3.33333e-09 7.15488 10.1185 3.8
2 7.00006 7.00006 7.00006 0 3.35714
1 4.08319 4.08319 4.08319 0 2.66667
1 3.18306 3.18306 3.18306 0 1.66667
1 2.49389 2.49389 2.49389 0 2.66667
1 1.96116 1.96116 1.96116 0 2.66667
1 1.80591 1.80591 1.80591 0 2.66667
1 1.61343 1.61343 1.61343 0 2.85714
1 1.52805 1.52805 1.52805 0 2.66667
1 1.33183 1.33183 1.33183 0 0.666667
1 1.25933 1.25933 1.25933 0 2.66667
1 1.22456 1.22456 1.22456 0 2.66667
1 1.22455 1.22455 1.22455 0 2.66667
1 1.05589 1.05589 1.05589 0 1.66667
1 1e-08 1e-08 1e-08 0 3.35714

25 2.4332 2.41476 4.59393 2.17328 1.66667
11 12.445 9.09091e-10 8.61421 5.08379 3.3
19 1.68921 1.68921 4.63154 2.94233 3.3
1 64.3939 64.3939 64.3939 0 3.8
9 14.1986 1.11111e-09 7.07232 6.69289 3.3
2 7.00006 7.00006 7.00006 0 3.35714
1 4.08319 4.08319 4.08319 0 2.66667
1 2.49389 2.49389 2.49389 0 2.66667
1 1.96116 1.96116 1.96116 0 2.66667
1 1.80591 1.80591 1.80591 0 2.66667
1 1.61343 1.61343 1.61343 0 2.85714
1 1.52805 1.52805 1.52805 0 2.66667
1 1.33183 1.33183 1.33183 0 0.666667
1 1.25933 1.25933 1.25933 0 2.66667
1 1.22456 1.22456 1.22456 0 2.66667
1 1.22455 1.22455 1.22455 0 2.66667
1 1.05589 1.05589 1.05589 0 1.66667
1 0.107663 0.107663 0.111086 0.00342375 1.66667
1 1e-08 1e-08 1e-08 0 3.35714
1 1e-08 1e-08 1e-08 0 3.66667
1 1e-08 1e-08 1e-08 0 1.16667

32 2.70314 2.63429 3.85749 1.21297 1.16667
24 4.43417 0.197968 3.94031 1.3248 3.3
20 2.36489 2.12978 3.85975 1.56516 2.8
13 9.1881 0.00181573 3.90683 2.04841 3.8
2 7.00006 7.00006 7.00006 0 3.35714
1 4.08319 4.08319 4.08319 0 2.66667
1 2.49389 2.49389 2.49389 0 2.66667
1 1.96116 1.96116 1.96116 0 2.66667
1 1.80591 1.80591 1.80591 0 2.66667
1 1.61343 1.61343 1.61343 0 2.85714
1 1.52805 1.52805 1.52805 0 2.66667
1 1.33183 1.33183 1.33183 0 0.666667
1 1.25933 1.25933 1.25933 0 2.66667
1 1.22456 1.22456 1.22456 0 2.66667
1 1.22455 1.22455 1.22455 0 2.66667

26 2.15468 2.09979 4.9661 2.84347 1.66667
10 13.6895 0.0865841 10.027 4.86753 3.3
19 1.61243 1.61243 5.0542 3.44177 3.3
2 72.4429 5e-09 36.2214 36.2214 1.66667
12 8.64763 3.78788 5.15278 1.85759 3.8
2 7.00006 7.00006 7.00006 0 3.35714
1 4.08319 4.08319 4.08319 0 2.66667
1 2.49389 2.49389 2.49389 0 2.66667
1 1.96116 1.96116 1.96116 0 2.66667
1 1.80591 1.80591 1.80591 0 2.66667
1 1.61343 1.61343 1.61343 0 2.85714
1 1.52805 1.52805 1.52805 0 2.66667
1 1.33183 1.33183 1.33183 0 0.666667
1 1.25933 1.25933 1.25933 0 2.66667
1 1.22456 1.22456 1.22456 0 2.66667
1 1.22455 1.22455 1.22455 0 2.66667
1 0.0467902 0.0467902 0.0467902 0 1.8
1 0.000253809 0.000253809 0.000253809 0 1.3
1 1e-08 1e-08 1e-08 0 3.66667

31 2.219 2.17898 3.94117 1.74938 1.16667
22 2.57988 2.3234 3.97138 1.45383 3.3
21 6.16928 4.34783e-10 3.97088 2.81397 3.35714
12 12.2508 5.36616 6.59534 2.53556 3.8
1 4.08319 4.08319 4.08319 0 2.66667
1 2.49389 2.49389 2.49389 0 2.66667
1 1.96116 1.96116 1.96116 0 2.66667
1 1.80591 1.80591 1.80591 0 2.66667
1 1.61343 1.61343 1.61343 0 2.85714
1 1.52805 1.52805 1.52805 0 2.66667
1 1.33183 1.33183 1.33183 0 0.666667
1 1.25933 1.25933 1.25933 0 2.66667
1 1.22456 1.22456 1.22456 0 2.66667
1 1.22455 1.22455 1.22455 0 2.66667
1 0.340032 0.340032 0.340032 0 3.3
1 0.170018 0.170018 0.170018 5e-09 3.3
1 0.0261306 0.0261306 0.0261306 5e-09 3.66667
1 0.000253809 0.000253809 0.000253809 0 1.3
1 1.66667e-09 1.66667e-09 1e-08 8.33333e-09 1.66667

35 2.219 2.17898 3.49095 1.28926 1.66667
22 1.55927 1.55927 3.57198 2.01271 3.3
17 8.64763 0.00102837 4.07783 2.02548 3.8
3 42.5957 3.33333e-09 14.1986 20.0798 3.3
3 4.66671 4.66671 4.66671 0 3.35714
1 4.08319 4.08319 4.08319 0 2.66667
1 2.49389 2.49389 2.49389 0 2.66667
1 1.96116 1.96116 1.96116 0 2.66667
1 1.80591 1.80591 1.80591 0 2.66667
1 1.61343 1.61343 1.61343 0 2.85714
1 1.52805 1.52805 1.52805 0 2.66667
1 1.33183 1.33183 1.33183 0 0.666667
1 1.25933 1.25933 1.25933 0 2.66667
1 1.22456 1.22456 1.22456 0 2.66667
1 1.22455 1.22455 1.22455 0 2.66667
1 0.19873 0.19873 0.19873 0 1.16667
1 0.0522612 0.0522612 0.0522612 0 3.66667
1 0.0434606 0.0434606 0.0434606 0 1.8
1 0.0382191 0.0382191 0.0382191 0 1.66667
1 0.0281895 0.0281895 0.0281895 5e-09 3.35714
1 0.000253809 0.000253809 0.000253809 0 1.3
1 1e-08 1e-08 1e-08 0 3.35714
1 5e-09 5e-09 1e-08 5e-09 3.16667

2 70.9468 70.9468 70.9468 0 3.3
22 2.0649 2.0649 5.97149 3.90659 1.66667
16 2.72872 2.72872 6.22354 3.49482 3.3
1 76.0819 76.0819 76.0819 0 3.16667
8 3.26688 1.56883 6.5013 4.06451 3.8
3 42.5957 3.33333e-09 14.1986 20.0798 3.3
2 27.9969 5e-09 13.9984 13.9984 3.16667
1 4.08319 4.08319 4.08319 0 2.66667
1 2.49389 2.49389 2.49389 0 2.66667
1 1.96116 1.96116 1.96116 0 2.66667
1 1.80591 1.80591 1.80591 0 2.66667
1 1.61343 1.61343 1.61343 0 2.85714
1 1.52805 1.52805 1.52805 0 2.66667
1 1.33183 1.33183 1.33183 0 0.666667
1 1.25933 1.25933 1.25933 0 2.66667
1 1.22456 1.22456 1.22456 0 2.66667
1 1.22455 1.22455 1.22455 0 2.66667
1 0.215896 0.215896 0.431792 0.215896 1.66667
1 0.19873 0.19873 0.19873 0 1.16667
1 0.158027 0.158027 0.158027 0 3.85714
1 0.056379 0.056379 0.056379 0 3.35714
1 0.0522612 0.0522612 0.0522612 0 3.66667
1 0.00403781 0.00403781 0.00403781 0 3.3
1 0.000253809 0.000253809 0.000253809 0 1.3
1 2.01494e-06 2.01494e-06 4.02988e-06 2.01494e-06 1.66667
1 1e-08 1e-08 1e-08 0 3.35714

8 18.3762 8.82466 14.1131 4.29063 3.8
29 2.35988 2.35988 3.70129 1.3414 1.66667
28 1.91748 1.91748 3.63746 1.71998 3.3
5 20.2705 1.42857e-09 4.06522 8.10265 1.3
1 4.08319 4.08319 4.08319 0 2.66667
1 2.49389 2.49389 2.49389 0 2.66667
1 1.96116 1.96116 1.96116 0 2.66667
1 1.80591 1.80591 1.80591 0 2.66667
1 1.61343 1.61343 1.61343 0 2.85714
1 1.52805 1.52805 1.52805 0 2.66667
1 1.33183 1.33183 1.33183 0 0.666667
1 1.25933 1.25933 1.25933 0 2.66667
1 1.22456 1.22456 1.22456 0 2.66667
1 1.22455 1.22455 1.22455 0 2.66667
1 0.611864 0.611864 0.611864 0 1.8
1 0.19873 0.19873 0.19873 0 1.16667
1 0.109867 0.109867 0.109867 5e-09 3.3
1 0.0921183 0.0921183 0.0921183 0 3.35714
1 0.0912416 0.0912416 0.0912416 0 3.85714
1 0.0522612 0.0522612 0.0522612 0 3.66667
1 0.000253809 0.000253809 0.000253809 0 1.3
1 1e-08 1e-08 1e-08 0 3.3
1 1e-08 1e-08 1e-08 0 3.35714
1 1e-08 1e-08 1e-08 0 3.3

30 2.2705 2.25262 4.40997 2.15676 1.66667
25 3.6383 3.6383 4.45402 0.815721 3.3
3 47.2978 0.0457103 31.5471 22.2749 3.3
16 2.88254 2.80569 4.53905 1.6662 3.8
1 4.08319 4.08319 4.08319 0 2.66667
1 2.49389 2.49389 2.49389 0 2.66667
1 1.96116 1.96116 1.96116 0 2.66667
1 1.80591 1.80591 1.80591 0 2.66667
1 1.61343 1.61343 1.61343 0 2.85714
1 1.52805 1.52805 1.52805 0 2.66667
1 1.33183 1.33183 1.33183 0 0.666667
1 1.25933 1.25933 1.25933 0 2.66667
1 1.22456 1.22456 1.22456 0 2.66667
1 1.22455 1.22455 1.22455 0 2.66667
1 0.611864 0.611864 0.611864 0 1.8
1 0.431792 0.431792 0.431792 0 1.66667
1 0.219734 0.219734 0.219734 0 3.16667
1 0.199829 0.199829 0.199829 0 3.35714
1 0.19873 0.19873 0.19873 0 1.16667
1 0.10301 0.10301 0.10301 0 3.85714
1 0.0678755 0.0678755 0.0972913 0.0294158 3.3
1 0.056379 0.056379 0.056379 0 3.35714
1 0.0174204 0.0174204 0.0174204 6.66667e-09 3.66667
1 0.000253809 0.000253809 0.000253809 0 1.3
1 1e-08 1e-08 1e-08 0 3.3
1 1e-08 1e-08 1e-08 0 3.35714
1 5e-09 5e-09 1e-08 5e-09 3.3
1 1e-08 1e-08 1e-08 0 1.66667
1 1e-08 1e-08 1e-08 0 3.3

17 8.64763 0.0147903 8.11298 2.02587 3.8
25 2.1499 2.1499 4.26196 2.11206 3.3
24 1.89687 1.88193 4.17264 2.28947 1.66667
11 9.45957 6.66667e-10 4.31306 4.6982 3.8
1 4.08319 4.08319 4.08319 0 2.66667
1 2.49389 2.49389 2.49389 0 2.66667
1 1.96116 1.96116 1.96116 0 2.66667
1 1.80591 1.80591 1.80591 0 2.66667
1 1.61343 1.61343 1.61343 0 2.85714
1 1.52805 1.52805 1.52805 0 2.66667
1 1.33183 1.33183 1.33183 0 0.666667
1 1.25933 1.25933 1.25933 0 2.66667
1 1.22456 1.22456 1.22456 0 2.66667
1 1.22455 1.22455 1.22455 0 2.66667
1 0.611864 0.611864 0.611864 0 1.8
1 0.19873 0.19873 0.19873 0 1.16667
1 0.109867 0.109867 0.125948 0.0160806 3.66667
1 0.056379 0.056379 0.056379 0 3.35714
1 0.0522612 0.0522612 0.0522612 0 3.66667
1 0.000253809 0.000253809 0.000253809 0 1.3
1 1e-08 1e-08 1e-08 0 3.3
1 1e-08 1e-08 1e-08 0 3.35714
1 1e-08 1e-08 1e-08 0 3.16667
1 1e-08 1e-08 1e-08 0 3.3
1 1e-08 1e-08 1e-08 0 3.66667

29 3.84238 3.81212 4.24203 0.427888 1.66667
25 2.57988 2.57988 4.2547 1.67482 3.3
23 2.49682 2.45016 4.27947 1.82731 3.8
17 7.09468 5e-10 4.27782 3.37942 3.3
1 4.08319 4.08319 4.08319 0 2.66667
1 2.49389 2.49389 2.49389 0 2.66667
1 1.96116 1.96116 1.96116 0 2.66667
1 1.80591 1.80591 1.80591 0 2.66667
1 1.61343 1.61343 1.61343 0 2.85714
1 1.52805 1.52805 1.52805 0 2.66667
1 1.33183 1.33183 1.33183 0 0.666667

27 2.41698 2.39795 4.92915 2.5284 1.66667
23 3.12103 3.0627 4.96816 1.90296 3.8
21 2.25228 2.25228 4.87941 2.62713 3.3
11 12.8994 9.09091e-10 5.88242 6.40573 3.3
5 29.7345 2e-09 11.1974 11.1081 1.83333
1 4.08319 4.08319 4.08319 0 2.66667
1 2.49389 2.49389 2.49389 0 2.66667
1 1.96116 1.96116 1.96116 0 2.66667
1 1.80591 1.80591 1.80591 0 2.66667
1 1.61343 1.61343 1.61343 0 2.85714
1 1.52805 1.52805 1.52805 0 2.66667
1 1.33183 1.33183 1.33183 0 0.666667
1 2.5e-09 2.5e-09 1e-08 7.5e-09 3.66667
1 1e-08 1e-08 1e-08 0 3.8

27 1.78396 1.76991 4.26723 2.49213 1.66667
26 2.49682 2.45016 4.28896 1.83703 3.8
25 4.43417 0.0263021 4.25938 0.863764 3.3
11 12.8994 9.09091e-10 5.88128 6.40678 3.3
1 4.08319 4.08319 4.08319 0 2.66667
1 2.49389 2.49389 2.49389 0 2.66667
1 2.34253 2.34253 2.34939 0.00686727 1.8
1 1.96116 1.96116 1.96116 0 2.66667
1 1.80591 1.80591 1.80591 0 2.66667
1 1.61343 1.61343 1.61343 0 2.85714
1 1.52805 1.52805 1.52805 0 2.66667
1 1.33183 1.33183 1.33183 0 0.666667

23 4.32381 4.32381 5.64331 1.3195 3.8
23 2.30543 2.28727 5.46983 3.16634 1.66667
19 3.46082 3.46082 5.47156 2.01074 3.3
16 4.16137 4.0836 5.68122 1.58333 3.85714
10 14.1894 1e-09 7.12374 7.06609 3.3
1 4.68505 4.68505 4.68505 0 1.8
1 4.08319 4.08319 4.08319 0 2.66667
1 2.49389 2.49389 2.49389 0 2.66667
1 1.96116 1.96116 1.96116 0 2.66667
1 1.80591 1.80591 1.80591 0 2.66667
1 1.61343 1.61343 1.61343 0 2.85714
1 1.52805 1.52805 1.52805 0 2.66667
1 1.33183 1.33183 1.33183 0 0.666667
1 1e-08 1e-08 1e-08 0 1.35714
1 1e-08 1e-08 1e-08 0 1.8

30 2.67594 2.67594 4.14525 1.46931 1.66667
27 1.87262 1.83762 4.22545 2.38268 3.8
25 2.89579 2.89579 4.20748 1.31169 3.3
3 47.2978 3.33333e-09 15.7659 22.2964 3.35714
1 4.68505 4.68505 4.68505 0 1.8
1 4.08319 4.08319 4.08319 0 2.66667
1 2.49389 2.49389 2.49389 0 2.66667
1 1.96116 1.96116 1.96116 0 2.66667
1 1.80591 1.80591 1.80591 0 2.66667
1 1.61343 1.61343 1.61343 0 2.85714
1 1.52805 1.52805 1.52805 0 2.66667
1 1.33183 1.33183 1.33183 0 0.666667
1 0.422635 0.422635 0.422635 0 3.85714
1 5e-09 5e-09 1e-08 5e-09 3.3
1 1e-08 1e-08 1e-08 0 1.8
1 1e-08 1e-08 1e-08 0 1.8

23 6.16928 6.16928 6.16928 0 3.3
29 2.02504 2.02504 4.32029 2.29525 1.66667
21 1.87262 1.83762 4.40051 2.5546 3.8
3 47.2978 3.33333e-09 15.7659 22.2964 3.3
1 4.68505 4.68505 4.68505 0 1.8
1 4.08319 4.08319 4.08319 0 2.66667
1 2.49389 2.49389 2.49389 0 2.66667
1 1.96116 1.96116 1.96116 0 2.66667
1 1.80591 1.80591 1.80591 0 2.66667
1 1.61343 1.61343 1.61343 0 2.85714
1 1.52805 1.52805 1.52805 0 2.66667
1 1.33183 1.33183 1.33183 0 0.666667
1 0.422635 0.422635 0.422635 0 3.85714
1 0.160346 0.160346 0.160346 0 1.66667
1 1e-08 1e-08 1e-08 0 1.35714
1 1e-08 1e-08 1e-08 0 1.8
1 1e-08 1e-08 1e-08 0 1.8
1 1e-08 1e-08 1e-08 0 3.66667
1 1e-08 1e-08 1e-08 0 3.66667
1 1e-08 1e-08 1e-08 0 3.85714
1 1e-08 1e-08 1e-08 0 3.66667

22 6.80952 4.54545e-10 6.40744 1.39922 3.8
29 2.05278 2.05278 4.20802 2.15525 1.66667
23 2.08667 2.08667 4.19027 2.1036 3.3
9 12.8994 9.09091e-10 4.34852 6.04764 3.3
1 4.68505 4.68505 4.68505 0 1.8
1 4.08319 4.08319 4.08319 0 2.66667
1 2.49389 2.49389 2.49389 0 2.66667
1 1.96116 1.96116 1.96116 0 2.66667
1 1.80591 1.80591 1.80591 0 2.66667
1 1.61343 1.61343 1.61343 0 2.85714
1 1.52805 1.52805 1.52805 0 2.66667
1 1.33183 1.33183 1.33183 0 0.666667
1 0.422635 0.422635 0.422635 0 3.85714
1 0.160346 0.160346 0.160346 0 1.66667
1 1e-08 1e-08 1e-08 0 1.35714
1 1e-08 1e-08 1e-08 0 1.8
1 1e-08 1e-08 1e-08 0 1.8
1 1e-08 1e-08 1e-08 0 3.66667
1 1e-08 1e-08 1e-08 0 3.66667
1 1e-08 1e-08 1e-08 0 3.85714
1 5e-09 5e-09 1e-08 5e-09 3.66667
1 1e-08 1e-08 1e-08 0 3.8

12 11.8245 11.8245 11.8245 0 3.3
27 2.1106 2.1106 4.89603 2.78543 1.8
20 7.09468 5e-10 4.97833 3.23309 3.3
18 1.94558 1.90922 4.84433 2.91901 3.8
1 4.68505 4.68505 4.68505 0 1.8
1 4.08319 4.08319 4.08319 0 2.66667
1 2.49389 2.49389 2.49389 0 2.66667
1 1.96116 1.96116 1.96116 0 2.66667
1 1.80591 1.80591 1.80591 0 2.66667
1 1.61343 1.61343 1.61343 0 2.85714
1 1.52805 1.52805 1.52805 0 2.66667
1 1.33183 1.33183 1.33183 0 0.666667
1 0.422635 0.422635 0.422635 0 3.85714
1 0.129 0.129 0.190595 0.0615947 3.66667
1 0.0522459 0.0522459 0.0522459 0 3.66667
1 1e-08 1e-08 1e-08 0 1.35714
1 1e-08 1e-08 1e-08 0 1.8
1 1e-08 1e-08 1e-08 0 1.8
1 1e-08 1e-08 1e-08 0 3.66667
1 1e-08 1e-08 1e-08 0 3.66667
1 1e-08 1e-08 1e-08 0 3.85714
1 1e-08 1e-08 1e-08 0 3.66667
1 1e-08 1e-08 1e-08 0 3.8

18 8.32275 8.1672 8.23633 0.0772906 3.8
25 2.1106 2.1106 5.30721 3.19661 1.66667
18 2.05643 2.05643 5.26069 3.20427 3.3
2 74.9263 5e-09 37.4632 37.4632 1.66667
6 15.7659 1.11111e-09 5.34392 7.37153 3.3
1 4.68505 4.68505 4.68505 0 1.8
1 4.23413 4.23413 4.24596 0.0118326 1.66667
1 4.08319 4.08319 4.08319 0 2.66667
1 3.5373 3.5373 3.5373 0 2.16667
1 2.49389 2.49389 2.49389 0 2.66667
1 1.96116 1.96116 1.96116 0 2.66667
1 1.80591 1.80591 1.80591 0 2.66667
1 1.61343 1.61343 1.61343 0 2.85714
1 1.52805 1.52805 1.52805 0 2.66667
1 1.33183 1.33183 1.33183 0 0.666667
1 0.422635 0.422635 0.422635 0 3.85714
1 0.387001 0.387001 0.387001 0 1.66667
1 0.0537111 0.0537111 0.0537111 5e-09 1.66667
1 0.0522459 0.0522459 0.0522459 0 3.66667
1 0.000921136 0.000921136 0.000921136 0 1.66667
1 5e-09 5e-09 1e-08 5e-09 1.66667
1 1e-08 1e-08 1e-08 0 1.8
1 1e-08 1e-08 1e-08 0 3.66667
1 1e-08 1e-08 1e-08 0 3.66667
1 1e-08 1e-08 1e-08 0 3.85714
1 1e-08 1e-08 1e-08 0 3.8
1 1e-08 1e-08 1e-08 0 3.3

20 7.09468 2.79969 6.66518 1.2885 3.3
27 2.20372 2.20372 4.35195 2.14823 3.66667
19 2.08069 2.0418 4.28942 2.22314 3.8
5 28.3787 2e-09 11.3645 13.8921 3.3
2 8.46825 1.76865 5.11845 3.3498 2.16667
1 4.68505 4.68505 4.68505 0 1.8
1 4.49754 4.49754 4.49754 0 3.35714
1 4.08319 4.08319 4.08319 0 2.66667
1 2.49389 2.49389 2.49389 0 2.66667
1 1.96116 1.96116 1.96116 0 2.66667
1 1.80591 1.80591 1.80591 0 2.66667
1 1.61343 1.61343 1.61343 0 2.85714
1 1.52805 1.52805 1.52805 0 2.66667
1 1.33183 1.33183 1.33183 0 0.666667
1 0.422635 0.422635 0.422635 0 3.85714
1 0.1935 0.1935 0.219623 0.0261229 1.66667
1 0.0537111 0.0537111 0.0537111 5e-09 1.66667
1 0.000460568 0.000460568 0.000460573 5e-09 1.66667
1 1e-08 1e-08 1e-08 0 1.8
1 1e-08 1e-08 1e-08 0 3.66667
1 1e-08 1e-08 1e-08 0 1.8
1 1e-08 1e-08 1e-08 0 3.66667
1 1e-08 1e-08 1e-08 0 3.66667
1 1e-08 1e-08 1e-08 0 3.85714
1 1e-08 1e-08 1e-08 0 3.8
1 1e-08 1e-08 1e-08 0 3.3

13 11.5238 11.3084 11.5072 0.0573892 3.8
7 21.0014 0.0603765 18.0098 7.32783 3.3
15 3.48495 3.48495 8.30928 4.82433 1.66667
15 7.49263 7.02851 8.0746 0.62375 1.16667
10 1.97074 1.97074 8.18105 6.21031 3.3
5 28.3787 2e-09 11.3647 13.8919 3.35714
1 51.8833 51.8833 51.8833 0 1.8
3 49.9509 0.0779919 16.7193 23.4983 1.66667
1 6.03363 6.03363 6.05702 0.0233953 1.8
1 4.68505 4.68505 4.68505 0 1.8
1 4.49754 4.49754 4.49754 0 3.35714
1 4.08319 4.08319 4.08319 0 2.66667
1 2.49389 2.49389 2.49389 0 2.66667
1 1.96116 1.96116 1.96116 0 2.66667
1 1.80591 1.80591 1.80591 0 2.66667
1 1.61343 1.61343 1.61343 0 2.85714
1 1.52805 1.52805 1.52805 0 2.66667
1 1.33183 1.33183 1.33183 0 0.666667
1 0.281238 0.281238 0.281238 6.66667e-09 3.66667
1 0.0699298 0.0699298 0.0699298 5e-09 3.3
1 0.000131591 0.000131591 0.000263189 0.000131598 1.66667
1 1e-08 1e-08 1e-08 0 1.8
1 1e-08 1e-08 1e-08 0 3.66667
1 1e-08 1e-08 1e-08 0 3.8
1 1e-08 1e-08 1e-08 0 3.3
1 5e-09 5e-09 1e-08 5e-09 3.3
1 1e-08 1e-08 1e-08 0 3.3

32 4.40743 1.52598 4.31995 0.502191 1.66667
11 12.8994 9.09091e-10 11.7267 3.70832 3.3
21 1.31412 1.31412 4.48036 3.16624 3.8
6 23.6489 1.66667e-09 8.01695 11.0565 3.3
1 4.68505 4.68505 4.68505 0 1.8
1 4.08319 4.08319 4.08319 0 2.66667
1 2.49389 2.49389 2.49389 0 2.66667
1 1.96116 1.96116 1.96116 0 2.66667
1 1.80591 1.80591 1.80591 0 2.66667
1 1.61343 1.61343 1.61343 0 2.85714
1 1.52805 1.52805 1.52805 0 2.66667
1 1.33183 1.33183 1.33183 0 0.666667
1 0.387001 0.387001 0.387001 0 1.66667
1 0.233976 0.233976 0.233976 0 1.66667
1 0.0704392 0.0704392 0.211318 0.140878 3.85714
1 0.13986 0.13986 0.13986 0 3.8
1 0.00446505 0.00446505 0.00446505 0 3.8
1 1e-08 1e-08 1e-08 0 1.8
1 1e-08 1e-08 1e-08 0 3.66667
1 1e-08 1e-08 1e-08 0 3.8
1 1e-08 1e-08 1e-08 0 3.3
1 1e-08 1e-08 1e-08 0 3.3

21 7.13378 7.13378 7.13378 1.77636e-15 3.8
25 1.87316 1.87316 4.27249 2.39933 1.66667
21 2.67724 2.67724 4.38982 1.71258 3.3
6 23.6489 1.66667e-09 7.89202 11.1418 3.3
1 4.68505 4.68505 4.68505 0 1.8
1 4.49754 4.49754 4.49754 0 3.35714
1 4.08319 4.08319 4.08319 0 2.66667
1 2.49389 2.49389 2.49389 0 2.66667
1 1.96116 1.96116 1.96116 0 2.66667
1 1.80591 1.80591 1.80591 0 2.66667
1 1.61343 1.61343 1.61343 0 2.85714
1 1.52805 1.52805 1.52805 0 2.66667
1 1.33183 1.33183 1.33183 0 0.666667
1 0.422635 0.422635 0.422635 0 3.85714
1 0.116988 0.116988 0.170699 0.0537111 1.66667
1 0.13986 0.13986 0.13986 0 3.8
1 0.00142484 0.00142484 0.00142484 0 1.66667
1 0.000564871 0.000564871 0.000564871 0 3.8
1 1e-08 1e-08 1e-08 0 3.3
1 1e-08 1e-08 1e-08 0 3.35714
1 1e-08 1e-08 1e-08 0 3.3
1 5e-09 5e-09 1e-08 5e-09 3.35714
1 1e-08 1e-08 1e-08 0 3.3
1 3.33333e-09 3.33333e-09 1e-08 6.66667e-09 3.8
1 5e-09 5e-09 1e-08 5e-09 3.66667
1 1e-08 1e-08 1e-08 0 1.8
1 1e-08 1e-08 1e-08 0 1.16667

23 6.16928 2.43451 5.84452 1.05235 3.3
23 3.56792 3.56792 5.62929 2.06137 1.66667
19 7.88698 5.26316e-10 6.1662 3.01658 1.66667
17 1.89632 1.89632 5.63456 3.73824 3.8
7 20.2705 1.42857e-09 5.88921 9.09805 3.3
3 17.559 3.33333e-09 5.85608 8.27519 1.8
1 4.08319 4.08319 4.08319 0 2.66667
1 2.49389 2.49389 2.49389 0 2.66667
1 1.96116 1.96116 1.96116 0 2.66667
1 1.80591 1.80591 1.80591 0 2.66667
1 1.61343 1.61343 1.61343 0 2.85714
1 1.52805 1.52805 1.52805 0 2.66667
1 1.33183 1.33183 1.33183 0 0.666667
1 0.422635 0.422635 0.422635 0 3.85714
1 0.13986 0.13986 0.13986 0 3.8

17 8.81232 8.81232 8.81232 0 3.8
25 1.49853 1.49853 4.67843 3.17991 1.66667
22 2.18298 2.18298 4.6965 2.51352 3.3
4 35.4734 2.5e-09 17.7367 17.7367 3.3
1 4.08319 4.08319 4.08319 0 2.66667
1 2.49389 2.49389 2.49389 0 2.66667
1 2.24877 2.24877 2.24877 5e-09 3.35714
1 1.96116 1.96116 1.96116 0 2.66667
1 1.80591 1.80591 1.80591 0 2.66667
1 1.61343 1.61343 1.61343 0 2.85714
1 1.52805 1.52805 1.52805 0 2.66667
1 1.33183 1.33183 1.33183 0 0.666667
1 0.585789 0.585789 0.750374 0.164585 3.3
1 0.422635 0.422635 0.422635 0 3.85714
1 0.13986 0.13986 0.13986 0 3.8
1 0.00142484 0.00142484 0.00142484 0 1.66667
1 1e-08 1e-08 1e-08 0 1.8

22 6.44971 0.0532535 6.15896 1.33237 3.3
27 2.17178 2.17178 4.17247 2.0007 1.8
22 2.02445 2.02445 4.30905 2.2846 3.3
5 28.3787 2e-09 11.5314 13.7597 3.35714
1 4.08319 4.08319 4.08319 0 2.66667
1 2.49389 2.49389 2.49389 0 2.66667
1 1.96116 1.96116 1.96116 0 2.66667
1 1.80591 1.80591 1.80591 0 2.66667
1 1.61343 1.61343 1.61343 0 2.85714
1 1.52805 1.52805 1.52805 0 2.66667
1 1.33183 1.33183 1.33183 0 0.666667
1 0.422635 0.422635 0.422635 0 3.85714
1 0.13986 0.13986 0.13986 0 3.8
1 0.00142484 0.00142484 0.00142484 0 1.66667
1 1e-08 1e-08 1e-08 0 1.8

23 6.51345 4.34783e-10 6.23026 1.3283 3.8
33 2.14075 2.14075 3.88281 1.74206 1.66667
24 2.28861 2.28861 3.93304 1.64444 3.3
1 4.08319 4.08319 4.08319 0 2.66667
1 2.49389 2.49389 2.49389 0 2.66667
1 1.96116 1.96116 1.96116 0 2.66667
1 1.80591 1.80591 1.80591 0 2.66667
1 1.61343 1.61343 1.61343 0 2.85714
1 1.52805 1.52805 1.52805 0 2.66667
1 1.33183 1.33183 1.33183 0 0.666667
1 0.725674 0.725674 0.725675 7.5e-09 3.3
1 0.422635 0.422635 0.422635 0 3.85714
1 0.0914006 0.0914006 0.126245 0.0348442 1.66667
1 0.0748381 0.0748381 0.0748381 6.66667e-09 1.8
1 0.0699298 0.0699298 0.0699298 5e-09 3.3
1 0.00142484 0.00142484 0.00142484 0 1.66667
1 0.000242145 0.000242145 0.000242153 8.33333e-09 3.3
1 1e-08 1e-08 1e-08 0 3.3
1 1e-08 1e-08 1e-08 0 1.66667
1 1e-08 1e-08 1e-08 0 1.8
1 1e-08 1e-08 1e-08 0 3.66667
1 1e-08 1e-08 1e-08 0 3.35714

19 7.46808 7.64668e-05 6.69001 2.26858 3.3
8 17.7367 1.25e-09 15.5196 5.86586 3.3
24 1.74247 1.74247 4.89683 3.15435 1.66667
21 2.02445 2.02445 4.92339 2.89894 3.8
1 4.08319 4.08319 4.08319 0 2.66667
1 2.49389 2.49389 2.49389 0 2.66667
1 1.96116 1.96116 1.96116 0 2.66667
1 1.80591 1.80591 1.80591 0 2.66667
1 1.61343 1.61343 1.61343 0 2.85714
1 1.52805 1.52805 1.52805 0 2.66667
1 1.33183 1.33183 1.33183 0 0.666667
1 0.422635 0.422635 0.422635 0 3.85714
1 0.224514 0.224514 0.224514 0 1.8
1 0.13986 0.13986 0.13986 0 3.8
1 0.00142484 0.00142484 0.00142484 0 1.66667
1 1e-08 1e-08 1e-08 0 1.8

24 6.24386 6.24386 6.24386 0 1.66667
21 7.13378 7.13378 7.13378 1.77636e-15 4.3
17 1.28994 1.28994 4.42547 3.13553 3.3
10 9.45957 6.66667e-10 4.72985 4.72972 3.3
1 4.08319 4.08319 4.08319 0 2.66667
1 2.49389 2.49389 2.49389 0 2.66667
1 1.96116 1.96116 1.96116 0 2.66667
1 1.80591 1.80591 1.80591 0 2.66667
1 1.61343 1.61343 1.61343 0 2.85714
1 1.52805 1.52805 1.52805 0 2.66667
1 1.33183 1.33183 1.33183 0 0.666667
1 0.422635 0.422635 0.422635 0 3.85714
1 0.316737 0.316737 0.316737 5e-09 3.3
1 0.224514 0.224514 0.224514 0 1.8
1 0.13986 0.13986 0.13986 0 3.8
1 0.00142484 0.00142484 0.00142484 0 1.66667
1 1e-08 1e-08 1e-08 0 1.8

15 9.45957 0.00202018 8.82907 2.35913 3.3
21 1.89687 1.89687 5.58975 3.69288 1.66667
20 2.23596 2.23596 5.71883 3.48287 3.8
8 17.7367 1.25e-09 13.3025 7.68021 3.3
4 35.4734 2.5e-09 17.7763 17.6972 3.3
1 4.08319 4.08319 4.08319 0 2.66667
1 2.49389 2.49389 2.49389 0 2.66667
1 1.96116 1.96116 1.96116 0 2.66667
1 1.80591 1.80591 1.80591 0 2.66667
1 1.61343 1.61343 1.61343 0 2.85714
1 1.52805 1.52805 1.52805 0 2.66667
1 1.33183 1.33183 1.33183 0 0.666667
1 0.422635 0.422635 0.422635 0 3.85714
1 0.224514 0.224514 0.224514 0 1.8
1 0.13986 0.13986 0.13986 0 3.8
1 0.00142484 0.00142484 0.00142484 0 1.66667
1 1e-08 1e-08 1e-08 0 1.8

20 7.49047 7.49047 7.49047 0 2.8
26 2.2705 2.2705 4.43849 2.16799 1.66667
22 2.11781 2.11781 4.47638 2.35857 3.3
12 11.8245 8.33333e-10 4.92736 5.82912 3.35714
1 4.08319 4.08319 4.08319 0 2.66667
1 2.49389 2.49389 2.49389 0 2.66667
1 1.96116 1.96116 1.96116 0 2.66667
1 1.80591 1.80591 1.80591 0 2.66667
1 1.61343 1.61343 1.61343 0 2.85714
1 1.52805 1.52805 1.52805 0 2.66667
1 1.33183 1.33183 1.33183 0 0.666667
1 0.633473 0.633473 0.633473 0 3.3
1 0.422635 0.422635 0.422635 0 3.85714
1 0.224514 0.224514 0.224514 0 1.8
1 0.13986 0.13986 0.13986 0 3.8
1 1e-08 1e-08 1e-08 0 3.3
1 1e-08 1e-08 1e-08 0 1.8
1 1e-08 1e-08 1e-08 0 1.16667
1 1e-08 1e-08 1e-08 0 3.35714

22 6.44971 6.44971 6.44971 2.66454e-15 3.3
27 2.34145 2.34145 4.58369 2.24224 1.66667
22 1.87262 1.87262 4.51659 2.64397 3.85714
11 12.8994 9.09091e-10 5.86417 6.42227 3.3
1 4.08319 4.08319 4.08319 0 2.66667
1 2.49389 2.49389 2.49389 0 2.66667
1 1.96116 1.96116 1.96116 0 2.66667
1 1.80591 1.80591 1.80591 0 2.66667
1 1.61343 1.61343 1.61343 0 2.85714
1 1.52805 1.52805 1.52805 0 2.66667
1 1.33183 1.33183 1.33183 0 0.666667
1 0.422635 0.422635 0.422635 0 3.85714
1 0.316737 0.316737 0.316737 5e-09 3.3
1 0.224514 0.224514 0.224514 0 1.8
1 0.13986 0.13986 0.13986 0 3.8
1 1e-08 1e-08 1e-08 0 3.3
1 1e-08 1e-08 1e-08 0 1.8
1 1e-08 1e-08 1e-08 0 1.16667
1 1e-08 1e-08 1e-08 0 3.35714
1 1e-08 1e-08 1e-08 0 2.8
1 1e-08 1e-08 1e-08 0 1.66667

