5 1 0.0522537 0.0522537 0.0522537 0 2
1 1 1e-08 1e-08 1e-08 0 0
2 1 1e-08 1e-08 1e-08 0 2
3 1 1e-08 1e-08 1e-08 0 2
4 1 1e-08 1e-08 1e-08 0 2

5 96 45.6295 1e-08 0.6284 0.623721 2
1 1 2.5e-09 2.5e-09 1e-08 7.5e-09 0
2 1 3.33333e-09 3.33333e-09 1e-08 6.66667e-09 2
3 1 1e-08 1e-08 1e-08 0 2
4 1 1e-08 1e-08 1e-08 0 2

5 99 23.2852 0.0266655 0.417891 0.414575 2
1 1 1e-08 1e-08 1e-08 0 0
2 1 1e-08 1e-08 1e-08 0 2

5 65 15.3674 0.0175984 0.763347 0.753169 2
1 3 1.22441 1e-08 0.408136 0.333242 0.666667
2 1 2.5e-09 2.5e-09 1e-08 7.5e-09 2
7 1 1e-08 1e-08 1e-08 0 2

5 52 18.1125 0.485959 2.32789 2.28746 2.66667
9 1 1.22442 1.22442 1.22442 0 0.666667
7 2 1.22439 1e-08 0.612195 0.432887 2
1 5 0.197485 0.197485 0.236982 0.197485 0
2 1 5e-09 5e-09 1e-08 5e-09 2
8 1 1e-08 1e-08 1e-08 0 0.5
10 1 5e-09 5e-09 1e-08 5e-09 2

5 9 45.6295 45.6295 45.6295 40.5595 2.66667
9 4 8.93401 0.113899 3.12381 2.70433 0.666667
12 1 2.36893 2.36893 2.36893 0 2.66667
11 2 0.78226 0.327292 1.47296 1.20097 2.66667
13 1 0.125102 0.125102 1.38444 1.25933 2.66667
14 1 0.415187 0.415187 1.24556 0.830373 2.66667
24 1 0.408136 0.408136 1.22441 0.816272 2.66667
23 1 0.244882 0.244882 1.22441 0.979526 2.66667
22 1 1.22441 1.22441 1.22441 0 2.66667
21 1 1.22441 1.22441 1.22441 0 2.66667
20 1 0.244882 0.244882 1.22441 0.979526 2.66667
18 1 0.244882 0.244882 1.22441 0.979526 2.66667
17 1 0.306102 0.306102 1.22441 0.918306 2.66667
16 1 0.408136 0.408136 1.22441 0.816272 2.66667
25 1 0.612203 0.612203 1.22441 0.612203 2.66667
26 1 0.24488 0.24488 1.2244 0.979521 2.66667
27 1 0.306079 0.306079 1.22431 0.918236 2.66667
28 1 0.612128 0.612128 1.22426 0.612128 2.66667
1 1 0.122441 0.122441 0.979526 0.857086 0.666667
15 1 0.174917 0.174917 0.88204 0.707123 2.66667
19 1 0.204068 0.204068 0.828535 0.624467 2.66667
2 1 0.306079 0.306079 0.625208 0.319129 2
7 1 0.081626 0.081626 0.329989 0.248363 2
10 1 3.33333e-09 3.33333e-09 1e-08 6.66667e-09 2.66667
29 1 1e-08 1e-08 1e-08 0 2.66667

5 47 23.5669 23.5669 34.6293 34.1279 2.66667
9 6 96.0406 0.0404755 16.9637 15.3169 0.666667
12 2 1.18446 1.18446 1.84263 1.2504 2.66667
14 1 1.24556 1.24556 1.24556 0 2.66667
19 1 1.22441 1.22441 1.22441 0 2.66667
16 1 1.22441 1.22441 1.22441 0 2.66667
17 1 1.22441 1.22441 1.22441 0 2.66667
18 1 1.22441 1.22441 1.22441 0 2.66667
20 1 1.22441 1.22441 1.22441 0 2.66667
21 1 1.22441 1.22441 1.22441 0 2.66667
22 1 0.612204 0.612204 1.22441 0.612204 2.66667
23 1 0.244882 0.244882 1.22441 0.979526 2.66667
15 1 0.61221 0.61221 1.22441 0.612195 2.66667
25 1 1.22441 1.22441 1.22441 0 2.66667
26 1 1.2244 1.2244 1.2244 0 2.66667
27 1 0.612157 0.612157 1.22431 0.612157 2.66667
28 1 1.22426 1.22426 1.22426 0 2.66667
11 1 0.521507 0.521507 0.985671 0.464164 2.66667
24 1 0.306102 0.306102 0.918306 0.612204 2.66667
13 1 0.813166 0.813166 0.815512 0.00234652 2.8
10 1 1e-08 1e-08 1e-08 0 2
30 1 1e-08 1e-08 1e-08 0 2.8
31 1 1e-08 1e-08 1e-08 0 2.8

5 47 23.3107 23.3107 44.1487 43.6527 2.66667
9 23 59.7009 0.761125 21.7649 20.8613 0.8
11 1 3.12904 3.12904 3.12904 0 2.85714
12 2 0.789643 0.789643 2.36893 1.97411 2.66667
13 1 1.62633 1.62633 1.62633 0 2.66667
34 1 1.52198 1.52198 1.52198 0 2.66667
14 1 0.31139 0.31139 1.24556 0.93417 2.66667
15 1 1.22442 1.22442 1.22442 0 2.66667
16 1 0.612204 0.612204 1.22441 0.612204 2.66667
17 1 1.22441 1.22441 1.22441 0 2.66667
18 1 1.22441 1.22441 1.22441 0 2.66667
20 1 1.22441 1.22441 1.22441 0 2.66667
21 1 1.22441 1.22441 1.22441 0 2.66667
22 1 1.22441 1.22441 1.22441 0 2.66667
23 1 1.22441 1.22441 1.22441 0 2.66667
24 1 1.22441 1.22441 1.22441 0 2.66667
25 1 1.22441 1.22441 1.22441 0 2.66667
26 1 1.2244 1.2244 1.2244 0 2.66667
27 1 1.22431 1.22431 1.22431 0 2.66667
28 1 1.22426 1.22426 1.22426 0 2.66667
19 1 0.408136 0.408136 0.841988 0.433852 2.66667
33 1 0.0196413 0.0196413 0.0579989 0.0383576 2.8
35 1 0.0355141 0.0355141 0.0401664 0.00465221 2.66667
32 1 0.0202377 0.0202377 0.0202377 5e-09 0.8
10 1 2.5e-09 2.5e-09 1e-08 7.5e-09 2.8
36 1 1e-08 1e-08 1e-08 0 2.66667
37 1 1e-08 1e-08 1e-08 0 2.66667

9 29 61.8946 0.78907 39.5044 38.1687 0.666667
5 27 10.2666 10.2666 37.3261 36.9459 2.66667
40 3 96.0406 1e-08 32.5296 26.3522 2.66667
12 1 1.18446 1.18446 2.36893 1.18446 2.66667
11 1 1.04301 1.04301 2.16156 1.11855 2.85714
13 1 1.62633 1.62633 1.62633 0 2.66667
14 1 1.24556 1.24556 1.24556 0 2.66667
15 1 1.22442 1.22442 1.22442 0 2.66667
19 1 1.22441 1.22441 1.22441 0 2.66667
24 1 1.22441 1.22441 1.22441 0 2.66667
23 1 1.22441 1.22441 1.22441 0 2.66667
22 1 1.22441 1.22441 1.22441 0 2.66667
21 1 1.22441 1.22441 1.22441 0 2.66667
20 1 1.22441 1.22441 1.22441 0 2.66667
18 1 1.22441 1.22441 1.22441 0 2.66667
17 1 1.22441 1.22441 1.22441 0 2.66667
16 1 1.22441 1.22441 1.22441 0 2.66667
25 1 1.22441 1.22441 1.22441 0 2.66667
26 1 1.2244 1.2244 1.2244 0 2.66667
27 1 1.22431 1.22431 1.22431 0 2.66667
28 1 1.22426 1.22426 1.22426 0 2.66667
32 1 0.0404755 0.0404755 0.0404755 0 0.8
35 1 1e-08 1e-08 1e-08 0 2.66667
10 1 1e-08 1e-08 1e-08 0 2
36 1 1e-08 1e-08 1e-08 0 2.66667
38 1 5e-09 5e-09 1e-08 5e-09 0.666667
39 1 1e-08 1e-08 1e-08 0 0.8

9 38 37.2413 37.2402 40.139 39.1589 2.66667
5 37 29.1085 29.1085 39.3741 38.5874 2.8
11 1 3.12904 3.12904 3.12904 0 2.85714
12 1 2.36893 2.36893 2.36893 0 2.66667
13 1 1.62633 1.62633 1.62633 0 2.66667
14 1 1.24556 1.24556 1.24556 0 2.66667
15 1 1.22442 1.22442 1.22442 0 2.66667
16 1 1.22441 1.22441 1.22441 0 2.66667
17 1 1.22441 1.22441 1.22441 0 2.66667
18 1 1.22441 1.22441 1.22441 0 2.66667
20 1 1.22441 1.22441 1.22441 0 2.66667
21 1 1.22441 1.22441 1.22441 0 2.66667
22 1 1.22441 1.22441 1.22441 0 2.66667
23 1 1.22441 1.22441 1.22441 0 2.66667
24 1 1.22441 1.22441 1.22441 0 2.66667
19 1 1.22441 1.22441 1.22441 0 2.66667
25 1 1.22441 1.22441 1.22441 0 2.66667
26 1 1.2244 1.2244 1.2244 0 2.66667
27 1 1.22431 1.22431 1.22431 0 2.66667
28 1 1.22426 1.22426 1.22426 0 2.66667
32 1 0.0202377 0.0202377 0.0202377 5e-09 0.8
40 1 1e-08 1e-08 1e-08 0 2.66667
35 1 1e-08 1e-08 1e-08 0 2.66667
10 1 3.33333e-09 3.33333e-09 1e-08 6.66667e-09 2
36 1 1e-08 1e-08 1e-08 0 2.66667
39 1 1e-08 1e-08 1e-08 0 0.8

9 45 60.031 60.0254 94.9362 93.6023 0.666667
5 20 12.5012 12.5012 43.7631 43.138 2.66667
41 5 96.0406 1e-08 38.4353 32.155 0.8
43 2 11.5444 1.65599 6.60019 4.12333 0.666667
12 1 0.473786 0.473786 2.36893 1.89514 2.66667
13 1 1.62633 1.62633 1.62633 0 2.66667
11 1 1.56452 1.56452 1.56452 5e-09 2.85714
14 1 0.62278 0.62278 1.24556 0.62278 2.66667
15 1 0.61221 0.61221 1.22442 0.61221 2.66667
17 1 0.612204 0.612204 1.22441 0.612204 2.66667
18 1 1.22441 1.22441 1.22441 0 2.66667
20 1 1.22441 1.22441 1.22441 0 2.66667
21 1 1.22441 1.22441 1.22441 0 2.66667
22 1 1.22441 1.22441 1.22441 0 2.66667
23 1 1.22441 1.22441 1.22441 0 2.66667
24 1 1.22441 1.22441 1.22441 0 2.66667
19 1 1.22441 1.22441 1.22441 0 2.66667
25 1 1.22441 1.22441 1.22441 0 2.66667
26 1 1.2244 1.2244 1.2244 0 2.66667
27 1 1.22431 1.22431 1.22431 0 2.66667
28 1 1.22426 1.22426 1.22426 0 2.66667
45 1 0.956709 0.956709 0.956709 0 2.66667
16 1 0.408136 0.408136 0.833697 0.425561 2.66667
36 1 0.318903 0.318903 0.637806 0.318903 2.66667
44 1 0.0473522 0.0473522 0.0597581 0.0124059 2.66667
32 1 0.0404755 0.0404755 0.0404755 0 0.8
40 1 3.33333e-09 3.33333e-09 1e-08 6.66667e-09 2.66667
35 1 1e-08 1e-08 1e-08 0 2.66667
10 1 1e-08 1e-08 1e-08 0 2
39 1 5e-09 5e-09 1e-08 5e-09 0.8
42 1 3.33333e-09 3.33333e-09 1e-08 6.66667e-09 0.666667
46 1 1e-08 1e-08 1e-08 0 2.66667

9 57 41.4803 41.4721 86.5307 85.8032 0.666667
5 25 27.8229 27.8229 38.3479 37.235 2.66667
11 1 3.12904 3.12904 3.12904 0 2.85714
12 1 2.36893 2.36893 2.36893 0 2.66667
13 1 1.62633 1.62633 1.62633 0 2.66667
14 1 1.24556 1.24556 1.24556 0 2.66667
15 1 1.22442 1.22442 1.22442 0 2.66667
16 1 1.22441 1.22441 1.22441 0 2.66667
19 1 1.22441 1.22441 1.22441 0 2.66667
24 1 1.22441 1.22441 1.22441 0 2.66667
23 1 1.22441 1.22441 1.22441 0 2.66667
22 1 1.22441 1.22441 1.22441 0 2.66667
21 1 1.22441 1.22441 1.22441 0 2.66667
20 1 1.22441 1.22441 1.22441 0 2.66667
18 1 1.22441 1.22441 1.22441 0 2.66667
17 1 1.22441 1.22441 1.22441 0 2.66667
25 1 1.22441 1.22441 1.22441 0 2.66667
26 1 1.2244 1.2244 1.2244 0 2.66667
27 1 1.22431 1.22431 1.22431 0 2.66667
28 1 1.22426 1.22426 1.22426 0 2.66667
32 1 0.0404755 0.0404755 0.0404755 0 0.8

9 54 36.7888 36.7815 83.1409 82.4598 0.666667
5 28 32.7596 32.7596 43.2909 42.1209 2.66667
11 1 3.12904 3.12904 3.12904 0 2.85714
12 1 2.36893 2.36893 2.36893 0 2.66667
13 1 1.62633 1.62633 1.62633 0 2.66667
14 1 1.24556 1.24556 1.24556 0 2.66667
15 1 1.22442 1.22442 1.22442 0 2.66667
17 1 1.22441 1.22441 1.22441 0 2.66667
18 1 1.22441 1.22441 1.22441 0 2.66667
20 1 1.22441 1.22441 1.22441 0 2.66667
21 1 1.22441 1.22441 1.22441 0 2.66667
22 1 1.22441 1.22441 1.22441 0 2.66667
23 1 1.22441 1.22441 1.22441 0 2.66667
24 1 1.22441 1.22441 1.22441 0 2.66667
19 1 1.22441 1.22441 1.22441 0 2.66667
16 1 1.22441 1.22441 1.22441 0 2.66667
25 1 1.22441 1.22441 1.22441 0 2.66667
26 1 1.2244 1.2244 1.2244 0 2.66667
27 1 1.22431 1.22431 1.22431 0 2.66667
28 1 1.22426 1.22426 1.22426 0 2.66667
48 1 0.17762 0.17762 0.240829 0.0632092 2.8

50 1 96.0406 96.0406 96.0406 0 2.8
9 33 22.4831 22.4779 82.3846 81.7034 1.16667
5 17 20.4132 20.4132 44.4301 43.2293 2.66667
11 1 3.12904 3.12904 3.12904 0 2.85714
12 1 2.36893 2.36893 2.36893 0 2.66667
13 1 1.62633 1.62633 1.62633 0 2.66667
14 1 1.24556 1.24556 1.24556 0 2.66667
15 1 1.22442 1.22442 1.22442 0 2.66667
16 1 1.22441 1.22441 1.22441 0 2.66667
19 1 1.22441 1.22441 1.22441 0 2.66667
24 1 1.22441 1.22441 1.22441 0 2.66667
23 1 1.22441 1.22441 1.22441 0 2.66667
22 1 1.22441 1.22441 1.22441 0 2.66667
21 1 1.22441 1.22441 1.22441 0 2.66667
20 1 1.22441 1.22441 1.22441 0 2.66667
18 1 1.22441 1.22441 1.22441 0 2.66667
17 1 1.22441 1.22441 1.22441 0 2.66667
25 1 1.22441 1.22441 1.22441 0 2.66667
26 1 1.2244 1.2244 1.2244 0 2.66667
27 1 1.22431 1.22431 1.22431 0 2.66667
28 1 1.22426 1.22426 1.22426 0 2.66667
48 1 0.35524 0.35524 0.35524 0 2.8
51 1 0.0293956 0.0293956 0.0293956 0 2.8
49 1 1e-08 1e-08 1e-08 0 2.66667

9 32 66.8274 66.8128 96.0491 93.961 0.666667
52 20 114.181 1e-08 68.6359 65.2413 0.666667
50 20 30.4891 30.4891 59.0017 57.4773 2.8
5 15 40.2613 40.2613 45.6295 42.9454 2.66667
11 1 3.12904 3.12904 3.12904 0 2.85714
12 1 2.36893 2.36893 2.36893 0 2.66667
13 1 1.62633 1.62633 1.62633 0 2.66667
14 1 1.24556 1.24556 1.24556 0 2.66667
15 1 1.22442 1.22442 1.22442 0 2.66667
17 1 1.22441 1.22441 1.22441 0 2.66667
18 1 1.22441 1.22441 1.22441 0 2.66667
20 1 1.22441 1.22441 1.22441 0 2.66667
21 1 1.22441 1.22441 1.22441 0 2.66667
22 1 1.22441 1.22441 1.22441 0 2.66667
23 1 1.22441 1.22441 1.22441 0 2.66667
24 1 1.22441 1.22441 1.22441 0 2.66667
19 1 1.22441 1.22441 1.22441 0 2.66667
16 1 1.22441 1.22441 1.22441 0 2.66667

59 5 134.022 96.0406 103.637 82.9652 2.85714
50 26 78.033 78.033 87.274 84.2727 2.8
9 22 20.5901 17.3212 75.0501 74.2559 0.666667
5 12 30.4197 30.4197 40.6458 38.1108 2.66667
11 1 3.12904 3.12904 3.12904 0 2.85714
12 1 2.36893 2.36893 2.36893 0 2.66667
13 1 1.62633 1.62633 1.62633 0 2.66667
14 1 1.24556 1.24556 1.24556 0 2.66667
15 1 1.22442 1.22442 1.22442 0 2.66667
16 1 1.22441 1.22441 1.22441 0 2.66667
19 1 1.22441 1.22441 1.22441 0 2.66667
24 1 1.22441 1.22441 1.22441 0 2.66667
23 1 1.22441 1.22441 1.22441 0 2.66667
22 1 1.22441 1.22441 1.22441 0 2.66667
21 1 1.22441 1.22441 1.22441 0 2.66667
20 1 1.22441 1.22441 1.22441 0 2.66667
18 1 1.22441 1.22441 1.22441 0 2.66667
17 1 1.22441 1.22441 1.22441 0 2.66667
62 1 0.121688 0.121688 0.121688 0 0.8
61 1 0.0261268 0.0261268 0.0261268 5e-09 2.66667
60 1 5e-09 5e-09 1e-08 5e-09 2.8
63 1 5e-09 5e-09 1e-08 5e-09 0.8
64 1 1e-08 1e-08 1e-08 0 0.666667
65 1 5e-09 5e-09 1e-08 5e-09 2.66667

67 3 96.0607 96.0406 96.054 64.036 2.66667
59 21 36.4697 23.7277 90.1335 88.8479 2.8
9 19 45.1967 38.0236 80.7779 78.7566 0.666667
66 6 96.0406 1e-08 80.0338 66.9611 2.8
5 11 41.827 41.827 45.6295 41.827 2.66667
11 1 3.12904 3.12904 3.12904 0 2.85714
12 1 2.36893 2.36893 2.36893 0 2.66667
13 1 1.62633 1.62633 1.62633 0 2.66667
14 1 1.24556 1.24556 1.24556 0 2.66667
15 1 1.22442 1.22442 1.22442 0 2.66667
17 1 1.22441 1.22441 1.22441 0 2.66667
18 1 1.22441 1.22441 1.22441 0 2.66667
20 1 1.22441 1.22441 1.22441 0 2.66667
21 1 1.22441 1.22441 1.22441 0 2.66667
22 1 1.22441 1.22441 1.22441 0 2.66667
23 1 1.22441 1.22441 1.22441 0 2.66667
24 1 1.22441 1.22441 1.22441 0 2.66667
19 1 1.22441 1.22441 1.22441 0 2.66667
16 1 1.22441 1.22441 1.22441 0 2.66667
62 1 0.121688 0.121688 0.121688 0 0.8
68 1 0.0933617 0.0933617 0.0933617 5e-09 2.85714
60 1 0.0559318 0.0559318 0.0559318 5e-09 2.8
61 1 0.0261268 0.0261268 0.0261268 5e-09 2.66667
63 1 1e-08 1e-08 1e-08 0 0.8
64 1 1e-08 1e-08 1e-08 0 0.666667
65 1 1e-08 1e-08 1e-08 0 2.85714
50 1 2.5e-09 2.5e-09 1e-08 7.5e-09 3.3
69 1 1e-08 1e-08 1e-08 0 3.3
70 1 1e-08 1e-08 1e-08 0 2.8
71 1 1e-08 1e-08 1e-08 0 2.85714

59 28 55.1098 35.8552 84.4843 82.9384 2.8
67 26 45.7925 45.4105 78.7533 77.0059 1.16667
9 18 114.181 1e-08 65.1039 61.5404 0.857143
5 11 45.6295 45.6295 45.6295 41.4814 2.66667
11 1 3.12904 3.12904 3.12904 0 2.85714
12 1 2.36893 2.36893 2.36893 0 2.66667
13 1 1.62633 1.62633 1.62633 0 2.66667
14 1 1.24556 1.24556 1.24556 0 2.66667
15 1 1.22442 1.22442 1.22442 0 2.66667
16 1 1.22441 1.22441 1.22441 0 2.66667
19 1 1.22441 1.22441 1.22441 0 2.66667
24 1 1.22441 1.22441 1.22441 0 2.66667
23 1 1.22441 1.22441 1.22441 0 2.66667
22 1 1.22441 1.22441 1.22441 0 2.66667
21 1 1.22441 1.22441 1.22441 0 2.66667
20 1 1.22441 1.22441 1.22441 0 2.66667
18 1 1.22441 1.22441 1.22441 0 2.66667
17 1 1.22441 1.22441 1.22441 0 2.66667
68 1 0.186723 0.186723 0.186723 0 3.38889
62 1 0.121688 0.121688 0.121688 0 0.8
61 1 0.0522537 0.0522537 0.0522537 0 2.66667
66 1 5e-09 5e-09 1e-08 5e-09 2.85714

59 15 42.5814 38.6602 105.691 103.02 3.3
86 1 96.0607 96.0607 96.0607 0 2.66667
83 1 96.0406 96.0406 96.0406 0 2.8
81 1 96.0406 96.0406 96.0406 0 2.8
75 5 144.963 1e-08 91.9545 74.2259 1.3
67 11 12.6868 10.6801 75.2266 74.2217 0.666667
9 2 96.0029 1e-08 48.0014 33.9421 2.85714
5 6 24.8888 24.8888 45.6295 41.4814 2.66667
11 1 3.12904 3.12904 3.12904 0 2.85714
12 1 2.36893 2.36893 2.36893 0 2.66667
13 1 1.62633 1.62633 1.62633 0 2.66667
14 1 1.24556 1.24556 1.24556 0 2.66667
15 1 1.22442 1.22442 1.22442 0 2.66667
16 1 1.22441 1.22441 1.22441 0 2.66667
17 1 1.22441 1.22441 1.22441 0 2.66667
18 1 1.22441 1.22441 1.22441 0 2.66667
19 1 1.22441 1.22441 1.22441 0 2.66667
24 1 1.22441 1.22441 1.22441 0 2.66667
23 1 1.22441 1.22441 1.22441 0 2.66667
22 1 1.22441 1.22441 1.22441 0 2.66667
21 1 1.22441 1.22441 1.22441 0 2.66667
20 1 1.22441 1.22441 1.22441 0 2.66667
76 1 0.361569 0.361569 0.48956 0.127991 1.66667
62 1 0.121688 0.121688 0.121688 0 0.8
61 1 0.0522537 0.0522537 0.0522537 0 2.66667
66 1 0.0520824 0.0520824 0.0520824 0 2.8
79 1 0.00875146 0.00875146 0.00875146 0 2.66667
68 1 0.00483511 0.00483511 0.00483511 0 3.38889
80 1 0.00149406 0.00149406 0.00149406 0 3.16667
77 1 3.33333e-09 3.33333e-09 1e-08 6.66667e-09 2.85714
78 1 1e-08 1e-08 1e-08 0 1.16667
82 1 1e-08 1e-08 1e-08 0 2.85714
84 1 1e-08 1e-08 1e-08 0 3.35714
85 1 1e-08 1e-08 1e-08 0 2.66667

75 1 114.181 114.181 114.181 0 0.8
87 1 114.181 114.181 114.181 0 1.3
59 16 32.5534 30.1923 105.34 103.381 3.3
67 11 114.181 1.2219 80.9962 73.7085 1.16667
86 11 46.3286 45.9421 73.7756 69.5886 3.16667
83 8 38.4162 38.4162 56.66 51.8579 2.8
5 6 45.6295 45.6295 45.6295 38.0246 2.66667
81 5 96.0406 1e-08 38.4137 32.1392 3.3
11 1 3.12904 3.12904 3.12904 0 2.85714
12 1 2.36893 2.36893 2.36893 0 2.66667
13 1 1.62633 1.62633 1.62633 0 2.66667
14 1 1.24556 1.24556 1.24556 0 2.66667
15 1 1.22442 1.22442 1.22442 0 2.66667
20 1 1.22441 1.22441 1.22441 0 2.66667
21 1 1.22441 1.22441 1.22441 0 2.66667
22 1 1.22441 1.22441 1.22441 0 2.66667
23 1 1.22441 1.22441 1.22441 0 2.66667
24 1 1.22441 1.22441 1.22441 0 2.66667
19 1 1.22441 1.22441 1.22441 0 2.66667
18 1 1.22441 1.22441 1.22441 0 2.66667
17 1 1.22441 1.22441 1.22441 0 2.66667
16 1 1.22441 1.22441 1.22441 0 2.66667
76 1 0.723138 0.723138 0.723138 0 1.66667
68 1 0.186723 0.186723 0.186723 0 3.38889
62 1 0.121688 0.121688 0.121688 0 0.8
61 1 0.0522537 0.0522537 0.0522537 0 2.66667
9 1 0.0260412 0.0260412 0.0260412 5e-09 2.8
79 1 0.00875146 0.00875146 0.00875146 0 2.66667
80 1 0.00149406 0.00149406 0.00149406 0 3.16667
77 1 1e-08 1e-08 1e-08 0 2.8
78 1 1e-08 1e-08 1e-08 0 1.16667
82 1 1e-08 1e-08 1e-08 0 2.85714
84 1 1e-08 1e-08 1e-08 0 3.35714
85 1 1e-08 1e-08 1e-08 0 2.66667
88 1 1e-08 1e-08 1e-08 0 3.35714

59 14 59.4099 55.3903 100.298 96.1522 3.3
89 3 96.0029 96.0029 96.0029 64.0019 0.857143
94 2 96.8688 88.4114 92.6401 46.3683 3.16667
86 12 50.5403 50.122 92.0451 87.8551 2.66667
83 11 70.4298 70.4298 80.1165 73.7138 2.8
75 10 23.3023 23.3023 73.5379 71.2077 1.16667
81 2 96.0406 1e-08 48.0203 33.9555 3.3
5 6 45.6295 45.6295 45.6295 38.0246 2.66667
67 4 64.0405 0.482092 32.5746 25.6656 1.16667
87 3 26.2318 26.2252 26.8237 18.0813 1.3
11 1 3.12904 3.12904 3.12904 0 2.85714
12 1 2.36893 2.36893 2.36893 0 2.66667
13 1 1.62633 1.62633 1.62633 0 2.66667
14 1 1.24556 1.24556 1.24556 0 2.66667
15 1 1.22442 1.22442 1.22442 0 2.66667
16 1 1.22441 1.22441 1.22441 0 2.66667
17 1 1.22441 1.22441 1.22441 0 2.66667
18 1 1.22441 1.22441 1.22441 0 2.66667
19 1 1.22441 1.22441 1.22441 0 2.66667
24 1 1.22441 1.22441 1.22441 0 2.66667
23 1 1.22441 1.22441 1.22441 0 2.66667
22 1 1.22441 1.22441 1.22441 0 2.66667
21 1 1.22441 1.22441 1.22441 0 2.66667
20 1 1.22441 1.22441 1.22441 0 2.66667
92 1 0.558398 0.558398 0.558398 5e-09 3.35714
68 1 0.186723 0.186723 0.186723 0 3.38889
95 1 0.127719 0.127719 0.127719 0 1.3
62 1 0.121688 0.121688 0.121688 0 0.8
61 1 0.0522537 0.0522537 0.0522537 0 2.66667
9 1 0.0520824 0.0520824 0.0520824 0 2.8
79 1 0.00875146 0.00875146 0.00875146 0 2.66667
80 1 0.00149406 0.00149406 0.00149406 0 3.16667
97 1 1e-08 1e-08 1e-08 0 3.3
96 1 1e-08 1e-08 1e-08 0 3.3
93 1 1e-08 1e-08 1e-08 0 3.16667
91 1 1e-08 1e-08 1e-08 0 2.66667
90 1 5e-09 5e-09 1e-08 5e-09 2.8
88 1 1e-08 1e-08 1e-08 0 3.35714
85 1 1e-08 1e-08 1e-08 0 2.66667
84 1 1e-08 1e-08 1e-08 0 3.35714
77 1 5e-09 5e-09 1e-08 5e-09 2.85714

59 17 51.529 50.2932 108.612 105.632 2.8
75 14 80.3056 63.9415 92.3009 87.6507 1.66667
94 14 39.8872 39.5828 86.6539 83.811 2.66667
89 10 40.3947 40.0012 64.3981 60.3935 0.857143
86 3 96.1295 1e-08 64.0566 45.2949 2.66667
87 8 114.181 1e-08 50.3354 44.4959 1.3
92 6 146.364 1e-08 48.2681 41.7829 1.35714
5 6 45.6295 45.6295 45.6295 38.0246 2.66667
81 3 96.0406 1e-08 34.5365 27.2274 2.85714
11 1 3.12904 3.12904 3.12904 0 2.85714
98 1 2.63565 2.63565 2.63565 0 1.35714
12 1 2.36893 2.36893 2.36893 0 2.66667
13 1 1.62633 1.62633 1.62633 0 2.66667
14 1 1.24556 1.24556 1.24556 0 2.66667
15 1 1.22442 1.22442 1.22442 0 2.66667
20 1 1.22441 1.22441 1.22441 0 2.66667
21 1 1.22441 1.22441 1.22441 0 2.66667
22 1 1.22441 1.22441 1.22441 0 2.66667
23 1 1.22441 1.22441 1.22441 0 2.66667
24 1 1.22441 1.22441 1.22441 0 2.66667
19 1 1.22441 1.22441 1.22441 0 2.66667
18 1 1.22441 1.22441 1.22441 0 2.66667
17 1 1.22441 1.22441 1.22441 0 2.66667
16 1 1.22441 1.22441 1.22441 0 2.66667
68 1 0.186723 0.186723 0.186723 0 3.38889
62 1 0.121688 0.121688 0.121688 0 0.8
100 1 0.0522603 0.0522603 0.0522603 0 1.38889
61 1 0.0522537 0.0522537 0.0522537 0 2.66667
9 1 0.0260412 0.0260412 0.0260412 5e-09 2.8

98 11 116.727 113.899 124.613 114.224 1.3
68 6 147.616 0.186723 120.698 100.984 2.85714
59 9 111.394 72.0302 112.462 100.714 3.35714
112 1 96.0406 96.0406 96.0406 0 3.3
94 7 18.3265 18.3265 88.7276 86.1096 3.16667
87 7 25.0955 19.9817 83.7146 80.6405 0.8
106 4 114.181 19.8524 78.8968 59.9737 1.3
92 2 145.623 1.1168 73.3697 51.4869 3.35714
100 2 146.364 0.0522603 73.2082 51.7476 1.38889
105 6 74.2624 66.2204 69.7815 58.1736 3.35714
89 6 24.3139 24.0018 68.4442 64.4273 0.857143
5 4 30.4197 30.4197 45.6295 38.0246 2.66667
86 3 26.4188 26.2171 35.0242 26.2627 2.66667
81 3 96.0406 1e-08 34.5088 27.2149 2.85714
11 1 3.12904 3.12904 3.12904 0 2.85714
12 1 2.36893 2.36893 2.36893 0 2.66667
111 1 1.63183 1.63183 1.63183 0 1.85714
13 1 1.62633 1.62633 1.62633 0 2.66667
14 1 1.24556 1.24556 1.24556 0 2.66667
15 1 1.22442 1.22442 1.22442 0 2.66667
16 1 1.22441 1.22441 1.22441 0 2.66667
17 1 1.22441 1.22441 1.22441 0 2.66667
18 1 1.22441 1.22441 1.22441 0 2.66667
19 1 1.22441 1.22441 1.22441 0 2.66667
24 1 1.22441 1.22441 1.22441 0 2.66667
23 1 1.22441 1.22441 1.22441 0 2.66667
22 1 1.22441 1.22441 1.22441 0 2.66667
21 1 1.22441 1.22441 1.22441 0 2.66667
20 1 1.22441 1.22441 1.22441 0 2.66667
75 1 0.882925 0.882925 0.882925 0 0.8
62 1 0.121688 0.121688 0.121688 0 0.8
61 1 0.0522537 0.0522537 0.0522537 0 2.66667
113 1 0.0437563 0.0437563 0.0437563 0 1.16667
9 1 0.0260412 0.0260412 0.0260412 5e-09 2.8
115 1 1e-08 1e-08 1e-08 0 3.16667
114 1 1e-08 1e-08 1e-08 0 2.85714
110 1 1e-08 1e-08 1e-08 0 3.16667
109 1 1e-08 1e-08 1e-08 0 3.3
108 1 1e-08 1e-08 1e-08 0 1.3
107 1 1e-08 1e-08 1e-08 0 2.85714

98 15 32.4086 31.5136 99.7475 97.6169 1.3
68 15 69.621 68.2598 97.7034 93.1044 3.35714
89 6 97.2555 96.007 96.4068 80.339 0.857143
94 14 71.377 71.377 91.6954 86.597 3.3
112 9 96.0406 1e-08 64.1582 57.2492 3.8
87 8 53.7323 31.7046 54.1849 47.8213 1.3
5 4 45.6295 45.6295 45.6295 34.2221 2.66667
59 5 92.828 0.0611794 37.4312 31.2816 1.35714
81 3 96.0406 1e-08 34.5365 27.2274 3.3
11 1 3.12904 3.12904 3.12904 0 2.85714
12 1 2.36893 2.36893 2.36893 0 2.66667
111 1 1.63183 1.63183 1.63183 0 1.85714
13 1 1.62633 1.62633 1.62633 0 2.66667
14 1 1.24556 1.24556 1.24556 0 2.66667
100 1 1.22859 1.22859 1.22859 0 1.40909
15 1 1.22442 1.22442 1.22442 0 2.66667
20 1 1.22441 1.22441 1.22441 0 2.66667
21 1 1.22441 1.22441 1.22441 0 2.66667
22 1 1.22441 1.22441 1.22441 0 2.66667
23 1 1.22441 1.22441 1.22441 0 2.66667
24 1 1.22441 1.22441 1.22441 0 2.66667
19 1 1.22441 1.22441 1.22441 0 2.66667
18 1 1.22441 1.22441 1.22441 0 2.66667
17 1 1.22441 1.22441 1.22441 0 2.66667
16 1 1.22441 1.22441 1.22441 0 2.66667
62 1 0.121688 0.121688 0.121688 0 0.8
61 1 0.0522537 0.0522537 0.0522537 0 2.66667
9 1 0.0520824 0.0520824 0.0520824 0 2.8
113 1 0.0437563 0.0437563 0.0437563 0 1.16667
116 1 0.00252384 0.00252384 0.00252385 5e-09 2.66667
86 1 1e-08 1e-08 1e-08 0 3.16667

98 16 76.9442 75.7014 118.604 113.844 1.3
68 14 63.0105 61.7793 106.614 102.132 3.35714
87 13 87.3151 73.489 97.6176 90.9833 1.3
119 5 96.8688 96.0406 96.7032 77.3626 3.16667
94 13 59.9664 59.9664 96.3372 91.7244 3.16667
89 9 31.1403 26.2188 66.9462 63.9478 1.35714
112 7 30.5584 30.5584 57.3022 52.9367 3.3
5 4 20.2798 20.2798 35.4896 30.4197 2.66667
81 3 96.0406 1e-08 34.5365 27.2274 2.85714
11 1 3.12904 3.12904 3.12904 0 2.85714
12 1 2.36893 2.36893 2.36893 0 2.66667
13 1 1.62633 1.62633 1.62633 0 2.66667
14 1 1.24556 1.24556 1.24556 0 2.66667
100 1 1.22859 1.22859 1.22859 0 1.40909
15 1 1.22442 1.22442 1.22442 0 2.66667
16 1 1.22441 1.22441 1.22441 0 2.66667
17 1 1.22441 1.22441 1.22441 0 2.66667
18 1 1.22441 1.22441 1.22441 0 2.66667
19 1 1.22441 1.22441 1.22441 0 2.66667
24 1 1.22441 1.22441 1.22441 0 2.66667
23 1 1.22441 1.22441 1.22441 0 2.66667
22 1 1.22441 1.22441 1.22441 0 2.66667
21 1 1.22441 1.22441 1.22441 0 2.66667
20 1 1.22441 1.22441 1.22441 0 2.66667
121 1 0.196656 0.196656 0.196656 0 0.888889
62 1 0.121688 0.121688 0.121688 0 0.8

98 17 61.8134 60.8841 120.715 117.111 2.85714
68 15 63.6535 63.6535 111.814 107.571 3.38889
89 8 97.6743 96.1358 97.0504 84.9191 0.857143
112 7 96.0406 96.0406 96.0406 82.3205 3.3
87 12 47.2474 47.2474 91.5557 87.6184 1.3
119 12 21.9371 21.9326 89.0585 87.2307 3.16667
5 4 45.6295 45.6295 45.6295 34.2221 2.66667
81 3 96.0406 1e-08 34.5365 27.2274 3.3
11 1 3.12904 3.12904 3.12904 0 2.85714
12 1 2.36893 2.36893 2.36893 0 2.66667
13 1 1.62633 1.62633 1.62633 0 2.66667
14 1 1.24556 1.24556 1.24556 0 2.66667
100 1 1.22859 1.22859 1.22859 0 1.40909
15 1 1.22442 1.22442 1.22442 0 2.66667
20 1 1.22441 1.22441 1.22441 0 2.66667
21 1 1.22441 1.22441 1.22441 0 2.66667
22 1 1.22441 1.22441 1.22441 0 2.66667
23 1 1.22441 1.22441 1.22441 0 2.66667
24 1 1.22441 1.22441 1.22441 0 2.66667
19 1 1.22441 1.22441 1.22441 0 2.66667
18 1 1.22441 1.22441 1.22441 0 2.66667
17 1 1.22441 1.22441 1.22441 0 2.66667
16 1 1.22441 1.22441 1.22441 0 2.66667
121 1 0.196656 0.196656 0.196656 0 0.888889
62 1 0.121688 0.121688 0.121688 0 0.8
125 1 0.0176639 0.0176639 0.0178947 0.000230814 3.16667
124 1 0.0103158 0.0103158 0.0103158 0 2.85714
126 1 1e-08 1e-08 1e-08 0 3.3

98 17 38.3993 38.2564 121.389 119.137 3.35714
119 7 96.8887 96.8688 96.8717 83.0329 3.16667
127 5 96.8688 96.8688 96.8688 77.4951 3.16667
87 12 76.1208 76.1208 83.5176 77.1742 1.3
89 11 33.9458 28.9138 79.9496 77.2743 0.857143
112 10 38.4162 38.4162 73.1781 69.3364 3.3
5 4 45.6295 45.6295 45.6295 34.2221 2.66667
81 3 96.0406 1e-08 34.5365 27.2274 3.3
68 4 45.7 0.0905052 29.4893 22.6121 3.38889
11 1 3.12904 3.12904 3.12904 0 2.85714
12 1 2.36893 2.36893 2.36893 0 2.66667
13 1 1.62633 1.62633 1.62633 0 2.66667
14 1 1.24556 1.24556 1.24556 0 2.66667
100 1 1.22859 1.22859 1.22859 0 1.40909
15 1 1.22442 1.22442 1.22442 0 2.66667
16 1 1.22441 1.22441 1.22441 0 2.66667
17 1 1.22441 1.22441 1.22441 0 2.66667
18 1 1.22441 1.22441 1.22441 0 2.66667
19 1 1.22441 1.22441 1.22441 0 2.66667
24 1 1.22441 1.22441 1.22441 0 2.66667
23 1 1.22441 1.22441 1.22441 0 2.66667
22 1 1.22441 1.22441 1.22441 0 2.66667
21 1 1.22441 1.22441 1.22441 0 2.66667
20 1 1.22441 1.22441 1.22441 0 2.66667
121 1 0.196656 0.196656 0.196656 0 0.888889
62 1 0.121688 0.121688 0.121688 0 0.8
125 1 0.0353278 0.0353278 0.0353278 0 3.3
126 1 1e-08 1e-08 1e-08 0 3.3
128 1 1e-08 1e-08 1e-08 0 2.85714

98 15 55.9048 55.6968 114.691 110.974 3.35714
112 13 96.0406 96.0406 96.0406 88.6529 3.3
87 13 52.7514 47.8825 95.007 91.295 0.8
119 12 30.5964 30.5902 91.1239 88.5746 3.16667
89 11 46.7966 46.5155 83.9999 79.757 0.857143
129 6 148.611 1e-08 74.2973 63.1405 1.3
127 9 72.6516 6.12229 65.3854 58.1883 3.16667
5 4 45.6295 45.6295 45.6295 34.2221 2.66667
81 3 96.0406 1e-08 34.5088 27.2149 3.3
11 1 3.12904 3.12904 3.12904 0 2.85714
12 1 2.36893 2.36893 2.36893 0 2.66667
13 1 1.62633 1.62633 1.62633 0 2.66667
14 1 1.24556 1.24556 1.24556 0 2.66667
100 1 1.22859 1.22859 1.22859 0 1.40909
15 1 1.22442 1.22442 1.22442 0 2.66667
20 1 1.22441 1.22441 1.22441 0 2.66667
21 1 1.22441 1.22441 1.22441 0 2.66667
22 1 1.22441 1.22441 1.22441 0 2.66667
23 1 1.22441 1.22441 1.22441 0 2.66667
24 1 1.22441 1.22441 1.22441 0 2.66667
19 1 1.22441 1.22441 1.22441 0 2.66667
18 1 1.22441 1.22441 1.22441 0 2.66667
17 1 1.22441 1.22441 1.22441 0 2.66667
16 1 1.22441 1.22441 1.22441 0 2.66667

98 13 48.4508 48.2706 113.241 109.521 3.35714
112 11 37.7302 37.7302 92.6105 89.1805 3.3
119 10 34.6031 34.596 90.1298 86.67 3.16667
127 9 96.8688 8.16306 86.9206 77.3247 3.16667
89 10 48.9242 48.7714 82.9321 78.0458 0.857143
133 7 114.181 1e-08 82.8228 71.3443 1.3
87 8 47.9207 43.4976 66.7871 61.2811 0.8
129 7 69.3519 3.74418 59.9762 51.5127 1.3
132 5 80.7894 0.0244964 48.187 39.3433 3.8
5 4 45.6295 45.6295 45.6295 34.2221 2.66667
81 3 96.0406 1e-08 34.5088 27.2149 3.3
11 1 3.12904 3.12904 3.12904 0 2.85714
12 1 2.36893 2.36893 2.36893 0 2.66667
13 1 1.62633 1.62633 1.62633 0 2.66667
14 1 1.24556 1.24556 1.24556 0 2.66667
100 1 1.22859 1.22859 1.22859 0 1.40909
15 1 1.22442 1.22442 1.22442 0 2.66667
16 1 1.22441 1.22441 1.22441 0 2.66667
17 1 1.22441 1.22441 1.22441 0 2.66667
18 1 1.22441 1.22441 1.22441 0 2.66667
19 1 1.22441 1.22441 1.22441 0 2.66667
24 1 1.22441 1.22441 1.22441 0 2.66667
23 1 1.22441 1.22441 1.22441 0 2.66667
22 1 1.22441 1.22441 1.22441 0 2.66667
21 1 1.22441 1.22441 1.22441 0 2.66667

129 7 148.611 8.02325 128.52 110.384 1.3
98 13 74.5397 74.2624 125.437 119.708 3.35714
143 1 96.0406 96.0406 96.0406 0 3.3
119 9 31.1428 31.1364 86.7969 83.3367 3.3
127 8 29.8058 29.8058 82.4381 78.7124 3.16667
89 8 39.7152 33.9944 80.4321 76.0905 0.857143
112 8 27.6992 27.4402 79.1306 75.6965 3.3
87 4 125.792 19.8524 69.9194 53.9225 0.8
133 7 31.4479 28.5453 67.9803 63.8433 1.3
5 4 45.6295 45.6295 45.6295 34.2221 2.66667
81 3 96.0406 1e-08 34.5365 27.2274 3.3
11 1 3.12904 3.12904 3.12904 0 2.85714
12 1 2.36893 2.36893 2.36893 0 2.66667
13 1 1.62633 1.62633 1.62633 0 2.66667
14 1 1.24556 1.24556 1.24556 0 2.66667
100 1 1.22859 1.22859 1.22859 0 1.40909
15 1 1.22442 1.22442 1.22442 0 2.66667
21 1 1.22441 1.22441 1.22441 0 2.66667
22 1 1.22441 1.22441 1.22441 0 2.66667
23 1 1.22441 1.22441 1.22441 0 2.66667
24 1 1.22441 1.22441 1.22441 0 2.66667
19 1 1.22441 1.22441 1.22441 0 2.66667
18 1 1.22441 1.22441 1.22441 0 2.66667
17 1 1.22441 1.22441 1.22441 0 2.66667
16 1 1.22441 1.22441 1.22441 0 2.66667
145 1 0.0636955 0.0636955 0.127391 0.0636955 3.16667
139 1 5e-09 5e-09 1e-08 5e-09 3.16667
140 1 1e-08 1e-08 1e-08 0 0.8
141 1 1e-08 1e-08 1e-08 0 3.16667
142 1 1e-08 1e-08 1e-08 0 3.35714
144 1 1e-08 1e-08 1e-08 0 3.35714
146 1 1e-08 1e-08 1e-08 0 3.35714

129 12 35.8063 35.7791 115.043 112.061 3.35714
119 3 96.8887 96.8887 96.8887 64.5925 3.16667
98 10 87.3676 76.9507 90.6593 82.2167 3.35714
87 9 113.213 17.8672 86.3373 76.866 0.8
127 9 33.5384 33.5315 85.6685 81.9426 3.16667
143 9 33.5384 33.2712 85.239 81.5158 3.16667
133 4 114.181 1e-08 81.1122 61.978 0.8
112 8 64.6315 64.0271 80.1849 72.1627 3.3
89 8 48.9242 48.8841 73.3134 67.1986 0.857143
5 4 45.6295 45.6295 45.6295 34.2221 2.66667
81 3 96.0406 1e-08 34.5365 27.2274 2.85714
11 1 3.12904 3.12904 3.12904 0 2.85714
12 1 2.36893 2.36893 2.36893 0 2.66667
13 1 1.62633 1.62633 1.62633 0 2.66667
14 1 1.24556 1.24556 1.24556 0 2.66667
100 1 1.22859 1.22859 1.22859 0 1.40909
15 1 1.22442 1.22442 1.22442 0 2.66667
16 1 1.22441 1.22441 1.22441 0 2.66667
17 1 1.22441 1.22441 1.22441 0 2.66667
18 1 1.22441 1.22441 1.22441 0 2.66667
19 1 1.22441 1.22441 1.22441 0 2.66667
24 1 1.22441 1.22441 1.22441 0 2.66667
23 1 1.22441 1.22441 1.22441 0 2.66667
22 1 1.22441 1.22441 1.22441 0 2.66667
21 1 1.22441 1.22441 1.22441 0 2.66667
145 1 0.127391 0.127391 0.127391 0 3.16667
139 1 1e-08 1e-08 1e-08 0 3.16667
141 1 1e-08 1e-08 1e-08 0 3.16667
142 1 1e-08 1e-08 1e-08 0 3.35714
147 1 1e-08 1e-08 1e-08 0 1.16667
148 1 1e-08 1e-08 1e-08 0 3.85714
149 1 1e-08 1e-08 1e-08 0 3.35714
150 1 1e-08 1e-08 1e-08 0 3.16667

129 13 43.1002 43.0674 115.179 111.866 3.35714
89 8 97.8483 97.7683 97.8374 85.6077 0.857143
87 10 62.8959 57.0906 89.4124 83.4717 0.8
112 10 96.9473 1e-08 86.7086 78.0912 3.3
151 9 114.181 1e-08 84.7822 75.5341 1.3
119 9 22.9473 22.9473 81.9428 79.3931 1.16667
127 9 34.8728 34.8728 76.7722 72.8975 3.16667
149 4 95.8802 1e-08 46.5951 36.8285 3.35714
5 4 45.6295 45.6295 45.6295 34.2221 2.66667
143 4 76.8935 8e-09 38.4254 30.378 3.3
81 3 96.0406 1e-08 34.5365 27.2274 3.3
157 1 10.7512 10.7512 10.7512 0 1.16667
11 1 3.12904 3.12904 3.12904 0 2.85714
12 1 2.36893 2.36893 2.36893 0 2.66667
13 1 1.62633 1.62633 1.62633 0 2.66667
14 1 1.24556 1.24556 1.24556 0 2.66667
100 1 1.22859 1.22859 1.22859 0 1.40909
15 1 1.22442 1.22442 1.22442 0 2.66667
16 1 1.22441 1.22441 1.22441 0 2.66667
17 1 1.22441 1.22441 1.22441 0 2.66667
18 1 1.22441 1.22441 1.22441 0 2.66667
19 1 1.22441 1.22441 1.22441 0 2.66667
24 1 1.22441 1.22441 1.22441 0 2.66667
23 1 1.22441 1.22441 1.22441 0 2.66667
22 1 1.22441 1.22441 1.22441 0 2.66667
21 1 1.22441 1.22441 1.22441 0 2.66667
145 1 0.127391 0.127391 0.127391 0 3.16667
154 1 0.0293956 0.0293956 0.0293956 0 0.8
153 1 0.00204501 0.00204501 0.00204501 0 3.3

129 13 66.8287 66.8287 122.738 117.597 3.35714
158 2 96.8688 96.8688 96.8688 48.4344 3.16667
87 10 50.7425 40.779 95.5205 91.0531 1.3
119 9 67.2269 43.5999 92.9289 87.509 3.16667
89 8 35.5812 35.5807 79.4421 74.9945 0.857143
127 8 40.7869 40.7869 76.7622 71.6639 3.16667
112 7 29.5057 29.2297 72.0797 67.8759 3.3
143 3 96.8887 1e-08 64.3352 45.492 3.3
151 6 32.6232 32.6232 58.501 53.0638 0.8
159 2 96.0103 1e-08 48.0052 33.9448 3.16667
5 4 45.6295 45.6295 45.6295 34.2221 2.66667
81 3 96.0406 1e-08 34.5088 27.2149 3.3
149 2 45.1031 0.147071 22.6251 15.9464 3.35714
11 1 3.12904 3.12904 3.12904 0 2.85714
12 1 2.36893 2.36893 2.36893 0 2.66667
13 1 1.62633 1.62633 1.62633 0 2.66667
14 1 1.24556 1.24556 1.24556 0 2.66667
100 1 1.22859 1.22859 1.22859 0 1.40909
15 1 1.22442 1.22442 1.22442 0 2.66667
17 1 1.22441 1.22441 1.22441 0 2.66667
18 1 1.22441 1.22441 1.22441 0 2.66667
19 1 1.22441 1.22441 1.22441 0 2.66667
24 1 1.22441 1.22441 1.22441 0 2.66667
23 1 1.22441 1.22441 1.22441 0 2.66667
22 1 1.22441 1.22441 1.22441 0 2.66667
21 1 1.22441 1.22441 1.22441 0 2.66667
16 1 1.22441 1.22441 1.22441 0 2.66667
145 1 0.127391 0.127391 0.127391 0 3.16667
161 1 0.0522755 0.0522755 0.0522755 0 1.3
153 1 0.00204501 0.00204501 0.00204501 0 3.3
160 1 5e-09 5e-09 1e-08 5e-09 3.85714
162 1 1e-08 1e-08 1e-08 0 3.35714
163 1 1e-08 1e-08 1e-08 0 3.16667

166 1 130.171 130.171 130.171 0 1.3
129 11 44.4142 44.3209 121.387 117.357 3.35714
151 3 114.181 114.181 114.181 76.1208 0.8
112 9 67.14 66.4896 96.601 89.151 3.3
119 8 32.2962 32.2962 88.6859 84.6489 3.16667
158 8 26.7279 26.7224 86.8229 83.4824 3.16667
87 7 26.8798 23.7984 83.3316 79.8063 0.8
89 7 45.6625 45.6621 78.2323 71.7091 0.857143
127 4 96.8688 1e-08 72.6516 55.4886 3.16667
159 2 96.0103 1e-08 48.0052 33.9448 3.16667
5 4 45.6295 45.6295 45.6295 34.2221 2.66667
149 2 90.2062 0.294142 45.2502 31.8929 3.35714
81 3 96.0406 1e-08 34.5365 27.2274 2.85714
11 1 3.12904 3.12904 3.12904 0 2.85714
12 1 2.36893 2.36893 2.36893 0 2.66667
13 1 1.62633 1.62633 1.62633 0 2.66667
14 1 1.24556 1.24556 1.24556 0 2.66667
100 1 1.22859 1.22859 1.22859 0 1.40909
15 1 1.22442 1.22442 1.22442 0 2.66667
17 1 1.22441 1.22441 1.22441 0 2.66667
18 1 1.22441 1.22441 1.22441 0 2.66667
19 1 1.22441 1.22441 1.22441 0 2.66667
24 1 1.22441 1.22441 1.22441 0 2.66667
23 1 1.22441 1.22441 1.22441 0 2.66667
22 1 1.22441 1.22441 1.22441 0 2.66667
21 1 1.22441 1.22441 1.22441 0 2.66667
16 1 1.22441 1.22441 1.22441 0 2.66667
145 1 0.127391 0.127391 0.127391 0 3.16667
164 1 0.102093 0.102093 0.102093 0 3.3
161 1 0.0522755 0.0522755 0.0522755 0 1.3
153 1 0.00204501 0.00204501 0.00204501 0 3.3
160 1 1e-08 1e-08 1e-08 0 3.85714
162 1 1e-08 1e-08 1e-08 0 3.35714
165 1 1e-08 1e-08 1e-08 0 0.857143
143 1 1e-08 1e-08 1e-08 0 3.3
167 1 1e-08 1e-08 1e-08 0 3.35714

129 12 127.782 75.0994 115.815 106.178 3.35714
166 11 40.0811 34.924 108.687 105.217 0.8
127 3 96.8688 96.8688 96.8688 64.5792 3.16667
159 2 96.0103 90.2062 93.1083 46.5767 3.16667
119 8 28.7078 28.7078 82.5352 78.9467 3.16667
158 6 96.8688 0.244679 80.7648 67.5711 3.16667
112 8 35.2934 35.2536 79.6573 75.2496 2.8
89 7 52.6876 52.687 75.2462 67.7195 0.857143
151 6 28.4158 25.1583 67.3168 62.8529 1.3
87 4 125.792 0.00345919 63.3682 50.023 0.8
5 4 45.6295 45.6295 45.6295 34.2221 2.66667
81 3 96.0406 1e-08 34.5365 27.2274 3.3
11 1 3.12904 3.12904 3.12904 0 2.85714
12 1 2.36893 2.36893 2.36893 0 2.66667
13 1 1.62633 1.62633 1.62633 0 2.66667
14 1 1.24556 1.24556 1.24556 0 2.66667
100 1 1.22859 1.22859 1.22859 0 1.40909
15 1 1.22442 1.22442 1.22442 0 2.66667
16 1 1.22441 1.22441 1.22441 0 2.66667
17 1 1.22441 1.22441 1.22441 0 2.66667
18 1 1.22441 1.22441 1.22441 0 2.66667
19 1 1.22441 1.22441 1.22441 0 2.66667
24 1 1.22441 1.22441 1.22441 0 2.66667
23 1 1.22441 1.22441 1.22441 0 2.66667
22 1 1.22441 1.22441 1.22441 0 2.66667
21 1 1.22441 1.22441 1.22441 0 2.66667
149 1 0.294142 0.294142 0.294142 0 2.85714
145 1 0.127391 0.127391 0.127391 0 3.16667
164 1 0.102093 0.102093 0.102093 0 3.3
153 1 0.00204501 0.00204501 0.00204501 0 3.3
160 1 1e-08 1e-08 1e-08 0 3.85714
167 1 1e-08 1e-08 1e-08 0 3.35714
168 1 1e-08 1e-08 1e-08 0 3.16667
169 1 1e-08 1e-08 1e-08 0 3.3
170 1 1e-08 1e-08 1e-08 0 3.16667

166 7 142.079 125.792 133.562 114.487 1.3
129 10 35.5698 35.4951 103.692 100.141 3.3
171 7 131.716 1e-08 93.3952 80.4966 1.3
119 8 32.2962 32.2962 84.755 80.718 3.16667
159 8 35.2654 35.2536 82.5679 78.1602 3.35714
127 8 40.7869 40.7869 81.214 76.1156 3.16667
89 7 42.8086 42.8082 77.4544 71.3389 0.857143
169 2 146.104 1e-08 73.0519 51.6555 1.3
87 4 125.792 0.00345919 63.3682 50.023 0.8
112 4 27.7306 27.6992 48.3871 41.4603 3.35714
5 4 45.6295 45.6295 45.6295 34.2221 2.66667
158 3 36.3258 36.3258 36.4223 24.3137 3.16667
81 3 96.0406 1e-08 34.5088 27.2149 3.3
11 1 3.12904 3.12904 3.12904 0 2.85714
12 1 2.36893 2.36893 2.36893 0 2.66667
175 1 2.01779 2.01779 2.01779 0 1.3
13 1 1.62633 1.62633 1.62633 0 2.66667
14 1 1.24556 1.24556 1.24556 0 2.66667
100 1 1.22859 1.22859 1.22859 0 1.40909
15 1 1.22442 1.22442 1.22442 0 2.66667
16 1 1.22441 1.22441 1.22441 0 2.66667
17 1 1.22441 1.22441 1.22441 0 2.66667
21 1 1.22441 1.22441 1.22441 0 2.66667
22 1 1.22441 1.22441 1.22441 0 2.66667
23 1 1.22441 1.22441 1.22441 0 2.66667
24 1 1.22441 1.22441 1.22441 0 2.66667
19 1 1.22441 1.22441 1.22441 0 2.66667
18 1 1.22441 1.22441 1.22441 0 2.66667
149 1 0.294142 0.294142 0.294142 0 2.85714
164 1 0.102093 0.102093 0.102093 0 3.3
145 1 0.0636955 0.0636955 0.0636955 5e-09 3.16667
174 1 0.0293972 0.0293972 0.0293972 0 3.85714
153 1 0.00204501 0.00204501 0.00204501 0 3.3
168 1 1e-08 1e-08 1e-08 0 3.16667
170 1 1e-08 1e-08 1e-08 0 3.16667
172 1 1e-08 1e-08 1e-08 0 3.3
173 1 1e-08 1e-08 1e-08 0 3.16667

119 13 62.9777 62.9777 96.8887 92.0443 3.16667
127 12 83.0304 83.0304 89.9462 83.027 3.16667
129 12 36.5861 36.5093 87.4614 84.4169 3.3
166 11 62.7372 55.3484 81.6392 76.2871 1.3
89 11 59.0813 56.6485 78.6755 73.5048 0.857143
112 9 34.9405 34.901 69.7846 65.9052 3.8
158 5 96.8688 1e-08 58.1468 47.4746 3.16667
5 4 45.6295 45.6295 45.6295 34.2221 2.66667
171 5 93.476 7.14286e-09 38.312 31.9477 1.3
81 3 96.0406 1e-08 34.5365 27.2274 3.3
11 1 3.12904 3.12904 3.12904 0 2.85714
12 1 2.36893 2.36893 2.36893 0 2.66667
13 1 1.62633 1.62633 1.62633 0 2.66667
14 1 1.24556 1.24556 1.24556 0 2.66667
100 1 1.22859 1.22859 1.22859 0 1.40909
15 1 1.22442 1.22442 1.22442 0 2.66667
19 1 1.22441 1.22441 1.22441 0 2.66667
18 1 1.22441 1.22441 1.22441 0 2.66667
24 1 1.22441 1.22441 1.22441 0 2.66667
23 1 1.22441 1.22441 1.22441 0 2.66667
22 1 1.22441 1.22441 1.22441 0 2.66667
21 1 1.22441 1.22441 1.22441 0 2.66667
17 1 1.22441 1.22441 1.22441 0 2.66667
16 1 1.22441 1.22441 1.22441 0 2.66667
149 1 0.294142 0.294142 0.294142 0 2.85714
164 1 0.0510466 0.0510466 0.0510466 5e-09 3.16667

129 15 89.6359 89.4477 133.22 127.252 1.3
166 11 49.0134 45.4238 97.2736 92.8591 0.8
158 8 96.8688 96.0406 96.7653 84.6696 3.3
127 10 32.2896 32.2896 90.3508 87.1218 3.16667
89 10 51.0247 48.9242 88.2491 83.3344 0.857143
119 10 32.2962 32.2962 87.1726 83.943 3.16667
112 9 48.5285 48.49 80.8216 75.4328 3.8
180 5 130.866 0.0981627 52.8692 44.1719 1.3
5 4 45.6295 45.6295 45.6295 34.2221 2.66667
81 3 96.0406 1e-08 34.5365 27.2274 2.85714
186 1 21.3739 21.3739 21.3739 0 3.88889
11 1 3.12904 3.12904 3.12904 0 2.85714
12 1 2.36893 2.36893 2.36893 0 2.66667
13 1 1.62633 1.62633 1.62633 0 2.66667
183 1 1.36618 1.36618 1.36618 0 3.3
14 1 1.24556 1.24556 1.24556 0 2.66667
100 1 1.22859 1.22859 1.22859 0 1.40909
15 1 1.22442 1.22442 1.22442 0 2.66667
16 1 1.22441 1.22441 1.22441 0 2.66667
17 1 1.22441 1.22441 1.22441 0 2.66667
21 1 1.22441 1.22441 1.22441 0 2.66667
22 1 1.22441 1.22441 1.22441 0 2.66667
23 1 1.22441 1.22441 1.22441 0 2.66667
24 1 1.22441 1.22441 1.22441 0 2.66667
18 1 1.22441 1.22441 1.22441 0 2.66667
19 1 1.22441 1.22441 1.22441 0 2.66667

187 8 149.079 1e-08 115.572 101.309 1.35714
129 11 58.6902 58.6115 114.309 108.979 0.8
192 1 96.1078 96.1078 96.1078 0 1.16667
127 9 45.8852 45.8852 92.4528 87.3544 3.16667
112 8 77.6456 77.584 89.4347 79.7348 3.8
158 8 26.7224 26.7224 86.7657 83.4254 2.66667
166 8 49.4188 49.4188 85.8874 79.71 1.3
119 8 40.7953 40.7953 81.547 76.4476 3.16667
89 6 22.6777 21.7667 70.03 66.3509 0.857143
180 5 92.6504 1.01101 54.6948 44.6209 1.35714
5 4 45.6295 45.6295 45.6295 34.2221 2.66667
81 3 96.0406 1e-08 34.5365 27.2274 2.85714
190 1 26.4792 26.4792 26.4792 0 3.3
11 1 3.12904 3.12904 3.12904 0 2.85714
12 1 2.36893 2.36893 2.36893 0 2.66667
13 1 1.62633 1.62633 1.62633 0 2.66667
183 1 1.36618 1.36618 1.36618 0 3.3
14 1 1.24556 1.24556 1.24556 0 2.66667
100 1 1.22859 1.22859 1.22859 0 1.40909
15 1 1.22442 1.22442 1.22442 0 2.66667
19 1 1.22441 1.22441 1.22441 0 2.66667
18 1 1.22441 1.22441 1.22441 0 2.66667
24 1 1.22441 1.22441 1.22441 0 2.66667
23 1 1.22441 1.22441 1.22441 0 2.66667
22 1 1.22441 1.22441 1.22441 0 2.66667
21 1 1.22441 1.22441 1.22441 0 2.66667
17 1 1.22441 1.22441 1.22441 0 2.66667
16 1 1.22441 1.22441 1.22441 0 2.66667
189 1 0.0141553 0.0141553 0.0141553 0 3.16667
188 1 1e-08 1e-08 1e-08 0 3.3
191 1 1e-08 1e-08 1e-08 0 3.3
193 1 1e-08 1e-08 1e-08 0 3.3
194 1 1e-08 1e-08 1e-08 0 3.35714
195 1 1e-08 1e-08 1e-08 0 3.16667

187 10 35.5698 35.5221 112.049 108.495 3.38889
89 6 102.049 97.9502 99.3368 82.7813 0.857143
119 4 96.8887 96.8887 96.8887 72.6666 3.16667
196 1 96.0406 96.0406 96.0406 0 3.38889
127 8 35.225 35.225 88.0652 83.6621 3.16667
192 8 25.8317 25.8317 86.8613 83.6324 1.16667
166 7 38.252 38.252 82.9628 77.4982 1.3
112 7 32.4276 32.3267 78.5299 73.9087 3.8
180 2 148.241 1.61762 74.9291 52.4141 3.3
129 5 101.846 1.71633 60.3859 49.2197 1.35714
5 4 45.6295 45.6295 45.6295 34.2221 2.66667
158 3 24.2222 24.2222 40.3997 32.3256 3.16667
81 3 96.0406 1e-08 34.5088 27.2149 3.3
194 2 64.0271 6.66667e-09 32.0135 22.637 3.35714
190 1 26.4792 26.4792 26.4792 0 3.3
11 1 3.12904 3.12904 3.12904 0 2.85714
12 1 2.36893 2.36893 2.36893 0 2.66667
13 1 1.62633 1.62633 1.62633 0 2.66667
183 1 1.36618 1.36618 1.36618 0 3.3
14 1 1.24556 1.24556 1.24556 0 2.66667
100 1 1.22859 1.22859 1.22859 0 1.40909
15 1 1.22442 1.22442 1.22442 0 2.66667
19 1 1.22441 1.22441 1.22441 0 2.66667
18 1 1.22441 1.22441 1.22441 0 2.66667
24 1 1.22441 1.22441 1.22441 0 2.66667
23 1 1.22441 1.22441 1.22441 0 2.66667
22 1 1.22441 1.22441 1.22441 0 2.66667
21 1 1.22441 1.22441 1.22441 0 2.66667
17 1 1.22441 1.22441 1.22441 0 2.66667
16 1 1.22441 1.22441 1.22441 0 2.66667
191 1 1e-08 1e-08 1e-08 0 3.3
193 1 1e-08 1e-08 1e-08 0 3.3

129 8 149.193 28.038 127.768 111.9 1.3
187 10 42.6838 42.6265 102.418 98.1519 3.3
127 10 56.9817 56.9817 96.8579 91.1597 3.16667
192 9 67.063 67.063 94.6455 87.194 3.16667
119 9 45.8947 45.8947 91.7838 86.6844 3.16667
166 9 79.9195 79.9195 89.1913 80.3114 1.3
112 8 37.0601 36.9447 83.0421 78.4199 3.3
89 7 42.0204 40.356 69.91 64.043 0.857143
180 6 88.9444 0.97057 57.6904 48.5347 3.3
5 4 45.6295 45.6295 45.6295 34.2221 2.66667
81 3 96.0406 1e-08 34.5088 27.2149 3.3
196 1 23.6631 23.6631 23.6631 0 1.38889
158 1 13.2396 13.2396 13.251 0.0113858 3.3
11 1 3.12904 3.12904 3.12904 0 2.85714
12 1 2.36893 2.36893 2.36893 0 2.66667
13 1 1.62633 1.62633 1.62633 0 2.66667
183 1 1.36618 1.36618 1.36618 0 3.3
14 1 1.24556 1.24556 1.24556 0 2.66667
100 1 1.22859 1.22859 1.22859 0 1.40909
15 1 1.22442 1.22442 1.22442 0 2.66667
19 1 1.22441 1.22441 1.22441 0 2.66667
18 1 1.22441 1.22441 1.22441 0 2.66667
24 1 1.22441 1.22441 1.22441 0 2.66667
23 1 1.22441 1.22441 1.22441 0 2.66667
22 1 1.22441 1.22441 1.22441 0 2.66667
21 1 1.22441 1.22441 1.22441 0 2.66667
17 1 1.22441 1.22441 1.22441 0 2.66667
16 1 1.22441 1.22441 1.22441 0 2.66667
199 1 1e-08 1e-08 1e-08 0 1.3

166 11 104.191 70.4298 100.602 91.6097 1.3
129 11 31.0061 30.9646 98.6016 95.7836 3.3
180 3 148.241 1.61762 96.4442 68.0807 3.3
127 10 48.4344 48.4344 91.6744 86.831 3.16667
89 8 102.049 1e-08 87.2722 76.4748 0.857143
112 9 48.704 48.5285 82.5494 77.1538 3.3
192 9 30.0689 30.0627 79.8577 76.5173 3.3
119 9 31.1428 31.1428 79.4621 76.0018 3.16667
5 4 45.6295 45.6295 45.6295 34.2221 2.66667
81 3 96.0406 1e-08 34.5088 27.2149 3.3
158 1 26.4792 26.4792 26.4792 0 3.3
196 1 23.6631 23.6631 23.6631 0 1.38889
11 1 3.12904 3.12904 3.12904 0 2.85714
12 1 2.36893 2.36893 2.36893 0 2.66667
13 1 1.62633 1.62633 1.62633 0 2.66667
183 1 1.36618 1.36618 1.36618 0 3.3
14 1 1.24556 1.24556 1.24556 0 2.66667
100 1 1.22859 1.22859 1.22859 0 1.40909
15 1 1.22442 1.22442 1.22442 0 2.66667
19 1 1.22441 1.22441 1.22441 0 2.66667
18 1 1.22441 1.22441 1.22441 0 2.66667
24 1 1.22441 1.22441 1.22441 0 2.66667
23 1 1.22441 1.22441 1.22441 0 2.66667
22 1 1.22441 1.22441 1.22441 0 2.66667
21 1 1.22441 1.22441 1.22441 0 2.66667
17 1 1.22441 1.22441 1.22441 0 2.66667
16 1 1.22441 1.22441 1.22441 0 2.66667
202 1 0.705327 0.705327 0.705327 0 3.16667
200 1 1e-08 1e-08 1e-08 0 1.3
201 1 1e-08 1e-08 1e-08 0 3.16667

119 11 96.8887 96.8688 96.8869 88.079 3.16667
206 1 96.0403 96.0403 96.0403 0 3.16667
166 11 57.8841 57.8841 95.633 90.3708 1.35714
127 11 28.041 28.041 94.2265 91.6773 3.16667
129 11 48.3331 48.3331 92.4656 88.0717 1.35714
112 10 61.4075 60.6606 85.2202 79.1413 2.85714
89 7 29.7644 28.5859 61.8039 57.6038 0.857143
5 4 45.6295 45.6295 45.6295 34.2221 2.66667
180 5 57.0156 0.599198 43.9499 35.472 3.3
81 3 96.0406 1e-08 34.5365 27.2274 2.85714
196 1 23.6631 23.6631 23.6631 0 1.38889
158 1 13.2396 13.2396 13.6476 0.408024 3.3
11 1 3.12904 3.12904 3.12904 0 2.85714
12 1 2.36893 2.36893 2.36893 0 2.66667
13 1 1.62633 1.62633 1.62633 0 2.66667
183 1 1.36618 1.36618 1.36618 0 3.3
14 1 1.24556 1.24556 1.24556 0 2.66667
100 1 1.22859 1.22859 1.22859 0 1.40909
15 1 1.22442 1.22442 1.22442 0 2.66667
19 1 1.22441 1.22441 1.22441 0 2.66667
18 1 1.22441 1.22441 1.22441 0 2.66667
24 1 1.22441 1.22441 1.22441 0 2.66667
23 1 1.22441 1.22441 1.22441 0 2.66667
22 1 1.22441 1.22441 1.22441 0 2.66667
21 1 1.22441 1.22441 1.22441 0 2.66667
17 1 1.22441 1.22441 1.22441 0 2.66667
16 1 1.22441 1.22441 1.22441 0 2.66667
202 1 0.705327 0.705327 0.705327 0 3.16667
204 1 0.0147873 0.0147873 0.0147873 0 3.35714
205 1 0.0141553 0.0141553 0.0141553 0 3.16667
200 1 5e-09 5e-09 1e-08 5e-09 1.3
201 1 1e-08 1e-08 1e-08 0 3.16667
203 1 1e-08 1e-08 1e-08 0 3.40909
207 1 1e-08 1e-08 1e-08 0 3.16667

180 4 148.241 139.475 141.666 106.254 3.3
129 12 61.8179 61.8179 108.879 103.728 1.3
166 12 68.1979 68.1979 108.611 102.928 1.3
206 9 30.2301 30.1211 83.6192 80.2681 3.16667
127 8 70.4501 70.4501 79.2563 70.4501 3.16667
119 8 22.7974 22.7974 77.8788 75.0291 3.16667
112 8 87.3352 8.88889e-09 75.6175 66.2617 3.35714
89 7 44.1434 39.6859 64.3954 58.6355 0.857143
5 4 45.6295 45.6295 45.6295 34.2221 2.66667
81 3 96.0406 1e-08 34.5365 27.2274 3.3
158 1 26.4792 26.4792 26.4792 0 3.3
196 1 23.6631 23.6631 23.6631 0 1.38889
11 1 3.12904 3.12904 3.12904 0 2.85714
12 1 2.36893 2.36893 2.36893 0 2.66667
13 1 1.62633 1.62633 1.62633 0 2.66667
183 1 1.36618 1.36618 1.36618 0 3.3
14 1 1.24556 1.24556 1.24556 0 2.66667
100 1 1.22859 1.22859 1.22859 0 1.40909
15 1 1.22442 1.22442 1.22442 0 2.66667
16 1 1.22441 1.22441 1.22441 0 2.66667
17 1 1.22441 1.22441 1.22441 0 2.66667
21 1 1.22441 1.22441 1.22441 0 2.66667
22 1 1.22441 1.22441 1.22441 0 2.66667
23 1 1.22441 1.22441 1.22441 0 2.66667
24 1 1.22441 1.22441 1.22441 0 2.66667
18 1 1.22441 1.22441 1.22441 0 2.66667
19 1 1.22441 1.22441 1.22441 0 2.66667
204 1 0.778957 0.778957 0.786351 0.00739365 3.3
202 1 0.705327 0.705327 0.705327 0 3.16667
205 1 0.0141553 0.0141553 0.0141553 0 3.16667
208 1 0.00868486 0.00868486 0.00868487 8.33333e-09 1.3
200 1 5e-09 5e-09 1e-08 5e-09 1.3
203 1 1e-08 1e-08 1e-08 0 3.40909
209 1 5e-09 5e-09 1e-08 5e-09 3.35714

89 7 113.512 102.049 103.687 88.8763 0.857143
129 10 42.6838 42.6838 99.9924 95.7241 1.3
211 1 96.0865 96.0865 96.0865 0 1.16667
180 10 52.9431 49.8123 96.0853 90.9341 3.3
127 9 39.6363 39.6282 87.998 83.5944 3.3
206 9 48.704 48.5285 86.7009 81.2977 2.85714
166 8 35.5198 35.5198 79.6708 75.2308 1.3
119 8 77.511 77.511 77.5162 67.8273 3.16667
112 6 31.027 30.7209 56.5443 51.4156 3.35714
5 4 45.6295 45.6295 45.6295 34.2221 2.66667
81 3 96.0406 1e-08 34.5088 27.2149 3.3
158 1 26.4792 26.4792 26.4792 0 3.3
196 1 23.6631 23.6631 23.6631 0 1.38889
11 1 3.12904 3.12904 3.12904 0 2.85714
12 1 2.36893 2.36893 2.36893 0 2.66667
13 1 1.62633 1.62633 1.62633 0 2.66667
183 1 1.36618 1.36618 1.36618 0 3.3
14 1 1.24556 1.24556 1.24556 0 2.66667
100 1 1.22859 1.22859 1.22859 0 1.40909
15 1 1.22442 1.22442 1.22442 0 2.66667
16 1 1.22441 1.22441 1.22441 0 2.66667
17 1 1.22441 1.22441 1.22441 0 2.66667
21 1 1.22441 1.22441 1.22441 0 2.66667
22 1 1.22441 1.22441 1.22441 0 2.66667
23 1 1.22441 1.22441 1.22441 0 2.66667
24 1 1.22441 1.22441 1.22441 0 2.66667
18 1 1.22441 1.22441 1.22441 0 2.66667
19 1 1.22441 1.22441 1.22441 0 2.66667
202 1 0.705327 0.705327 0.705327 0 3.16667
203 1 1e-08 1e-08 1e-08 0 3.40909
210 1 1e-08 1e-08 1e-08 0 3.3

129 12 64.0257 64.0257 131.808 126.472 1.3
180 12 98.8271 92.983 130.156 122.067 3.3
166 10 61.7735 61.7735 107.212 101.034 1.3
212 3 96.8688 96.8688 96.8688 64.5792 3.16667
211 8 21.5308 21.5308 85.8526 83.1612 3.16667
127 8 96.8887 0.0293771 84.7689 74.2807 3.16667
206 7 24.563 24.3464 76.3633 72.8805 3.35714
89 6 55.6539 38.2685 65.7834 58.624 0.857143
119 3 96.8887 1e-08 64.5925 45.6738 3.16667
5 4 45.6295 45.6295 45.6295 34.2221 2.66667
213 3 93.7317 0.0258082 42.8513 31.3419 3.35714
81 3 96.0406 1e-08 34.5365 27.2274 2.85714
158 1 26.4792 26.4792 26.4792 0 3.3
196 1 23.6631 23.6631 23.6631 0 1.38889
11 1 3.12904 3.12904 3.12904 0 2.85714
12 1 2.36893 2.36893 2.36893 0 2.66667
13 1 1.62633 1.62633 1.62633 0 2.66667
183 1 1.36618 1.36618 1.36618 0 3.3
14 1 1.24556 1.24556 1.24556 0 2.66667
100 1 1.22859 1.22859 1.22859 0 1.40909
15 1 1.22442 1.22442 1.22442 0 2.66667
16 1 1.22441 1.22441 1.22441 0 2.66667
17 1 1.22441 1.22441 1.22441 0 2.66667
21 1 1.22441 1.22441 1.22441 0 2.66667
22 1 1.22441 1.22441 1.22441 0 2.66667
23 1 1.22441 1.22441 1.22441 0 2.66667
24 1 1.22441 1.22441 1.22441 0 2.66667
18 1 1.22441 1.22441 1.22441 0 2.66667
19 1 1.22441 1.22441 1.22441 0 2.66667
202 1 0.705327 0.705327 0.705327 0 3.16667
215 1 0.0522537 0.0522537 0.0522537 0 3.3
203 1 1e-08 1e-08 1e-08 0 3.40909
210 1 1e-08 1e-08 1e-08 0 3.3
214 1 1e-08 1e-08 1e-08 0 3.16667

129 13 57.1209 57.1209 115.6 111.206 1.3
89 10 148.41 93.7473 109.568 98.623 0.857143
166 12 63.1462 63.1462 106.401 101.139 1.3
212 10 38.7555 38.7475 93.053 89.178 3.16667
180 10 46.3252 46.3252 92.5712 87.9387 3.3
211 9 36.3333 36.3333 84.8123 80.7753 3.16667
206 8 43.6676 43.2825 75.6493 70.2321 3.35714
127 2 96.8688 0.0293771 48.4491 34.2483 3.16667
5 4 45.6295 45.6295 45.6295 34.2221 2.66667
81 3 96.0406 1e-08 34.5088 27.2149 2.85714
158 1 26.4792 26.4792 26.4792 0 3.3
196 1 23.6631 23.6631 23.6631 0 1.38889
11 1 3.12904 3.12904 3.12904 0 2.85714
12 1 2.36893 2.36893 2.36893 0 2.66667
13 1 1.62633 1.62633 1.62633 0 2.66667
183 1 1.36618 1.36618 1.36618 0 3.3
14 1 1.24556 1.24556 1.24556 0 2.66667
100 1 1.22859 1.22859 1.22859 0 1.40909
15 1 1.22442 1.22442 1.22442 0 2.66667
16 1 1.22441 1.22441 1.22441 0 2.66667
17 1 1.22441 1.22441 1.22441 0 2.66667
21 1 1.22441 1.22441 1.22441 0 2.66667
22 1 1.22441 1.22441 1.22441 0 2.66667
23 1 1.22441 1.22441 1.22441 0 2.66667
24 1 1.22441 1.22441 1.22441 0 2.66667
18 1 1.22441 1.22441 1.22441 0 2.66667
19 1 1.22441 1.22441 1.22441 0 2.66667
202 1 0.352663 0.352663 0.352663 5e-09 3.16667
216 1 0.0771426 0.0771426 0.0771426 0 1.16667
210 1 1e-08 1e-08 1e-08 0 3.3

129 11 44.4142 44.4142 131.477 127.439 1.3
166 9 42.6237 42.6237 111.847 107.111 1.3
180 9 49.4135 49.4135 111.617 106.126 3.3
211 8 124.236 96.8887 100.307 87.776 3.16667
206 8 98.252 97.3856 97.5099 85.3212 3.35714
219 1 96.4017 96.4017 96.4017 0 1.3
218 1 96.0406 96.0406 96.0406 0 3.3
212 8 25.837 25.837 90.4205 87.1909 3.16667
89 7 34.6291 26.1302 83.2037 79.0101 0.857143
217 2 96.8688 0.0957551 48.4823 34.2483 3.16667
5 4 45.6295 45.6295 45.6295 34.2221 2.66667
81 3 96.0406 1e-08 34.5088 27.2149 3.3
158 1 26.4792 26.4792 26.4792 0 3.3
196 1 23.6631 23.6631 23.6631 0 1.38889
11 1 3.12904 3.12904 3.12904 0 2.85714
12 1 2.36893 2.36893 2.36893 0 2.66667
13 1 1.62633 1.62633 1.62633 0 2.66667
183 1 1.36618 1.36618 1.36618 0 3.3
14 1 1.24556 1.24556 1.24556 0 2.66667
100 1 1.22859 1.22859 1.22859 0 1.40909
15 1 1.22442 1.22442 1.22442 0 2.66667
16 1 1.22441 1.22441 1.22441 0 2.66667
17 1 1.22441 1.22441 1.22441 0 2.66667
21 1 1.22441 1.22441 1.22441 0 2.66667
22 1 1.22441 1.22441 1.22441 0 2.66667
23 1 1.22441 1.22441 1.22441 0 2.66667
24 1 1.22441 1.22441 1.22441 0 2.66667
18 1 1.22441 1.22441 1.22441 0 2.66667
19 1 1.22441 1.22441 1.22441 0 2.66667
202 1 0.705327 0.705327 0.705327 0 3.16667
216 1 0.0771426 0.0771426 0.0771426 0 1.16667
210 1 1e-08 1e-08 1e-08 0 3.3

89 7 148.41 111.986 125.852 107.893 0.857143
129 13 52.5295 52.4895 119.063 115.025 1.3
180 12 98.8271 98.8271 107.449 99.2138 3.3
166 11 60.1104 60.1104 99.4259 93.9613 1.3
211 10 46.607 35.8847 89.1334 85.2364 3.16667
206 8 41.3693 41.0139 73.0779 67.9456 3.35714
218 7 29.4818 29.2297 62.9501 58.7693 3.3
5 4 45.6295 45.6295 45.6295 34.2221 2.66667
81 3 96.0406 1e-08 34.5088 27.2149 3.3
219 3 48.2868 0.00109791 32.1027 22.7 1.35714
158 1 26.4792 26.4792 26.4792 0 3.3
196 1 23.6631 23.6631 23.6631 0 1.38889
11 1 3.12904 3.12904 3.12904 0 2.85714
12 1 2.36893 2.36893 2.36893 0 2.66667
13 1 1.62633 1.62633 1.62633 0 2.66667
183 1 1.36618 1.36618 1.36618 0 3.3
14 1 1.24556 1.24556 1.24556 0 2.66667
100 1 1.22859 1.22859 1.22859 0 1.40909
15 1 1.22442 1.22442 1.22442 0 2.66667
16 1 1.22441 1.22441 1.22441 0 2.66667
17 1 1.22441 1.22441 1.22441 0 2.66667
21 1 1.22441 1.22441 1.22441 0 2.66667
22 1 1.22441 1.22441 1.22441 0 2.66667
23 1 1.22441 1.22441 1.22441 0 2.66667
24 1 1.22441 1.22441 1.22441 0 2.66667
18 1 1.22441 1.22441 1.22441 0 2.66667
19 1 1.22441 1.22441 1.22441 0 2.66667
202 1 0.705327 0.705327 0.705327 0 3.16667
217 1 0.0957551 0.0957551 0.0957551 0 3.16667
216 1 0.0771426 0.0771426 0.0771426 0 1.16667
210 1 1e-08 1e-08 1e-08 0 3.3

180 12 148.241 148.241 148.241 135.887 3.3
166 11 142.079 142.079 142.079 129.163 1.3
129 11 29.9304 29.8786 108.715 105.998 1.3
211 9 124.236 96.8887 102.966 91.5339 3.16667
206 8 98.252 97.408 97.5135 85.3243 3.35714
218 7 96.8688 96.0406 96.1589 82.4219 3.16667
89 7 16.0955 15.9827 71.3248 69.0371 0.857143
219 3 96.5736 0.00219582 64.2055 45.4 1.35714
5 4 45.6295 45.6295 45.6295 34.2221 2.66667
81 3 96.0406 1e-08 34.5365 27.2274 3.3
158 1 26.4792 26.4792 26.4792 0 3.3
196 1 23.6631 23.6631 23.6631 0 1.38889
11 1 3.12904 3.12904 3.12904 0 2.85714
12 1 2.36893 2.36893 2.36893 0 2.66667
13 1 1.62633 1.62633 1.62633 0 2.66667
183 1 1.36618 1.36618 1.36618 0 3.3
14 1 1.24556 1.24556 1.24556 0 2.66667
100 1 1.22859 1.22859 1.22859 0 1.40909
15 1 1.22442 1.22442 1.22442 0 2.66667
16 1 1.22441 1.22441 1.22441 0 2.66667
17 1 1.22441 1.22441 1.22441 0 2.66667
21 1 1.22441 1.22441 1.22441 0 2.66667
22 1 1.22441 1.22441 1.22441 0 2.66667
23 1 1.22441 1.22441 1.22441 0 2.66667
24 1 1.22441 1.22441 1.22441 0 2.66667
18 1 1.22441 1.22441 1.22441 0 2.66667
19 1 1.22441 1.22441 1.22441 0 2.66667
202 1 0.705327 0.705327 0.705327 0 3.16667
217 1 0.0957551 0.0957551 0.0957551 0 3.16667
216 1 0.0771426 0.0771426 0.0771426 0 1.16667
210 1 1e-08 1e-08 1e-08 0 3.3
220 1 1e-08 1e-08 1e-08 0 1.3

89 7 149.458 148.41 148.696 127.454 0.857143
129 12 149.652 1e-08 136.984 125.616 0.8
180 10 25.1364 25.1255 107.381 104.868 3.3
211 9 124.236 96.8887 102.966 91.5339 3.16667
206 8 98.252 97.408 97.5135 85.3243 3.35714
166 8 18.3068 17.7599 84.8208 82.5923 3.3
218 8 96.8688 0.0957551 84.151 73.7392 3.3
219 3 96.5736 0.00219582 64.2055 45.4 1.35714
5 4 45.6295 45.6295 45.6295 34.2221 2.66667
81 3 96.0406 1e-08 34.5365 27.2274 2.85714
158 1 26.4792 26.4792 26.4792 0 3.3
196 1 23.6631 23.6631 23.6631 0 1.38889
11 1 3.12904 3.12904 3.12904 0 2.85714
12 1 2.36893 2.36893 2.36893 0 2.66667
13 1 1.62633 1.62633 1.62633 0 2.66667
183 1 1.36618 1.36618 1.36618 0 3.3
14 1 1.24556 1.24556 1.24556 0 2.66667
100 1 1.22859 1.22859 1.22859 0 1.40909
15 1 1.22442 1.22442 1.22442 0 2.66667
16 1 1.22441 1.22441 1.22441 0 2.66667
17 1 1.22441 1.22441 1.22441 0 2.66667
21 1 1.22441 1.22441 1.22441 0 2.66667
22 1 1.22441 1.22441 1.22441 0 2.66667
23 1 1.22441 1.22441 1.22441 0 2.66667
24 1 1.22441 1.22441 1.22441 0 2.66667
18 1 1.22441 1.22441 1.22441 0 2.66667
19 1 1.22441 1.22441 1.22441 0 2.66667
202 1 0.705327 0.705327 0.705327 0 3.16667
216 1 0.0771426 0.0771426 0.0771426 0 1.16667
210 1 1e-08 1e-08 1e-08 0 3.3

180 10 148.305 148.241 148.247 133.422 3.3
166 8 146.454 142.079 142.626 124.798 1.3
129 10 22.3361 22.2975 106.131 103.899 1.3
211 9 124.236 96.8887 102.966 91.5339 3.16667
206 8 98.252 97.408 97.5135 85.3243 3.35714
89 9 28.6196 28.419 96.6474 93.4776 0.857143
218 7 96.8688 96.0406 96.1589 82.4219 3.3
219 3 96.5736 0.00219582 64.2055 45.4 1.35714
5 4 45.6295 45.6295 45.6295 34.2221 2.66667
81 3 96.0406 1e-08 34.5088 27.2149 3.3
158 1 26.4792 26.4792 26.4792 0 3.3
196 1 23.6631 23.6631 23.6631 0 1.38889
11 1 3.12904 3.12904 3.12904 0 2.85714
12 1 2.36893 2.36893 2.36893 0 2.66667
13 1 1.62633 1.62633 1.62633 0 2.66667
183 1 1.36618 1.36618 1.36618 0 3.3
14 1 1.24556 1.24556 1.24556 0 2.66667
100 1 1.22859 1.22859 1.22859 0 1.40909
15 1 1.22442 1.22442 1.22442 0 2.66667
19 1 1.22441 1.22441 1.22441 0 2.66667
18 1 1.22441 1.22441 1.22441 0 2.66667
24 1 1.22441 1.22441 1.22441 0 2.66667
23 1 1.22441 1.22441 1.22441 0 2.66667
22 1 1.22441 1.22441 1.22441 0 2.66667
21 1 1.22441 1.22441 1.22441 0 2.66667
17 1 1.22441 1.22441 1.22441 0 2.66667
16 1 1.22441 1.22441 1.22441 0 2.66667
202 1 0.705327 0.705327 0.705327 0 3.16667
222 1 0.0957551 0.0957551 0.0957551 0 3.16667
216 1 0.0771426 0.0771426 0.0771426 0 1.16667
210 1 1e-08 1e-08 1e-08 0 3.3
221 1 2.5e-09 2.5e-09 1e-08 7.5e-09 1.3
223 1 1e-08 1e-08 1e-08 0 3.35714

129 10 149.652 149.393 149.528 134.575 1.3
89 9 149.458 148.41 148.982 132.428 0.857143
211 9 124.236 96.8887 102.966 91.5339 3.16667
180 9 21.5863 21.5188 99.9342 97.5415 3.3
206 8 98.252 97.408 97.5135 85.3243 3.35714
166 9 23.9725 22.8341 96.66 94.0741 1.3
218 7 96.8688 96.0406 96.1589 82.4219 3.3
219 3 96.5736 0.00219582 64.2055 45.4 1.35714
5 4 45.6295 45.6295 45.6295 34.2221 2.66667
81 3 96.0406 1e-08 34.5365 27.2274 3.3
158 1 26.4792 26.4792 26.4792 0 3.3
196 1 23.6631 23.6631 23.6631 0 1.38889
11 1 3.12904 3.12904 3.12904 0 2.85714
12 1 2.36893 2.36893 2.36893 0 2.66667
13 1 1.62633 1.62633 1.62633 0 2.66667
183 1 1.36618 1.36618 1.36618 0 3.3
14 1 1.24556 1.24556 1.24556 0 2.66667
100 1 1.22859 1.22859 1.22859 0 1.40909
15 1 1.22442 1.22442 1.22442 0 2.66667
16 1 1.22441 1.22441 1.22441 0 2.66667
17 1 1.22441 1.22441 1.22441 0 2.66667
21 1 1.22441 1.22441 1.22441 0 2.66667
22 1 1.22441 1.22441 1.22441 0 2.66667
23 1 1.22441 1.22441 1.22441 0 2.66667
24 1 1.22441 1.22441 1.22441 0 2.66667
18 1 1.22441 1.22441 1.22441 0 2.66667
19 1 1.22441 1.22441 1.22441 0 2.66667
202 1 0.705327 0.705327 0.705327 0 3.16667
222 1 0.0957551 0.0957551 0.0957551 0 3.16667
216 1 0.0771426 0.0771426 0.0771426 0 1.16667
210 1 1e-08 1e-08 1e-08 0 3.3
221 1 1e-08 1e-08 1e-08 0 1.3
223 1 1e-08 1e-08 1e-08 0 3.35714

180 9 148.706 148.241 148.351 131.867 3.3
166 9 149.162 142.079 144.811 128.721 1.3
129 10 23.3831 23.3605 104.781 102.443 1.3
211 9 124.236 96.8887 102.966 91.5339 3.16667
206 8 98.252 97.408 97.5135 85.3243 3.35714
218 7 96.8688 96.0406 96.1589 82.4219 3.3
89 8 21.7393 21.587 82.5797 79.8662 0.857143
219 3 96.5736 0.00219582 64.2055 45.4 1.35714
5 4 45.6295 45.6295 45.6295 34.2221 2.66667
81 3 96.0406 1e-08 34.5088 27.2149 2.85714
158 1 26.4792 26.4792 26.4792 0 3.3
196 1 23.6631 23.6631 23.6631 0 1.38889
11 1 3.12904 3.12904 3.12904 0 2.85714
12 1 2.36893 2.36893 2.36893 0 2.66667
13 1 1.62633 1.62633 1.62633 0 2.66667
183 1 1.36618 1.36618 1.36618 0 3.3
14 1 1.24556 1.24556 1.24556 0 2.66667
100 1 1.22859 1.22859 1.22859 0 1.40909
15 1 1.22442 1.22442 1.22442 0 2.66667
19 1 1.22441 1.22441 1.22441 0 2.66667
18 1 1.22441 1.22441 1.22441 0 2.66667
24 1 1.22441 1.22441 1.22441 0 2.66667
23 1 1.22441 1.22441 1.22441 0 2.66667
22 1 1.22441 1.22441 1.22441 0 2.66667
21 1 1.22441 1.22441 1.22441 0 2.66667
17 1 1.22441 1.22441 1.22441 0 2.66667
16 1 1.22441 1.22441 1.22441 0 2.66667
202 1 0.705327 0.705327 0.705327 0 3.16667
222 1 0.0957551 0.0957551 0.0957551 0 3.16667
216 1 0.0771426 0.0771426 0.0771426 0 1.16667
210 1 1e-08 1e-08 1e-08 0 3.3
221 1 1e-08 1e-08 1e-08 0 1.3
223 1 1e-08 1e-08 1e-08 0 3.35714

89 8 149.458 148.41 149.243 130.588 0.857143
129 13 149.652 0.00219582 129.923 119.972 0.8
180 11 27.3807 27.2625 106.975 104.494 3.35714
211 9 124.236 96.8887 102.966 91.5339 3.16667
166 10 26.6361 26.1526 100.069 97.4251 1.3
206 8 98.252 97.408 97.5135 85.3243 3.35714
218 7 96.8688 96.0406 96.1589 82.4219 3.3
5 4 45.6295 45.6295 45.6295 34.2221 2.66667
81 3 96.0406 1e-08 34.5088 27.2149 3.3
158 1 26.4792 26.4792 26.4792 0 3.3
196 1 23.6631 23.6631 23.6631 0 1.38889
11 1 3.12904 3.12904 3.12904 0 2.85714
12 1 2.36893 2.36893 2.36893 0 2.66667
13 1 1.62633 1.62633 1.62633 0 2.66667
183 1 1.36618 1.36618 1.36618 0 3.3
14 1 1.24556 1.24556 1.24556 0 2.66667
100 1 1.22859 1.22859 1.22859 0 1.40909
15 1 1.22442 1.22442 1.22442 0 2.66667
16 1 1.22441 1.22441 1.22441 0 2.66667
17 1 1.22441 1.22441 1.22441 0 2.66667
21 1 1.22441 1.22441 1.22441 0 2.66667
22 1 1.22441 1.22441 1.22441 0 2.66667
23 1 1.22441 1.22441 1.22441 0 2.66667
24 1 1.22441 1.22441 1.22441 0 2.66667
18 1 1.22441 1.22441 1.22441 0 2.66667
19 1 1.22441 1.22441 1.22441 0 2.66667
202 1 0.705327 0.705327 0.705327 0 3.16667
222 1 0.0957551 0.0957551 0.0957551 0 3.16667
216 1 0.0771426 0.0771426 0.0771426 0 1.16667
225 1 0.0287991 0.0287991 0.0287991 0 3.3
210 1 1e-08 1e-08 1e-08 0 3.3
221 1 1e-08 1e-08 1e-08 0 1.3
223 1 1e-08 1e-08 1e-08 0 3.35714
224 1 1e-08 1e-08 1e-08 0 3.35714

180 11 149.349 148.705 148.865 135.332 3.3
166 10 149.162 146.454 148.079 133.271 1.3
211 9 124.236 96.8887 102.966 91.5339 3.16667
129 10 29.9304 29.9304 99.2852 96.2922 0.8
206 8 98.252 97.408 97.5135 85.3243 3.35714
218 7 96.8688 96.0406 96.1589 82.4219 3.3
89 8 23.9133 23.9133 83.9903 81.0011 0.857143
5 4 45.6295 45.6295 45.6295 34.2221 2.66667
226 4 30.1753 21.4608 45.0449 39.1465 0.888889
81 3 96.0406 1e-08 34.5088 27.2149 3.3
158 1 26.4792 26.4792 26.4792 0 3.3
196 1 23.6631 23.6631 23.6631 0 1.38889
11 1 3.12904 3.12904 3.12904 0 2.85714
12 1 2.36893 2.36893 2.36893 0 2.66667
13 1 1.62633 1.62633 1.62633 0 2.66667
183 1 1.36618 1.36618 1.36618 0 3.3
14 1 1.24556 1.24556 1.24556 0 2.66667
100 1 1.22859 1.22859 1.22859 0 1.40909
15 1 1.22442 1.22442 1.22442 0 2.66667
19 1 1.22441 1.22441 1.22441 0 2.66667
18 1 1.22441 1.22441 1.22441 0 2.66667
24 1 1.22441 1.22441 1.22441 0 2.66667
23 1 1.22441 1.22441 1.22441 0 2.66667
22 1 1.22441 1.22441 1.22441 0 2.66667
21 1 1.22441 1.22441 1.22441 0 2.66667
17 1 1.22441 1.22441 1.22441 0 2.66667
16 1 1.22441 1.22441 1.22441 0 2.66667
202 1 0.705327 0.705327 0.705327 0 3.16667
222 1 0.0957551 0.0957551 0.0957551 0 3.16667
216 1 0.0771426 0.0771426 0.0771426 0 1.16667
225 1 0.0287991 0.0287991 0.0287991 0 3.3
227 1 0.0149058 0.0149058 0.0164431 0.00153728 3.3
228 1 0.00365192 0.00365192 0.00365192 0 1.35714
210 1 1e-08 1e-08 1e-08 0 3.3
221 1 1e-08 1e-08 1e-08 0 1.3
223 1 1e-08 1e-08 1e-08 0 3.35714
224 1 1e-08 1e-08 1e-08 0 3.35714

129 10 149.652 149.652 149.652 134.687 0.8
89 8 149.458 149.458 149.458 130.776 0.857143
229 4 135.789 96.5736 106.377 79.8959 1.35714
211 9 124.236 96.8887 102.966 91.5339 3.16667
180 9 21.0022 20.9825 100.008 97.6756 3.3
206 8 98.252 97.408 97.5135 85.3243 3.35714
218 7 96.8688 96.0406 96.1589 82.4219 3.3
166 8 22.1967 22.0981 92.5206 89.7558 3.3
5 4 45.6295 45.6295 45.6295 34.2221 2.66667
81 3 96.0406 1e-08 34.5365 27.2274 2.85714
158 1 26.4792 26.4792 26.4792 0 3.3
196 1 23.6631 23.6631 23.6631 0 1.38889
231 1 5.75302 5.75302 5.75302 0 1.35714
11 1 3.12904 3.12904 3.12904 0 2.85714
12 1 2.36893 2.36893 2.36893 0 2.66667
13 1 1.62633 1.62633 1.62633 0 2.66667
183 1 1.36618 1.36618 1.36618 0 3.3
14 1 1.24556 1.24556 1.24556 0 2.66667
100 1 1.22859 1.22859 1.22859 0 1.40909
15 1 1.22442 1.22442 1.22442 0 2.66667
16 1 1.22441 1.22441 1.22441 0 2.66667
17 1 1.22441 1.22441 1.22441 0 2.66667
21 1 1.22441 1.22441 1.22441 0 2.66667
22 1 1.22441 1.22441 1.22441 0 2.66667
23 1 1.22441 1.22441 1.22441 0 2.66667
24 1 1.22441 1.22441 1.22441 0 2.66667
19 1 1.22441 1.22441 1.22441 0 2.66667
18 1 1.22441 1.22441 1.22441 0 2.66667
202 1 0.705327 0.705327 0.705327 0 3.16667
222 1 0.0957551 0.0957551 0.0957551 0 3.16667
216 1 0.0771426 0.0771426 0.0771426 0 1.16667
227 1 0.0298117 0.0298117 0.0298117 0 3.3
225 1 0.0287991 0.0287991 0.0287991 0 3.3
228 1 0.00365192 0.00365192 0.00365192 0 1.35714
221 1 1e-08 1e-08 1e-08 0 1.3
223 1 1e-08 1e-08 1e-08 0 3.35714
224 1 1e-08 1e-08 1e-08 0 3.35714
210 1 1e-08 1e-08 1e-08 0 3.3
230 1 1e-08 1e-08 1e-08 0 3.3
232 1 1e-08 1e-08 1e-08 0 3.3

166 8 149.828 149.162 149.3 130.637 3.3
180 9 149.349 149.209 149.283 132.696 3.3
229 4 135.789 96.5736 106.377 79.8959 1.35714
129 9 26.4092 26.4092 103.09 100.155 1.3
211 9 124.236 96.8887 102.966 91.5339 3.16667
206 8 98.252 97.408 97.5135 85.3243 3.35714
218 7 96.8688 96.0406 96.1589 82.4219 3.3
89 7 15.625 15.615 78.8391 76.6082 0.857143
5 4 45.6295 45.6295 45.6295 34.2221 2.66667
81 3 96.0406 1e-08 34.5365 27.2274 3.3
158 1 26.4792 26.4792 26.4792 0 3.3
196 1 23.6631 23.6631 23.6631 0 1.38889
231 1 5.75302 5.75302 5.75302 0 1.35714
11 1 3.12904 3.12904 3.12904 0 2.85714
12 1 2.36893 2.36893 2.36893 0 2.66667
13 1 1.62633 1.62633 1.62633 0 2.66667
183 1 1.36618 1.36618 1.36618 0 3.3
14 1 1.24556 1.24556 1.24556 0 2.66667
100 1 1.22859 1.22859 1.22859 0 1.40909
15 1 1.22442 1.22442 1.22442 0 2.66667
18 1 1.22441 1.22441 1.22441 0 2.66667
19 1 1.22441 1.22441 1.22441 0 2.66667
24 1 1.22441 1.22441 1.22441 0 2.66667
23 1 1.22441 1.22441 1.22441 0 2.66667
22 1 1.22441 1.22441 1.22441 0 2.66667
21 1 1.22441 1.22441 1.22441 0 2.66667
17 1 1.22441 1.22441 1.22441 0 2.66667
16 1 1.22441 1.22441 1.22441 0 2.66667
202 1 0.705327 0.705327 0.705327 0 3.16667
222 1 0.0957551 0.0957551 0.0957551 0 3.16667
216 1 0.0771426 0.0771426 0.0771426 0 1.16667
227 1 0.0298117 0.0298117 0.0298117 0 3.3
225 1 0.0287991 0.0287991 0.0287991 0 3.3
228 1 0.00365192 0.00365192 0.00365192 0 1.35714
221 1 1e-08 1e-08 1e-08 0 1.3
223 1 1e-08 1e-08 1e-08 0 3.35714
224 1 1e-08 1e-08 1e-08 0 3.35714
210 1 1e-08 1e-08 1e-08 0 3.3
230 1 1e-08 1e-08 1e-08 0 3.3
232 1 1e-08 1e-08 1e-08 0 3.3

129 9 149.652 149.652 149.652 133.024 0.8
89 7 149.553 149.458 149.472 128.118 0.857143
229 4 135.789 96.5736 106.377 79.8959 1.35714
211 9 124.236 96.8887 102.966 91.5339 3.16667
206 8 98.252 97.408 97.5135 85.3243 3.35714
180 9 19.7843 19.7668 96.8942 94.6977 3.3
218 7 96.8688 96.0406 96.1589 82.4219 3.16667
166 8 24.4827 24.3728 90.0993 87.0455 0.8
5 4 45.6295 45.6295 45.6295 34.2221 2.66667
81 3 96.0406 1e-08 34.5088 27.2149 3.3
158 1 26.4792 26.4792 26.4792 0 3.3
196 1 23.6631 23.6631 23.6631 0 1.38889
231 1 5.75302 5.75302 5.75302 0 1.35714
11 1 3.12904 3.12904 3.12904 0 2.85714
12 1 2.36893 2.36893 2.36893 0 2.66667
13 1 1.62633 1.62633 1.62633 0 2.66667
183 1 1.36618 1.36618 1.36618 0 3.3
14 1 1.24556 1.24556 1.24556 0 2.66667
100 1 1.22859 1.22859 1.22859 0 1.40909
15 1 1.22442 1.22442 1.22442 0 2.66667
16 1 1.22441 1.22441 1.22441 0 2.66667
17 1 1.22441 1.22441 1.22441 0 2.66667
21 1 1.22441 1.22441 1.22441 0 2.66667
22 1 1.22441 1.22441 1.22441 0 2.66667
23 1 1.22441 1.22441 1.22441 0 2.66667
24 1 1.22441 1.22441 1.22441 0 2.66667
19 1 1.22441 1.22441 1.22441 0 2.66667
18 1 1.22441 1.22441 1.22441 0 2.66667
202 1 0.705327 0.705327 0.705327 0 3.16667
222 1 0.0957551 0.0957551 0.0957551 0 3.16667
216 1 0.0771426 0.0771426 0.0771426 0 1.16667
227 1 0.0298117 0.0298117 0.0298117 0 3.3
233 1 0.0293972 0.0293972 0.0293972 0 1.35714
225 1 0.0287991 0.0287991 0.0287991 0 3.3
228 1 0.00365192 0.00365192 0.00365192 0 1.35714
221 1 1e-08 1e-08 1e-08 0 1.3
223 1 1e-08 1e-08 1e-08 0 3.35714
210 1 1e-08 1e-08 1e-08 0 3.3
230 1 1e-08 1e-08 1e-08 0 3.3
232 1 1e-08 1e-08 1e-08 0 3.3

180 9 149.481 149.349 149.364 132.768 3.3
166 9 149.957 0.0293972 133.016 118.352 1.3
129 11 24.5899 24.5698 120.231 117.997 0.8
229 4 135.789 96.5736 106.377 79.8959 3.35714
211 9 124.236 96.8887 102.966 91.5339 3.16667
89 9 28.0781 28.0234 98.711 95.5955 0.857143
206 8 98.252 97.408 97.5135 85.3243 3.35714
218 8 96.8688 0.0957551 84.151 73.7392 3.3
5 4 45.6295 45.6295 45.6295 34.2221 2.66667
81 3 96.0406 1e-08 34.5365 27.2274 3.3
158 1 26.4792 26.4792 26.4792 0 3.3
196 1 23.6631 23.6631 23.6631 0 1.38889
231 1 5.75302 5.75302 5.75302 0 1.35714
11 1 3.12904 3.12904 3.12904 0 2.85714
12 1 2.36893 2.36893 2.36893 0 2.66667
13 1 1.62633 1.62633 1.62633 0 2.66667
183 1 1.36618 1.36618 1.36618 0 3.3
14 1 1.24556 1.24556 1.24556 0 2.66667
100 1 1.22859 1.22859 1.22859 0 1.40909
15 1 1.22442 1.22442 1.22442 0 2.66667
16 1 1.22441 1.22441 1.22441 0 2.66667
17 1 1.22441 1.22441 1.22441 0 2.66667
21 1 1.22441 1.22441 1.22441 0 2.66667
22 1 1.22441 1.22441 1.22441 0 2.66667
23 1 1.22441 1.22441 1.22441 0 2.66667
24 1 1.22441 1.22441 1.22441 0 2.66667
19 1 1.22441 1.22441 1.22441 0 2.66667
18 1 1.22441 1.22441 1.22441 0 2.66667
202 1 0.705327 0.705327 0.705327 0 3.16667
216 1 0.0771426 0.0771426 0.0771426 0 1.16667
227 1 0.0298117 0.0298117 0.0298117 0 3.3
225 1 0.0287991 0.0287991 0.0287991 0 3.3
228 1 0.00365192 0.00365192 0.00365192 0 1.35714
221 1 1e-08 1e-08 1e-08 0 1.3
223 1 1e-08 1e-08 1e-08 0 3.35714
210 1 1e-08 1e-08 1e-08 0 3.3
230 1 1e-08 1e-08 1e-08 0 3.3

89 9 149.75 149.458 149.543 132.927 0.857143
129 12 149.775 1e-08 137.193 125.808 0.857143
180 10 26.2248 26.2016 108.038 105.416 2.8
229 4 135.789 96.5736 106.377 79.8959 1.35714
211 9 124.236 96.8887 102.966 91.5339 3.16667
206 8 98.252 97.408 97.5135 85.3243 3.35714
218 7 96.8688 96.0406 96.1589 82.4219 3.3
166 8 19.6697 19.6495 88.2028 85.7453 1.3
5 4 45.6295 45.6295 45.6295 34.2221 2.66667
81 3 96.0406 1e-08 34.5088 27.2149 3.3
158 1 26.4792 26.4792 26.4792 0 3.3
196 1 23.6631 23.6631 23.6631 0 1.38889
11 1 3.12904 3.12904 3.12904 0 2.85714
12 1 2.36893 2.36893 2.36893 0 2.66667
13 1 1.62633 1.62633 1.62633 0 2.66667
183 1 1.36618 1.36618 1.36618 0 3.3
14 1 1.24556 1.24556 1.24556 0 2.66667
100 1 1.22859 1.22859 1.22859 0 1.40909
15 1 1.22442 1.22442 1.22442 0 2.66667
16 1 1.22441 1.22441 1.22441 0 2.66667
17 1 1.22441 1.22441 1.22441 0 2.66667
21 1 1.22441 1.22441 1.22441 0 2.66667
22 1 1.22441 1.22441 1.22441 0 2.66667
23 1 1.22441 1.22441 1.22441 0 2.66667
24 1 1.22441 1.22441 1.22441 0 2.66667
19 1 1.22441 1.22441 1.22441 0 2.66667
18 1 1.22441 1.22441 1.22441 0 2.66667
202 1 0.705327 0.705327 0.705327 0 3.16667
235 1 0.0957551 0.0957551 0.0957551 0 3.16667
216 1 0.0771426 0.0771426 0.0771426 0 1.16667
227 1 0.0298117 0.0298117 0.0298117 0 3.3
225 1 0.0287991 0.0287991 0.0287991 0 3.3
228 1 0.00365192 0.00365192 0.00365192 0 1.35714
223 1 1e-08 1e-08 1e-08 0 3.35714
210 1 1e-08 1e-08 1e-08 0 3.3
230 1 1e-08 1e-08 1e-08 0 3.3
236 1 1e-08 1e-08 1e-08 0 3.35714

166 8 149.981 149.828 149.909 131.17 1.3
180 10 149.481 149.349 149.428 134.486 3.3
129 10 28.2594 28.2363 115.68 112.856 0.8
229 4 135.789 96.5736 106.377 79.8959 1.35714
89 9 21.3928 21.3647 105.028 102.653 1.35714
211 9 124.236 96.8887 102.966 91.5339 3.16667
206 8 98.252 97.408 97.5135 85.3243 3.35714
218 7 96.8688 96.0406 96.1589 82.4219 3.3
5 4 45.6295 45.6295 45.6295 34.2221 2.66667
81 3 96.0406 1e-08 34.5365 27.2274 2.85714
158 1 26.4792 26.4792 26.4792 0 3.3
196 1 23.6631 23.6631 23.6631 0 1.38889
11 1 3.12904 3.12904 3.12904 0 2.85714
12 1 2.36893 2.36893 2.36893 0 2.66667
13 1 1.62633 1.62633 1.62633 0 2.66667
183 1 1.36618 1.36618 1.36618 0 3.3
14 1 1.24556 1.24556 1.24556 0 2.66667
100 1 1.22859 1.22859 1.22859 0 1.40909
15 1 1.22442 1.22442 1.22442 0 2.66667
18 1 1.22441 1.22441 1.22441 0 2.66667
19 1 1.22441 1.22441 1.22441 0 2.66667
24 1 1.22441 1.22441 1.22441 0 2.66667
23 1 1.22441 1.22441 1.22441 0 2.66667
22 1 1.22441 1.22441 1.22441 0 2.66667
21 1 1.22441 1.22441 1.22441 0 2.66667
17 1 1.22441 1.22441 1.22441 0 2.66667
16 1 1.22441 1.22441 1.22441 0 2.66667
202 1 0.705327 0.705327 0.705327 0 3.16667
235 1 0.0957551 0.0957551 0.0957551 0 3.16667
216 1 0.0771426 0.0771426 0.0771426 0 1.16667
227 1 0.0298117 0.0298117 0.0298117 0 3.3
225 1 0.0287991 0.0287991 0.0287991 0 3.3
228 1 0.00365192 0.00365192 0.00365192 0 1.35714
223 1 1e-08 1e-08 1e-08 0 3.35714
210 1 1e-08 1e-08 1e-08 0 3.3
230 1 1e-08 1e-08 1e-08 0 3.3
236 1 1e-08 1e-08 1e-08 0 3.35714
237 1 3.33333e-09 3.33333e-09 1e-08 6.66667e-09 1.3
238 1 1e-08 1e-08 1e-08 0 1.3

89 9 149.75 149.553 149.597 132.975 0.857143
129 8 149.775 1e-08 130.979 114.773 1.3
180 10 28.2363 28.204 113.862 111.04 3.3
229 4 135.789 96.5736 106.377 79.8959 1.35714
211 9 124.236 96.8887 102.966 91.5339 3.16667
206 8 98.252 97.408 97.5135 85.3243 3.35714
218 7 96.8688 96.0406 96.1589 82.4219 3.3
166 8 17.3892 17.3863 91.4752 89.3018 1.3
5 4 45.6295 45.6295 45.6295 34.2221 2.66667
81 3 96.0406 1e-08 34.5365 27.2274 3.3
158 1 26.4792 26.4792 26.4792 0 3.3
196 1 23.6631 23.6631 23.6631 0 1.38889
11 1 3.12904 3.12904 3.12904 0 2.85714
12 1 2.36893 2.36893 2.36893 0 2.66667
13 1 1.62633 1.62633 1.62633 0 2.66667
183 1 1.36618 1.36618 1.36618 0 3.3
14 1 1.24556 1.24556 1.24556 0 2.66667
100 1 1.22859 1.22859 1.22859 0 1.40909
15 1 1.22442 1.22442 1.22442 0 2.66667
18 1 1.22441 1.22441 1.22441 0 2.66667
19 1 1.22441 1.22441 1.22441 0 2.66667
24 1 1.22441 1.22441 1.22441 0 2.66667
23 1 1.22441 1.22441 1.22441 0 2.66667
22 1 1.22441 1.22441 1.22441 0 2.66667
21 1 1.22441 1.22441 1.22441 0 2.66667
17 1 1.22441 1.22441 1.22441 0 2.66667
16 1 1.22441 1.22441 1.22441 0 2.66667
202 1 0.705327 0.705327 0.705327 0 3.16667
235 1 0.0957551 0.0957551 0.0957551 0 3.16667
216 1 0.0771426 0.0771426 0.0771426 0 1.16667
227 1 0.0298117 0.0298117 0.0298117 0 3.3
225 1 0.0287991 0.0287991 0.0287991 0 3.3
228 1 0.00365192 0.00365192 0.00365192 0 1.35714
223 1 1e-08 1e-08 1e-08 0 3.35714
210 1 1e-08 1e-08 1e-08 0 3.3
230 1 1e-08 1e-08 1e-08 0 3.3
236 1 1e-08 1e-08 1e-08 0 3.35714

166 7 149.981 149.957 149.971 128.546 1.3
180 7 149.481 149.481 149.481 128.127 3.3
229 5 149.957 96.5736 115.093 92.1906 3.35714
240 9 31.3642 31.3271 114.489 111.006 0.857143
211 8 110.432 86.1233 102.966 91.4502 3.16667
206 8 98.252 97.408 97.5135 85.3243 3.35714
218 7 96.8688 96.0406 96.1589 82.4219 3.8
89 8 20.305 20.2784 92.1079 89.5711 0.857143
196 2 95.2457 23.6631 59.4544 34.6982 1.38889
5 3 34.2221 34.2221 45.6295 34.2221 2.66667
129 3 34.5401 34.5351 41.9453 30.4331 3.3
81 3 96.0406 1e-08 34.5088 27.2149 2.85714
158 1 26.4792 26.4792 26.4792 0 3.3
11 1 3.12904 3.12904 3.12904 0 2.85714
12 1 2.36893 2.36893 2.36893 0 2.66667
13 1 1.62633 1.62633 1.62633 0 2.66667
183 1 1.36618 1.36618 1.36618 0 3.3
241 1 1.36153 1.36153 1.36153 0 3.3
14 1 1.24556 1.24556 1.24556 0 2.66667
100 1 1.22859 1.22859 1.22859 0 1.40909
15 1 1.22442 1.22442 1.22442 0 2.66667
16 1 1.22441 1.22441 1.22441 0 2.66667
17 1 1.22441 1.22441 1.22441 0 2.66667
21 1 1.22441 1.22441 1.22441 0 2.66667
22 1 1.22441 1.22441 1.22441 0 2.66667
23 1 1.22441 1.22441 1.22441 0 2.66667
24 1 1.22441 1.22441 1.22441 0 2.66667
19 1 1.22441 1.22441 1.22441 0 2.66667
18 1 1.22441 1.22441 1.22441 0 2.66667
202 1 0.705327 0.705327 0.705327 0 3.16667
235 1 0.0957551 0.0957551 0.0957551 0 3.16667
216 1 0.0771426 0.0771426 0.0771426 0 1.16667
227 1 0.0298117 0.0298117 0.0298117 0 3.3
225 1 0.0287991 0.0287991 0.0287991 0 3.3
242 1 0.00728978 0.00728978 0.00728978 5e-09 1.3
228 1 0.00182596 0.00182596 0.00182596 5e-09 0.8
223 1 1e-08 1e-08 1e-08 0 3.35714
210 1 1e-08 1e-08 1e-08 0 3.3
230 1 1e-08 1e-08 1e-08 0 3.3
236 1 1e-08 1e-08 1e-08 0 3.35714

240 12 149.851 149.652 149.736 137.258 0.857143
89 8 149.75 149.553 149.676 130.967 0.857143
229 4 135.789 96.5736 106.377 79.8959 1.35714
180 9 24.4606 24.4606 104.371 101.654 3.3
211 8 124.236 96.8887 103.725 90.7718 3.16667
206 8 98.252 97.408 97.5135 85.3243 3.35714
218 7 96.8688 96.0406 96.1589 82.4219 3.3
166 8 19.9975 19.9975 95.445 92.9453 1.3
196 2 95.2457 23.6631 59.4544 34.6982 1.38889
5 3 45.6295 45.6295 45.6295 30.4197 2.66667
81 3 96.0406 1e-08 34.5088 27.2149 3.3
158 1 26.4792 26.4792 26.4792 0 3.3
11 1 3.12904 3.12904 3.12904 0 2.85714
12 1 2.36893 2.36893 2.36893 0 2.66667
13 1 1.62633 1.62633 1.62633 0 2.66667
183 1 1.36618 1.36618 1.36618 0 3.3
241 1 1.36153 1.36153 1.36153 0 3.3
14 1 1.24556 1.24556 1.24556 0 2.66667
100 1 1.22859 1.22859 1.22859 0 1.40909
15 1 1.22442 1.22442 1.22442 0 2.66667
16 1 1.22441 1.22441 1.22441 0 2.66667
17 1 1.22441 1.22441 1.22441 0 2.66667
21 1 1.22441 1.22441 1.22441 0 2.66667
22 1 1.22441 1.22441 1.22441 0 2.66667
23 1 1.22441 1.22441 1.22441 0 2.66667
24 1 1.22441 1.22441 1.22441 0 2.66667
19 1 1.22441 1.22441 1.22441 0 2.66667
18 1 1.22441 1.22441 1.22441 0 2.66667
202 1 0.705327 0.705327 0.705327 0 3.16667
235 1 0.0957551 0.0957551 0.0957551 0 3.16667
216 1 0.0771426 0.0771426 0.0771426 0 1.16667
227 1 0.0298117 0.0298117 0.0298117 0 3.3
225 1 0.0287991 0.0287991 0.0287991 0 3.3
243 1 0.0145796 0.0145796 0.0145796 0 0.888889
228 1 0.00365192 0.00365192 0.00365192 0 1.35714
223 1 1e-08 1e-08 1e-08 0 3.35714
210 1 1e-08 1e-08 1e-08 0 3.3
230 1 1e-08 1e-08 1e-08 0 3.3
236 1 1e-08 1e-08 1e-08 0 3.35714

180 9 149.481 149.481 149.481 132.872 3.3
166 9 149.981 0.0287991 133.32 118.622 1.3
240 10 22.7048 22.6931 109.754 107.484 3.35714
229 4 135.789 96.5736 106.377 79.8959 1.35714
211 8 124.236 96.8887 103.725 90.7718 3.16667
89 9 24.9675 24.9583 101.709 98.9356 1.35714
206 8 98.252 97.408 97.5135 85.3243 3.35714
218 7 96.8688 96.0406 96.1589 82.4219 3.16667
5 3 45.6295 45.6295 45.6295 30.4197 2.66667
81 3 96.0406 1e-08 34.5088 27.2149 3.3
158 1 26.4792 26.4792 26.4792 0 3.3
196 1 23.6631 23.6631 23.6631 0 1.38889
11 1 3.12904 3.12904 3.12904 0 2.85714
12 1 2.36893 2.36893 2.36893 0 2.66667
13 1 1.62633 1.62633 1.62633 0 2.66667
183 1 1.36618 1.36618 1.36618 0 3.3
241 1 1.36153 1.36153 1.36153 0 3.3
14 1 1.24556 1.24556 1.24556 0 2.66667
100 1 1.22859 1.22859 1.22859 0 1.40909
15 1 1.22442 1.22442 1.22442 0 2.66667
18 1 1.22441 1.22441 1.22441 0 2.66667
19 1 1.22441 1.22441 1.22441 0 2.66667
24 1 1.22441 1.22441 1.22441 0 2.66667
23 1 1.22441 1.22441 1.22441 0 2.66667
22 1 1.22441 1.22441 1.22441 0 2.66667
21 1 1.22441 1.22441 1.22441 0 2.66667
17 1 1.22441 1.22441 1.22441 0 2.66667
16 1 1.22441 1.22441 1.22441 0 2.66667
202 1 0.705327 0.705327 0.705327 0 3.16667
235 1 0.0957551 0.0957551 0.0957551 0 3.16667
216 1 0.0771426 0.0771426 0.0771426 0 1.16667
227 1 0.0298117 0.0298117 0.0298117 0 3.3
243 1 0.00485985 0.00485985 0.00485986 6.66667e-09 3.3
228 1 0.00365192 0.00365192 0.00365192 0 1.35714
223 1 1e-08 1e-08 1e-08 0 3.35714
210 1 1e-08 1e-08 1e-08 0 3.3
236 1 1e-08 1e-08 1e-08 0 3.35714

