5 1 0.0522558 0.0522558 0.0522558 0 2
1 1 1e-08 1e-08 1e-08 0 0
2 1 1e-08 1e-08 1e-08 0 2
3 1 1e-08 1e-08 1e-08 0 2
4 1 1e-08 1e-08 1e-08 0 2

5 97 0.0485363 0.000507461 0.00241521 0.00608822 2
1 1 1e-08 1e-08 1e-08 0 0
2 1 3.33333e-09 3.33333e-09 1e-08 6.66667e-09 2
3 1 5e-09 5e-09 1e-08 5e-09 2
4 1 5e-09 5e-09 1e-08 5e-09 2

2 3 0.407891 3.33333e-09 0.135964 0.192282 2
5 36 0.0245209 0.000272166 0.0064796 0.00556405 2
1 1 1e-08 1e-08 1e-08 0 0
3 1 2.5e-09 2.5e-09 1e-08 7.5e-09 2
4 1 1e-08 1e-08 1e-08 0 2

6 1 1.22364 1.22364 1.22364 0 3.16667
5 31 0.0672574 0.0174789 0.0244204 0.0147837 2.66667
2 18 0.0987599 0.0185405 0.0246226 0.0184469 2
1 1 3.33333e-09 3.33333e-09 1e-08 6.66667e-09 0
3 1 1e-08 1e-08 1e-08 0 2
4 1 1e-08 1e-08 1e-08 0 2

5 9 0.204697 0.0580434 0.184566 0.103957 2.66667
2 8 0.186233 0.0349621 0.192391 0.124516 2.66667
7 3 0.407891 0.407891 0.407891 0 2.66667
8 1 1.22367 1.22367 1.22367 0 2.66667
9 1 1.22367 1.22367 1.22367 0 2.66667
10 1 1.22366 1.22366 1.22366 0 2.66667
15 3 0.407881 0.407881 0.407881 0 2.66667
14 1 1.22364 1.22364 1.22364 0 2.66667
12 7 0.122364 0.122364 0.174806 0.0524418 2.66667
13 7 0.174806 0.174806 0.174806 2.77556e-17 2.66667
16 1 1.22353 1.22353 1.22353 0 2.66667
17 2 0.611762 0.611762 0.611762 0 3.16667
6 5 0.0244079 0.022248 0.200192 0.177514 3.66667
11 2 0.611829 5e-09 0.305914 0.305914 2.66667
1 2 0.407842 3.33333e-09 0.203921 0.203921 0
4 1 1e-08 1e-08 1e-08 0 2
3 1 1e-08 1e-08 1e-08 0 2
18 1 1e-08 1e-08 1e-08 0 2.66667
19 1 1e-08 1e-08 1e-08 0 3.16667
20 1 1e-08 1e-08 1e-08 0 3.3

2 20 0.933263 0.0437026 0.181297 0.199364 2.66667
5 10 0.261557 0.0741666 0.193587 0.0968959 2.66667
15 7 0.232071 0.13596 0.188536 0.0513817 2.66667
6 5 0.268487 0.244728 0.24948 0.00950338 3.16667
10 6 0.111242 0.111242 0.203943 0.0927013 2.66667
16 2 0.611767 0.611767 0.611767 0 2.66667
13 6 0.081578 0.0815761 0.190345 0.108768 2.66667
7 6 0.111243 0.111243 0.185405 0.074162 2.66667
14 6 0.122403 0.122364 0.184424 0.0620533 0.666667
17 5 0.174789 0.174789 0.209747 0.0349578 0.666667
12 5 0.0719789 0.0719789 0.18776 0.115781 2.66667
9 4 0.111243 0.111243 0.222485 0.111243 2.66667
11 2 0.611829 5e-09 0.305914 0.305914 2.66667
4 2 0.611821 5e-09 0.305911 0.305911 2.8
8 1 0.0261365 0.0261365 0.0409638 0.0148273 2.8
1 1 1e-08 1e-08 1e-08 0 0
3 1 1e-08 1e-08 1e-08 0 2
18 1 1e-08 1e-08 1e-08 0 2.66667
19 1 1e-08 1e-08 1e-08 0 3.16667
20 1 1e-08 1e-08 1e-08 0 3.3
21 1 1e-08 1e-08 1e-08 0 2.66667
22 1 1e-08 1e-08 1e-08 0 2.8
23 1 1e-08 1e-08 1e-08 0 2.8

2 16 0.607706 0.151585 0.259478 0.135986 2.66667
28 1 3.08319 3.08319 3.08319 0 2.8
5 10 0.214001 0.105984 0.262949 0.0679715 2.66667
27 1 1.22367 1.22367 1.22367 0 2.8
9 4 0.305917 0.305917 0.305917 0 2.66667
13 4 0.152959 0.152955 0.305911 0.152955 2.66667
12 4 0.244728 0.244728 0.305911 0.0611821 2.66667
4 1 1.22364 1.22364 1.22364 0 2.8
17 4 0.244705 0.244705 0.305881 0.0611762 2.66667
14 4 0.072002 0.0719789 0.287926 0.215935 2.66667
6 4 0.11187 0.10197 0.282893 0.178499 3.16667
7 4 0.111243 0.111243 0.263885 0.152642 2.66667
15 4 0.094938 0.0556201 0.257294 0.183073 2.66667
10 3 0.0874041 0.0874041 0.320482 0.233078 2.66667
16 2 0.152942 0.152942 0.30915 0.156209 2.66667
11 2 0.611829 5e-09 0.305914 0.305914 2.66667
25 2 0.611821 5e-09 0.305911 0.305911 2.66667
26 1 0.0522741 0.0522741 0.0522741 0 3.3
30 1 0.0522735 0.0522735 0.0522735 0 2.8
8 1 0.052273 0.052273 0.052273 0 2.8
29 1 1e-08 1e-08 1e-08 0 2.66667
31 1 1e-08 1e-08 1e-08 0 2.66667
32 1 1e-08 1e-08 1e-08 0 2.8
24 1 5e-09 5e-09 1e-08 5e-09 2
23 1 1e-08 1e-08 1e-08 0 2.8
22 1 1e-08 1e-08 1e-08 0 2.8
21 1 1e-08 1e-08 1e-08 0 2.66667
20 1 1e-08 1e-08 1e-08 0 3.3
19 1 5e-09 5e-09 1e-08 5e-09 3.16667
18 1 1e-08 1e-08 1e-08 0 2.66667
3 1 5e-09 5e-09 1e-08 5e-09 2.66667

2 23 0.74661 0.186233 0.304223 0.172421 2.8
5 13 0.235401 0.235401 0.317167 0.0817658 2.66667
27 8 0.501397 0.0941287 0.33341 0.206729 2.8
15 4 0.522159 0.305911 0.414035 0.108124 2.66667
33 5 0.78467 1.66667e-09 0.317818 0.3812 2.66667
28 5 0.216959 0.162273 0.313568 0.140259 2.8
12 4 0.230358 0.122364 0.332909 0.18941 2.66667
7 4 0.305918 0.305918 0.305918 0 2.66667
10 3 0.407886 0.407886 0.407886 0 2.66667
16 2 0.611767 0.611767 0.611767 0 2.66667
17 4 0.203921 0.203921 0.305881 0.10196 0.666667
9 3 0.135963 0.135963 0.362568 0.226605 2.66667
6 3 0.268487 0.244728 0.337709 0.0857952 3.16667
13 3 0.122367 0.122364 0.326305 0.20394 2.66667
14 3 0.153004 0.152955 0.308121 0.155133 0.666667
4 2 0.0941263 0.0941263 0.383251 0.289124 2.8
11 2 0.611829 5e-09 0.305914 0.305914 2.66667
8 1 0.052273 0.052273 0.052273 0 2.8
35 1 0.0361377 0.0361377 0.0361377 0 2.8
29 1 1e-08 1e-08 1e-08 0 2.66667
31 1 1e-08 1e-08 1e-08 0 2.66667
32 1 1e-08 1e-08 1e-08 0 2.8
24 1 1e-08 1e-08 1e-08 0 2
23 1 1e-08 1e-08 1e-08 0 2.8
22 1 5e-09 5e-09 1e-08 5e-09 2.8
21 1 1e-08 1e-08 1e-08 0 2.66667
20 1 1e-08 1e-08 1e-08 0 3.3

2 15 0.653284 0.162954 0.451549 0.268198 2.66667
37 1 6.51816 6.51816 6.51816 0 0.666667
27 8 0.814769 0.152224 0.731951 0.219116 2.66667
36 9 0.72424 1.11111e-09 0.643768 0.227607 2.8
5 7 0.100171 0.100171 0.486908 0.386737 2.66667
28 6 0.515278 0.385399 0.520813 0.106685 0.8
15 3 0.122861 0.122861 0.448837 0.325976 2.66667
6 2 0.447478 0.407881 0.63162 0.204899 3.16667
14 2 0.408011 0.408011 0.611952 0.20394 0.666667
9 2 0.407889 0.407889 0.611834 0.203945 2.66667
13 2 0.40789 0.407881 0.611826 0.20394 2.66667
4 2 0.611821 0.611821 0.611821 0 2.8
16 2 0.305883 0.305883 0.611767 0.305883 2.66667
17 2 0.305881 0.305881 0.611762 0.305881 3.16667
10 2 0.122366 0.122366 0.508776 0.38641 2.66667
12 2 0.177198 0.177198 0.461588 0.28439 2.66667
7 1 0.122367 0.122367 0.734204 0.611837 2.66667
11 1 0.611829 0.611829 0.611829 5e-09 2.66667
8 1 0.052273 0.052273 0.052273 0 2.8
35 1 0.0361377 0.0361377 0.0361377 0 2.8
29 1 1e-08 1e-08 1e-08 0 2.66667
31 1 1e-08 1e-08 1e-08 0 2.66667
32 1 1e-08 1e-08 1e-08 0 2.8
24 1 1e-08 1e-08 1e-08 0 2
23 1 1e-08 1e-08 1e-08 0 2.8
22 1 1e-08 1e-08 1e-08 0 2.8
21 1 1e-08 1e-08 1e-08 0 2.66667
20 1 1e-08 1e-08 1e-08 0 3.3
33 1 1e-08 1e-08 1e-08 0 2.8
38 1 1e-08 1e-08 1e-08 0 3.3
39 1 1e-08 1e-08 1e-08 0 2.66667
40 1 1e-08 1e-08 1e-08 0 2.66667

2 14 0.477542 0.0857652 0.561881 0.362817 2.66667
42 1 6.51816 6.51816 6.51816 0 2.8
5 8 0.247791 0.247791 0.557529 0.309738 2.66667
27 8 0.465583 0.465583 0.556722 0.0911398 2.66667
37 7 0.501397 0.501397 0.574393 0.0729968 2.66667
43 2 3.25908 0.0180691 1.63857 1.6205 2.8
28 5 0.294445 0.231912 0.558877 0.278066 2.8
12 2 1.15179 1.15179 1.15179 0 2.66667
15 3 0.522159 0.522159 0.696212 0.174053 2.66667
41 3 1.56934 0.0156654 0.585322 0.698688 2.8
6 2 0.447478 0.407881 0.63162 0.204899 3.16667
14 2 0.612017 0.612017 0.612017 0 0.666667
7 1 1.22367 1.22367 1.22367 0 2.66667
9 2 0.611834 0.611834 0.611834 0 2.66667
10 2 0.611829 0.611829 0.611829 0 2.66667
11 1 1.22366 1.22366 1.22366 0 2.66667
13 2 0.611835 0.611821 0.611828 6.89631e-06 2.66667
4 2 0.611821 0.611821 0.611821 0 2.8
16 2 0.611767 0.611767 0.611767 0 2.66667
17 2 0.611762 0.611762 0.611762 0 2.66667
24 1 0.62933 0.62933 0.62933 5e-09 2.66667
8 1 0.052273 0.052273 0.052273 0 2.8
36 1 3.33333e-09 3.33333e-09 1e-08 6.66667e-09 2.8
39 1 5e-09 5e-09 1e-08 5e-09 2.8
38 1 1e-08 1e-08 1e-08 0 3.3
20 1 1e-08 1e-08 1e-08 0 3.3
21 1 1e-08 1e-08 1e-08 0 2.66667
22 1 1e-08 1e-08 1e-08 0 2.8
23 1 1e-08 1e-08 1e-08 0 2.8
32 1 1e-08 1e-08 1e-08 0 2.8
31 1 1e-08 1e-08 1e-08 0 2.66667
29 1 1e-08 1e-08 1e-08 0 2.66667

2 20 1.06745 0.19171 0.641804 0.321019 2.8
42 10 2.84241 0.00155546 0.656863 0.741537 2.8
44 2 3.25908 3.25908 3.25908 0 0.8
27 10 0.232791 0.232791 0.628536 0.395745 2.66667
36 6 1.59022 1.66667e-09 0.808216 0.598616 0.8
28 6 0.515278 0.515278 0.62443 0.109152 2.8
5 5 0.162346 0.162346 0.703274 0.540929 2.66667
15 3 0.189876 0.189876 0.65511 0.465234 2.66667
12 2 0.287947 0.287947 0.726402 0.438455 2.66667
43 2 1.30363 0.00722763 0.65761 0.648205 2.85714
6 2 0.223739 0.223739 0.63162 0.407881 3.16667
14 1 0.306009 0.306009 1.22403 0.918026 0.666667
7 1 1.22367 1.22367 1.22367 0 2.66667
9 1 0.611834 0.611834 1.22367 0.611834 2.66667
10 1 0.611829 0.611829 1.22366 0.611829 2.66667
11 1 1.22366 1.22366 1.22366 0 2.66667
13 1 0.611835 0.611835 1.22366 0.611821 2.66667
4 1 0.611821 0.611821 1.22364 0.611821 2.8
16 1 0.611767 0.611767 1.22353 0.611767 2.66667
17 1 0.611762 0.611762 1.22352 0.611762 3.16667
8 1 0.052273 0.052273 0.052273 0 2.8
41 1 0.0499567 0.0499567 0.0499567 0 2.85714
39 1 1e-08 1e-08 1e-08 0 2.66667
38 1 1e-08 1e-08 1e-08 0 3.3
20 1 1e-08 1e-08 1e-08 0 3.3
21 1 1e-08 1e-08 1e-08 0 2.66667
22 1 1e-08 1e-08 1e-08 0 2.8
23 1 1e-08 1e-08 1e-08 0 2.8
32 1 1e-08 1e-08 1e-08 0 2.8
31 1 1e-08 1e-08 1e-08 0 2.66667
29 1 1e-08 1e-08 1e-08 0 2.66667
45 1 1e-08 1e-08 1e-08 0 2.85714
46 1 1e-08 1e-08 1e-08 0 2.8
47 1 1e-08 1e-08 1e-08 0 0.666667

2 23 0.844028 0.221847 0.662651 0.125672 2.8
42 11 1.59175 0.260726 0.651113 0.534383 0.666667
44 9 0.714871 0.283398 0.700028 0.379561 0.8
27 9 0.29628 0.29628 0.69132 0.39504 2.66667
43 3 2.17272 0.0120461 1.45249 1.01855 2.8
5 6 0.336287 0.336287 0.701729 0.365442 2.66667
28 4 0.343519 0.343519 0.748532 0.405013 2.8
12 2 1.15179 1.15179 1.15179 0 2.66667
15 2 0.298377 0.298377 0.745941 0.447565 2.66667
6 2 0.671217 0.671217 0.671217 0 3.16667
14 1 1.22403 1.22403 1.22403 0 0.666667
7 1 1.22367 1.22367 1.22367 0 2.66667
13 1 1.22367 1.22367 1.22367 0 2.66667
9 1 1.22367 1.22367 1.22367 0 2.66667
10 1 1.22366 1.22366 1.22366 0 2.66667
11 1 1.22366 1.22366 1.22366 0 2.66667
4 1 1.22364 1.22364 1.22364 0 2.8
16 1 1.22353 1.22353 1.22353 0 2.66667
17 1 1.22352 1.22352 1.22352 0 2.66667
36 1 0.931165 0.931165 0.931165 8.57143e-09 0.666667
8 1 0.052273 0.052273 0.052273 0 2.8
41 1 0.0499567 0.0499567 0.0499567 0 2.85714
52 1 0.0361382 0.0361382 0.0361382 0 2.85714
38 1 1e-08 1e-08 1e-08 0 3.3
20 1 1e-08 1e-08 1e-08 0 3.3
21 1 1e-08 1e-08 1e-08 0 2.66667
22 1 1e-08 1e-08 1e-08 0 2.8
23 1 1e-08 1e-08 1e-08 0 2.8
32 1 1e-08 1e-08 1e-08 0 2.8
31 1 1e-08 1e-08 1e-08 0 2.66667
29 1 1e-08 1e-08 1e-08 0 2.66667
45 1 1e-08 1e-08 1e-08 0 2.85714
46 1 1e-08 1e-08 1e-08 0 2.8
47 1 1e-08 1e-08 1e-08 0 0.666667
48 1 5e-09 5e-09 1e-08 5e-09 2.85714
49 1 5e-09 5e-09 1e-08 5e-09 0.666667
50 1 1e-08 1e-08 1e-08 0 2.66667
51 1 1e-08 1e-08 1e-08 0 3.16667
39 1 5e-09 5e-09 1e-08 5e-09 2.66667

2 25 0.672096 0.483914 0.801041 0.300826 3.3
42 10 0.829038 0.135797 0.790095 0.530599 2.8
54 1 6.51816 6.51816 6.51816 0 2.85714
53 8 0.343075 0.343061 0.802911 0.459845 2.8
27 4 1.62954 0.00903476 1.22441 0.701699 2.8
43 6 0.814769 0.814769 0.815522 0.000752879 2.85714
5 5 0.362155 0.362155 0.796742 0.434587 2.66667
28 4 0.412222 0.412222 0.929067 0.516845 2.8
52 2 3.25908 0.0180691 1.63857 1.6205 2.85714
15 2 1.04432 1.04432 1.04432 0 2.66667
12 2 0.767859 0.767859 1.03355 0.265694 2.66667
6 1 0.671217 0.671217 1.34243 0.671217 3.16667
14 1 1.22403 1.22403 1.22403 0 0.666667
7 1 1.22367 1.22367 1.22367 0 2.66667
13 1 1.22367 1.22367 1.22367 0 2.66667
9 1 1.22367 1.22367 1.22367 0 2.66667
10 1 1.22366 1.22366 1.22366 0 2.66667
11 1 1.22366 1.22366 1.22366 0 2.66667
4 1 1.22364 1.22364 1.22364 0 2.8
16 1 1.22353 1.22353 1.22353 0 2.66667
17 1 1.22352 1.22352 1.22352 0 2.66667
8 1 0.052273 0.052273 0.052273 0 2.8
41 1 0.0499567 0.0499567 0.0499567 0 2.85714
56 1 1e-08 1e-08 1e-08 0 2.8
55 1 1e-08 1e-08 1e-08 0 2.8
57 1 1e-08 1e-08 1e-08 0 2.8
39 1 1e-08 1e-08 1e-08 0 2.66667
51 1 1e-08 1e-08 1e-08 0 3.16667
50 1 3.33333e-09 3.33333e-09 1e-08 6.66667e-09 2.66667
48 1 5e-09 5e-09 1e-08 5e-09 2.66667
47 1 1e-08 1e-08 1e-08 0 0.666667
46 1 5e-09 5e-09 1e-08 5e-09 2.8
45 1 1e-08 1e-08 1e-08 0 2.85714
29 1 1e-08 1e-08 1e-08 0 2.66667
31 1 1e-08 1e-08 1e-08 0 2.66667
32 1 1e-08 1e-08 1e-08 0 2.8
23 1 1e-08 1e-08 1e-08 0 2.8
22 1 1e-08 1e-08 1e-08 0 2.8
21 1 1e-08 1e-08 1e-08 0 2.66667
20 1 1e-08 1e-08 1e-08 0 3.3
38 1 1e-08 1e-08 1e-08 0 3.3
36 1 1e-08 1e-08 1e-08 0 2.66667

2 20 0.964445 0.450541 1.05251 0.56356 2.66667
53 1 16.442 16.442 16.442 0 2.8
58 8 1.82689 0.724251 1.13243 0.474704 0.8
42 7 1.10538 0.181068 1.10766 0.70044 2.8
64 1 6.51817 6.51817 6.51817 0 2.8
63 1 6.51816 6.51816 6.51816 0 2.85714
43 5 0.513499 0.407385 1.16312 0.735739 2.8
27 4 0.561254 0.561171 1.23347 0.672238 2.8
5 4 0.336287 0.336287 1.02859 0.692303 2.66667
28 3 0.588889 0.588889 1.17778 0.588889 2.8
12 2 1.15179 1.15179 1.15179 0 2.66667
15 2 1.04432 1.04432 1.04432 0 2.66667
6 1 1.34243 1.34243 1.34243 0 3.16667
14 1 1.22403 1.22403 1.22403 0 0.666667
7 1 1.22367 1.22367 1.22367 0 2.66667
13 1 1.22367 1.22367 1.22367 0 2.66667
9 1 1.22367 1.22367 1.22367 0 2.66667
10 1 1.22366 1.22366 1.22366 0 2.66667
11 1 1.22366 1.22366 1.22366 0 2.66667
4 1 1.22364 1.22364 1.22364 0 2.8
16 1 1.22353 1.22353 1.22353 0 2.66667
17 1 1.22352 1.22352 1.22352 0 2.66667
41 1 0.0499567 0.0499567 0.0499567 0 2.85714
59 1 0.0180695 0.0180695 0.0361391 0.0180695 2.8
52 1 0.0361382 0.0361382 0.0361382 0 2.85714
54 1 1e-08 1e-08 1e-08 0 2.85714
62 1 1e-08 1e-08 1e-08 0 0.8
61 1 1e-08 1e-08 1e-08 0 2.8
60 1 1e-08 1e-08 1e-08 0 2.8
38 1 5e-09 5e-09 1e-08 5e-09 3.3
20 1 1e-08 1e-08 1e-08 0 3.3
21 1 1e-08 1e-08 1e-08 0 2.66667
22 1 1e-08 1e-08 1e-08 0 2.8
23 1 1e-08 1e-08 1e-08 0 2.8
32 1 1e-08 1e-08 1e-08 0 2.8
31 1 1e-08 1e-08 1e-08 0 2.66667
29 1 1e-08 1e-08 1e-08 0 2.66667
46 1 1e-08 1e-08 1e-08 0 2.8
47 1 1e-08 1e-08 1e-08 0 0.666667
50 1 1e-08 1e-08 1e-08 0 2.66667
51 1 1e-08 1e-08 1e-08 0 3.16667
39 1 3.33333e-09 3.33333e-09 1e-08 6.66667e-09 2.66667
57 1 1e-08 1e-08 1e-08 0 2.8
55 1 1e-08 1e-08 1e-08 0 2.8

2 20 1.66056 0.368047 0.940665 0.523205 0.666667
53 19 1.20587 0.498243 0.93783 0.380879 2.8
58 4 2.38533 2.38498 2.38524 0.0001521 0.8
63 8 2.61314 0.651816 0.98648 0.645608 2.8
42 5 0.343524 0.343075 1.01291 0.669736 2.8
54 4 1.62965 2.5e-09 1.22223 0.705654 2.85714
5 4 1.17701 1.17701 1.17701 0 2.66667
28 3 1.37407 1.37407 1.37407 0 2.8
12 2 1.15179 1.15179 1.15179 0 2.66667
15 2 1.04432 1.04432 1.04432 0 2.66667
6 1 1.34243 1.34243 1.34243 0 3.16667
14 1 1.22403 1.22403 1.22403 0 0.666667
7 1 1.22367 1.22367 1.22367 0 2.66667
13 1 1.22367 1.22367 1.22367 0 2.66667
9 1 1.22367 1.22367 1.22367 0 2.66667
10 1 1.22366 1.22366 1.22366 0 2.66667
11 1 1.22366 1.22366 1.22366 0 2.66667
4 1 1.22364 1.22364 1.22364 0 2.8
16 1 1.22353 1.22353 1.22353 0 2.66667
17 1 1.22352 1.22352 1.22352 0 2.66667
41 1 0.0499567 0.0499567 0.0499567 0 2.85714
59 1 0.0361391 0.0361391 0.0361391 0 2.8
52 1 0.0361382 0.0361382 0.0361382 0 2.85714
66 1 0.036127 0.036127 0.036127 0 2.88889
68 1 1e-08 1e-08 1e-08 0 2.8
67 1 1e-08 1e-08 1e-08 0 0.8
65 1 1e-08 1e-08 1e-08 0 2.8
55 1 5e-09 5e-09 1e-08 5e-09 2.8
57 1 1e-08 1e-08 1e-08 0 2.8
51 1 1e-08 1e-08 1e-08 0 3.16667
47 1 5e-09 5e-09 1e-08 5e-09 0.666667
46 1 1e-08 1e-08 1e-08 0 2.8
29 1 1e-08 1e-08 1e-08 0 2.66667
31 1 1e-08 1e-08 1e-08 0 2.66667
32 1 1e-08 1e-08 1e-08 0 2.8
23 1 1e-08 1e-08 1e-08 0 2.8
22 1 1e-08 1e-08 1e-08 0 2.8
21 1 1e-08 1e-08 1e-08 0 2.66667
20 1 1e-08 1e-08 1e-08 0 3.3
38 1 1e-08 1e-08 1e-08 0 3.3

2 19 2.74185 0.607706 1.3407 0.793493 2.8
58 10 3.62932 1e-09 2.17324 1.63564 2.8
63 5 11.1876 2e-09 4.18843 4.12956 2.8
69 11 0.661751 0.657681 1.32143 0.662938 2.8
53 10 1.28367 0.210279 1.29404 0.541571 2.8
70 4 0.65576 0.383421 1.49614 0.985995 0.857143
5 2 0.588503 0.588503 1.9037 1.3152 2.66667
42 2 1.08788 1.08783 1.63177 0.543914 2.85714
28 1 0.343519 0.343519 2.53096 2.18744 2.8
12 1 0.767859 0.767859 2.30358 1.53572 2.66667
15 1 1.04432 1.04432 2.08864 1.04432 2.66667
6 1 1.34243 1.34243 1.34243 0 3.16667
14 1 1.22403 1.22403 1.22403 0 0.666667
7 1 1.22367 1.22367 1.22367 0 2.66667
13 1 1.22367 1.22367 1.22367 0 2.66667
9 1 1.22367 1.22367 1.22367 0 2.66667
10 1 1.22366 1.22366 1.22366 0 2.66667
11 1 1.22366 1.22366 1.22366 0 2.66667
4 1 1.22364 1.22364 1.22364 0 2.8
16 1 1.22353 1.22353 1.22353 0 2.66667
17 1 1.22352 1.22352 1.22352 0 2.66667
54 1 0.724246 0.724246 0.734528 0.0102818 2.85714
72 1 0.104218 0.104218 0.104218 0 2.85714
41 1 0.0499567 0.0499567 0.0499567 0 2.85714
52 1 0.0361382 0.0361382 0.0361382 0 2.85714
71 1 0.0361303 0.0361303 0.0361303 0 2.85714
59 1 0.0180695 0.0180695 0.0180695 5e-09 2.88889
38 1 1e-08 1e-08 1e-08 0 3.3
20 1 1e-08 1e-08 1e-08 0 3.3
21 1 1e-08 1e-08 1e-08 0 2.66667
22 1 1e-08 1e-08 1e-08 0 2.8
23 1 1e-08 1e-08 1e-08 0 2.8
32 1 1e-08 1e-08 1e-08 0 2.8
31 1 1e-08 1e-08 1e-08 0 2.66667
29 1 1e-08 1e-08 1e-08 0 2.66667
46 1 1e-08 1e-08 1e-08 0 2.8
47 1 1e-08 1e-08 1e-08 0 0.666667
51 1 1e-08 1e-08 1e-08 0 3.16667
57 1 1e-08 1e-08 1e-08 0 2.8
55 1 1e-08 1e-08 1e-08 0 2.8
67 1 1e-08 1e-08 1e-08 0 0.8

2 27 1.6375 0.363006 1.26078 0.69421 2.8
69 17 1.61064 0.375995 1.27828 0.550764 2.8
53 7 5.68483 0.801267 1.5921 1.67146 2.8
70 3 3.71598 2.17272 3.20156 0.727498 2.85714
74 1 6.51821 6.51821 6.51821 0 3.35714
73 1 6.51816 6.51816 6.51816 0 2.85714
28 1 4.12222 4.12222 4.12222 0 2.8
59 2 3.25908 0.0180695 1.63857 1.6205 2.8
63 2 3.26642 1.25e-09 1.63321 1.63321 2.8
5 2 1.56934 1.56934 1.56934 1.66667e-09 2.66667
58 2 0.716139 0.636104 1.31072 0.63586 2.8
12 1 2.30358 2.30358 2.30358 0 2.66667
15 1 2.08864 2.08864 2.08864 0 2.66667
6 1 1.34243 1.34243 1.34243 0 3.16667
14 1 1.22403 1.22403 1.22403 0 0.666667
7 1 1.22367 1.22367 1.22367 0 2.66667
13 1 1.22367 1.22367 1.22367 0 2.66667
9 1 1.22367 1.22367 1.22367 0 2.66667
10 1 1.22366 1.22366 1.22366 0 2.66667
11 1 1.22366 1.22366 1.22366 0 2.66667
4 1 1.22364 1.22364 1.22364 0 2.8
78 1 1.22361 1.22361 1.22361 0 2.8
16 1 1.22353 1.22353 1.22353 0 2.66667
17 1 1.22352 1.22352 1.22352 0 2.66667
72 1 0.104218 0.104218 0.104218 0 2.85714
41 1 0.0499567 0.0499567 0.0499567 0 2.85714
52 1 0.0361382 0.0361382 0.0361382 0 2.85714
71 1 0.0361303 0.0361303 0.0361303 0 2.85714
82 1 1e-08 1e-08 1e-08 0 2.66667
81 1 1e-08 1e-08 1e-08 0 2.8
80 1 1e-08 1e-08 1e-08 0 2.85714
79 1 1e-08 1e-08 1e-08 0 2.66667
54 1 1e-08 1e-08 1e-08 0 2.8
77 1 5e-09 5e-09 1e-08 5e-09 2.8
76 1 1e-08 1e-08 1e-08 0 0.857143
75 1 1e-08 1e-08 1e-08 0 0.8
38 1 1e-08 1e-08 1e-08 0 3.3
67 1 1e-08 1e-08 1e-08 0 0.8
55 1 1e-08 1e-08 1e-08 0 2.8
57 1 1e-08 1e-08 1e-08 0 2.8
47 1 1e-08 1e-08 1e-08 0 0.666667
46 1 1e-08 1e-08 1e-08 0 2.8
29 1 1e-08 1e-08 1e-08 0 2.66667
31 1 1e-08 1e-08 1e-08 0 2.66667
32 1 1e-08 1e-08 1e-08 0 2.8
23 1 1e-08 1e-08 1e-08 0 2.8
22 1 1e-08 1e-08 1e-08 0 2.8

84 2 58.9703 5e-09 29.4852 29.4852 2.85714
2 18 1.87216 0.576082 2.37912 0.937202 2.8
54 4 9.94845 2.5e-09 7.46134 4.30781 2.8
69 12 2.62474 1.47384 2.46358 0.905897 0.8
73 4 9.94845 0.00903476 5.38423 4.6001 2.8
70 2 0.906172 0.557396 3.47644 2.75019 2.85714
74 2 1.20137 0.931174 3.39421 2.33185 3.35714
53 2 0.524449 0.503209 2.77582 2.26202 2.8
75 2 4.77078 5e-09 2.38539 2.38539 0.8
5 1 0.941604 0.941604 4.17357 3.23196 2.66667
28 1 0.687037 0.687037 2.8107 2.12366 0.8
12 1 2.30358 2.30358 2.30358 0 2.66667
15 1 2.08864 2.08864 2.08864 0 2.66667
83 1 1.40222 1.40222 1.54613 0.143915 2.85714
6 1 1.34243 1.34243 1.34243 0 3.16667
14 1 1.22403 1.22403 1.22403 0 0.666667
7 1 1.22367 1.22367 1.22367 0 2.66667
13 1 1.22367 1.22367 1.22367 0 2.66667
9 1 1.22367 1.22367 1.22367 0 2.66667
10 1 1.22366 1.22366 1.22366 0 2.66667
11 1 1.22366 1.22366 1.22366 0 2.66667
4 1 1.22364 1.22364 1.22364 0 2.8
16 1 1.22353 1.22353 1.22353 0 2.66667
17 1 1.22352 1.22352 1.22352 0 2.66667
78 1 0.611805 0.611805 0.611805 5e-09 2.8
72 1 0.104218 0.104218 0.104218 0 2.85714
76 1 0.0943067 0.0943067 0.0943067 5e-09 0.8
41 1 0.0499567 0.0499567 0.0499567 0 2.85714
52 1 0.0361382 0.0361382 0.0361382 0 2.85714
71 1 0.0361303 0.0361303 0.0361303 0 2.85714
59 1 0.0180695 0.0180695 0.0180695 5e-09 2.8
86 1 1e-08 1e-08 1e-08 0 2.8
85 1 1e-08 1e-08 1e-08 0 2.8
63 1 2.5e-09 2.5e-09 1e-08 7.5e-09 2.8
22 1 1e-08 1e-08 1e-08 0 2.8
23 1 1e-08 1e-08 1e-08 0 2.8
32 1 1e-08 1e-08 1e-08 0 2.8
31 1 1e-08 1e-08 1e-08 0 2.66667
29 1 1e-08 1e-08 1e-08 0 2.66667
46 1 1e-08 1e-08 1e-08 0 2.8
47 1 1e-08 1e-08 1e-08 0 0.666667
57 1 1e-08 1e-08 1e-08 0 2.8
55 1 5e-09 5e-09 1e-08 5e-09 2.8
67 1 1e-08 1e-08 1e-08 0 0.8
38 1 1e-08 1e-08 1e-08 0 3.3
58 1 3.33333e-09 3.33333e-09 1e-08 6.66667e-09 2.66667
81 1 1e-08 1e-08 1e-08 0 2.8

84 29 2.06954 2.06774 2.7543 0.685787 2.8
78 4 17.717 0.305902 13.3642 7.53923 2.8
2 12 7.86309 0.00333746 2.74392 2.35817 2.8
54 10 1.13697 1.13697 2.96912 1.83215 2.8
73 4 2.21077 2.21077 3.18184 0.971071 2.8
69 1 9.54156 9.54156 9.54156 0 0.8
74 2 4.2048 3.25911 3.73196 0.472848 3.38889
70 2 1.79184 1.63332 3.34359 1.63294 0.857143
53 2 3.40892 3.27086 3.33989 0.0690288 2.8
83 2 4.97423 0.701109 3.11907 2.15501 2.8
5 1 4.70802 4.70802 4.70802 0 2.66667
28 1 4.12222 4.12222 4.12222 0 2.8
12 1 2.30358 2.30358 2.30358 0 2.66667
15 1 2.08864 2.08864 2.08864 0 2.66667
6 1 1.34243 1.34243 1.34243 0 3.16667
14 1 1.22403 1.22403 1.22403 0 0.666667
7 1 1.22367 1.22367 1.22367 0 2.66667
13 1 1.22367 1.22367 1.22367 0 2.66667
9 1 1.22367 1.22367 1.22367 0 2.66667
10 1 1.22366 1.22366 1.22366 0 2.66667
11 1 1.22366 1.22366 1.22366 0 2.66667
4 1 1.22364 1.22364 1.22364 0 2.8
16 1 1.22353 1.22353 1.22353 0 2.66667
17 1 1.22352 1.22352 1.22352 0 2.66667
72 1 0.0521091 0.0521091 0.0521091 5e-09 2.85714
41 1 0.0499567 0.0499567 0.0499567 0 2.85714
52 1 0.0361382 0.0361382 0.0361382 0 2.85714
89 1 1e-08 1e-08 1e-08 0 0.857143
88 1 1e-08 1e-08 1e-08 0 2.85714
87 1 1e-08 1e-08 1e-08 0 2.66667
81 1 1e-08 1e-08 1e-08 0 2.8
58 1 1e-08 1e-08 1e-08 0 2.66667
38 1 1e-08 1e-08 1e-08 0 3.3
55 1 1e-08 1e-08 1e-08 0 2.8
57 1 1e-08 1e-08 1e-08 0 2.8
47 1 1e-08 1e-08 1e-08 0 0.666667
46 1 1e-08 1e-08 1e-08 0 2.8
29 1 1e-08 1e-08 1e-08 0 2.66667
31 1 1e-08 1e-08 1e-08 0 2.66667
32 1 1e-08 1e-08 1e-08 0 2.8
23 1 1e-08 1e-08 1e-08 0 2.8
22 1 1e-08 1e-08 1e-08 0 2.8
85 1 1e-08 1e-08 1e-08 0 2.8

90 1 118.01 118.01 118.01 0 0.857143
84 26 1.42455 1.38719 3.17831 1.78851 2.66667
78 9 1.64809 1.64809 3.45967 1.81158 2.8
54 7 1.65808 1.65808 3.1661 1.50803 2.85714
69 1 9.5427 9.5427 9.5427 0 1.3
2 3 2.38541 2.38539 3.18053 0.79513 0.8
53 1 6.54172 6.54172 6.54172 0 2.8
74 1 1.68192 1.68192 5.61273 3.93081 3.35714
5 1 4.70802 4.70802 4.70802 0 2.66667
70 1 2.38912 2.38912 4.56688 2.17776 0.857143
28 1 4.12222 4.12222 4.12222 0 2.8
12 1 2.30358 2.30358 2.30358 0 2.66667
15 1 2.08864 2.08864 2.08864 0 2.66667
6 1 1.34243 1.34243 1.34243 0 3.16667
14 1 1.22403 1.22403 1.22403 0 0.666667
7 1 1.22367 1.22367 1.22367 0 2.66667
13 1 1.22367 1.22367 1.22367 0 2.66667
9 1 1.22367 1.22367 1.22367 0 2.66667
10 1 1.22366 1.22366 1.22366 0 2.66667
11 1 1.22366 1.22366 1.22366 0 2.66667
4 1 1.22364 1.22364 1.22364 0 2.8
16 1 1.22353 1.22353 1.22353 0 2.66667
17 1 1.22352 1.22352 1.22352 0 2.66667
72 1 0.104218 0.104218 0.104218 0 2.85714
41 1 0.0499567 0.0499567 0.0499567 0 2.85714
52 1 0.0361382 0.0361382 0.0361382 0 2.85714
38 1 1e-08 1e-08 1e-08 0 3.3
55 1 1e-08 1e-08 1e-08 0 2.8
57 1 1e-08 1e-08 1e-08 0 2.8
47 1 1e-08 1e-08 1e-08 0 0.666667
46 1 1e-08 1e-08 1e-08 0 2.8
29 1 1e-08 1e-08 1e-08 0 2.66667
31 1 1e-08 1e-08 1e-08 0 2.66667
32 1 1e-08 1e-08 1e-08 0 2.8
23 1 1e-08 1e-08 1e-08 0 2.8
88 1 5e-09 5e-09 1e-08 5e-09 2.66667
22 1 1e-08 1e-08 1e-08 0 2.8
87 1 5e-09 5e-09 1e-08 5e-09 2.66667
85 1 1e-08 1e-08 1e-08 0 2.8
81 1 1e-08 1e-08 1e-08 0 2.8
58 1 1e-08 1e-08 1e-08 0 2.66667

91 1 121.087 121.087 121.087 0 2.88889
90 21 1.19857 1.05366 4.39691 3.33352 2.85714
78 14 3.97204 3.08122 4.3727 1.2491 2.8
84 2 58.9732 5e-09 29.4866 29.4866 2.8
54 6 6.6323 6.6323 6.6323 8.88178e-16 2.8
69 2 2.38568 2.38541 4.77093 2.38539 0.8
74 1 8.40961 8.40961 8.40961 0 3.38889
70 1 7.16737 7.16737 7.16737 0 0.857143
53 1 6.54172 6.54172 6.54172 0 2.8
5 1 4.70802 4.70802 4.70802 0 2.66667
28 1 4.12222 4.12222 4.12222 0 2.8
12 1 2.30358 2.30358 2.30358 0 2.66667
15 1 2.08864 2.08864 2.08864 0 2.66667
6 1 1.34243 1.34243 1.34243 0 3.16667
14 1 1.22403 1.22403 1.22403 0 0.666667
7 1 1.22367 1.22367 1.22367 0 2.66667
13 1 1.22367 1.22367 1.22367 0 2.66667
9 1 1.22367 1.22367 1.22367 0 2.66667
10 1 1.22366 1.22366 1.22366 0 2.66667
11 1 1.22366 1.22366 1.22366 0 2.66667
4 1 1.22364 1.22364 1.22364 0 2.8
16 1 1.22353 1.22353 1.22353 0 2.66667
17 1 1.22352 1.22352 1.22352 0 2.66667
72 1 0.104218 0.104218 0.104218 0 2.85714
41 1 0.0499567 0.0499567 0.0499567 0 2.85714
52 1 0.0361382 0.0361382 0.0361382 0 2.85714
92 1 1e-08 1e-08 1e-08 0 2.85714
81 1 1e-08 1e-08 1e-08 0 2.8
85 1 1e-08 1e-08 1e-08 0 2.8
87 1 1e-08 1e-08 1e-08 0 2.66667
22 1 1e-08 1e-08 1e-08 0 2.8
23 1 1e-08 1e-08 1e-08 0 2.8
32 1 1e-08 1e-08 1e-08 0 2.8
31 1 1e-08 1e-08 1e-08 0 2.66667
29 1 1e-08 1e-08 1e-08 0 2.66667
46 1 1e-08 1e-08 1e-08 0 2.8
47 1 1e-08 1e-08 1e-08 0 0.666667
57 1 1e-08 1e-08 1e-08 0 2.8
55 1 1e-08 1e-08 1e-08 0 2.8
38 1 1e-08 1e-08 1e-08 0 3.3

90 27 4.77237 3.80388 4.12874 0.33522 0.857143
91 22 2.79667 2.51094 4.2451 1.68745 0.857143
78 15 3.36747 2.0248 4.39302 2.23175 2.8
84 12 8.42482 7.14286e-10 4.25856 4.11086 2.8
54 8 4.97423 0.0125672 4.35402 1.64091 2.8
74 1 8.40961 8.40961 8.40961 0 3.38889
70 1 7.16737 7.16737 7.16737 0 0.857143
53 1 6.54172 6.54172 6.54172 0 2.8
5 1 4.70802 4.70802 4.70802 0 2.66667
96 1 4.33309 4.33309 4.33309 0 0.857143
28 1 4.12222 4.12222 4.12222 0 2.8
69 1 3.1809 3.1809 3.19752 0.0166149 0.857143
12 1 2.30358 2.30358 2.30358 0 2.66667
15 1 2.08864 2.08864 2.08864 0 2.66667
6 1 1.34243 1.34243 1.34243 0 3.16667
14 1 1.22403 1.22403 1.22403 0 0.666667
7 1 1.22367 1.22367 1.22367 0 2.66667
13 1 1.22367 1.22367 1.22367 0 2.66667
9 1 1.22367 1.22367 1.22367 0 2.66667
10 1 1.22366 1.22366 1.22366 0 2.66667
11 1 1.22366 1.22366 1.22366 0 2.66667
4 1 1.22364 1.22364 1.22364 0 2.8

91 18 3.7285 3.45962 5.33748 1.83723 2.88889
90 18 2.08371 1.66213 5.18364 3.46136 0.857143
97 15 9.28309 6.66667e-10 5.54326 3.93373 2.90909
84 11 10.7231 9.09091e-10 5.87481 5.30982 2.8
78 12 3.80198 2.28606 5.15824 2.62208 2.8
98 6 16.8496 1.42857e-09 5.70957 7.874 0.8
54 5 3.31615 3.31615 6.00365 2.6875 2.8
74 1 8.40961 8.40961 8.40961 0 3.38889
70 1 7.16737 7.16737 7.16737 0 0.857143
53 1 6.54172 6.54172 6.54172 0 2.8
99 1 4.77135 4.77135 4.77135 5e-09 1.3
5 1 4.70802 4.70802 4.70802 0 2.66667
28 1 4.12222 4.12222 4.12222 0 2.8
12 1 2.30358 2.30358 2.30358 0 2.66667
15 1 2.08864 2.08864 2.08864 0 2.66667
6 1 1.34243 1.34243 1.34243 0 3.16667
14 1 1.22403 1.22403 1.22403 0 0.666667
7 1 1.22367 1.22367 1.22367 0 2.66667
13 1 1.22367 1.22367 1.22367 0 2.66667
9 1 1.22367 1.22367 1.22367 0 2.66667
10 1 1.22366 1.22366 1.22366 0 2.66667
11 1 1.22366 1.22366 1.22366 0 2.66667
4 1 1.22364 1.22364 1.22364 0 2.8

90 23 3.69858 2.94962 4.11502 1.08917 0.888889
91 21 1.60638 1.40342 4.13766 2.66389 2.88889
78 15 7.85742 4.72453 5.20658 0.891694 3.3
84 11 3.18795 3.18544 4.04107 0.853873 2.66667
54 5 7.95876 7.95876 7.95876 0 2.8
99 1 9.5427 9.5427 9.5427 0 1.3
74 1 8.40961 8.40961 8.40961 0 3.38889
70 1 7.16737 7.16737 7.16737 0 0.857143
53 1 6.54172 6.54172 6.54172 0 2.8
5 1 4.70802 4.70802 4.70802 0 2.66667
28 1 4.12222 4.12222 4.12222 0 2.8
12 1 2.30358 2.30358 2.30358 0 2.66667
15 1 2.08864 2.08864 2.08864 0 2.66667
6 1 1.34243 1.34243 1.34243 0 3.16667
14 1 1.22403 1.22403 1.22403 0 0.666667
7 1 1.22367 1.22367 1.22367 0 2.66667
13 1 1.22367 1.22367 1.22367 0 2.66667
9 1 1.22367 1.22367 1.22367 0 2.66667
10 1 1.22366 1.22366 1.22366 0 2.66667
11 1 1.22366 1.22366 1.22366 0 2.66667
4 1 1.22364 1.22364 1.22364 0 2.8

102 5 29.7979 23.597 26.6715 2.57859 0.888889
84 18 5.47938 4.36579 5.9867 1.57737 2.88889
90 18 3.22496 2.58084 5.96448 3.28261 0.888889
91 17 2.92028 2.6774 6.08084 3.32257 2.88889
78 9 3.36747 2.0248 6.23516 3.68465 2.8
54 5 4.97423 4.97423 6.04219 1.06797 2.8
99 1 9.5427 9.5427 9.5427 0 1.3
74 1 8.40961 8.40961 8.40961 0 3.38889
70 1 7.16737 7.16737 7.16737 0 0.857143
53 1 6.54172 6.54172 6.54172 0 2.8
5 1 4.70802 4.70802 4.70802 0 2.66667
28 1 4.12222 4.12222 4.12222 0 2.8
12 1 2.30358 2.30358 2.30358 0 2.66667
15 1 2.08864 2.08864 2.08864 0 2.66667
6 1 1.34243 1.34243 1.34243 0 3.16667
14 1 1.22403 1.22403 1.22403 0 0.666667
7 1 1.22367 1.22367 1.22367 0 2.66667
13 1 1.22367 1.22367 1.22367 0 2.66667
9 1 1.22367 1.22367 1.22367 0 2.66667
10 1 1.22366 1.22366 1.22366 0 2.66667
11 1 1.22366 1.22366 1.22366 0 2.66667
4 1 1.22364 1.22364 1.22364 0 2.8
103 1 0.00517451 0.00517451 0.00629032 0.0011158 2.8
104 1 1e-08 1e-08 1e-08 0 0.888889
105 1 1e-08 1e-08 1e-08 0 2.8
106 1 1e-08 1e-08 1e-08 0 2.88889

107 1 117.861 117.861 117.861 0 3.16667
102 15 1.65544 1.52691 7.15547 5.55662 0.888889
99 14 4.91698 4.91443 7.30007 2.38541 2.8
91 13 10.7826 7.69231e-10 7.7502 4.25526 2.90909
84 13 11.3803 7.69231e-10 7.42015 4.21597 2.88889
78 9 8.41867 2.84241 7.10208 1.93488 2.8
103 8 9.8295 0.00562139 7.37269 4.25307 3.3
74 1 8.40961 8.40961 8.40961 0 3.38889
90 1 8.0348 8.0348 8.03485 5.13956e-05 2.88889
70 1 7.16737 7.16737 7.16737 0 0.857143
53 1 6.54172 6.54172 6.54172 0 2.8
5 1 4.70802 4.70802 4.70802 0 2.66667
28 1 4.12222 4.12222 4.12222 0 2.8
12 1 2.30358 2.30358 2.30358 0 2.66667
15 1 2.08864 2.08864 2.08864 0 2.66667
6 1 1.34243 1.34243 1.34243 0 3.16667
14 1 1.22403 1.22403 1.22403 0 0.666667
7 1 1.22367 1.22367 1.22367 0 2.66667
13 1 1.22367 1.22367 1.22367 0 2.66667
9 1 1.22367 1.22367 1.22367 0 2.66667
10 1 1.22366 1.22366 1.22366 0 2.66667
11 1 1.22366 1.22366 1.22366 0 2.66667
4 1 1.22364 1.22364 1.22364 0 2.8
108 1 0.181529 0.181529 0.181529 0 2.90909
106 1 1e-08 1e-08 1e-08 0 2.88889
109 1 2.5e-09 2.5e-09 1e-08 7.5e-09 1.38889
110 1 1e-08 1e-08 1e-08 0 1.38889

114 1 117.01 117.01 117.01 0 0.8
102 13 5.32105 5.0163 8.69571 3.52318 1.38889
110 7 21.2358 1.42857e-09 14.8693 9.41463 1.38889
84 4 36.9858 2.5e-09 25.3941 14.9259 2.88889
99 11 2.45849 2.45724 8.4998 6.04239 2.8
91 10 3.55158 3.14781 8.54391 5.2318 2.88889
107 9 3.36747 3.36747 8.49361 5.12614 3.16667
78 3 23.6227 3.33333e-09 15.7484 11.1358 3.3
112 3 13.2646 3.5807 10.0366 4.56504 2.8
111 2 21.1292 2.5e-09 10.5646 10.5646 0.888889
74 1 8.40961 8.40961 8.40961 0 3.38889
70 1 7.16737 7.16737 7.16737 0 0.857143
53 1 6.54172 6.54172 6.54172 0 2.8
5 1 4.70802 4.70802 4.70802 0 2.66667
28 1 4.12222 4.12222 4.12222 0 2.8
12 1 2.30358 2.30358 2.30358 0 2.66667
15 1 2.08864 2.08864 2.08864 0 2.66667
6 1 1.34243 1.34243 1.34243 0 3.16667
14 1 1.22403 1.22403 1.22403 0 0.666667
7 1 1.22367 1.22367 1.22367 0 2.66667
13 1 1.22367 1.22367 1.22367 0 2.66667
9 1 1.22367 1.22367 1.22367 0 2.66667
10 1 1.22366 1.22366 1.22366 0 2.66667
11 1 1.22366 1.22366 1.22366 0 2.66667
4 1 1.22364 1.22364 1.22364 0 2.8
106 1 1e-08 1e-08 1e-08 0 2.88889
109 1 5e-09 5e-09 1e-08 5e-09 2.88889
113 1 1e-08 1e-08 1e-08 0 2.90909

84 12 12.2448 8.33333e-10 10.3631 3.18719 2.88889
107 10 11.7861 11.7861 11.7861 0 3.66667
115 4 35.0433 8.29737 28.2989 11.5483 2.90909
102 13 2.48315 2.44247 8.32836 5.86701 1.88889
99 12 4.91869 4.91475 8.43655 3.52052 2.8
114 9 4.59546 3.65657 8.20107 4.44329 0.8
91 7 12.0636 9.09091e-10 8.20127 5.08363 0.888889
78 3 23.6227 3.33333e-09 15.7484 11.1358 2.8
112 3 13.2646 3.5807 10.0366 4.56504 2.8
74 1 8.40961 8.40961 8.40961 0 3.38889
70 1 7.16737 7.16737 7.16737 0 0.857143
53 1 6.54172 6.54172 6.54172 0 2.8
5 1 4.70802 4.70802 4.70802 0 2.66667
28 1 4.12222 4.12222 4.12222 0 2.8
12 1 2.30358 2.30358 2.30358 0 2.66667
15 1 2.08864 2.08864 2.08864 0 2.66667
6 1 1.34243 1.34243 1.34243 0 3.16667
14 1 1.22403 1.22403 1.22403 0 0.666667
7 1 1.22367 1.22367 1.22367 0 2.66667
13 1 1.22367 1.22367 1.22367 0 2.66667
9 1 1.22367 1.22367 1.22367 0 2.66667
10 1 1.22366 1.22366 1.22366 0 2.66667
11 1 1.22366 1.22366 1.22366 0 2.66667
4 1 1.22364 1.22364 1.22364 0 2.8
106 1 1e-08 1e-08 1e-08 0 2.88889
110 1 2e-09 2e-09 1e-08 8e-09 1.38889
116 1 1e-08 1e-08 1e-08 0 0.888889

91 1 149.117 149.117 149.117 0 1.38889
99 11 3.47221 3.46927 10.0882 6.6175 2.8
114 11 12.2546 9.75085 9.98415 0.719048 0.8
107 10 3.80198 3.80198 10.6458 6.84383 3.66667
84 10 2.67088 2.54496 10.2518 7.63096 2.90909
118 3 48.9963 3.33333e-09 32.6083 23.0577 0.888889
102 9 8.72635 6.91961 10.7719 2.59045 0.909091
110 8 12.3875 0.000130125 10.2406 3.95365 0.888889
78 3 23.6227 3.33333e-09 15.7484 11.1358 3.3
112 3 13.2646 3.5807 10.0366 4.56504 2.8
74 1 8.40961 8.40961 8.40961 0 3.38889
70 1 7.16737 7.16737 7.16737 0 0.857143
53 1 6.54172 6.54172 6.54172 0 2.8
5 1 4.70802 4.70802 4.70802 0 2.66667
28 1 4.12222 4.12222 4.12222 0 2.8
12 1 2.30358 2.30358 2.30358 0 2.66667
15 1 2.08864 2.08864 2.08864 0 2.66667
6 1 1.34243 1.34243 1.34243 0 3.16667
14 1 1.22403 1.22403 1.22403 0 0.666667
7 1 1.22367 1.22367 1.22367 0 2.66667
13 1 1.22367 1.22367 1.22367 0 2.66667
9 1 1.22367 1.22367 1.22367 0 2.66667
10 1 1.22366 1.22366 1.22366 0 2.66667
11 1 1.22366 1.22366 1.22366 0 2.66667
4 1 1.22364 1.22364 1.22364 0 2.8
106 1 1e-08 1e-08 1e-08 0 2.88889
117 1 1e-08 1e-08 1e-08 0 2.90909
115 1 1e-08 1e-08 1e-08 0 2.90909
119 1 1e-08 1e-08 1e-08 0 0.8

118 10 14.8582 1e-09 13.0407 4.36676 0.888889
120 12 12.3286 0.00417141 10.8344 3.33757 2.88889
102 13 7.87231 7.18231 9.41506 1.74348 0.888889
107 10 4.53313 4.53313 9.9729 5.43977 3.16667
91 10 3.12449 3.07212 9.71784 6.61269 0.888889
114 9 6.17432 6.15843 10.3508 4.18831 0.8
99 9 4.54058 4.53822 10.0888 5.54945 2.8
117 3 49.8564 3.33333e-09 16.619 23.5024 3.38889
78 3 23.6227 3.33333e-09 15.7484 11.1358 3.3
112 3 13.2646 3.5807 10.0366 4.56504 2.8
74 1 8.40961 8.40961 8.40961 0 3.38889
70 1 7.16737 7.16737 7.16737 0 0.857143
53 1 6.54172 6.54172 6.54172 0 2.8
5 1 4.70802 4.70802 4.70802 0 2.66667
28 1 4.12222 4.12222 4.12222 0 2.8
12 1 2.30358 2.30358 2.30358 0 2.66667
15 1 2.08864 2.08864 2.08864 0 2.66667
6 1 1.34243 1.34243 1.34243 0 3.16667
14 1 1.22403 1.22403 1.22403 0 0.666667
7 1 1.22367 1.22367 1.22367 0 2.66667
13 1 1.22367 1.22367 1.22367 0 2.66667
9 1 1.22367 1.22367 1.22367 0 2.66667
10 1 1.22366 1.22366 1.22366 0 2.66667
11 1 1.22366 1.22366 1.22366 0 2.66667
4 1 1.22364 1.22364 1.22364 0 2.8
106 1 1e-08 1e-08 1e-08 0 2.88889
84 1 1e-08 1e-08 1e-08 0 2.90909
121 1 1e-08 1e-08 1e-08 0 3.8
122 1 1e-08 1e-08 1e-08 0 2.88889

102 3 49.4493 39.314 44.6481 4.15484 0.888889
91 13 10.7125 2.83673 9.21294 2.5099 1.38889
118 12 2.41837 2.38618 9.2999 6.90358 0.888889
107 12 4.20933 4.20933 8.77959 4.57025 3.66667
120 11 3.32404 3.23588 9.50473 6.21299 2.90909
99 11 9.08065 9.07643 9.07891 0.00165928 2.8
114 9 13.0607 1.11111e-09 8.7947 5.99175 2.8
78 3 23.6227 3.33333e-09 15.7484 11.1358 3.3
112 3 13.2646 3.5807 10.0366 4.56504 2.8
74 1 8.40961 8.40961 8.40961 0 3.38889
70 1 7.16737 7.16737 7.16737 0 0.857143
53 1 6.54172 6.54172 6.54172 0 2.8
5 1 4.70802 4.70802 4.70802 0 2.66667
28 1 4.12222 4.12222 4.12222 0 2.8
12 1 2.30358 2.30358 2.30358 0 2.66667
15 1 2.08864 2.08864 2.08864 0 2.66667
6 1 1.34243 1.34243 1.34243 0 3.16667
14 1 1.22403 1.22403 1.22403 0 0.666667
7 1 1.22367 1.22367 1.22367 0 2.66667
13 1 1.22367 1.22367 1.22367 0 2.66667
9 1 1.22367 1.22367 1.22367 0 2.66667
10 1 1.22366 1.22366 1.22366 0 2.66667
11 1 1.22366 1.22366 1.22366 0 2.66667
4 1 1.22364 1.22364 1.22364 0 2.8
106 1 1e-08 1e-08 1e-08 0 2.88889
84 1 1e-08 1e-08 1e-08 0 2.90909
121 1 1e-08 1e-08 1e-08 0 3.8
122 1 1e-08 1e-08 1e-08 0 2.88889
123 1 1e-08 1e-08 1e-08 0 2.90909
124 1 1e-08 1e-08 1e-08 0 2.88889

120 6 24.9282 1.66667e-09 20.5322 9.18549 2.90909
102 12 3.39959 3.36386 10.1954 6.81543 0.888889
114 2 58.5051 58.5051 58.5051 0 0.8
91 10 4.0534 4.01758 10.4315 6.39656 1.38889
125 5 23.5092 8.89783 20.5577 5.82997 0.8
99 10 4.37264 4.37185 9.61688 5.24479 3.3
107 9 3.68317 3.68317 10.2313 6.54813 3.16667
118 9 11.5057 3.41724 10.1003 2.74013 0.888889
78 3 17.717 2.5e-09 11.8113 8.35188 2.8
112 3 13.2646 3.5807 10.0366 4.56504 2.8
74 1 8.40961 8.40961 8.40961 0 3.38889
70 1 7.16737 7.16737 7.16737 0 0.857143
53 1 6.54172 6.54172 6.54172 0 2.8
5 1 4.70802 4.70802 4.70802 0 2.66667
28 1 4.12222 4.12222 4.12222 0 2.8
12 1 2.30358 2.30358 2.30358 0 2.66667
15 1 2.08864 2.08864 2.08864 0 2.66667
6 1 1.34243 1.34243 1.34243 0 3.16667
14 1 1.22403 1.22403 1.22403 0 0.666667
7 1 1.22367 1.22367 1.22367 0 2.66667
13 1 1.22367 1.22367 1.22367 0 2.66667
9 1 1.22367 1.22367 1.22367 0 2.66667
10 1 1.22366 1.22366 1.22366 0 2.66667
11 1 1.22366 1.22366 1.22366 0 2.66667
4 1 1.22364 1.22364 1.22364 0 2.8
126 1 0.0500018 0.0500018 0.0500018 0 0.857143
106 1 1e-08 1e-08 1e-08 0 2.88889
84 1 1e-08 1e-08 1e-08 0 2.90909
121 1 1e-08 1e-08 1e-08 0 3.8
122 1 1e-08 1e-08 1e-08 0 2.88889
123 1 5e-09 5e-09 1e-08 5e-09 2.88889
124 1 1e-08 1e-08 1e-08 0 2.88889
127 1 1e-08 1e-08 1e-08 0 0.888889
128 1 1e-08 1e-08 1e-08 0 2.88889

129 1 145.549 145.549 145.549 0 1.38889
91 12 6.24899 6.21322 11.198 4.97171 1.38889
102 10 7.4787 7.40133 11.1114 3.68491 1.38889
107 9 8.41867 8.41867 11.2251 2.80648 3.3
120 9 5.158 5.1015 10.6638 5.52087 2.88889
99 8 4.7231 4.72194 11.214 6.49173 3.3
118 6 24.7437 1.66667e-09 13.5986 11.401 0.888889
114 7 2.80751 2.79314 11.2225 8.42301 1.3
123 5 29.9878 2e-09 15.4052 13.3874 2.88889
78 3 23.6227 3.33333e-09 15.7484 11.1358 2.85714
112 2 13.2646 13.2646 15.0549 1.79035 2.8
74 1 8.40961 8.40961 8.40961 0 3.38889
70 1 7.16737 7.16737 7.16737 0 0.857143
53 1 6.54172 6.54172 6.54172 0 2.8
5 1 4.70802 4.70802 4.70802 0 2.66667
28 1 4.12222 4.12222 4.12222 0 2.8
12 1 2.30358 2.30358 2.30358 0 2.66667
15 1 2.08864 2.08864 2.08864 0 2.66667
6 1 1.34243 1.34243 1.34243 0 3.16667
14 1 1.22403 1.22403 1.22403 0 0.666667
7 1 1.22367 1.22367 1.22367 0 2.66667
13 1 1.22367 1.22367 1.22367 0 2.66667
9 1 1.22367 1.22367 1.22367 0 2.66667
10 1 1.22366 1.22366 1.22366 0 2.66667
11 1 1.22366 1.22366 1.22366 0 2.66667
4 1 1.22364 1.22364 1.22364 0 2.8
106 1 1e-08 1e-08 1e-08 0 2.88889
84 1 1e-08 1e-08 1e-08 0 2.90909
121 1 1e-08 1e-08 1e-08 0 3.8
122 1 1e-08 1e-08 1e-08 0 2.88889
124 1 5e-09 5e-09 1e-08 5e-09 2.88889

91 10 7.49878 7.45587 12.2665 4.79308 1.38889
102 10 10.6844 9.62007 12.2091 1.86478 1.38889
131 1 117.915 117.915 117.915 0 0.8
118 1 117.872 117.872 117.872 0 1.16667
114 5 23.5092 23.4624 23.4905 0.0229435 0.8
129 9 2.37998 2.36491 12.1035 9.73351 0.888889
107 9 5.35733 5.35733 11.9082 6.55091 3.16667
120 8 18.6967 1.25e-09 13.3202 7.71774 2.88889
99 9 4.72606 4.72202 11.5413 6.81844 2.8
112 2 19.8969 19.8969 19.8969 0 2.8
78 3 17.717 2.5e-09 11.8113 8.35188 3.16667
74 1 8.40961 8.40961 8.40961 0 3.38889
70 1 7.16737 7.16737 7.16737 0 0.857143
53 1 6.54172 6.54172 6.54172 0 2.8
5 1 4.70802 4.70802 4.70802 0 2.66667
28 1 4.12222 4.12222 4.12222 0 2.8
12 1 2.30358 2.30358 2.30358 0 2.66667
15 1 2.08864 2.08864 2.08864 0 2.66667
6 1 1.34243 1.34243 1.34243 0 3.16667
14 1 1.22403 1.22403 1.22403 0 0.666667
7 1 1.22367 1.22367 1.22367 0 2.66667
13 1 1.22367 1.22367 1.22367 0 2.66667
9 1 1.22367 1.22367 1.22367 0 2.66667
11 1 1.22366 1.22366 1.22366 0 2.66667
10 1 1.22366 1.22366 1.22366 0 2.66667
4 1 1.22364 1.22364 1.22364 0 2.8
121 1 0.00143441 0.00143441 0.00143442 5e-09 3.8
106 1 1e-08 1e-08 1e-08 0 2.88889
84 1 1e-08 1e-08 1e-08 0 2.90909
130 1 2e-09 2e-09 1e-08 8e-09 0.888889
123 1 1e-08 1e-08 1e-08 0 2.88889
132 1 1e-08 1e-08 1e-08 0 2.90909
133 1 1e-08 1e-08 1e-08 0 3.16667

91 14 4.83792 4.81024 8.77266 3.94695 1.38889
99 6 19.6769 19.6751 19.6766 0.000667973 2.8
102 13 3.83544 3.80005 8.833 5.00731 1.38889
118 12 3.93839 3.92871 9.17429 5.24361 3.16667
131 11 3.15286 2.74222 8.93249 6.14445 0.8
129 2 74.5723 5e-09 37.2861 37.2861 0.888889
135 2 35.434 35.434 35.434 0 3.3
120 5 28.8603 2e-09 10.4905 12.9557 2.90909
112 2 19.8969 19.8969 19.8969 0 2.8
74 1 8.40961 8.40961 8.40961 0 3.38889
70 1 7.16737 7.16737 7.16737 0 0.857143
53 1 6.54172 6.54172 6.54172 0 2.8
5 1 4.70802 4.70802 4.70802 0 2.66667
28 1 4.12222 4.12222 4.12222 0 2.8
12 1 2.30358 2.30358 2.30358 0 2.66667
15 1 2.08864 2.08864 2.08864 0 2.66667
6 1 1.34243 1.34243 1.34243 0 3.16667
14 1 1.22403 1.22403 1.22403 0 0.666667
7 1 1.22367 1.22367 1.22367 0 2.66667
13 1 1.22367 1.22367 1.22367 0 2.66667
9 1 1.22367 1.22367 1.22367 0 2.66667
11 1 1.22366 1.22366 1.22366 0 2.66667
10 1 1.22366 1.22366 1.22366 0 2.66667
4 1 1.22364 1.22364 1.22364 0 2.8
136 1 0.6932 0.6932 0.6932 0 3.3
107 1 0.000573764 0.000573764 0.000573772 8e-09 3.16667
137 1 1e-08 1e-08 1e-08 0 0.888889
114 1 1e-08 1e-08 1e-08 0 0.8
134 1 5e-09 5e-09 1e-08 5e-09 2.88889
130 1 1e-08 1e-08 1e-08 0 0.888889
84 1 1e-08 1e-08 1e-08 0 2.90909
106 1 1e-08 1e-08 1e-08 0 2.88889
78 1 1e-08 1e-08 1e-08 0 2.85714

134 1 144.302 144.302 144.302 0 2.88889
91 11 2.9407 2.93355 11.1315 8.19631 3.38889
143 1 117.861 117.861 117.861 0 0.857143
102 10 12.4652 0.109262 10.6781 3.59534 1.38889
118 9 3.80232 3.80198 11.4118 7.60981 3.16667
131 9 5.64888 4.91314 10.6275 5.53771 0.8
99 8 4.07419 4.07108 10.6931 6.62118 2.8
140 2 58.8636 5e-09 29.4318 29.4318 1.40909
135 3 23.6227 3.33333e-09 15.7484 11.1358 3.3
120 3 39.3199 3.33333e-09 13.1066 18.5356 2.88889
129 3 37.4847 2.5e-09 12.4949 17.6705 2.90909
112 2 13.2646 13.2646 13.2646 1.66667e-09 2.8
74 1 8.40961 8.40961 8.40961 0 3.38889
70 1 7.16737 7.16737 7.16737 0 0.857143
53 1 6.54172 6.54172 6.54172 0 2.8
5 1 4.70802 4.70802 4.70802 0 2.66667
28 1 4.12222 4.12222 4.12222 0 2.8
12 1 2.30358 2.30358 2.30358 0 2.66667
15 1 2.08864 2.08864 2.08864 0 2.66667
6 1 1.34243 1.34243 1.34243 0 3.16667
14 1 1.22403 1.22403 1.22403 0 0.666667
7 1 1.22367 1.22367 1.22367 0 2.66667
13 1 1.22367 1.22367 1.22367 0 2.66667
9 1 1.22367 1.22367 1.22367 0 2.66667
10 1 1.22366 1.22366 1.22366 0 2.66667
11 1 1.22366 1.22366 1.22366 0 2.66667
4 1 1.22364 1.22364 1.22364 0 2.8
136 1 0.6932 0.6932 0.6932 0 3.3
137 1 1e-08 1e-08 1e-08 0 0.888889
114 1 1e-08 1e-08 1e-08 0 1.16667
130 1 1e-08 1e-08 1e-08 0 0.888889
84 1 1e-08 1e-08 1e-08 0 2.90909
106 1 1e-08 1e-08 1e-08 0 2.88889
138 1 5e-09 5e-09 1e-08 5e-09 2.88889
139 1 1e-08 1e-08 1e-08 0 3.38889
141 1 1e-08 1e-08 1e-08 0 0.8
142 1 1e-08 1e-08 1e-08 0 2.88889
144 1 1e-08 1e-08 1e-08 0 0.8

140 1 149.939 149.939 149.939 0 0.9
145 1 130.706 130.706 130.706 0 0.888889
91 10 5.17157 5.15995 11.2625 6.10101 3.16667
143 9 4.07372 3.36901 11.8733 8.23515 0.8
99 9 6.56482 6.55914 11.6685 5.10554 2.85714
134 9 3.9425 3.93603 11.2698 7.33288 2.88889
118 8 6.93302 6.93302 11.2665 4.33353 3.16667
102 8 12.2752 8.66735 11.166 1.09228 0.888889
70 2 58.9359 3.58369 31.2598 27.6761 1.16667
135 3 23.6227 3.33333e-09 15.7484 11.1358 2.8
112 2 19.8969 19.8969 19.8969 0 2.8
131 2 23.4658 2e-09 11.7329 11.7329 0.8
74 1 8.40961 8.40961 8.40961 0 3.38889
53 1 6.54172 6.54172 6.54172 0 2.8
5 1 4.70802 4.70802 4.70802 0 2.66667
28 1 4.12222 4.12222 4.12222 0 2.8
12 1 2.30358 2.30358 2.30358 0 2.66667
15 1 2.08864 2.08864 2.08864 0 2.66667
6 1 1.34243 1.34243 1.34243 0 3.16667
14 1 1.22403 1.22403 1.22403 0 0.666667
7 1 1.22367 1.22367 1.22367 0 2.66667
13 1 1.22367 1.22367 1.22367 0 2.66667
9 1 1.22367 1.22367 1.22367 0 2.66667
10 1 1.22366 1.22366 1.22366 0 2.66667
11 1 1.22366 1.22366 1.22366 0 2.66667
4 1 1.22364 1.22364 1.22364 0 2.8
136 1 0.6932 0.6932 0.6932 0 3.3
120 1 1e-08 1e-08 1e-08 0 2.90909
137 1 1e-08 1e-08 1e-08 0 0.888889
114 1 1e-08 1e-08 1e-08 0 1.16667
130 1 1e-08 1e-08 1e-08 0 0.888889
84 1 1e-08 1e-08 1e-08 0 2.90909
106 1 1e-08 1e-08 1e-08 0 2.88889
141 1 1e-08 1e-08 1e-08 0 0.8
129 1 3.33333e-09 3.33333e-09 1e-08 6.66667e-09 2.90909

102 4 35.9189 31.1013 34.2418 1.97063 1.40909
134 10 9.97213 9.79383 12.8132 2.85973 2.88889
131 1 124.811 124.811 124.811 0 0.857143
143 9 6.512 5.67754 12.7896 6.61088 0.8
99 8 8.81434 7.87677 12.9777 4.99228 3.3
145 8 4.99384 4.66915 12.3217 7.4932 0.888889
140 7 4.40997 4.40196 12.8996 8.49197 1.38889
146 7 14.9976 2.31528 12.4202 4.26201 3.38889
91 7 4.71445 4.71445 12.2091 7.49463 3.16667
118 1 70.868 70.868 70.868 0 2.8
70 3 39.3162 3.33333e-09 13.9018 17.9972 1.16667
112 2 19.8969 19.8969 19.8969 0 2.8
135 2 35.434 5e-09 17.717 17.717 3.3
74 1 8.40961 8.40961 8.40961 0 3.38889
53 1 6.54172 6.54172 6.54172 0 2.8
5 1 4.70802 4.70802 4.70802 0 2.66667
28 1 4.12222 4.12222 4.12222 0 2.8
12 1 2.30358 2.30358 2.30358 0 2.66667
15 1 2.08864 2.08864 2.08864 0 2.66667
6 1 1.34243 1.34243 1.34243 0 3.16667
14 1 1.22403 1.22403 1.22403 0 0.666667
7 1 1.22367 1.22367 1.22367 0 2.66667
13 1 1.22367 1.22367 1.22367 0 2.66667
9 1 1.22367 1.22367 1.22367 0 2.66667
10 1 1.22366 1.22366 1.22366 0 2.66667
11 1 1.22366 1.22366 1.22366 0 2.66667
4 1 1.22364 1.22364 1.22364 0 2.8
136 1 0.6932 0.6932 0.6932 0 3.3
147 1 0.0499171 0.0499171 0.0499171 0 2.85714
130 1 1e-08 1e-08 1e-08 0 1.38889
84 1 1e-08 1e-08 1e-08 0 2.90909
106 1 1e-08 1e-08 1e-08 0 2.88889
141 1 1e-08 1e-08 1e-08 0 0.8
129 1 1e-08 1e-08 1e-08 0 2.90909
137 1 1e-08 1e-08 1e-08 0 0.888889
120 1 1e-08 1e-08 1e-08 0 2.90909

149 2 66.0691 64.957 65.513 0.556017 0.9
150 1 117.99 117.99 117.99 0 0.857143
140 10 4.68674 4.68559 11.5085 6.82252 1.38889
102 10 2.53924 2.53529 11.4792 8.94348 2.88889
91 10 10.7147 10.7147 10.7147 2.90232e-05 3.16667
143 4 35.816 0.00523696 26.7778 15.4573 0.8
131 10 3.24944 2.87424 10.6127 7.58098 0.8
99 6 19.7072 1.66667e-09 13.1318 9.28556 3.3
118 3 23.6227 3.33333e-09 15.7484 11.1358 3.3
134 3 42.927 3.33333e-09 14.3799 20.1861 3.40909
112 2 19.8969 19.8969 19.8969 0 2.8
74 1 8.40961 8.40961 8.40961 0 3.38889
148 1 7.16737 7.16737 7.16737 0 0.857143
53 1 6.54172 6.54172 6.54172 0 2.8
5 1 4.70802 4.70802 4.70802 0 2.66667
28 1 4.12222 4.12222 4.12222 0 2.8
12 1 2.30358 2.30358 2.30358 0 2.66667
15 1 2.08864 2.08864 2.08864 0 2.66667
6 1 1.34243 1.34243 1.34243 0 3.16667
14 1 1.22403 1.22403 1.22403 0 0.666667
7 1 1.22367 1.22367 1.22367 0 2.66667
13 1 1.22367 1.22367 1.22367 0 2.66667
9 1 1.22367 1.22367 1.22367 0 2.66667
11 1 1.22366 1.22366 1.22366 0 2.66667
10 1 1.22366 1.22366 1.22366 0 2.66667
4 1 1.22364 1.22364 1.22364 0 2.8
136 1 0.6932 0.6932 0.6932 0 3.3
147 1 0.0499171 0.0499171 0.0499171 0 2.85714
84 1 1e-08 1e-08 1e-08 0 2.90909
106 1 1e-08 1e-08 1e-08 0 2.88889
141 1 1e-08 1e-08 1e-08 0 0.8
129 1 1e-08 1e-08 1e-08 0 2.90909
120 1 1e-08 1e-08 1e-08 0 2.90909
70 1 1e-08 1e-08 1e-08 0 1.16667

143 14 5.97897 5.54942 8.41335 2.68855 0.857143
102 14 5.35054 4.88338 8.27159 2.96452 2.88889
91 12 5.35733 5.35733 8.48257 3.12523 3.16667
149 11 4.16497 3.94159 8.88341 4.75869 0.8
150 11 5.73056 4.71961 8.37985 3.44892 0.857143
140 9 16.664 0.00232754 9.36484 8.11405 1.38889
131 9 11.8243 1e-09 8.63367 4.86444 3.3
118 3 23.6227 3.33333e-09 15.7484 11.1358 2.8
112 2 19.8969 19.8969 19.8969 0 2.8
74 1 8.40961 8.40961 8.40961 0 3.38889
148 1 7.16737 7.16737 7.16737 0 0.857143
53 1 6.54172 6.54172 6.54172 0 2.8
5 1 4.70802 4.70802 4.70802 0 2.66667
28 1 4.12222 4.12222 4.12222 0 2.8
12 1 2.30358 2.30358 2.30358 0 2.66667
15 1 2.08864 2.08864 2.08864 0 2.66667
6 1 1.34243 1.34243 1.34243 0 3.16667
14 1 1.22403 1.22403 1.22403 0 0.666667
7 1 1.22367 1.22367 1.22367 0 2.66667
13 1 1.22367 1.22367 1.22367 0 2.66667
9 1 1.22367 1.22367 1.22367 0 2.66667
11 1 1.22366 1.22366 1.22366 0 2.66667
10 1 1.22366 1.22366 1.22366 0 2.66667
4 1 1.22364 1.22364 1.22364 0 2.8
136 1 0.6932 0.6932 0.6932 0 3.3

153 12 6.8154 6.7091 11.236 4.42952 0.9
143 11 3.1803 3.04817 11.0773 7.94104 0.857143
156 1 120.135 120.135 120.135 0 1.38889
102 10 4.83275 4.82523 11.1294 6.30343 2.88889
150 8 9.44394 8.42788 11.6996 3.1616 0.857143
131 8 13.1382 1.11111e-09 11.4849 4.34088 3.3
140 8 7.1417 7.07884 10.9631 3.85405 0.888889
91 7 3.57156 3.57156 11.3384 7.76684 1.38889
154 1 68.2864 68.2864 68.2864 0 0.857143
118 3 23.6227 3.33333e-09 15.7484 11.1358 3.3
112 2 19.8969 19.8969 19.8969 0 2.8
74 1 8.40961 8.40961 8.40961 0 3.38889
148 1 7.16737 7.16737 7.16737 0 0.857143
53 1 6.54172 6.54172 6.54172 0 2.8
5 1 4.70802 4.70802 4.70802 0 2.66667
28 1 4.12222 4.12222 4.12222 0 2.8
12 1 2.30358 2.30358 2.30358 0 2.66667
15 1 2.08864 2.08864 2.08864 0 2.66667
6 1 1.34243 1.34243 1.34243 0 3.16667
14 1 1.22403 1.22403 1.22403 0 0.666667
7 1 1.22367 1.22367 1.22367 0 2.66667
13 1 1.22367 1.22367 1.22367 0 2.66667
9 1 1.22367 1.22367 1.22367 0 2.66667
11 1 1.22366 1.22366 1.22366 0 2.66667
10 1 1.22366 1.22366 1.22366 0 2.66667
4 1 1.22364 1.22364 1.22364 0 2.8
136 1 0.6932 0.6932 0.6932 0 3.3
155 1 0.0522576 0.0522576 0.0522576 0 3.35714

102 13 7.12295 7.12295 11.0871 3.96416 2.88889
157 11 7.47371 7.35572 11.1787 3.74214 0.857143
158 7 16.8373 16.8373 16.8373 0 3.16667
143 10 6.61544 5.3632 11.062 5.18554 0.857143
156 9 5.17157 5.12615 11.4458 6.29218 0.888889
150 5 26.443 2e-09 19.9336 10.0367 0.8
153 8 4.0524 4.0524 12.0777 8.02533 0.9
131 8 5.91217 5.90833 11.0714 5.16206 3.3
154 1 68.2864 68.2864 68.2864 0 0.857143
118 3 23.6227 3.33333e-09 15.7484 11.1358 2.8
112 2 19.8969 19.8969 19.8969 0 2.8
74 1 8.40961 8.40961 8.40961 0 3.38889
148 1 7.16737 7.16737 7.16737 0 0.857143
53 1 6.54172 6.54172 6.54172 0 2.8
5 1 4.70802 4.70802 4.70802 0 2.66667
28 1 4.12222 4.12222 4.12222 0 2.8
12 1 2.30358 2.30358 2.30358 0 2.66667
15 1 2.08864 2.08864 2.08864 0 2.66667
6 1 1.34243 1.34243 1.34243 0 3.16667
14 1 1.22403 1.22403 1.22403 0 0.666667
7 1 1.22367 1.22367 1.22367 0 2.66667
13 1 1.22367 1.22367 1.22367 0 2.66667
9 1 1.22367 1.22367 1.22367 0 2.66667
11 1 1.22366 1.22366 1.22366 0 2.66667
10 1 1.22366 1.22366 1.22366 0 2.66667
4 1 1.22364 1.22364 1.22364 0 2.8
136 1 0.6932 0.6932 0.6932 0 3.3
155 1 0.0522576 0.0522576 0.0522576 0 3.35714
140 1 1e-08 1e-08 1e-08 0 3.38889
159 1 1e-08 1e-08 1e-08 0 3.35714
160 1 1e-08 1e-08 1e-08 0 0.8
161 1 1e-08 1e-08 1e-08 0 0.857143

156 14 9.37348 8.48997 9.25858 0.219993 1.38889
153 13 8.81993 8.526 9.43882 0.648894 0.9
102 13 4.40633 4.39947 8.92261 4.52261 1.38889
157 12 4.03984 3.9847 9.43093 5.40731 0.857143
143 11 3.96078 3.48769 8.83666 5.05102 0.857143
150 9 9.85362 5.69054 9.38679 1.30683 0.857143
158 9 5.61245 5.61245 9.35906 3.74662 3.16667
118 3 23.6227 3.33333e-09 15.7484 11.1358 2.8
112 2 19.8969 19.8969 19.8969 0 2.8
74 1 8.40961 8.40961 8.40961 0 3.38889
148 1 7.16737 7.16737 7.16737 0 0.857143
53 1 6.54172 6.54172 6.54172 0 2.8
5 1 4.70802 4.70802 4.70802 0 2.66667
28 1 4.12222 4.12222 4.12222 0 2.8
12 1 2.30358 2.30358 2.30358 0 2.66667
15 1 2.08864 2.08864 2.08864 0 2.66667
6 1 1.34243 1.34243 1.34243 0 3.16667
14 1 1.22403 1.22403 1.22403 0 0.666667
7 1 1.22367 1.22367 1.22367 0 2.66667
13 1 1.22367 1.22367 1.22367 0 2.66667
9 1 1.22367 1.22367 1.22367 0 2.66667
11 1 1.22366 1.22366 1.22366 0 2.66667
10 1 1.22366 1.22366 1.22366 0 2.66667
4 1 1.22364 1.22364 1.22364 0 2.8

102 12 4.40633 4.39947 10.9236 6.52357 2.88889
153 12 5.55329 5.55329 10.7219 5.16863 0.9
143 12 5.85506 5.65606 10.5941 4.87171 0.8
158 9 13.0957 13.0957 13.0957 3.55271e-15 3.16667
156 11 4.54472 4.50749 10.5802 6.04745 1.38889
165 10 6.91201 6.2193 10.6463 4.35841 3.3
157 10 4.67107 4.67001 10.5851 5.91429 0.857143
150 3 48.783 3.33333e-09 23.8484 19.9304 3.35714
118 3 23.6227 3.33333e-09 15.7484 11.1358 2.85714
112 2 19.8969 19.8969 19.8969 0 2.8
74 1 8.40961 8.40961 8.40961 0 3.38889
148 1 7.16737 7.16737 7.16737 0 0.857143
53 1 6.54172 6.54172 6.54172 0 2.8
5 1 4.70802 4.70802 4.70802 0 2.66667
28 1 4.12222 4.12222 4.12222 0 2.8
12 1 2.30358 2.30358 2.30358 0 2.66667
15 1 2.08864 2.08864 2.08864 0 2.66667
6 1 1.34243 1.34243 1.34243 0 3.16667
14 1 1.22403 1.22403 1.22403 0 0.666667
7 1 1.22367 1.22367 1.22367 0 2.66667
13 1 1.22367 1.22367 1.22367 0 2.66667
9 1 1.22367 1.22367 1.22367 0 2.66667
11 1 1.22366 1.22366 1.22366 0 2.66667
10 1 1.22366 1.22366 1.22366 0 2.66667
4 1 1.22364 1.22364 1.22364 0 2.8
166 1 1e-08 1e-08 1e-08 0 0.8

157 10 14.9474 14.944 14.9467 0.00134851 0.857143
153 13 5.76688 5.76688 9.37716 3.61028 0.9
156 12 6.24899 6.1978 9.48077 3.24685 1.38889
143 12 2.66089 2.39653 9.35973 6.91086 0.8
102 12 4.40633 4.39947 8.82435 4.4243 2.88889
158 11 4.20933 4.20933 9.18421 4.97488 3.16667
118 3 23.6227 3.33333e-09 15.7484 11.1358 2.85714
112 2 19.8969 19.8969 19.8969 0 2.8
165 3 39.5746 3.33333e-09 13.1915 18.6557 2.85714
74 1 8.40961 8.40961 8.40961 0 3.38889
148 1 7.16737 7.16737 7.16737 0 0.857143
53 1 6.54172 6.54172 6.54172 0 2.8
5 1 4.70802 4.70802 4.70802 0 2.66667
28 1 4.12222 4.12222 4.12222 0 2.8
12 1 2.30358 2.30358 2.30358 0 2.66667
15 1 2.08864 2.08864 2.08864 0 2.66667
6 1 1.34243 1.34243 1.34243 0 3.16667
14 1 1.22403 1.22403 1.22403 0 0.666667
7 1 1.22367 1.22367 1.22367 0 2.66667
13 1 1.22367 1.22367 1.22367 0 2.66667
9 1 1.22367 1.22367 1.22367 0 2.66667
11 1 1.22366 1.22366 1.22366 0 2.66667
10 1 1.22366 1.22366 1.22366 0 2.66667
4 1 1.22364 1.22364 1.22364 0 2.8

157 13 4.27069 4.27069 9.14599 4.8753 1.35714
158 11 10.7147 10.7147 10.7147 0 3.16667
102 13 5.76212 5.75315 8.94459 3.19074 2.88889
143 12 5.55252 4.89686 9.32433 4.30944 1.3
156 12 4.16599 4.15599 9.13419 4.96931 1.38889
153 12 4.83674 4.83674 8.9119 4.07516 0.9
165 3 48.783 3.33333e-09 16.261 22.9965 3.35714
118 3 23.6227 3.33333e-09 15.7484 11.1358 3.3
112 2 19.8969 19.8969 19.8969 0 2.8
74 1 8.40961 8.40961 8.40961 0 3.38889
148 1 7.16737 7.16737 7.16737 0 0.857143
53 1 6.54172 6.54172 6.54172 0 2.8
5 1 4.70802 4.70802 4.70802 0 2.66667
28 1 4.12222 4.12222 4.12222 0 2.8
12 1 2.30358 2.30358 2.30358 0 2.66667
15 1 2.08864 2.08864 2.08864 0 2.66667
6 1 1.34243 1.34243 1.34243 0 3.16667
14 1 1.22403 1.22403 1.22403 0 0.666667
7 1 1.22367 1.22367 1.22367 0 2.66667
13 1 1.22367 1.22367 1.22367 0 2.66667
9 1 1.22367 1.22367 1.22367 0 2.66667
11 1 1.22366 1.22366 1.22366 0 2.66667
10 1 1.22366 1.22366 1.22366 0 2.66667
4 1 1.22364 1.22364 1.22364 0 2.8
167 1 1e-08 1e-08 1e-08 0 3.3
168 1 1e-08 1e-08 1e-08 0 0.8
169 1 5e-09 5e-09 1e-08 5e-09 1.3

153 16 9.37118 8.35532 9.30769 0.245901 0.9
102 14 5.54871 5.54007 8.85625 3.31556 2.88889
156 13 5.35627 5.35203 8.73282 3.37687 1.38889
157 12 4.3963 4.3963 9.35191 4.95561 1.35714
143 12 4.40935 3.93354 8.8293 4.81579 0.8
158 9 3.46651 3.46651 9.24571 5.7792 3.16667
165 3 48.783 3.33333e-09 16.261 22.9965 3.35714
118 3 23.6227 3.33333e-09 15.7484 11.1358 3.3
112 2 19.8969 19.8969 19.8969 0 2.8
74 1 8.40961 8.40961 8.40961 0 3.38889
148 1 7.16737 7.16737 7.16737 0 0.857143
53 1 6.54172 6.54172 6.54172 0 2.8
5 1 4.70802 4.70802 4.70802 0 2.66667
28 1 4.12222 4.12222 4.12222 0 2.8
12 1 2.30358 2.30358 2.30358 0 2.66667
15 1 2.08864 2.08864 2.08864 0 2.66667
6 1 1.34243 1.34243 1.34243 0 3.16667
14 1 1.22403 1.22403 1.22403 0 0.666667
7 1 1.22367 1.22367 1.22367 0 2.66667
13 1 1.22367 1.22367 1.22367 0 2.66667
9 1 1.22367 1.22367 1.22367 0 2.66667
11 1 1.22366 1.22366 1.22366 0 2.66667
10 1 1.22366 1.22366 1.22366 0 2.66667
4 1 1.22364 1.22364 1.22364 0 2.8
167 1 1e-08 1e-08 1e-08 0 3.3
168 1 1e-08 1e-08 1e-08 0 0.8

143 15 5.76607 5.17948 8.31726 3.0173 0.8
157 14 6.22809 6.22809 8.41911 2.19102 0.857143
158 11 10.7147 10.7147 10.7147 0 3.16667
156 13 5.17157 5.17157 8.48576 3.31419 1.38889
102 13 3.48407 3.47865 8.45121 4.97214 2.88889
153 12 3.33197 3.33197 8.81023 5.47825 0.9
118 3 23.6227 3.33333e-09 15.7484 11.1358 3.3
112 2 19.8969 19.8969 19.8969 0 2.8
74 1 8.40961 8.40961 8.40961 0 3.38889
148 1 7.16737 7.16737 7.16737 0 0.857143
53 1 6.54172 6.54172 6.54172 0 2.8
5 1 4.70802 4.70802 4.70802 0 2.66667
28 1 4.12222 4.12222 4.12222 0 2.8
12 1 2.30358 2.30358 2.30358 0 2.66667
15 1 2.08864 2.08864 2.08864 0 2.66667
6 1 1.34243 1.34243 1.34243 0 3.16667
14 1 1.22403 1.22403 1.22403 0 0.666667
7 1 1.22367 1.22367 1.22367 0 2.66667
13 1 1.22367 1.22367 1.22367 0 2.66667
9 1 1.22367 1.22367 1.22367 0 2.66667
11 1 1.22366 1.22366 1.22366 0 2.66667
10 1 1.22366 1.22366 1.22366 0 2.66667
4 1 1.22364 1.22364 1.22364 0 2.8
165 1 5e-09 5e-09 1e-08 5e-09 3.35714
167 1 1e-08 1e-08 1e-08 0 3.3

156 13 11.5366 11.5366 11.5366 1.77636e-15 1.38889
153 12 12.4949 12.4949 12.4949 1.77636e-15 0.9
102 13 11.5242 11.5063 11.5077 0.00477873 2.88889
158 11 10.7147 10.7147 10.7147 0 2.66667
143 12 2.27171 2.13186 9.52869 7.30984 0.857143
157 11 2.37352 2.37261 9.43132 7.05863 0.857143
118 3 23.6227 3.33333e-09 15.7484 11.1358 2.8
112 2 19.8969 19.8969 19.8969 0 2.8
74 1 8.40961 8.40961 8.40961 0 3.38889
148 1 7.16737 7.16737 7.16737 0 0.857143
53 1 6.54172 6.54172 6.54172 0 2.8
5 1 4.70802 4.70802 4.70802 0 2.66667
28 1 4.12222 4.12222 4.12222 0 2.8
12 1 2.30358 2.30358 2.30358 0 2.66667
15 1 2.08864 2.08864 2.08864 0 2.66667
6 1 1.34243 1.34243 1.34243 0 3.16667
14 1 1.22403 1.22403 1.22403 0 0.666667
7 1 1.22367 1.22367 1.22367 0 2.66667
13 1 1.22367 1.22367 1.22367 0 2.66667
9 1 1.22367 1.22367 1.22367 0 2.66667
11 1 1.22366 1.22366 1.22366 0 2.66667
10 1 1.22366 1.22366 1.22366 0 2.66667
4 1 1.22364 1.22364 1.22364 0 2.8
165 1 1e-08 1e-08 1e-08 0 2.85714
167 1 1e-08 1e-08 1e-08 0 3.3

102 13 11.5242 11.5063 11.5077 0.00477873 2.88889
157 11 13.5938 13.5886 13.589 0.00150513 0.857143
143 13 11.5333 7.69231e-10 10.3993 3.01334 0.8
158 12 9.82178 5.90567 9.49544 1.08236 3.16667
156 12 2.14279 2.14251 9.11662 6.97409 1.38889
153 11 2.72616 2.72616 9.33789 6.61173 0.916667
112 2 19.8969 19.8969 19.8969 0 2.8
118 2 35.434 5e-09 17.717 17.717 2.85714
74 1 8.40961 8.40961 8.40961 0 3.38889
148 1 7.16737 7.16737 7.16737 0 0.857143
53 1 6.54172 6.54172 6.54172 0 2.8
5 1 4.70802 4.70802 4.70802 0 2.66667
28 1 4.12222 4.12222 4.12222 0 2.8
12 1 2.30358 2.30358 2.30358 0 2.66667
15 1 2.08864 2.08864 2.08864 0 2.66667
6 1 1.34243 1.34243 1.34243 0 3.16667
14 1 1.22403 1.22403 1.22403 0 0.666667
7 1 1.22367 1.22367 1.22367 0 2.66667
13 1 1.22367 1.22367 1.22367 0 2.66667
9 1 1.22367 1.22367 1.22367 0 2.66667
11 1 1.22366 1.22366 1.22366 0 2.66667
10 1 1.22366 1.22366 1.22366 0 2.66667
4 1 1.22364 1.22364 1.22364 0 2.8
167 1 1e-08 1e-08 1e-08 0 3.3

156 11 13.636 13.6342 13.6343 0.000519006 1.38889
153 11 13.6308 13.6308 13.6308 1.77636e-15 0.9
143 13 11.5366 10.8233 11.2868 0.270643 0.857143
158 11 10.7147 10.7147 10.7147 0 2.66667
102 12 2.37802 2.37432 9.22904 6.85441 2.88889
157 11 2.45676 2.4504 9.56754 7.1163 1.35714
118 3 23.6227 3.33333e-09 15.7484 11.1358 3.3
112 2 19.8969 19.8969 19.8969 0 2.8
74 1 8.40961 8.40961 8.40961 0 3.38889
148 1 7.16737 7.16737 7.16737 0 0.857143
53 1 6.54172 6.54172 6.54172 0 2.8
5 1 4.70802 4.70802 4.70802 0 2.66667
28 1 4.12222 4.12222 4.12222 0 2.8
12 1 2.30358 2.30358 2.30358 0 2.66667
15 1 2.08864 2.08864 2.08864 0 2.66667
6 1 1.34243 1.34243 1.34243 0 3.16667
14 1 1.22403 1.22403 1.22403 0 0.666667
7 1 1.22367 1.22367 1.22367 0 2.66667
13 1 1.22367 1.22367 1.22367 0 2.66667
9 1 1.22367 1.22367 1.22367 0 2.66667
11 1 1.22366 1.22366 1.22366 0 2.66667
10 1 1.22366 1.22366 1.22366 0 2.66667
4 1 1.22364 1.22364 1.22364 0 2.8
167 1 1e-08 1e-08 1e-08 0 3.3
171 1 1e-08 1e-08 1e-08 0 2.85714

102 12 12.4846 12.4652 12.4668 0.0053696 2.88889
157 11 13.6239 13.5886 13.5932 0.00995992 0.857143
143 13 11.5333 7.69231e-10 10.3993 3.01334 0.857143
158 12 9.82178 5.90567 9.49544 1.08236 3.16667
156 12 2.8301 2.82973 9.35677 6.52701 1.38889
153 12 2.14198 2.14198 8.90727 6.76528 0.9
112 2 19.8969 19.8969 19.8969 0 2.8
118 2 35.434 5e-09 17.717 17.717 3.3
74 1 8.40961 8.40961 8.40961 0 3.38889
148 1 7.16737 7.16737 7.16737 0 0.857143
53 1 6.54172 6.54172 6.54172 0 2.8
5 1 4.70802 4.70802 4.70802 0 2.66667
28 1 4.12222 4.12222 4.12222 0 2.8
12 1 2.30358 2.30358 2.30358 0 2.66667
15 1 2.08864 2.08864 2.08864 0 2.66667
6 1 1.34243 1.34243 1.34243 0 3.16667
14 1 1.22403 1.22403 1.22403 0 0.666667
7 1 1.22367 1.22367 1.22367 0 2.66667
13 1 1.22367 1.22367 1.22367 0 2.66667
9 1 1.22367 1.22367 1.22367 0 2.66667
11 1 1.22366 1.22366 1.22366 0 2.66667
10 1 1.22366 1.22366 1.22366 0 2.66667
4 1 1.22364 1.22364 1.22364 0 2.8
167 1 1e-08 1e-08 1e-08 0 3.3

156 12 12.4996 12.498 12.4981 0.000457395 1.38889
153 12 12.4949 12.4949 12.4949 1.77636e-15 0.9
143 13 11.5333 7.69231e-10 10.3993 3.01334 0.857143
158 11 10.7147 10.7147 10.7147 0 3.16667
102 12 2.41637 2.41261 9.14463 6.73171 2.88889
157 10 2.45676 2.4504 9.61924 7.16654 1.35714
118 3 23.6227 3.33333e-09 15.7484 11.1358 2.8
112 2 19.8969 19.8969 19.8969 0 2.8
74 1 8.40961 8.40961 8.40961 0 3.38889
148 1 7.16737 7.16737 7.16737 0 0.857143
53 1 6.54172 6.54172 6.54172 0 2.8
5 1 4.70802 4.70802 4.70802 0 2.66667
28 1 4.12222 4.12222 4.12222 0 2.8
12 1 2.30358 2.30358 2.30358 0 2.66667
15 1 2.08864 2.08864 2.08864 0 2.66667
6 1 1.34243 1.34243 1.34243 0 3.16667
14 1 1.22403 1.22403 1.22403 0 0.666667
7 1 1.22367 1.22367 1.22367 0 2.66667
13 1 1.22367 1.22367 1.22367 0 2.66667
9 1 1.22367 1.22367 1.22367 0 2.66667
11 1 1.22366 1.22366 1.22366 0 2.66667
10 1 1.22366 1.22366 1.22366 0 2.66667
4 1 1.22364 1.22364 1.22364 0 2.8
167 1 1e-08 1e-08 1e-08 0 3.3

157 10 14.9862 14.9474 14.9614 0.0142616 0.857143
102 12 12.4846 12.4652 12.4668 0.0053696 2.88889
143 13 11.5333 7.69231e-10 10.3993 3.01334 2.8
158 11 10.7147 10.7147 10.7147 0 3.16667
153 11 2.37998 2.37998 9.63868 7.2587 0.9
156 11 2.45894 2.45862 9.29567 6.83699 1.38889
118 3 23.6227 3.33333e-09 15.7484 11.1358 3.3
112 2 19.8969 19.8969 19.8969 0 2.8
74 1 8.40961 8.40961 8.40961 0 3.38889
148 1 7.16737 7.16737 7.16737 0 0.857143
53 1 6.54172 6.54172 6.54172 0 2.8
5 1 4.70802 4.70802 4.70802 0 2.66667
28 1 4.12222 4.12222 4.12222 0 2.8
12 1 2.30358 2.30358 2.30358 0 2.66667
15 1 2.08864 2.08864 2.08864 0 2.66667
6 1 1.34243 1.34243 1.34243 0 3.16667
14 1 1.22403 1.22403 1.22403 0 0.666667
7 1 1.22367 1.22367 1.22367 0 2.66667
13 1 1.22367 1.22367 1.22367 0 2.66667
9 1 1.22367 1.22367 1.22367 0 2.66667
11 1 1.22366 1.22366 1.22366 0 2.66667
10 1 1.22366 1.22366 1.22366 0 2.66667
4 1 1.22364 1.22364 1.22364 0 2.8
167 1 1e-08 1e-08 1e-08 0 3.3

156 11 13.636 13.6342 13.6345 0.000696319 1.38889
153 11 13.6308 13.6308 13.6308 1.77636e-15 0.9
143 13 11.5333 7.69231e-10 10.3993 3.01334 0.857143
102 13 2.23605 2.23257 9.81943 7.58659 2.88889
158 11 10.7147 10.7147 10.7147 0 3.16667
157 11 2.72477 2.71876 9.71298 6.99023 1.35714
118 3 23.6227 3.33333e-09 15.7484 11.1358 2.8
112 2 19.8969 19.8969 19.8969 0 2.8
74 1 8.40961 8.40961 8.40961 0 3.38889
148 1 7.16737 7.16737 7.16737 0 0.857143
53 1 6.54172 6.54172 6.54172 0 2.8
5 1 4.70802 4.70802 4.70802 0 2.66667
28 1 4.12222 4.12222 4.12222 0 2.8
12 1 2.30358 2.30358 2.30358 0 2.66667
15 1 2.08864 2.08864 2.08864 0 2.66667
6 1 1.34243 1.34243 1.34243 0 3.16667
14 1 1.22403 1.22403 1.22403 0 0.666667
7 1 1.22367 1.22367 1.22367 0 2.66667
13 1 1.22367 1.22367 1.22367 0 2.66667
9 1 1.22367 1.22367 1.22367 0 2.66667
11 1 1.22366 1.22366 1.22366 0 2.66667
10 1 1.22366 1.22366 1.22366 0 2.66667
4 1 1.22364 1.22364 1.22364 0 2.8
167 1 1e-08 1e-08 1e-08 0 3.3

157 11 13.6239 13.5938 13.6137 0.0104895 1.35714
102 13 11.5242 11.5063 11.5077 0.00477873 1.38889
143 13 11.5333 7.69231e-10 10.3993 3.01334 2.85714
158 11 10.7147 10.7147 10.7147 0 3.16667
153 11 2.45801 2.45801 9.27861 6.82059 0.916667
156 10 2.45894 2.45862 8.90777 6.44909 1.38889
118 3 23.6227 3.33333e-09 15.7484 11.1358 2.8
112 2 19.8969 19.8969 19.8969 0 2.8
74 1 8.40961 8.40961 8.40961 0 3.38889
148 1 7.16737 7.16737 7.16737 0 0.857143
53 1 6.54172 6.54172 6.54172 0 2.8
5 1 4.70802 4.70802 4.70802 0 2.66667
28 1 4.12222 4.12222 4.12222 0 2.8
12 1 2.30358 2.30358 2.30358 0 2.66667
15 1 2.08864 2.08864 2.08864 0 2.66667
6 1 1.34243 1.34243 1.34243 0 3.16667
14 1 1.22403 1.22403 1.22403 0 0.666667
7 1 1.22367 1.22367 1.22367 0 2.66667
13 1 1.22367 1.22367 1.22367 0 2.66667
9 1 1.22367 1.22367 1.22367 0 2.66667
11 1 1.22366 1.22366 1.22366 0 2.66667
10 1 1.22366 1.22366 1.22366 0 2.66667
4 1 1.22364 1.22364 1.22364 0 2.8
167 1 1e-08 1e-08 1e-08 0 3.3

156 10 14.9996 14.9976 14.998 0.00079436 1.38889
153 11 13.6308 13.6308 13.6308 1.77636e-15 0.9
172 1 143.478 143.478 143.478 0 0.8
143 12 12.4944 8.33333e-10 11.2084 3.39141 2.8
158 11 10.7147 10.7147 10.7147 0 3.16667
102 10 2.37802 2.37432 10.8916 8.51687 2.88889
157 9 2.49771 2.49592 10.5523 8.05496 1.35714
118 3 23.6227 3.33333e-09 15.7484 11.1358 2.85714
112 2 19.8969 19.8969 19.8969 0 2.8
74 1 8.40961 8.40961 8.40961 0 3.38889
148 1 7.16737 7.16737 7.16737 0 0.857143
53 1 6.54172 6.54172 6.54172 0 2.8
5 1 4.70802 4.70802 4.70802 0 2.66667
28 1 4.12222 4.12222 4.12222 0 2.8
12 1 2.30358 2.30358 2.30358 0 2.66667
15 1 2.08864 2.08864 2.08864 0 2.66667
6 1 1.34243 1.34243 1.34243 0 3.16667
14 1 1.22403 1.22403 1.22403 0 0.666667
7 1 1.22367 1.22367 1.22367 0 2.66667
13 1 1.22367 1.22367 1.22367 0 2.66667
9 1 1.22367 1.22367 1.22367 0 2.66667
11 1 1.22366 1.22366 1.22366 0 2.66667
10 1 1.22366 1.22366 1.22366 0 2.66667
4 1 1.22364 1.22364 1.22364 0 2.8
167 1 1e-08 1e-08 1e-08 0 3.3
173 1 1e-08 1e-08 1e-08 0 2.88889

157 9 16.6514 16.6395 16.6492 0.00417649 0.857143
172 12 12.4944 11.7253 12.2048 0.294136 0.857143
102 11 13.6196 9.09091e-10 12.3641 3.90987 2.88889
158 11 10.7147 10.7147 10.7147 0 3.16667
156 12 2.20582 2.20552 8.99891 6.79328 1.40909
153 11 2.82903 2.82903 9.29605 6.46701 0.9
118 3 23.6227 3.33333e-09 15.7484 11.1358 3.3
112 2 19.8969 19.8969 19.8969 0 2.8
74 1 8.40961 8.40961 8.40961 0 3.38889
148 1 7.16737 7.16737 7.16737 0 0.857143
53 1 6.54172 6.54172 6.54172 0 2.8
5 1 4.70802 4.70802 4.70802 0 2.66667
28 1 4.12222 4.12222 4.12222 0 2.8
12 1 2.30358 2.30358 2.30358 0 2.66667
15 1 2.08864 2.08864 2.08864 0 2.66667
6 1 1.34243 1.34243 1.34243 0 3.16667
14 1 1.22403 1.22403 1.22403 0 0.666667
7 1 1.22367 1.22367 1.22367 0 2.66667
13 1 1.22367 1.22367 1.22367 0 2.66667
9 1 1.22367 1.22367 1.22367 0 2.66667
11 1 1.22366 1.22366 1.22366 0 2.66667
10 1 1.22366 1.22366 1.22366 0 2.66667
4 1 1.22364 1.22364 1.22364 0 2.8
143 1 1e-08 1e-08 1e-08 0 2.85714
167 1 1e-08 1e-08 1e-08 0 3.3

156 12 12.4996 12.498 12.4986 0.000762204 1.38889
153 7 21.4198 21.4198 21.4198 0 0.9
174 4 37.4847 37.4847 37.4847 0 0.9
175 2 72.2282 69.4497 70.8389 1.38923 2.85714
102 11 13.6196 9.09091e-10 12.3641 3.90987 2.88889
158 9 10.7147 10.7147 13.0957 2.38104 2.66667
172 9 2.67768 2.65133 12.9534 10.2834 0.857143
157 9 2.34211 2.3416 12.5998 10.2582 0.857143
118 3 23.6227 3.33333e-09 15.7484 11.1358 2.8
112 2 19.8969 19.8969 19.8969 0 2.8
74 1 8.40961 8.40961 8.40961 0 3.38889
148 1 7.16737 7.16737 7.16737 0 0.857143
53 1 6.54172 6.54172 6.54172 0 2.8
5 1 4.70802 4.70802 4.70802 0 2.66667
28 1 4.12222 4.12222 4.12222 0 2.8
12 1 2.30358 2.30358 2.30358 0 2.66667
15 1 2.08864 2.08864 2.08864 0 2.66667
6 1 1.34243 1.34243 1.34243 0 3.16667
14 1 1.22403 1.22403 1.22403 0 0.666667
7 1 1.22367 1.22367 1.22367 0 2.66667
13 1 1.22367 1.22367 1.22367 0 2.66667
9 1 1.22367 1.22367 1.22367 0 2.66667
11 1 1.22366 1.22366 1.22366 0 2.66667
10 1 1.22366 1.22366 1.22366 0 2.66667
4 1 1.22364 1.22364 1.22364 0 2.8
167 1 1e-08 1e-08 1e-08 0 3.3

174 4 37.4847 37.4847 37.4847 0 0.9
157 9 16.655 16.6514 16.6518 0.00113412 0.857143
172 5 29.9901 29.9602 29.9709 0.0131962 0.857143
175 6 24.9888 23.1499 24.4376 0.646778 2.8
102 11 13.6196 9.09091e-10 12.3641 3.90987 2.88889
156 9 2.30762 2.30743 12.8638 10.5562 1.38889
158 9 11.7861 11.7861 12.5736 0.787422 2.66667
153 8 2.77679 2.77664 12.8403 10.0637 0.9
112 2 19.8969 19.8969 19.8969 0 2.8
118 2 35.434 5e-09 17.717 17.717 2.85714
74 1 8.40961 8.40961 8.40961 0 3.38889
148 1 7.16737 7.16737 7.16737 0 0.857143
53 1 6.54172 6.54172 6.54172 0 2.8
5 1 4.70802 4.70802 4.70802 0 2.66667
28 1 4.12222 4.12222 4.12222 0 2.8
12 1 2.30358 2.30358 2.30358 0 2.66667
15 1 2.08864 2.08864 2.08864 0 2.66667
6 1 1.34243 1.34243 1.34243 0 3.16667
14 1 1.22403 1.22403 1.22403 0 0.666667
7 1 1.22367 1.22367 1.22367 0 2.66667
13 1 1.22367 1.22367 1.22367 0 2.66667
9 1 1.22367 1.22367 1.22367 0 2.66667
11 1 1.22366 1.22366 1.22366 0 2.66667
10 1 1.22366 1.22366 1.22366 0 2.66667
4 1 1.22364 1.22364 1.22364 0 2.8
167 1 1e-08 1e-08 1e-08 0 3.3

156 9 16.6662 16.6648 16.6659 0.00045538 1.38889
172 9 16.6611 16.4972 16.6132 0.0614841 0.857143
175 2 72.2282 69.4497 70.8389 1.38923 2.85714
102 11 13.6196 9.09091e-10 12.3641 3.90987 2.88889
158 9 13.0957 13.0957 13.0957 3.55271e-15 3.16667
157 11 2.67669 2.67611 10.1716 7.49531 1.38889
174 8 2.30687 2.30675 10.5652 8.25841 0.9
112 2 19.8969 19.8969 19.8969 0 2.8
118 2 35.434 5e-09 17.717 17.717 3.3
74 1 8.40961 8.40961 8.40961 0 3.38889
148 1 7.16737 7.16737 7.16737 0 0.857143
53 1 6.54172 6.54172 6.54172 0 2.8
5 1 4.70802 4.70802 4.70802 0 2.66667
28 1 4.12222 4.12222 4.12222 0 2.8
12 1 2.30358 2.30358 2.30358 0 2.66667
15 1 2.08864 2.08864 2.08864 0 2.66667
6 1 1.34243 1.34243 1.34243 0 3.16667
14 1 1.22403 1.22403 1.22403 0 0.666667
7 1 1.22367 1.22367 1.22367 0 2.66667
13 1 1.22367 1.22367 1.22367 0 2.66667
9 1 1.22367 1.22367 1.22367 0 2.66667
11 1 1.22366 1.22366 1.22366 0 2.66667
10 1 1.22366 1.22366 1.22366 0 2.66667
4 1 1.22364 1.22364 1.22364 0 2.8
167 1 1e-08 1e-08 1e-08 0 3.3

174 8 18.7433 18.7424 18.7425 0.000320771 0.9
157 11 13.6268 13.6239 13.6249 0.00142034 0.857143
175 2 72.2282 69.4497 70.8389 1.38923 2.85714
102 11 13.6196 9.09091e-10 12.3641 3.90987 2.88889
158 9 13.0957 13.0957 13.0957 3.55271e-15 3.16667
156 10 2.67849 2.67839 10.5881 7.90959 1.38889
172 10 2.41855 2.41615 10.4945 8.07695 0.857143
112 2 19.8969 19.8969 19.8969 0 2.8
118 2 35.434 5e-09 17.717 17.717 2.85714
74 1 8.40961 8.40961 8.40961 0 3.38889
148 1 7.16737 7.16737 7.16737 0 0.857143
53 1 6.54172 6.54172 6.54172 0 2.8
5 1 4.70802 4.70802 4.70802 0 2.66667
28 1 4.12222 4.12222 4.12222 0 2.8
12 1 2.30358 2.30358 2.30358 0 2.66667
15 1 2.08864 2.08864 2.08864 0 2.66667
6 1 1.34243 1.34243 1.34243 0 3.16667
14 1 1.22403 1.22403 1.22403 0 0.666667
7 1 1.22367 1.22367 1.22367 0 2.66667
13 1 1.22367 1.22367 1.22367 0 2.66667
9 1 1.22367 1.22367 1.22367 0 2.66667
11 1 1.22366 1.22366 1.22366 0 2.66667
10 1 1.22366 1.22366 1.22366 0 2.66667
4 1 1.22364 1.22364 1.22364 0 2.8
167 1 1e-08 1e-08 1e-08 0 3.3

156 10 14.9996 14.999 14.9995 0.000166583 1.38889
172 9 16.6611 16.6446 16.6533 0.007886 0.857143
175 3 49.9775 46.2998 48.1431 1.50144 2.85714
102 11 13.6196 9.09091e-10 12.3641 3.90987 2.88889
158 10 11.7861 7.0868 11.3162 1.4098 3.16667
157 9 2.88259 2.88259 10.4619 7.57926 1.85714
174 9 2.27192 2.2718 10.4508 8.17902 0.9
112 2 19.8969 19.8969 19.8969 0 2.8
74 1 8.40961 8.40961 8.40961 0 3.38889
148 1 7.16737 7.16737 7.16737 0 0.857143
53 1 6.54172 6.54172 6.54172 0 2.8
5 1 4.70802 4.70802 4.70802 0 2.66667
28 1 4.12222 4.12222 4.12222 0 2.8
12 1 2.30358 2.30358 2.30358 0 2.66667
15 1 2.08864 2.08864 2.08864 0 2.66667
6 1 1.34243 1.34243 1.34243 0 3.16667
14 1 1.22403 1.22403 1.22403 0 0.666667
7 1 1.22367 1.22367 1.22367 0 2.66667
13 1 1.22367 1.22367 1.22367 0 2.66667
9 1 1.22367 1.22367 1.22367 0 2.66667
11 1 1.22366 1.22366 1.22366 0 2.66667
10 1 1.22366 1.22366 1.22366 0 2.66667
4 1 1.22364 1.22364 1.22364 0 2.8
118 1 1e-08 1e-08 1e-08 0 2.85714
167 1 1e-08 1e-08 1e-08 0 3.3
176 1 1e-08 1e-08 1e-08 0 0.888889

174 9 16.6607 16.6599 16.66 0.000270948 0.9
157 9 16.655 16.655 16.655 0 0.857143
175 2 72.2282 69.4497 70.8389 1.38923 2.85714
102 11 13.6196 9.09091e-10 12.3641 3.90987 2.88889
158 9 13.0957 13.0957 13.0957 3.55271e-15 3.16667
172 10 2.41855 2.41846 10.822 8.40345 0.857143
156 9 2.58614 2.58613 10.7056 8.11949 1.38889
112 2 19.8969 19.8969 19.8969 0 2.8
118 2 35.434 5e-09 17.717 17.717 3.3
74 1 8.40961 8.40961 8.40961 0 3.38889
148 1 7.16737 7.16737 7.16737 0 0.857143
53 1 6.54172 6.54172 6.54172 0 2.8
5 1 4.70802 4.70802 4.70802 0 2.66667
28 1 4.12222 4.12222 4.12222 0 2.8
12 1 2.30358 2.30358 2.30358 0 2.66667
15 1 2.08864 2.08864 2.08864 0 2.66667
6 1 1.34243 1.34243 1.34243 0 3.16667
14 1 1.22403 1.22403 1.22403 0 0.666667
7 1 1.22367 1.22367 1.22367 0 2.66667
13 1 1.22367 1.22367 1.22367 0 2.66667
9 1 1.22367 1.22367 1.22367 0 2.66667
11 1 1.22366 1.22366 1.22366 0 2.66667
10 1 1.22366 1.22366 1.22366 0 2.66667
4 1 1.22364 1.22364 1.22364 0 2.8
167 1 1e-08 1e-08 1e-08 0 3.3
176 1 1e-08 1e-08 1e-08 0 0.888889

156 9 16.6663 16.6662 16.6662 2.55387e-05 1.38889
172 10 14.995 14.9944 14.9949 0.000235403 0.857143
177 1 149.815 149.815 149.815 0 1.38889
178 1 144.617 144.617 144.617 0 1.35714
175 2 72.2282 69.4497 70.8389 1.38923 2.85714
102 10 14.9582 1e-09 13.4624 4.48746 2.88889
157 9 2.58439 2.58439 13.5052 10.9208 1.35714
158 8 13.0957 13.0957 14.7327 1.63696 3.16667
174 7 2.54147 2.54134 15.2303 12.6889 0.9
112 2 19.8969 19.8969 19.8969 0 2.8
118 2 35.434 5e-09 17.717 17.717 3.3
74 1 8.40961 8.40961 8.40961 0 3.38889
148 1 7.16737 7.16737 7.16737 0 0.857143
53 1 6.54172 6.54172 6.54172 0 2.8
5 1 4.70802 4.70802 4.70802 0 2.66667
28 1 4.12222 4.12222 4.12222 0 2.8
12 1 2.30358 2.30358 2.30358 0 2.66667
15 1 2.08864 2.08864 2.08864 0 2.66667
6 1 1.34243 1.34243 1.34243 0 3.16667
14 1 1.22403 1.22403 1.22403 0 0.666667
7 1 1.22367 1.22367 1.22367 0 2.66667
13 1 1.22367 1.22367 1.22367 0 2.66667
9 1 1.22367 1.22367 1.22367 0 2.66667
11 1 1.22366 1.22366 1.22366 0 2.66667
10 1 1.22366 1.22366 1.22366 0 2.66667
4 1 1.22364 1.22364 1.22364 0 2.8
167 1 1e-08 1e-08 1e-08 0 3.3
176 1 1e-08 1e-08 1e-08 0 0.888889

