1 1 0.0887516 0.0887516 0.0887516 0 0
5 1 0.0522536 0.0522536 0.0522536 0 2
2 1 1e-08 1e-08 1e-08 0 2
3 1 1e-08 1e-08 1e-08 0 2
4 1 1e-08 1e-08 1e-08 0 2

5 34 1.22461 0.0522536 0.250824 0.243777 2
1 37 1.79912 0.0521239 0.151688 0.148573 0
2 1 1e-08 1e-08 1e-08 0 2
3 1 2.5e-09 2.5e-09 1e-08 7.5e-09 2
4 1 3.33333e-09 3.33333e-09 1e-08 6.66667e-09 2

6 1 1.22448 1.22448 1.22448 0 3.16667
5 20 3.36712 0.0114843 0.407099 0.39018 2
1 8 0.365774 0.0365029 0.167241 0.157792 0
7 1 0.113267 0.113267 0.113267 0 1.16667
4 3 0.223497 7.5e-09 0.0744992 0.0608283 2
3 1 0.0237102 0.0237102 0.0237102 8.57143e-09 2
2 1 3.33333e-09 3.33333e-09 1e-08 6.66667e-09 2

5 33 12.3311 0.0420741 1.61083 1.56444 2.66667
8 1 1.22456 1.22456 1.22456 0 3.16667
6 19 0.518836 0.381396 0.959099 0.938646 3.16667
1 16 3.06336 1e-08 0.782579 0.7369 0.666667
7 2 0.0679794 0.0226535 0.113277 0.0913244 1.16667
4 2 0.202677 6.66667e-09 0.101339 0.0716572 2
3 1 0.0829855 0.0829855 0.0829856 5e-09 2.5
2 1 1e-08 1e-08 1e-08 0 2

18 4 3.06336 0.340129 2.38255 1.81107 0.5
8 11 5.03724 0.374171 2.26731 2.13112 3.16667
9 2 1.22461 1.22461 1.22461 0.612305 2.66667
15 2 1.22459 1.22459 1.22459 0.612296 2.66667
14 2 1.22459 1.22459 1.22459 0.612296 2.66667
13 3 1.22459 1.22459 1.22459 0.816395 2.66667
17 3 1.22451 1.22451 1.22451 0.816337 1.16667
10 5 0.896031 0.510254 1.19971 1.08267 2.66667
6 5 0.244961 0.180071 1.17385 1.13006 3.16667
12 5 0.360174 0.360174 1.13305 1.06101 2.66667
11 5 0.680329 0.680329 1.04021 0.904146 2.66667
5 4 0.77077 0.418659 0.987068 0.839544 2.66667
16 3 0.459203 0.459203 0.771873 0.618805 2.66667
2 2 1.22459 1e-08 0.612296 0.432959 2
4 2 0.816395 0.202677 0.509536 0.297401 2
20 1 0.113366 0.113366 0.340099 0.226733 0.666667
22 1 0.339504 0.339504 0.339504 0 0.666667
19 1 0.113376 0.113376 0.264542 0.151166 0.666667
7 1 0.169948 0.169948 0.226582 0.0566337 1.16667
1 1 0.0485903 0.0485903 0.222665 0.174075 0
21 1 0.084955 0.084955 0.16991 0.084955 0.666667
3 1 0.165971 0.165971 0.165971 0 2.5
25 1 0.0261365 0.0261365 0.0522723 0.0261358 3.3
24 1 0.0522536 0.0522536 0.0522536 0 2.8
27 1 0.0447634 0.0447634 0.0447634 0 3.3
28 1 0.00338672 0.00338672 0.00338672 0 1.16667
23 1 1e-08 1e-08 1e-08 0 2.8
26 1 1e-08 1e-08 1e-08 0 3.16667
29 1 1e-08 1e-08 1e-08 0 3.16667

8 24 14.6538 1.0885 5.43985 5.22127 3.16667
18 10 3.31585 1.53168 2.245 2.07469 0.5
10 6 0.992527 0.565204 1.34427 1.21498 2.66667
17 5 0.362116 0.362116 1.30093 1.2285 1.16667
12 5 0.437354 0.437354 1.22459 1.13712 2.66667
15 5 0.76537 0.76537 1.22459 1.07152 2.66667
16 3 1.22454 1.22454 1.22454 0.816361 2.66667
11 5 0.612296 0.612296 1.19642 1.07396 2.66667
13 4 0.674573 0.376798 1.02046 0.908221 2.66667
9 4 0.699777 0.699777 0.881976 0.707032 2.66667
4 2 1.22459 0.297997 0.761295 0.445594 2.66667
14 3 0.524825 0.524825 0.707235 0.532293 2.66667
1 3 0.918444 0.255099 0.677409 0.462517 0.8
5 3 0.706486 0.279135 0.657081 0.473851 2.66667
19 1 0.340129 0.340129 0.340129 0 0.666667
20 1 0.340099 0.340099 0.340099 0 0.666667
7 1 0.339897 0.339897 0.339897 0 1.16667
21 1 0.33982 0.33982 0.33982 0 0.666667
22 1 0.339504 0.339504 0.339504 0 0.666667
3 1 0.165971 0.165971 0.165971 0 2.5
24 1 0.0522536 0.0522536 0.0522536 0 2.8
27 1 0.0447634 0.0447634 0.0447634 0 3.3
6 1 0.0130682 0.0130682 0.0130682 7.5e-09 3.3
28 1 0.00338672 0.00338672 0.00338672 0 1.16667
2 1 1e-08 1e-08 1e-08 0 2
23 1 1e-08 1e-08 1e-08 0 2.8
29 1 1e-08 1e-08 1e-08 0 3.16667
30 1 1e-08 1e-08 1e-08 0 2.66667

8 18 5.11619 0.380035 4.54747 4.32971 2.66667
18 12 3.61729 1.67092 3.04415 2.86522 0.5
13 7 3.60834 1.07152 1.79684 1.54478 2.66667
17 6 0.713887 0.713887 1.66574 1.54675 3.16667
32 1 1.66574 1.66574 1.66574 0 3.3
10 6 1.07524 0.612304 1.61039 1.44433 2.66667
14 3 1.22459 1.22459 1.22459 0.816395 2.66667
1 1 1.14491 1.14491 1.14491 0 0.8
16 4 0.612271 0.612271 1.07147 0.918406 2.66667
11 4 0.326558 0.326558 1.06131 0.979674 2.66667
15 4 0.349884 0.349884 1.05712 0.969647 2.66667
9 4 0.816406 0.816406 1.02922 0.825118 2.66667
12 3 0.367378 0.367378 0.862442 0.739983 2.66667
5 3 0.941982 0.37218 0.752048 0.509297 2.66667
31 1 0.340132 0.340132 0.340132 0 0.666667
19 1 0.340129 0.340129 0.340129 0 0.666667
20 1 0.340099 0.340099 0.340099 0 0.666667
21 1 0.33982 0.33982 0.33982 0 0.666667
22 1 0.339504 0.339504 0.339504 0 0.666667
4 1 0.297997 0.297997 0.297997 0 2.66667
7 1 0.169948 0.169948 0.169948 5e-09 0.666667
3 1 0.0829855 0.0829855 0.0829856 5e-09 2.66667
33 1 0.0525119 0.0525119 0.0525119 0 1.3
6 1 0.0522729 0.0522729 0.0522729 0 3.3
24 1 0.0522536 0.0522536 0.0522536 0 2.8
27 1 0.0447634 0.0447634 0.0447634 0 3.3
2 1 0.0261349 0.0261349 0.0261349 5e-09 2
28 1 0.00338672 0.00338672 0.00338672 0 1.16667
23 1 1e-08 1e-08 1e-08 0 2.8
29 1 1e-08 1e-08 1e-08 0 3.16667
34 1 1e-08 1e-08 1e-08 0 2.8
35 1 1e-08 1e-08 1e-08 0 3.16667

8 35 16.4855 0.842732 12.1509 11.8052 3.16667
18 10 2.45619 1.13458 3.36877 3.16338 1
13 5 1.47279 0.782986 1.84644 1.66316 2.66667
10 4 0.477883 0.477883 1.61251 1.49304 2.66667
32 4 1.8328 1.33259 1.48847 1.11753 3.3
16 4 2.43044 0.349869 1.48602 1.28835 2.66667
17 3 0.208217 0.208217 1.28681 1.2174 3.3
9 3 0.918457 0.918457 1.22461 0.918457 2.66667
11 3 0.459222 0.459222 1.22459 1.07152 2.66667
12 3 1.22459 1.22459 1.22459 0.816395 2.66667
5 3 1.73423 0.941982 1.20607 0.813624 2.66667
15 3 0.612296 0.612296 1.02049 0.816395 2.66667
14 2 0.306148 0.306148 0.772499 0.619425 2.66667
1 2 0.478903 0.457965 0.719039 0.48485 2.85714
31 1 0.340132 0.340132 0.340132 0 0.666667
19 1 0.340129 0.340129 0.340129 0 0.666667
20 1 0.340099 0.340099 0.340099 0 0.666667
7 1 0.339897 0.339897 0.339897 0 1.16667
21 1 0.33982 0.33982 0.33982 0 0.666667
22 1 0.339504 0.339504 0.339504 0 0.666667
4 1 0.297997 0.297997 0.297997 0 2.66667
3 1 0.165971 0.165971 0.165971 0 2.5
36 1 0.0553604 0.0553604 0.0553604 0 2.8
33 1 0.0525119 0.0525119 0.0525119 0 1.3
2 1 0.0522699 0.0522699 0.0522699 0 2.8
24 1 0.0522536 0.0522536 0.0522536 0 2.8
27 1 0.0447634 0.0447634 0.0447634 0 3.3
28 1 0.00338672 0.00338672 0.00338672 0 1.16667
23 1 1e-08 1e-08 1e-08 0 2.8
29 1 1e-08 1e-08 1e-08 0 3.16667
34 1 1e-08 1e-08 1e-08 0 2.8

8 24 5.13834 4.77519 8.19712 7.98681 3.16667
18 16 4.82306 4.82306 5.52812 5.22668 0.5
16 6 3.40262 0.489817 2.11384 1.88433 2.66667
10 5 1.19471 1.19471 1.91153 1.67259 2.66667
13 4 1.49957 0.797222 1.48674 1.24586 2.66667
17 4 0.951849 0.951849 1.43524 1.19728 3.16667
32 4 1.01822 0.740327 1.36079 1.13745 3.3
9 3 0.408203 0.408203 1.22461 1.08854 2.66667
12 3 0.918444 0.918444 1.22459 0.918444 2.66667
15 3 1.22459 1.22459 1.22459 0.816395 2.66667
14 2 1.22459 1.22459 1.22459 0.612296 2.66667
5 3 1.73423 0.941982 1.20607 0.813624 2.66667
1 2 1.19726 1.14491 1.17108 0.585688 0.8
11 3 0.459222 0.459222 1.07844 0.925364 2.66667
31 1 0.340132 0.340132 0.340132 0 0.666667
19 1 0.340129 0.340129 0.340129 0 0.666667
20 1 0.340099 0.340099 0.340099 0 0.666667
7 1 0.339897 0.339897 0.339897 0 1.16667
21 1 0.33982 0.33982 0.33982 0 0.666667
22 1 0.339504 0.339504 0.339504 0 0.666667
41 1 0.315895 0.315895 0.315895 0 2.66667
4 1 0.304016 0.304016 0.304016 0 2.66667
3 1 0.165971 0.165971 0.165971 0 2.5
23 1 0.0563773 0.0563773 0.0563773 5e-09 2.8
33 1 0.0525119 0.0525119 0.0525119 0 1.3
2 1 0.0522699 0.0522699 0.0522699 0 2.8
24 1 0.0522536 0.0522536 0.0522536 0 2.8
27 1 0.0447634 0.0447634 0.0447634 0 3.3
28 1 0.00338672 0.00338672 0.00338672 0 1.16667
29 1 5e-09 5e-09 1e-08 5e-09 3.16667
34 1 1e-08 1e-08 1e-08 0 2.8
40 1 1e-08 1e-08 1e-08 0 3.16667

8 28 8.87681 8.87681 15.1886 14.8716 3.16667
13 12 45.3789 1e-08 9.10839 8.45851 2.66667
18 10 2.21057 2.21057 5.77521 5.55416 0.5
16 8 15.9925 0.699738 4.6091 4.13263 2.66667
32 3 0.572751 0.569691 1.88981 1.69924 3.3
10 3 0.71733 0.358412 1.85644 1.69803 2.66667
45 1 1.66976 1.66976 1.66976 0 1.35714
12 3 2.15996 0.459222 1.64715 1.33219 2.66667
17 2 0.277623 0.277623 1.2587 1.11989 3.16667
9 2 0.408203 0.408203 1.22461 1.02051 2.66667
11 2 0.816395 0.816395 1.22459 0.816395 2.66667
15 2 0.408197 0.408197 1.22459 1.02049 2.66667
14 2 1.22459 1.22459 1.22459 0.612296 2.66667
5 2 1.15616 0.627988 1.20607 0.771414 2.66667
1 2 1.19726 1.14491 1.17108 0.585688 0.8
31 1 0.340132 0.340132 0.340132 0 0.666667
19 1 0.340129 0.340129 0.340129 0 0.666667
42 1 0.340127 0.340127 0.340127 0 2.66667
20 1 0.340099 0.340099 0.340099 0 0.666667
7 1 0.339897 0.339897 0.339897 0 1.16667
21 1 0.33982 0.33982 0.33982 0 0.666667
22 1 0.339504 0.339504 0.339504 0 0.666667
41 1 0.315895 0.315895 0.315895 0 2.66667
4 1 0.297997 0.297997 0.297997 0 2.66667
3 1 0.165971 0.165971 0.165971 0 2.5
33 1 0.0525119 0.0525119 0.0525119 0 1.3
2 1 0.0522699 0.0522699 0.0522699 0 2.8
24 1 0.0522536 0.0522536 0.0522536 0 2.8
27 1 0.0447634 0.0447634 0.0447634 0 3.3
28 1 0.00338672 0.00338672 0.00338672 0 1.16667
29 1 1e-08 1e-08 1e-08 0 3.16667
34 1 1e-08 1e-08 1e-08 0 2.8
43 1 1e-08 1e-08 1e-08 0 2.5
44 1 1e-08 1e-08 1e-08 0 2.66667

8 22 7.25362 7.25362 16.1595 15.8298 3.16667
46 11 16.4855 1e-08 8.63851 7.88596 3.66667
33 2 16.2417 0.0525119 8.14712 5.74235 1.16667
13 9 11.0381 0.533682 7.20867 6.52045 2.66667
16 9 10.4951 3.18995 6.60657 5.99379 2.66667
18 8 2.30668 2.30668 6.07376 5.78542 0.5
10 3 4.30398 2.15047 2.86831 1.94192 2.66667
12 3 5.7599 1.22459 2.73636 1.9585 2.66667
17 2 1.66574 1.66574 1.66574 0.832868 3.16667
32 2 0.572751 0.572751 1.59729 1.31091 1.3
9 1 0.612305 0.612305 1.22461 0.612305 2.66667
11 1 0.612296 0.612296 1.22459 0.612296 2.66667
15 1 0.612296 0.612296 1.22459 0.612296 2.66667
14 1 0.612296 0.612296 1.22459 0.612296 2.66667
1 1 0.598628 0.598628 1.17108 0.572456 0.8
5 1 0.470991 0.470991 0.657081 0.18609 2.66667
52 1 0.481842 0.481842 0.481842 0 3.3
31 1 0.340132 0.340132 0.340132 0 0.666667
19 1 0.340129 0.340129 0.340129 0 0.666667
42 1 0.340127 0.340127 0.340127 0 2.66667
20 1 0.340099 0.340099 0.340099 0 0.666667
7 1 0.339897 0.339897 0.339897 0 1.16667
21 1 0.33982 0.33982 0.33982 0 0.666667
22 1 0.339504 0.339504 0.339504 0 0.666667
41 1 0.315895 0.315895 0.315895 0 2.66667
4 1 0.304016 0.304016 0.304016 0 2.66667
48 1 0.284165 0.284165 0.284165 0 1.16667
3 1 0.165971 0.165971 0.165971 0 2.5
47 1 0.0729082 0.0729082 0.0729082 0 2.66667
24 1 0.0522536 0.0522536 0.0522536 0 2.8
27 1 0.0447634 0.0447634 0.0447634 0 3.3
49 1 0.0270242 0.0270242 0.0270242 0 2.8
28 1 0.00338672 0.00338672 0.00338672 0 1.16667
29 1 1e-08 1e-08 1e-08 0 3.16667
34 1 1e-08 1e-08 1e-08 0 2.8
43 1 1e-08 1e-08 1e-08 0 2.5
44 1 1e-08 1e-08 1e-08 0 2.66667
50 1 5e-09 5e-09 1e-08 5e-09 2.66667
51 1 3.33333e-09 3.33333e-09 1e-08 6.66667e-09 3.16667

13 26 45.3789 1e-08 28.6289 27.5399 0.666667
16 13 22.7394 6.91157 14.0625 13.076 2.66667
46 1 12.1745 12.1745 12.1745 0 3.16667
8 11 2.53588 2.15882 11.8465 11.6471 3.16667
55 1 8.50655 8.50655 8.50655 0 2.8
18 5 2.07241 2.07241 5.39586 4.98138 0.5
54 2 5.97353 1e-08 2.98677 2.11196 3.3
12 2 3.83993 0.816395 2.73636 1.74454 2.66667
10 2 2.15199 1.07524 2.68885 1.9012 2.66667
32 2 2.291 2.291 2.291 1.1455 3.3
17 1 0.832868 0.832868 1.66574 0.832868 3.16667
9 1 1.22461 1.22461 1.22461 0 2.66667
11 1 1.22459 1.22459 1.22459 0 2.66667
15 1 1.22459 1.22459 1.22459 0 2.66667
14 1 1.22459 1.22459 1.22459 0 2.66667
1 1 1.19726 1.19726 1.19726 0 2.8
5 1 0.941982 0.941982 0.941982 0 2.66667
52 1 0.481842 0.481842 0.481842 0 3.3
31 1 0.340132 0.340132 0.340132 0 0.666667
19 1 0.340129 0.340129 0.340129 0 0.666667
42 1 0.340127 0.340127 0.340127 0 2.66667
20 1 0.340099 0.340099 0.340099 0 0.666667
7 1 0.339897 0.339897 0.339897 0 1.16667
21 1 0.33982 0.33982 0.33982 0 0.666667
22 1 0.339504 0.339504 0.339504 0 0.666667
41 1 0.315895 0.315895 0.315895 0 2.66667
4 1 0.297997 0.297997 0.297997 0 2.66667
57 1 0.170066 0.170066 0.226755 0.0566888 0.666667
3 1 0.165971 0.165971 0.165971 0 2.5
27 1 0.0742758 0.0742758 0.0966576 0.0223817 3.3
33 1 0.0284165 0.0284165 0.059902 0.0314855 1.3
24 1 0.0522536 0.0522536 0.0522536 0 2.8
56 1 0.00156355 0.00156355 0.00214891 0.000585362 3.16667
58 1 1e-08 1e-08 1e-08 0 1.3
53 1 1e-08 1e-08 1e-08 0 2.5
51 1 1e-08 1e-08 1e-08 0 3.66667
50 1 1e-08 1e-08 1e-08 0 2.66667
44 1 1e-08 1e-08 1e-08 0 2.66667
43 1 1e-08 1e-08 1e-08 0 2.5
34 1 1e-08 1e-08 1e-08 0 2.8
29 1 1e-08 1e-08 1e-08 0 3.16667
28 1 1e-08 1e-08 1e-08 0 1.3

13 32 33.7703 3.06889 32.9147 31.9026 2.66667
16 14 11.8733 3.60884 14.4845 13.765 2.8
8 13 16.4855 1e-08 13.9533 12.8881 3.66667
46 9 5.44638 4.63655 9.83996 9.2849 3.16667
18 6 2.84216 2.84216 6.18205 5.70835 1.16667
10 3 4.30398 2.15047 3.58615 2.41459 2.66667
12 2 1.64569 1.64569 2.47661 1.65377 2.66667
32 2 2.291 2.291 2.291 1.1455 3.3
55 1 1.70131 1.70131 1.70131 8e-09 2.8
17 1 1.66574 1.66574 1.66574 0 3.16667
9 1 1.22461 1.22461 1.22461 0 2.66667
11 1 1.22459 1.22459 1.22459 0 2.66667
15 1 1.22459 1.22459 1.22459 0 2.66667
14 1 1.22459 1.22459 1.22459 0 2.66667
1 1 1.19726 1.19726 1.19726 0 2.8
62 1 1.10652 1.10652 1.10652 0 3.16667
5 1 0.941982 0.941982 0.941982 0 2.66667
52 1 0.481842 0.481842 0.481842 0 3.3
31 1 0.340132 0.340132 0.340132 0 0.666667
19 1 0.340129 0.340129 0.340129 0 0.666667
42 1 0.340127 0.340127 0.340127 0 2.66667
20 1 0.340099 0.340099 0.340099 0 0.666667
7 1 0.339897 0.339897 0.339897 0 1.16667
21 1 0.33982 0.33982 0.33982 0 0.666667
22 1 0.339504 0.339504 0.339504 0 0.666667
4 1 0.297997 0.297997 0.297997 0 2.66667
61 1 0.284165 0.284165 0.284165 0 1.16667
41 1 0.157947 0.157947 0.198237 0.0402895 2.66667

13 32 20.4886 20.4524 37.7896 37.1504 2.66667
16 19 20.452 20.452 22.9382 21.8618 2.66667
8 13 6.62483 5.63978 15.209 14.7402 3.66667
55 6 23.9888 8.57143e-09 7.85661 6.6754 2.66667
18 5 3.68428 3.68428 5.93411 5.19726 0.5
12 4 3.7179 2.55995 5.40939 4.69871 2.66667
10 3 1.84456 1.84456 3.68869 3.07384 2.66667
32 1 0.763668 0.763668 2.291 1.52734 3.3
17 1 1.66574 1.66574 1.66574 0 3.16667
9 1 1.22461 1.22461 1.22461 0 2.66667
11 1 1.22459 1.22459 1.22459 0 2.66667
15 1 1.22459 1.22459 1.22459 0 2.66667
14 1 1.22459 1.22459 1.22459 0 2.66667
62 1 0.607091 0.607091 1.20418 0.59709 3.66667
1 1 1.19726 1.19726 1.19726 0 2.8
5 1 0.941982 0.941982 0.941982 0 2.66667
52 1 0.481842 0.481842 0.481842 0 3.3
31 1 0.340132 0.340132 0.340132 0 0.666667
19 1 0.340129 0.340129 0.340129 0 0.666667
42 1 0.340127 0.340127 0.340127 0 2.66667
20 1 0.340099 0.340099 0.340099 0 0.666667
7 1 0.339897 0.339897 0.339897 0 1.16667
21 1 0.33982 0.33982 0.33982 0 0.666667
22 1 0.339504 0.339504 0.339504 0 0.666667
41 1 0.316301 0.316301 0.316301 0 2.66667
4 1 0.304016 0.304016 0.304016 0 2.66667

13 33 20.977 18.9557 42.6129 42.0366 2.66667
16 17 8.06404 8.06404 21.6343 21.1599 2.66667
72 11 17.7512 0.0456908 14.5339 13.2272 3.3
8 11 14.2009 12.0894 14.5019 13.3855 3.66667
18 5 6.6317 6.6317 6.6317 5.30536 0.5
12 4 8.36527 5.7599 6.41124 4.81669 2.66667
10 3 4.30398 4.30398 4.30398 2.86932 2.66667
32 1 2.291 2.291 2.291 0 3.3
17 1 1.66574 1.66574 1.66574 0 3.16667
62 1 0.910637 0.910637 1.45195 0.541309 2.66667
9 1 1.22461 1.22461 1.22461 0 2.66667
11 1 1.22459 1.22459 1.22459 0 2.66667
15 1 1.22459 1.22459 1.22459 0 2.66667
14 1 1.22459 1.22459 1.22459 0 2.66667
1 1 1.19726 1.19726 1.19726 0 2.8
5 1 0.941982 0.941982 0.941982 0 2.66667
52 1 0.481842 0.481842 0.481842 0 3.3
31 1 0.340132 0.340132 0.340132 0 0.666667
19 1 0.340129 0.340129 0.340129 0 0.666667
42 1 0.340127 0.340127 0.340127 0 2.66667
20 1 0.340099 0.340099 0.340099 0 0.666667
7 1 0.339897 0.339897 0.339897 0 1.16667
21 1 0.33982 0.33982 0.33982 0 0.666667
22 1 0.339504 0.339504 0.339504 0 0.666667

79 1 45.9714 45.9714 45.9714 0 3.16667
13 21 12.7057 11.4814 38.9413 38.3889 2.66667
16 15 37.4989 10.2391 27.3723 26.5724 2.66667
72 9 6.45497 6.45497 16.7719 16.0547 3.16667
8 9 14.8369 14.8369 16.4855 14.8369 3.66667
18 3 3.97902 3.97902 6.6317 5.30536 0.5
12 3 6.27395 4.31992 6.41124 4.76406 2.66667
10 2 2.86932 2.86932 4.30398 2.86932 2.66667
32 1 2.291 2.291 2.291 0 3.3
17 1 1.66574 1.66574 1.66574 0 3.16667
9 1 1.22461 1.22461 1.22461 0 2.66667
11 1 1.22459 1.22459 1.22459 0 2.66667
15 1 1.22459 1.22459 1.22459 0 2.66667
14 1 1.22459 1.22459 1.22459 0 2.66667
1 1 1.19726 1.19726 1.19726 0 2.8
5 1 0.941982 0.941982 0.941982 0 2.66667
62 1 0.607091 0.607091 0.728391 0.1213 3.16667
52 1 0.481842 0.481842 0.481842 0 3.3
82 1 0.340133 0.340133 0.340133 0 1.16667
31 1 0.340132 0.340132 0.340132 0 0.666667
19 1 0.340129 0.340129 0.340129 0 0.666667
42 1 0.340127 0.340127 0.340127 0 2.66667
20 1 0.340099 0.340099 0.340099 0 0.666667
7 1 0.339897 0.339897 0.339897 0 1.16667
21 1 0.33982 0.33982 0.33982 0 0.666667
22 1 0.339504 0.339504 0.339504 0 0.666667
83 1 0.299466 0.299466 0.299466 0 3.66667
77 1 1e-08 1e-08 1e-08 0 3.16667
78 1 5e-09 5e-09 1e-08 5e-09 2.66667
80 1 5e-09 5e-09 1e-08 5e-09 2.66667
81 1 1e-08 1e-08 1e-08 0 2.66667

86 4 102.497 4.11558 77.9017 59.389 2.8
85 2 45.3789 45.3789 45.3789 22.6894 2.66667
13 12 16.0161 16.0161 42.9669 41.6322 2.66667
84 5 50.2177 1e-08 39.2064 31.6114 2.8
88 1 32.3933 32.3933 32.3933 0 1.3
82 8 36.3673 0.272106 31.8554 27.9133 0.666667
79 8 6.34088 6.34088 28.6915 27.8989 3.66667
16 6 4.53842 4.53842 23.4498 22.6934 2.8
18 1 2.21057 2.21057 6.6317 4.42113 0.5
12 1 2.78842 2.78842 6.62835 3.83993 2.66667
10 1 2.15199 2.15199 4.30398 2.15199 2.66667
32 1 2.291 2.291 2.291 0 3.3
17 1 1.66574 1.66574 1.66574 0 3.16667
9 1 1.22461 1.22461 1.22461 0 2.66667
11 1 1.22459 1.22459 1.22459 0 2.66667
15 1 1.22459 1.22459 1.22459 0 2.66667
14 1 1.22459 1.22459 1.22459 0 2.66667
1 1 1.19726 1.19726 1.19726 0 2.8
5 1 0.941982 0.941982 0.941982 0 2.66667
72 1 0.910637 0.910637 0.910637 5e-09 2.66667
52 1 0.481842 0.481842 0.481842 0 3.3
31 1 0.340132 0.340132 0.340132 0 0.666667
19 1 0.340129 0.340129 0.340129 0 0.666667
42 1 0.340127 0.340127 0.340127 0 2.66667
20 1 0.340099 0.340099 0.340099 0 0.666667
7 1 0.339897 0.339897 0.339897 0 1.16667
21 1 0.33982 0.33982 0.33982 0 0.666667
22 1 0.339504 0.339504 0.339504 0 0.666667
83 1 0.299466 0.299466 0.299466 0 3.66667
89 1 0.00120507 0.00120507 0.00120507 6.66667e-09 3.3
80 1 1e-08 1e-08 1e-08 0 2.66667
81 1 1e-08 1e-08 1e-08 0 2.66667
87 1 1e-08 1e-08 1e-08 0 2.66667
90 1 1e-08 1e-08 1e-08 0 3.16667
91 1 1e-08 1e-08 1e-08 0 2.66667

92 11 102.497 1e-08 93.1791 84.7507 2.8
93 11 45.9714 45.9714 45.9714 41.7922 3.16667
86 11 102.497 1e-08 43.5465 39.8036 2.8
13 10 15.4146 13.7755 39.4561 37.9901 0.666667
85 9 8.16819 8.16819 36.0751 35.1675 2.66667
84 4 45.3789 0.0698449 34.0516 26.0054 2.8
88 7 60.4273 20.6139 29.2462 25.5665 1.3
16 4 27.987 27.987 27.987 20.9902 2.66667
12 1 8.36527 8.36527 8.36527 0 2.66667
18 1 6.6317 6.6317 6.6317 0 0.5
10 1 4.30398 4.30398 4.30398 0 2.66667
32 1 2.291 2.291 2.291 0 3.3
72 1 1.82127 1.82127 1.82127 0 2.66667
87 1 1.60298 1.60298 1.78896 0.185982 2.8
17 1 1.66574 1.66574 1.66574 0 3.16667
9 1 1.22461 1.22461 1.22461 0 2.66667
11 1 1.22459 1.22459 1.22459 0 2.66667
15 1 1.22459 1.22459 1.22459 0 2.66667
14 1 1.22459 1.22459 1.22459 0 2.66667
1 1 1.19726 1.19726 1.19726 0 2.8
5 1 0.941982 0.941982 0.941982 0 2.66667
52 1 0.481842 0.481842 0.481842 0 3.3
31 1 0.340132 0.340132 0.340132 0 0.666667
19 1 0.340129 0.340129 0.340129 0 0.666667
42 1 0.340127 0.340127 0.340127 0 2.66667
20 1 0.340099 0.340099 0.340099 0 0.666667
7 1 0.339897 0.339897 0.339897 0 1.16667
21 1 0.33982 0.33982 0.33982 0 0.666667
22 1 0.339504 0.339504 0.339504 0 0.666667
97 1 0.326111 0.326111 0.326111 0 2.8
83 1 0.299466 0.299466 0.299466 0 3.66667
82 1 0.0850332 0.0850332 0.2551 0.170066 1.16667
80 1 1e-08 1e-08 1e-08 0 2.66667
81 1 1e-08 1e-08 1e-08 0 2.66667
90 1 1e-08 1e-08 1e-08 0 3.16667
91 1 1e-08 1e-08 1e-08 0 2.66667
94 1 1e-08 1e-08 1e-08 0 3.3
95 1 1e-08 1e-08 1e-08 0 2.8
96 1 1e-08 1e-08 1e-08 0 2.66667

92 19 32.5859 29.5067 50.2938 48.7323 2.8
13 16 36.1741 19.1306 43.8039 42.4717 3.16667
93 14 24.7538 24.7538 39.0026 37.2345 3.16667
85 13 39.3283 0.0381004 36.306 33.5229 2.66667
84 9 45.3789 1e-08 30.2767 27.017 2.8
16 5 27.987 27.987 27.987 22.3896 2.66667
12 1 8.36527 8.36527 8.36527 0 2.66667
18 1 6.6317 6.6317 6.6317 0 0.5
10 1 4.30398 4.30398 4.30398 0 2.66667
32 1 2.291 2.291 2.291 0 3.3
72 1 1.82127 1.82127 1.82127 0 2.66667
17 1 1.66574 1.66574 1.66574 0 3.16667
9 1 1.22461 1.22461 1.22461 0 2.66667
11 1 1.22459 1.22459 1.22459 0 2.66667
15 1 1.22459 1.22459 1.22459 0 2.66667
14 1 1.22459 1.22459 1.22459 0 2.66667
1 1 1.19726 1.19726 1.19726 0 2.8
5 1 0.941982 0.941982 0.941982 0 2.66667
52 1 0.481842 0.481842 0.481842 0 3.3
31 1 0.340132 0.340132 0.340132 0 0.666667
19 1 0.340129 0.340129 0.340129 0 0.666667
42 1 0.340127 0.340127 0.340127 0 2.66667
20 1 0.340099 0.340099 0.340099 0 0.666667
7 1 0.339897 0.339897 0.339897 0 1.16667
21 1 0.33982 0.33982 0.33982 0 0.666667
22 1 0.339504 0.339504 0.339504 0 0.666667
86 1 0.326111 0.326111 0.326111 0 2.8
83 1 0.299466 0.299466 0.299466 0 3.66667
101 1 1e-08 1e-08 1e-08 0 0.8
100 1 1e-08 1e-08 1e-08 0 2.8
99 1 1e-08 1e-08 1e-08 0 3.3

103 2 94.9571 94.9571 94.9571 47.4786 1.35714
92 21 55.1907 55.1907 86.6838 84.0557 2.8
102 2 113.193 1e-08 56.5966 40.0198 2.85714
93 8 11.4928 11.4928 34.5625 33.1259 3.16667
13 8 9.10836 7.13937 33.3448 32.3762 2.85714
85 8 14.3376 11.7107 32.5411 31.0364 2.66667
16 6 16.7922 16.7922 25.1927 22.394 2.66667
12 1 8.36527 8.36527 8.36527 0 2.66667
18 1 6.6317 6.6317 6.6317 0 0.5
10 1 4.30398 4.30398 4.30398 0 2.66667
32 1 2.291 2.291 2.291 0 3.3
72 1 1.82127 1.82127 1.82127 0 2.66667
17 1 1.66574 1.66574 1.66574 0 3.16667
9 1 1.22461 1.22461 1.22461 0 2.66667
11 1 1.22459 1.22459 1.22459 0 2.66667
15 1 1.22459 1.22459 1.22459 0 2.66667
14 1 1.22459 1.22459 1.22459 0 2.66667
1 1 1.19726 1.19726 1.19726 0 2.8
5 1 0.941982 0.941982 0.941982 0 2.66667
52 1 0.481842 0.481842 0.481842 0 3.3
31 1 0.340132 0.340132 0.340132 0 0.666667
19 1 0.340129 0.340129 0.340129 0 0.666667
42 1 0.340127 0.340127 0.340127 0 2.66667
20 1 0.340099 0.340099 0.340099 0 0.666667
7 1 0.339897 0.339897 0.339897 0 1.16667
21 1 0.33982 0.33982 0.33982 0 0.666667
22 1 0.339504 0.339504 0.339504 0 0.666667
83 1 0.299466 0.299466 0.299466 0 3.66667
104 1 0.0460788 0.0460788 0.0460788 0 2.66667
101 1 1e-08 1e-08 1e-08 0 0.8
99 1 1e-08 1e-08 1e-08 0 3.3
84 1 1e-08 1e-08 1e-08 0 2.8
105 1 1e-08 1e-08 1e-08 0 3.16667
106 1 5e-09 5e-09 1e-08 5e-09 2.8

92 20 41.4838 31.0597 68.2246 66.611 2.8
103 16 65.8328 30.2098 55.364 52.6539 1.35714
13 15 60.841 47.6888 52.2248 48.7458 3.66667
85 8 55.5582 45.3789 46.6513 40.822 2.66667
93 12 26.2694 26.2694 39.4833 37.2942 3.16667
16 6 27.987 27.987 27.987 23.3225 2.66667
12 1 8.36527 8.36527 8.36527 0 2.66667
18 1 6.6317 6.6317 6.6317 0 0.5
10 1 4.30398 4.30398 4.30398 0 2.66667
32 1 2.291 2.291 2.291 0 3.3
72 1 1.82127 1.82127 1.82127 0 2.66667
17 1 1.66574 1.66574 1.66574 0 3.16667
107 1 1.34031 1.34031 1.34031 0 3.3
9 1 1.22461 1.22461 1.22461 0 2.66667
11 1 1.22459 1.22459 1.22459 0 2.66667
15 1 1.22459 1.22459 1.22459 0 2.66667
14 1 1.22459 1.22459 1.22459 0 2.66667
1 1 1.19726 1.19726 1.19726 0 2.8
5 1 0.941982 0.941982 0.941982 0 2.66667
52 1 0.481842 0.481842 0.481842 0 3.3
31 1 0.340132 0.340132 0.340132 0 0.666667
19 1 0.340129 0.340129 0.340129 0 0.666667
42 1 0.340127 0.340127 0.340127 0 2.66667
20 1 0.340099 0.340099 0.340099 0 0.666667
7 1 0.339897 0.339897 0.339897 0 1.16667
21 1 0.33982 0.33982 0.33982 0 0.666667
22 1 0.339504 0.339504 0.339504 0 0.666667
83 1 0.299466 0.299466 0.299466 0 3.66667
104 1 0.0460788 0.0460788 0.0460788 0 2.66667
101 1 1e-08 1e-08 1e-08 0 0.8

92 21 72.1859 52.4985 91.1469 88.5096 2.85714
103 15 51.4319 33.9133 65.7571 63.2774 3.35714
109 1 55.5582 55.5582 55.5582 0 2.66667
13 12 31.1506 24.4167 50.4305 48.0786 3.16667
85 10 25.2537 20.6268 41.6339 39.3406 2.66667
93 8 11.4928 11.4928 33.2387 31.8021 3.16667
16 6 23.9888 23.9888 27.987 23.9888 2.66667
116 1 13.2992 13.2992 13.2992 0 2.85714
12 1 8.36527 8.36527 8.36527 0 2.66667
18 1 6.6317 6.6317 6.6317 0 0.5
10 1 4.30398 4.30398 4.30398 0 2.66667
32 1 2.291 2.291 2.291 0 3.3
72 1 1.82127 1.82127 1.82127 0 2.66667
17 1 1.66574 1.66574 1.66574 0 3.16667
9 1 1.22461 1.22461 1.22461 0 2.66667
11 1 1.22459 1.22459 1.22459 0 2.66667
15 1 1.22459 1.22459 1.22459 0 2.66667
14 1 1.22459 1.22459 1.22459 0 2.66667
1 1 1.19726 1.19726 1.19726 0 2.8
5 1 0.941982 0.941982 0.941982 0 2.66667
52 1 0.481842 0.481842 0.481842 0 3.3
31 1 0.340132 0.340132 0.340132 0 0.666667
19 1 0.340129 0.340129 0.340129 0 0.666667
42 1 0.340127 0.340127 0.340127 0 2.66667
20 1 0.340099 0.340099 0.340099 0 0.666667
7 1 0.339897 0.339897 0.339897 0 1.16667
21 1 0.33982 0.33982 0.33982 0 0.666667
22 1 0.339504 0.339504 0.339504 0 0.666667
114 1 0.339105 0.339105 0.339105 0 2.8
83 1 0.299466 0.299466 0.299466 0 3.66667
117 1 0.0479264 0.0479264 0.0479264 0 1.16667
104 1 0.0460788 0.0460788 0.0460788 0 2.66667
112 1 0.0386561 0.0386561 0.0386561 0 2.8
113 1 0.00108539 0.00108539 0.00108539 0 2.66667
101 1 1e-08 1e-08 1e-08 0 0.8

92 18 53.9748 39.2542 82.0413 79.6627 2.85714
103 17 62.7732 41.3916 77.0288 74.2822 1.35714
13 10 22.3783 20.1859 47.88 45.7263 3.66667
85 6 54.7975 45.3789 46.9486 39.1282 3.16667
93 8 45.9714 45.9714 45.9714 40.225 3.16667
109 9 15.6257 15.6257 41.2385 39.5023 2.66667
112 4 45.3789 0.0386561 34.0438 26.0003 2.66667
16 6 27.987 27.987 27.987 23.3225 2.66667
116 1 13.2992 13.2992 13.2992 0 2.85714
12 1 8.36527 8.36527 8.36527 0 2.66667
18 1 6.6317 6.6317 6.6317 0 0.5
10 1 4.30398 4.30398 4.30398 0 2.66667
32 1 2.291 2.291 2.291 0 3.3
72 1 1.82127 1.82127 1.82127 0 2.66667
17 1 1.66574 1.66574 1.66574 0 3.16667
9 1 1.22461 1.22461 1.22461 0 2.66667
11 1 1.22459 1.22459 1.22459 0 2.66667
15 1 1.22459 1.22459 1.22459 0 2.66667
14 1 1.22459 1.22459 1.22459 0 2.66667
1 1 1.19726 1.19726 1.19726 0 2.8
5 1 0.941982 0.941982 0.941982 0 2.66667
52 1 0.481842 0.481842 0.481842 0 3.3
31 1 0.340132 0.340132 0.340132 0 0.666667
19 1 0.340129 0.340129 0.340129 0 0.666667
42 1 0.340127 0.340127 0.340127 0 2.66667
20 1 0.340099 0.340099 0.340099 0 0.666667
7 1 0.339897 0.339897 0.339897 0 1.16667
21 1 0.33982 0.33982 0.33982 0 0.666667
22 1 0.339504 0.339504 0.339504 0 0.666667
114 1 0.339105 0.339105 0.339105 0 2.8
83 1 0.299466 0.299466 0.299466 0 3.66667

92 21 79.9898 58.174 93.3153 90.186 2.8
103 16 60.6355 40.5116 72.4881 69.5566 1.35714
13 12 31.1506 30.48 55.8231 53.2563 3.16667
109 11 41.8296 38.1962 49.5762 46.0739 2.66667
85 9 23.4846 19.4481 39.3447 37.1342 3.16667
116 2 47.0187 13.2992 30.1589 17.2758 2.8
93 6 13.1347 13.1347 28.6222 26.4331 3.16667
16 5 19.9907 19.9907 24.3345 20.3364 2.66667
12 1 8.36527 8.36527 8.36527 0 2.66667
18 1 6.6317 6.6317 6.6317 0 0.5
10 1 4.30398 4.30398 4.30398 0 2.66667
32 1 2.291 2.291 2.291 0 3.3
72 1 1.82127 1.82127 1.82127 0 2.66667
17 1 1.66574 1.66574 1.66574 0 3.16667
9 1 1.22461 1.22461 1.22461 0 2.66667
11 1 1.22459 1.22459 1.22459 0 2.66667
14 1 1.22459 1.22459 1.22459 0 2.66667
15 1 1.22459 1.22459 1.22459 0 2.66667
121 1 1.22194 1.22194 1.22194 8e-09 2.8
1 1 1.19726 1.19726 1.19726 0 2.8
5 1 0.941982 0.941982 0.941982 0 2.66667
52 1 0.481842 0.481842 0.481842 0 3.3
31 1 0.340132 0.340132 0.340132 0 0.666667
19 1 0.340129 0.340129 0.340129 0 0.666667
42 1 0.340127 0.340127 0.340127 0 2.66667
20 1 0.340099 0.340099 0.340099 0 0.666667
7 1 0.339897 0.339897 0.339897 0 1.16667

103 21 75.6048 52.2311 93.2056 90.134 1.35714
92 18 49.7415 36.1754 81.531 79.0159 2.85714
13 12 27.813 27.4199 53.6226 51.3267 3.66667
109 11 23.9026 21.8264 50.1991 48.1634 2.66667
93 6 45.9714 45.9714 45.9714 38.3095 3.16667
85 9 27.3988 22.6894 40.8622 38.2833 3.16667
16 5 27.987 27.987 27.987 22.3896 2.66667
116 1 13.2992 13.2992 13.2992 0 2.85714
12 1 8.36527 8.36527 8.36527 0 2.66667
18 1 6.6317 6.6317 6.6317 0 0.5
10 1 4.30398 4.30398 4.30398 0 2.66667
32 1 2.291 2.291 2.291 0 3.3
72 1 1.82127 1.82127 1.82127 0 2.66667
17 1 1.66574 1.66574 1.66574 0 3.16667
9 1 1.22461 1.22461 1.22461 0 2.66667
11 1 1.22459 1.22459 1.22459 0 2.66667
15 1 1.22459 1.22459 1.22459 0 2.66667
14 1 1.22459 1.22459 1.22459 0 2.66667
1 1 1.19726 1.19726 1.19726 0 2.8
5 1 0.941982 0.941982 0.941982 0 2.66667
52 1 0.481842 0.481842 0.481842 0 3.3
31 1 0.340132 0.340132 0.340132 0 0.666667
19 1 0.340129 0.340129 0.340129 0 0.666667
42 1 0.340127 0.340127 0.340127 0 2.66667
20 1 0.340099 0.340099 0.340099 0 0.666667
7 1 0.339897 0.339897 0.339897 0 1.16667

92 22 63.2766 56.9966 98.9978 96.1844 2.8
103 19 53.6505 45.3128 87.4707 84.8533 1.35714
13 12 27.813 27.4199 53.887 51.5911 3.66667
109 10 30.4215 27.7791 48.6002 45.6904 2.66667
85 9 54.7975 45.3789 46.4254 41.2683 3.16667
93 8 22.9857 22.9857 37.6167 34.7435 2.66667
16 5 27.987 27.987 27.987 22.3896 2.66667
116 1 13.2992 13.2992 13.2992 0 2.85714
12 1 8.36527 8.36527 8.36527 0 2.66667
18 1 6.6317 6.6317 6.6317 0 0.5
10 1 4.30398 4.30398 4.30398 0 2.66667
32 1 2.291 2.291 2.291 0 3.3
72 1 1.82127 1.82127 1.82127 0 2.66667
17 1 1.66574 1.66574 1.66574 0 3.16667
9 1 1.22461 1.22461 1.22461 0 2.66667
11 1 1.22459 1.22459 1.22459 0 2.66667
15 1 1.22459 1.22459 1.22459 0 2.66667
14 1 1.22459 1.22459 1.22459 0 2.66667
1 1 1.19726 1.19726 1.19726 0 2.8
5 1 0.941982 0.941982 0.941982 0 2.66667
52 1 0.481842 0.481842 0.481842 0 3.3
31 1 0.340132 0.340132 0.340132 0 0.666667
19 1 0.340129 0.340129 0.340129 0 0.666667

92 21 53.8113 53.8113 101.677 99.1148 2.8
103 21 70.3301 62.4959 98.2883 95.0989 1.35714
109 11 24.7879 24.7879 54.3202 52.0667 2.66667
13 10 24.036 23.6962 49.4096 47.0128 3.66667
93 8 45.9714 45.9714 45.9714 40.225 3.16667
85 8 29.2253 24.2021 40.6295 37.4483 3.16667
16 5 27.987 27.987 27.987 22.3896 2.66667
116 1 13.2992 13.2992 13.2992 0 2.85714
12 1 8.36527 8.36527 8.36527 0 2.66667
18 1 6.6317 6.6317 6.6317 0 0.5
10 1 4.30398 4.30398 4.30398 0 2.66667
32 1 2.291 2.291 2.291 0 3.3
72 1 1.82127 1.82127 1.82127 0 2.66667
17 1 1.66574 1.66574 1.66574 0 3.16667
9 1 1.22461 1.22461 1.22461 0 2.66667
11 1 1.22459 1.22459 1.22459 0 2.66667
15 1 1.22459 1.22459 1.22459 0 2.66667
14 1 1.22459 1.22459 1.22459 0 2.66667
1 1 1.19726 1.19726 1.19726 0 2.8
140 1 0.946238 0.946238 0.946238 0 3.38889
5 1 0.941982 0.941982 0.941982 0 2.66667
52 1 0.481842 0.481842 0.481842 0 3.3
31 1 0.340132 0.340132 0.340132 0 0.666667
19 1 0.340129 0.340129 0.340129 0 0.666667

92 18 42.9969 42.9969 108.633 106.244 2.8
103 15 48.5837 45.7157 92.1781 89.0103 0.857143
143 2 64.8971 64.8971 64.8971 32.4485 2.88889
142 9 41.7195 41.7195 57.3225 52.687 2.8
109 8 14.7498 14.7498 51.7756 49.9319 2.66667
85 8 54.7975 45.3789 47.7335 41.7699 3.16667
13 3 63.9797 5.49257 44.484 31.0474 3.66667
93 6 19.702 19.702 39.4639 36.1802 3.16667
16 4 22.3896 22.3896 27.987 22.3896 2.66667
116 1 13.2992 13.2992 13.2992 0 2.85714
12 1 8.36527 8.36527 8.36527 0 2.66667
18 1 6.6317 6.6317 6.6317 0 0.5
10 1 4.30398 4.30398 4.30398 0 2.66667
32 1 2.291 2.291 2.291 0 3.3
72 1 1.82127 1.82127 1.82127 0 2.66667
17 1 1.66574 1.66574 1.66574 0 3.16667
9 1 1.22461 1.22461 1.22461 0 2.66667
11 1 1.22459 1.22459 1.22459 0 2.66667
15 1 1.22459 1.22459 1.22459 0 2.66667
14 1 1.22459 1.22459 1.22459 0 2.66667
1 1 1.19726 1.19726 1.19726 0 2.8
140 1 0.946238 0.946238 0.946238 0 3.38889
5 1 0.941982 0.941982 0.941982 0 2.66667
52 1 0.481842 0.481842 0.481842 0 3.3
31 1 0.340132 0.340132 0.340132 0 0.666667
19 1 0.340129 0.340129 0.340129 0 0.666667
144 1 1e-08 1e-08 1e-08 0 2.8

103 19 72.8756 69.7835 109.278 105.505 1.35714
92 19 58.8443 56.9735 109.056 106.052 2.8
13 1 64.8971 64.8971 64.8971 0 2.85714
143 10 19.6658 19.6658 58.3878 56.4213 2.8
142 9 58.4074 0.100991 51.6216 45.9305 2.85714
93 6 45.9714 45.9714 45.9714 38.3095 3.16667
109 7 13.3094 13.3094 44.7569 42.8555 2.66667
16 4 27.987 27.987 27.987 20.9902 2.66667
116 1 13.2992 13.2992 13.2992 0 2.85714
12 1 8.36527 8.36527 8.36527 0 2.66667
18 1 6.6317 6.6317 6.6317 0 0.5
10 1 4.30398 4.30398 4.30398 0 2.66667
32 1 2.291 2.291 2.291 0 3.3
72 1 1.82127 1.82127 1.82127 0 2.66667
17 1 1.66574 1.66574 1.66574 0 3.16667
9 1 1.22461 1.22461 1.22461 0 2.66667
11 1 1.22459 1.22459 1.22459 0 2.66667
15 1 1.22459 1.22459 1.22459 0 2.66667
14 1 1.22459 1.22459 1.22459 0 2.66667
1 1 1.19726 1.19726 1.19726 0 2.8
140 1 0.946238 0.946238 0.946238 0 3.38889
5 1 0.941982 0.941982 0.941982 0 2.66667
52 1 0.481842 0.481842 0.481842 0 3.3
31 1 0.340132 0.340132 0.340132 0 0.666667
19 1 0.340129 0.340129 0.340129 0 0.666667
146 1 0.000411108 0.000411108 0.000411108 0 2.85714
145 1 1e-08 1e-08 1e-08 0 1.35714
147 1 1e-08 1e-08 1e-08 0 2.8

92 23 71.2326 68.9679 110.947 107.94 2.8
103 20 63.3701 62.6127 96.6231 93.4887 1.35714
109 7 60.843 60.843 60.843 52.1512 2.66667
143 10 42.2353 25.9588 50.1178 47.2532 2.8
13 10 28.3333 18.542 49.003 47.0518 2.85714
93 7 35.7555 35.7555 35.9033 30.7954 2.66667
16 4 27.987 27.987 27.987 20.9902 2.66667
116 1 13.2992 13.2992 13.2992 0 2.85714
12 1 8.36527 8.36527 8.36527 0 2.66667
18 1 6.6317 6.6317 6.6317 0 0.5
10 1 4.30398 4.30398 4.30398 0 2.66667
32 1 2.291 2.291 2.291 0 3.3
72 1 1.82127 1.82127 1.82127 0 2.66667
17 1 1.66574 1.66574 1.66574 0 3.16667
9 1 1.22461 1.22461 1.22461 0 2.66667
11 1 1.22459 1.22459 1.22459 0 2.66667
15 1 1.22459 1.22459 1.22459 0 2.66667
14 1 1.22459 1.22459 1.22459 0 2.66667
1 1 1.19726 1.19726 1.19726 0 2.8
140 1 0.946238 0.946238 0.946238 0 3.38889
5 1 0.941982 0.941982 0.941982 0 2.66667
52 1 0.481842 0.481842 0.481842 0 3.3
31 1 0.340132 0.340132 0.340132 0 0.666667
19 1 0.340129 0.340129 0.340129 0 0.666667
146 1 0.297446 0.297446 0.297446 0 2.85714
145 1 1e-08 1e-08 1e-08 0 1.35714
147 1 1e-08 1e-08 1e-08 0 2.8

92 19 58.8443 56.9735 103.238 100.218 2.8
103 17 46.1315 44.5119 91.6095 88.98 1.35714
150 10 105.588 1e-08 60.3813 54.4492 2.85714
143 11 59.489 59.489 59.4984 54.0903 2.8
13 10 49.5833 32.4485 56.8707 53.457 2.8
93 7 45.9714 45.9714 45.9714 39.404 3.16667
109 7 30.7339 20.281 42.0877 38.9806 2.8
16 4 27.987 27.987 27.987 20.9902 2.66667
116 1 13.2992 13.2992 13.2992 0 2.85714
12 1 8.36527 8.36527 8.36527 0 2.66667
18 1 6.6317 6.6317 6.6317 0 0.5
10 1 4.30398 4.30398 4.30398 0 2.66667
32 1 2.291 2.291 2.291 0 3.3
72 1 1.82127 1.82127 1.82127 0 2.66667
17 1 1.66574 1.66574 1.66574 0 3.16667
9 1 1.22461 1.22461 1.22461 0 2.66667
11 1 1.22459 1.22459 1.22459 0 2.66667
14 1 1.22459 1.22459 1.22459 0 2.66667
15 1 1.22459 1.22459 1.22459 0 2.66667
1 1 1.19726 1.19726 1.19726 0 2.8
140 1 0.946238 0.946238 0.946238 0 3.38889
5 1 0.941982 0.941982 0.941982 0 2.66667
52 1 0.481842 0.481842 0.481842 0 3.3
31 1 0.340132 0.340132 0.340132 0 0.666667

103 21 84.7089 81.7349 116.751 112.836 1.35714
92 18 55.7473 53.9748 103.399 100.379 2.8
157 6 60.843 60.843 60.843 50.7025 2.66667
150 9 19.7978 12.1682 50.0667 48.3944 2.8
143 9 63.75 41.7195 49.2159 44.3151 2.8
156 8 49.9226 41.7635 45.6327 40.1663 2.88889
93 6 19.702 19.702 36.1295 32.8458 3.16667
16 4 27.987 27.987 27.987 20.9902 2.66667
116 1 13.2992 13.2992 13.2992 0 2.85714
12 1 8.36527 8.36527 8.36527 0 2.66667
158 1 7.68958 7.68958 7.68958 0 2.85714
18 1 6.6317 6.6317 6.6317 0 0.5
10 1 4.30398 4.30398 4.30398 0 2.66667
32 1 2.291 2.291 2.291 0 3.3
72 1 1.82127 1.82127 1.82127 0 2.66667
17 1 1.66574 1.66574 1.66574 0 3.16667
9 1 1.22461 1.22461 1.22461 0 2.66667
11 1 1.22459 1.22459 1.22459 0 2.66667
14 1 1.22459 1.22459 1.22459 0 2.66667
15 1 1.22459 1.22459 1.22459 0 2.66667
1 1 1.19726 1.19726 1.19726 0 2.8
140 1 0.946238 0.946238 0.946238 0 3.38889
5 1 0.941982 0.941982 0.941982 0 2.66667
52 1 0.481842 0.481842 0.481842 0 3.3
31 1 0.340132 0.340132 0.340132 0 0.666667
159 1 0.113357 0.113357 0.113357 0 2.85714
13 1 1e-08 1e-08 1e-08 0 2.85714

92 20 63.2879 61.2758 108.096 104.992 3.3
103 20 60.9179 58.7793 107.74 104.78 1.35714
150 10 29.3301 18.027 56.9893 54.5756 2.85714
143 10 49.9208 48.3843 56.6918 51.7435 2.85714
157 9 34.5756 22.8161 50.087 47.4085 2.66667
93 6 45.9714 45.9714 45.9714 38.3095 2.66667
160 1 29.8411 29.8411 29.8411 0 2.85714
16 4 27.987 27.987 27.987 20.9902 2.66667
116 1 13.2992 13.2992 13.2992 0 2.85714
12 1 8.36527 8.36527 8.36527 0 2.66667
158 1 7.68958 7.68958 7.68958 0 2.85714
18 1 6.6317 6.6317 6.6317 0 0.5
10 1 4.30398 4.30398 4.30398 0 2.66667
32 1 2.291 2.291 2.291 0 3.3
72 1 1.82127 1.82127 1.82127 0 2.66667
17 1 1.66574 1.66574 1.66574 0 3.16667
9 1 1.22461 1.22461 1.22461 0 2.66667
11 1 1.22459 1.22459 1.22459 0 2.66667
14 1 1.22459 1.22459 1.22459 0 2.66667
15 1 1.22459 1.22459 1.22459 0 2.66667
1 1 1.19726 1.19726 1.19726 0 2.8
140 1 0.946238 0.946238 0.946238 0 3.38889
5 1 0.941982 0.941982 0.941982 0 2.66667
52 1 0.481842 0.481842 0.481842 0 3.3
31 1 0.340132 0.340132 0.340132 0 0.666667
159 1 0.0566787 0.0566787 0.0566787 5e-09 2.85714
156 1 1e-08 1e-08 1e-08 0 2.85714
161 1 1e-08 1e-08 1e-08 0 0.8

103 16 46.8232 45.1794 112.419 109.559 0.857143
92 16 55.4523 53.6893 110.293 106.841 2.8
158 3 139.402 7.68958 83.0588 58.3737 2.85714
162 9 55.8996 36.1339 66.8233 61.0222 2.85714
163 3 64.8971 64.8971 64.8971 43.2647 2.90909
157 8 35.1244 23.1783 58.4794 55.0929 2.66667
150 8 22.1801 14.4216 56.7904 54.5241 2.85714
93 6 45.9714 45.9714 45.9714 38.3095 3.16667
16 4 27.987 27.987 27.987 20.9902 2.66667
116 1 13.2992 13.2992 13.2992 0 2.85714
12 1 8.36527 8.36527 8.36527 0 2.66667
18 1 6.6317 6.6317 6.6317 0 0.5
10 1 4.30398 4.30398 4.30398 0 2.66667
32 1 2.291 2.291 2.291 0 3.3
72 1 1.82127 1.82127 1.82127 0 2.66667
17 1 1.66574 1.66574 1.66574 0 3.16667
9 1 1.22461 1.22461 1.22461 0 2.66667
11 1 1.22459 1.22459 1.22459 0 2.66667
14 1 1.22459 1.22459 1.22459 0 2.66667
15 1 1.22459 1.22459 1.22459 0 2.66667
1 1 1.19726 1.19726 1.19726 0 2.8
140 1 0.946238 0.946238 0.946238 0 3.38889
5 1 0.941982 0.941982 0.941982 0 2.66667
52 1 0.481842 0.481842 0.481842 0 3.3
31 1 0.340132 0.340132 0.340132 0 0.666667
161 1 1e-08 1e-08 1e-08 0 0.8

92 18 56.9591 56.9591 124.281 121.117 3.3
103 16 64.5401 63.0276 114.309 110.364 0.857143
150 3 99.8103 64.8971 87.958 58.8901 2.85714
163 9 61.9854 30.7407 62.9722 59.0224 2.90909
162 3 92.2016 1e-08 61.4678 43.4643 2.8
158 8 26.5527 20.112 56.7295 54.1155 2.85714
157 7 42.4936 32.7616 49.7032 44.6125 2.66667
93 6 45.9714 45.9714 45.9714 38.3095 3.16667
16 4 27.987 27.987 27.987 20.9902 2.66667
116 1 13.2992 13.2992 13.2992 0 2.85714
12 1 8.36527 8.36527 8.36527 0 2.66667
18 1 6.6317 6.6317 6.6317 0 0.5
10 1 4.30398 4.30398 4.30398 0 2.66667
32 1 2.291 2.291 2.291 0 3.3
72 1 1.82127 1.82127 1.82127 0 2.66667
17 1 1.66574 1.66574 1.66574 0 3.16667
9 1 1.22461 1.22461 1.22461 0 2.66667
11 1 1.22459 1.22459 1.22459 0 2.66667
14 1 1.22459 1.22459 1.22459 0 2.66667
15 1 1.22459 1.22459 1.22459 0 2.66667
1 1 1.19726 1.19726 1.19726 0 2.8
5 1 0.941982 0.941982 0.941982 0 2.66667
52 1 0.481842 0.481842 0.481842 0 3.3
31 1 0.340132 0.340132 0.340132 0 0.666667
161 1 1e-08 1e-08 1e-08 0 0.8
164 1 1e-08 1e-08 1e-08 0 3.3

165 1 145.751 145.751 145.751 0 0.857143
158 1 139.402 139.402 139.402 0 2.85714
92 12 44.7884 44.7884 109.788 106.055 2.8
103 11 37.3122 36.4378 94.6597 91.3399 0.857143
162 8 35.1961 35.1961 74.0771 69.6776 2.8
157 7 78.9167 60.843 66.2252 56.7741 2.66667
163 5 31.1567 15.4517 50.1774 46.1047 2.90909
93 5 38.3095 38.3095 45.9714 38.3095 2.66667
150 5 20.9164 19.8333 44.2934 40.2732 2.85714
16 3 20.9902 20.9902 27.987 20.9902 2.66667
116 1 13.2992 13.2992 13.2992 0 2.85714
12 1 8.36527 8.36527 8.36527 0 2.66667
18 1 6.6317 6.6317 6.6317 0 0.5
10 1 4.30398 4.30398 4.30398 0 2.66667
32 1 2.291 2.291 2.291 0 3.3
72 1 1.82127 1.82127 1.82127 0 2.66667
17 1 1.66574 1.66574 1.66574 0 3.16667
9 1 1.22461 1.22461 1.22461 0 2.66667
11 1 1.22459 1.22459 1.22459 0 2.66667
14 1 1.22459 1.22459 1.22459 0 2.66667
15 1 1.22459 1.22459 1.22459 0 2.66667
1 1 1.19726 1.19726 1.19726 0 2.8
5 1 0.941982 0.941982 0.941982 0 2.66667
52 1 0.481842 0.481842 0.481842 0 3.3
31 1 0.340132 0.340132 0.340132 0 0.666667
161 1 5e-09 5e-09 1e-08 5e-09 2.8
166 1 1e-08 1e-08 1e-08 0 2.85714
167 1 1e-08 1e-08 1e-08 0 2.85714

92 14 92.6305 92.6305 111.83 105.214 3.3
161 4 145.562 1e-08 109.172 83.3813 2.8
150 4 99.8103 99.1666 99.4885 74.6164 2.85714
165 10 29.2645 28.5787 83.8441 80.9794 0.857143
158 9 26.1378 26.1378 75.3405 72.4363 2.85714
163 5 90.073 64.8102 69.9149 55.9682 2.90909
162 2 49.4432 47.0337 48.2384 24.1267 2.66667
157 6 31.5667 24.3372 46.6465 42.152 2.66667
93 5 45.9714 45.9714 45.9714 36.7771 3.16667
16 3 27.987 27.987 27.987 18.658 2.66667
116 1 13.2992 13.2992 13.2992 0 2.85714
12 1 8.36527 8.36527 8.36527 0 2.66667
18 1 6.6317 6.6317 6.6317 0 0.5
10 1 4.30398 4.30398 4.30398 0 2.66667
32 1 2.291 2.291 2.291 0 3.3
72 1 1.82127 1.82127 1.82127 0 2.66667
17 1 1.66574 1.66574 1.66574 0 3.16667
9 1 1.22461 1.22461 1.22461 0 2.66667
11 1 1.22459 1.22459 1.22459 0 2.66667
14 1 1.22459 1.22459 1.22459 0 2.66667
15 1 1.22459 1.22459 1.22459 0 2.66667
1 1 1.19726 1.19726 1.19726 0 2.8
5 1 0.941982 0.941982 0.941982 0 2.66667
52 1 0.481842 0.481842 0.481842 0 3.3
31 1 0.340132 0.340132 0.340132 0 0.666667
166 1 1e-08 1e-08 1e-08 0 2.85714
167 1 1e-08 1e-08 1e-08 0 2.85714

165 12 149.249 0.0378622 115.283 105.773 0.857143
158 13 87.0179 82.3738 114.558 108.191 2.85714
92 11 34.8084 34.8084 100.114 96.9496 3.3
169 11 133.605 0.0339354 95.6183 87.0619 0.857143
18 2 145.751 6.6317 76.1915 51.5842 9.22337e+18
162 6 43.0455 34.2888 59.5395 53.1752 2.66667
150 6 30.9782 22.1801 52.8631 48.7818 2.85714
161 2 100.095 1e-08 50.0477 35.3891 0.8
163 5 43.6193 21.6324 48.8668 43.3593 2.90909
93 5 45.9714 45.9714 45.9714 36.7771 3.16667
171 2 64.8971 1e-08 32.4485 22.9446 2.88889
16 3 27.987 27.987 27.987 18.658 2.66667
12 1 8.36527 8.36527 8.36527 0 2.66667
116 1 6.64958 6.64958 6.64958 5e-09 2.85714
10 1 4.30398 4.30398 4.30398 0 2.66667
32 1 2.291 2.291 2.291 0 3.3
72 1 1.82127 1.82127 1.82127 0 2.66667
17 1 1.66574 1.66574 1.66574 0 3.16667
9 1 1.22461 1.22461 1.22461 0 2.66667
11 1 1.22459 1.22459 1.22459 0 2.66667
14 1 1.22459 1.22459 1.22459 0 2.66667
15 1 1.22459 1.22459 1.22459 0 2.66667
1 1 1.19726 1.19726 1.19726 0 2.8
5 1 0.941982 0.941982 0.941982 0 2.66667
52 1 0.481842 0.481842 0.481842 0 3.3
31 1 0.340132 0.340132 0.340132 0 0.666667
170 1 0.125072 0.125072 0.125072 0 3.35714
168 1 0.113378 0.113378 0.113378 6.66667e-09 0.8
167 1 1e-08 1e-08 1e-08 0 2.85714

92 14 56.6075 56.6075 104.648 100.604 2.8
158 13 59.8248 56.632 92.542 88.1457 2.85714
150 9 100.169 42.3351 87.0779 77.4481 2.85714
165 11 65.6695 58.4151 83.9557 78.1734 2.85714
169 10 50.259 50.259 77.209 72.1831 0.857143
162 8 35.0741 33.9579 62.2412 57.9441 3.16667
163 8 104.686 33.2976 60.5757 53.0624 2.90909
93 5 45.9714 45.9714 45.9714 36.7771 2.66667
161 5 83.4129 8.33333e-09 35.5858 29.5316 0.8
16 3 27.987 27.987 27.987 18.658 2.66667
12 1 8.36527 8.36527 8.36527 0 2.66667
172 1 2.21057 2.21057 6.6317 4.42113 0.5
10 1 4.30398 4.30398 4.30398 0 2.66667
32 1 2.291 2.291 2.291 0 3.3
72 1 1.82127 1.82127 1.82127 0 2.66667
17 1 1.66574 1.66574 1.66574 0 3.16667
9 1 1.22461 1.22461 1.22461 0 2.66667
11 1 1.22459 1.22459 1.22459 0 2.66667
14 1 1.22459 1.22459 1.22459 0 2.66667
15 1 1.22459 1.22459 1.22459 0 2.66667
1 1 1.19726 1.19726 1.19726 0 2.8
5 1 0.941982 0.941982 0.941982 0 2.66667
52 1 0.481842 0.481842 0.481842 0 3.3
173 1 0.340134 0.340134 0.340134 0 2.8
31 1 0.340132 0.340132 0.340132 0 0.666667

165 16 51.9127 50.6961 111.273 108.09 0.857143
92 16 62.9458 62.9458 110.902 106.968 2.8
158 15 66.9369 63.3645 104.038 99.7779 2.85714
150 10 58.6045 47.5287 69.5645 64.6995 2.85714
162 9 44.3906 42.9779 65.8632 60.9832 3.16667
163 8 61.5802 30.5398 53.8426 49.0838 2.90909
93 5 45.9714 45.9714 45.9714 36.7771 3.16667
161 5 100.095 1e-08 42.7029 35.4379 0.8
16 3 27.987 27.987 27.987 18.658 2.66667
12 1 8.36527 8.36527 8.36527 0 2.66667
172 1 6.6317 6.6317 6.6317 0 0.5
10 1 4.30398 4.30398 4.30398 0 2.66667
32 1 2.291 2.291 2.291 0 3.3
72 1 1.82127 1.82127 1.82127 0 2.66667
17 1 1.66574 1.66574 1.66574 0 3.16667
9 1 1.22461 1.22461 1.22461 0 2.66667
11 1 1.22459 1.22459 1.22459 0 2.66667
14 1 1.22459 1.22459 1.22459 0 2.66667
15 1 1.22459 1.22459 1.22459 0 2.66667
1 1 1.19726 1.19726 1.19726 0 2.8
5 1 0.941982 0.941982 0.941982 0 2.66667
52 1 0.481842 0.481842 0.481842 0 3.3
173 1 0.340134 0.340134 0.340134 0 2.8

165 14 87.0619 85.0216 114.733 108.618 0.857143
92 13 45.055 45.055 106.388 102.922 2.8
172 12 145.751 0.00387257 103.425 94.9164 0.5
158 11 30.5636 28.9325 95.0093 92.3155 2.85714
179 8 145.751 0.037911 94.0055 82.5721 0.857143
163 8 130.858 64.8971 76.2893 66.8108 2.90909
162 6 21.5227 21.5227 55.4914 51.9043 3.16667
93 5 45.9714 45.9714 45.9714 36.7771 3.16667
161 5 100.095 1e-08 42.7029 35.4379 0.8
150 3 38.9382 20.7275 28.4292 19.1511 2.85714
16 3 27.987 27.987 27.987 18.658 2.66667
12 1 8.36527 8.36527 8.36527 0 2.66667
10 1 4.30398 4.30398 4.30398 0 2.66667
32 1 2.291 2.291 2.291 0 3.3
72 1 1.82127 1.82127 1.82127 0 2.66667
17 1 1.66574 1.66574 1.66574 0 3.16667
9 1 1.22461 1.22461 1.22461 0 2.66667
11 1 1.22459 1.22459 1.22459 0 2.66667
14 1 1.22459 1.22459 1.22459 0 2.66667
15 1 1.22459 1.22459 1.22459 0 2.66667
1 1 1.19726 1.19726 1.19726 0 2.8
5 1 0.941982 0.941982 0.941982 0 2.66667
52 1 0.481842 0.481842 0.481842 0 3.3
173 1 0.340134 0.340134 0.340134 0 2.8

92 15 72.7811 72.7811 121.397 116.545 2.8
181 14 85.9023 81.3177 108.159 102.207 3.35714
165 11 51.3043 50.102 92.6481 88.0537 1.35714
172 9 43.7254 43.7254 74.6556 69.7972 9.22337e+18
163 8 36.0292 25.9588 65.81 62.0961 3.40909
162 8 48.5641 48.5641 63.1159 57.0454 3.3
161 4 100.095 0.0245474 53.3787 41.7193 0.8
158 3 64.8971 34.5458 47.2593 31.797 2.85714
93 5 45.9714 45.9714 45.9714 36.7771 3.16667
179 5 33.1253 22.4281 45.4153 39.2274 0.857143
16 3 27.987 27.987 27.987 18.658 2.66667
12 1 8.36527 8.36527 8.36527 0 2.66667
10 1 4.30398 4.30398 4.30398 0 2.66667
32 1 2.291 2.291 2.291 0 3.3
72 1 1.82127 1.82127 1.82127 0 2.66667
17 1 1.66574 1.66574 1.66574 0 3.16667
9 1 1.22461 1.22461 1.22461 0 2.66667
11 1 1.22459 1.22459 1.22459 0 2.66667
14 1 1.22459 1.22459 1.22459 0 2.66667
15 1 1.22459 1.22459 1.22459 0 2.66667
1 1 1.19726 1.19726 1.19726 0 2.8
5 1 0.941982 0.941982 0.941982 0 2.66667
52 1 0.481842 0.481842 0.481842 0 3.3
173 1 0.340134 0.340134 0.340134 0 2.8
182 1 0.0522536 0.0522536 0.0522536 0 2.5
183 1 1e-08 1e-08 1e-08 0 2.8

172 15 80.9729 80.9729 124.379 118.981 0.857143
92 15 72.7811 72.7811 122.139 117.287 2.8
165 13 71.8606 70.1765 107.027 101.578 0.857143
181 11 46.2821 44.3388 91.7483 87.5721 2.88889
162 9 29.5938 29.5938 72.0638 68.7756 3.16667
163 8 64.6385 28.8431 68.5796 63.1858 2.90909
158 3 73.2005 34.5458 57.5478 38.7628 2.85714
93 5 45.9714 45.9714 45.9714 36.7771 3.16667
16 3 27.987 27.987 27.987 18.658 2.66667
161 3 30.0286 3.98975 23.8133 17.191 0.8
186 2 47.235 1e-08 23.6175 16.7001 3.16667
12 1 8.36527 8.36527 8.36527 0 2.66667
10 1 4.30398 4.30398 4.30398 0 2.66667
32 1 2.291 2.291 2.291 0 3.3
72 1 1.82127 1.82127 1.82127 0 2.66667
17 1 1.66574 1.66574 1.66574 0 3.16667
9 1 1.22461 1.22461 1.22461 0 2.66667
11 1 1.22459 1.22459 1.22459 0 2.66667
14 1 1.22459 1.22459 1.22459 0 2.66667
15 1 1.22459 1.22459 1.22459 0 2.66667
1 1 1.19726 1.19726 1.19726 0 2.8
5 1 0.941982 0.941982 0.941982 0 2.66667
52 1 0.481842 0.481842 0.481842 0 3.3
173 1 0.340134 0.340134 0.340134 0 2.8
185 1 0.0935725 0.0935725 0.0935725 0 3.16667

92 13 82.2743 82.2743 120.251 113.922 2.8
181 12 70.6853 70.6853 105.25 99.3596 3.35714
187 7 145.562 0.733773 104.324 89.9047 2.8
172 11 20.5217 20.0408 100.716 98.8715 9.22337e+18
161 2 100.095 100.095 100.095 50.0477 0.8
163 8 95.1695 47.1979 76.4 68.3538 3.40909
188 1 64.8971 64.8971 64.8971 0 2.85714
162 6 21.4482 18.94 52.8493 49.6232 3.16667
93 5 45.9714 45.9714 45.9714 36.7771 3.16667
158 2 42.3351 34.5458 38.4404 19.3186 2.85714
16 3 27.987 27.987 27.987 18.658 2.66667
189 1 13.2992 13.2992 13.2992 0 2.85714
12 1 8.36527 8.36527 8.36527 0 2.66667
10 1 4.30398 4.30398 4.30398 0 2.66667
32 1 2.291 2.291 2.291 0 3.3
72 1 1.82127 1.82127 1.82127 0 2.66667
17 1 1.66574 1.66574 1.66574 0 3.16667
9 1 1.22461 1.22461 1.22461 0 2.66667
11 1 1.22459 1.22459 1.22459 0 2.66667
15 1 1.22459 1.22459 1.22459 0 2.66667
14 1 1.22459 1.22459 1.22459 0 2.66667
1 1 1.19726 1.19726 1.19726 0 2.8
5 1 0.941982 0.941982 0.941982 0 2.66667
52 1 0.481842 0.481842 0.481842 0 3.3
173 1 0.340134 0.340134 0.340134 0 2.8
190 1 1e-08 1e-08 1e-08 0 3.35714
191 1 1e-08 1e-08 1e-08 0 3.35714
192 1 1e-08 1e-08 1e-08 0 3.35714

172 19 135.035 22.2006 120.081 113.819 0.857143
181 15 59.7004 59.7004 96.1625 92.1825 2.85714
92 14 30.8768 30.8768 86.8277 84.6222 2.8
163 12 104.686 51.9177 73.5251 67.8475 2.90909
162 8 89.3675 0.339193 64.3629 56.4375 3.16667
188 8 76.9785 39.9367 53.8614 47.7718 2.85714
93 5 45.9714 45.9714 45.9714 36.7771 3.16667
16 3 27.987 27.987 27.987 18.658 2.66667
161 2 16.0052 6.64958 12.7001 7.41499 0.8
12 1 8.36527 8.36527 8.36527 0 2.66667
10 1 4.30398 4.30398 4.30398 0 2.66667
193 1 2.74917 2.74917 2.74917 0 3.16667
32 1 2.291 2.291 2.291 0 3.3
72 1 1.82127 1.82127 1.82127 0 2.66667
17 1 1.66574 1.66574 1.66574 0 3.16667
9 1 1.22461 1.22461 1.22461 0 2.66667
11 1 1.22459 1.22459 1.22459 0 2.66667
15 1 1.22459 1.22459 1.22459 0 2.66667
14 1 1.22459 1.22459 1.22459 0 2.66667
1 1 1.19726 1.19726 1.19726 0 2.8
5 1 0.941982 0.941982 0.941982 0 2.66667
52 1 0.481842 0.481842 0.481842 0 3.3
173 1 0.340134 0.340134 0.340134 0 2.8
187 1 1e-08 1e-08 1e-08 0 2.85714

92 17 85.3296 85.3296 125.157 120.138 2.8
172 14 46.433 46.0337 102.111 98.7975 0.857143
181 12 50.4895 50.4895 92.198 87.9906 3.35714
163 10 48.4659 33.3604 74.7879 70.7535 2.90909
194 2 128.915 13.2992 71.1072 45.8203 2.85714
188 9 80.4151 41.7195 69.1389 64.04 2.85714
162 7 31.2786 27.6208 55.9373 51.7681 3.16667
93 6 39.404 39.404 45.9714 39.404 2.66667
161 1 32.0104 32.0104 32.0104 0 0.8
16 3 27.987 27.987 27.987 18.658 2.66667
12 1 8.36527 8.36527 8.36527 0 2.66667
10 1 4.30398 4.30398 4.30398 0 2.66667
32 1 2.291 2.291 2.291 0 3.3
72 1 1.82127 1.82127 1.82127 0 2.66667
17 1 1.66574 1.66574 1.66574 0 3.16667
9 1 1.22461 1.22461 1.22461 0 2.66667
11 1 1.22459 1.22459 1.22459 0 2.66667
15 1 1.22459 1.22459 1.22459 0 2.66667
14 1 1.22459 1.22459 1.22459 0 2.66667
1 1 1.19726 1.19726 1.19726 0 2.8
5 1 0.941982 0.941982 0.941982 0 2.66667
52 1 0.481842 0.481842 0.481842 0 3.3
173 1 0.340134 0.340134 0.340134 0 2.8
187 1 5e-09 5e-09 1e-08 5e-09 2.85714
195 1 1e-08 1e-08 1e-08 0 2.8
196 1 1e-08 1e-08 1e-08 0 2.8
197 1 1e-08 1e-08 1e-08 0 2.90909

181 13 76.5758 76.5758 104.759 98.8685 3.35714
92 12 38.8166 38.8166 103.356 100.121 2.8
172 11 45.6039 45.6039 91.1067 86.9609 0.857143
162 7 89.3675 78.9167 83.3956 71.4858 3.16667
198 2 145.562 1e-08 72.7811 51.464 2.8
187 2 145.562 1e-08 72.7811 51.464 2.85714
163 8 44.3712 29.6308 69.5055 64.9247 2.90909
188 6 35.74 18.542 48.8217 44.7292 2.85714
93 5 38.3095 38.3095 45.9714 38.3095 3.16667
161 1 32.0104 32.0104 32.0104 0 0.8
16 3 27.987 27.987 27.987 18.658 2.66667
194 2 25.7831 4.3015 20.9547 14.4672 2.85714
12 1 8.36527 8.36527 8.36527 0 2.66667
10 1 4.30398 4.30398 4.30398 0 2.66667
32 1 2.291 2.291 2.291 0 3.3
72 1 1.82127 1.82127 1.82127 0 2.66667
17 1 1.66574 1.66574 1.66574 0 3.16667
9 1 1.22461 1.22461 1.22461 0 2.66667
11 1 1.22459 1.22459 1.22459 0 2.66667
15 1 1.22459 1.22459 1.22459 0 2.66667
14 1 1.22459 1.22459 1.22459 0 2.66667
1 1 1.19726 1.19726 1.19726 0 2.8
5 1 0.941982 0.941982 0.941982 0 2.66667
52 1 0.481842 0.481842 0.481842 0 3.3
173 1 0.340134 0.340134 0.340134 0 2.8
196 1 1e-08 1e-08 1e-08 0 3.35714
197 1 1e-08 1e-08 1e-08 0 2.90909

172 15 82.9161 82.9161 117.338 111.81 1.35714
92 12 37.9728 37.9728 95.6262 92.4618 2.8
181 12 57.0043 57.0043 91.0509 86.3005 3.35714
188 6 125.09 42.3351 81.2011 67.878 2.85714
162 10 49.6486 49.6486 80.3384 75.3736 3.16667
194 2 128.915 21.5075 75.2114 46.2084 2.8
163 9 63.2121 40.5329 68.5814 62.7928 2.92308
93 5 45.9714 45.9714 45.9714 36.7771 3.16667
161 1 32.0104 32.0104 32.0104 0 0.8
16 3 27.987 27.987 27.987 18.658 2.66667
12 1 8.36527 8.36527 8.36527 0 2.66667
10 1 4.30398 4.30398 4.30398 0 2.66667
32 1 2.291 2.291 2.291 0 3.3
72 1 1.82127 1.82127 1.82127 0 2.66667
17 1 1.66574 1.66574 1.66574 0 3.16667
9 1 1.22461 1.22461 1.22461 0 2.66667
11 1 1.22459 1.22459 1.22459 0 2.66667
15 1 1.22459 1.22459 1.22459 0 2.66667
14 1 1.22459 1.22459 1.22459 0 2.66667
1 1 1.19726 1.19726 1.19726 0 2.8
5 1 0.941982 0.941982 0.941982 0 2.66667
52 1 0.481842 0.481842 0.481842 0 3.3
198 1 0.056689 0.056689 0.0670166 0.0103276 3.3
187 1 1.11111e-09 1.11111e-09 1e-08 8.88889e-09 2.8
196 1 1e-08 1e-08 1e-08 0 3.35714

172 15 69.9605 69.9605 111.024 106.36 0.857143
92 14 46.3153 46.3153 99.4583 96.1501 3.3
163 13 130.858 54.8134 97.848 90.3419 2.90909
181 13 63.8131 63.8131 96.613 91.7043 3.35714
188 10 73.5824 38.1747 75.7836 70.1182 2.85714
162 10 30.8164 30.8164 75.5402 72.4585 3.16667
93 5 45.9714 45.9714 45.9714 36.7771 3.16667
161 1 32.0104 32.0104 32.0104 0 0.8
16 3 27.987 27.987 27.987 18.658 2.66667
194 1 10.7537 10.7537 10.7537 5e-09 2.8
12 1 8.36527 8.36527 8.36527 0 2.66667
10 1 4.30398 4.30398 4.30398 0 2.66667
32 1 2.291 2.291 2.291 0 3.3
72 1 1.82127 1.82127 1.82127 0 2.66667
17 1 1.66574 1.66574 1.66574 0 3.16667
9 1 1.22461 1.22461 1.22461 0 2.66667
11 1 1.22459 1.22459 1.22459 0 2.66667
15 1 1.22459 1.22459 1.22459 0 2.66667
14 1 1.22459 1.22459 1.22459 0 2.66667
1 1 1.19726 1.19726 1.19726 0 2.8
5 1 0.941982 0.941982 0.941982 0 2.66667
52 1 0.481842 0.481842 0.481842 0 3.3
198 1 0.340134 0.340134 0.340134 0 2.8
199 1 0.0549957 0.0549957 0.0549957 0 2.8

92 17 77.33 77.33 122.83 118.281 2.8
172 16 68.2281 68.2281 120.306 116.041 0.857143
181 13 50.3788 50.3788 99.8697 95.9944 3.35714
162 11 70.2173 70.2173 79.4223 73.0389 3.16667
188 10 56.5857 53.5085 74.3347 68.8916 2.85714
163 9 42.2236 26.1502 67.8613 63.8704 2.90909
93 5 45.9714 45.9714 45.9714 36.7771 3.16667
161 1 32.0104 32.0104 32.0104 0 0.8
16 3 27.987 27.987 27.987 18.658 2.66667
200 1 21.5075 21.5075 21.5075 0 2.85714
12 1 8.36527 8.36527 8.36527 0 2.66667
10 1 4.30398 4.30398 4.30398 0 2.66667
32 1 2.291 2.291 2.291 0 3.3
72 1 1.82127 1.82127 1.82127 0 2.66667
17 1 1.66574 1.66574 1.66574 0 3.16667
9 1 1.22461 1.22461 1.22461 0 2.66667
11 1 1.22459 1.22459 1.22459 0 2.66667
15 1 1.22459 1.22459 1.22459 0 2.66667
14 1 1.22459 1.22459 1.22459 0 2.66667
1 1 1.19726 1.19726 1.19726 0 2.8
5 1 0.941982 0.941982 0.941982 0 2.66667
52 1 0.481842 0.481842 0.481842 0 3.3
201 1 0.0332339 0.0332339 0.0332339 0 2.85714
198 1 0.0274978 0.0274978 0.0274979 5e-09 2.8
202 1 0.000518015 0.000518015 0.000518015 0 2.8

172 15 55.9684 55.9684 110.894 107.163 0.857143
92 14 50.9468 50.9468 105.173 101.534 3.3
181 14 60.6369 60.6369 99.9592 95.628 3.35714
163 10 130.858 1e-08 82.5236 74.4151 2.90909
162 11 40.9601 40.9601 79.3478 75.6242 3.16667
188 10 50.7617 44.675 75.5096 70.9684 2.85714
93 5 45.9714 45.9714 45.9714 36.7771 3.16667
161 1 32.0104 32.0104 32.0104 0 0.8
16 3 27.987 27.987 27.987 18.658 2.66667
200 1 21.5075 21.5075 21.5075 0 2.85714
12 1 8.36527 8.36527 8.36527 0 2.66667
10 1 4.30398 4.30398 4.30398 0 2.66667
32 1 2.291 2.291 2.291 0 3.3
72 1 1.82127 1.82127 1.82127 0 2.66667
17 1 1.66574 1.66574 1.66574 0 3.16667
9 1 1.22461 1.22461 1.22461 0 2.66667
11 1 1.22459 1.22459 1.22459 0 2.66667
15 1 1.22459 1.22459 1.22459 0 2.66667
14 1 1.22459 1.22459 1.22459 0 2.66667
1 1 1.19726 1.19726 1.19726 0 2.8
5 1 0.941982 0.941982 0.941982 0 2.66667
52 1 0.481842 0.481842 0.481842 0 3.3
198 1 0.0549957 0.0549957 0.0549957 0 2.8
201 1 0.0332339 0.0332339 0.0332339 0 2.85714
203 1 1e-08 1e-08 1e-08 0 2.8

181 15 84.9583 84.9583 134.628 128.964 2.85714
92 14 84.9113 84.9113 121.534 115.469 2.8
172 13 48.5059 48.5059 119.892 116.161 0.857143
188 12 131.2 3.45976 107.727 98.7851 2.85714
203 7 145.562 1e-08 103.983 89.6217 2.8
163 7 29.9429 20.8037 65.4713 61.6412 2.90909
162 7 23.1693 23.1693 64.7491 61.4392 3.16667
93 5 45.9714 45.9714 45.9714 36.7771 3.16667
161 1 32.0104 32.0104 32.0104 0 0.8
16 3 27.987 27.987 27.987 18.658 2.66667
200 1 10.7537 10.7537 11.1919 0.438133 2.85714
12 1 8.36527 8.36527 8.36527 0 2.66667
10 1 4.30398 4.30398 4.30398 0 2.66667
32 1 2.291 2.291 2.291 0 3.3
72 1 1.82127 1.82127 1.82127 0 2.66667
17 1 1.66574 1.66574 1.66574 0 3.16667
9 1 1.22461 1.22461 1.22461 0 2.66667
11 1 1.22459 1.22459 1.22459 0 2.66667
15 1 1.22459 1.22459 1.22459 0 2.66667
14 1 1.22459 1.22459 1.22459 0 2.66667
1 1 1.19726 1.19726 1.19726 0 2.8
5 1 0.941982 0.941982 0.941982 0 2.66667
52 1 0.481842 0.481842 0.481842 0 3.3
198 1 0.314531 0.314531 0.342029 0.0274978 2.8
201 1 0.125268 0.125268 0.125268 0 2.85714
204 1 0.0180113 0.0180113 0.0180113 0 2.8
205 1 1e-08 1e-08 1e-08 0 2.90909

172 15 63.9638 63.9638 113.77 109.505 0.857143
163 12 148.433 1e-08 104.716 96.0545 2.90909
181 13 59.8248 59.8248 99.4654 94.8635 3.35714
162 7 89.3675 89.3675 89.3675 76.6007 3.16667
92 11 28.5926 28.5926 83.7 81.1007 3.3
188 10 48.2026 46.3297 82.3472 77.6956 2.85714
93 5 45.9714 45.9714 45.9714 36.7771 3.16667
161 1 32.0104 32.0104 32.0104 0 0.8
203 3 87.3374 0.0108068 29.6685 24.0004 2.8
16 3 27.987 27.987 27.987 18.658 2.66667
200 1 21.5075 21.5075 21.5075 0 2.85714
12 1 8.36527 8.36527 8.36527 0 2.66667
10 1 4.30398 4.30398 4.30398 0 2.66667
32 1 2.291 2.291 2.291 0 3.3
72 1 1.82127 1.82127 1.82127 0 2.66667
17 1 1.66574 1.66574 1.66574 0 3.16667
9 1 1.22461 1.22461 1.22461 0 2.66667
11 1 1.22459 1.22459 1.22459 0 2.66667
15 1 1.22459 1.22459 1.22459 0 2.66667
14 1 1.22459 1.22459 1.22459 0 2.66667
1 1 1.19726 1.19726 1.19726 0 2.8
5 1 0.941982 0.941982 0.941982 0 2.66667
52 1 0.481842 0.481842 0.481842 0 3.3
206 1 0.0771712 0.0771712 0.0771712 0 2.90909
201 1 0.0587875 0.0587875 0.0587875 0 2.85714
198 1 1e-08 1e-08 1e-08 0 2.8
207 1 1e-08 1e-08 1e-08 0 3.3
208 1 1e-08 1e-08 1e-08 0 2.8

172 12 52.6761 52.6761 109.928 105.539 0.857143
92 11 76.2469 76.2469 100.979 94.0477 2.8
203 6 145.562 1.18564 97.6995 82.1942 2.8
181 11 53.9957 53.9957 95.4312 90.5225 3.35714
188 10 58.3725 52.1209 86.5137 81.2241 2.85714
163 8 34.4113 27.6723 71.0938 67.038 2.90909
162 8 31.0843 31.0843 70.5865 66.7009 3.16667
210 1 64.8971 64.8971 64.8971 0 2.85714
93 5 45.9714 45.9714 45.9714 36.7771 3.16667
161 1 32.0104 32.0104 32.0104 0 0.8
16 3 27.987 27.987 27.987 18.658 2.66667
200 1 21.5075 21.5075 21.5075 0 2.85714
12 1 8.36527 8.36527 8.36527 0 2.66667
10 1 4.30398 4.30398 4.30398 0 2.66667
32 1 2.291 2.291 2.291 0 3.3
72 1 1.82127 1.82127 1.82127 0 2.66667
17 1 1.66574 1.66574 1.66574 0 3.16667
9 1 1.22461 1.22461 1.22461 0 2.66667
11 1 1.22459 1.22459 1.22459 0 2.66667
15 1 1.22459 1.22459 1.22459 0 2.66667
14 1 1.22459 1.22459 1.22459 0 2.66667
1 1 1.19726 1.19726 1.19726 0 2.8
5 1 0.941982 0.941982 0.941982 0 2.66667
52 1 0.481842 0.481842 0.481842 0 3.3
209 1 0.13805 0.13805 0.13805 0 2.85714
201 1 0.0332339 0.0332339 0.0332339 0 2.85714
198 1 1e-08 1e-08 1e-08 0 2.8
208 1 1e-08 1e-08 1e-08 0 2.8

181 11 147.261 147.261 147.261 133.874 2.85714
188 10 140.094 125.09 127.096 114.387 2.85714
163 8 141.908 85.8996 120.33 105.319 0.923077
203 5 145.562 0.0373887 116.457 93.8904 2.85714
92 9 20.7946 20.7946 101.049 98.7388 2.8
172 9 21.6652 21.6652 100.831 98.4233 0.857143
162 8 89.3675 89.3675 89.3675 78.1965 3.16667
210 1 64.8971 64.8971 64.8971 0 2.85714
93 4 36.7771 36.7771 45.9714 36.7771 3.16667
161 1 32.0104 32.0104 32.0104 0 0.8
16 2 18.658 18.658 27.987 18.658 2.66667
200 1 21.5075 21.5075 21.5075 0 2.85714
12 1 8.36527 8.36527 8.36527 0 2.66667
10 1 4.30398 4.30398 4.30398 0 2.66667
32 1 2.291 2.291 2.291 0 3.3
72 1 1.82127 1.82127 1.82127 0 2.66667
17 1 1.66574 1.66574 1.66574 0 3.16667
9 1 1.22461 1.22461 1.22461 0 2.66667
11 1 1.22459 1.22459 1.22459 0 2.66667
15 1 1.22459 1.22459 1.22459 0 2.66667
14 1 1.22459 1.22459 1.22459 0 2.66667
1 1 1.19726 1.19726 1.19726 0 2.8
5 1 0.941982 0.941982 0.941982 0 2.66667
52 1 0.481842 0.481842 0.481842 0 3.3
201 1 0.0236494 0.0236494 0.0236494 0 2.85714
198 1 1e-08 1e-08 1e-08 0 2.8
208 1 1e-08 1e-08 1e-08 0 2.8

172 9 149.249 149.249 149.249 132.666 0.857143
203 14 145.562 0.0373887 135.168 125.541 2.8
163 8 141.947 64.8768 103.781 90.8626 0.909091
181 11 24.1772 24.1772 95.9134 93.7155 2.85714
162 8 89.3675 89.3675 89.3675 78.1965 3.16667
188 8 21.1463 18.8815 72.5953 70.0955 2.85714
210 1 64.8971 64.8971 64.8971 0 2.85714
93 4 45.9714 45.9714 45.9714 34.4785 3.16667
161 1 32.0104 32.0104 32.0104 0 0.8
16 2 27.987 27.987 27.987 13.9935 2.66667
200 1 21.5075 21.5075 21.5075 0 2.85714
12 1 8.36527 8.36527 8.36527 0 2.66667
10 1 4.30398 4.30398 4.30398 0 2.66667
32 1 2.291 2.291 2.291 0 3.3
72 1 1.82127 1.82127 1.82127 0 2.66667
17 1 1.66574 1.66574 1.66574 0 3.16667
9 1 1.22461 1.22461 1.22461 0 2.66667
11 1 1.22459 1.22459 1.22459 0 2.66667
15 1 1.22459 1.22459 1.22459 0 2.66667
14 1 1.22459 1.22459 1.22459 0 2.66667
1 1 1.19726 1.19726 1.19726 0 2.8
5 1 0.941982 0.941982 0.941982 0 2.66667
52 1 0.481842 0.481842 0.481842 0 3.3
211 1 0.0487133 0.0487133 0.0487133 0 3.35714
201 1 0.0371669 0.0371669 0.0371669 0 2.85714
198 1 1e-08 1e-08 1e-08 0 2.8
208 1 1e-08 1e-08 1e-08 0 2.8

181 11 147.261 147.261 147.261 133.874 3.35714
188 8 140.094 32.1872 110.141 96.5016 2.85714
163 8 141.947 64.8768 109.351 95.7477 0.923077
172 11 31.5719 31.5719 98.6362 95.766 0.857143
203 10 23.1051 23.1051 96.1315 93.821 2.8
162 8 89.3675 89.3675 89.3675 78.1965 3.16667
210 1 64.8971 64.8971 64.8971 0 2.85714
93 4 45.9714 45.9714 45.9714 34.4785 3.16667
161 1 32.0104 32.0104 32.0104 0 0.8
16 2 27.987 27.987 27.987 13.9935 2.66667
200 1 21.5075 21.5075 21.5075 0 2.85714
208 1 16.8962 16.8962 16.9032 0.00698983 2.85714
12 1 8.36527 8.36527 8.36527 0 2.66667
10 1 4.30398 4.30398 4.30398 0 2.66667
32 1 2.291 2.291 2.291 0 3.3
72 1 1.82127 1.82127 1.82127 0 2.66667
17 1 1.66574 1.66574 1.66574 0 3.16667
212 1 1.38123 1.38123 1.40491 0.0236753 2.8
9 1 1.22461 1.22461 1.22461 0 2.66667
11 1 1.22459 1.22459 1.22459 0 2.66667
15 1 1.22459 1.22459 1.22459 0 2.66667
14 1 1.22459 1.22459 1.22459 0 2.66667
1 1 1.19726 1.19726 1.19726 0 2.8
5 1 0.941982 0.941982 0.941982 0 2.66667
52 1 0.481842 0.481842 0.481842 0 3.3
211 1 0.0487133 0.0487133 0.0487133 0 3.35714
201 1 0.0371669 0.0371669 0.0371669 0 2.85714
214 1 0.0084155 0.0084155 0.0084155 0 2.8
198 1 1e-08 1e-08 1e-08 0 2.8
213 1 1e-08 1e-08 1e-08 0 2.85714

172 11 149.249 149.249 149.249 135.681 0.857143
203 13 145.562 0.0084155 118.683 109.628 2.8
163 8 140.08 64.8768 106.596 93.3198 2.90909
181 10 24.1063 23.7518 89.5636 87.1849 3.35714
162 8 89.3675 89.3675 89.3675 78.1965 3.16667
188 8 19.3233 17.7598 69.0442 66.6628 2.85714
210 1 64.8971 64.8971 64.8971 0 2.85714
93 4 45.9714 45.9714 45.9714 34.4785 3.16667
161 1 32.0104 32.0104 32.0104 0 0.8
16 2 27.987 27.987 27.987 13.9935 2.66667
200 1 21.5075 21.5075 21.5075 0 2.85714
12 1 8.36527 8.36527 8.36527 0 2.66667
10 1 4.30398 4.30398 4.30398 0 2.66667
32 1 2.291 2.291 2.291 0 3.3
72 1 1.82127 1.82127 1.82127 0 2.66667
17 1 1.66574 1.66574 1.66574 0 3.16667
9 1 1.22461 1.22461 1.22461 0 2.66667
11 1 1.22459 1.22459 1.22459 0 2.66667
15 1 1.22459 1.22459 1.22459 0 2.66667
14 1 1.22459 1.22459 1.22459 0 2.66667
1 1 1.19726 1.19726 1.19726 0 2.8
5 1 0.941982 0.941982 0.941982 0 2.66667
52 1 0.481842 0.481842 0.481842 0 3.3
201 1 0.0587875 0.0587875 0.0587875 0 2.85714
198 1 1e-08 1e-08 1e-08 0 2.8
213 1 1e-08 1e-08 1e-08 0 2.85714

181 10 149.459 147.261 147.481 132.733 2.85714
188 8 140.094 53.3881 127.839 111.915 2.85714
203 11 48.5208 48.5208 124.176 119.765 2.8
163 8 140.187 88.3911 114.723 100.413 0.909091
172 10 22.0092 21.9484 108.489 106.293 0.857143
215 8 129.389 19.6682 90.3486 79.2609 2.8
162 8 89.3675 89.3675 89.3675 78.1965 3.16667
210 1 64.8971 64.8971 64.8971 0 2.85714
93 4 45.9714 45.9714 45.9714 34.4785 3.16667
161 1 32.0104 32.0104 32.0104 0 0.8
216 2 24.1375 24.1375 27.5296 15.4609 3.8
200 1 21.5075 21.5075 21.5075 0 2.85714
16 1 9.32898 9.32898 18.658 9.32898 2.66667
12 1 8.36527 8.36527 8.36527 0 2.66667
10 1 4.30398 4.30398 4.30398 0 2.66667
32 1 2.291 2.291 2.291 0 3.3
72 1 1.82127 1.82127 1.82127 0 2.66667
17 1 1.66574 1.66574 1.66574 0 3.16667
219 1 1.29834 1.29834 1.29834 0 0.888889
9 1 1.22461 1.22461 1.22461 0 2.66667
11 1 1.22459 1.22459 1.22459 0 2.66667
14 1 1.22459 1.22459 1.22459 0 2.66667
15 1 1.22459 1.22459 1.22459 0 2.66667
1 1 1.19726 1.19726 1.19726 0 2.8
5 1 0.941982 0.941982 0.941982 0 2.66667
52 1 0.481842 0.481842 0.481842 0 3.3
198 1 0.136561 0.136561 0.136561 5e-09 2.8
201 1 0.0236494 0.0236494 0.0236494 0 2.85714
213 1 1e-08 1e-08 1e-08 0 2.85714
217 1 1e-08 1e-08 1e-08 0 2.85714
218 1 1e-08 1e-08 1e-08 0 2.8
220 1 1e-08 1e-08 1e-08 0 3.3
221 1 1e-08 1e-08 1e-08 0 2.8

172 10 149.663 149.249 149.29 134.361 1.35714
163 8 140.08 64.8768 108.253 94.777 2.90909
203 13 78.8462 78.8462 107.556 101.491 2.8
162 8 89.3675 89.3675 89.3675 78.1965 3.16667
188 8 18.6089 18.373 73.1022 70.8019 2.85714
181 8 20.9767 20.6682 68.1217 65.5334 2.85714
210 1 64.8971 64.8971 64.8971 0 2.85714
93 4 45.9714 45.9714 45.9714 34.4785 3.16667
161 1 32.0104 32.0104 32.0104 0 0.8
16 1 27.987 27.987 27.987 0 2.66667
200 1 21.5075 21.5075 21.5075 0 2.85714
12 1 8.36527 8.36527 8.36527 0 2.66667
10 1 4.30398 4.30398 4.30398 0 2.66667
32 1 2.291 2.291 2.291 0 3.3
72 1 1.82127 1.82127 1.82127 0 2.66667
17 1 1.66574 1.66574 1.66574 0 3.16667
219 1 1.29834 1.29834 1.29834 0 0.888889
9 1 1.22461 1.22461 1.22461 0 2.66667
11 1 1.22459 1.22459 1.22459 0 2.66667
14 1 1.22459 1.22459 1.22459 0 2.66667
15 1 1.22459 1.22459 1.22459 0 2.66667
1 1 1.19726 1.19726 1.19726 0 2.8
5 1 0.941982 0.941982 0.941982 0 2.66667
52 1 0.481842 0.481842 0.481842 0 3.3
201 1 0.0371669 0.0371669 0.0371669 0 2.85714
215 1 1e-08 1e-08 1e-08 0 2.8
213 1 1e-08 1e-08 1e-08 0 2.85714
218 1 1e-08 1e-08 1e-08 0 2.8

181 8 149.459 147.261 147.536 129.094 2.85714
203 12 145.562 145.562 145.562 133.432 2.8
188 9 141.893 64.8971 131.939 117.308 2.85714
172 10 25.3666 25.2964 94.0105 91.4767 1.35714
162 8 89.3675 89.3675 89.3675 78.1965 3.16667
215 2 145.562 1e-08 72.7811 51.464 3.8
163 7 17.3171 16.3426 64.9444 62.5594 0.909091
93 4 45.9714 45.9714 45.9714 34.4785 3.16667
161 1 32.0104 32.0104 32.0104 0 0.8
16 1 27.987 27.987 27.987 0 2.66667
200 1 21.5075 21.5075 21.5075 0 2.85714
12 1 8.36527 8.36527 8.36527 0 2.66667
10 1 4.30398 4.30398 4.30398 0 2.66667
32 1 2.291 2.291 2.291 0 3.3
72 1 1.82127 1.82127 1.82127 0 2.66667
17 1 1.66574 1.66574 1.66574 0 3.16667
9 1 1.22461 1.22461 1.22461 0 2.66667
11 1 1.22459 1.22459 1.22459 0 2.66667
14 1 1.22459 1.22459 1.22459 0 2.66667
15 1 1.22459 1.22459 1.22459 0 2.66667
1 1 1.19726 1.19726 1.19726 0 2.8
5 1 0.941982 0.941982 0.941982 0 2.66667
52 1 0.481842 0.481842 0.481842 0 3.3
201 1 0.125268 0.125268 0.125268 0 2.85714
213 1 1e-08 1e-08 1e-08 0 2.85714
218 1 1e-08 1e-08 1e-08 0 2.8

172 10 149.663 149.249 149.497 134.548 1.35714
222 8 141.893 140.094 140.319 122.779 3.35714
163 7 146.294 63.3307 114.123 97.9189 0.909091
215 9 145.562 1e-08 101.066 90.1146 2.8
203 9 25.6875 25.6875 96.8456 93.9915 2.8
162 8 89.3675 89.3675 89.3675 78.1965 3.16667
181 7 18.6823 18.4076 83.5624 80.9191 3.35714
223 4 145.562 0.0180113 73.4763 57.9796 2.8
188 1 64.8971 64.8971 64.8971 0 2.85714
93 4 45.9714 45.9714 45.9714 34.4785 3.16667
161 1 32.0104 32.0104 32.0104 0 0.8
16 1 27.987 27.987 27.987 0 2.66667
200 1 21.5075 21.5075 21.5075 0 2.85714
12 1 8.36527 8.36527 8.36527 0 2.66667
10 1 4.30398 4.30398 4.30398 0 2.66667
32 1 2.291 2.291 2.291 0 3.3
72 1 1.82127 1.82127 1.82127 0 2.66667
17 1 1.66574 1.66574 1.66574 0 3.16667
9 1 1.22461 1.22461 1.22461 0 2.66667
11 1 1.22459 1.22459 1.22459 0 2.66667
14 1 1.22459 1.22459 1.22459 0 2.66667
15 1 1.22459 1.22459 1.22459 0 2.66667
1 1 1.19726 1.19726 1.19726 0 2.8
5 1 0.941982 0.941982 0.941982 0 2.66667
52 1 0.481842 0.481842 0.481842 0 3.3
201 1 0.0371669 0.0371669 0.0371669 0 2.85714
213 1 1e-08 1e-08 1e-08 0 2.85714
218 1 1e-08 1e-08 1e-08 0 2.8
224 1 1e-08 1e-08 1e-08 0 2.85714
225 1 1e-08 1e-08 1e-08 0 2.85714

181 7 149.459 147.261 148.021 126.875 3.35714
215 15 121.302 121.302 139.472 131.385 2.8
163 7 146.294 88.3911 127.565 109.391 2.90909
162 8 89.3675 89.3675 89.3675 78.1965 3.16667
172 9 22.8299 22.8299 80.0351 77.4984 0.857143
222 8 19.2397 18.9958 73.9853 71.607 2.85714
188 1 64.8971 64.8971 64.8971 0 2.85714
93 4 45.9714 45.9714 45.9714 34.4785 3.16667
161 1 32.0104 32.0104 32.0104 0 0.8
16 1 27.987 27.987 27.987 0 2.66667
200 1 21.5075 21.5075 21.5075 0 2.85714
12 1 8.36527 8.36527 8.36527 0 2.66667
10 1 4.30398 4.30398 4.30398 0 2.66667
32 1 2.291 2.291 2.291 0 3.3
72 1 1.82127 1.82127 1.82127 0 2.66667
17 1 1.66574 1.66574 1.66574 0 3.16667
9 1 1.22461 1.22461 1.22461 0 2.66667
11 1 1.22459 1.22459 1.22459 0 2.66667
14 1 1.22459 1.22459 1.22459 0 2.66667
15 1 1.22459 1.22459 1.22459 0 2.66667
1 1 1.19726 1.19726 1.19726 0 2.8
5 1 0.941982 0.941982 0.941982 0 2.66667
203 1 0.920821 0.920821 0.926825 0.00600376 2.85714
52 1 0.481842 0.481842 0.481842 0 3.3
226 1 0.139543 0.139543 0.139543 5e-09 2.8
201 1 0.0371669 0.0371669 0.0371669 0 2.85714
213 1 1e-08 1e-08 1e-08 0 2.85714
218 1 1e-08 1e-08 1e-08 0 2.8
224 1 1e-08 1e-08 1e-08 0 2.85714

172 9 149.663 149.663 149.663 133.034 0.857143
222 8 141.893 140.094 140.319 122.779 2.85714
163 7 146.294 63.3307 117.567 100.865 0.909091
215 10 25.0969 25.0969 98.8363 96.3266 2.8
181 9 21.6956 21.6956 90.9854 88.5748 3.38889
162 8 89.3675 89.3675 89.3675 78.1965 3.16667
188 1 64.8971 64.8971 64.8971 0 2.85714
93 4 45.9714 45.9714 45.9714 34.4785 3.16667
227 2 66.7192 1e-08 33.3596 23.5888 3.40909
161 1 32.0104 32.0104 32.0104 0 0.8
16 1 27.987 27.987 27.987 0 2.66667
200 1 21.5075 21.5075 21.5075 0 2.85714
12 1 8.36527 8.36527 8.36527 0 2.66667
10 1 4.30398 4.30398 4.30398 0 2.66667
32 1 2.291 2.291 2.291 0 3.3
72 1 1.82127 1.82127 1.82127 0 2.66667
17 1 1.66574 1.66574 1.66574 0 3.16667
9 1 1.22461 1.22461 1.22461 0 2.66667
11 1 1.22459 1.22459 1.22459 0 2.66667
14 1 1.22459 1.22459 1.22459 0 2.66667
15 1 1.22459 1.22459 1.22459 0 2.66667
1 1 1.19726 1.19726 1.19726 0 2.8
5 1 0.941982 0.941982 0.941982 0 2.66667
52 1 0.481842 0.481842 0.481842 0 3.3
201 1 0.0371669 0.0371669 0.0371669 0 2.85714
213 1 1e-08 1e-08 1e-08 0 2.85714
218 1 1e-08 1e-08 1e-08 0 2.8
224 1 1e-08 1e-08 1e-08 0 2.85714
228 1 5e-09 5e-09 1e-08 5e-09 1.35714

215 10 145.562 145.562 145.562 131.006 2.8
181 10 149.459 66.7192 141.185 127.091 3.38889
163 7 147.573 88.3911 113.8 97.6001 0.909091
172 10 24.5349 24.5349 91.1423 88.6888 0.857143
162 8 89.3675 89.3675 89.3675 78.1965 3.16667
222 9 23.6488 23.349 82.2705 79.6614 2.85714
188 1 64.8971 64.8971 64.8971 0 2.85714
93 4 45.9714 45.9714 45.9714 34.4785 3.16667
161 1 32.0104 32.0104 32.0104 0 0.8
16 1 27.987 27.987 27.987 0 2.66667
200 1 21.5075 21.5075 21.5075 0 2.85714
12 1 8.36527 8.36527 8.36527 0 2.66667
10 1 4.30398 4.30398 4.30398 0 2.66667
229 1 2.62561 2.62561 2.62561 0 0.888889
32 1 2.291 2.291 2.291 0 3.3
72 1 1.82127 1.82127 1.82127 0 2.66667
17 1 1.66574 1.66574 1.66574 0 3.16667
9 1 1.22461 1.22461 1.22461 0 2.66667
11 1 1.22459 1.22459 1.22459 0 2.66667
14 1 1.22459 1.22459 1.22459 0 2.66667
15 1 1.22459 1.22459 1.22459 0 2.66667
1 1 1.19726 1.19726 1.19726 0 2.8
5 1 0.941982 0.941982 0.941982 0 2.66667
230 1 0.879462 0.879462 0.879462 0 3.38889
52 1 0.481842 0.481842 0.481842 0 3.3
201 1 0.125268 0.125268 0.125268 0 2.85714
213 1 1e-08 1e-08 1e-08 0 2.85714
218 1 1e-08 1e-08 1e-08 0 2.8
224 1 1e-08 1e-08 1e-08 0 2.85714
228 1 1e-08 1e-08 1e-08 0 3.35714
227 1 1e-08 1e-08 1e-08 0 3.40909

222 9 141.893 140.094 140.894 125.239 2.85714
172 11 149.663 2.62561 136.296 123.965 0.857143
163 7 146.294 88.3911 120.189 103.085 2.90909
215 9 40.9394 40.9394 97.314 92.7652 2.8
162 8 89.3675 89.3675 89.3675 78.1965 3.16667
231 7 67.9291 67.9291 77.4299 67.7257 3.3
181 7 14.7354 14.7354 69.537 67.432 3.40909
188 1 64.8971 64.8971 64.8971 0 2.85714
93 4 45.9714 45.9714 45.9714 34.4785 3.16667
233 1 40.1156 40.1156 40.1156 0 3.35714
161 1 32.0104 32.0104 32.0104 0 0.8
16 1 27.987 27.987 27.987 0 2.66667
200 1 21.5075 21.5075 21.5075 0 2.85714
12 1 8.36527 8.36527 8.36527 0 2.66667
10 1 4.30398 4.30398 4.30398 0 2.66667
32 1 2.291 2.291 2.291 0 3.3
72 1 1.82127 1.82127 1.82127 0 2.66667
17 1 1.66574 1.66574 1.66574 0 3.16667
9 1 1.22461 1.22461 1.22461 0 2.66667
11 1 1.22459 1.22459 1.22459 0 2.66667
14 1 1.22459 1.22459 1.22459 0 2.66667
15 1 1.22459 1.22459 1.22459 0 2.66667
1 1 1.19726 1.19726 1.19726 0 2.8
5 1 0.941982 0.941982 0.941982 0 2.66667
52 1 0.481842 0.481842 0.481842 0 3.3
201 1 0.0332339 0.0332339 0.0332339 0 2.85714
232 1 0.00307934 0.00307934 0.00307934 0 2.8
230 1 1e-08 1e-08 1e-08 0 3.38889
213 1 1e-08 1e-08 1e-08 0 2.85714
218 1 1e-08 1e-08 1e-08 0 2.8
224 1 5e-09 5e-09 1e-08 5e-09 2.85714
228 1 1e-08 1e-08 1e-08 0 3.35714

181 7 149.459 149.459 149.459 128.108 3.38889
215 15 128.437 128.437 139.36 130.797 3.3
163 7 148.433 88.3911 135.713 116.359 0.909091
162 8 89.3675 89.3675 89.3675 78.1965 3.16667
172 9 19.5212 19.5212 86.5899 84.4208 0.857143
222 9 25.5407 25.5407 83.933 81.0951 2.85714
188 1 64.8971 64.8971 64.8971 0 2.85714
93 4 45.9714 45.9714 45.9714 34.4785 3.16667
161 1 32.0104 32.0104 32.0104 0 0.8
16 1 27.987 27.987 27.987 0 2.66667
200 1 21.5075 21.5075 21.5075 0 2.85714
12 1 8.36527 8.36527 8.36527 0 2.66667
10 1 4.30398 4.30398 4.30398 0 2.66667
32 1 2.291 2.291 2.291 0 3.3
72 1 1.82127 1.82127 1.82127 0 2.66667
17 1 1.66574 1.66574 1.66574 0 3.16667
9 1 1.22461 1.22461 1.22461 0 2.66667
11 1 1.22459 1.22459 1.22459 0 2.66667
14 1 1.22459 1.22459 1.22459 0 2.66667
15 1 1.22459 1.22459 1.22459 0 2.66667
1 1 1.19726 1.19726 1.19726 0 2.8
5 1 0.941982 0.941982 0.941982 0 2.66667
52 1 0.481842 0.481842 0.481842 0 3.3
201 1 0.0371669 0.0371669 0.0371669 0 2.85714
232 1 0.00307934 0.00307934 0.00307934 0 2.8
230 1 1e-08 1e-08 1e-08 0 3.38889
213 1 1e-08 1e-08 1e-08 0 2.85714
218 1 1e-08 1e-08 1e-08 0 2.8
224 1 1e-08 1e-08 1e-08 0 2.85714
228 1 1e-08 1e-08 1e-08 0 3.35714
234 1 1e-08 1e-08 1e-08 0 2.88889

172 9 149.663 149.663 149.663 133.034 0.857143
222 9 141.893 141.893 141.893 126.127 2.85714
163 7 147.573 85.8996 117.522 100.804 0.909091
215 12 24.9535 24.9535 112.523 110.444 2.8
162 8 89.3675 89.3675 89.3675 78.1965 3.16667
181 8 24.4014 24.4014 75.84 72.7899 3.38889
188 1 64.8971 64.8971 64.8971 0 2.85714
93 4 45.9714 45.9714 45.9714 34.4785 3.16667
161 1 32.0104 32.0104 32.0104 0 0.8
16 1 27.987 27.987 27.987 0 2.66667
200 1 21.5075 21.5075 21.5075 0 2.85714
12 1 8.36527 8.36527 8.36527 0 2.66667
10 1 4.30398 4.30398 4.30398 0 2.66667
32 1 2.291 2.291 2.291 0 3.3
72 1 1.82127 1.82127 1.82127 0 2.66667
17 1 1.66574 1.66574 1.66574 0 3.16667
9 1 1.22461 1.22461 1.22461 0 2.66667
11 1 1.22459 1.22459 1.22459 0 2.66667
14 1 1.22459 1.22459 1.22459 0 2.66667
15 1 1.22459 1.22459 1.22459 0 2.66667
1 1 1.19726 1.19726 1.19726 0 2.8
5 1 0.941982 0.941982 0.941982 0 2.66667
230 1 0.879462 0.879462 0.879462 0 3.38889
52 1 0.481842 0.481842 0.481842 0 3.3
201 1 0.0371669 0.0371669 0.0371669 0 2.85714
232 1 0.00307934 0.00307934 0.00307934 0 2.8
213 1 1e-08 1e-08 1e-08 0 2.85714
218 1 1e-08 1e-08 1e-08 0 2.8
224 1 1e-08 1e-08 1e-08 0 2.85714
228 1 1e-08 1e-08 1e-08 0 3.35714
234 1 1e-08 1e-08 1e-08 0 2.88889
235 1 5e-09 5e-09 1e-08 5e-09 3.3
236 1 1e-08 1e-08 1e-08 0 3.35714

181 8 149.459 149.459 149.459 130.776 3.38889
215 13 145.562 21.5075 136.02 125.582 2.8
163 7 147.573 88.3911 127.154 109.046 2.90909
222 11 27.1072 26.4546 97.6623 95.252 2.85714
172 10 25.4181 25.3666 89.8676 87.3304 0.857143
162 8 89.3675 89.3675 89.3675 78.1965 3.16667
188 1 64.8971 64.8971 64.8971 0 2.85714
93 4 45.9714 45.9714 45.9714 34.4785 3.16667
161 1 32.0104 32.0104 32.0104 0 0.8
16 1 27.987 27.987 27.987 0 2.66667
12 1 8.36527 8.36527 8.36527 0 2.66667
10 1 4.30398 4.30398 4.30398 0 2.66667
32 1 2.291 2.291 2.291 0 3.3
72 1 1.82127 1.82127 1.82127 0 2.66667
17 1 1.66574 1.66574 1.66574 0 3.16667
9 1 1.22461 1.22461 1.22461 0 2.66667
11 1 1.22459 1.22459 1.22459 0 2.66667
14 1 1.22459 1.22459 1.22459 0 2.66667
15 1 1.22459 1.22459 1.22459 0 2.66667
1 1 1.19726 1.19726 1.19726 0 2.8
5 1 0.941982 0.941982 0.941982 0 2.66667
230 1 0.879462 0.879462 0.879462 0 3.38889
52 1 0.481842 0.481842 0.481842 0 3.3
201 1 0.0371669 0.0371669 0.0371669 0 2.85714
232 1 0.00307934 0.00307934 0.00307934 0 2.8
213 1 1e-08 1e-08 1e-08 0 2.85714
218 1 1e-08 1e-08 1e-08 0 2.8
224 1 1e-08 1e-08 1e-08 0 2.85714
228 1 1e-08 1e-08 1e-08 0 3.35714
234 1 1e-08 1e-08 1e-08 0 2.88889
235 1 1e-08 1e-08 1e-08 0 3.3
236 1 1e-08 1e-08 1e-08 0 3.35714

172 10 149.967 149.663 149.693 134.724 0.857143
222 10 145.393 141.893 142.243 128.019 2.85714
238 1 141.893 141.893 141.893 0 3.85714
163 7 147.573 88.3911 121.308 104.04 0.909091
215 10 26.4659 26.4659 107.561 104.914 2.8
162 8 89.3675 89.3675 89.3675 78.1965 3.16667
188 1 64.8971 64.8971 64.8971 0 2.85714
181 6 15.1992 15.1992 63.9619 61.4287 3.38889
93 4 45.9714 45.9714 45.9714 34.4785 3.16667
161 1 32.0104 32.0104 32.0104 0 0.8
240 1 22.3148 22.3148 22.3148 0 1.3
16 1 13.9935 13.9935 13.9935 5e-09 2.66667
237 1 10.7537 10.7537 10.7537 5e-09 2.85714
12 1 8.36527 8.36527 8.36527 0 2.66667
10 1 4.30398 4.30398 4.30398 0 2.66667
32 1 2.291 2.291 2.291 0 3.3
72 1 1.82127 1.82127 1.82127 0 2.66667
17 1 1.66574 1.66574 1.66574 0 3.16667
9 1 1.22461 1.22461 1.22461 0 2.66667
11 1 1.22459 1.22459 1.22459 0 2.66667
15 1 1.22459 1.22459 1.22459 0 2.66667
14 1 1.22459 1.22459 1.22459 0 2.66667
1 1 1.19726 1.19726 1.19726 0 2.8
5 1 0.941982 0.941982 0.941982 0 2.66667
230 1 0.879462 0.879462 0.879462 0 3.38889
52 1 0.481842 0.481842 0.481842 0 3.3
201 1 0.0371669 0.0371669 0.0371669 0 2.85714
232 1 0.00307934 0.00307934 0.00307934 0 2.8
213 1 1e-08 1e-08 1e-08 0 2.85714
218 1 1e-08 1e-08 1e-08 0 2.8
224 1 1e-08 1e-08 1e-08 0 2.85714
228 1 1e-08 1e-08 1e-08 0 3.35714
234 1 1e-08 1e-08 1e-08 0 2.88889
235 1 5e-09 5e-09 1e-08 5e-09 2.8
236 1 5e-09 5e-09 1e-08 5e-09 3.3
239 1 1e-08 1e-08 1e-08 0 2.8

181 6 149.459 149.459 149.459 124.549 3.38889
215 11 145.562 22.3148 134.358 122.186 2.8
163 7 148.433 63.3307 132.13 113.326 0.909091
172 10 26.7798 26.7255 92.3942 89.7189 0.857143
162 8 89.3675 89.3675 89.3675 78.1965 3.16667
222 8 18.1741 17.7366 78.8437 76.613 2.88889
188 1 64.8971 64.8971 64.8971 0 2.85714
93 4 45.9714 45.9714 45.9714 34.4785 3.16667
161 1 32.0104 32.0104 32.0104 0 0.8
16 1 27.987 27.987 27.987 0 2.66667
237 1 21.5075 21.5075 21.5075 0 2.85714
12 1 8.36527 8.36527 8.36527 0 2.66667
10 1 4.30398 4.30398 4.30398 0 2.66667
32 1 2.291 2.291 2.291 0 3.3
72 1 1.82127 1.82127 1.82127 0 2.66667
17 1 1.66574 1.66574 1.66574 0 3.16667
9 1 1.22461 1.22461 1.22461 0 2.66667
11 1 1.22459 1.22459 1.22459 0 2.66667
15 1 1.22459 1.22459 1.22459 0 2.66667
14 1 1.22459 1.22459 1.22459 0 2.66667
1 1 1.19726 1.19726 1.19726 0 2.8
5 1 0.941982 0.941982 0.941982 0 2.66667
52 1 0.481842 0.481842 0.481842 0 3.3
201 1 0.0332339 0.0332339 0.0332339 0 2.85714
232 1 0.00307934 0.00307934 0.00307934 0 2.8
241 1 1e-08 1e-08 1e-08 0 1.35714
239 1 1e-08 1e-08 1e-08 0 2.8
236 1 1e-08 1e-08 1e-08 0 3.35714
235 1 1e-08 1e-08 1e-08 0 3.3
234 1 1e-08 1e-08 1e-08 0 2.88889
228 1 1e-08 1e-08 1e-08 0 3.35714
224 1 1e-08 1e-08 1e-08 0 2.85714
218 1 1e-08 1e-08 1e-08 0 2.8
213 1 1e-08 1e-08 1e-08 0 2.85714
230 1 1e-08 1e-08 1e-08 0 3.38889

