5 1 0.0522538 0.0522538 0.0522538 0 2
1 1 1e-08 1e-08 1e-08 0 0
2 1 1e-08 1e-08 1e-08 0 2
3 1 1e-08 1e-08 1e-08 0 2
4 1 1e-08 1e-08 1e-08 0 2

5 96 1.40488 0.0321615 0.188536 0.186613 2
1 1 1e-08 1e-08 1e-08 0 0
2 1 5e-09 5e-09 1e-08 5e-09 2
3 1 1e-08 1e-08 1e-08 0 2
4 1 2e-09 2e-09 1e-08 8e-09 2

5 99 0.728182 0.0270845 0.217855 0.215914 2.66667
1 1 3.33333e-09 3.33333e-09 1e-08 6.66667e-09 0
2 1 1e-08 1e-08 1e-08 0 2

24 1 1.28578 1.28578 1.28578 0 2.66667
7 2 1.23327 1.22821 1.23074 0.615371 2.66667
25 1 1.22429 1.22429 1.22429 0 2.66667
15 1 1.22429 1.22429 1.22429 0 2.66667
14 1 1.22429 1.22429 1.22429 0 2.66667
10 1 1.22429 1.22429 1.22429 0 2.66667
13 2 1.22429 1.22429 1.22429 0.612147 2.66667
27 1 1.22429 1.22429 1.22429 0 2.66667
23 1 1.22429 1.22429 1.22429 0 2.66667
17 1 1.22428 1.22428 1.22428 0 2.66667
18 1 1.22425 1.22425 1.22425 0 2.66667
6 5 0.878047 0.771165 0.995393 0.8284 2.66667
8 4 0.979436 0.979436 0.979436 0.734577 2.66667
16 4 0.544127 0.544127 0.95221 0.816178 2.66667
12 3 1.22429 1e-08 0.816196 0.577138 2.66667
19 3 1.22413 1e-08 0.816089 0.577062 2.66667
11 3 0.524698 0.524673 0.722029 0.547132 2.66667
9 3 0.367288 0.367288 0.685035 0.562606 2.66667
5 1 0.00949065 0.00949065 0.0863524 0.0768617 2.66667
21 1 0.0174179 0.0174179 0.0522538 0.0348359 2.5
22 1 0.0261269 0.0261269 0.0522538 0.0261269 2.5
20 1 0.0261269 0.0261269 0.0522538 0.0261269 2.5
1 1 0.00902875 0.00902875 0.00902875 6.66667e-09 0.666667
2 1 1e-08 1e-08 1e-08 0 2
26 1 1e-08 1e-08 1e-08 0 2
28 1 5e-09 5e-09 1e-08 5e-09 2

15 6 0.816196 0.816196 1.22429 1.08826 2.66667
9 3 1.22429 1.22429 1.22429 0.816196 2.66667
5 1 1.22429 1.22429 1.22429 0 2.66667
25 4 1.22429 1.22429 1.22429 0.918221 2.66667
8 5 1.22429 1.22429 1.22429 0.979436 2.66667
13 6 0.918221 0.918221 1.22429 1.07126 2.66667
6 5 0.780487 0.780487 1.20545 1.04936 2.66667
17 5 1.02023 1.02023 1.12043 0.916383 2.66667
7 5 0.685149 0.685149 1.09468 0.957655 2.66667
14 5 0.680164 0.680164 1.08826 0.952229 2.66667
16 5 0.680159 0.680159 1.08825 0.952223 2.66667
10 5 0.510123 0.510123 1.0246 0.922577 2.66667
24 4 0.571458 0.571458 1.00633 0.863466 2.8
18 4 0.979403 0.979403 0.989858 0.745007 2.8
11 4 0.979436 0.97939 0.989661 0.744808 2.66667
27 4 0.489717 0.489717 0.979434 0.857005 2.66667
23 4 0.489716 0.489716 0.872686 0.750257 2.66667
19 3 0.45905 0.45905 0.765083 0.612067 2.66667
12 2 0.408098 0.408098 0.408098 0.204049 2.66667
21 1 0.0522538 0.0522538 0.0522538 0 2.5
22 1 0.0522538 0.0522538 0.0522538 0 2.5
20 1 0.0522538 0.0522538 0.0522538 0 2.5
29 1 0.0270862 0.0270862 0.0270862 0 0.8
2 1 1e-08 1e-08 1e-08 0 2
26 1 1e-08 1e-08 1e-08 0 2
28 1 1e-08 1e-08 1e-08 0 2
30 1 1e-08 1e-08 1e-08 0 2.66667
31 1 1e-08 1e-08 1e-08 0 2.8

6 10 11.8648 0.936584 2.49769 2.31805 2.66667
14 5 0.680164 0.680164 1.22429 1.08826 2.66667
10 5 0.556497 0.556497 1.22429 1.11299 2.66667
27 4 1.22429 1.22429 1.22429 0.918219 2.66667
23 4 1.22429 1.22429 1.22429 0.918218 2.66667
16 5 0.765179 0.765179 1.22429 1.07125 2.66667
11 4 1.22429 1.22424 1.22427 0.9182 2.66667
18 5 0.874467 0.874467 1.22425 1.04936 2.66667
19 3 1.22413 1.22413 1.22413 0.816089 2.66667
17 5 1.48183 0.510117 1.21458 1.07649 2.66667
24 5 0.584445 0.584445 1.17502 1.05813 2.66667
7 4 0.493307 0.493307 1.11989 0.996565 2.66667
13 4 0.244859 0.244859 1.08038 1.01916 2.66667
8 4 0.612147 0.612147 1.07126 0.918221 2.66667
9 4 0.376706 0.376706 1.03996 0.945786 2.66667
15 4 0.376706 0.376706 0.945786 0.851609 2.66667
5 3 0.367288 0.367288 0.862834 0.740404 2.66667
12 3 1.22429 1e-08 0.816196 0.577138 2.8
25 3 0.367288 0.367288 0.739804 0.617375 2.66667
26 2 1.22425 1e-08 0.612127 0.432839 2.66667
32 1 0.0522744 0.0522744 0.0522744 0 2.8
21 1 0.0522538 0.0522538 0.0522538 0 2.5
22 1 0.0522538 0.0522538 0.0522538 0 2.5
29 1 0.0270862 0.0270862 0.0270862 0 0.8
20 1 0.0261269 0.0261269 0.0261269 5e-09 2.5
2 1 1e-08 1e-08 1e-08 0 2
28 1 1e-08 1e-08 1e-08 0 2
30 1 1e-08 1e-08 1e-08 0 2.66667
33 1 5e-09 5e-09 1e-08 5e-09 2.66667
34 1 1e-08 1e-08 1e-08 0 0.666667

6 16 14.9871 1.18305 4.71077 4.4369 2.66667
17 10 19.5292 1e-08 3.39876 3.10756 2.66667
36 2 1.22429 1.22429 1.22429 0.612147 2.66667
25 3 1.22429 1.22429 1.22429 0.816196 2.66667
5 3 1.22429 1.22429 1.22429 0.816196 2.66667
15 4 1.22429 1.22429 1.22429 0.918221 2.66667
9 4 1.22429 1.22429 1.22429 0.918221 2.66667
8 4 1.22429 1.22429 1.22429 0.918221 2.66667
13 4 1.22429 1.22429 1.22429 0.918221 2.66667
27 4 0.612146 0.612146 1.22429 1.07126 2.66667
35 3 1.22428 1.22428 1.22428 0.816187 0.666667
18 4 0.28806 0.28806 1.22425 1.15224 2.66667
14 3 0.408098 0.408098 1.08826 0.952229 2.66667
24 3 0.296718 0.296718 1.08797 0.989061 2.66667
11 3 0.216052 0.216052 1.05527 0.983252 2.66667
23 3 0.333806 0.216051 1.05057 0.965642 2.66667
16 3 0.333896 0.333896 1.00619 0.894892 2.66667
7 3 0.371675 0.36998 1.00127 0.877759 2.66667
10 3 0.229555 0.229555 0.998006 0.921488 2.66667
19 3 0.524629 0.524629 0.881849 0.706973 2.66667
20 1 0.0522538 0.0522538 0.0522538 0 2.5
22 1 0.0522538 0.0522538 0.0522538 0 2.5
38 1 0.0520064 0.0520064 0.0520064 0 0.8
29 1 0.0270862 0.0270862 0.0270862 0 0.8
21 1 0.0261269 0.0261269 0.0261269 5e-09 2.8
2 1 1e-08 1e-08 1e-08 0 2
28 1 1e-08 1e-08 1e-08 0 2
30 1 5e-09 5e-09 1e-08 5e-09 2.66667
34 1 1e-08 1e-08 1e-08 0 0.666667
26 1 1e-08 1e-08 1e-08 0 2
12 1 1e-08 1e-08 1e-08 0 2.8
37 1 1e-08 1e-08 1e-08 0 2.8
39 1 1e-08 1e-08 1e-08 0 2.66667

6 15 9.8873 0.780487 4.69916 4.42497 2.66667
17 9 5.66975 1.0325 2.79494 2.57464 2.66667
23 3 1.89157 1.22429 1.44672 0.970161 2.66667
24 3 1.28578 1.28578 1.28578 0.857187 2.66667
7 3 1.23892 1.23327 1.23515 0.823434 2.66667
10 3 1.22429 1.22429 1.22429 0.816196 2.66667
11 3 1.22429 1.22429 1.22429 0.816196 2.66667
36 3 1.22429 1.22429 1.22429 0.816196 2.66667
5 4 0.489718 0.489718 1.22429 1.10186 2.66667
16 3 1.22429 1.22429 1.22429 0.816191 2.66667
2 1 1.22425 1.22425 1.22425 0 2.8
19 3 1.22413 1.22413 1.22413 0.816089 2.66667
9 3 0.367288 0.367288 1.10635 0.983921 2.66667
13 3 0.367288 0.367288 1.10186 0.979436 2.66667
18 3 0.367276 0.367276 1.10183 0.979403 2.66667
14 3 0.306074 0.306074 1.09547 0.993447 2.66667
8 3 0.45911 0.45911 1.07126 0.918221 2.66667
27 3 0.45911 0.45911 1.07126 0.918219 2.66667
25 3 0.612147 0.612147 1.02025 0.816196 2.66667
15 2 0.174899 0.174899 0.881964 0.794514 3.3
35 2 0.244856 0.244856 0.74502 0.622592 0.8
41 1 0.0522743 0.0522743 0.0522743 0 2.8
20 1 0.0522538 0.0522538 0.0522538 0 2.5
22 1 0.0522538 0.0522538 0.0522538 0 2.5
40 1 0.0522538 0.0522538 0.0522538 0 2.5
38 1 0.0520064 0.0520064 0.0520064 0 0.8
29 1 0.0270862 0.0270862 0.0270862 0 0.8
26 1 0.0261374 0.0261374 0.0261374 5e-09 2.8
28 1 1e-08 1e-08 1e-08 0 2
30 1 1e-08 1e-08 1e-08 0 2.66667
34 1 1e-08 1e-08 1e-08 0 0.666667
12 1 1e-08 1e-08 1e-08 0 2.8
37 1 1e-08 1e-08 1e-08 0 2.8
39 1 1e-08 1e-08 1e-08 0 2.66667
42 1 1e-08 1e-08 1e-08 0 2.66667
43 1 1e-08 1e-08 1e-08 0 2.66667
44 1 1e-08 1e-08 1e-08 0 2.8

6 19 26.0886 0.620759 6.90241 6.5701 2.66667
17 16 13.0194 2.37092 5.72946 5.42255 0.666667
7 4 7.41345 1.23327 2.77973 2.18945 2.66667
23 3 0.567471 0.567471 1.42447 1.23532 2.66667
36 3 0.474246 0.45911 1.22934 1.07462 2.66667
15 2 1.22429 1.22429 1.22429 0.612147 2.66667
25 3 1.22429 1.22429 1.22429 0.816196 2.66667
8 3 1.22429 1.22429 1.22429 0.816196 2.66667
14 3 1.22429 1.22429 1.22429 0.816196 2.66667
27 3 1.22429 1.22429 1.22429 0.816195 2.66667
46 1 1.22429 1.22429 1.22429 0 2.8
19 3 0.524629 0.524629 1.22413 1.04926 2.66667
9 3 1.41507 0.408098 1.21916 0.984047 2.66667
10 3 0.45911 0.45911 1.07779 0.924755 2.66667
13 2 0.408098 0.408098 1.02896 0.824909 2.66667
24 2 0.285729 0.285729 1.00586 0.862995 2.66667
5 2 0.244859 0.244859 0.98989 0.867461 2.66667
18 2 0.612127 0.612127 0.91819 0.612127 2.66667
11 2 0.244859 0.244859 0.857006 0.734577 2.66667
16 2 0.408095 0.408095 0.833616 0.629568 2.66667
2 2 0.816169 0.816169 0.833594 0.42551 2.85714
26 1 0.0522748 0.0522748 0.0522748 0 2.8
20 1 0.0522538 0.0522538 0.0522538 0 2.5
22 1 0.0522538 0.0522538 0.0522538 0 2.5
40 1 0.0522538 0.0522538 0.0522538 0 2.5
38 1 0.0520064 0.0520064 0.0520064 0 0.8
49 1 0.0439364 0.0439364 0.0439364 0 2.8
29 1 0.0270862 0.0270862 0.0270862 0 0.8
30 1 1e-08 1e-08 1e-08 0 2.66667
34 1 1e-08 1e-08 1e-08 0 0.666667
12 1 1e-08 1e-08 1e-08 0 2.8
37 1 1e-08 1e-08 1e-08 0 2.8
39 1 1e-08 1e-08 1e-08 0 2.66667
43 1 1e-08 1e-08 1e-08 0 2.66667
44 1 1e-08 1e-08 1e-08 0 2.8
45 1 1e-08 1e-08 1e-08 0 2.8
28 1 1e-08 1e-08 1e-08 0 2
47 1 1e-08 1e-08 1e-08 0 2.66667
48 1 1e-08 1e-08 1e-08 0 2.66667

6 23 31.5809 9.5194 12.825 12.359 2.66667
17 14 8.0415 1.46439 8.20257 7.7653 2.66667
26 3 19.5292 0.0522748 7.94857 5.98824 3.66667
9 4 2.83014 0.816196 2.23124 1.79321 2.66667
7 3 1.85336 0.309729 1.94684 1.52412 2.66667
23 3 0.810672 0.810672 1.89157 1.62134 2.66667
24 2 1.28578 1.28578 1.28578 0.64289 2.66667
51 1 1.23497 1.23497 1.23497 0 2.8
5 2 1.22429 1.22429 1.22429 0.612147 2.66667
13 2 1.22429 1.22429 1.22429 0.612147 2.66667
10 2 0.816196 0.816196 1.22429 0.816196 2.66667
11 2 1.22429 1.22429 1.22429 0.612147 2.66667
14 2 0.816196 0.816196 1.22429 0.816196 2.66667
25 2 0.489718 0.489718 1.22429 0.979436 2.66667
16 2 1.22429 1.22429 1.22429 0.612143 2.66667
18 2 1.22425 1.22425 1.22425 0.612127 2.66667
2 2 1.22425 1.22425 1.22425 0.612127 2.8
27 1 0.200658 0.200658 1.08262 0.881962 2.66667
8 1 0.177684 0.177684 1.05218 0.874496 2.66667
46 1 0.174898 0.174898 1.04939 0.87449 2.8
36 1 0.105388 0.105388 1.00657 0.90118 2.66667
19 1 0.244827 0.244827 0.979307 0.73448 2.66667
15 1 0.0941765 0.0941765 0.941765 0.847588 2.66667
20 1 0.0522538 0.0522538 0.0522538 0 2.5
22 1 0.0522538 0.0522538 0.0522538 0 2.5
40 1 0.0522538 0.0522538 0.0522538 0 2.5
38 1 0.0520064 0.0520064 0.0520064 0 0.8
49 1 0.0439364 0.0439364 0.0439364 0 2.8
29 1 0.0270862 0.0270862 0.0270862 0 0.8
53 1 1e-08 1e-08 1e-08 0 2.66667
52 1 1e-08 1e-08 1e-08 0 2.66667
50 1 5e-09 5e-09 1e-08 5e-09 2.66667
28 1 1e-08 1e-08 1e-08 0 2
45 1 1e-08 1e-08 1e-08 0 2.8
44 1 1e-08 1e-08 1e-08 0 2.8
43 1 1e-08 1e-08 1e-08 0 2.66667
39 1 1e-08 1e-08 1e-08 0 2.66667
37 1 1e-08 1e-08 1e-08 0 2.8
12 1 1e-08 1e-08 1e-08 0 2.8
34 1 1e-08 1e-08 1e-08 0 0.666667
30 1 1e-08 1e-08 1e-08 0 2.66667

54 1 59.0425 59.0425 59.0425 0 0.666667
6 12 12.43 3.74676 16.85 16.3778 2.66667
26 9 19.5292 1e-08 13.1903 11.7671 2.8
17 7 3.59751 3.59748 10.4225 9.90859 2.66667
7 5 4.32232 4.11859 6.71237 5.88053 2.66667
9 1 0.606459 0.606459 2.34405 1.73759 2.66667
23 1 0.236446 0.236446 1.89157 1.65512 2.66667
27 1 1.40461 1.40461 1.40461 0 2.66667
36 1 1.26466 1.26466 1.26466 0 2.66667
8 1 1.24379 1.24379 1.24379 0 2.66667
13 1 0.204049 0.204049 1.22429 1.02025 2.66667
11 1 0.306074 0.306074 1.22429 0.918221 2.66667
14 1 0.612147 0.612147 1.22429 0.612147 2.66667
25 1 0.612147 0.612147 1.22429 0.612147 2.66667
5 1 0.244859 0.244859 1.22429 0.979436 2.66667
15 1 1.22429 1.22429 1.22429 0 2.66667
46 1 1.22429 1.22429 1.22429 0 2.8
16 1 0.612143 0.612143 1.22429 0.612143 2.66667
18 1 0.612127 0.612127 1.22425 0.612127 2.66667
2 1 0.612127 0.612127 1.22425 0.612127 2.8
19 1 1.22413 1.22413 1.22413 0 2.66667
51 1 0.205828 0.205828 1.03779 0.831958 2.8
24 1 0.257156 0.257156 1.02862 0.771468 2.66667
10 1 0.244859 0.244859 0.982392 0.737533 2.66667
55 1 0.13959 0.13959 0.13959 0 2.8
20 1 0.0522538 0.0522538 0.0522538 0 2.5
22 1 0.0522538 0.0522538 0.0522538 0 2.5
40 1 0.0522538 0.0522538 0.0522538 0 2.5
38 1 0.0520064 0.0520064 0.0520064 0 0.8
49 1 0.0439364 0.0439364 0.0439364 0 2.8
29 1 0.0270862 0.0270862 0.0270862 0 0.8
56 1 1e-08 1e-08 1e-08 0 2.66667
30 1 1e-08 1e-08 1e-08 0 2.66667
34 1 1e-08 1e-08 1e-08 0 0.666667
12 1 1e-08 1e-08 1e-08 0 2.8
37 1 1e-08 1e-08 1e-08 0 2.8
39 1 1e-08 1e-08 1e-08 0 2.66667
43 1 1e-08 1e-08 1e-08 0 2.66667
44 1 1e-08 1e-08 1e-08 0 2.8
45 1 1e-08 1e-08 1e-08 0 2.8
28 1 1e-08 1e-08 1e-08 0 2
50 1 1e-08 1e-08 1e-08 0 2.66667
53 1 1e-08 1e-08 1e-08 0 2.66667

54 34 27.8812 27.8812 40.2237 39.4037 0.666667
6 16 25.0288 14.9871 18.4436 17.3522 2.66667
26 12 9.76467 9.76458 14.3768 13.5631 2.8
17 9 14.6469 7.5e-09 11.3953 10.1517 2.66667
7 4 4.44581 4.23626 5.53157 4.45946 2.66667
9 1 4.24521 4.24521 4.24521 0 2.66667
23 1 1.89157 1.89157 1.89157 0 2.66667
27 1 1.40461 1.40461 1.40461 0 2.66667
24 1 1.28578 1.28578 1.28578 0 2.66667
15 1 1.22429 1.22429 1.22429 0 2.66667
5 1 1.22429 1.22429 1.22429 0 2.66667
25 1 1.22429 1.22429 1.22429 0 2.66667
14 1 1.22429 1.22429 1.22429 0 2.66667
11 1 1.22429 1.22429 1.22429 0 2.66667
13 1 1.22429 1.22429 1.22429 0 2.66667
10 1 1.22429 1.22429 1.22429 0 2.66667
46 1 1.22429 1.22429 1.22429 0 2.8
16 1 1.22429 1.22429 1.22429 0 2.66667
18 1 1.22425 1.22425 1.22425 0 2.66667
2 1 1.22425 1.22425 1.22425 0 2.8
19 1 1.22413 1.22413 1.22413 0 2.66667
36 1 0.632328 0.632328 0.632328 5e-09 2.8
8 1 0.621894 0.621894 0.621894 5e-09 2.66667
55 1 0.13959 0.13959 0.13959 0 2.8
20 1 0.0522538 0.0522538 0.0522538 0 2.5
22 1 0.0522538 0.0522538 0.0522538 0 2.5
40 1 0.0522538 0.0522538 0.0522538 0 2.5
49 1 0.0439364 0.0439364 0.0439364 0 2.8
29 1 0.0270862 0.0270862 0.0270862 0 0.8
57 1 1e-08 1e-08 1e-08 0 3.8
53 1 1e-08 1e-08 1e-08 0 2.66667

54 33 31.4259 31.4259 53.7254 52.7731 1.16667
6 11 19.6808 5.93238 18.5764 17.7627 2.66667
17 11 14.3214 14.3214 18.2272 16.9253 2.66667
26 9 7.52705 7.32343 15.4963 14.6801 2.66667
53 2 27.3253 1e-08 13.6627 9.66096 2.66667
58 4 14.2377 8e-09 7.12931 5.63456 2.8
7 4 1.94504 1.94504 6.61308 6.12682 2.66667
9 1 1.0613 1.0613 2.31231 1.25101 2.66667
23 1 0.945784 0.945784 1.89157 0.945784 2.66667
27 1 1.40461 1.40461 1.40461 0 2.66667
62 1 1.37609 1.37609 1.37609 0 2.66667
24 1 1.28578 1.28578 1.28578 0 2.66667
59 1 1.26466 1.26466 1.26466 0 2.66667
8 1 1.24379 1.24379 1.24379 0 2.66667
15 1 1.22429 1.22429 1.22429 0 2.66667
5 1 1.22429 1.22429 1.22429 0 2.66667
25 1 1.22429 1.22429 1.22429 0 2.66667
14 1 1.22429 1.22429 1.22429 0 2.66667
11 1 1.22429 1.22429 1.22429 0 2.66667
13 1 1.22429 1.22429 1.22429 0 2.66667
10 1 1.22429 1.22429 1.22429 0 2.66667
46 1 1.22429 1.22429 1.22429 0 2.8
16 1 1.22429 1.22429 1.22429 0 2.66667
2 1 1.22425 1.22425 1.22425 0 2.8
18 1 1.22425 1.22425 1.22425 0 2.66667
19 1 1.22413 1.22413 1.22413 0 2.66667
20 1 0.0522538 0.0522538 0.0522538 0 2.5
22 1 0.0522538 0.0522538 0.0522538 0 2.5
55 1 0.0465299 0.0465299 0.0465299 6.66667e-09 3.85714
49 1 0.0439364 0.0439364 0.0439364 0 2.8
65 1 0.0384672 0.0384672 0.0384672 0 2.85714
29 1 0.0270862 0.0270862 0.0270862 0 0.8
57 1 0.013064 0.013064 0.026128 0.013064 3.85714
60 1 0.0130665 0.0130665 0.0250028 0.0119363 0.8

54 27 25.8378 19.9269 47.3344 46.5883 2.66667
6 12 14.2664 14.2664 20.8148 19.626 2.66667
17 10 4.88509 4.88229 18.1489 17.6607 2.66667
66 5 19.5292 0.593577 15.742 12.6844 2.8
26 7 15.6117 0.0503328 13.1473 11.295 2.66667
58 5 17.7971 0.035581 10.6959 8.73169 3.16667
53 3 27.3253 1e-08 9.10844 7.43701 2.66667
7 4 7.78017 7.78017 7.78017 5.83513 2.66667
9 1 4.24521 4.24521 4.24521 0 2.66667
23 1 1.89157 1.89157 1.89157 0 2.66667
27 1 1.40461 1.40461 1.40461 0 2.66667
24 1 1.28578 1.28578 1.28578 0 2.66667
59 1 1.26466 1.26466 1.26466 0 2.66667
8 1 1.24379 1.24379 1.24379 0 2.66667
10 1 1.22429 1.22429 1.22429 0 2.66667
13 1 1.22429 1.22429 1.22429 0 2.66667
11 1 1.22429 1.22429 1.22429 0 2.66667
14 1 1.22429 1.22429 1.22429 0 2.66667
25 1 1.22429 1.22429 1.22429 0 2.66667
5 1 1.22429 1.22429 1.22429 0 2.66667
15 1 1.22429 1.22429 1.22429 0 2.66667
46 1 1.22429 1.22429 1.22429 0 2.8
16 1 1.22429 1.22429 1.22429 0 2.66667
2 1 1.22425 1.22425 1.22425 0 2.8
18 1 1.22425 1.22425 1.22425 0 2.66667
19 1 1.22413 1.22413 1.22413 0 2.66667
62 1 0.688047 0.688047 0.688047 5e-09 2.66667
55 1 0.0697949 0.0697949 0.0893909 0.019596 3.85714
22 1 0.0522538 0.0522538 0.0522538 0 2.5
20 1 0.0522538 0.0522538 0.0522538 0 2.5
49 1 0.0439364 0.0439364 0.0439364 0 2.8
65 1 0.0384672 0.0384672 0.0384672 0 2.85714
68 1 0.0368844 0.0368844 0.0368844 0 3.3
29 1 0.0270862 0.0270862 0.0270862 0 0.8
67 1 1e-08 1e-08 1e-08 0 2.66667
69 1 1e-08 1e-08 1e-08 0 2.8

54 21 27.511 14.0897 41.9591 41.226 0.666667
70 4 96.264 1e-08 36.3652 29.048 0.8
6 8 59.0425 14.3682 22.5242 19.7845 2.66667
17 9 6.51346 6.50978 18.0845 17.3611 2.66667
66 8 8.80869 8.2228 17.695 16.6473 2.8
72 2 19.5292 0.0522729 9.79071 6.90462 2.66667
26 3 11.7175 0.0837539 7.86546 5.56131 2.66667
7 3 5.83513 5.83513 7.78017 5.83513 2.66667
53 3 20.494 7.5e-09 6.83133 5.57776 2.66667
9 1 4.24521 4.24521 4.24521 0 2.66667
58 1 2.54245 2.54245 2.56027 0.0178202 3.16667
23 1 1.89157 1.89157 1.89157 0 2.66667
27 1 1.40461 1.40461 1.40461 0 2.66667
24 1 1.28578 1.28578 1.28578 0 2.66667
59 1 1.26466 1.26466 1.26466 0 2.66667
8 1 1.24379 1.24379 1.24379 0 2.66667
15 1 1.22429 1.22429 1.22429 0 2.66667
5 1 1.22429 1.22429 1.22429 0 2.66667
25 1 1.22429 1.22429 1.22429 0 2.66667
14 1 1.22429 1.22429 1.22429 0 2.66667
11 1 1.22429 1.22429 1.22429 0 2.66667
10 1 1.22429 1.22429 1.22429 0 2.66667
13 1 1.22429 1.22429 1.22429 0 2.66667
46 1 1.22429 1.22429 1.22429 0 2.8
16 1 1.22429 1.22429 1.22429 0 2.66667
2 1 1.22425 1.22425 1.22425 0 2.8
18 1 1.22425 1.22425 1.22425 0 2.66667
19 1 1.22413 1.22413 1.22413 0 2.66667
20 1 0.0522538 0.0522538 0.0522538 0 2.5
22 1 0.0522538 0.0522538 0.0522538 0 2.5
49 1 0.0439364 0.0439364 0.0439364 0 2.8
55 1 0.0384672 0.0384672 0.0384672 0 2.85714
29 1 0.0270862 0.0270862 0.0270862 0 0.8
71 1 0.00115627 0.00115627 0.00115628 7.5e-09 0.666667
69 1 1e-08 1e-08 1e-08 0 2.8
62 1 1e-08 1e-08 1e-08 0 0.666667
73 1 1e-08 1e-08 1e-08 0 0.666667
74 1 1e-08 1e-08 1e-08 0 3.3
75 1 5e-09 5e-09 1e-08 5e-09 2.8

54 30 48.7116 24.9476 38.1439 37.1852 0.8
77 1 19.5292 19.5292 19.5292 0 2.8
6 13 40.926 10.0592 16.783 15.6674 2.66667
17 12 6.69192 4.7854 14.9337 14.5113 2.66667
7 3 7.78017 7.78017 7.78017 5.18678 2.66667
9 1 4.24521 4.24521 4.24521 0 2.66667
23 1 1.89157 1.89157 1.89157 0 2.66667
27 1 1.40461 1.40461 1.40461 0 2.66667
24 1 1.28578 1.28578 1.28578 0 2.66667
59 1 1.26466 1.26466 1.26466 0 2.66667
8 1 1.24379 1.24379 1.24379 0 2.66667
10 1 1.22429 1.22429 1.22429 0 2.66667
13 1 1.22429 1.22429 1.22429 0 2.66667
15 1 1.22429 1.22429 1.22429 0 2.66667
5 1 1.22429 1.22429 1.22429 0 2.66667
25 1 1.22429 1.22429 1.22429 0 2.66667
14 1 1.22429 1.22429 1.22429 0 2.66667
11 1 1.22429 1.22429 1.22429 0 2.66667
46 1 1.22429 1.22429 1.22429 0 2.8
16 1 1.22429 1.22429 1.22429 0 2.66667
2 1 1.22425 1.22425 1.22425 0 2.8
18 1 1.22425 1.22425 1.22425 0 2.66667
19 1 1.22413 1.22413 1.22413 0 2.66667
26 1 0.13959 0.13959 0.13959 0 2.8
81 1 0.0535526 0.0535526 0.0535526 0 2.8
20 1 0.0522538 0.0522538 0.0522538 0 2.5
22 1 0.0522538 0.0522538 0.0522538 0 2.5
49 1 0.0439364 0.0439364 0.0439364 0 2.8
55 1 0.0384672 0.0384672 0.0384672 0 2.85714
72 1 0.0311401 0.0311401 0.0311401 0 2.66667
29 1 0.0270862 0.0270862 0.0270862 0 0.8
76 1 0.0174183 0.0174183 0.0174183 6.66667e-09 2.8
66 1 0.00470575 0.00470575 0.00470576 8e-09 2.8
79 1 1e-08 1e-08 1e-08 0 1.16667
80 1 1e-08 1e-08 1e-08 0 2.85714
82 1 1e-08 1e-08 1e-08 0 2.8
83 1 1e-08 1e-08 1e-08 0 0.8
78 1 1e-08 1e-08 1e-08 0 2.8
74 1 1e-08 1e-08 1e-08 0 3.3
73 1 1e-08 1e-08 1e-08 0 2.66667
69 1 1e-08 1e-08 1e-08 0 2.8
53 1 5e-09 5e-09 1e-08 5e-09 2.66667

54 25 43.0164 22.0308 59.5923 58.4184 0.8
81 2 72.4075 0.0535526 36.2305 25.5999 2.8
6 11 33.1868 8.15702 27.6911 25.8709 3.16667
66 2 20.9206 20.6739 20.7973 10.3988 2.8
84 3 20.6739 19.9665 20.2529 13.5023 2.8
82 6 13.6913 13.3814 15.6993 13.4518 3.3
77 5 4.01843 2.87358 13.7235 13.1033 2.85714
17 2 13.0657 6.66667e-09 6.53284 4.61942 2.66667
7 2 1.55603 1.55603 6.18079 5.40277 2.66667
9 1 1.42942 1.42942 4.25956 2.83014 2.66667
23 1 1.89157 1.89157 1.89157 0 2.66667
27 1 1.40461 1.40461 1.40461 0 2.66667
24 1 1.28578 1.28578 1.28578 0 2.66667
59 1 1.26466 1.26466 1.26466 0 2.66667
8 1 1.24379 1.24379 1.24379 0 2.66667
13 1 1.22429 1.22429 1.22429 0 2.66667
15 1 1.22429 1.22429 1.22429 0 2.66667
5 1 1.22429 1.22429 1.22429 0 2.66667
25 1 1.22429 1.22429 1.22429 0 2.66667
14 1 1.22429 1.22429 1.22429 0 2.66667
11 1 1.22429 1.22429 1.22429 0 2.66667
10 1 1.22429 1.22429 1.22429 0 2.66667
46 1 1.22429 1.22429 1.22429 0 2.8
16 1 1.22429 1.22429 1.22429 0 2.66667
2 1 1.22425 1.22425 1.22425 0 2.8
18 1 1.22425 1.22425 1.22425 0 2.66667
19 1 1.22413 1.22413 1.22413 0 2.66667
73 1 0.458698 0.458698 0.458698 6.66667e-09 0.666667
26 1 0.13959 0.13959 0.13959 0 2.8
76 1 0.0522548 0.0522548 0.0522548 0 2.8
22 1 0.0522538 0.0522538 0.0522538 0 2.5
20 1 0.0522538 0.0522538 0.0522538 0 2.5
49 1 0.0439364 0.0439364 0.0439364 0 2.8
55 1 0.0384672 0.0384672 0.0384672 0 2.85714
72 1 0.0311401 0.0311401 0.0311401 0 2.66667
29 1 0.0270862 0.0270862 0.0270862 0 0.8
85 1 0.0235288 0.0235288 0.0235288 0 2.8
87 1 5e-09 5e-09 1e-08 5e-09 0.666667
86 1 1e-08 1e-08 1e-08 0 2.66667
53 1 1e-08 1e-08 1e-08 0 3.16667
69 1 1e-08 1e-08 1e-08 0 2.8
74 1 1e-08 1e-08 1e-08 0 3.3
78 1 1e-08 1e-08 1e-08 0 2.8
83 1 1e-08 1e-08 1e-08 0 0.8
80 1 1e-08 1e-08 1e-08 0 2.85714
79 1 1e-08 1e-08 1e-08 0 1.16667

54 26 53.3396 32.6306 66.4182 64.8476 0.666667
84 2 93.4337 19.5985 56.5161 33.7527 2.8
81 11 35.32 3.38114 27.2035 24.7776 2.8
77 5 27.3253 19.5404 21.0974 16.8894 2.66667
66 6 4.32974 3.18059 16.0476 15.4825 2.85714
88 3 35.5676 1e-08 11.8733 9.68739 2.66667
6 4 5.0849 5.0849 11.4482 10.177 2.66667
7 2 7.78017 7.78017 7.78017 3.89008 2.66667
9 1 4.28827 4.28827 4.28827 0 2.66667
23 1 1.89157 1.89157 1.89157 0 2.66667
27 1 1.40461 1.40461 1.40461 0 2.66667
89 1 1.37609 1.37609 1.37609 0 2.66667
24 1 1.28578 1.28578 1.28578 0 2.66667
59 1 1.26466 1.26466 1.26466 0 2.66667
8 1 1.24379 1.24379 1.24379 0 2.66667
13 1 1.22429 1.22429 1.22429 0 2.66667
15 1 1.22429 1.22429 1.22429 0 2.66667
5 1 1.22429 1.22429 1.22429 0 2.66667
25 1 1.22429 1.22429 1.22429 0 2.66667
14 1 1.22429 1.22429 1.22429 0 2.66667
11 1 1.22429 1.22429 1.22429 0 2.66667
10 1 1.22429 1.22429 1.22429 0 2.66667
46 1 1.22429 1.22429 1.22429 0 2.8
16 1 1.22429 1.22429 1.22429 0 2.66667
18 1 1.22425 1.22425 1.22425 0 2.66667
2 1 1.22425 1.22425 1.22425 0 2.8
19 1 1.22413 1.22413 1.22413 0 2.66667
26 1 0.13959 0.13959 0.13959 0 2.8
91 1 0.0522746 0.0522746 0.0522746 0 2.8
76 1 0.0522548 0.0522548 0.0522548 0 2.8
20 1 0.0522538 0.0522538 0.0522538 0 2.5
49 1 0.0439364 0.0439364 0.0439364 0 2.8
55 1 0.0384672 0.0384672 0.0384672 0 2.85714
72 1 0.0311401 0.0311401 0.0311401 0 2.66667
29 1 0.0270862 0.0270862 0.0270862 0 0.8
93 1 1e-08 1e-08 1e-08 0 0.666667
92 1 1e-08 1e-08 1e-08 0 2.85714
90 1 1e-08 1e-08 1e-08 0 2.66667
17 1 5e-09 5e-09 1e-08 5e-09 2.66667
79 1 1e-08 1e-08 1e-08 0 1.16667
80 1 1e-08 1e-08 1e-08 0 2.85714
83 1 1e-08 1e-08 1e-08 0 0.666667
78 1 1e-08 1e-08 1e-08 0 2.8
74 1 1e-08 1e-08 1e-08 0 3.3
69 1 1e-08 1e-08 1e-08 0 2.8
86 1 1e-08 1e-08 1e-08 0 2.66667
87 1 1e-08 1e-08 1e-08 0 0.666667
73 1 1e-08 1e-08 1e-08 0 0.666667

54 26 42.812 27.8153 61.8663 60.4919 0.8
81 12 89.9054 0.041708 53.096 48.7488 2.66667
84 14 64.0618 10.9363 34.7235 32.4053 2.85714
66 7 17.9094 13.3131 18.2835 16.1967 2.8
77 6 7.80724 5.58296 16.1615 15.0468 2.66667
88 6 14.227 7.11885 14.2376 12.6686 2.66667
7 2 7.78017 7.78017 7.78017 3.89008 2.66667
9 1 4.28827 4.28827 4.28827 0 2.66667
23 1 1.89157 1.89157 1.89157 0 2.66667
27 1 1.40461 1.40461 1.40461 0 2.66667
24 1 1.28578 1.28578 1.28578 0 2.66667
59 1 1.26466 1.26466 1.26466 0 2.66667
8 1 1.24379 1.24379 1.24379 0 2.66667
13 1 1.22429 1.22429 1.22429 0 2.66667
15 1 1.22429 1.22429 1.22429 0 2.66667
5 1 1.22429 1.22429 1.22429 0 2.66667
25 1 1.22429 1.22429 1.22429 0 2.66667
14 1 1.22429 1.22429 1.22429 0 2.66667
11 1 1.22429 1.22429 1.22429 0 2.66667
10 1 1.22429 1.22429 1.22429 0 2.66667
46 1 1.22429 1.22429 1.22429 0 2.8
16 1 1.22429 1.22429 1.22429 0 2.66667
2 1 1.22425 1.22425 1.22425 0 2.8
18 1 1.22425 1.22425 1.22425 0 2.66667
19 1 1.22413 1.22413 1.22413 0 2.66667
26 1 0.13959 0.13959 0.13959 0 2.8
91 1 0.0522746 0.0522746 0.0522746 0 2.8
76 1 0.0522548 0.0522548 0.0522548 0 2.8
20 1 0.0522538 0.0522538 0.0522538 0 2.5
49 1 0.0439364 0.0439364 0.0439364 0 2.8
55 1 0.0384672 0.0384672 0.0384672 0 2.85714
94 1 0.0311605 0.0311605 0.0311605 0 2.85714
72 1 0.0311401 0.0311401 0.0311401 0 2.66667
29 1 0.0270862 0.0270862 0.0270862 0 0.8
97 1 1e-08 1e-08 1e-08 0 2.8

101 1 97.0155 97.0155 97.0155 0 2.85714
54 17 34.3134 31.6101 77.0555 75.1494 0.666667
98 3 98.331 2.09686 66.2529 46.6855 0.857143
84 11 35.4404 35.4404 50.2223 47.0004 2.8
81 8 17.5425 14.1283 38.2247 36.1034 2.8
99 6 114.396 0.0519875 38.2041 32.7897 2.8
77 4 8.40779 6.03031 18.3686 16.4172 3.16667
66 3 8.443 8.443 15.2384 12.424 2.8
7 1 3.89008 3.89008 7.78017 3.89008 2.66667
9 1 4.28827 4.28827 4.28827 0 2.66667
23 1 1.89157 1.89157 1.89157 0 2.66667
27 1 1.40461 1.40461 1.40461 0 2.66667
24 1 1.28578 1.28578 1.28578 0 2.66667
59 1 1.26466 1.26466 1.26466 0 2.66667
8 1 1.24379 1.24379 1.24379 0 2.66667
13 1 1.22429 1.22429 1.22429 0 2.66667
15 1 1.22429 1.22429 1.22429 0 2.66667
5 1 1.22429 1.22429 1.22429 0 2.66667
25 1 1.22429 1.22429 1.22429 0 2.66667
14 1 1.22429 1.22429 1.22429 0 2.66667
11 1 1.22429 1.22429 1.22429 0 2.66667
10 1 1.22429 1.22429 1.22429 0 2.66667
46 1 1.22429 1.22429 1.22429 0 2.8
16 1 1.22429 1.22429 1.22429 0 2.66667
2 1 1.22425 1.22425 1.22425 0 2.8
18 1 1.22425 1.22425 1.22425 0 2.66667
19 1 1.22413 1.22413 1.22413 0 2.66667
26 1 0.0697949 0.0697949 0.0697949 5e-09 2.8
76 1 0.0522548 0.0522548 0.0522548 0 2.8
20 1 0.0522538 0.0522538 0.0522538 0 2.5
49 1 0.0439364 0.0439364 0.0439364 0 2.8
102 1 0.042897 0.042897 0.042897 0 0.666667
55 1 0.0384672 0.0384672 0.0384672 0 2.85714
72 1 0.0311401 0.0311401 0.0311401 0 2.66667
29 1 0.0270862 0.0270862 0.0270862 0 0.8
100 1 5e-09 5e-09 1e-08 5e-09 0.666667
88 1 5e-09 5e-09 1e-08 5e-09 2.66667
103 1 1e-08 1e-08 1e-08 0 3.35714
104 1 1e-08 1e-08 1e-08 0 0.857143
105 1 1e-08 1e-08 1e-08 0 3.16667

54 25 52.5946 48.035 87.9161 85.902 0.666667
99 2 114.396 13.6132 64.0046 40.7305 2.8
101 17 26.601 26.601 58.8299 57.2652 2.85714
81 16 72.4562 3.09508 57.8472 54.2674 2.8
84 3 28.1433 28.1433 28.1433 18.7622 2.8
77 3 13.6627 13.6627 13.6765 9.1223 3.66667
7 1 7.78017 7.78017 7.78017 0 2.66667
9 1 4.28827 4.28827 4.28827 0 2.66667
23 1 1.89157 1.89157 1.89157 0 2.66667
27 1 1.40461 1.40461 1.40461 0 2.66667
24 1 1.28578 1.28578 1.28578 0 2.66667
59 1 1.26466 1.26466 1.26466 0 2.66667
8 1 1.24379 1.24379 1.24379 0 2.66667
10 1 1.22429 1.22429 1.22429 0 2.66667
11 1 1.22429 1.22429 1.22429 0 2.66667
14 1 1.22429 1.22429 1.22429 0 2.66667
25 1 1.22429 1.22429 1.22429 0 2.66667
5 1 1.22429 1.22429 1.22429 0 2.66667
15 1 1.22429 1.22429 1.22429 0 2.66667
13 1 1.22429 1.22429 1.22429 0 2.66667
46 1 1.22429 1.22429 1.22429 0 2.8
16 1 1.22429 1.22429 1.22429 0 2.66667
2 1 1.22425 1.22425 1.22425 0 2.8
18 1 1.22425 1.22425 1.22425 0 2.66667
19 1 1.22413 1.22413 1.22413 0 2.66667
98 1 0.419373 0.419373 0.838763 0.41939 0.857143
26 1 0.13959 0.13959 0.13959 0 2.8
76 1 0.0522548 0.0522548 0.0522548 0 2.8
20 1 0.0522538 0.0522538 0.0522538 0 2.5
49 1 0.0439364 0.0439364 0.0439364 0 2.8
55 1 0.0384672 0.0384672 0.0384672 0 2.85714
29 1 0.0270862 0.0270862 0.0270862 0 0.8
103 1 1e-08 1e-08 1e-08 0 3.35714
104 1 1e-08 1e-08 1e-08 0 0.857143

54 24 51.3466 46.8952 98.6029 96.502 0.666667
101 18 49.2996 43.657 75.0806 72.6264 2.85714
81 17 83.4267 25.6983 70.9094 66.8454 2.8
106 10 62.1189 6.10155 43.8935 39.601 2.66667
99 7 38.132 4.53773 31.0224 26.9882 2.8
77 3 27.3253 27.3253 27.3253 18.2169 3.66667
84 6 28.1433 6.81155 24.588 20.5328 2.8
7 1 7.78017 7.78017 7.78017 0 2.66667
9 1 4.28827 4.28827 4.28827 0 2.66667
98 1 2.09686 2.09686 2.09686 0 0.857143
23 1 1.89157 1.89157 1.89157 0 2.66667
27 1 1.40461 1.40461 1.40461 0 2.66667
24 1 1.28578 1.28578 1.28578 0 2.66667
59 1 1.26466 1.26466 1.26466 0 2.66667
8 1 1.24379 1.24379 1.24379 0 2.66667
13 1 1.22429 1.22429 1.22429 0 2.66667
15 1 1.22429 1.22429 1.22429 0 2.66667
5 1 1.22429 1.22429 1.22429 0 2.66667
25 1 1.22429 1.22429 1.22429 0 2.66667
14 1 1.22429 1.22429 1.22429 0 2.66667
11 1 1.22429 1.22429 1.22429 0 2.66667
10 1 1.22429 1.22429 1.22429 0 2.66667
46 1 1.22429 1.22429 1.22429 0 2.8

54 24 48.0865 47.6735 93.2543 91.2672 1.16667
101 20 57.6603 51.0608 80.4128 77.816 2.85714
99 15 114.396 3.09994 74.96 70.0372 2.8
81 14 26.2326 22.885 56.4817 54.8112 2.85714
77 3 27.3253 27.3253 27.3253 18.2169 3.66667
84 6 28.1433 6.81155 24.588 20.5328 2.8
7 1 7.78017 7.78017 7.78017 0 2.66667
9 1 4.28827 4.28827 4.28827 0 2.66667
98 1 2.09686 2.09686 2.09686 0 0.857143
23 1 1.89157 1.89157 1.89157 0 2.66667
27 1 1.40461 1.40461 1.40461 0 2.66667
24 1 1.28578 1.28578 1.28578 0 2.66667
59 1 1.26466 1.26466 1.26466 0 2.66667
8 1 1.24379 1.24379 1.24379 0 2.66667
13 1 1.22429 1.22429 1.22429 0 2.66667
15 1 1.22429 1.22429 1.22429 0 2.66667
5 1 1.22429 1.22429 1.22429 0 2.66667
25 1 1.22429 1.22429 1.22429 0 2.66667
14 1 1.22429 1.22429 1.22429 0 2.66667
11 1 1.22429 1.22429 1.22429 0 2.66667
10 1 1.22429 1.22429 1.22429 0 2.66667
46 1 1.22429 1.22429 1.22429 0 2.8
111 1 0.0833648 0.0833648 0.0833648 0 2.8
110 1 0.0205198 0.0205198 0.0205199 5e-09 2.85714
109 1 1e-08 1e-08 1e-08 0 0.666667

54 22 45.5245 45.1335 102.914 100.861 0.666667
113 14 89.9054 1e-08 78.4633 72.8867 2.8
101 17 35.1402 31.1182 77.9729 76.0594 2.85714
99 14 51.6627 51.6627 67.72 64.0298 3.3
81 9 66.2506 0.0335117 42.5599 37.9442 2.85714
77 3 27.3253 27.3253 27.3253 18.2169 3.66667
84 5 23.4528 23.4528 24.588 19.8975 2.8
7 1 7.78017 7.78017 7.78017 0 2.66667
9 1 4.28827 4.28827 4.28827 0 2.66667
98 1 2.09686 2.09686 2.09686 0 0.857143
23 1 1.89157 1.89157 1.89157 0 2.66667
27 1 1.40461 1.40461 1.40461 0 2.66667
24 1 1.28578 1.28578 1.28578 0 2.66667
59 1 1.26466 1.26466 1.26466 0 2.66667
8 1 1.24379 1.24379 1.24379 0 2.66667
13 1 1.22429 1.22429 1.22429 0 2.66667
15 1 1.22429 1.22429 1.22429 0 2.66667
5 1 1.22429 1.22429 1.22429 0 2.66667
25 1 1.22429 1.22429 1.22429 0 2.66667
14 1 1.22429 1.22429 1.22429 0 2.66667
11 1 1.22429 1.22429 1.22429 0 2.66667
10 1 1.22429 1.22429 1.22429 0 2.66667
46 1 1.22429 1.22429 1.22429 0 2.8
111 1 0.0416824 0.0416824 0.0416824 5e-09 2.8

99 23 90.7279 90.7279 93.2722 89.3275 2.8
54 23 50.9337 50.4962 92.573 90.3759 0.666667
101 15 38.2167 33.8426 62.7137 60.2833 2.85714
113 15 33.6054 29.317 62.2806 60.2852 2.8
84 5 28.1433 28.1433 28.1433 22.5147 2.8
77 3 27.3253 27.3253 27.3253 18.2169 3.66667
7 1 7.78017 7.78017 7.78017 0 2.66667
9 1 4.28827 4.28827 4.28827 0 2.66667
98 1 2.09686 2.09686 2.09686 0 0.857143
23 1 1.89157 1.89157 1.89157 0 2.66667
27 1 1.40461 1.40461 1.40461 0 2.66667
24 1 1.28578 1.28578 1.28578 0 2.66667
59 1 1.26466 1.26466 1.26466 0 2.66667
8 1 1.24379 1.24379 1.24379 0 2.66667
13 1 1.22429 1.22429 1.22429 0 2.66667
15 1 1.22429 1.22429 1.22429 0 2.66667
5 1 1.22429 1.22429 1.22429 0 2.66667
25 1 1.22429 1.22429 1.22429 0 2.66667
14 1 1.22429 1.22429 1.22429 0 2.66667
11 1 1.22429 1.22429 1.22429 0 2.66667
10 1 1.22429 1.22429 1.22429 0 2.66667
46 1 1.22429 1.22429 1.22429 0 2.8
111 1 0.0833648 0.0833648 0.0833648 0 2.8

54 24 64.4564 63.9027 103.893 101.227 0.666667
99 20 41.5985 41.5985 86.7478 84.6678 2.8
101 19 50.7692 48.7755 82.555 79.905 2.88889
113 15 49.866 43.5026 66.0862 63.1239 2.8
84 5 28.1433 28.1433 28.1433 22.5147 2.8
77 4 27.3253 19.4841 25.365 19.0427 2.85714
7 1 7.78017 7.78017 7.78017 0 2.66667
9 1 4.28827 4.28827 4.28827 0 2.66667
98 1 2.09686 2.09686 2.09686 0 0.857143
23 1 1.89157 1.89157 1.89157 0 2.66667
27 1 1.40461 1.40461 1.40461 0 2.66667
24 1 1.28578 1.28578 1.28578 0 2.66667
59 1 1.26466 1.26466 1.26466 0 2.66667
8 1 1.24379 1.24379 1.24379 0 2.66667
13 1 1.22429 1.22429 1.22429 0 2.66667
15 1 1.22429 1.22429 1.22429 0 2.66667
5 1 1.22429 1.22429 1.22429 0 2.66667
25 1 1.22429 1.22429 1.22429 0 2.66667
14 1 1.22429 1.22429 1.22429 0 2.66667
11 1 1.22429 1.22429 1.22429 0 2.66667

54 17 39.7381 39.3968 100.635 98.3144 0.666667
117 8 103.057 5.13191 84.5728 74.0998 2.85714
113 11 89.9054 1e-08 81.7321 74.3391 2.8
99 13 29.743 29.743 76.5114 74.2235 2.8
116 9 105.252 1e-08 76.3738 68.0461 2.85714
101 12 34.5962 34.5962 73.5071 70.6241 2.85714
84 4 22.5147 22.5147 28.1433 22.5147 2.8
77 4 24.2559 12.1446 25.9319 22.0941 3.66667
119 1 9.76458 9.76458 9.76458 5e-09 2.88889
7 1 7.78017 7.78017 7.78017 0 2.66667
9 1 4.28827 4.28827 4.28827 0 2.66667
98 1 2.09686 2.09686 2.09686 0 0.857143
23 1 1.89157 1.89157 1.89157 0 2.66667
27 1 1.40461 1.40461 1.40461 0 2.66667
24 1 1.28578 1.28578 1.28578 0 2.66667
59 1 1.26466 1.26466 1.26466 0 2.66667
8 1 1.24379 1.24379 1.24379 0 2.66667
13 1 1.22429 1.22429 1.22429 0 2.66667
15 1 1.22429 1.22429 1.22429 0 2.66667
5 1 1.22429 1.22429 1.22429 0 2.66667
25 1 1.22429 1.22429 1.22429 0 2.66667
14 1 1.22429 1.22429 1.22429 0 2.66667
11 1 1.22429 1.22429 1.22429 0 2.66667
118 1 1e-08 1e-08 1e-08 0 2.66667

54 21 67.9684 67.3846 93.8528 90.6388 0.666667
99 20 76.264 76.264 89.0205 85.2073 2.8
101 16 51.5551 49.5305 70.2063 67.0157 2.85714
116 14 81.8629 5.22059 61.1435 56.8126 2.85714
117 13 32.6268 22.2153 60.0234 58.0945 2.8
84 4 28.1433 28.1433 28.1433 21.1075 2.8
7 1 7.78017 7.78017 7.78017 0 2.66667
9 1 4.28827 4.28827 4.28827 0 2.66667
98 1 2.09686 2.09686 2.09686 0 0.857143
23 1 1.89157 1.89157 1.89157 0 2.66667
27 1 1.40461 1.40461 1.40461 0 2.66667
24 1 1.28578 1.28578 1.28578 0 2.66667
59 1 1.26466 1.26466 1.26466 0 2.66667
8 1 1.24379 1.24379 1.24379 0 2.66667
13 1 1.22429 1.22429 1.22429 0 2.66667
15 1 1.22429 1.22429 1.22429 0 2.66667
5 1 1.22429 1.22429 1.22429 0 2.66667
25 1 1.22429 1.22429 1.22429 0 2.66667
14 1 1.22429 1.22429 1.22429 0 2.66667

54 20 53.5084 51.0787 103.165 100.598 0.666667
117 14 107.593 90.5702 99.2765 92.1865 2.85714
99 16 37.3538 37.3538 81.7748 79.4402 2.8
101 14 24.3455 24.3455 71.221 69.482 2.85714
121 2 133.017 1e-08 66.5084 47.0285 2.85714
84 4 28.1433 28.1433 28.1433 21.1075 2.8
116 4 60.1442 3.51952 21.5149 17.0903 2.85714
7 1 7.78017 7.78017 7.78017 0 2.66667
9 1 4.28827 4.28827 4.28827 0 2.66667
98 1 2.09686 2.09686 2.09686 0 0.857143
23 1 1.89157 1.89157 1.89157 0 2.66667
27 1 1.40461 1.40461 1.40461 0 2.66667
24 1 1.28578 1.28578 1.28578 0 2.66667
59 1 1.26466 1.26466 1.26466 0 2.66667
8 1 1.24379 1.24379 1.24379 0 2.66667
13 1 1.22429 1.22429 1.22429 0 2.66667
15 1 1.22429 1.22429 1.22429 0 2.66667
5 1 1.22429 1.22429 1.22429 0 2.66667
25 1 1.22429 1.22429 1.22429 0 2.66667
14 1 1.22429 1.22429 1.22429 0 2.66667

54 24 64.2101 61.2945 103.045 100.478 0.666667
101 22 92.7001 89.0596 93.0558 88.8497 2.85714
99 18 51.4782 51.4782 78.5789 75.719 2.8
117 14 39.622 30.6977 62.7614 60.5038 2.85714
84 4 28.1433 28.1433 28.1433 21.1075 2.8
116 1 19.5302 19.5302 19.5302 0 2.85714
7 1 7.78017 7.78017 7.78017 0 2.66667
125 1 3.09515 3.09515 6.19029 3.09515 2.85714
9 1 4.28827 4.28827 4.28827 0 2.66667
98 1 2.09686 2.09686 2.09686 0 0.857143
23 1 1.89157 1.89157 1.89157 0 2.66667
27 1 1.40461 1.40461 1.40461 0 2.66667
24 1 1.28578 1.28578 1.28578 0 2.66667
59 1 1.26466 1.26466 1.26466 0 2.66667
8 1 1.24379 1.24379 1.24379 0 2.66667
13 1 1.22429 1.22429 1.22429 0 2.66667
15 1 1.22429 1.22429 1.22429 0 2.66667
5 1 1.22429 1.22429 1.22429 0 2.66667
25 1 1.22429 1.22429 1.22429 0 2.66667
14 1 1.22429 1.22429 1.22429 0 2.66667
122 1 5e-09 5e-09 1e-08 5e-09 0.666667
123 1 1e-08 1e-08 1e-08 0 2.88889
124 1 1e-08 1e-08 1e-08 0 2.8

54 22 52.4382 50.0571 87.6632 85.3575 0.666667
99 22 61.3832 61.3832 84.9939 82.2038 2.8
117 20 98.531 66.5966 78.7068 74.82 2.85714
101 19 37.8462 37.8462 76.4114 74.4195 2.85714
84 4 28.1433 28.1433 28.1433 21.1075 2.8
7 1 7.78017 7.78017 7.78017 0 2.66667
9 1 4.28827 4.28827 4.28827 0 2.66667
98 1 2.09686 2.09686 2.09686 0 0.857143
23 1 1.89157 1.89157 1.89157 0 2.66667
27 1 1.40461 1.40461 1.40461 0 2.66667
24 1 1.28578 1.28578 1.28578 0 2.66667
59 1 1.26466 1.26466 1.26466 0 2.66667
8 1 1.24379 1.24379 1.24379 0 2.66667
13 1 1.22429 1.22429 1.22429 0 2.66667
15 1 1.22429 1.22429 1.22429 0 2.66667
5 1 1.22429 1.22429 1.22429 0 2.66667
25 1 1.22429 1.22429 1.22429 0 2.66667
14 1 1.22429 1.22429 1.22429 0 2.66667
127 1 0.0518788 0.0518788 0.0518788 0 2.85714

99 22 57.198 57.198 87.5536 84.9537 2.8
101 21 71.8952 71.8952 83.6145 80.191 2.85714
117 20 54.2926 42.0639 80.5093 78.3378 2.85714
54 20 54.071 45.9007 80.5007 78.1587 0.666667
84 4 28.1433 28.1433 28.1433 21.1075 2.8
7 1 7.78017 7.78017 7.78017 0 2.66667
9 1 4.28827 4.28827 4.28827 0 2.66667
98 1 2.09686 2.09686 2.09686 0 0.857143
23 1 1.89157 1.89157 1.89157 0 2.66667
27 1 1.40461 1.40461 1.40461 0 2.66667
24 1 1.28578 1.28578 1.28578 0 2.66667
59 1 1.26466 1.26466 1.26466 0 2.66667
8 1 1.24379 1.24379 1.24379 0 2.66667
13 1 1.22429 1.22429 1.22429 0 2.66667
15 1 1.22429 1.22429 1.22429 0 2.66667
5 1 1.22429 1.22429 1.22429 0 2.66667
25 1 1.22429 1.22429 1.22429 0 2.66667
14 1 1.22429 1.22429 1.22429 0 2.66667
131 1 0.0948646 0.0948646 0.0948646 0 2.66667

54 25 148.695 105.976 127.679 122.572 0.666667
99 19 39.5186 39.5186 80.638 78.558 2.8
101 17 32.1108 32.1108 73.7254 71.8365 2.85714
117 17 51.3929 39.8173 72.2198 69.7821 2.85714
84 4 28.1433 28.1433 28.1433 21.1075 2.8
7 1 7.78017 7.78017 7.78017 0 2.66667
9 1 4.28827 4.28827 4.28827 0 2.66667
98 1 2.09686 2.09686 2.09686 0 0.857143
23 1 1.89157 1.89157 1.89157 0 2.66667
27 1 1.40461 1.40461 1.40461 0 2.66667
24 1 1.28578 1.28578 1.28578 0 2.66667
59 1 1.26466 1.26466 1.26466 0 2.66667
8 1 1.24379 1.24379 1.24379 0 2.66667
13 1 1.22429 1.22429 1.22429 0 2.66667
15 1 1.22429 1.22429 1.22429 0 2.66667
5 1 1.22429 1.22429 1.22429 0 2.66667
25 1 1.22429 1.22429 1.22429 0 2.66667
14 1 1.22429 1.22429 1.22429 0 2.66667
131 1 0.0948646 0.0948646 0.0948646 0 2.66667
133 1 1e-08 1e-08 1e-08 0 2.66667

54 24 48.8861 41.4993 98.0846 96.2898 0.666667
117 20 133.017 1e-08 96.4416 91.6339 2.85714
99 21 48.0463 48.0463 87.2075 84.9196 2.8
101 17 53.2123 53.2123 71.1166 67.9864 2.85714
84 4 28.1433 28.1433 28.1433 21.1075 2.8
7 1 7.78017 7.78017 7.78017 0 2.66667
9 1 4.28827 4.28827 4.28827 0 2.66667
98 1 2.09686 2.09686 2.09686 0 0.857143
23 1 1.89157 1.89157 1.89157 0 2.66667
27 1 1.40461 1.40461 1.40461 0 2.66667
24 1 1.28578 1.28578 1.28578 0 2.66667
59 1 1.26466 1.26466 1.26466 0 2.66667
8 1 1.24379 1.24379 1.24379 0 2.66667
13 1 1.22429 1.22429 1.22429 0 2.66667
15 1 1.22429 1.22429 1.22429 0 2.66667
5 1 1.22429 1.22429 1.22429 0 2.66667
25 1 1.22429 1.22429 1.22429 0 2.66667
14 1 1.22429 1.22429 1.22429 0 2.66667
131 1 0.0948646 0.0948646 0.0948646 0 2.66667
133 1 1e-08 1e-08 1e-08 0 2.66667

101 19 109.555 109.555 109.555 103.789 2.85714
134 1 92.8363 92.8363 92.8363 0 2.8
54 18 43.1696 38.06 91.522 89.3918 0.666667
99 18 40.3751 40.3751 91.192 88.949 2.8
117 11 31.1316 25.0038 59.7615 57.4277 2.85714
84 4 28.1433 28.1433 28.1433 21.1075 2.8
7 1 7.78017 7.78017 7.78017 0 2.66667
9 1 4.28827 4.28827 4.28827 0 2.66667
98 1 2.09686 2.09686 2.09686 0 0.857143
23 1 1.89157 1.89157 1.89157 0 2.66667
27 1 1.40461 1.40461 1.40461 0 2.66667
24 1 1.28578 1.28578 1.28578 0 2.66667
59 1 1.26466 1.26466 1.26466 0 2.66667
8 1 1.24379 1.24379 1.24379 0 2.66667
13 1 1.22429 1.22429 1.22429 0 2.66667
15 1 1.22429 1.22429 1.22429 0 2.66667
5 1 1.22429 1.22429 1.22429 0 2.66667
25 1 1.22429 1.22429 1.22429 0 2.66667
14 1 1.22429 1.22429 1.22429 0 2.66667
131 1 0.0948646 0.0948646 0.0948646 0 2.66667
133 1 1e-08 1e-08 1e-08 0 2.66667
135 1 1e-08 1e-08 1e-08 0 2.88889
136 1 1e-08 1e-08 1e-08 0 2.85714

117 11 133.017 106.834 109.697 99.7271 2.8
54 21 70.5899 70.5899 106.482 103.121 0.666667
99 20 67.2918 67.2918 100.953 97.5881 2.8
101 14 27.3887 27.3887 71.3246 69.3683 2.85714
134 11 62.9096 39.2769 58.2478 54.4853 2.8
84 4 28.1433 28.1433 28.1433 21.1075 2.8
7 1 7.78017 7.78017 7.78017 0 2.66667
9 1 4.28827 4.28827 4.28827 0 2.66667
23 1 1.89157 1.89157 1.89157 0 2.66667
27 1 1.40461 1.40461 1.40461 0 2.66667
24 1 1.28578 1.28578 1.28578 0 2.66667
59 1 1.26466 1.26466 1.26466 0 2.66667
8 1 1.24379 1.24379 1.24379 0 2.66667
13 1 1.22429 1.22429 1.22429 0 2.66667
15 1 1.22429 1.22429 1.22429 0 2.66667
5 1 1.22429 1.22429 1.22429 0 2.66667
25 1 1.22429 1.22429 1.22429 0 2.66667
14 1 1.22429 1.22429 1.22429 0 2.66667
137 1 0.159762 0.159762 0.159762 0 0.666667
131 1 0.0474323 0.0474323 0.0474323 5e-09 2.66667
133 1 1e-08 1e-08 1e-08 0 2.66667
135 1 1e-08 1e-08 1e-08 0 2.88889
136 1 1e-08 1e-08 1e-08 0 2.85714

54 21 56.7746 50.0547 104.134 101.735 0.666667
134 10 92.8363 92.8363 92.8363 83.5527 2.8
99 17 39.6884 39.6884 85.0194 82.6848 2.8
101 16 60.444 60.444 79.6679 75.8902 2.85714
117 13 49.4062 39.9631 67.2378 64.1082 2.85714
84 4 28.1433 28.1433 28.1433 21.1075 2.8
7 1 7.78017 7.78017 7.78017 0 2.66667
9 1 4.28827 4.28827 4.28827 0 2.66667
23 1 1.89157 1.89157 1.89157 0 2.66667
27 1 1.40461 1.40461 1.40461 0 2.66667
24 1 1.28578 1.28578 1.28578 0 2.66667
59 1 1.26466 1.26466 1.26466 0 2.66667
8 1 1.24379 1.24379 1.24379 0 2.66667
13 1 1.22429 1.22429 1.22429 0 2.66667
15 1 1.22429 1.22429 1.22429 0 2.66667
5 1 1.22429 1.22429 1.22429 0 2.66667
25 1 1.22429 1.22429 1.22429 0 2.66667
14 1 1.22429 1.22429 1.22429 0 2.66667
131 1 0.0948646 0.0948646 0.0948646 0 2.66667
133 1 1e-08 1e-08 1e-08 0 2.66667
138 1 1e-08 1e-08 1e-08 0 2.85714
139 1 1e-08 1e-08 1e-08 0 3.35714

117 14 133.017 1e-08 101.724 94.4803 2.8
54 20 56.1114 49.47 96.3673 93.8772 0.666667
99 18 45.7584 45.7584 90.588 88.0458 2.8
101 16 56.5443 56.5443 80.5964 77.0624 2.85714
134 11 30.0353 30.0353 54.043 51.3126 2.8
84 4 28.1433 28.1433 28.1433 21.1075 2.8
7 1 7.78017 7.78017 7.78017 0 2.66667
9 1 4.28827 4.28827 4.28827 0 2.66667
23 1 1.89157 1.89157 1.89157 0 2.66667
27 1 1.40461 1.40461 1.40461 0 2.66667
24 1 1.28578 1.28578 1.28578 0 2.66667
59 1 1.26466 1.26466 1.26466 0 2.66667
8 1 1.24379 1.24379 1.24379 0 2.66667
13 1 1.22429 1.22429 1.22429 0 2.66667
15 1 1.22429 1.22429 1.22429 0 2.66667
5 1 1.22429 1.22429 1.22429 0 2.66667
25 1 1.22429 1.22429 1.22429 0 2.66667
14 1 1.22429 1.22429 1.22429 0 2.66667
131 1 0.0948646 0.0948646 0.0948646 0 2.66667
133 1 1e-08 1e-08 1e-08 0 2.66667
139 1 1e-08 1e-08 1e-08 0 3.35714
140 1 1e-08 1e-08 1e-08 0 2.85714

54 21 69.3912 61.1779 108.88 105.93 0.8
134 11 92.8363 92.8363 92.8363 84.3967 2.8
99 18 42.023 42.023 92.0646 89.7299 2.8
101 16 67.4183 67.4183 83.4873 79.2736 2.85714
117 12 36.2773 29.3435 64.2676 61.7743 2.8
84 4 28.1433 28.1433 28.1433 21.1075 2.8
7 1 7.78017 7.78017 7.78017 0 2.66667
9 1 4.28827 4.28827 4.28827 0 2.66667
23 1 1.89157 1.89157 1.89157 0 2.66667
27 1 1.40461 1.40461 1.40461 0 2.66667
24 1 1.28578 1.28578 1.28578 0 2.66667
59 1 1.26466 1.26466 1.26466 0 2.66667
8 1 1.24379 1.24379 1.24379 0 2.66667
13 1 1.22429 1.22429 1.22429 0 2.66667
15 1 1.22429 1.22429 1.22429 0 2.66667
5 1 1.22429 1.22429 1.22429 0 2.66667
25 1 1.22429 1.22429 1.22429 0 2.66667
14 1 1.22429 1.22429 1.22429 0 2.66667
131 1 0.0948646 0.0948646 0.0948646 0 2.66667
133 1 1e-08 1e-08 1e-08 0 2.66667
139 1 1e-08 1e-08 1e-08 0 3.35714
140 1 1e-08 1e-08 1e-08 0 2.85714
141 1 5e-09 5e-09 1e-08 5e-09 2.85714
142 1 1e-08 1e-08 1e-08 0 2.8
143 1 1e-08 1e-08 1e-08 0 0.8

117 12 133.017 107.593 109.712 100.571 2.8
99 21 58.5931 58.5931 94.0787 91.2885 2.8
54 21 35.892 31.6438 91.534 89.9905 0.666667
101 18 70.428 70.428 77.9681 74.0554 2.88889
84 4 28.1433 28.1433 28.1433 21.1075 2.8
7 1 7.78017 7.78017 7.78017 0 2.66667
9 1 4.28827 4.28827 4.28827 0 2.66667
23 1 1.89157 1.89157 1.89157 0 2.66667
27 1 1.40461 1.40461 1.40461 0 2.66667
146 1 0.688047 0.688047 1.37609 0.688047 2.66667
24 1 1.28578 1.28578 1.28578 0 2.66667
59 1 1.26466 1.26466 1.26466 0 2.66667
8 1 1.24379 1.24379 1.24379 0 2.66667
13 1 1.22429 1.22429 1.22429 0 2.66667
15 1 1.22429 1.22429 1.22429 0 2.66667
5 1 1.22429 1.22429 1.22429 0 2.66667
25 1 1.22429 1.22429 1.22429 0 2.66667
14 1 1.22429 1.22429 1.22429 0 2.66667
145 1 0.533032 0.533032 0.533032 5e-09 0.666667
131 1 0.0474323 0.0474323 0.0474323 5e-09 0.666667
133 1 0.00727155 0.00727155 0.00727156 5e-09 2.66667
139 1 1e-08 1e-08 1e-08 0 3.35714
140 1 1e-08 1e-08 1e-08 0 2.85714
141 1 1e-08 1e-08 1e-08 0 2.85714
142 1 1e-08 1e-08 1e-08 0 2.8
143 1 5e-09 5e-09 1e-08 5e-09 0.8
144 1 5e-09 5e-09 1e-08 5e-09 0.666667
134 1 1e-08 1e-08 1e-08 0 2.8

54 20 64.6501 56.9981 98.4218 95.5146 0.666667
101 20 84.2728 84.2728 95.8517 91.6381 2.85714
99 18 42.8985 42.8985 85.7306 83.3473 2.8
134 4 145.443 1e-08 74.0849 58.3593 2.8
117 13 33.9062 27.4256 63.2607 61.0746 2.8
84 4 28.1433 28.1433 28.1433 21.1075 2.8
7 1 7.78017 7.78017 7.78017 0 2.66667
9 1 4.28827 4.28827 4.28827 0 2.66667
23 1 1.89157 1.89157 1.89157 0 2.66667
27 1 1.40461 1.40461 1.40461 0 2.66667
24 1 1.28578 1.28578 1.28578 0 2.66667
59 1 1.26466 1.26466 1.26466 0 2.66667
8 1 1.24379 1.24379 1.24379 0 2.66667
14 1 1.22429 1.22429 1.22429 0 2.66667
25 1 1.22429 1.22429 1.22429 0 2.66667
5 1 1.22429 1.22429 1.22429 0 2.66667
15 1 1.22429 1.22429 1.22429 0 2.66667
13 1 1.22429 1.22429 1.22429 0 2.66667
131 1 0.0474323 0.0474323 0.0474323 5e-09 0.666667
147 1 0.00803637 0.00803637 0.00803637 0 0.666667
139 1 1e-08 1e-08 1e-08 0 3.35714
140 1 1e-08 1e-08 1e-08 0 2.85714
141 1 1e-08 1e-08 1e-08 0 2.85714
142 1 1e-08 1e-08 1e-08 0 2.8
143 1 1e-08 1e-08 1e-08 0 0.8

117 13 133.017 107.593 111.504 102.929 2.8
54 24 79.3042 69.9176 111.37 108.33 0.666667
99 18 54.1876 54.1876 85.1322 82.1218 2.8
101 14 29.1832 27.3887 67.7498 65.7843 0.857143
134 6 45.9294 11.1991 30.9114 26.0308 2.8
84 4 28.1433 28.1433 28.1433 21.1075 2.8
7 1 7.78017 7.78017 7.78017 0 2.66667
9 1 4.28827 4.28827 4.28827 0 2.66667
23 1 1.89157 1.89157 1.89157 0 2.66667
27 1 1.40461 1.40461 1.40461 0 2.66667
149 1 1.37609 1.37609 1.37609 0 2.66667
24 1 1.28578 1.28578 1.28578 0 2.66667
59 1 1.26466 1.26466 1.26466 0 2.66667
8 1 1.24379 1.24379 1.24379 0 2.66667
13 1 1.22429 1.22429 1.22429 0 2.66667
15 1 1.22429 1.22429 1.22429 0 2.66667
5 1 1.22429 1.22429 1.22429 0 2.66667
25 1 1.22429 1.22429 1.22429 0 2.66667
14 1 1.22429 1.22429 1.22429 0 2.66667
148 1 0.0948646 0.0948646 0.0948646 0 2.66667
147 1 0.00803637 0.00803637 0.00803637 0 0.666667
131 1 1e-08 1e-08 1e-08 0 2.66667
139 1 1e-08 1e-08 1e-08 0 3.35714
140 1 1e-08 1e-08 1e-08 0 2.85714
141 1 1e-08 1e-08 1e-08 0 2.85714
142 1 1e-08 1e-08 1e-08 0 2.8
143 1 1e-08 1e-08 1e-08 0 0.8
150 1 1e-08 1e-08 1e-08 0 0.8

54 21 62.452 55.0601 102.639 99.8219 0.666667
101 18 91.3561 85.7384 87.3129 82.5323 2.85714
134 7 145.443 6.87453 82.671 71.3105 2.8
99 17 38.132 38.132 81.4614 79.2184 3.3
117 13 45.5057 36.8081 61.9033 58.9182 2.85714
84 4 28.1433 28.1433 28.1433 21.1075 2.8
7 1 7.78017 7.78017 7.78017 0 2.66667
9 1 4.28827 4.28827 4.28827 0 2.66667
23 1 1.89157 1.89157 1.89157 0 2.66667
27 1 1.40461 1.40461 1.40461 0 2.66667
149 1 1.37609 1.37609 1.37609 0 2.66667
24 1 1.28578 1.28578 1.28578 0 2.66667
59 1 1.26466 1.26466 1.26466 0 2.66667
8 1 1.24379 1.24379 1.24379 0 2.66667
14 1 1.22429 1.22429 1.22429 0 2.66667
25 1 1.22429 1.22429 1.22429 0 2.66667
5 1 1.22429 1.22429 1.22429 0 2.66667
15 1 1.22429 1.22429 1.22429 0 2.66667
13 1 1.22429 1.22429 1.22429 0 2.66667
152 1 0.114461 0.114461 0.114461 0 0.888889
148 1 0.0948646 0.0948646 0.0948646 0 2.66667
155 1 0.0248041 0.0248041 0.0248041 0 2.8
147 1 0.00803637 0.00803637 0.00803637 0 0.666667
156 1 1e-08 1e-08 1e-08 0 2.85714
154 1 1e-08 1e-08 1e-08 0 2.85714
153 1 1e-08 1e-08 1e-08 0 0.857143
150 1 5e-09 5e-09 1e-08 5e-09 0.8

54 24 79.3042 69.9176 115.223 111.967 0.666667
117 15 133.017 1e-08 98.3474 91.8292 2.8
99 16 45.7584 45.7584 76.4302 73.5703 2.8
101 15 42.7071 40.081 73.831 71.1473 2.85714
134 11 47.0551 23.7545 54.1961 50.5887 2.8
84 4 28.1433 28.1433 28.1433 21.1075 2.8
7 1 7.78017 7.78017 7.78017 0 2.66667
9 1 4.28827 4.28827 4.28827 0 2.66667
23 1 1.89157 1.89157 1.89157 0 2.66667
27 1 1.40461 1.40461 1.40461 0 2.66667
149 1 1.37609 1.37609 1.37609 0 2.66667
24 1 1.28578 1.28578 1.28578 0 2.66667
59 1 1.26466 1.26466 1.26466 0 2.66667
8 1 1.24379 1.24379 1.24379 0 2.66667
14 1 1.22429 1.22429 1.22429 0 2.66667
25 1 1.22429 1.22429 1.22429 0 2.66667
5 1 1.22429 1.22429 1.22429 0 2.66667
15 1 1.22429 1.22429 1.22429 0 2.66667
13 1 1.22429 1.22429 1.22429 0 2.66667
152 1 0.114461 0.114461 0.114461 0 0.888889
148 1 0.0948646 0.0948646 0.0948646 0 2.66667
147 1 0.00803637 0.00803637 0.00803637 0 0.666667

54 19 100.9 98.6424 119.789 114.541 0.666667
158 17 109.905 12.6169 104.268 98.1487 1.3
134 15 148.695 1e-08 101.388 94.6982 2.8
101 14 43.0068 40.3622 84.7333 81.8234 2.85714
99 13 45.0651 45.0651 78.1501 74.6836 2.8
117 9 27.8407 22.5194 57.0292 54.1994 2.8
84 4 28.1433 28.1433 28.1433 21.1075 2.8
7 1 7.78017 7.78017 7.78017 0 2.66667
9 1 4.28827 4.28827 4.28827 0 2.66667
23 1 1.89157 1.89157 1.89157 0 2.66667
27 1 1.40461 1.40461 1.40461 0 2.66667
149 1 1.37609 1.37609 1.37609 0 2.66667
24 1 1.28578 1.28578 1.28578 0 2.66667
59 1 1.26466 1.26466 1.26466 0 2.66667
8 1 1.24379 1.24379 1.24379 0 2.66667
14 1 1.22429 1.22429 1.22429 0 2.66667
25 1 1.22429 1.22429 1.22429 0 2.66667

54 19 68.9076 67.3655 123.089 119.479 0.666667
117 9 133.017 107.593 121.717 108.202 2.8
158 16 43.2568 43.2568 105.583 102.88 0.8
101 13 48.9524 45.9423 86.0828 82.4598 2.85714
99 13 51.281 51.281 84.3236 80.3789 0.8
134 8 96.962 23.6426 53.6077 46.9857 3.3
84 4 28.1433 28.1433 28.1433 21.1075 2.8
160 1 9.85232 9.85232 9.85232 5e-09 0.8
163 1 8.98316 8.98316 9.14341 0.160246 0.857143
7 1 7.78017 7.78017 7.78017 0 2.66667
9 1 4.28827 4.28827 4.28827 0 2.66667
23 1 1.89157 1.89157 1.89157 0 2.66667
27 1 1.40461 1.40461 1.40461 0 2.66667
149 1 1.37609 1.37609 1.37609 0 2.66667
24 1 1.28578 1.28578 1.28578 0 2.66667
59 1 1.26466 1.26466 1.26466 0 2.66667
8 1 1.24379 1.24379 1.24379 0 2.66667
14 1 1.22429 1.22429 1.22429 0 2.66667
25 1 1.22429 1.22429 1.22429 0 2.66667
161 1 0.116343 0.116343 0.34903 0.232687 2.66667
162 1 1e-08 1e-08 1e-08 0 2.85714
164 1 1e-08 1e-08 1e-08 0 0.666667

54 17 64.8159 64.8159 115.078 111.266 0.8
99 16 114.396 0.00807591 107.247 100.559 3.3
158 14 40.8183 40.8183 95.8186 92.903 0.8
165 2 88.0195 73.423 80.7213 40.5253 2.8
117 11 44.3389 40.5166 74.9131 70.9139 2.85714
101 11 35.6683 33.475 74.2913 71.1032 2.85714
161 2 86.0769 0.34903 43.213 30.433 2.8
84 4 28.1433 28.1433 28.1433 21.1075 2.8
7 1 7.78017 7.78017 7.78017 0 2.66667
9 1 4.28827 4.28827 4.28827 0 2.66667
23 1 1.89157 1.89157 1.89157 0 2.66667
27 1 1.40461 1.40461 1.40461 0 2.66667
149 1 1.37609 1.37609 1.37609 0 2.66667
24 1 1.28578 1.28578 1.28578 0 2.66667
59 1 1.26466 1.26466 1.26466 0 2.66667
8 1 1.24379 1.24379 1.24379 0 2.66667
14 1 1.22429 1.22429 1.22429 0 2.66667
25 1 1.22429 1.22429 1.22429 0 2.66667
164 1 1e-08 1e-08 1e-08 0 0.666667
166 1 1e-08 1e-08 1e-08 0 2.85714
167 1 1e-08 1e-08 1e-08 0 0.8
168 1 1e-08 1e-08 1e-08 0 2.8

101 11 116.733 109.555 114.775 104.341 2.85714
117 16 142.142 1e-08 109.537 102.736 2.85714
54 17 32.8288 32.8288 100.874 98.943 0.8
99 12 26.9167 26.9167 75.4508 73.2077 2.8
158 1 73.423 73.423 73.423 0 2.8
165 7 47.3951 39.5355 46.0661 39.7805 2.8
84 4 28.1433 28.1433 28.1433 21.1075 2.8
168 1 9.76521 9.76521 9.76521 5e-09 2.8
7 1 7.78017 7.78017 7.78017 0 2.66667
169 1 5.23925 5.23925 5.23925 0 0.8
9 1 4.28827 4.28827 4.28827 0 2.66667
23 1 1.89157 1.89157 1.89157 0 2.66667
27 1 1.40461 1.40461 1.40461 0 2.66667
149 1 1.37609 1.37609 1.37609 0 2.66667
24 1 1.28578 1.28578 1.28578 0 2.66667
59 1 1.26466 1.26466 1.26466 0 2.66667
8 1 1.24379 1.24379 1.24379 0 2.66667
14 1 1.22429 1.22429 1.22429 0 2.66667
25 1 1.22429 1.22429 1.22429 0 2.66667
161 1 0.34903 0.34903 0.34903 0 2.66667
164 1 1e-08 1e-08 1e-08 0 0.666667
167 1 1e-08 1e-08 1e-08 0 0.8
170 1 1e-08 1e-08 1e-08 0 0.8
171 1 1e-08 1e-08 1e-08 0 0.857143

54 23 81.4284 81.4284 104.061 100.521 0.8
99 17 69.4547 69.4547 80.0209 75.9353 2.8
101 16 58.7478 46.6931 74.9673 71.9689 2.85714
117 15 57.625 53.9257 70.9786 67.3507 2.85714
158 14 86.0231 54.1012 64.0121 59.7686 2.8
84 4 28.1433 28.1433 28.1433 21.1075 2.8
7 1 7.78017 7.78017 7.78017 0 2.66667
9 1 4.28827 4.28827 4.28827 0 2.66667
23 1 1.89157 1.89157 1.89157 0 2.66667
27 1 1.40461 1.40461 1.40461 0 2.66667
149 1 1.37609 1.37609 1.37609 0 2.66667
24 1 1.28578 1.28578 1.28578 0 2.66667
59 1 1.26466 1.26466 1.26466 0 2.66667
8 1 1.24379 1.24379 1.24379 0 2.66667
14 1 1.22429 1.22429 1.22429 0 2.66667
25 1 1.22429 1.22429 1.22429 0 2.66667
161 1 0.34903 0.34903 0.34903 0 2.66667
164 1 1e-08 1e-08 1e-08 0 0.666667

54 22 65.4259 65.4259 105.598 102.624 0.8
117 18 59.5012 55.6815 88.6557 85.5152 2.85714
101 17 65.7047 52.2225 81.6849 78.5336 2.85714
99 15 51.9982 51.9982 74.7981 71.3316 2.8
158 14 77.8304 48.9487 65.9534 62.0143 2.8
84 4 28.1433 28.1433 28.1433 21.1075 2.8
7 1 7.78017 7.78017 7.78017 0 2.66667
9 1 4.28827 4.28827 4.28827 0 2.66667
23 1 1.89157 1.89157 1.89157 0 2.66667
27 1 1.40461 1.40461 1.40461 0 2.66667
149 1 1.37609 1.37609 1.37609 0 2.66667
24 1 1.28578 1.28578 1.28578 0 2.66667
59 1 1.26466 1.26466 1.26466 0 2.66667
8 1 1.24379 1.24379 1.24379 0 2.66667
14 1 1.22429 1.22429 1.22429 0 2.66667
25 1 1.22429 1.22429 1.22429 0 2.66667
161 1 0.34903 0.34903 0.34903 0 2.66667

54 20 50.4052 50.4052 99.8064 97.2861 2.8
117 18 60.6238 54.416 90.6665 87.5552 2.85714
101 18 60.0829 47.7543 89.8739 87.1023 2.85714
99 16 59.0431 59.0431 81.9653 78.2751 2.8
158 8 116.746 73.423 78.8384 69.0068 2.8
84 4 28.1433 28.1433 28.1433 21.1075 2.8
7 1 7.78017 7.78017 7.78017 0 2.66667
9 1 4.28827 4.28827 4.28827 0 2.66667
23 1 1.89157 1.89157 1.89157 0 2.66667
27 1 1.40461 1.40461 1.40461 0 2.66667
149 1 1.37609 1.37609 1.37609 0 2.66667
24 1 1.28578 1.28578 1.28578 0 2.66667
59 1 1.26466 1.26466 1.26466 0 2.66667
8 1 1.24379 1.24379 1.24379 0 2.66667
14 1 1.22429 1.22429 1.22429 0 2.66667
25 1 1.22429 1.22429 1.22429 0 2.66667
161 1 0.34903 0.34903 0.34903 0 2.66667

54 20 99.1302 48.9487 109.321 104.692 2.8
172 18 81.1065 81.1065 99.624 95.1181 0.8
99 17 58.9313 58.9313 94.2265 90.76 2.8
101 17 67.4805 53.634 93.3615 89.9558 2.85714
117 15 49.3972 44.3389 83.9394 80.8529 2.85714
84 4 28.1433 28.1433 28.1433 21.1075 2.8
7 1 7.78017 7.78017 7.78017 0 2.66667
9 1 4.28827 4.28827 4.28827 0 2.66667
23 1 1.89157 1.89157 1.89157 0 2.66667
27 1 1.40461 1.40461 1.40461 0 2.66667
24 1 1.28578 1.28578 1.28578 0 2.66667
59 1 1.26466 1.26466 1.26466 0 2.66667
8 1 1.24379 1.24379 1.24379 0 2.66667
14 1 1.22429 1.22429 1.22429 0 2.66667
25 1 1.22429 1.22429 1.22429 0 2.66667
149 1 0.688047 0.688047 0.698938 0.0108914 2.66667

117 15 148.191 133.017 138.895 129.636 2.85714
54 19 64.2093 64.2093 110.299 106.919 0.8
172 16 49.5651 49.5651 93.4671 90.3692 0.8
99 15 47.665 47.665 89.631 86.4533 3.3
101 14 50.1505 39.86 80.512 77.2784 2.85714
84 4 28.1433 28.1433 28.1433 21.1075 2.8
7 1 7.78017 7.78017 7.78017 0 2.66667
9 1 4.28827 4.28827 4.28827 0 2.66667
23 1 1.89157 1.89157 1.89157 0 2.66667
27 1 1.40461 1.40461 1.40461 0 2.66667
149 1 1.37609 1.37609 1.37609 0 2.66667
24 1 1.28578 1.28578 1.28578 0 2.66667
59 1 1.26466 1.26466 1.26466 0 2.66667
8 1 1.24379 1.24379 1.24379 0 2.66667
14 1 1.22429 1.22429 1.22429 0 2.66667
25 1 1.22429 1.22429 1.22429 0 2.66667
174 1 0.0551203 0.0551203 0.0551203 0 3.35714
176 1 0.0532057 0.0532057 0.0532057 0 0.8
175 1 1e-08 1e-08 1e-08 0 0.857143

101 14 146.869 116.733 132.592 123.123 2.85714
54 24 47.5825 47.5825 117.606 115.624 0.8
99 19 72.4508 72.4508 91.9189 88.1057 2.8
117 18 45.211 43.3653 88.1546 85.734 2.88889
84 4 28.1433 28.1433 28.1433 21.1075 2.8
7 1 7.78017 7.78017 7.78017 0 2.66667
9 1 4.28827 4.28827 4.28827 0 2.66667
23 1 1.89157 1.89157 1.89157 0 2.66667
27 1 1.40461 1.40461 1.40461 0 2.66667
149 1 1.37609 1.37609 1.37609 0 2.66667
24 1 1.28578 1.28578 1.28578 0 2.66667
59 1 1.26466 1.26466 1.26466 0 2.66667
8 1 1.24379 1.24379 1.24379 0 2.66667
14 1 1.22429 1.22429 1.22429 0 2.66667
25 1 1.22429 1.22429 1.22429 0 2.66667
174 1 0.0551203 0.0551203 0.0551203 0 3.35714
172 1 1e-08 1e-08 1e-08 0 0.857143
177 1 1e-08 1e-08 1e-08 0 2.8
178 1 1e-08 1e-08 1e-08 0 2.8

117 19 148.191 10.557 135.853 128.712 2.85714
54 21 52.0434 52.0434 104.596 102.118 1.3
99 17 46.3031 46.3031 88.6279 85.9042 3.3
101 16 45.1906 42.4783 79.1655 76.4895 2.85714
180 1 30.4798 30.4798 30.4798 0 2.85714
84 4 28.1433 28.1433 28.1433 21.1075 2.8
7 1 7.78017 7.78017 7.78017 0 2.66667
9 1 4.28827 4.28827 4.28827 0 2.66667
179 1 4.24592 4.24592 4.24592 5e-09 2.88889
23 1 1.89157 1.89157 1.89157 0 2.66667
27 1 1.40461 1.40461 1.40461 0 2.66667
149 1 1.37609 1.37609 1.37609 0 2.66667
24 1 1.28578 1.28578 1.28578 0 2.66667
59 1 1.26466 1.26466 1.26466 0 2.66667
8 1 1.24379 1.24379 1.24379 0 2.66667
14 1 1.22429 1.22429 1.22429 0 2.66667
25 1 1.22429 1.22429 1.22429 0 2.66667
174 1 0.0551203 0.0551203 0.0551203 0 3.35714
172 1 1e-08 1e-08 1e-08 0 0.857143
178 1 1e-08 1e-08 1e-08 0 2.8

180 4 146.869 30.4798 117.772 89.2231 2.85714
101 21 126.05 22.4531 114.949 109.521 2.85714
54 19 56.5042 56.5042 105.441 102.467 0.8
99 14 48.5316 48.5316 80.9557 77.4892 2.8
117 14 37.0479 35.5354 76.9658 74.3967 2.85714
84 4 22.5147 22.5147 26.4627 20.8341 2.8
7 1 7.78017 7.78017 7.78017 0 2.66667
9 1 4.28827 4.28827 4.28827 0 2.66667
23 1 1.89157 1.89157 1.89157 0 2.66667
27 1 1.40461 1.40461 1.40461 0 2.66667
149 1 1.37609 1.37609 1.37609 0 2.66667
24 1 1.28578 1.28578 1.28578 0 2.66667
59 1 1.26466 1.26466 1.26466 0 2.66667
8 1 1.24379 1.24379 1.24379 0 2.66667
14 1 1.22429 1.22429 1.22429 0 2.66667
25 1 1.22429 1.22429 1.22429 0 2.66667
181 1 0.765253 0.765253 0.765253 0 3.35714
174 1 0.0551203 0.0551203 0.0551203 0 3.35714
172 1 1e-08 1e-08 1e-08 0 0.857143
178 1 1e-08 1e-08 1e-08 0 2.8
182 1 5e-09 5e-09 1e-08 5e-09 0.8
183 1 1e-08 1e-08 1e-08 0 2.85714
184 1 5e-09 5e-09 1e-08 5e-09 0.8
185 1 1e-08 1e-08 1e-08 0 2.85714
186 1 1e-08 1e-08 1e-08 0 2.85714

117 14 148.191 142.142 143.87 133.594 2.85714
54 21 61.2275 61.2275 99.9802 97.0646 0.8
99 17 57.198 57.198 84.4795 81.1149 3.3
180 15 30.1786 28.3673 73.8912 71.9357 2.85714
84 4 28.1433 28.1433 28.1433 21.1075 2.8
187 1 21.6462 21.6462 21.6462 0 2.85714
7 1 7.78017 7.78017 7.78017 0 2.66667
9 1 4.28827 4.28827 4.28827 0 2.66667
23 1 1.89157 1.89157 1.89157 0 2.66667
27 1 1.40461 1.40461 1.40461 0 2.66667
149 1 1.37609 1.37609 1.37609 0 2.66667
24 1 1.28578 1.28578 1.28578 0 2.66667
59 1 1.26466 1.26466 1.26466 0 2.66667
8 1 1.24379 1.24379 1.24379 0 2.66667
14 1 1.22429 1.22429 1.22429 0 2.66667
25 1 1.22429 1.22429 1.22429 0 2.66667
181 1 0.765253 0.765253 0.765253 0 3.35714
174 1 0.0551203 0.0551203 0.0551203 0 3.35714
172 1 1e-08 1e-08 1e-08 0 0.857143
178 1 1e-08 1e-08 1e-08 0 2.8
186 1 1e-08 1e-08 1e-08 0 2.85714
101 1 5e-09 5e-09 1e-08 5e-09 2.85714
188 1 1e-08 1e-08 1e-08 0 2.88889

180 22 146.869 1e-08 123.236 117.655 2.85714
54 21 62.452 62.452 100.288 97.314 3.3
117 21 63.5106 60.9179 97.4977 94.5263 2.85714
99 18 44.7637 44.7637 83.8719 81.385 3.3
84 4 28.1433 28.1433 28.1433 21.1075 2.8
7 1 7.78017 7.78017 7.78017 0 2.66667
9 1 4.28827 4.28827 4.28827 0 2.66667
23 1 1.89157 1.89157 1.89157 0 2.66667
27 1 1.40461 1.40461 1.40461 0 2.66667
149 1 1.37609 1.37609 1.37609 0 2.66667
24 1 1.28578 1.28578 1.28578 0 2.66667
59 1 1.26466 1.26466 1.26466 0 2.66667
8 1 1.24379 1.24379 1.24379 0 2.66667
14 1 1.22429 1.22429 1.22429 0 2.66667
25 1 1.22429 1.22429 1.22429 0 2.66667
190 1 0.275991 0.275991 0.275991 0 1.3
174 1 0.0551203 0.0551203 0.0551203 0 3.35714
187 1 1e-08 1e-08 1e-08 0 2.8
172 1 1e-08 1e-08 1e-08 0 0.857143
178 1 1e-08 1e-08 1e-08 0 2.8

99 23 105.244 105.244 105.892 101.316 3.3
54 23 68.3999 68.3999 104.554 101.58 1.3
180 20 63.8563 60.0236 93.0793 89.9056 2.85714
117 19 57.462 55.1162 87.3378 84.3265 2.85714
84 4 28.1433 28.1433 28.1433 21.1075 2.8
194 1 8.71799 8.71799 8.71799 5e-09 1.3
7 1 7.78017 7.78017 7.78017 0 2.66667
9 1 4.28827 4.28827 4.28827 0 2.66667
23 1 1.89157 1.89157 1.89157 0 2.66667
27 1 1.40461 1.40461 1.40461 0 2.66667
149 1 1.37609 1.37609 1.37609 0 2.66667
24 1 1.28578 1.28578 1.28578 0 2.66667
59 1 1.26466 1.26466 1.26466 0 2.66667
8 1 1.24379 1.24379 1.24379 0 2.66667
14 1 1.22429 1.22429 1.22429 0 2.66667
25 1 1.22429 1.22429 1.22429 0 2.66667
190 1 0.137995 0.137995 0.137995 5e-09 1.3

117 23 117.531 117.531 132.634 127.524 2.85714
54 22 81.7824 81.7824 125.558 121.84 0.8
180 19 68.0614 68.0614 110.784 107.202 2.85714
99 16 35.1988 35.1988 92.6296 90.4297 2.8
194 9 102.943 3.22984 52.4622 46.9094 1.3
84 4 28.1433 28.1433 28.1433 21.1075 2.8
7 1 7.78017 7.78017 7.78017 0 2.66667
9 1 4.28827 4.28827 4.28827 0 2.66667
197 1 1.9141 1.9141 2.01684 0.102739 2.85714
23 1 1.89157 1.89157 1.89157 0 2.66667
27 1 1.40461 1.40461 1.40461 0 2.66667
149 1 1.37609 1.37609 1.37609 0 2.66667
24 1 1.28578 1.28578 1.28578 0 2.66667
59 1 1.26466 1.26466 1.26466 0 2.66667

180 24 65.2753 65.2753 112.041 109.321 2.85714
117 22 70.8742 70.8742 103.916 100.695 2.85714
54 22 51.9254 51.9254 103.688 101.328 1.3
99 21 109.196 0.410339 98.8587 94.1634 2.8
84 4 28.1433 28.1433 28.1433 21.1075 2.8
7 1 7.78017 7.78017 7.78017 0 2.66667
9 1 4.28827 4.28827 4.28827 0 2.66667
23 1 1.89157 1.89157 1.89157 0 2.66667
27 1 1.40461 1.40461 1.40461 0 2.66667
149 1 1.37609 1.37609 1.37609 0 2.66667
24 1 1.28578 1.28578 1.28578 0 2.66667
59 1 1.26466 1.26466 1.26466 0 2.66667
197 1 3.33333e-09 3.33333e-09 1e-08 6.66667e-09 2.85714

54 25 68.8404 68.8404 122.242 119.489 0.8
180 23 63.7358 63.7358 110.054 107.283 2.85714
99 21 96.0926 96.0926 100.723 96.1474 3.3
117 20 54.8857 54.8857 97.7143 94.97 2.85714
84 4 28.1433 28.1433 28.1433 21.1075 2.8
7 1 7.78017 7.78017 7.78017 0 2.66667
9 1 4.28827 4.28827 4.28827 0 2.66667
23 1 1.89157 1.89157 1.89157 0 2.66667
27 1 1.40461 1.40461 1.40461 0 2.66667
24 1 1.28578 1.28578 1.28578 0 2.66667
59 1 1.26466 1.26466 1.26466 0 2.66667
149 1 0.688047 0.688047 0.688047 5e-09 3.3
202 1 1e-08 1e-08 1e-08 0 2.88889

117 20 148.191 148.191 148.191 140.782 2.85714
54 20 47.9662 47.9662 112.82 110.422 1.3
180 17 44.5854 44.5854 97.0896 94.4669 2.85714
99 15 37.303 37.303 83.8989 81.4121 2.8
205 2 114.396 1e-08 57.198 40.4451 3.3
84 4 28.1433 28.1433 28.1433 21.1075 2.8
7 1 7.78017 7.78017 7.78017 0 2.66667
9 1 4.28827 4.28827 4.28827 0 2.66667
23 1 1.89157 1.89157 1.89157 0 2.66667
27 1 1.40461 1.40461 1.40461 0 2.66667
149 1 1.37609 1.37609 1.37609 0 2.66667
24 1 1.28578 1.28578 1.28578 0 2.66667
59 1 1.26466 1.26466 1.26466 0 2.66667
206 1 0.33156 0.33156 0.33156 0 1.35714
202 1 1e-08 1e-08 1e-08 0 2.88889
207 1 1e-08 1e-08 1e-08 0 3.3
208 1 1e-08 1e-08 1e-08 0 1.3

99 24 109.82 9.6e-09 100.673 96.4869 3.3
180 23 71.8723 71.8723 94.9891 91.8642 2.85714
54 21 67.8827 67.8827 87.8518 84.6193 1.3
117 18 45.211 45.211 76.5682 74.0565 2.85714
84 4 28.1433 28.1433 28.1433 21.1075 2.8
7 1 7.78017 7.78017 7.78017 0 2.66667
9 1 4.28827 4.28827 4.28827 0 2.66667
23 1 1.89157 1.89157 1.89157 0 2.66667
27 1 1.40461 1.40461 1.40461 0 2.66667
149 1 1.37609 1.37609 1.37609 0 2.66667
24 1 1.28578 1.28578 1.28578 0 2.66667
59 1 1.26466 1.26466 1.26466 0 2.66667
202 1 1e-08 1e-08 1e-08 0 2.88889

54 26 84.0452 84.0452 117.59 114.357 1.3
117 24 104.606 104.606 109.204 104.846 2.85714
180 21 57.1159 57.1159 98.6395 95.9197 2.85714
99 16 38.132 38.132 75.5405 73.1572 3.3
84 4 28.1433 28.1433 28.1433 21.1075 2.8
7 1 7.78017 7.78017 7.78017 0 2.66667
9 1 4.28827 4.28827 4.28827 0 2.66667
23 1 1.89157 1.89157 1.89157 0 2.66667
27 1 1.40461 1.40461 1.40461 0 2.66667
149 1 1.37609 1.37609 1.37609 0 2.66667
24 1 1.28578 1.28578 1.28578 0 2.66667
59 1 1.26466 1.26466 1.26466 0 2.66667
202 1 1e-08 1e-08 1e-08 0 2.88889
209 1 1e-08 1e-08 1e-08 0 1.35714
210 1 1e-08 1e-08 1e-08 0 1.8

180 21 146.869 146.869 146.869 139.876 2.85714
99 16 114.396 114.396 114.396 107.246 2.8
117 18 38.1064 38.1064 98.5914 96.4743 2.85714
54 17 33.7043 33.7043 93.5972 91.6146 1.3
213 4 72.4243 1e-08 42.959 33.1366 0.857143
84 4 28.1433 28.1433 28.1433 21.1075 2.8
7 1 7.78017 7.78017 7.78017 0 2.66667
9 1 4.28827 4.28827 4.28827 0 2.66667
23 1 1.89157 1.89157 1.89157 0 2.66667
27 1 1.40461 1.40461 1.40461 0 2.66667
149 1 1.37609 1.37609 1.37609 0 2.66667
24 1 1.28578 1.28578 1.28578 0 2.66667
59 1 1.26466 1.26466 1.26466 0 2.66667
214 1 0.0564978 0.0564978 0.0564978 0 1.3
202 1 1e-08 1e-08 1e-08 0 2.88889
209 1 1e-08 1e-08 1e-08 0 1.35714
215 1 1e-08 1e-08 1e-08 0 1.35714

117 18 148.191 148.191 148.191 139.959 2.85714
54 22 148.695 1e-08 122.712 117.156 1.3
180 20 37.1821 37.1821 102.445 100.585 2.85714
99 15 29.5852 29.5852 76.834 74.8617 3.3
84 4 28.1433 28.1433 28.1433 21.1075 2.8
7 1 7.78017 7.78017 7.78017 0 2.66667
9 1 4.28827 4.28827 4.28827 0 2.66667
23 1 1.89157 1.89157 1.89157 0 2.66667
27 1 1.40461 1.40461 1.40461 0 2.66667
149 1 1.37609 1.37609 1.37609 0 2.66667
24 1 1.28578 1.28578 1.28578 0 2.66667
59 1 1.26466 1.26466 1.26466 0 2.66667
214 1 0.0564978 0.0564978 0.0564978 0 1.3
202 1 1e-08 1e-08 1e-08 0 2.88889
209 1 1e-08 1e-08 1e-08 0 1.35714

180 20 146.869 146.869 146.869 139.526 2.85714
99 15 114.396 114.396 114.396 106.77 3.3
54 15 33.7944 33.7944 87.3482 85.0952 0.8
117 15 32.2155 32.2155 86.2048 84.0571 2.85714
217 1 65.5822 65.5822 65.5822 0 1.3
84 4 28.1433 28.1433 28.1433 21.1075 2.8
7 1 7.78017 7.78017 7.78017 0 2.66667
9 1 4.28827 4.28827 4.28827 0 2.66667
23 1 1.89157 1.89157 1.89157 0 2.66667
27 1 1.40461 1.40461 1.40461 0 2.66667
149 1 1.37609 1.37609 1.37609 0 2.66667
24 1 1.28578 1.28578 1.28578 0 2.66667
59 1 1.26466 1.26466 1.26466 0 2.66667
202 1 1e-08 1e-08 1e-08 0 2.88889
209 1 1e-08 1e-08 1e-08 0 1.35714
216 1 1e-08 1e-08 1e-08 0 1.3
218 1 5e-09 5e-09 1e-08 5e-09 1.85714
219 1 1e-08 1e-08 1e-08 0 1.85714
220 1 1e-08 1e-08 1e-08 0 1.35714

117 15 148.191 148.191 148.191 138.312 3.35714
54 17 148.695 1e-08 135.06 127.136 0.8
180 17 35.6683 35.6683 87.1389 85.0408 2.85714
99 16 28.599 28.599 83.1973 81.4099 3.3
84 4 28.1433 28.1433 28.1433 21.1075 2.8
7 1 7.78017 7.78017 7.78017 0 2.66667
9 1 4.28827 4.28827 4.28827 0 2.66667
23 1 1.89157 1.89157 1.89157 0 2.66667
27 1 1.40461 1.40461 1.40461 0 2.66667
149 1 1.37609 1.37609 1.37609 0 2.66667
24 1 1.28578 1.28578 1.28578 0 2.66667
59 1 1.26466 1.26466 1.26466 0 2.66667
202 1 1e-08 1e-08 1e-08 0 2.88889
209 1 1e-08 1e-08 1e-08 0 1.35714
216 1 1e-08 1e-08 1e-08 0 1.3
218 1 1e-08 1e-08 1e-08 0 1.85714
219 1 1e-08 1e-08 1e-08 0 1.85714
221 1 1e-08 1e-08 1e-08 0 2.8

180 17 146.869 146.869 146.869 138.23 2.85714
99 17 114.396 1e-08 107.667 101.346 2.8
117 17 41.2993 41.2993 91.5026 89.0733 2.85714
54 16 37.7639 37.7639 86.6085 84.2483 1.3
222 3 65.5822 2.4791 44.5478 31.3101 1.3
84 4 28.1433 28.1433 28.1433 21.1075 2.8
7 1 7.78017 7.78017 7.78017 0 2.66667
9 1 4.28827 4.28827 4.28827 0 2.66667
23 1 1.89157 1.89157 1.89157 0 2.66667
27 1 1.40461 1.40461 1.40461 0 2.66667
149 1 1.37609 1.37609 1.37609 0 2.66667
24 1 1.28578 1.28578 1.28578 0 2.66667
59 1 1.26466 1.26466 1.26466 0 2.66667
202 1 1e-08 1e-08 1e-08 0 2.88889
209 1 1e-08 1e-08 1e-08 0 1.35714
216 1 5e-09 5e-09 1e-08 5e-09 1.35714
218 1 1e-08 1e-08 1e-08 0 1.85714
219 1 1e-08 1e-08 1e-08 0 1.8
223 1 3.33333e-09 3.33333e-09 1e-08 6.66667e-09 1.35714
224 1 1e-08 1e-08 1e-08 0 3.3

117 17 148.191 148.191 148.191 139.474 2.85714
54 18 148.695 1e-08 132.311 124.987 1.3
180 16 33.5702 33.5702 92.8721 90.774 2.85714
222 2 65.5822 65.5822 65.5822 32.7911 1.3
99 11 21.3281 21.3281 65.3033 63.3644 2.8
84 4 28.1433 28.1433 28.1433 21.1075 2.8
7 1 7.78017 7.78017 7.78017 0 2.66667
9 1 4.28827 4.28827 4.28827 0 2.66667
23 1 1.89157 1.89157 1.89157 0 2.66667
27 1 1.40461 1.40461 1.40461 0 2.66667
149 1 1.37609 1.37609 1.37609 0 2.66667
24 1 1.28578 1.28578 1.28578 0 2.66667
59 1 1.26466 1.26466 1.26466 0 2.66667
202 1 1e-08 1e-08 1e-08 0 2.88889
209 1 1e-08 1e-08 1e-08 0 1.35714
219 1 1e-08 1e-08 1e-08 0 1.8
223 1 1e-08 1e-08 1e-08 0 1.35714
224 1 1e-08 1e-08 1e-08 0 3.3
225 1 3.33333e-09 3.33333e-09 1e-08 6.66667e-09 2.8
226 1 1e-08 1e-08 1e-08 0 1.3
227 1 1e-08 1e-08 1e-08 0 2.8
228 1 1e-08 1e-08 1e-08 0 2.8

180 16 146.869 146.869 146.869 137.69 2.85714
99 11 114.396 114.396 114.396 103.996 2.8
54 17 38.3003 38.3003 94.0837 91.8308 1.35714
117 16 37.0479 37.0479 91.5099 89.1944 2.88889
222 3 65.5822 0.0477956 43.7374 30.9232 1.3
84 4 28.1433 28.1433 28.1433 21.1075 2.8
7 1 7.78017 7.78017 7.78017 0 2.66667
9 1 4.28827 4.28827 4.28827 0 2.66667
23 1 1.89157 1.89157 1.89157 0 2.66667
27 1 1.40461 1.40461 1.40461 0 2.66667
149 1 1.37609 1.37609 1.37609 0 2.66667
24 1 1.28578 1.28578 1.28578 0 2.66667
59 1 1.26466 1.26466 1.26466 0 2.66667
232 1 0.269699 0.269699 0.269699 0 3.3
209 1 1e-08 1e-08 1e-08 0 1.35714
219 1 1e-08 1e-08 1e-08 0 1.8
223 1 1e-08 1e-08 1e-08 0 1.35714
224 1 1e-08 1e-08 1e-08 0 3.3
225 1 1e-08 1e-08 1e-08 0 2.8
226 1 1e-08 1e-08 1e-08 0 1.3
227 1 1e-08 1e-08 1e-08 0 2.8
228 1 1e-08 1e-08 1e-08 0 2.8
229 1 1e-08 1e-08 1e-08 0 1.8
230 1 1e-08 1e-08 1e-08 0 1.85714
231 1 1e-08 1e-08 1e-08 0 0.888889
202 1 1e-08 1e-08 1e-08 0 2.88889

54 17 148.695 148.695 148.695 139.949 1.3
117 12 148.191 148.191 148.191 135.842 2.85714
233 4 148.191 148.191 148.191 111.144 2.85714
180 12 27.538 27.538 85.1832 82.8883 2.85714
99 10 18.7534 18.7534 73.5142 71.6389 2.8
222 3 65.5822 0.0477956 43.7374 30.9232 1.3
84 3 16.886 16.886 26.4556 20.8269 2.8
7 1 7.78017 7.78017 7.78017 0 2.66667
9 1 4.28827 4.28827 4.28827 0 2.66667
23 1 1.89157 1.89157 1.89157 0 2.66667
27 1 1.40461 1.40461 1.40461 0 2.66667
149 1 1.37609 1.37609 1.37609 0 2.66667
24 1 1.28578 1.28578 1.28578 0 2.66667
59 1 1.26466 1.26466 1.26466 0 2.66667
232 1 0.269699 0.269699 0.269699 0 3.3
235 1 1e-08 1e-08 1e-08 0 2.8
234 1 1e-08 1e-08 1e-08 0 2.8
202 1 1e-08 1e-08 1e-08 0 2.88889
231 1 1e-08 1e-08 1e-08 0 0.888889
230 1 1e-08 1e-08 1e-08 0 1.85714
229 1 1e-08 1e-08 1e-08 0 1.8
227 1 1e-08 1e-08 1e-08 0 2.8
226 1 1e-08 1e-08 1e-08 0 1.3
225 1 1e-08 1e-08 1e-08 0 2.8
224 1 1e-08 1e-08 1e-08 0 3.3
223 1 1e-08 1e-08 1e-08 0 1.35714
219 1 1e-08 1e-08 1e-08 0 1.8
209 1 1e-08 1e-08 1e-08 0 1.35714

180 12 146.869 146.869 146.869 134.63 2.85714
99 10 114.396 114.396 114.396 102.956 3.3
54 14 33.0434 33.0434 83.0884 80.7281 3.35714
117 12 26.9439 26.9439 73.2775 71.0321 2.85714
236 2 65.5822 65.5822 65.5822 32.7911 1.3
226 2 104.683 1e-08 52.3416 37.0111 1.3
237 3 28.1433 28.1433 28.1433 18.7622 2.8
7 1 7.78017 7.78017 7.78017 0 2.66667
9 1 4.28827 4.28827 4.28827 0 2.66667
23 1 1.89157 1.89157 1.89157 0 2.66667
27 1 1.40461 1.40461 1.40461 0 2.66667
149 1 1.37609 1.37609 1.37609 0 2.66667
24 1 1.28578 1.28578 1.28578 0 2.66667
59 1 1.26466 1.26466 1.26466 0 2.66667
232 1 0.269699 0.269699 0.269699 0 3.3
222 1 0.0477956 0.0477956 0.0477956 0 1.3
239 1 1e-08 1e-08 1e-08 0 3.3
238 1 1e-08 1e-08 1e-08 0 3.3
209 1 1e-08 1e-08 1e-08 0 1.35714
219 1 1e-08 1e-08 1e-08 0 1.8
223 1 1e-08 1e-08 1e-08 0 1.35714
224 1 1e-08 1e-08 1e-08 0 3.3
225 1 1e-08 1e-08 1e-08 0 2.8
227 1 1e-08 1e-08 1e-08 0 2.8
229 1 5e-09 5e-09 1e-08 5e-09 1.8
230 1 1e-08 1e-08 1e-08 0 1.85714
231 1 1e-08 1e-08 1e-08 0 0.888889
202 1 1e-08 1e-08 1e-08 0 2.88889
234 1 1e-08 1e-08 1e-08 0 2.8
235 1 1e-08 1e-08 1e-08 0 2.8

117 12 148.191 148.191 148.191 135.842 2.85714
54 10 148.695 1e-08 133.826 120.526 1.3
236 8 148.695 0.0477956 109.336 95.9089 1.3
99 12 22.1412 22.1412 82.9146 81.0695 3.8
180 9 23.1899 23.1899 65.6029 63.0263 0.857143
226 2 104.683 1e-08 52.3416 37.0111 1.3
237 3 28.1433 28.1433 28.1433 18.7622 2.8
241 1 19.5292 19.5292 19.5292 0 3.35714
7 1 7.78017 7.78017 7.78017 0 2.66667
9 1 4.28827 4.28827 4.28827 0 2.66667
23 1 1.89157 1.89157 1.89157 0 2.66667
27 1 1.40461 1.40461 1.40461 0 2.66667
149 1 1.37609 1.37609 1.37609 0 2.66667
24 1 1.28578 1.28578 1.28578 0 2.66667
59 1 1.26466 1.26466 1.26466 0 2.66667
232 1 0.269699 0.269699 0.269699 0 3.3
243 1 1e-08 1e-08 1e-08 0 2.8
242 1 1e-08 1e-08 1e-08 0 2.8
240 1 1e-08 1e-08 1e-08 0 1.3
235 1 1e-08 1e-08 1e-08 0 2.8
234 1 1e-08 1e-08 1e-08 0 2.8
202 1 1e-08 1e-08 1e-08 0 2.88889
231 1 1e-08 1e-08 1e-08 0 0.888889
230 1 1e-08 1e-08 1e-08 0 1.85714
229 1 1e-08 1e-08 1e-08 0 1.8
227 1 1e-08 1e-08 1e-08 0 2.8
225 1 1e-08 1e-08 1e-08 0 2.8
223 1 1e-08 1e-08 1e-08 0 1.35714
219 1 1e-08 1e-08 1e-08 0 1.8
238 1 1e-08 1e-08 1e-08 0 3.3
239 1 1e-08 1e-08 1e-08 0 3.3

180 9 146.869 146.869 146.869 130.551 2.85714
54 18 41.1772 41.1772 98.0623 95.7747 1.3
99 14 114.396 1e-08 98.0537 91.0948 2.8
117 15 35.2837 35.2837 84.5562 82.204 2.85714
236 3 65.5822 0.0477956 43.7374 30.9232 1.3
237 3 28.1433 28.1433 28.1433 18.7622 2.8
241 1 19.5292 19.5292 19.5292 0 3.35714
7 1 7.78017 7.78017 7.78017 0 2.66667
9 1 4.28827 4.28827 4.28827 0 2.66667
23 1 1.89157 1.89157 1.89157 0 2.66667
27 1 1.40461 1.40461 1.40461 0 2.66667
149 1 1.37609 1.37609 1.37609 0 2.66667
24 1 1.28578 1.28578 1.28578 0 2.66667
59 1 1.26466 1.26466 1.26466 0 2.66667
232 1 0.269699 0.269699 0.269699 0 3.3
226 1 1e-08 1e-08 1e-08 0 1.35714
243 1 1e-08 1e-08 1e-08 0 2.8
242 1 1e-08 1e-08 1e-08 0 2.8
240 1 1e-08 1e-08 1e-08 0 1.3
234 1 1e-08 1e-08 1e-08 0 2.8
231 1 1e-08 1e-08 1e-08 0 0.888889
230 1 1e-08 1e-08 1e-08 0 1.85714
227 1 1e-08 1e-08 1e-08 0 2.8
223 1 1e-08 1e-08 1e-08 0 1.35714
238 1 1e-08 1e-08 1e-08 0 3.3
239 1 1e-08 1e-08 1e-08 0 3.3
244 1 3.33333e-09 3.33333e-09 1e-08 6.66667e-09 2.85714

117 15 148.191 148.191 148.191 138.312 2.85714
54 20 42.4844 42.4844 99.9688 97.8446 1.3
99 16 114.396 1e-08 85.797 80.4943 2.8
180 16 41.9627 41.9627 79.3373 76.7146 2.85714
237 3 28.1433 28.1433 28.1433 18.7622 2.8
241 1 19.5292 19.5292 19.5292 0 3.35714
7 1 7.78017 7.78017 7.78017 0 2.66667
9 1 4.28827 4.28827 4.28827 0 2.66667
23 1 1.89157 1.89157 1.89157 0 2.66667
27 1 1.40461 1.40461 1.40461 0 2.66667
149 1 1.37609 1.37609 1.37609 0 2.66667
24 1 1.28578 1.28578 1.28578 0 2.66667
59 1 1.26466 1.26466 1.26466 0 2.66667
232 1 0.134849 0.134849 0.13485 5e-09 3.3
223 1 0.09571 0.09571 0.09571 0 1.3
246 1 0.00141746 0.00141746 0.00141746 0 1.3
236 1 1e-08 1e-08 1e-08 0 1.3
226 1 1e-08 1e-08 1e-08 0 1.35714
240 1 1e-08 1e-08 1e-08 0 1.3
234 1 1e-08 1e-08 1e-08 0 2.8
231 1 1e-08 1e-08 1e-08 0 0.888889
230 1 1e-08 1e-08 1e-08 0 1.85714
227 1 1e-08 1e-08 1e-08 0 2.8
238 1 1e-08 1e-08 1e-08 0 3.3
239 1 1e-08 1e-08 1e-08 0 3.3
244 1 1e-08 1e-08 1e-08 0 3.3
245 1 1e-08 1e-08 1e-08 0 1.85714

180 16 146.869 146.869 146.869 137.69 2.85714
54 17 37.1738 37.1738 103.23 101.044 1.35714
99 14 114.396 1e-08 98.0537 91.0948 2.8
117 15 45.3647 45.3647 90.8679 87.8436 2.85714
247 12 136.792 9.23077e-09 73.1133 67.2322 2.85714
237 3 28.1433 28.1433 28.1433 18.7622 2.8
241 1 19.5292 19.5292 19.5292 0 3.35714
7 1 7.78017 7.78017 7.78017 0 2.66667
9 1 4.28827 4.28827 4.28827 0 2.66667
23 1 1.89157 1.89157 1.89157 0 2.66667
232 1 1.68682 1.68682 1.82167 0.134849 1.35714
27 1 1.40461 1.40461 1.40461 0 2.66667
149 1 1.37609 1.37609 1.37609 0 2.66667
24 1 1.28578 1.28578 1.28578 0 2.66667
59 1 1.26466 1.26466 1.26466 0 2.66667
252 1 0.0749257 0.0749257 0.0749257 0 0.8
223 1 0.0431517 0.0431517 0.0431517 5e-09 0.8
236 1 0.00720695 0.00720695 0.00720695 6.66667e-09 1.3
246 1 0.00141746 0.00141746 0.00141746 0 1.3
226 1 1e-08 1e-08 1e-08 0 1.35714
240 1 1e-08 1e-08 1e-08 0 0.8
234 1 1e-08 1e-08 1e-08 0 2.8
231 1 1e-08 1e-08 1e-08 0 0.888889
230 1 1e-08 1e-08 1e-08 0 1.85714
227 1 1e-08 1e-08 1e-08 0 2.8
239 1 1e-08 1e-08 1e-08 0 3.3
245 1 1e-08 1e-08 1e-08 0 1.85714
248 1 1e-08 1e-08 1e-08 0 2.8
249 1 1e-08 1e-08 1e-08 0 2.8
250 1 1e-08 1e-08 1e-08 0 1.3

117 23 126.237 17.1 117.531 112.456 2.85714
99 14 114.396 1e-08 98.0537 91.0948 3.3
180 17 40.9308 40.9308 91.3331 88.9254 2.85714
54 17 36.1117 36.1117 89.0528 86.9286 1.3
237 3 28.1433 28.1433 28.1433 18.7622 2.8
253 1 24.7118 24.7118 24.7118 0 0.888889
241 1 19.5292 19.5292 19.5292 0 3.35714
232 1 10.5022 10.5022 10.5022 0 0.857143
255 1 8.73761 8.73761 8.73761 0 1.3
7 1 7.78017 7.78017 7.78017 0 2.66667
9 1 4.28827 4.28827 4.28827 0 2.66667
23 1 1.89157 1.89157 1.89157 0 2.66667
27 1 1.40461 1.40461 1.40461 0 2.66667
149 1 1.37609 1.37609 1.37609 0 2.66667
24 1 1.28578 1.28578 1.28578 0 2.66667
59 1 1.26466 1.26466 1.26466 0 2.66667
254 1 0.536178 0.536178 0.536178 0 1.35714
252 1 0.0749257 0.0749257 0.0749257 0 0.8
246 1 0.00141746 0.00141746 0.00141746 0 1.3
223 1 3.33333e-09 3.33333e-09 1e-08 6.66667e-09 1.3
226 1 1e-08 1e-08 1e-08 0 1.35714
234 1 1e-08 1e-08 1e-08 0 2.8
231 1 1e-08 1e-08 1e-08 0 0.888889
230 1 1e-08 1e-08 1e-08 0 1.85714
227 1 1e-08 1e-08 1e-08 0 2.8
239 1 1e-08 1e-08 1e-08 0 3.3
245 1 1e-08 1e-08 1e-08 0 1.85714
248 1 1e-08 1e-08 1e-08 0 2.8
249 1 1e-08 1e-08 1e-08 0 2.8

180 18 146.869 24.7118 140.083 132.31 2.85714
54 15 148.695 0.00141746 129.57 120.975 1.3
255 5 148.695 8.73761 120.704 97.21 0.8
117 14 30.0678 30.0678 83.6842 81.5365 2.88889
99 8 14.0795 14.0795 52.7872 51.0272 2.8
237 3 28.1433 28.1433 28.1433 18.7622 2.8
241 1 19.5292 19.5292 19.5292 0 3.35714
7 1 7.78017 7.78017 7.78017 0 2.66667
9 1 4.28827 4.28827 4.28827 0 2.66667
23 1 1.89157 1.89157 1.89157 0 2.66667
27 1 1.40461 1.40461 1.40461 0 2.66667
149 1 1.37609 1.37609 1.37609 0 2.66667
24 1 1.28578 1.28578 1.28578 0 2.66667
59 1 1.26466 1.26466 1.26466 0 2.66667
254 1 0.536178 0.536178 0.536178 0 1.35714
252 1 0.0749257 0.0749257 0.0749257 0 0.8
226 1 1e-08 1e-08 1e-08 0 1.35714
231 1 1e-08 1e-08 1e-08 0 0.888889
230 1 1e-08 1e-08 1e-08 0 1.85714
227 1 1e-08 1e-08 1e-08 0 2.8
239 1 1e-08 1e-08 1e-08 0 3.3
245 1 1e-08 1e-08 1e-08 0 1.85714
248 1 1e-08 1e-08 1e-08 0 2.8
249 1 1e-08 1e-08 1e-08 0 2.8
256 1 1e-08 1e-08 1e-08 0 0.8
257 1 1e-08 1e-08 1e-08 0 0.8
258 1 3.33333e-09 3.33333e-09 1e-08 6.66667e-09 3.3

117 14 148.191 148.191 148.191 137.606 2.85714
54 18 43.8773 43.8773 91.5347 89.0971 0.8
99 10 114.396 1e-08 91.5168 82.4921 3.3
180 15 31.9281 31.9281 74.2777 72.1491 2.85714
237 3 28.1433 28.1433 28.1433 18.7622 2.8
241 1 19.5292 19.5292 19.5292 0 3.35714
255 1 9.04414 9.04414 9.04414 0 0.857143
259 1 5.49006 5.49006 8.21897 2.72891 1.3
7 1 7.78017 7.78017 7.78017 0 2.66667
9 1 4.28827 4.28827 4.28827 0 2.66667
23 1 1.89157 1.89157 1.89157 0 2.66667
27 1 1.40461 1.40461 1.40461 0 2.66667
149 1 1.37609 1.37609 1.37609 0 2.66667
24 1 1.28578 1.28578 1.28578 0 2.66667
59 1 1.26466 1.26466 1.26466 0 2.66667
252 1 0.0749257 0.0749257 0.0749257 0 0.8
262 1 0.000708732 0.000708732 0.000708737 5e-09 1.3
226 1 1e-08 1e-08 1e-08 0 1.35714
231 1 1e-08 1e-08 1e-08 0 0.888889
230 1 1e-08 1e-08 1e-08 0 1.85714
227 1 1e-08 1e-08 1e-08 0 2.8
245 1 1e-08 1e-08 1e-08 0 1.85714
256 1 5e-09 5e-09 1e-08 5e-09 1.3
257 1 1e-08 1e-08 1e-08 0 0.8
258 1 1e-08 1e-08 1e-08 0 0.8
260 1 1e-08 1e-08 1e-08 0 2.88889
261 1 1e-08 1e-08 1e-08 0 2.88889

180 16 146.869 1e-08 137.69 129.104 2.85714
264 1 117.563 117.563 117.563 0 0.888889
54 16 43.2568 43.2568 112.035 109.331 1.3
99 9 114.396 1e-08 101.685 90.4752 3.3
117 11 23.2872 23.2872 78.6853 76.5683 3.35714
255 2 72.4243 8.73761 40.581 25.7915 1.3
259 3 104.683 0.00141746 34.9099 28.4975 1.3
237 3 28.1433 28.1433 28.1433 18.7622 2.8
241 1 19.5292 19.5292 19.5292 0 3.35714
7 1 7.78017 7.78017 7.78017 0 2.66667
9 1 4.28827 4.28827 4.28827 0 2.66667
23 1 1.89157 1.89157 1.89157 0 2.66667
27 1 1.40461 1.40461 1.40461 0 2.66667
149 1 0.688047 0.688047 1.32067 0.632622 2.66667
24 1 1.28578 1.28578 1.28578 0 2.66667
59 1 1.26466 1.26466 1.26466 0 2.66667
252 1 0.0749257 0.0749257 0.0749257 0 0.8
226 1 1e-08 1e-08 1e-08 0 1.35714
230 1 1e-08 1e-08 1e-08 0 1.85714
227 1 1e-08 1e-08 1e-08 0 2.8
245 1 1e-08 1e-08 1e-08 0 1.85714
256 1 5e-09 5e-09 1e-08 5e-09 0.8
257 1 1e-08 1e-08 1e-08 0 0.8
258 1 1e-08 1e-08 1e-08 0 0.8
261 1 1e-08 1e-08 1e-08 0 2.88889
263 1 1e-08 1e-08 1e-08 0 2.8
265 1 1e-08 1e-08 1e-08 0 3.3
266 1 1e-08 1e-08 1e-08 0 1.35714
267 1 1e-08 1e-08 1e-08 0 1.3

